# Time-averaged data for fix 2
# TimeStep v_Temperature v_PotentialEnergy v_Pressure
1000 1.09072 -0.00448578 0.00107994
2000 1.08277 -0.00466073 0.00106801
3000 1.09183 -0.00534561 0.00107732
4000 1.10936 -0.00444449 0.00109617
5000 1.09772 -0.00267707 0.00108422
6000 1.1147 -0.00177661 0.00110076
7000 1.09148 -0.0051574 0.00107638
8000 1.09876 -0.00426628 0.00108799
9000 1.10472 -0.00348042 0.00109233
10000 1.10799 -0.00405885 0.00109672
11000 1.12264 -0.00894847 0.00110485
12000 1.10537 -0.0110109 0.00108853
13000 1.10558 -0.00957431 0.00109626
14000 1.08704 -0.00880806 0.00107801
15000 1.10935 -0.00864491 0.00109227
16000 1.13203 -0.0141083 0.00111349
17000 1.06583 -0.0160203 0.0010417
18000 1.1238 -0.0152782 0.00110719
19000 1.10552 -0.0144197 0.00108913
20000 1.12285 -0.0158709 0.00110303
21000 1.0639 -0.015322 0.00104998
22000 1.13533 -0.0117197 0.00112332
23000 1.07339 -0.0130101 0.00106295
24000 1.08583 -0.0147981 0.00107553
25000 1.08041 -0.0145772 0.00106781
26000 1.10522 -0.0134756 0.00109317
27000 1.12704 -0.0140509 0.001114
28000 1.0948 -0.0156426 0.0010857
29000 1.06141 -0.0139697 0.00105133
30000 1.08466 -0.0124573 0.00107121
31000 1.09832 -0.0144305 0.00108408
32000 1.07343 -0.0133798 0.0010589
33000 1.11628 -0.0148811 0.00109153
34000 1.11175 -0.0219778 0.00108851
35000 1.1132 -0.0189833 0.00108805
36000 1.11906 -0.0146447 0.00110196
37000 1.10204 -0.0105691 0.00108531
38000 1.09599 -0.0153493 0.00108296
39000 1.09412 -0.0152775 0.0010755
40000 1.10184 -0.0135499 0.0010879
41000 1.1066 -0.0104639 0.00109231
42000 1.07608 -0.00980717 0.00106038
43000 1.12751 -0.0137818 0.00111903
44000 1.0826 -0.0171656 0.00105863
45000 1.10521 -0.0133751 0.00108393
46000 1.11273 -0.0192323 0.00108913
47000 1.11969 -0.0172154 0.00109721
48000 1.11667 -0.017156 0.00109483
49000 1.09073 -0.0183503 0.00106792
50000 1.10661 -0.0194733 0.00108492
51000 1.11493 -0.0187253 0.00109148
52000 1.09067 -0.0196699 0.00106861
53000 1.09912 -0.0184813 0.00107359
54000 1.1096 -0.00931248 0.00109331
55000 1.08159 -0.0182421 0.00105694
56000 1.11048 -0.0157029 0.00108981
57000 1.10659 -0.0198011 0.00108412
58000 1.08756 -0.016126 0.00106698
59000 1.10105 -0.0135421 0.00108193
60000 1.10692 -0.00939736 0.0010891
61000 1.14108 -0.0114893 0.00112302
62000 1.12763 -0.0101147 0.00111032
63000 1.09396 -0.00821248 0.00107899
64000 1.12283 -0.00840387 0.00111131
65000 1.11255 -0.00559185 0.00109961
66000 1.11096 -0.00213124 0.00109747
67000 1.06605 -0.00503722 0.00105814
68000 1.07291 -0.00750674 0.00106359
69000 1.10053 -0.00300589 0.00108934
70000 1.1087 -0.0048298 0.00109833
71000 1.13625 -0.00318027 0.00112593
72000 1.06397 -0.00845615 0.00104875
73000 1.11519 -0.00707344 0.0010994
74000 1.07974 -0.0052325 0.00106246
75000 1.10247 -0.00772122 0.00108888
76000 1.12255 -0.00167946 0.0011137
77000 1.08056 -0.00380391 0.00106763
78000 1.08664 -0.00561275 0.00107355
79000 1.10727 -0.00458521 0.00109301
80000 1.08905 -0.00304893 0.00107725
81000 1.07824 -0.00511811 0.00106648
82000 1.07473 -0.00420613 0.0010632
83000 1.07141 -0.0045412 0.00105814
84000 1.09703 -0.00154785 0.00108776
85000 1.11064 -0.00772521 0.00109233
86000 1.1368 -0.0106617 0.00112207
87000 1.06313 -0.00632049 0.00105467
88000 1.1027 -0.00339007 0.00108973
89000 1.11407 -0.0049986 0.00109885
90000 1.10304 -0.00650917 0.00108998
91000 1.07906 -0.00714125 0.0010597
92000 1.10485 -0.00716864 0.00109074
93000 1.09645 -0.00373033 0.00108361
94000 1.07623 -0.00269146 0.00106836
95000 1.09662 -0.0021903 0.00108332
96000 1.14113 -0.00313118 0.00113333
97000 1.06492 -0.00400482 0.00105164
98000 1.13316 -0.00453534 0.00111939
99000 1.07896 -0.00384655 0.00106528
100000 1.10218 -0.00549491 0.00109505
101000 1.13012 -0.0020704 0.00112106
102000 1.07254 -0.00840906 0.00105837
103000 1.06239 -0.0132998 0.00104147
104000 1.08032 -0.0106769 0.00106145
105000 1.09771 -0.0142821 0.00107811
106000 1.08217 -0.00802349 0.00106446
107000 1.05951 -0.00326404 0.00104862
108000 1.06533 -0.00481822 0.00105354
109000 1.11752 -0.00445523 0.00110453
110000 1.08345 -0.0127964 0.00106063
111000 1.13512 -0.00536738 0.00111749
112000 1.06734 -0.00798956 0.00105622
113000 1.11148 -0.00142483 0.00110243
114000 1.10477 -0.00383895 0.00109061
115000 1.06477 -0.0114949 0.00104346
116000 1.07862 -0.00431962 0.00106925
117000 1.10976 -0.00393375 0.00109906
118000 1.08046 -0.00360507 0.00106608
119000 1.07219 -0.0053802 0.00106116
120000 1.12263 -0.00579653 0.00110639
121000 1.09473 -0.00901454 0.0010806
122000 1.06573 -0.00177379 0.00105543
123000 1.09911 -0.00476824 0.00108877
124000 1.14384 -0.00304787 0.00112994
125000 1.07022 -0.0120145 0.00105065
126000 1.14378 -0.00916126 0.00112481
127000 1.06859 -0.0123817 0.00104891
128000 1.09241 -0.00847977 0.00107834
129000 1.11427 -0.00417299 0.00110379
130000 1.08921 -0.00739334 0.00107265
131000 1.1013 -0.00863657 0.00108115
132000 1.06618 -0.00535414 0.00105334
133000 1.07862 -0.00354913 0.00106759
134000 1.08614 -0.00602952 0.0010751
135000 1.05995 -0.00732568 0.0010477
136000 1.11328 -0.00862697 0.00109841
137000 1.10653 -0.00483917 0.00109631
138000 1.08608 -0.0123581 0.00106641
139000 1.10037 -0.0207977 0.00108168
140000 1.09225 -0.0165193 0.00107538
141000 1.10721 -0.0305842 0.00108537
142000 1.11194 -0.0214743 0.0010902
143000 1.10681 -0.0159614 0.00109417
144000 1.08918 -0.0140994 0.0010759
145000 1.10883 -0.0141928 0.00109684
146000 1.09821 -0.0168637 0.00108456
147000 1.12406 -0.0156416 0.00111055
148000 1.10083 -0.0141044 0.00108776
149000 1.09735 -0.0145554 0.00108328
150000 1.0914 -0.0137573 0.00108121
151000 1.1363 -0.0183668 0.00112124
152000 1.10236 -0.0152517 0.00108772
153000 1.08623 -0.0162541 0.00106921
154000 1.12059 -0.0137254 0.00110749
155000 1.12175 -0.0150651 0.00110466
156000 1.05588 -0.0133001 0.00104498
157000 1.11107 -0.0170904 0.00109519
158000 1.11683 -0.0158934 0.0011052
159000 1.05971 -0.0154754 0.00104719
160000 1.08664 -0.0145074 0.00107277
161000 1.08513 -0.0177322 0.00107078
162000 1.10676 -0.0157941 0.00109106
163000 1.10796 -0.0150259 0.00109252
164000 1.09936 -0.0150899 0.00108364
165000 1.10262 -0.0111123 0.00109144
166000 1.12661 -0.0142661 0.00111613
167000 1.06384 -0.0164565 0.00104761
168000 1.14952 -0.0168492 0.00113778
169000 1.12534 -0.0142156 0.00111154
170000 1.07618 -0.0127584 0.00106422
171000 1.10174 -0.0148988 0.00108725
172000 1.11159 -0.0153539 0.00109451
173000 1.09421 -0.015216 0.00107988
174000 1.086 -0.0180373 0.00107171
175000 1.07849 -0.0205026 0.00105965
176000 1.0954 -0.0237657 0.0010723
177000 1.11143 -0.0172466 0.00109445
178000 1.07999 -0.0152171 0.00106738
179000 1.11471 -0.0154787 0.00109612
180000 1.11582 -0.0124895 0.00110147
181000 1.12803 -0.0126218 0.00111373
182000 1.07244 -0.0170034 0.00105626
183000 1.08282 -0.0166852 0.0010655
184000 1.13237 -0.0126815 0.00111716
185000 1.09946 -0.0150935 0.00108464
186000 1.05589 -0.0151944 0.0010385
187000 1.0951 -0.0118342 0.00108647
188000 1.11048 -0.0140464 0.00110003
189000 1.10208 -0.0131749 0.00108686
190000 1.09359 -0.0246548 0.00106695
191000 1.07458 -0.0155353 0.00105722
192000 1.09711 -0.0174278 0.00107733
193000 1.0882 -0.0203676 0.00107212
194000 1.09881 -0.0181069 0.00108121
195000 1.08202 -0.0166785 0.00107363
196000 1.09173 -0.0119544 0.00107946
197000 1.09037 -0.017039 0.00107623
198000 1.12016 -0.0122504 0.00110973
199000 1.08701 -0.014608 0.00107236
200000 1.11215 -0.0141493 0.0010978
201000 1.10744 -0.016003 0.00109123
202000 1.09767 -0.0135164 0.00108721
203000 1.10762 -0.0141734 0.00109038
204000 1.06394 -0.0169778 0.00105083
205000 1.10657 -0.0158828 0.00108929
206000 1.0964 -0.0156937 0.00108218
207000 1.06695 -0.0157415 0.00105368
208000 1.11366 -0.0166761 0.00110361
209000 1.10226 -0.0131096 0.00109298
210000 1.09302 -0.0137248 0.00108164
211000 1.11937 -0.0104962 0.00110701
212000 1.08571 -0.0179396 0.00107208
213000 1.10332 -0.0146725 0.00109033
214000 1.10633 -0.0141986 0.00109353
215000 1.0871 -0.0122821 0.00107467
216000 1.13861 -0.0110994 0.00112557
217000 1.12067 -0.0141325 0.00110258
218000 1.08733 -0.00769458 0.00107487
219000 1.09973 -0.011472 0.00108291
220000 1.11246 -0.00850105 0.00109983
221000 1.09619 -0.0139048 0.00107244
222000 1.07484 -0.0128431 0.00105363
223000 1.13473 -0.013535 0.00111177
224000 1.11172 -0.00475752 0.00109702
225000 1.06271 -0.00577967 0.00104979
226000 1.14089 -0.00620554 0.00113064
227000 1.07932 -0.00446834 0.00106455
228000 1.08171 -0.00630846 0.0010663
229000 1.12333 -0.0030442 0.00111027
230000 1.06164 -0.00338176 0.00105117
231000 1.13135 -0.00537828 0.00111625
232000 1.06519 -0.00427854 0.00105394
233000 1.13477 -0.00333961 0.00111917
234000 1.08267 -0.00520482 0.00107345
235000 1.05446 -0.0133515 0.00103508
236000 1.08217 -0.00745746 0.00106313
237000 1.13043 -0.010285 0.00111138
238000 1.08618 -0.00535422 0.00107738
239000 1.08035 -0.00387451 0.00106721
240000 1.15181 -0.00604644 0.00113739
241000 1.068 -0.00574157 0.00105653
242000 1.13873 -0.0089562 0.00112811
243000 1.10318 -0.0106816 0.00108473
244000 1.11283 -0.0132456 0.00109523
245000 1.10085 -0.0107746 0.00108081
246000 1.08391 -0.0121189 0.00106294
247000 1.11414 -0.0130638 0.00109972
248000 1.10069 -0.00972435 0.00107849
249000 1.0727 -0.00352071 0.00106035
250000 1.11894 -0.00993799 0.00110215
251000 1.10736 -0.00304883 0.00109131
252000 1.09592 -0.00134857 0.00108616
253000 1.09087 -0.00216098 0.0010767
254000 1.08473 -0.00346202 0.00107331
255000 1.12774 -0.00688525 0.00111335
256000 1.13635 -0.00707156 0.00111612
257000 1.11338 -0.00267397 0.0010992
258000 1.10999 -0.00394595 0.0010987
259000 1.07362 -0.00224642 0.0010612
260000 1.11887 -0.00990839 0.00109898
261000 1.09258 -0.00592043 0.00107658
262000 1.10301 -0.0048882 0.00108861
263000 1.10724 -0.011209 0.00108451
264000 1.0726 -0.00852003 0.00105275
265000 1.12332 -0.00763158 0.00111282
266000 1.0628 -0.00322606 0.00104836
267000 1.12572 -0.00439624 0.00110963
268000 1.05319 -0.0131069 0.0010402
269000 1.11572 -0.00445536 0.00110847
270000 1.12146 -0.0088853 0.00110923
271000 1.05989 -0.0061493 0.00104348
272000 1.11114 -0.0053708 0.00109842
273000 1.10978 -0.00341988 0.00109663
274000 1.09074 -0.00731716 0.00107538
275000 1.05577 -0.00510845 0.00104267
276000 1.12999 -0.00122231 0.00111821
277000 1.1043 -0.00435634 0.00109383
278000 1.14061 -0.00453162 0.00112717
279000 1.05737 -0.00428425 0.00104262
280000 1.1195 -0.00991156 0.00110236
281000 1.10744 -0.00331778 0.00109371
282000 1.06939 -0.0123836 0.00105303
283000 1.10519 -0.00581889 0.00109526
284000 1.09071 -0.00701293 0.00107467
285000 1.10917 -0.0131404 0.00108856
286000 1.10978 -0.00484854 0.00109749
287000 1.09071 -0.00372956 0.00107647
288000 1.11623 -0.0078953 0.00110152
289000 1.06834 -0.010348 0.00105293
290000 1.0922 -0.000767161 0.00107979
291000 1.11823 -0.00948868 0.00110245
292000 1.12898 -0.00206619 0.00111539
293000 1.06705 -0.00953322 0.0010521
294000 1.11518 -0.00738104 0.00109542
295000 1.11785 -0.00240268 0.00110453
296000 1.09969 -0.00599687 0.00108766
297000 1.06396 -0.00338804 0.00104993
298000 1.09734 -0.00608197 0.0010824
299000 1.10233 -0.00221059 0.0010935
300000 1.08496 -0.00329369 0.00107587
301000 1.10987 -0.00630328 0.00110038
302000 1.10394 -0.00576994 0.00108992
303000 1.13062 -0.00438822 0.00111739
304000 1.06216 -0.00383673 0.00105183
305000 1.13191 -0.00412447 0.00111856
306000 1.0926 -0.00699235 0.00107571
307000 1.10355 -0.0031862 0.00109153
308000 1.0881 -0.0007095 0.00107584
309000 1.08396 -0.00817615 0.0010714
310000 1.08137 -0.00590759 0.00106334
311000 1.08442 -0.0023265 0.00107324
312000 1.07841 -0.0045275 0.00106474
313000 1.11879 -0.00802959 0.00110518
314000 1.121 -0.00326294 0.0011073
315000 1.10705 -0.00333659 0.00109526
316000 1.10041 -0.00595257 0.00108391
317000 1.08199 -0.0108623 0.00106228
318000 1.09322 -0.0130887 0.00106948
319000 1.07344 -0.0110289 0.00105683
320000 1.06834 -0.00183494 0.00105531
321000 1.08888 -0.00689057 0.00107352
322000 1.07855 -0.00588698 0.00106418
323000 1.11727 -0.0072263 0.00110182
324000 1.09266 -0.00744416 0.00108174
325000 1.1271 -0.00836617 0.00111225
326000 1.12826 -0.00653829 0.00111184
327000 1.1131 -0.00357687 0.00110267
328000 1.08708 -0.00556203 0.00107057
329000 1.1021 -0.013543 0.00108322
330000 1.09494 -0.0173944 0.00107103
331000 1.08966 -0.00903894 0.00107642
332000 1.06289 -0.00266436 0.00105885
333000 1.08927 -0.00378489 0.00107345
334000 1.0816 -0.00695354 0.00106639
335000 1.09992 -0.00415478 0.0010846
336000 1.0972 -0.0051716 0.00108725
337000 1.09773 -0.0038821 0.00108527
338000 1.10956 -0.00460645 0.00109519
339000 1.14806 -0.00376703 0.00113431
340000 1.08546 -0.00718746 0.00107111
341000 1.08712 -0.00385164 0.0010744
342000 1.10771 -0.00865261 0.00109465
343000 1.0939 -0.00834774 0.00107624
344000 1.10576 -0.0109046 0.00108429
345000 1.11425 -0.00280369 0.00110016
346000 1.10988 -0.00587482 0.0010926
347000 1.0984 -0.00516443 0.0010882
348000 1.08576 -0.00812368 0.00107125
349000 1.11109 -0.0116299 0.00109691
350000 1.09843 -0.00669137 0.00108079
351000 1.08071 -0.00973937 0.00106187
352000 1.10549 -0.00696309 0.00109045
353000 1.12457 -0.00274824 0.00111228
354000 1.09271 -0.00715138 0.00107646
355000 1.08401 -0.00702821 0.00106785
356000 1.10513 -0.00356128 0.00109513
357000 1.10367 -0.00770444 0.00109292
358000 1.08885 -0.00554786 0.00107884
359000 1.09471 -0.00384848 0.00108011
360000 1.06988 -0.0125145 0.00105088
361000 1.09861 -0.00605949 0.00108609
362000 1.11945 -0.00265715 0.00110628
363000 1.09826 -0.00398283 0.00108317
364000 1.10571 -0.00593292 0.00109056
365000 1.09846 -0.00728287 0.00108685
366000 1.10987 -0.00407983 0.00109659
367000 1.09588 -0.00654636 0.00108397
368000 1.08519 -0.00390213 0.00107316
369000 1.10046 -0.00989736 0.00108134
370000 1.10522 -0.00840569 0.00108832
371000 1.09905 -0.00534631 0.0010861
372000 1.09192 -0.003591 0.00107957
373000 1.07339 -0.00625197 0.00106211
374000 1.08124 -0.00840838 0.00106319
375000 1.08214 -0.00731338 0.00107115
376000 1.10034 -0.0081555 0.00108748
377000 1.1004 -0.00717019 0.00108448
378000 1.09502 -0.00233218 0.00108164
379000 1.10506 -0.00963572 0.00108664
380000 1.07985 -0.00783069 0.00106487
381000 1.11175 -0.00928427 0.00110046
382000 1.12016 -0.007457 0.00110353
383000 1.09602 -0.00544503 0.00108193
384000 1.12127 -0.010574 0.00110259
385000 1.13378 -0.00865774 0.00112048
386000 1.0817 -0.00541883 0.00106544
387000 1.11301 -0.00856801 0.00109739
388000 1.08248 -0.00797973 0.00106564
389000 1.12939 -0.00462939 0.00111697
390000 1.10132 -0.0044971 0.00109384
391000 1.07292 -0.00685234 0.00105681
392000 1.12361 -0.00384795 0.0011081
393000 1.12931 -0.00606765 0.00111452
394000 1.08246 -0.00767888 0.00106306
395000 1.08883 -0.00630489 0.00106926
396000 1.12617 -0.00812526 0.00111167
397000 1.10002 -0.0060137 0.00109005
398000 1.07424 -0.00386721 0.00106082
399000 1.10588 -0.0043325 0.00109461
400000 1.12533 -0.00666984 0.00111176
401000 1.11109 -0.00586689 0.00109751
402000 1.1182 -0.00642528 0.0011044
403000 1.10287 -0.00536335 0.00109307
404000 1.12011 -0.0033561 0.00110744
405000 1.09517 -0.00569431 0.00108002
406000 1.12424 -0.00688411 0.00111017
407000 1.06314 -0.00892716 0.00104729
408000 1.0821 -0.00554881 0.00106718
409000 1.10977 -0.00596422 0.00109684
410000 1.10855 -0.00565945 0.00109189
411000 1.09399 -0.00697271 0.00108281
412000 1.09061 -0.00507394 0.00107686
413000 1.10284 -0.0132446 0.00108139
414000 1.09203 -0.00577855 0.0010794
415000 1.1141 -0.0116188 0.00109967
416000 1.11019 -0.0143703 0.0010921
417000 1.08925 -0.018418 0.00106567
418000 1.08213 -0.0111582 0.0010673
419000 1.13533 -0.0284961 0.00110763
420000 1.09025 -0.0149029 0.00107106
421000 1.11225 -0.0180267 0.00109189
422000 1.08689 -0.0140802 0.00107332
423000 1.07099 -0.0103835 0.00105642
424000 1.14048 -0.00526506 0.00112844
425000 1.0696 -0.00466508 0.00105423
426000 1.09511 -0.00920825 0.00107825
427000 1.12091 -0.00461963 0.00110567
428000 1.09628 -0.00532124 0.00108409
429000 1.08646 -0.00771322 0.00107228
430000 1.11226 -0.00166013 0.00109805
431000 1.0975 -0.00642762 0.00107916
432000 1.07679 -0.00453552 0.00106565
433000 1.09914 -0.00904312 0.00108806
434000 1.10627 -0.0057949 0.00109308
435000 1.08412 -0.00267127 0.00107045
436000 1.1241 -0.00240209 0.00111297
437000 1.08862 -0.0132009 0.0010686
438000 1.11373 -0.00504125 0.00109898
439000 1.07059 -0.00557439 0.00105531
440000 1.11119 -0.0053238 0.00109839
441000 1.08985 -0.00517169 0.00107388
442000 1.08954 -0.00481659 0.00107873
443000 1.09305 -0.00709181 0.00107789
444000 1.10707 -0.00602639 0.00109012
445000 1.12032 -0.00537477 0.00110683
446000 1.09818 -0.00210881 0.00108737
447000 1.07439 -0.00330129 0.00105972
448000 1.12197 -0.00816527 0.00110589
449000 1.08781 -0.0103223 0.00107177
450000 1.12141 -0.0119717 0.00110343
451000 1.0809 -0.00360216 0.00106848
452000 1.11457 -0.00750445 0.00110083
453000 1.08535 -0.00926391 0.00106798
454000 1.10934 -0.00568835 0.00109574
455000 1.10201 -0.00786882 0.00108671
456000 1.07225 -0.00707359 0.00105898
457000 1.14252 -0.0122718 0.00112438
458000 1.08024 -0.00436188 0.00106531
459000 1.09764 -0.00781132 0.00107987
460000 1.04965 -0.00307464 0.00103739
461000 1.1051 -0.0030176 0.00108836
462000 1.1172 -0.0037015 0.00110779
463000 1.08919 -0.00238635 0.00107597
464000 1.11385 -0.0109173 0.001094
465000 1.10814 -0.0036498 0.00109805
466000 1.08149 -0.00253374 0.0010668
467000 1.06859 -0.0103883 0.00104983
468000 1.10165 -0.0035282 0.00109244
469000 1.08952 -0.00189476 0.00107676
470000 1.07502 -0.00676226 0.00106075
471000 1.11421 -0.00402149 0.001099
472000 1.11703 -0.0109898 0.00109566
473000 1.11862 -0.0153901 0.00110263
474000 1.09014 -0.0176593 0.00107136
475000 1.10326 -0.0146165 0.00108229
476000 1.10897 -0.0142709 0.00109161
477000 1.1013 -0.0146016 0.00107988
478000 1.09228 -0.0125943 0.00107661
479000 1.08886 -0.0115352 0.0010668
480000 1.10227 -0.0132175 0.00108336
481000 1.0929 -0.0132226 0.00107209
482000 1.13437 -0.0113366 0.00111535
483000 1.10265 -0.0140252 0.00108364
484000 1.11784 -0.0114225 0.00109951
485000 1.088 -0.0118866 0.0010714
486000 1.10266 -0.0148927 0.00108046
487000 1.08862 -0.0198636 0.0010744
488000 1.11503 -0.0139451 0.00109443
489000 1.10511 -0.0195225 0.00108336
490000 1.09492 -0.0143367 0.00107204
491000 1.08879 -0.00332157 0.00107796
492000 1.09486 -0.00400258 0.00107987
493000 1.08923 -0.0018917 0.00107623
494000 1.066 -0.00733089 0.00105086
495000 1.10002 -0.00526517 0.00108566
496000 1.11699 -0.00712262 0.00110419
497000 1.05871 -0.00295677 0.00104624
498000 1.12081 -0.0050542 0.00110664
499000 1.09995 -0.00552827 0.0010857
500000 1.08734 -0.0049896 0.00107468
501000 1.08235 -0.00785749 0.0010642
502000 1.09831 -0.0110565 0.0010842
503000 1.0995 -0.00812673 0.0010848
504000 1.09267 -0.00616491 0.00107914
505000 1.11806 -0.00219842 0.00110591
506000 1.10668 -0.00328111 0.00109444
507000 1.08951 -0.00386152 0.00107819
508000 1.11893 -0.0052688 0.00110475
509000 1.06506 -0.00294139 0.00105406
510000 1.09778 -0.00534228 0.0010823
511000 1.12492 -0.00565137 0.00110926
512000 1.06118 -0.00306674 0.00104846
513000 1.13244 -0.0048139 0.0011215
514000 1.12099 -0.00400147 0.00110508
515000 1.09375 -0.00805615 0.00107748
516000 1.11995 -0.00322285 0.00111399
517000 1.06874 -0.00591144 0.00105699
518000 1.10639 -0.00507193 0.00109061
519000 1.08746 -0.00448601 0.00107606
520000 1.12426 -0.00341696 0.00111249
521000 1.10127 -0.00328939 0.00108808
522000 1.07273 -0.00684798 0.00105962
523000 1.11571 -0.0050167 0.00110579
524000 1.12657 -0.00768326 0.00111011
525000 1.09252 -0.00512717 0.00108202
526000 1.09783 -0.0105319 0.0010813
527000 1.10889 -0.00719052 0.00109337
528000 1.0975 -0.00606454 0.00108115
529000 1.09876 -0.00701624 0.0010889
530000 1.10604 -0.00223101 0.00109458
531000 1.09261 -0.00263431 0.00108077
532000 1.09146 -0.00517076 0.00107883
533000 1.11756 -0.00291933 0.00110635
534000 1.13764 -0.00672444 0.00112302
535000 1.09574 -0.00468729 0.0010795
536000 1.07671 -0.00400326 0.00106555
537000 1.12626 -0.00338163 0.00111489
538000 1.08809 -0.00341425 0.00107671
539000 1.10034 -0.00550534 0.00108659
540000 1.06471 -0.0101562 0.0010488
541000 1.14496 -0.0104473 0.00112723
542000 1.07266 -0.00213644 0.00106153
543000 1.1059 -0.00167565 0.00109563
544000 1.10753 -0.00274834 0.00109561
545000 1.06683 -0.0161262 0.00104527
546000 1.09042 -0.00753667 0.00107837
547000 1.08081 -0.00655882 0.00106247
548000 1.15146 -0.00551723 0.00113196
549000 1.05079 -0.00786488 0.00103981
550000 1.09488 -0.00481901 0.00108222
551000 1.0949 -0.0135643 0.00107265
552000 1.12188 -0.00635723 0.0011089
553000 1.0685 -0.0062655 0.00105742
554000 1.07397 -0.00220173 0.00106298
555000 1.10438 -0.00633037 0.00109165
556000 1.10691 -0.00350928 0.00109349
557000 1.08893 -0.0053804 0.00107561
558000 1.08605 -0.00480098 0.00107236
559000 1.09735 -0.00930527 0.00108454
560000 1.11093 -0.0110524 0.00109183
561000 1.09604 -0.00746018 0.00107989
562000 1.10478 -0.00597442 0.00108926
563000 1.09493 -0.00920337 0.00107922
564000 1.11676 -0.00973688 0.00110085
565000 1.08538 -0.010736 0.00107172
566000 1.12198 -0.0123946 0.00110718
567000 1.08708 -0.00933755 0.00107085
568000 1.13303 -0.0122136 0.00112054
569000 1.09594 -0.0134153 0.00107609
570000 1.11866 -0.00607997 0.00110544
571000 1.06087 -0.00135939 0.00104778
572000 1.10469 -0.00611147 0.00109291
573000 1.07861 -0.00358566 0.00106378
574000 1.13472 -0.00755766 0.00111505
575000 1.14846 -0.00514344 0.00113746
576000 1.05976 -0.00394277 0.00105271
577000 1.12052 -0.00634715 0.00110496
578000 1.11705 -0.0100813 0.00109737
579000 1.07505 -0.00367385 0.00106409
580000 1.09514 -0.0056708 0.00108024
581000 1.12506 -0.00535201 0.00111649
582000 1.08851 -0.00629391 0.00107287
583000 1.06319 -0.00813012 0.0010467
584000 1.07171 -0.0036191 0.00106108
585000 1.11254 -0.00605044 0.00109871
586000 1.09583 -0.00651629 0.00107824
587000 1.08391 -0.00784132 0.00106813
588000 1.12342 -0.00563384 0.00111438
589000 1.12759 -0.0112099 0.00110971
590000 1.09368 -0.00540972 0.00108147
591000 1.07241 -0.00437326 0.00105895
592000 1.12029 -0.00559832 0.00111264
593000 1.10061 -0.00374282 0.0010868
594000 1.10285 -0.00529594 0.00109226
595000 1.10281 -0.00383819 0.00108924
596000 1.12059 -0.00495046 0.0011056
597000 1.09638 -0.00493624 0.00108059
598000 1.10288 -0.00239738 0.00109101
599000 1.10358 -0.00276679 0.00109102
600000 1.09792 -0.00651623 0.00108365
601000 1.13182 -0.00856428 0.00111418
602000 1.09187 -0.00962941 0.00107447
603000 1.07571 -0.0120823 0.00105967
604000 1.1179 -0.0147384 0.0010966
605000 1.07847 -0.0117917 0.00106183
606000 1.10561 -0.0101427 0.00108657
607000 1.09635 -0.0119066 0.00107731
608000 1.08185 -0.0154195 0.00106646
609000 1.12391 -0.014402 0.00110407
610000 1.10392 -0.0160141 0.00108497
611000 1.08961 -0.0106203 0.00107687
612000 1.12527 -0.0100456 0.00110919
613000 1.07042 -0.0157509 0.00105493
614000 1.1076 -0.015339 0.00108447
615000 1.11422 -0.0138403 0.00109845
616000 1.07644 -0.010617 0.00106754
617000 1.10508 -0.0119394 0.00108523
618000 1.10284 -0.0117438 0.00108984
619000 1.06894 -0.0106422 0.00106166
620000 1.12115 -0.00486937 0.00111152
621000 1.10132 -0.005789 0.00109036
622000 1.06691 -0.00477441 0.00105127
623000 1.1189 -0.00947596 0.00111112
624000 1.12599 -0.00401329 0.001114
625000 1.10116 -0.00513153 0.00108897
626000 1.11266 -0.00685768 0.00109978
627000 1.10918 -0.00246015 0.00109936
628000 1.02577 -0.00342174 0.0010142
629000 1.10365 -0.00758799 0.00109412
630000 1.10892 -0.00333997 0.0010972
631000 1.14517 -0.00891668 0.00113038
632000 1.1213 -0.00731961 0.00110718
633000 1.08685 -0.00670349 0.0010731
634000 1.12362 -0.00556319 0.00110828
635000 1.13572 -0.00654165 0.00112272
636000 1.11851 -0.00611301 0.00110355
637000 1.11392 -0.00519872 0.00110288
638000 1.10504 -0.00603944 0.0010875
639000 1.0851 -0.00611091 0.00106862
640000 1.11481 -0.0111777 0.00109649
641000 1.13004 -0.00419417 0.00111538
642000 1.06717 -0.00568465 0.00105568
643000 1.11795 -0.0113901 0.00109656
644000 1.12139 -0.0147142 0.00109656
645000 1.08888 -0.0138507 0.00107386
646000 1.09389 -0.0184812 0.00107054
647000 1.10509 -0.0158356 0.00108814
648000 1.07952 -0.0129422 0.00106236
649000 1.09495 -0.0103674 0.00107788
650000 1.07276 -0.0105826 0.00105595
651000 1.08699 -0.0110023 0.00106811
652000 1.1359 -0.0132985 0.00111027
653000 1.09933 -0.0104867 0.00108218
654000 1.09889 -0.0135956 0.0010836
655000 1.08315 -0.0127598 0.00106212
656000 1.13958 -0.0102015 0.00112268
657000 1.08484 -0.00873918 0.00106813
658000 1.06255 -0.00868751 0.0010452
659000 1.1149 -0.00246081 0.001101
660000 1.08219 -0.00557847 0.0010679
661000 1.09866 -0.0120062 0.00107921
662000 1.12914 -0.00524659 0.00111656
663000 1.07626 -0.00546922 0.0010656
664000 1.07715 -0.00264176 0.00106583
665000 1.11728 -0.00671876 0.00110751
666000 1.08206 -0.00534645 0.00106739
667000 1.1379 -0.000699089 0.00112719
668000 1.06097 -0.00311977 0.00104797
669000 1.12055 -0.00919665 0.00110549
670000 1.10385 -0.00715834 0.00108693
671000 1.12018 -0.00697944 0.00110694
672000 1.11268 -0.0063501 0.00109766
673000 1.07118 -0.00757167 0.00105489
674000 1.08709 -0.005765 0.00107188
675000 1.08038 -0.00451729 0.00106416
676000 1.07158 -0.00753228 0.00105592
677000 1.12899 -0.00537319 0.0011138
678000 1.09579 -0.0088911 0.00108552
679000 1.07554 -0.00340571 0.00106396
680000 1.1295 -0.00323869 0.00111388
681000 1.09779 -0.00528663 0.00108591
682000 1.09761 -0.00570786 0.00108149
683000 1.12214 -0.00604503 0.00110908
684000 1.06045 -0.00558605 0.00104658
685000 1.08062 -0.00439449 0.00106855
686000 1.09453 -0.00338651 0.00108207
687000 1.12198 -0.00971483 0.00110824
688000 1.0948 -0.00735389 0.00107934
689000 1.10226 -0.00758679 0.00108478
690000 1.10126 -0.0059427 0.0010855
691000 1.10037 -0.00853619 0.00108804
692000 1.09033 -0.00373778 0.00107596
693000 1.12093 -0.00463739 0.00110423
694000 1.10647 -0.00525465 0.00109167
695000 1.09718 -0.00479149 0.00108449
696000 1.07651 -0.00532508 0.00106225
697000 1.11034 -0.00314563 0.00110113
698000 1.0821 -0.00142781 0.00107313
699000 1.11369 -0.00444132 0.00110203
700000 1.14057 -0.00937617 0.00112513
701000 1.10851 -0.00412856 0.00109357
702000 1.0645 -0.00363165 0.00105494
703000 1.11399 -0.007387 0.00110006
704000 1.11491 -0.00992892 0.00110245
705000 1.0786 -0.011117 0.00106349
706000 1.1107 -0.0177922 0.0010962
707000 1.11783 -0.011981 0.00110095
708000 1.07966 -0.0069675 0.00106379
709000 1.0814 -0.00311234 0.00107013
710000 1.12716 -0.00955118 0.00110747
711000 1.05415 -0.00557933 0.00104064
712000 1.12267 -0.0103974 0.00110256
713000 1.11611 -0.00577209 0.00110013
714000 1.07167 -0.00580286 0.00106022
715000 1.08596 -0.00760035 0.00106779
716000 1.08979 -0.00536999 0.00107128
717000 1.08244 -0.00613312 0.00106942
718000 1.12223 -0.012381 0.00110782
719000 1.09509 -0.00629764 0.00107917
720000 1.06102 -0.0078645 0.00104658
721000 1.08569 -0.00768818 0.00107157
722000 1.10558 -0.0074867 0.00109073
723000 1.08736 -0.0126997 0.00107572
724000 1.14972 -0.0071215 0.00113481
725000 1.11381 -0.00630726 0.00109838
726000 1.09549 -0.0129829 0.00108126
727000 1.12962 -0.00440687 0.00111858
728000 1.14503 -0.00583163 0.00112919
729000 1.12705 -0.00401727 0.00111574
730000 1.07168 -0.00398878 0.00105734
731000 1.10926 -0.00351418 0.00109688
732000 1.08911 -0.00430004 0.00107428
733000 1.10005 -0.00290839 0.00108708
734000 1.08982 -0.00534663 0.00107784
735000 1.08985 -0.00921016 0.00107414
736000 1.0757 -0.00904142 0.00105871
737000 1.09474 -0.0120554 0.00107344
738000 1.06871 -0.00764585 0.00105771
739000 1.0746 -0.00351895 0.00106069
740000 1.09598 -0.00371216 0.00108214
741000 1.09982 -0.00755706 0.00108444
742000 1.09358 -0.00609087 0.00107928
743000 1.12542 -0.00803219 0.00110443
744000 1.05779 -0.00629571 0.00104947
745000 1.11781 -0.00707271 0.00110393
746000 1.08608 -0.00905558 0.00107349
747000 1.0894 -0.00882705 0.00107657
748000 1.09748 -0.0118123 0.00108013
749000 1.10064 -0.00954787 0.00108766
750000 1.08797 -0.00830263 0.00107365
751000 1.10425 -0.00868709 0.00108569
752000 1.10511 -0.00258014 0.00109203
753000 1.08607 -0.00481983 0.00107537
754000 1.12402 -0.0053868 0.00110922
755000 1.10006 -0.00846005 0.00108064
756000 1.09452 -0.00395003 0.00108006
757000 1.10875 -0.00267949 0.00109561
758000 1.09849 -0.00491565 0.00108898
759000 1.09726 -0.00722969 0.00108419
760000 1.10694 -0.0050946 0.00109535
761000 1.11989 -0.00430777 0.00111169
762000 1.09487 -0.00676877 0.00108121
763000 1.09154 -0.00642486 0.00107772
764000 1.08846 -0.00792015 0.00107443
765000 1.11294 -0.00310242 0.00110517
766000 1.07681 -0.00739351 0.00106172
767000 1.063 -0.00591157 0.00105149
768000 1.09265 -0.00383463 0.00108303
769000 1.14686 -0.0056431 0.00113209
770000 1.06952 -0.0066378 0.00105866
771000 1.11443 -0.00890461 0.00109817
772000 1.05448 -0.00468958 0.00104291
773000 1.12835 -0.00498071 0.00111662
774000 1.07331 -0.00389036 0.0010599
775000 1.1419 -0.0046676 0.00112881
776000 1.0668 -0.0059027 0.00105252
777000 1.12919 -0.00626017 0.00111375
778000 1.11689 -0.00583015 0.00110213
779000 1.10616 -0.0132459 0.00108565
780000 1.07327 -0.00573134 0.00106418
781000 1.09286 -0.00528241 0.00107534
782000 1.07248 -0.0124548 0.00105457
783000 1.14245 -0.00582936 0.00112745
784000 1.12803 -0.00392881 0.00111583
785000 1.07388 -0.00661136 0.00105571
786000 1.07111 -0.00555307 0.00106004
787000 1.1356 -0.00787137 0.00111837
788000 1.06883 -0.00394571 0.00105394
789000 1.10853 -0.00412675 0.00110231
790000 1.10732 -0.00595898 0.00109175
791000 1.08632 -0.00325814 0.00107571
792000 1.09503 -0.00418069 0.00108103
793000 1.11358 -0.00250534 0.00110863
794000 1.0909 -0.00240899 0.00107683
795000 1.14014 -0.0017689 0.00112917
796000 1.13392 -0.00390876 0.00112135
797000 1.07248 -0.00919503 0.00105506
798000 1.10461 -0.0023848 0.00109299
799000 1.09276 -0.0021805 0.00107783
800000 1.10334 -0.00687748 0.0010896
801000 1.0724 -0.00454111 0.00105752
802000 1.08578 -0.00953597 0.00107046
803000 1.08347 -0.00349183 0.00106657
804000 1.11296 -0.00413615 0.00110403
805000 1.09133 -0.00613991 0.00107682
806000 1.10687 -0.00803677 0.00109123
807000 1.08599 -0.0078743 0.00107296
808000 1.15222 -0.00805118 0.00113572
809000 1.10668 -0.00314118 0.00109835
810000 1.05045 -0.00392527 0.00103578
811000 1.12086 -0.00366186 0.0011049
812000 1.08954 -0.00503514 0.0010773
813000 1.08007 -0.00455296 0.00106864
814000 1.08704 -0.00703919 0.00106919
815000 1.07763 -0.00670524 0.00105894
816000 1.09973 -0.00501149 0.00108614
817000 1.11438 -0.00456587 0.00110306
818000 1.08359 -0.00377364 0.00107228
819000 1.09029 -0.00592222 0.00107776
820000 1.10296 -0.00453932 0.00109359
821000 1.07941 -0.00178609 0.00106772
822000 1.1151 -0.00683129 0.00110292
823000 1.0833 -0.0116483 0.00106871
824000 1.07135 -0.00718118 0.00106607
825000 1.13887 -0.00334421 0.00112638
826000 1.08921 -0.00631354 0.00107515
827000 1.0924 -0.0121588 0.00107968
828000 1.11458 -0.00546587 0.00109836
829000 1.10059 -0.00330923 0.00108423
830000 1.11789 -0.00746416 0.001104
831000 1.07136 -0.00420657 0.00105998
832000 1.1391 -0.0040594 0.00112612
833000 1.10336 -0.00625728 0.00109236
834000 1.08131 -0.00932119 0.00106397
835000 1.13229 -0.0125625 0.00111589
836000 1.07543 -0.00251668 0.00106576
837000 1.14272 -0.00960491 0.00112524
838000 1.07866 -0.0159986 0.00105414
839000 1.09546 -0.0116747 0.00108038
840000 1.11043 -0.00803884 0.00109552
841000 1.06584 -0.00520571 0.00105259
842000 1.12471 -0.00467287 0.0011108
843000 1.12922 -0.00189217 0.0011176
844000 1.07059 -0.00659814 0.0010515
845000 1.0717 -0.00373151 0.00106026
846000 1.13143 -0.00611925 0.00111657
847000 1.10146 -0.00517236 0.00108601
848000 1.08497 -0.00279644 0.00107013
849000 1.07629 -0.00505854 0.0010644
850000 1.08318 -0.00675588 0.00106721
851000 1.07913 -0.00245801 0.00106521
852000 1.12133 -0.0095477 0.00110726
853000 1.11398 -0.0055065 0.00109689
854000 1.0558 -0.00612805 0.00103988
855000 1.11273 -0.0101508 0.00109429
856000 1.11079 -0.00827274 0.00109397
857000 1.10651 -0.00636245 0.00109412
858000 1.13504 -0.0067436 0.00112057
859000 1.11946 -0.00384732 0.00110682
860000 1.08468 -0.0055663 0.00107126
861000 1.12113 -0.00607769 0.00110608
862000 1.09594 -0.00343559 0.00108479
863000 1.08914 -0.0101458 0.00107412
864000 1.09193 -0.0065999 0.00107722
865000 1.08581 -0.0065657 0.00107155
866000 1.09716 -0.00599306 0.0010831
867000 1.07886 -0.00637091 0.00106364
868000 1.07394 -0.00748649 0.00106502
869000 1.12482 -0.00947707 0.00110965
870000 1.09996 -0.009572 0.00108447
871000 1.08024 -0.00907395 0.00107024
872000 1.12356 -0.0126952 0.00111002
873000 1.09503 -0.0125989 0.00107931
874000 1.08637 -0.00826451 0.00107755
875000 1.12067 -0.00970636 0.00110418
876000 1.06015 -0.0108817 0.00105024
877000 1.08125 -0.0148066 0.00106362
878000 1.08058 -0.00901964 0.00106771
879000 1.06737 -0.0096494 0.001052
880000 1.13278 -0.00836596 0.00111791
881000 1.09346 -0.00399995 0.00108152
882000 1.09024 -0.00615289 0.00107555
883000 1.12154 -0.00448597 0.00110872
884000 1.07655 -0.00535963 0.00106426
885000 1.09518 -0.00708202 0.00107665
886000 1.12229 -0.00271993 0.00110606
887000 1.0895 -0.005062 0.00107311
888000 1.0954 -0.00656736 0.00107992
889000 1.09948 -0.00772402 0.00108489
890000 1.10867 -0.0086761 0.00109364
891000 1.10812 -0.00888351 0.0010945
892000 1.10023 -0.00330972 0.00108768
893000 1.10296 -0.0129096 0.00108125
894000 1.09365 -0.00484623 0.00107462
895000 1.09692 -0.00968856 0.00107862
896000 1.12965 -0.00875774 0.00111085
897000 1.09112 -0.00501859 0.00108275
898000 1.08735 -0.00855994 0.00108092
899000 1.11984 -0.00622175 0.00110344
900000 1.10604 -0.00451793 0.00109429
901000 1.07382 -0.00311095 0.0010592
902000 1.13436 -0.0103198 0.0011165
903000 1.11859 -0.0154702 0.00110073
904000 1.11405 -0.0101933 0.00109261
905000 1.09925 -0.0147525 0.00107905
906000 1.09532 -0.0111714 0.00107793
907000 1.10713 -0.00790573 0.00109411
908000 1.12066 -0.00741023 0.00110378
909000 1.10673 -0.00733136 0.00109134
910000 1.1172 -0.00655758 0.00110221
911000 1.11153 -0.00787902 0.00109734
912000 1.10682 -0.005922 0.00109493
913000 1.12934 -0.0051759 0.00111343
914000 1.1014 -0.00507528 0.00108801
915000 1.10504 -0.00447496 0.00109405
916000 1.08533 -0.00601867 0.00106749
917000 1.12902 -0.0125461 0.00110853
918000 1.09538 -0.0111961 0.0010728
919000 1.07326 -0.0095424 0.00105209
920000 1.13716 -0.00614475 0.00112063
921000 1.10753 -0.0153383 0.00109048
922000 1.11044 -0.0108162 0.00109397
923000 1.10307 -0.0152611 0.0010861
924000 1.09167 -0.0143081 0.00107146
925000 1.10973 -0.0166274 0.00108828
926000 1.09535 -0.0101085 0.00107938
927000 1.08486 -0.00913846 0.00106534
928000 1.1136 -0.00669371 0.00110195
929000 1.11211 -0.0086112 0.00109421
930000 1.07665 -0.00643825 0.00106167
931000 1.08009 -0.00454597 0.00106494
932000 1.09951 -0.00712278 0.00108303
933000 1.14002 -0.00242286 0.00112932
934000 1.08395 -0.0051226 0.00107274
935000 1.05075 -0.00325671 0.00103851
936000 1.07566 -0.00248333 0.00106525
937000 1.10573 -0.00516181 0.0010946
938000 1.10735 -0.00254617 0.0010954
939000 1.08797 -0.00260759 0.0010742
940000 1.07665 -0.012254 0.00106516
941000 1.12494 -0.00895503 0.00110776
942000 1.08314 -0.00887708 0.00106538
943000 1.12976 -0.00589462 0.00111418
944000 1.0774 -0.00701735 0.00106223
945000 1.13563 -0.00890569 0.00111866
946000 1.13845 -0.00511935 0.00112628
947000 1.08761 -0.00850844 0.00106998
948000 1.10019 -0.00566337 0.00109098
949000 1.07028 -0.00358804 0.00106301
950000 1.10635 -0.005227 0.00109071
951000 1.06388 -0.00623794 0.00105071
952000 1.10772 -0.000389819 0.00109904
953000 1.07583 -0.0066782 0.00106808
954000 1.09099 -0.0037605 0.00107726
955000 1.10169 -0.00402779 0.00108667
956000 1.09026 -0.00828831 0.00107492
957000 1.14656 -0.00760502 0.00113152
958000 1.08899 -0.00625274 0.00107307
959000 1.08617 -0.00335518 0.00107644
960000 1.10451 -0.0111486 0.00108393
961000 1.08768 -0.00744769 0.00106761
962000 1.10881 -0.00650625 0.00109281
963000 1.10645 -0.0143026 0.00109186
964000 1.09879 -0.00674696 0.00108537
965000 1.0924 -0.00606784 0.00107621
966000 1.09362 -0.00691485 0.00108061
967000 1.07648 -0.00359465 0.0010614
968000 1.09366 -0.00284491 0.00108294
969000 1.0862 -0.00438818 0.00106942
970000 1.1067 -0.00287815 0.00109394
971000 1.07446 -0.00663974 0.00105933
972000 1.0835 -0.00385926 0.00107247
973000 1.13458 -0.00546607 0.00111598
974000 1.10956 -0.00315998 0.00109586
975000 1.08751 -0.011438 0.00107224
976000 1.08645 -0.013391 0.0010681
977000 1.0818 -0.0103026 0.00106777
978000 1.13438 -0.0115383 0.00110998
979000 1.07782 -0.00479143 0.00107344
980000 1.1128 -0.00412774 0.00110415
981000 1.08926 -0.00239706 0.00107501
982000 1.09103 -0.00623761 0.00107832
983000 1.13153 -0.00477853 0.00112114
984000 1.07904 -0.00310356 0.00106656
985000 1.10029 -0.00355429 0.00108773
986000 1.11669 -0.00693649 0.0011053
987000 1.07106 -0.00630559 0.00105994
988000 1.10494 -0.0043525 0.00109169
989000 1.09295 -0.00819815 0.00108084
990000 1.11854 -0.013684 0.00109675
991000 1.08447 -0.00709017 0.00107045
992000 1.11157 -0.00529879 0.00109852
993000 1.06092 -0.00509011 0.0010487
994000 1.09926 -0.00537592 0.00109474
995000 1.11805 -0.00448734 0.0011012
996000 1.11547 -0.00485944 0.00110489
997000 1.12942 -0.00176421 0.00111925
998000 1.06405 -0.00680534 0.00104941
999000 1.09886 -0.00427054 0.00108547
1000000 1.06769 -0.0057526 0.00105403
1001000 1.12594 -0.00510223 0.00111023
1002000 1.1054 -0.00324832 0.00109305
1003000 1.08 -0.00258964 0.00106926
1004000 1.12196 -0.00141164 0.00111622
1005000 1.12088 -0.00715343 0.00110587
1006000 1.06416 -0.00749835 0.00104966
1007000 1.11452 -0.010906 0.00109692
1008000 1.11422 -0.000649828 0.00110804
1009000 1.09585 -0.00229145 0.00108356
1010000 1.0879 -0.00247007 0.00107264
1011000 1.10706 -0.0092075 0.00109047
1012000 1.0942 -0.00250495 0.00108253
1013000 1.09806 -0.0116906 0.00107654
1014000 1.1079 -0.00623111 0.00109148
1015000 1.09926 -0.00534033 0.00109009
1016000 1.08436 -0.00333185 0.00107298
1017000 1.08325 -0.00341655 0.00107015
1018000 1.10476 -0.00372712 0.00109155
1019000 1.11163 -0.00258929 0.00109721
1020000 1.06486 -0.00685445 0.0010515
1021000 1.09049 -0.00374627 0.0010791
1022000 1.09094 -0.00417556 0.0010769
1023000 1.09887 -0.0010651 0.00108755
1024000 1.08994 -0.00562996 0.00107482
1025000 1.07835 -0.00778649 0.00106198
1026000 1.08564 -0.00392656 0.00107268
1027000 1.12436 -0.00602227 0.00111395
1028000 1.09909 -0.00493575 0.00108202
1029000 1.1252 -0.00319673 0.00111442
1030000 1.09054 -0.00446246 0.00107795
1031000 1.09975 -0.0018163 0.0010861
1032000 1.08578 -0.00601866 0.00107214
1033000 1.11043 -0.00298316 0.00110082
1034000 1.10356 -0.0100137 0.00109227
1035000 1.10179 -0.00484422 0.0010884
1036000 1.09759 -0.00263039 0.00108529
1037000 1.10379 -0.00542271 0.00108957
1038000 1.07972 -0.00129918 0.00106758
1039000 1.11607 -0.00998272 0.00109499
1040000 1.09253 -0.00699688 0.00107977
1041000 1.06938 -0.00398794 0.00105626
1042000 1.10564 -0.00380279 0.00109795
1043000 1.1125 -0.00140015 0.00110037
1044000 1.09399 -0.0064798 0.0010861
1045000 1.0951 -0.00635129 0.00108101
1046000 1.08471 -0.00795399 0.0010673
1047000 1.11327 -0.00580633 0.00109739
1048000 1.11182 -0.00487618 0.00109624
1049000 1.09904 -0.00667173 0.00108594
1050000 1.09255 -0.00343291 0.00107945
1051000 1.11296 -0.0100967 0.00110084
1052000 1.10793 -0.00519637 0.00109125
1053000 1.08168 -0.00533992 0.001066
1054000 1.08669 -0.00776965 0.00106958
1055000 1.0842 -0.0089385 0.00107003
1056000 1.08652 -0.00539755 0.00107267
1057000 1.10651 -0.00986225 0.00108945
1058000 1.11378 -0.00841273 0.00109941
1059000 1.09614 -0.00670007 0.00108081
1060000 1.10694 -0.00188212 0.00109379
1061000 1.12151 -0.00428326 0.00110678
1062000 1.06506 -0.00556987 0.00105221
1063000 1.11548 -0.010072 0.00110345
1064000 1.12787 -0.00777716 0.00111313
1065000 1.06415 -0.010952 0.00104704
1066000 1.14368 -0.00828152 0.00112499
1067000 1.04667 -0.00778367 0.00103126
1068000 1.12476 -0.00600186 0.00111022
1069000 1.10364 -0.0062683 0.00108789
1070000 1.10043 -0.00369518 0.00108884
1071000 1.10856 -0.00193415 0.00109565
1072000 1.08149 -0.00476539 0.00107036
1073000 1.14565 -0.00776504 0.00112632
1074000 1.0875 -0.00563616 0.00107198
1075000 1.09556 -0.00725325 0.00107899
1076000 1.07682 -0.010063 0.0010613
1077000 1.06674 -0.00427955 0.00106071
1078000 1.09501 -0.00406337 0.00108078
1079000 1.07913 -0.00842502 0.00105908
1080000 1.09837 -0.000440261 0.00109002
1081000 1.08515 -0.00268578 0.00107248
1082000 1.11123 -0.00454037 0.00109739
1083000 1.10353 -0.00627389 0.00109048
1084000 1.06854 -0.0111576 0.00105626
1085000 1.12085 -0.00402718 0.00110593
1086000 1.10402 -0.00520338 0.00108999
1087000 1.07107 -0.00749913 0.0010581
1088000 1.12584 -0.005239 0.00111382
1089000 1.08104 -0.00647994 0.00106558
1090000 1.11139 -0.00768398 0.00109266
1091000 1.08806 -0.00640658 0.00107011
1092000 1.14265 -0.00662632 0.00112788
1093000 1.08462 -0.00801703 0.00106747
1094000 1.09082 -0.00483958 0.00107903
1095000 1.10494 -0.00469663 0.00109143
1096000 1.10456 -0.00686609 0.0010901
1097000 1.06844 -0.00487862 0.00105475
1098000 1.09257 -0.00373942 0.00108116
1099000 1.12713 -0.00559621 0.00111658
1100000 1.06655 -0.00874425 0.00104918
