# Time-averaged data for fix 2
# TimeStep v_Temperature v_PotentialEnergy v_Pressure
1000 1.77849 -0.634665 0.160064
2000 1.88875 -0.558703 0.177795
3000 1.74019 -0.613174 0.154989
4000 1.84915 -0.654125 0.161752
5000 1.72942 -0.63475 0.148877
6000 1.74018 -0.627733 0.154887
7000 1.83483 -0.603306 0.166919
8000 1.83269 -0.619108 0.164506
9000 1.81791 -0.60883 0.169094
10000 1.8032 -0.66599 0.156312
11000 1.85381 -0.620988 0.165336
12000 1.73566 -0.585731 0.162729
13000 1.75658 -0.602949 0.157793
14000 1.79968 -0.620919 0.16227
15000 1.72494 -0.647176 0.149855
16000 1.82631 -0.63442 0.161554
17000 1.81222 -0.636366 0.162618
18000 1.77048 -0.596179 0.156412
19000 1.83476 -0.630503 0.161304
20000 1.80502 -0.633592 0.163584
21000 1.78201 -0.633538 0.158616
22000 1.8165 -0.584662 0.168964
23000 1.74963 -0.630302 0.15782
24000 1.76319 -0.635581 0.16174
25000 1.76473 -0.631134 0.160546
26000 1.82154 -0.682464 0.166542
27000 1.8227 -0.601918 0.164442
28000 1.78748 -0.612555 0.163727
29000 1.85635 -0.591523 0.170863
30000 1.7649 -0.596893 0.159036
31000 1.79267 -0.662288 0.162715
32000 1.84609 -0.683367 0.162723
33000 1.78241 -0.637293 0.156919
34000 1.74214 -0.676977 0.150439
35000 1.7785 -0.603126 0.167671
36000 1.75042 -0.638286 0.153095
37000 1.82158 -0.614392 0.168186
38000 1.74658 -0.665856 0.153007
39000 1.82286 -0.636755 0.165802
40000 1.7633 -0.616017 0.158884
41000 1.80113 -0.628288 0.164359
42000 1.80445 -0.640041 0.157388
43000 1.7246 -0.624089 0.144356
44000 1.8282 -0.610917 0.160775
45000 1.75955 -0.623187 0.154003
46000 1.83609 -0.579735 0.168192
47000 1.82519 -0.616519 0.166269
48000 1.76649 -0.601238 0.158062
49000 1.81904 -0.613183 0.162371
50000 1.77084 -0.654041 0.160126
51000 1.77838 -0.656013 0.157404
52000 1.80975 -0.61637 0.162921
53000 1.83329 -0.591891 0.172135
54000 1.75866 -0.570065 0.163865
55000 1.72635 -0.624386 0.157413
56000 1.76689 -0.629324 0.156846
57000 1.82976 -0.641544 0.166291
58000 1.75388 -0.605184 0.16308
59000 1.83432 -0.655673 0.160461
60000 1.79635 -0.625898 0.161238
61000 1.81721 -0.630096 0.162784
62000 1.84467 -0.576132 0.163975
63000 1.74604 -0.64522 0.155449
64000 1.80792 -0.636232 0.161778
65000 1.78061 -0.641369 0.1627
66000 1.86388 -0.64046 0.168699
67000 1.74264 -0.633692 0.158938
68000 1.80935 -0.609822 0.163661
69000 1.82104 -0.640907 0.161891
70000 1.78678 -0.588526 0.164341
71000 1.79588 -0.62651 0.158273
72000 1.8283 -0.581554 0.168464
73000 1.79821 -0.601476 0.164891
74000 1.80745 -0.625913 0.166141
75000 1.82012 -0.5422 0.166563
76000 1.79404 -0.614448 0.168158
77000 1.74901 -0.658191 0.156621
78000 1.78038 -0.614047 0.15998
79000 1.82507 -0.584954 0.170091
80000 1.80848 -0.613006 0.166991
81000 1.81261 -0.621909 0.161355
82000 1.75063 -0.627122 0.155566
83000 1.81554 -0.624744 0.16294
84000 1.77849 -0.621601 0.159459
85000 1.84035 -0.636563 0.163595
86000 1.75892 -0.587461 0.160657
87000 1.83222 -0.656073 0.165524
88000 1.76437 -0.677971 0.158523
89000 1.80065 -0.618666 0.158263
90000 1.75766 -0.604208 0.157011
91000 1.77947 -0.627593 0.163261
92000 1.7471 -0.590568 0.16412
93000 1.81381 -0.602342 0.162943
94000 1.83698 -0.634355 0.163494
95000 1.83848 -0.681448 0.157674
96000 1.75866 -0.649942 0.162227
97000 1.80935 -0.631495 0.156549
98000 1.80205 -0.618538 0.157827
99000 1.75189 -0.589063 0.15535
100000 1.8571 -0.642512 0.16799
101000 1.84268 -0.580754 0.165794
102000 1.80764 -0.602477 0.165581
103000 1.83688 -0.595215 0.168916
104000 1.78479 -0.636815 0.158802
105000 1.82324 -0.619489 0.162126
106000 1.77126 -0.624601 0.159963
107000 1.76652 -0.635728 0.16125
108000 1.86846 -0.638729 0.17028
109000 1.80422 -0.604416 0.163759
110000 1.77556 -0.633521 0.155469
111000 1.81142 -0.607085 0.160105
112000 1.74295 -0.653497 0.151121
113000 1.81189 -0.659056 0.16367
114000 1.81002 -0.606726 0.167088
115000 1.82771 -0.599814 0.164052
116000 1.78287 -0.622493 0.166239
117000 1.79516 -0.617887 0.161085
118000 1.80532 -0.597661 0.169002
119000 1.81988 -0.608375 0.163382
120000 1.81699 -0.594656 0.169335
121000 1.74477 -0.623789 0.16001
122000 1.84986 -0.608082 0.169978
123000 1.77746 -0.593001 0.158705
124000 1.79683 -0.595067 0.158883
125000 1.74971 -0.597184 0.159602
126000 1.77051 -0.606543 0.166084
127000 1.76816 -0.663385 0.154527
128000 1.82618 -0.635769 0.167434
129000 1.81057 -0.642809 0.161362
130000 1.74681 -0.646148 0.150407
131000 1.85113 -0.626116 0.16181
132000 1.76998 -0.649872 0.162745
133000 1.81904 -0.656615 0.165044
134000 1.79101 -0.586001 0.16091
135000 1.82226 -0.678485 0.170967
136000 1.81083 -0.634294 0.164838
137000 1.78514 -0.650247 0.159022
138000 1.80061 -0.617668 0.163073
139000 1.80744 -0.627062 0.164356
140000 1.76048 -0.644581 0.157178
141000 1.8408 -0.63944 0.165724
142000 1.78294 -0.647453 0.156372
143000 1.74312 -0.654538 0.154599
144000 1.82691 -0.630923 0.170836
145000 1.80416 -0.605325 0.162863
146000 1.79926 -0.610064 0.165148
147000 1.82381 -0.567623 0.171689
148000 1.78102 -0.603188 0.163916
149000 1.85682 -0.646739 0.163544
150000 1.74625 -0.591046 0.157511
151000 1.82059 -0.59958 0.159501
152000 1.8054 -0.616989 0.162079
153000 1.82136 -0.601063 0.172071
154000 1.74561 -0.609907 0.15371
155000 1.78516 -0.633342 0.15838
156000 1.79986 -0.623314 0.163727
157000 1.77567 -0.703954 0.16001
158000 1.76131 -0.679006 0.158476
159000 1.75955 -0.63611 0.162288
160000 1.86785 -0.584483 0.171654
161000 1.81333 -0.588367 0.163504
162000 1.81561 -0.596753 0.170266
163000 1.78518 -0.606646 0.160144
164000 1.7909 -0.635924 0.160377
165000 1.8044 -0.572574 0.162826
166000 1.8162 -0.601242 0.168516
167000 1.79867 -0.613457 0.163297
168000 1.73095 -0.6955 0.153118
169000 1.83001 -0.619201 0.169262
170000 1.78009 -0.608077 0.165141
171000 1.81268 -0.629439 0.162154
172000 1.74414 -0.664491 0.154763
173000 1.81183 -0.616031 0.161679
174000 1.7829 -0.598834 0.162986
175000 1.71894 -0.645525 0.148297
176000 1.80673 -0.608355 0.168084
177000 1.75419 -0.631139 0.153986
178000 1.82599 -0.641973 0.167273
179000 1.70879 -0.596653 0.151936
180000 1.86781 -0.650059 0.166885
181000 1.75868 -0.688188 0.153727
182000 1.8107 -0.624593 0.16925
183000 1.88484 -0.600961 0.171065
184000 1.79923 -0.616839 0.158671
185000 1.82088 -0.658024 0.169819
186000 1.8797 -0.590158 0.171457
187000 1.76722 -0.594259 0.159277
188000 1.74605 -0.602444 0.16325
189000 1.80818 -0.654619 0.166636
190000 1.80674 -0.641537 0.156087
191000 1.79121 -0.600313 0.166825
192000 1.74325 -0.591448 0.154901
193000 1.83916 -0.56936 0.170554
194000 1.77751 -0.624171 0.158747
195000 1.80407 -0.606873 0.161138
196000 1.78402 -0.660559 0.159089
197000 1.80315 -0.688771 0.157783
198000 1.78025 -0.680723 0.156355
199000 1.74704 -0.653288 0.152243
200000 1.85462 -0.61821 0.168139
201000 1.76561 -0.610529 0.154898
202000 1.74586 -0.595926 0.158047
203000 1.81241 -0.611101 0.16285
204000 1.83478 -0.591085 0.168783
205000 1.80426 -0.625274 0.161694
206000 1.80837 -0.627651 0.165658
207000 1.79084 -0.671611 0.15599
208000 1.78519 -0.681846 0.157753
209000 1.83918 -0.592443 0.166218
210000 1.74532 -0.586504 0.156117
211000 1.82054 -0.583249 0.168397
212000 1.81171 -0.637658 0.165951
213000 1.79576 -0.625409 0.160597
214000 1.76008 -0.652988 0.157633
215000 1.84426 -0.647907 0.171668
216000 1.75883 -0.64326 0.154556
217000 1.86238 -0.622847 0.169404
218000 1.76666 -0.600587 0.161504
219000 1.78116 -0.592192 0.160684
220000 1.79422 -0.595995 0.164
221000 1.78092 -0.613537 0.154002
222000 1.83576 -0.640506 0.169189
223000 1.78176 -0.62819 0.153927
224000 1.85678 -0.637749 0.164412
225000 1.73165 -0.686258 0.147398
226000 1.77679 -0.700128 0.157411
227000 1.79243 -0.607715 0.163474
228000 1.84434 -0.670748 0.162248
229000 1.79765 -0.655723 0.156369
230000 1.77244 -0.624358 0.156994
231000 1.80491 -0.602741 0.162156
232000 1.85162 -0.625759 0.166176
233000 1.85839 -0.633376 0.167786
234000 1.81865 -0.601178 0.16798
235000 1.77711 -0.631461 0.162229
236000 1.81747 -0.632515 0.169843
237000 1.81948 -0.668842 0.163433
238000 1.79248 -0.614203 0.168668
239000 1.78746 -0.681597 0.1607
240000 1.80531 -0.694008 0.1627
241000 1.75011 -0.62261 0.156182
242000 1.82741 -0.61466 0.166047
243000 1.72817 -0.606636 0.156221
244000 1.85156 -0.621862 0.168118
245000 1.77672 -0.666526 0.159496
246000 1.77865 -0.604257 0.162816
247000 1.80651 -0.6186 0.163392
248000 1.75165 -0.6615 0.159587
249000 1.79285 -0.660788 0.162554
250000 1.83545 -0.562065 0.168951
251000 1.81465 -0.636522 0.159842
252000 1.82277 -0.620357 0.176295
253000 1.76218 -0.563777 0.163812
254000 1.80494 -0.606696 0.164183
255000 1.85288 -0.619846 0.169529
256000 1.8708 -0.656138 0.161515
257000 1.85649 -0.633738 0.161476
258000 1.75363 -0.623049 0.16012
259000 1.80321 -0.60742 0.162356
260000 1.85522 -0.655031 0.169859
261000 1.80135 -0.626193 0.161577
262000 1.76669 -0.611425 0.160339
263000 1.7823 -0.62225 0.166076
264000 1.84727 -0.627499 0.16822
265000 1.80895 -0.59245 0.16017
266000 1.85472 -0.613238 0.168929
267000 1.76687 -0.594782 0.161259
268000 1.79102 -0.660175 0.155622
269000 1.77184 -0.625142 0.154548
270000 1.76029 -0.579754 0.160932
271000 1.85908 -0.647997 0.166942
272000 1.80593 -0.605361 0.161397
273000 1.79147 -0.671552 0.158773
274000 1.81281 -0.586141 0.165169
275000 1.83025 -0.625289 0.167088
276000 1.81123 -0.598586 0.168254
277000 1.79375 -0.57601 0.164544
278000 1.8117 -0.576801 0.170286
279000 1.82881 -0.587965 0.16364
280000 1.79318 -0.652463 0.15896
281000 1.80679 -0.624675 0.165759
282000 1.8058 -0.621585 0.163847
283000 1.7724 -0.619593 0.160353
284000 1.73443 -0.602105 0.151034
285000 1.8319 -0.60856 0.156094
286000 1.82991 -0.602981 0.169783
287000 1.7986 -0.568902 0.165626
288000 1.82983 -0.612895 0.169036
289000 1.80843 -0.663016 0.162637
290000 1.82024 -0.624321 0.171524
291000 1.86078 -0.58973 0.174129
292000 1.7806 -0.604974 0.161957
293000 1.81858 -0.630562 0.16661
294000 1.75156 -0.662947 0.158407
295000 1.85709 -0.581414 0.17582
296000 1.76665 -0.561477 0.163313
297000 1.83221 -0.613225 0.173451
298000 1.7725 -0.641659 0.163824
299000 1.812 -0.593845 0.164373
300000 1.78739 -0.58428 0.158833
301000 1.81146 -0.628056 0.171316
302000 1.77621 -0.603748 0.159256
303000 1.82329 -0.625208 0.165878
304000 1.82659 -0.597423 0.166337
305000 1.84254 -0.65081 0.163056
306000 1.79826 -0.689523 0.154023
307000 1.78545 -0.599236 0.160264
308000 1.76391 -0.617396 0.157326
309000 1.81492 -0.596595 0.168278
310000 1.78733 -0.658217 0.155747
311000 1.84751 -0.657597 0.169193
312000 1.7983 -0.665283 0.153663
313000 1.79951 -0.628999 0.162158
314000 1.76603 -0.6259 0.157561
315000 1.77875 -0.635443 0.160388
316000 1.8778 -0.594026 0.16514
317000 1.7832 -0.58508 0.165847
318000 1.79108 -0.610955 0.161479
319000 1.78713 -0.607906 0.154938
320000 1.76343 -0.587479 0.154394
321000 1.80824 -0.587495 0.164139
322000 1.76601 -0.639161 0.162598
323000 1.78596 -0.639183 0.158238
324000 1.81889 -0.647983 0.162005
325000 1.75333 -0.614988 0.162337
326000 1.8611 -0.620626 0.169307
327000 1.78471 -0.650252 0.158535
328000 1.75048 -0.66153 0.156361
329000 1.75967 -0.622372 0.157487
330000 1.80406 -0.618519 0.164437
331000 1.81203 -0.654544 0.163526
332000 1.77156 -0.619162 0.162128
333000 1.78372 -0.631855 0.155516
334000 1.84923 -0.624057 0.178362
335000 1.85157 -0.686227 0.169174
336000 1.7779 -0.614708 0.157415
337000 1.83009 -0.594358 0.161475
338000 1.74885 -0.671446 0.150853
339000 1.80339 -0.639649 0.162154
340000 1.78809 -0.643505 0.161697
341000 1.73991 -0.639844 0.15393
342000 1.85126 -0.623574 0.169688
343000 1.76359 -0.616982 0.163018
344000 1.77982 -0.600989 0.160226
345000 1.79025 -0.608425 0.158846
346000 1.7516 -0.628595 0.15469
347000 1.82265 -0.619877 0.165788
348000 1.77439 -0.649061 0.162778
349000 1.82238 -0.555512 0.165392
350000 1.81015 -0.608555 0.164598
351000 1.7496 -0.643303 0.155601
352000 1.86843 -0.632195 0.169212
353000 1.75087 -0.606274 0.160634
354000 1.78014 -0.629751 0.158004
355000 1.81771 -0.619424 0.166975
356000 1.75728 -0.630233 0.161017
357000 1.76798 -0.672673 0.160261
358000 1.7891 -0.684684 0.151757
359000 1.77403 -0.57927 0.165253
360000 1.84084 -0.582035 0.164313
361000 1.80315 -0.62283 0.163017
362000 1.88566 -0.626582 0.171883
363000 1.76804 -0.616021 0.158727
364000 1.80062 -0.607524 0.158663
365000 1.73037 -0.657577 0.150048
366000 1.83463 -0.598517 0.165239
367000 1.8153 -0.587365 0.165624
368000 1.8087 -0.653044 0.166655
369000 1.74231 -0.60571 0.156325
370000 1.83663 -0.585767 0.172974
371000 1.75698 -0.630993 0.154553
372000 1.84455 -0.646451 0.163674
373000 1.79802 -0.657776 0.162445
374000 1.8018 -0.61864 0.166971
375000 1.80368 -0.622751 0.162723
376000 1.77741 -0.638655 0.159377
377000 1.85984 -0.632205 0.166806
378000 1.75396 -0.601151 0.162224
379000 1.83321 -0.609626 0.162729
380000 1.74315 -0.648985 0.153838
381000 1.74255 -0.638789 0.153986
382000 1.80728 -0.616362 0.165895
383000 1.76552 -0.612697 0.160296
384000 1.81842 -0.652441 0.15679
385000 1.83986 -0.621745 0.166501
386000 1.78449 -0.603768 0.160895
387000 1.73754 -0.589762 0.156618
388000 1.81925 -0.624501 0.163343
389000 1.82624 -0.632713 0.156092
390000 1.74184 -0.615334 0.158504
391000 1.75083 -0.605053 0.159787
392000 1.78761 -0.625329 0.163337
393000 1.87309 -0.6483 0.166215
394000 1.74303 -0.65738 0.154405
395000 1.7878 -0.642215 0.160615
396000 1.82171 -0.609434 0.166713
397000 1.81505 -0.636648 0.166555
398000 1.80443 -0.634134 0.160622
399000 1.80969 -0.645498 0.165
400000 1.77127 -0.636625 0.153725
401000 1.79542 -0.67961 0.153963
402000 1.81533 -0.650712 0.161292
403000 1.80358 -0.663671 0.155325
404000 1.75239 -0.618362 0.154957
405000 1.74754 -0.59831 0.157417
406000 1.84403 -0.610989 0.164238
407000 1.82592 -0.615278 0.169488
408000 1.82034 -0.621382 0.163044
409000 1.80208 -0.615952 0.162922
410000 1.81585 -0.653792 0.169051
411000 1.79983 -0.622594 0.169535
412000 1.76 -0.612088 0.153119
413000 1.77685 -0.610179 0.162161
414000 1.78455 -0.636872 0.161279
415000 1.83018 -0.626708 0.166162
416000 1.75683 -0.612444 0.158779
417000 1.85313 -0.629745 0.166654
418000 1.75075 -0.629992 0.159489
419000 1.77236 -0.59536 0.155649
420000 1.82543 -0.627524 0.161076
421000 1.78788 -0.672549 0.160913
422000 1.86711 -0.582171 0.171292
423000 1.74061 -0.668622 0.153354
424000 1.87427 -0.595644 0.176349
425000 1.86825 -0.623706 0.164209
426000 1.79032 -0.662691 0.158581
427000 1.75816 -0.669027 0.159644
428000 1.78282 -0.621231 0.159444
429000 1.81318 -0.635001 0.160449
430000 1.80468 -0.624529 0.162164
431000 1.84316 -0.635071 0.160187
432000 1.82728 -0.634839 0.163648
433000 1.74541 -0.613097 0.153749
434000 1.7869 -0.642874 0.161566
435000 1.80435 -0.618794 0.166143
436000 1.77691 -0.586636 0.167128
437000 1.80185 -0.594487 0.158647
438000 1.79329 -0.608401 0.165035
439000 1.80312 -0.588409 0.161435
440000 1.81126 -0.62021 0.16755
441000 1.79052 -0.624189 0.168451
442000 1.81015 -0.641695 0.162189
443000 1.80923 -0.658293 0.168544
444000 1.80398 -0.634802 0.161606
445000 1.79705 -0.642299 0.163903
446000 1.85649 -0.651003 0.169768
447000 1.79686 -0.660882 0.158016
448000 1.78796 -0.65252 0.157795
449000 1.77009 -0.652636 0.155738
450000 1.83843 -0.586877 0.169981
451000 1.79094 -0.646813 0.160376
452000 1.79601 -0.569791 0.160629
453000 1.74342 -0.586556 0.159355
454000 1.73916 -0.644481 0.158773
455000 1.84967 -0.602115 0.166371
456000 1.79133 -0.62039 0.164453
457000 1.77268 -0.622114 0.161668
458000 1.79986 -0.610572 0.155965
459000 1.73784 -0.675672 0.151275
460000 1.79869 -0.700561 0.164885
461000 1.74438 -0.617045 0.159906
462000 1.84535 -0.639262 0.162185
463000 1.78627 -0.606313 0.158321
464000 1.78003 -0.643671 0.15659
465000 1.81055 -0.629449 0.158529
466000 1.80395 -0.602101 0.164806
467000 1.8459 -0.618432 0.17507
468000 1.78518 -0.669127 0.157755
469000 1.80214 -0.642098 0.158168
470000 1.79884 -0.698719 0.162038
471000 1.80436 -0.635281 0.15604
472000 1.73508 -0.616896 0.151245
473000 1.78881 -0.706333 0.153882
474000 1.79584 -0.675363 0.160229
475000 1.83436 -0.623548 0.16701
476000 1.73737 -0.576222 0.16007
477000 1.8465 -0.618073 0.166082
478000 1.73199 -0.619709 0.155558
479000 1.81693 -0.620254 0.167814
480000 1.76587 -0.645991 0.159554
481000 1.80639 -0.58925 0.162173
482000 1.78173 -0.613384 0.156465
483000 1.83735 -0.652876 0.162109
484000 1.83323 -0.605581 0.165657
485000 1.76589 -0.634023 0.160501
486000 1.74367 -0.651012 0.155861
487000 1.79849 -0.61157 0.159329
488000 1.7951 -0.652993 0.162276
489000 1.80392 -0.639464 0.165235
490000 1.74349 -0.624644 0.167093
491000 1.80995 -0.640847 0.162761
492000 1.82097 -0.600615 0.165965
493000 1.76461 -0.604941 0.161007
494000 1.76811 -0.611249 0.160443
495000 1.86813 -0.618859 0.163433
496000 1.77066 -0.605317 0.158784
497000 1.83624 -0.623891 0.163489
498000 1.78864 -0.679499 0.163545
499000 1.79332 -0.635656 0.158828
500000 1.83087 -0.621493 0.162673
501000 1.78555 -0.618857 0.164251
502000 1.79115 -0.580304 0.157716
503000 1.84728 -0.63451 0.170608
504000 1.71932 -0.635829 0.151705
505000 1.79072 -0.605934 0.159394
506000 1.85392 -0.583901 0.170681
507000 1.82623 -0.656008 0.157747
508000 1.78951 -0.627701 0.159707
509000 1.78176 -0.631796 0.168243
510000 1.81361 -0.644065 0.159263
511000 1.75252 -0.60601 0.161164
512000 1.80482 -0.590652 0.167033
513000 1.83654 -0.583172 0.174544
514000 1.79499 -0.612102 0.166309
515000 1.81121 -0.636643 0.166562
516000 1.74648 -0.607401 0.157086
517000 1.83235 -0.648192 0.166493
518000 1.84428 -0.600693 0.166766
519000 1.7425 -0.66824 0.149078
520000 1.81694 -0.643322 0.15766
521000 1.8385 -0.581284 0.175715
522000 1.83592 -0.621788 0.169131
523000 1.80471 -0.620125 0.162767
524000 1.79759 -0.595294 0.1667
525000 1.74891 -0.659835 0.155817
526000 1.7901 -0.643071 0.161458
527000 1.80322 -0.612147 0.156572
528000 1.7977 -0.662481 0.157735
529000 1.80581 -0.638484 0.162701
530000 1.77368 -0.627424 0.162711
531000 1.84322 -0.584732 0.171461
532000 1.73713 -0.585765 0.15691
533000 1.81736 -0.602683 0.168785
534000 1.82894 -0.613988 0.164242
535000 1.76802 -0.613119 0.152759
536000 1.79456 -0.595637 0.169696
537000 1.82136 -0.595612 0.169428
538000 1.81681 -0.636905 0.156759
539000 1.79667 -0.570541 0.163357
540000 1.82307 -0.599346 0.164346
541000 1.80854 -0.579495 0.171903
542000 1.84506 -0.653636 0.169281
543000 1.84037 -0.610489 0.16522
544000 1.80807 -0.626276 0.163768
545000 1.80858 -0.622941 0.165029
546000 1.78081 -0.62984 0.159854
547000 1.79099 -0.61229 0.164633
548000 1.82158 -0.621814 0.161926
549000 1.77511 -0.633569 0.156208
550000 1.79282 -0.647805 0.16004
551000 1.77574 -0.607172 0.162522
552000 1.79746 -0.615403 0.159532
553000 1.82152 -0.652911 0.161892
554000 1.82767 -0.57139 0.171011
555000 1.78055 -0.637078 0.15977
556000 1.84675 -0.623939 0.16078
557000 1.8191 -0.632477 0.164361
558000 1.84274 -0.610663 0.164656
559000 1.81925 -0.599079 0.170004
560000 1.79449 -0.646117 0.157535
561000 1.85308 -0.568556 0.1707
562000 1.74496 -0.613263 0.155295
563000 1.88507 -0.636844 0.171144
564000 1.79148 -0.603576 0.159167
565000 1.82362 -0.613398 0.163472
566000 1.77279 -0.671068 0.157416
567000 1.83399 -0.618201 0.165286
568000 1.82237 -0.607631 0.163174
569000 1.75197 -0.6502 0.157461
570000 1.80952 -0.63782 0.163356
571000 1.88259 -0.686652 0.16763
572000 1.75639 -0.628198 0.162886
573000 1.85944 -0.630848 0.167138
574000 1.75964 -0.622317 0.155152
575000 1.76623 -0.63291 0.155103
576000 1.76008 -0.646883 0.153109
577000 1.82988 -0.626907 0.168289
578000 1.8385 -0.64384 0.168241
579000 1.84387 -0.627236 0.170752
580000 1.80605 -0.650533 0.163683
581000 1.8677 -0.604731 0.16662
582000 1.83137 -0.64579 0.162127
583000 1.83249 -0.64448 0.160578
584000 1.8352 -0.587494 0.167811
585000 1.75125 -0.619275 0.165264
586000 1.81921 -0.60313 0.164333
587000 1.80429 -0.599616 0.163765
588000 1.77195 -0.616939 0.165391
589000 1.7993 -0.65654 0.155557
590000 1.80398 -0.599817 0.163201
591000 1.82986 -0.649477 0.157095
592000 1.79652 -0.636755 0.158399
593000 1.79634 -0.662464 0.159957
594000 1.77932 -0.603999 0.167596
595000 1.75561 -0.654703 0.159156
596000 1.85119 -0.61011 0.172979
597000 1.72747 -0.630971 0.147816
598000 1.8494 -0.599748 0.164069
599000 1.79858 -0.616807 0.164577
600000 1.85429 -0.621757 0.173803
601000 1.77949 -0.556403 0.159409
602000 1.75518 -0.645503 0.160568
603000 1.85277 -0.607564 0.164707
604000 1.78363 -0.660392 0.160295
605000 1.82251 -0.645084 0.164007
606000 1.75676 -0.686416 0.154317
607000 1.82488 -0.717582 0.163284
608000 1.77183 -0.640099 0.155078
609000 1.81741 -0.629823 0.167577
610000 1.782 -0.638345 0.154724
611000 1.83234 -0.61933 0.16171
612000 1.79403 -0.61995 0.159832
613000 1.79586 -0.630451 0.163246
614000 1.76203 -0.631582 0.1542
615000 1.79257 -0.644365 0.156875
616000 1.79821 -0.611123 0.164542
617000 1.72515 -0.640883 0.149182
618000 1.79001 -0.64292 0.158269
619000 1.79201 -0.64868 0.158795
620000 1.88016 -0.584225 0.179491
621000 1.79558 -0.631653 0.164523
622000 1.83841 -0.622894 0.167008
623000 1.81975 -0.6459 0.167493
624000 1.83037 -0.627759 0.167869
625000 1.79149 -0.6192 0.158257
626000 1.79276 -0.606835 0.162844
627000 1.82443 -0.609272 0.165698
628000 1.73847 -0.649779 0.151992
629000 1.84079 -0.635098 0.166526
630000 1.73726 -0.659003 0.151195
631000 1.84877 -0.59688 0.17675
632000 1.80136 -0.654486 0.16224
633000 1.78359 -0.619881 0.163823
634000 1.81203 -0.624839 0.165399
635000 1.8023 -0.594126 0.157117
636000 1.80088 -0.609632 0.160453
637000 1.78578 -0.64053 0.153954
638000 1.81155 -0.574045 0.170811
639000 1.75836 -0.533618 0.169385
640000 1.78599 -0.633596 0.158005
641000 1.84209 -0.638297 0.16524
642000 1.8136 -0.603215 0.166463
643000 1.84243 -0.679707 0.164696
644000 1.76272 -0.599377 0.157998
645000 1.82225 -0.586458 0.165212
646000 1.78212 -0.632123 0.162036
647000 1.82424 -0.61939 0.163066
648000 1.83403 -0.687243 0.165351
649000 1.82443 -0.632251 0.165377
650000 1.81668 -0.658847 0.16436
651000 1.83349 -0.57709 0.168686
652000 1.77225 -0.686545 0.154616
653000 1.82767 -0.661911 0.164616
654000 1.7609 -0.633103 0.155954
655000 1.83605 -0.675388 0.158219
656000 1.75781 -0.603273 0.15432
657000 1.79907 -0.614549 0.164497
658000 1.82915 -0.596838 0.168203
659000 1.87629 -0.603083 0.171182
660000 1.78117 -0.603687 0.165074
661000 1.82693 -0.614308 0.168941
662000 1.83465 -0.620499 0.16326
663000 1.79403 -0.630163 0.164905
664000 1.84545 -0.582809 0.174325
665000 1.78229 -0.602768 0.166165
666000 1.80288 -0.636533 0.162878
667000 1.85778 -0.59858 0.17456
668000 1.79659 -0.632384 0.162997
669000 1.78996 -0.612783 0.159301
670000 1.80761 -0.638772 0.153406
671000 1.77444 -0.68838 0.152876
672000 1.76462 -0.641249 0.156487
673000 1.77719 -0.619641 0.162004
674000 1.84267 -0.602824 0.170485
675000 1.83365 -0.56142 0.171856
676000 1.80711 -0.633906 0.169981
677000 1.79388 -0.637961 0.157552
678000 1.74244 -0.627322 0.15631
679000 1.79543 -0.665727 0.152957
680000 1.79967 -0.63763 0.1606
681000 1.77015 -0.619999 0.156112
682000 1.82868 -0.602384 0.165793
683000 1.77223 -0.700294 0.159097
684000 1.86911 -0.604376 0.169703
685000 1.76925 -0.598494 0.161838
686000 1.7455 -0.574549 0.160318
687000 1.87034 -0.587093 0.174111
688000 1.76558 -0.595909 0.156743
689000 1.79349 -0.620614 0.159484
690000 1.80412 -0.633104 0.162936
691000 1.8073 -0.584964 0.168219
692000 1.82182 -0.63496 0.158016
693000 1.74382 -0.664197 0.156509
694000 1.84895 -0.643721 0.170734
695000 1.77127 -0.592586 0.162876
696000 1.81149 -0.6413 0.157758
697000 1.8468 -0.651323 0.169934
698000 1.77768 -0.585715 0.167007
699000 1.80421 -0.6161 0.164054
700000 1.79019 -0.623842 0.160182
701000 1.78208 -0.646336 0.15757
702000 1.79512 -0.586958 0.171127
703000 1.75388 -0.643073 0.153974
704000 1.82378 -0.631441 0.160644
705000 1.76707 -0.588221 0.163317
706000 1.79908 -0.674619 0.160365
707000 1.80458 -0.622066 0.161791
708000 1.78212 -0.643077 0.162168
709000 1.80257 -0.642077 0.159058
710000 1.75997 -0.626023 0.15262
711000 1.83658 -0.646493 0.167963
712000 1.78178 -0.609631 0.162188
713000 1.8161 -0.589804 0.174096
714000 1.80634 -0.615831 0.171165
715000 1.84675 -0.610309 0.167997
716000 1.79045 -0.637508 0.157484
717000 1.81777 -0.632299 0.166402
718000 1.81986 -0.63613 0.161854
719000 1.77182 -0.661765 0.154594
720000 1.79226 -0.618649 0.163521
721000 1.80361 -0.602599 0.168722
722000 1.86315 -0.630057 0.170494
723000 1.84654 -0.579294 0.170987
724000 1.78037 -0.601405 0.158862
725000 1.85123 -0.628959 0.165323
726000 1.79343 -0.615481 0.159273
727000 1.83143 -0.595153 0.16964
728000 1.80014 -0.598505 0.160255
729000 1.8416 -0.632932 0.16243
730000 1.86095 -0.625607 0.168874
731000 1.78792 -0.643708 0.161529
732000 1.81077 -0.647165 0.164025
733000 1.85746 -0.612505 0.173453
734000 1.76206 -0.660712 0.154245
735000 1.85609 -0.650327 0.166963
736000 1.74619 -0.595159 0.160401
737000 1.82885 -0.611688 0.167937
738000 1.76648 -0.644558 0.156183
739000 1.86338 -0.599109 0.166577
740000 1.75176 -0.637633 0.158202
741000 1.84221 -0.634518 0.161522
742000 1.80044 -0.612689 0.163314
743000 1.74226 -0.607868 0.155578
744000 1.80662 -0.670873 0.16224
745000 1.80059 -0.609786 0.166077
746000 1.82791 -0.642901 0.161104
747000 1.80719 -0.546845 0.165455
748000 1.7859 -0.62184 0.158421
749000 1.77363 -0.622137 0.162954
750000 1.86437 -0.605562 0.165264
751000 1.79623 -0.627809 0.161278
752000 1.80914 -0.625998 0.161365
753000 1.83203 -0.625781 0.162485
754000 1.77199 -0.611933 0.164143
755000 1.7846 -0.602787 0.163012
756000 1.83401 -0.605779 0.1721
757000 1.7852 -0.612775 0.161648
758000 1.78429 -0.598862 0.159691
759000 1.74901 -0.597417 0.160787
760000 1.76975 -0.665449 0.151242
761000 1.76886 -0.590075 0.158948
762000 1.85457 -0.610138 0.167177
763000 1.84652 -0.631857 0.160895
764000 1.78039 -0.628843 0.159358
765000 1.77802 -0.611999 0.160826
766000 1.80977 -0.603948 0.163736
767000 1.86314 -0.579978 0.174025
768000 1.76206 -0.594943 0.158888
769000 1.83704 -0.578574 0.170336
770000 1.7548 -0.599235 0.163781
771000 1.80478 -0.605094 0.164635
772000 1.74494 -0.654941 0.153966
773000 1.78796 -0.615815 0.164206
774000 1.84893 -0.613407 0.16758
775000 1.83384 -0.61476 0.16644
776000 1.7745 -0.555059 0.160821
777000 1.76672 -0.610686 0.160676
778000 1.83674 -0.62051 0.179207
779000 1.77149 -0.659182 0.159306
780000 1.84281 -0.577326 0.169529
781000 1.7794 -0.578912 0.166932
782000 1.85664 -0.579314 0.170076
783000 1.79376 -0.581057 0.163733
784000 1.79654 -0.608661 0.165323
785000 1.82072 -0.612511 0.168146
786000 1.79237 -0.652734 0.164328
787000 1.75741 -0.671744 0.156697
788000 1.82508 -0.629214 0.172686
789000 1.78193 -0.628871 0.158708
790000 1.85376 -0.606454 0.160676
791000 1.74763 -0.599983 0.160534
792000 1.80334 -0.599572 0.166917
793000 1.79834 -0.658883 0.164922
794000 1.83762 -0.629956 0.159118
795000 1.82622 -0.625194 0.16924
796000 1.87645 -0.623894 0.170563
797000 1.72693 -0.599609 0.155863
798000 1.82563 -0.610557 0.167632
799000 1.76539 -0.612889 0.159618
800000 1.81279 -0.623816 0.158842
801000 1.78524 -0.63135 0.169144
802000 1.8269 -0.61107 0.160481
803000 1.81516 -0.640236 0.169613
804000 1.84697 -0.649735 0.167936
805000 1.84094 -0.667633 0.165782
806000 1.73698 -0.616532 0.151965
807000 1.81448 -0.632065 0.164612
808000 1.84669 -0.58073 0.166999
809000 1.79951 -0.588029 0.167385
810000 1.78267 -0.635661 0.154589
811000 1.87071 -0.592176 0.165305
812000 1.78571 -0.59607 0.164431
813000 1.82599 -0.619653 0.164471
814000 1.81166 -0.660694 0.165169
815000 1.77533 -0.613604 0.15424
816000 1.78533 -0.628084 0.162869
817000 1.79498 -0.655479 0.159719
818000 1.81275 -0.606932 0.16278
819000 1.79013 -0.626816 0.158747
820000 1.85498 -0.606827 0.169454
821000 1.84849 -0.585715 0.177353
822000 1.8146 -0.633005 0.167147
823000 1.74837 -0.626875 0.160773
824000 1.73813 -0.58317 0.164818
825000 1.83162 -0.594919 0.16504
826000 1.85072 -0.641817 0.174028
827000 1.7697 -0.607501 0.161469
828000 1.76814 -0.635119 0.160607
829000 1.77567 -0.619039 0.155232
830000 1.78261 -0.65285 0.159114
831000 1.83215 -0.678869 0.161706
832000 1.77384 -0.64416 0.159409
833000 1.73733 -0.624191 0.153831
834000 1.80329 -0.601814 0.163262
835000 1.74686 -0.604212 0.15615
836000 1.83654 -0.590445 0.163614
837000 1.81554 -0.61278 0.163408
838000 1.76045 -0.629578 0.162876
839000 1.83427 -0.62459 0.165411
840000 1.82237 -0.641237 0.165342
841000 1.73317 -0.587966 0.160467
842000 1.76446 -0.560069 0.159362
843000 1.82511 -0.565974 0.173082
844000 1.80896 -0.62879 0.167539
845000 1.7807 -0.67876 0.157293
846000 1.79839 -0.604406 0.16722
847000 1.837 -0.620909 0.165712
848000 1.80098 -0.62356 0.168715
849000 1.71589 -0.64408 0.147011
850000 1.8747 -0.615502 0.169837
851000 1.75536 -0.64046 0.160129
852000 1.82691 -0.578426 0.16785
853000 1.84202 -0.606358 0.169242
854000 1.77247 -0.59426 0.163315
855000 1.78879 -0.622827 0.158453
856000 1.75705 -0.58841 0.164881
857000 1.83806 -0.561822 0.173429
858000 1.81678 -0.616337 0.16523
859000 1.87365 -0.583148 0.168467
860000 1.79929 -0.532483 0.165439
861000 1.83059 -0.592824 0.169821
862000 1.76098 -0.669633 0.159119
863000 1.80102 -0.614467 0.159483
864000 1.80786 -0.604733 0.166876
865000 1.76832 -0.615589 0.156754
866000 1.81808 -0.63621 0.162624
867000 1.79567 -0.61106 0.166729
868000 1.8064 -0.610793 0.162175
869000 1.81874 -0.668909 0.169259
870000 1.75521 -0.58149 0.161419
871000 1.76987 -0.633799 0.164021
872000 1.79123 -0.644085 0.161907
873000 1.85411 -0.645321 0.161078
874000 1.72439 -0.605259 0.144771
875000 1.87203 -0.645735 0.169809
876000 1.79093 -0.688177 0.16479
877000 1.78095 -0.612078 0.160153
878000 1.76756 -0.623408 0.164192
879000 1.80637 -0.587888 0.163615
880000 1.84481 -0.615955 0.162352
881000 1.80727 -0.581166 0.165095
882000 1.75874 -0.613173 0.156376
883000 1.80099 -0.602785 0.159666
884000 1.7776 -0.64485 0.159912
885000 1.78989 -0.608736 0.161473
886000 1.87809 -0.59362 0.172822
887000 1.73758 -0.620199 0.155854
888000 1.75648 -0.609277 0.154405
889000 1.81291 -0.620134 0.163209
890000 1.81419 -0.624818 0.16207
891000 1.78065 -0.650339 0.161697
892000 1.78342 -0.649442 0.156404
893000 1.75758 -0.624779 0.154418
894000 1.82787 -0.589404 0.16415
895000 1.84901 -0.638339 0.168601
896000 1.7943 -0.621364 0.167421
897000 1.75393 -0.695819 0.156189
898000 1.81189 -0.686347 0.156871
899000 1.73078 -0.653364 0.153241
900000 1.81424 -0.615708 0.170277
901000 1.77107 -0.606483 0.165897
902000 1.807 -0.572406 0.16475
903000 1.8327 -0.629845 0.170262
904000 1.81537 -0.661271 0.162836
905000 1.76762 -0.642336 0.154066
906000 1.84194 -0.644454 0.161075
907000 1.76549 -0.644947 0.156708
908000 1.78991 -0.639969 0.160518
909000 1.79019 -0.627951 0.166097
910000 1.77594 -0.666468 0.159657
911000 1.82321 -0.621523 0.164474
912000 1.85057 -0.591111 0.166725
913000 1.73424 -0.606843 0.156234
914000 1.78082 -0.616971 0.157016
915000 1.76881 -0.631843 0.153858
916000 1.72699 -0.654519 0.14588
917000 1.82445 -0.609668 0.171913
918000 1.82224 -0.560139 0.168507
919000 1.75331 -0.642103 0.162178
920000 1.75346 -0.648902 0.155134
921000 1.807 -0.630445 0.160356
922000 1.85697 -0.680512 0.170471
923000 1.74735 -0.610399 0.161538
924000 1.81267 -0.563649 0.170898
925000 1.77947 -0.595074 0.161072
926000 1.77897 -0.708354 0.158106
927000 1.7808 -0.645148 0.163044
928000 1.76156 -0.618627 0.162472
929000 1.86403 -0.59972 0.174819
930000 1.74819 -0.657072 0.149686
931000 1.86815 -0.587151 0.175263
932000 1.79032 -0.62386 0.15566
933000 1.80798 -0.643683 0.160443
934000 1.7847 -0.629761 0.160865
935000 1.84538 -0.642606 0.165112
936000 1.86042 -0.594924 0.173153
937000 1.7939 -0.586964 0.161479
938000 1.73371 -0.626883 0.150078
939000 1.87813 -0.578257 0.170286
940000 1.81212 -0.619381 0.170486
941000 1.77462 -0.638411 0.157938
942000 1.8117 -0.60423 0.162289
943000 1.7959 -0.625489 0.165316
944000 1.84595 -0.633155 0.169137
945000 1.75453 -0.626381 0.151945
946000 1.81851 -0.595812 0.170766
947000 1.82357 -0.599181 0.167295
948000 1.76993 -0.649116 0.159632
949000 1.78745 -0.648897 0.154545
950000 1.83344 -0.637678 0.166099
951000 1.80687 -0.627356 0.164457
952000 1.82397 -0.633176 0.165169
953000 1.78388 -0.670017 0.16113
954000 1.73048 -0.625558 0.153459
955000 1.81795 -0.62398 0.165301
956000 1.79018 -0.628441 0.168542
957000 1.77847 -0.644904 0.161642
958000 1.77296 -0.634885 0.160163
959000 1.81659 -0.630042 0.161201
960000 1.76586 -0.620319 0.158382
961000 1.80013 -0.647719 0.164164
962000 1.82281 -0.636868 0.169586
963000 1.79246 -0.61155 0.160469
964000 1.81081 -0.609433 0.163914
965000 1.73325 -0.650112 0.15507
966000 1.84892 -0.627798 0.164315
967000 1.81037 -0.57096 0.170741
968000 1.74939 -0.625802 0.157419
969000 1.73215 -0.613522 0.152161
970000 1.8571 -0.611089 0.173882
971000 1.78579 -0.639921 0.158662
972000 1.80842 -0.600423 0.16659
973000 1.72692 -0.585838 0.162503
974000 1.78203 -0.637767 0.162343
975000 1.84679 -0.637691 0.16812
976000 1.81768 -0.605676 0.160938
977000 1.80924 -0.571361 0.160954
978000 1.82986 -0.616275 0.162874
979000 1.82036 -0.635941 0.16827
980000 1.80206 -0.657993 0.152489
981000 1.85403 -0.609764 0.169541
982000 1.78573 -0.561876 0.162804
983000 1.80547 -0.679254 0.156956
984000 1.781 -0.619217 0.165336
985000 1.85248 -0.60831 0.171247
986000 1.7984 -0.657597 0.166228
987000 1.73439 -0.653057 0.154491
988000 1.79473 -0.61371 0.15955
989000 1.84418 -0.617401 0.167589
990000 1.82573 -0.626425 0.167861
991000 1.81224 -0.652459 0.162207
992000 1.80112 -0.607448 0.169316
993000 1.80777 -0.587429 0.170706
994000 1.82537 -0.597306 0.165469
995000 1.76544 -0.634778 0.156476
996000 1.84424 -0.621588 0.165224
997000 1.86352 -0.642324 0.170468
998000 1.73415 -0.63079 0.158888
999000 1.82039 -0.627074 0.162497
1000000 1.86343 -0.648721 0.165773
1001000 1.7744 -0.671896 0.15692
1002000 1.85135 -0.674533 0.169377
1003000 1.83571 -0.664069 0.173971
1004000 1.79627 -0.589637 0.160698
1005000 1.85039 -0.61439 0.169135
1006000 1.78418 -0.612435 0.159325
1007000 1.81903 -0.606474 0.173447
1008000 1.7698 -0.607436 0.158602
1009000 1.7647 -0.662179 0.155267
1010000 1.76486 -0.612212 0.159883
1011000 1.83276 -0.591863 0.165646
1012000 1.80836 -0.596948 0.162714
1013000 1.75154 -0.680473 0.15468
1014000 1.85526 -0.588339 0.175973
1015000 1.79776 -0.61892 0.157371
1016000 1.74382 -0.681793 0.15151
1017000 1.86708 -0.617377 0.173088
1018000 1.81583 -0.618771 0.163746
1019000 1.82 -0.597887 0.168259
1020000 1.76769 -0.59691 0.15989
1021000 1.78622 -0.596218 0.153515
1022000 1.74488 -0.598247 0.159203
1023000 1.85697 -0.630022 0.169773
1024000 1.77684 -0.696932 0.157135
1025000 1.77786 -0.659825 0.159592
1026000 1.8398 -0.65672 0.161478
1027000 1.80899 -0.550529 0.16692
1028000 1.78927 -0.632651 0.166254
1029000 1.78094 -0.639024 0.157733
1030000 1.81255 -0.629545 0.165536
1031000 1.79928 -0.626183 0.157615
1032000 1.82473 -0.616201 0.168919
1033000 1.73641 -0.700118 0.148123
1034000 1.81872 -0.627918 0.163279
1035000 1.79825 -0.644981 0.16734
1036000 1.84226 -0.62737 0.164326
1037000 1.83397 -0.642403 0.171111
1038000 1.82224 -0.634255 0.165435
1039000 1.77733 -0.613592 0.157222
1040000 1.74296 -0.615681 0.152348
1041000 1.85112 -0.626983 0.163518
1042000 1.77658 -0.621672 0.158626
1043000 1.76169 -0.599891 0.162368
1044000 1.79206 -0.623411 0.161623
1045000 1.75442 -0.630334 0.158548
1046000 1.83333 -0.62759 0.167527
1047000 1.76967 -0.659061 0.15381
1048000 1.82332 -0.618046 0.164382
1049000 1.79837 -0.620979 0.166115
1050000 1.7534 -0.654046 0.156007
1051000 1.73591 -0.617984 0.154344
1052000 1.88398 -0.585036 0.166908
1053000 1.7932 -0.687003 0.159887
1054000 1.76314 -0.640789 0.161579
1055000 1.85524 -0.606235 0.168705
1056000 1.83368 -0.624547 0.164288
1057000 1.78083 -0.636611 0.158463
1058000 1.84167 -0.617823 0.165915
1059000 1.74833 -0.626891 0.161656
1060000 1.86675 -0.666251 0.165762
1061000 1.80632 -0.594825 0.165145
1062000 1.76742 -0.619368 0.16095
1063000 1.84077 -0.611936 0.170245
1064000 1.75767 -0.636171 0.158036
1065000 1.82497 -0.654543 0.167958
1066000 1.793 -0.613081 0.16292
1067000 1.78935 -0.623339 0.164505
1068000 1.77846 -0.632515 0.164516
1069000 1.84177 -0.674199 0.162109
1070000 1.80144 -0.677088 0.155261
1071000 1.84983 -0.587548 0.171721
1072000 1.81855 -0.612393 0.161024
1073000 1.72123 -0.641977 0.154513
1074000 1.8517 -0.648112 0.173458
1075000 1.77191 -0.642275 0.164192
1076000 1.77125 -0.643862 0.159853
1077000 1.80509 -0.663272 0.158175
1078000 1.83237 -0.589122 0.168824
1079000 1.78063 -0.641019 0.157711
1080000 1.76108 -0.625243 0.161789
1081000 1.79804 -0.601974 0.163077
1082000 1.84828 -0.642794 0.170691
1083000 1.86208 -0.614187 0.171455
1084000 1.79875 -0.603946 0.165923
1085000 1.77576 -0.601804 0.157453
1086000 1.8395 -0.597039 0.172036
1087000 1.796 -0.624803 0.164169
1088000 1.78791 -0.666051 0.164135
1089000 1.86187 -0.624168 0.172544
1090000 1.72996 -0.657937 0.155341
1091000 1.82268 -0.605749 0.159449
1092000 1.81688 -0.602327 0.168182
1093000 1.80152 -0.642402 0.159101
1094000 1.81259 -0.635659 0.159045
1095000 1.85076 -0.604142 0.169088
1096000 1.79212 -0.629279 0.160403
1097000 1.76578 -0.661035 0.154166
1098000 1.79531 -0.594082 0.166426
1099000 1.73696 -0.613515 0.15576
1100000 1.76312 -0.592828 0.156302
