# Time-averaged data for fix 2
# TimeStep v_Temperature v_PotentialEnergy v_Pressure
1000 1.21899 -0.0763145 0.0116397
2000 1.21747 -0.0805891 0.0116943
3000 1.19229 -0.0829613 0.0115595
4000 1.19348 -0.0858627 0.0113807
5000 1.22916 -0.0685516 0.0118779
6000 1.1649 -0.0736541 0.0111375
7000 1.16404 -0.0806223 0.01108
8000 1.19352 -0.0614903 0.0115732
9000 1.21871 -0.0640889 0.011872
10000 1.19875 -0.0856621 0.0114028
11000 1.20683 -0.0721661 0.0116163
12000 1.25206 -0.0842971 0.0119221
13000 1.20631 -0.0792784 0.0115858
14000 1.18624 -0.0679955 0.0114757
15000 1.19308 -0.0814955 0.0114266
16000 1.21618 -0.0856135 0.0116617
17000 1.18334 -0.0790049 0.0112494
18000 1.20281 -0.0769626 0.0117313
19000 1.20132 -0.0763393 0.0115578
20000 1.19745 -0.0731096 0.011418
21000 1.2027 -0.0684384 0.0116656
22000 1.19773 -0.054917 0.0115759
23000 1.17761 -0.059266 0.011394
24000 1.21984 -0.055776 0.0118998
25000 1.18958 -0.0627729 0.0114148
26000 1.23787 -0.0742353 0.0119987
27000 1.16099 -0.072287 0.0111616
28000 1.20384 -0.0810178 0.0114922
29000 1.18941 -0.0669067 0.0114869
30000 1.22713 -0.0631073 0.0117275
31000 1.22151 -0.0710938 0.0119157
32000 1.17056 -0.0746992 0.0112133
33000 1.15396 -0.0707049 0.0112783
34000 1.18201 -0.0722617 0.0114541
35000 1.21002 -0.0696888 0.0116321
36000 1.17765 -0.088462 0.0112661
37000 1.21337 -0.077645 0.0119175
38000 1.1817 -0.0761605 0.0113846
39000 1.1961 -0.0591213 0.0115725
40000 1.2035 -0.0794856 0.011547
41000 1.21358 -0.0600696 0.011621
42000 1.21511 -0.0710764 0.0116498
43000 1.1558 -0.0799546 0.0108864
44000 1.21373 -0.0657435 0.0116262
45000 1.22177 -0.0611025 0.0119079
46000 1.18832 -0.0716374 0.0115502
47000 1.2308 -0.0960168 0.0117344
48000 1.20416 -0.089794 0.0114745
49000 1.18475 -0.0882356 0.0112526
50000 1.25619 -0.077134 0.0120997
51000 1.2181 -0.0691335 0.0117004
52000 1.20967 -0.060526 0.0118361
53000 1.18549 -0.0790106 0.0113858
54000 1.20478 -0.0750403 0.0114583
55000 1.22191 -0.0654669 0.0118673
56000 1.17621 -0.0625445 0.0113713
57000 1.19583 -0.0722231 0.0115327
58000 1.22087 -0.0768088 0.011694
59000 1.20059 -0.0725772 0.0114823
60000 1.19083 -0.0861943 0.0112942
61000 1.21448 -0.0847747 0.0116081
62000 1.15762 -0.104481 0.0109003
63000 1.19298 -0.089906 0.0113094
64000 1.1952 -0.0884308 0.0112959
65000 1.2137 -0.080124 0.011764
66000 1.20354 -0.0794456 0.0115287
67000 1.16643 -0.0942556 0.0110996
68000 1.21604 -0.0671832 0.0116854
69000 1.19234 -0.0710642 0.01157
70000 1.19088 -0.0818944 0.0113592
71000 1.20414 -0.085221 0.0116598
72000 1.2357 -0.0946095 0.0116314
73000 1.22514 -0.0700486 0.0116422
74000 1.1638 -0.061503 0.0112187
75000 1.20503 -0.0536993 0.0117099
76000 1.2099 -0.0453943 0.0118144
77000 1.18284 -0.0659902 0.0114201
78000 1.1944 -0.0740455 0.0116017
79000 1.2167 -0.070189 0.0117345
80000 1.19768 -0.103985 0.011337
81000 1.20012 -0.0992709 0.0114323
82000 1.22635 -0.0748949 0.0117174
83000 1.23881 -0.0765564 0.0119985
84000 1.15998 -0.0907226 0.011106
85000 1.20969 -0.0812785 0.0116299
86000 1.14366 -0.0921009 0.0109148
87000 1.25238 -0.078025 0.0119788
88000 1.20335 -0.0627056 0.0116079
89000 1.18346 -0.079335 0.0113488
90000 1.218 -0.089877 0.0116783
91000 1.20427 -0.0699874 0.0116339
92000 1.19463 -0.0865785 0.0116516
93000 1.18237 -0.0925959 0.0113244
94000 1.19741 -0.0707503 0.0115911
95000 1.20464 -0.0803566 0.0114846
96000 1.22157 -0.0886073 0.0117728
97000 1.20543 -0.074993 0.0115003
98000 1.20825 -0.0683626 0.0115229
99000 1.17938 -0.0793806 0.0112911
100000 1.2191 -0.0693621 0.011709
101000 1.20542 -0.0638658 0.0115728
102000 1.19845 -0.0808899 0.0115177
103000 1.1786 -0.0713074 0.0112354
104000 1.2388 -0.072 0.0118829
105000 1.19718 -0.0731793 0.0116228
106000 1.15783 -0.0679808 0.011273
107000 1.2164 -0.0807064 0.0115536
108000 1.19745 -0.0725254 0.0113496
109000 1.17296 -0.0724748 0.0112306
110000 1.23412 -0.0706035 0.01184
111000 1.2176 -0.085292 0.0116327
112000 1.21644 -0.0798768 0.0118342
113000 1.21733 -0.0601042 0.0119637
114000 1.19538 -0.0933171 0.011522
115000 1.21633 -0.0641947 0.0116684
116000 1.19962 -0.0677945 0.0115939
117000 1.17675 -0.0578391 0.0113346
118000 1.2304 -0.0726824 0.0119287
119000 1.24674 -0.0774652 0.011925
120000 1.2157 -0.079047 0.0117472
121000 1.15837 -0.0667249 0.0112995
122000 1.20379 -0.0702887 0.0116043
123000 1.22313 -0.0723185 0.011832
124000 1.20013 -0.0602982 0.0116794
125000 1.19381 -0.0519526 0.0115914
126000 1.20365 -0.0556898 0.0116062
127000 1.2024 -0.0777908 0.0114983
128000 1.17606 -0.0850946 0.011123
129000 1.18478 -0.0741199 0.0112238
130000 1.20286 -0.0800531 0.0115906
131000 1.18491 -0.0924558 0.0114349
132000 1.23971 -0.0876869 0.0117992
133000 1.18751 -0.0955109 0.0113241
134000 1.16633 -0.0912146 0.0111913
135000 1.19105 -0.072078 0.0114529
136000 1.20686 -0.081262 0.0114911
137000 1.20691 -0.0871633 0.0116565
138000 1.17815 -0.0939244 0.0112309
139000 1.19172 -0.0999619 0.0114251
140000 1.18819 -0.0819448 0.0113277
141000 1.21085 -0.075679 0.0116207
142000 1.20228 -0.0884649 0.0113332
143000 1.17446 -0.0787995 0.0112133
144000 1.19188 -0.0755755 0.0114901
145000 1.19991 -0.0738816 0.0116899
146000 1.18463 -0.072335 0.0113157
147000 1.2045 -0.0918121 0.0115047
148000 1.21571 -0.077555 0.0116079
149000 1.18522 -0.0668238 0.0114474
150000 1.22819 -0.0719569 0.0119128
151000 1.2403 -0.0597271 0.0121396
152000 1.16677 -0.0554333 0.0113654
153000 1.21355 -0.0637332 0.0116115
154000 1.15014 -0.062508 0.0112513
155000 1.21856 -0.080819 0.0117614
156000 1.19962 -0.0854636 0.0113508
157000 1.16904 -0.0835866 0.0112589
158000 1.19669 -0.0732185 0.0115796
159000 1.19912 -0.0598863 0.0117484
160000 1.2103 -0.0441493 0.0118037
161000 1.19977 -0.0454949 0.0117319
162000 1.18051 -0.0563355 0.0115192
163000 1.22342 -0.0588465 0.0119546
164000 1.18842 -0.0820261 0.0113471
165000 1.21211 -0.0572532 0.0118201
166000 1.18027 -0.0643842 0.0114053
167000 1.20918 -0.0640676 0.0117634
168000 1.16426 -0.0601891 0.0112355
169000 1.23115 -0.0585761 0.0120117
170000 1.22478 -0.0734332 0.011893
171000 1.17089 -0.0778505 0.0112563
172000 1.18867 -0.0709722 0.011554
173000 1.19353 -0.0797167 0.0112714
174000 1.1623 -0.08027 0.0112434
175000 1.20823 -0.0910634 0.0113842
176000 1.18611 -0.07303 0.0114398
177000 1.20855 -0.0823524 0.0116483
178000 1.19537 -0.0711989 0.011451
179000 1.21488 -0.0803033 0.0117931
180000 1.21629 -0.0823091 0.0116365
181000 1.21846 -0.0765659 0.0118793
182000 1.20849 -0.0608138 0.011651
183000 1.1989 -0.0633923 0.0114677
184000 1.19344 -0.0638293 0.0115278
185000 1.21334 -0.068268 0.0117626
186000 1.19862 -0.064505 0.0116001
187000 1.19252 -0.068651 0.0115158
188000 1.22513 -0.0643317 0.011698
189000 1.21084 -0.0784168 0.0117149
190000 1.17868 -0.0804724 0.0113449
191000 1.20685 -0.0692919 0.0116111
192000 1.20111 -0.0854105 0.0114349
193000 1.22306 -0.0901768 0.0116802
194000 1.19972 -0.088079 0.0114005
195000 1.15797 -0.0606742 0.0112923
196000 1.22443 -0.0735524 0.0117915
197000 1.20767 -0.0645667 0.0116837
198000 1.15572 -0.0709427 0.0111897
199000 1.23452 -0.0616716 0.0120487
200000 1.16768 -0.0601721 0.0113503
201000 1.19549 -0.0580884 0.0117828
202000 1.20834 -0.0571455 0.0115634
203000 1.19928 -0.0762181 0.0114677
204000 1.20422 -0.0617569 0.0116002
205000 1.18942 -0.0674347 0.0112825
206000 1.20027 -0.0657533 0.0116076
207000 1.20418 -0.0634838 0.0117961
208000 1.20629 -0.0558705 0.0117326
209000 1.21279 -0.0809643 0.0115922
210000 1.19604 -0.0824873 0.0114215
211000 1.22337 -0.0899342 0.0116831
212000 1.23695 -0.0923079 0.0118004
213000 1.16951 -0.0508368 0.0113776
214000 1.18649 -0.0610533 0.0114009
215000 1.24341 -0.0707012 0.0119915
216000 1.19053 -0.0828499 0.0112619
217000 1.19192 -0.0716561 0.0114973
218000 1.22389 -0.0738009 0.0118204
219000 1.18221 -0.0757288 0.0112119
220000 1.19992 -0.0800106 0.0114626
221000 1.19495 -0.0641522 0.0115117
222000 1.20413 -0.0707142 0.0115011
223000 1.22567 -0.0640512 0.0117976
224000 1.15013 -0.0661087 0.0110353
225000 1.21883 -0.0609051 0.0119744
226000 1.20773 -0.0591525 0.0117617
227000 1.2163 -0.0786185 0.0117409
228000 1.18635 -0.0638408 0.0113171
229000 1.21592 -0.0650975 0.0117369
230000 1.2172 -0.0768718 0.0115563
231000 1.17519 -0.0542807 0.0114221
232000 1.22548 -0.0540421 0.0119396
233000 1.20021 -0.0718326 0.0116537
234000 1.15288 -0.0825712 0.0110032
235000 1.21812 -0.108646 0.0115769
236000 1.16437 -0.0603106 0.0113492
237000 1.21266 -0.0828516 0.0116024
238000 1.1843 -0.0891844 0.0114243
239000 1.25518 -0.0810214 0.012009
240000 1.17125 -0.0899097 0.0111853
241000 1.24537 -0.0753649 0.0120614
242000 1.15853 -0.0638078 0.0111948
243000 1.21528 -0.0760391 0.011716
244000 1.22273 -0.0489127 0.0119883
245000 1.17395 -0.0535267 0.0113786
246000 1.20318 -0.0591499 0.0118023
247000 1.2374 -0.0631495 0.0118395
248000 1.17197 -0.0752841 0.0112671
249000 1.21416 -0.0634824 0.0119593
250000 1.21608 -0.071908 0.011877
251000 1.20124 -0.0627245 0.0116838
252000 1.2031 -0.0609445 0.0115895
253000 1.18393 -0.0893793 0.011328
254000 1.15898 -0.0952311 0.0110792
255000 1.19029 -0.0908833 0.0113518
256000 1.21506 -0.0815316 0.0118396
257000 1.20291 -0.0832575 0.0115116
258000 1.1805 -0.0843318 0.0114016
259000 1.21436 -0.0834773 0.0117176
260000 1.19017 -0.067505 0.0116902
261000 1.20974 -0.0688609 0.0116833
262000 1.1873 -0.0798876 0.011337
263000 1.18546 -0.0896545 0.0113986
264000 1.20276 -0.0934013 0.0116978
265000 1.19091 -0.0939898 0.0113124
266000 1.22277 -0.0909305 0.0117837
267000 1.22106 -0.110351 0.0116092
268000 1.17053 -0.0928938 0.0110594
269000 1.20615 -0.0786361 0.0116442
270000 1.2086 -0.0740974 0.01159
271000 1.1645 -0.0636383 0.0111681
272000 1.18235 -0.0852497 0.011384
273000 1.21648 -0.050047 0.011931
274000 1.20306 -0.071559 0.0117206
275000 1.18677 -0.0840729 0.0112319
276000 1.21794 -0.0885045 0.0116169
277000 1.20241 -0.0974786 0.0114251
278000 1.23193 -0.0729073 0.0118162
279000 1.23216 -0.078147 0.0118696
280000 1.15507 -0.0775901 0.0111775
281000 1.21879 -0.0867599 0.0116744
282000 1.16326 -0.0775392 0.0111274
283000 1.23617 -0.0741203 0.0121058
284000 1.19959 -0.0931686 0.0114032
285000 1.16811 -0.0814674 0.0112397
286000 1.22417 -0.0711385 0.011784
287000 1.2178 -0.0578291 0.011724
288000 1.20629 -0.0705801 0.0116344
289000 1.23287 -0.0676711 0.0118313
290000 1.17405 -0.0523674 0.0113908
291000 1.2125 -0.047333 0.0116703
292000 1.1668 -0.0599853 0.0112563
293000 1.18348 -0.0719059 0.0113223
294000 1.21715 -0.0686719 0.0116676
295000 1.20088 -0.062892 0.0116841
296000 1.19734 -0.0678 0.0115873
297000 1.19737 -0.0660492 0.0115131
298000 1.19841 -0.0801596 0.0115157
299000 1.17218 -0.103584 0.0112014
300000 1.22236 -0.119019 0.011514
301000 1.18151 -0.10383 0.0111935
302000 1.1821 -0.0963954 0.0111328
303000 1.21352 -0.0765204 0.0117004
304000 1.22282 -0.0973638 0.0116949
305000 1.15894 -0.0926425 0.0111931
306000 1.21557 -0.0795827 0.0116935
307000 1.22546 -0.0858095 0.01163
308000 1.17219 -0.0867228 0.0112619
309000 1.19963 -0.0943994 0.0115432
310000 1.21736 -0.0885861 0.0116544
311000 1.15506 -0.0759781 0.0109689
312000 1.22281 -0.0844207 0.0115788
313000 1.21718 -0.0666177 0.0117297
314000 1.19221 -0.0578952 0.0116867
315000 1.19182 -0.0785657 0.0114331
316000 1.19715 -0.072125 0.0116237
317000 1.19069 -0.0667502 0.0114089
318000 1.18761 -0.0960054 0.0112765
319000 1.24556 -0.0876862 0.0119706
320000 1.17301 -0.0818259 0.011123
321000 1.17048 -0.0697064 0.011329
322000 1.21074 -0.0970976 0.0115304
323000 1.18913 -0.0748648 0.0113901
324000 1.1738 -0.0937159 0.01134
325000 1.1846 -0.0877881 0.0112921
326000 1.19627 -0.0788082 0.0113283
327000 1.23389 -0.0757348 0.0119374
328000 1.18917 -0.069264 0.0115138
329000 1.18179 -0.050328 0.0114841
330000 1.20954 -0.0656308 0.011812
331000 1.18295 -0.0660569 0.011437
332000 1.19625 -0.0758956 0.0115299
333000 1.19153 -0.0526694 0.0115545
334000 1.19442 -0.0845197 0.0113869
335000 1.21833 -0.0709699 0.0119527
336000 1.25404 -0.0739855 0.0121013
337000 1.21829 -0.0750969 0.0118148
338000 1.16199 -0.0671364 0.0112388
339000 1.20281 -0.065825 0.0117082
340000 1.19704 -0.0701283 0.0115896
341000 1.18703 -0.07559 0.0113029
342000 1.23905 -0.0577878 0.0121103
343000 1.18805 -0.072053 0.011257
344000 1.19451 -0.0693818 0.0114944
345000 1.20772 -0.0831591 0.0116543
346000 1.21001 -0.0934649 0.011456
347000 1.2078 -0.0885144 0.0115328
348000 1.1599 -0.0881968 0.0109538
349000 1.19949 -0.0623025 0.0116402
350000 1.22008 -0.063675 0.0118103
351000 1.19764 -0.0528645 0.0116339
352000 1.20367 -0.0686166 0.0115249
353000 1.20606 -0.0783851 0.0117331
354000 1.16 -0.0744978 0.0110914
355000 1.17281 -0.0761522 0.0113938
356000 1.19079 -0.0958466 0.0112601
357000 1.18472 -0.0906676 0.0111276
358000 1.19713 -0.0978282 0.0115683
359000 1.18314 -0.0885423 0.0113643
360000 1.22602 -0.0870461 0.0118114
361000 1.2077 -0.0940722 0.0115243
362000 1.15126 -0.109672 0.0109546
363000 1.20037 -0.0968462 0.0113397
364000 1.20372 -0.0922448 0.0115012
365000 1.18058 -0.0972633 0.0109869
366000 1.23459 -0.104264 0.0116345
367000 1.1815 -0.0891551 0.011119
368000 1.20213 -0.0791014 0.0115046
369000 1.21496 -0.0746112 0.0115459
370000 1.21333 -0.0596621 0.0117429
371000 1.21713 -0.0753056 0.0118597
372000 1.21 -0.08834 0.0116033
373000 1.17784 -0.0770142 0.0113598
374000 1.21423 -0.0674612 0.0117985
375000 1.21368 -0.0660756 0.0117124
376000 1.18014 -0.0899213 0.0112285
377000 1.19254 -0.0765317 0.0115103
378000 1.19215 -0.0818497 0.0112919
379000 1.20329 -0.0993283 0.011449
380000 1.21608 -0.0960048 0.0116051
381000 1.21996 -0.0850969 0.0118127
382000 1.1961 -0.0871942 0.0115049
383000 1.17762 -0.117732 0.0111455
384000 1.19865 -0.0928768 0.0115256
385000 1.2335 -0.10082 0.0118124
386000 1.1424 -0.0986802 0.0110836
387000 1.25181 -0.0942991 0.0119533
388000 1.20352 -0.0988548 0.0112545
389000 1.19704 -0.0782283 0.0115037
390000 1.23029 -0.0716896 0.0119543
391000 1.19776 -0.0834815 0.0114828
392000 1.20327 -0.0705118 0.0116025
393000 1.20661 -0.0592342 0.011761
394000 1.19138 -0.0517764 0.0115659
395000 1.23174 -0.0724072 0.0119366
396000 1.16778 -0.0648892 0.011374
397000 1.20818 -0.0522992 0.0116154
398000 1.15572 -0.0403389 0.0112583
399000 1.2481 -0.0550002 0.0121123
400000 1.19561 -0.0754935 0.0115163
401000 1.20079 -0.0808583 0.0117793
402000 1.22309 -0.0740988 0.011765
403000 1.16589 -0.0774052 0.0110975
404000 1.21587 -0.0627699 0.0119173
405000 1.17884 -0.0655576 0.011388
406000 1.20648 -0.0685093 0.0116906
407000 1.16466 -0.102008 0.0111327
408000 1.18587 -0.0785999 0.0114607
409000 1.21393 -0.0823272 0.0117267
410000 1.20465 -0.0970033 0.0114772
411000 1.21223 -0.101143 0.0116296
412000 1.18642 -0.101443 0.0112685
413000 1.20944 -0.0902914 0.0115326
414000 1.16022 -0.0839503 0.0110724
415000 1.18975 -0.0890221 0.0113281
416000 1.23198 -0.0761974 0.0117703
417000 1.153 -0.0868794 0.0108971
418000 1.22653 -0.0583713 0.0119247
419000 1.14844 -0.0647844 0.0111863
420000 1.23116 -0.0591784 0.0119936
421000 1.219 -0.0739328 0.011841
422000 1.20846 -0.0920321 0.0113983
423000 1.18523 -0.112803 0.0110201
424000 1.19845 -0.099842 0.0113473
425000 1.15477 -0.070498 0.0112438
426000 1.16592 -0.0840333 0.0111102
427000 1.20417 -0.0728349 0.0115708
428000 1.15 -0.0681654 0.0110836
429000 1.23664 -0.0770786 0.0120595
430000 1.16109 -0.0685607 0.0112238
431000 1.24038 -0.0779304 0.0118553
432000 1.16757 -0.0907994 0.0110106
433000 1.22319 -0.0815024 0.011742
434000 1.19273 -0.0731369 0.011458
435000 1.16413 -0.0852019 0.0111748
436000 1.22384 -0.0848224 0.0116952
437000 1.17161 -0.0976261 0.0110958
438000 1.1983 -0.0782654 0.0114719
439000 1.23382 -0.0798003 0.0118794
440000 1.17188 -0.0857103 0.0110622
441000 1.21961 -0.0790525 0.0116276
442000 1.19753 -0.0864555 0.0113957
443000 1.17463 -0.100659 0.0110414
444000 1.17104 -0.0861621 0.0112008
445000 1.21512 -0.0927149 0.0115922
446000 1.22703 -0.0786305 0.0117802
447000 1.19472 -0.0940343 0.0115013
448000 1.17652 -0.108809 0.0112275
449000 1.21392 -0.083597 0.011639
450000 1.19262 -0.0966533 0.011303
451000 1.18969 -0.0967046 0.0112737
452000 1.18664 -0.0916073 0.0114116
453000 1.20088 -0.073312 0.011499
454000 1.18383 -0.0727059 0.0111796
455000 1.2195 -0.0678394 0.0119867
456000 1.19638 -0.0511478 0.011638
457000 1.22106 -0.0702364 0.011681
458000 1.20675 -0.0708388 0.011529
459000 1.2501 -0.0639301 0.0119533
460000 1.20071 -0.0602255 0.0116956
461000 1.16874 -0.0769709 0.0111971
462000 1.2412 -0.0513539 0.011937
463000 1.19644 -0.0466444 0.011631
464000 1.20386 -0.047869 0.0117767
465000 1.21767 -0.0629083 0.011802
466000 1.20401 -0.0598433 0.0116261
467000 1.18557 -0.0519559 0.0115449
468000 1.2031 -0.0702635 0.0115846
469000 1.18977 -0.0662449 0.0115398
470000 1.17397 -0.0758831 0.0112751
471000 1.19514 -0.0571374 0.0115207
472000 1.16235 -0.0823788 0.0110412
473000 1.18944 -0.0797503 0.0115153
474000 1.19579 -0.0963413 0.011294
475000 1.16218 -0.0934513 0.0109089
476000 1.20108 -0.119317 0.0113524
477000 1.2177 -0.108266 0.0114437
478000 1.1713 -0.107623 0.0109548
479000 1.20965 -0.102743 0.0113539
480000 1.20438 -0.0767778 0.0115944
481000 1.21241 -0.0805546 0.0115987
482000 1.17725 -0.0758311 0.0112695
483000 1.1726 -0.0709575 0.0113136
484000 1.19149 -0.0720728 0.0113153
485000 1.2181 -0.0530722 0.0118287
486000 1.19359 -0.0673662 0.011584
487000 1.19787 -0.061133 0.0115398
488000 1.17926 -0.0566122 0.0115689
489000 1.22705 -0.0773965 0.0117902
490000 1.2163 -0.0917437 0.0115509
491000 1.14591 -0.0761885 0.010863
492000 1.18535 -0.0681573 0.0113127
493000 1.25992 -0.0959957 0.0120625
494000 1.22939 -0.098065 0.0117794
495000 1.202 -0.0909553 0.0117035
496000 1.16493 -0.093812 0.0111851
497000 1.2432 -0.0761862 0.0120417
498000 1.20181 -0.0911684 0.0114783
499000 1.18659 -0.0820597 0.0112462
500000 1.21901 -0.0945105 0.0116521
501000 1.20639 -0.0936573 0.0115198
502000 1.20942 -0.0784261 0.0116623
503000 1.2191 -0.0723687 0.0116867
504000 1.22038 -0.0808092 0.0117796
505000 1.18572 -0.0727848 0.0114213
506000 1.18842 -0.0885319 0.0113285
507000 1.21033 -0.0783245 0.011625
508000 1.20389 -0.0704308 0.0115384
509000 1.17513 -0.0694848 0.0115418
510000 1.2028 -0.0801962 0.01157
511000 1.18493 -0.0932718 0.0113759
512000 1.21165 -0.103952 0.0115294
513000 1.17314 -0.107046 0.0110252
514000 1.24101 -0.0987636 0.0119626
515000 1.21775 -0.0926468 0.0116902
516000 1.15765 -0.0684433 0.0112358
517000 1.23229 -0.0566014 0.0118744
518000 1.20116 -0.0732276 0.0116664
519000 1.17966 -0.0745131 0.0114534
520000 1.1814 -0.0642096 0.0113578
521000 1.19002 -0.0726872 0.011498
522000 1.23568 -0.0623623 0.0118761
523000 1.22709 -0.0621186 0.0119113
524000 1.19919 -0.0505383 0.011679
525000 1.22524 -0.0560779 0.0118711
526000 1.16646 -0.0470556 0.0113374
527000 1.23764 -0.0545889 0.0121282
528000 1.19082 -0.0482797 0.0116533
529000 1.20749 -0.064219 0.0116326
530000 1.16672 -0.0734061 0.0114008
531000 1.21996 -0.0828915 0.0116626
532000 1.20799 -0.0801098 0.0115668
533000 1.21676 -0.0690386 0.0116255
534000 1.19517 -0.0711804 0.0113596
535000 1.20219 -0.0535561 0.0116507
536000 1.21044 -0.0711152 0.0116643
537000 1.21118 -0.0948667 0.0114938
538000 1.21107 -0.0788504 0.0115353
539000 1.21562 -0.0722595 0.0118759
540000 1.1857 -0.0444784 0.0116149
541000 1.19803 -0.0497764 0.0115639
542000 1.17507 -0.0667409 0.011326
543000 1.19923 -0.0620767 0.0116252
544000 1.22733 -0.0851981 0.011795
545000 1.20008 -0.0933941 0.0112795
546000 1.20604 -0.0960128 0.0114437
547000 1.18683 -0.0692919 0.0113033
548000 1.22456 -0.0841536 0.0117419
549000 1.18562 -0.082992 0.0113779
550000 1.2451 -0.0629268 0.0120701
551000 1.21313 -0.0667209 0.0119249
552000 1.21067 -0.0557211 0.0118625
553000 1.21503 -0.0650881 0.0117579
554000 1.17869 -0.0787699 0.0114179
555000 1.18496 -0.0659715 0.0114172
556000 1.21935 -0.0734133 0.0116924
557000 1.21478 -0.0579924 0.0116678
558000 1.20693 -0.0625955 0.0117115
559000 1.24329 -0.0773294 0.0117997
560000 1.19544 -0.0666032 0.0116268
561000 1.20088 -0.0659538 0.0114642
562000 1.17609 -0.0805911 0.0114106
563000 1.22069 -0.0612327 0.0118258
564000 1.16371 -0.0532322 0.0114434
565000 1.19397 -0.0625075 0.0115074
566000 1.14603 -0.0879805 0.0108742
567000 1.23151 -0.0718152 0.0119746
568000 1.21591 -0.0540061 0.0117829
569000 1.18464 -0.0625439 0.0114253
570000 1.18648 -0.0761796 0.0114472
571000 1.17064 -0.0817242 0.0111643
572000 1.21511 -0.096912 0.0113841
573000 1.21413 -0.0643477 0.011638
574000 1.19291 -0.0778857 0.0113514
575000 1.16716 -0.0766024 0.0112416
576000 1.20213 -0.069383 0.0116639
577000 1.19563 -0.0834795 0.0114348
578000 1.18907 -0.0704168 0.011398
579000 1.18282 -0.0829188 0.0113287
580000 1.23818 -0.0843741 0.0118814
581000 1.19139 -0.0678158 0.0116009
582000 1.21234 -0.083978 0.0116704
583000 1.20586 -0.0707836 0.0115485
584000 1.16783 -0.0734219 0.0111271
585000 1.21792 -0.0849156 0.0116579
586000 1.20115 -0.0835588 0.0115088
587000 1.18058 -0.0823063 0.0112482
588000 1.23332 -0.072157 0.0119765
589000 1.22779 -0.0645559 0.0117658
590000 1.18033 -0.0552088 0.0113885
591000 1.20033 -0.061367 0.0116005
592000 1.18538 -0.0551422 0.0115679
593000 1.21256 -0.0590129 0.011653
594000 1.2004 -0.0901425 0.0114403
595000 1.18595 -0.0787441 0.0114361
596000 1.2016 -0.0846183 0.0113847
597000 1.174 -0.0550937 0.0113639
598000 1.25154 -0.0403068 0.0122904
599000 1.2252 -0.058994 0.0119751
600000 1.18163 -0.0783975 0.011438
601000 1.18208 -0.0715637 0.0112565
602000 1.15087 -0.0831603 0.0110537
603000 1.19621 -0.0695578 0.0114712
604000 1.20064 -0.0536154 0.0116575
605000 1.21354 -0.0752811 0.0115628
606000 1.19941 -0.0815767 0.011524
607000 1.2215 -0.0878506 0.0120021
608000 1.18937 -0.0698065 0.0116779
609000 1.19947 -0.0569414 0.0116986
610000 1.21173 -0.0626994 0.0117966
611000 1.25544 -0.0785357 0.0121415
612000 1.16361 -0.114713 0.010902
613000 1.21548 -0.108881 0.0115006
614000 1.19707 -0.0934622 0.0114836
615000 1.18646 -0.0944204 0.0113107
616000 1.21979 -0.0857634 0.0117615
617000 1.18916 -0.0787252 0.0114559
618000 1.20312 -0.087732 0.0113804
619000 1.18669 -0.0879538 0.011566
620000 1.23804 -0.08825 0.0118825
621000 1.17517 -0.0733824 0.0112352
622000 1.21174 -0.0578314 0.011847
623000 1.2222 -0.0726428 0.0117276
624000 1.19889 -0.0665155 0.0114628
625000 1.21588 -0.0712745 0.0118762
626000 1.21737 -0.0633944 0.0118126
627000 1.16053 -0.0620534 0.0113523
628000 1.2195 -0.0681706 0.0116443
629000 1.21262 -0.0607657 0.0118027
630000 1.17799 -0.0729755 0.0113479
631000 1.22347 -0.0683851 0.0117969
632000 1.18333 -0.0700411 0.0113166
633000 1.18062 -0.0728233 0.0112439
634000 1.22399 -0.0617119 0.0119026
635000 1.2042 -0.0669093 0.0116824
636000 1.16583 -0.0689721 0.0112234
637000 1.22334 -0.0790259 0.0117258
638000 1.18432 -0.0767725 0.0114183
639000 1.22179 -0.0757672 0.0118568
640000 1.20963 -0.0491918 0.0118316
641000 1.1946 -0.075629 0.0115427
642000 1.22646 -0.081107 0.0117343
643000 1.23386 -0.0778499 0.0119747
644000 1.20576 -0.0861234 0.0116653
645000 1.17113 -0.0991798 0.0111405
646000 1.19947 -0.0821915 0.0114389
647000 1.19402 -0.0943109 0.0114006
648000 1.19713 -0.0885307 0.0113777
649000 1.20013 -0.0951517 0.0114296
650000 1.20116 -0.0960382 0.0114527
651000 1.18207 -0.0751992 0.0114061
652000 1.20028 -0.067424 0.0115394
653000 1.21867 -0.0692752 0.0115974
654000 1.2103 -0.0854674 0.0115617
655000 1.17037 -0.088407 0.0113046
656000 1.24291 -0.0792087 0.0119698
657000 1.17117 -0.0769139 0.0110537
658000 1.19414 -0.0831044 0.0116111
659000 1.18663 -0.0792355 0.0114379
660000 1.22105 -0.0812715 0.0117271
661000 1.23274 -0.102363 0.011619
662000 1.21651 -0.115681 0.0116355
663000 1.19821 -0.108414 0.0112531
664000 1.23061 -0.0925389 0.0116596
665000 1.18922 -0.0831322 0.0113512
666000 1.23804 -0.0846561 0.0117146
667000 1.20316 -0.0809794 0.0114164
668000 1.2214 -0.0805969 0.0116873
669000 1.17105 -0.0717199 0.0112361
670000 1.20552 -0.0815471 0.0115522
671000 1.20934 -0.0953325 0.0115937
672000 1.2284 -0.070735 0.0120852
673000 1.22245 -0.0800085 0.0118748
674000 1.20697 -0.0789701 0.0116488
675000 1.22418 -0.0683091 0.011847
676000 1.18598 -0.0765111 0.0113324
677000 1.18366 -0.0661303 0.0112859
678000 1.19061 -0.0872032 0.0115047
679000 1.22599 -0.087552 0.0116505
680000 1.20345 -0.0827223 0.0114422
681000 1.24187 -0.096046 0.0119966
682000 1.21438 -0.127209 0.0113457
683000 1.1787 -0.110452 0.0112095
684000 1.19467 -0.13234 0.0112403
685000 1.1949 -0.0875759 0.0113611
686000 1.19896 -0.0753373 0.0116133
687000 1.1802 -0.0654596 0.0113387
688000 1.20789 -0.0827162 0.0115436
689000 1.20873 -0.0693568 0.0117312
690000 1.20886 -0.0523294 0.0117432
691000 1.22903 -0.066753 0.011927
692000 1.19525 -0.0666651 0.0115332
693000 1.22344 -0.0709253 0.011716
694000 1.20414 -0.0510948 0.0116799
695000 1.1762 -0.0574595 0.01137
696000 1.20747 -0.0774498 0.0117328
697000 1.19513 -0.0591754 0.0116364
698000 1.18283 -0.0483776 0.0114524
699000 1.17527 -0.0556774 0.0113759
700000 1.23047 -0.0660241 0.0119862
701000 1.20596 -0.0682673 0.0115193
702000 1.1922 -0.0663951 0.0115988
703000 1.22314 -0.0678252 0.0116992
704000 1.20846 -0.0541316 0.0116554
705000 1.20573 -0.0687377 0.0117142
706000 1.20071 -0.0964607 0.0114166
707000 1.14975 -0.0891643 0.0108718
708000 1.22372 -0.0839188 0.0117111
709000 1.22263 -0.0608431 0.0119075
710000 1.18435 -0.0754166 0.0116266
711000 1.23173 -0.0808682 0.0117416
712000 1.22054 -0.0850987 0.0116427
713000 1.21641 -0.0961469 0.0117228
714000 1.19559 -0.112748 0.0114732
715000 1.22207 -0.0990638 0.0114905
716000 1.1947 -0.11116 0.0112668
717000 1.19424 -0.0924359 0.0113998
718000 1.21305 -0.0678531 0.011785
719000 1.18963 -0.0927433 0.0115112
720000 1.19573 -0.0746595 0.0116895
721000 1.21843 -0.0747196 0.0117674
722000 1.17215 -0.0809567 0.011321
723000 1.22362 -0.061449 0.0118066
724000 1.1902 -0.079088 0.0113188
725000 1.19699 -0.0943646 0.0116538
726000 1.22961 -0.0934405 0.0117079
727000 1.2427 -0.105303 0.0119572
728000 1.18425 -0.0754225 0.0113375
729000 1.15166 -0.0765305 0.011007
730000 1.23754 -0.0820655 0.0117702
731000 1.1836 -0.0813317 0.0113489
732000 1.22933 -0.0856272 0.0117276
733000 1.19578 -0.0668779 0.0115886
734000 1.18166 -0.0593786 0.0115483
735000 1.20335 -0.0645435 0.0117153
736000 1.23407 -0.0738798 0.0118398
737000 1.17414 -0.0749439 0.0112726
738000 1.20779 -0.0765207 0.0115697
739000 1.2291 -0.065853 0.0119949
740000 1.19945 -0.0631425 0.0116105
741000 1.15374 -0.0649175 0.0110923
742000 1.2371 -0.0822766 0.0116863
743000 1.23013 -0.0640493 0.0118836
744000 1.16445 -0.0847296 0.0110599
745000 1.21546 -0.0828257 0.0115828
746000 1.1769 -0.0635968 0.0112958
747000 1.22675 -0.0920752 0.0116269
748000 1.18705 -0.0855004 0.0114093
749000 1.20623 -0.0753298 0.0115781
750000 1.228 -0.0902982 0.0117236
751000 1.19962 -0.107873 0.0113113
752000 1.20046 -0.091527 0.0116983
753000 1.20677 -0.0577258 0.0115785
754000 1.20761 -0.0703394 0.0116114
755000 1.21731 -0.0793812 0.0116631
756000 1.19407 -0.099266 0.0113764
757000 1.20293 -0.0957123 0.0114526
758000 1.19477 -0.0976887 0.0113623
759000 1.2176 -0.0863749 0.011796
760000 1.1998 -0.0780132 0.0116751
761000 1.2215 -0.0903381 0.0117713
762000 1.16149 -0.0979449 0.0109649
763000 1.2257 -0.12598 0.0115491
764000 1.20852 -0.0937821 0.0116028
765000 1.17772 -0.101806 0.0111973
766000 1.21378 -0.0948917 0.0116692
767000 1.16771 -0.0854922 0.0112007
768000 1.16932 -0.0745801 0.0111819
769000 1.20556 -0.0639831 0.0115922
770000 1.22635 -0.0556894 0.0118929
771000 1.19746 -0.0564936 0.0116417
772000 1.20837 -0.0575956 0.0118128
773000 1.15989 -0.0688825 0.0111325
774000 1.22356 -0.0739357 0.0116954
775000 1.18199 -0.0971349 0.0111809
776000 1.22843 -0.0946887 0.0117721
777000 1.22027 -0.0853268 0.0116576
778000 1.19992 -0.0721279 0.0115237
779000 1.19759 -0.0736872 0.0116615
780000 1.16415 -0.0648341 0.0112525
781000 1.18825 -0.0890762 0.0114774
782000 1.20369 -0.0947382 0.0115192
783000 1.19603 -0.0871841 0.0115388
784000 1.15752 -0.0745239 0.0111132
785000 1.23873 -0.0811917 0.0120471
786000 1.1634 -0.0712971 0.0111885
787000 1.236 -0.0461924 0.012074
788000 1.17023 -0.0561893 0.0113845
789000 1.18501 -0.0691838 0.0114408
790000 1.17109 -0.0595987 0.0112722
791000 1.19393 -0.0494511 0.0115401
792000 1.17896 -0.0687599 0.0113812
793000 1.20117 -0.0751532 0.0114829
794000 1.18203 -0.083628 0.0112972
795000 1.19127 -0.0751631 0.0113573
796000 1.21708 -0.0739815 0.0116888
797000 1.19412 -0.0620097 0.0116383
798000 1.21245 -0.051417 0.0118733
799000 1.22946 -0.0508274 0.0118256
800000 1.20541 -0.0488699 0.0118202
801000 1.2012 -0.0615017 0.0115793
802000 1.15314 -0.0747742 0.0111016
803000 1.24672 -0.06993 0.0121309
804000 1.17424 -0.0747523 0.0113108
805000 1.21217 -0.065869 0.0115894
806000 1.21493 -0.080322 0.0115711
807000 1.1757 -0.0852885 0.0110996
808000 1.22557 -0.0749878 0.0117633
809000 1.14906 -0.0700008 0.0110316
810000 1.21907 -0.0728107 0.0116944
811000 1.2043 -0.083661 0.0117337
812000 1.17518 -0.105143 0.0111155
813000 1.20817 -0.0953669 0.0116297
814000 1.20364 -0.0944934 0.0114948
815000 1.15491 -0.0906528 0.0109897
816000 1.19293 -0.0908831 0.0113248
817000 1.24352 -0.078676 0.0118969
818000 1.15114 -0.0619609 0.0111817
819000 1.23384 -0.0594202 0.0119531
820000 1.15688 -0.0562766 0.0111934
821000 1.24099 -0.0636593 0.012067
822000 1.16581 -0.0661772 0.0113398
823000 1.2335 -0.0707326 0.0120146
824000 1.18329 -0.0691944 0.0113575
825000 1.20786 -0.0799464 0.0115494
826000 1.18904 -0.0757818 0.0113542
827000 1.15639 -0.0784125 0.0109641
828000 1.25251 -0.0693649 0.0120573
829000 1.15935 -0.0644825 0.0112768
830000 1.20879 -0.0742328 0.011625
831000 1.20404 -0.0526961 0.011772
832000 1.21948 -0.0511055 0.0121112
833000 1.19824 -0.0612073 0.0115523
834000 1.18832 -0.0623525 0.0113927
835000 1.21408 -0.0584908 0.011715
836000 1.19481 -0.0671816 0.0115192
837000 1.16598 -0.0767511 0.0112031
838000 1.19443 -0.0835692 0.0114972
839000 1.22464 -0.0782806 0.0117769
840000 1.18488 -0.0752907 0.0115147
841000 1.21428 -0.0710751 0.0117247
842000 1.23762 -0.0910069 0.0119766
843000 1.17522 -0.0828079 0.0112993
844000 1.2243 -0.0802217 0.011663
845000 1.18547 -0.0904932 0.011196
846000 1.21062 -0.070226 0.0116554
847000 1.20628 -0.0713705 0.0116003
848000 1.22627 -0.0722526 0.0116442
849000 1.20274 -0.0805432 0.0116376
850000 1.17383 -0.0786388 0.0111347
851000 1.15464 -0.0670248 0.0112044
852000 1.2426 -0.0633507 0.0119732
853000 1.1793 -0.0654914 0.0113193
854000 1.19261 -0.0878713 0.011484
855000 1.22832 -0.0715233 0.0117826
856000 1.20617 -0.0805853 0.0118045
857000 1.22001 -0.0903582 0.0117065
858000 1.24621 -0.0861727 0.0118945
859000 1.2173 -0.0730233 0.0117124
860000 1.16637 -0.0840229 0.0111601
861000 1.17965 -0.066991 0.0113378
862000 1.18733 -0.0870284 0.011231
863000 1.16471 -0.105332 0.0109753
864000 1.24045 -0.124553 0.0116243
865000 1.17573 -0.127888 0.0110883
866000 1.2367 -0.0986265 0.0118856
867000 1.13838 -0.0764412 0.010949
868000 1.23473 -0.0609424 0.0119722
869000 1.18158 -0.0598658 0.0114472
870000 1.21334 -0.073853 0.0117593
871000 1.21603 -0.067779 0.0115849
872000 1.20953 -0.0565433 0.0117243
873000 1.21266 -0.0691281 0.0116747
874000 1.21622 -0.0567084 0.0116296
875000 1.2183 -0.0644832 0.0118532
876000 1.19303 -0.0602616 0.0115242
877000 1.15777 -0.063701 0.0111703
878000 1.20253 -0.0724824 0.0117609
879000 1.17899 -0.0845881 0.0115164
880000 1.19712 -0.0939138 0.0114772
881000 1.183 -0.0899046 0.0112366
882000 1.19512 -0.0995809 0.0114005
883000 1.18172 -0.0961934 0.0113654
884000 1.20541 -0.0839846 0.0115903
885000 1.22901 -0.0940984 0.0118227
886000 1.18999 -0.103177 0.0112871
887000 1.21722 -0.0938894 0.011855
888000 1.1979 -0.0727226 0.0114819
889000 1.18241 -0.0992453 0.011248
890000 1.21118 -0.0854801 0.0115648
891000 1.21029 -0.0772743 0.0117
892000 1.2016 -0.0753441 0.0115976
893000 1.1521 -0.0866343 0.0109719
894000 1.23626 -0.0580875 0.0118668
895000 1.18374 -0.0565094 0.011442
896000 1.1986 -0.0688812 0.0115321
897000 1.21159 -0.0678083 0.0115777
898000 1.22791 -0.0598394 0.0119672
899000 1.21396 -0.0614447 0.0117899
900000 1.22472 -0.078422 0.0118066
901000 1.16615 -0.0608802 0.0113522
902000 1.21458 -0.0712407 0.0115848
903000 1.18699 -0.0855628 0.0112921
904000 1.21165 -0.0772333 0.0115935
905000 1.20571 -0.0705397 0.0115945
906000 1.16854 -0.0801326 0.0112132
907000 1.17053 -0.0699794 0.011264
908000 1.23215 -0.0591097 0.0121049
909000 1.19004 -0.0576782 0.0116686
910000 1.18973 -0.0826613 0.0114213
911000 1.17985 -0.111271 0.011215
912000 1.24663 -0.0804718 0.0121087
913000 1.20585 -0.0838385 0.0115647
914000 1.17759 -0.0798977 0.0112795
915000 1.1905 -0.0716613 0.0114077
916000 1.18124 -0.0702782 0.0114539
917000 1.15631 -0.0730665 0.0110478
918000 1.18488 -0.053003 0.0114012
919000 1.17353 -0.0571697 0.0113055
920000 1.20697 -0.0703005 0.0116721
921000 1.20871 -0.0842172 0.011791
922000 1.20332 -0.0951589 0.0116851
923000 1.19797 -0.0671841 0.0115437
924000 1.18805 -0.068211 0.0115594
925000 1.14967 -0.0833991 0.0109891
926000 1.16112 -0.0840862 0.011343
927000 1.21045 -0.0724152 0.011672
928000 1.23136 -0.0732177 0.0117938
929000 1.19516 -0.0833824 0.0113077
930000 1.18118 -0.0697858 0.0113754
931000 1.23022 -0.0722 0.0118587
932000 1.17763 -0.0818798 0.0112472
933000 1.18222 -0.0862631 0.0111407
934000 1.19025 -0.100008 0.0114711
935000 1.18403 -0.0856735 0.0111604
936000 1.23193 -0.0814967 0.0117897
937000 1.17061 -0.0826606 0.0112267
938000 1.20072 -0.0758896 0.0115136
939000 1.21419 -0.0789495 0.0117653
940000 1.20761 -0.0569341 0.0116955
941000 1.17344 -0.0646959 0.0113245
942000 1.23964 -0.061967 0.011926
943000 1.16046 -0.0703832 0.0112922
944000 1.23137 -0.0835155 0.0117899
945000 1.18039 -0.0908341 0.0113927
946000 1.24364 -0.0899826 0.0117885
947000 1.18388 -0.0938904 0.0113515
948000 1.16333 -0.0900778 0.0111698
949000 1.24128 -0.08107 0.0118866
950000 1.16266 -0.0760711 0.0111544
951000 1.20317 -0.10003 0.0115238
952000 1.20832 -0.087805 0.0117651
953000 1.22518 -0.113182 0.0116919
954000 1.19157 -0.0904166 0.0112755
955000 1.22469 -0.0868334 0.0116447
956000 1.23374 -0.107474 0.0117965
957000 1.20271 -0.0778906 0.0116814
958000 1.18678 -0.077411 0.0114073
959000 1.22466 -0.0745364 0.0118533
960000 1.17006 -0.0803846 0.0112293
961000 1.18422 -0.0841959 0.0113689
962000 1.22611 -0.101863 0.0118579
963000 1.18949 -0.0862583 0.0114395
964000 1.14834 -0.085047 0.0110248
965000 1.18294 -0.0567208 0.0115148
966000 1.22216 -0.0539375 0.0119163
967000 1.16845 -0.0690722 0.0112264
968000 1.24299 -0.0578321 0.0119967
969000 1.1813 -0.0570571 0.0113936
970000 1.18353 -0.0652653 0.0113594
971000 1.21201 -0.072732 0.0115941
972000 1.17567 -0.0780377 0.0112666
973000 1.20763 -0.0542015 0.0116865
974000 1.20911 -0.0622372 0.0116015
975000 1.19905 -0.0864527 0.0113051
976000 1.18396 -0.076931 0.0114058
977000 1.22171 -0.0894256 0.011551
978000 1.18348 -0.0825249 0.0114613
979000 1.22758 -0.0720041 0.0118738
980000 1.18116 -0.0661443 0.0115007
981000 1.17424 -0.060472 0.0112242
982000 1.22403 -0.0690196 0.0116717
983000 1.21156 -0.0781966 0.0116551
984000 1.16004 -0.0875631 0.010995
985000 1.20634 -0.101762 0.0115345
986000 1.17386 -0.0857912 0.0111936
987000 1.22872 -0.0846453 0.0118135
988000 1.21342 -0.0670011 0.0118475
989000 1.19225 -0.0788587 0.0113527
990000 1.20055 -0.0721294 0.011475
991000 1.19739 -0.0749943 0.0114916
992000 1.24598 -0.0549274 0.0122652
993000 1.15501 -0.0737762 0.0111607
994000 1.18852 -0.0693703 0.0114434
995000 1.18697 -0.066018 0.0114243
996000 1.20823 -0.0591142 0.011732
997000 1.2265 -0.0622917 0.0118496
998000 1.20984 -0.0774726 0.0116599
999000 1.20663 -0.0838706 0.0116462
1000000 1.1841 -0.0775047 0.0113284
1001000 1.1988 -0.0791397 0.0115412
1002000 1.19888 -0.0652581 0.0117427
1003000 1.18119 -0.0879601 0.0113288
1004000 1.22938 -0.0629423 0.0118184
1005000 1.17866 -0.0705856 0.0112425
1006000 1.18695 -0.072366 0.0114888
1007000 1.19921 -0.102705 0.0114655
1008000 1.21292 -0.0896691 0.0115659
1009000 1.20729 -0.110344 0.0112941
1010000 1.22546 -0.111171 0.011647
1011000 1.19268 -0.0852329 0.0115365
1012000 1.2293 -0.0712514 0.0118743
1013000 1.23822 -0.0671468 0.0120879
1014000 1.18818 -0.0835872 0.0113324
1015000 1.17903 -0.0753406 0.011298
1016000 1.169 -0.0657682 0.0113929
1017000 1.23518 -0.0733219 0.0119194
1018000 1.18127 -0.0647382 0.0113537
1019000 1.20667 -0.0733318 0.0119457
1020000 1.15071 -0.057023 0.0110115
1021000 1.21648 -0.0665205 0.0115534
1022000 1.19467 -0.0763224 0.0112295
1023000 1.20482 -0.0902995 0.0114406
1024000 1.18269 -0.0833573 0.0113416
1025000 1.20198 -0.0842212 0.0115961
1026000 1.20805 -0.071026 0.0116598
1027000 1.23036 -0.0861295 0.0116741
1028000 1.18264 -0.0923439 0.0113185
1029000 1.16772 -0.0831098 0.0112388
1030000 1.2146 -0.0776039 0.011727
1031000 1.16376 -0.070737 0.0112239
1032000 1.2107 -0.0680174 0.0115233
1033000 1.19766 -0.0578163 0.0114801
1034000 1.19497 -0.0593387 0.0114942
1035000 1.16821 -0.066403 0.0112524
1036000 1.20803 -0.070712 0.0118045
1037000 1.20893 -0.0735123 0.0116378
1038000 1.21881 -0.0747625 0.0117245
1039000 1.19995 -0.0805442 0.0115068
1040000 1.20896 -0.0768484 0.0116254
1041000 1.2011 -0.0712452 0.0115511
1042000 1.21775 -0.0578193 0.0119224
1043000 1.1872 -0.073482 0.0113893
1044000 1.23863 -0.0644101 0.0120088
1045000 1.21647 -0.0706336 0.0117383
1046000 1.20619 -0.0532069 0.0116568
1047000 1.23863 -0.0687297 0.0120873
1048000 1.16954 -0.0663651 0.0113006
1049000 1.18047 -0.0632332 0.0113612
1050000 1.20849 -0.0775722 0.0116527
1051000 1.16786 -0.0777563 0.0111546
1052000 1.22794 -0.0710778 0.011852
1053000 1.17819 -0.0658472 0.0113985
1054000 1.21498 -0.0704279 0.0118533
1055000 1.18468 -0.0744546 0.0115964
1056000 1.1806 -0.080253 0.0111572
1057000 1.1917 -0.0770339 0.0114729
1058000 1.16895 -0.0667963 0.0113506
1059000 1.18226 -0.0715528 0.0114908
1060000 1.18339 -0.0827539 0.0114964
1061000 1.21832 -0.0823632 0.0114941
1062000 1.18027 -0.0810672 0.0112374
1063000 1.17019 -0.0919113 0.0113107
1064000 1.22193 -0.0843412 0.0116846
1065000 1.19421 -0.0935095 0.0114642
1066000 1.23012 -0.0909949 0.0119443
1067000 1.2203 -0.088984 0.011687
1068000 1.18492 -0.0725219 0.0113012
1069000 1.22251 -0.0499158 0.0118934
1070000 1.20252 -0.0600093 0.0116717
1071000 1.2059 -0.0697058 0.0118959
1072000 1.21023 -0.086198 0.0118054
1073000 1.1995 -0.0816166 0.0114347
1074000 1.19423 -0.081338 0.0114535
1075000 1.21569 -0.080785 0.0116855
1076000 1.19511 -0.0695835 0.0115955
1077000 1.20765 -0.0733605 0.0116418
1078000 1.19431 -0.0618753 0.0115052
1079000 1.19295 -0.0679195 0.0115629
1080000 1.20245 -0.0668412 0.0117047
1081000 1.20929 -0.0652571 0.0116983
1082000 1.19754 -0.0550021 0.0115616
1083000 1.2065 -0.054709 0.0116731
1084000 1.17859 -0.0509866 0.0114695
1085000 1.17435 -0.0583736 0.0113747
1086000 1.2012 -0.0522627 0.0115816
1087000 1.1565 -0.0673082 0.0111978
1088000 1.18435 -0.0548719 0.0113028
1089000 1.19585 -0.0450533 0.0115751
1090000 1.22105 -0.0631191 0.0118071
1091000 1.17167 -0.0701118 0.0112392
1092000 1.19888 -0.0780442 0.0115779
1093000 1.16895 -0.0736746 0.0112432
1094000 1.20558 -0.0473169 0.0117136
1095000 1.2243 -0.0551874 0.0118509
1096000 1.19253 -0.0623488 0.0115377
1097000 1.16674 -0.0686938 0.0112267
1098000 1.2137 -0.0572875 0.0118946
1099000 1.19543 -0.0766107 0.0114503
1100000 1.19398 -0.079967 0.0114691
