# Time-averaged data for fix 2
# TimeStep v_Temperature v_PotentialEnergy v_Pressure
1000 1.5812 -0.00505566 0.00156514
2000 1.61855 -0.0051177 0.00160036
3000 1.57969 -0.00351602 0.00156526
4000 1.6444 -0.00132132 0.00163116
5000 1.56525 -0.00410142 0.00154854
6000 1.60867 -0.00477057 0.0015892
7000 1.61947 -0.00684234 0.00159901
8000 1.58056 -0.0162319 0.0015514
9000 1.57341 -0.0125328 0.00154837
10000 1.58443 -0.00727402 0.0015627
11000 1.58246 -0.00338689 0.00156412
12000 1.6019 -0.00326744 0.00158876
13000 1.5773 -0.00498343 0.00155765
14000 1.5869 -0.0102924 0.00156433
15000 1.61322 -0.00938157 0.00159136
16000 1.57835 -0.0106282 0.00155518
17000 1.57617 -0.00498914 0.00156016
18000 1.64742 -0.00926429 0.00162948
19000 1.64718 -0.0108701 0.0016253
20000 1.5942 -0.0114275 0.00157347
21000 1.62372 -0.010711 0.0016025
22000 1.57474 -0.0115661 0.00155465
23000 1.56423 -0.00483974 0.00155166
24000 1.66162 -0.00826899 0.00164153
25000 1.56375 -0.00706637 0.00154353
26000 1.57157 -0.00794773 0.00155148
27000 1.58507 -0.00580557 0.00156746
28000 1.59333 -0.00254394 0.00157861
29000 1.5734 -0.00395634 0.00155685
30000 1.63011 -0.00420284 0.00161905
31000 1.60293 -0.00367289 0.00158781
32000 1.58254 -0.00998047 0.00155686
33000 1.64139 -0.00465331 0.00162091
34000 1.5668 -0.00348545 0.00154933
35000 1.61036 -0.0038247 0.0015975
36000 1.63467 -0.00528622 0.00161912
37000 1.58872 -0.00481545 0.00157108
38000 1.59966 -0.0108063 0.00157614
39000 1.60448 -0.00535288 0.00158478
40000 1.57949 -0.00696268 0.00155797
41000 1.62376 -0.00436333 0.00160845
42000 1.60554 -0.00181954 0.00158611
43000 1.57713 -0.00423112 0.0015603
44000 1.57347 -0.00575801 0.00155674
45000 1.63277 -0.00584224 0.00161198
46000 1.61607 -0.00233336 0.0015991
47000 1.54458 -0.00751495 0.00152566
48000 1.61832 -0.00304307 0.00160673
49000 1.6648 -0.00497449 0.00164572
50000 1.62244 -0.00410193 0.0016031
51000 1.60212 -0.00776222 0.00157787
52000 1.64521 -0.00785344 0.00162104
53000 1.6056 -0.00489207 0.00158849
54000 1.57022 -0.0110619 0.00155454
55000 1.61667 -0.00853399 0.0015951
56000 1.63316 -0.00607127 0.00162139
57000 1.54517 -0.00474462 0.00152788
58000 1.62704 -0.00657825 0.00160992
59000 1.59386 -0.00900038 0.00157696
60000 1.56194 -0.00687859 0.00154758
61000 1.60583 -0.00696495 0.00158757
62000 1.57649 -0.00236945 0.0015631
63000 1.58597 -0.00960962 0.00156611
64000 1.59511 -0.00800836 0.00157125
65000 1.59905 -0.00601338 0.00157651
66000 1.60044 -0.00809225 0.00157868
67000 1.59717 -0.00353813 0.00157971
68000 1.57621 -0.00460659 0.0015538
69000 1.60945 -0.0104516 0.00158513
70000 1.62925 -0.00449682 0.00160803
71000 1.62403 -0.00974547 0.00160231
72000 1.56176 -0.00975539 0.001538
73000 1.61298 -0.00309998 0.00159177
74000 1.53944 -0.0115055 0.00152145
75000 1.61933 -0.00536215 0.00160226
76000 1.56703 -0.00784037 0.00154519
77000 1.61578 -0.00479929 0.00159803
78000 1.59146 -0.00399021 0.00157397
79000 1.5787 -0.0024206 0.0015621
80000 1.63757 -0.00245193 0.00161934
81000 1.59213 -0.00366277 0.0015784
82000 1.54582 -0.00612996 0.00152761
83000 1.6274 -0.00453052 0.0016101
84000 1.59131 -0.00475493 0.00157369
85000 1.64946 -0.00512257 0.0016283
86000 1.56718 -0.00527352 0.00154772
87000 1.56875 -0.0063898 0.00154901
88000 1.58467 -0.00466439 0.00157089
89000 1.59359 -0.0101724 0.00157291
90000 1.60909 -0.00573938 0.00159177
91000 1.58304 -0.00335404 0.00156699
92000 1.56184 -0.00652843 0.00154183
93000 1.58832 -0.00904099 0.00156927
94000 1.5461 -0.00517479 0.0015263
95000 1.57582 -0.00426105 0.00155894
96000 1.59541 -0.00795517 0.00157861
97000 1.58396 -0.00351713 0.00157602
98000 1.58857 -0.00341192 0.00157373
99000 1.59561 -0.00305809 0.00157409
100000 1.6521 -0.00462557 0.00163318
101000 1.61337 -0.0125225 0.00158305
102000 1.59006 -0.00708145 0.00157474
103000 1.62269 -0.00566951 0.00161131
104000 1.62017 -0.00594826 0.00160086
105000 1.56224 -0.0119895 0.0015409
106000 1.60778 -0.0079401 0.0015914
107000 1.5879 -0.00375412 0.00156829
108000 1.59234 -0.00627125 0.00157447
109000 1.55806 -0.00977358 0.0015391
110000 1.55924 -0.00496963 0.00153935
111000 1.64156 -0.00888911 0.00161505
112000 1.58665 -0.00416981 0.00156792
113000 1.59964 -0.00235812 0.00159369
114000 1.61299 -0.00468793 0.00159221
115000 1.57255 -0.00430819 0.00155697
116000 1.65098 -0.0042121 0.00163317
117000 1.56627 -0.00565429 0.0015449
118000 1.60658 -0.00891873 0.00158355
119000 1.6251 -0.0019768 0.00161599
120000 1.59938 -0.00791952 0.001577
121000 1.62415 -0.0073708 0.0016006
122000 1.60896 -0.00546978 0.00158515
123000 1.61566 -0.00640171 0.00159723
124000 1.5965 -0.00545927 0.00157505
125000 1.62312 -0.00201121 0.00160598
126000 1.57277 -0.00344324 0.00155523
127000 1.59117 -0.00685311 0.00157453
128000 1.62882 -0.00426933 0.00161453
129000 1.60056 -0.00513063 0.00158166
130000 1.62773 -0.00553117 0.00161051
131000 1.62547 -0.00431643 0.00161081
132000 1.60237 -0.00439806 0.00158691
133000 1.58389 -0.00678174 0.00156871
134000 1.57379 -0.00425852 0.00155809
135000 1.63227 -0.00564787 0.00161375
136000 1.60234 -0.00415968 0.00158422
137000 1.61515 -0.00451804 0.00159851
138000 1.6138 -0.00362995 0.00159707
139000 1.61696 -0.00895988 0.0015964
140000 1.59642 -0.00690795 0.00157813
141000 1.6257 -0.00413415 0.00160968
142000 1.61393 -0.00217949 0.00160036
143000 1.6011 -0.00459558 0.0015839
144000 1.57528 -0.00243151 0.00156376
145000 1.60557 -0.00746817 0.00158207
146000 1.60178 -0.00228589 0.00158924
147000 1.58623 -0.00487863 0.0015694
148000 1.5734 -0.00244836 0.0015557
149000 1.58814 -0.00795892 0.00157379
150000 1.62247 -0.00901317 0.00160102
151000 1.60209 -0.0106557 0.00157526
152000 1.5816 -0.00552026 0.00156285
153000 1.67099 -0.00549244 0.00165026
154000 1.60418 -0.00548853 0.00158899
155000 1.55148 -0.00875252 0.00153116
156000 1.61113 -0.00804573 0.00159314
157000 1.64717 -0.0066094 0.00162497
158000 1.5574 -0.00654233 0.00153875
159000 1.63466 -0.00793559 0.00161469
160000 1.6022 -0.00678827 0.00158582
161000 1.60079 -0.00469144 0.00158189
162000 1.59889 -0.00255883 0.00158305
163000 1.61431 -0.00290502 0.00159582
164000 1.60584 -0.00403361 0.00158962
165000 1.57796 -0.00390549 0.00155974
166000 1.60593 -0.00312075 0.00159153
167000 1.61637 -0.00630549 0.00159984
168000 1.61933 -0.00638893 0.0015992
169000 1.54394 -0.00907415 0.00152363
170000 1.58693 -0.00461237 0.0015684
171000 1.57279 -0.00440063 0.00155668
172000 1.64803 -0.00558252 0.00162703
173000 1.64543 -0.002324 0.00162692
174000 1.54863 -0.00180203 0.00153238
175000 1.58096 -0.00633955 0.00156317
176000 1.64983 -0.00521278 0.00163658
177000 1.57148 -0.00933993 0.00155056
178000 1.61107 -0.0137949 0.0015893
179000 1.60391 -0.0204554 0.00157908
180000 1.59157 -0.00991711 0.0015673
181000 1.61271 -0.00677525 0.00159463
182000 1.59328 -0.00854791 0.00157632
183000 1.58321 -0.00285428 0.00156641
184000 1.61333 -0.00222107 0.00159873
185000 1.6124 -0.00452155 0.00158964
186000 1.57305 -0.0101119 0.00155299
187000 1.59938 -0.0024622 0.00157991
188000 1.63221 -0.00838715 0.00161094
189000 1.63643 -0.00581644 0.00161777
190000 1.5682 -0.00790441 0.00155325
191000 1.61462 -0.00255685 0.00160721
192000 1.53714 -0.00708688 0.00151889
193000 1.66315 -0.00767185 0.00164288
194000 1.54821 -0.00484486 0.0015298
195000 1.64113 -0.00675827 0.00162138
196000 1.62026 -0.00469742 0.00160647
197000 1.55591 -0.00562028 0.00154041
198000 1.64303 -0.00713814 0.00162189
199000 1.60077 -0.00816685 0.00157565
200000 1.56139 -0.00654896 0.00154433
201000 1.61425 -0.00700578 0.00159108
202000 1.62402 -0.00265319 0.00160461
203000 1.58705 -0.00511084 0.00156723
204000 1.59344 -0.00527967 0.00157429
205000 1.60148 -0.00484834 0.00158786
206000 1.59453 -0.00270086 0.00157774
207000 1.62488 -0.00218384 0.00160725
208000 1.57549 -0.00781681 0.0015582
209000 1.58886 -0.00534529 0.00156774
210000 1.586 -0.0165503 0.00156769
211000 1.63565 -0.0192883 0.00160857
212000 1.56 -0.0199821 0.00153761
213000 1.5785 -0.0199325 0.00155348
214000 1.5826 -0.0156598 0.0015623
215000 1.62755 -0.0187333 0.00160443
216000 1.62169 -0.012147 0.00160417
217000 1.6154 -0.0153188 0.00159328
218000 1.5772 -0.0152115 0.00155659
219000 1.6164 -0.00384479 0.0015991
220000 1.53027 -0.00481448 0.00151502
221000 1.63786 -0.00151272 0.00162052
222000 1.6048 -0.00575058 0.00158561
223000 1.65099 -0.00292326 0.00163423
224000 1.61862 -0.00268786 0.00159991
225000 1.6136 -0.00378931 0.00160018
226000 1.57177 -0.00452245 0.00155457
227000 1.55706 -0.00641265 0.00153799
228000 1.63734 -0.00428835 0.00162692
229000 1.62514 -0.00374452 0.00161456
230000 1.55545 -0.00154365 0.00153706
231000 1.65067 -0.0161837 0.00163799
232000 1.6196 -0.0140061 0.00159899
233000 1.5508 -0.016561 0.00153013
234000 1.59992 -0.0147217 0.00157584
235000 1.63939 -0.0151609 0.00161929
236000 1.61873 -0.0127268 0.00159738
237000 1.60257 -0.0153182 0.00158255
238000 1.5967 -0.0141442 0.00157693
239000 1.60046 -0.0145291 0.00158583
240000 1.60166 -0.014215 0.00158197
241000 1.5874 -0.0154513 0.00156829
242000 1.6048 -0.0106928 0.00158516
243000 1.59459 -0.0101999 0.00157459
244000 1.55563 -0.00518163 0.00153767
245000 1.65847 -0.00482196 0.00164142
246000 1.63605 -0.00540937 0.00161661
247000 1.5408 -0.00655763 0.00151937
248000 1.62922 -0.00262119 0.00161749
249000 1.62306 -0.00726195 0.00160653
250000 1.57351 -0.00474717 0.00155821
251000 1.59552 -0.00662785 0.00157829
252000 1.60981 -0.00404234 0.00159369
253000 1.5753 -0.00443326 0.00156035
254000 1.58543 -0.00932305 0.00156786
255000 1.61149 -0.00581415 0.00158966
256000 1.563 -0.00303308 0.00154997
257000 1.63709 -0.00555936 0.00162086
258000 1.58101 -0.0060458 0.00156572
259000 1.62092 -0.00585913 0.00160438
260000 1.59831 -0.0023322 0.00158926
261000 1.60621 -0.00430638 0.0015889
262000 1.61469 -0.00640559 0.00159795
263000 1.61765 -0.0049297 0.00159769
264000 1.62577 -0.00620717 0.00160874
265000 1.56265 -0.00688638 0.00154365
266000 1.60192 -0.00744138 0.00158342
267000 1.63051 -0.00461703 0.00161616
268000 1.55593 -0.00371219 0.0015361
269000 1.62221 -0.00104962 0.00160397
270000 1.58073 -0.0106999 0.00155895
271000 1.58353 -0.00599936 0.00156513
272000 1.60333 -0.00532299 0.0015888
273000 1.60753 -0.00846462 0.00159267
274000 1.55047 -0.0058697 0.001535
275000 1.61395 -0.00489565 0.00159523
276000 1.5812 -0.00769145 0.00156127
277000 1.65126 -0.00318422 0.0016387
278000 1.5686 -0.00858673 0.0015501
279000 1.61135 -0.0102403 0.0015885
280000 1.60887 -0.00739594 0.00159329
281000 1.59523 -0.00634818 0.00157776
282000 1.60506 -0.00430103 0.00158869
283000 1.60093 -0.0062744 0.00158007
284000 1.60758 -0.00556362 0.00159124
285000 1.54702 -0.0105589 0.00152587
286000 1.64072 -0.00416693 0.00162188
287000 1.63221 -0.0111343 0.00160839
288000 1.61713 -0.00566805 0.00159806
289000 1.63552 -0.00577411 0.00161813
290000 1.53525 -0.00323868 0.0015183
291000 1.64845 -0.00363039 0.00163477
292000 1.55374 -0.00286098 0.00153514
293000 1.6074 -0.00542485 0.00158668
294000 1.58458 -0.0056762 0.0015658
295000 1.61711 -0.0077616 0.00160098
296000 1.61654 -0.00873206 0.00159205
297000 1.58537 -0.00616611 0.00156349
298000 1.57253 -0.00970105 0.00155251
299000 1.56774 -0.00737404 0.00154736
300000 1.64566 -0.00350499 0.00162752
301000 1.65993 -0.00197578 0.00164782
302000 1.57661 -0.0043907 0.00155652
303000 1.5957 -0.00645089 0.00157897
304000 1.59932 -0.00264874 0.0015794
305000 1.59183 -0.00462493 0.00157245
306000 1.61256 -0.00305464 0.001594
307000 1.59094 -0.00376796 0.00157173
308000 1.6481 -0.00387993 0.00163237
309000 1.63156 -0.00810426 0.00161644
310000 1.55533 -0.00689958 0.00153976
311000 1.60636 -0.00521307 0.00159181
312000 1.55904 -0.00435438 0.00154207
313000 1.65018 -0.00596894 0.00163057
314000 1.56664 -0.00596283 0.00154251
315000 1.61187 -0.00362503 0.00159533
316000 1.59943 -0.00402745 0.00157981
317000 1.54775 -0.00677351 0.00153491
318000 1.59183 -0.00727457 0.00157064
319000 1.56042 -0.00608726 0.00154564
320000 1.53823 -0.00167315 0.00152576
321000 1.58534 -0.00878274 0.00156316
322000 1.59948 -0.00690899 0.00158317
323000 1.61779 -0.00842198 0.00159965
324000 1.55421 -0.00454532 0.00153828
325000 1.58317 -0.00145656 0.00156644
326000 1.59164 -0.00471346 0.00157052
327000 1.60285 -0.00573264 0.00158013
328000 1.58229 -0.00756721 0.00155948
329000 1.59248 -0.00266914 0.00157615
330000 1.63818 -0.00288889 0.00162282
331000 1.56736 -0.00194509 0.00155117
332000 1.61673 -0.00601366 0.00159726
333000 1.5965 -0.00503997 0.00158012
334000 1.58501 -0.00623911 0.00157014
335000 1.64181 -0.00332703 0.00162859
336000 1.55954 -0.00494137 0.00154163
337000 1.60369 -0.00319939 0.00159283
338000 1.62797 -0.00558629 0.00161209
339000 1.56675 -0.00270328 0.0015501
340000 1.63482 -0.00526277 0.00161311
341000 1.58061 -0.00224224 0.00156508
342000 1.58995 -0.0030304 0.00157048
343000 1.60018 -0.00412046 0.00158467
344000 1.61539 -0.00799471 0.0015956
345000 1.59664 -0.0105341 0.00158857
346000 1.6207 -0.00735469 0.00160266
347000 1.57894 -0.00761876 0.00156083
348000 1.58934 -0.00715118 0.00156886
349000 1.57996 -0.00281558 0.00156291
350000 1.6316 -0.00736491 0.00161167
351000 1.58643 -0.00423059 0.00157199
352000 1.56401 -0.00235195 0.00154805
353000 1.64396 -0.00623104 0.001629
354000 1.59647 -0.00452222 0.0015839
355000 1.61447 -0.00506452 0.00159357
356000 1.55491 -0.00440468 0.00153424
357000 1.59213 -0.00617815 0.00158604
358000 1.62529 -0.00297835 0.00160628
359000 1.60195 -0.00331231 0.00158793
360000 1.53332 -0.00406316 0.00151358
361000 1.60803 -0.00343816 0.00159472
362000 1.67093 -0.00600638 0.00165353
363000 1.5792 -0.00423581 0.00156166
364000 1.5908 -0.00408362 0.0015788
365000 1.54181 -0.00504775 0.00152153
366000 1.61184 -0.00738418 0.00159241
367000 1.61759 -0.00484433 0.00159838
368000 1.64327 -0.00286554 0.00162422
369000 1.57683 -0.00574561 0.00156109
370000 1.55711 -0.00686655 0.00154081
371000 1.65179 -0.00594638 0.00163281
372000 1.55278 -0.00683983 0.00154341
373000 1.64622 -0.00983349 0.00162575
374000 1.6414 -0.00512783 0.00162718
375000 1.54027 -0.00678115 0.0015232
376000 1.63525 -0.00476233 0.00161373
377000 1.62006 -0.00477886 0.00160087
378000 1.57178 -0.00467186 0.00155292
379000 1.59285 -0.00480776 0.00157481
380000 1.59963 -0.0110873 0.00157944
381000 1.57878 -0.00773995 0.00155821
382000 1.67216 -0.00594207 0.00164913
383000 1.56469 -0.00641652 0.00154387
384000 1.66036 -0.00437382 0.0016395
385000 1.5309 -0.00655003 0.00150727
386000 1.60134 -0.00337323 0.00158282
387000 1.58776 -0.00672652 0.00157118
388000 1.65598 -0.00130704 0.00164245
389000 1.55359 -0.00570465 0.00154437
390000 1.61838 -0.00837578 0.00159632
391000 1.64354 -0.00613761 0.0016231
392000 1.56843 -0.00172258 0.00155231
393000 1.5965 -0.00492997 0.00158078
394000 1.58903 -0.00434776 0.00157294
395000 1.61774 -0.00339439 0.00160345
396000 1.60046 -0.00685574 0.00157928
397000 1.59016 -0.00547794 0.00157482
398000 1.61687 -0.00740369 0.00159657
399000 1.56976 -0.00828676 0.00155429
400000 1.60491 -0.00237337 0.00158877
401000 1.62367 -0.00416503 0.00160501
402000 1.55886 -0.00848107 0.00153612
403000 1.6351 -0.0105882 0.00160782
404000 1.61495 -0.00699595 0.00159496
405000 1.57702 -0.00397182 0.00155817
406000 1.65966 -0.00434362 0.00164669
407000 1.55393 -0.00578285 0.00154122
408000 1.64856 -0.00733624 0.00162568
409000 1.55008 -0.00558259 0.00153155
410000 1.60068 -0.0037419 0.00158206
411000 1.6263 -0.00400725 0.00160978
412000 1.64045 -0.00516882 0.00162274
413000 1.61797 -0.00635482 0.00159799
414000 1.61339 -0.00694008 0.00159275
415000 1.62128 -0.00980258 0.00159612
416000 1.60884 -0.010497 0.00159091
417000 1.60955 -0.0113738 0.0015903
418000 1.6213 -0.011035 0.00159759
419000 1.57536 -0.00805121 0.00155641
420000 1.61869 -0.00619238 0.00159707
421000 1.62684 -0.00912816 0.00161416
422000 1.54929 -0.00242843 0.00153643
423000 1.61435 -0.00694778 0.00159505
424000 1.57025 -0.00668128 0.0015535
425000 1.62183 -0.00481605 0.00160655
426000 1.58992 -0.00378638 0.00157088
427000 1.58904 -0.00768177 0.00157762
428000 1.60771 -0.00442688 0.00159215
429000 1.58972 -0.00423559 0.00157165
430000 1.58471 -0.00560211 0.00156548
431000 1.61363 -0.00890278 0.00159034
432000 1.55392 -0.00402266 0.00153722
433000 1.62375 -0.00798962 0.0016036
434000 1.62775 -0.00267927 0.00161043
435000 1.63501 -0.00901931 0.00161399
436000 1.63467 -0.00704905 0.00161407
437000 1.53785 -0.0078231 0.00151958
438000 1.61715 -0.00199375 0.00160521
439000 1.62048 -0.0028112 0.00160161
440000 1.53946 -0.00335174 0.00152163
441000 1.56137 -0.00524872 0.00154033
442000 1.59152 -0.00499226 0.00157537
443000 1.57542 -0.00463539 0.00155527
444000 1.55533 -0.00383185 0.0015359
445000 1.59648 -0.00415149 0.00157966
446000 1.62505 -0.00203538 0.0016103
447000 1.6206 -0.00425554 0.00160232
448000 1.62875 -0.00759711 0.00161394
449000 1.64425 -0.00557276 0.00162425
450000 1.56579 -0.00456087 0.00154733
451000 1.59915 -0.00624997 0.00157882
452000 1.6348 -0.0125482 0.00160702
453000 1.5697 -0.00710619 0.00154751
454000 1.57171 -0.0046894 0.00155367
455000 1.63183 -0.00683284 0.00161158
456000 1.58636 -0.00258726 0.00156698
457000 1.57602 -0.00324517 0.00156243
458000 1.59128 -0.00523297 0.00156981
459000 1.60136 -0.00531088 0.00158225
460000 1.59457 -0.00586685 0.00157388
461000 1.53649 -0.00602729 0.00151533
462000 1.58201 -0.00869397 0.00156174
463000 1.59476 -0.0042034 0.0015772
464000 1.56903 -0.0034699 0.00155253
465000 1.57889 -0.00650934 0.00155504
466000 1.64056 -0.0103775 0.00161687
467000 1.57072 -0.00336877 0.00155395
468000 1.61896 -0.00857248 0.00159566
469000 1.59156 -0.00366346 0.00157299
470000 1.62683 -0.00495221 0.00160769
471000 1.59382 -0.00216696 0.00157671
472000 1.63781 -0.00212403 0.00162304
473000 1.55959 -0.0064792 0.0015458
474000 1.58468 -0.00499964 0.00156643
475000 1.64871 -0.00767103 0.00162482
476000 1.633 -0.00323712 0.00161674
477000 1.55097 -0.00231178 0.0015377
478000 1.58602 -0.00113986 0.00156962
479000 1.66014 -0.00492152 0.00163908
480000 1.5535 -0.0030353 0.00153491
481000 1.65744 -0.00338787 0.00163951
482000 1.58286 -0.00472665 0.00156675
483000 1.53731 -0.00268424 0.0015212
484000 1.65009 -0.00645322 0.00163456
485000 1.58064 -0.0108938 0.00156571
486000 1.63365 -0.012344 0.0016135
487000 1.5731 -0.0164366 0.00155045
488000 1.57216 -0.0148223 0.00155945
489000 1.6365 -0.0123567 0.00161386
490000 1.57994 -0.0119388 0.00156186
491000 1.56119 -0.0124787 0.00154718
492000 1.63113 -0.0133086 0.0016097
493000 1.53197 -0.0144257 0.00151246
494000 1.62671 -0.0135027 0.00160712
495000 1.62662 -0.0149892 0.00160872
496000 1.55958 -0.011521 0.00154246
497000 1.58338 -0.0135817 0.00156285
498000 1.61449 -0.0148727 0.00159286
499000 1.55497 -0.0135774 0.00153986
500000 1.56112 -0.0117529 0.00154589
501000 1.62377 -0.0165097 0.0015936
502000 1.5932 -0.0202041 0.00157437
503000 1.60716 -0.018471 0.00157722
504000 1.6294 -0.0202564 0.00159764
505000 1.54355 -0.0147805 0.00151882
506000 1.55809 -0.0129731 0.00154077
507000 1.62029 -0.0135484 0.00159513
508000 1.58482 -0.0102591 0.00156311
509000 1.58673 -0.0132515 0.00156436
510000 1.57001 -0.0198666 0.00154909
511000 1.58733 -0.0159789 0.00155935
512000 1.58526 -0.014847 0.00156648
513000 1.59162 -0.0164182 0.00157796
514000 1.60559 -0.0116068 0.00158291
515000 1.61116 -0.0127537 0.00158803
516000 1.57768 -0.0135684 0.00156054
517000 1.54913 -0.0149895 0.0015412
518000 1.63544 -0.0118638 0.00161093
519000 1.58278 -0.0118741 0.00156749
520000 1.59158 -0.00285254 0.00157471
521000 1.56026 -0.0118859 0.00154054
522000 1.60644 -0.0108164 0.0015839
523000 1.5558 -0.0046055 0.00153758
524000 1.56904 -0.00534161 0.00155029
525000 1.60185 -0.00160738 0.00158797
526000 1.67134 -0.00567121 0.00165715
527000 1.59839 -0.00947122 0.00157952
528000 1.55446 -0.00574901 0.00153524
529000 1.62672 -0.00596817 0.00160651
530000 1.6193 -0.00422664 0.00160083
531000 1.60055 -0.00262667 0.00158239
532000 1.58255 -0.00287948 0.00156622
533000 1.59607 -0.00575617 0.00158019
534000 1.62604 -0.00473618 0.00160302
535000 1.57296 -0.00496789 0.00155392
536000 1.63405 -0.00470085 0.00161614
537000 1.58488 -0.00967843 0.00156235
538000 1.58795 -0.00670269 0.00157178
539000 1.59522 -0.00411141 0.00157679
540000 1.60684 -0.00439071 0.00158582
541000 1.64573 -0.0067815 0.0016283
542000 1.54237 -0.00587793 0.00152735
543000 1.63503 -0.00300939 0.00161777
544000 1.57648 -0.00695691 0.00155631
545000 1.56176 -0.00587844 0.00154785
546000 1.58828 -0.0065199 0.00157059
547000 1.62993 -0.00413059 0.00161933
548000 1.59155 -0.00385131 0.00157383
549000 1.53682 -0.0062567 0.0015196
550000 1.64793 -0.00527588 0.00162482
551000 1.60889 -0.00879534 0.00158571
552000 1.55802 -0.0104511 0.0015339
553000 1.62093 -0.00690749 0.00160288
554000 1.67339 -0.0036293 0.00165169
555000 1.61847 -0.000999128 0.00160207
556000 1.5815 -0.00518873 0.00156244
557000 1.65103 -0.00706705 0.00163033
558000 1.60348 -0.00578587 0.00158522
559000 1.59725 -0.00527235 0.00157647
560000 1.60442 -0.007554 0.00158079
561000 1.61467 -0.00556069 0.00159922
562000 1.58997 -0.00897111 0.00156932
563000 1.63923 -0.00805986 0.00162673
564000 1.57119 -0.00425762 0.00155513
565000 1.60638 -0.00821514 0.00158569
566000 1.61837 -0.00574529 0.00160145
567000 1.56179 -0.00484032 0.00154401
568000 1.63479 -0.00741683 0.00161274
569000 1.61435 -0.00816776 0.00159744
570000 1.58991 -0.00127832 0.00157189
571000 1.61864 -0.00850306 0.00159857
572000 1.62161 -0.00264638 0.00160587
573000 1.61211 -0.0077511 0.0015983
574000 1.61168 -0.00551259 0.00159332
575000 1.5659 -0.00403324 0.00154935
576000 1.60913 -0.00554179 0.00159148
577000 1.61118 -0.00282123 0.00159332
578000 1.59464 -0.00511388 0.00157835
579000 1.57671 -0.00596418 0.00156066
580000 1.59541 -0.00629575 0.00158279
581000 1.64897 -0.00799894 0.00162775
582000 1.63067 -0.00614462 0.00161234
583000 1.60214 -0.00504821 0.00158564
584000 1.57445 -0.00595156 0.00155629
585000 1.57277 -0.00472953 0.00155534
586000 1.6377 -0.00263321 0.00162237
587000 1.60569 -0.00326783 0.00158828
588000 1.59658 -0.00527631 0.00157531
589000 1.54956 -0.00971536 0.00153103
590000 1.65937 -0.00635754 0.00163564
591000 1.5874 -0.00312495 0.00157434
592000 1.57543 -0.0043537 0.00156858
593000 1.63829 -0.00684124 0.00161422
594000 1.58882 -0.00972887 0.00157314
595000 1.59861 -0.00372484 0.0015786
596000 1.62109 -0.00698585 0.00160587
597000 1.59999 -0.00584608 0.00158929
598000 1.60507 -0.00512559 0.00158569
599000 1.6014 -0.00417228 0.00158127
600000 1.60854 -0.00578098 0.00158701
601000 1.61985 -0.00435985 0.00159957
602000 1.60986 -0.00302981 0.00159499
603000 1.55701 -0.00370172 0.00153892
604000 1.59408 -0.00369577 0.00157564
605000 1.60092 -0.00511682 0.00158245
606000 1.62407 -0.013111 0.00159591
607000 1.55522 -0.0105881 0.00154114
608000 1.58433 -0.00498156 0.00156769
609000 1.57073 -0.00296914 0.00155274
610000 1.58942 -0.0037193 0.00157297
611000 1.63199 -0.00523374 0.00161222
612000 1.55823 -0.00969246 0.00154321
613000 1.5808 -0.00570382 0.00155984
614000 1.63489 -0.00760172 0.00161834
615000 1.62662 -0.00314062 0.00161068
616000 1.5631 -0.00724337 0.00154556
617000 1.57558 -0.00577574 0.00155977
618000 1.61067 -0.00645876 0.0015919
619000 1.62487 -0.00697587 0.00160854
620000 1.58304 -0.00188783 0.00156451
621000 1.62132 -0.0080649 0.00160628
622000 1.65329 -0.00794671 0.00163657
623000 1.57684 -0.00297595 0.00156108
624000 1.60184 -0.00444997 0.00158425
625000 1.60311 -0.00527736 0.00158674
626000 1.54211 -0.00333638 0.00152443
627000 1.66871 -0.00614515 0.00164777
628000 1.54954 -0.00546265 0.00153235
629000 1.64594 -0.00347235 0.0016279
630000 1.57856 -0.00350514 0.00156136
631000 1.56323 -0.00361607 0.00154485
632000 1.66422 -0.00174096 0.00164684
633000 1.59796 -0.00284505 0.00158004
634000 1.56995 -0.00722902 0.00155016
635000 1.58064 -0.0040873 0.00156572
636000 1.60701 -0.00467654 0.00158959
637000 1.58456 -0.00546932 0.00156555
638000 1.58622 -0.00845175 0.001563
639000 1.57924 -0.00411953 0.00156174
640000 1.57646 -0.00384965 0.00155897
641000 1.61904 -0.0104656 0.0015992
642000 1.60881 -0.0077366 0.0015908
643000 1.58647 -0.0098814 0.00156522
644000 1.59672 -0.00653497 0.00158128
645000 1.60614 -0.00750328 0.0015867
646000 1.59343 -0.00542077 0.00157539
647000 1.57898 -0.00455239 0.00155793
648000 1.57659 -0.00296212 0.00155953
649000 1.5701 -0.00821053 0.00155137
650000 1.61674 -0.00453419 0.00159781
651000 1.56129 -0.00395009 0.00154652
652000 1.58694 -0.00802375 0.00156436
653000 1.62876 -0.00521171 0.00161224
654000 1.5895 -0.0102001 0.00157271
655000 1.54924 -0.0114233 0.00152313
656000 1.5604 -0.00924678 0.00154014
657000 1.60497 -0.0120283 0.00158305
658000 1.56842 -0.0134148 0.00154516
659000 1.60651 -0.0108167 0.00158057
660000 1.58525 -0.0128377 0.0015566
661000 1.62685 -0.00648918 0.00160518
662000 1.60247 -0.0018516 0.00158626
663000 1.61481 -0.0034694 0.00159673
664000 1.56915 -0.00504871 0.00155356
665000 1.64233 -0.0042286 0.00162357
666000 1.64365 -0.00467742 0.00162445
667000 1.62013 -0.00491857 0.00160293
668000 1.63034 -0.00568629 0.00160931
669000 1.60447 -0.00595224 0.00158794
670000 1.61244 -0.00291421 0.0015987
671000 1.64446 -0.00300248 0.00162586
672000 1.57894 -0.00378495 0.00156407
673000 1.58289 -0.00324628 0.00156603
674000 1.61505 -0.00696315 0.00159686
675000 1.58942 -0.0022388 0.00156987
676000 1.61559 -0.00293535 0.00159763
677000 1.5862 -0.0068417 0.00156881
678000 1.6128 -0.00490199 0.00159398
679000 1.60943 -0.00845589 0.0015895
680000 1.58809 -0.0103921 0.0015711
681000 1.57797 -0.00512607 0.00156074
682000 1.58785 -0.00956444 0.00156755
683000 1.65101 -0.00951051 0.00162877
684000 1.60684 -0.00688547 0.00158348
685000 1.62204 -0.00865487 0.00160242
686000 1.57805 -0.00321733 0.00155748
687000 1.55353 -0.00176725 0.00153654
688000 1.62868 -0.00767058 0.00160644
689000 1.59692 -0.00511635 0.00158224
690000 1.60485 -0.00431714 0.00158753
691000 1.59695 -0.00494177 0.00157783
692000 1.61344 -0.0130719 0.00159286
693000 1.5712 -0.0153705 0.00154749
694000 1.57694 -0.00626394 0.0015599
695000 1.59418 -0.0040218 0.0015787
696000 1.5519 -0.0069577 0.00153168
697000 1.57619 -0.0032911 0.00155751
698000 1.60298 -0.00603796 0.00158872
699000 1.65448 -0.00905695 0.0016394
700000 1.56119 -0.00863907 0.00154522
701000 1.5803 -0.0107234 0.00156162
702000 1.61904 -0.0033595 0.00160391
703000 1.60806 -0.0044094 0.00158851
704000 1.58547 -0.00380123 0.00157294
705000 1.60961 -0.00806102 0.00158881
706000 1.60152 -0.00571169 0.00158751
707000 1.61144 -0.00379457 0.00159113
708000 1.5485 -0.00385768 0.00153171
709000 1.54004 -0.00527941 0.00151774
710000 1.61358 -0.00905761 0.00159399
711000 1.58243 -0.000880058 0.00156664
712000 1.66771 -0.00259643 0.00164954
713000 1.6359 -0.00437327 0.00162008
714000 1.56278 -0.00468578 0.0015437
715000 1.60183 -0.00548202 0.00158229
716000 1.61461 -0.0089998 0.00159949
717000 1.59764 -0.0124589 0.00157946
718000 1.61869 -0.0118889 0.00159679
719000 1.61983 -0.00704474 0.00159856
720000 1.54658 -0.0130959 0.00151989
721000 1.63693 -0.0073365 0.00161789
722000 1.54059 -0.00749099 0.00152758
723000 1.63523 -0.00508127 0.00161548
724000 1.63582 -0.00668631 0.00161759
725000 1.57069 -0.00681528 0.00155878
726000 1.63051 -0.00625291 0.0016139
727000 1.55162 -0.00698437 0.00153852
728000 1.64973 -0.0066699 0.00162961
729000 1.52607 -0.00641343 0.00150698
730000 1.63375 -0.00172767 0.00161901
731000 1.61884 -0.00485221 0.00160266
732000 1.56003 -0.00198916 0.0015433
733000 1.61963 -0.00471238 0.00160095
734000 1.66952 -0.00462002 0.00164871
735000 1.60922 -0.00669092 0.00158798
736000 1.53307 -0.00777205 0.0015102
737000 1.57767 -0.00232452 0.00155951
738000 1.65861 -0.0029055 0.00164164
739000 1.55072 -0.00610201 0.00153882
740000 1.61841 -0.00368878 0.0015977
741000 1.61917 -0.00333879 0.00160533
742000 1.62869 -0.00754336 0.00160378
743000 1.62521 -0.005865 0.00160314
744000 1.62636 -0.00283971 0.001612
745000 1.6328 -0.00361705 0.00161479
746000 1.61051 -0.0024765 0.00159224
747000 1.62903 -0.00179668 0.00161421
748000 1.54104 -0.00234701 0.00152466
749000 1.6638 -0.00543677 0.00164889
750000 1.57678 -0.0102925 0.00156349
751000 1.54637 -0.00431529 0.00153121
752000 1.60837 -0.00276957 0.00159561
753000 1.58785 -0.00692298 0.00156657
754000 1.59121 -0.00736488 0.0015704
755000 1.58395 -0.00238922 0.00157101
756000 1.59688 -0.0108289 0.00157349
757000 1.57099 -0.00528249 0.00155557
758000 1.56177 -0.00723559 0.00154371
759000 1.63441 -0.00464959 0.00161479
760000 1.59504 -0.00864176 0.00157654
761000 1.57948 -0.00384315 0.00156352
762000 1.63863 -0.00554897 0.00162419
763000 1.58098 -0.00546827 0.00156032
764000 1.56599 -0.00484798 0.0015516
765000 1.64725 -0.00641923 0.00162567
766000 1.61681 -0.00537609 0.00159986
767000 1.58732 -0.00305495 0.00157375
768000 1.65138 -0.00362853 0.00163132
769000 1.61635 -0.00315443 0.00159857
770000 1.60717 -0.00858874 0.00158986
771000 1.62487 -0.00988654 0.00160736
772000 1.66324 -0.0111705 0.0016401
773000 1.63127 -0.00795561 0.00161169
774000 1.55385 -0.0087724 0.00153127
775000 1.61047 -0.00518781 0.00158953
776000 1.65481 -0.00841175 0.00163656
777000 1.55935 -0.00813764 0.0015355
778000 1.56832 -0.00752899 0.00154793
779000 1.60784 -0.00755411 0.00158233
780000 1.65726 -0.00466159 0.00164498
781000 1.56054 -0.00615133 0.00154504
782000 1.60313 -0.00421804 0.00158313
783000 1.62116 -0.00693822 0.00160271
784000 1.5753 -0.00751252 0.00155167
785000 1.63962 -0.00484288 0.00162338
786000 1.566 -0.00182753 0.00155126
787000 1.62167 -0.0021876 0.00160511
788000 1.59214 -0.00557945 0.00157363
789000 1.57906 -0.00783117 0.00156277
790000 1.64651 -0.00629787 0.00162554
791000 1.56236 -0.00484641 0.00154482
792000 1.58909 -0.00685276 0.00156623
793000 1.67323 -0.0048874 0.00165526
794000 1.61745 -0.00709654 0.00159304
795000 1.56771 -0.00571969 0.00155341
796000 1.61173 -0.0042098 0.00159127
797000 1.59284 -0.00524377 0.00157484
798000 1.57879 -0.00448938 0.00156462
799000 1.60973 -0.0064593 0.00159261
800000 1.59614 -0.00885551 0.0015738
801000 1.57656 -0.0075698 0.00155642
802000 1.66167 -0.00826094 0.00163935
803000 1.57364 -0.00184721 0.00155828
804000 1.57081 -0.00257852 0.00155318
805000 1.57738 -0.00594349 0.00155934
806000 1.54216 -0.00674087 0.00152159
807000 1.63712 -0.00532382 0.00162185
808000 1.60749 -0.00878171 0.00158589
809000 1.59904 -0.00693782 0.00157925
810000 1.57556 -0.00847066 0.00155889
811000 1.57901 -0.00470285 0.00155784
812000 1.55035 -0.0086794 0.00153611
813000 1.5689 -0.000653242 0.00155195
814000 1.57951 -0.00818229 0.00155974
815000 1.56293 -0.00620492 0.00154355
816000 1.60937 -0.0101451 0.00158641
817000 1.61014 -0.00442528 0.00159432
818000 1.59169 -0.00383783 0.00157718
819000 1.55598 -0.00526522 0.00153691
820000 1.60139 -0.00607688 0.00157935
821000 1.62459 -0.00613472 0.00160568
822000 1.59826 -0.0101512 0.00157472
823000 1.64658 -0.0120485 0.0016264
824000 1.56033 -0.00903537 0.00153678
825000 1.59246 -0.00653375 0.00157095
826000 1.61516 -0.00737616 0.00159468
827000 1.59421 -0.00486731 0.00157857
828000 1.60579 -0.00464886 0.00158842
829000 1.61191 -0.00379397 0.00160277
830000 1.58236 -0.00586086 0.00156554
831000 1.58693 -0.00537472 0.00156876
832000 1.59246 -0.0051852 0.00158437
833000 1.57723 -0.00826301 0.00156125
834000 1.58125 -0.00163868 0.00156519
835000 1.58417 -0.00636493 0.00157143
836000 1.66176 -0.00359528 0.00164261
837000 1.55172 -0.00246992 0.00153619
838000 1.64627 -0.00457763 0.00162842
839000 1.55951 -0.00338255 0.00154907
840000 1.62945 -0.00276155 0.00161327
841000 1.60487 -0.00484546 0.00158926
842000 1.61261 -0.00220125 0.0015923
843000 1.58852 -0.00151184 0.0015718
844000 1.6319 -0.002454 0.00161237
845000 1.59869 -0.00501369 0.00157676
846000 1.61019 -0.00461305 0.0015934
847000 1.61679 -0.00816422 0.00159683
848000 1.61598 -0.00997546 0.00159015
849000 1.56277 -0.00311036 0.00155209
850000 1.63257 -0.00669388 0.00161311
851000 1.61756 -0.00995496 0.00159966
852000 1.60061 -0.00503044 0.00158257
853000 1.61934 -0.00534849 0.00159829
854000 1.61948 -0.00572316 0.00160543
855000 1.62103 -0.00259663 0.00160605
856000 1.59176 -0.00540518 0.00157235
857000 1.60342 -0.00621773 0.00159682
858000 1.57356 -0.00882515 0.00155429
859000 1.6156 -0.00700121 0.0015924
860000 1.60243 -0.0104572 0.00158574
861000 1.61421 -0.00589966 0.00159727
862000 1.63578 -0.0111454 0.00161105
863000 1.59266 -0.0104549 0.00156999
864000 1.5755 -0.00732155 0.00155553
865000 1.65158 -0.00755122 0.00163279
866000 1.57205 -0.00625347 0.00155329
867000 1.60806 -0.00478376 0.00159111
868000 1.61166 -0.00396748 0.00159606
869000 1.59049 -0.00505007 0.00157498
870000 1.61231 -0.0109569 0.0015844
871000 1.60299 -0.0063693 0.00158357
872000 1.61548 -0.00402036 0.00160515
873000 1.60264 -0.00421457 0.00158367
874000 1.62523 -0.0065358 0.00161229
875000 1.54488 -0.00461681 0.00152828
876000 1.59056 -0.00364588 0.00157174
877000 1.58564 -0.00691878 0.00156417
878000 1.56715 -0.0101791 0.00154396
879000 1.58272 -0.00629301 0.00156383
880000 1.57632 -0.00457577 0.00155797
881000 1.56696 -0.00460207 0.00154794
882000 1.56916 -0.00634827 0.00155235
883000 1.64022 -0.00534886 0.0016206
884000 1.58293 -0.00710285 0.00155966
885000 1.5806 -0.00623675 0.00157062
886000 1.57334 -0.010859 0.00154887
887000 1.58597 -0.00481642 0.00156684
888000 1.55251 -0.00590173 0.00153661
889000 1.63806 -0.00282554 0.00162241
890000 1.54241 -0.0038208 0.00153102
891000 1.64701 -0.00519396 0.00162598
892000 1.64509 -0.00637269 0.00162495
893000 1.57818 -0.0021375 0.00155921
894000 1.60651 -0.0112357 0.00158292
895000 1.62126 -0.00717599 0.00160435
896000 1.62177 -0.00656179 0.00160905
897000 1.58003 -0.00337744 0.00156571
898000 1.59724 -0.00826102 0.00157407
899000 1.61871 -0.00705521 0.00160273
900000 1.5865 -0.0100588 0.00156354
901000 1.5724 -0.00540852 0.00155571
902000 1.60181 -0.00728926 0.00158036
903000 1.6147 -0.00476926 0.00159765
904000 1.62989 -0.0033237 0.00161918
905000 1.56485 -0.00701471 0.00154631
906000 1.58167 -0.00675818 0.00156679
907000 1.60317 -0.00379719 0.00158415
908000 1.65562 -0.00317982 0.00163886
909000 1.62049 -0.00752113 0.00160379
910000 1.53445 -0.00337168 0.00151546
911000 1.64554 -0.00680159 0.00162102
912000 1.60729 -0.00479348 0.00158831
913000 1.55062 -0.00863978 0.00153419
914000 1.62842 -0.00693767 0.00160805
915000 1.5791 -0.0091688 0.00155635
916000 1.61716 -0.00788798 0.00160008
917000 1.57674 -0.0139587 0.00155486
918000 1.63372 -0.0107297 0.00160993
919000 1.62861 -0.0112406 0.00160484
920000 1.54195 -0.00872219 0.00152447
921000 1.62119 -0.00555311 0.00160376
922000 1.58159 -0.0064908 0.00156042
923000 1.60205 -0.00545631 0.00158051
924000 1.62868 -0.00730358 0.00161187
925000 1.60297 -0.00462675 0.00158386
926000 1.57683 -0.00830514 0.00155503
927000 1.6524 -0.00951458 0.00162994
928000 1.55418 -0.00618676 0.00154086
929000 1.60273 -0.00823247 0.00158599
930000 1.57612 -0.00198692 0.00156189
931000 1.63315 -0.00331269 0.00161735
932000 1.59086 -0.00457875 0.00157754
933000 1.60732 -0.00818153 0.0015883
934000 1.58227 -0.00929156 0.00156183
935000 1.62687 -0.00897557 0.00161238
936000 1.59782 -0.00551304 0.00158018
937000 1.62999 -0.00666465 0.00161113
938000 1.60357 -0.00204885 0.00159154
939000 1.53978 -0.0119844 0.00151262
940000 1.64811 -0.00624752 0.00162787
941000 1.5407 -0.00717839 0.00151975
942000 1.63396 -0.00248474 0.00161585
943000 1.5807 -0.00481433 0.00155949
944000 1.59897 -0.00478974 0.00158449
945000 1.62164 -0.00640037 0.00160382
946000 1.63698 -0.00816715 0.00160945
947000 1.60812 -0.00856184 0.00158144
948000 1.59888 -0.00739367 0.00157918
949000 1.61503 -0.0107584 0.00159183
950000 1.61646 -0.0135491 0.00159067
951000 1.64583 -0.00999691 0.00162203
952000 1.53653 -0.00395157 0.00152013
953000 1.64221 -0.00208322 0.00162467
954000 1.53295 -0.00331293 0.00151827
955000 1.59266 -0.00614908 0.00157663
956000 1.59564 -0.00572834 0.00157535
957000 1.55848 -0.00332049 0.00154375
958000 1.53834 -0.00651064 0.00151576
959000 1.61018 -0.00789531 0.0015916
960000 1.61942 -0.00332547 0.00160126
961000 1.61748 -0.00179633 0.00160043
962000 1.57077 -0.00333572 0.00155705
963000 1.64901 -0.00273004 0.00162941
964000 1.52539 -0.00356141 0.00151036
965000 1.59753 -0.00706139 0.00157723
966000 1.57971 -0.00505617 0.0015602
967000 1.67602 -0.00746393 0.00165887
968000 1.58181 -0.0045105 0.00156048
969000 1.59072 -0.00626397 0.00157016
970000 1.56866 -0.00743167 0.00155208
971000 1.58386 -0.00506948 0.0015695
972000 1.63897 -0.0031968 0.00161977
973000 1.57322 -0.00477582 0.00155651
974000 1.57907 -0.00551532 0.00156078
975000 1.58546 -0.00977939 0.00156818
976000 1.55976 -0.00744021 0.00154206
977000 1.65717 -0.00447148 0.00163581
978000 1.54984 -0.00965543 0.00152911
979000 1.6025 -0.00471913 0.0015853
980000 1.61938 -0.00411227 0.00160311
981000 1.59561 -0.00308676 0.00157852
982000 1.61886 -0.00227125 0.0016002
983000 1.56955 -0.00618898 0.00155614
984000 1.61493 -0.00706563 0.00159524
985000 1.64713 -0.013365 0.00162439
986000 1.62814 -0.0137397 0.00160842
987000 1.60797 -0.00736969 0.00159146
988000 1.62741 -0.0134619 0.00160365
989000 1.58931 -0.0229752 0.0015575
990000 1.58635 -0.0210006 0.00155964
991000 1.61187 -0.016707 0.00158673
992000 1.63533 -0.0170754 0.00160935
993000 1.55231 -0.0260848 0.00152066
994000 1.58417 -0.0216968 0.00155391
995000 1.66149 -0.0198246 0.00163325
996000 1.57294 -0.0190134 0.00155264
997000 1.56454 -0.0194692 0.00153746
998000 1.64252 -0.0184123 0.00161639
999000 1.62085 -0.0207694 0.00159305
1000000 1.56118 -0.0205937 0.00153514
1001000 1.64582 -0.00936026 0.00162454
1002000 1.59574 -0.0166512 0.00156975
1003000 1.54763 -0.0108797 0.0015285
1004000 1.61439 -0.0106086 0.00159038
1005000 1.59406 -0.00671201 0.00157759
1006000 1.62142 -0.00875047 0.00159843
1007000 1.61186 -0.00111255 0.00160057
1008000 1.58648 -0.00615504 0.00156925
1009000 1.60088 -0.0032487 0.00158791
1010000 1.58384 -0.00364923 0.00156944
1011000 1.62957 -0.00385909 0.00161829
1012000 1.66833 -0.00280632 0.00164713
1013000 1.59927 -0.00622497 0.00157507
1014000 1.61258 -0.00227391 0.00159449
1015000 1.61471 -0.00341967 0.00159591
1016000 1.54582 -0.00732557 0.00152758
1017000 1.65859 -0.00451872 0.00163543
1018000 1.58729 -0.0138044 0.00156066
1019000 1.55274 -0.00840706 0.00152794
1020000 1.55226 -0.00442484 0.00153191
1021000 1.62065 -0.00380502 0.00160758
1022000 1.57431 -0.00430877 0.00155815
1023000 1.59357 -0.00510015 0.00157516
1024000 1.58839 -0.00749135 0.00156688
1025000 1.65477 -0.00410935 0.00163657
1026000 1.58284 -0.00426402 0.00156637
1027000 1.53816 -0.0128088 0.00151184
1028000 1.62243 -0.00712173 0.00160076
1029000 1.63632 -0.00434967 0.00162699
1030000 1.54655 -0.0088261 0.00152927
1031000 1.57077 -0.00560816 0.00155397
1032000 1.65463 -0.00806134 0.00163588
1033000 1.5506 -0.00405729 0.00153405
1034000 1.639 -0.00767976 0.00161897
1035000 1.53531 -0.00713585 0.00151048
1036000 1.65909 -0.00525015 0.00164116
1037000 1.6087 -0.00508718 0.00159459
1038000 1.57579 -0.00574474 0.00156107
1039000 1.64123 -0.00593818 0.00162584
1040000 1.57603 -0.00217931 0.0015592
1041000 1.58264 -0.00549719 0.00156684
1042000 1.61008 -0.00510066 0.00159042
1043000 1.61998 -0.00383629 0.00160179
1044000 1.55163 -0.00385557 0.00153173
1045000 1.55199 -0.0068251 0.00153412
1046000 1.60388 -0.00461885 0.00158868
1047000 1.586 -0.00533259 0.00156845
1048000 1.58707 -0.00931875 0.00156477
1049000 1.61427 -0.00269975 0.00160361
1050000 1.59832 -0.00746857 0.001578
1051000 1.60872 -0.00632573 0.00159172
1052000 1.60057 -0.0104569 0.00157905
1053000 1.5889 -0.00760971 0.00156715
1054000 1.61882 -0.0024894 0.00159965
1055000 1.58867 -0.00362592 0.00156992
1056000 1.58362 -0.00431974 0.00156778
1057000 1.58326 -0.000737238 0.00156876
1058000 1.58198 -0.00815251 0.00156025
1059000 1.61481 -0.00991423 0.00159327
1060000 1.62929 -0.00865942 0.00161049
1061000 1.58346 -0.00427638 0.00156714
1062000 1.62339 -0.00896553 0.00160527
1063000 1.67299 -0.00868943 0.00165476
1064000 1.62133 -0.00561459 0.00159966
1065000 1.56111 -0.00618831 0.00154535
1066000 1.60484 -0.00369229 0.00158922
1067000 1.63204 -0.00529548 0.00160881
1068000 1.53998 -0.00269436 0.00152572
1069000 1.65882 -0.00489898 0.00163706
1070000 1.55969 -0.0035776 0.00154094
1071000 1.61598 -0.00674088 0.00159285
1072000 1.55343 -0.00500933 0.00154044
1073000 1.62573 -0.00620197 0.00160427
1074000 1.62134 -0.0091426 0.00159938
1075000 1.58834 -0.00394035 0.0015712
1076000 1.57492 -0.004006 0.00156248
1077000 1.60884 -0.00524593 0.00158663
1078000 1.59078 -0.00862411 0.00156402
1079000 1.60723 -0.0147417 0.00158097
1080000 1.5517 -0.0160248 0.00152634
1081000 1.59987 -0.00992575 0.00157558
1082000 1.63122 -0.0163381 0.00160386
1083000 1.6239 -0.0121401 0.00159787
1084000 1.5581 -0.0128231 0.00153485
1085000 1.61712 -0.0123915 0.00159029
1086000 1.67172 -0.0112667 0.0016457
1087000 1.61551 -0.0136695 0.00159056
1088000 1.57231 -0.0101139 0.00154721
1089000 1.58353 -0.00288778 0.00156397
1090000 1.64843 -0.00467944 0.00162788
1091000 1.5548 -0.00581462 0.00153843
1092000 1.61772 -0.00556856 0.00159867
1093000 1.63399 -0.00565311 0.00161586
1094000 1.58977 -0.00365646 0.00157521
1095000 1.62753 -0.00304722 0.00161478
1096000 1.66335 -0.00416709 0.00164216
1097000 1.63649 -0.00344741 0.00161497
1098000 1.58732 -0.00359451 0.00157102
1099000 1.61066 -0.00381022 0.00159385
1100000 1.61914 -0.00411178 0.0015982
