# Time-averaged data for fix 2
# TimeStep v_Temperature v_PotentialEnergy v_Pressure
1000 0.899307 -0.907559 0.0518622
2000 0.85688 -1.03531 0.0358779
3000 0.836483 -1.06228 0.0349454
4000 0.82824 -0.94735 0.0389678
5000 0.859302 -0.930257 0.0408543
6000 0.858973 -0.917787 0.0475209
7000 0.845659 -1.01552 0.0374554
8000 0.875344 -0.965677 0.0414394
9000 0.836528 -0.91652 0.0417494
10000 0.83396 -1.15393 0.0345044
11000 0.842636 -1.10632 0.041383
12000 0.840727 -1.04022 0.0405896
13000 0.844214 -0.99532 0.0412465
14000 0.847967 -1.04786 0.0355948
15000 0.832779 -1.06644 0.0396107
16000 0.84745 -1.08596 0.0432668
17000 0.857219 -0.955799 0.0452688
18000 0.874116 -0.976152 0.0466428
19000 0.86443 -1.07833 0.0469405
20000 0.834816 -1.21694 0.0328595
21000 0.838688 -1.32757 0.0314522
22000 0.882659 -1.19997 0.0360692
23000 0.842295 -1.17985 0.0355973
24000 0.861478 -1.16266 0.0373645
25000 0.840748 -1.14441 0.0347635
26000 0.873003 -1.04486 0.0404602
27000 0.861301 -1.15863 0.0373065
28000 0.828586 -1.21268 0.0337561
29000 0.893784 -1.03951 0.0437452
30000 0.83474 -1.17618 0.0319274
31000 0.815946 -1.07516 0.038631
32000 0.851032 -1.03041 0.037119
33000 0.821163 -1.21104 0.0310466
34000 0.856069 -1.26107 0.0321349
35000 0.83072 -1.31357 0.0291846
36000 0.844276 -1.28985 0.0300832
37000 0.887884 -1.31597 0.037828
38000 0.864323 -1.28043 0.0358551
39000 0.873624 -1.18204 0.0414515
40000 0.859866 -1.11945 0.0437402
41000 0.835417 -0.973648 0.0387026
42000 0.873226 -1.20347 0.038473
43000 0.881941 -1.13304 0.0416159
44000 0.858696 -1.07249 0.0388316
45000 0.854775 -1.09698 0.0400378
46000 0.865159 -1.15037 0.0405108
47000 0.875039 -1.01403 0.0456822
48000 0.822335 -1.03031 0.0444192
49000 0.867495 -0.955782 0.0458858
50000 0.866975 -1.07464 0.0439378
51000 0.838528 -1.1633 0.0345211
52000 0.867583 -0.923988 0.0465724
53000 0.854177 -1.01165 0.0380018
54000 0.832054 -1.17459 0.0354224
55000 0.860949 -1.14958 0.0357487
56000 0.848048 -1.1001 0.0388057
57000 0.86972 -1.13444 0.0341046
58000 0.850651 -1.19397 0.0365612
59000 0.82974 -1.06034 0.0374184
60000 0.833459 -1.13569 0.0370193
61000 0.818556 -1.26628 0.0324657
62000 0.86257 -1.075 0.0373581
63000 0.852534 -1.01387 0.0409985
64000 0.852526 -1.00147 0.0407885
65000 0.891069 -1.00914 0.0518119
66000 0.861477 -1.00145 0.0425463
67000 0.849953 -1.0898 0.038998
68000 0.844817 -1.05866 0.0463383
69000 0.87038 -0.96638 0.0469017
70000 0.847858 -0.944531 0.0415654
71000 0.874328 -1.01936 0.0439071
72000 0.843047 -1.00001 0.0404457
73000 0.845855 -1.07687 0.0412574
74000 0.842292 -1.01182 0.0391994
75000 0.838474 -0.901525 0.0415443
76000 0.8159 -0.85326 0.0384207
77000 0.857335 -0.910194 0.0481787
78000 0.84308 -1.15969 0.0370796
79000 0.889223 -1.12312 0.0464057
80000 0.825912 -1.09711 0.0385588
81000 0.854563 -1.16031 0.0382042
82000 0.83756 -1.13354 0.0368284
83000 0.854413 -0.97396 0.0423162
84000 0.864856 -1.12405 0.0356533
85000 0.831758 -1.10918 0.0373684
86000 0.865889 -1.1265 0.0371703
87000 0.863343 -1.29753 0.0343486
88000 0.818264 -1.22727 0.0319778
89000 0.833296 -1.28047 0.031679
90000 0.86134 -1.32119 0.0341991
91000 0.853478 -1.20951 0.0341643
92000 0.817354 -1.17403 0.0340599
93000 0.856641 -1.02054 0.0401336
94000 0.835605 -1.08259 0.037817
95000 0.837532 -1.19662 0.0353402
96000 0.844045 -1.08684 0.0383563
97000 0.858206 -1.02199 0.0446972
98000 0.843125 -1.28582 0.032219
99000 0.866065 -1.18348 0.0383902
100000 0.875679 -1.11151 0.0435059
101000 0.838747 -1.00185 0.041457
102000 0.851741 -0.98204 0.0430796
103000 0.872269 -0.875264 0.0427538
104000 0.841667 -0.998058 0.0394597
105000 0.839966 -0.955114 0.0388236
106000 0.856677 -1.01389 0.040818
107000 0.868418 -1.11235 0.0444882
108000 0.877823 -1.11668 0.0406308
109000 0.877132 -1.04947 0.0442772
110000 0.839125 -1.02612 0.0381301
111000 0.867154 -0.888652 0.0422496
112000 0.840403 -1.14381 0.0412096
113000 0.877969 -1.02949 0.04695
114000 0.840511 -1.14382 0.0417113
115000 0.849311 -1.1148 0.0352838
116000 0.808481 -1.20121 0.0274289
117000 0.868045 -1.27956 0.0452598
118000 0.835728 -1.26773 0.0276294
119000 0.859483 -1.26799 0.0350121
120000 0.83013 -1.22961 0.0340733
121000 0.86601 -1.051 0.0437174
122000 0.864104 -1.05792 0.0370281
123000 0.853063 -1.14994 0.0390584
124000 0.868516 -1.13821 0.0370653
125000 0.843749 -0.954122 0.0417244
126000 0.859409 -0.877492 0.0465653
127000 0.858206 -0.964644 0.0424486
128000 0.848244 -0.874622 0.0414721
129000 0.826907 -0.981618 0.0445176
130000 0.867343 -0.897399 0.0480055
131000 0.849067 -0.819179 0.045852
132000 0.867316 -0.950918 0.0449158
133000 0.814061 -0.949889 0.0350892
134000 0.840033 -0.979941 0.0387206
135000 0.858462 -1.05526 0.0358071
136000 0.859981 -1.14777 0.0348237
137000 0.829731 -1.18478 0.0341979
138000 0.847299 -1.09248 0.0375231
139000 0.834327 -1.05294 0.0400879
140000 0.828405 -1.04521 0.0375094
141000 0.845516 -1.08068 0.0343914
142000 0.842559 -1.06904 0.0343421
143000 0.834815 -1.12227 0.0383231
144000 0.824276 -1.15981 0.0380874
145000 0.865973 -1.17767 0.0343108
146000 0.870389 -1.07931 0.038405
147000 0.870865 -0.942585 0.0400298
148000 0.841408 -1.11751 0.0366436
149000 0.844046 -1.12841 0.0359287
150000 0.837459 -1.15755 0.0383399
151000 0.851117 -1.14281 0.0391008
152000 0.871319 -1.18183 0.0389553
153000 0.820441 -1.2877 0.0366701
154000 0.834619 -1.33508 0.0406283
155000 0.872696 -1.24296 0.0355376
156000 0.83581 -1.06129 0.042254
157000 0.863275 -1.00068 0.0388344
158000 0.847976 -0.926313 0.0414937
159000 0.859379 -0.970407 0.0436015
160000 0.858023 -1.15987 0.0373109
161000 0.841618 -1.02273 0.0377686
162000 0.863696 -1.00826 0.038985
163000 0.831179 -1.03652 0.0375807
164000 0.852084 -0.899235 0.0404068
165000 0.859198 -0.824096 0.0478799
166000 0.867601 -1.01138 0.0435606
167000 0.853434 -1.06317 0.0399781
168000 0.869096 -0.921259 0.0458005
169000 0.872229 -0.92212 0.044409
170000 0.856162 -0.907747 0.0441748
171000 0.855375 -1.15822 0.0364386
172000 0.861706 -1.11789 0.0406993
173000 0.842779 -1.03498 0.0393192
174000 0.819261 -1.11115 0.031815
175000 0.885195 -1.16208 0.0390894
176000 0.856859 -1.24073 0.031945
177000 0.821654 -1.23696 0.0287271
178000 0.830618 -1.23434 0.0357587
179000 0.857756 -1.03728 0.0455686
180000 0.848134 -0.998502 0.0402669
181000 0.85443 -0.954905 0.0416593
182000 0.833397 -1.17313 0.0341012
183000 0.869149 -0.904658 0.0437716
184000 0.847868 -0.956293 0.040484
185000 0.847824 -1.0356 0.0417047
186000 0.847938 -1.01023 0.0396604
187000 0.881425 -0.91333 0.0460342
188000 0.858829 -0.975463 0.0454496
189000 0.842922 -1.10301 0.0352214
190000 0.827027 -1.19402 0.0323866
191000 0.853267 -1.33838 0.034581
192000 0.869753 -1.21914 0.0392204
193000 0.840097 -1.14046 0.035584
194000 0.846109 -1.12184 0.0370276
195000 0.853001 -1.2494 0.0315351
196000 0.89435 -1.1529 0.0404796
197000 0.833383 -1.08107 0.0370175
198000 0.839777 -1.01051 0.0374423
199000 0.844229 -0.946275 0.0417089
200000 0.844928 -0.903604 0.0409374
201000 0.864218 -1.00373 0.0460359
202000 0.852113 -1.1021 0.0361286
203000 0.836721 -0.96547 0.0391519
204000 0.853418 -0.976477 0.0369135
205000 0.840901 -0.925478 0.0392745
206000 0.885436 -0.894411 0.0466201
207000 0.814757 -1.04138 0.0323747
208000 0.844996 -1.00334 0.037273
209000 0.857031 -1.00825 0.0371471
210000 0.838736 -0.944782 0.0380389
211000 0.848859 -0.944974 0.0431013
212000 0.848849 -1.04636 0.0416001
213000 0.851225 -1.16288 0.0380321
214000 0.836216 -1.19642 0.0341982
215000 0.84062 -1.13301 0.0385125
216000 0.860637 -0.953517 0.0355616
217000 0.865538 -1.03886 0.0429056
218000 0.833375 -1.00426 0.0379286
219000 0.858918 -1.04596 0.036677
220000 0.851099 -0.875651 0.0421753
221000 0.823667 -0.869445 0.0408806
222000 0.876999 -1.00663 0.0438593
223000 0.838929 -0.89463 0.043716
224000 0.84786 -0.885193 0.0454691
225000 0.858551 -1.09938 0.0401761
226000 0.840194 -0.978887 0.0434741
227000 0.860401 -1.01592 0.0393786
228000 0.846102 -1.06184 0.0376921
229000 0.853838 -1.08351 0.034641
230000 0.875222 -0.947993 0.0406418
231000 0.828137 -1.00644 0.0395825
232000 0.833952 -0.917616 0.040684
233000 0.88756 -0.980428 0.0444072
234000 0.852086 -1.00818 0.0429327
235000 0.863937 -1.00315 0.0411954
236000 0.84553 -0.986001 0.0355478
237000 0.845978 -0.94425 0.0425554
238000 0.858265 -1.02441 0.0388186
239000 0.842726 -1.02112 0.0337243
240000 0.861756 -1.02209 0.0406099
241000 0.852295 -1.06007 0.039556
242000 0.854289 -1.03106 0.0350671
243000 0.833795 -1.01316 0.0386846
244000 0.857439 -0.960915 0.0366106
245000 0.854026 -0.981691 0.0393367
246000 0.827874 -0.975423 0.0402203
247000 0.854309 -0.89743 0.0418126
248000 0.852651 -0.915448 0.0448948
249000 0.854309 -0.941831 0.0443796
250000 0.836997 -0.923652 0.0415231
251000 0.844106 -0.959548 0.0432808
252000 0.855603 -0.989564 0.0455742
253000 0.849093 -1.01848 0.0433377
254000 0.856813 -1.07542 0.048883
255000 0.860025 -1.08553 0.0438634
256000 0.841395 -1.22178 0.0354165
257000 0.851411 -1.14808 0.0367758
258000 0.865521 -0.97753 0.0393106
259000 0.852495 -1.07361 0.0403268
260000 0.819347 -1.10702 0.0349581
261000 0.873233 -1.09353 0.0418266
262000 0.835616 -1.02377 0.0377957
263000 0.859433 -0.867204 0.0421822
264000 0.863387 -0.943813 0.0432024
265000 0.876797 -0.854005 0.050599
266000 0.844076 -1.00668 0.0343966
267000 0.855983 -1.05975 0.0407321
268000 0.840934 -1.03781 0.0433808
269000 0.863792 -0.985995 0.0454173
270000 0.833745 -0.987288 0.0360317
271000 0.842825 -1.12235 0.0382817
272000 0.851229 -1.09404 0.043415
273000 0.82672 -1.11588 0.0383505
274000 0.853037 -1.15098 0.034156
275000 0.824825 -1.11904 0.0327736
276000 0.836523 -1.17456 0.0325747
277000 0.883498 -1.19117 0.0350176
278000 0.825059 -1.0708 0.0339426
279000 0.887011 -1.04521 0.0441859
280000 0.828593 -1.10058 0.0364826
281000 0.845261 -1.0292 0.0383841
282000 0.851265 -0.937385 0.0415137
283000 0.850545 -0.891449 0.043972
284000 0.867763 -0.888696 0.0473224
285000 0.840195 -0.877716 0.0460354
286000 0.87463 -0.962817 0.0480177
287000 0.859913 -1.13939 0.0415315
288000 0.836206 -1.07634 0.0400134
289000 0.865307 -0.945782 0.0372881
290000 0.832643 -0.942524 0.037838
291000 0.850194 -0.889444 0.0441223
292000 0.867571 -0.859758 0.0493669
293000 0.829932 -0.861489 0.0450308
294000 0.84807 -0.937674 0.0381693
295000 0.856603 -1.02188 0.0407902
296000 0.823643 -1.06493 0.0398218
297000 0.858164 -0.884125 0.0457413
298000 0.848454 -1.06192 0.03877
299000 0.823842 -1.19224 0.0334873
300000 0.845818 -1.14755 0.0336662
301000 0.871561 -1.08267 0.0403307
302000 0.859572 -1.03668 0.0386811
303000 0.872466 -1.00221 0.0407161
304000 0.842947 -1.06019 0.040795
305000 0.817688 -1.02391 0.0359327
306000 0.815318 -1.24975 0.0313895
307000 0.862467 -1.2882 0.0358921
308000 0.85453 -1.26577 0.0365272
309000 0.850626 -1.19056 0.0330933
310000 0.88357 -1.23954 0.0369938
311000 0.852057 -1.1794 0.0347546
312000 0.877022 -0.985437 0.0427032
313000 0.823982 -1.02249 0.0362905
314000 0.849589 -1.16988 0.0347783
315000 0.850405 -1.11647 0.0435166
316000 0.856506 -1.0661 0.0408358
317000 0.875952 -1.02446 0.0437903
318000 0.861739 -1.06035 0.035195
319000 0.859541 -1.13961 0.0432578
320000 0.86878 -1.13232 0.040067
321000 0.840212 -1.1485 0.0349666
322000 0.84329 -1.25512 0.0357022
323000 0.867635 -1.21521 0.0351721
324000 0.867412 -1.12303 0.0372226
325000 0.863459 -1.17049 0.0343586
326000 0.853116 -1.36837 0.035086
327000 0.8655 -1.38454 0.037511
328000 0.875549 -1.18951 0.0396466
329000 0.859407 -1.07117 0.042211
330000 0.869029 -0.955129 0.045073
331000 0.846352 -1.03233 0.0404947
332000 0.848191 -1.0075 0.0363684
333000 0.879954 -0.958956 0.041643
334000 0.875269 -0.995955 0.0370224
335000 0.850041 -1.05732 0.0421833
336000 0.847135 -1.10812 0.0366303
337000 0.835258 -1.04095 0.0345033
338000 0.861744 -1.04394 0.0434768
339000 0.828277 -1.08378 0.0375729
340000 0.838703 -1.12234 0.038469
341000 0.849145 -0.909064 0.0451601
342000 0.845608 -1.10724 0.0400503
343000 0.826208 -1.25927 0.0350256
344000 0.870119 -1.10801 0.0410157
345000 0.825888 -1.04993 0.0361474
346000 0.872716 -0.903806 0.0440909
347000 0.842202 -0.959519 0.0408926
348000 0.858994 -0.936275 0.0432559
349000 0.84244 -0.964327 0.0385999
350000 0.822837 -1.13532 0.0358703
351000 0.824539 -1.17106 0.0353151
352000 0.86908 -1.08253 0.0346281
353000 0.828475 -1.17808 0.0304201
354000 0.848875 -1.13056 0.0363908
355000 0.862019 -1.00667 0.0396947
356000 0.846912 -1.01976 0.0398586
357000 0.861781 -1.14824 0.0343297
358000 0.853305 -0.971539 0.0405715
359000 0.869615 -0.953043 0.043512
360000 0.834988 -1.06175 0.0387331
361000 0.845882 -1.09797 0.0339261
362000 0.849238 -1.09756 0.0462844
363000 0.853091 -1.09728 0.0404561
364000 0.873294 -1.10899 0.0441066
365000 0.852519 -1.19299 0.0375137
366000 0.831609 -1.21616 0.0370423
367000 0.840055 -1.1095 0.0388825
368000 0.879559 -1.22557 0.0372782
369000 0.84215 -1.17096 0.0326232
370000 0.84373 -1.21009 0.0311765
371000 0.856278 -1.10598 0.0369902
372000 0.869998 -1.13816 0.0316969
373000 0.840111 -1.36441 0.028161
374000 0.858559 -1.22746 0.0344252
375000 0.864713 -1.17901 0.0367154
376000 0.835358 -1.13457 0.035395
377000 0.866887 -1.10681 0.0365019
378000 0.849507 -1.12439 0.0399962
379000 0.858461 -1.13525 0.0370147
380000 0.820728 -1.14754 0.0347902
381000 0.845349 -1.11403 0.0395348
382000 0.877672 -1.17948 0.0373853
383000 0.838377 -1.35484 0.0353371
384000 0.845567 -1.17675 0.0340844
385000 0.863304 -1.06481 0.0359246
386000 0.873213 -1.23049 0.0392094
387000 0.840975 -1.29753 0.0298355
388000 0.845463 -1.42915 0.030875
389000 0.840936 -1.56657 0.0293835
390000 0.862619 -1.34375 0.0318267
391000 0.84896 -1.36144 0.0364171
392000 0.839325 -1.12093 0.0341679
393000 0.844666 -1.17126 0.0418968
394000 0.862823 -1.17161 0.04267
395000 0.839496 -1.19018 0.0339337
396000 0.847695 -1.10536 0.0383645
397000 0.865472 -1.05268 0.0467247
398000 0.825455 -0.990433 0.0403338
399000 0.843333 -0.982401 0.0378281
400000 0.826466 -0.97569 0.0371927
401000 0.864256 -0.921332 0.0424279
402000 0.839547 -0.930232 0.0401051
403000 0.824753 -1.00596 0.0339139
404000 0.871216 -1.00931 0.0409716
405000 0.848994 -0.830398 0.0491038
406000 0.824713 -0.935333 0.0390664
407000 0.850845 -0.930322 0.0407081
408000 0.86724 -0.93085 0.0450872
409000 0.823261 -1.1096 0.0389682
410000 0.837479 -0.995433 0.0416376
411000 0.819878 -0.92492 0.0453262
412000 0.844052 -0.978503 0.0425347
413000 0.863175 -1.04897 0.0400884
414000 0.847009 -1.03492 0.0389106
415000 0.836342 -0.956642 0.0387193
416000 0.849009 -1.06822 0.0333058
417000 0.860569 -1.29043 0.0266837
418000 0.843944 -1.13544 0.0356964
419000 0.862764 -1.15974 0.0407457
420000 0.830493 -1.24515 0.0298368
421000 0.861447 -1.12306 0.0381078
422000 0.862329 -1.06057 0.0397235
423000 0.83798 -1.17916 0.0363832
424000 0.859508 -1.13248 0.0373071
425000 0.81294 -1.16337 0.0302502
426000 0.825795 -1.17133 0.0346819
427000 0.851258 -1.23283 0.0406169
428000 0.88769 -1.22196 0.0366873
429000 0.847824 -1.34491 0.0313539
430000 0.852159 -1.3851 0.0270906
431000 0.848946 -1.38897 0.0340948
432000 0.853879 -1.19288 0.035797
433000 0.821968 -1.0048 0.0395987
434000 0.845448 -1.12058 0.0362535
435000 0.84659 -1.14532 0.0394643
436000 0.851949 -1.32694 0.0347452
437000 0.863209 -1.33037 0.0333335
438000 0.824015 -1.3338 0.0331103
439000 0.819308 -1.40329 0.0229838
440000 0.873354 -1.2812 0.0361941
441000 0.857203 -1.21805 0.0361512
442000 0.852911 -1.25557 0.0338971
443000 0.868254 -1.33597 0.0380505
444000 0.829478 -1.42475 0.0271485
445000 0.821086 -1.45592 0.0252959
446000 0.876586 -1.10001 0.0357697
447000 0.825413 -0.994666 0.0337613
448000 0.840433 -1.07955 0.0359919
449000 0.840922 -0.996873 0.0378265
450000 0.88185 -0.866527 0.0460414
451000 0.830916 -0.916598 0.0400961
452000 0.856193 -0.901247 0.0405156
453000 0.841711 -0.997266 0.0370019
454000 0.84458 -1.09505 0.0381687
455000 0.822664 -1.20508 0.0365239
456000 0.85222 -1.32293 0.0409609
457000 0.869698 -1.31016 0.0347724
458000 0.868387 -1.2871 0.0364308
459000 0.860152 -1.00742 0.0366083
460000 0.881704 -0.979674 0.0492605
461000 0.819408 -1.20726 0.0356128
462000 0.866219 -1.17117 0.0350327
463000 0.842099 -1.11373 0.0413791
464000 0.823798 -1.12785 0.037342
465000 0.827822 -1.25677 0.0333039
466000 0.841451 -1.13834 0.0382871
467000 0.860755 -0.917604 0.0391429
468000 0.855185 -0.954032 0.0416142
469000 0.831298 -0.999692 0.0407565
470000 0.867375 -0.878722 0.0450623
471000 0.864676 -0.967469 0.0433148
472000 0.830279 -0.928988 0.0421876
473000 0.830785 -1.01365 0.0375364
474000 0.863651 -1.04648 0.0353262
475000 0.853631 -0.911285 0.0452457
476000 0.884732 -0.841208 0.0494295
477000 0.834387 -1.02547 0.0402399
478000 0.86951 -1.12168 0.0442817
479000 0.838742 -1.24636 0.0392532
480000 0.824853 -1.19175 0.036441
481000 0.857099 -1.18092 0.0395879
482000 0.872524 -1.19935 0.0399438
483000 0.854895 -0.923294 0.0412077
484000 0.849129 -0.992184 0.0438667
485000 0.865705 -0.963597 0.0455572
486000 0.837969 -1.03639 0.0367351
487000 0.833922 -1.04691 0.0397349
488000 0.826348 -1.09832 0.0367961
489000 0.850727 -1.21658 0.0399691
490000 0.83473 -1.04353 0.0391202
491000 0.847792 -0.90251 0.0411793
492000 0.827369 -0.980687 0.0431452
493000 0.862199 -1.07095 0.0406028
494000 0.837399 -1.16545 0.032593
495000 0.879029 -1.12542 0.0439022
496000 0.845744 -1.08905 0.0391736
497000 0.857158 -1.16439 0.0377176
498000 0.838412 -1.37175 0.0338273
499000 0.859854 -1.25968 0.0382198
500000 0.850991 -1.27968 0.0402206
501000 0.854659 -1.36203 0.0336977
502000 0.831692 -1.30303 0.0311816
503000 0.843265 -1.20905 0.0368715
504000 0.862265 -1.2324 0.0404009
505000 0.855916 -1.45437 0.0355442
506000 0.876756 -1.40361 0.0375361
507000 0.822923 -1.15281 0.0336527
508000 0.852667 -1.23522 0.0333076
509000 0.830937 -1.31813 0.037168
510000 0.847716 -1.21193 0.0364612
511000 0.867972 -1.1007 0.0394651
512000 0.873865 -1.17807 0.0405483
513000 0.84892 -1.28495 0.035338
514000 0.837996 -1.29613 0.0310724
515000 0.834392 -1.21733 0.0382334
516000 0.834955 -1.15513 0.0347002
517000 0.835013 -1.25711 0.0351526
518000 0.842091 -1.37634 0.038552
519000 0.820844 -1.26563 0.0308968
520000 0.847889 -1.07298 0.036975
521000 0.843659 -1.19108 0.0411461
522000 0.845875 -1.41522 0.0347929
523000 0.837608 -1.14264 0.0369069
524000 0.843975 -1.11899 0.0385952
525000 0.842958 -1.24708 0.0369672
526000 0.862273 -1.38859 0.0367953
527000 0.8333 -1.41767 0.0270021
528000 0.822203 -1.58708 0.0258413
529000 0.859197 -1.41523 0.0278428
530000 0.826081 -1.32851 0.0309563
531000 0.845786 -1.15427 0.0352797
532000 0.822426 -1.10794 0.0327458
533000 0.83169 -1.05651 0.0305357
534000 0.840678 -1.05895 0.033056
535000 0.881464 -1.30018 0.0404514
536000 0.862216 -1.33093 0.0337077
537000 0.825483 -1.38387 0.029921
538000 0.845466 -1.28902 0.034694
539000 0.85592 -1.17671 0.0357684
540000 0.86679 -1.04558 0.0448047
541000 0.831715 -0.941042 0.0394935
542000 0.867339 -0.92119 0.045436
543000 0.845955 -0.96749 0.0426054
544000 0.857661 -0.891128 0.0484318
545000 0.855917 -0.83774 0.0496857
546000 0.867859 -1.03275 0.0413702
547000 0.846318 -0.973041 0.0378185
548000 0.816681 -1.16159 0.0331007
549000 0.861954 -1.00898 0.0421096
550000 0.862223 -1.0964 0.0389998
551000 0.854051 -1.05131 0.0424971
552000 0.863657 -0.906712 0.0410304
553000 0.848429 -0.92307 0.0456808
554000 0.853199 -0.861905 0.0451004
555000 0.84139 -0.902649 0.0431069
556000 0.866404 -0.958511 0.0416595
557000 0.828945 -1.08609 0.0351045
558000 0.84304 -1.06907 0.0366491
559000 0.855902 -1.03458 0.0365303
560000 0.859222 -1.04803 0.0411015
561000 0.851093 -1.41582 0.0303368
562000 0.868537 -1.36158 0.035279
563000 0.859692 -1.20222 0.0354
564000 0.874854 -1.05306 0.0426949
565000 0.850724 -1.02181 0.0375418
566000 0.862217 -1.10326 0.0395085
567000 0.841254 -1.13974 0.0356793
568000 0.820507 -0.99184 0.0406882
569000 0.849126 -0.892278 0.0397555
570000 0.839171 -0.923781 0.0427606
571000 0.842682 -0.769411 0.0468864
572000 0.86523 -0.837844 0.0462014
573000 0.834979 -0.821308 0.0435199
574000 0.838448 -0.924517 0.0427476
575000 0.866418 -0.956561 0.0464426
576000 0.846392 -0.98047 0.047984
577000 0.860222 -1.0857 0.0336776
578000 0.848502 -1.23846 0.0326624
579000 0.859022 -1.14332 0.0398363
580000 0.849322 -1.05188 0.0408763
581000 0.822219 -1.09472 0.0372937
582000 0.845707 -1.10322 0.0355044
583000 0.862584 -0.998687 0.0420087
584000 0.848385 -0.873135 0.0473288
585000 0.839313 -0.857141 0.0433968
586000 0.855767 -0.814815 0.0523111
587000 0.870971 -0.92072 0.046405
588000 0.837 -0.915441 0.0433798
589000 0.845661 -1.0446 0.0386454
590000 0.854493 -1.03736 0.0398842
591000 0.828213 -1.01309 0.0341063
592000 0.853684 -1.12604 0.0394159
593000 0.857575 -1.14346 0.0372189
594000 0.845434 -1.25266 0.0319321
595000 0.850524 -1.49451 0.0372695
596000 0.85146 -1.29166 0.0342702
597000 0.847453 -1.31129 0.0311525
598000 0.868832 -1.2284 0.0369894
599000 0.836697 -1.2312 0.0302486
600000 0.853119 -1.1675 0.0394825
601000 0.829098 -0.941721 0.0370358
602000 0.845472 -0.832099 0.0502557
603000 0.82302 -0.855532 0.0395096
604000 0.856257 -0.740313 0.0513155
605000 0.869415 -0.858076 0.0455889
606000 0.837396 -1.01508 0.041671
607000 0.866797 -1.12359 0.0377595
608000 0.822993 -1.09663 0.0333067
609000 0.861047 -1.1585 0.0377875
610000 0.823257 -1.18488 0.0316338
611000 0.848649 -1.03689 0.0386096
612000 0.86475 -1.03605 0.0418666
613000 0.864734 -0.989917 0.0388808
614000 0.844133 -1.08479 0.038696
615000 0.826811 -1.22634 0.029662
616000 0.850072 -1.08996 0.0345573
617000 0.843745 -1.04763 0.038806
618000 0.830373 -1.14586 0.034519
619000 0.8606 -1.01734 0.0385249
620000 0.827688 -1.02945 0.035402
621000 0.832348 -1.30293 0.0309728
622000 0.84857 -1.21442 0.0418549
623000 0.862093 -1.18175 0.0417009
624000 0.865203 -1.15224 0.0383276
625000 0.852823 -1.1201 0.0375034
626000 0.864874 -1.17327 0.0396728
627000 0.836281 -1.12906 0.0380316
628000 0.835668 -1.1293 0.0320565
629000 0.871601 -1.09647 0.038251
630000 0.836183 -1.17635 0.0323964
631000 0.851559 -1.11572 0.0418518
632000 0.869862 -1.0571 0.0415804
633000 0.854237 -0.921834 0.0425109
634000 0.84626 -1.005 0.0393192
635000 0.842015 -1.00632 0.0370672
636000 0.859633 -1.02439 0.0429726
637000 0.812592 -1.11631 0.0383437
638000 0.84028 -1.09585 0.0416098
639000 0.849032 -0.825873 0.0430506
640000 0.866913 -0.9033 0.0463438
641000 0.84262 -1.02445 0.0385018
642000 0.840214 -1.04213 0.0391914
643000 0.840721 -1.01852 0.0411989
644000 0.842541 -1.05392 0.0384515
645000 0.846861 -1.04576 0.0384511
646000 0.834659 -1.01982 0.039865
647000 0.856533 -0.838855 0.0485603
648000 0.856375 -0.917843 0.0432178
649000 0.841223 -0.914394 0.0455246
650000 0.848051 -0.983968 0.0418755
651000 0.858931 -1.05166 0.0401836
652000 0.835921 -1.15621 0.0324044
653000 0.822101 -1.09813 0.0329612
654000 0.846493 -1.1014 0.043344
655000 0.86522 -1.10553 0.0379614
656000 0.838555 -1.22138 0.0340766
657000 0.841422 -1.08919 0.0363287
658000 0.836123 -1.04234 0.0389789
659000 0.847382 -1.04226 0.0391504
660000 0.8622 -1.0336 0.0427865
661000 0.862789 -0.974586 0.0412874
662000 0.844334 -0.96736 0.0403801
663000 0.845228 -1.12068 0.0370145
664000 0.841554 -0.974062 0.0396685
665000 0.84463 -0.940269 0.0406038
666000 0.834169 -0.916075 0.0406561
667000 0.828893 -1.00593 0.0379707
668000 0.856033 -0.985726 0.0410647
669000 0.825214 -1.00351 0.0364929
670000 0.862343 -0.990638 0.0418628
671000 0.85773 -0.941756 0.0413014
672000 0.839005 -1.03093 0.0398155
673000 0.861905 -0.977614 0.0431861
674000 0.862499 -0.890842 0.0403686
675000 0.845462 -1.03444 0.0390813
676000 0.845509 -0.914886 0.039412
677000 0.836204 -0.959435 0.0388869
678000 0.842111 -1.02288 0.0456515
679000 0.826041 -1.10351 0.0375687
680000 0.869583 -1.12844 0.0355253
681000 0.851725 -1.06825 0.0384548
682000 0.851175 -0.991467 0.0367586
683000 0.857113 -1.0913 0.0381026
684000 0.859724 -1.05368 0.0432302
685000 0.832016 -1.0691 0.0401285
686000 0.859825 -1.00946 0.0423099
687000 0.839161 -1.06077 0.0357104
688000 0.84707 -0.954768 0.041134
689000 0.879752 -1.04822 0.0416945
690000 0.819526 -1.07054 0.0387118
691000 0.814807 -1.16539 0.0379099
692000 0.844687 -1.02396 0.0389014
693000 0.857229 -1.12354 0.0375887
694000 0.854422 -1.1187 0.035373
695000 0.846365 -1.0723 0.0358046
696000 0.874493 -1.18324 0.0360183
697000 0.831544 -1.314 0.0258844
698000 0.855273 -1.37632 0.0307128
699000 0.834518 -1.2137 0.0371738
700000 0.865397 -1.04726 0.0392056
701000 0.864586 -0.91769 0.0491126
702000 0.820799 -1.00296 0.033313
703000 0.841336 -0.878632 0.0403218
704000 0.829365 -0.890428 0.0413427
705000 0.844785 -0.966142 0.0423893
706000 0.857743 -0.887444 0.0439331
707000 0.860174 -0.883813 0.0449663
708000 0.857483 -0.819488 0.0491565
709000 0.848359 -0.951332 0.0422892
710000 0.884975 -0.889683 0.0445374
711000 0.832525 -0.89036 0.0400096
712000 0.847875 -1.00052 0.0400031
713000 0.835988 -1.15153 0.0340297
714000 0.86325 -1.00326 0.0404989
715000 0.85922 -0.920024 0.044488
716000 0.87478 -1.1124 0.0390479
717000 0.864933 -1.00361 0.0423365
718000 0.847615 -1.12722 0.0403565
719000 0.870055 -1.03693 0.0408466
720000 0.833614 -1.16167 0.0405202
721000 0.874182 -1.29212 0.0409958
722000 0.830694 -1.2382 0.0321011
723000 0.844319 -1.2651 0.0373118
724000 0.863033 -1.21193 0.0428189
725000 0.88237 -1.02358 0.0435005
726000 0.852409 -1.02257 0.0376266
727000 0.847564 -0.96412 0.038467
728000 0.854368 -1.05516 0.0387086
729000 0.828846 -1.18532 0.0339589
730000 0.867652 -1.21518 0.0397004
731000 0.827461 -1.34699 0.0369378
732000 0.862593 -1.19818 0.036967
733000 0.861725 -1.1779 0.0350141
734000 0.866006 -1.24537 0.0344592
735000 0.84309 -1.33675 0.0377309
736000 0.84297 -1.25371 0.0366776
737000 0.852538 -1.34575 0.0294096
738000 0.832047 -1.3539 0.0308283
739000 0.861261 -1.30822 0.0327132
740000 0.842926 -1.16321 0.0305254
741000 0.855691 -1.13705 0.0429391
742000 0.878146 -0.97923 0.0448788
743000 0.852509 -1.05172 0.0410543
744000 0.859608 -0.980252 0.0376575
745000 0.827312 -0.887413 0.0408906
746000 0.867032 -0.967824 0.0475443
747000 0.854757 -1.05146 0.0370307
748000 0.820181 -1.09724 0.0345956
749000 0.849582 -1.00949 0.0384513
750000 0.865408 -1.0094 0.0434356
751000 0.838126 -1.1021 0.0354279
752000 0.861833 -1.06223 0.0378328
753000 0.853722 -0.895952 0.046289
754000 0.828697 -0.919175 0.0402468
755000 0.851983 -0.923935 0.0421859
756000 0.841496 -0.870181 0.0411809
757000 0.851444 -0.968259 0.0393697
758000 0.841513 -1.012 0.0436201
759000 0.836678 -1.24847 0.0326903
760000 0.854601 -1.15789 0.0398947
761000 0.845486 -1.1796 0.0334365
762000 0.846576 -1.14586 0.0396431
763000 0.854845 -1.23023 0.035993
764000 0.842143 -1.25067 0.0388028
765000 0.836253 -1.1531 0.0392415
766000 0.8323 -1.09271 0.0388387
767000 0.850673 -0.999435 0.0395105
768000 0.851722 -1.02151 0.0427821
769000 0.825454 -0.912038 0.0385542
770000 0.848364 -0.923892 0.0367154
771000 0.857667 -0.992412 0.0398845
772000 0.843007 -1.02894 0.041121
773000 0.870187 -0.913713 0.0483621
774000 0.859063 -0.906131 0.0442774
775000 0.832615 -1.01913 0.0365118
776000 0.825338 -0.961861 0.0377115
777000 0.858328 -0.979643 0.0439996
778000 0.859413 -1.0347 0.0439814
779000 0.8586 -1.02165 0.0415212
780000 0.850924 -1.0668 0.0407959
781000 0.861171 -1.07281 0.0357274
782000 0.86204 -1.03764 0.0415393
783000 0.847202 -0.99064 0.0402982
784000 0.841186 -1.03621 0.0365998
785000 0.846144 -1.1949 0.0328821
786000 0.835996 -1.12022 0.036257
787000 0.870609 -1.06099 0.0416693
788000 0.847572 -1.04675 0.0390603
789000 0.846717 -1.04167 0.039872
790000 0.833022 -0.976833 0.0413183
791000 0.850601 -0.950223 0.0449671
792000 0.836421 -1.0732 0.0379941
793000 0.830587 -0.884705 0.0423424
794000 0.845863 -0.866469 0.0445364
795000 0.865399 -0.980621 0.0437078
796000 0.880203 -1.03224 0.045265
797000 0.829854 -0.931432 0.0390739
798000 0.872923 -1.00759 0.0430619
799000 0.857066 -1.07593 0.0391014
800000 0.843958 -1.05318 0.0389454
801000 0.873407 -0.867101 0.0464755
802000 0.857733 -0.925804 0.0480319
803000 0.842997 -1.07959 0.038589
804000 0.852346 -0.988536 0.0417245
805000 0.860082 -0.965151 0.0426926
806000 0.860374 -0.79642 0.0499645
807000 0.85541 -0.920764 0.0440443
808000 0.843424 -1.01755 0.0386024
809000 0.826892 -1.17865 0.0354787
810000 0.828625 -1.05449 0.0388495
811000 0.847536 -1.13042 0.0347287
812000 0.837126 -1.12909 0.037083
813000 0.863071 -1.05213 0.0398059
814000 0.863571 -1.09717 0.0362822
815000 0.868793 -1.23107 0.0366882
816000 0.863029 -1.1011 0.0445833
817000 0.836991 -1.21105 0.0347696
818000 0.855659 -1.24088 0.0360987
819000 0.829755 -1.16195 0.0352982
820000 0.823528 -1.05443 0.0339513
821000 0.836139 -0.977123 0.0403657
822000 0.872666 -1.00268 0.0444244
823000 0.851286 -1.03116 0.0402502
824000 0.816699 -1.16659 0.0357484
825000 0.828805 -1.06861 0.03295
826000 0.852599 -1.04526 0.0408036
827000 0.843139 -0.998341 0.0452092
828000 0.866885 -1.07236 0.0440934
829000 0.873332 -1.15374 0.0424327
830000 0.844032 -0.930855 0.0413656
831000 0.840498 -0.878179 0.0433728
832000 0.856177 -0.872548 0.0466323
833000 0.829594 -1.04016 0.0321059
834000 0.872424 -1.02847 0.0424588
835000 0.820017 -0.983168 0.0400994
836000 0.851046 -1.00272 0.0391958
837000 0.84297 -0.967517 0.0426621
838000 0.850249 -1.01774 0.0430824
839000 0.828767 -1.06927 0.0338542
840000 0.830944 -1.12518 0.0295336
841000 0.845605 -1.08809 0.0423118
842000 0.856102 -1.03749 0.0416265
843000 0.842294 -1.16546 0.0354708
844000 0.841248 -1.27592 0.036087
845000 0.85186 -1.16959 0.0346454
846000 0.842039 -1.23659 0.0410397
847000 0.881446 -1.22066 0.0353748
848000 0.842569 -1.32496 0.03514
849000 0.83147 -1.16788 0.035053
850000 0.842027 -1.18042 0.0345475
851000 0.856879 -1.04928 0.0472927
852000 0.851778 -1.02054 0.0385366
853000 0.888947 -0.96847 0.0475762
854000 0.8421 -0.909406 0.0433987
855000 0.857747 -0.881621 0.0459029
856000 0.871302 -1.04444 0.0446697
857000 0.864633 -0.857148 0.0483815
858000 0.855089 -0.936583 0.0455443
859000 0.825778 -0.992231 0.0388562
860000 0.84379 -0.94623 0.0421696
861000 0.842128 -0.991377 0.0404111
862000 0.840171 -0.948586 0.0426146
863000 0.832256 -1.06062 0.0375184
864000 0.8636 -1.10635 0.0372367
865000 0.867641 -1.09448 0.03807
866000 0.84526 -1.10246 0.0375187
867000 0.837164 -1.11427 0.0317805
868000 0.864629 -1.1906 0.0363039
869000 0.873814 -1.21148 0.0398351
870000 0.861723 -1.29316 0.0346502
871000 0.84068 -1.19916 0.0344642
872000 0.859658 -1.1599 0.0386678
873000 0.816268 -1.01343 0.0379708
874000 0.86523 -1.1077 0.038496
875000 0.850277 -1.21775 0.0389996
876000 0.882574 -1.17738 0.0361605
877000 0.798759 -1.20535 0.0363322
878000 0.831064 -1.03495 0.0391941
879000 0.843137 -0.982706 0.0377881
880000 0.835665 -1.00801 0.0407372
881000 0.831635 -1.09963 0.0398773
882000 0.825498 -1.18771 0.0332898
883000 0.842541 -1.31195 0.030944
884000 0.821098 -1.44952 0.0364644
885000 0.853352 -1.20974 0.0430011
886000 0.831359 -1.15345 0.0342387
887000 0.854629 -1.15032 0.042949
888000 0.872604 -1.07369 0.0376282
889000 0.829874 -1.42289 0.0306304
890000 0.831172 -1.24977 0.0383088
891000 0.867262 -1.33079 0.0377328
892000 0.855858 -1.32281 0.0385863
893000 0.858844 -1.18459 0.0365457
894000 0.840267 -1.02533 0.0339989
895000 0.848492 -1.06276 0.0385992
896000 0.862978 -1.33298 0.0341178
897000 0.841918 -1.28887 0.0258423
898000 0.850245 -1.29968 0.0318592
899000 0.817744 -1.23251 0.0321635
900000 0.84426 -1.045 0.0354645
901000 0.864746 -1.14608 0.0428575
902000 0.839275 -0.951635 0.0388826
903000 0.863469 -0.957986 0.0459143
904000 0.845663 -0.967674 0.0354897
905000 0.850681 -1.02393 0.0391559
906000 0.84247 -1.19553 0.0356649
907000 0.861423 -1.15676 0.0370661
908000 0.838394 -1.21355 0.0367466
909000 0.840208 -1.13925 0.0360328
910000 0.856537 -0.96629 0.0420426
911000 0.852468 -0.980617 0.045626
912000 0.858074 -0.987986 0.036851
913000 0.827866 -0.864803 0.0418427
914000 0.842916 -0.8846 0.0463681
915000 0.829557 -1.04482 0.0360967
916000 0.843439 -1.01394 0.0406087
917000 0.867308 -1.05838 0.0443419
918000 0.826834 -1.0869 0.0330388
919000 0.849061 -1.13902 0.0396714
920000 0.829658 -0.95704 0.0419508
921000 0.821155 -0.973349 0.0391185
922000 0.854454 -1.01237 0.0324642
923000 0.854452 -1.04847 0.0380237
924000 0.855654 -0.945457 0.0409222
925000 0.874586 -1.03838 0.0462003
926000 0.853463 -1.1957 0.0350413
927000 0.866283 -1.12531 0.0357518
928000 0.817077 -1.14914 0.0339316
929000 0.850284 -1.1614 0.043404
930000 0.838958 -1.25592 0.0313189
931000 0.822798 -1.08414 0.0378152
932000 0.860662 -1.01923 0.0408873
933000 0.842661 -1.14818 0.0418228
934000 0.844632 -1.12643 0.0358321
935000 0.872666 -1.17311 0.0377386
936000 0.828872 -1.1985 0.032987
937000 0.847242 -1.11426 0.0383701
938000 0.825824 -1.0683 0.0357618
939000 0.854748 -0.909901 0.0414834
940000 0.863358 -1.07973 0.0358279
941000 0.858401 -1.01583 0.0366739
942000 0.847921 -1.00027 0.0380856
943000 0.851806 -1.11204 0.0356021
944000 0.850656 -1.05434 0.0385461
945000 0.867953 -1.01865 0.0405732
946000 0.867735 -1.06631 0.0411724
947000 0.860568 -1.23135 0.0327561
948000 0.812264 -1.20466 0.034172
949000 0.842848 -1.1265 0.0337045
950000 0.848561 -1.1109 0.0380047
951000 0.841512 -1.08668 0.0359835
952000 0.845222 -1.22904 0.035028
953000 0.854634 -1.2801 0.0316187
954000 0.819736 -1.44283 0.0328648
955000 0.82012 -1.35133 0.033115
956000 0.862351 -1.08052 0.0361896
957000 0.846255 -1.08114 0.0391152
958000 0.864666 -1.06013 0.0420147
959000 0.853336 -1.23523 0.0307215
960000 0.82589 -1.11269 0.0340289
961000 0.869812 -1.07225 0.0422415
962000 0.842339 -1.17106 0.0342911
963000 0.847413 -1.01958 0.0420765
964000 0.836153 -1.06092 0.0353592
965000 0.873772 -1.07239 0.041398
966000 0.860638 -1.19436 0.0346231
967000 0.845379 -1.19991 0.0349182
968000 0.848177 -1.2737 0.0379634
969000 0.827714 -1.17555 0.0359366
970000 0.853845 -1.10677 0.0453894
971000 0.868193 -1.15538 0.0350454
972000 0.876834 -1.27097 0.0350067
973000 0.834138 -1.21089 0.0299913
974000 0.857088 -1.13963 0.0334948
975000 0.847299 -1.02652 0.0408825
976000 0.819597 -1.06653 0.0347143
977000 0.849612 -0.999881 0.0476395
978000 0.84495 -1.09454 0.033059
979000 0.862489 -0.987056 0.045106
980000 0.854274 -1.0217 0.0381964
981000 0.866065 -0.913157 0.0463497
982000 0.845302 -0.997601 0.0393896
983000 0.827945 -1.12102 0.039385
984000 0.834452 -1.15102 0.037389
985000 0.887513 -1.08091 0.0399268
986000 0.835515 -1.08923 0.0368703
987000 0.858336 -0.930246 0.0393921
988000 0.868754 -0.963605 0.0400231
989000 0.829255 -0.991036 0.0361802
990000 0.854479 -1.06685 0.0369768
991000 0.867968 -1.10668 0.0360426
992000 0.857116 -1.03649 0.0381374
993000 0.862982 -0.949324 0.0375599
994000 0.873541 -1.01907 0.0495807
995000 0.832582 -1.09451 0.0417555
996000 0.828298 -1.1062 0.0408974
997000 0.842053 -0.920798 0.0472077
998000 0.859833 -1.084 0.0380441
999000 0.820604 -1.17565 0.030002
1000000 0.844954 -1.26745 0.028017
1001000 0.84379 -1.27185 0.0302002
1002000 0.850532 -1.34692 0.032945
1003000 0.843569 -1.23798 0.0370102
1004000 0.839761 -1.01146 0.0376991
1005000 0.860313 -0.889304 0.0479461
1006000 0.830498 -1.0571 0.0386509
1007000 0.853744 -1.03426 0.0387196
1008000 0.863346 -1.057 0.0387498
1009000 0.876446 -1.08531 0.0432662
1010000 0.83839 -1.0182 0.0357542
1011000 0.826949 -1.02465 0.0361365
1012000 0.875764 -0.988803 0.0465184
1013000 0.878793 -1.14466 0.0437342
1014000 0.85946 -1.23518 0.0378423
1015000 0.848936 -1.15011 0.0324822
1016000 0.8527 -0.958703 0.0400013
1017000 0.823606 -0.799575 0.0417368
1018000 0.868884 -1.04887 0.0438462
1019000 0.869707 -1.09881 0.0366738
1020000 0.830126 -1.12728 0.0388047
1021000 0.845924 -1.19499 0.0382269
1022000 0.858082 -1.09338 0.0369556
1023000 0.824176 -1.12805 0.0343108
1024000 0.854235 -1.19326 0.0366411
1025000 0.823073 -1.17514 0.0375971
1026000 0.85964 -1.13111 0.0378924
1027000 0.864102 -1.04584 0.0463471
1028000 0.862317 -1.00768 0.0417371
1029000 0.833528 -0.943769 0.0445744
1030000 0.847368 -0.96422 0.0422915
1031000 0.862607 -0.96592 0.0395986
1032000 0.855112 -1.0129 0.0429148
1033000 0.848969 -0.993189 0.042228
1034000 0.868677 -0.929194 0.0452385
1035000 0.834754 -0.982641 0.0369088
1036000 0.842468 -0.971867 0.0384041
1037000 0.863915 -0.933195 0.0403881
1038000 0.884826 -0.878222 0.0479033
1039000 0.860285 -0.877605 0.0465962
1040000 0.846119 -0.965603 0.0401818
1041000 0.845826 -0.920832 0.0401608
1042000 0.863694 -0.929636 0.0443324
1043000 0.845498 -0.961702 0.0389002
1044000 0.867161 -0.925676 0.0452678
1045000 0.849019 -1.17084 0.0376112
1046000 0.852594 -1.14294 0.040994
1047000 0.848816 -1.10327 0.0392011
1048000 0.824269 -1.10306 0.0332714
1049000 0.833952 -1.0489 0.0398302
1050000 0.827908 -1.04773 0.0391637
1051000 0.87172 -1.12829 0.0424569
1052000 0.847504 -1.08266 0.0399086
1053000 0.849975 -1.17185 0.0377273
1054000 0.827877 -1.23286 0.0298689
1055000 0.850721 -0.901309 0.0438383
1056000 0.816441 -0.960538 0.03908
1057000 0.856553 -1.02096 0.0403154
1058000 0.842176 -1.00007 0.0412308
1059000 0.870384 -1.10729 0.047005
1060000 0.865962 -1.14784 0.0391218
1061000 0.830915 -1.06878 0.0317031
1062000 0.838665 -1.09826 0.0367277
1063000 0.859425 -1.30914 0.034347
1064000 0.858688 -1.27359 0.0431139
1065000 0.848165 -1.39403 0.0366152
1066000 0.847492 -1.35491 0.0318194
1067000 0.835808 -1.21114 0.0392621
1068000 0.842519 -1.00372 0.0363606
1069000 0.851013 -0.893678 0.0413725
1070000 0.861501 -0.987101 0.0432069
1071000 0.857567 -0.964738 0.0452508
1072000 0.819714 -1.23968 0.0337792
1073000 0.874657 -1.23353 0.0334051
1074000 0.868301 -1.31254 0.0345683
1075000 0.860752 -1.50148 0.0354019
1076000 0.86553 -1.58451 0.0304042
1077000 0.853478 -1.51711 0.0302514
1078000 0.838046 -1.31626 0.0341146
1079000 0.856713 -1.18956 0.0349235
1080000 0.82874 -1.38789 0.0312299
1081000 0.839681 -1.43699 0.028339
1082000 0.870996 -1.14103 0.0380275
1083000 0.84093 -1.48475 0.0311365
1084000 0.865714 -1.39854 0.031544
1085000 0.839247 -1.42882 0.0290403
1086000 0.838749 -1.59156 0.0333964
1087000 0.833251 -1.39119 0.0290035
1088000 0.84965 -1.33032 0.037459
1089000 0.865175 -1.26211 0.0424251
1090000 0.869339 -1.06971 0.0329559
1091000 0.843634 -1.18582 0.032848
1092000 0.871263 -1.09676 0.0393061
1093000 0.847319 -1.17668 0.0412856
1094000 0.877007 -1.20136 0.0455082
1095000 0.835128 -1.19594 0.038294
1096000 0.854456 -1.17661 0.0369977
1097000 0.854115 -1.06287 0.0337386
1098000 0.876827 -0.998246 0.0455811
1099000 0.848492 -1.00348 0.0372547
1100000 0.878897 -0.957571 0.0375954
