# Time-averaged data for fix 2
# TimeStep v_Temperature v_PotentialEnergy v_Pressure
1000 1.00046 -0.0841 0.00941665
2000 0.93933 -0.0814965 0.00888836
3000 0.939212 -0.0814244 0.00881459
4000 0.925003 -0.0792216 0.00861948
5000 0.939658 -0.0847868 0.00896077
6000 0.943851 -0.0745555 0.00904899
7000 0.964665 -0.0569239 0.00920262
8000 0.946085 -0.0612879 0.00923881
9000 0.919692 -0.0698253 0.00901431
10000 0.983494 -0.0779374 0.00938997
11000 0.92515 -0.0903272 0.00878395
12000 0.959771 -0.0736073 0.00894901
13000 0.959723 -0.0845562 0.00924778
14000 0.93058 -0.0968722 0.00882242
15000 0.933435 -0.0917105 0.00888997
16000 0.954982 -0.0787231 0.00909201
17000 0.940149 -0.0987988 0.00890317
18000 0.917801 -0.10678 0.00855849
19000 0.967796 -0.112685 0.00903343
20000 0.963008 -0.0888301 0.00897697
21000 0.960176 -0.0953332 0.00902259
22000 0.983513 -0.0845371 0.00938329
23000 0.962103 -0.0878666 0.00910952
24000 0.958981 -0.121344 0.00883848
25000 0.965363 -0.100467 0.00901655
26000 0.946426 -0.112233 0.00874999
27000 0.93109 -0.107728 0.00860541
28000 0.954077 -0.0881489 0.00906758
29000 0.955484 -0.0906428 0.00912641
30000 0.93486 -0.0964929 0.00886143
31000 0.942884 -0.0831224 0.00902201
32000 0.946408 -0.113274 0.00880146
33000 0.971891 -0.108429 0.00898337
34000 0.970503 -0.0984815 0.00916575
35000 0.930235 -0.0915435 0.0088082
36000 0.961165 -0.0894182 0.00912067
37000 0.933732 -0.0924472 0.00874319
38000 0.982667 -0.0946071 0.00920501
39000 0.935429 -0.0756453 0.00885056
40000 0.944171 -0.0875196 0.0088371
41000 0.951962 -0.0889266 0.00893614
42000 0.968739 -0.0662187 0.00927277
43000 0.946465 -0.0680542 0.00905869
44000 0.936381 -0.0481157 0.00897828
45000 0.96326 -0.0722985 0.00919901
46000 0.9637 -0.104986 0.00886584
47000 0.955195 -0.107821 0.00880671
48000 0.925874 -0.104048 0.00862941
49000 0.952823 -0.0735991 0.00905343
50000 0.95721 -0.0771771 0.00917842
51000 0.95055 -0.0827951 0.00903314
52000 0.955492 -0.0662406 0.00919374
53000 0.944105 -0.0724191 0.00900161
54000 0.971219 -0.0903007 0.00917318
55000 0.915916 -0.0917672 0.00855153
56000 0.96427 -0.10884 0.00904654
57000 0.946437 -0.104921 0.00902897
58000 0.94326 -0.105068 0.00867517
59000 0.969902 -0.0957604 0.00900663
60000 0.944028 -0.0872402 0.00893066
61000 0.966968 -0.0845687 0.00923634
62000 0.950867 -0.074912 0.00906862
63000 0.942919 -0.0724783 0.00889015
64000 0.954621 -0.0658401 0.00917393
65000 0.999395 -0.0728507 0.00949295
66000 0.9562 -0.0747933 0.00909864
67000 0.916837 -0.066495 0.0087621
68000 0.940251 -0.0805626 0.00880689
69000 0.945462 -0.0676401 0.00908047
70000 0.956466 -0.0446099 0.00920066
71000 0.966369 -0.0756581 0.00916749
72000 0.946483 -0.0779937 0.00893962
73000 0.935436 -0.0794354 0.00891414
74000 0.967221 -0.070751 0.00934784
75000 0.941136 -0.0784309 0.00886484
76000 0.9436 -0.0703282 0.00886763
77000 0.927767 -0.0966803 0.00874925
78000 0.945009 -0.097383 0.00876855
79000 0.982839 -0.0878448 0.0091655
80000 0.935194 -0.0816664 0.00885296
81000 0.955638 -0.0946352 0.00885084
82000 0.926739 -0.0988205 0.00875967
83000 0.974259 -0.107557 0.00922156
84000 0.921449 -0.111426 0.0086818
85000 0.947735 -0.0957417 0.00890818
86000 0.922053 -0.0888322 0.00872034
87000 0.981143 -0.103217 0.00919073
88000 0.925706 -0.115007 0.00843654
89000 0.961304 -0.0742715 0.00907775
90000 0.960498 -0.0730519 0.00922363
91000 0.921377 -0.0617217 0.00889829
92000 0.970488 -0.0640078 0.0091224
93000 0.99041 -0.068086 0.00953406
94000 0.93802 -0.0867078 0.00885011
95000 0.984746 -0.0863828 0.00933514
96000 0.937609 -0.0854659 0.00893947
97000 0.963199 -0.0894847 0.00897594
98000 0.963815 -0.0905254 0.00915827
99000 0.925636 -0.105904 0.00849548
100000 0.964611 -0.100578 0.00905655
101000 0.951454 -0.0891929 0.00891504
102000 0.955169 -0.0838548 0.00904929
103000 0.962506 -0.0556248 0.00934684
104000 0.943821 -0.0593459 0.00906277
105000 0.945517 -0.0760442 0.00887551
106000 0.936352 -0.0846954 0.00891567
107000 0.956339 -0.124966 0.00863144
108000 0.948435 -0.0906308 0.00897324
109000 0.974862 -0.103032 0.00919515
110000 0.94822 -0.0785685 0.0091328
111000 0.921888 -0.0884079 0.00866922
112000 0.94055 -0.0582511 0.00901338
113000 0.96113 -0.0572611 0.00928007
114000 0.926885 -0.0613081 0.00869613
115000 0.960826 -0.0784324 0.00908063
116000 0.929975 -0.0642763 0.00903719
117000 0.951318 -0.0832391 0.00905113
118000 0.931963 -0.0878549 0.00879132
119000 0.94297 -0.0816255 0.00906329
120000 0.964589 -0.0793475 0.00914777
121000 0.933315 -0.101954 0.00884462
122000 0.969057 -0.0975027 0.00904819
123000 0.936639 -0.113504 0.00869449
124000 0.930148 -0.114423 0.00847808
125000 0.93997 -0.114022 0.00872991
126000 0.936253 -0.108571 0.00870826
127000 0.971103 -0.0935294 0.00916188
128000 0.962283 -0.102114 0.00895436
129000 0.930503 -0.0905198 0.00877945
130000 0.936087 -0.0912229 0.0088251
131000 0.950562 -0.0847159 0.00906375
132000 0.954042 -0.0823741 0.0090787
133000 0.943262 -0.0967278 0.00890467
134000 0.957131 -0.101489 0.00915348
135000 0.949168 -0.102528 0.00885954
136000 0.939599 -0.0970673 0.00892598
137000 0.947218 -0.0808918 0.00912705
138000 0.934007 -0.0951006 0.00868307
139000 0.973404 -0.100272 0.00912921
140000 0.9777 -0.103118 0.009046
141000 0.94243 -0.129296 0.00871304
142000 0.969856 -0.10181 0.00914021
143000 0.9623 -0.105006 0.00902011
144000 0.968367 -0.0977904 0.00904877
145000 0.936252 -0.0916048 0.00875004
146000 0.976362 -0.0811533 0.00917048
147000 0.949508 -0.0810707 0.00911647
148000 0.979986 -0.0738628 0.00927591
149000 0.916264 -0.0845655 0.00874905
150000 0.928879 -0.0924358 0.00888539
151000 0.955435 -0.0940465 0.00911337
152000 0.926637 -0.100488 0.00866183
153000 0.94645 -0.0984377 0.0089245
154000 0.98088 -0.0677963 0.00925626
155000 0.939792 -0.0688533 0.00883218
156000 0.939711 -0.0748343 0.00884169
157000 0.950354 -0.0868597 0.00886838
158000 0.95953 -0.0874575 0.00919319
159000 0.978396 -0.0639535 0.00930728
160000 0.959719 -0.0885982 0.00903897
161000 0.942295 -0.0964512 0.00877142
162000 0.961404 -0.0558384 0.00924053
163000 0.934928 -0.055572 0.00912089
164000 0.944158 -0.062783 0.0089118
165000 0.959195 -0.0710494 0.00913748
166000 0.950408 -0.081294 0.00901437
167000 0.947684 -0.0769679 0.00900581
168000 0.948667 -0.0754134 0.00890059
169000 0.969828 -0.0836136 0.00908498
170000 0.947907 -0.0700991 0.00902305
171000 0.938251 -0.0752271 0.00884121
172000 0.942881 -0.0785839 0.00893949
173000 0.958711 -0.0871008 0.00911489
174000 0.961038 -0.0771076 0.009198
175000 0.964523 -0.0814906 0.00924634
176000 0.954815 -0.106964 0.0089483
177000 0.94414 -0.0790184 0.00892676
178000 0.967152 -0.0699808 0.0093101
179000 0.941371 -0.0890551 0.00877412
180000 0.966591 -0.081375 0.00903739
181000 0.955389 -0.0840449 0.00903007
182000 0.922769 -0.0753308 0.00874808
183000 0.956488 -0.086351 0.00910999
184000 0.935393 -0.0854002 0.0087977
185000 0.956243 -0.0819238 0.0091426
186000 0.94159 -0.0711077 0.00891644
187000 0.932613 -0.0690513 0.00893396
188000 0.965047 -0.0700969 0.00908103
189000 0.983828 -0.105681 0.00934091
190000 0.930962 -0.0835867 0.00882843
191000 0.919862 -0.0958423 0.00869064
192000 0.948435 -0.0747717 0.00905608
193000 0.960914 -0.06236 0.00929394
194000 0.959394 -0.056322 0.00920291
195000 0.933576 -0.0756018 0.00884944
196000 0.960075 -0.0908858 0.00904139
197000 0.955244 -0.0897648 0.00902089
198000 0.934008 -0.0815813 0.00878835
199000 0.944792 -0.0700037 0.00899969
200000 0.934549 -0.0939644 0.00877347
201000 0.935984 -0.101533 0.00856866
202000 0.935507 -0.106193 0.00885177
203000 0.942671 -0.0925939 0.00896248
204000 0.970269 -0.0881536 0.00921264
205000 0.942204 -0.0890667 0.00897757
206000 0.948539 -0.0696311 0.0090989
207000 0.937932 -0.0708497 0.00913362
208000 0.953267 -0.0715912 0.00906005
209000 0.966879 -0.0693494 0.00926994
210000 0.952367 -0.0877607 0.00902691
211000 0.937352 -0.108375 0.00901415
212000 0.976408 -0.106767 0.00913648
213000 0.954134 -0.120007 0.00887452
214000 0.967093 -0.104702 0.00927567
215000 0.965352 -0.0859301 0.00917572
216000 0.912278 -0.09436 0.0086814
217000 0.974016 -0.0892165 0.00903515
218000 0.958091 -0.0994853 0.00902208
219000 0.966309 -0.102059 0.00917376
220000 0.948641 -0.0988708 0.00902299
221000 0.948139 -0.116072 0.00872452
222000 0.939475 -0.11139 0.00879082
223000 0.938921 -0.119687 0.00888082
224000 0.962486 -0.0962184 0.00906013
225000 0.932801 -0.101096 0.00873367
226000 0.950282 -0.0938569 0.00906393
227000 0.972196 -0.0982164 0.00925855
228000 0.925182 -0.0983196 0.00869677
229000 0.965404 -0.0800323 0.0091779
230000 0.9599 -0.0588445 0.00927308
231000 0.934183 -0.0848215 0.00882636
232000 0.932604 -0.079148 0.00876918
233000 0.978751 -0.0845777 0.00931715
234000 0.913819 -0.067491 0.00871321
235000 0.976806 -0.0853064 0.00923423
236000 0.932324 -0.0822453 0.00886352
237000 0.98383 -0.105008 0.00927498
238000 0.955368 -0.0843353 0.00900407
239000 0.946421 -0.0862129 0.00903443
240000 0.95605 -0.0801778 0.00911206
241000 0.916802 -0.0924708 0.00878992
242000 0.963221 -0.113975 0.00896631
243000 0.960074 -0.120845 0.00903646
244000 0.931585 -0.101438 0.00879947
245000 0.975169 -0.110769 0.00925143
246000 0.965373 -0.105243 0.00918124
247000 0.961438 -0.129096 0.00888028
248000 0.945493 -0.125239 0.00867994
249000 0.921355 -0.122504 0.00857543
250000 0.957791 -0.109545 0.00890595
251000 0.966024 -0.121881 0.00883714
252000 0.943301 -0.10078 0.00893388
253000 0.931476 -0.112181 0.00875061
254000 0.969207 -0.0875343 0.00919152
255000 0.937589 -0.100694 0.00872427
256000 0.975326 -0.107083 0.00928973
257000 0.945291 -0.121907 0.00885291
258000 0.961075 -0.129639 0.00879161
259000 0.970163 -0.111074 0.00900171
260000 0.943489 -0.113155 0.0087315
261000 0.931252 -0.103163 0.00868353
262000 0.948166 -0.0961336 0.00894038
263000 0.927346 -0.108025 0.00874936
264000 0.940568 -0.119327 0.00880329
265000 0.935435 -0.100923 0.00878852
266000 0.925695 -0.0973649 0.00862366
267000 0.925812 -0.105236 0.00867477
268000 0.979937 -0.0796699 0.00944316
269000 0.936672 -0.0747829 0.00907109
270000 0.942583 -0.0632509 0.0090139
271000 0.929082 -0.060456 0.00888788
272000 0.931956 -0.0696566 0.00884104
273000 0.938849 -0.101512 0.00869582
274000 0.933917 -0.0888198 0.00887064
275000 0.946554 -0.0949332 0.00899494
276000 0.935354 -0.0900696 0.00878161
277000 0.957063 -0.0901656 0.0089718
278000 0.945455 -0.0825935 0.00907677
279000 0.938312 -0.0953241 0.00886503
280000 0.967286 -0.0732756 0.00926987
281000 0.941159 -0.0696768 0.0089811
282000 0.924275 -0.0814873 0.00887817
283000 0.974774 -0.0806687 0.0092457
284000 0.956612 -0.0744082 0.00915374
285000 0.915173 -0.0809832 0.00870995
286000 0.939605 -0.0776438 0.00889507
287000 0.954532 -0.0681037 0.00916188
288000 0.931 -0.0672878 0.00894186
289000 0.929043 -0.0795649 0.008788
290000 0.986824 -0.0729187 0.00935588
291000 0.965002 -0.0766887 0.00896416
292000 0.935807 -0.0828793 0.00869899
293000 0.948593 -0.0694991 0.00896362
294000 0.926324 -0.0885463 0.00873938
295000 0.957645 -0.101139 0.00889177
296000 0.924638 -0.0739746 0.00883834
297000 0.916484 -0.0816753 0.00853602
298000 0.958173 -0.0802891 0.00904135
299000 0.957645 -0.0904265 0.00901322
300000 0.917274 -0.105253 0.00851084
301000 0.967839 -0.0855426 0.00922929
302000 0.949175 -0.0880953 0.00890569
303000 0.922957 -0.0712141 0.00873074
304000 0.954523 -0.0760336 0.00916403
305000 0.923042 -0.0547845 0.00894537
306000 0.96982 -0.0898448 0.0092719
307000 0.943821 -0.0854978 0.00895069
308000 0.932476 -0.107979 0.0086597
309000 0.975531 -0.10502 0.00916103
310000 0.922959 -0.099022 0.00869745
311000 0.945688 -0.0931951 0.00886988
312000 0.96554 -0.0718538 0.00911753
313000 0.933764 -0.0857984 0.00872797
314000 0.94749 -0.130805 0.0088685
315000 0.934773 -0.0963243 0.0087712
316000 0.978006 -0.0912145 0.00922652
317000 0.933145 -0.10782 0.00864302
318000 0.915865 -0.10365 0.00853606
319000 0.930281 -0.0855819 0.00891586
320000 0.950462 -0.0929159 0.0088387
321000 0.92976 -0.0699856 0.00881441
322000 0.967935 -0.0804999 0.00923546
323000 0.958231 -0.07593 0.00913117
324000 0.957303 -0.0623847 0.00915523
325000 0.93086 -0.0886641 0.00862727
326000 0.969676 -0.0973814 0.00911467
327000 0.976912 -0.0941229 0.00933132
328000 0.925594 -0.117897 0.00859065
329000 0.954894 -0.11671 0.00875854
330000 0.965646 -0.0886818 0.00911838
331000 0.931463 -0.0987878 0.00856542
332000 0.935636 -0.12361 0.00863509
333000 0.923169 -0.104685 0.00862075
334000 0.960989 -0.110369 0.00907702
335000 0.978547 -0.0952355 0.00923199
336000 0.919974 -0.0984339 0.008604
337000 0.97093 -0.086731 0.00915483
338000 0.944456 -0.101956 0.00880665
339000 0.987486 -0.0962029 0.00932202
340000 0.956932 -0.0939369 0.00895395
341000 0.938415 -0.0927026 0.00893485
342000 0.960835 -0.0565294 0.00924334
343000 0.952993 -0.066349 0.00905371
344000 0.937733 -0.111814 0.0085905
345000 0.938192 -0.0783033 0.00877917
346000 0.966529 -0.0798052 0.00910581
347000 0.929834 -0.0919151 0.00867466
348000 0.938248 -0.0944078 0.00877821
349000 0.936078 -0.114336 0.00872249
350000 0.949955 -0.114627 0.00889334
351000 0.937657 -0.101036 0.00872887
352000 0.935375 -0.106039 0.00868759
353000 0.926232 -0.0919703 0.00866202
354000 0.961469 -0.105531 0.00903064
355000 0.956013 -0.104724 0.00909706
356000 0.967003 -0.113398 0.00900907
357000 0.925635 -0.106469 0.00864117
358000 0.947253 -0.10079 0.00902705
359000 0.942166 -0.104672 0.00899322
360000 0.945057 -0.0990656 0.00895474
361000 0.959781 -0.0990753 0.00906687
362000 0.948309 -0.0988083 0.0089894
363000 0.949002 -0.0993993 0.0091252
364000 0.927949 -0.092171 0.00880216
365000 0.907465 -0.0903587 0.00852786
366000 0.999618 -0.0868479 0.00943853
367000 0.963795 -0.0743415 0.00917286
368000 0.938329 -0.0706512 0.00888479
369000 0.964268 -0.0771694 0.00912334
370000 0.944425 -0.0655113 0.00906358
371000 0.973873 -0.0647535 0.00942457
372000 0.943281 -0.0902408 0.00881171
373000 0.931564 -0.0913551 0.00873011
374000 0.95584 -0.0733371 0.0090244
375000 0.986583 -0.0628639 0.00942574
376000 0.945963 -0.07405 0.00906552
377000 0.957721 -0.0757395 0.00920875
378000 0.945572 -0.0628496 0.00905502
379000 0.951055 -0.0843772 0.00902846
380000 0.909577 -0.064213 0.00865278
381000 0.952782 -0.0846509 0.00903678
382000 0.965695 -0.0845395 0.00930839
383000 0.964154 -0.087252 0.00911002
384000 0.95128 -0.098644 0.00897707
385000 0.963974 -0.0887889 0.0090253
386000 0.9548 -0.0669453 0.00912807
387000 0.937235 -0.0801874 0.00895025
388000 0.956902 -0.100261 0.00905834
389000 0.95012 -0.0993722 0.0090303
390000 0.9936 -0.0950599 0.00936396
391000 0.928938 -0.10171 0.00873366
392000 0.96744 -0.0923736 0.00923432
393000 0.953936 -0.0946691 0.00893457
394000 0.93805 -0.0747023 0.00898019
395000 0.983902 -0.0632432 0.0095142
396000 0.922282 -0.10014 0.00853913
397000 0.958779 -0.0880743 0.00913647
398000 0.973282 -0.0895233 0.00918707
399000 0.93257 -0.104331 0.00872089
400000 0.945183 -0.122331 0.00889098
401000 0.963572 -0.111268 0.00897763
402000 0.943673 -0.0921437 0.00894322
403000 0.94373 -0.0825988 0.00899873
404000 0.956567 -0.0896018 0.00892806
405000 0.939149 -0.0798157 0.00883375
406000 0.931719 -0.111533 0.00875129
407000 0.991966 -0.100961 0.00936932
408000 0.930213 -0.10398 0.00876519
409000 0.968214 -0.102752 0.00910332
410000 0.955031 -0.0864048 0.00905568
411000 0.907848 -0.0769044 0.00857322
412000 0.963353 -0.0841148 0.0091012
413000 0.967614 -0.0946509 0.00922392
414000 0.926079 -0.0779975 0.00887442
415000 0.947903 -0.0754444 0.00898355
416000 0.975676 -0.0705868 0.00928622
417000 0.93356 -0.0722348 0.00885571
418000 0.948029 -0.0982375 0.00902709
419000 0.956577 -0.103623 0.00887288
420000 0.951618 -0.133626 0.00869157
421000 0.920189 -0.126491 0.00846395
422000 0.969425 -0.115411 0.00901185
423000 0.957708 -0.10653 0.00886105
424000 0.938478 -0.0883572 0.00883421
425000 0.965957 -0.0815177 0.00917079
426000 0.923184 -0.0683243 0.00893329
427000 0.950126 -0.08786 0.00882301
428000 0.941834 -0.08567 0.00897278
429000 0.954986 -0.0838252 0.00903097
430000 0.95995 -0.103045 0.00907773
431000 0.957637 -0.0886954 0.00909086
432000 0.945309 -0.0866086 0.00894156
433000 0.960538 -0.0947255 0.00891497
434000 0.939624 -0.0784811 0.00885675
435000 0.927881 -0.077605 0.00887155
436000 0.942234 -0.0850674 0.00876577
437000 0.965234 -0.0587001 0.00923554
438000 0.955178 -0.0726762 0.0091961
439000 0.96145 -0.0648851 0.00913537
440000 0.941044 -0.0728562 0.00902635
441000 0.957142 -0.060999 0.00911259
442000 0.952699 -0.0695892 0.00905891
443000 0.948534 -0.0917292 0.00896282
444000 0.909241 -0.105121 0.00845612
445000 0.97749 -0.0918099 0.00924032
446000 0.924129 -0.0720154 0.00882877
447000 0.97886 -0.0836948 0.00932868
448000 0.946226 -0.0819759 0.00894465
449000 0.9136 -0.0591921 0.00869582
450000 0.961841 -0.0677443 0.00905721
451000 0.966797 -0.0838611 0.00924994
452000 0.960393 -0.0709784 0.0090814
453000 0.909726 -0.0681702 0.00872027
454000 0.965008 -0.072038 0.00908043
455000 0.957982 -0.0717446 0.00893913
456000 0.948361 -0.0695121 0.00901216
457000 0.961839 -0.0855505 0.00901557
458000 0.951334 -0.106196 0.00870006
459000 0.938708 -0.115533 0.00877653
460000 0.953844 -0.114436 0.00892955
461000 0.922834 -0.111759 0.00860797
462000 0.977846 -0.112296 0.00909256
463000 0.945646 -0.0954696 0.00884947
464000 0.932474 -0.0839101 0.00862773
465000 0.953899 -0.0842257 0.00884416
466000 0.965203 -0.0849713 0.00899127
467000 0.948316 -0.0982097 0.00891258
468000 0.933055 -0.0797235 0.00882694
469000 0.982159 -0.0677341 0.00947844
470000 0.953134 -0.0879981 0.00895904
471000 0.937726 -0.0774506 0.00906542
472000 0.954185 -0.0656306 0.00912862
473000 0.956461 -0.0763273 0.00902949
474000 0.935144 -0.0764282 0.0089187
475000 0.93695 -0.0816173 0.00890408
476000 0.959204 -0.0958183 0.00918882
477000 0.960589 -0.092186 0.00906545
478000 0.936844 -0.0764143 0.00899862
479000 0.922552 -0.0698739 0.00883118
480000 0.958378 -0.0696627 0.00919602
481000 0.961184 -0.067678 0.00918317
482000 0.956693 -0.0674706 0.00908185
483000 0.953104 -0.0761018 0.00903832
484000 0.9421 -0.0580411 0.00911543
485000 0.963607 -0.0734944 0.00916335
486000 0.940821 -0.0839144 0.00870326
487000 0.963166 -0.086394 0.00913262
488000 0.962919 -0.0830689 0.00919545
489000 0.950867 -0.0971731 0.00895458
490000 0.980449 -0.0806704 0.00939044
491000 0.947678 -0.0793273 0.00894952
492000 0.95456 -0.0862994 0.00887013
493000 0.954826 -0.0825235 0.00927365
494000 0.956288 -0.0722697 0.00914441
495000 0.921281 -0.0829879 0.00863387
496000 0.941862 -0.0730368 0.00882987
497000 0.965034 -0.0705539 0.00913729
498000 0.962804 -0.0676537 0.00914507
499000 0.956792 -0.0647887 0.00909351
500000 0.941405 -0.0869357 0.00888254
501000 0.960979 -0.0782136 0.00923367
502000 0.960566 -0.0769886 0.00911561
503000 0.962854 -0.0987956 0.00897459
504000 0.96705 -0.0920797 0.00909553
505000 0.958153 -0.0694842 0.00898689
506000 0.959462 -0.0607643 0.0092773
507000 0.95162 -0.0651255 0.00927096
508000 0.97952 -0.0724185 0.00931889
509000 0.976516 -0.0764897 0.00926308
510000 0.946985 -0.0805021 0.00898367
511000 0.943141 -0.08745 0.00887487
512000 0.958465 -0.0693345 0.0090165
513000 0.964273 -0.0862782 0.00912744
514000 0.963016 -0.104423 0.00908672
515000 0.960509 -0.110307 0.00897349
516000 0.963308 -0.0999478 0.00906909
517000 0.92985 -0.0880773 0.00875094
518000 0.930509 -0.0911413 0.00874061
519000 0.94502 -0.0667905 0.00898313
520000 0.959977 -0.0957183 0.00900865
521000 0.955035 -0.0901671 0.00892479
522000 0.920024 -0.0728599 0.00863469
523000 0.956866 -0.0820903 0.00922436
524000 0.936281 -0.0624991 0.00894914
525000 0.976999 -0.0810908 0.00926886
526000 0.954132 -0.105343 0.00890092
527000 0.913005 -0.106096 0.00845005
528000 0.920342 -0.0894011 0.00858568
529000 0.965528 -0.100906 0.00899209
530000 0.94383 -0.0782102 0.00896184
531000 0.943253 -0.0801159 0.0088793
532000 0.940274 -0.0769921 0.00892198
533000 0.935198 -0.0649848 0.00889521
534000 0.947825 -0.083763 0.00893662
535000 0.935498 -0.0843905 0.00877853
536000 0.940166 -0.0917102 0.00896469
537000 0.971073 -0.0903927 0.00913411
538000 0.918172 -0.0918676 0.00861303
539000 0.965637 -0.0763816 0.00930665
540000 0.918224 -0.0749408 0.00876402
541000 0.940609 -0.0867064 0.0089862
542000 0.957553 -0.0759981 0.00910673
543000 0.923635 -0.0987916 0.00870303
544000 0.946982 -0.112934 0.00881098
545000 0.957477 -0.0775026 0.00894538
546000 0.966296 -0.0910707 0.0090693
547000 0.947104 -0.103305 0.00882926
548000 0.942255 -0.0842777 0.00886362
549000 0.945415 -0.0855071 0.0089436
550000 0.92342 -0.0976417 0.00883039
551000 0.931516 -0.0985317 0.00889102
552000 0.934466 -0.0988426 0.00879937
553000 0.980315 -0.110269 0.00923907
554000 0.950234 -0.107956 0.00889436
555000 0.950475 -0.0977944 0.0089244
556000 0.927933 -0.117699 0.00858834
557000 0.960121 -0.097171 0.00898896
558000 0.969378 -0.10038 0.00913544
559000 0.939018 -0.0670826 0.00905582
560000 0.929236 -0.0845852 0.00884176
561000 0.980087 -0.0816322 0.00930446
562000 0.937946 -0.0782893 0.00889704
563000 0.946348 -0.0653613 0.00901379
564000 0.953879 -0.0571561 0.00927919
565000 0.932967 -0.0901318 0.00852344
566000 0.928281 -0.090309 0.00863572
567000 0.964749 -0.0896481 0.00901926
568000 0.947387 -0.0907167 0.00895962
569000 0.933347 -0.0898354 0.00879173
570000 0.943038 -0.0911297 0.00868453
571000 0.974086 -0.0864662 0.00918681
572000 0.961128 -0.0918922 0.00912055
573000 0.958859 -0.0893636 0.00898434
574000 0.965534 -0.0858959 0.00914633
575000 0.934775 -0.0994259 0.00878585
576000 0.964584 -0.080637 0.00913783
577000 0.977995 -0.0786053 0.00943247
578000 0.921011 -0.10302 0.00868177
579000 0.954829 -0.0993648 0.00913628
580000 0.931388 -0.121155 0.00856667
581000 0.943352 -0.115805 0.00871374
582000 0.933544 -0.0861979 0.00882275
583000 0.94705 -0.0931775 0.0088867
584000 0.944154 -0.112898 0.00878019
585000 0.939013 -0.111602 0.00872875
586000 0.93219 -0.107303 0.00860236
587000 0.941215 -0.100131 0.00885707
588000 0.970846 -0.0988105 0.00913292
589000 0.938371 -0.0916617 0.00886228
590000 0.975764 -0.101462 0.00906066
591000 0.9147 -0.104306 0.00846019
592000 0.96386 -0.0816507 0.00909225
593000 0.938756 -0.0919898 0.0087796
594000 0.939263 -0.0726592 0.00898875
595000 0.936244 -0.0705328 0.00911883
596000 0.929092 -0.0766091 0.00879101
597000 0.945776 -0.0862349 0.00906512
598000 0.97384 -0.0715163 0.00923135
599000 0.978753 -0.0894443 0.00938023
600000 0.932146 -0.0838967 0.00872219
601000 0.948379 -0.085648 0.00900652
602000 0.956727 -0.0756096 0.00910652
603000 0.958283 -0.0897194 0.00900074
604000 0.970437 -0.0945089 0.00920432
605000 0.929882 -0.0988082 0.00871363
606000 0.954967 -0.0926432 0.00893795
607000 0.954223 -0.0884201 0.00901662
608000 0.928781 -0.0860707 0.00892794
609000 0.94821 -0.0908497 0.00904409
610000 0.942935 -0.104605 0.00875469
611000 0.964612 -0.0957174 0.00912278
612000 0.95703 -0.134866 0.00876233
613000 0.938986 -0.114765 0.00874485
614000 0.936094 -0.125104 0.00869229
615000 0.943462 -0.0997238 0.00875349
616000 0.957745 -0.0852109 0.00902974
617000 0.948266 -0.0856958 0.00901451
618000 0.933253 -0.090642 0.00876263
619000 0.949448 -0.0910228 0.00881448
620000 0.987249 -0.0784351 0.00943305
621000 0.935648 -0.0798308 0.00882965
622000 0.933858 -0.0892602 0.00878804
623000 0.951407 -0.0881614 0.00905079
624000 0.96161 -0.076416 0.00911225
625000 0.962436 -0.0836742 0.00906667
626000 0.95604 -0.0612162 0.00923436
627000 0.960172 -0.0490546 0.00937228
628000 0.965076 -0.059048 0.00941266
629000 0.971875 -0.0727794 0.00919873
630000 0.961656 -0.0596053 0.00912695
631000 0.94325 -0.0777415 0.00904948
632000 0.956072 -0.0749934 0.00907456
633000 0.946793 -0.0621539 0.00895968
634000 0.96332 -0.0613438 0.00923089
635000 0.932839 -0.0686518 0.00894276
636000 0.972205 -0.0872459 0.00910494
637000 0.990988 -0.0919895 0.00931688
638000 0.906211 -0.0789308 0.00870554
639000 0.935831 -0.0602061 0.00901306
640000 0.961833 -0.0689273 0.00910044
641000 0.970842 -0.0805048 0.00927345
642000 0.952899 -0.0649061 0.00913397
643000 0.937666 -0.0677297 0.0089096
644000 0.933123 -0.0741072 0.00897581
645000 0.961781 -0.0897919 0.00914858
646000 0.926005 -0.0821885 0.00875944
647000 0.959246 -0.10204 0.00909479
648000 0.958305 -0.122953 0.00888782
649000 0.964009 -0.114276 0.00911075
650000 0.945495 -0.109994 0.00887232
651000 0.939414 -0.0860368 0.00883499
652000 0.937664 -0.0773688 0.00888864
653000 0.953646 -0.0746269 0.00920426
654000 0.942541 -0.0592867 0.00904806
655000 0.92505 -0.0738687 0.00877733
656000 0.963315 -0.0703598 0.00920258
657000 0.927589 -0.0838879 0.00869462
658000 0.9268 -0.0731222 0.00883963
659000 0.954748 -0.0816458 0.00895105
660000 0.938951 -0.0939301 0.00871919
661000 0.934143 -0.110892 0.00860716
662000 0.955551 -0.0907281 0.00909745
663000 0.940055 -0.0838434 0.00905749
664000 0.959989 -0.0720354 0.00912333
665000 0.950717 -0.0836683 0.00892034
666000 0.934156 -0.063526 0.0089245
667000 0.967792 -0.0544302 0.00927032
668000 0.936505 -0.0575658 0.0089144
669000 0.961515 -0.074054 0.00919074
670000 0.935916 -0.0709795 0.00911048
671000 0.96007 -0.0647083 0.00925988
672000 0.962322 -0.0616888 0.00927613
673000 0.931203 -0.0809665 0.008914
674000 0.942454 -0.0976757 0.00899346
675000 0.940677 -0.0907228 0.00871896
676000 0.947406 -0.0734054 0.00903675
677000 0.969843 -0.0934959 0.00910477
678000 0.946894 -0.0842098 0.0089487
679000 0.95242 -0.0868582 0.00901815
680000 0.942328 -0.116542 0.00881665
681000 0.931316 -0.0999166 0.00869347
682000 0.960296 -0.125368 0.00893854
683000 0.943669 -0.09783 0.00882935
684000 0.914331 -0.100345 0.00843644
685000 0.941577 -0.105284 0.00889041
686000 0.95118 -0.105166 0.00904786
687000 0.960211 -0.119561 0.00895785
688000 0.928688 -0.111436 0.00868739
689000 0.912042 -0.109982 0.00848305
690000 0.939252 -0.0805482 0.00894763
691000 0.982725 -0.0593097 0.00948614
692000 0.920257 -0.0611483 0.0087452
693000 0.97261 -0.0668115 0.00921587
694000 0.914341 -0.0776574 0.00854633
695000 0.974764 -0.078772 0.00923324
696000 0.950127 -0.072153 0.00901244
697000 0.938718 -0.0835202 0.00876003
698000 0.93728 -0.0899177 0.00879831
699000 0.940116 -0.112938 0.00886224
700000 0.922026 -0.090434 0.00863403
701000 0.934429 -0.0661893 0.00906768
702000 0.961759 -0.0875217 0.00917544
703000 0.938895 -0.0885278 0.00882121
704000 0.921235 -0.0762614 0.00875862
705000 0.965432 -0.0771486 0.00909569
706000 0.952248 -0.0714215 0.00907619
707000 0.960816 -0.0567748 0.0093526
708000 0.97167 -0.0823001 0.00919772
709000 0.993369 -0.073161 0.0094762
710000 0.968349 -0.0775267 0.00929014
711000 0.937319 -0.0851244 0.00897343
712000 0.961431 -0.0794692 0.00926937
713000 0.960353 -0.0895426 0.00901621
714000 0.927239 -0.0834819 0.00871469
715000 0.966616 -0.0773318 0.00913741
716000 0.95033 -0.0838174 0.00898366
717000 0.940839 -0.125284 0.00858717
718000 0.965422 -0.0878598 0.00913433
719000 0.940444 -0.0792649 0.00877792
720000 0.930988 -0.0780644 0.00874468
721000 0.975544 -0.0832957 0.00926465
722000 0.956962 -0.0927067 0.00893617
723000 0.941561 -0.091551 0.00886132
724000 0.937375 -0.0857549 0.0088612
725000 0.962172 -0.0941281 0.00927596
726000 0.972498 -0.109245 0.0091339
727000 0.948673 -0.0861157 0.00902503
728000 0.945253 -0.0957297 0.00892736
729000 0.946046 -0.0986278 0.00879244
730000 0.978959 -0.0870675 0.00926074
731000 0.961117 -0.0787057 0.00907333
732000 0.942927 -0.0861824 0.0088738
733000 0.944533 -0.0836869 0.00893859
734000 0.928137 -0.0876373 0.00864843
735000 0.968288 -0.115947 0.00911546
736000 0.96401 -0.0996625 0.00909614
737000 0.949693 -0.111154 0.00888173
738000 0.951239 -0.0938445 0.00897126
739000 0.935388 -0.0906583 0.00883687
740000 0.972993 -0.10271 0.00910676
741000 0.943695 -0.110211 0.00891338
742000 0.941378 -0.0905831 0.00907649
743000 0.935769 -0.113424 0.0085984
744000 0.941778 -0.136289 0.0087739
745000 0.95162 -0.13549 0.00860492
746000 0.961004 -0.112379 0.00903311
747000 0.925671 -0.087073 0.00887675
748000 0.96404 -0.0913782 0.00917787
749000 0.947015 -0.118309 0.00888347
750000 0.948816 -0.115331 0.0088328
751000 0.948789 -0.0888597 0.00897677
752000 0.946185 -0.0827849 0.0089752
753000 0.939524 -0.0710142 0.00889186
754000 0.946094 -0.0927438 0.00893005
755000 0.931157 -0.0845324 0.00887374
756000 0.914535 -0.0673783 0.00878089
757000 0.942885 -0.0737081 0.00893761
758000 0.953718 -0.0776327 0.00900069
759000 0.94684 -0.0918953 0.0087987
760000 0.9231 -0.0849003 0.00861135
761000 0.957173 -0.0779877 0.00910209
762000 0.934659 -0.0739316 0.00885844
763000 0.936166 -0.0864968 0.00897602
764000 0.986355 -0.081826 0.00935189
765000 0.921006 -0.0767181 0.00857178
766000 0.940465 -0.0776998 0.00881079
767000 0.936681 -0.0801167 0.0088885
768000 0.955449 -0.0701616 0.00911372
769000 0.950027 -0.0739028 0.00904679
770000 0.95304 -0.0846517 0.00902332
771000 0.973762 -0.0943761 0.00921393
772000 0.950391 -0.103569 0.00886754
773000 1.00003 -0.0902735 0.00967339
774000 0.962055 -0.109825 0.00901712
775000 0.95884 -0.119181 0.0089094
776000 0.935475 -0.100949 0.00853168
777000 0.972013 -0.0940083 0.0090496
778000 0.94943 -0.102278 0.0089781
779000 0.926019 -0.12046 0.0085866
780000 0.913506 -0.098143 0.0085038
781000 0.935254 -0.106502 0.00864347
782000 0.93963 -0.115966 0.00874433
783000 0.963473 -0.117819 0.00901564
784000 0.946753 -0.106443 0.00880158
785000 0.966825 -0.0806706 0.00918936
786000 0.954743 -0.0841478 0.0090609
787000 0.970135 -0.0909958 0.00911625
788000 0.988903 -0.105936 0.0093959
789000 0.916283 -0.0925038 0.00868504
790000 0.978311 -0.0991988 0.00911337
791000 0.943422 -0.0749105 0.00904867
792000 0.967501 -0.0787746 0.00918267
793000 0.951339 -0.0900497 0.00894257
794000 0.915137 -0.0780412 0.00872349
795000 0.969279 -0.0757223 0.00919161
796000 0.953499 -0.088435 0.00904821
797000 0.945851 -0.0879485 0.00907209
798000 0.958705 -0.0752822 0.00938262
799000 0.93913 -0.0822917 0.00905175
800000 0.950301 -0.0801099 0.00918088
801000 0.947586 -0.0847814 0.00897987
802000 0.968722 -0.092627 0.00905956
803000 0.950318 -0.0731778 0.00909405
804000 0.967531 -0.0930028 0.0090279
805000 0.955132 -0.0823306 0.00904114
806000 0.943681 -0.0619045 0.00884312
807000 0.953858 -0.087161 0.00906084
808000 0.928508 -0.0903723 0.00886932
809000 0.945126 -0.099326 0.00892362
810000 0.943811 -0.0911479 0.00891004
811000 0.963451 -0.10223 0.00903927
812000 0.970185 -0.0847253 0.0091208
813000 0.949591 -0.0849875 0.00899253
814000 0.949612 -0.0876428 0.00900577
815000 0.978295 -0.0860588 0.00922181
816000 0.930543 -0.0689306 0.00888473
817000 0.966778 -0.0675517 0.00934389
818000 0.975771 -0.0638403 0.00938732
819000 0.978124 -0.0921029 0.00924984
820000 0.925744 -0.0880883 0.00886919
821000 0.969192 -0.0919099 0.00917501
822000 0.928973 -0.0933817 0.00885777
823000 0.959395 -0.0908674 0.00903487
824000 0.93322 -0.0919518 0.00877619
825000 0.968621 -0.0866692 0.00917916
826000 0.930411 -0.0838193 0.00878023
827000 0.942804 -0.0721256 0.00902362
828000 0.959014 -0.0935882 0.00891852
829000 0.922284 -0.102511 0.00869357
830000 0.931444 -0.091499 0.00886818
831000 0.964637 -0.116426 0.00898274
832000 0.965459 -0.13354 0.00881995
833000 0.955736 -0.12456 0.00877371
834000 0.932725 -0.105786 0.00882754
835000 0.983773 -0.080118 0.00927204
836000 0.940767 -0.0716135 0.00891652
837000 0.955969 -0.0792304 0.00914564
838000 0.936465 -0.0759988 0.00890564
839000 0.939105 -0.0969384 0.0088327
840000 0.951105 -0.103822 0.0089165
841000 0.9594 -0.0940798 0.00908312
842000 0.939274 -0.084684 0.00887971
843000 0.939148 -0.0899341 0.00875101
844000 0.953805 -0.0786146 0.00910082
845000 0.940033 -0.0932013 0.00875924
846000 0.959547 -0.0883796 0.00915194
847000 0.944553 -0.0758575 0.00908312
848000 0.93858 -0.0741107 0.00887865
849000 0.958854 -0.0649488 0.00915068
850000 0.954142 -0.0742527 0.00906971
851000 0.943901 -0.0795508 0.00895018
852000 0.978916 -0.0740667 0.00927708
853000 0.926391 -0.0765054 0.00876332
854000 0.963842 -0.0864704 0.0090978
855000 0.923782 -0.0939565 0.00878343
856000 0.986118 -0.0998104 0.0094067
857000 0.942794 -0.0631218 0.0090265
858000 0.930375 -0.0538325 0.00896911
859000 0.972811 -0.0557727 0.00936278
860000 0.983834 -0.0586584 0.00951004
861000 0.95227 -0.0859627 0.00901184
862000 0.938376 -0.112753 0.00871549
863000 0.951464 -0.0990354 0.00896469
864000 0.954162 -0.0771901 0.0090465
865000 0.956327 -0.0878176 0.00914591
866000 0.968391 -0.108129 0.00902621
867000 0.935832 -0.118854 0.00862988
868000 0.946431 -0.115058 0.00864172
869000 0.919322 -0.10956 0.00849652
870000 0.991684 -0.105049 0.00931019
871000 0.939262 -0.0987953 0.0088825
872000 0.961561 -0.0838272 0.00915783
873000 0.942251 -0.0699242 0.00897337
874000 0.951595 -0.0905084 0.00893416
875000 0.918893 -0.08068 0.0087074
876000 0.966904 -0.0843379 0.00920853
877000 0.961311 -0.0817818 0.00910972
878000 0.928144 -0.089302 0.00879183
879000 0.969237 -0.0662486 0.00923228
880000 0.919637 -0.064466 0.00872563
881000 0.971549 -0.0732569 0.00922674
882000 0.923712 -0.0925914 0.00853377
883000 0.950276 -0.0853247 0.00885343
884000 0.94064 -0.0820704 0.00894466
885000 0.93128 -0.0668665 0.00872518
886000 0.951412 -0.106403 0.00904254
887000 0.947552 -0.118585 0.00893172
888000 0.952051 -0.120711 0.00880975
889000 0.946328 -0.117686 0.00886124
890000 0.93633 -0.134952 0.00860678
891000 0.91408 -0.103284 0.00869895
892000 0.962381 -0.108742 0.00898431
893000 0.96196 -0.111367 0.00908839
894000 0.961546 -0.0998121 0.00891523
895000 0.932522 -0.0900259 0.00867868
896000 0.932746 -0.0797759 0.00888175
897000 0.943861 -0.114127 0.00849093
898000 0.963166 -0.0958907 0.00902488
899000 0.949114 -0.0915233 0.00897346
900000 0.926406 -0.104769 0.00855152
901000 0.963337 -0.0948902 0.00900234
902000 0.933743 -0.090818 0.00869177
903000 0.956571 -0.0850329 0.00911632
904000 0.936171 -0.10089 0.00872007
905000 0.928884 -0.105528 0.00879872
906000 0.952652 -0.0929669 0.00898328
907000 0.950046 -0.106548 0.00908186
908000 0.955918 -0.10622 0.00876062
909000 0.948212 -0.109458 0.00884047
910000 0.973875 -0.115525 0.00913896
911000 0.93675 -0.104165 0.00882278
912000 0.938257 -0.125536 0.00861697
913000 0.940269 -0.0802449 0.00897823
914000 0.955059 -0.0709865 0.00902159
915000 0.953521 -0.0620908 0.00908784
916000 0.941618 -0.0743438 0.00903934
917000 0.967624 -0.0747059 0.00916022
918000 0.960471 -0.0879744 0.00898163
919000 0.945193 -0.0912028 0.00907529
920000 0.92064 -0.0816636 0.00874976
921000 0.992355 -0.0696397 0.00946294
922000 0.939059 -0.0818388 0.00887031
923000 0.94176 -0.130195 0.00862923
924000 0.940717 -0.0963288 0.00880795
925000 0.974289 -0.0655973 0.00936454
926000 0.948371 -0.0681983 0.00905635
927000 0.924085 -0.108439 0.00860889
928000 0.971807 -0.101504 0.00900892
929000 0.96027 -0.0913203 0.00915376
930000 0.91665 -0.0921499 0.00868694
931000 0.974678 -0.0887045 0.0092073
932000 0.939932 -0.0771242 0.00895826
933000 0.953612 -0.081816 0.00933983
934000 0.961189 -0.102705 0.00889262
935000 0.936921 -0.109526 0.00872719
936000 0.946033 -0.11013 0.00874737
937000 0.934084 -0.103918 0.00871431
938000 0.962746 -0.0963178 0.00902236
939000 0.942665 -0.0907355 0.0089141
940000 0.96631 -0.0803985 0.00901618
941000 0.959298 -0.0726315 0.00912446
942000 0.95283 -0.0654595 0.00903173
943000 0.931852 -0.0576961 0.00890495
944000 0.982752 -0.0644227 0.00955761
945000 0.914217 -0.0677703 0.00879817
946000 0.972456 -0.0616758 0.00924136
947000 0.933128 -0.0795541 0.00883055
948000 0.961165 -0.0925167 0.00905152
949000 0.940263 -0.0790801 0.0089915
950000 0.928551 -0.0777844 0.00893916
951000 0.95354 -0.0725909 0.00908931
952000 0.93698 -0.0706885 0.00900003
953000 0.982017 -0.0878236 0.00905165
954000 0.956391 -0.107557 0.00891178
955000 0.931776 -0.0961995 0.00882468
956000 0.969658 -0.100577 0.00911161
957000 0.952457 -0.103066 0.0092164
958000 0.937844 -0.0760172 0.00896108
959000 0.932467 -0.0879357 0.00912049
960000 0.946111 -0.0989058 0.00898437
961000 0.924719 -0.111025 0.00872059
962000 0.955864 -0.113191 0.00890739
963000 0.959993 -0.0956008 0.00917242
964000 0.942061 -0.0835378 0.00897105
965000 0.911993 -0.0716377 0.00872428
966000 0.984464 -0.0723035 0.00934748
967000 0.961052 -0.069276 0.00924685
968000 0.9606 -0.0838041 0.00908331
969000 0.954323 -0.0640467 0.00929704
970000 0.941962 -0.0759578 0.00902778
971000 0.94146 -0.0606642 0.00902081
972000 0.993337 -0.0851113 0.00930448
973000 0.967583 -0.0949156 0.00912204
974000 0.931039 -0.0779904 0.00881774
975000 0.956163 -0.0819599 0.00902692
976000 0.967795 -0.0747577 0.00932288
977000 0.926316 -0.0746329 0.00870739
978000 0.920917 -0.0717482 0.00881629
979000 0.969022 -0.0888974 0.00922007
980000 0.930912 -0.0712973 0.00888659
981000 0.956235 -0.0854636 0.00891477
982000 0.932955 -0.105261 0.00874399
983000 0.946823 -0.107641 0.00876112
984000 0.963882 -0.111771 0.00904173
985000 0.954757 -0.102065 0.0088894
986000 0.965871 -0.0978867 0.00915099
987000 0.946576 -0.100875 0.00875902
988000 0.930061 -0.112555 0.00878211
989000 0.970771 -0.090511 0.00919701
990000 0.942393 -0.100499 0.00893961
991000 0.913078 -0.128049 0.00845328
992000 0.92276 -0.105053 0.00860764
993000 0.949683 -0.102887 0.0088768
994000 0.939433 -0.10641 0.00872434
995000 0.909824 -0.102753 0.0086487
996000 0.959993 -0.0732936 0.00922809
997000 0.970919 -0.0634765 0.00933994
998000 0.938853 -0.0947982 0.00891127
999000 0.947761 -0.0927365 0.00880838
1000000 0.96018 -0.088096 0.00916118
1001000 0.961815 -0.0946988 0.00892439
1002000 0.967179 -0.10281 0.00914734
1003000 0.9598 -0.111077 0.0090727
1004000 0.916267 -0.103168 0.00855206
1005000 0.975968 -0.0914091 0.00920869
1006000 0.953581 -0.0814555 0.00909445
1007000 0.962695 -0.106416 0.0090711
1008000 0.932776 -0.0986008 0.00873773
1009000 0.945577 -0.0830268 0.00887476
1010000 0.975453 -0.075036 0.00913243
1011000 0.919789 -0.103422 0.00873449
1012000 0.986545 -0.105609 0.00929336
1013000 0.927402 -0.103691 0.00865852
1014000 0.936633 -0.124584 0.00863701
1015000 0.942817 -0.0921865 0.00879451
1016000 0.966994 -0.100221 0.0089137
1017000 0.94601 -0.0819418 0.0088802
1018000 0.982335 -0.0768972 0.00949103
1019000 0.95546 -0.0760603 0.00909204
1020000 0.951539 -0.099612 0.00900885
1021000 0.929457 -0.115521 0.00869903
1022000 0.975532 -0.0993011 0.00924228
1023000 0.90742 -0.103549 0.00850941
1024000 0.949388 -0.111456 0.0090634
1025000 0.991243 -0.112438 0.00931492
1026000 0.939465 -0.135607 0.00868498
1027000 0.92682 -0.153711 0.00849467
1028000 0.955594 -0.113426 0.00894796
1029000 0.954777 -0.106886 0.00896693
1030000 0.930805 -0.0980446 0.00877911
1031000 0.965498 -0.0825733 0.00928478
1032000 0.94853 -0.090862 0.00889032
1033000 0.953077 -0.0946894 0.00899249
1034000 0.930288 -0.104592 0.00874321
1035000 0.96935 -0.10573 0.00920236
1036000 0.927898 -0.102869 0.00872292
1037000 0.937436 -0.10589 0.00863556
1038000 0.989698 -0.0984971 0.00937449
1039000 0.930071 -0.106374 0.00875929
1040000 0.952642 -0.100592 0.00897886
1041000 0.952909 -0.0827547 0.0089672
1042000 0.961 -0.0912845 0.00899657
1043000 0.962673 -0.110208 0.00902869
1044000 0.958074 -0.0984355 0.00911142
1045000 0.956098 -0.0871515 0.00917089
1046000 0.947783 -0.0855216 0.00889577
1047000 0.950992 -0.0713668 0.00912465
1048000 0.95202 -0.0931609 0.00913741
1049000 0.939287 -0.104963 0.00870944
1050000 0.946747 -0.110026 0.00881084
1051000 0.950799 -0.0955082 0.00891684
1052000 0.994685 -0.0973155 0.00961289
1053000 0.943264 -0.0942387 0.00888637
1054000 0.959866 -0.105424 0.008875
1055000 0.952003 -0.111346 0.00875327
1056000 0.942263 -0.10135 0.00871912
1057000 0.940651 -0.117348 0.00862598
1058000 0.94172 -0.0968679 0.00879788
1059000 0.948683 -0.0774926 0.00903825
1060000 0.964356 -0.101483 0.00913607
1061000 0.946749 -0.0834423 0.0089611
1062000 0.953745 -0.0807723 0.00900368
1063000 0.922564 -0.0618567 0.0088439
1064000 0.946254 -0.0726741 0.00892057
1065000 0.939284 -0.0620616 0.0091141
1066000 0.944536 -0.0817143 0.00886808
1067000 0.962555 -0.0676198 0.00931781
1068000 0.96436 -0.0548864 0.00921549
1069000 0.958408 -0.0604737 0.00907679
1070000 0.964134 -0.0566496 0.00923721
1071000 0.960075 -0.0483588 0.00934662
1072000 0.961539 -0.0605693 0.00928097
1073000 0.916058 -0.0786404 0.00864725
1074000 0.963977 -0.0714766 0.00913396
1075000 0.931361 -0.10686 0.00868235
1076000 0.965394 -0.0898538 0.00908099
1077000 0.949429 -0.080736 0.00887425
1078000 0.953357 -0.0748083 0.00893978
1079000 0.968374 -0.0827527 0.00901229
1080000 0.937971 -0.0761562 0.00897131
1081000 0.940588 -0.108404 0.00869975
1082000 0.920488 -0.103884 0.0087255
1083000 0.943118 -0.103888 0.00875852
1084000 0.942094 -0.119298 0.00870078
1085000 0.961818 -0.103332 0.0091646
1086000 0.98522 -0.087468 0.0094389
1087000 0.968603 -0.0961518 0.00906678
1088000 0.947586 -0.107667 0.00898325
1089000 0.943646 -0.107454 0.00880589
1090000 0.923487 -0.0827543 0.00875309
1091000 0.953348 -0.077306 0.00915232
1092000 0.951047 -0.0781271 0.00905909
1093000 0.962444 -0.0865189 0.00910887
1094000 0.981184 -0.0810574 0.0094026
1095000 0.930781 -0.0878878 0.0088537
1096000 0.959181 -0.0861028 0.00900552
1097000 0.957996 -0.101517 0.00894522
1098000 0.945869 -0.117758 0.00863093
1099000 0.952281 -0.113442 0.00875339
1100000 0.969837 -0.108369 0.00928426
