# Time-averaged data for fix 2
# TimeStep v_Temperature v_PotentialEnergy v_Pressure
1000 1.67074 -0.00498934 0.00165368
2000 1.70096 -0.00560975 0.00168254
3000 1.6882 -0.00272094 0.00167019
4000 1.67816 -0.00297462 0.00166205
5000 1.66789 -0.0036432 0.00165046
6000 1.69664 -0.00317434 0.00167795
7000 1.72146 -0.00848001 0.00169514
8000 1.70825 -0.00244865 0.00168847
9000 1.71292 -0.00460705 0.00169512
10000 1.65585 -0.00886417 0.00163359
11000 1.76083 -0.00699866 0.00173767
12000 1.62808 -0.0131558 0.00160792
13000 1.72431 -0.0144639 0.00169762
14000 1.69182 -0.0118241 0.00166638
15000 1.64266 -0.0129962 0.00162298
16000 1.73507 -0.0137861 0.00171064
17000 1.76563 -0.0101095 0.001742
18000 1.64548 -0.0143692 0.00161359
19000 1.73128 -0.0118182 0.00171205
20000 1.67252 -0.0138002 0.00165297
21000 1.7222 -0.0145675 0.00170181
22000 1.75091 -0.0144958 0.00172764
23000 1.62933 -0.00862551 0.00160674
24000 1.737 -0.0101362 0.00171141
25000 1.68655 -0.00581189 0.00166502
26000 1.72815 -0.0113329 0.00170551
27000 1.659 -0.0111816 0.00163655
28000 1.74359 -0.00753411 0.00171991
29000 1.68457 -0.00284541 0.00166805
30000 1.69919 -0.00656875 0.00167711
31000 1.72416 -0.00545966 0.0017048
32000 1.65318 -0.008415 0.00163446
33000 1.71137 -0.00631129 0.0016909
34000 1.7193 -0.00516386 0.00170494
35000 1.62364 -0.00264643 0.00160412
36000 1.68179 -0.00842696 0.00165825
37000 1.7055 -0.00683591 0.00168413
38000 1.71103 -0.00427705 0.00169737
39000 1.74803 -0.00305021 0.00172814
40000 1.66608 -0.00604623 0.00164924
41000 1.68244 -0.00983988 0.00165897
42000 1.71982 -0.00667717 0.00170727
43000 1.69683 -0.0057009 0.00168416
44000 1.69656 -0.00188604 0.00167792
45000 1.68473 -0.00690671 0.00166539
46000 1.74916 -0.0091093 0.00172667
47000 1.75259 -0.00320101 0.00173492
48000 1.7183 -0.00253139 0.00170726
49000 1.73653 -0.00262128 0.00171868
50000 1.72185 -0.00994125 0.00170094
51000 1.71909 -0.00981834 0.00170074
52000 1.6736 -0.009901 0.00164913
53000 1.67928 -0.00467612 0.001662
54000 1.76416 -0.00941123 0.00173663
55000 1.71938 -0.00814108 0.00169889
56000 1.69987 -0.00436088 0.00168234
57000 1.68061 -0.00317329 0.00166205
58000 1.73057 -0.00561889 0.00171345
59000 1.64533 -0.00347266 0.00162686
60000 1.71813 -0.00319501 0.0017
61000 1.72977 -0.00746914 0.00171035
62000 1.67034 -0.000750964 0.00165217
63000 1.70471 -0.0112877 0.0016745
64000 1.67496 -0.00829521 0.00165461
65000 1.72591 -0.00298091 0.00170651
66000 1.68891 -0.00722181 0.00167231
67000 1.69077 -0.00319863 0.00167154
68000 1.71952 -0.00505741 0.00170155
69000 1.68624 -0.00873896 0.00166653
70000 1.72066 -0.00464919 0.00169595
71000 1.67662 -0.00304278 0.00165751
72000 1.72412 -0.00589012 0.00170518
73000 1.69979 -0.0061045 0.00167891
74000 1.67207 -0.00393912 0.00165113
75000 1.75097 -0.00454095 0.00173506
76000 1.69882 -0.00417404 0.00167725
77000 1.66387 -0.00558384 0.00164237
78000 1.72687 -0.00331955 0.00171065
79000 1.69203 -0.00275374 0.00167376
80000 1.71995 -0.00858415 0.00170049
81000 1.71161 -0.00385278 0.00169415
82000 1.67607 -0.00548785 0.00165609
83000 1.74391 -0.00755434 0.00172233
84000 1.76809 -0.00226278 0.00175056
85000 1.66745 -0.0090722 0.00164465
86000 1.69389 -0.00280236 0.00168093
87000 1.69503 -0.00293727 0.00167809
88000 1.66745 -0.0042392 0.00166053
89000 1.70086 -0.0103037 0.00168132
90000 1.71935 -0.00757602 0.00170284
91000 1.65799 -0.00438439 0.00163826
92000 1.73916 -0.00734285 0.00171598
93000 1.67744 -0.0141608 0.0016497
94000 1.68903 -0.0061281 0.00167122
95000 1.75281 -0.00765085 0.00173331
96000 1.67016 -0.00726714 0.00165064
97000 1.75323 -0.00298749 0.00173293
98000 1.68115 -0.00291463 0.00166549
99000 1.71493 -0.00453156 0.00169915
100000 1.71493 -0.00468261 0.00169513
101000 1.68842 -0.00376366 0.00166868
102000 1.70154 -0.00716955 0.00168171
103000 1.6774 -0.0048346 0.00165882
104000 1.73361 -0.00433567 0.00171998
105000 1.70705 -0.00494182 0.00168869
106000 1.68784 -0.00622258 0.00166826
107000 1.72027 -0.00367179 0.00170331
108000 1.68293 -0.00574974 0.00166068
109000 1.69269 -0.00471775 0.0016753
110000 1.72562 -0.00534952 0.00170245
111000 1.71414 -0.00545408 0.00168967
112000 1.7281 -0.00211067 0.0017099
113000 1.74483 -0.0036711 0.00172389
114000 1.71337 -0.0093412 0.00169069
115000 1.63649 -0.00503092 0.00161742
116000 1.7319 -0.00400889 0.00171394
117000 1.73862 -0.0118495 0.00171295
118000 1.62657 -0.00808828 0.00160657
119000 1.72007 -0.00685047 0.00170276
120000 1.72618 -0.0116793 0.00170293
121000 1.694 -0.0116213 0.0016693
122000 1.69782 -0.00857926 0.00167526
123000 1.74972 -0.00654011 0.00173142
124000 1.70947 -0.00289461 0.00169033
125000 1.69673 -0.00482254 0.00167752
126000 1.6547 -0.00321594 0.00163541
127000 1.71296 -0.00323933 0.00169229
128000 1.68933 -0.00368498 0.00167378
129000 1.66827 -0.00269783 0.00164782
130000 1.69633 -0.00764971 0.00167297
131000 1.69657 -0.0104492 0.00167497
132000 1.71551 -0.00509721 0.00169919
133000 1.69247 -0.00213236 0.00167441
134000 1.71132 -0.00460651 0.00169405
135000 1.64735 -0.00443017 0.00163019
136000 1.69722 -0.00922328 0.00168125
137000 1.76127 -0.00410859 0.00174268
138000 1.69602 -0.00642289 0.00167348
139000 1.74574 -0.00795202 0.00172329
140000 1.64467 -0.00614213 0.00163055
141000 1.74957 -0.00760619 0.00173071
142000 1.65811 -0.0041612 0.0016426
143000 1.67796 -0.00258753 0.00166964
144000 1.70065 -0.00618103 0.00168731
145000 1.70637 -0.0101703 0.00169179
146000 1.70444 -0.00196086 0.00168581
147000 1.67744 -0.00573782 0.00165655
148000 1.67872 -0.0071422 0.00166076
149000 1.75613 -0.00764447 0.00173521
150000 1.64438 -0.00567458 0.00162351
151000 1.65138 -0.0101499 0.00162984
152000 1.71943 -0.00668266 0.001703
153000 1.72243 -0.000806898 0.00170719
154000 1.7482 -0.00307585 0.00173013
155000 1.71457 -0.00822726 0.00169109
156000 1.6661 -0.0031945 0.00165003
157000 1.73442 -0.00602856 0.00171208
158000 1.64895 -0.00647814 0.00163386
159000 1.72553 -0.00857682 0.00170362
160000 1.66899 -0.00465135 0.00165864
161000 1.69057 -0.00566321 0.00167345
162000 1.7057 -0.00894727 0.00167973
163000 1.71912 -0.00848174 0.00170604
164000 1.71777 -0.00376466 0.00171433
165000 1.64663 -0.00773559 0.00162798
166000 1.72928 -0.00534386 0.00171556
167000 1.73648 -0.00665855 0.00171633
168000 1.63271 -0.00407196 0.00161271
169000 1.7257 -0.00666218 0.0017012
170000 1.75545 -0.0065433 0.00173646
171000 1.6598 -0.00695471 0.00163862
172000 1.69562 -0.00453717 0.00167773
173000 1.73281 -0.00147719 0.00171452
174000 1.69517 -0.00357427 0.00167622
175000 1.67528 -0.00501977 0.00166405
176000 1.72804 -0.00383472 0.00170753
177000 1.72059 -0.00352966 0.00170329
178000 1.72422 -0.0051315 0.00170207
179000 1.75212 -0.00581945 0.00174128
180000 1.70483 -0.00251942 0.00168689
181000 1.72241 -0.0126034 0.00169728
182000 1.71547 -0.00542027 0.00169735
183000 1.72451 -0.0070881 0.00170046
184000 1.72182 -0.00422089 0.00170008
185000 1.71558 -0.00523029 0.00169528
186000 1.72187 -0.0052664 0.00170374
187000 1.66918 -0.00108254 0.00165364
188000 1.66976 -0.000529375 0.00165204
189000 1.69383 -0.00378225 0.00167702
190000 1.6624 -0.00583705 0.0016487
191000 1.76131 -0.00852268 0.00174411
192000 1.64249 -0.00515477 0.00162022
193000 1.7497 -0.00639179 0.00173251
194000 1.73159 -0.00476586 0.00171056
195000 1.7194 -0.0064078 0.00170147
196000 1.6698 -0.0112159 0.00164858
197000 1.70506 -0.0123737 0.00168205
198000 1.72365 -0.016486 0.00169615
199000 1.65645 -0.00998814 0.00163167
200000 1.72333 -0.00899018 0.00169816
201000 1.70357 -0.00418583 0.00168637
202000 1.69832 -0.0067306 0.00167721
203000 1.65485 -0.00603985 0.00164385
204000 1.69647 -0.00565095 0.001679
205000 1.68878 -0.00446022 0.00166901
206000 1.63414 -0.00450645 0.00161499
207000 1.66932 -0.00355001 0.00165088
208000 1.68785 -0.00450965 0.00167694
209000 1.68519 -0.00611724 0.00166865
210000 1.66412 -0.00548425 0.00164193
211000 1.73292 -0.00853113 0.00171597
212000 1.71442 -0.0032456 0.00169835
213000 1.67202 -0.00255939 0.00165578
214000 1.70794 -0.00367782 0.0016859
215000 1.69224 -0.00974772 0.0016777
216000 1.66993 -0.00454092 0.00165636
217000 1.68444 -0.00760088 0.0016617
218000 1.68473 -0.00605828 0.0016689
219000 1.74134 -0.00362345 0.00172476
220000 1.69296 -0.00606746 0.00167572
221000 1.70506 -0.00378445 0.001693
222000 1.72406 -0.00395553 0.00171078
223000 1.6337 -0.0029693 0.00161377
224000 1.78628 -0.00605731 0.00176643
225000 1.71239 -0.00388595 0.00169345
226000 1.64018 -0.0109856 0.00161307
227000 1.71307 -0.00418111 0.00169225
228000 1.73876 -0.00579497 0.00171914
229000 1.74021 -0.00409926 0.00172837
230000 1.64021 -0.00403672 0.00162252
231000 1.7299 -0.00543301 0.00170876
232000 1.75477 -0.00648223 0.00173713
233000 1.66024 -0.00746874 0.00164274
234000 1.67086 -0.00753792 0.0016524
235000 1.69238 -0.00357271 0.00167838
236000 1.71812 -0.00247303 0.00170273
237000 1.69088 -0.0032759 0.00167325
238000 1.7201 -0.00160104 0.00170139
239000 1.70825 -0.00327346 0.00168747
240000 1.67298 -0.00575069 0.00165332
241000 1.72051 -0.0040969 0.0016974
242000 1.71896 -0.00286559 0.00170219
243000 1.68563 -0.00418433 0.00166656
244000 1.66346 -0.00658413 0.00164892
245000 1.741 -0.00888037 0.00172309
246000 1.68793 -0.0071835 0.00167244
247000 1.68317 -0.0116163 0.00165673
248000 1.71168 -0.00905361 0.00168703
249000 1.71819 -0.00970522 0.00169675
250000 1.75665 -0.00636547 0.00173452
251000 1.6651 -0.00799537 0.00164495
252000 1.72225 -0.00530085 0.00170198
253000 1.64697 -0.000898695 0.0016338
254000 1.7042 -0.00346674 0.00168372
255000 1.6756 -0.00471918 0.00165983
256000 1.68019 -0.00767997 0.00166183
257000 1.64352 -0.00830458 0.00162247
258000 1.71201 -0.0023741 0.00169439
259000 1.69431 -0.00717596 0.00167698
260000 1.70962 -0.00514878 0.00169137
261000 1.71036 -0.00808898 0.00169378
262000 1.73395 -0.00536798 0.00171175
263000 1.65342 -0.00560237 0.00163651
264000 1.71185 -0.00759221 0.00169555
265000 1.74361 -0.00354273 0.00173059
266000 1.69963 -0.00215361 0.00168482
267000 1.7022 -0.0047669 0.00167865
268000 1.65408 -0.00601231 0.00162975
269000 1.70314 -0.00367491 0.00168789
270000 1.70336 -0.00904609 0.00168232
271000 1.73447 -0.00672701 0.0017241
272000 1.70247 -0.00762573 0.00168215
273000 1.72927 -0.00627166 0.00170949
274000 1.71689 -0.00516042 0.00169766
275000 1.72461 -0.00858087 0.00170767
276000 1.643 -0.00430025 0.00162696
277000 1.65487 -0.007071 0.00164062
278000 1.68925 -0.00326734 0.00166827
279000 1.67199 -0.00867657 0.00164553
280000 1.65152 -0.0136804 0.0016224
281000 1.6898 -0.0107193 0.00166387
282000 1.72425 -0.00740097 0.00170517
283000 1.72659 -0.00926344 0.00170401
284000 1.72757 -0.0081309 0.00170621
285000 1.73449 -0.00197751 0.00171691
286000 1.67759 -0.00593051 0.0016562
287000 1.71079 -0.00353521 0.00169082
288000 1.70757 -0.00415871 0.00168483
289000 1.70866 -0.0103309 0.00168588
290000 1.71248 -0.00775269 0.00168744
291000 1.70901 -0.00659058 0.00168772
292000 1.72096 -0.00528224 0.00169852
293000 1.67613 -0.00436362 0.0016591
294000 1.72215 -0.00645821 0.0017047
295000 1.65965 -0.00325719 0.00164084
296000 1.65648 -0.00291011 0.00163539
297000 1.65012 -0.00260464 0.00163498
298000 1.70394 -0.00904143 0.00167696
299000 1.75137 -0.00366228 0.00173075
300000 1.6715 -0.00610249 0.00165166
301000 1.7201 -0.00502305 0.00169847
302000 1.70857 -0.00273865 0.00169202
303000 1.72676 -0.0034427 0.0017075
304000 1.7109 -0.00210899 0.00169127
305000 1.68485 -0.00557617 0.00166522
306000 1.67327 -0.00319336 0.00165383
307000 1.7245 -0.00287337 0.00170628
308000 1.71594 -0.00644632 0.00169549
309000 1.70144 -0.00469693 0.00168019
310000 1.6852 -0.00304138 0.00166653
311000 1.74289 -0.00229368 0.0017237
312000 1.66736 -0.00326106 0.00164791
313000 1.71096 -0.00349206 0.00169114
314000 1.71489 -0.00841268 0.00169452
315000 1.7018 -0.00729865 0.00167968
316000 1.69497 -0.00388779 0.00167691
317000 1.71588 -0.0122528 0.00169833
318000 1.70169 -0.00640612 0.00168359
319000 1.69412 -0.00868541 0.00166993
320000 1.66577 -0.00343116 0.00164793
321000 1.6327 -0.0103194 0.00161638
322000 1.72281 -0.00449097 0.00170224
323000 1.74894 -0.00276771 0.00173461
324000 1.69288 -0.0114234 0.00167282
325000 1.66318 -0.00975253 0.00164138
326000 1.70926 -0.0027386 0.00168986
327000 1.67782 -0.0059581 0.00165938
328000 1.63154 -0.00451898 0.00161132
329000 1.72425 -0.00848308 0.00170616
330000 1.70318 -0.00710699 0.00168178
331000 1.68216 -0.00315708 0.00166709
332000 1.70823 -0.00231836 0.00169087
333000 1.75579 -0.00417728 0.0017364
334000 1.65497 -0.00775802 0.00163941
335000 1.71445 -0.00488321 0.00169132
336000 1.69442 -0.00480874 0.00167371
337000 1.6335 -0.00727894 0.00161288
338000 1.71466 -0.00312109 0.00170038
339000 1.68854 -0.00466711 0.00166622
340000 1.65315 -0.00571111 0.00163686
341000 1.74493 -0.00299499 0.00172412
342000 1.68611 -0.00729042 0.00166405
343000 1.71815 -0.00614156 0.00169562
344000 1.71096 -0.0025857 0.00169297
345000 1.63222 -0.00413343 0.00161565
346000 1.73757 -0.00630176 0.00171518
347000 1.69085 -0.00827494 0.00166859
348000 1.68741 -0.00481536 0.00166734
349000 1.7113 -0.00753104 0.00169382
350000 1.65332 -0.0137501 0.0016245
351000 1.65336 -0.00588484 0.00163465
352000 1.75579 -0.00615484 0.00173665
353000 1.69975 -0.00328632 0.00168004
354000 1.68557 -0.00582337 0.00166133
355000 1.72863 -0.0045646 0.00171773
356000 1.71347 -0.00853811 0.0016921
357000 1.70097 -0.00485965 0.00168448
358000 1.7286 -0.00832313 0.00170618
359000 1.70327 -0.00531634 0.00168463
360000 1.69687 -0.00944766 0.00168058
361000 1.70925 -0.00471799 0.00169433
362000 1.7334 -0.00815145 0.00171006
363000 1.74494 -0.0100356 0.00172822
364000 1.64681 -0.00759562 0.0016297
365000 1.7245 -0.0104219 0.00169864
366000 1.69503 -0.0134749 0.00167391
367000 1.70633 -0.009509 0.0016845
368000 1.72186 -0.0104582 0.00169864
369000 1.6259 -0.00743272 0.00160522
370000 1.75994 -0.00811499 0.00173549
371000 1.66053 -0.00534607 0.00164495
372000 1.6876 -0.00580156 0.00166717
373000 1.68116 -0.00493109 0.00166942
374000 1.66513 -0.0014744 0.00164897
375000 1.72264 -0.00438158 0.00170489
376000 1.6946 -0.00404421 0.00167829
377000 1.66314 -0.00383846 0.00164312
378000 1.77957 -0.00289135 0.00175695
379000 1.66479 -0.0030285 0.00164837
380000 1.76775 -0.0049411 0.00174917
381000 1.70467 -0.00232013 0.00168995
382000 1.6918 -0.00374625 0.00167049
383000 1.65294 -0.00424076 0.00163754
384000 1.66841 -0.00815597 0.00164971
385000 1.67349 -0.00674708 0.00164908
386000 1.67769 -0.0063103 0.00165634
387000 1.71213 -0.00725395 0.00169001
388000 1.73379 -0.00787363 0.00171123
389000 1.65056 -0.0039896 0.00163225
390000 1.76687 -0.00925059 0.0017427
391000 1.67172 -0.00287659 0.00165591
392000 1.70184 -0.00675588 0.0016833
393000 1.65561 -0.00336719 0.0016387
394000 1.76559 -0.00268615 0.00174945
395000 1.67314 -0.00462941 0.00166013
396000 1.70793 -0.00929478 0.00168395
397000 1.64923 -0.00589166 0.00162753
398000 1.73038 -0.0117541 0.00170954
399000 1.68134 -0.00573731 0.00165802
400000 1.69743 -0.00352911 0.00167831
401000 1.71694 -0.00425458 0.00169847
402000 1.68906 -0.00485228 0.00167674
403000 1.66041 -0.00398226 0.00164226
404000 1.6442 -0.00537139 0.00162585
405000 1.70783 -0.00897331 0.00168306
406000 1.72854 -0.00606025 0.00171101
407000 1.74593 -0.00337933 0.00172696
408000 1.65287 -0.0134158 0.0016252
409000 1.75028 -0.0122493 0.00173206
410000 1.67436 -0.0141095 0.00165385
411000 1.67747 -0.00867754 0.00165549
412000 1.76682 -0.0101853 0.00175109
413000 1.64021 -0.0123922 0.00161893
414000 1.73711 -0.00443422 0.00171897
415000 1.67604 -0.00516686 0.00165297
416000 1.67859 -0.00428477 0.00165902
417000 1.75253 -0.00845204 0.00173344
418000 1.67078 -0.00414187 0.00165353
419000 1.65842 -0.00250947 0.00164299
420000 1.6908 -0.00434293 0.00166934
421000 1.68628 -0.00459782 0.00166816
422000 1.682 -0.00333855 0.00166516
423000 1.69551 -0.0063899 0.00167482
424000 1.71678 -0.00411906 0.00170283
425000 1.69156 -0.00248972 0.0016737
426000 1.68607 -0.0056817 0.00167178
427000 1.66378 -0.0106256 0.00163917
428000 1.67852 -0.00837856 0.00165628
429000 1.73508 -0.00836955 0.00171776
430000 1.64251 -0.00527205 0.00162695
431000 1.74331 -0.00582613 0.00172593
432000 1.71769 -0.00544006 0.00169665
433000 1.67536 -0.00515357 0.00165478
434000 1.72996 -0.00411286 0.00171156
435000 1.73471 -0.00490475 0.00171652
436000 1.70392 -0.00334409 0.00168608
437000 1.67377 -0.00684869 0.00165896
438000 1.70657 -0.0077327 0.00168444
439000 1.70041 -0.00310144 0.00167981
440000 1.71394 -0.00392065 0.00169618
441000 1.7149 -0.00325708 0.00169655
442000 1.71696 -0.00574885 0.00169399
443000 1.67012 -0.0050532 0.00165028
444000 1.74866 -0.00645668 0.00172962
445000 1.75901 -0.00341397 0.00174431
446000 1.66205 -0.00546768 0.00164024
447000 1.69759 -0.00736801 0.00168172
448000 1.70303 -0.00441502 0.00168443
449000 1.69005 -0.00480673 0.00167989
450000 1.65077 -0.00293434 0.00163191
451000 1.73352 -0.00862627 0.00171648
452000 1.68532 -0.00615137 0.00166526
453000 1.72329 -0.00552546 0.00170782
454000 1.71511 -0.00541055 0.00169546
455000 1.70125 -0.00350647 0.00167988
456000 1.70599 -0.00162668 0.00169313
457000 1.70952 -0.00342074 0.00169205
458000 1.70034 -0.00405763 0.0016852
459000 1.63192 -0.00224643 0.00161465
460000 1.73935 -0.00513018 0.00172418
461000 1.64085 -0.00438803 0.00162371
462000 1.75068 -0.00768023 0.00172732
463000 1.73495 -0.014056 0.00170712
464000 1.65414 -0.0112682 0.00163606
465000 1.7112 -0.0145157 0.00169511
466000 1.72243 -0.0154452 0.001704
467000 1.63918 -0.0126241 0.00162053
468000 1.73742 -0.0109243 0.00171814
469000 1.70818 -0.0122995 0.00168556
470000 1.67021 -0.0158726 0.00164611
471000 1.73234 -0.0123666 0.00170769
472000 1.73441 -0.0137536 0.00171111
473000 1.63359 -0.0132574 0.0016179
474000 1.7466 -0.0116285 0.00172192
475000 1.72274 -0.012942 0.00169763
476000 1.69203 -0.0105861 0.00167327
477000 1.70887 -0.0115623 0.00168623
478000 1.71733 -0.0104743 0.00169484
479000 1.6665 -0.00288918 0.00164799
480000 1.72248 -0.00631285 0.00170425
481000 1.71433 -0.00611147 0.00169568
482000 1.68211 -0.00623218 0.00166687
483000 1.77846 -0.0107009 0.00175748
484000 1.73996 -0.00302056 0.00172519
485000 1.68205 -0.00542668 0.00166174
486000 1.73084 -0.00823142 0.00171151
487000 1.76688 -0.00111585 0.00174918
488000 1.73206 -0.00295721 0.00171079
489000 1.6758 -0.00292784 0.0016586
490000 1.73387 -0.00354541 0.00171333
491000 1.66651 -0.00207271 0.0016479
492000 1.66671 -0.00858147 0.00164409
493000 1.67567 -0.00802503 0.00165879
494000 1.67748 -0.00545382 0.00165906
495000 1.695 -0.00641693 0.00167951
496000 1.71516 -0.00344586 0.00169393
497000 1.67572 -0.00848562 0.00165738
498000 1.68432 -0.0046374 0.00166604
499000 1.62544 -0.00930058 0.00160628
500000 1.67311 -0.00527131 0.00164927
501000 1.71057 -0.00251419 0.00169215
502000 1.64818 -0.00803259 0.00163687
503000 1.71414 -0.00917809 0.00168723
504000 1.66822 -0.0126915 0.00163922
505000 1.72501 -0.0106774 0.00171084
506000 1.65734 -0.0151403 0.00163551
507000 1.71461 -0.0118513 0.00169288
508000 1.71768 -0.0116692 0.00169172
509000 1.68041 -0.00835622 0.00167196
510000 1.76696 -0.00694455 0.00174961
511000 1.75125 -0.00911636 0.00173214
512000 1.66224 -0.0038591 0.00164509
513000 1.68183 -0.00675118 0.0016652
514000 1.70959 -0.00630072 0.00168991
515000 1.68027 -0.00898564 0.00165783
516000 1.70317 -0.00308968 0.00168598
517000 1.70529 -0.00697394 0.00168725
518000 1.66698 -0.00560863 0.0016465
519000 1.69834 -0.00530699 0.00168425
520000 1.73348 -0.00765188 0.0017171
521000 1.69533 -0.00594787 0.00167732
522000 1.70104 -0.00255354 0.00168469
523000 1.67886 -0.00588012 0.00165716
524000 1.69955 -0.00319048 0.00168112
525000 1.70109 -0.0135368 0.00167822
526000 1.71342 -0.00771434 0.00169023
527000 1.67874 -0.00548679 0.00165849
528000 1.71691 -0.00320784 0.0017003
529000 1.70924 -0.00299144 0.00169189
530000 1.70981 -0.00616525 0.00169063
531000 1.68316 -0.0116468 0.0016615
532000 1.69331 -0.0101949 0.00167726
533000 1.71966 -0.00361922 0.00170229
534000 1.66641 -0.00729725 0.00164757
535000 1.73944 -0.00805518 0.00171615
536000 1.6852 -0.00381475 0.00166544
537000 1.67449 -0.00569515 0.00165729
538000 1.75015 -0.00307093 0.0017352
539000 1.6821 -0.00395336 0.00167092
540000 1.66804 -0.00555599 0.00165144
541000 1.71227 -0.00444978 0.00169173
542000 1.71431 -0.00426635 0.00169712
543000 1.75769 -0.00410054 0.00173569
544000 1.69788 -0.00472401 0.00168465
545000 1.75293 -0.00380613 0.00173093
546000 1.64178 -0.00808892 0.00161827
547000 1.68551 -0.00393892 0.00166997
548000 1.7054 -0.00336965 0.00168986
549000 1.70229 -0.00762008 0.00168051
550000 1.68509 -0.0133377 0.00166086
551000 1.72261 -0.00801181 0.00169779
552000 1.6918 -0.00488486 0.00167152
553000 1.68186 -0.00461235 0.00166659
554000 1.64927 -0.0111395 0.00163305
555000 1.71047 -0.0106597 0.00169039
556000 1.73478 -0.0120458 0.00171705
557000 1.65182 -0.00339031 0.00163449
558000 1.75931 -0.00526261 0.00173653
559000 1.66069 -0.0045446 0.00163935
560000 1.70588 -0.00359719 0.0016875
561000 1.67846 -0.00765136 0.00165423
562000 1.7307 -0.00289284 0.00171066
563000 1.65475 -0.00384812 0.001636
564000 1.70686 -0.00594488 0.00168679
565000 1.66227 -0.00723442 0.00164531
566000 1.63749 -0.0056736 0.00161563
567000 1.66488 -0.00910446 0.00164559
568000 1.71214 -0.00729527 0.00169113
569000 1.64709 -0.00737177 0.00162565
570000 1.69302 -0.00318727 0.00167703
571000 1.73787 -0.00670707 0.00172211
572000 1.71163 -0.00393413 0.00169063
573000 1.68184 -0.00453416 0.00166526
574000 1.68176 -0.00560171 0.00166479
575000 1.6678 -0.00963735 0.00164911
576000 1.64815 -0.00945718 0.00162948
577000 1.67929 -0.00339136 0.0016585
578000 1.69764 -0.0106379 0.0016717
579000 1.68403 -0.012485 0.00166422
580000 1.72022 -0.0124458 0.00170053
581000 1.71877 -0.00696423 0.00169596
582000 1.7132 -0.00452558 0.00169679
583000 1.65628 -0.00424402 0.00164444
584000 1.73337 -0.00986139 0.00171261
585000 1.70447 -0.00743756 0.00168774
586000 1.64845 -0.00570969 0.00163089
587000 1.68694 -0.00560349 0.00167486
588000 1.67005 -0.00321246 0.00165522
589000 1.71119 -0.00740578 0.00168919
590000 1.66921 -0.00425172 0.00164938
591000 1.73387 -0.00316154 0.00172113
592000 1.64033 -0.00521444 0.00162315
593000 1.72196 -0.00563797 0.0017059
594000 1.72318 -0.00423309 0.00171324
595000 1.67155 -0.00182983 0.0016546
596000 1.6574 -0.00648431 0.00163634
597000 1.7096 -0.00547791 0.00169458
598000 1.69781 -0.00485121 0.00167756
599000 1.67028 -0.00414638 0.00164991
600000 1.78291 -0.00611225 0.00176588
601000 1.67758 -0.00203978 0.00165978
602000 1.67481 -0.000984642 0.00165784
603000 1.72057 -0.00691238 0.00169972
604000 1.68032 -0.00203611 0.00166148
605000 1.68859 -0.00509867 0.00166994
606000 1.71549 -0.00313731 0.00169664
607000 1.63806 -0.00444556 0.00162017
608000 1.66749 -0.00239106 0.00164974
609000 1.72338 -0.00203482 0.00170386
610000 1.70827 -0.00513334 0.00169016
611000 1.6863 -0.00622853 0.00167118
612000 1.73547 -0.0126128 0.00170936
613000 1.71565 -0.0114104 0.00169891
614000 1.63716 -0.00881118 0.00161307
615000 1.73059 -0.00566334 0.00171123
616000 1.75269 -0.00235888 0.0017391
617000 1.67542 -0.00926949 0.00165682
618000 1.68327 -0.00350063 0.00166412
619000 1.73782 -0.00249026 0.0017213
620000 1.63773 -0.00776974 0.0016196
621000 1.76625 -0.00718926 0.00174264
622000 1.74401 -0.00514358 0.00172598
623000 1.68371 -0.00636623 0.00166903
624000 1.71594 -0.00530168 0.00169569
625000 1.73241 -0.00561547 0.00170908
626000 1.69135 -0.00639645 0.00167663
627000 1.70742 -0.00525032 0.00168401
628000 1.62042 -0.00748257 0.00160267
629000 1.74596 -0.00645698 0.00172525
630000 1.63642 -0.00439634 0.00161933
631000 1.74215 -0.0047774 0.00172312
632000 1.65339 -0.00472315 0.00163333
633000 1.75765 -0.00385938 0.001738
634000 1.67723 -0.00481762 0.0016619
635000 1.71249 -0.00326677 0.00169783
636000 1.70287 -0.00227403 0.00168522
637000 1.69198 -0.00637054 0.00166979
638000 1.71447 -0.00841036 0.00169748
639000 1.68868 -0.0108746 0.00166996
640000 1.73049 -0.00535189 0.00171257
641000 1.76992 -0.00405639 0.00175533
642000 1.71499 -0.00535225 0.00169272
643000 1.69783 -0.00792832 0.00168266
644000 1.74271 -0.00347143 0.00172102
645000 1.70647 -0.00214512 0.00169907
646000 1.70655 -0.00631068 0.00169025
647000 1.70212 -0.00949777 0.00168354
648000 1.68096 -0.00876406 0.0016539
649000 1.67635 -0.0047266 0.00165719
650000 1.68282 -0.012543 0.00165935
651000 1.70556 -0.00560828 0.0016882
652000 1.68284 -0.011152 0.001659
653000 1.71138 -0.0110006 0.00169129
654000 1.72849 -0.0138462 0.0017036
655000 1.67704 -0.0107452 0.00165424
656000 1.67628 -0.0123522 0.00165922
657000 1.64517 -0.0163186 0.00162261
658000 1.72671 -0.0117804 0.00170419
659000 1.66933 -0.0150075 0.00164709
660000 1.69678 -0.00467717 0.00167844
661000 1.70086 -0.00616496 0.00168473
662000 1.72025 -0.00583541 0.00170022
663000 1.6801 -0.00241139 0.0016625
664000 1.72682 -0.00775091 0.00170742
665000 1.78166 -0.00431478 0.00175894
666000 1.67509 -0.00567357 0.00165179
667000 1.69984 -0.0022947 0.00168914
668000 1.63371 -0.00509463 0.00161608
669000 1.681 -0.00101536 0.00166764
670000 1.74004 -0.00594895 0.00172538
671000 1.72452 -0.00382246 0.00170409
672000 1.63885 -0.00556555 0.00161686
673000 1.72634 -0.0050187 0.00170856
674000 1.70311 -0.0111315 0.00168553
675000 1.67424 -0.00706861 0.00165671
676000 1.69538 -0.00296578 0.00167525
677000 1.69768 -0.00606626 0.00167568
678000 1.69525 -0.00364717 0.00167843
679000 1.71662 -0.0048037 0.00169794
680000 1.64847 -0.00283175 0.00164006
681000 1.66121 -0.00269603 0.00164319
682000 1.70106 -0.00801349 0.0016848
683000 1.719 -0.0049761 0.00170623
684000 1.72537 -0.00266577 0.00170823
685000 1.69219 -0.00177225 0.00167892
686000 1.64691 -0.00721083 0.00162566
687000 1.72555 -0.00447498 0.00170513
688000 1.7783 -0.00534035 0.0017576
689000 1.66237 -0.00301855 0.00165248
690000 1.67692 -0.00469196 0.00165932
691000 1.73146 -0.00809126 0.0017121
692000 1.66573 -0.00684238 0.00164391
693000 1.6907 -0.0044457 0.00167348
694000 1.68825 -0.0065383 0.00166656
695000 1.69011 -0.00084827 0.00167156
696000 1.7206 -0.00295402 0.00170679
697000 1.66705 -0.00500473 0.00165041
698000 1.74273 -0.00513826 0.00173216
699000 1.6496 -0.00445989 0.00163341
700000 1.74662 -0.0085326 0.00172906
701000 1.71577 -0.00788108 0.00169505
702000 1.64062 -0.00530062 0.00161961
703000 1.65934 -0.00560764 0.001641
704000 1.73261 -0.00541888 0.00171049
705000 1.70225 -0.00759407 0.00168178
706000 1.68152 -0.00895101 0.00166694
707000 1.7019 -0.00479019 0.00168477
708000 1.67221 -0.00323409 0.00165182
709000 1.72488 -0.00378992 0.00170529
710000 1.70066 -0.00444622 0.00168107
711000 1.70226 -0.00414979 0.00168444
712000 1.7163 -0.00407382 0.00169905
713000 1.72665 -0.00957664 0.00170214
714000 1.71569 -0.00288377 0.00170197
715000 1.70094 -0.00717624 0.00167558
716000 1.69975 -0.0030327 0.00168687
717000 1.6967 -0.00358155 0.0016769
718000 1.69448 -0.00757448 0.00167687
719000 1.71781 -0.00171369 0.00169927
720000 1.67602 -0.00132355 0.00165671
721000 1.6965 -0.00912762 0.00167655
722000 1.65698 -0.007638 0.0016378
723000 1.71401 -0.00452196 0.00169509
724000 1.67527 -0.00319223 0.00165452
725000 1.65651 -0.00584747 0.00164185
726000 1.71177 -0.00371516 0.00169097
727000 1.73802 -0.00705637 0.00171292
728000 1.6679 -0.00766543 0.00164777
729000 1.70085 -0.00901601 0.00167503
730000 1.71145 -0.0049857 0.00169703
731000 1.68289 -0.00404989 0.0016671
732000 1.69807 -0.00725647 0.00167805
733000 1.68756 -0.00457089 0.00167451
734000 1.69287 -0.00445058 0.00167512
735000 1.66909 -0.0058316 0.00164904
736000 1.69676 -0.00897208 0.00167263
737000 1.65234 -0.00368161 0.00163386
738000 1.65252 -0.00114176 0.00163585
739000 1.71947 -0.00552453 0.00169653
740000 1.68836 -0.00136384 0.00167824
741000 1.70429 -0.00492404 0.00168706
742000 1.71875 -0.00457437 0.0017005
743000 1.68726 -0.00573116 0.00167184
744000 1.69653 -0.0073895 0.00167581
745000 1.7117 -0.00272474 0.00169251
746000 1.69261 -0.00455269 0.00167232
747000 1.6938 -0.00578659 0.00167477
748000 1.70247 -0.00333823 0.00168382
749000 1.68572 -0.0045077 0.00166645
750000 1.69038 -0.00361074 0.00167405
751000 1.65443 -0.0100202 0.00163249
752000 1.70557 -0.0111295 0.00167959
753000 1.65206 -0.0100885 0.00163448
754000 1.65031 -0.00842213 0.00162834
755000 1.73415 -0.00388272 0.00171574
756000 1.72709 -0.0105164 0.00170145
757000 1.67614 -0.0116384 0.00165435
758000 1.70549 -0.00434545 0.00169728
759000 1.71766 -0.00482685 0.00169618
760000 1.66522 -0.00745387 0.00164533
761000 1.65046 -0.00435994 0.00163311
762000 1.66185 -0.00434449 0.00164183
763000 1.76149 -0.00479586 0.00174045
764000 1.67414 -0.00447056 0.00165568
765000 1.66378 -0.00349735 0.00164361
766000 1.75545 -0.00728419 0.00173793
767000 1.67739 -0.00418709 0.00166113
768000 1.68799 -0.00268328 0.00166917
769000 1.69989 -0.00395207 0.00168132
770000 1.70673 -0.00470345 0.00168528
771000 1.77157 -0.00788237 0.00175126
772000 1.72947 -0.00638116 0.00171908
773000 1.66732 -0.00758778 0.00164686
774000 1.70309 -0.00383757 0.00168469
775000 1.68701 -0.0052995 0.00166926
776000 1.67537 -0.0104217 0.00165872
777000 1.74532 -0.00659694 0.00172707
778000 1.6789 -0.00480313 0.0016677
779000 1.7063 -0.00523858 0.00169341
780000 1.71223 -0.00676008 0.00169461
781000 1.72557 -0.00673381 0.00170635
782000 1.69771 -0.00653551 0.00168039
783000 1.72764 -0.00240693 0.00170736
784000 1.70495 -0.00370952 0.0016853
785000 1.70583 -0.00975368 0.00168723
786000 1.68468 -0.00829556 0.001662
787000 1.70659 -0.00850975 0.00167994
788000 1.69907 -0.00387786 0.00169482
789000 1.69501 -0.00249057 0.00168451
790000 1.66511 -0.00425119 0.00164582
791000 1.64993 -0.00769058 0.00162753
792000 1.75107 -0.00204114 0.00173592
793000 1.66239 -0.0012261 0.00164547
794000 1.70883 -0.00526607 0.00168822
795000 1.73408 -0.006125 0.00170979
796000 1.66701 -0.00599534 0.00165191
797000 1.72561 -0.00845674 0.00170439
798000 1.67104 -0.00526969 0.0016585
799000 1.69456 -0.00735962 0.00167683
800000 1.74697 -0.00719424 0.0017272
801000 1.69045 -0.00590621 0.00167055
802000 1.6744 -0.00560178 0.00165481
803000 1.72933 -0.00593229 0.00171085
804000 1.6725 -0.00310316 0.00165865
805000 1.7014 -0.00181128 0.00168504
806000 1.68712 -0.000931423 0.00167397
807000 1.70873 -0.00476602 0.00168929
808000 1.72773 -0.0053753 0.00170731
809000 1.71396 -0.0023592 0.00169574
810000 1.70913 -0.00268507 0.00169009
811000 1.75052 -0.00448399 0.00173389
812000 1.65646 -0.00378522 0.00163362
813000 1.71613 -0.0051291 0.0016964
814000 1.69601 -0.00968431 0.00166961
815000 1.69802 -0.00342486 0.00167728
816000 1.66956 -0.00572226 0.00164632
817000 1.71709 -0.00651621 0.00169882
818000 1.77575 -0.0108171 0.00174867
819000 1.71599 -0.00499136 0.00169592
820000 1.64753 -0.00617526 0.00162835
821000 1.72405 -0.00398777 0.00171154
822000 1.69496 -0.00680459 0.00168033
823000 1.71285 -0.00490911 0.00169289
824000 1.67996 -0.0039144 0.00166053
825000 1.65853 -0.00956725 0.00164129
826000 1.70006 -0.00874091 0.00167819
827000 1.73116 -0.00858778 0.00171105
828000 1.6835 -0.00438341 0.00166225
829000 1.67851 -0.00596242 0.00165672
830000 1.67627 -0.00868762 0.00165583
831000 1.73621 -0.00543617 0.00171766
832000 1.67579 -0.00483323 0.00165623
833000 1.66026 -0.00318066 0.00164313
834000 1.73916 -0.00659293 0.00171993
835000 1.72807 -0.00405167 0.00170702
836000 1.64313 -0.00370959 0.00162925
837000 1.73532 -0.00341353 0.00171692
838000 1.70702 -0.00490092 0.00168909
839000 1.69076 -0.00502376 0.00167012
840000 1.7019 -0.00989693 0.00168157
841000 1.69813 -0.00730069 0.00167711
842000 1.71425 -0.0128501 0.00168803
843000 1.69451 -0.0125853 0.00167311
844000 1.69172 -0.00933051 0.00166433
845000 1.73787 -0.00614881 0.00171534
846000 1.72462 -0.00497728 0.00170748
847000 1.74516 -0.012641 0.00172677
848000 1.74376 -0.0186091 0.00170828
849000 1.70454 -0.0116311 0.00168719
850000 1.68022 -0.0114395 0.00165601
851000 1.7009 -0.0119882 0.00167737
852000 1.71508 -0.0126966 0.00169481
853000 1.65252 -0.0169832 0.00163338
854000 1.73174 -0.0138328 0.00172292
855000 1.63526 -0.0149588 0.00161053
856000 1.74247 -0.0116214 0.00172075
857000 1.67912 -0.011976 0.00165542
858000 1.65498 -0.0133206 0.00163307
859000 1.74737 -0.0156833 0.00172602
860000 1.70965 -0.0201657 0.00167923
861000 1.71875 -0.016842 0.00168784
862000 1.71573 -0.0170005 0.00168621
863000 1.64709 -0.0168672 0.00162102
864000 1.69378 -0.0147513 0.00166565
865000 1.74148 -0.0144106 0.0017137
866000 1.68226 -0.0140922 0.00165381
867000 1.68558 -0.014589 0.00165963
868000 1.72384 -0.0158277 0.00169663
869000 1.70205 -0.0134817 0.00167712
870000 1.67612 -0.0166855 0.00164875
871000 1.70737 -0.0131738 0.0016835
872000 1.68504 -0.0101672 0.00166784
873000 1.70708 -0.00955396 0.00168843
874000 1.69615 -0.00942209 0.00167543
875000 1.6908 -0.0114855 0.00166865
876000 1.67062 -0.0116555 0.00164893
877000 1.7033 -0.00567495 0.00168286
878000 1.6849 -0.00335241 0.00166967
879000 1.68619 -0.0047248 0.0016699
880000 1.76947 -0.00441945 0.0017491
881000 1.70272 -0.00695198 0.00168293
882000 1.68747 -0.00529597 0.00166801
883000 1.71759 -0.00139229 0.0017104
884000 1.67635 -0.00449506 0.00165784
885000 1.67411 -0.00904996 0.00165431
886000 1.71444 -0.00353438 0.00169441
887000 1.70768 -0.00449016 0.00168455
888000 1.67601 -0.00512978 0.00165733
889000 1.66491 -0.00303742 0.00164567
890000 1.76193 -0.0065602 0.00174404
891000 1.67689 -0.00656394 0.00165939
892000 1.67781 -0.00546644 0.00165991
893000 1.67526 -0.00387293 0.0016568
894000 1.67803 -0.00471927 0.00165688
895000 1.6757 -0.00304012 0.00165875
896000 1.68113 -0.00859575 0.00166352
897000 1.70441 -0.00396593 0.00168455
898000 1.71392 -0.00327565 0.00169976
899000 1.67565 -0.00591468 0.00165442
900000 1.70071 -0.00705944 0.00168304
901000 1.71539 -0.00351596 0.00169781
902000 1.68257 -0.00642308 0.00166235
903000 1.68193 -0.00738737 0.00166203
904000 1.73119 -0.00504188 0.00170907
905000 1.64589 -0.00265558 0.00163442
906000 1.63706 -0.0035663 0.00162345
907000 1.73973 -0.00425537 0.00172061
908000 1.64305 -0.00382006 0.00162618
909000 1.73967 -0.00653885 0.0017277
910000 1.70073 -0.00655226 0.00167891
911000 1.71125 -0.0057475 0.00168852
912000 1.68073 -0.00613953 0.00165897
913000 1.71256 -0.00483121 0.00169531
914000 1.70199 -0.00291328 0.00168238
915000 1.66477 -0.0048008 0.00164636
916000 1.75573 -0.00466866 0.00173786
917000 1.67406 -0.00406618 0.00165981
918000 1.6691 -0.00358965 0.00165364
919000 1.74069 -0.00486647 0.00172814
920000 1.68772 -0.0063705 0.00166948
921000 1.70858 -0.00164012 0.00169331
922000 1.66298 -0.00530494 0.00164594
923000 1.66058 -0.00560663 0.00164155
924000 1.69117 -0.00481376 0.00167571
925000 1.68705 -0.00402114 0.00166619
926000 1.67052 -0.00672635 0.00165922
927000 1.72989 -0.00682789 0.00171062
928000 1.70841 -0.00733157 0.00168837
929000 1.71712 -0.0110792 0.0016912
930000 1.6612 -0.00557659 0.00164681
931000 1.70464 -0.00135534 0.00168549
932000 1.74843 -0.00644998 0.00173257
933000 1.70045 -0.00361083 0.00167933
934000 1.6835 -0.00396816 0.00167564
935000 1.68767 -0.00282316 0.0016732
936000 1.71575 -0.00502154 0.00169635
937000 1.72321 -0.00484324 0.00170168
938000 1.64185 -0.00482661 0.0016237
939000 1.69499 -0.00390034 0.00167573
940000 1.75668 -0.00649808 0.00173762
941000 1.68716 -0.00308575 0.00167046
942000 1.70338 -0.00342065 0.00168272
943000 1.69097 -0.00379321 0.00167007
944000 1.74266 -0.00547605 0.00172276
945000 1.74638 -0.00431365 0.00172947
946000 1.7075 -0.00454542 0.00168792
947000 1.68374 -0.00654578 0.00166813
948000 1.70488 -0.00425792 0.00168768
949000 1.7389 -0.00580514 0.00171701
950000 1.62974 -0.00254592 0.00161259
951000 1.757 -0.00510365 0.00174177
952000 1.67951 -0.0120519 0.00165761
953000 1.73572 -0.00371692 0.00171249
954000 1.64019 -0.00572452 0.00162317
955000 1.66863 -0.00847012 0.00164939
956000 1.70744 -0.00380701 0.00168921
957000 1.69796 -0.00409287 0.00168924
958000 1.6853 -0.00287905 0.00166501
959000 1.68752 -0.0044795 0.00166988
960000 1.71898 -0.00504376 0.00169964
961000 1.67606 -0.00716873 0.00165174
962000 1.72917 -0.00388836 0.00170841
963000 1.74497 -0.00651314 0.00172478
964000 1.72838 -0.0107744 0.00169843
965000 1.70486 -0.00434171 0.00168969
966000 1.69165 -0.00623279 0.00167819
967000 1.73467 -0.0070245 0.00171546
968000 1.68258 -0.00592562 0.00166085
969000 1.71768 -0.00643649 0.00169497
970000 1.76622 -0.00741923 0.00175067
971000 1.7257 -0.00682429 0.00170712
972000 1.64616 -0.00425919 0.00162456
973000 1.69605 -0.00867323 0.00167446
974000 1.71213 -0.00998156 0.00169274
975000 1.71466 -0.0109384 0.00169045
976000 1.62577 -0.0074442 0.00160939
977000 1.66416 -0.00666907 0.00164249
978000 1.70033 -0.00500498 0.00168158
979000 1.66723 -0.00674986 0.00164772
980000 1.63705 -0.00395705 0.0016231
981000 1.70862 -0.00432804 0.00168984
982000 1.70975 -0.00478366 0.00169267
983000 1.6835 -0.00662358 0.00166438
984000 1.68048 -0.00417654 0.00166768
985000 1.65007 -0.00357497 0.00162985
986000 1.75112 -0.0061284 0.00173094
987000 1.69059 -0.00669523 0.00166952
988000 1.67979 -0.00467894 0.00165942
989000 1.72414 -0.00414419 0.00170255
990000 1.73314 -0.0064877 0.00171504
991000 1.65511 -0.00907382 0.00162987
992000 1.73841 -0.00431811 0.00171603
993000 1.72272 -0.00594503 0.00169799
994000 1.65008 -0.00273755 0.00163479
995000 1.7304 -0.00470399 0.00170931
996000 1.68728 -0.00767412 0.00166706
997000 1.70888 -0.00433354 0.00169397
998000 1.7116 -0.00983394 0.0016868
999000 1.69443 -0.0109472 0.00167463
1000000 1.73059 -0.0119749 0.00171708
1001000 1.69345 -0.0117978 0.00167021
1002000 1.68638 -0.0114371 0.00166439
1003000 1.66942 -0.0161824 0.00165047
1004000 1.75557 -0.0128332 0.00173453
1005000 1.71987 -0.0119571 0.00169709
1006000 1.67153 -0.0159733 0.00164641
1007000 1.67242 -0.00340135 0.00165935
1008000 1.71206 -0.00561456 0.00169125
1009000 1.68027 -0.00380588 0.00166289
1010000 1.70591 -0.00239437 0.00168752
1011000 1.71708 -0.00575827 0.00169686
1012000 1.70048 -0.00370759 0.00168294
1013000 1.68482 -0.00310069 0.00166837
1014000 1.67873 -0.00538085 0.00166444
1015000 1.67616 -0.00844908 0.00166208
1016000 1.67625 -0.00507279 0.00165761
1017000 1.67241 -0.00792936 0.00165123
1018000 1.70952 -0.00669844 0.00169147
1019000 1.74436 -0.00451642 0.00172311
1020000 1.66495 -0.0057173 0.00165022
1021000 1.70852 -0.00246396 0.00169714
1022000 1.70333 -0.00533425 0.00168254
1023000 1.76016 -0.00606718 0.0017398
1024000 1.68024 -0.00771599 0.00165967
1025000 1.67724 -0.0153187 0.00165091
1026000 1.69298 -0.0110884 0.00167164
1027000 1.70762 -0.0111583 0.00168867
1028000 1.75397 -0.0120338 0.00173818
1029000 1.66375 -0.0144278 0.00163846
1030000 1.67954 -0.011306 0.00166321
1031000 1.76921 -0.00886718 0.00174503
1032000 1.65646 -0.00931828 0.00163496
1033000 1.77721 -0.0055904 0.00175433
1034000 1.65222 -0.0106407 0.00163802
1035000 1.68908 -0.0108542 0.00167507
1036000 1.70085 -0.016828 0.00167883
1037000 1.7126 -0.00982105 0.00169304
1038000 1.72636 -0.0112105 0.00170646
1039000 1.70227 -0.0104179 0.00168379
1040000 1.69013 -0.0127247 0.00167272
1041000 1.66525 -0.0109122 0.00164343
1042000 1.71729 -0.0125929 0.00169811
1043000 1.72165 -0.0132956 0.00170049
1044000 1.7159 -0.0139991 0.00169376
1045000 1.72605 -0.0135358 0.00170584
1046000 1.69428 -0.00957396 0.00167302
1047000 1.74212 -0.0105617 0.00171986
1048000 1.76181 -0.00962939 0.00174157
1049000 1.70234 -0.00271063 0.00168323
1050000 1.68705 -0.00356174 0.00166702
1051000 1.68921 -0.00654691 0.00166573
1052000 1.72603 -0.00524745 0.00171188
1053000 1.70893 -0.00507145 0.00169085
1054000 1.6747 -0.00494359 0.00165684
1055000 1.70604 -0.00808481 0.00168276
1056000 1.73937 -0.00499465 0.00172675
1057000 1.69773 -0.00519586 0.0016767
1058000 1.65799 -0.00394785 0.00164459
1059000 1.65027 -0.00461264 0.00162871
1060000 1.71836 -0.00383808 0.0017059
1061000 1.68004 -0.00905024 0.00165998
1062000 1.73594 -0.0101078 0.00171094
1063000 1.68823 -0.000834608 0.00167662
1064000 1.70239 -0.00439666 0.00168282
1065000 1.68916 -0.00539843 0.00167243
1066000 1.70326 -0.00521752 0.00167883
1067000 1.69811 -0.00620684 0.00168574
1068000 1.69714 -0.00361872 0.00167698
1069000 1.73382 -0.00531217 0.0017205
1070000 1.6613 -0.00950727 0.00164124
1071000 1.69991 -0.00509028 0.00168295
1072000 1.74458 -0.00134483 0.00172462
1073000 1.7043 -0.0047651 0.00168131
1074000 1.66965 -0.00358161 0.00164776
1075000 1.6852 -0.00818987 0.00166544
1076000 1.70984 -0.00516435 0.00169055
1077000 1.70752 -0.00588403 0.00168823
1078000 1.7232 -0.0043333 0.00170468
1079000 1.68989 -0.00664331 0.00166936
1080000 1.68384 -0.0184225 0.00166294
1081000 1.72665 -0.00677906 0.00170719
1082000 1.65863 -0.00462654 0.00164665
1083000 1.76024 -0.00361825 0.00175097
1084000 1.72984 -0.00722876 0.00170774
1085000 1.7069 -0.00504233 0.00169249
1086000 1.68559 -0.0088202 0.00166652
1087000 1.67452 -0.00684344 0.00165675
1088000 1.75731 -0.0108301 0.00173573
1089000 1.66844 -0.0123378 0.00164832
1090000 1.68216 -0.00575635 0.00166183
1091000 1.77774 -0.00494631 0.00176331
1092000 1.71981 -0.00534638 0.00170112
1093000 1.6717 -0.00460945 0.00166007
1094000 1.68283 -0.00696574 0.00166695
1095000 1.69601 -0.00807079 0.00167748
1096000 1.71743 -0.00667637 0.00169424
1097000 1.70061 -0.00663915 0.00168125
1098000 1.71246 -0.00666738 0.00169649
1099000 1.73119 -0.00617651 0.00171719
1100000 1.72581 -0.00351517 0.00171027
