# Time-averaged data for fix 2
# TimeStep v_Temperature v_PotentialEnergy v_Pressure
1000 0.849469 -0.886862 0.042687
2000 0.795854 -0.998015 0.0312978
3000 0.805587 -0.970313 0.0327707
4000 0.815979 -1.02603 0.0335127
5000 0.783663 -1.10933 0.0294925
6000 0.795201 -1.11842 0.0301951
7000 0.800187 -1.22074 0.0351434
8000 0.802609 -1.24151 0.0271489
9000 0.788691 -1.24312 0.0298587
10000 0.797514 -1.36602 0.0268983
11000 0.794962 -1.42144 0.0254665
12000 0.810348 -1.45153 0.0306766
13000 0.815584 -1.55735 0.0262567
14000 0.814859 -1.5002 0.0323628
15000 0.798892 -1.54023 0.029454
16000 0.786076 -1.66982 0.0290312
17000 0.803313 -1.71096 0.0200238
18000 0.787407 -1.63407 0.0258891
19000 0.794855 -1.32148 0.030415
20000 0.827168 -1.25229 0.0371645
21000 0.782232 -1.19564 0.0293159
22000 0.809481 -1.19849 0.0342487
23000 0.808017 -1.26158 0.0303896
24000 0.799601 -1.4051 0.0253256
25000 0.794033 -1.40107 0.0243455
26000 0.815661 -1.3642 0.0282494
27000 0.770235 -1.40243 0.0238628
28000 0.799825 -1.30954 0.0327953
29000 0.794779 -1.32538 0.0311007
30000 0.813593 -1.14675 0.0348766
31000 0.790524 -1.08554 0.0370576
32000 0.80053 -1.08293 0.0353922
33000 0.780083 -1.13444 0.0348034
34000 0.784385 -1.10779 0.0272115
35000 0.796582 -1.11189 0.0318181
36000 0.790263 -1.12458 0.0329314
37000 0.823782 -1.20388 0.0365213
38000 0.808853 -1.00262 0.0377005
39000 0.809561 -0.930534 0.0366266
40000 0.814717 -1.05899 0.0333376
41000 0.799059 -1.16475 0.0307417
42000 0.802953 -1.1693 0.0347249
43000 0.812032 -1.05853 0.039085
44000 0.780892 -1.11027 0.0305637
45000 0.792789 -0.99208 0.0326433
46000 0.804332 -0.933379 0.0403942
47000 0.798954 -1.02991 0.033886
48000 0.805898 -1.01535 0.0335231
49000 0.831906 -1.20253 0.0330284
50000 0.797662 -1.17793 0.0305478
51000 0.789986 -1.26344 0.0290755
52000 0.807544 -1.22828 0.0266527
53000 0.777083 -1.3869 0.0256886
54000 0.787284 -1.40789 0.0283583
55000 0.799303 -1.30014 0.0365181
56000 0.779413 -1.47142 0.0225358
57000 0.793569 -1.42745 0.0284812
58000 0.826396 -1.39421 0.0318877
59000 0.795742 -1.58013 0.0244082
60000 0.784621 -1.32022 0.0228672
61000 0.779817 -1.23473 0.0258911
62000 0.81608 -1.27518 0.0299061
63000 0.782427 -1.5177 0.0232769
64000 0.80384 -1.30478 0.0284515
65000 0.8045 -1.55266 0.0292009
66000 0.814886 -1.46966 0.0249306
67000 0.818564 -1.32917 0.0287762
68000 0.785532 -1.53785 0.0293239
69000 0.81706 -1.38885 0.0343957
70000 0.808571 -1.16398 0.0318117
71000 0.783938 -1.20835 0.0284111
72000 0.821142 -1.1324 0.0342859
73000 0.800104 -1.19562 0.0353579
74000 0.784961 -1.24145 0.0276613
75000 0.77392 -1.35016 0.0211454
76000 0.807737 -1.29172 0.0328264
77000 0.804482 -1.326 0.035735
78000 0.786462 -1.26768 0.0283327
79000 0.811557 -1.2375 0.030423
80000 0.816989 -1.29394 0.0313161
81000 0.824971 -1.24583 0.0343209
82000 0.7706 -1.36539 0.0282455
83000 0.801428 -1.50218 0.0240746
84000 0.803724 -1.40469 0.0324796
85000 0.799312 -1.44691 0.0277834
86000 0.777965 -1.48884 0.0256497
87000 0.82439 -1.44073 0.0293558
88000 0.805779 -1.45612 0.0262358
89000 0.821303 -1.47638 0.0310344
90000 0.820956 -1.44212 0.0241709
91000 0.787197 -1.47579 0.0279852
92000 0.814887 -1.47163 0.029096
93000 0.794979 -1.5874 0.0245164
94000 0.823821 -1.53372 0.0293732
95000 0.825274 -1.60641 0.0251201
96000 0.770791 -1.54467 0.0215288
97000 0.800102 -1.4754 0.0322922
98000 0.819631 -1.47945 0.0255561
99000 0.806406 -1.42137 0.0309274
100000 0.80418 -1.2433 0.0318009
101000 0.790457 -1.25466 0.0346295
102000 0.814733 -1.46171 0.0273905
103000 0.790772 -1.77613 0.0248228
104000 0.828822 -1.67441 0.0285269
105000 0.778521 -1.83865 0.0249512
106000 0.814615 -1.7908 0.026358
107000 0.817296 -1.68851 0.0302732
108000 0.806013 -1.63954 0.0251414
109000 0.802411 -1.78299 0.0280488
110000 0.788838 -1.87177 0.0231853
111000 0.787952 -1.93965 0.0216218
112000 0.796323 -2.03793 0.0204113
113000 0.802101 -2.01278 0.0252943
114000 0.810246 -2.06962 0.0213254
115000 0.810608 -1.91127 0.0302529
116000 0.79686 -1.85233 0.0272406
117000 0.809706 -1.7181 0.0191894
118000 0.805274 -1.62317 0.0232623
119000 0.815773 -1.58088 0.0245686
120000 0.808466 -1.54308 0.0256486
121000 0.809344 -1.54174 0.0248141
122000 0.794162 -1.37464 0.0269112
123000 0.803371 -1.26181 0.027465
124000 0.777471 -1.37688 0.0254436
125000 0.791843 -1.36833 0.0260175
126000 0.781887 -1.40531 0.0239619
127000 0.79187 -1.29282 0.0297826
128000 0.818537 -1.42121 0.0335331
129000 0.801696 -1.44534 0.0263681
130000 0.823382 -1.34475 0.0292442
131000 0.779246 -1.62543 0.0261322
132000 0.805504 -1.46954 0.023939
133000 0.796639 -1.43339 0.0212017
134000 0.796897 -1.41828 0.0259529
135000 0.775075 -1.43836 0.0248908
136000 0.820179 -1.44136 0.0243899
137000 0.790235 -1.50093 0.0151001
138000 0.794604 -1.49609 0.0253305
139000 0.818535 -1.49358 0.0315715
140000 0.796088 -1.45843 0.0301413
141000 0.81977 -1.31407 0.0305722
142000 0.782801 -1.43814 0.0205284
143000 0.814476 -1.36687 0.0281859
144000 0.824231 -1.43564 0.030708
145000 0.799092 -1.42848 0.02668
146000 0.801851 -1.38123 0.0268064
147000 0.803936 -1.34478 0.032101
148000 0.767809 -1.47507 0.0211036
149000 0.80393 -1.21594 0.0294542
150000 0.809296 -1.01845 0.0299436
151000 0.791314 -1.05526 0.0364927
152000 0.795515 -1.18018 0.0330053
153000 0.801968 -1.21105 0.0313975
154000 0.782025 -1.11086 0.0305739
155000 0.79537 -1.19512 0.0309485
156000 0.826872 -1.21777 0.0338462
157000 0.775524 -1.66083 0.0237826
158000 0.767198 -1.43526 0.0250793
159000 0.787476 -1.63978 0.0217204
160000 0.809013 -1.88732 0.0254862
161000 0.781746 -2.04811 0.0221577
162000 0.81233 -1.74862 0.0270198
163000 0.795899 -1.58299 0.0296927
164000 0.812702 -1.534 0.0269223
165000 0.813603 -1.41742 0.0299285
166000 0.811245 -1.44829 0.02305
167000 0.771559 -1.56614 0.0249418
168000 0.817626 -1.32111 0.0297275
169000 0.781926 -1.41239 0.0197364
170000 0.817455 -1.44719 0.0297127
171000 0.801698 -1.40215 0.0246429
172000 0.806344 -1.52596 0.0219955
173000 0.788472 -1.56985 0.0210487
174000 0.814523 -1.66941 0.029478
175000 0.793284 -1.66469 0.0220624
176000 0.796769 -1.46871 0.0365837
177000 0.819502 -1.37794 0.0360628
178000 0.782616 -1.39788 0.0284498
179000 0.792791 -1.42986 0.0230869
180000 0.820279 -1.52704 0.0260853
181000 0.775633 -1.28783 0.0262657
182000 0.79699 -1.11837 0.0325091
183000 0.790456 -1.30631 0.0267157
184000 0.778346 -1.35971 0.0305018
185000 0.794907 -1.37989 0.0240511
186000 0.813992 -1.29256 0.0304914
187000 0.786442 -1.22079 0.0323503
188000 0.809431 -1.19799 0.0303812
189000 0.798462 -1.34827 0.0309206
190000 0.819095 -1.32759 0.03164
191000 0.775269 -1.55566 0.0235898
192000 0.817326 -1.49134 0.0306551
193000 0.79827 -1.61926 0.0269222
194000 0.803281 -1.56019 0.0239781
195000 0.818573 -1.63481 0.0259453
196000 0.806978 -1.53714 0.0229239
197000 0.793605 -1.2843 0.0262968
198000 0.795392 -1.26374 0.0295803
199000 0.797683 -1.25284 0.0270424
200000 0.806946 -1.33362 0.0345528
201000 0.810465 -1.66218 0.0251025
202000 0.800261 -1.75537 0.0255255
203000 0.79528 -1.76819 0.0252013
204000 0.804976 -1.8027 0.0233739
205000 0.833649 -1.85937 0.0279136
206000 0.78023 -2.0333 0.0196982
207000 0.801574 -2.03962 0.0295518
208000 0.789225 -1.87542 0.0252853
209000 0.801947 -1.73744 0.0250833
210000 0.818016 -1.47048 0.0280703
211000 0.805664 -1.60378 0.0253602
212000 0.814318 -1.65246 0.0230761
213000 0.771472 -1.80567 0.014171
214000 0.801738 -1.86618 0.0211865
215000 0.799484 -1.58206 0.0225007
216000 0.814563 -1.49599 0.0279987
217000 0.800569 -1.55163 0.0243583
218000 0.785566 -1.52442 0.0272256
219000 0.782134 -1.40133 0.0240034
220000 0.817636 -1.42096 0.0268476
221000 0.813471 -1.4341 0.0287641
222000 0.824116 -1.45793 0.0285792
223000 0.792169 -1.62918 0.0192868
224000 0.799558 -1.78741 0.0246448
225000 0.81545 -1.93025 0.0156481
226000 0.787629 -1.58536 0.0163499
227000 0.820037 -1.62033 0.0247967
228000 0.772652 -1.46666 0.0250783
229000 0.798559 -1.35858 0.0218197
230000 0.812284 -1.45508 0.0342246
231000 0.810196 -1.37112 0.0304155
232000 0.786312 -1.34615 0.0240345
233000 0.814757 -1.23108 0.0309672
234000 0.823826 -1.23828 0.0322699
235000 0.782847 -1.39679 0.0281524
236000 0.82082 -1.60204 0.0269893
237000 0.800194 -1.79698 0.0197978
238000 0.795452 -1.55512 0.0267749
239000 0.787242 -1.56817 0.0238328
240000 0.788223 -1.58519 0.0247703
241000 0.785239 -1.46112 0.0283868
242000 0.796444 -1.51303 0.0300149
243000 0.81808 -1.3968 0.0254285
244000 0.811462 -1.38216 0.0230031
245000 0.803549 -1.47509 0.0266524
246000 0.792951 -1.37337 0.0240775
247000 0.832349 -1.37619 0.0344446
248000 0.806904 -1.25258 0.0324651
249000 0.809018 -1.1171 0.0337113
250000 0.774799 -1.07618 0.0311359
251000 0.802246 -1.14983 0.029206
252000 0.823749 -1.1197 0.0381276
253000 0.800586 -1.19423 0.0343857
254000 0.81878 -1.22472 0.0371814
255000 0.794122 -1.24537 0.0242079
256000 0.822578 -1.22937 0.0300437
257000 0.801471 -1.18217 0.0328148
258000 0.796295 -1.38648 0.0313849
259000 0.82907 -1.50085 0.0297239
260000 0.797813 -1.49199 0.029457
261000 0.803761 -1.45826 0.0257714
262000 0.802822 -1.63823 0.0324823
263000 0.820344 -1.485 0.0327389
264000 0.776182 -1.42618 0.0279077
265000 0.789812 -1.50942 0.0244816
266000 0.799925 -1.57307 0.0275979
267000 0.798558 -1.54282 0.025107
268000 0.810303 -1.62378 0.0258729
269000 0.817644 -1.57357 0.0220872
270000 0.81921 -1.49444 0.0254161
271000 0.795013 -1.40698 0.0288134
272000 0.802978 -1.47329 0.0247257
273000 0.809631 -1.45704 0.0311113
274000 0.815582 -1.46365 0.0320873
275000 0.802373 -1.44704 0.0285972
276000 0.797147 -1.46145 0.0219296
277000 0.810611 -1.51179 0.0328195
278000 0.800436 -1.44229 0.0249233
279000 0.799619 -1.41417 0.0294447
280000 0.774137 -1.26052 0.0259068
281000 0.812433 -1.55621 0.0327684
282000 0.807738 -1.58552 0.0275182
283000 0.808902 -1.22934 0.0244999
284000 0.802388 -1.38894 0.0309219
285000 0.795674 -1.33849 0.0294389
286000 0.777555 -1.34893 0.0256333
287000 0.789715 -1.27343 0.0309815
288000 0.809852 -1.46801 0.0246155
289000 0.803351 -1.43175 0.0259955
290000 0.796064 -1.48003 0.0288272
291000 0.780457 -1.36814 0.0221868
292000 0.80491 -1.56115 0.0202941
293000 0.77731 -1.60344 0.0273938
294000 0.815424 -1.53024 0.0268234
295000 0.804704 -1.61925 0.0183047
296000 0.791716 -1.5643 0.0210141
297000 0.789006 -1.81301 0.0215656
298000 0.779904 -1.77704 0.0245962
299000 0.819342 -1.49135 0.0327335
300000 0.798795 -1.28746 0.0271628
301000 0.78538 -1.34409 0.0279635
302000 0.787591 -1.41406 0.027307
303000 0.795864 -1.42082 0.0281563
304000 0.780199 -1.36087 0.0216915
305000 0.811993 -1.29917 0.0285113
306000 0.79261 -1.30422 0.0226624
307000 0.808558 -1.43304 0.0299561
308000 0.777169 -1.57003 0.0277924
309000 0.791759 -1.40502 0.0306762
310000 0.815294 -1.31042 0.0343054
311000 0.777223 -1.37227 0.0293544
312000 0.792492 -1.56995 0.0245508
313000 0.81753 -1.60875 0.0295259
314000 0.814298 -1.68735 0.026871
315000 0.794494 -1.74518 0.0230672
316000 0.82528 -1.67819 0.0308527
317000 0.806759 -1.55481 0.0293634
318000 0.795642 -1.47433 0.0299752
319000 0.809237 -1.32325 0.0288269
320000 0.788255 -1.39152 0.0167881
321000 0.788732 -1.61953 0.0258967
322000 0.808398 -1.45494 0.0309839
323000 0.808145 -1.33417 0.0321793
324000 0.801628 -1.33606 0.0264788
325000 0.806667 -1.76366 0.0251542
326000 0.811543 -1.71184 0.0250585
327000 0.807695 -1.6891 0.0292449
328000 0.808915 -1.59267 0.0235323
329000 0.815168 -1.33848 0.0265009
330000 0.774223 -1.43197 0.02401
331000 0.805058 -1.45722 0.0253157
332000 0.830658 -1.5948 0.0310087
333000 0.808919 -1.60158 0.0255651
334000 0.806981 -1.61337 0.0296511
335000 0.823218 -1.68441 0.0306251
336000 0.772961 -1.80489 0.0247778
337000 0.789027 -1.68213 0.0248136
338000 0.805347 -1.74086 0.0235389
339000 0.793028 -1.52411 0.0316043
340000 0.791445 -1.45509 0.0266789
341000 0.794841 -1.48653 0.0325618
342000 0.77962 -1.61813 0.0219069
343000 0.806306 -1.68665 0.0260453
344000 0.805532 -1.43956 0.0334713
345000 0.801592 -1.3516 0.0302405
346000 0.805441 -1.51379 0.0271691
347000 0.79536 -1.71671 0.0230183
348000 0.812987 -1.65515 0.0196913
349000 0.804574 -1.72817 0.0257689
350000 0.811435 -1.8024 0.0212394
351000 0.79328 -1.78428 0.0307417
352000 0.813022 -1.86532 0.0264174
353000 0.816636 -1.73528 0.023809
354000 0.815723 -1.79361 0.0197498
355000 0.800663 -1.76657 0.0267375
356000 0.796776 -1.75862 0.0214412
357000 0.78261 -1.62164 0.0189291
358000 0.80826 -1.40477 0.0241954
359000 0.804697 -1.24195 0.0310055
360000 0.82273 -1.36962 0.0251442
361000 0.796729 -1.26519 0.0250523
362000 0.794041 -1.1938 0.0299414
363000 0.802679 -1.282 0.0380815
364000 0.790905 -1.21637 0.027878
365000 0.812534 -1.18017 0.0314452
366000 0.816115 -1.14902 0.0366655
367000 0.817663 -1.27467 0.0275826
368000 0.78262 -1.10601 0.0297018
369000 0.804983 -1.10948 0.0331576
370000 0.795564 -1.01746 0.0404705
371000 0.80261 -1.21873 0.0333609
372000 0.784769 -1.31039 0.0266579
373000 0.804596 -1.20975 0.028739
374000 0.82466 -1.23823 0.0358234
375000 0.801585 -1.43645 0.0301018
376000 0.833385 -1.41893 0.0296546
377000 0.803131 -1.36697 0.0275747
378000 0.791201 -1.38294 0.0213944
379000 0.785465 -1.52696 0.0232966
380000 0.807516 -1.48317 0.0287451
381000 0.806158 -1.5994 0.028217
382000 0.803403 -1.5082 0.0263609
383000 0.804622 -1.63971 0.0301889
384000 0.785485 -1.72324 0.0242453
385000 0.771933 -1.64927 0.0192636
386000 0.789699 -1.75882 0.0268497
387000 0.799953 -1.63721 0.0244978
388000 0.818879 -1.46738 0.0341821
389000 0.802386 -1.40085 0.0277155
390000 0.813241 -1.30397 0.0309397
391000 0.798471 -1.28881 0.0292518
392000 0.788628 -1.46178 0.019839
393000 0.80149 -1.54708 0.0229023
394000 0.803141 -1.54626 0.029165
395000 0.819958 -1.39984 0.0335033
396000 0.807052 -1.42346 0.0282318
397000 0.82392 -1.62644 0.0279236
398000 0.801733 -1.73355 0.0246176
399000 0.797818 -1.6913 0.0269926
400000 0.790545 -1.79334 0.0187108
401000 0.795439 -1.85632 0.024902
402000 0.798488 -1.64779 0.0276728
403000 0.795638 -1.69683 0.026792
404000 0.789139 -1.49101 0.0243761
405000 0.819053 -1.33747 0.0282394
406000 0.807891 -1.41344 0.0288306
407000 0.802684 -1.41603 0.0265912
408000 0.794118 -1.39151 0.02324
409000 0.800022 -1.2984 0.0261688
410000 0.792092 -1.3529 0.0343683
411000 0.774379 -1.37178 0.0225002
412000 0.819069 -1.3893 0.0308269
413000 0.811048 -1.44828 0.0212907
414000 0.817862 -1.57306 0.0305814
415000 0.790522 -1.75462 0.024213
416000 0.807681 -1.68841 0.0278991
417000 0.792486 -1.74826 0.021757
418000 0.802162 -1.84612 0.0299641
419000 0.79578 -1.69529 0.0236973
420000 0.803622 -1.72789 0.0263295
421000 0.832251 -1.69146 0.0244796
422000 0.817805 -1.54545 0.030797
423000 0.796641 -1.73721 0.0266524
424000 0.791522 -1.56366 0.0319349
425000 0.812458 -1.73943 0.0251813
426000 0.783065 -1.84517 0.0180549
427000 0.822131 -1.5753 0.0244908
428000 0.776702 -1.46116 0.0230812
429000 0.782809 -1.54677 0.0222925
430000 0.808442 -1.75775 0.0266246
431000 0.817149 -1.66935 0.0281388
432000 0.792497 -1.80892 0.0215968
433000 0.789219 -1.86291 0.0158993
434000 0.791107 -1.77324 0.0227553
435000 0.810065 -1.86906 0.0210933
436000 0.791767 -1.79095 0.0164352
437000 0.814253 -1.71268 0.0184863
438000 0.806011 -1.71161 0.0258445
439000 0.788169 -1.47983 0.0265805
440000 0.815522 -1.51097 0.0311695
441000 0.801851 -1.67735 0.0237937
442000 0.788364 -1.8154 0.0167024
443000 0.792311 -1.94179 0.0242848
444000 0.797037 -1.77173 0.0198122
445000 0.77781 -1.75544 0.020236
446000 0.808527 -1.63729 0.0279318
447000 0.820893 -1.45307 0.0243644
448000 0.787507 -1.61245 0.0184995
449000 0.815429 -1.5785 0.0241222
450000 0.792121 -1.70782 0.023436
451000 0.813767 -1.45083 0.0266757
452000 0.811162 -1.14919 0.0358597
453000 0.79837 -1.01734 0.0370018
454000 0.789969 -0.99501 0.0324184
455000 0.798462 -0.939181 0.0375236
456000 0.790287 -0.9129 0.0392118
457000 0.803526 -1.1385 0.0358996
458000 0.827672 -1.20685 0.0312933
459000 0.769795 -1.20942 0.0255241
460000 0.798667 -1.23745 0.0277722
461000 0.800743 -1.14218 0.0346684
462000 0.770081 -1.19454 0.0280172
463000 0.852184 -1.10181 0.0362794
464000 0.79536 -1.20102 0.0330315
465000 0.792979 -1.34147 0.0243681
466000 0.807124 -1.62157 0.0309471
467000 0.787859 -1.70084 0.0226038
468000 0.777601 -1.82846 0.0208545
469000 0.785184 -1.66819 0.0216759
470000 0.805533 -1.58858 0.0190397
471000 0.80525 -1.50657 0.0306234
472000 0.813122 -1.41064 0.0269324
473000 0.795872 -1.50946 0.028271
474000 0.810662 -1.53339 0.0260131
475000 0.802447 -1.64176 0.0263913
476000 0.800534 -1.50849 0.0262972
477000 0.786115 -1.56719 0.0229555
478000 0.781998 -1.46068 0.0221032
479000 0.816659 -1.3911 0.0284081
480000 0.763299 -1.39336 0.0255723
481000 0.784678 -1.19511 0.0272646
482000 0.829735 -1.12124 0.0336591
483000 0.777133 -1.13971 0.0309317
484000 0.791984 -1.24378 0.0268719
485000 0.795028 -1.31892 0.0320067
486000 0.78781 -1.32778 0.0303004
487000 0.839926 -1.37126 0.0292858
488000 0.805354 -1.59127 0.0234486
489000 0.788994 -1.54717 0.0241421
490000 0.786247 -1.90446 0.0214658
491000 0.806444 -1.84765 0.0256827
492000 0.790112 -1.57179 0.019323
493000 0.780614 -1.48258 0.0264562
494000 0.777402 -1.42715 0.0289409
495000 0.79863 -1.4254 0.0310749
496000 0.81709 -1.31664 0.0366807
497000 0.789103 -1.40338 0.0258657
498000 0.792764 -1.22079 0.0283189
499000 0.811042 -1.08602 0.0331805
500000 0.79886 -1.09686 0.035154
501000 0.766298 -1.07997 0.0319006
502000 0.82179 -1.10079 0.0359467
503000 0.796737 -1.1867 0.0315054
504000 0.783019 -1.19623 0.0299423
505000 0.805034 -1.396 0.0288813
506000 0.806049 -1.47519 0.026725
507000 0.815527 -1.59006 0.0335186
508000 0.758321 -1.63887 0.0248653
509000 0.801005 -1.61575 0.0260742
510000 0.792369 -1.66884 0.0235103
511000 0.795781 -1.92956 0.0220673
512000 0.8126 -1.98682 0.0210119
513000 0.77743 -1.84393 0.0161453
514000 0.814289 -1.76637 0.0210836
515000 0.809906 -1.49605 0.0236882
516000 0.819362 -1.48481 0.0326295
517000 0.810409 -1.38001 0.0264298
518000 0.809173 -1.39491 0.0299387
519000 0.823206 -1.45762 0.027421
520000 0.815531 -1.57605 0.0307537
521000 0.796396 -1.4757 0.0253149
522000 0.781497 -1.27692 0.0245211
523000 0.792371 -1.27592 0.0279165
524000 0.776729 -1.2666 0.0280543
525000 0.819395 -1.30043 0.0324516
526000 0.80627 -1.33438 0.0237543
527000 0.763844 -1.26399 0.0313702
528000 0.783996 -1.2166 0.0242799
529000 0.798062 -1.32157 0.0269776
530000 0.788918 -1.28205 0.034928
531000 0.822241 -1.49299 0.0254327
532000 0.796274 -1.58789 0.0214863
533000 0.812709 -1.52584 0.0263949
534000 0.810288 -1.59748 0.0297575
535000 0.778975 -1.68926 0.0246207
536000 0.795161 -1.74518 0.0234753
537000 0.815373 -1.83671 0.0245804
538000 0.769925 -2.07541 0.0184633
539000 0.802586 -2.23135 0.0160224
540000 0.768282 -1.99876 0.0171829
541000 0.776324 -2.15552 0.0233215
542000 0.783719 -1.79348 0.0167544
543000 0.789259 -1.89689 0.0237114
544000 0.807254 -1.67602 0.0196169
545000 0.783317 -1.62591 0.023133
546000 0.77262 -1.60987 0.0236761
547000 0.801531 -1.57795 0.0223201
548000 0.83039 -1.40136 0.0321755
549000 0.790395 -1.4868 0.0259983
550000 0.796682 -1.54409 0.0249395
551000 0.792801 -1.57775 0.0182066
552000 0.805759 -1.63178 0.0255137
553000 0.804305 -1.45082 0.0244021
554000 0.796235 -1.57188 0.0278795
555000 0.79917 -1.55575 0.0261162
556000 0.793679 -1.47842 0.0247418
557000 0.806617 -1.38891 0.0279356
558000 0.828783 -1.57091 0.0292989
559000 0.798221 -1.60347 0.022978
560000 0.780306 -1.93433 0.0143113
561000 0.81253 -1.85896 0.0187689
562000 0.782559 -2.0879 0.0166946
563000 0.793913 -1.97142 0.0228628
564000 0.788801 -2.11687 0.0156884
565000 0.787566 -1.91823 0.0227014
566000 0.812834 -1.64325 0.0262685
567000 0.821429 -1.62155 0.0293835
568000 0.803055 -1.5483 0.027642
569000 0.802418 -1.46029 0.0285857
570000 0.807908 -1.56675 0.0253894
571000 0.781664 -1.63493 0.022236
572000 0.781392 -1.51266 0.0222738
573000 0.803019 -1.35774 0.024395
574000 0.784544 -1.17003 0.0294756
575000 0.77091 -1.45672 0.0280917
576000 0.794831 -1.58843 0.024982
577000 0.796865 -1.55803 0.0219996
578000 0.817392 -1.57252 0.0303601
579000 0.785592 -1.5998 0.0328299
580000 0.775037 -1.53714 0.0285628
581000 0.805034 -1.42382 0.0214923
582000 0.800343 -1.4187 0.0324393
583000 0.818482 -1.4224 0.0351345
584000 0.797896 -1.46032 0.0292601
585000 0.784278 -1.43059 0.0251675
586000 0.804151 -1.32394 0.0300354
587000 0.809199 -1.48917 0.0296338
588000 0.807913 -1.64368 0.0239808
589000 0.800878 -1.54862 0.0270225
590000 0.795722 -1.49184 0.0269399
591000 0.807722 -1.45086 0.0347918
592000 0.822582 -1.49487 0.0208832
593000 0.800487 -1.52257 0.0241048
594000 0.780578 -1.20784 0.0242799
595000 0.804106 -1.29788 0.0235572
596000 0.803621 -1.49473 0.0257338
597000 0.791529 -1.5531 0.0239742
598000 0.801922 -1.50961 0.0267957
599000 0.767603 -1.43353 0.0229045
600000 0.798839 -1.35569 0.0322146
601000 0.797802 -1.4121 0.0327134
602000 0.782591 -1.34563 0.0249222
603000 0.800364 -1.30383 0.0358063
604000 0.780148 -1.26526 0.0267629
605000 0.802176 -1.37699 0.0332268
606000 0.809308 -1.66076 0.0232045
607000 0.817156 -1.80319 0.0244099
608000 0.784811 -1.82217 0.0237383
609000 0.823468 -1.69454 0.032239
610000 0.795127 -1.75471 0.0202706
611000 0.804353 -1.76053 0.0252974
612000 0.791741 -1.52804 0.0263393
613000 0.802271 -1.45962 0.0303631
614000 0.772333 -1.61098 0.0218089
615000 0.803852 -1.64437 0.0290268
616000 0.78761 -1.47911 0.0246649
617000 0.839047 -1.51325 0.0242486
618000 0.796054 -1.57339 0.02074
619000 0.785335 -1.68452 0.0212338
620000 0.801097 -1.63668 0.0176639
621000 0.825327 -1.77683 0.0288474
622000 0.811689 -1.59462 0.0229439
623000 0.794139 -1.75929 0.0217116
624000 0.802238 -1.88612 0.0282447
625000 0.795239 -1.82006 0.01939
626000 0.795416 -1.91924 0.0170507
627000 0.813341 -1.79983 0.0193691
628000 0.791807 -1.86131 0.0237797
629000 0.793448 -1.81282 0.0245991
630000 0.835314 -1.58114 0.0226809
631000 0.803498 -1.60459 0.0239142
632000 0.828857 -1.43692 0.0379731
633000 0.795055 -1.41904 0.0260811
634000 0.788914 -1.52419 0.0245768
635000 0.804707 -1.76099 0.0230566
636000 0.817971 -1.81569 0.0199306
637000 0.809327 -1.68171 0.023472
638000 0.794258 -1.61944 0.0252402
639000 0.781347 -1.39909 0.0239621
640000 0.793973 -1.29569 0.0276867
641000 0.8163 -1.16853 0.0353023
642000 0.792386 -1.10403 0.0296294
643000 0.822195 -1.16376 0.0358018
644000 0.817269 -1.23564 0.0340002
645000 0.773886 -1.28436 0.0280096
646000 0.816901 -1.1706 0.0323856
647000 0.794494 -1.28385 0.0345201
648000 0.811086 -1.15411 0.0369192
649000 0.790896 -1.03659 0.034498
650000 0.839641 -0.996864 0.0406009
651000 0.797574 -1.24133 0.0269397
652000 0.77541 -1.16881 0.0331753
653000 0.800348 -1.02595 0.0306634
654000 0.809778 -1.12192 0.0369342
655000 0.795699 -1.2816 0.0296732
656000 0.792819 -1.3556 0.0344055
657000 0.796337 -1.50138 0.0278694
658000 0.788157 -1.51561 0.0247905
659000 0.795476 -1.51418 0.0160071
660000 0.822569 -1.72104 0.0222905
661000 0.793475 -1.70305 0.0258537
662000 0.805207 -1.56536 0.0329431
663000 0.80424 -1.56392 0.0335561
664000 0.809458 -1.36304 0.0288983
665000 0.781168 -1.36869 0.0263465
666000 0.797398 -1.37717 0.0328149
667000 0.813865 -1.40449 0.0274198
668000 0.817766 -1.37063 0.0265589
669000 0.788585 -1.362 0.0284265
670000 0.835271 -1.14413 0.0391587
671000 0.795199 -1.24639 0.030443
672000 0.835555 -1.28571 0.0336416
673000 0.818608 -1.27881 0.0344428
674000 0.794601 -1.49332 0.0243671
675000 0.784075 -1.60747 0.0235119
676000 0.788947 -1.71241 0.0228427
677000 0.772657 -1.67504 0.0196415
678000 0.778186 -1.52933 0.0290697
679000 0.803617 -1.44724 0.0301246
680000 0.803801 -1.49851 0.0262562
681000 0.81382 -1.39662 0.0293893
682000 0.790495 -1.32693 0.0258573
683000 0.805072 -1.39403 0.0319503
684000 0.811444 -1.42312 0.0321916
685000 0.802918 -1.57154 0.0327655
686000 0.803715 -1.46258 0.0289489
687000 0.793459 -1.46352 0.0261935
688000 0.815809 -1.41542 0.0303843
689000 0.789678 -1.29021 0.0312641
690000 0.802961 -1.38007 0.0230422
691000 0.776439 -1.38181 0.0288028
692000 0.7946 -1.46532 0.0281016
693000 0.810056 -1.19412 0.0323045
694000 0.775876 -1.14836 0.0249068
695000 0.799196 -1.32726 0.0302293
696000 0.791764 -1.3781 0.0259966
697000 0.796848 -1.23074 0.0342834
698000 0.783839 -1.16948 0.0303191
699000 0.800358 -1.39581 0.0352842
700000 0.822304 -1.39476 0.0292859
701000 0.794782 -1.31011 0.0247846
702000 0.8234 -1.2097 0.0378155
703000 0.78923 -1.52252 0.0272354
704000 0.809895 -1.5579 0.0275833
705000 0.790796 -1.46895 0.0227037
706000 0.807078 -1.44174 0.0316775
707000 0.781781 -1.43433 0.0244319
708000 0.807371 -1.42133 0.0270518
709000 0.788499 -1.30575 0.0306131
710000 0.78684 -1.40952 0.0276043
711000 0.821694 -1.18625 0.0327666
712000 0.780332 -1.30619 0.0286158
713000 0.817174 -1.22424 0.0346616
714000 0.802469 -1.15822 0.0309252
715000 0.799558 -1.02303 0.0369366
716000 0.810754 -1.03493 0.0348627
717000 0.7925 -0.996082 0.0339717
718000 0.785907 -1.02587 0.0328154
719000 0.797619 -1.04086 0.0363986
720000 0.808563 -1.15952 0.0294089
721000 0.787017 -1.23907 0.0333037
722000 0.800618 -1.1031 0.0271853
723000 0.804813 -1.1405 0.0336255
724000 0.804455 -1.25973 0.0291136
725000 0.806726 -1.30519 0.0338357
726000 0.779532 -1.25566 0.0276388
727000 0.799355 -1.31433 0.0323834
728000 0.817828 -1.39252 0.0317056
729000 0.815121 -1.36576 0.0258896
730000 0.778689 -1.50166 0.0242063
731000 0.793272 -1.55458 0.022246
732000 0.784128 -1.51039 0.0272323
733000 0.794431 -1.47429 0.0264886
734000 0.801376 -1.57123 0.0288295
735000 0.774285 -1.44894 0.0235496
736000 0.803236 -1.48413 0.0265673
737000 0.80527 -1.7083 0.0296999
738000 0.794102 -1.61989 0.0235511
739000 0.827235 -1.52216 0.0293634
740000 0.805466 -1.56563 0.0291875
741000 0.776109 -1.53188 0.0282236
742000 0.801273 -1.18399 0.030635
743000 0.800597 -1.09819 0.0332416
744000 0.797545 -1.19869 0.0295636
745000 0.794801 -1.19335 0.0320995
746000 0.787198 -1.22462 0.0283029
747000 0.794335 -1.21008 0.0287863
748000 0.778438 -1.05065 0.0316143
749000 0.80793 -1.15571 0.035836
750000 0.79999 -1.02321 0.0386446
751000 0.795652 -1.15293 0.0304674
752000 0.780346 -1.05334 0.0324951
753000 0.820045 -1.17378 0.0323547
754000 0.805304 -1.39885 0.0269224
755000 0.801244 -1.34196 0.0264454
756000 0.777416 -1.32307 0.0236644
757000 0.813836 -1.52438 0.0306589
758000 0.803154 -1.30066 0.0283955
759000 0.794245 -1.28368 0.027798
760000 0.82412 -1.38792 0.0258665
761000 0.802843 -1.51473 0.0267995
762000 0.781853 -1.90953 0.0270927
763000 0.787472 -1.75689 0.0250119
764000 0.812468 -1.64812 0.0229509
765000 0.798522 -1.64995 0.027794
766000 0.819389 -1.84672 0.0147593
767000 0.798378 -1.95188 0.02131
768000 0.798812 -1.84236 0.0214281
769000 0.79922 -1.85038 0.0176238
770000 0.794016 -1.61203 0.0211878
771000 0.810744 -1.33951 0.025811
772000 0.783333 -1.22555 0.0250722
773000 0.815815 -1.37128 0.0280288
774000 0.797539 -1.4993 0.024143
775000 0.831881 -1.54718 0.026383
776000 0.814226 -1.44507 0.0270554
777000 0.796659 -1.40188 0.0252635
778000 0.809387 -1.31045 0.0257128
779000 0.813308 -1.43781 0.0276683
780000 0.797295 -1.49323 0.0266947
781000 0.763006 -1.56747 0.0231845
782000 0.812743 -1.68934 0.0328117
783000 0.821422 -1.50371 0.0283248
784000 0.798687 -1.65831 0.0280333
785000 0.806903 -1.5577 0.032961
786000 0.811301 -1.47345 0.0279052
787000 0.812059 -1.51983 0.0258573
788000 0.807048 -1.75375 0.0213142
789000 0.773171 -1.54889 0.0280936
790000 0.801688 -1.39709 0.0318239
791000 0.794574 -1.52401 0.0229952
792000 0.798733 -1.41772 0.0222159
793000 0.807059 -1.38262 0.0260746
794000 0.791365 -1.57329 0.0227679
795000 0.812805 -1.52327 0.0296021
796000 0.823024 -1.39265 0.0259156
797000 0.806541 -1.46867 0.0374696
798000 0.812279 -1.53405 0.026135
799000 0.812577 -1.40577 0.0232275
800000 0.824732 -1.29705 0.0313095
801000 0.795851 -1.24586 0.0269544
802000 0.801286 -1.21171 0.0245181
803000 0.795019 -1.29865 0.0305272
804000 0.833049 -1.42318 0.0320177
805000 0.791622 -1.62932 0.0260477
806000 0.760488 -1.77368 0.0163139
807000 0.800539 -1.80646 0.0232599
808000 0.814691 -1.83936 0.0218849
809000 0.829052 -1.62157 0.0275038
810000 0.779735 -1.63547 0.0225705
811000 0.789265 -1.49926 0.0227367
812000 0.798393 -1.39579 0.026324
813000 0.789563 -1.35586 0.0255956
814000 0.787086 -1.28945 0.0286915
815000 0.788757 -1.47516 0.0205347
816000 0.770894 -1.37217 0.0263983
817000 0.785254 -1.28695 0.0270057
818000 0.782201 -1.17446 0.030657
819000 0.780325 -1.27627 0.0250576
820000 0.795189 -1.25209 0.0269177
821000 0.822593 -1.32779 0.0275964
822000 0.800552 -1.34367 0.0294167
823000 0.783381 -1.61176 0.0216847
824000 0.794465 -1.51347 0.0277221
825000 0.777395 -1.47817 0.0252743
826000 0.777386 -1.17478 0.0282046
827000 0.827022 -1.17564 0.0340435
828000 0.796399 -1.09225 0.0331218
829000 0.801253 -1.30221 0.031598
830000 0.812452 -1.34745 0.0319567
831000 0.819014 -1.17363 0.0312168
832000 0.808604 -1.19802 0.031675
833000 0.820261 -1.08512 0.0399865
834000 0.788087 -1.14351 0.0313275
835000 0.824923 -1.29436 0.0310203
836000 0.787425 -1.14843 0.0308468
837000 0.81096 -1.11953 0.0338983
838000 0.790734 -1.24848 0.0329768
839000 0.794935 -1.28836 0.0295486
840000 0.799961 -1.25835 0.0333721
841000 0.803174 -1.43406 0.0303213
842000 0.786513 -1.45205 0.0233853
843000 0.800153 -1.7483 0.0247839
844000 0.783304 -1.76751 0.0177655
845000 0.783569 -1.90427 0.0157736
846000 0.786472 -1.73513 0.0186251
847000 0.788265 -1.7621 0.0123122
848000 0.794221 -1.81866 0.0185113
849000 0.769759 -1.91021 0.02408
850000 0.796649 -1.89256 0.0188555
851000 0.803811 -1.59506 0.0241745
852000 0.797876 -1.49659 0.0239882
853000 0.78635 -1.39857 0.0233569
854000 0.788656 -1.32756 0.0217286
855000 0.785827 -1.21983 0.0314584
856000 0.786814 -1.20165 0.026498
857000 0.796815 -1.24809 0.0273954
858000 0.805458 -1.17205 0.030397
859000 0.817112 -1.22745 0.0375392
860000 0.821114 -1.14956 0.0276428
861000 0.814435 -1.16304 0.0305299
862000 0.787797 -1.07555 0.0326286
863000 0.792545 -1.12405 0.0291785
864000 0.801364 -1.13391 0.0245964
865000 0.802668 -1.31592 0.032448
866000 0.787321 -1.30263 0.0251122
867000 0.794919 -1.40304 0.0284163
868000 0.794878 -1.51188 0.0235106
869000 0.806193 -1.6798 0.0285015
870000 0.777522 -1.90673 0.0163985
871000 0.780552 -1.83496 0.0133586
872000 0.81301 -1.80621 0.0151162
873000 0.794274 -1.81852 0.0208321
874000 0.804749 -1.51469 0.02286
875000 0.810457 -1.46494 0.0243985
876000 0.805366 -1.5175 0.0260408
877000 0.803147 -1.56899 0.0254597
878000 0.789808 -1.67236 0.0250967
879000 0.797665 -1.54818 0.0233603
880000 0.790075 -1.52143 0.0284842
881000 0.794236 -1.6283 0.0225404
882000 0.782304 -1.63978 0.0194054
883000 0.808494 -1.67247 0.0203154
884000 0.811866 -1.86144 0.0246926
885000 0.807514 -1.79595 0.0222604
886000 0.83304 -1.57507 0.0252489
887000 0.774258 -1.4814 0.0225975
888000 0.798094 -1.38374 0.029445
889000 0.809933 -1.37645 0.0300353
890000 0.793714 -1.48586 0.0201741
891000 0.788312 -1.57294 0.0253453
892000 0.798875 -1.5082 0.0274275
893000 0.811594 -1.49777 0.0298825
894000 0.815233 -1.34989 0.0269056
895000 0.787629 -1.44417 0.0286947
896000 0.800234 -1.58407 0.0173894
897000 0.8278 -1.30557 0.0300647
898000 0.805947 -1.15297 0.0317474
899000 0.829525 -1.27083 0.031986
900000 0.790464 -1.57059 0.0246489
901000 0.786824 -1.70074 0.0257499
902000 0.818175 -1.59581 0.0263499
903000 0.784397 -1.70142 0.0215126
904000 0.798669 -1.66871 0.0212621
905000 0.780822 -1.57168 0.0223365
906000 0.794322 -1.49339 0.0282463
907000 0.778787 -1.51069 0.0240265
908000 0.781195 -1.41833 0.0190148
909000 0.773981 -1.40895 0.0294821
910000 0.791759 -1.57113 0.0227515
911000 0.795034 -1.56398 0.0309908
912000 0.773475 -1.62724 0.024824
913000 0.815739 -1.59366 0.0264008
914000 0.7974 -1.69588 0.0250898
915000 0.795754 -1.59873 0.0219896
916000 0.810613 -1.41205 0.0243287
917000 0.800564 -1.48254 0.0224985
918000 0.794257 -1.3336 0.0259446
919000 0.778099 -1.45319 0.0258028
920000 0.796872 -1.51663 0.0234415
921000 0.818698 -1.51352 0.0285313
922000 0.801479 -1.51883 0.0278178
923000 0.816034 -1.47057 0.0280982
924000 0.803705 -1.40471 0.029235
925000 0.800935 -1.38904 0.0303844
926000 0.802772 -1.54759 0.0258365
927000 0.80093 -1.56836 0.0261514
928000 0.765218 -1.67627 0.0205746
929000 0.804568 -1.73687 0.0238513
930000 0.797237 -1.72466 0.0296757
931000 0.795577 -1.90013 0.0310965
932000 0.78201 -1.81478 0.0223592
933000 0.787697 -1.74748 0.017435
934000 0.800127 -1.7992 0.0226018
935000 0.804067 -1.6185 0.0220575
936000 0.800013 -1.60804 0.0226693
937000 0.80003 -1.58809 0.0268426
938000 0.802046 -1.41652 0.0308954
939000 0.800627 -1.5459 0.0290923
940000 0.806389 -1.57388 0.0277846
941000 0.821449 -1.51105 0.024981
942000 0.792058 -1.57204 0.0263992
943000 0.797325 -1.35751 0.0320222
944000 0.803079 -1.25612 0.0338746
945000 0.796016 -1.32814 0.0239187
946000 0.82235 -1.55097 0.029048
947000 0.797227 -1.41426 0.0259868
948000 0.795637 -1.53773 0.0206795
949000 0.808666 -1.5417 0.0225167
950000 0.808528 -1.56421 0.0208504
951000 0.796031 -1.57681 0.019406
952000 0.797447 -1.55129 0.0295272
953000 0.820023 -1.48856 0.0261985
954000 0.819282 -1.3487 0.0297384
955000 0.785008 -1.37311 0.028037
956000 0.785475 -1.29767 0.0280327
957000 0.802823 -1.21666 0.0287558
958000 0.797837 -1.31677 0.0278507
959000 0.782706 -1.17569 0.0305263
960000 0.801624 -1.32886 0.0279474
961000 0.821375 -1.19631 0.0298082
962000 0.825658 -1.06422 0.0373356
963000 0.797791 -1.30734 0.0255406
964000 0.803766 -1.23951 0.0312512
965000 0.792899 -1.07807 0.0332179
966000 0.801746 -1.08365 0.0357339
967000 0.816468 -1.06933 0.0369892
968000 0.819458 -1.12377 0.0336679
969000 0.813082 -1.19195 0.0413962
970000 0.813434 -1.16506 0.0270595
971000 0.825243 -1.29655 0.0312008
972000 0.794521 -1.50871 0.0281309
973000 0.812375 -1.45825 0.0291478
974000 0.815867 -1.54191 0.023851
975000 0.810984 -1.49291 0.0304445
976000 0.777789 -1.58696 0.0216746
977000 0.777842 -1.54719 0.021261
978000 0.805862 -1.66288 0.0275432
979000 0.802401 -1.68361 0.0244381
980000 0.781511 -1.62105 0.023969
981000 0.813063 -1.51131 0.0234552
982000 0.810102 -1.50341 0.0285895
983000 0.812786 -1.47687 0.0212651
984000 0.793119 -1.60674 0.0261129
985000 0.801538 -1.39319 0.0226304
986000 0.80161 -1.27203 0.0282455
987000 0.798812 -1.17416 0.0329618
988000 0.76698 -1.21886 0.0265773
989000 0.805485 -1.34545 0.0292006
990000 0.79233 -1.49165 0.021876
991000 0.803077 -1.50645 0.0253116
992000 0.776392 -1.47128 0.0245173
993000 0.796663 -1.43177 0.0222122
994000 0.811844 -1.56956 0.0331843
995000 0.791049 -1.58948 0.0224647
996000 0.815156 -1.65565 0.0279394
997000 0.795076 -1.61652 0.0225633
998000 0.788458 -1.70421 0.0195492
999000 0.799323 -1.51579 0.0235572
1000000 0.812609 -1.3891 0.0331208
1001000 0.787686 -1.12406 0.0306064
1002000 0.782198 -1.30359 0.0278787
1003000 0.804972 -1.27106 0.0319595
1004000 0.79354 -1.04681 0.0340254
1005000 0.81129 -1.09885 0.0333528
1006000 0.76548 -1.08882 0.0241154
1007000 0.793559 -1.07479 0.0320445
1008000 0.79916 -1.13008 0.0329109
1009000 0.799196 -1.14202 0.0327882
1010000 0.818561 -1.08567 0.0345155
1011000 0.811623 -1.25505 0.0271408
1012000 0.799604 -1.27748 0.0327894
1013000 0.806005 -1.16212 0.028027
1014000 0.809293 -0.968083 0.0316263
1015000 0.789422 -1.28634 0.0272453
1016000 0.793631 -1.19385 0.0330658
1017000 0.821745 -1.24087 0.0330849
1018000 0.815391 -1.41808 0.0312538
1019000 0.805032 -1.22847 0.0336998
1020000 0.787902 -1.44171 0.0260708
1021000 0.778247 -1.59554 0.0217826
1022000 0.777655 -1.55819 0.0237346
1023000 0.818504 -1.29427 0.0316868
1024000 0.788416 -1.55345 0.0334571
1025000 0.790933 -1.6637 0.0279557
1026000 0.792854 -1.69774 0.0213286
1027000 0.800729 -1.71658 0.0235263
1028000 0.770774 -1.89002 0.0157449
1029000 0.78916 -2.07307 0.0260412
1030000 0.816409 -2.14383 0.0223322
1031000 0.776611 -1.96938 0.0165308
1032000 0.815971 -1.77313 0.0221467
1033000 0.79379 -1.75792 0.0219291
1034000 0.799954 -1.5096 0.0242083
1035000 0.783532 -1.42832 0.0219316
1036000 0.814681 -1.3068 0.0326956
1037000 0.781884 -1.34996 0.0256265
1038000 0.812421 -1.60594 0.0271638
1039000 0.821667 -1.51774 0.0283292
1040000 0.794744 -1.51866 0.0219478
1041000 0.800092 -1.63211 0.028651
1042000 0.789031 -1.66867 0.0242844
1043000 0.800547 -1.54998 0.0222873
1044000 0.810753 -1.61099 0.0270101
1045000 0.790905 -1.64419 0.0284018
1046000 0.78894 -1.73999 0.0260271
1047000 0.783426 -1.87105 0.0139243
1048000 0.772473 -2.07777 0.0166662
1049000 0.812659 -1.76536 0.0213773
1050000 0.791484 -1.42973 0.0237571
1051000 0.78982 -1.42994 0.0242887
1052000 0.800442 -1.55782 0.0239177
1053000 0.795698 -1.69937 0.0227325
1054000 0.782832 -1.6402 0.0191818
1055000 0.801338 -1.81863 0.0317926
1056000 0.772078 -1.90112 0.0182203
1057000 0.77056 -1.73525 0.0128736
1058000 0.819413 -1.60873 0.0220309
1059000 0.788411 -1.43885 0.0251658
1060000 0.780667 -1.47425 0.0284401
1061000 0.820389 -1.25475 0.0282526
1062000 0.806482 -1.04834 0.0334094
1063000 0.81889 -0.992493 0.0340519
1064000 0.800878 -1.20536 0.0296491
1065000 0.796485 -1.21492 0.0287502
1066000 0.777229 -1.30259 0.0293204
1067000 0.822129 -1.19274 0.0345409
1068000 0.798402 -1.1862 0.0345131
1069000 0.797794 -1.38295 0.0282092
1070000 0.78845 -1.29524 0.0254391
1071000 0.81081 -1.57672 0.0247926
1072000 0.80899 -1.63899 0.0303158
1073000 0.773001 -1.6565 0.0194306
1074000 0.80031 -1.83743 0.0220645
1075000 0.797309 -1.89727 0.0168178
1076000 0.818093 -1.8374 0.030407
1077000 0.782211 -1.88665 0.0225265
1078000 0.804893 -1.77718 0.0222813
1079000 0.771703 -1.56478 0.011247
1080000 0.824697 -1.52584 0.0267085
1081000 0.780821 -1.72267 0.0263759
1082000 0.825693 -1.45806 0.0351197
1083000 0.784406 -1.6813 0.0211114
1084000 0.79562 -1.78109 0.0154218
1085000 0.785421 -1.46171 0.0272975
1086000 0.806056 -1.41358 0.026976
1087000 0.779186 -1.40088 0.0267307
1088000 0.798116 -1.32021 0.0310575
1089000 0.808098 -1.59766 0.025284
1090000 0.803587 -1.65862 0.0246882
1091000 0.791548 -1.59268 0.0250605
1092000 0.822753 -1.61737 0.0258875
1093000 0.803445 -1.42342 0.0328412
1094000 0.812415 -1.32019 0.0278265
1095000 0.790148 -1.44709 0.0305132
1096000 0.799962 -1.51289 0.0262464
1097000 0.770389 -1.59706 0.0228246
1098000 0.809688 -1.3864 0.0259123
1099000 0.802391 -1.34221 0.0257339
1100000 0.774568 -1.43087 0.0188234
