# Time-averaged data for fix 2
# TimeStep v_Temperature v_PotentialEnergy v_Pressure
1000 2.83088 -0.061087 0.0277903
2000 3.02987 -0.0585467 0.0296455
3000 3.00522 -0.0548359 0.0298715
4000 3.02642 -0.0568535 0.0302462
5000 2.9877 -0.035724 0.0297074
6000 2.87676 -0.058014 0.028483
7000 3.05651 -0.0638728 0.030277
8000 3.04042 -0.0462381 0.0301822
9000 2.9346 -0.0519269 0.0290987
10000 3.05615 -0.0545815 0.030414
11000 2.92796 -0.0435572 0.0289643
12000 3.06186 -0.0593487 0.0301655
13000 2.98937 -0.0600274 0.0296898
14000 2.98563 -0.0564924 0.0295216
15000 3.07758 -0.0554949 0.0305481
16000 2.93108 -0.057649 0.0289983
17000 3.02882 -0.0553451 0.0299212
18000 3.04214 -0.0363309 0.0303016
19000 2.94278 -0.0551451 0.0290754
20000 3.04842 -0.0556221 0.0303088
21000 2.97324 -0.0473704 0.0296064
22000 2.99673 -0.0451498 0.0298941
23000 2.94359 -0.0537526 0.029545
24000 2.95037 -0.0671984 0.0289508
25000 2.95748 -0.0521439 0.0294958
26000 2.99507 -0.067852 0.029574
27000 3.03625 -0.0602372 0.0298938
28000 3.02795 -0.0625093 0.0299384
29000 2.94709 -0.0449717 0.0295924
30000 3.03907 -0.0492654 0.0305848
31000 2.9879 -0.0459186 0.029961
32000 2.97468 -0.0486302 0.029535
33000 3.03989 -0.0504324 0.0304499
34000 2.99592 -0.0475599 0.0300427
35000 3.04233 -0.0448524 0.0300968
36000 2.89708 -0.0490818 0.0286182
37000 3.08224 -0.0617462 0.0305252
38000 3.08767 -0.0510909 0.0306583
39000 2.9157 -0.0437951 0.0286366
40000 3.00804 -0.0503709 0.0298548
41000 3.05026 -0.0558757 0.0299574
42000 2.97205 -0.0517486 0.029561
43000 3.00306 -0.0444605 0.0297881
44000 2.99709 -0.0522803 0.0296502
45000 2.9665 -0.0542535 0.0292943
46000 3.02085 -0.0404357 0.030148
47000 3.00646 -0.0530229 0.0298318
48000 2.94138 -0.0579309 0.0290626
49000 3.00184 -0.0687489 0.0295836
50000 3.01587 -0.0769231 0.0296225
51000 3.00962 -0.0691396 0.0297431
52000 2.93853 -0.064235 0.0295242
53000 3.02384 -0.0586191 0.0300535
54000 2.93589 -0.0456052 0.0288704
55000 2.89003 -0.0610474 0.0284786
56000 2.91215 -0.0621384 0.0288883
57000 3.01389 -0.0536099 0.0297862
58000 3.0549 -0.0487794 0.0301944
59000 2.96275 -0.0595592 0.029261
60000 2.96099 -0.0629458 0.0291896
61000 2.959 -0.0652197 0.029342
62000 2.98664 -0.0525327 0.0297666
63000 3.01109 -0.0510479 0.0298639
64000 3.03828 -0.0509299 0.0303151
65000 2.89775 -0.0483608 0.0287095
66000 3.00584 -0.0480239 0.0294459
67000 3.03875 -0.0439529 0.0305519
68000 2.92388 -0.0574185 0.0287351
69000 2.94534 -0.0670206 0.0289774
70000 3.06326 -0.054761 0.0302453
71000 2.95193 -0.0734487 0.0291034
72000 2.99796 -0.0618287 0.0298308
73000 3.02572 -0.0458543 0.0302688
74000 3.04207 -0.0566523 0.0300807
75000 2.95064 -0.0564661 0.0288534
76000 2.96816 -0.0685019 0.0293042
77000 3.02496 -0.0658009 0.0299273
78000 3.00953 -0.0431141 0.0299227
79000 3.00779 -0.0607547 0.0297267
80000 3.00525 -0.0694525 0.0296408
81000 3.0457 -0.0606823 0.0300722
82000 3.03383 -0.0483534 0.0301809
83000 2.86765 -0.0485462 0.0282916
84000 3.02151 -0.0507232 0.0298044
85000 3.00232 -0.0568871 0.0299199
86000 3.12227 -0.0624333 0.0308797
87000 2.86848 -0.0700572 0.0283848
88000 3.05361 -0.0682563 0.0301764
89000 3.01248 -0.0504401 0.0296875
90000 2.98968 -0.0477439 0.0295228
91000 3.02903 -0.0497268 0.0299709
92000 2.96478 -0.0549216 0.0294264
93000 2.93163 -0.0543336 0.028893
94000 3.00749 -0.0644424 0.0297694
95000 3.01131 -0.0651516 0.0296375
96000 2.94948 -0.0370013 0.0294932
97000 3.09452 -0.0493648 0.0307408
98000 2.89176 -0.0569588 0.0285456
99000 3.0499 -0.0608009 0.0300933
100000 3.04076 -0.0613977 0.0301443
101000 2.98703 -0.047597 0.0296238
102000 3.09065 -0.0606904 0.0305652
103000 3.06528 -0.0563046 0.0302498
104000 2.96564 -0.0808149 0.0295246
105000 3.0006 -0.0585349 0.0299318
106000 3.01976 -0.0480282 0.0299889
107000 2.96451 -0.0576683 0.0292618
108000 2.94283 -0.0625019 0.0291577
109000 2.99247 -0.0569334 0.0297908
110000 3.00852 -0.058211 0.029584
111000 2.96714 -0.0652821 0.0293923
112000 3.00199 -0.0792673 0.0294517
113000 3.02881 -0.0715618 0.0300768
114000 2.97802 -0.0613972 0.029503
115000 3.0405 -0.0587383 0.0302298
116000 3.02414 -0.059416 0.030125
117000 2.96797 -0.0623254 0.0294045
118000 2.96689 -0.0558644 0.0292937
119000 3.0332 -0.0509738 0.0299502
120000 2.90575 -0.0375868 0.029084
121000 2.97916 -0.052593 0.0295909
122000 2.91808 -0.040544 0.0287998
123000 3.0638 -0.0448556 0.0306198
124000 3.10183 -0.0524396 0.0307317
125000 2.91475 -0.0608771 0.028644
126000 3.08618 -0.0375883 0.0306817
127000 2.87668 -0.0417102 0.0284839
128000 3.03426 -0.0559983 0.0302547
129000 3.02209 -0.0548812 0.0301197
130000 3.05437 -0.0570432 0.0303088
131000 3.06669 -0.0588951 0.0303538
132000 2.93995 -0.0540342 0.0290062
133000 3.05488 -0.047387 0.0301506
134000 2.90468 -0.058383 0.0283134
135000 3.08947 -0.049774 0.0308684
136000 2.86215 -0.0602765 0.0281624
137000 3.09158 -0.0419172 0.0312432
138000 2.92944 -0.0450937 0.0290905
139000 3.03676 -0.0503085 0.0302885
140000 3.09351 -0.0502429 0.0306549
141000 2.9321 -0.0631607 0.0292262
142000 2.97527 -0.0661936 0.0291825
143000 2.94687 -0.0565111 0.0292125
144000 3.00384 -0.0451402 0.0300015
145000 3.08653 -0.047744 0.0305746
146000 2.95152 -0.056672 0.0292367
147000 3.0107 -0.0564547 0.0297754
148000 2.98739 -0.0580173 0.0297353
149000 3.02533 -0.0544069 0.0298526
150000 3.01721 -0.0421939 0.0299342
151000 2.96643 -0.0434773 0.0292499
152000 2.97891 -0.0602368 0.0297922
153000 3.01539 -0.0578899 0.0295843
154000 2.96067 -0.0533367 0.0293774
155000 3.07984 -0.0530335 0.0305915
156000 3.08339 -0.039361 0.030942
157000 2.89613 -0.0481854 0.0288177
158000 3.04149 -0.0483847 0.0302145
159000 2.95395 -0.0392474 0.0294497
160000 2.97684 -0.0512362 0.029509
161000 3.00847 -0.0460339 0.0299081
162000 2.97828 -0.0478515 0.0297211
163000 3.1129 -0.0526133 0.0308116
164000 2.92604 -0.0388498 0.0294091
165000 2.95402 -0.0529785 0.0293966
166000 3.0456 -0.0530182 0.0301177
167000 2.97136 -0.0492297 0.0295167
168000 2.98099 -0.0506108 0.0293856
169000 3.00626 -0.0450188 0.0299095
170000 2.96786 -0.0443583 0.0294463
171000 3.12044 -0.0499544 0.0307965
172000 3.08889 -0.0500685 0.0310299
173000 2.94785 -0.0629524 0.0291278
174000 2.9993 -0.0534857 0.0297187
175000 2.93652 -0.0654187 0.0289536
176000 2.99412 -0.0420836 0.0297302
177000 3.04486 -0.043888 0.0303609
178000 2.99861 -0.0506614 0.0297113
179000 2.92779 -0.0508544 0.0292266
180000 3.09591 -0.0536475 0.0306087
181000 2.90603 -0.0619912 0.0287227
182000 3.04754 -0.0644276 0.0303047
183000 2.9425 -0.0504139 0.0291913
184000 3.0704 -0.0735257 0.0302431
185000 3.11294 -0.0644975 0.0307705
186000 3.04202 -0.0568249 0.0300796
187000 2.96236 -0.0528875 0.0293856
188000 3.05761 -0.0560785 0.0302395
189000 3.01612 -0.0482883 0.0297551
190000 2.98211 -0.0506308 0.029252
191000 2.92978 -0.0502713 0.0291
192000 2.98768 -0.0462071 0.029773
193000 3.04738 -0.0523847 0.0301628
194000 2.98692 -0.0438555 0.0296757
195000 2.96673 -0.039871 0.0295852
196000 2.96566 -0.0495555 0.029455
197000 3.06631 -0.0476474 0.0303291
198000 3.00759 -0.042674 0.0297644
199000 3.01144 -0.0506287 0.0297685
200000 2.95518 -0.0465287 0.0291097
201000 2.95296 -0.0517843 0.0292139
202000 3.08386 -0.0606773 0.0304842
203000 2.94402 -0.0617585 0.0291145
204000 2.93349 -0.0556609 0.0289371
205000 3.06823 -0.0627026 0.0302618
206000 3.0337 -0.0402876 0.0301197
207000 2.92825 -0.0582989 0.029
208000 3.07571 -0.0597857 0.0306457
209000 3.03397 -0.0474359 0.0303341
210000 2.98526 -0.0538845 0.0293799
211000 2.96617 -0.0630142 0.029437
212000 3.01032 -0.0871973 0.0296527
213000 3.06663 -0.0692436 0.030329
214000 3.00379 -0.0674377 0.0297224
215000 3.04595 -0.0708591 0.0298521
216000 2.97052 -0.0544177 0.0294646
217000 2.93951 -0.047712 0.0294126
218000 3.08892 -0.0559127 0.0306204
219000 3.01717 -0.0464181 0.02996
220000 2.95197 -0.0482259 0.0293194
221000 2.95765 -0.0409465 0.0295628
222000 2.99364 -0.0510291 0.0296719
223000 2.90139 -0.0559673 0.0287573
224000 2.98128 -0.0448686 0.0296128
225000 3.01168 -0.0547104 0.0299089
226000 3.02478 -0.0506558 0.0302471
227000 3.05411 -0.0473054 0.0303722
228000 2.96367 -0.0482374 0.0294144
229000 3.02281 -0.0520916 0.0300289
230000 2.99054 -0.0565717 0.029702
231000 3.02956 -0.059125 0.0299973
232000 3.05298 -0.0465063 0.0303868
233000 2.98735 -0.0440698 0.0296035
234000 2.97533 -0.058614 0.0293527
235000 2.96833 -0.0572466 0.0294077
236000 3.10081 -0.0440922 0.0307289
237000 2.93798 -0.0431397 0.0291053
238000 2.99704 -0.0593974 0.0295401
239000 2.98164 -0.0610876 0.0293289
240000 3.05147 -0.0573598 0.03044
241000 2.96454 -0.0538126 0.0295493
242000 3.03842 -0.0604498 0.0301119
243000 3.05099 -0.0574451 0.0303566
244000 2.96949 -0.0568761 0.0293717
245000 3.05636 -0.0548102 0.0302245
246000 3.04874 -0.0539304 0.0301594
247000 3.02256 -0.0428983 0.0302117
248000 2.98421 -0.050336 0.0298294
249000 3.0417 -0.0537967 0.0298771
250000 2.96565 -0.055322 0.0293212
251000 3.04028 -0.0433698 0.0302351
252000 2.98625 -0.0602722 0.0293941
253000 3.04989 -0.0553376 0.0301637
254000 3.00912 -0.0543947 0.0297398
255000 2.9641 -0.0524217 0.0293662
256000 2.995 -0.0499055 0.0294563
257000 2.99514 -0.0614727 0.02967
258000 3.03886 -0.0542084 0.0300643
259000 2.96109 -0.0544243 0.0293023
260000 3.03403 -0.0602933 0.0301619
261000 3.10084 -0.0650946 0.0305254
262000 2.97505 -0.0637458 0.0292451
263000 3.00949 -0.0622331 0.0300667
264000 3.02204 -0.0637445 0.0299856
265000 2.95307 -0.0559037 0.029167
266000 3.08328 -0.0623159 0.0304822
267000 3.07457 -0.0447304 0.030535
268000 2.99194 -0.0524379 0.029392
269000 3.00194 -0.04609 0.0298587
270000 2.9327 -0.062101 0.0291589
271000 3.03854 -0.0599658 0.0301663
272000 3.00573 -0.061983 0.0298232
273000 2.96214 -0.0814023 0.0291164
274000 3.04296 -0.0655609 0.0300724
275000 2.99022 -0.0544529 0.0295563
276000 3.04561 -0.0586557 0.0302214
277000 2.95041 -0.052263 0.0291732
278000 2.94307 -0.0608173 0.0291829
279000 3.08023 -0.0446135 0.0306852
280000 2.95606 -0.0563238 0.0292333
281000 3.09587 -0.0426139 0.0306654
282000 2.9733 -0.0419112 0.0294956
283000 3.0337 -0.0406459 0.03008
284000 3.08802 -0.0459572 0.0306897
285000 2.94465 -0.0612629 0.0289021
286000 3.01207 -0.0432992 0.0298038
287000 2.9995 -0.0513278 0.029622
288000 3.01094 -0.0592358 0.0297952
289000 2.95363 -0.0563212 0.0292703
290000 2.89184 -0.0727006 0.0286732
291000 2.93191 -0.0584385 0.029035
292000 3.08092 -0.0555881 0.0306469
293000 2.96927 -0.0661728 0.0296579
294000 3.01101 -0.0693077 0.029512
295000 3 -0.0629214 0.0297032
296000 2.96396 -0.0537331 0.0295592
297000 2.97328 -0.0476235 0.0293661
298000 3.00408 -0.0565375 0.0297425
299000 2.89851 -0.0548551 0.0286908
300000 3.07373 -0.0538409 0.0304838
301000 3.02935 -0.0420279 0.0299337
302000 2.9526 -0.0456133 0.0292828
303000 2.96605 -0.0678554 0.0295449
304000 2.89477 -0.0591524 0.0285868
305000 2.92611 -0.061515 0.0288839
306000 2.99932 -0.0568653 0.0295996
307000 2.93343 -0.0433021 0.0293446
308000 2.90667 -0.0468059 0.0285865
309000 3.05905 -0.052371 0.0304641
310000 2.98222 -0.0593918 0.0293942
311000 3.09966 -0.0526489 0.0308135
312000 2.94456 -0.0606733 0.0291535
313000 2.99444 -0.0529809 0.029759
314000 2.93912 -0.0578005 0.0290894
315000 3.09452 -0.0500075 0.0309751
316000 2.97387 -0.072159 0.0297089
317000 2.98633 -0.0781036 0.0295087
318000 3.03645 -0.0653535 0.0299725
319000 2.90223 -0.0606681 0.0288041
320000 3.02706 -0.0541783 0.0300906
321000 2.98301 -0.0594043 0.0292924
322000 3.00397 -0.0683085 0.029659
323000 3.06852 -0.0699387 0.0303194
324000 3.07227 -0.0590467 0.0303457
325000 2.97409 -0.0385841 0.0297062
326000 2.89066 -0.046397 0.0286124
327000 3.12809 -0.0586673 0.031108
328000 2.90614 -0.0703741 0.0286605
329000 3.09025 -0.0628576 0.0306094
330000 2.87273 -0.0615375 0.028341
331000 3.06666 -0.0514667 0.0304236
332000 3.02735 -0.0614486 0.0296693
333000 2.90195 -0.0687639 0.0287553
334000 2.94255 -0.0610393 0.0293829
335000 3.08269 -0.0539252 0.0306241
336000 2.91925 -0.0520361 0.0289327
337000 3.04658 -0.0430622 0.0302074
338000 3.00975 -0.0524547 0.0297976
339000 3.01978 -0.0553209 0.0300858
340000 3.01528 -0.0548036 0.0298918
341000 2.94711 -0.0435878 0.0293681
342000 2.98859 -0.044488 0.0298452
343000 2.98641 -0.0414187 0.0293998
344000 3.03454 -0.0566368 0.030008
345000 2.97429 -0.0611197 0.029369
346000 2.99621 -0.0524318 0.0296879
347000 3.01457 -0.0587143 0.0298562
348000 3.03409 -0.0564814 0.0299028
349000 3.0533 -0.0449726 0.0300986
350000 2.971 -0.0494073 0.0292592
351000 3.05502 -0.0604501 0.0304162
352000 3.11568 -0.0574948 0.0309338
353000 3.05855 -0.0532279 0.0303634
354000 3.0028 -0.048115 0.0296334
355000 3.04681 -0.040464 0.0301968
356000 3.03436 -0.0501312 0.0300809
357000 2.99854 -0.0431021 0.0297143
358000 2.91491 -0.0485759 0.028818
359000 3.08 -0.0545492 0.0304923
360000 2.97869 -0.0432689 0.029672
361000 3.02992 -0.0448032 0.0303684
362000 3.03014 -0.0538489 0.0300443
363000 3.04837 -0.0460772 0.0301017
364000 2.9939 -0.045428 0.0298703
365000 2.95616 -0.0505031 0.0291085
366000 3.05065 -0.0515259 0.0301726
367000 3.00673 -0.0635342 0.029594
368000 2.99735 -0.0517991 0.0297199
369000 3.00898 -0.046761 0.0298088
370000 3.0342 -0.0504178 0.0301599
371000 2.99008 -0.0560536 0.029717
372000 2.89324 -0.0476413 0.0287483
373000 3.07859 -0.0354039 0.0310178
374000 3.05158 -0.0605508 0.0300182
375000 2.90256 -0.043809 0.0287485
376000 2.98178 -0.0717604 0.0296021
377000 3.12376 -0.0639694 0.0309686
378000 2.95666 -0.0671551 0.0293293
379000 3.02716 -0.0636418 0.0299445
380000 3.06472 -0.0507076 0.0304878
381000 2.90084 -0.03945 0.0288053
382000 2.9154 -0.0539224 0.0289481
383000 3.08501 -0.0602503 0.0305949
384000 2.88545 -0.0467445 0.0288084
385000 3.06432 -0.0413081 0.0303203
386000 3.06946 -0.0512051 0.0304809
387000 2.88296 -0.060419 0.0284244
388000 3.06258 -0.0638905 0.0301838
389000 3.02436 -0.0497777 0.0299157
390000 2.97916 -0.0607129 0.0295118
391000 3.02335 -0.0573454 0.0300593
392000 3.02978 -0.068679 0.0299199
393000 3.04136 -0.0555833 0.0305232
394000 3.04507 -0.0595794 0.0299155
395000 2.9273 -0.0504597 0.0291418
396000 3.1024 -0.0539035 0.030924
397000 2.95396 -0.0539453 0.0292348
398000 3.0296 -0.0565764 0.0301951
399000 2.9985 -0.0591919 0.0295733
400000 3.06029 -0.0541714 0.0303434
401000 2.99851 -0.0528498 0.029724
402000 2.92277 -0.0551278 0.0289769
403000 2.97566 -0.0571827 0.0296195
404000 3.05902 -0.05967 0.0305294
405000 2.92575 -0.065356 0.0287
406000 3.02156 -0.0689381 0.0299967
407000 3.0319 -0.0583431 0.0304274
408000 3.00277 -0.0563693 0.0296146
409000 3.07463 -0.053781 0.0303654
410000 2.97773 -0.0455244 0.0297067
411000 2.99964 -0.0628978 0.0294859
412000 2.92536 -0.0598118 0.028794
413000 2.9937 -0.0496815 0.0296289
414000 2.97139 -0.0543287 0.0295175
415000 2.99771 -0.053599 0.0295762
416000 3.02984 -0.0456768 0.0302137
417000 3.02445 -0.0482506 0.0300243
418000 2.99134 -0.0547442 0.0293983
419000 2.98484 -0.0518168 0.0294323
420000 3.01456 -0.0540689 0.0300232
421000 3.00024 -0.0511186 0.0296329
422000 2.99661 -0.0542182 0.0299277
423000 3.02162 -0.0601589 0.0297711
424000 3.0443 -0.0500339 0.030091
425000 2.99278 -0.0499678 0.0295418
426000 2.95973 -0.0548411 0.0292473
427000 3.08793 -0.0511306 0.0307607
428000 2.9985 -0.0463159 0.0296003
429000 2.90606 -0.0428963 0.0288457
430000 3.03017 -0.0502844 0.0297972
431000 2.93445 -0.0492474 0.0289376
432000 3.10577 -0.0469303 0.0307666
433000 2.95555 -0.050874 0.0290204
434000 2.94839 -0.0621736 0.0293995
435000 2.97176 -0.0644914 0.0293225
436000 2.98218 -0.0570569 0.0299127
437000 2.92838 -0.0648571 0.0288367
438000 2.9616 -0.0441493 0.0292285
439000 3.11015 -0.056947 0.0307476
440000 2.93856 -0.0563437 0.0290832
441000 2.99904 -0.0505199 0.0298996
442000 3.13139 -0.0553806 0.0308
443000 2.97823 -0.0615837 0.0294101
444000 2.89224 -0.0639442 0.0286378
445000 2.92968 -0.0554952 0.0289765
446000 3.1024 -0.0504756 0.0308918
447000 2.98986 -0.0566357 0.0296
448000 2.98253 -0.0619747 0.029429
449000 3.00176 -0.06271 0.0296216
450000 2.9973 -0.0695375 0.0294174
451000 2.92848 -0.0585561 0.0293608
452000 2.98997 -0.0442448 0.0297677
453000 2.98275 -0.0652456 0.0294465
454000 3.09931 -0.0616091 0.0306389
455000 2.93506 -0.0580197 0.0286548
456000 2.95868 -0.0499327 0.029833
457000 3.05196 -0.0534682 0.0302989
458000 3.0066 -0.0660706 0.0299742
459000 3.04824 -0.0781438 0.029915
460000 2.95383 -0.073343 0.0292611
461000 3.00717 -0.0552402 0.0296436
462000 3.0151 -0.0610048 0.0299409
463000 2.98009 -0.0508367 0.0294204
464000 3.02261 -0.0452045 0.0300995
465000 2.98112 -0.0594568 0.0295438
466000 2.99128 -0.0472837 0.0296819
467000 3.01661 -0.0447883 0.0301147
468000 3.02392 -0.0498689 0.0302062
469000 3.02968 -0.0540717 0.0298858
470000 2.92173 -0.0553095 0.0288864
471000 2.99644 -0.057062 0.0298171
472000 3.07505 -0.0566408 0.0302262
473000 2.95863 -0.0514056 0.0294956
474000 3.04023 -0.0427069 0.0302542
475000 2.96369 -0.0504612 0.029426
476000 3.02526 -0.054452 0.0297892
477000 3.01272 -0.0538659 0.0297905
478000 3.00017 -0.0492327 0.0297251
479000 2.99877 -0.0415412 0.0296277
480000 3.04913 -0.0520194 0.0301496
481000 3.0038 -0.0573643 0.0297265
482000 3.03964 -0.0443856 0.0302235
483000 2.9997 -0.0440187 0.0298643
484000 2.93795 -0.054202 0.0289732
485000 3.03772 -0.0521339 0.0302685
486000 2.99988 -0.0517777 0.0295599
487000 2.90703 -0.0661388 0.0289284
488000 2.9679 -0.0732547 0.0293531
489000 2.93744 -0.0660515 0.0289854
490000 3.09194 -0.0486669 0.0304868
491000 2.96155 -0.0500852 0.0294151
492000 2.97144 -0.0602194 0.0293284
493000 3.01551 -0.0548186 0.0298082
494000 3.03686 -0.0500903 0.0302668
495000 2.97828 -0.0608111 0.0294507
496000 2.92495 -0.0671184 0.0286683
497000 2.95088 -0.0699453 0.0291885
498000 3.03484 -0.0593687 0.0303877
499000 3.06351 -0.0521962 0.0304026
500000 2.88606 -0.0424265 0.0286305
501000 3.03124 -0.0560645 0.0298466
502000 3.08271 -0.05495 0.0306167
503000 3.01718 -0.0490539 0.0300834
504000 2.96352 -0.0565466 0.0290506
505000 3.13518 -0.0519136 0.0312394
506000 2.98439 -0.056471 0.0294634
507000 2.90864 -0.0436453 0.0289488
508000 3.01967 -0.048919 0.0304895
509000 2.98019 -0.0635263 0.0295078
510000 3.02017 -0.0610539 0.02983
511000 2.99073 -0.0544421 0.0295345
512000 2.92873 -0.0422507 0.0290416
513000 3.12039 -0.0517153 0.0309557
514000 3.07411 -0.0457008 0.0304153
515000 2.93012 -0.0369814 0.029169
516000 2.98897 -0.0581042 0.0296966
517000 3.10063 -0.0578263 0.0307511
518000 2.91055 -0.0575307 0.0288818
519000 3.00053 -0.0513954 0.0296271
520000 3.00909 -0.0428828 0.029874
521000 3.07925 -0.0477989 0.0304195
522000 2.9656 -0.0620699 0.0294151
523000 2.9682 -0.0553143 0.0294288
524000 3.05352 -0.0522571 0.0302966
525000 2.8865 -0.0497638 0.0284321
526000 3.12444 -0.0533794 0.0311488
527000 2.90188 -0.0352746 0.0290271
528000 3.08377 -0.0499349 0.0306596
529000 2.90763 -0.0439472 0.0288339
530000 2.98449 -0.0500264 0.0295376
531000 3.02975 -0.0483288 0.0302024
532000 3.10576 -0.0623753 0.030569
533000 2.99428 -0.0495805 0.0297696
534000 3.06393 -0.0462244 0.0303839
535000 3.06928 -0.0405673 0.030521
536000 3.06475 -0.0602946 0.03021
537000 3.0687 -0.0502305 0.0309442
538000 2.98663 -0.0560398 0.0295135
539000 2.95073 -0.0492895 0.0292443
540000 3.07499 -0.0428142 0.0307444
541000 2.9633 -0.0515374 0.0292115
542000 3.00381 -0.04582 0.0298414
543000 2.99847 -0.0653204 0.0297975
544000 2.96304 -0.0548578 0.0295939
545000 2.99542 -0.056678 0.0296903
546000 3.04789 -0.0476507 0.0304317
547000 2.91441 -0.0435444 0.0288616
548000 2.95231 -0.0493847 0.0294082
549000 2.94841 -0.0542084 0.0292913
550000 2.93823 -0.053215 0.0294166
551000 3.12905 -0.0576901 0.030683
552000 2.89704 -0.0465566 0.0287383
553000 3.0419 -0.0471722 0.0300963
554000 2.94985 -0.0450725 0.0296248
555000 2.96394 -0.0534471 0.0294455
556000 2.91773 -0.063358 0.0289416
557000 3.05952 -0.0489544 0.0305542
558000 2.96664 -0.0564596 0.0293635
559000 2.96238 -0.0684524 0.0293923
560000 2.92932 -0.0667612 0.0288342
561000 3.1072 -0.0512866 0.0306348
562000 3.03102 -0.0473238 0.0300103
563000 3.06732 -0.047395 0.0305959
564000 3.04265 -0.053699 0.0302378
565000 2.88426 -0.0453368 0.0288436
566000 3.08349 -0.050592 0.0305078
567000 3.0059 -0.0543313 0.0295354
568000 3.02363 -0.0411549 0.0299127
569000 2.98106 -0.043874 0.0296329
570000 2.98073 -0.0537401 0.0296833
571000 3.09231 -0.0621565 0.0302803
572000 3.0695 -0.0577906 0.0303877
573000 2.96869 -0.0550418 0.0294839
574000 2.89402 -0.06258 0.0286008
575000 2.92223 -0.0607339 0.0287903
576000 2.97513 -0.0649229 0.0296469
577000 2.93828 -0.0616733 0.0290424
578000 3.01137 -0.0490004 0.0300374
579000 2.93858 -0.0616973 0.0289669
580000 3.03763 -0.0575947 0.030029
581000 3.07876 -0.0592887 0.0306791
582000 2.98436 -0.0714098 0.0293109
583000 3.0307 -0.0561545 0.0301931
584000 3.11521 -0.0552618 0.0310561
585000 3.01907 -0.0705055 0.0297431
586000 2.95949 -0.0558808 0.029198
587000 2.99887 -0.0546372 0.0296582
588000 3.07285 -0.0545225 0.030485
589000 2.89247 -0.0478487 0.0286107
590000 3.13233 -0.0602735 0.0310683
591000 3.02555 -0.0648678 0.0300666
592000 2.96856 -0.0488301 0.0293419
593000 2.93949 -0.0721527 0.0289943
594000 2.98791 -0.0646977 0.0294399
595000 2.95894 -0.0684915 0.0293541
596000 2.9828 -0.0464594 0.0296629
597000 3.07819 -0.0578971 0.0305686
598000 2.92308 -0.0519101 0.029146
599000 2.99794 -0.059611 0.0296774
600000 3.08044 -0.0528611 0.0305149
601000 2.90956 -0.0597092 0.0287865
602000 3.05139 -0.051257 0.0302
603000 2.94109 -0.0413669 0.0292917
604000 2.98677 -0.0578276 0.0297352
605000 3.07837 -0.0681153 0.0304371
606000 2.93131 -0.05777 0.0288842
607000 2.97964 -0.0415393 0.0297485
608000 3.02793 -0.0569678 0.0302278
609000 3.04236 -0.0473113 0.0303732
610000 3.08175 -0.0482875 0.0308261
611000 2.99023 -0.0530054 0.0299673
612000 2.97615 -0.0561427 0.0294757
613000 2.99761 -0.0482393 0.0296033
614000 3.02842 -0.0730244 0.0302492
615000 3.00801 -0.0770642 0.0295871
616000 2.95947 -0.0656253 0.0291511
617000 2.98614 -0.0496168 0.0299604
618000 3.13419 -0.051554 0.031097
619000 2.95114 -0.0437209 0.029343
620000 2.9114 -0.0525507 0.0288976
621000 3.07032 -0.0589589 0.0302278
622000 2.87006 -0.0508914 0.0286569
623000 3.02147 -0.059107 0.0299051
624000 3.0613 -0.0440949 0.030488
625000 2.99973 -0.0489286 0.0296647
626000 2.90735 -0.0497613 0.0287716
627000 3.07432 -0.0463184 0.0305303
628000 2.95915 -0.0433284 0.0296912
629000 2.99596 -0.0505668 0.0296034
630000 2.9337 -0.0595681 0.0290233
631000 3.02112 -0.0514293 0.0299853
632000 3.02019 -0.0543811 0.0301469
633000 2.96913 -0.0558962 0.0292225
634000 2.97121 -0.0763206 0.0291798
635000 2.99694 -0.0646915 0.0298408
636000 3.04636 -0.0477367 0.030018
637000 3.01745 -0.0561843 0.0299777
638000 3.02055 -0.0533838 0.0299423
639000 2.91543 -0.0559926 0.0288483
640000 2.91098 -0.061192 0.0288641
641000 2.92066 -0.0466949 0.0290601
642000 3.0679 -0.0570058 0.0304148
643000 2.99106 -0.0529222 0.0294964
644000 2.99144 -0.0560546 0.0296125
645000 3.03008 -0.0591136 0.0299327
646000 3.00019 -0.0670129 0.0299269
647000 2.95539 -0.0573402 0.029113
648000 2.99537 -0.0453715 0.0297363
649000 2.92123 -0.0426139 0.0290658
650000 2.96701 -0.0618263 0.02919
651000 3.00393 -0.0487708 0.0298056
652000 3.02184 -0.0591733 0.029751
653000 2.98255 -0.0500116 0.0293959
654000 3.05161 -0.0664179 0.0302641
655000 3.00592 -0.064992 0.0297869
656000 3.03395 -0.061259 0.0302101
657000 2.9356 -0.0538066 0.0289605
658000 3.11537 -0.0496288 0.0308277
659000 2.92474 -0.0641976 0.0287617
660000 2.9953 -0.0541437 0.0296254
661000 3.0551 -0.0651052 0.0301573
662000 2.97541 -0.0541495 0.0294793
663000 2.99132 -0.0464653 0.0301028
664000 3.05165 -0.0554213 0.029952
665000 2.92232 -0.0625547 0.0287965
666000 3.03169 -0.0639365 0.0298883
667000 3.03736 -0.0523399 0.0300755
668000 2.99162 -0.0433941 0.0297639
669000 2.97102 -0.0516609 0.0294675
670000 2.97613 -0.0428748 0.0296205
671000 3.06611 -0.0536329 0.0304081
672000 2.96634 -0.0620307 0.0294269
673000 3.03024 -0.0416334 0.0301869
674000 3.04775 -0.051706 0.0301934
675000 2.91326 -0.0470978 0.028767
676000 3.04581 -0.0366301 0.0302448
677000 2.96723 -0.0354722 0.0295983
678000 3.02753 -0.0427909 0.0302132
679000 2.98839 -0.0470443 0.0294529
680000 2.96104 -0.0473437 0.0291597
681000 3.04259 -0.0583264 0.0302839
682000 2.97802 -0.0517082 0.0294005
683000 3.00216 -0.0444587 0.0299068
684000 3.05505 -0.0520088 0.0304408
685000 2.91759 -0.0488248 0.0291277
686000 3.04559 -0.0721339 0.0301725
687000 3.01549 -0.0630246 0.029722
688000 2.9702 -0.0512683 0.0293038
689000 3.08019 -0.0529642 0.030611
690000 3.08358 -0.0547723 0.0306488
691000 2.99012 -0.0548717 0.0296358
692000 2.97594 -0.044932 0.0294022
693000 2.93503 -0.0487716 0.0293361
694000 3.07157 -0.0495059 0.0302556
695000 2.91321 -0.0534072 0.02873
696000 3.13392 -0.0598281 0.0310977
697000 3.0086 -0.0662474 0.0297386
698000 3.06481 -0.0693027 0.0302189
699000 2.88474 -0.0661192 0.0287815
700000 3.05561 -0.073944 0.0302275
701000 3.03073 -0.0858016 0.0297246
702000 2.89056 -0.072267 0.0284334
703000 3.02806 -0.0498527 0.0301845
704000 3.02082 -0.055087 0.0303954
705000 2.9843 -0.0439867 0.0297084
706000 2.98545 -0.0442656 0.0298071
707000 2.93442 -0.0591623 0.0289368
708000 3.01033 -0.0540392 0.0296911
709000 2.9927 -0.0632095 0.0296012
710000 3.08653 -0.0616665 0.0302948
711000 3.01216 -0.0537414 0.0299498
712000 2.91376 -0.0487675 0.028927
713000 3.02893 -0.0621825 0.0299726
714000 3.00029 -0.0529579 0.0296753
715000 2.97184 -0.0522586 0.0295121
716000 2.95136 -0.0440935 0.0294326
717000 3.0198 -0.0527435 0.0299904
718000 2.99549 -0.0488501 0.0298741
719000 3.03463 -0.0586848 0.0299779
720000 2.92154 -0.0462258 0.0289217
721000 2.94391 -0.0640421 0.0292613
722000 3.06201 -0.0642674 0.0300363
723000 3.05125 -0.0508382 0.0302176
724000 2.93364 -0.0601726 0.0292337
725000 2.97648 -0.0462888 0.0295194
726000 3.10286 -0.0484016 0.0309662
727000 3.06887 -0.0374114 0.0307016
728000 2.96801 -0.0480154 0.0296479
729000 3.06502 -0.0461276 0.0304667
730000 3.09539 -0.0506504 0.0304089
731000 2.91197 -0.0584138 0.0287648
732000 3.05154 -0.0546494 0.0304313
733000 3.06772 -0.0604037 0.0302117
734000 2.90204 -0.0559367 0.0287334
735000 3.12109 -0.0434377 0.0309354
736000 2.89105 -0.0551406 0.028597
737000 2.94789 -0.0605993 0.0290995
738000 2.9997 -0.0517702 0.0296444
739000 2.94091 -0.0597412 0.0288782
740000 2.92206 -0.0531136 0.028752
741000 2.9559 -0.0622156 0.0292547
742000 3.03923 -0.0539029 0.0299843
743000 2.98724 -0.0547861 0.0295763
744000 2.89985 -0.0572156 0.028648
745000 3.07491 -0.045726 0.0303373
746000 3.04757 -0.0453042 0.0302154
747000 2.90363 -0.0476944 0.0288089
748000 3.07328 -0.0564187 0.0303152
749000 3.09376 -0.0472132 0.0308996
750000 2.94571 -0.0525586 0.0290706
751000 3.01536 -0.0496475 0.0296394
752000 2.99285 -0.051007 0.0295654
753000 3.00693 -0.0520064 0.0295809
754000 2.92144 -0.0475547 0.0290326
755000 2.87702 -0.0461634 0.0285995
756000 2.95424 -0.0521038 0.0296049
757000 3.07061 -0.0487601 0.0301027
758000 3.11527 -0.0536506 0.0309049
759000 2.92337 -0.051101 0.0291941
760000 3.02032 -0.0522636 0.0300263
761000 3.03896 -0.0439883 0.0305086
762000 2.98524 -0.0516933 0.0296694
763000 3.05211 -0.0718551 0.0301485
764000 2.98678 -0.070882 0.0296031
765000 2.97655 -0.0489612 0.0298116
766000 2.97247 -0.0544637 0.0294664
767000 3.05223 -0.0522205 0.0302622
768000 3.00185 -0.0531059 0.0297185
769000 2.963 -0.0352184 0.0293931
770000 3.01361 -0.0580514 0.0297436
771000 2.98085 -0.0592743 0.0296092
772000 2.97157 -0.0474347 0.0294918
773000 3.01096 -0.0485397 0.0296329
774000 3.01724 -0.0513619 0.0298683
775000 2.97691 -0.0748611 0.0294281
776000 2.97632 -0.0630469 0.0295319
777000 2.9581 -0.0488934 0.0293742
778000 2.96902 -0.0505414 0.0294002
779000 3.02174 -0.0477584 0.0300534
780000 3.02109 -0.053776 0.0301853
781000 2.91603 -0.0518362 0.028917
782000 3.01443 -0.0429365 0.0298063
783000 3.00668 -0.0430337 0.0298376
784000 2.99707 -0.0455494 0.0297663
785000 3.00914 -0.0423478 0.0298349
786000 3.02878 -0.0473112 0.0300351
787000 3.00578 -0.0520292 0.0297975
788000 3.03849 -0.0505634 0.0301413
789000 2.91653 -0.0577933 0.0288468
790000 3.0115 -0.0570098 0.0297248
791000 3.01422 -0.050956 0.0297668
792000 3.07383 -0.0424451 0.0305365
793000 2.94875 -0.0386222 0.0294375
794000 3.0606 -0.053164 0.0302027
795000 2.97473 -0.0527439 0.0293268
796000 2.86749 -0.0648247 0.0281593
797000 2.94976 -0.0577856 0.0294503
798000 3.0318 -0.0610669 0.0299746
799000 3.02408 -0.0674017 0.029898
800000 2.99902 -0.0703 0.0297743
801000 2.9601 -0.0663778 0.0293277
802000 2.93067 -0.0622284 0.0287535
803000 2.99259 -0.0834388 0.0293704
804000 2.93 -0.065673 0.0289328
805000 2.9896 -0.0709454 0.0296267
806000 2.93141 -0.059692 0.0292295
807000 3.07732 -0.0478159 0.0306158
808000 2.89039 -0.0488596 0.0285228
809000 3.02832 -0.0466134 0.0304077
810000 3.03812 -0.0566873 0.0298311
811000 2.92359 -0.0562766 0.0291128
812000 3.03209 -0.0566519 0.0301047
813000 2.96372 -0.0577855 0.029413
814000 2.93582 -0.0613832 0.0290234
815000 3.14387 -0.0513733 0.0309809
816000 3.02582 -0.0503565 0.0301523
817000 2.87724 -0.049471 0.0286296
818000 2.91431 -0.0552138 0.028815
819000 2.99334 -0.0580349 0.0295109
820000 3.05217 -0.0561678 0.030169
821000 3.02718 -0.0598504 0.0300704
822000 3.00575 -0.0707556 0.0296498
823000 2.91745 -0.0670652 0.0289175
824000 3.02134 -0.0536829 0.0301112
825000 2.98985 -0.0447029 0.0296894
826000 3.02532 -0.0495701 0.0300269
827000 2.96166 -0.0451472 0.0296019
828000 2.96928 -0.0609782 0.0292143
829000 3.00378 -0.0385832 0.0300454
830000 2.98155 -0.0432904 0.0295685
831000 3.03009 -0.0470606 0.0300778
832000 2.96111 -0.0624707 0.0293215
833000 3.07259 -0.0441529 0.0308569
834000 2.90262 -0.0556515 0.0288147
835000 3.07695 -0.0412716 0.0305758
836000 2.97558 -0.0523383 0.0296388
837000 3.00784 -0.0480237 0.0298073
838000 3.01256 -0.0379438 0.0299791
839000 3.04036 -0.0417492 0.0300149
840000 3.02806 -0.0525718 0.0299227
841000 2.90775 -0.0485862 0.0286794
842000 2.919 -0.0553703 0.029023
843000 2.98906 -0.0560202 0.0297445
844000 3.0262 -0.0554729 0.029919
845000 3.0039 -0.0574358 0.0297895
846000 3.03106 -0.042112 0.0298875
847000 3.00216 -0.0444228 0.0297972
848000 3.0173 -0.0406199 0.0301253
849000 3.0256 -0.0604692 0.030154
850000 2.94128 -0.0587322 0.0291153
851000 3.02808 -0.0466437 0.0299014
852000 3.08768 -0.0621913 0.0305096
853000 3.02189 -0.0549003 0.0297359
854000 2.97259 -0.0535256 0.0294889
855000 2.98747 -0.0600838 0.029536
856000 3.08656 -0.0565824 0.0305164
857000 2.94302 -0.0550362 0.0291923
858000 2.97787 -0.060275 0.0294709
859000 3.06843 -0.046319 0.0304835
860000 2.977 -0.0522271 0.0292057
861000 2.93647 -0.0402579 0.029271
862000 2.9849 -0.0496633 0.0296461
863000 2.99146 -0.0466634 0.0297461
864000 3.11782 -0.0475226 0.0310731
865000 2.88904 -0.0464965 0.0286475
866000 3.06558 -0.0517275 0.0304166
867000 3.03421 -0.0488702 0.030217
868000 3.01515 -0.0530608 0.0299153
869000 3.03042 -0.0511503 0.0301348
870000 3.01348 -0.0559113 0.0297626
871000 3.07771 -0.0567655 0.0304676
872000 2.88488 -0.0546244 0.0285984
873000 3.06948 -0.0408725 0.0305033
874000 3.0124 -0.0604667 0.0298635
875000 2.98941 -0.0632537 0.0296331
876000 3.10311 -0.0469214 0.0310473
877000 2.98086 -0.0466734 0.0293859
878000 2.90446 -0.0605231 0.028583
879000 3.03206 -0.0582298 0.0301606
880000 3.09606 -0.0547088 0.0306264
881000 2.8989 -0.0592486 0.0286205
882000 3.02668 -0.0533754 0.0301555
883000 3.04283 -0.0330277 0.0304167
884000 2.88362 -0.0632961 0.0285392
885000 2.93796 -0.0481976 0.0292549
886000 3.00161 -0.0440496 0.0296808
887000 3.02807 -0.0540457 0.0298566
888000 3.05531 -0.0591982 0.0302457
889000 2.91031 -0.0462814 0.0287801
890000 3.02589 -0.0406249 0.0302935
891000 3.03072 -0.0475755 0.0299562
892000 2.9829 -0.0465182 0.029805
893000 3.03055 -0.0554403 0.0298536
894000 2.96404 -0.0576415 0.0291379
895000 2.99661 -0.0415412 0.0299226
896000 3.00732 -0.044497 0.0300276
897000 2.97139 -0.047661 0.0295113
898000 3.09805 -0.0583445 0.0307865
899000 3.02683 -0.0653249 0.0298076
900000 3.04025 -0.0688462 0.0300475
901000 3.05158 -0.0657701 0.0300014
902000 2.97309 -0.0598558 0.0293246
903000 3.08898 -0.0641646 0.0304984
904000 2.99025 -0.0529755 0.0294138
905000 2.90413 -0.0445606 0.0288396
906000 3.04201 -0.0424922 0.0303035
907000 3.06618 -0.0428722 0.0303887
908000 2.92606 -0.0379831 0.0289519
909000 2.993 -0.0548189 0.0297845
910000 3.08703 -0.0455375 0.0306924
911000 2.87033 -0.0471028 0.0284079
912000 3.06778 -0.0500989 0.0304488
913000 2.8917 -0.0481583 0.028885
914000 3.09477 -0.0643262 0.0307293
915000 3.06241 -0.0468334 0.0305381
916000 2.97804 -0.0527603 0.0297053
917000 2.95934 -0.050018 0.029308
918000 2.96916 -0.0494375 0.0295592
919000 3.02159 -0.0484793 0.0299842
920000 2.97212 -0.0522472 0.0293413
921000 2.97498 -0.0668778 0.0293478
922000 3.02214 -0.055694 0.0298813
923000 3.01263 -0.0544564 0.0298489
924000 3.01984 -0.0556469 0.0302116
925000 2.96718 -0.0441245 0.0296152
926000 3.04984 -0.0613134 0.030142
927000 3.02193 -0.0550203 0.0297146
928000 2.92737 -0.0474149 0.0289557
929000 3.02181 -0.0444518 0.0299568
930000 3.00638 -0.072929 0.0295853
931000 3.05656 -0.0632808 0.0302603
932000 3.05689 -0.0637067 0.0303458
933000 2.90985 -0.0646745 0.02861
934000 3.04668 -0.0634527 0.030172
935000 3.04259 -0.0621705 0.0300284
936000 2.96138 -0.0380335 0.0296468
937000 3.00356 -0.0547093 0.0294366
938000 2.97717 -0.0592667 0.029448
939000 2.95895 -0.0488724 0.0294136
940000 3.00442 -0.0561362 0.0297899
941000 3.02678 -0.0585987 0.02981
942000 3.03859 -0.048879 0.030224
943000 2.98208 -0.0467152 0.0296109
944000 2.97504 -0.0584354 0.0295047
945000 3.0231 -0.0529983 0.0297281
946000 2.95742 -0.062286 0.0291359
947000 2.95479 -0.0625384 0.0291087
948000 3.07978 -0.0731401 0.0303601
949000 3.00042 -0.0574435 0.0298854
950000 3.02088 -0.0603365 0.0300635
951000 2.93644 -0.0632182 0.0289935
952000 3.02583 -0.0465998 0.0301748
953000 3.06243 -0.0568528 0.0303074
954000 3.04349 -0.056321 0.0302741
955000 2.90057 -0.0540912 0.0287317
956000 3.02952 -0.0590672 0.0301642
957000 2.99564 -0.0672111 0.0296284
958000 3.01049 -0.046259 0.0299841
959000 2.96897 -0.0442644 0.0293219
960000 3.07618 -0.0363464 0.0307146
961000 3.11211 -0.0553154 0.0309835
962000 2.9908 -0.0576441 0.0295617
963000 2.90698 -0.0593789 0.0286855
964000 3.11292 -0.0534509 0.030948
965000 2.92215 -0.054943 0.0290295
966000 3.08179 -0.0479168 0.0304296
967000 2.88786 -0.0577762 0.0284917
968000 2.91597 -0.0582991 0.0288958
969000 3.05361 -0.0470401 0.0304003
970000 3.01596 -0.0373757 0.0301333
971000 3.07053 -0.0482939 0.0307976
972000 2.98818 -0.051109 0.0296881
973000 2.99943 -0.0517777 0.0296652
974000 3.06499 -0.0545322 0.0302177
975000 2.93146 -0.0573842 0.0291861
976000 2.97585 -0.0440144 0.029617
977000 3.04459 -0.0533575 0.0300053
978000 3.04394 -0.0643213 0.0302099
979000 2.98928 -0.0488877 0.0293747
980000 2.9856 -0.0408812 0.029729
981000 2.88942 -0.048637 0.0286505
982000 3.01417 -0.0538065 0.0299175
983000 3.08785 -0.0536813 0.0304101
984000 2.95578 -0.0503277 0.0294222
985000 2.92487 -0.0474962 0.0289732
986000 3.1108 -0.0465493 0.030716
987000 3.06513 -0.0457011 0.0303171
988000 2.93407 -0.0593538 0.0288128
989000 3.03712 -0.0520225 0.030062
990000 2.96497 -0.0474664 0.0292809
991000 3.01655 -0.0421064 0.0298338
992000 3.08134 -0.0388167 0.0306167
993000 2.88919 -0.0425708 0.0284429
994000 3.04483 -0.0443467 0.0304922
995000 3.02001 -0.06147 0.0301792
996000 2.99667 -0.0617392 0.029833
997000 2.94485 -0.0505165 0.0291653
998000 2.96597 -0.062364 0.0294561
999000 2.99814 -0.0524583 0.029522
1000000 2.97877 -0.0514203 0.0298132
1001000 2.93937 -0.0549564 0.0290645
1002000 3.11221 -0.0447591 0.0313105
1003000 2.87726 -0.0584003 0.0283528
1004000 3.03711 -0.0576494 0.0301358
1005000 3.04789 -0.0644182 0.0300224
1006000 2.98949 -0.0542344 0.029888
1007000 3.11023 -0.05751 0.0309277
1008000 2.91894 -0.0522593 0.0289334
1009000 3.07425 -0.0563982 0.0305024
1010000 3.0288 -0.0532226 0.0300773
1011000 2.90637 -0.051509 0.0289854
1012000 3.04937 -0.0385958 0.0306382
1013000 2.92162 -0.0511717 0.0290318
1014000 3.09044 -0.0538177 0.030465
1015000 2.90556 -0.0462176 0.0287752
1016000 2.93133 -0.0577479 0.0288669
1017000 3.0122 -0.0608582 0.0296377
1018000 2.9251 -0.061639 0.0287259
1019000 2.88896 -0.0524784 0.0285293
1020000 3.0156 -0.0515428 0.0298918
1021000 3.0518 -0.0571178 0.0302937
1022000 3.04044 -0.0543956 0.0299341
1023000 2.96856 -0.0507371 0.0293458
1024000 3.04558 -0.0567178 0.0300722
1025000 3.00491 -0.0445973 0.0300574
1026000 2.91455 -0.0457941 0.0291139
1027000 3.04294 -0.0605512 0.0299992
1028000 3.06238 -0.051123 0.0304208
1029000 2.99869 -0.0519792 0.0297304
1030000 3.02029 -0.0523551 0.0299494
1031000 2.95652 -0.0428752 0.0294622
1032000 3.03443 -0.0575709 0.0299328
1033000 3.05404 -0.0584726 0.0300929
1034000 3.00721 -0.055432 0.0298364
1035000 3.08301 -0.0526923 0.0304961
1036000 2.98792 -0.0554996 0.0295482
1037000 3.05801 -0.0481418 0.0303193
1038000 3.08148 -0.0462864 0.0304886
1039000 2.95196 -0.0559524 0.0291872
1040000 3.03325 -0.0587866 0.0301619
1041000 2.97748 -0.047433 0.0294692
1042000 3.0473 -0.0466832 0.030237
1043000 3.05521 -0.0547257 0.0300868
1044000 3.07754 -0.0499963 0.030339
1045000 2.9927 -0.0423767 0.029691
1046000 2.92428 -0.0456286 0.0291776
1047000 3.06874 -0.0536722 0.0304219
1048000 3.00219 -0.0538876 0.0296504
1049000 2.94898 -0.0578646 0.0292439
1050000 3.00682 -0.0634746 0.0296125
1051000 3.02441 -0.0668648 0.0300606
1052000 3.0244 -0.0576471 0.0302253
1053000 2.97619 -0.0640432 0.0294098
1054000 2.94339 -0.0592154 0.0290387
1055000 3.01455 -0.0545082 0.0298257
1056000 2.97022 -0.0513969 0.0295542
1057000 3.01001 -0.0761218 0.029579
1058000 3.02078 -0.0756773 0.029677
1059000 3.01595 -0.0524754 0.0296366
1060000 2.97104 -0.0761497 0.0292457
1061000 3.0273 -0.0568641 0.030017
1062000 2.92238 -0.0489103 0.0290476
1063000 2.90805 -0.0532659 0.0289495
1064000 3.06608 -0.0642175 0.0303505
1065000 2.98086 -0.0550273 0.0298363
1066000 3.02374 -0.0526248 0.0298724
1067000 3.04129 -0.0476403 0.0301982
1068000 3.02599 -0.0537152 0.0300599
1069000 2.90398 -0.058858 0.0287078
1070000 3.02146 -0.0572838 0.0301129
1071000 3.04276 -0.0590618 0.0298933
1072000 3.01924 -0.0622862 0.0298654
1073000 3.03952 -0.0657579 0.0301462
1074000 3.01955 -0.0546771 0.030043
1075000 2.96801 -0.0431901 0.0295098
1076000 2.99355 -0.0507201 0.0295883
1077000 3.02703 -0.0538237 0.0298166
1078000 3.09272 -0.051251 0.0305978
1079000 2.97003 -0.067004 0.0293596
1080000 2.99456 -0.0548941 0.0298008
1081000 2.91438 -0.0546649 0.0287728
1082000 3.02871 -0.0433752 0.0299083
1083000 2.95793 -0.0412934 0.0293162
1084000 2.9246 -0.0474766 0.0290557
1085000 2.96737 -0.0639263 0.0294079
1086000 2.94114 -0.0487635 0.0292965
1087000 2.97108 -0.0604513 0.0294445
1088000 3.10703 -0.0380524 0.0309965
1089000 2.97167 -0.0449273 0.0295952
1090000 3.03224 -0.0499852 0.0300813
1091000 3.0037 -0.0639556 0.0298164
1092000 3.06874 -0.0479886 0.0302031
1093000 3.0053 -0.0560327 0.0299352
1094000 3.02489 -0.082429 0.0295043
1095000 2.94144 -0.0619057 0.0290687
1096000 3.02637 -0.0541753 0.030205
1097000 3.05055 -0.0501206 0.0304534
1098000 3.01423 -0.0503241 0.0301775
1099000 3.04431 -0.0585677 0.0301168
1100000 3.02573 -0.0574987 0.029868
