# Time-averaged data for fix 2
# TimeStep v_Temperature v_PotentialEnergy v_Pressure
1000 0.952557 -0.0858594 0.0089984
2000 0.890679 -0.0975429 0.00828589
3000 0.891282 -0.113844 0.00815379
4000 0.907696 -0.109885 0.00824957
5000 0.878036 -0.0999155 0.00818158
6000 0.929556 -0.0939109 0.00882592
7000 0.888837 -0.101925 0.00832941
8000 0.916254 -0.120092 0.00858207
9000 0.858279 -0.100539 0.00807627
10000 0.897252 -0.0786793 0.00847401
11000 0.93201 -0.118655 0.00852364
12000 0.85591 -0.108182 0.00770123
13000 0.927247 -0.0936391 0.00875676
14000 0.879773 -0.0950368 0.00820793
15000 0.901506 -0.100513 0.00842769
16000 0.903767 -0.0995299 0.00845135
17000 0.916787 -0.0990067 0.00870694
18000 0.915738 -0.100973 0.0085551
19000 0.890684 -0.096863 0.0083332
20000 0.890228 -0.0889119 0.00831863
21000 0.883658 -0.0884624 0.00841775
22000 0.864274 -0.108088 0.00815501
23000 0.87479 -0.0776521 0.00829031
24000 0.914367 -0.0866119 0.00854223
25000 0.902424 -0.070211 0.00852073
26000 0.918996 -0.0772335 0.00879858
27000 0.895692 -0.0766925 0.0083973
28000 0.913991 -0.0878493 0.00857506
29000 0.900052 -0.0697628 0.00855115
30000 0.882276 -0.0801815 0.0082219
31000 0.888427 -0.0807425 0.00839471
32000 0.899278 -0.0736305 0.00849095
33000 0.888631 -0.0830319 0.00840275
34000 0.885937 -0.0806763 0.00835903
35000 0.927552 -0.0836479 0.0088758
36000 0.907336 -0.0926684 0.00860204
37000 0.900203 -0.11847 0.00853425
38000 0.901449 -0.138132 0.00827858
39000 0.866602 -0.117317 0.00796965
40000 0.907171 -0.109538 0.00849984
41000 0.92499 -0.0901118 0.00882578
42000 0.870416 -0.109891 0.00800717
43000 0.918514 -0.0832631 0.0087529
44000 0.869878 -0.0998082 0.00823318
45000 0.92265 -0.085191 0.00873776
46000 0.862709 -0.0898856 0.00812284
47000 0.909467 -0.0942643 0.00873327
48000 0.912185 -0.0719814 0.00872502
49000 0.899841 -0.0970782 0.00828756
50000 0.877419 -0.103785 0.0080436
51000 0.885035 -0.0799432 0.00840429
52000 0.893521 -0.0973157 0.00838314
53000 0.892529 -0.086841 0.00849589
54000 0.87955 -0.084768 0.00835331
55000 0.91438 -0.0736397 0.00866219
56000 0.890154 -0.0532047 0.00858028
57000 0.930682 -0.0505681 0.00893705
58000 0.89289 -0.0655804 0.00856385
59000 0.896935 -0.0667298 0.00847864
60000 0.911053 -0.0840038 0.00864214
61000 0.881226 -0.099745 0.00833687
62000 0.871648 -0.0943565 0.0080694
63000 0.905333 -0.0835252 0.00851636
64000 0.890125 -0.0767657 0.00834295
65000 0.874018 -0.0858269 0.00823062
66000 0.936703 -0.0712874 0.00891366
67000 0.885649 -0.0743024 0.00835722
68000 0.875745 -0.0751413 0.00832463
69000 0.913803 -0.0978305 0.00848008
70000 0.909093 -0.102147 0.00854817
71000 0.889825 -0.0699081 0.0084753
72000 0.894729 -0.0612091 0.00860555
73000 0.890208 -0.0709143 0.00843253
74000 0.887267 -0.0684939 0.00852662
75000 0.898557 -0.0629601 0.00860744
76000 0.899744 -0.0756591 0.00869694
77000 0.90694 -0.0650229 0.00861829
78000 0.919587 -0.101926 0.00862278
79000 0.908719 -0.109546 0.00835318
80000 0.878857 -0.108355 0.00820551
81000 0.928189 -0.0960218 0.0088545
82000 0.86555 -0.102558 0.00817617
83000 0.899549 -0.106096 0.00842543
84000 0.889941 -0.126931 0.00834719
85000 0.904091 -0.111041 0.00848624
86000 0.874977 -0.107725 0.0081023
87000 0.917674 -0.0768226 0.00875111
88000 0.869695 -0.093741 0.00822325
89000 0.92442 -0.0827936 0.00885777
90000 0.891412 -0.0875915 0.00841477
91000 0.886311 -0.0859392 0.00839931
92000 0.88961 -0.0957169 0.00851353
93000 0.916051 -0.0848146 0.00872616
94000 0.859878 -0.0857608 0.00809253
95000 0.914866 -0.0771838 0.00857801
96000 0.872531 -0.0834638 0.00820585
97000 0.875849 -0.0925593 0.00825541
98000 0.914945 -0.114608 0.00840979
99000 0.899886 -0.109608 0.00829158
100000 0.932078 -0.0880599 0.00874926
101000 0.886059 -0.0700306 0.00832815
102000 0.908735 -0.0899293 0.00860997
103000 0.920206 -0.121705 0.00865012
104000 0.899408 -0.124165 0.00829291
105000 0.921468 -0.138052 0.00848713
106000 0.895825 -0.137044 0.00811615
107000 0.899261 -0.133974 0.00833709
108000 0.888308 -0.105002 0.00831708
109000 0.906784 -0.0874501 0.00848018
110000 0.890547 -0.0863058 0.00825503
111000 0.936291 -0.0842212 0.00873241
112000 0.916238 -0.0914742 0.00851219
113000 0.887904 -0.10229 0.00832376
114000 0.924271 -0.113033 0.00849901
115000 0.92537 -0.0824735 0.00874455
116000 0.875917 -0.0823564 0.00828696
117000 0.906399 -0.0867216 0.00857065
118000 0.935034 -0.0791439 0.00887537
119000 0.899678 -0.077698 0.00848261
120000 0.894016 -0.109529 0.00825247
121000 0.898495 -0.103358 0.00825746
122000 0.91278 -0.0874565 0.00856266
123000 0.89611 -0.0806332 0.00851123
124000 0.919276 -0.106706 0.00857338
125000 0.889107 -0.120022 0.00819094
126000 0.911961 -0.102497 0.00855107
127000 0.873734 -0.0953998 0.00803384
128000 0.891712 -0.0854289 0.00836647
129000 0.917753 -0.0876474 0.00863057
130000 0.900503 -0.0911192 0.00844033
131000 0.889438 -0.0827889 0.00835784
132000 0.925168 -0.0924622 0.00868945
133000 0.916564 -0.0764479 0.00883708
134000 0.908415 -0.0648695 0.00875201
135000 0.88604 -0.0835909 0.00841447
136000 0.9154 -0.0790802 0.0086251
137000 0.890491 -0.0669264 0.00854427
138000 0.908239 -0.0700859 0.00865008
139000 0.88671 -0.0954181 0.00850743
140000 0.903748 -0.103718 0.00844305
141000 0.90861 -0.0988691 0.00850592
142000 0.914357 -0.0761582 0.00860533
143000 0.871994 -0.0810706 0.00818366
144000 0.91714 -0.0914166 0.00856393
145000 0.922833 -0.0785726 0.00870335
146000 0.871315 -0.0748595 0.00818669
147000 0.887719 -0.0936457 0.00835004
148000 0.905423 -0.0951237 0.00862147
149000 0.890829 -0.0743044 0.0085286
150000 0.907566 -0.0684846 0.00857065
151000 0.914028 -0.0941047 0.00869364
152000 0.894589 -0.0992056 0.00824296
153000 0.935386 -0.0732118 0.00888252
154000 0.878523 -0.0855167 0.00822462
155000 0.896829 -0.0907227 0.00861949
156000 0.91097 -0.0792936 0.00865377
157000 0.890441 -0.0750938 0.0083681
158000 0.892808 -0.070319 0.00846194
159000 0.911402 -0.10057 0.00857423
160000 0.915144 -0.0864102 0.00866111
161000 0.875469 -0.0650162 0.00860064
162000 0.916545 -0.0721836 0.00876082
163000 0.936438 -0.0627874 0.00908357
164000 0.88877 -0.0666421 0.00838175
165000 0.902605 -0.0727489 0.00845056
166000 0.910923 -0.0552336 0.00878806
167000 0.918279 -0.0704682 0.00861965
168000 0.917985 -0.056311 0.00869167
169000 0.894693 -0.0844731 0.00833575
170000 0.86487 -0.0896225 0.00802133
171000 0.931311 -0.0784994 0.00876713
172000 0.870135 -0.0758675 0.00838804
173000 0.883601 -0.0709801 0.00829794
174000 0.891645 -0.0770438 0.00848444
175000 0.909605 -0.073542 0.00855217
176000 0.8718 -0.0808486 0.00830022
177000 0.920798 -0.0957125 0.00858937
178000 0.907107 -0.07821 0.00858049
179000 0.907187 -0.0844864 0.0087386
180000 0.92062 -0.0881366 0.00877875
181000 0.880536 -0.0821044 0.00819188
182000 0.897529 -0.116582 0.0083147
183000 0.922855 -0.116918 0.00873459
184000 0.904834 -0.124753 0.00834856
185000 0.925954 -0.126489 0.00842569
186000 0.882294 -0.112037 0.00819663
187000 0.9018 -0.0934094 0.00844095
188000 0.916551 -0.110605 0.00859242
189000 0.890094 -0.123969 0.00813663
190000 0.92183 -0.105869 0.00871527
191000 0.876521 -0.102864 0.00822638
192000 0.931747 -0.102827 0.00872578
193000 0.888345 -0.0904366 0.00823686
194000 0.920843 -0.099428 0.00869054
195000 0.89867 -0.0817649 0.00855093
196000 0.875675 -0.0954016 0.0080947
197000 0.899101 -0.0876528 0.00849559
198000 0.899719 -0.0816571 0.00862358
199000 0.908949 -0.0630836 0.00874889
200000 0.884248 -0.0755242 0.00831221
201000 0.913345 -0.105722 0.00850624
202000 0.909997 -0.109199 0.00843875
203000 0.90206 -0.110285 0.00838964
204000 0.921219 -0.0847342 0.00855994
205000 0.920771 -0.102894 0.00867164
206000 0.863015 -0.0880021 0.0079885
207000 0.902417 -0.0683554 0.00870024
208000 0.941883 -0.0577187 0.00903875
209000 0.881015 -0.064322 0.00840764
210000 0.935944 -0.0710168 0.00900583
211000 0.914732 -0.0673675 0.00848255
212000 0.883321 -0.052454 0.0085995
213000 0.898512 -0.0614474 0.00852805
214000 0.898968 -0.0805626 0.00848408
215000 0.903546 -0.094298 0.0085715
216000 0.881449 -0.110451 0.00818294
217000 0.92419 -0.105012 0.00862035
218000 0.903909 -0.113535 0.00821248
219000 0.875944 -0.0973521 0.00831175
220000 0.917159 -0.0915683 0.00867003
221000 0.891198 -0.0777486 0.00851747
222000 0.908027 -0.0839822 0.00849718
223000 0.887185 -0.0787671 0.00838887
224000 0.881903 -0.0894944 0.00833354
225000 0.89729 -0.073818 0.00855563
226000 0.865353 -0.0905386 0.00804024
227000 0.889714 -0.0900677 0.00837314
228000 0.879122 -0.0922496 0.00822833
229000 0.893389 -0.101176 0.00842645
230000 0.916458 -0.0897866 0.00865507
231000 0.904173 -0.109046 0.00850138
232000 0.891741 -0.138201 0.00812754
233000 0.879734 -0.108895 0.00821791
234000 0.897924 -0.0960206 0.00840482
235000 0.903234 -0.100147 0.0085029
236000 0.873445 -0.0968124 0.00818387
237000 0.900212 -0.0852925 0.00857611
238000 0.886014 -0.0642791 0.00846778
239000 0.878737 -0.0633548 0.00843006
240000 0.908474 -0.0639052 0.00869488
241000 0.903197 -0.0634904 0.00862453
242000 0.896705 -0.0731691 0.00864109
243000 0.872482 -0.0828 0.00829436
244000 0.916456 -0.0958397 0.00853985
245000 0.878124 -0.0870665 0.00808351
246000 0.886428 -0.0826308 0.00829991
247000 0.908654 -0.101091 0.00844409
248000 0.905219 -0.0978404 0.00862347
249000 0.897807 -0.121173 0.00828257
250000 0.87779 -0.106457 0.00815814
251000 0.902498 -0.0972306 0.00853246
252000 0.875973 -0.124495 0.00797808
253000 0.941598 -0.104063 0.00880271
254000 0.92532 -0.110609 0.00862509
255000 0.870044 -0.0893242 0.00819415
256000 0.909592 -0.0887791 0.00873504
257000 0.907898 -0.0804962 0.00865691
258000 0.905005 -0.0907438 0.00864398
259000 0.89536 -0.102892 0.00830988
260000 0.92253 -0.105509 0.0088032
261000 0.902249 -0.107519 0.00850005
262000 0.896799 -0.10522 0.00833658
263000 0.898216 -0.0771685 0.00862668
264000 0.885949 -0.0894983 0.00831424
265000 0.898153 -0.0755556 0.00852143
266000 0.896272 -0.069507 0.00847144
267000 0.889087 -0.0631533 0.00853256
268000 0.923066 -0.0928953 0.00875558
269000 0.894609 -0.0859603 0.00841975
270000 0.912961 -0.0896248 0.00836462
271000 0.903615 -0.0698507 0.00849123
272000 0.872075 -0.0722934 0.00828706
273000 0.923053 -0.0635301 0.00888379
274000 0.889086 -0.0726586 0.00846633
275000 0.92112 -0.0696554 0.00890955
276000 0.87944 -0.0642783 0.00832819
277000 0.92109 -0.0623115 0.00885371
278000 0.910778 -0.0637812 0.0086416
279000 0.888878 -0.0673859 0.00854467
280000 0.896995 -0.0785619 0.00842089
281000 0.885188 -0.071704 0.00844352
282000 0.916776 -0.0896383 0.00863666
283000 0.870365 -0.115806 0.00804529
284000 0.932224 -0.107151 0.00880648
285000 0.877853 -0.0999313 0.00815832
286000 0.886843 -0.0825135 0.00835184
287000 0.899292 -0.100197 0.00828039
288000 0.882939 -0.0995819 0.00825261
289000 0.906399 -0.100007 0.00836569
290000 0.908417 -0.0917848 0.00853781
291000 0.882113 -0.0914635 0.00815665
292000 0.914541 -0.085472 0.00862357
293000 0.879263 -0.105547 0.0081358
294000 0.942158 -0.103374 0.00880451
295000 0.871267 -0.0906731 0.0081012
296000 0.912182 -0.0901862 0.0085308
297000 0.86927 -0.079147 0.00811824
298000 0.910241 -0.0637325 0.00863621
299000 0.899887 -0.0604647 0.00874014
300000 0.862112 -0.0843302 0.00823705
301000 0.891091 -0.0740681 0.00854685
302000 0.912882 -0.0975201 0.00850962
303000 0.87277 -0.0927047 0.0080713
304000 0.908192 -0.096097 0.00847348
305000 0.900683 -0.094642 0.00847163
306000 0.877896 -0.0880944 0.00836232
307000 0.932122 -0.0814559 0.00881531
308000 0.922354 -0.107083 0.00847633
309000 0.910155 -0.097669 0.00839786
310000 0.877044 -0.0781471 0.00820608
311000 0.897287 -0.0851217 0.00855893
312000 0.911223 -0.108293 0.0083674
313000 0.895801 -0.113027 0.00819584
314000 0.91131 -0.119218 0.0084172
315000 0.899619 -0.113094 0.00822313
316000 0.913088 -0.130101 0.00858427
317000 0.91561 -0.122656 0.00844715
318000 0.919621 -0.106346 0.00856699
319000 0.890698 -0.0932672 0.0083036
320000 0.896326 -0.0821471 0.00852021
321000 0.913479 -0.0862296 0.00866364
322000 0.909058 -0.108664 0.00856129
323000 0.892247 -0.0972708 0.00840445
324000 0.903586 -0.102138 0.00863257
325000 0.930375 -0.103325 0.00874532
326000 0.880167 -0.0994921 0.0081752
327000 0.888965 -0.0757858 0.00851411
328000 0.888523 -0.0722086 0.00845642
329000 0.898163 -0.0684142 0.00858416
330000 0.887329 -0.0601087 0.00837054
331000 0.906611 -0.0647033 0.00870783
332000 0.891482 -0.057858 0.00870993
333000 0.893358 -0.0540625 0.00854804
334000 0.909224 -0.059559 0.00863711
335000 0.906847 -0.0538626 0.00883151
336000 0.919802 -0.0627805 0.00870257
337000 0.875171 -0.0755526 0.00824292
338000 0.8961 -0.0762692 0.00842277
339000 0.903595 -0.0782291 0.00851141
340000 0.881067 -0.0736995 0.00831306
341000 0.90291 -0.0596404 0.00864289
342000 0.88286 -0.0930791 0.00834712
343000 0.8925 -0.0663209 0.00863933
344000 0.909727 -0.0771666 0.00860164
345000 0.899791 -0.0907055 0.00854178
346000 0.918328 -0.104651 0.00863079
347000 0.873109 -0.123498 0.00821179
348000 0.912311 -0.145448 0.0082201
349000 0.884178 -0.0955504 0.00824771
350000 0.906792 -0.082618 0.00859952
351000 0.901363 -0.0794118 0.008463
352000 0.874911 -0.0847077 0.00827825
353000 0.900561 -0.0848591 0.00851007
354000 0.937694 -0.0795729 0.00887516
355000 0.866681 -0.0995739 0.0080641
356000 0.891573 -0.103825 0.00828092
357000 0.875779 -0.0953624 0.00833214
358000 0.933603 -0.089314 0.00885614
359000 0.871945 -0.105306 0.00802922
360000 0.917182 -0.0834129 0.00857507
361000 0.917619 -0.0881614 0.00870214
362000 0.910332 -0.0757653 0.00856145
363000 0.916094 -0.0722356 0.008687
364000 0.93201 -0.0755874 0.00889776
365000 0.865081 -0.0900894 0.00822636
366000 0.911673 -0.0819145 0.00869504
367000 0.888655 -0.0869889 0.00845102
368000 0.868833 -0.124736 0.00790905
369000 0.919439 -0.0911371 0.00862931
370000 0.880966 -0.0854235 0.00839363
371000 0.913289 -0.0968511 0.00854046
372000 0.866094 -0.127153 0.00784974
373000 0.928276 -0.115682 0.00839416
374000 0.893323 -0.109102 0.00817799
375000 0.89777 -0.0981688 0.00841605
376000 0.895041 -0.0928795 0.00853457
377000 0.89898 -0.0760116 0.00864159
378000 0.895161 -0.0852843 0.0084781
379000 0.91485 -0.074898 0.00877118
380000 0.899225 -0.115048 0.00827495
381000 0.891424 -0.138213 0.00822605
382000 0.921002 -0.135656 0.00836903
383000 0.882622 -0.104375 0.00832367
384000 0.901045 -0.0855093 0.00846197
385000 0.875828 -0.0815309 0.0082125
386000 0.889937 -0.086504 0.00845326
387000 0.898184 -0.0791604 0.00848876
388000 0.907461 -0.0874521 0.00861482
389000 0.916518 -0.0955209 0.00853632
390000 0.902843 -0.109973 0.00832742
391000 0.930895 -0.0965996 0.00875888
392000 0.878225 -0.104313 0.00814382
393000 0.919678 -0.0948384 0.00869123
394000 0.899263 -0.103588 0.00841941
395000 0.912595 -0.0916278 0.00857373
396000 0.868278 -0.103779 0.00800484
397000 0.932733 -0.104878 0.00876095
398000 0.883596 -0.139758 0.00807583
399000 0.926419 -0.143499 0.00838534
400000 0.871848 -0.1196 0.00813335
401000 0.917315 -0.118111 0.00862154
402000 0.92816 -0.134912 0.00864477
403000 0.892693 -0.149343 0.00822245
404000 0.922928 -0.119712 0.00868541
405000 0.885556 -0.104036 0.00831609
406000 0.883647 -0.10767 0.00830727
407000 0.894128 -0.0959128 0.00841556
408000 0.892953 -0.12802 0.00795995
409000 0.935204 -0.0956671 0.00874316
410000 0.868169 -0.096715 0.00818989
411000 0.886478 -0.0889715 0.00834923
412000 0.932072 -0.0979343 0.00869454
413000 0.868042 -0.0819115 0.00806048
414000 0.903563 -0.0886168 0.00850847
415000 0.909713 -0.0864674 0.00850463
416000 0.886437 -0.0691888 0.00839832
417000 0.902305 -0.0809189 0.00851212
418000 0.91382 -0.0678747 0.00859276
419000 0.887774 -0.0766357 0.00827323
420000 0.899076 -0.0688082 0.00860311
421000 0.90264 -0.0643779 0.00858474
422000 0.89423 -0.0632324 0.00855594
423000 0.916184 -0.0469918 0.00882947
424000 0.889156 -0.0706018 0.0083797
425000 0.885834 -0.0740114 0.00831903
426000 0.900164 -0.0857766 0.00846097
427000 0.903283 -0.0871786 0.00847436
428000 0.873159 -0.0882508 0.00826959
429000 0.921606 -0.0780376 0.00884946
430000 0.90564 -0.0775668 0.00861354
431000 0.874733 -0.063296 0.00822781
432000 0.902727 -0.0627019 0.00867638
433000 0.899571 -0.0726514 0.00854982
434000 0.916464 -0.0830294 0.00867304
435000 0.909174 -0.082432 0.00879875
436000 0.850972 -0.089809 0.00787635
437000 0.914661 -0.0841364 0.00873816
438000 0.911067 -0.100771 0.00850371
439000 0.900314 -0.116714 0.00839924
440000 0.863424 -0.11305 0.00802531
441000 0.895014 -0.0941297 0.00854506
442000 0.918013 -0.0852124 0.00869081
443000 0.925035 -0.0685907 0.008775
444000 0.8983 -0.0705886 0.00853258
445000 0.893491 -0.067136 0.00854254
446000 0.897793 -0.0646 0.00859509
447000 0.892595 -0.0606533 0.00851516
448000 0.89977 -0.0836218 0.00846639
449000 0.913153 -0.0926874 0.0084423
450000 0.899934 -0.111085 0.0083827
451000 0.895577 -0.115481 0.00829482
452000 0.903079 -0.120738 0.00833446
453000 0.903701 -0.146206 0.00815736
454000 0.895339 -0.126923 0.0084037
455000 0.914247 -0.138847 0.00839691
456000 0.87716 -0.125567 0.00802688
457000 0.911588 -0.113292 0.00845242
458000 0.916485 -0.115541 0.00856223
459000 0.895309 -0.102461 0.00831265
460000 0.91444 -0.122197 0.00860626
461000 0.883555 -0.126904 0.00806652
462000 0.928404 -0.0886673 0.00863378
463000 0.916535 -0.0821956 0.00866058
464000 0.913388 -0.0808395 0.00867534
465000 0.905415 -0.0686923 0.00861983
466000 0.889353 -0.083252 0.0084668
467000 0.890242 -0.0867236 0.00840276
468000 0.886904 -0.093736 0.00821604
469000 0.912784 -0.0950857 0.00851384
470000 0.905487 -0.113581 0.0082886
471000 0.912365 -0.0961326 0.00850365
472000 0.911871 -0.0884058 0.00851668
473000 0.891966 -0.0931783 0.00839804
474000 0.902358 -0.0730626 0.0086033
475000 0.897768 -0.0965332 0.00841689
476000 0.864169 -0.0731487 0.00826917
477000 0.897182 -0.0888142 0.00859342
478000 0.882483 -0.0838064 0.00836705
479000 0.903345 -0.0876324 0.00846312
480000 0.92391 -0.0846288 0.00879168
481000 0.86865 -0.0676893 0.00817721
482000 0.890387 -0.0647692 0.00847023
483000 0.919456 -0.0871121 0.00858557
484000 0.896357 -0.0947278 0.00850998
485000 0.890409 -0.0981181 0.00835804
486000 0.920005 -0.107037 0.00852945
487000 0.891575 -0.101151 0.00831834
488000 0.928528 -0.0737214 0.0089068
489000 0.872175 -0.0640072 0.00846345
490000 0.889468 -0.068354 0.00831385
491000 0.881958 -0.0668622 0.00846833
492000 0.88909 -0.0749395 0.0084209
493000 0.901 -0.0669225 0.00869722
494000 0.922885 -0.105892 0.008495
495000 0.89689 -0.10982 0.00835854
496000 0.883569 -0.105066 0.00821383
497000 0.931367 -0.101056 0.00884574
498000 0.870363 -0.100816 0.00818462
499000 0.894466 -0.105074 0.0084542
500000 0.904854 -0.120722 0.00837513
501000 0.911146 -0.0993458 0.00846837
502000 0.888573 -0.109601 0.00826758
503000 0.911966 -0.133116 0.00842251
504000 0.902566 -0.151427 0.00828649
505000 0.904778 -0.132249 0.00836405
506000 0.873986 -0.117459 0.00804399
507000 0.896853 -0.11397 0.00814656
508000 0.90884 -0.103821 0.00848361
509000 0.911429 -0.0879444 0.00855813
510000 0.908951 -0.051873 0.00876385
511000 0.898734 -0.0718255 0.00842471
512000 0.905155 -0.0776516 0.00866398
513000 0.905714 -0.0592513 0.00871738
514000 0.914008 -0.0649798 0.00880593
515000 0.890306 -0.09234 0.00841194
516000 0.91764 -0.0787997 0.00855744
517000 0.905733 -0.068555 0.00874824
518000 0.883397 -0.0916094 0.00820448
519000 0.907562 -0.0736841 0.00849264
520000 0.870859 -0.0753876 0.00811942
521000 0.941692 -0.088628 0.0087651
522000 0.865983 -0.0992736 0.00796294
523000 0.926736 -0.0745619 0.00883831
524000 0.906174 -0.0807103 0.00851439
525000 0.880793 -0.0665723 0.0083827
526000 0.936775 -0.0786554 0.00881057
527000 0.892233 -0.0849527 0.00835864
528000 0.883397 -0.102803 0.00826021
529000 0.925235 -0.0948095 0.00880582
530000 0.88993 -0.0817798 0.00846279
531000 0.901518 -0.079341 0.00849052
532000 0.899468 -0.0916906 0.0083365
533000 0.905661 -0.089823 0.00850184
534000 0.890029 -0.075498 0.00838087
535000 0.906805 -0.076894 0.00861687
536000 0.903862 -0.0803785 0.00854233
537000 0.897031 -0.0875432 0.00841481
538000 0.890309 -0.101629 0.00834484
539000 0.888954 -0.0886365 0.00837719
540000 0.899911 -0.107911 0.00846214
541000 0.914389 -0.10242 0.00843171
542000 0.904966 -0.107882 0.00850159
543000 0.868323 -0.0950699 0.00816304
544000 0.89979 -0.106204 0.00845912
545000 0.91448 -0.113223 0.00849789
546000 0.905152 -0.11168 0.00847465
547000 0.928009 -0.096954 0.00855314
548000 0.897073 -0.056418 0.00857208
549000 0.888196 -0.0700509 0.00853168
550000 0.892056 -0.0545257 0.00853269
551000 0.893626 -0.0608074 0.00847743
552000 0.868179 -0.0785508 0.00814538
553000 0.885919 -0.0819846 0.00831011
554000 0.927942 -0.0610903 0.00892452
555000 0.906978 -0.0697004 0.0086401
556000 0.868921 -0.0733482 0.00804007
557000 0.931007 -0.0661225 0.00882796
558000 0.89769 -0.0721274 0.00859589
559000 0.906674 -0.0737028 0.00865772
560000 0.904927 -0.0867113 0.00845097
561000 0.883082 -0.0756223 0.0082983
562000 0.903387 -0.074767 0.00854335
563000 0.898542 -0.0773029 0.00856201
564000 0.89067 -0.0808069 0.00829839
565000 0.907459 -0.0776589 0.00855636
566000 0.91763 -0.0864621 0.00868038
567000 0.891349 -0.0889173 0.00838045
568000 0.875748 -0.0898781 0.00820542
569000 0.885493 -0.0893476 0.00836324
570000 0.932688 -0.0749976 0.00880085
571000 0.875404 -0.078726 0.00826983
572000 0.889847 -0.074132 0.00839586
573000 0.895322 -0.0698 0.00858106
574000 0.869883 -0.0632199 0.00824766
575000 0.900907 -0.0623848 0.00857969
576000 0.872173 -0.0804192 0.00823376
577000 0.892062 -0.0750392 0.00853648
578000 0.89451 -0.0978961 0.00841211
579000 0.903353 -0.0872187 0.00838307
580000 0.895287 -0.118179 0.00822321
581000 0.916622 -0.107862 0.00846446
582000 0.886157 -0.0957798 0.00823751
583000 0.887035 -0.0876975 0.00841651
584000 0.892174 -0.0623973 0.00840263
585000 0.931313 -0.112206 0.00860804
586000 0.910401 -0.111637 0.00851926
587000 0.888213 -0.110065 0.00837173
588000 0.93442 -0.0860571 0.00884947
589000 0.92487 -0.130538 0.00841689
590000 0.886831 -0.114912 0.00825286
591000 0.881448 -0.105309 0.00808973
592000 0.914885 -0.0998741 0.00845749
593000 0.899316 -0.104882 0.00828956
594000 0.9061 -0.0907491 0.00857197
595000 0.895502 -0.0954463 0.00830289
596000 0.902119 -0.0869061 0.00852569
597000 0.925058 -0.0953068 0.00865737
598000 0.866092 -0.070763 0.00837021
599000 0.885332 -0.0720772 0.00844609
600000 0.917573 -0.0736351 0.00878929
601000 0.894078 -0.0715347 0.008626
602000 0.884511 -0.0757986 0.0084159
603000 0.909249 -0.0790734 0.00856484
604000 0.874001 -0.0950139 0.00814635
605000 0.875778 -0.105693 0.00815159
606000 0.874296 -0.110112 0.00822351
607000 0.90096 -0.0992162 0.00841276
608000 0.886199 -0.114183 0.00819739
609000 0.889835 -0.105713 0.00817472
610000 0.908144 -0.0847928 0.00858188
611000 0.912515 -0.0840724 0.00879915
612000 0.880143 -0.0888047 0.00828804
613000 0.893944 -0.081402 0.0084017
614000 0.883647 -0.0689664 0.00835215
615000 0.890831 -0.0614579 0.00847358
616000 0.910866 -0.06026 0.00870962
617000 0.897324 -0.0793886 0.0084746
618000 0.917695 -0.0897573 0.00876779
619000 0.873166 -0.0985498 0.00821929
620000 0.920948 -0.107602 0.00864134
621000 0.900449 -0.0801565 0.00854146
622000 0.907244 -0.0811664 0.00856438
623000 0.89096 -0.078511 0.00845573
624000 0.925702 -0.0630943 0.00884054
625000 0.922659 -0.0759913 0.00860135
626000 0.892377 -0.0579224 0.00868998
627000 0.90152 -0.0578054 0.00861176
628000 0.876401 -0.069297 0.00840372
629000 0.898899 -0.0551906 0.00874952
630000 0.926452 -0.0553019 0.00888558
631000 0.889091 -0.0545077 0.00852424
632000 0.905719 -0.0499285 0.00877853
633000 0.897583 -0.0509524 0.0086576
634000 0.923859 -0.0719716 0.00894274
635000 0.884978 -0.0813908 0.00851179
636000 0.857894 -0.092503 0.00796092
637000 0.908155 -0.0831974 0.00856017
638000 0.939417 -0.0657932 0.00896943
639000 0.87829 -0.0760201 0.00827378
640000 0.924577 -0.0812642 0.00873086
641000 0.928353 -0.0798496 0.00887043
642000 0.892305 -0.0818657 0.00841111
643000 0.907646 -0.105838 0.00834089
644000 0.92952 -0.118011 0.00851001
645000 0.871155 -0.107843 0.00814572
646000 0.884585 -0.0875461 0.00823786
647000 0.905886 -0.0919137 0.00857268
648000 0.903107 -0.088789 0.00853758
649000 0.908825 -0.074175 0.00869489
650000 0.875151 -0.125827 0.00793555
651000 0.905735 -0.0994042 0.00860116
652000 0.898821 -0.085352 0.00844954
653000 0.907953 -0.103163 0.00857205
654000 0.882532 -0.120967 0.00808726
655000 0.929968 -0.105894 0.00861347
656000 0.899892 -0.105258 0.00831088
657000 0.911118 -0.090156 0.00844922
658000 0.903254 -0.0608291 0.00855357
659000 0.907855 -0.0651451 0.00869171
660000 0.906079 -0.0623705 0.00859816
661000 0.911713 -0.065051 0.00874041
662000 0.90888 -0.0805178 0.00870965
663000 0.90907 -0.0795157 0.00862879
664000 0.90532 -0.0891504 0.00849853
665000 0.889411 -0.0849278 0.00854069
666000 0.87887 -0.0850988 0.00837757
667000 0.917469 -0.10201 0.00844654
668000 0.913662 -0.0966655 0.00850773
669000 0.892188 -0.104572 0.00829155
670000 0.887923 -0.103112 0.00831186
671000 0.911414 -0.102767 0.00844145
672000 0.895781 -0.119249 0.00815824
673000 0.907601 -0.0902981 0.00844495
674000 0.901291 -0.104216 0.00859281
675000 0.886474 -0.0914066 0.00838021
676000 0.898359 -0.0843235 0.00839434
677000 0.933714 -0.0739662 0.00903375
678000 0.902068 -0.0940401 0.00853269
679000 0.890501 -0.104676 0.00831148
680000 0.902831 -0.097618 0.00850474
681000 0.882802 -0.0931739 0.00819098
682000 0.919025 -0.0910359 0.00842241
683000 0.894857 -0.0946862 0.00847118
684000 0.895141 -0.10166 0.00832195
685000 0.889181 -0.103425 0.00824378
686000 0.886327 -0.111767 0.00818746
687000 0.902258 -0.0965614 0.00836471
688000 0.891003 -0.0885771 0.00839991
689000 0.890032 -0.108953 0.00821732
690000 0.924011 -0.133832 0.00857291
691000 0.888452 -0.0965843 0.00823505
692000 0.901401 -0.0964839 0.00861412
693000 0.932887 -0.103026 0.0086357
694000 0.892305 -0.108069 0.00826395
695000 0.901113 -0.0978222 0.00830798
696000 0.909758 -0.121994 0.00849435
697000 0.894596 -0.125935 0.00819217
698000 0.880165 -0.111167 0.00799739
699000 0.899747 -0.111087 0.00828917
700000 0.897041 -0.100458 0.00826979
701000 0.885185 -0.103067 0.00824694
702000 0.881963 -0.124345 0.00821186
703000 0.902663 -0.103762 0.00847175
704000 0.888276 -0.108007 0.00830065
705000 0.886413 -0.109423 0.00839262
706000 0.908442 -0.106213 0.0084845
707000 0.904884 -0.0912366 0.00840573
708000 0.902744 -0.104049 0.00840733
709000 0.876776 -0.105395 0.00801126
710000 0.922162 -0.123161 0.00868032
711000 0.904907 -0.125741 0.00835948
712000 0.904492 -0.121303 0.00832268
713000 0.92752 -0.0997992 0.00881387
714000 0.916572 -0.100514 0.008652
715000 0.899126 -0.105184 0.00837514
716000 0.887232 -0.0945319 0.00838678
717000 0.905045 -0.0826797 0.00872225
718000 0.941348 -0.0882939 0.00887071
719000 0.867339 -0.0698718 0.00825896
720000 0.908011 -0.0735076 0.00861981
721000 0.893934 -0.0781388 0.0085026
722000 0.880748 -0.0800331 0.0083062
723000 0.873658 -0.0763646 0.0082752
724000 0.879551 -0.0792466 0.00822565
725000 0.930685 -0.0759757 0.0087981
726000 0.872075 -0.0737537 0.00827016
727000 0.903912 -0.0659338 0.00859733
728000 0.88265 -0.0902872 0.00841473
729000 0.885633 -0.0805345 0.00831664
730000 0.888178 -0.079558 0.00841029
731000 0.880874 -0.0761559 0.00840555
732000 0.893715 -0.0674728 0.00843103
733000 0.924246 -0.0913113 0.00876234
734000 0.86622 -0.0827375 0.00817402
735000 0.916498 -0.0882031 0.00867891
736000 0.896558 -0.0976238 0.00832342
737000 0.883123 -0.0912077 0.0083368
738000 0.882896 -0.10165 0.00827576
739000 0.905541 -0.0991168 0.00847587
740000 0.871757 -0.10888 0.00819341
741000 0.879351 -0.10765 0.00822605
742000 0.925008 -0.104226 0.008651
743000 0.891355 -0.116824 0.008374
744000 0.927641 -0.0907305 0.00875962
745000 0.865759 -0.105825 0.00806984
746000 0.927998 -0.0945085 0.0087791
747000 0.933004 -0.0892201 0.00882342
748000 0.892321 -0.0960034 0.00840767
749000 0.910286 -0.0996175 0.00855375
750000 0.900692 -0.0954666 0.00840906
751000 0.885141 -0.0930071 0.00827643
752000 0.873322 -0.107973 0.00812447
753000 0.934083 -0.113903 0.00860098
754000 0.884679 -0.115393 0.0081339
755000 0.89672 -0.099091 0.00837439
756000 0.88561 -0.103691 0.00826566
757000 0.906641 -0.0890816 0.0086402
758000 0.877673 -0.0809756 0.0083154
759000 0.880661 -0.0670497 0.0083644
760000 0.906618 -0.0848688 0.00859669
761000 0.895213 -0.0979226 0.00840817
762000 0.907238 -0.124884 0.00841243
763000 0.902791 -0.11505 0.00848019
764000 0.909797 -0.103891 0.00833648
765000 0.904074 -0.102083 0.00841124
766000 0.887968 -0.10099 0.00839138
767000 0.916866 -0.0941335 0.00854666
768000 0.867168 -0.0923742 0.00811444
769000 0.913529 -0.0847402 0.00853995
770000 0.874229 -0.0937488 0.00820819
771000 0.931165 -0.0845565 0.00872762
772000 0.880288 -0.0983341 0.0080141
773000 0.900639 -0.0756629 0.00862043
774000 0.916334 -0.0631022 0.00880226
775000 0.899336 -0.0751593 0.00850453
776000 0.855476 -0.0959591 0.00794435
777000 0.91181 -0.092437 0.00862401
778000 0.916539 -0.0766891 0.00863732
779000 0.903333 -0.0728291 0.00845291
780000 0.908866 -0.0904722 0.00856496
781000 0.901536 -0.0839298 0.00854169
782000 0.879642 -0.0815472 0.00826803
783000 0.906005 -0.0763209 0.00855844
784000 0.894629 -0.0731275 0.00851429
785000 0.885737 -0.0646776 0.00852271
786000 0.933305 -0.0695786 0.00889206
787000 0.896146 -0.0753717 0.00832607
788000 0.905701 -0.0838696 0.00855469
789000 0.896206 -0.0847215 0.00842149
790000 0.926432 -0.0798971 0.00869134
791000 0.890877 -0.0928622 0.00828892
792000 0.913104 -0.0735547 0.00866523
793000 0.930132 -0.0669929 0.00877718
794000 0.880893 -0.0640761 0.00827753
795000 0.898632 -0.0548203 0.00855305
796000 0.929033 -0.0595544 0.00878322
797000 0.862307 -0.0652918 0.00820385
798000 0.91484 -0.0789395 0.00870012
799000 0.921951 -0.0967926 0.00862647
800000 0.898405 -0.0865774 0.00837591
801000 0.923642 -0.0956594 0.00870431
802000 0.883521 -0.0801611 0.00828241
803000 0.888171 -0.083871 0.00841602
804000 0.872489 -0.0733993 0.00838802
805000 0.918841 -0.0727495 0.00862559
806000 0.879353 -0.0833716 0.00839614
807000 0.88595 -0.0821333 0.00840409
808000 0.90044 -0.0859195 0.00845841
809000 0.916741 -0.10222 0.00853448
810000 0.858861 -0.106886 0.00778765
811000 0.887277 -0.0979155 0.00834292
812000 0.879287 -0.109759 0.00830293
813000 0.933291 -0.103238 0.00881654
814000 0.877897 -0.08586 0.00841355
815000 0.867572 -0.096952 0.00809239
816000 0.893027 -0.106007 0.0083524
817000 0.887951 -0.110256 0.00826499
818000 0.889376 -0.117371 0.00826148
819000 0.907569 -0.101645 0.00853421
820000 0.89784 -0.12761 0.0081633
821000 0.888774 -0.124366 0.00802102
822000 0.927172 -0.115855 0.00854992
823000 0.887468 -0.106961 0.00823912
824000 0.910012 -0.107086 0.00858748
825000 0.906816 -0.093579 0.00860237
826000 0.912252 -0.0939358 0.00844333
827000 0.900488 -0.11657 0.00844629
828000 0.885408 -0.106859 0.00821682
829000 0.92399 -0.0912825 0.00874198
830000 0.905979 -0.0791975 0.00851409
831000 0.891576 -0.0736032 0.00849006
832000 0.885218 -0.0779412 0.00836772
833000 0.907988 -0.069817 0.00866588
834000 0.882619 -0.0641868 0.0083619
835000 0.906128 -0.0556791 0.00882602
836000 0.903622 -0.071941 0.00861354
837000 0.888519 -0.0677349 0.00839356
838000 0.882796 -0.0634263 0.00829693
839000 0.897967 -0.0832432 0.00845213
840000 0.914606 -0.0827141 0.00866594
841000 0.904134 -0.106303 0.00845278
842000 0.908441 -0.0916398 0.00872288
843000 0.882445 -0.0977778 0.00810105
844000 0.903682 -0.0910672 0.00856907
845000 0.885143 -0.108176 0.00832145
846000 0.888873 -0.0912298 0.00843628
847000 0.893093 -0.0999348 0.00843278
848000 0.887002 -0.0936838 0.00851427
849000 0.896495 -0.075296 0.00855202
850000 0.897677 -0.0984251 0.00832745
851000 0.928055 -0.069976 0.00897205
852000 0.882166 -0.0707353 0.0084155
853000 0.889861 -0.0933101 0.00841823
854000 0.930946 -0.081124 0.00869764
855000 0.890427 -0.0827846 0.00846289
856000 0.912583 -0.0853628 0.00862089
857000 0.914973 -0.0775879 0.00864752
858000 0.910285 -0.0811861 0.00858448
859000 0.909118 -0.0864459 0.00857374
860000 0.876952 -0.0722787 0.0084643
861000 0.934329 -0.0867171 0.00888121
862000 0.883769 -0.0873654 0.00840885
863000 0.896122 -0.101019 0.00847353
864000 0.873247 -0.10931 0.00808332
865000 0.927395 -0.104325 0.00874184
866000 0.88452 -0.104125 0.00838195
867000 0.885322 -0.100001 0.00821475
868000 0.90952 -0.0892334 0.00836206
869000 0.880389 -0.111628 0.00816788
870000 0.871208 -0.0946515 0.00807729
871000 0.877424 -0.106284 0.00826643
872000 0.901251 -0.071427 0.00860985
873000 0.872064 -0.0857378 0.00816531
874000 0.925906 -0.0817176 0.00880687
875000 0.888419 -0.0761646 0.00825535
876000 0.903666 -0.0866805 0.00862569
877000 0.932249 -0.0952569 0.00872063
878000 0.866068 -0.112875 0.00807636
879000 0.894332 -0.0952966 0.00842659
880000 0.897001 -0.101402 0.00830993
881000 0.916635 -0.116677 0.00837822
882000 0.868239 -0.104279 0.00808842
883000 0.92289 -0.111539 0.0085373
884000 0.872951 -0.103251 0.00815515
885000 0.919026 -0.117789 0.0087093
886000 0.934663 -0.116149 0.00875699
887000 0.908307 -0.104584 0.00851024
888000 0.910799 -0.114665 0.00854316
889000 0.918176 -0.104833 0.00863903
890000 0.882428 -0.10396 0.0083424
891000 0.904001 -0.103308 0.00836694
892000 0.930289 -0.119517 0.00854699
893000 0.895447 -0.0995451 0.00839919
894000 0.886293 -0.0984634 0.00852873
895000 0.912775 -0.089713 0.00853766
896000 0.91397 -0.0767542 0.00857423
897000 0.892402 -0.0809332 0.00842688
898000 0.922253 -0.0808639 0.00860025
899000 0.923874 -0.0902113 0.00885241
900000 0.892126 -0.0973783 0.00831827
901000 0.876428 -0.099546 0.0083332
902000 0.903418 -0.0946429 0.00856358
903000 0.905433 -0.0943043 0.00846258
904000 0.895664 -0.0957098 0.0083899
905000 0.911851 -0.0658152 0.00872326
906000 0.893997 -0.0859553 0.00842176
907000 0.883665 -0.0840665 0.00827488
908000 0.913528 -0.0934671 0.00867731
909000 0.884681 -0.102046 0.00830231
910000 0.880524 -0.109753 0.00824898
911000 0.894622 -0.102268 0.00834411
912000 0.878357 -0.0976287 0.00822286
913000 0.913071 -0.110768 0.00861703
914000 0.923639 -0.0955165 0.00860932
915000 0.881516 -0.107664 0.00810475
916000 0.905706 -0.0934426 0.00848475
917000 0.893997 -0.0932659 0.00846317
918000 0.888736 -0.0971278 0.00835458
919000 0.876686 -0.108286 0.0081069
920000 0.944363 -0.113085 0.00863506
921000 0.915125 -0.0914339 0.00847798
922000 0.885771 -0.0709386 0.00858677
923000 0.938652 -0.0859054 0.00870722
924000 0.91018 -0.0967418 0.00842363
925000 0.895017 -0.0824551 0.0085554
926000 0.899499 -0.0947334 0.00849923
927000 0.886243 -0.116792 0.00834565
928000 0.899426 -0.120569 0.00836279
929000 0.895172 -0.115768 0.00821227
930000 0.912782 -0.119963 0.00841063
931000 0.914672 -0.130072 0.00853847
932000 0.909935 -0.128983 0.00833031
933000 0.875167 -0.129081 0.00794448
934000 0.900381 -0.145692 0.00814509
935000 0.864035 -0.132633 0.00796679
936000 0.928003 -0.110426 0.0087842
937000 0.877781 -0.123104 0.00808865
938000 0.899306 -0.127401 0.00815771
939000 0.922734 -0.118549 0.00865193
940000 0.91062 -0.0893027 0.00857234
941000 0.923989 -0.0800176 0.00895369
942000 0.902553 -0.0899068 0.00848295
943000 0.914398 -0.100525 0.00871255
944000 0.870686 -0.115527 0.00797067
945000 0.913861 -0.0986046 0.00861217
946000 0.90108 -0.0979837 0.00856659
947000 0.892363 -0.089691 0.00847393
948000 0.874086 -0.0950736 0.0081928
949000 0.88467 -0.075602 0.00841039
950000 0.900947 -0.0716568 0.00859427
951000 0.89739 -0.0768743 0.00852904
952000 0.909624 -0.0797131 0.00867747
953000 0.879248 -0.0998294 0.00819729
954000 0.898687 -0.0966726 0.00843987
955000 0.880553 -0.102101 0.00815118
956000 0.896903 -0.107728 0.0082497
957000 0.915085 -0.0688461 0.00870479
958000 0.889546 -0.0983847 0.00838904
959000 0.902733 -0.0826663 0.00850373
960000 0.893241 -0.0734782 0.00840267
961000 0.89173 -0.106373 0.0084555
962000 0.879374 -0.0861791 0.00817126
963000 0.911187 -0.0641179 0.00858218
964000 0.904763 -0.06717 0.00856663
965000 0.890503 -0.0631183 0.00852641
966000 0.91684 -0.0589753 0.008871
967000 0.905032 -0.0751044 0.00858796
968000 0.905657 -0.0857049 0.0085531
969000 0.899371 -0.120806 0.00813668
970000 0.902103 -0.102315 0.00846512
971000 0.903654 -0.0995336 0.00862931
972000 0.905896 -0.100529 0.00853887
973000 0.890055 -0.0977518 0.00818688
974000 0.906036 -0.0871366 0.00855238
975000 0.891357 -0.0829156 0.00832858
976000 0.906507 -0.0717514 0.00870742
977000 0.897643 -0.0839006 0.00850644
978000 0.902416 -0.106374 0.00836193
979000 0.913128 -0.105506 0.00859183
980000 0.890193 -0.121835 0.00835375
981000 0.891803 -0.0796869 0.00859504
982000 0.934751 -0.0832897 0.00898093
983000 0.857084 -0.112201 0.00788525
984000 0.928084 -0.0924533 0.0088969
985000 0.876542 -0.0992635 0.0082237
986000 0.915385 -0.0958039 0.00863041
987000 0.902531 -0.0959486 0.00851538
988000 0.882562 -0.0860892 0.00831434
989000 0.929087 -0.117893 0.00850764
990000 0.896253 -0.122116 0.00838998
991000 0.897887 -0.140943 0.00813017
992000 0.890927 -0.146406 0.00824352
993000 0.937202 -0.128782 0.00863107
994000 0.89637 -0.11561 0.00825209
995000 0.912552 -0.132935 0.00836443
996000 0.872994 -0.118068 0.00804814
997000 0.909347 -0.0954149 0.00851027
998000 0.911576 -0.100556 0.00844599
999000 0.883687 -0.0913571 0.00829827
1000000 0.939773 -0.102422 0.00881606
1001000 0.903292 -0.0680182 0.00859228
1002000 0.904232 -0.078872 0.00851449
1003000 0.872986 -0.0845184 0.00835848
1004000 0.935522 -0.0663284 0.00898236
1005000 0.882144 -0.0911856 0.00833722
1006000 0.898206 -0.0969984 0.00840092
1007000 0.87663 -0.0860409 0.0082132
1008000 0.907738 -0.0853896 0.00843873
1009000 0.927567 -0.0662035 0.00884907
1010000 0.890726 -0.0878083 0.00842129
1011000 0.889217 -0.076055 0.00840126
1012000 0.877195 -0.090843 0.00833229
1013000 0.91619 -0.0904066 0.00868775
1014000 0.888621 -0.080216 0.00840768
1015000 0.92002 -0.0841896 0.00878817
1016000 0.903423 -0.111064 0.00836932
1017000 0.898408 -0.106887 0.0083187
1018000 0.877081 -0.0931787 0.00816815
1019000 0.924221 -0.0944406 0.00861375
1020000 0.917087 -0.0890385 0.0087172
1021000 0.881644 -0.101451 0.00810542
1022000 0.908079 -0.106567 0.0083907
1023000 0.901584 -0.101532 0.00836874
1024000 0.885753 -0.0947868 0.00818172
1025000 0.910449 -0.0767887 0.00857185
1026000 0.87765 -0.0932169 0.00819649
1027000 0.905245 -0.100475 0.0085405
1028000 0.90122 -0.116809 0.00827775
1029000 0.893162 -0.0948622 0.00844695
1030000 0.908171 -0.0772163 0.00846978
1031000 0.884919 -0.0940789 0.00819959
1032000 0.903091 -0.136217 0.00838123
1033000 0.9073 -0.125284 0.00846071
1034000 0.879999 -0.134793 0.0080942
1035000 0.922383 -0.113923 0.00868279
1036000 0.865787 -0.12775 0.00803836
1037000 0.88032 -0.0934159 0.00817988
1038000 0.909575 -0.082391 0.00846006
1039000 0.893318 -0.0679754 0.00841808
1040000 0.881434 -0.087267 0.00822629
1041000 0.932986 -0.0593752 0.0090839
1042000 0.915919 -0.0769635 0.00875355
1043000 0.884537 -0.0633254 0.00851517
1044000 0.920812 -0.0590203 0.00900055
1045000 0.91154 -0.0686389 0.00870321
1046000 0.878849 -0.0889942 0.00828457
1047000 0.922703 -0.0799034 0.00879563
1048000 0.902846 -0.0790165 0.0085441
1049000 0.901824 -0.075025 0.00854117
1050000 0.902132 -0.0524975 0.00877243
1051000 0.883689 -0.0696752 0.00832102
1052000 0.906282 -0.0601262 0.00862611
1053000 0.931581 -0.0598578 0.00895386
1054000 0.907661 -0.0658383 0.00873959
1055000 0.92048 -0.0723815 0.00891865
1056000 0.879438 -0.0812255 0.0082731
1057000 0.929039 -0.0790497 0.00883819
1058000 0.873457 -0.121273 0.00806314
1059000 0.868256 -0.171169 0.00780773
1060000 0.884881 -0.144582 0.00802128
1061000 0.907517 -0.146491 0.00821503
1062000 0.908464 -0.125027 0.00845727
1063000 0.888597 -0.136102 0.00813888
1064000 0.907378 -0.0958556 0.00849037
1065000 0.896355 -0.109313 0.00829289
1066000 0.912108 -0.121263 0.00835271
1067000 0.874653 -0.101821 0.0081835
1068000 0.929711 -0.0814957 0.00881469
1069000 0.877774 -0.0861566 0.00837181
1070000 0.880214 -0.0858465 0.00809653
1071000 0.903369 -0.110546 0.00829925
1072000 0.902753 -0.0878582 0.00860511
1073000 0.899478 -0.101345 0.008441
1074000 0.875348 -0.0975434 0.00814658
1075000 0.920961 -0.0967957 0.00858565
1076000 0.890581 -0.108543 0.00836854
1077000 0.897982 -0.114599 0.00817419
1078000 0.887452 -0.0818581 0.00846578
1079000 0.917759 -0.0793824 0.00875504
1080000 0.897995 -0.0830146 0.00855338
1081000 0.865912 -0.0721812 0.00819763
1082000 0.922324 -0.0749113 0.00880608
1083000 0.900968 -0.0661706 0.00866437
1084000 0.928185 -0.0895101 0.00855798
1085000 0.89231 -0.107582 0.00827773
1086000 0.87798 -0.119459 0.00807564
1087000 0.909438 -0.107605 0.00871375
1088000 0.918982 -0.108483 0.00859537
1089000 0.923575 -0.12573 0.00848865
1090000 0.892663 -0.0941528 0.00857514
1091000 0.915138 -0.0743511 0.00862481
1092000 0.867884 -0.0920963 0.00796309
1093000 0.930189 -0.0906773 0.00887571
1094000 0.877191 -0.0895626 0.00818654
1095000 0.928005 -0.0921943 0.00864036
1096000 0.91682 -0.0677959 0.00867939
1097000 0.892734 -0.0731246 0.00837875
1098000 0.891591 -0.0897613 0.00836194
1099000 0.934129 -0.115711 0.00853332
1100000 0.879864 -0.135827 0.0080467
