# Time-averaged data for fix 2
# TimeStep v_Temperature v_PotentialEnergy v_Pressure
1000 1.85072 -0.0709226 0.0179217
2000 1.94491 -0.063057 0.0190798
3000 1.93156 -0.0620086 0.0190387
4000 1.92551 -0.0550437 0.0189676
5000 1.82947 -0.071948 0.0178814
6000 1.92315 -0.0656737 0.0188425
7000 1.93297 -0.0532819 0.0190387
8000 1.86787 -0.0563508 0.0183957
9000 1.93175 -0.0711745 0.0189203
10000 1.89509 -0.0692602 0.0186006
11000 1.83892 -0.0499014 0.0182149
12000 1.95174 -0.0529195 0.0191714
13000 1.91171 -0.0392714 0.018881
14000 1.87874 -0.0696993 0.0184103
15000 1.90006 -0.0592396 0.0185772
16000 1.91114 -0.0703242 0.0186283
17000 1.89278 -0.0623588 0.0185035
18000 1.92593 -0.0553253 0.0190278
19000 1.91114 -0.0579877 0.0187056
20000 1.94475 -0.065827 0.0192673
21000 1.89688 -0.0585847 0.0186698
22000 1.89914 -0.0635337 0.0189138
23000 1.9028 -0.0537431 0.0186978
24000 1.89609 -0.0567462 0.0187594
25000 1.87067 -0.0482505 0.0184282
26000 1.91502 -0.051011 0.0188115
27000 1.90086 -0.052506 0.0188302
28000 1.83706 -0.0545595 0.018055
29000 1.97565 -0.0681576 0.0193917
30000 1.86434 -0.0572884 0.0181788
31000 1.86777 -0.048318 0.0183321
32000 1.94414 -0.0638078 0.0192073
33000 1.87859 -0.0777518 0.0182568
34000 1.89101 -0.0519288 0.0187556
35000 1.88219 -0.0602485 0.0184625
36000 1.9431 -0.0660197 0.0190782
37000 1.85888 -0.0755967 0.0182174
38000 1.88038 -0.0548305 0.0184891
39000 1.93857 -0.055591 0.0191088
40000 1.92364 -0.0682898 0.0189433
41000 1.83382 -0.0681003 0.0178507
42000 1.9539 -0.0830234 0.0188313
43000 1.92219 -0.0803487 0.0186516
44000 1.90489 -0.057777 0.0185211
45000 1.9074 -0.0651903 0.0187594
46000 1.95883 -0.0598434 0.0192267
47000 1.89215 -0.0581128 0.0185067
48000 1.91092 -0.0755342 0.0185512
49000 1.88269 -0.090938 0.018371
50000 1.87019 -0.0654242 0.0183018
51000 1.972 -0.0630614 0.0193168
52000 1.87778 -0.0628809 0.0182382
53000 1.86043 -0.0637776 0.0181803
54000 1.88991 -0.0625828 0.0185364
55000 1.88383 -0.0497304 0.0185306
56000 1.90217 -0.0649173 0.0184672
57000 1.89753 -0.0609234 0.018713
58000 1.93975 -0.0660649 0.0189287
59000 1.8848 -0.0526066 0.0186257
60000 1.91867 -0.0649746 0.0186581
61000 1.93077 -0.0560897 0.0189191
62000 1.86684 -0.0785776 0.0181754
63000 1.87145 -0.0799995 0.0182942
64000 1.92832 -0.0692245 0.0188918
65000 1.89105 -0.066941 0.0184834
66000 1.91498 -0.0749689 0.018647
67000 1.93727 -0.0664156 0.018952
68000 1.95601 -0.0855112 0.0192122
69000 1.95596 -0.0777108 0.0191537
70000 1.87318 -0.0785712 0.0181455
71000 1.88967 -0.0823984 0.0184565
72000 1.91554 -0.0634017 0.018621
73000 1.87416 -0.0813866 0.0181649
74000 1.84072 -0.0529951 0.0182632
75000 1.93992 -0.0486039 0.0190425
76000 1.89692 -0.0517827 0.0186524
77000 1.91746 -0.06274 0.0188964
78000 1.90902 -0.0555764 0.0187351
79000 1.93723 -0.0638835 0.0190212
80000 1.89401 -0.0592602 0.0185968
81000 1.85553 -0.053236 0.0180341
82000 1.94588 -0.0613147 0.0190746
83000 1.92097 -0.0614579 0.0189504
84000 1.86484 -0.0606309 0.0183077
85000 1.92062 -0.0576264 0.0188983
86000 1.92203 -0.0528299 0.0191193
87000 1.84383 -0.0540885 0.0182438
88000 1.8676 -0.0628987 0.0181506
89000 1.87376 -0.0807104 0.0184694
90000 1.84557 -0.0867033 0.0180014
91000 1.9023 -0.0792305 0.0186916
92000 1.97136 -0.08575 0.0194003
93000 1.82583 -0.0635353 0.0179322
94000 1.92552 -0.0779933 0.0187566
95000 1.90435 -0.072004 0.0186171
96000 1.89406 -0.0674851 0.0186117
97000 1.82601 -0.0823479 0.0179643
98000 1.86527 -0.0734705 0.0183162
99000 1.90415 -0.0742267 0.0185477
100000 1.91618 -0.0659536 0.0187194
101000 1.84817 -0.0623303 0.0179403
102000 1.9456 -0.0585592 0.0190596
103000 1.87646 -0.0563167 0.0184349
104000 1.85975 -0.0573137 0.0182983
105000 1.95985 -0.0588237 0.0191854
106000 1.94922 -0.0649838 0.0191843
107000 1.8788 -0.0525132 0.0184421
108000 1.92926 -0.0590251 0.0191374
109000 1.86155 -0.0611676 0.0181639
110000 1.93912 -0.0533097 0.0190187
111000 1.8827 -0.0442677 0.0188707
112000 1.89716 -0.0504563 0.0189186
113000 1.91872 -0.0609322 0.018976
114000 1.92343 -0.0589649 0.0188554
115000 1.8954 -0.0761184 0.0186167
116000 1.90952 -0.0590359 0.0186542
117000 1.88803 -0.0468601 0.0185979
118000 1.93279 -0.0593585 0.0189146
119000 1.91645 -0.0476541 0.0188643
120000 1.88946 -0.0512771 0.0186159
121000 1.89549 -0.0676279 0.0186112
122000 1.85782 -0.0536681 0.018313
123000 1.92718 -0.0544778 0.0189635
124000 1.90247 -0.0598818 0.018573
125000 1.89923 -0.0552163 0.0186369
126000 1.92621 -0.0479865 0.018955
127000 1.91414 -0.0619156 0.0185883
128000 1.91014 -0.0718102 0.0188404
129000 1.87963 -0.0703375 0.0184625
130000 1.92104 -0.077929 0.0187918
131000 1.91196 -0.0537103 0.0186522
132000 1.91079 -0.0605743 0.0187231
133000 1.92091 -0.0705072 0.0187805
134000 1.91974 -0.0463456 0.0189663
135000 1.97652 -0.058757 0.0194221
136000 1.95233 -0.0516906 0.0191877
137000 1.8787 -0.0592812 0.0183151
138000 1.91019 -0.0716275 0.0185474
139000 1.91664 -0.0781628 0.0186612
140000 1.90704 -0.0736122 0.0185539
141000 1.88408 -0.058236 0.0185217
142000 1.92553 -0.060068 0.0189717
143000 1.9215 -0.0691526 0.0188927
144000 1.89901 -0.0727526 0.0186278
145000 1.92326 -0.063473 0.0188222
146000 1.90313 -0.0515755 0.01882
147000 1.93129 -0.0692933 0.0190754
148000 1.8832 -0.046035 0.0185354
149000 1.90628 -0.0492841 0.0188439
150000 1.91018 -0.0611742 0.0186977
151000 1.88083 -0.0611188 0.0183857
152000 1.88404 -0.0756786 0.01841
153000 1.95731 -0.0616556 0.019282
154000 1.9331 -0.0498451 0.0190656
155000 1.83022 -0.0431155 0.0182149
156000 1.94105 -0.050161 0.0190859
157000 1.92162 -0.0597308 0.0188837
158000 1.84988 -0.0694711 0.017959
159000 1.82258 -0.0635346 0.0177745
160000 1.942 -0.0738347 0.019089
161000 1.86762 -0.0570143 0.0182554
162000 1.95114 -0.0523001 0.0192157
163000 1.8882 -0.0710207 0.0186225
164000 1.92408 -0.0666574 0.0189264
165000 1.9562 -0.0599822 0.0193837
166000 1.8971 -0.0686463 0.0184444
167000 1.90756 -0.06358 0.0187477
168000 1.9023 -0.0603893 0.0187504
169000 1.9139 -0.0616128 0.0188237
170000 1.93998 -0.0441749 0.0191276
171000 1.86833 -0.065584 0.0182771
172000 1.86606 -0.0600915 0.0183634
173000 1.93199 -0.051695 0.0190689
174000 1.90942 -0.0564992 0.0187462
175000 1.90039 -0.0620152 0.0187225
176000 1.85502 -0.0707667 0.0183409
177000 1.9767 -0.0554288 0.0195639
178000 1.86814 -0.0630471 0.0184583
179000 1.8815 -0.0726846 0.0183691
180000 1.96042 -0.0697115 0.0191314
181000 1.8818 -0.0523086 0.0183678
182000 1.96863 -0.0623869 0.0192637
183000 1.85338 -0.0603499 0.0183297
184000 1.91814 -0.0698644 0.0186948
185000 1.92097 -0.0604419 0.0187849
186000 1.88616 -0.0615962 0.0186158
187000 1.90749 -0.0705028 0.0187008
188000 1.90801 -0.0531962 0.0186963
189000 1.94575 -0.0479661 0.0190868
190000 1.95328 -0.0458528 0.0192047
191000 1.86401 -0.0523601 0.018411
192000 1.92412 -0.0496972 0.0188322
193000 1.88923 -0.0547696 0.0186984
194000 1.89879 -0.0643137 0.0185725
195000 1.84447 -0.0499967 0.0182755
196000 1.83235 -0.0640598 0.0180392
197000 1.84872 -0.0623592 0.0182393
198000 1.91665 -0.0665983 0.0185789
199000 1.85789 -0.0496651 0.018401
200000 1.83128 -0.0716667 0.0179603
201000 1.90193 -0.0601323 0.0186993
202000 1.93933 -0.0552588 0.0192843
203000 1.82595 -0.0655384 0.0179766
204000 1.95144 -0.0516517 0.0191749
205000 1.83378 -0.0536399 0.0181582
206000 1.93737 -0.0692527 0.01879
207000 1.8798 -0.0681238 0.0185381
208000 1.87112 -0.0543399 0.0186028
209000 1.94588 -0.0530793 0.0190439
210000 1.93935 -0.0617723 0.0190239
211000 1.85476 -0.0637267 0.0180966
212000 1.90876 -0.074002 0.0185312
213000 1.93547 -0.0590157 0.0190586
214000 1.81796 -0.0451003 0.0179644
215000 1.90765 -0.0618634 0.0187342
216000 1.93155 -0.056081 0.0192227
217000 1.92822 -0.0779903 0.0186676
218000 1.85681 -0.0766144 0.0180917
219000 1.89642 -0.084393 0.0184943
220000 1.90688 -0.0750533 0.0187058
221000 1.94429 -0.0640357 0.0191284
222000 1.85099 -0.048967 0.018219
223000 1.92461 -0.0674794 0.019138
224000 1.82988 -0.0441421 0.0179851
225000 1.87907 -0.0639747 0.0182463
226000 1.89257 -0.0624758 0.0186359
227000 1.91428 -0.0645496 0.0187343
228000 1.9278 -0.0672681 0.0189892
229000 1.87997 -0.0501579 0.0185193
230000 1.91987 -0.0624111 0.0187591
231000 1.91486 -0.06382 0.0188078
232000 1.90822 -0.0692437 0.0187013
233000 1.86592 -0.059541 0.0184171
234000 1.88997 -0.0613828 0.0184098
235000 1.9361 -0.0754657 0.0189833
236000 1.93597 -0.0599547 0.0191518
237000 1.90855 -0.0698985 0.0187509
238000 1.84597 -0.0620552 0.0180188
239000 1.938 -0.0725908 0.0188309
240000 1.88372 -0.0863532 0.0182788
241000 1.93399 -0.0715202 0.0187043
242000 1.91828 -0.0658832 0.0186158
243000 1.84763 -0.0500443 0.0180364
244000 1.93967 -0.0709408 0.0192036
245000 1.98966 -0.0553753 0.0197912
246000 1.84329 -0.0609633 0.0180122
247000 1.94194 -0.07033 0.0191186
248000 1.83141 -0.0638132 0.0179899
249000 1.9692 -0.0534594 0.0194717
250000 1.85 -0.0507511 0.0181773
251000 1.90979 -0.0460229 0.018638
252000 1.9146 -0.06413 0.0187401
253000 1.87508 -0.0554965 0.0185987
254000 1.94319 -0.0569777 0.0190769
255000 1.91513 -0.0721615 0.0185276
256000 1.89364 -0.0537099 0.018535
257000 1.93402 -0.0475596 0.0191352
258000 1.87832 -0.0415019 0.0186223
259000 1.88097 -0.0587238 0.0184569
260000 1.8693 -0.0587045 0.0184099
261000 1.90241 -0.062758 0.0189466
262000 1.9429 -0.0593227 0.0190905
263000 1.83572 -0.0805509 0.0179801
264000 1.92415 -0.0647154 0.0190356
265000 1.91328 -0.0649115 0.0185458
266000 1.89786 -0.0606736 0.0185952
267000 1.89915 -0.0455526 0.0186523
268000 1.92835 -0.0529146 0.0191041
269000 1.92011 -0.0725807 0.0187824
270000 1.88295 -0.0577798 0.0185515
271000 1.9175 -0.0562128 0.0187506
272000 1.88918 -0.0634657 0.0185618
273000 1.96422 -0.081358 0.0193438
274000 1.87764 -0.0798158 0.018356
275000 1.86806 -0.0630846 0.0182648
276000 1.83129 -0.0706555 0.017818
277000 1.93825 -0.0560541 0.0189731
278000 1.99477 -0.0582041 0.019437
279000 1.93702 -0.0445647 0.0189752
280000 1.83845 -0.0660093 0.0181796
281000 1.85611 -0.0525858 0.0181908
282000 1.95998 -0.0542989 0.0192129
283000 1.89293 -0.0668938 0.0183944
284000 1.94829 -0.0638284 0.0189641
285000 1.89647 -0.0609771 0.0184174
286000 1.91239 -0.0581808 0.0188144
287000 1.89495 -0.0741706 0.0184803
288000 1.91418 -0.0707629 0.018742
289000 1.87992 -0.0845107 0.0184484
290000 1.86795 -0.08907 0.0180549
291000 1.88629 -0.0760159 0.0181603
292000 1.92124 -0.0573365 0.0189744
293000 1.92731 -0.0574348 0.0187135
294000 1.83321 -0.0456102 0.0181387
295000 1.92885 -0.0566806 0.0189748
296000 1.95786 -0.0392514 0.0192201
297000 1.92213 -0.0592548 0.0188103
298000 1.85826 -0.0534992 0.0183792
299000 1.91447 -0.0535202 0.0185849
300000 1.94808 -0.0610207 0.019087
301000 1.87296 -0.0679808 0.0183739
302000 1.86388 -0.0883209 0.0183218
303000 1.94979 -0.0710105 0.0192075
304000 1.87283 -0.0642129 0.0182948
305000 1.8278 -0.0564635 0.017981
306000 1.9399 -0.0606395 0.0191075
307000 1.87453 -0.0539377 0.0184851
308000 1.97587 -0.0517472 0.0195269
309000 1.91795 -0.0841707 0.0188186
310000 1.90302 -0.0726177 0.0185438
311000 1.89046 -0.0686285 0.0186326
312000 1.8758 -0.0624527 0.018587
313000 1.88438 -0.0600234 0.0185883
314000 1.8949 -0.0600759 0.0185482
315000 1.85125 -0.0606859 0.0181768
316000 1.90655 -0.060771 0.018694
317000 1.9044 -0.0731158 0.0185773
318000 1.87623 -0.0598128 0.0183927
319000 1.94059 -0.0642122 0.0189557
320000 1.87721 -0.0729067 0.0182214
321000 1.84063 -0.0759785 0.0179411
322000 1.94544 -0.0739983 0.0190134
323000 1.92893 -0.0701193 0.0188242
324000 1.86031 -0.064176 0.0182108
325000 1.95035 -0.0546699 0.019091
326000 1.84401 -0.0513663 0.0181373
327000 1.96422 -0.0551533 0.019344
328000 1.94927 -0.0497147 0.0190703
329000 1.84297 -0.0426578 0.0181773
330000 1.91031 -0.0556114 0.0189266
331000 1.907 -0.0473498 0.01865
332000 1.88504 -0.0424026 0.0185848
333000 1.95827 -0.0449829 0.019257
334000 1.91814 -0.0463953 0.0189837
335000 1.88425 -0.0511567 0.01839
336000 1.88945 -0.0609932 0.0184694
337000 1.95277 -0.074343 0.0191168
338000 1.82799 -0.0529623 0.0179064
339000 1.94266 -0.0596579 0.018993
340000 1.87835 -0.0612888 0.0183132
341000 1.8905 -0.0773571 0.0184378
342000 1.97595 -0.0779722 0.0192235
343000 1.82854 -0.06842 0.0179179
344000 1.89271 -0.0678825 0.0185439
345000 1.94313 -0.0674967 0.0190597
346000 1.94431 -0.0505158 0.0191884
347000 1.85077 -0.0542914 0.0180941
348000 1.91038 -0.0644517 0.0186002
349000 1.96154 -0.0493402 0.0193077
350000 1.87772 -0.0592044 0.0183909
351000 1.86579 -0.0722736 0.0181501
352000 1.89044 -0.0672762 0.018634
353000 1.89272 -0.0599396 0.0185282
354000 1.88456 -0.0540466 0.0185575
355000 1.95727 -0.0601237 0.0193405
356000 1.94591 -0.0630117 0.018897
357000 1.85795 -0.0448213 0.0182348
358000 1.89232 -0.0618815 0.0185474
359000 1.96606 -0.0682858 0.0193383
360000 1.87906 -0.0721472 0.0182647
361000 1.82989 -0.0635859 0.017702
362000 1.85894 -0.0576443 0.0181787
363000 1.90811 -0.0720666 0.0187204
364000 1.87975 -0.0455615 0.0188748
365000 1.89055 -0.0605035 0.0184127
366000 1.87974 -0.0527003 0.0186507
367000 1.87941 -0.0564958 0.0183885
368000 1.93581 -0.0530504 0.0188698
369000 1.86804 -0.0548988 0.01861
370000 1.88816 -0.0466209 0.018473
371000 1.90219 -0.0505226 0.0185861
372000 1.88979 -0.0508654 0.0187067
373000 1.94581 -0.0609843 0.0190804
374000 1.84724 -0.0542819 0.0182275
375000 1.92697 -0.0753352 0.0186915
376000 1.92261 -0.0600322 0.0188716
377000 1.86943 -0.0686572 0.0181141
378000 1.82551 -0.0729122 0.0179164
379000 1.84828 -0.0744114 0.0179976
380000 1.90976 -0.100925 0.0183834
381000 1.95172 -0.0875877 0.0192506
382000 1.88475 -0.0762638 0.0184927
383000 1.89062 -0.0776973 0.0186096
384000 1.92837 -0.0927286 0.0188601
385000 1.88889 -0.0758559 0.018568
386000 1.89691 -0.0686312 0.0186376
387000 1.92304 -0.0599822 0.0188126
388000 1.89638 -0.0585474 0.018594
389000 1.83991 -0.0665121 0.0179719
390000 1.95644 -0.058541 0.0192258
391000 1.91645 -0.0598463 0.018985
392000 1.91042 -0.0489254 0.0188429
393000 1.88796 -0.0551886 0.0186654
394000 1.90253 -0.0467284 0.0185648
395000 1.93347 -0.0443282 0.0191781
396000 1.9125 -0.0454363 0.0189189
397000 1.92695 -0.0646494 0.0188813
398000 1.83102 -0.0461707 0.0179094
399000 1.9217 -0.0594411 0.0187641
400000 1.9047 -0.0604075 0.0186762
401000 1.87532 -0.0540374 0.0183728
402000 1.95182 -0.0664635 0.0191032
403000 1.91722 -0.0475879 0.0189888
404000 1.85015 -0.0648587 0.018148
405000 1.95724 -0.0797811 0.0190679
406000 1.91442 -0.0729565 0.0187421
407000 1.91381 -0.0482451 0.0190218
408000 1.93602 -0.0593502 0.0189962
409000 1.89447 -0.0688296 0.0187029
410000 1.90576 -0.0712654 0.0187507
411000 1.94137 -0.0770391 0.0189174
412000 1.95063 -0.071801 0.0192322
413000 1.89535 -0.0826673 0.0184338
414000 1.89632 -0.0907198 0.0186223
415000 1.93401 -0.0680441 0.0188872
416000 1.92441 -0.0694891 0.0190258
417000 1.84095 -0.053475 0.0181555
418000 1.9376 -0.0742243 0.0189371
419000 1.83686 -0.0778942 0.0178615
420000 1.92493 -0.0670206 0.0189203
421000 1.87478 -0.0661402 0.018301
422000 1.9305 -0.0545023 0.0189483
423000 1.93913 -0.0702818 0.0190404
424000 1.86623 -0.0618919 0.0184752
425000 1.93437 -0.0646503 0.0190221
426000 1.855 -0.0487021 0.0183079
427000 1.85589 -0.0536816 0.0181271
428000 1.98418 -0.068895 0.0193834
429000 1.84842 -0.054655 0.0183093
430000 1.91266 -0.0593634 0.0185476
431000 1.95788 -0.0576012 0.0191458
432000 1.92256 -0.0504982 0.0188631
433000 1.91033 -0.0514611 0.0187115
434000 1.92398 -0.0546213 0.0190937
435000 1.97831 -0.0489918 0.0194678
436000 1.8362 -0.0635019 0.0181293
437000 1.95309 -0.0566038 0.0190299
438000 1.8744 -0.0599903 0.018456
439000 1.95689 -0.0577711 0.0190852
440000 1.93467 -0.0652341 0.0188602
441000 1.90054 -0.0707557 0.0186235
442000 1.86245 -0.0775059 0.018068
443000 1.92745 -0.0823064 0.0188263
444000 1.85896 -0.0668561 0.0184243
445000 1.89022 -0.0552962 0.0188299
446000 1.84655 -0.0596883 0.0181947
447000 1.88963 -0.0578343 0.0184968
448000 1.83895 -0.0779626 0.0179691
449000 1.87936 -0.067909 0.0181724
450000 1.89829 -0.0720776 0.0187304
451000 1.90864 -0.0568155 0.0186877
452000 1.89177 -0.0491509 0.0184577
453000 1.8767 -0.058391 0.0184219
454000 1.9068 -0.0456143 0.0186762
455000 1.91568 -0.058434 0.0188207
456000 1.88133 -0.0568996 0.0187597
457000 1.97051 -0.0695779 0.0192054
458000 1.84316 -0.0731995 0.0181485
459000 1.94797 -0.0651881 0.018963
460000 1.95222 -0.0688902 0.0190423
461000 1.93706 -0.0585975 0.01891
462000 1.90383 -0.056485 0.0187442
463000 1.93928 -0.05371 0.0190801
464000 1.93391 -0.0555306 0.0191575
465000 1.91623 -0.0617299 0.0188636
466000 1.8755 -0.0628461 0.0182784
467000 1.90787 -0.0938743 0.0186847
468000 1.86508 -0.052131 0.018195
469000 1.89922 -0.0594947 0.0184997
470000 1.89457 -0.0643869 0.0186816
471000 1.90675 -0.0611164 0.0189483
472000 1.85276 -0.0492795 0.018104
473000 1.94519 -0.0550027 0.0191141
474000 1.95475 -0.0484766 0.0192042
475000 1.86584 -0.0618215 0.0181966
476000 1.82605 -0.0663765 0.0178969
477000 1.86672 -0.0594849 0.0183423
478000 1.89202 -0.0596688 0.0186152
479000 1.92529 -0.0615055 0.0189798
480000 1.83726 -0.0628048 0.0181031
481000 1.92997 -0.061238 0.0189727
482000 1.9334 -0.0577508 0.0192452
483000 1.91211 -0.0664446 0.0186469
484000 1.93004 -0.0647901 0.0188855
485000 1.87754 -0.0661447 0.0184388
486000 1.94631 -0.0484035 0.0189895
487000 1.91706 -0.0583241 0.0190164
488000 1.9221 -0.0748191 0.0189358
489000 1.88225 -0.0713935 0.0183582
490000 1.90284 -0.0782999 0.0185147
491000 1.86245 -0.0632606 0.0184729
492000 1.93846 -0.0851733 0.0189313
493000 1.90735 -0.0599815 0.0186645
494000 1.9196 -0.0502388 0.0189064
495000 1.86602 -0.0609744 0.0181661
496000 1.88956 -0.0443088 0.0188635
497000 1.9495 -0.0602731 0.0191574
498000 1.87896 -0.0591749 0.0184075
499000 1.93272 -0.0729971 0.0190006
500000 1.86016 -0.0625835 0.0184612
501000 1.90391 -0.0491072 0.0187386
502000 1.90191 -0.0646014 0.0187109
503000 1.90196 -0.0767925 0.01843
504000 1.89314 -0.0842437 0.0183958
505000 1.94868 -0.0746022 0.0190051
506000 1.90045 -0.0659211 0.0187617
507000 1.86168 -0.0583536 0.0182462
508000 1.90129 -0.0598113 0.0186888
509000 1.95634 -0.0404017 0.0194327
510000 1.83831 -0.0712119 0.01806
511000 1.90868 -0.0880788 0.0187629
512000 1.89286 -0.0777459 0.0183905
513000 1.873 -0.0870516 0.0184761
514000 1.86911 -0.0843136 0.0183267
515000 1.96379 -0.0784053 0.0191485
516000 1.82668 -0.0881442 0.0178135
517000 1.84518 -0.0662082 0.0181192
518000 1.9071 -0.0605936 0.0188939
519000 1.86027 -0.0804654 0.0183157
520000 1.88645 -0.0708085 0.0184148
521000 1.85764 -0.073693 0.0180851
522000 1.95564 -0.0568546 0.0194135
523000 1.95974 -0.0683475 0.0193011
524000 1.86016 -0.0731625 0.018195
525000 1.90748 -0.068497 0.0187256
526000 1.9475 -0.0570528 0.0191114
527000 1.9226 -0.0522823 0.0189327
528000 1.86107 -0.082716 0.0181765
529000 1.91254 -0.0720577 0.0186188
530000 1.88625 -0.06704 0.0184451
531000 1.92733 -0.0712355 0.0187368
532000 1.97286 -0.0902853 0.0192132
533000 1.94939 -0.0630687 0.0192625
534000 1.86464 -0.0684259 0.0182087
535000 1.87076 -0.0638598 0.0183838
536000 1.92525 -0.0755861 0.0187925
537000 1.88642 -0.0685096 0.0183614
538000 1.88289 -0.0785654 0.0181322
539000 1.88935 -0.0752344 0.0184192
540000 1.84153 -0.0787965 0.017875
541000 1.92892 -0.0609493 0.0188499
542000 1.90038 -0.050098 0.0187892
543000 1.89999 -0.0506313 0.0185862
544000 1.92685 -0.0597231 0.0190899
545000 1.873 -0.0562029 0.0183996
546000 1.9093 -0.0792837 0.0187374
547000 1.92905 -0.0664721 0.018932
548000 1.9159 -0.0584107 0.0188732
549000 1.87203 -0.069509 0.0181662
550000 1.88602 -0.0582069 0.0183853
551000 1.93107 -0.0642563 0.0190377
552000 1.93334 -0.066741 0.01896
553000 1.92216 -0.0675723 0.0189737
554000 1.91437 -0.0503211 0.0189307
555000 1.88389 -0.0694765 0.0182635
556000 1.91244 -0.0774575 0.018707
557000 1.90228 -0.0559076 0.0188339
558000 1.9422 -0.0779577 0.0189467
559000 1.84976 -0.0677536 0.0181592
560000 1.91698 -0.0708327 0.0188069
561000 1.93607 -0.0743285 0.0188676
562000 1.85651 -0.0868978 0.0180888
563000 1.92299 -0.074537 0.0187137
564000 1.94246 -0.0552016 0.0189931
565000 1.92232 -0.0522161 0.0189068
566000 1.93186 -0.0482018 0.0189812
567000 1.8375 -0.0614125 0.0180247
568000 1.8671 -0.0851234 0.0182731
569000 1.97543 -0.0630545 0.0192771
570000 1.85834 -0.0690884 0.0180009
571000 1.88143 -0.0651496 0.0183433
572000 1.9113 -0.0565221 0.0188817
573000 1.88384 -0.0513416 0.0185384
574000 1.90973 -0.0604327 0.018777
575000 1.86068 -0.0524326 0.0182433
576000 1.85141 -0.0571355 0.0180777
577000 1.9107 -0.047492 0.0187164
578000 1.85137 -0.0485228 0.0184754
579000 1.90228 -0.067892 0.018799
580000 1.86782 -0.0773998 0.0183028
581000 1.89868 -0.0678833 0.0186191
582000 1.87115 -0.0494653 0.0184965
583000 1.88181 -0.0653428 0.0186234
584000 1.91997 -0.0674383 0.0186463
585000 1.8706 -0.0644839 0.0183107
586000 1.91801 -0.0659414 0.0188502
587000 1.92387 -0.0726646 0.0188627
588000 1.86725 -0.0739427 0.0182173
589000 1.87745 -0.0625193 0.0185462
590000 1.91675 -0.0754321 0.0187764
591000 1.9158 -0.0591903 0.0188171
592000 1.91047 -0.0511989 0.0190054
593000 1.90059 -0.0553776 0.0186275
594000 1.91364 -0.0602047 0.0188219
595000 1.85905 -0.0528378 0.0184276
596000 1.88486 -0.0535796 0.0185879
597000 1.91927 -0.0559348 0.0187997
598000 1.90153 -0.0652694 0.0187064
599000 1.93284 -0.0535012 0.0191096
600000 1.87272 -0.0725665 0.0183138
601000 1.94017 -0.065095 0.0189324
602000 1.88402 -0.0766149 0.0183933
603000 1.91888 -0.0771093 0.0186456
604000 1.89066 -0.062659 0.0186979
605000 1.93632 -0.0591537 0.0188883
606000 1.92642 -0.0528619 0.0188768
607000 1.91255 -0.0664626 0.0188726
608000 1.85593 -0.076186 0.0181786
609000 1.8893 -0.0774426 0.018419
610000 1.92034 -0.0733827 0.0187801
611000 1.83345 -0.0847583 0.017919
612000 1.92385 -0.0645055 0.0188265
613000 1.91745 -0.0788202 0.0188809
614000 1.90502 -0.105818 0.0183392
615000 1.89705 -0.0897236 0.0184062
616000 1.87656 -0.0852864 0.018246
617000 1.9415 -0.0741429 0.0188208
618000 1.89257 -0.0811004 0.0183943
619000 1.84787 -0.0638891 0.0182239
620000 1.94745 -0.0718011 0.0192183
621000 1.88847 -0.0600348 0.018397
622000 1.86354 -0.0591155 0.0185444
623000 1.94701 -0.0435054 0.0192372
624000 1.89922 -0.0542703 0.018701
625000 1.8538 -0.0541525 0.0180112
626000 1.87139 -0.0814533 0.018289
627000 1.92801 -0.0666169 0.0187889
628000 1.86882 -0.063138 0.0184406
629000 1.88377 -0.0610828 0.0184954
630000 1.92764 -0.0635866 0.0189094
631000 1.90166 -0.0610966 0.0185208
632000 1.85397 -0.0776743 0.0180622
633000 1.95148 -0.0695294 0.0189661
634000 1.89317 -0.0625503 0.0185122
635000 1.88922 -0.0603255 0.018648
636000 1.92646 -0.0495766 0.0189755
637000 1.91483 -0.0473837 0.0189837
638000 1.88826 -0.0554094 0.0185468
639000 1.84187 -0.0645613 0.0179946
640000 1.87543 -0.0605007 0.0186061
641000 1.89203 -0.0607819 0.0186469
642000 1.87674 -0.072107 0.0184343
643000 1.90244 -0.0560103 0.0187522
644000 1.87665 -0.0615827 0.018422
645000 1.88212 -0.0703189 0.0183703
646000 1.93169 -0.0467927 0.0189767
647000 1.87259 -0.0604754 0.0184072
648000 1.91525 -0.0616223 0.0188854
649000 1.94911 -0.0638309 0.0191525
650000 1.88671 -0.0600816 0.0186126
651000 1.93265 -0.0560816 0.0189953
652000 1.97931 -0.0558653 0.0195219
653000 1.94505 -0.0661119 0.0190243
654000 1.84419 -0.073348 0.0181337
655000 1.89154 -0.106005 0.0180341
656000 1.92533 -0.0754227 0.019172
657000 1.93704 -0.0663917 0.0191163
658000 1.88052 -0.064621 0.0185627
659000 1.86022 -0.0680081 0.018134
660000 1.89321 -0.0538758 0.0187057
661000 1.86122 -0.0630833 0.0181898
662000 1.83639 -0.0483441 0.0180201
663000 1.9495 -0.0585203 0.0192709
664000 1.82911 -0.063295 0.0178848
665000 1.91155 -0.0464917 0.0188346
666000 1.90805 -0.0603926 0.0188775
667000 1.85736 -0.0670299 0.0183164
668000 1.8268 -0.0679111 0.017702
669000 1.84954 -0.0637119 0.0180103
670000 1.90397 -0.0652426 0.0186541
671000 1.87131 -0.0607975 0.0183803
672000 1.85976 -0.0735986 0.0179654
673000 1.90264 -0.0708741 0.0185268
674000 1.92539 -0.0656156 0.0187952
675000 1.89655 -0.0656445 0.0184727
676000 1.87032 -0.0594382 0.018457
677000 1.94921 -0.0671185 0.0189826
678000 1.90739 -0.0490588 0.0189998
679000 1.91507 -0.0687665 0.0187889
680000 1.92715 -0.06333 0.0189937
681000 1.91371 -0.0693793 0.0186263
682000 1.87031 -0.0771763 0.0183153
683000 1.91733 -0.0946059 0.0184679
684000 1.89138 -0.0825574 0.01843
685000 1.86841 -0.0627563 0.0181774
686000 1.90953 -0.0616127 0.0188978
687000 1.8716 -0.0608619 0.0183105
688000 1.93302 -0.059028 0.0188231
689000 1.93556 -0.0592935 0.0188989
690000 1.88663 -0.074302 0.0182195
691000 1.86798 -0.0562645 0.0182875
692000 1.91038 -0.0582573 0.0188794
693000 1.86156 -0.0712122 0.0182578
694000 1.91575 -0.0552517 0.0186968
695000 1.89215 -0.076164 0.0184506
696000 1.9262 -0.083739 0.0186659
697000 1.91976 -0.0719477 0.0188142
698000 1.88146 -0.0708537 0.0185147
699000 1.88943 -0.0736675 0.0184993
700000 1.92282 -0.0682193 0.0189848
701000 1.91304 -0.0574857 0.0187554
702000 1.85974 -0.0574699 0.0181839
703000 1.94351 -0.0796583 0.0189712
704000 1.89778 -0.076393 0.0184918
705000 1.8748 -0.0768016 0.0183623
706000 1.9117 -0.0624013 0.0188621
707000 1.95225 -0.0630372 0.0190067
708000 1.8999 -0.0738799 0.0185334
709000 1.93534 -0.0596788 0.0188977
710000 1.89374 -0.0694736 0.0185445
711000 1.87663 -0.0664483 0.0183905
712000 1.82335 -0.0622831 0.0179385
713000 1.89276 -0.064875 0.0186405
714000 1.91562 -0.0501714 0.0188675
715000 1.90975 -0.0671236 0.0189097
716000 1.94421 -0.0721966 0.0190367
717000 1.91585 -0.0720915 0.018715
718000 1.91804 -0.0584719 0.0188966
719000 1.8977 -0.0672252 0.018676
720000 1.87913 -0.0766997 0.0183638
721000 1.91719 -0.06993 0.0187227
722000 1.91755 -0.0634278 0.0187704
723000 1.89573 -0.066748 0.0184576
724000 1.83407 -0.0873388 0.018002
725000 1.99791 -0.0697798 0.0197494
726000 1.90544 -0.0705343 0.0185335
727000 1.8266 -0.0630219 0.0178466
728000 1.85996 -0.0740602 0.0181773
729000 1.97861 -0.0642475 0.0195786
730000 1.85483 -0.0604447 0.0180206
731000 1.97571 -0.0485948 0.0195801
732000 1.9271 -0.0559833 0.0191189
733000 1.83756 -0.0609539 0.0179377
734000 1.95503 -0.0677921 0.0192032
735000 1.90455 -0.0728268 0.0184314
736000 1.8902 -0.0857458 0.0184487
737000 1.92564 -0.0613523 0.0189695
738000 1.84116 -0.0527017 0.0180261
739000 1.93184 -0.0551403 0.0192407
740000 1.88193 -0.0606133 0.0183224
741000 1.84012 -0.0641677 0.0180212
742000 1.89383 -0.0481836 0.0185536
743000 1.9152 -0.0490492 0.0187985
744000 1.90631 -0.0463736 0.018945
745000 1.83966 -0.0519735 0.0181403
746000 1.95293 -0.0559756 0.0191058
747000 1.88868 -0.0544375 0.0185769
748000 1.84023 -0.0478825 0.0180461
749000 1.90285 -0.0602193 0.0184166
750000 1.92078 -0.074313 0.018753
751000 1.90835 -0.0725483 0.0186502
752000 1.85277 -0.0567439 0.018314
753000 1.90368 -0.0655131 0.0186398
754000 1.8478 -0.0542601 0.0181133
755000 1.88537 -0.0603148 0.0184203
756000 1.85516 -0.06044 0.0181383
757000 1.86191 -0.0633858 0.0185159
758000 1.90116 -0.058769 0.0185773
759000 1.89179 -0.0686591 0.0182532
760000 1.83689 -0.078004 0.0182202
761000 1.8647 -0.0640434 0.0181745
762000 1.97391 -0.0725056 0.0192194
763000 1.90322 -0.069324 0.018488
764000 1.88093 -0.0634949 0.0183462
765000 1.86453 -0.0800977 0.0181896
766000 1.86508 -0.0695085 0.0181502
767000 1.8882 -0.0634617 0.0183955
768000 1.85119 -0.0513342 0.0182229
769000 1.99518 -0.045357 0.0196834
770000 1.84756 -0.0623706 0.0181994
771000 1.97386 -0.0576347 0.0193126
772000 1.93652 -0.0572639 0.0190452
773000 1.88129 -0.0512573 0.0183311
774000 1.87966 -0.0578076 0.0185299
775000 1.89803 -0.0544652 0.0187917
776000 1.9184 -0.072979 0.018778
777000 1.91715 -0.0597266 0.0186106
778000 1.92046 -0.0593258 0.0188483
779000 1.92315 -0.0652384 0.0189108
780000 1.89883 -0.0541976 0.0185161
781000 1.9265 -0.04944 0.0190423
782000 1.82968 -0.0561795 0.0179262
783000 1.93542 -0.051224 0.018966
784000 1.8971 -0.0401927 0.018929
785000 1.84627 -0.0458665 0.0181611
786000 1.94736 -0.0558818 0.0191301
787000 1.87723 -0.0603617 0.01841
788000 1.95927 -0.0574074 0.0192877
789000 1.8669 -0.0504281 0.0186104
790000 1.91554 -0.0662606 0.0188998
791000 1.91817 -0.064278 0.0186484
792000 1.89427 -0.0541433 0.0186083
793000 1.93069 -0.0625009 0.0189493
794000 1.86724 -0.0570155 0.0182914
795000 1.86782 -0.0530002 0.0184099
796000 1.96864 -0.0570896 0.0192948
797000 1.87949 -0.0510915 0.018495
798000 1.89065 -0.0421338 0.0186856
799000 1.93464 -0.053877 0.0189637
800000 1.84103 -0.0612865 0.0180417
801000 1.91377 -0.0630697 0.0187645
802000 1.94214 -0.0636747 0.0193318
803000 1.90366 -0.0587321 0.0186234
804000 1.93255 -0.064947 0.0190829
805000 1.90706 -0.0594447 0.0188388
806000 1.96913 -0.0555045 0.0192289
807000 1.83507 -0.0621248 0.0179312
808000 1.93945 -0.0561578 0.0190864
809000 1.87978 -0.0748239 0.0181747
810000 1.85422 -0.0568732 0.0182387
811000 1.97385 -0.092039 0.0191947
812000 1.88964 -0.0760976 0.0185082
813000 1.8894 -0.0818875 0.0185529
814000 1.84904 -0.0767157 0.0182557
815000 1.89005 -0.0606651 0.0184588
816000 1.92387 -0.0646117 0.0189157
817000 1.94376 -0.0600018 0.0191246
818000 1.89765 -0.063226 0.018739
819000 1.92237 -0.0577007 0.018891
820000 1.89306 -0.0618149 0.0184112
821000 1.8841 -0.0685249 0.0184558
822000 1.84603 -0.0531622 0.018132
823000 1.8532 -0.0579935 0.018173
824000 1.91185 -0.0604139 0.0186493
825000 1.84597 -0.0739536 0.0180466
826000 1.93424 -0.0722405 0.0190215
827000 1.87998 -0.075825 0.0184604
828000 1.89693 -0.0789431 0.0185475
829000 1.93046 -0.0727963 0.0190406
830000 1.8952 -0.0690293 0.0186129
831000 1.8735 -0.0625698 0.0184807
832000 1.87509 -0.0586378 0.0184632
833000 1.88829 -0.0673184 0.0187707
834000 1.91409 -0.0569512 0.0188055
835000 1.87648 -0.0649764 0.0182956
836000 1.89267 -0.0695727 0.0188231
837000 1.88922 -0.0638053 0.0187448
838000 1.86686 -0.0510951 0.0182509
839000 1.89652 -0.0566076 0.0187655
840000 1.96259 -0.064651 0.019398
841000 1.84776 -0.0707194 0.0180056
842000 1.8761 -0.0585595 0.0183843
843000 1.8471 -0.057911 0.0183371
844000 1.95587 -0.0619045 0.0191686
845000 1.83692 -0.072175 0.0180267
846000 1.84167 -0.0749037 0.0180637
847000 1.9135 -0.0619043 0.0188794
848000 1.87016 -0.0680851 0.0181419
849000 1.90605 -0.0573361 0.0185873
850000 1.88804 -0.0564944 0.0185585
851000 1.91364 -0.0435104 0.0189302
852000 1.93003 -0.0529544 0.0188874
853000 1.93136 -0.0561768 0.019151
854000 1.92331 -0.0604041 0.0187751
855000 1.88306 -0.0652308 0.0183415
856000 1.87239 -0.0571323 0.0185818
857000 1.93846 -0.0623781 0.0191343
858000 1.87106 -0.0761192 0.018431
859000 1.96397 -0.0626292 0.0192497
860000 1.84406 -0.0816158 0.0178577
861000 1.89279 -0.0839671 0.018369
862000 1.87653 -0.0754578 0.0183401
863000 1.90411 -0.0495906 0.0188654
864000 1.87082 -0.0506962 0.018275
865000 1.88404 -0.0576235 0.0183988
866000 1.93337 -0.0455356 0.018959
867000 1.91314 -0.0559993 0.0188868
868000 1.9366 -0.052826 0.0188321
869000 1.84785 -0.0512393 0.0182617
870000 1.9796 -0.0528248 0.0194778
871000 1.84491 -0.0579956 0.0180929
872000 1.97213 -0.0562135 0.019323
873000 1.91983 -0.0483814 0.0190144
874000 1.8699 -0.0672634 0.0183885
875000 1.96612 -0.0826304 0.0190174
876000 1.94601 -0.0747857 0.0190666
877000 1.89269 -0.0583459 0.0185527
878000 1.93704 -0.0620731 0.0190817
879000 1.96972 -0.0553889 0.0195081
880000 1.83343 -0.064714 0.0180498
881000 1.95008 -0.0717929 0.0191275
882000 1.92263 -0.0598118 0.0190129
883000 1.8436 -0.0598625 0.0178837
884000 1.97414 -0.0534343 0.0196464
885000 1.87353 -0.0648961 0.0184513
886000 1.85438 -0.0593743 0.0181604
887000 1.95541 -0.0538814 0.0193603
888000 1.9402 -0.0670279 0.0190555
889000 1.89295 -0.0658923 0.0185761
890000 1.85954 -0.0503124 0.018375
891000 1.88095 -0.0580207 0.0183974
892000 1.86025 -0.046451 0.0182386
893000 1.88799 -0.053895 0.0186217
894000 1.88833 -0.06598 0.0183654
895000 1.91675 -0.0556305 0.0187522
896000 1.94051 -0.0598642 0.0190842
897000 1.83821 -0.0740525 0.0179644
898000 1.95624 -0.0625765 0.0192868
899000 1.89125 -0.0662131 0.018492
900000 1.81931 -0.0735109 0.0176645
901000 1.8952 -0.055299 0.018754
902000 1.9498 -0.0577323 0.0192299
903000 1.88131 -0.0655334 0.0184786
904000 1.90437 -0.0567414 0.0185347
905000 1.87723 -0.0517895 0.0185562
906000 1.89373 -0.0638095 0.0185213
907000 1.90102 -0.0563104 0.0186224
908000 1.8682 -0.0583772 0.0183717
909000 1.9009 -0.070415 0.0186051
910000 1.91924 -0.0578371 0.0187392
911000 1.87261 -0.0803764 0.0181359
912000 1.94693 -0.0588584 0.0191302
913000 1.9289 -0.0597982 0.0189397
914000 1.93422 -0.0593369 0.0189794
915000 1.82876 -0.041201 0.0181292
916000 1.90858 -0.0614348 0.0188057
917000 1.90246 -0.0435442 0.018692
918000 1.93587 -0.0469267 0.0191746
919000 1.84538 -0.0594555 0.0181683
920000 1.94748 -0.0549905 0.019112
921000 1.84769 -0.0541377 0.0183132
922000 1.93756 -0.0631887 0.0189855
923000 1.95169 -0.0615195 0.0193253
924000 1.85209 -0.0608745 0.0180786
925000 1.89961 -0.0620543 0.0185015
926000 1.90384 -0.0676871 0.0185147
927000 1.90551 -0.0600987 0.0187888
928000 1.90442 -0.0596337 0.0187592
929000 1.8408 -0.0663189 0.0179094
930000 1.87988 -0.0539988 0.0183734
931000 1.90129 -0.0593337 0.0185533
932000 1.90834 -0.059863 0.0186445
933000 1.87851 -0.0537146 0.0184794
934000 1.93479 -0.062096 0.0189498
935000 1.93753 -0.0578863 0.0189898
936000 1.86341 -0.0564169 0.0183478
937000 1.89815 -0.0620148 0.018727
938000 1.89023 -0.0771794 0.0183932
939000 1.91472 -0.0548555 0.0188707
940000 1.89584 -0.0490633 0.0188303
941000 1.88856 -0.0621901 0.018548
942000 1.87146 -0.0634965 0.0182752
943000 1.91787 -0.063455 0.0188285
944000 1.97252 -0.0610786 0.0194049
945000 1.87293 -0.0635141 0.0185657
946000 1.91385 -0.0648526 0.018744
947000 1.95207 -0.0746094 0.0190399
948000 1.83999 -0.0567107 0.0180399
949000 1.95566 -0.0601819 0.0191587
950000 1.85459 -0.0858889 0.0180204
951000 1.89717 -0.0694327 0.0186449
952000 1.95384 -0.0753893 0.0190762
953000 1.85715 -0.0766637 0.018057
954000 1.86649 -0.0662034 0.018199
955000 1.96617 -0.0678282 0.0193221
956000 1.95191 -0.0579448 0.0194801
957000 1.89694 -0.060625 0.0187154
958000 1.92497 -0.0608935 0.0188289
959000 1.90821 -0.0611136 0.0186115
960000 1.91647 -0.0595038 0.0187782
961000 1.91597 -0.0533093 0.0186344
962000 1.91409 -0.0622732 0.0187168
963000 1.92863 -0.0680357 0.0188376
964000 1.91638 -0.0599726 0.0190273
965000 1.92327 -0.0586901 0.0190451
966000 1.8723 -0.0658525 0.0183902
967000 1.85554 -0.0523772 0.0181079
968000 1.8894 -0.0617414 0.0186043
969000 1.8929 -0.060577 0.0185641
970000 1.91659 -0.0550201 0.0189856
971000 1.88047 -0.0624246 0.0184425
972000 1.81939 -0.071098 0.0177794
973000 1.92036 -0.0818879 0.0188913
974000 1.94123 -0.0564202 0.0190224
975000 1.91066 -0.0777133 0.0187551
976000 1.84027 -0.0867213 0.0181615
977000 1.9468 -0.103384 0.0188773
978000 1.89538 -0.0723282 0.018451
979000 1.93397 -0.0771169 0.0188699
980000 1.90443 -0.0549092 0.01861
981000 1.90853 -0.0689821 0.018764
982000 1.92104 -0.0596253 0.0188492
983000 1.89498 -0.0728957 0.0185899
984000 1.89653 -0.0783136 0.01856
985000 1.89539 -0.0655603 0.0185539
986000 1.92524 -0.0666494 0.0187584
987000 1.8604 -0.0774968 0.0181386
988000 1.95931 -0.0809576 0.0191992
989000 1.8998 -0.0791047 0.0185449
990000 1.85794 -0.0674567 0.0183053
991000 1.95224 -0.0731962 0.0189146
992000 1.88498 -0.0680758 0.018612
993000 1.89036 -0.0710303 0.0185258
994000 1.92317 -0.0561912 0.0189066
995000 1.90294 -0.0547933 0.0187203
996000 1.86612 -0.0650089 0.0182732
997000 1.95174 -0.0602053 0.0191556
998000 1.88114 -0.0715718 0.0182784
999000 1.88839 -0.0577285 0.0186805
1000000 1.90214 -0.0653395 0.0187267
1001000 1.8543 -0.0577476 0.0182615
1002000 1.90278 -0.0553541 0.0189166
1003000 1.84836 -0.0633718 0.0181016
1004000 1.83807 -0.0770007 0.0178865
1005000 1.86573 -0.0654805 0.0183742
1006000 1.87423 -0.0760495 0.0181197
1007000 1.90886 -0.0755838 0.0185721
1008000 1.90016 -0.0590997 0.0188689
1009000 1.85577 -0.0588871 0.0181993
1010000 1.89797 -0.0813908 0.0185599
1011000 1.94787 -0.0617204 0.019082
1012000 1.85078 -0.0542968 0.018248
1013000 1.90229 -0.0443756 0.0185656
1014000 1.92941 -0.0471662 0.0188645
1015000 1.83716 -0.0512883 0.018026
1016000 1.96602 -0.0542638 0.019297
1017000 1.83623 -0.0598328 0.0178829
1018000 1.89244 -0.0541086 0.0186044
1019000 1.95402 -0.0619789 0.0191368
1020000 1.87235 -0.0619143 0.0182847
1021000 1.91483 -0.0550498 0.018849
1022000 1.90849 -0.0649843 0.0187784
1023000 1.84715 -0.0688215 0.0181354
1024000 1.96031 -0.0686908 0.0192004
1025000 1.93354 -0.0591218 0.0190057
1026000 1.84092 -0.0620014 0.0181977
1027000 1.95441 -0.0465027 0.019205
1028000 1.90143 -0.0491733 0.0185141
1029000 1.843 -0.060012 0.0179922
1030000 1.8782 -0.0530039 0.0184431
1031000 1.89146 -0.0581562 0.018539
1032000 1.8549 -0.0802178 0.0178717
1033000 1.90224 -0.0665507 0.018955
1034000 1.89879 -0.0669698 0.0185998
1035000 1.93429 -0.0708042 0.018863
1036000 1.83785 -0.0758349 0.0180636
1037000 1.84715 -0.0622508 0.0178964
1038000 1.85988 -0.0582178 0.0181106
1039000 1.90237 -0.0716245 0.0187606
1040000 1.85881 -0.0643365 0.018367
1041000 1.81198 -0.0637574 0.0177165
1042000 1.91728 -0.0535196 0.0190059
1043000 1.93931 -0.0481275 0.0190587
1044000 1.87642 -0.0674349 0.0183753
1045000 1.92714 -0.0739677 0.018817
1046000 1.90532 -0.0812008 0.0186516
1047000 1.92886 -0.0636165 0.0189367
1048000 1.91984 -0.0632504 0.0189335
1049000 1.85608 -0.0838715 0.0181916
1050000 1.93238 -0.0836194 0.0187457
1051000 1.8746 -0.0693912 0.018354
1052000 1.85008 -0.0732324 0.0182107
1053000 1.93356 -0.0591922 0.0189319
1054000 1.89096 -0.0575301 0.0187457
1055000 1.92556 -0.0690736 0.0188117
1056000 1.87897 -0.0674586 0.0183748
1057000 1.86976 -0.0632332 0.0183358
1058000 1.91677 -0.0602595 0.0187807
1059000 1.91555 -0.0551739 0.0187237
1060000 1.84892 -0.0562551 0.0181381
1061000 1.9731 -0.0492885 0.019389
1062000 1.85816 -0.0588431 0.0183609
1063000 1.96883 -0.0523451 0.0192736
1064000 1.92458 -0.0777735 0.0187125
1065000 1.87355 -0.0544606 0.0183951
1066000 1.93818 -0.0515499 0.0190647
1067000 1.90587 -0.070727 0.0185568
1068000 1.86631 -0.0719038 0.0181097
1069000 1.9496 -0.064479 0.0190395
1070000 1.87877 -0.0701262 0.018461
1071000 1.90362 -0.0529982 0.0187665
1072000 1.94699 -0.0552113 0.0191843
1073000 1.86669 -0.0514128 0.0183808
1074000 1.90141 -0.0580826 0.0187175
1075000 1.9138 -0.062865 0.0187263
1076000 1.85623 -0.0603678 0.0180355
1077000 1.92089 -0.0543234 0.01902
1078000 1.82511 -0.0594155 0.0178073
1079000 1.97066 -0.05811 0.0195748
1080000 1.85138 -0.066538 0.0179966
1081000 1.85274 -0.0666755 0.0181739
1082000 1.93785 -0.0616986 0.0190775
1083000 1.83021 -0.0719982 0.0177374
1084000 1.9484 -0.061538 0.0192228
1085000 1.89223 -0.0600771 0.0188988
1086000 1.91974 -0.0401835 0.0189069
1087000 1.95618 -0.0494004 0.0192849
1088000 1.91718 -0.0599413 0.0188392
1089000 1.8641 -0.0479029 0.018354
1090000 1.94162 -0.0519281 0.0190342
1091000 1.9158 -0.0473107 0.0187905
1092000 1.90266 -0.0504065 0.0186405
1093000 1.91576 -0.0701126 0.0188244
1094000 1.90415 -0.064829 0.018692
1095000 1.92467 -0.0607832 0.0188629
1096000 1.87968 -0.0647836 0.0183214
1097000 1.89229 -0.0657356 0.0185261
1098000 1.85788 -0.068886 0.0183318
1099000 1.88913 -0.0586865 0.0185496
1100000 1.91027 -0.0574027 0.0186812
