# Time-averaged data for fix 2
# TimeStep v_Temperature v_PotentialEnergy v_Pressure
1000 1.58937 -0.0672224 0.0153471
2000 1.6078 -0.0572103 0.0156182
3000 1.58751 -0.0655128 0.0153628
4000 1.62658 -0.0550923 0.0158574
5000 1.55249 -0.0670735 0.0151217
6000 1.63241 -0.0698084 0.0159922
7000 1.60358 -0.0761954 0.0157637
8000 1.66064 -0.0689814 0.0162559
9000 1.59936 -0.06305 0.0156801
10000 1.56291 -0.0646871 0.0151711
11000 1.62596 -0.0745218 0.0157612
12000 1.59814 -0.0637544 0.0155845
13000 1.55482 -0.0656712 0.0152598
14000 1.6309 -0.0705619 0.0161156
15000 1.58851 -0.074513 0.0154245
16000 1.60758 -0.0741926 0.015341
17000 1.5472 -0.0819818 0.0150881
18000 1.67394 -0.0722588 0.0162094
19000 1.59326 -0.084092 0.0154865
20000 1.56864 -0.0980927 0.0153232
21000 1.58562 -0.0928354 0.0153733
22000 1.59452 -0.0817233 0.0154721
23000 1.63362 -0.0619506 0.0158455
24000 1.53839 -0.0589266 0.0150512
25000 1.57826 -0.0657951 0.0155096
26000 1.55971 -0.0812199 0.0151963
27000 1.65915 -0.063948 0.0162464
28000 1.60341 -0.0739316 0.015479
29000 1.59085 -0.0837534 0.0155123
30000 1.62979 -0.088616 0.0160383
31000 1.60804 -0.109144 0.0155047
32000 1.62371 -0.064531 0.0160246
33000 1.61788 -0.0646461 0.0159897
34000 1.61272 -0.0749442 0.0157617
35000 1.55421 -0.067239 0.0150805
36000 1.58832 -0.0739144 0.0153999
37000 1.62585 -0.0650712 0.0160393
38000 1.58299 -0.0610967 0.0153866
39000 1.58596 -0.059119 0.0155791
40000 1.58813 -0.0582462 0.0153862
41000 1.5575 -0.0589408 0.0152771
42000 1.6078 -0.0514565 0.0157515
43000 1.57751 -0.0499755 0.0154861
44000 1.54248 -0.0595905 0.0152016
45000 1.57378 -0.0563669 0.0154974
46000 1.5986 -0.0578682 0.0157254
47000 1.62833 -0.0620577 0.0158859
48000 1.59187 -0.0614804 0.0156731
49000 1.58902 -0.0544498 0.0155367
50000 1.57008 -0.0521438 0.0156422
51000 1.58276 -0.0631386 0.0154491
52000 1.64375 -0.0634775 0.0163047
53000 1.605 -0.0570821 0.0158441
54000 1.58444 -0.0478874 0.0156774
55000 1.58803 -0.0492333 0.0156754
56000 1.62513 -0.0573045 0.0159104
57000 1.63055 -0.0627311 0.0158732
58000 1.61886 -0.0718199 0.0155572
59000 1.58089 -0.0525252 0.0153401
60000 1.5953 -0.0587432 0.0156113
61000 1.60654 -0.0736293 0.0156145
62000 1.62582 -0.081268 0.0157829
63000 1.62663 -0.0852992 0.0157882
64000 1.60024 -0.0830117 0.015673
65000 1.59074 -0.0854748 0.0155656
66000 1.57697 -0.0853171 0.0152783
67000 1.62093 -0.061316 0.0158163
68000 1.65675 -0.0602995 0.01618
69000 1.57871 -0.058323 0.0153395
70000 1.60987 -0.0565192 0.0157081
71000 1.63702 -0.070118 0.0159251
72000 1.57277 -0.0581202 0.0154698
73000 1.56511 -0.0685419 0.015228
74000 1.65371 -0.066283 0.0161
75000 1.5988 -0.0850788 0.0154841
76000 1.55763 -0.0733259 0.0151255
77000 1.61256 -0.0674597 0.0156479
78000 1.58309 -0.0477816 0.0156136
79000 1.63896 -0.0494133 0.0160629
80000 1.57301 -0.0707902 0.0153371
81000 1.56846 -0.0686226 0.0153575
82000 1.58996 -0.0741045 0.0154676
83000 1.60796 -0.0601754 0.0157092
84000 1.58042 -0.0863621 0.0151516
85000 1.59213 -0.0800307 0.0154609
86000 1.59408 -0.0651773 0.0155682
87000 1.6266 -0.057999 0.0159549
88000 1.63215 -0.0530475 0.0159134
89000 1.55951 -0.0579244 0.0151686
90000 1.64607 -0.0809644 0.016068
91000 1.6308 -0.0784729 0.0158905
92000 1.62525 -0.0662898 0.0159071
93000 1.60288 -0.057942 0.0156037
94000 1.60774 -0.0593742 0.0157743
95000 1.6082 -0.0533996 0.015709
96000 1.60889 -0.0617619 0.0157523
97000 1.62253 -0.0676398 0.0159032
98000 1.56655 -0.0714793 0.0151718
99000 1.60622 -0.0633271 0.0157029
100000 1.58035 -0.0717851 0.0153322
101000 1.61308 -0.079915 0.0155403
102000 1.58818 -0.0703646 0.0153251
103000 1.57199 -0.0570621 0.0153204
104000 1.63923 -0.0854698 0.0158958
105000 1.61417 -0.0762114 0.0157493
106000 1.62084 -0.0735483 0.0158161
107000 1.5494 -0.0698801 0.0148923
108000 1.63326 -0.0698647 0.016006
109000 1.65288 -0.0775053 0.0161626
110000 1.57182 -0.0787339 0.0152907
111000 1.58505 -0.0889939 0.015417
112000 1.60395 -0.0950312 0.0154737
113000 1.61181 -0.0528592 0.0158596
114000 1.61153 -0.0610154 0.0157282
115000 1.58754 -0.0448868 0.0156124
116000 1.60049 -0.0555201 0.0158615
117000 1.57793 -0.0606891 0.0153879
118000 1.61175 -0.0667238 0.0157965
119000 1.61422 -0.0496521 0.0158969
120000 1.59053 -0.0611194 0.0155404
121000 1.62159 -0.0654485 0.0159282
122000 1.5949 -0.0554016 0.0156607
123000 1.60074 -0.0590315 0.0155171
124000 1.56214 -0.0553924 0.015255
125000 1.64023 -0.081255 0.0159695
126000 1.62018 -0.0705844 0.015729
127000 1.58064 -0.0647904 0.0152409
128000 1.59916 -0.0668072 0.015463
129000 1.61092 -0.0728215 0.0157505
130000 1.57875 -0.0548847 0.0153572
131000 1.58957 -0.0624793 0.0154678
132000 1.64422 -0.0702975 0.01602
133000 1.55076 -0.0665783 0.0151655
134000 1.64269 -0.0780769 0.0158804
135000 1.57251 -0.0867676 0.0152384
136000 1.60538 -0.0772543 0.0153921
137000 1.63616 -0.0585753 0.0160943
138000 1.58623 -0.0530751 0.0155887
139000 1.58973 -0.0571375 0.0157042
140000 1.66037 -0.0479832 0.0162778
141000 1.5509 -0.0457785 0.0152591
142000 1.6152 -0.0451396 0.0158688
143000 1.60431 -0.072713 0.0156688
144000 1.57196 -0.0556037 0.0154028
145000 1.59655 -0.0527041 0.01553
146000 1.59545 -0.0494857 0.0156416
147000 1.58003 -0.0560979 0.0153893
148000 1.61381 -0.0581078 0.0158102
149000 1.6385 -0.0659808 0.0159256
150000 1.5688 -0.0641201 0.0152429
151000 1.57613 -0.0733882 0.0153256
152000 1.61668 -0.0558459 0.0158791
153000 1.58392 -0.0583602 0.0155347
154000 1.58667 -0.047185 0.0156927
155000 1.56825 -0.0666406 0.0151838
156000 1.60374 -0.0679561 0.0155138
157000 1.62748 -0.0582514 0.0158266
158000 1.6122 -0.054966 0.0158059
159000 1.61478 -0.0680723 0.0156572
160000 1.60895 -0.0678696 0.015605
161000 1.60496 -0.069022 0.0155227
162000 1.62029 -0.0792549 0.0159278
163000 1.58333 -0.0769979 0.0153502
164000 1.58096 -0.0650048 0.0153354
165000 1.62133 -0.0613482 0.0156282
166000 1.63188 -0.0524059 0.0161378
167000 1.61998 -0.0535801 0.0158467
168000 1.59487 -0.0794992 0.0154811
169000 1.57844 -0.0801373 0.0153018
170000 1.63289 -0.0872693 0.0157903
171000 1.56688 -0.0827046 0.01506
172000 1.625 -0.0815887 0.0156785
173000 1.62085 -0.0764157 0.0160712
174000 1.55634 -0.0763056 0.0152578
175000 1.57436 -0.0657985 0.015382
176000 1.6024 -0.0665307 0.0156433
177000 1.60895 -0.0715971 0.0158544
178000 1.64268 -0.0678978 0.0160912
179000 1.564 -0.0804056 0.0153007
180000 1.60171 -0.077982 0.0156704
181000 1.63688 -0.0864027 0.0159574
182000 1.594 -0.0862189 0.0155372
183000 1.56911 -0.0660824 0.0151359
184000 1.58699 -0.0774934 0.015302
185000 1.6264 -0.0803894 0.0159432
186000 1.62671 -0.0812552 0.0158008
187000 1.60318 -0.0674495 0.015511
188000 1.59049 -0.0688788 0.0155661
189000 1.64163 -0.0642227 0.0160863
190000 1.58291 -0.0585525 0.015356
191000 1.59102 -0.0825881 0.0152603
192000 1.58872 -0.0898294 0.0153802
193000 1.60729 -0.0862974 0.0154275
194000 1.61475 -0.0851622 0.015677
195000 1.58332 -0.0834419 0.0153529
196000 1.61993 -0.0828017 0.0155933
197000 1.60633 -0.0688597 0.0155556
198000 1.57398 -0.0642207 0.0153426
199000 1.64516 -0.0463988 0.0162208
200000 1.57389 -0.0526913 0.015476
201000 1.60085 -0.0681994 0.0156115
202000 1.55383 -0.0576505 0.0151641
203000 1.58385 -0.0755183 0.0152343
204000 1.63012 -0.0536692 0.0160701
205000 1.59663 -0.0609835 0.0157127
206000 1.60719 -0.0572107 0.0156111
207000 1.65449 -0.0665132 0.0161048
208000 1.57204 -0.0782813 0.0151083
209000 1.59894 -0.0782273 0.0153838
210000 1.53873 -0.093639 0.0148295
211000 1.60737 -0.0738607 0.0154915
212000 1.6081 -0.0669573 0.0156444
213000 1.64363 -0.0777241 0.0160535
214000 1.64752 -0.0610935 0.0161313
215000 1.59112 -0.0782534 0.015399
216000 1.59292 -0.0652326 0.0155939
217000 1.60931 -0.0705791 0.0160067
218000 1.60403 -0.0684255 0.0156925
219000 1.60343 -0.0644939 0.0157525
220000 1.62809 -0.0674569 0.0158652
221000 1.59254 -0.0725762 0.0155474
222000 1.58952 -0.0666077 0.0155092
223000 1.65265 -0.0737001 0.0160831
224000 1.62347 -0.0735296 0.0159927
225000 1.62603 -0.0564753 0.0160591
226000 1.62744 -0.0639083 0.0157852
227000 1.58586 -0.0531205 0.0154715
228000 1.63972 -0.0562551 0.0160376
229000 1.5959 -0.0626509 0.0156637
230000 1.65917 -0.0567135 0.0162376
231000 1.55515 -0.0636803 0.0151061
232000 1.6107 -0.0775841 0.0157353
233000 1.65128 -0.0811315 0.0158884
234000 1.5473 -0.0769448 0.0151836
235000 1.64768 -0.0669084 0.0161036
236000 1.53678 -0.0858547 0.0148837
237000 1.60482 -0.0831899 0.0154892
238000 1.60715 -0.0599242 0.0158341
239000 1.58804 -0.0685351 0.0153327
240000 1.59645 -0.0432611 0.0158299
241000 1.56078 -0.0532325 0.0153079
242000 1.58871 -0.0602791 0.0155494
243000 1.59982 -0.0592861 0.0156006
244000 1.59379 -0.0564771 0.0156927
245000 1.63487 -0.0531892 0.0160861
246000 1.63336 -0.0757917 0.0159985
247000 1.61038 -0.0642611 0.0158329
248000 1.61128 -0.0648808 0.0156378
249000 1.6445 -0.0690381 0.0159891
250000 1.53129 -0.0543176 0.0150315
251000 1.60631 -0.0602587 0.0157998
252000 1.66591 -0.050106 0.0164986
253000 1.61524 -0.0433534 0.0157418
254000 1.60126 -0.0662536 0.0156856
255000 1.61318 -0.0681757 0.0158023
256000 1.6038 -0.0609435 0.0155696
257000 1.62234 -0.0670585 0.0158227
258000 1.57172 -0.0822868 0.0151909
259000 1.58283 -0.0825095 0.0153607
260000 1.64673 -0.0710487 0.0161479
261000 1.57819 -0.0637819 0.0155078
262000 1.60454 -0.0608081 0.0156516
263000 1.56779 -0.0645828 0.015255
264000 1.59072 -0.0610785 0.0154626
265000 1.62907 -0.0543222 0.0159909
266000 1.54435 -0.0541385 0.0153515
267000 1.60433 -0.065757 0.0156184
268000 1.60559 -0.0518335 0.0156704
269000 1.639 -0.0472896 0.0161918
270000 1.60479 -0.0599314 0.0157405
271000 1.58886 -0.071893 0.0155632
272000 1.63381 -0.0697366 0.0158701
273000 1.54523 -0.0611321 0.0150322
274000 1.61855 -0.0807064 0.0156486
275000 1.57953 -0.0698661 0.0154791
276000 1.57692 -0.0443135 0.015774
277000 1.57753 -0.0540346 0.0155474
278000 1.58636 -0.0741436 0.0154373
279000 1.60451 -0.0760495 0.015541
280000 1.60801 -0.0855054 0.0155556
281000 1.5881 -0.0670978 0.0156144
282000 1.63791 -0.0710044 0.0160085
283000 1.57385 -0.0797571 0.015268
284000 1.60377 -0.103649 0.0153162
285000 1.62284 -0.0870594 0.0155467
286000 1.57859 -0.0559384 0.0155841
287000 1.61694 -0.0626277 0.0157016
288000 1.62401 -0.0729387 0.0158148
289000 1.58729 -0.0579484 0.015453
290000 1.56344 -0.0649084 0.0153082
291000 1.62225 -0.057896 0.015931
292000 1.55897 -0.0615023 0.0151682
293000 1.56084 -0.0685832 0.0151177
294000 1.57732 -0.053801 0.0153149
295000 1.6342 -0.0452366 0.0158563
296000 1.5688 -0.0523011 0.0153191
297000 1.60697 -0.059233 0.0156395
298000 1.61961 -0.0568849 0.015708
299000 1.53088 -0.052896 0.0148589
300000 1.64624 -0.0693768 0.0160821
301000 1.59009 -0.0919403 0.0152889
302000 1.64866 -0.0656919 0.016038
303000 1.65412 -0.0583475 0.0160706
304000 1.57207 -0.0632729 0.0152731
305000 1.63728 -0.0709439 0.0161844
306000 1.52823 -0.0704392 0.0148794
307000 1.6765 -0.0779868 0.0161837
308000 1.60606 -0.0771668 0.0155666
309000 1.57288 -0.0590656 0.0154327
310000 1.6425 -0.06168 0.0163049
311000 1.59786 -0.0759706 0.0154983
312000 1.61933 -0.0529227 0.0157254
313000 1.6246 -0.0506073 0.0161779
314000 1.61219 -0.0567336 0.0159023
315000 1.61636 -0.0878747 0.0156881
316000 1.59993 -0.0812195 0.0153883
317000 1.60505 -0.0850428 0.0156141
318000 1.64149 -0.0708071 0.0160158
319000 1.57515 -0.0620643 0.0151853
320000 1.59613 -0.05235 0.0156263
321000 1.60497 -0.0445924 0.015757
322000 1.60449 -0.0692963 0.0156659
323000 1.63272 -0.0771154 0.0159179
324000 1.56035 -0.066621 0.0151708
325000 1.61531 -0.0585701 0.0158767
326000 1.63371 -0.0509041 0.015848
327000 1.57928 -0.0384065 0.0156069
328000 1.64048 -0.0648065 0.0159977
329000 1.57842 -0.0660916 0.0153819
330000 1.62815 -0.0625046 0.015863
331000 1.5831 -0.066129 0.0153241
332000 1.61511 -0.0554145 0.0157655
333000 1.55248 -0.0630012 0.0152409
334000 1.62572 -0.068558 0.0157232
335000 1.63969 -0.0733997 0.0159841
336000 1.652 -0.0618755 0.0159605
337000 1.60085 -0.0628886 0.0156361
338000 1.625 -0.0573443 0.0158422
339000 1.61219 -0.0527226 0.0157801
340000 1.63039 -0.0577612 0.0158045
341000 1.60934 -0.0734417 0.0157003
342000 1.6282 -0.0577328 0.0158392
343000 1.60628 -0.0639053 0.0157118
344000 1.58777 -0.0625044 0.0155749
345000 1.60424 -0.0699506 0.0154545
346000 1.61401 -0.0696364 0.0158093
347000 1.61788 -0.0579205 0.0156774
348000 1.62768 -0.0522732 0.0157991
349000 1.57423 -0.0565842 0.0154035
350000 1.61149 -0.0727043 0.01573
351000 1.61194 -0.0623511 0.0156508
352000 1.60009 -0.0509291 0.0156117
353000 1.61966 -0.0479478 0.0159907
354000 1.59464 -0.0696389 0.0154045
355000 1.57994 -0.0681203 0.015298
356000 1.59837 -0.081246 0.0154452
357000 1.6034 -0.0516755 0.015793
358000 1.60608 -0.0604114 0.0157322
359000 1.57618 -0.0679432 0.0154204
360000 1.67219 -0.0618865 0.0163281
361000 1.57731 -0.079781 0.0151316
362000 1.59325 -0.0691736 0.0155272
363000 1.61143 -0.0848044 0.0157588
364000 1.62716 -0.0927187 0.0159296
365000 1.62081 -0.0730599 0.0157913
366000 1.60992 -0.0835494 0.0156773
367000 1.66575 -0.076503 0.015878
368000 1.57605 -0.102389 0.0151688
369000 1.589 -0.0915984 0.0154134
370000 1.53864 -0.0779261 0.0150341
371000 1.56309 -0.0743842 0.0153001
372000 1.64385 -0.0831565 0.0160504
373000 1.60148 -0.0868832 0.0155621
374000 1.60652 -0.0888999 0.0154607
375000 1.60342 -0.0752335 0.015614
376000 1.6015 -0.0576291 0.0156877
377000 1.5715 -0.069458 0.015307
378000 1.61369 -0.0708273 0.0155112
379000 1.57227 -0.0726214 0.0151977
380000 1.53264 -0.0738321 0.0149092
381000 1.59453 -0.0672694 0.0156031
382000 1.58402 -0.0603331 0.0155131
383000 1.57347 -0.0426396 0.0153066
384000 1.61753 -0.0675315 0.0157529
385000 1.5642 -0.0632144 0.0151683
386000 1.60485 -0.0510406 0.0156915
387000 1.57494 -0.0725991 0.0152937
388000 1.6239 -0.0641131 0.0158909
389000 1.6105 -0.0764296 0.015779
390000 1.62646 -0.0592606 0.0160934
391000 1.57962 -0.0476135 0.0154742
392000 1.6345 -0.0515133 0.016007
393000 1.55584 -0.0575011 0.0150907
394000 1.638 -0.0801507 0.0158607
395000 1.54734 -0.0741687 0.0149987
396000 1.57849 -0.0587049 0.0155182
397000 1.61504 -0.0540974 0.0157144
398000 1.63559 -0.0704606 0.0159676
399000 1.54064 -0.0794963 0.0150255
400000 1.65254 -0.0685646 0.0160267
401000 1.60371 -0.0511584 0.0157357
402000 1.6161 -0.0413109 0.0158765
403000 1.56936 -0.062512 0.0152945
404000 1.62377 -0.063636 0.016015
405000 1.61487 -0.0671579 0.0157912
406000 1.53412 -0.0637132 0.0148507
407000 1.55639 -0.0760086 0.0150407
408000 1.60375 -0.0714664 0.0156602
409000 1.59002 -0.0622272 0.0155282
410000 1.61187 -0.0758897 0.0158132
411000 1.55967 -0.0782307 0.0148998
412000 1.65514 -0.0698712 0.0160853
413000 1.54505 -0.0531744 0.0151329
414000 1.59307 -0.0498222 0.015652
415000 1.63676 -0.0633723 0.0159661
416000 1.56966 -0.064784 0.0153244
417000 1.61734 -0.059231 0.0158766
418000 1.65392 -0.0540196 0.0162669
419000 1.56871 -0.0510036 0.0152829
420000 1.56619 -0.0590577 0.0152433
421000 1.62866 -0.072713 0.0157395
422000 1.55932 -0.0743721 0.0151277
423000 1.64312 -0.0835894 0.0159076
424000 1.63132 -0.0845384 0.0159561
425000 1.56207 -0.0839022 0.0150559
426000 1.62694 -0.0688781 0.0158808
427000 1.57006 -0.0633936 0.0152047
428000 1.64634 -0.0594235 0.0160719
429000 1.52269 -0.066984 0.0148281
430000 1.59941 -0.059228 0.015733
431000 1.58931 -0.0657661 0.0155751
432000 1.62931 -0.0668228 0.0159131
433000 1.5755 -0.0912376 0.0154391
434000 1.5682 -0.0765437 0.0153042
435000 1.65273 -0.0821858 0.0161328
436000 1.54306 -0.0764297 0.0149957
437000 1.65073 -0.0690178 0.0160972
438000 1.57948 -0.0811639 0.0152396
439000 1.6002 -0.0703951 0.015625
440000 1.62345 -0.0824602 0.0157743
441000 1.58511 -0.0728568 0.0155972
442000 1.64641 -0.0606749 0.0160124
443000 1.60885 -0.0531811 0.0158184
444000 1.61425 -0.0651027 0.0156146
445000 1.60032 -0.0614403 0.0156771
446000 1.58863 -0.0633659 0.015505
447000 1.63529 -0.0567639 0.016206
448000 1.65135 -0.0525556 0.0162766
449000 1.6209 -0.0588601 0.0160131
450000 1.57497 -0.0624625 0.0152723
451000 1.61537 -0.0544425 0.0159397
452000 1.56775 -0.0594833 0.0153982
453000 1.5868 -0.0492916 0.0155321
454000 1.59263 -0.057966 0.0155971
455000 1.66364 -0.0577118 0.0162134
456000 1.61133 -0.0746219 0.0157388
457000 1.58491 -0.0740888 0.0155634
458000 1.56816 -0.0748385 0.0153265
459000 1.65651 -0.0577407 0.0162604
460000 1.52243 -0.0607204 0.0148503
461000 1.61595 -0.050405 0.0157458
462000 1.63109 -0.0602401 0.0160895
463000 1.55179 -0.06677 0.0150264
464000 1.64415 -0.0631353 0.0160539
465000 1.64477 -0.0767386 0.015967
466000 1.57561 -0.0713351 0.0152406
467000 1.61142 -0.0661891 0.0157898
468000 1.64905 -0.0614251 0.0161779
469000 1.58069 -0.0500411 0.0155109
470000 1.57362 -0.0705844 0.0153753
471000 1.62043 -0.0578517 0.0159293
472000 1.64425 -0.0685268 0.0160698
473000 1.56379 -0.0756199 0.0151918
474000 1.58715 -0.0723398 0.0154615
475000 1.63298 -0.0699578 0.0158782
476000 1.6093 -0.0746657 0.0158281
477000 1.56571 -0.0657219 0.0151624
478000 1.59094 -0.0708585 0.0155597
479000 1.63102 -0.0699947 0.0158738
480000 1.60032 -0.0532444 0.0157167
481000 1.61375 -0.0543917 0.0158672
482000 1.5432 -0.0556549 0.0151356
483000 1.59265 -0.0735819 0.0154598
484000 1.6392 -0.0714832 0.0159501
485000 1.63023 -0.0687224 0.0157808
486000 1.5689 -0.0733856 0.0152502
487000 1.5934 -0.0721576 0.0154585
488000 1.61436 -0.0527053 0.0158808
489000 1.58193 -0.0514038 0.015446
490000 1.60635 -0.0563249 0.0158009
491000 1.60127 -0.0581761 0.0155251
492000 1.62594 -0.0593071 0.0158872
493000 1.5931 -0.0444994 0.0156324
494000 1.63348 -0.0473206 0.0160474
495000 1.54604 -0.0585378 0.0151401
496000 1.64133 -0.0692665 0.0157811
497000 1.52977 -0.0613305 0.0149387
498000 1.60347 -0.0558946 0.0156749
499000 1.6012 -0.0562899 0.0156693
500000 1.55906 -0.0555552 0.0152705
501000 1.62187 -0.0723875 0.0157944
502000 1.57204 -0.070269 0.0153048
503000 1.61514 -0.0651687 0.0157423
504000 1.61905 -0.0803808 0.015631
505000 1.58499 -0.0694173 0.0154773
506000 1.5902 -0.0683021 0.0155511
507000 1.60196 -0.0955785 0.0153377
508000 1.60393 -0.0636424 0.0157407
509000 1.59962 -0.0747276 0.015514
510000 1.58072 -0.0607174 0.0153587
511000 1.61337 -0.0646626 0.0158021
512000 1.58703 -0.0607538 0.0155386
513000 1.58163 -0.0617787 0.0154471
514000 1.58576 -0.0566004 0.0154716
515000 1.62883 -0.0476815 0.0160301
516000 1.54241 -0.0634657 0.0148891
517000 1.64153 -0.0430118 0.0160949
518000 1.6285 -0.0739495 0.015936
519000 1.56281 -0.0627365 0.0153271
520000 1.61862 -0.0742797 0.0158787
521000 1.58563 -0.0749227 0.0156054
522000 1.62822 -0.0696496 0.0158067
523000 1.60388 -0.0836187 0.0154999
524000 1.58562 -0.0835014 0.0152781
525000 1.6438 -0.085039 0.0159328
526000 1.55409 -0.103332 0.0149678
527000 1.56657 -0.0873184 0.0150948
528000 1.58425 -0.0708215 0.015371
529000 1.54195 -0.0752416 0.0149659
530000 1.62288 -0.0916399 0.0156768
531000 1.59258 -0.0727421 0.0155854
532000 1.60233 -0.0679329 0.0157581
533000 1.59017 -0.0759592 0.0154538
534000 1.61653 -0.0740798 0.0156908
535000 1.61633 -0.0695701 0.015935
536000 1.6062 -0.0613882 0.0157517
537000 1.62307 -0.0780449 0.015896
538000 1.58235 -0.067986 0.01543
539000 1.58942 -0.0600912 0.0155865
540000 1.61572 -0.0636237 0.015869
541000 1.60272 -0.0527364 0.0156267
542000 1.58504 -0.0671982 0.0153269
543000 1.63126 -0.067568 0.0158289
544000 1.57144 -0.0647423 0.0152836
545000 1.59199 -0.0922509 0.0156434
546000 1.6062 -0.0670835 0.0157187
547000 1.61294 -0.05355 0.0157071
548000 1.62547 -0.0588556 0.0158385
549000 1.60783 -0.0705029 0.0157883
550000 1.59424 -0.0607726 0.0155983
551000 1.62442 -0.0658667 0.0157435
552000 1.60689 -0.0703561 0.0156869
553000 1.57474 -0.0635774 0.0151564
554000 1.60369 -0.0640329 0.0156386
555000 1.59534 -0.0684124 0.0154982
556000 1.62461 -0.0606636 0.0157465
557000 1.55798 -0.0594176 0.0152632
558000 1.61268 -0.0731221 0.0155728
559000 1.55965 -0.0715764 0.0150836
560000 1.65206 -0.0543738 0.0162254
561000 1.62063 -0.0507529 0.0159266
562000 1.57668 -0.0525606 0.0154671
563000 1.65384 -0.0414177 0.016446
564000 1.58991 -0.0556481 0.0154344
565000 1.64729 -0.0682165 0.0161018
566000 1.5959 -0.0778443 0.0156176
567000 1.57393 -0.0487301 0.0155922
568000 1.60037 -0.04985 0.0156699
569000 1.61621 -0.0571568 0.0157991
570000 1.59475 -0.0646935 0.015451
571000 1.60114 -0.0638513 0.0155919
572000 1.64149 -0.0810246 0.0159369
573000 1.54271 -0.0909574 0.0147522
574000 1.6095 -0.0809266 0.0154746
575000 1.64165 -0.0855747 0.0159517
576000 1.58232 -0.0870488 0.0153879
577000 1.53049 -0.0822343 0.0146797
578000 1.59413 -0.084548 0.0154622
579000 1.58868 -0.0699521 0.0156114
580000 1.62768 -0.0513047 0.0159393
581000 1.63133 -0.0531939 0.0159685
582000 1.60862 -0.0475992 0.0157816
583000 1.56534 -0.0650445 0.0151521
584000 1.66633 -0.0652418 0.0164063
585000 1.60495 -0.0708872 0.0155765
586000 1.58124 -0.0743296 0.0153017
587000 1.53613 -0.0803487 0.014963
588000 1.67812 -0.0670886 0.0163064
589000 1.62846 -0.0756798 0.0158515
590000 1.58051 -0.0688334 0.0153662
591000 1.63714 -0.0573858 0.0159479
592000 1.57894 -0.0464083 0.0156068
593000 1.56415 -0.0902495 0.0151025
594000 1.61148 -0.0821891 0.0157016
595000 1.59595 -0.0575155 0.0154703
596000 1.63522 -0.0816975 0.0159948
597000 1.63049 -0.075786 0.0159671
598000 1.55474 -0.0648263 0.0152127
599000 1.61059 -0.050491 0.0158368
600000 1.58997 -0.0577917 0.0154813
601000 1.58129 -0.0510849 0.015596
602000 1.63783 -0.0774612 0.0159032
603000 1.60738 -0.0735815 0.0157956
604000 1.57703 -0.052896 0.0154483
605000 1.61995 -0.0621697 0.0160234
606000 1.58466 -0.0755291 0.0152814
607000 1.61432 -0.0696005 0.0157868
608000 1.54628 -0.0711765 0.0150115
609000 1.61629 -0.0729364 0.0157656
610000 1.59726 -0.064704 0.015715
611000 1.61129 -0.0627467 0.0157088
612000 1.57423 -0.0486757 0.0155485
613000 1.59576 -0.0524349 0.0158479
614000 1.58584 -0.0500611 0.0155651
615000 1.57232 -0.0736393 0.0153454
616000 1.61957 -0.0662259 0.0158746
617000 1.62517 -0.0645315 0.0158283
618000 1.58681 -0.0700235 0.015261
619000 1.56939 -0.0822151 0.0151197
620000 1.65029 -0.0534472 0.0162738
621000 1.6407 -0.0812597 0.0158047
622000 1.5382 -0.078761 0.0148504
623000 1.59744 -0.0973475 0.015464
624000 1.64984 -0.102488 0.0160232
625000 1.5383 -0.0823599 0.0149475
626000 1.64064 -0.078619 0.0161974
627000 1.54497 -0.0607449 0.015105
628000 1.66857 -0.070457 0.0163968
629000 1.63964 -0.0751628 0.0161556
630000 1.57293 -0.0606663 0.0153475
631000 1.61487 -0.0675119 0.0157677
632000 1.6271 -0.0639157 0.01592
633000 1.59684 -0.05553 0.0157485
634000 1.66229 -0.0585993 0.0162892
635000 1.62597 -0.0659654 0.0158894
636000 1.59661 -0.0586331 0.0156024
637000 1.58209 -0.0694423 0.0153658
638000 1.54894 -0.0565592 0.0150719
639000 1.65566 -0.066911 0.016164
640000 1.59775 -0.0721995 0.0155421
641000 1.63419 -0.0673079 0.0159879
642000 1.59592 -0.062439 0.0155618
643000 1.5669 -0.0717468 0.0152504
644000 1.64068 -0.0656893 0.0160321
645000 1.58998 -0.0600821 0.0155694
646000 1.62804 -0.0706719 0.01588
647000 1.53715 -0.0703041 0.0148214
648000 1.55848 -0.0468319 0.0152756
649000 1.58021 -0.0566468 0.0155934
650000 1.59565 -0.0823358 0.0153503
651000 1.62237 -0.0796111 0.015629
652000 1.59478 -0.0628572 0.0156095
653000 1.58083 -0.0654097 0.0154862
654000 1.65358 -0.070692 0.0162707
655000 1.58325 -0.0629275 0.0154897
656000 1.61844 -0.0566124 0.0157836
657000 1.55286 -0.058934 0.0150729
658000 1.57985 -0.0676857 0.015501
659000 1.57758 -0.101305 0.0151775
660000 1.58359 -0.0812126 0.0151774
661000 1.63925 -0.0583045 0.0160539
662000 1.59716 -0.056617 0.0155905
663000 1.59181 -0.0540293 0.0156204
664000 1.63757 -0.073647 0.0158922
665000 1.58022 -0.0692282 0.0153907
666000 1.56394 -0.0650183 0.0152321
667000 1.59669 -0.0614119 0.0156345
668000 1.562 -0.0657171 0.015321
669000 1.63265 -0.0684983 0.0159226
670000 1.64409 -0.0675637 0.0160632
671000 1.58642 -0.0726716 0.015597
672000 1.60193 -0.0638331 0.0157475
673000 1.59264 -0.0689385 0.0155149
674000 1.58103 -0.0585002 0.0153694
675000 1.63821 -0.0665646 0.01595
676000 1.64472 -0.0577116 0.0160343
677000 1.5646 -0.06383 0.0155106
678000 1.578 -0.0565676 0.0153701
679000 1.62411 -0.053232 0.0158243
680000 1.58251 -0.0657066 0.0153158
681000 1.59406 -0.082621 0.0154055
682000 1.59754 -0.0888495 0.0153996
683000 1.55551 -0.0778568 0.0153471
684000 1.53725 -0.0744087 0.0149586
685000 1.56121 -0.0850285 0.0151008
686000 1.63483 -0.0837244 0.0159335
687000 1.61066 -0.0791899 0.0155307
688000 1.56542 -0.0675688 0.015297
689000 1.62389 -0.0538205 0.015891
690000 1.61711 -0.0730836 0.0156779
691000 1.56344 -0.0783667 0.0152573
692000 1.60312 -0.0658672 0.0156916
693000 1.60266 -0.0677851 0.0156724
694000 1.61399 -0.0671459 0.0159125
695000 1.60418 -0.0614159 0.0156549
696000 1.58678 -0.0781948 0.0154178
697000 1.62238 -0.0829251 0.0157659
698000 1.5549 -0.0730598 0.0152121
699000 1.60968 -0.0668003 0.015821
700000 1.56491 -0.0728153 0.0152622
701000 1.60607 -0.0740165 0.0156217
702000 1.61059 -0.0711023 0.0155916
703000 1.58773 -0.078208 0.0154386
704000 1.53154 -0.0687522 0.0148779
705000 1.57642 -0.0548144 0.0154097
706000 1.6172 -0.0581779 0.0158263
707000 1.62795 -0.0660715 0.0157562
708000 1.62083 -0.0631289 0.0159137
709000 1.58364 -0.054868 0.0154397
710000 1.57249 -0.0657122 0.0153361
711000 1.6527 -0.0548098 0.0162478
712000 1.56463 -0.0819307 0.0151412
713000 1.55678 -0.0835367 0.0150688
714000 1.64311 -0.0710179 0.0159473
715000 1.54445 -0.08358 0.0148554
716000 1.63881 -0.0719585 0.0161514
717000 1.54759 -0.068521 0.0149838
718000 1.67818 -0.067712 0.0165618
719000 1.5894 -0.063703 0.0155547
720000 1.61986 -0.0565604 0.0157494
721000 1.54992 -0.0695063 0.0151346
722000 1.60235 -0.0694555 0.0155095
723000 1.60808 -0.0703005 0.0156555
724000 1.60307 -0.0755066 0.0155159
725000 1.58632 -0.0671083 0.0153839
726000 1.58071 -0.0683685 0.0153513
727000 1.59277 -0.0841223 0.0152896
728000 1.61223 -0.0639412 0.0155744
729000 1.59722 -0.0712548 0.0155163
730000 1.65794 -0.0763998 0.0162306
731000 1.64874 -0.0614766 0.0160988
732000 1.56561 -0.0692613 0.0153385
733000 1.58691 -0.0880472 0.0153103
734000 1.61313 -0.0783075 0.0155655
735000 1.60975 -0.0693127 0.015623
736000 1.59659 -0.0614298 0.0155764
737000 1.58713 -0.0626078 0.0154851
738000 1.63192 -0.0727676 0.0160216
739000 1.56128 -0.0537761 0.0153235
740000 1.60203 -0.0646528 0.0156227
741000 1.58553 -0.0669093 0.015395
742000 1.57966 -0.0642376 0.0154031
743000 1.62252 -0.0646073 0.0159107
744000 1.58641 -0.0635562 0.0155009
745000 1.54915 -0.072073 0.0148985
746000 1.65082 -0.0635739 0.0162068
747000 1.59352 -0.0561592 0.0157469
748000 1.58827 -0.0656676 0.0155378
749000 1.60797 -0.0648896 0.0156501
750000 1.62027 -0.0629634 0.016042
751000 1.55658 -0.0630025 0.0152954
752000 1.61981 -0.0475421 0.016006
753000 1.56527 -0.0489812 0.0154864
754000 1.60499 -0.066624 0.0156614
755000 1.59976 -0.0777095 0.0155973
756000 1.60671 -0.0647219 0.0156595
757000 1.58537 -0.0548744 0.0155832
758000 1.63001 -0.0642461 0.0161256
759000 1.56405 -0.0568704 0.0153524
760000 1.62272 -0.0636766 0.0160033
761000 1.58712 -0.0704826 0.0153526
762000 1.60779 -0.0716455 0.0157481
763000 1.64256 -0.0659354 0.0160026
764000 1.60211 -0.0580965 0.0156281
765000 1.63057 -0.059511 0.0158348
766000 1.58477 -0.0491573 0.0156096
767000 1.62895 -0.0599342 0.0158971
768000 1.54547 -0.0771845 0.0147692
769000 1.65241 -0.0706811 0.016056
770000 1.54068 -0.0663766 0.0150105
771000 1.54693 -0.0585497 0.0152421
772000 1.603 -0.0643422 0.015726
773000 1.56258 -0.0793358 0.0150854
774000 1.5552 -0.0676595 0.0151175
775000 1.57098 -0.0711773 0.0151534
776000 1.60133 -0.0740249 0.0155391
777000 1.64874 -0.0813485 0.0159602
778000 1.58663 -0.0671815 0.0154532
779000 1.58395 -0.0660635 0.0154264
780000 1.57578 -0.0985109 0.0153669
781000 1.60501 -0.0983244 0.0153572
782000 1.5643 -0.071694 0.0151626
783000 1.5921 -0.0690673 0.0155928
784000 1.61492 -0.0805884 0.015636
785000 1.6241 -0.0803183 0.0157972
786000 1.55108 -0.0810579 0.0153524
787000 1.61137 -0.0582411 0.0155664
788000 1.61606 -0.0763247 0.0156929
789000 1.55879 -0.0708765 0.0151062
790000 1.53976 -0.060551 0.0150489
791000 1.5852 -0.0832554 0.0151416
792000 1.60406 -0.0568636 0.015668
793000 1.63378 -0.0407129 0.0161165
794000 1.55828 -0.0595123 0.0153428
795000 1.63543 -0.0572535 0.0160363
796000 1.63265 -0.0518284 0.0160135
797000 1.5992 -0.0655987 0.0154871
798000 1.63139 -0.0644569 0.0159831
799000 1.60681 -0.0664067 0.0155975
800000 1.59119 -0.071457 0.0157126
801000 1.6131 -0.0818492 0.0155224
802000 1.60682 -0.0803395 0.0154307
803000 1.61846 -0.0803588 0.015788
804000 1.613 -0.0875492 0.0154619
805000 1.59496 -0.0685906 0.0155812
806000 1.6034 -0.0695633 0.0156482
807000 1.58136 -0.0758632 0.015208
808000 1.60948 -0.0666657 0.0156848
809000 1.61859 -0.0662755 0.0157011
810000 1.57529 -0.0811648 0.0152556
811000 1.61729 -0.0736067 0.0155892
812000 1.6115 -0.0633498 0.0158391
813000 1.58909 -0.0477666 0.0154332
814000 1.64615 -0.0600471 0.0160215
815000 1.60481 -0.0544794 0.0156365
816000 1.6095 -0.0726705 0.0157608
817000 1.5746 -0.0632645 0.0154856
818000 1.55898 -0.0696105 0.0151377
819000 1.55077 -0.0479134 0.0151384
820000 1.60819 -0.0449132 0.015934
821000 1.56421 -0.0576279 0.0153022
822000 1.59498 -0.0631198 0.0157711
823000 1.58022 -0.0650386 0.0155463
824000 1.52586 -0.0705639 0.015044
825000 1.62456 -0.0613046 0.0159449
826000 1.61139 -0.0678212 0.0156745
827000 1.57849 -0.0818477 0.0152836
828000 1.53819 -0.0660894 0.0149765
829000 1.57223 -0.0580358 0.0153486
830000 1.64759 -0.0657183 0.0162666
831000 1.64368 -0.0700917 0.0159281
832000 1.5602 -0.0648777 0.0151144
833000 1.61079 -0.0597463 0.0159531
834000 1.61755 -0.0722597 0.0158269
835000 1.63088 -0.0629703 0.0158783
836000 1.588 -0.073195 0.0153009
837000 1.56683 -0.0589952 0.0152709
838000 1.58341 -0.0655209 0.0154766
839000 1.5705 -0.0799566 0.0154186
840000 1.61075 -0.0662978 0.0156552
841000 1.59675 -0.0761441 0.0154882
842000 1.59938 -0.0722547 0.0154805
843000 1.61652 -0.066982 0.0156628
844000 1.58067 -0.0660091 0.0154798
845000 1.60276 -0.0961485 0.0154511
846000 1.58947 -0.0829722 0.0154235
847000 1.62427 -0.0808436 0.0158108
848000 1.60751 -0.0674292 0.0155596
849000 1.62829 -0.0466296 0.0159685
850000 1.58048 -0.0467717 0.0155424
851000 1.6513 -0.0538151 0.0162665
852000 1.58193 -0.0457671 0.0154095
853000 1.59231 -0.0523604 0.0155215
854000 1.63965 -0.0618148 0.0160795
855000 1.63179 -0.0670595 0.0157872
856000 1.55124 -0.0564618 0.0151708
857000 1.63744 -0.0646768 0.0158972
858000 1.55501 -0.0643928 0.0151712
859000 1.58679 -0.0592247 0.0153491
860000 1.57322 -0.0501798 0.0153229
861000 1.63457 -0.0515268 0.0158735
862000 1.58789 -0.0563305 0.015541
863000 1.57564 -0.0558546 0.0154652
864000 1.58657 -0.0559366 0.0153851
865000 1.59441 -0.0723234 0.0156913
866000 1.5568 -0.0597058 0.0153466
867000 1.62042 -0.0687183 0.0155778
868000 1.57365 -0.0590758 0.0153314
869000 1.62338 -0.0460626 0.015957
870000 1.62854 -0.0458714 0.0162215
871000 1.5718 -0.0718264 0.0153263
872000 1.61404 -0.0549732 0.015838
873000 1.62802 -0.0578565 0.0158916
874000 1.54874 -0.0599238 0.0151095
875000 1.54969 -0.0716187 0.0151494
876000 1.61952 -0.0654766 0.0156023
877000 1.62854 -0.0687216 0.0160305
878000 1.57627 -0.0675129 0.0154676
879000 1.56001 -0.0790542 0.0151574
880000 1.60201 -0.0599196 0.0157964
881000 1.59359 -0.0568738 0.0155474
882000 1.5914 -0.0642323 0.0155362
883000 1.61887 -0.0564918 0.0158588
884000 1.59259 -0.053108 0.01566
885000 1.59932 -0.0701897 0.0157646
886000 1.60329 -0.0544619 0.0155878
887000 1.61862 -0.0611707 0.0158085
888000 1.60229 -0.080369 0.0155409
889000 1.59036 -0.0685088 0.0153722
890000 1.60481 -0.0805309 0.0156789
891000 1.5846 -0.06652 0.0154151
892000 1.6127 -0.0517556 0.0159761
893000 1.53983 -0.069025 0.0151272
894000 1.64485 -0.0752894 0.0162333
895000 1.6345 -0.0745785 0.0159864
896000 1.61711 -0.0681373 0.0156976
897000 1.6358 -0.0839579 0.0158193
898000 1.60769 -0.0588267 0.0158668
899000 1.62802 -0.0555821 0.015859
900000 1.60725 -0.0579885 0.0157526
901000 1.57187 -0.0645966 0.0154065
902000 1.64159 -0.0620485 0.0161539
903000 1.59968 -0.0487469 0.0155631
904000 1.57337 -0.0635533 0.0153397
905000 1.6186 -0.0587533 0.0157684
906000 1.58365 -0.053858 0.0153479
907000 1.61648 -0.0704627 0.0157207
908000 1.59724 -0.0678648 0.0154739
909000 1.59847 -0.0658215 0.0156418
910000 1.61622 -0.0684292 0.0158866
911000 1.58231 -0.0738043 0.0153424
912000 1.6144 -0.0561459 0.0157325
913000 1.57999 -0.068591 0.0152726
914000 1.60637 -0.0682147 0.0156348
915000 1.56893 -0.0724616 0.0154171
916000 1.60135 -0.0482435 0.015815
917000 1.56311 -0.0518124 0.0154236
918000 1.63343 -0.0738534 0.0157648
919000 1.61904 -0.0526022 0.0156967
920000 1.53153 -0.0668951 0.0148977
921000 1.57774 -0.0555695 0.0154894
922000 1.61801 -0.0630153 0.0158576
923000 1.60531 -0.0634345 0.0156581
924000 1.56204 -0.0664461 0.0152824
925000 1.62205 -0.0698794 0.0156782
926000 1.58514 -0.0820192 0.015375
927000 1.6025 -0.0591969 0.0158386
928000 1.61405 -0.0791566 0.0156969
929000 1.6522 -0.0740048 0.015878
930000 1.6443 -0.0769273 0.0158185
931000 1.60619 -0.0591938 0.0155654
932000 1.61624 -0.0786673 0.0157759
933000 1.60045 -0.0814397 0.0156985
934000 1.59171 -0.0768016 0.0155569
935000 1.61795 -0.0599616 0.0157567
936000 1.58141 -0.065304 0.0154429
937000 1.57334 -0.0647424 0.0154159
938000 1.59507 -0.0846123 0.015388
939000 1.59179 -0.058882 0.0157287
940000 1.61608 -0.0656302 0.0157945
941000 1.59922 -0.0450441 0.0156946
942000 1.60468 -0.0567538 0.0155671
943000 1.59487 -0.0512918 0.0157376
944000 1.59741 -0.0619383 0.0156312
945000 1.62952 -0.0719648 0.0157088
946000 1.60082 -0.0636543 0.0156312
947000 1.53957 -0.0673526 0.0150121
948000 1.60424 -0.0777029 0.0155154
949000 1.63696 -0.068997 0.0158349
950000 1.56753 -0.0562429 0.0152578
951000 1.61849 -0.050914 0.0157297
952000 1.56524 -0.0572471 0.0152391
953000 1.63439 -0.0555851 0.0162196
954000 1.5227 -0.0506916 0.014711
955000 1.65433 -0.0618499 0.0160699
956000 1.55409 -0.0622297 0.0152916
957000 1.65747 -0.0763549 0.0160628
958000 1.55425 -0.0966653 0.015027
959000 1.62015 -0.0801006 0.0156441
960000 1.63537 -0.0618771 0.0161419
961000 1.57465 -0.0627698 0.0153024
962000 1.58919 -0.0651498 0.0157239
963000 1.60159 -0.0614696 0.0157189
964000 1.62786 -0.0582926 0.0158847
965000 1.61637 -0.0582291 0.0156548
966000 1.59067 -0.0629 0.0154412
967000 1.62205 -0.0739172 0.0157576
968000 1.6017 -0.0717284 0.0155892
969000 1.61429 -0.0843622 0.0156829
970000 1.66299 -0.0717924 0.0162005
971000 1.61841 -0.0899283 0.0156739
972000 1.55654 -0.0731537 0.0151782
973000 1.64225 -0.0661203 0.0158853
974000 1.6075 -0.082855 0.0156667
975000 1.55876 -0.0639894 0.0151697
976000 1.65703 -0.0555895 0.0162681
977000 1.57473 -0.0709064 0.0152966
978000 1.6058 -0.0764973 0.0155247
979000 1.57442 -0.0847136 0.0151929
980000 1.57747 -0.0836563 0.0152898
981000 1.60674 -0.0695734 0.0155846
982000 1.60417 -0.0855839 0.0155697
983000 1.6017 -0.0666678 0.0156078
984000 1.56213 -0.0616386 0.015186
985000 1.63081 -0.075048 0.0158475
986000 1.63128 -0.06539 0.0160379
987000 1.62016 -0.0557422 0.0158452
988000 1.58075 -0.0775117 0.0151826
989000 1.56347 -0.0620145 0.0153179
990000 1.63694 -0.0748644 0.0161231
991000 1.63459 -0.0734825 0.0160386
992000 1.56969 -0.0664778 0.0156159
993000 1.61993 -0.0665885 0.0156854
994000 1.64097 -0.0547 0.0161861
995000 1.59739 -0.047892 0.0157356
996000 1.61942 -0.0523516 0.0157385
997000 1.56013 -0.0481791 0.0154265
998000 1.6015 -0.0530944 0.0157068
999000 1.61728 -0.0605926 0.0157807
1000000 1.58286 -0.0802046 0.0152868
1001000 1.57344 -0.0702872 0.0154868
1002000 1.58361 -0.069397 0.015355
1003000 1.56972 -0.084249 0.0152212
1004000 1.59405 -0.0786821 0.0154846
1005000 1.56685 -0.0735391 0.0150542
1006000 1.6309 -0.0838387 0.0158181
1007000 1.58738 -0.0796759 0.015418
1008000 1.66141 -0.0746922 0.0163016
1009000 1.53194 -0.0753165 0.0148296
1010000 1.55705 -0.055209 0.0151172
1011000 1.65335 -0.0697293 0.0161102
1012000 1.56227 -0.0640305 0.0152845
1013000 1.58319 -0.0602203 0.0154527
1014000 1.67669 -0.0766617 0.0162192
1015000 1.62598 -0.0867194 0.0157064
1016000 1.56305 -0.0928663 0.0153144
1017000 1.60664 -0.0854106 0.0154784
1018000 1.62052 -0.0727624 0.0157832
1019000 1.57588 -0.0757907 0.0153133
1020000 1.59295 -0.0719244 0.0155696
1021000 1.5592 -0.079248 0.0152118
1022000 1.61333 -0.0712646 0.0158432
1023000 1.62692 -0.0629005 0.0159251
1024000 1.55694 -0.0717042 0.0152847
1025000 1.62253 -0.0794509 0.0156861
1026000 1.59126 -0.0686261 0.0153702
1027000 1.58421 -0.0530764 0.0155512
1028000 1.57999 -0.0518836 0.0154441
1029000 1.68144 -0.0654198 0.0162997
1030000 1.58199 -0.0645453 0.0153541
1031000 1.55298 -0.0593623 0.0151089
1032000 1.59436 -0.0739619 0.0154501
1033000 1.66984 -0.0751651 0.0163145
1034000 1.57006 -0.07262 0.0152764
1035000 1.66369 -0.0697769 0.0160971
1036000 1.52746 -0.0951754 0.0146547
1037000 1.63072 -0.0936859 0.0156573
1038000 1.59239 -0.0934996 0.0153363
1039000 1.66986 -0.0664641 0.0162807
1040000 1.56091 -0.0669491 0.0152477
1041000 1.58342 -0.0730423 0.0155225
1042000 1.63783 -0.0616164 0.016225
1043000 1.56606 -0.0652217 0.0154156
1044000 1.60318 -0.0663537 0.0156547
1045000 1.62107 -0.0708342 0.0158309
1046000 1.55588 -0.0602066 0.015168
1047000 1.66652 -0.0722289 0.01633
1048000 1.54517 -0.10595 0.0147418
1049000 1.55724 -0.0766582 0.0149673
1050000 1.64827 -0.060676 0.0160189
1051000 1.59962 -0.0590858 0.0157644
1052000 1.59681 -0.0629192 0.015438
1053000 1.62093 -0.0674114 0.0159801
1054000 1.55776 -0.0538665 0.0152419
1055000 1.63191 -0.0723808 0.0158377
1056000 1.64302 -0.0670182 0.0159017
1057000 1.59802 -0.0637033 0.0154799
1058000 1.62982 -0.0517631 0.016019
1059000 1.59603 -0.0763299 0.0153441
1060000 1.60787 -0.0674001 0.0157572
1061000 1.63496 -0.0504716 0.01601
1062000 1.57707 -0.0510055 0.0155556
1063000 1.61468 -0.0558129 0.015734
1064000 1.54832 -0.0675282 0.0149507
1065000 1.6212 -0.0731973 0.015728
1066000 1.61493 -0.0600314 0.0159514
1067000 1.59053 -0.0553603 0.0155708
1068000 1.60278 -0.0700799 0.0155869
1069000 1.65791 -0.0546387 0.0164865
1070000 1.58183 -0.0671212 0.0156597
1071000 1.55124 -0.0940993 0.0150242
1072000 1.60856 -0.0801914 0.0156095
1073000 1.61448 -0.0736629 0.0158263
1074000 1.60385 -0.0884833 0.0155231
1075000 1.58134 -0.0694472 0.0156145
1076000 1.56405 -0.069581 0.0152257
1077000 1.63102 -0.0691135 0.0157414
1078000 1.60662 -0.060387 0.0155375
1079000 1.56272 -0.0654797 0.015207
1080000 1.65534 -0.0731102 0.0159156
1081000 1.53948 -0.081563 0.0149346
1082000 1.57378 -0.0797983 0.0151164
1083000 1.58993 -0.0790901 0.0153213
1084000 1.62534 -0.0926322 0.0155734
1085000 1.62077 -0.0687952 0.0158107
1086000 1.53847 -0.0591614 0.0150838
1087000 1.59853 -0.0440372 0.0156949
1088000 1.61815 -0.0641294 0.015826
1089000 1.64332 -0.0595199 0.0159445
1090000 1.54485 -0.0497534 0.0151176
1091000 1.62179 -0.0567758 0.0158085
1092000 1.60522 -0.0537726 0.0155376
1093000 1.56074 -0.0557327 0.0153521
1094000 1.58093 -0.0494317 0.0155158
1095000 1.62503 -0.0588051 0.0158645
1096000 1.60669 -0.0529463 0.0158621
1097000 1.6099 -0.0607279 0.0156343
1098000 1.5805 -0.0714925 0.0151913
1099000 1.57428 -0.0836881 0.0152948
1100000 1.58412 -0.0675812 0.0153473
