# Time-averaged data for fix 2
# TimeStep v_Temperature v_PotentialEnergy v_Pressure
1000 1.01874 -0.778534 0.0645928
2000 0.99596 -0.826374 0.0646361
3000 1.01588 -0.861892 0.064111
4000 1.00179 -0.898432 0.0572634
5000 0.981543 -0.942133 0.0566852
6000 1.02393 -0.910053 0.0588523
7000 0.983373 -0.804205 0.0576842
8000 0.99581 -0.770899 0.0662977
9000 1.01023 -0.767866 0.066267
10000 0.984768 -0.850581 0.0640292
11000 1.00125 -0.829039 0.0580923
12000 0.987883 -0.99257 0.0587057
13000 0.99769 -0.8643 0.0664243
14000 1.02746 -0.880395 0.0623971
15000 1.02206 -0.889631 0.0609234
16000 0.986249 -0.924153 0.0571943
17000 0.993216 -0.935787 0.0606302
18000 0.988614 -0.805153 0.0599016
19000 0.974866 -0.783538 0.0661661
20000 0.991183 -0.776466 0.0616646
21000 0.99805 -0.8095 0.0661687
22000 0.986481 -0.80047 0.0632145
23000 1.00675 -0.835541 0.0613394
24000 1.01224 -0.794282 0.0648808
25000 0.998783 -0.862121 0.0577777
26000 0.976495 -0.938764 0.0578936
27000 1.03507 -0.817697 0.0718325
28000 0.958245 -0.807253 0.0572513
29000 1.02838 -0.813465 0.06428
30000 1.00379 -0.915941 0.0594895
31000 0.989999 -0.837883 0.0575246
32000 0.981791 -0.904957 0.0549895
33000 1.00447 -0.962842 0.0560891
34000 1.0078 -0.970528 0.0566763
35000 1.00883 -0.896926 0.0621178
36000 0.988969 -0.950725 0.0553842
37000 1.01307 -0.855327 0.0661271
38000 0.97539 -0.918814 0.0548424
39000 1.01222 -0.933595 0.0608994
40000 0.99003 -0.998653 0.0594008
41000 0.967633 -0.918503 0.0573978
42000 0.997645 -0.864676 0.0665698
43000 1.0072 -0.960788 0.0596483
44000 0.974089 -1.01255 0.0527035
45000 1.01956 -1.01995 0.0626022
46000 1.03328 -0.901038 0.0590392
47000 0.979026 -0.861582 0.0558345
48000 1.0223 -0.82601 0.0633494
49000 0.993101 -0.837396 0.0621582
50000 1.00161 -0.855546 0.0672217
51000 0.991051 -0.800213 0.0666207
52000 1.0175 -0.847223 0.0603254
53000 1.02082 -0.806214 0.0683675
54000 0.976354 -0.817839 0.0556868
55000 1.02298 -0.800773 0.063369
56000 0.990479 -0.777455 0.0647653
57000 0.997611 -0.819347 0.0627786
58000 0.962415 -0.805936 0.0601999
59000 1.02319 -0.824162 0.0676993
60000 1.03114 -0.765455 0.0650281
61000 0.976851 -0.835835 0.0553685
62000 1.02201 -0.946643 0.0579258
63000 0.997352 -1.06651 0.0579613
64000 1.00707 -1.01112 0.0525599
65000 0.994587 -0.919745 0.0590845
66000 0.986324 -0.844474 0.0595311
67000 1.03331 -0.760153 0.0683578
68000 1.01448 -0.825807 0.0651296
69000 0.999046 -0.837597 0.0624792
70000 1.00921 -0.847405 0.0620333
71000 1.01316 -0.771851 0.0751795
72000 0.988252 -0.832188 0.0613072
73000 1.02276 -0.913007 0.0570122
74000 0.996005 -0.915765 0.0602807
75000 0.992261 -0.934295 0.0560964
76000 1.02318 -0.823555 0.0654267
77000 0.997083 -0.729409 0.0670638
78000 1.01447 -0.754049 0.0680106
79000 0.983362 -0.83809 0.0635463
80000 0.99332 -0.759975 0.0658933
81000 1.02999 -0.781009 0.0672994
82000 0.976715 -0.884478 0.0594407
83000 1.02545 -0.758405 0.0631775
84000 0.980535 -0.801932 0.0606783
85000 1.01011 -0.857351 0.06146
86000 0.993117 -0.971637 0.0543826
87000 0.959047 -0.778125 0.0624895
88000 1.01721 -0.91831 0.0618685
89000 0.999255 -0.795734 0.0717271
90000 0.986482 -0.800958 0.0643765
91000 1.01651 -0.89647 0.0636314
92000 0.988205 -0.985114 0.0561652
93000 0.978121 -1.03421 0.0505604
94000 1.00235 -0.905905 0.0601882
95000 1.00006 -0.8359 0.0628745
96000 1.01936 -0.82797 0.0613324
97000 1.01192 -0.903534 0.0620768
98000 0.96249 -0.885807 0.057893
99000 1.01766 -0.813973 0.0642219
100000 1.0018 -0.853688 0.0624671
101000 1.00954 -0.856704 0.0581854
102000 0.969217 -0.852969 0.0574432
103000 0.994766 -0.922586 0.0620173
104000 1.01363 -0.837007 0.0657492
105000 1.00497 -0.888068 0.0567333
106000 1.00817 -0.959519 0.0601073
107000 0.976209 -1.03269 0.049748
108000 0.984723 -1.02727 0.0529533
109000 0.999004 -0.819038 0.0625842
110000 1.00544 -0.849338 0.0616616
111000 0.974425 -0.878112 0.0582818
112000 1.03101 -0.916613 0.0648602
113000 0.991953 -1.01319 0.0532531
114000 0.975861 -0.925616 0.057742
115000 1.01527 -0.841097 0.065856
116000 0.961892 -0.869478 0.0579998
117000 1.01185 -0.873256 0.0635071
118000 1.01869 -0.934587 0.0630087
119000 0.993814 -0.850712 0.0588163
120000 1.00127 -0.853945 0.0582923
121000 0.981185 -0.765575 0.0616398
122000 1.02516 -0.782621 0.0725722
123000 0.975741 -0.82581 0.0614402
124000 1.03192 -0.729603 0.0738504
125000 1.00535 -0.779131 0.0614136
126000 0.998696 -0.824082 0.0605359
127000 0.971624 -0.871524 0.0605874
128000 0.97345 -0.971845 0.0558367
129000 1.00383 -1.12388 0.0529251
130000 0.970426 -1.05448 0.0577559
131000 1.00662 -0.939209 0.0582628
132000 0.961929 -0.946163 0.0572283
133000 1.03451 -0.865922 0.0645374
134000 0.975695 -0.789508 0.0606578
135000 1.0159 -0.811004 0.0591649
136000 1.03206 -0.826081 0.0617756
137000 1.01692 -0.842296 0.0621288
138000 0.980699 -0.740345 0.064089
139000 1.01605 -0.811479 0.0674038
140000 1.01495 -0.76885 0.066694
141000 1.00431 -0.880319 0.0630721
142000 0.996964 -0.778699 0.0655618
143000 0.975444 -0.854348 0.0528741
144000 1.01881 -0.756038 0.0659512
145000 1.0019 -0.759389 0.0659265
146000 0.989815 -0.778145 0.0647528
147000 0.999704 -0.799844 0.0616426
148000 1.00431 -0.813393 0.0630651
149000 0.976011 -0.826462 0.057545
150000 0.992881 -0.819242 0.0617946
151000 0.980651 -0.893473 0.0598846
152000 0.995728 -0.941396 0.0554864
153000 0.977157 -0.890867 0.0557003
154000 1.02252 -0.784025 0.0659397
155000 1.01252 -0.744458 0.0659073
156000 1.01634 -0.781914 0.0627202
157000 1.00928 -0.894142 0.060156
158000 0.979719 -0.833782 0.0602883
159000 0.98008 -0.843262 0.0590357
160000 1.0223 -0.803344 0.0623024
161000 1.01074 -0.892952 0.0603465
162000 1.00986 -0.982074 0.0586389
163000 1.02005 -0.948542 0.0625559
164000 1.00929 -1.02213 0.0611566
165000 1.0035 -0.97046 0.0609237
166000 0.966406 -1.0033 0.0564847
167000 0.987987 -0.934458 0.0668502
168000 1.00569 -0.900355 0.0592027
169000 1.01389 -0.91167 0.063548
170000 1.01883 -0.871615 0.0609338
171000 0.978084 -0.93651 0.0585913
172000 1.03224 -0.928331 0.0593965
173000 0.968096 -0.982315 0.0557754
174000 0.982253 -0.910582 0.0653623
175000 0.987321 -0.978312 0.0575138
176000 1.039 -0.958381 0.0657515
177000 1.02719 -0.806532 0.0656518
178000 0.971014 -0.880922 0.0550303
179000 0.99849 -0.848276 0.0617581
180000 1.00016 -1.06447 0.0517869
181000 0.991308 -0.961472 0.0531997
182000 1.02018 -0.961053 0.0600805
183000 0.994899 -0.83743 0.0644225
184000 0.962372 -0.980685 0.0575161
185000 0.989709 -0.836643 0.0571212
186000 0.993167 -0.814427 0.0641643
187000 1.03068 -0.876793 0.0626386
188000 0.987676 -0.746555 0.0618035
189000 1.01197 -0.785983 0.0643784
190000 0.989922 -0.860392 0.0576434
191000 0.961998 -0.816867 0.0593044
192000 0.992705 -0.800836 0.0642483
193000 0.983593 -0.790458 0.0673699
194000 0.971391 -0.795645 0.0645467
195000 0.999078 -0.859973 0.0612307
196000 0.990773 -0.906816 0.0616767
197000 1.01699 -0.86448 0.0689422
198000 1.02693 -0.824851 0.0646573
199000 0.995458 -0.771312 0.0598217
200000 0.968446 -0.818568 0.058505
201000 0.995592 -0.836909 0.0604878
202000 1.03799 -0.906131 0.0638434
203000 0.990674 -0.964538 0.05605
204000 0.980739 -0.865596 0.0575152
205000 1.02592 -0.822105 0.0606412
206000 1.01229 -0.844877 0.0667346
207000 1.0322 -0.7686 0.0658618
208000 0.989706 -0.794793 0.0648158
209000 0.981659 -0.839619 0.0703728
210000 0.992486 -0.823125 0.0585056
211000 1.01023 -0.844104 0.0659634
212000 0.991882 -0.764506 0.0624607
213000 0.988338 -0.803464 0.0600377
214000 0.996873 -0.827193 0.0583296
215000 1.00846 -0.781291 0.0653024
216000 1.00916 -0.848724 0.0684898
217000 1.00051 -0.894245 0.0662746
218000 1.03432 -0.83528 0.0623509
219000 0.994239 -0.820292 0.0622963
220000 1.00781 -0.807435 0.0625157
221000 1.01466 -0.874166 0.0604165
222000 0.980718 -1.00196 0.0538413
223000 1.01604 -0.922486 0.0658145
224000 0.989234 -0.918587 0.0583519
225000 1.01639 -0.85631 0.063948
226000 0.961501 -0.73217 0.0622643
227000 1.00148 -0.761805 0.0695468
228000 0.982904 -0.839361 0.0616113
229000 1.03016 -0.867535 0.0625082
230000 1.02263 -0.852769 0.066327
231000 0.985528 -0.846257 0.057534
232000 0.984024 -0.815962 0.0654317
233000 1.0124 -0.779595 0.0718062
234000 1.02478 -0.749122 0.0672728
235000 1.00354 -0.759153 0.0663939
236000 1.00642 -0.845205 0.0607408
237000 1.02863 -0.802005 0.0615612
238000 0.984076 -0.88888 0.0582197
239000 1.02402 -0.854586 0.0640247
240000 0.999676 -0.843621 0.0675269
241000 1.00832 -0.830483 0.0646198
242000 1.00262 -0.82706 0.0594978
243000 0.972549 -0.795799 0.0623649
244000 0.992713 -0.791554 0.0611723
245000 0.982939 -0.817608 0.0587942
246000 1.0014 -0.839296 0.0610282
247000 1.01483 -0.852516 0.0613183
248000 0.985364 -0.885617 0.0554643
249000 0.974 -0.820105 0.057377
250000 1.03163 -0.809787 0.0646555
251000 1.00416 -0.831109 0.0575344
252000 0.999934 -0.826733 0.0665956
253000 1.00295 -0.83015 0.0618062
254000 1.00624 -0.916048 0.0605348
255000 0.965428 -1.08615 0.0556911
256000 1.01183 -0.970605 0.057437
257000 0.993218 -0.919532 0.0548656
258000 0.971042 -0.817647 0.0561691
259000 1.0028 -0.845712 0.0610298
260000 1.00288 -0.87399 0.0616266
261000 1.00491 -0.802958 0.0640657
262000 1.01256 -0.828233 0.0638199
263000 0.984523 -0.798305 0.0638885
264000 1.00972 -0.783511 0.0670642
265000 0.984544 -0.748676 0.0617059
266000 0.975703 -0.838056 0.0562431
267000 1.01963 -0.796746 0.0649794
268000 1.02116 -0.788858 0.067958
269000 1.00311 -0.763047 0.0661954
270000 0.997113 -0.746349 0.066367
271000 0.978839 -0.74088 0.0653486
272000 0.996924 -0.844334 0.0594413
273000 0.971966 -0.826383 0.0543738
274000 1.03775 -0.797741 0.0671655
275000 0.993669 -0.807593 0.0638572
276000 0.998034 -0.923523 0.0620732
277000 1.01389 -0.841644 0.0637463
278000 0.984023 -0.931988 0.0564179
279000 0.97999 -0.872739 0.0601376
280000 1.01321 -0.751039 0.0693473
281000 1.00418 -0.780884 0.0657837
282000 1.00585 -0.811713 0.0622821
283000 0.991107 -0.884817 0.0572186
284000 1.00346 -0.925194 0.0578727
285000 1.01432 -0.857504 0.0648337
286000 0.994993 -0.832199 0.0579345
287000 1.0102 -0.842982 0.0626682
288000 0.975428 -0.848722 0.0559789
289000 1.01997 -0.769894 0.0629323
290000 0.983281 -0.812144 0.0618379
291000 0.998859 -0.7138 0.0640836
292000 0.983412 -0.792049 0.0600773
293000 0.997821 -0.790801 0.066666
294000 1.00327 -0.827769 0.062699
295000 0.988145 -0.79436 0.0650862
296000 0.995921 -0.783509 0.0573692
297000 0.98852 -0.82753 0.0575197
298000 0.99876 -0.765431 0.0656768
299000 0.995566 -0.767121 0.0646557
300000 0.992114 -0.822184 0.0600869
301000 1.02825 -0.862563 0.0671489
302000 0.986546 -0.879885 0.0595252
303000 0.961913 -0.859775 0.0573846
304000 1.0181 -0.807433 0.06471
305000 1.02389 -0.814582 0.068497
306000 0.969733 -0.8526 0.0557906
307000 0.986544 -0.934773 0.0582383
308000 1.01504 -0.932708 0.0610598
309000 1.00522 -0.896364 0.0616453
310000 0.980618 -0.830793 0.0575797
311000 1.0185 -0.809317 0.0631484
312000 0.985402 -0.832923 0.0590774
313000 1.02124 -0.747617 0.0683608
314000 0.978088 -0.724613 0.0683055
315000 0.980185 -0.850433 0.0609572
316000 0.969757 -0.911519 0.0563782
317000 1.0155 -0.836979 0.060085
318000 0.99061 -0.908636 0.0578519
319000 1.00974 -0.872935 0.0549562
320000 0.972279 -1.01627 0.0562313
321000 1.00923 -0.928906 0.0591021
322000 0.97379 -0.902911 0.0559829
323000 1.00079 -0.998798 0.0546556
324000 0.990664 -1.00399 0.0555844
325000 0.980496 -1.13524 0.0507817
326000 0.995451 -0.970048 0.0580013
327000 0.969999 -0.923088 0.0583308
328000 1.02679 -0.909448 0.0634831
329000 1.00978 -0.961448 0.0571268
330000 1.00631 -0.949956 0.0572997
331000 1.02451 -0.840031 0.0616145
332000 0.998746 -0.779472 0.0671259
333000 1.02242 -0.871934 0.0649491
334000 0.994283 -0.817039 0.0637734
335000 1.01958 -0.916968 0.0646345
336000 1.01807 -0.912085 0.0672942
337000 1.01959 -0.887606 0.0585818
338000 0.98584 -0.791013 0.060537
339000 1.01076 -0.708893 0.0701481
340000 0.987026 -0.76148 0.0604873
341000 0.9956 -0.96169 0.0597524
342000 0.983974 -0.946872 0.0557582
343000 0.998198 -0.977841 0.0596412
344000 1.02919 -0.874725 0.0600288
345000 0.971889 -0.840255 0.0565515
346000 1.01943 -0.853814 0.065133
347000 1.00862 -0.840701 0.0582046
348000 0.999014 -0.733602 0.0670122
349000 1.02926 -0.7359 0.0659782
350000 0.976766 -0.80838 0.0604643
351000 1.02823 -0.812305 0.06715
352000 0.995192 -0.863932 0.0576924
353000 0.973503 -0.843967 0.0625927
354000 1.00685 -0.789057 0.0641639
355000 1.0141 -0.799972 0.0640926
356000 1.00188 -0.787397 0.0635434
357000 0.983872 -0.846103 0.057719
358000 1.03086 -0.855325 0.0642498
359000 1.00647 -0.877724 0.0621081
360000 0.994708 -0.919703 0.0567631
361000 0.980278 -0.839195 0.0616478
362000 0.973633 -0.850299 0.0596266
363000 0.972354 -0.888172 0.0581671
364000 0.978067 -0.937857 0.0572896
365000 1.0281 -0.842898 0.0643356
366000 0.976037 -0.819753 0.06127
367000 1.02978 -0.83097 0.0655043
368000 0.998408 -0.831273 0.0654614
369000 1.02336 -0.800726 0.0681567
370000 1.0239 -0.796829 0.0631626
371000 0.992514 -0.873508 0.0559339
372000 0.991035 -0.881543 0.0586018
373000 0.969808 -0.94858 0.0540143
374000 1.00962 -1.12393 0.0547277
375000 0.97559 -0.989051 0.054765
376000 0.975612 -0.87633 0.0534497
377000 0.976798 -0.829066 0.0591106
378000 1.02843 -0.885448 0.0614453
379000 1.02665 -0.981791 0.0638641
380000 0.989734 -0.891156 0.0569586
381000 0.993446 -0.92417 0.0602658
382000 0.963377 -0.868558 0.0609213
383000 0.988749 -0.846996 0.0617961
384000 1.0228 -0.752936 0.0699707
385000 0.99206 -0.820274 0.0650882
386000 0.996506 -0.785205 0.0658113
387000 0.989985 -0.82105 0.0632807
388000 1.03045 -0.787046 0.0661814
389000 0.974846 -0.926994 0.0534747
390000 1.0102 -0.972706 0.0558067
391000 1.00409 -0.960719 0.0544376
392000 0.996038 -0.942404 0.0590673
393000 0.993157 -0.844314 0.0571026
394000 1.01128 -0.860964 0.0638366
395000 0.972063 -0.835084 0.0589167
396000 1.01266 -0.842473 0.0643723
397000 1.02922 -0.837673 0.0647797
398000 1.03266 -0.717097 0.0635864
399000 0.971746 -0.850244 0.0589855
400000 0.985565 -0.84268 0.0612454
401000 0.986169 -0.779256 0.0614009
402000 0.999025 -0.873175 0.062459
403000 0.979355 -0.966974 0.0512163
404000 0.993535 -0.875453 0.0580712
405000 1.01159 -0.845371 0.0653433
406000 0.967882 -0.864042 0.0567382
407000 1.03207 -0.856514 0.0654439
408000 1.00476 -0.835591 0.0616569
409000 1.02293 -0.803954 0.0676046
410000 1.01779 -0.747196 0.066663
411000 1.00545 -0.766602 0.0634123
412000 1.00326 -0.817781 0.0646836
413000 0.991579 -0.847228 0.0526228
414000 0.986154 -0.819455 0.062456
415000 0.97658 -0.777682 0.0679607
416000 1.01391 -0.761448 0.0626796
417000 0.97842 -0.723597 0.0657463
418000 0.9816 -0.841022 0.0576577
419000 1.00867 -0.867172 0.0609046
420000 0.988349 -0.885747 0.0652335
421000 0.995858 -0.893715 0.0563595
422000 1.03075 -0.839923 0.0675884
423000 1.01309 -0.891751 0.06227
424000 1.00064 -0.81623 0.0642295
425000 0.985063 -0.80671 0.0600676
426000 1.00123 -0.81852 0.0635241
427000 0.981853 -0.788146 0.0621751
428000 0.968731 -0.877882 0.0581254
429000 1.01433 -0.868345 0.0622531
430000 0.987076 -0.824928 0.0641592
431000 0.995883 -0.84527 0.0618574
432000 1.01704 -0.871759 0.065109
433000 0.989418 -0.808542 0.0606411
434000 1.005 -0.749286 0.0691485
435000 0.99646 -0.745261 0.0679912
436000 1.0116 -0.697907 0.0676042
437000 1.00494 -0.843383 0.066073
438000 0.975054 -0.791596 0.0628919
439000 1.00846 -0.742928 0.0657551
440000 1.0042 -0.84008 0.0615687
441000 0.995032 -0.912582 0.061382
442000 1.00294 -0.855328 0.0632082
443000 0.975699 -0.96036 0.0541527
444000 1.01351 -0.889429 0.0615662
445000 0.957958 -0.806862 0.062573
446000 1.01538 -0.84621 0.0633089
447000 0.994213 -0.891452 0.0621962
448000 0.984262 -0.791387 0.0575109
449000 1.02535 -0.858287 0.063862
450000 1.00411 -0.860128 0.0626853
451000 1.03748 -0.827696 0.0676608
452000 1.00175 -0.859394 0.0672388
453000 0.99405 -0.799283 0.0610019
454000 0.97007 -0.828167 0.0635757
455000 1.02307 -0.775272 0.066393
456000 1.02968 -0.736314 0.0717143
457000 0.992526 -0.782271 0.0627577
458000 0.997469 -0.784739 0.0648125
459000 1.00528 -0.784838 0.0635984
460000 1.0303 -0.773604 0.067389
461000 0.981476 -0.8446 0.0568968
462000 1.032 -0.996973 0.0574155
463000 0.975333 -1.15151 0.0537072
464000 1.00879 -1.03504 0.0578565
465000 0.971088 -1.08236 0.049985
466000 1.04527 -0.878031 0.0659862
467000 1.00773 -0.837882 0.062498
468000 0.993101 -0.834512 0.0605777
469000 1.00144 -0.76566 0.0638783
470000 0.989344 -0.758358 0.069924
471000 1.00636 -0.811668 0.0676786
472000 0.967183 -0.824736 0.0552959
473000 1.0083 -0.842235 0.0667137
474000 1.01196 -0.831087 0.066789
475000 0.986181 -0.830381 0.0626086
476000 0.97793 -0.870294 0.061673
477000 1.02388 -0.817756 0.065191
478000 1.02077 -0.842025 0.064612
479000 0.971704 -0.842798 0.0588767
480000 1.00564 -0.79402 0.0657444
481000 1.00707 -0.85009 0.0650019
482000 0.981701 -0.966069 0.0544089
483000 0.99106 -0.830484 0.0640974
484000 0.981806 -0.894482 0.0568295
485000 0.98416 -0.950764 0.0572317
486000 1.04145 -0.948836 0.0549107
487000 0.967396 -0.903332 0.0529638
488000 0.99466 -0.897395 0.0597313
489000 1.01342 -0.926822 0.0618584
490000 0.950699 -0.845452 0.0606708
491000 0.988415 -0.885231 0.0676845
492000 0.993466 -1.01959 0.050274
493000 1.03231 -0.964172 0.0610445
494000 1.00261 -0.915148 0.0602291
495000 0.998234 -0.872802 0.0613445
496000 1.03697 -0.906786 0.0665796
497000 0.983979 -0.840866 0.0601136
498000 1.00308 -0.892896 0.0612635
499000 0.98586 -0.925791 0.0572743
500000 1.00308 -0.909858 0.0599195
501000 1.00867 -0.894272 0.0606089
502000 1.00561 -0.78782 0.0609796
503000 1.03146 -0.819711 0.064313
504000 0.982957 -0.862615 0.059085
505000 0.987588 -0.938393 0.0593426
506000 1.00116 -0.817129 0.0670374
507000 1.03936 -0.729267 0.0731215
508000 1.01519 -0.88081 0.0619606
509000 0.972924 -0.868016 0.0634612
510000 0.98353 -0.871625 0.0632449
511000 0.969173 -0.891749 0.0566345
512000 0.997676 -0.749965 0.061924
513000 0.999687 -0.826509 0.0626033
514000 0.997232 -0.864376 0.0649422
515000 0.994264 -0.831536 0.0651204
516000 1.011 -0.805216 0.0672407
517000 0.972937 -0.791996 0.06074
518000 1.0114 -0.788004 0.0684318
519000 0.980118 -0.743449 0.0621835
520000 1.01589 -0.77317 0.0666101
521000 0.996796 -0.761204 0.0654612
522000 1.01688 -0.908471 0.0605132
523000 1.00341 -0.827614 0.060477
524000 0.992108 -0.810002 0.0615962
525000 1.01037 -0.886195 0.065213
526000 1.00904 -0.926972 0.05694
527000 0.987566 -0.933866 0.0572868
528000 0.973421 -0.980133 0.059089
529000 0.999465 -0.86182 0.0618274
530000 1.02796 -0.83136 0.0675081
531000 0.974541 -0.838621 0.056043
532000 0.989755 -0.889231 0.054677
533000 0.992163 -0.903911 0.0538591
534000 1.00661 -0.855434 0.0585686
535000 0.988763 -0.914296 0.0567375
536000 1.01722 -0.82739 0.0687453
537000 1.02757 -0.931443 0.0623356
538000 1.02004 -0.782228 0.0674936
539000 1.02129 -0.754287 0.068573
540000 1.01803 -0.743178 0.066294
541000 1.02905 -0.818311 0.0658619
542000 1.00448 -0.759547 0.0701543
543000 1.03204 -0.808823 0.0682077
544000 0.995412 -0.762981 0.0647677
545000 0.982319 -0.844641 0.0609651
546000 0.981718 -0.864414 0.0572066
547000 1.00679 -0.883561 0.0626297
548000 0.984021 -0.833968 0.0599579
549000 1.00022 -0.864252 0.0623144
550000 0.976027 -0.879116 0.0599603
551000 0.992708 -0.857088 0.0582606
552000 1.00464 -0.941724 0.0599776
553000 0.9877 -0.882177 0.0603307
554000 1.00353 -0.953467 0.061553
555000 0.982266 -1.01667 0.0551202
556000 1.0024 -0.919009 0.0549812
557000 0.962112 -0.90567 0.0526528
558000 1.01547 -1.0223 0.0593586
559000 1.02143 -0.945862 0.0593812
560000 1.00808 -0.902437 0.0613212
561000 1.03079 -0.787633 0.0667654
562000 0.967586 -0.836043 0.0613227
563000 0.993216 -0.845611 0.0595943
564000 0.976972 -0.787058 0.0632439
565000 1.00186 -0.800512 0.0650615
566000 1.02848 -0.766507 0.0657527
567000 1.0082 -0.837818 0.0664113
568000 0.994481 -0.722326 0.0624681
569000 0.997828 -0.744267 0.0632983
570000 1.00235 -0.790964 0.062988
571000 1.01446 -0.877086 0.0613504
572000 0.98735 -0.880393 0.0559378
573000 1.00222 -0.941751 0.0651068
574000 1.01391 -0.89195 0.0619674
575000 1.02002 -0.875614 0.0674762
576000 0.973861 -0.891611 0.0569175
577000 0.998448 -0.80946 0.0608255
578000 1.03384 -0.912971 0.0618293
579000 0.995153 -0.879529 0.0644801
580000 1.01095 -0.878254 0.0623342
581000 1.0069 -0.904507 0.0590577
582000 0.983969 -1.01396 0.0496466
583000 0.993573 -1.0477 0.0564758
584000 1.00627 -1.01472 0.0609424
585000 1.00892 -0.923792 0.0588055
586000 0.975434 -0.913031 0.0570453
587000 0.995754 -0.837549 0.0592825
588000 1.01536 -0.811598 0.0657563
589000 1.0183 -0.841463 0.0638003
590000 1.00304 -0.788025 0.059871
591000 0.98796 -0.824338 0.0607142
592000 1.02501 -0.778963 0.0635679
593000 1.01092 -0.800138 0.0649493
594000 1.0176 -0.894755 0.0588143
595000 0.998644 -0.885681 0.0613061
596000 0.975544 -0.855682 0.0552691
597000 1.02032 -0.870503 0.0646778
598000 0.986816 -0.882191 0.0617141
599000 1.03784 -0.738648 0.0663373
600000 1.00986 -0.786235 0.062286
601000 1.029 -0.716181 0.0711003
602000 1.03709 -0.754451 0.0714857
603000 1.02303 -0.818836 0.065467
604000 0.98724 -0.849022 0.0598053
605000 0.973707 -0.885502 0.0592609
606000 0.985445 -0.916446 0.0589329
607000 0.997418 -0.961137 0.0583294
608000 0.977087 -0.822675 0.0590879
609000 0.973098 -0.762194 0.0633799
610000 1.01438 -0.76607 0.0652844
611000 0.997057 -0.892756 0.0587534
612000 0.970957 -0.85455 0.0617838
613000 1.03248 -0.872405 0.0672032
614000 0.985965 -0.804974 0.0635724
615000 0.96834 -0.825566 0.0589063
616000 0.98404 -0.95052 0.0615942
617000 0.984383 -0.890394 0.0580243
618000 1.02301 -0.824738 0.0666889
619000 1.0279 -0.801943 0.0668002
620000 1.01428 -0.821715 0.0582001
621000 1.01894 -0.779044 0.0673617
622000 1.00697 -0.862926 0.0607729
623000 1.00556 -0.893122 0.0583782
624000 1.01731 -0.795012 0.0640744
625000 0.969387 -0.77868 0.0615731
626000 0.987977 -0.808159 0.0664267
627000 1.01158 -0.899096 0.0571482
628000 1.00687 -0.838748 0.0628106
629000 0.954352 -0.841726 0.0601243
630000 1.01223 -0.893321 0.060946
631000 0.985869 -0.895367 0.0588968
632000 1.01203 -0.846787 0.0588564
633000 0.994364 -0.817128 0.06788
634000 1.01748 -0.819087 0.0681078
635000 1.00999 -0.756999 0.0653985
636000 1.00598 -0.836042 0.0643385
637000 1.00734 -0.74656 0.0650148
638000 1.00639 -0.788527 0.0643667
639000 0.982551 -0.802948 0.0592429
640000 0.966337 -0.713815 0.0656654
641000 0.998034 -0.866448 0.058713
642000 1.03103 -0.817428 0.0665162
643000 0.968535 -0.871612 0.0560442
644000 0.989741 -0.901004 0.057601
645000 1.01067 -0.938195 0.0566383
646000 1.01098 -0.946215 0.0632991
647000 1.00229 -0.909579 0.0644815
648000 0.986388 -0.873478 0.060385
649000 1.02333 -0.782281 0.0638801
650000 0.996224 -0.714912 0.0657168
651000 1.01327 -0.767645 0.0606307
652000 0.966998 -0.724155 0.0648168
653000 1.02323 -0.766083 0.0655916
654000 1.01988 -0.853137 0.0628793
655000 0.985887 -0.895281 0.0577363
656000 1.01033 -0.789478 0.0653021
657000 1.00222 -0.682952 0.0698401
658000 1.00884 -0.780436 0.06244
659000 0.990002 -0.810444 0.0636818
660000 1.01159 -0.84675 0.0609781
661000 0.975062 -0.867949 0.0594167
662000 1.00402 -0.860152 0.0566797
663000 0.989443 -0.878735 0.0527478
664000 1.03387 -0.865668 0.0663197
665000 0.986456 -0.939183 0.0577912
666000 0.997207 -0.850074 0.0600547
667000 0.955193 -0.846654 0.0582814
668000 1.0333 -0.769895 0.0634052
669000 1.01619 -0.76935 0.0730778
670000 1.02475 -0.726062 0.0693312
671000 1.0162 -0.905827 0.0564962
672000 0.990058 -1.02862 0.0566865
673000 1.01987 -0.860477 0.0597361
674000 1.01663 -0.843117 0.0642382
675000 0.998326 -0.863055 0.0561182
676000 1.00056 -0.795644 0.0580713
677000 1.00516 -0.832103 0.0606948
678000 1.03178 -0.861711 0.0651685
679000 0.988266 -0.819193 0.0628417
680000 0.968718 -0.777585 0.0622259
681000 0.97605 -0.817745 0.0551389
682000 1.04207 -0.770894 0.0709363
683000 0.998711 -0.864388 0.0635827
684000 1.00158 -0.956758 0.0556444
685000 0.974926 -0.993904 0.05362
686000 1.01109 -0.910515 0.0602427
687000 1.01439 -0.835953 0.0607363
688000 1.01988 -0.958573 0.0619142
689000 0.964306 -0.935196 0.0614952
690000 0.992159 -0.857531 0.0592633
691000 1.00785 -0.894137 0.0606038
692000 1.01374 -0.958028 0.0603566
693000 0.963588 -0.890535 0.0560228
694000 1.00394 -0.852665 0.0635734
695000 1.00005 -0.868788 0.0625843
696000 1.00649 -0.79427 0.0643277
697000 1.01248 -0.811226 0.0642934
698000 0.974595 -0.822703 0.0578561
699000 1.00475 -0.792475 0.0619885
700000 0.989007 -0.740329 0.0656089
701000 1.03001 -0.745302 0.0663175
702000 1.01291 -0.857713 0.0621852
703000 0.997727 -0.814585 0.0610852
704000 1.02795 -0.820232 0.0664479
705000 0.991746 -0.781081 0.0648772
706000 0.989862 -0.782747 0.0600267
707000 1.00107 -0.82442 0.0651776
708000 1.01931 -0.913348 0.0590542
709000 0.994431 -0.927271 0.0564751
710000 0.983194 -0.924435 0.0576175
711000 0.999198 -0.957281 0.0599612
712000 1.01354 -0.956131 0.0590559
713000 1.01643 -0.990387 0.0535107
714000 0.994456 -0.947587 0.0616037
715000 0.991199 -0.92384 0.058198
716000 0.996627 -0.827259 0.0563759
717000 1.03365 -0.951888 0.0617574
718000 1.00961 -0.855615 0.0654972
719000 0.995605 -0.911959 0.0645401
720000 1.0107 -0.957814 0.0575815
721000 1.02324 -0.817328 0.0630866
722000 0.998596 -0.791267 0.0630778
723000 0.970884 -0.790878 0.0586849
724000 1.01947 -0.87908 0.0606853
725000 1.01726 -0.832968 0.0697732
726000 1.00405 -0.826175 0.0587133
727000 1.00737 -0.791799 0.0602207
728000 1.00971 -0.891968 0.0573705
729000 1.01399 -0.764434 0.0612385
730000 1.00871 -0.819626 0.0607731
731000 0.994126 -0.891775 0.0593473
732000 1.0215 -0.889193 0.0605859
733000 0.980283 -0.934535 0.0547871
734000 0.990997 -0.831407 0.06228
735000 1.00149 -0.897869 0.0591974
736000 1.01542 -0.821113 0.0675313
737000 0.977962 -0.761708 0.0647736
738000 0.984566 -0.860594 0.0586251
739000 0.996024 -0.877091 0.0597266
740000 0.981353 -0.816228 0.0612386
741000 1.01895 -0.886785 0.0632291
742000 1.01207 -0.94935 0.0589602
743000 1.01872 -0.811613 0.0656062
744000 0.999909 -0.818696 0.0627896
745000 1.00111 -0.886276 0.062905
746000 1.02289 -0.835868 0.0624016
747000 1.03073 -0.881297 0.0648345
748000 1.00641 -0.750876 0.0689918
749000 1.03477 -0.903111 0.0664052
750000 0.977628 -0.856476 0.0573585
751000 1.0209 -0.901056 0.0605694
752000 0.976708 -0.864186 0.0582597
753000 0.997811 -0.87731 0.0628163
754000 1.02504 -0.870573 0.0619814
755000 0.987568 -0.793746 0.0632272
756000 1.01652 -0.748709 0.0649079
757000 1.02239 -0.811171 0.0675204
758000 0.999022 -0.825716 0.0658837
759000 0.995205 -0.904062 0.0547224
760000 1.00496 -0.820303 0.0624794
761000 1.01113 -0.790085 0.0632411
762000 1.02199 -0.761221 0.0708707
763000 0.995105 -0.888814 0.0596615
764000 1.0018 -0.972542 0.0657913
765000 1.00545 -0.821096 0.0600879
766000 0.990512 -1.01572 0.054794
767000 0.960089 -1.09355 0.0548935
768000 1.01396 -1.02801 0.056731
769000 1.04045 -0.813888 0.0634224
770000 1.01487 -0.842925 0.0648
771000 1.02406 -0.923298 0.0618188
772000 0.986306 -0.965048 0.0555507
773000 0.974483 -0.820931 0.0587394
774000 0.99728 -0.889963 0.0583643
775000 0.982974 -0.891234 0.062111
776000 1.03058 -0.742824 0.0666639
777000 1.03395 -0.86889 0.0671383
778000 1.01505 -0.852913 0.0666903
779000 0.970896 -1.03906 0.0562087
780000 0.983082 -0.972872 0.057077
781000 1.00376 -0.998177 0.0567304
782000 1.02105 -1.02104 0.0581966
783000 0.998332 -0.910971 0.0595437
784000 1.00258 -0.903679 0.0632286
785000 0.981971 -0.728115 0.0622072
786000 0.990545 -0.769035 0.0592662
787000 1.03288 -0.805285 0.0693236
788000 1.01557 -0.818787 0.0673558
789000 1.0046 -0.846944 0.0595594
790000 0.96566 -1.06324 0.0498833
791000 1.00671 -0.903635 0.0599019
792000 1.0071 -0.784628 0.0667328
793000 1.01303 -0.779203 0.0684573
794000 1.03345 -0.73921 0.0701982
795000 1.00801 -0.73673 0.0655849
796000 1.01681 -0.851629 0.0596368
797000 1.02693 -0.816932 0.0693628
798000 1.03859 -0.783462 0.0670461
799000 0.981573 -0.886865 0.0593095
800000 0.990055 -0.89426 0.0577862
801000 1.0034 -0.918292 0.0618816
802000 0.982357 -0.778673 0.0631779
803000 1.00799 -0.793064 0.0666414
804000 0.973921 -0.779224 0.0625261
805000 0.996069 -0.844349 0.0623068
806000 1.0125 -0.91493 0.0620813
807000 0.986909 -0.919264 0.053921
808000 0.991001 -0.914254 0.0572972
809000 1.02464 -0.831241 0.0626355
810000 1.00343 -0.821777 0.0607254
811000 0.993197 -0.973718 0.0567744
812000 1.03793 -0.813607 0.065421
813000 0.963558 -0.816637 0.0582427
814000 1.00916 -0.848579 0.0603459
815000 1.00434 -0.955888 0.0643977
816000 0.982025 -0.908961 0.0606822
817000 0.969299 -0.967841 0.0551828
818000 1.00173 -0.847546 0.0634675
819000 1.02159 -0.831863 0.0589396
820000 0.99463 -0.781844 0.0586024
821000 1.03406 -0.824677 0.0641759
822000 0.968364 -0.867624 0.0556907
823000 1.00539 -0.804968 0.0639461
824000 1.01158 -0.891216 0.0586533
825000 1.02287 -0.830246 0.0693689
826000 0.991608 -0.763654 0.0631854
827000 1.00136 -0.751366 0.0616769
828000 1.01737 -0.764693 0.0699574
829000 1.00647 -0.799483 0.0649681
830000 0.969645 -0.872567 0.058643
831000 0.968021 -0.899937 0.0605177
832000 1.00654 -0.823695 0.0610455
833000 1.00091 -0.791119 0.0641316
834000 1.01486 -0.809319 0.0679794
835000 0.960362 -0.887223 0.0539107
836000 0.972165 -0.766351 0.0618913
837000 1.01382 -0.849052 0.0649124
838000 0.964707 -0.878455 0.0564095
839000 1.02646 -0.811542 0.0635835
840000 0.949956 -0.859577 0.0552009
841000 0.986773 -0.794036 0.0642745
842000 0.961739 -0.771663 0.0609212
843000 1.02357 -0.777023 0.0673016
844000 1.00984 -0.879522 0.0622266
845000 0.997186 -0.848198 0.061286
846000 1.01996 -0.988911 0.056959
847000 0.961489 -0.823543 0.0605297
848000 1.03904 -0.804223 0.063429
849000 0.979254 -0.812671 0.0596792
850000 1.01486 -0.838775 0.0617196
851000 1.02758 -0.820419 0.0649389
852000 0.988772 -0.865888 0.0599875
853000 1.0118 -0.81872 0.0662578
854000 1.02454 -0.789119 0.069974
855000 1.01133 -0.822801 0.0643834
856000 1.0214 -0.715569 0.069197
857000 0.979713 -0.79536 0.0618862
858000 0.983946 -0.827911 0.057295
859000 1.02103 -0.836536 0.0667783
860000 1.0092 -0.72743 0.0689461
861000 1.00482 -0.727118 0.0638729
862000 1.02392 -0.821713 0.0676237
863000 1.00539 -0.86859 0.0653268
864000 0.997409 -0.998045 0.0549426
865000 1.0098 -0.899644 0.056786
866000 0.971094 -0.919293 0.0521682
867000 1.00717 -0.879203 0.059703
868000 0.988543 -0.81125 0.0595516
869000 0.970477 -0.801048 0.0645499
870000 1.02211 -0.865895 0.0561085
871000 1.00608 -0.841069 0.0617503
872000 1.0187 -0.859275 0.0617211
873000 0.995354 -0.862327 0.0639204
874000 0.980168 -0.782545 0.0652615
875000 1.0192 -0.684075 0.0694331
876000 1.02753 -0.762716 0.0612725
877000 0.998196 -0.831083 0.058573
878000 1.02582 -0.824466 0.0660841
879000 0.964633 -0.826383 0.0536038
880000 1.01486 -0.77246 0.0644777
881000 0.993288 -0.767629 0.0635611
882000 1.00928 -0.82877 0.0637906
883000 1.00776 -0.874604 0.0661873
884000 0.994269 -0.791999 0.0656697
885000 1.00285 -0.84546 0.0658295
886000 1.03497 -0.901211 0.067282
887000 1.00734 -1.02069 0.0629782
888000 0.99011 -0.906678 0.0646577
889000 1.02849 -0.845392 0.0625864
890000 0.992748 -0.925078 0.0642133
891000 0.974722 -0.850737 0.0569693
892000 0.996732 -0.835588 0.0611241
893000 0.996465 -0.886712 0.0591404
894000 0.962532 -0.837524 0.0643252
895000 1.00631 -0.950634 0.0600219
896000 1.012 -0.883682 0.0635119
897000 0.989131 -0.844371 0.0583104
898000 0.981827 -0.897901 0.0608618
899000 1.02089 -1.07438 0.056229
900000 0.988154 -0.914483 0.0582659
901000 0.997024 -0.932733 0.0626781
902000 1.01482 -0.892934 0.0635752
903000 1.00763 -0.763096 0.0622238
904000 1.00147 -0.837619 0.0673797
905000 0.999889 -0.864109 0.064822
906000 0.99101 -0.899323 0.0563189
907000 1.01441 -0.773395 0.0653789
908000 0.976498 -0.82439 0.0602656
909000 1.0017 -0.831027 0.0611966
910000 1.00603 -0.869676 0.06362
911000 0.970803 -0.827969 0.0585823
912000 0.989875 -0.830148 0.0602273
913000 1.04082 -0.749299 0.0685914
914000 0.963784 -0.767175 0.0614463
915000 1.00375 -0.846495 0.060343
916000 1.02358 -0.7684 0.0672198
917000 1.00872 -0.822912 0.0643726
918000 1.0106 -0.794942 0.0681809
919000 1.00198 -0.729692 0.0654186
920000 0.990864 -0.82975 0.0657816
921000 0.998092 -0.822177 0.0661945
922000 0.99842 -0.853383 0.0603982
923000 0.978647 -0.831555 0.0611869
924000 0.975998 -0.910488 0.0582364
925000 1.02495 -0.878615 0.0681282
926000 0.982116 -0.80128 0.0676298
927000 0.980926 -0.899463 0.0558717
928000 1.0282 -0.892422 0.0616331
929000 1.01812 -0.816424 0.0662957
930000 1.0124 -0.822059 0.0641139
931000 1.03422 -0.856495 0.068866
932000 0.968335 -1.07196 0.0523496
933000 1.00941 -0.91921 0.0654131
934000 1.00889 -0.880133 0.0603771
935000 0.97848 -0.808383 0.0617301
936000 1.00203 -0.877713 0.0657458
937000 1.01167 -0.942919 0.0622265
938000 1.0087 -0.924714 0.0585697
939000 1.00598 -0.866333 0.0561428
940000 1.01619 -0.962208 0.0590579
941000 1.00849 -0.888082 0.0625519
942000 0.951245 -0.832224 0.0596361
943000 0.994717 -0.866645 0.0617742
944000 1.00552 -0.825004 0.0620492
945000 1.00002 -0.761723 0.0604469
946000 1.00161 -0.891032 0.059463
947000 1.00623 -0.83954 0.0647152
948000 1.03902 -0.796327 0.0694452
949000 0.994392 -0.857476 0.0591097
950000 0.978662 -0.878221 0.0584565
951000 1.02533 -0.891956 0.0604085
952000 0.968483 -0.828946 0.0538
953000 1.02672 -0.767949 0.0688058
954000 0.987501 -0.844952 0.0600994
955000 1.01619 -0.831378 0.0587904
956000 0.981861 -0.931591 0.0525866
957000 0.98447 -0.804346 0.059095
958000 0.981559 -0.749441 0.0662838
959000 1.00715 -0.856703 0.0652578
960000 1.01301 -0.766045 0.0653101
961000 0.984413 -0.821013 0.0600303
962000 1.01129 -0.775593 0.0683541
963000 1.02597 -0.767924 0.0665105
964000 1.00422 -0.802592 0.0663961
965000 0.976308 -0.839939 0.0598499
966000 1.01516 -0.853207 0.0652602
967000 0.994633 -0.879121 0.0600832
968000 0.981779 -0.898524 0.0588136
969000 1.00454 -0.897745 0.0637964
970000 0.966662 -1.04297 0.0573072
971000 1.03133 -0.82931 0.0677359
972000 1.02328 -0.816119 0.0645693
973000 0.998101 -0.875239 0.0596866
974000 1.00733 -0.874989 0.0596053
975000 1.01324 -0.815966 0.0660424
976000 0.988193 -0.875629 0.0600896
977000 1.02614 -0.996238 0.0661215
978000 0.989479 -0.910409 0.061023
979000 1.00705 -0.864068 0.0682349
980000 0.950983 -0.866892 0.0556051
981000 0.993647 -0.986556 0.0592696
982000 0.986665 -1.10792 0.0556595
983000 1.0083 -0.88877 0.0635484
984000 1.03263 -0.838007 0.0640354
985000 1.01056 -0.828022 0.0664155
986000 1.00356 -0.926253 0.0616076
987000 0.998077 -0.868649 0.0607057
988000 1.00945 -0.859284 0.0629038
989000 1.02242 -0.860306 0.0661122
990000 1.02955 -0.846372 0.0676158
991000 0.985158 -0.838998 0.0626191
992000 0.99242 -0.839955 0.060798
993000 1.03691 -0.784909 0.0695092
994000 0.982833 -0.805196 0.0581696
995000 0.987054 -0.854867 0.0586333
996000 0.968191 -0.857208 0.0584749
997000 1.01876 -0.808736 0.0629626
998000 0.978113 -0.949006 0.0581898
999000 1.01015 -0.843705 0.0649105
1000000 1.02257 -0.848571 0.0656749
1001000 0.982877 -0.81275 0.0649695
1002000 1.02561 -0.91131 0.0608606
1003000 1.00575 -0.859431 0.0608914
1004000 0.985473 -0.877808 0.0577671
1005000 1.00472 -0.789622 0.0629034
1006000 0.976801 -0.813931 0.0632386
1007000 1.02946 -0.831284 0.0616932
1008000 0.996124 -0.825092 0.0643858
1009000 1.01816 -0.886323 0.059823
1010000 1.00639 -0.90324 0.0599597
1011000 1.01791 -0.917861 0.0623306
1012000 1.01485 -0.819352 0.0617708
1013000 1.01769 -0.816224 0.0636873
1014000 0.977451 -0.804222 0.0613374
1015000 0.985731 -0.793951 0.0639012
1016000 1.02732 -0.86951 0.0615466
1017000 1.00776 -0.791778 0.0613089
1018000 0.98066 -0.876967 0.0627231
1019000 0.990663 -0.801871 0.0631161
1020000 0.970167 -0.839152 0.0635881
1021000 0.995155 -0.754758 0.0667743
1022000 1.01742 -0.886535 0.0634011
1023000 0.999996 -0.990296 0.0594229
1024000 0.986593 -0.917237 0.0573286
1025000 1.00709 -0.888409 0.0627818
1026000 0.996077 -0.750598 0.061647
1027000 1.01291 -0.837704 0.0633417
1028000 1.00456 -0.859016 0.0652828
1029000 1.00424 -0.830475 0.066312
1030000 0.986708 -0.76355 0.0617114
1031000 1.0194 -0.848312 0.0698717
1032000 1.00746 -0.808364 0.0639535
1033000 0.996199 -0.728898 0.065567
1034000 0.988052 -0.81822 0.0618444
1035000 0.961589 -0.870478 0.060588
1036000 0.997602 -0.923006 0.0580045
1037000 1.00523 -0.835929 0.06392
1038000 1.01196 -0.92126 0.0583477
1039000 1.01371 -0.802779 0.0655405
1040000 0.998473 -0.903902 0.060313
1041000 0.993712 -0.85548 0.0662497
1042000 1.01136 -0.86293 0.0618028
1043000 0.984091 -0.874609 0.0618642
1044000 1.03308 -0.835048 0.0623618
1045000 1.00211 -0.886866 0.0586345
1046000 1.00619 -0.962305 0.0575
1047000 0.994625 -0.969935 0.0547626
1048000 0.996906 -0.902989 0.0567041
1049000 1.01132 -0.823071 0.0686877
1050000 0.993361 -0.858917 0.0560138
1051000 1.01731 -0.803948 0.0667269
1052000 1.01478 -0.845067 0.0644716
1053000 0.990107 -0.870707 0.0609282
1054000 0.977535 -0.929654 0.058031
1055000 1.01319 -0.887804 0.062624
1056000 0.988682 -0.895882 0.0589432
1057000 1.02042 -0.764731 0.0653149
1058000 1.00964 -0.730875 0.0689119
1059000 0.963603 -0.77499 0.0588271
1060000 1.03084 -0.756732 0.0680001
1061000 0.999538 -0.788984 0.0618933
1062000 0.956342 -0.80105 0.0594309
1063000 0.99918 -0.779153 0.065618
1064000 1.02227 -0.806996 0.0579299
1065000 0.97801 -0.88438 0.0568472
1066000 1.00462 -0.865604 0.0596623
1067000 1.0172 -0.797481 0.0651625
1068000 1.01276 -0.874182 0.0660677
1069000 0.985659 -0.807041 0.0598084
1070000 1.00517 -0.737625 0.0629365
1071000 0.979403 -0.764303 0.0634786
1072000 1.02322 -0.768284 0.0675377
1073000 0.980247 -0.761238 0.0617549
1074000 1.03039 -0.858268 0.0628116
1075000 0.995228 -0.940853 0.0612802
1076000 1.02548 -0.929602 0.0627582
1077000 1.01946 -0.908202 0.0579732
1078000 0.996091 -0.961381 0.050517
1079000 1.00778 -0.835048 0.0622995
1080000 0.982768 -0.747748 0.064474
1081000 1.02285 -0.866453 0.0616583
1082000 0.989601 -0.750566 0.0637446
1083000 1.02436 -0.792331 0.0661565
1084000 0.993768 -0.859549 0.0622498
1085000 0.997083 -0.762273 0.0623911
1086000 0.983063 -0.734983 0.0640454
1087000 0.982559 -0.766585 0.0677217
1088000 0.977346 -0.818658 0.0619468
1089000 1.05475 -0.773823 0.0720927
1090000 1.02551 -0.934438 0.0581956
1091000 0.975458 -0.955252 0.0549361
1092000 1.01916 -0.955913 0.0612786
1093000 1.00504 -0.953043 0.0663249
1094000 0.990728 -0.888515 0.0651252
1095000 1.00539 -0.851596 0.0624313
1096000 1.00685 -0.897403 0.0592289
1097000 0.975707 -0.874791 0.0564176
1098000 1.02159 -0.799803 0.0624897
1099000 0.965674 -0.860491 0.0561442
1100000 0.992111 -0.925396 0.0587376
