# Time-averaged data for fix 2
# TimeStep v_Temperature v_PotentialEnergy v_Pressure
1000 1.32543 -0.0695036 0.0127339
2000 1.30817 -0.0806826 0.0126599
3000 1.27041 -0.0806841 0.0120728
4000 1.31794 -0.0751124 0.0127738
5000 1.30714 -0.06763 0.0126115
6000 1.29785 -0.0511381 0.0126661
7000 1.25981 -0.0539345 0.0123077
8000 1.25951 -0.0579313 0.0121972
9000 1.30293 -0.0850799 0.0125066
10000 1.30075 -0.0790084 0.0126292
11000 1.28978 -0.0982395 0.0125638
12000 1.29921 -0.0902444 0.0124592
13000 1.2885 -0.0911099 0.0122668
14000 1.28877 -0.056614 0.0125503
15000 1.31977 -0.0625072 0.012898
16000 1.25854 -0.0716468 0.0121313
17000 1.32373 -0.0678447 0.0128187
18000 1.33565 -0.0701195 0.0127645
19000 1.26576 -0.0767382 0.0121496
20000 1.28516 -0.0664776 0.0124673
21000 1.30932 -0.0560978 0.0127385
22000 1.31722 -0.0549338 0.0128968
23000 1.26133 -0.0798017 0.0123822
24000 1.30233 -0.0607896 0.0127268
25000 1.28342 -0.056392 0.0124331
26000 1.28295 -0.0633091 0.0124378
27000 1.32219 -0.0872718 0.0126622
28000 1.27545 -0.0849138 0.0121688
29000 1.30954 -0.0923735 0.0123853
30000 1.30135 -0.0799624 0.0125112
31000 1.28167 -0.074922 0.0123534
32000 1.28495 -0.0615545 0.0124076
33000 1.31875 -0.0680895 0.0127834
34000 1.2739 -0.0683857 0.0121134
35000 1.32562 -0.0634233 0.0128591
36000 1.29039 -0.0503037 0.0125261
37000 1.33764 -0.0625553 0.0128885
38000 1.29667 -0.0552929 0.0125971
39000 1.27571 -0.0699029 0.0122348
40000 1.30264 -0.0760861 0.0126233
41000 1.33243 -0.0673187 0.0128651
42000 1.28768 -0.057291 0.0124116
43000 1.27204 -0.0512111 0.0124702
44000 1.28477 -0.0577042 0.0124534
45000 1.3326 -0.0585712 0.0130383
46000 1.29172 -0.0532602 0.0125749
47000 1.26286 -0.0596941 0.0123932
48000 1.34365 -0.0631341 0.0130546
49000 1.31735 -0.0548462 0.0130181
50000 1.28023 -0.0820137 0.012352
51000 1.28766 -0.0720614 0.012546
52000 1.28324 -0.0816265 0.0123272
53000 1.27878 -0.0793573 0.0123127
54000 1.30501 -0.073217 0.0127293
55000 1.3309 -0.0856225 0.0127044
56000 1.25155 -0.0838613 0.0119292
57000 1.31947 -0.062176 0.012817
58000 1.30392 -0.0578572 0.0127091
59000 1.28112 -0.0551178 0.0123373
60000 1.31748 -0.0603946 0.0127814
61000 1.34578 -0.0550349 0.0130572
62000 1.29673 -0.0757227 0.0124548
63000 1.3189 -0.0916819 0.0127151
64000 1.27923 -0.087209 0.0122602
65000 1.33238 -0.0930612 0.0127972
66000 1.29407 -0.105146 0.0123708
67000 1.30929 -0.1163 0.0126123
68000 1.30726 -0.110527 0.0126023
69000 1.29593 -0.081164 0.0124915
70000 1.33453 -0.0718969 0.0128687
71000 1.26399 -0.0700065 0.0122352
72000 1.33366 -0.0769338 0.0129696
73000 1.28951 -0.0861666 0.0125679
74000 1.34227 -0.083112 0.0129095
75000 1.27766 -0.0865084 0.012211
76000 1.25215 -0.0802168 0.0121999
77000 1.31981 -0.0695453 0.0127327
78000 1.33911 -0.0737716 0.0130316
79000 1.25399 -0.0758128 0.0121776
80000 1.34005 -0.072855 0.0129623
81000 1.28651 -0.0796416 0.0123975
82000 1.23766 -0.0832991 0.011813
83000 1.35267 -0.0886432 0.0130834
84000 1.27176 -0.0773626 0.0124386
85000 1.26505 -0.0833438 0.0120587
86000 1.29103 -0.0769714 0.0124495
87000 1.27684 -0.078955 0.0123147
88000 1.30815 -0.114658 0.0123637
89000 1.27462 -0.131769 0.0121082
90000 1.32015 -0.0933934 0.0128068
91000 1.33207 -0.0645046 0.0127623
92000 1.2554 -0.0695422 0.0121434
93000 1.33161 -0.0753848 0.0128359
94000 1.23232 -0.0740599 0.0117596
95000 1.33097 -0.0690549 0.0129679
96000 1.35019 -0.0649929 0.0129129
97000 1.2535 -0.0698831 0.0122178
98000 1.32741 -0.058955 0.0129372
99000 1.25666 -0.0707254 0.0120531
100000 1.35088 -0.0640551 0.0130947
101000 1.29957 -0.0672434 0.0125227
102000 1.31316 -0.0875147 0.012609
103000 1.27445 -0.0804989 0.0122209
104000 1.31395 -0.0681745 0.0126386
105000 1.30611 -0.0490678 0.0128021
106000 1.32251 -0.0561218 0.0128477
107000 1.29054 -0.0523929 0.0126159
108000 1.28157 -0.069699 0.0124895
109000 1.3179 -0.066594 0.0127462
110000 1.25034 -0.0605803 0.0121809
111000 1.31659 -0.0593779 0.0128126
112000 1.34015 -0.0611402 0.0129061
113000 1.26046 -0.0675634 0.0121218
114000 1.35723 -0.0639154 0.0131908
115000 1.30103 -0.0733199 0.0126098
116000 1.27327 -0.0741671 0.0122433
117000 1.31341 -0.0705417 0.0127918
118000 1.28399 -0.0734313 0.0123302
119000 1.27285 -0.077156 0.0122335
120000 1.26923 -0.0730416 0.0122499
121000 1.34053 -0.0787348 0.0129913
122000 1.24484 -0.0590016 0.0121596
123000 1.34121 -0.0586817 0.0131417
124000 1.3155 -0.0745558 0.0128017
125000 1.2514 -0.0731948 0.0120205
126000 1.28295 -0.0776443 0.0125827
127000 1.32968 -0.0687495 0.0128149
128000 1.27649 -0.0550426 0.0124883
129000 1.3392 -0.0645601 0.0130566
130000 1.2772 -0.0707796 0.0123984
131000 1.29028 -0.0476683 0.0127147
132000 1.34166 -0.0683792 0.012925
133000 1.26648 -0.0679263 0.0121695
134000 1.34997 -0.0811715 0.0130039
135000 1.32206 -0.0822011 0.0127865
136000 1.33362 -0.0615445 0.0129025
137000 1.29858 -0.0892033 0.0124726
138000 1.25444 -0.0810854 0.0120518
139000 1.27022 -0.065189 0.0122388
140000 1.34366 -0.0697739 0.0130905
141000 1.29791 -0.0995464 0.0124277
142000 1.29625 -0.0882959 0.0125511
143000 1.29557 -0.078387 0.0124023
144000 1.28525 -0.103505 0.01224
145000 1.29525 -0.107534 0.0122152
146000 1.27306 -0.104224 0.0121266
147000 1.32519 -0.0860165 0.0125818
148000 1.26701 -0.0763402 0.0122853
149000 1.34939 -0.0698602 0.0130928
150000 1.29764 -0.0684085 0.012728
151000 1.27069 -0.0534963 0.0124529
152000 1.29484 -0.0558778 0.0125903
153000 1.27408 -0.0590397 0.0124332
154000 1.27426 -0.0635645 0.0125487
155000 1.29502 -0.0614948 0.0124234
156000 1.32162 -0.0755829 0.0127636
157000 1.3316 -0.0642095 0.0128064
158000 1.29212 -0.0617266 0.0126404
159000 1.266 -0.0720155 0.0123223
160000 1.29767 -0.0755241 0.012585
161000 1.32484 -0.0783934 0.0127708
162000 1.30383 -0.0965322 0.0123744
163000 1.30878 -0.0802133 0.0123646
164000 1.2978 -0.0833816 0.0122546
165000 1.29362 -0.0721898 0.0124145
166000 1.25633 -0.0897546 0.0120125
167000 1.31961 -0.0898791 0.0126938
168000 1.28646 -0.088688 0.0124161
169000 1.27168 -0.0800455 0.0120694
170000 1.2831 -0.0612094 0.0124967
171000 1.30992 -0.057856 0.0126092
172000 1.30996 -0.0530869 0.0126678
173000 1.30265 -0.0541093 0.0128501
174000 1.29138 -0.0838617 0.0124312
175000 1.25433 -0.0884644 0.0118922
176000 1.34686 -0.0765919 0.0131132
177000 1.27005 -0.0719975 0.0124234
178000 1.30076 -0.0761194 0.0125806
179000 1.29133 -0.0761341 0.0124275
180000 1.27895 -0.0931989 0.012131
181000 1.32586 -0.0706603 0.0126468
182000 1.30194 -0.0625978 0.0126382
183000 1.27363 -0.0888545 0.0121952
184000 1.31625 -0.0680651 0.0127098
185000 1.29652 -0.0676245 0.012521
186000 1.28823 -0.0608795 0.0126563
187000 1.28311 -0.0818305 0.0123288
188000 1.26331 -0.0733142 0.0122397
189000 1.25146 -0.0566873 0.012127
190000 1.33314 -0.0676833 0.0128341
191000 1.28424 -0.0731763 0.0123417
192000 1.27698 -0.0552896 0.0123312
193000 1.28539 -0.0829552 0.0124439
194000 1.29689 -0.0600117 0.0127499
195000 1.33162 -0.0589182 0.0128344
196000 1.27854 -0.0740292 0.0122364
197000 1.31171 -0.0692234 0.0127696
198000 1.2899 -0.0838695 0.0123934
199000 1.28112 -0.0609461 0.0123509
200000 1.33207 -0.0746329 0.0129663
201000 1.31319 -0.0812521 0.0126058
202000 1.3065 -0.0785053 0.012577
203000 1.27902 -0.0887432 0.0120675
204000 1.34376 -0.0872657 0.0129382
205000 1.3253 -0.091825 0.0127401
206000 1.33023 -0.090491 0.012727
207000 1.27001 -0.104941 0.0121285
208000 1.30131 -0.0786771 0.0123616
209000 1.32348 -0.0995458 0.0126054
210000 1.30368 -0.103673 0.0123726
211000 1.31762 -0.104978 0.012528
212000 1.30342 -0.10436 0.0123897
213000 1.31934 -0.0834594 0.0127769
214000 1.31521 -0.0979234 0.0127138
215000 1.31013 -0.0906519 0.0125468
216000 1.32073 -0.0942725 0.0126675
217000 1.30153 -0.112394 0.0122627
218000 1.27225 -0.0989332 0.0123491
219000 1.29291 -0.0958482 0.0123121
220000 1.30466 -0.1166 0.0124862
221000 1.30561 -0.0909883 0.0126316
222000 1.29706 -0.0808913 0.0124942
223000 1.29573 -0.0760277 0.0124392
224000 1.29137 -0.0699624 0.0125586
225000 1.27764 -0.0692374 0.0123135
226000 1.32059 -0.0617019 0.0127305
227000 1.28397 -0.066454 0.0123492
228000 1.26318 -0.0722621 0.0120949
229000 1.24852 -0.0801672 0.0119528
230000 1.32431 -0.089163 0.0128267
231000 1.27945 -0.108579 0.0122408
232000 1.30248 -0.105092 0.0124922
233000 1.30784 -0.0824013 0.0126039
234000 1.32548 -0.0936888 0.0126433
235000 1.27111 -0.106794 0.0120227
236000 1.29991 -0.092499 0.0123768
237000 1.31941 -0.0884001 0.012654
238000 1.32217 -0.091039 0.0127488
239000 1.28773 -0.0721979 0.0124169
240000 1.29445 -0.0684395 0.012412
241000 1.2812 -0.0639819 0.012253
242000 1.31261 -0.068148 0.0128513
243000 1.33212 -0.0781443 0.0128724
244000 1.27863 -0.0652245 0.0124284
245000 1.30285 -0.0707122 0.0124744
246000 1.33813 -0.0812847 0.0129181
247000 1.26942 -0.0825815 0.0123222
248000 1.32184 -0.0713269 0.0128245
249000 1.27426 -0.0538904 0.0122529
250000 1.27585 -0.0726474 0.0120378
251000 1.31043 -0.0897827 0.0126274
252000 1.2886 -0.0795455 0.0123355
253000 1.27618 -0.0577985 0.0124532
254000 1.32199 -0.0743907 0.0128057
255000 1.2888 -0.0842922 0.0123641
256000 1.28335 -0.0660636 0.0123764
257000 1.31535 -0.0789222 0.0126229
258000 1.30379 -0.0884471 0.0126745
259000 1.3077 -0.0806508 0.012745
260000 1.31202 -0.0991078 0.0126268
261000 1.25512 -0.0907333 0.0119483
262000 1.30133 -0.101531 0.0125009
263000 1.27768 -0.0982392 0.0122691
264000 1.31098 -0.111506 0.0126116
265000 1.28303 -0.139797 0.0119628
266000 1.30069 -0.137584 0.0122266
267000 1.30446 -0.125125 0.0122017
268000 1.25517 -0.0985346 0.0119107
269000 1.2642 -0.100797 0.0120051
270000 1.33308 -0.0838999 0.0129749
271000 1.29218 -0.0758182 0.0124657
272000 1.31552 -0.0727801 0.0130222
273000 1.3326 -0.0688916 0.012931
274000 1.2942 -0.0726917 0.0124179
275000 1.30559 -0.0788944 0.012614
276000 1.32006 -0.0758181 0.0128741
277000 1.2715 -0.0800077 0.0121844
278000 1.29433 -0.10777 0.0123008
279000 1.33985 -0.0896068 0.0126867
280000 1.30803 -0.0653604 0.0125183
281000 1.28633 -0.051629 0.0124944
282000 1.28853 -0.0609896 0.0126785
283000 1.28391 -0.0687018 0.0124164
284000 1.27484 -0.069446 0.0123374
285000 1.33537 -0.0640859 0.0128093
286000 1.32878 -0.0759908 0.0128698
287000 1.25374 -0.0733044 0.0120234
288000 1.32944 -0.0568485 0.0129227
289000 1.2914 -0.0644469 0.0125013
290000 1.34173 -0.0644087 0.0129336
291000 1.28298 -0.0717841 0.012548
292000 1.31017 -0.0762586 0.0126104
293000 1.33728 -0.0880667 0.0128208
294000 1.26682 -0.0752558 0.0124039
295000 1.26164 -0.0603908 0.0122958
296000 1.26575 -0.0548643 0.0123462
297000 1.32597 -0.0679391 0.0127887
298000 1.31536 -0.0661886 0.0126446
299000 1.28475 -0.0637197 0.0124143
300000 1.30956 -0.0632549 0.012622
301000 1.31475 -0.0602504 0.0126407
302000 1.31372 -0.0729913 0.0124975
303000 1.3064 -0.0799047 0.0124646
304000 1.25046 -0.0901962 0.0119274
305000 1.32429 -0.0707275 0.0126431
306000 1.30395 -0.0825418 0.0122737
307000 1.27466 -0.0836494 0.0122133
308000 1.27851 -0.0985649 0.0125649
309000 1.3305 -0.105524 0.0127821
310000 1.29589 -0.078941 0.0126074
311000 1.26646 -0.0944405 0.0123051
312000 1.2898 -0.0858997 0.0125497
313000 1.30959 -0.100201 0.0124628
314000 1.29707 -0.108655 0.0121367
315000 1.29909 -0.0928686 0.0124713
316000 1.28882 -0.0672101 0.0125835
317000 1.3111 -0.0792364 0.0127737
318000 1.28453 -0.0830728 0.0125338
319000 1.30306 -0.0524863 0.0127395
320000 1.26963 -0.0626056 0.0124144
321000 1.27162 -0.0783104 0.0123159
322000 1.3188 -0.0727159 0.0127383
323000 1.29316 -0.0786305 0.0123563
324000 1.33228 -0.0876118 0.0127045
325000 1.31096 -0.0927327 0.0125034
326000 1.25341 -0.0891095 0.012161
327000 1.2871 -0.0725894 0.0124427
328000 1.2643 -0.0660418 0.0122054
329000 1.30354 -0.0938998 0.0125201
330000 1.30955 -0.0686645 0.0125905
331000 1.31839 -0.0662447 0.0129754
332000 1.29186 -0.0567036 0.0126944
333000 1.2887 -0.0639722 0.0126023
334000 1.29615 -0.0625428 0.0124694
335000 1.30427 -0.05988 0.0126111
336000 1.28026 -0.0602749 0.0124055
337000 1.2785 -0.0557886 0.0124536
338000 1.31154 -0.0514208 0.0127084
339000 1.3101 -0.0467191 0.0128204
340000 1.27727 -0.055522 0.0123962
341000 1.32741 -0.0598955 0.0128948
342000 1.35999 -0.0531673 0.0132634
343000 1.25448 -0.0494687 0.0121351
344000 1.28972 -0.0520972 0.0125134
345000 1.35557 -0.0686525 0.0131145
346000 1.31088 -0.0853972 0.0127782
347000 1.29248 -0.0880776 0.0125269
348000 1.32725 -0.0639743 0.0128501
349000 1.32698 -0.0671748 0.0129053
350000 1.30048 -0.073986 0.0124919
351000 1.29305 -0.0604749 0.0124024
352000 1.28067 -0.0688263 0.012379
353000 1.32389 -0.0840127 0.0126639
354000 1.26623 -0.0730836 0.0122161
355000 1.32544 -0.0871727 0.0126724
356000 1.27768 -0.0857474 0.0123884
357000 1.30927 -0.0772967 0.0126606
358000 1.31882 -0.0822037 0.0127438
359000 1.28944 -0.0751899 0.012526
360000 1.29604 -0.0649886 0.0125551
361000 1.30503 -0.057988 0.0127324
362000 1.3154 -0.0621357 0.0127593
363000 1.31614 -0.0589545 0.012688
364000 1.30778 -0.0674812 0.0126844
365000 1.27402 -0.0722107 0.012363
366000 1.26765 -0.0588462 0.0122853
367000 1.3202 -0.0580622 0.0128775
368000 1.33518 -0.0631793 0.0131303
369000 1.25119 -0.068359 0.012008
370000 1.34804 -0.073149 0.0131173
371000 1.29027 -0.0748762 0.012525
372000 1.32193 -0.0695056 0.0129378
373000 1.33277 -0.0682627 0.0129112
374000 1.30078 -0.0819225 0.0126291
375000 1.29794 -0.0901274 0.0123573
376000 1.28839 -0.094581 0.012384
377000 1.30899 -0.0844435 0.012648
378000 1.33892 -0.0917919 0.0128422
379000 1.32152 -0.0913051 0.0126959
380000 1.32281 -0.0608905 0.0128462
381000 1.26221 -0.0810075 0.012136
382000 1.34343 -0.0731107 0.0130502
383000 1.31924 -0.0730066 0.012949
384000 1.3081 -0.0657172 0.0126052
385000 1.31501 -0.0701244 0.0127961
386000 1.35562 -0.0627876 0.0132565
387000 1.32154 -0.0453942 0.0128381
388000 1.30791 -0.062521 0.0126404
389000 1.30742 -0.0671478 0.0126973
390000 1.34429 -0.0856796 0.0127001
391000 1.28311 -0.082222 0.0123656
392000 1.30063 -0.0892932 0.012544
393000 1.30076 -0.0904913 0.0125086
394000 1.3041 -0.0599041 0.0125279
395000 1.33202 -0.0650548 0.0129049
396000 1.30376 -0.0729291 0.0126115
397000 1.30765 -0.0541521 0.0127664
398000 1.27861 -0.0407697 0.0125383
399000 1.31738 -0.05083 0.0127394
400000 1.25805 -0.051712 0.0123806
401000 1.329 -0.0702128 0.0129059
402000 1.27262 -0.0589521 0.0124415
403000 1.30398 -0.0538593 0.0126545
404000 1.31527 -0.0584688 0.012777
405000 1.26521 -0.0764535 0.0120687
406000 1.28972 -0.0603227 0.0125872
407000 1.28609 -0.0690553 0.0124758
408000 1.33454 -0.0608944 0.01283
409000 1.28459 -0.0752079 0.0122872
410000 1.30433 -0.0718272 0.0126402
411000 1.33059 -0.0672569 0.0128723
412000 1.31734 -0.0562397 0.012714
413000 1.26196 -0.0652204 0.0121477
414000 1.29461 -0.0655106 0.0127653
415000 1.3217 -0.0574426 0.0129097
416000 1.29408 -0.065515 0.012521
417000 1.30257 -0.0817171 0.0126219
418000 1.28785 -0.0719966 0.0124158
419000 1.3124 -0.0599545 0.0127477
420000 1.27822 -0.0736593 0.012146
421000 1.31755 -0.0779876 0.0126763
422000 1.2616 -0.0785129 0.0122035
423000 1.25804 -0.0743288 0.0120757
424000 1.28555 -0.0664513 0.012345
425000 1.2954 -0.0618742 0.0124549
426000 1.28218 -0.0623634 0.0124704
427000 1.25543 -0.0699388 0.0121805
428000 1.33708 -0.0705267 0.0128177
429000 1.29474 -0.0598131 0.0127768
430000 1.26829 -0.0509975 0.0123067
431000 1.29402 -0.0669418 0.0124616
432000 1.34965 -0.080837 0.0130474
433000 1.25745 -0.0753448 0.0122816
434000 1.32291 -0.0867447 0.0126454
435000 1.28816 -0.0890122 0.0122672
436000 1.28084 -0.0761735 0.0124227
437000 1.33056 -0.0777412 0.0130756
438000 1.29336 -0.104383 0.0123793
439000 1.31374 -0.0975819 0.0126421
440000 1.32626 -0.0908234 0.0128078
441000 1.24916 -0.0846175 0.0120275
442000 1.32312 -0.0786169 0.0127213
443000 1.2718 -0.0712891 0.0121345
444000 1.26338 -0.078488 0.0120365
445000 1.30549 -0.0704492 0.0126764
446000 1.31584 -0.0750311 0.0127845
447000 1.27842 -0.0710932 0.0122861
448000 1.31539 -0.0746131 0.0126957
449000 1.30276 -0.0935271 0.0126236
450000 1.31692 -0.0889003 0.0126764
451000 1.29041 -0.0963193 0.0122663
452000 1.30767 -0.0808931 0.0126181
453000 1.3173 -0.100708 0.0125693
454000 1.30625 -0.0723523 0.0127814
455000 1.29906 -0.0731981 0.0124735
456000 1.30505 -0.080453 0.0128161
457000 1.31204 -0.0800172 0.0126018
458000 1.28805 -0.0826049 0.0124718
459000 1.30406 -0.0685514 0.0124825
460000 1.33341 -0.0534615 0.0129229
461000 1.26694 -0.0665933 0.0123605
462000 1.32564 -0.0734536 0.0129973
463000 1.25216 -0.0826264 0.0120984
464000 1.32152 -0.074062 0.0126811
465000 1.28788 -0.0875953 0.0122117
466000 1.28772 -0.0875725 0.0124078
467000 1.32665 -0.0789819 0.0128973
468000 1.29194 -0.0640759 0.0125249
469000 1.29389 -0.0738412 0.0124963
470000 1.30202 -0.0729749 0.0125656
471000 1.31534 -0.0795806 0.0125404
472000 1.26858 -0.0794632 0.0121921
473000 1.3165 -0.0972308 0.0125401
474000 1.29251 -0.086917 0.0124174
475000 1.26466 -0.0948924 0.0120852
476000 1.33264 -0.0739829 0.0128835
477000 1.24948 -0.0861341 0.0120535
478000 1.34729 -0.0578398 0.013224
479000 1.28641 -0.0735887 0.012476
480000 1.33185 -0.0819738 0.0127483
481000 1.3076 -0.0825197 0.0124962
482000 1.26817 -0.0802422 0.0122604
483000 1.28102 -0.0761341 0.0125167
484000 1.27652 -0.089179 0.0123512
485000 1.30782 -0.103833 0.0126953
486000 1.31258 -0.0960591 0.0126547
487000 1.30247 -0.0947472 0.0122394
488000 1.30901 -0.0801708 0.0125101
489000 1.31153 -0.0691564 0.0126478
490000 1.30514 -0.0551729 0.0127342
491000 1.3403 -0.0542503 0.0132144
492000 1.28451 -0.0754901 0.0124847
493000 1.29221 -0.0849185 0.0124475
494000 1.33252 -0.0636827 0.0128591
495000 1.28572 -0.0613284 0.0124933
496000 1.27359 -0.0726035 0.0123361
497000 1.32265 -0.075188 0.0126696
498000 1.30417 -0.0673159 0.0126045
499000 1.31015 -0.0415889 0.0130202
500000 1.254 -0.0712361 0.0121485
501000 1.30734 -0.0861043 0.0125441
502000 1.26882 -0.0771271 0.0120932
503000 1.26976 -0.0764187 0.0122854
504000 1.32421 -0.0746572 0.0126853
505000 1.30783 -0.0666291 0.0127028
506000 1.26903 -0.0647109 0.0122536
507000 1.33378 -0.0759061 0.012981
508000 1.2843 -0.0843696 0.012494
509000 1.27598 -0.0928352 0.012356
510000 1.32961 -0.0730531 0.0128408
511000 1.28398 -0.0726273 0.0124626
512000 1.28509 -0.0895804 0.0123403
513000 1.32708 -0.0820432 0.0127898
514000 1.26085 -0.0762708 0.0120253
515000 1.28253 -0.0953032 0.0122973
516000 1.2708 -0.0940532 0.0120706
517000 1.28735 -0.069734 0.0124446
518000 1.30676 -0.0630877 0.0127116
519000 1.25061 -0.0692066 0.0121728
520000 1.31348 -0.0774005 0.0127182
521000 1.29563 -0.0789646 0.0124692
522000 1.30026 -0.0725855 0.0124744
523000 1.31525 -0.104236 0.0125584
524000 1.3311 -0.104505 0.0126694
525000 1.25639 -0.0960122 0.011969
526000 1.2888 -0.0972337 0.0122703
527000 1.32679 -0.0644263 0.0128397
528000 1.29711 -0.0572103 0.0127776
529000 1.29563 -0.0640128 0.0123855
530000 1.33179 -0.0545719 0.0129833
531000 1.31206 -0.0455027 0.0128748
532000 1.29447 -0.0613923 0.0126095
533000 1.28077 -0.0759717 0.0122112
534000 1.32561 -0.0838177 0.0127474
535000 1.30489 -0.0986698 0.012433
536000 1.31249 -0.0844092 0.0124633
537000 1.29925 -0.0817121 0.0125126
538000 1.31174 -0.0896761 0.0125382
539000 1.32133 -0.102989 0.0124343
540000 1.30181 -0.0782979 0.0124893
541000 1.3151 -0.0806635 0.0125558
542000 1.33406 -0.0688865 0.0129551
543000 1.28116 -0.0656192 0.0124293
544000 1.30207 -0.0641989 0.0126304
545000 1.32015 -0.0562443 0.0128098
546000 1.31138 -0.0496371 0.0128884
547000 1.33501 -0.0527796 0.0129749
548000 1.33434 -0.065033 0.0130634
549000 1.28164 -0.0512816 0.0125563
550000 1.27687 -0.0585004 0.0124958
551000 1.29395 -0.0682767 0.0124405
552000 1.31867 -0.0629416 0.012893
553000 1.28487 -0.0565425 0.0124272
554000 1.32904 -0.0778414 0.0128229
555000 1.3344 -0.0858748 0.0128263
556000 1.30009 -0.0679933 0.0126121
557000 1.3151 -0.0686734 0.0126645
558000 1.31734 -0.0551686 0.0129525
559000 1.2593 -0.063253 0.0123143
560000 1.28466 -0.0696924 0.0124666
561000 1.34098 -0.0670458 0.0130059
562000 1.2796 -0.0661617 0.0123359
563000 1.33134 -0.0713608 0.0130006
564000 1.27128 -0.0761943 0.0122668
565000 1.30374 -0.0873453 0.0125501
566000 1.29554 -0.0887421 0.0125997
567000 1.31922 -0.0828556 0.0127248
568000 1.30204 -0.087131 0.0124093
569000 1.30319 -0.0894873 0.0123965
570000 1.27567 -0.0678926 0.0125139
571000 1.31383 -0.0792934 0.0127128
572000 1.30558 -0.0663846 0.0125951
573000 1.30207 -0.0844719 0.0124593
574000 1.31514 -0.0979536 0.0125761
575000 1.2578 -0.0934776 0.0122505
576000 1.31181 -0.091438 0.0125816
577000 1.30221 -0.0754792 0.0123607
578000 1.30624 -0.0615354 0.0128714
579000 1.30913 -0.0848833 0.0125335
580000 1.28667 -0.109657 0.0122087
581000 1.32707 -0.101813 0.0126998
582000 1.34171 -0.0817532 0.0129862
583000 1.30826 -0.0732675 0.0127008
584000 1.32891 -0.0755077 0.0128957
585000 1.30502 -0.0799298 0.0125806
586000 1.30844 -0.0839895 0.0125818
587000 1.31662 -0.0710703 0.0127488
588000 1.28192 -0.0851785 0.0121685
589000 1.284 -0.0830286 0.0124392
590000 1.32199 -0.0742624 0.0127507
591000 1.25627 -0.0703745 0.0120457
592000 1.34184 -0.0786099 0.0129399
593000 1.28832 -0.0804444 0.0123614
594000 1.29128 -0.0852956 0.0123925
595000 1.31325 -0.0709799 0.0127712
596000 1.30022 -0.0786905 0.0125291
597000 1.28618 -0.0845152 0.0124449
598000 1.27876 -0.0564558 0.0123123
599000 1.34972 -0.0688354 0.0131032
600000 1.29667 -0.0869769 0.0125969
601000 1.26651 -0.0810357 0.0120625
602000 1.33298 -0.0908284 0.0126457
603000 1.3113 -0.0723255 0.0127148
604000 1.26222 -0.065431 0.0121866
605000 1.24652 -0.0532297 0.0120832
606000 1.31479 -0.0667768 0.0127301
607000 1.29778 -0.062536 0.0127935
608000 1.29524 -0.0519703 0.012687
609000 1.31199 -0.0578884 0.0127096
610000 1.32314 -0.0506951 0.0128423
611000 1.27953 -0.0509336 0.0123691
612000 1.3033 -0.0764587 0.0125058
613000 1.30687 -0.0731502 0.0125331
614000 1.28308 -0.0699633 0.0123624
615000 1.30583 -0.0834257 0.012529
616000 1.3234 -0.0991954 0.0127756
617000 1.28577 -0.088261 0.0123892
618000 1.27499 -0.0735798 0.0124819
619000 1.26185 -0.0584315 0.012145
620000 1.33835 -0.0646662 0.0130494
621000 1.27459 -0.0825555 0.0123075
622000 1.30777 -0.067595 0.012567
623000 1.31383 -0.069485 0.0127877
624000 1.29763 -0.0718776 0.012416
625000 1.29404 -0.0738694 0.0125875
626000 1.30271 -0.0664007 0.0124982
627000 1.32693 -0.0841723 0.0127429
628000 1.3097 -0.067269 0.0126127
629000 1.2893 -0.0474165 0.0127788
630000 1.27224 -0.0732116 0.0123049
631000 1.32006 -0.0757691 0.0128717
632000 1.30844 -0.0732907 0.0125699
633000 1.29495 -0.0697666 0.0126053
634000 1.26543 -0.0760774 0.0121892
635000 1.32896 -0.068764 0.0127597
636000 1.31433 -0.0751392 0.0128424
637000 1.29099 -0.0861798 0.0124795
638000 1.28975 -0.0919311 0.0122142
639000 1.35253 -0.0855826 0.0129607
640000 1.26112 -0.0824195 0.0121169
641000 1.26304 -0.0831469 0.0123232
642000 1.3407 -0.075412 0.0127861
643000 1.2961 -0.101859 0.012452
644000 1.2922 -0.0946545 0.0122411
645000 1.28189 -0.0771038 0.012288
646000 1.3137 -0.0781959 0.0128185
647000 1.32226 -0.0820979 0.0125566
648000 1.26317 -0.0665055 0.0122899
649000 1.30069 -0.0621463 0.0126764
650000 1.31987 -0.0665008 0.012718
651000 1.32569 -0.064698 0.0129923
652000 1.30979 -0.0603862 0.012703
653000 1.30204 -0.0459769 0.0126082
654000 1.3124 -0.0635801 0.0126336
655000 1.35914 -0.0750406 0.0132284
656000 1.25636 -0.0700406 0.012284
657000 1.33864 -0.0783091 0.0128848
658000 1.25373 -0.0862848 0.0118944
659000 1.31109 -0.0777539 0.0127196
660000 1.26888 -0.0661263 0.012287
661000 1.35067 -0.0711618 0.0130534
662000 1.25019 -0.0756282 0.0119731
663000 1.31809 -0.0671041 0.0126257
664000 1.25344 -0.0760701 0.0121921
665000 1.35392 -0.072444 0.012973
666000 1.25737 -0.0917931 0.0118978
667000 1.30809 -0.0932087 0.0125367
668000 1.34884 -0.0693221 0.013065
669000 1.32249 -0.0795782 0.0127638
670000 1.30495 -0.0635559 0.0126445
671000 1.31057 -0.0738769 0.0126829
672000 1.31881 -0.0916923 0.0127385
673000 1.29477 -0.0836566 0.0125414
674000 1.27346 -0.0707514 0.0123742
675000 1.33097 -0.0722325 0.0130475
676000 1.30267 -0.0573385 0.0125441
677000 1.32127 -0.0577626 0.0126768
678000 1.28388 -0.0579596 0.0123988
679000 1.29888 -0.0472145 0.0127001
680000 1.33375 -0.0764629 0.012835
681000 1.28157 -0.068061 0.0123273
682000 1.29082 -0.0755411 0.0124408
683000 1.29821 -0.0841239 0.0123947
684000 1.30472 -0.0676513 0.0127776
685000 1.26851 -0.074048 0.0121773
686000 1.33948 -0.063065 0.0129791
687000 1.3141 -0.0678395 0.012677
688000 1.26575 -0.0695658 0.0122692
689000 1.30275 -0.0613598 0.012704
690000 1.32448 -0.0651882 0.0129496
691000 1.31347 -0.0634481 0.0126905
692000 1.2655 -0.0546331 0.012351
693000 1.31926 -0.0824152 0.0127152
694000 1.35432 -0.0887937 0.0130347
695000 1.26998 -0.0914126 0.0122513
696000 1.2887 -0.0942772 0.012295
697000 1.2788 -0.0808323 0.0123814
698000 1.27946 -0.0690383 0.012327
699000 1.24532 -0.0746391 0.0120688
700000 1.27058 -0.0681332 0.0125136
701000 1.28881 -0.0740527 0.0123705
702000 1.28198 -0.0687264 0.0123216
703000 1.28662 -0.0699954 0.0122814
704000 1.31592 -0.0772452 0.0127572
705000 1.31196 -0.0487628 0.0128393
706000 1.32233 -0.0661373 0.0128409
707000 1.31445 -0.0644632 0.0127018
708000 1.31429 -0.0472238 0.0127558
709000 1.32827 -0.0515282 0.0129753
710000 1.27028 -0.0758436 0.0121952
711000 1.29128 -0.0664353 0.0124231
712000 1.29867 -0.0773239 0.0122232
713000 1.34135 -0.05377 0.0131077
714000 1.27056 -0.0497999 0.0124506
715000 1.28759 -0.0749314 0.0123487
716000 1.2693 -0.0841633 0.0119989
717000 1.32046 -0.0697601 0.012888
718000 1.27695 -0.0718869 0.012467
719000 1.30174 -0.0745902 0.0124016
720000 1.30768 -0.0672377 0.0127316
721000 1.27455 -0.0700951 0.0123716
722000 1.34299 -0.074487 0.0129365
723000 1.23606 -0.0741563 0.0119179
724000 1.32403 -0.0574624 0.012824
725000 1.28495 -0.05805 0.0124389
726000 1.29887 -0.0776885 0.0125315
727000 1.33184 -0.0563764 0.0130633
728000 1.28975 -0.0595827 0.0123381
729000 1.28313 -0.0620986 0.012512
730000 1.32066 -0.069924 0.0129243
731000 1.27704 -0.0797849 0.0123599
732000 1.28606 -0.0769955 0.0125265
733000 1.30816 -0.0799839 0.0126264
734000 1.28412 -0.0687598 0.0123557
735000 1.31159 -0.06506 0.0127296
736000 1.30668 -0.0640403 0.0127845
737000 1.31815 -0.0661599 0.0127191
738000 1.31147 -0.0621704 0.0127625
739000 1.28062 -0.0715509 0.0123469
740000 1.29561 -0.0500842 0.0125833
741000 1.30047 -0.0676651 0.0124816
742000 1.2975 -0.0638487 0.0124596
743000 1.29479 -0.0935467 0.0123631
744000 1.31481 -0.0808744 0.0127205
745000 1.30426 -0.106656 0.0125182
746000 1.26104 -0.0888439 0.0120479
747000 1.3052 -0.0738528 0.0125539
748000 1.28566 -0.0630926 0.0124561
749000 1.28954 -0.0668854 0.0124622
750000 1.35563 -0.0767438 0.0131483
751000 1.30468 -0.0649207 0.0125258
752000 1.26398 -0.0826157 0.0122394
753000 1.24981 -0.065509 0.0120523
754000 1.29669 -0.0555759 0.0126986
755000 1.30487 -0.0417236 0.0126308
756000 1.30909 -0.0535183 0.0127354
757000 1.28709 -0.0492984 0.0125574
758000 1.26242 -0.0667626 0.0121453
759000 1.30727 -0.0657456 0.0127335
760000 1.32691 -0.0510423 0.0129163
761000 1.30892 -0.0485216 0.0127251
762000 1.27497 -0.0578522 0.0123877
763000 1.29383 -0.0725361 0.0122518
764000 1.29363 -0.0790338 0.01231
765000 1.2907 -0.0720558 0.012384
766000 1.29279 -0.077844 0.012706
767000 1.30361 -0.0659949 0.0127752
768000 1.32915 -0.0838743 0.0128611
769000 1.2514 -0.0941415 0.0119022
770000 1.31307 -0.068788 0.0126973
771000 1.2911 -0.0699516 0.0124759
772000 1.27721 -0.0634885 0.0124391
773000 1.32774 -0.0797143 0.0127679
774000 1.31126 -0.080439 0.0127959
775000 1.2924 -0.0811501 0.0123561
776000 1.32668 -0.0861966 0.0126753
777000 1.34145 -0.0815716 0.0129977
778000 1.2394 -0.104727 0.0117526
779000 1.30326 -0.0851784 0.0125891
780000 1.28944 -0.104725 0.0121387
781000 1.31043 -0.10274 0.0125681
782000 1.29824 -0.114186 0.0123671
783000 1.27434 -0.0957663 0.0124256
784000 1.31927 -0.0782567 0.012805
785000 1.25159 -0.0774407 0.0120094
786000 1.30832 -0.0543437 0.0126486
787000 1.33787 -0.0675828 0.0128663
788000 1.29818 -0.0573167 0.0127802
789000 1.30807 -0.0713629 0.0125098
790000 1.33445 -0.0622128 0.0130065
791000 1.31215 -0.0664104 0.0126721
792000 1.28479 -0.0477794 0.012489
793000 1.34655 -0.0497824 0.013159
794000 1.26006 -0.0672844 0.0122644
795000 1.27221 -0.0756112 0.0122192
796000 1.28022 -0.0827721 0.0123482
797000 1.31353 -0.0874512 0.01266
798000 1.34087 -0.0817125 0.0128205
799000 1.25529 -0.073498 0.0122894
800000 1.27779 -0.0714042 0.0123304
801000 1.34849 -0.0784731 0.0129416
802000 1.31122 -0.0779251 0.0125792
803000 1.32871 -0.0789065 0.012826
804000 1.33376 -0.0935551 0.0128239
805000 1.25709 -0.0826474 0.0120198
806000 1.27005 -0.097014 0.0123412
807000 1.29267 -0.0675468 0.0125843
808000 1.27716 -0.0556516 0.012534
809000 1.30095 -0.0577389 0.0124959
810000 1.3105 -0.0702105 0.0126653
811000 1.3076 -0.0691755 0.0127922
812000 1.28254 -0.0552151 0.0123663
813000 1.2765 -0.0737029 0.0122774
814000 1.28965 -0.072519 0.0122858
815000 1.25863 -0.0742474 0.0119832
816000 1.30581 -0.0661302 0.0127345
817000 1.36646 -0.067157 0.013302
818000 1.27791 -0.0598112 0.0123334
819000 1.25832 -0.0868328 0.0119728
820000 1.3159 -0.0641915 0.0127738
821000 1.32118 -0.0665895 0.0129912
822000 1.29713 -0.0583881 0.0126184
823000 1.32343 -0.0632013 0.0127497
824000 1.29402 -0.0889565 0.0123266
825000 1.29374 -0.0672854 0.0124571
826000 1.30176 -0.0924348 0.0125391
827000 1.30693 -0.0855577 0.0125013
828000 1.25971 -0.103286 0.0121194
829000 1.30067 -0.0870121 0.0124376
830000 1.3234 -0.0803522 0.0128374
831000 1.26674 -0.0625467 0.0121968
832000 1.30114 -0.0588741 0.0127346
833000 1.31924 -0.0521443 0.0129457
834000 1.3126 -0.0735377 0.0127695
835000 1.3044 -0.0698728 0.0126133
836000 1.29661 -0.068393 0.0123378
837000 1.31059 -0.0641102 0.0128043
838000 1.30868 -0.0784619 0.012684
839000 1.3034 -0.0929177 0.0125257
840000 1.29231 -0.0929453 0.0122555
841000 1.25368 -0.0871684 0.0120573
842000 1.2705 -0.0795556 0.0124613
843000 1.34355 -0.0768793 0.012988
844000 1.28911 -0.0800194 0.0125769
845000 1.29646 -0.0872193 0.0123443
846000 1.32402 -0.0658418 0.0127579
847000 1.32569 -0.0720787 0.0127238
848000 1.30012 -0.0864239 0.0124864
849000 1.25712 -0.0828648 0.0120316
850000 1.34124 -0.0736928 0.0131024
851000 1.27614 -0.092148 0.0121124
852000 1.27539 -0.0966877 0.0121569
853000 1.3209 -0.0742886 0.0127776
854000 1.24528 -0.059323 0.0120783
855000 1.32466 -0.0540982 0.0129098
856000 1.31057 -0.0566062 0.0127034
857000 1.30034 -0.0681259 0.0125093
858000 1.33306 -0.103877 0.012725
859000 1.30959 -0.099436 0.0125966
860000 1.31898 -0.0668126 0.0129123
861000 1.27085 -0.0717113 0.0120718
862000 1.31595 -0.0698509 0.012756
863000 1.29308 -0.0534077 0.0125416
864000 1.31552 -0.0826757 0.0125446
865000 1.28954 -0.0598338 0.0123916
866000 1.3105 -0.0576638 0.0126898
867000 1.26384 -0.0543864 0.0122299
868000 1.34098 -0.0493719 0.0130434
869000 1.26878 -0.0570851 0.0122758
870000 1.29359 -0.0620742 0.0125947
871000 1.31813 -0.0548813 0.0127802
872000 1.30043 -0.0593498 0.012557
873000 1.2726 -0.0658382 0.012368
874000 1.25046 -0.0582213 0.0122314
875000 1.34979 -0.0695947 0.0130817
876000 1.26535 -0.0582184 0.0122963
877000 1.35199 -0.0734134 0.0132866
878000 1.23668 -0.081389 0.0118716
879000 1.29574 -0.0746045 0.0125111
880000 1.28287 -0.0797469 0.0123483
881000 1.28956 -0.0619626 0.0123871
882000 1.32581 -0.0588341 0.0130388
883000 1.27979 -0.0662861 0.0124565
884000 1.30204 -0.0866998 0.0124397
885000 1.33402 -0.0621982 0.0130766
886000 1.36377 -0.0706181 0.0131943
887000 1.24243 -0.0655049 0.0120642
888000 1.28802 -0.0867782 0.0123149
889000 1.31021 -0.0960051 0.0124897
890000 1.30225 -0.0718171 0.0126864
891000 1.32543 -0.0788148 0.0128552
892000 1.26288 -0.0759906 0.0122427
893000 1.32369 -0.0944097 0.0125253
894000 1.30204 -0.0904721 0.0126207
895000 1.2614 -0.0594968 0.0121395
896000 1.34107 -0.052758 0.0131572
897000 1.30578 -0.0771674 0.0126567
898000 1.27895 -0.069958 0.0123926
899000 1.32874 -0.0794878 0.012873
900000 1.28634 -0.0823513 0.012471
901000 1.31735 -0.0672842 0.0127062
902000 1.30369 -0.0625816 0.0126644
903000 1.2677 -0.074118 0.0123111
904000 1.29518 -0.0749746 0.0125595
905000 1.28861 -0.0924229 0.0124194
906000 1.28102 -0.0943444 0.0122924
907000 1.31228 -0.104324 0.0124583
908000 1.28454 -0.0867825 0.0125002
909000 1.27919 -0.0959263 0.0122917
910000 1.31036 -0.0900221 0.0126489
911000 1.31746 -0.0854682 0.0125307
912000 1.26775 -0.0600214 0.0121626
913000 1.29747 -0.0579372 0.0126005
914000 1.31419 -0.069642 0.0127846
915000 1.2857 -0.078218 0.0123685
916000 1.2828 -0.0749699 0.0124086
917000 1.30441 -0.0598233 0.0126304
918000 1.29895 -0.0814591 0.0126499
919000 1.30586 -0.0758051 0.0125319
920000 1.28404 -0.0755927 0.0123156
921000 1.32382 -0.0719324 0.0128494
922000 1.29345 -0.0855243 0.0123692
923000 1.30183 -0.0970141 0.0124429
924000 1.26163 -0.0838365 0.0121298
925000 1.31196 -0.0790282 0.0127306
926000 1.32884 -0.0930884 0.0128036
927000 1.28219 -0.0778627 0.0123133
928000 1.30415 -0.0746342 0.012675
929000 1.28378 -0.0658521 0.0122249
930000 1.31484 -0.0807037 0.0126106
931000 1.30288 -0.0707729 0.0125788
932000 1.2975 -0.0674452 0.012517
933000 1.29261 -0.0742897 0.0125804
934000 1.26549 -0.0733345 0.0121538
935000 1.26929 -0.0736771 0.0122147
936000 1.29895 -0.060097 0.0126225
937000 1.30417 -0.0443576 0.0126136
938000 1.26404 -0.0599512 0.0122433
939000 1.3093 -0.0687896 0.0127477
940000 1.30688 -0.0625613 0.0128401
941000 1.29996 -0.0595765 0.012713
942000 1.29978 -0.0520167 0.0126298
943000 1.28386 -0.0544248 0.0125
944000 1.31791 -0.0527817 0.012876
945000 1.29785 -0.0657032 0.0125636
946000 1.29117 -0.0641875 0.0125744
947000 1.33008 -0.0704253 0.0127484
948000 1.26017 -0.0815199 0.0121492
949000 1.31973 -0.0794018 0.0127274
950000 1.27289 -0.070469 0.012318
951000 1.29121 -0.0814832 0.0123293
952000 1.32778 -0.086928 0.0127054
953000 1.27284 -0.0835023 0.0122459
954000 1.28466 -0.0870213 0.0124492
955000 1.30471 -0.0980257 0.0126672
956000 1.29776 -0.0895146 0.0126271
957000 1.30001 -0.0723261 0.0125622
958000 1.31014 -0.0879864 0.0126436
959000 1.27273 -0.0932077 0.0121789
960000 1.30734 -0.108419 0.0124469
961000 1.32007 -0.0872391 0.0126632
962000 1.32523 -0.080355 0.0128084
963000 1.30975 -0.091231 0.0124541
964000 1.27784 -0.0949454 0.0122511
965000 1.34645 -0.0861758 0.0129077
966000 1.2863 -0.0836929 0.0125533
967000 1.33083 -0.0759697 0.0129592
968000 1.29163 -0.075871 0.0124904
969000 1.2815 -0.0665727 0.0123242
970000 1.32705 -0.0664515 0.0130284
971000 1.30542 -0.0527979 0.0126141
972000 1.3241 -0.0543062 0.0129578
973000 1.25203 -0.0817453 0.0120098
974000 1.31913 -0.074381 0.0128345
975000 1.28775 -0.0754548 0.0124316
976000 1.32346 -0.0585196 0.0128033
977000 1.27022 -0.0563195 0.0122782
978000 1.31313 -0.0712128 0.0127061
979000 1.29321 -0.0700623 0.0124516
980000 1.30266 -0.0537326 0.0125867
981000 1.29948 -0.0481461 0.0127347
982000 1.30195 -0.0727731 0.0127176
983000 1.28053 -0.0583811 0.012375
984000 1.29536 -0.0778116 0.0125267
985000 1.26342 -0.0812214 0.0123508
986000 1.32546 -0.0749374 0.0129489
987000 1.31008 -0.0671619 0.0126259
988000 1.24569 -0.0652416 0.0121859
989000 1.35199 -0.0770711 0.0131314
990000 1.31116 -0.0725605 0.012765
991000 1.26104 -0.0824639 0.0120392
992000 1.2778 -0.07528 0.0123677
993000 1.35102 -0.0588254 0.0131525
994000 1.27084 -0.0677115 0.0123496
995000 1.26265 -0.0731931 0.0122221
996000 1.33079 -0.0602422 0.012895
997000 1.33242 -0.0682359 0.0129265
998000 1.26409 -0.0619144 0.0121567
999000 1.28845 -0.0715645 0.0125754
1000000 1.26853 -0.0713282 0.0123717
1001000 1.28327 -0.0622891 0.0124402
1002000 1.29037 -0.0608186 0.0125871
1003000 1.29507 -0.0601512 0.0126961
1004000 1.25643 -0.0550001 0.0121698
1005000 1.31816 -0.0724833 0.0128308
1006000 1.28169 -0.0687649 0.0124216
1007000 1.27232 -0.0703787 0.0123591
1008000 1.33734 -0.0641896 0.0130328
1009000 1.31664 -0.0564176 0.0127578
1010000 1.26247 -0.066271 0.0122575
1011000 1.34367 -0.0490542 0.0132103
1012000 1.28504 -0.0544222 0.0124061
1013000 1.33913 -0.0663305 0.0129664
1014000 1.26842 -0.0687078 0.0122872
1015000 1.32363 -0.0765668 0.0129284
1016000 1.25959 -0.070567 0.0123191
1017000 1.28191 -0.0751487 0.0123966
1018000 1.28533 -0.0880818 0.0122534
1019000 1.24768 -0.111257 0.0118531
1020000 1.33573 -0.106585 0.0127271
1021000 1.27302 -0.095079 0.0122885
1022000 1.30657 -0.0863464 0.0125819
1023000 1.27581 -0.0869098 0.0122472
1024000 1.30296 -0.0741269 0.0125624
1025000 1.29963 -0.0741928 0.0125734
1026000 1.33622 -0.0713038 0.0129033
1027000 1.23835 -0.07051 0.0118733
1028000 1.33713 -0.0688436 0.0129268
1029000 1.30487 -0.0652925 0.0126293
1030000 1.25697 -0.076031 0.0121043
1031000 1.34039 -0.075411 0.0129265
1032000 1.29984 -0.0612101 0.0126466
1033000 1.26667 -0.0607928 0.0122228
1034000 1.33226 -0.0569706 0.0127503
1035000 1.33457 -0.0787552 0.0126268
1036000 1.30341 -0.0776963 0.012867
1037000 1.26726 -0.0783093 0.0121869
1038000 1.33229 -0.0806559 0.0128128
1039000 1.33372 -0.0699069 0.0129122
1040000 1.30119 -0.0722417 0.0125557
1041000 1.2817 -0.070871 0.0122896
1042000 1.28876 -0.0589766 0.0124718
1043000 1.27933 -0.0523721 0.0124488
1044000 1.30267 -0.0743086 0.012508
1045000 1.31906 -0.0760119 0.0126679
1046000 1.28951 -0.102281 0.0123913
1047000 1.29882 -0.0897424 0.0125449
1048000 1.27245 -0.0776216 0.0123438
1049000 1.30519 -0.0761159 0.0126665
1050000 1.31839 -0.0911289 0.0126608
1051000 1.28403 -0.0989557 0.0122301
1052000 1.2625 -0.0985029 0.0121116
1053000 1.34349 -0.0794487 0.0128786
1054000 1.32398 -0.0725759 0.0129218
1055000 1.254 -0.0822549 0.0122856
1056000 1.33129 -0.0595282 0.0130844
1057000 1.24433 -0.0641863 0.0120387
1058000 1.34087 -0.0692498 0.0129286
1059000 1.28487 -0.0849916 0.0123682
1060000 1.2997 -0.0857616 0.0124283
1061000 1.25532 -0.0718071 0.0123819
1062000 1.31439 -0.0742174 0.0126903
1063000 1.29334 -0.0622947 0.0125921
1064000 1.24385 -0.0751127 0.0119718
1065000 1.30852 -0.0701442 0.0127193
1066000 1.28908 -0.0791882 0.0123941
1067000 1.25849 -0.0464967 0.0122943
1068000 1.27359 -0.0539206 0.0122916
1069000 1.2836 -0.0476505 0.0124141
1070000 1.32776 -0.0597748 0.0129222
1071000 1.287 -0.0702174 0.0123851
1072000 1.2851 -0.0754036 0.0124321
1073000 1.31808 -0.0606889 0.0128385
1074000 1.28562 -0.0754927 0.0121866
1075000 1.31046 -0.0749702 0.0126366
1076000 1.28531 -0.06701 0.0123449
1077000 1.28394 -0.0820105 0.0123866
1078000 1.26507 -0.0643881 0.0124257
1079000 1.30984 -0.0719539 0.0127754
1080000 1.29918 -0.0729052 0.0127228
1081000 1.2611 -0.067857 0.0122852
1082000 1.3307 -0.060947 0.0128142
1083000 1.29379 -0.0662892 0.0124841
1084000 1.34478 -0.0480537 0.013152
1085000 1.31938 -0.0645453 0.0128916
1086000 1.27418 -0.0772382 0.0122625
1087000 1.32051 -0.0610061 0.0127445
1088000 1.28042 -0.0626635 0.0124987
1089000 1.30234 -0.0523344 0.0126875
1090000 1.29095 -0.0570857 0.0125642
1091000 1.33873 -0.0578421 0.0129944
1092000 1.2916 -0.0694596 0.0124063
1093000 1.2958 -0.0790245 0.012562
1094000 1.32553 -0.0701208 0.0128723
1095000 1.26524 -0.0743434 0.0122398
1096000 1.30977 -0.078446 0.0125242
1097000 1.2946 -0.0695596 0.012402
1098000 1.28803 -0.0758311 0.0123368
1099000 1.24209 -0.0804598 0.0120002
1100000 1.30885 -0.0830266 0.0125949
