# Time-averaged data for fix 2
# TimeStep v_Temperature v_PotentialEnergy v_Pressure
1000 1.04362 -0.0800573 0.00987004
2000 1.00799 -0.064038 0.00961121
3000 1.0042 -0.0700241 0.00959686
4000 0.987949 -0.0705718 0.00922048
5000 1.01122 -0.0914096 0.00955364
6000 1.00095 -0.0782797 0.00948718
7000 0.996853 -0.100369 0.009287
8000 0.961924 -0.10209 0.00888748
9000 1.00714 -0.10435 0.00939104
10000 0.994345 -0.099803 0.00933505
11000 1.01796 -0.0841931 0.00972408
12000 1.02225 -0.0887658 0.00960267
13000 0.992993 -0.0987012 0.00926401
14000 0.996194 -0.0686156 0.00958769
15000 0.969443 -0.05553 0.00937591
16000 1.01927 -0.0709479 0.00986938
17000 1.03541 -0.072262 0.00973029
18000 1.01556 -0.0673351 0.00969864
19000 0.9773 -0.0592411 0.00929794
20000 1.00254 -0.0563054 0.00979912
21000 0.992349 -0.0546086 0.0094216
22000 0.991671 -0.0593543 0.00954795
23000 1.01352 -0.0568739 0.00986426
24000 1.01173 -0.0597041 0.00969121
25000 1.00155 -0.0716064 0.0095707
26000 1.00145 -0.0960696 0.00937916
27000 0.98718 -0.0984406 0.0091951
28000 0.977801 -0.0867194 0.00936002
29000 0.993952 -0.0956691 0.00921399
30000 1.0138 -0.0984585 0.00948962
31000 1.03237 -0.0830542 0.00969272
32000 0.983182 -0.0729536 0.0094803
33000 0.996377 -0.066218 0.00958594
34000 1.02276 -0.0785165 0.00978007
35000 1.01664 -0.0739764 0.00977911
36000 1.00746 -0.0888574 0.00973916
37000 0.963892 -0.117619 0.00881832
38000 1.01745 -0.0869698 0.00959494
39000 0.979887 -0.114199 0.00914908
40000 1.03166 -0.0918787 0.00990934
41000 0.989189 -0.0840236 0.00930659
42000 1.02305 -0.102407 0.00946885
43000 1.0393 -0.0742216 0.00994938
44000 0.98997 -0.0997202 0.00920206
45000 1.01983 -0.0970331 0.00975841
46000 0.973526 -0.0976938 0.00904137
47000 1.0172 -0.110754 0.00945951
48000 0.979421 -0.107264 0.00916974
49000 1.00269 -0.111162 0.00939797
50000 1.01203 -0.113549 0.00941267
51000 1.00049 -0.0987111 0.00946701
52000 0.993908 -0.0985863 0.00932805
53000 1.00564 -0.0924118 0.00950567
54000 1.01529 -0.0903073 0.00942938
55000 0.99367 -0.0810757 0.00932149
56000 1.01441 -0.0825579 0.00978858
57000 1.00329 -0.0787684 0.00962521
58000 1.00012 -0.0623072 0.00956393
59000 0.995344 -0.0655534 0.00943828
60000 0.990854 -0.0471009 0.0096367
61000 1.01475 -0.0555193 0.00978303
62000 0.994248 -0.0632291 0.00952482
63000 0.998652 -0.0591223 0.00962812
64000 0.976096 -0.0748294 0.00935513
65000 0.986429 -0.0605463 0.00944622
66000 1.00608 -0.0566613 0.00966453
67000 0.974369 -0.0549272 0.00939945
68000 0.974006 -0.0909405 0.00904331
69000 1.02045 -0.0828507 0.00969613
70000 1.0015 -0.0812881 0.00950219
71000 0.999485 -0.0909469 0.0095431
72000 1.01859 -0.0824949 0.00972005
73000 0.992073 -0.0690548 0.00949687
74000 1.00071 -0.0761597 0.00959063
75000 0.971413 -0.0570901 0.0092828
76000 1.03363 -0.0633885 0.0098048
77000 0.985753 -0.0541171 0.00950128
78000 0.990735 -0.0750785 0.009472
79000 0.978423 -0.0723738 0.00938294
80000 0.993899 -0.0636281 0.00943513
81000 1.00436 -0.0741917 0.00970208
82000 0.991552 -0.0937666 0.00938161
83000 1.01519 -0.0795316 0.00968528
84000 1.01354 -0.0793214 0.00982967
85000 1.00552 -0.0708027 0.00966903
86000 1.00814 -0.0928952 0.00963257
87000 0.972889 -0.111313 0.0091069
88000 0.990452 -0.0931688 0.00937947
89000 1.03181 -0.101494 0.00973754
90000 1.01132 -0.0764477 0.00985672
91000 1.01229 -0.091448 0.00980507
92000 0.992268 -0.115718 0.00922146
93000 1.02931 -0.110761 0.00984423
94000 0.975288 -0.0946851 0.00916799
95000 1.01016 -0.0972405 0.00941475
96000 1.01335 -0.120335 0.00935198
97000 1.00955 -0.117627 0.00948707
98000 0.994445 -0.124417 0.00927086
99000 0.994861 -0.113807 0.00931236
100000 0.996277 -0.0970858 0.00942215
101000 0.998791 -0.087964 0.00950621
102000 1.00379 -0.0926866 0.00944665
103000 1.02674 -0.0718486 0.00979706
104000 0.973277 -0.0842618 0.0091031
105000 1.01582 -0.0712869 0.00962245
106000 0.984039 -0.0549465 0.0095325
107000 0.973287 -0.0562953 0.0094376
108000 1.03233 -0.0605112 0.0099173
109000 0.998249 -0.0568501 0.00958479
110000 0.97413 -0.0659289 0.00934158
111000 1.01863 -0.0693609 0.0098152
112000 0.975464 -0.06001 0.00948592
113000 0.96826 -0.0994353 0.00892661
114000 0.99015 -0.0956731 0.00917327
115000 0.987248 -0.101362 0.00928971
116000 0.991073 -0.0860853 0.00931432
117000 1.01245 -0.08626 0.0095239
118000 0.99774 -0.0685055 0.00961872
119000 1.02043 -0.0916291 0.00969569
120000 1.01197 -0.0804668 0.00969402
121000 1.03675 -0.0705431 0.0100579
122000 0.992538 -0.0669003 0.00951474
123000 1.00284 -0.076897 0.00953425
124000 0.993968 -0.0801965 0.00938434
125000 1.02297 -0.0735462 0.00993239
126000 1.01289 -0.0653693 0.00967964
127000 0.995104 -0.0763916 0.00941679
128000 0.984246 -0.0749548 0.00946478
129000 0.995356 -0.0856175 0.00942589
130000 0.969746 -0.0998777 0.00917504
131000 0.970082 -0.12459 0.00900167
132000 1.00046 -0.0864976 0.00949406
133000 1.00126 -0.0659213 0.00960475
134000 1.0365 -0.0621913 0.00994379
135000 0.979688 -0.0706378 0.00927363
136000 1.00225 -0.0727196 0.00962122
137000 0.979748 -0.0573039 0.00949868
138000 1.02507 -0.060277 0.00978557
139000 1.01322 -0.0787311 0.00958011
140000 1.01122 -0.106214 0.0095317
141000 1.01076 -0.114445 0.0093667
142000 1.01737 -0.107636 0.00951871
143000 0.980604 -0.101828 0.00930004
144000 1.0197 -0.088548 0.00975816
145000 0.979146 -0.0780796 0.00946351
146000 1.03354 -0.0668016 0.00993034
147000 0.984869 -0.0904481 0.00916287
148000 0.985583 -0.0853286 0.00937877
149000 0.993303 -0.0816808 0.00956309
150000 1.00865 -0.0687326 0.0096727
151000 0.986032 -0.0744627 0.00932536
152000 1.0045 -0.0498223 0.00970838
153000 0.975743 -0.0646741 0.00941245
154000 1.03374 -0.084339 0.00988572
155000 1.00929 -0.0828056 0.00967418
156000 0.985691 -0.101649 0.00929875
157000 0.979924 -0.0817074 0.00925042
158000 1.03419 -0.080804 0.00991182
159000 0.995909 -0.088041 0.00944694
160000 0.971507 -0.0914683 0.00912063
161000 0.987667 -0.121009 0.00921097
162000 1.03354 -0.0982435 0.00974781
163000 0.992034 -0.070681 0.0095054
164000 1.02982 -0.0805982 0.00992867
165000 1.0157 -0.0889714 0.00967178
166000 0.970432 -0.0663503 0.00935825
167000 0.995148 -0.0765728 0.0095121
168000 0.971492 -0.0759586 0.00951197
169000 1.01392 -0.0616331 0.0098282
170000 0.998912 -0.0705374 0.00936631
171000 1.01528 -0.0746003 0.00945697
172000 1.00982 -0.0604083 0.00975014
173000 0.984091 -0.0673727 0.00935908
174000 1.01779 -0.0702836 0.00970249
175000 0.995946 -0.0749114 0.00949941
176000 0.999581 -0.0579524 0.00959437
177000 0.988765 -0.0697534 0.00939254
178000 1.03235 -0.0808192 0.00979076
179000 0.993967 -0.0911606 0.00938079
180000 0.972794 -0.0835671 0.00918922
181000 1.01827 -0.0865016 0.00977092
182000 0.98194 -0.0752928 0.00940942
183000 1.0241 -0.0896049 0.00964372
184000 1.01566 -0.0743278 0.00971675
185000 0.999456 -0.0782019 0.00954145
186000 1.03024 -0.0934285 0.00976076
187000 1.01855 -0.10548 0.00962064
188000 1.00443 -0.0850203 0.00947682
189000 0.986756 -0.0737335 0.00933468
190000 1.02929 -0.074962 0.00981237
191000 1.01858 -0.0893685 0.00944695
192000 0.971478 -0.0952502 0.00921803
193000 0.991109 -0.0923612 0.00945035
194000 0.99364 -0.0828441 0.00935126
195000 1.03596 -0.0859805 0.00985164
196000 1.00259 -0.0615483 0.00972922
197000 1.01342 -0.0665386 0.0096965
198000 0.970432 -0.0742874 0.00925704
199000 1.02797 -0.0904497 0.00968072
200000 1.00851 -0.0985353 0.00950751
201000 1.00506 -0.0653571 0.0097481
202000 0.994022 -0.0772421 0.00937866
203000 0.999875 -0.0917394 0.00941531
204000 1.00236 -0.0825559 0.00950729
205000 0.965427 -0.0772802 0.00919324
206000 1.02422 -0.0789949 0.00985595
207000 1.02113 -0.0966562 0.0095817
208000 1.02539 -0.0853041 0.00982765
209000 0.97184 -0.0762619 0.00933127
210000 0.983943 -0.0652812 0.00942363
211000 0.973386 -0.0595665 0.00932549
212000 1.00511 -0.0548604 0.00979795
213000 0.984044 -0.0594667 0.00943054
214000 1.00124 -0.0871154 0.00942582
215000 1.00988 -0.0656287 0.00972363
216000 0.974998 -0.0641278 0.00940554
217000 0.982956 -0.0631936 0.009391
218000 1.00234 -0.0719056 0.00960073
219000 0.976761 -0.0551844 0.00945481
220000 0.978809 -0.0441612 0.00949257
221000 0.976627 -0.0518267 0.00952594
222000 0.992708 -0.0641439 0.00952392
223000 1.01155 -0.078644 0.00965745
224000 1.00149 -0.0915758 0.00950303
225000 1.00219 -0.0796062 0.00955811
226000 1.00111 -0.0979194 0.00936865
227000 1.00937 -0.0908113 0.00947578
228000 0.985222 -0.0811957 0.00929101
229000 0.989017 -0.081685 0.00928767
230000 1.00955 -0.0818813 0.00955614
231000 1.01716 -0.0876157 0.00976008
232000 0.991697 -0.0793065 0.00938314
233000 0.980519 -0.0922557 0.00930817
234000 1.00737 -0.0920713 0.00970503
235000 0.993423 -0.0843821 0.00923742
236000 1.01954 -0.0716496 0.00979431
237000 1.01869 -0.0674108 0.00975701
238000 0.964038 -0.060458 0.00927147
239000 1.01896 -0.0715982 0.00970735
240000 0.988402 -0.0697668 0.00956061
241000 1.02255 -0.0770648 0.0097827
242000 0.99983 -0.0780557 0.00962356
243000 0.978241 -0.0842788 0.00921813
244000 1.01132 -0.0593783 0.00976147
245000 0.969675 -0.0659752 0.00937908
246000 1.01551 -0.0699108 0.0097996
247000 0.966791 -0.0559942 0.00940285
248000 1.02811 -0.0719122 0.00973636
249000 1.0259 -0.0720852 0.00977207
250000 1.01801 -0.0859258 0.00956705
251000 0.996966 -0.0692118 0.00966548
252000 0.981543 -0.0833972 0.00945168
253000 0.987474 -0.0669565 0.00955445
254000 0.984741 -0.0750367 0.00943064
255000 0.993596 -0.0763815 0.00938366
256000 0.972263 -0.0844494 0.00930149
257000 1.01747 -0.0707627 0.00954964
258000 1.004 -0.0870455 0.00958499
259000 0.967277 -0.0909587 0.00913797
260000 1.04268 -0.0819327 0.00996821
261000 0.969777 -0.0691872 0.00931298
262000 1.03411 -0.0556562 0.00991203
263000 0.970026 -0.0679374 0.00942256
264000 0.974342 -0.0640436 0.00930187
265000 1.00032 -0.0620561 0.00955261
266000 1.0129 -0.0605124 0.00968948
267000 1.01776 -0.0859175 0.00972608
268000 1.00799 -0.066518 0.00964526
269000 0.970864 -0.0549234 0.00929044
270000 1.00058 -0.0789733 0.00940533
271000 1.01313 -0.0757588 0.00961855
272000 0.974918 -0.0809093 0.00926635
273000 0.987306 -0.0753491 0.0095468
274000 1.00718 -0.0916521 0.00945609
275000 0.992134 -0.141035 0.00903742
276000 0.978338 -0.135143 0.00896298
277000 1.03458 -0.107629 0.00993784
278000 1.00674 -0.114708 0.00951687
279000 0.989904 -0.101808 0.00948218
280000 1.00652 -0.0994841 0.00946085
281000 0.987894 -0.10015 0.00926262
282000 0.988261 -0.0945266 0.00922725
283000 0.995578 -0.11179 0.00926942
284000 1.00108 -0.107245 0.00943337
285000 1.0066 -0.106957 0.00939249
286000 0.980588 -0.0761075 0.00935477
287000 1.0285 -0.0805304 0.00984982
288000 1.02441 -0.08023 0.009537
289000 0.97191 -0.0981752 0.00898905
290000 0.975447 -0.116105 0.00922714
291000 0.977011 -0.102272 0.00895133
292000 1.03075 -0.0970869 0.00970914
293000 0.990002 -0.0891671 0.00927016
294000 0.981618 -0.098567 0.00891503
295000 0.965632 -0.0958416 0.00911224
296000 0.988334 -0.0822985 0.00941012
297000 0.97546 -0.0919655 0.00918548
298000 0.999538 -0.076356 0.0095406
299000 0.977042 -0.0838129 0.00945578
300000 0.963338 -0.0726839 0.00922797
301000 1.001 -0.0896344 0.00950725
302000 1.01121 -0.0871744 0.00966349
303000 1.00073 -0.106022 0.00940037
304000 1.01058 -0.0857861 0.00953522
305000 1.05637 -0.0765279 0.0100137
306000 0.990581 -0.0645337 0.00953624
307000 0.97339 -0.079522 0.00926535
308000 1.02182 -0.0714754 0.00968739
309000 0.985061 -0.0589505 0.00942271
310000 1.03259 -0.0691435 0.00985023
311000 1.01474 -0.0667279 0.00975835
312000 0.980322 -0.0583413 0.00933023
313000 0.984665 -0.0678794 0.00957426
314000 0.989792 -0.0665955 0.0094961
315000 0.9854 -0.0730499 0.00924973
316000 0.994164 -0.0763574 0.00946247
317000 1.02115 -0.0877039 0.00972847
318000 1.01286 -0.090569 0.00954231
319000 1.02339 -0.0763289 0.00978308
320000 0.960444 -0.0648589 0.00916852
321000 1.02025 -0.0637191 0.00978582
322000 1.01706 -0.0701638 0.00976103
323000 0.958375 -0.0870116 0.00912247
324000 1.03083 -0.102892 0.00961203
325000 0.96814 -0.0808169 0.0092298
326000 1.03874 -0.091918 0.00982159
327000 0.984351 -0.0955501 0.00936176
328000 0.990683 -0.116749 0.00921028
329000 0.996055 -0.10836 0.00943006
330000 1.03461 -0.0887089 0.00968949
331000 0.984351 -0.0864158 0.0093103
332000 1.01536 -0.0838443 0.00982718
333000 0.981081 -0.085956 0.00930501
334000 0.961968 -0.0998168 0.00885911
335000 1.03469 -0.0938092 0.00968536
336000 0.975778 -0.127837 0.00886822
337000 0.991987 -0.126747 0.00921746
338000 1.01868 -0.098091 0.00983473
339000 1.00233 -0.124314 0.0092725
340000 1.00227 -0.113919 0.00944606
341000 1.02403 -0.111439 0.00937858
342000 0.983059 -0.119603 0.00902796
343000 1.01638 -0.0902587 0.00958856
344000 0.980088 -0.103306 0.00925013
345000 0.99015 -0.09146 0.00947403
346000 1.02129 -0.0692227 0.00994001
347000 0.999556 -0.095419 0.00961963
348000 0.98824 -0.104924 0.00939002
349000 0.974529 -0.0860927 0.00928184
350000 0.969534 -0.0753209 0.00923137
351000 1.0095 -0.0928343 0.00963134
352000 1.0286 -0.103777 0.00982711
353000 1.00266 -0.0967746 0.00929339
354000 0.991269 -0.0899656 0.00931911
355000 0.969177 -0.0779493 0.00918443
356000 1.02951 -0.0845991 0.00964299
357000 0.979491 -0.0674871 0.00937319
358000 1.01214 -0.070968 0.00959815
359000 0.982587 -0.0915283 0.00927416
360000 1.00089 -0.091306 0.00944156
361000 1.02583 -0.0828874 0.00979087
362000 1.01902 -0.0808017 0.00967095
363000 0.970062 -0.0790951 0.00933347
364000 1.02747 -0.070021 0.00994431
365000 0.995021 -0.0692375 0.00964065
366000 0.997277 -0.0769117 0.00942473
367000 0.983615 -0.100749 0.00915059
368000 0.978237 -0.108236 0.00910485
369000 1.03423 -0.106154 0.00971099
370000 0.954093 -0.0958055 0.00904279
371000 1.00096 -0.0869785 0.00941506
372000 1.01233 -0.0950273 0.00958413
373000 1.00974 -0.0938695 0.00940994
374000 0.970581 -0.0697554 0.00923779
375000 1.02067 -0.0887378 0.00972075
376000 0.985433 -0.0881518 0.00927946
377000 0.985288 -0.0787236 0.00944501
378000 1.00379 -0.0711593 0.00960392
379000 0.982627 -0.077895 0.00926565
380000 1.00877 -0.094413 0.00948874
381000 1.00618 -0.0874886 0.00955903
382000 0.98842 -0.0853586 0.00933463
383000 0.984094 -0.0661504 0.00939053
384000 1.00982 -0.0732194 0.00962419
385000 0.968334 -0.0608663 0.00935046
386000 1.00986 -0.0464893 0.00974173
387000 1.00895 -0.0502506 0.00968177
388000 0.994295 -0.0448518 0.00952522
389000 1.01397 -0.0728864 0.00961741
390000 1.01125 -0.0592199 0.00968609
391000 1.00329 -0.0636404 0.0094976
392000 0.984839 -0.0358905 0.00955477
393000 1.0525 -0.0667893 0.0102185
394000 1.01068 -0.0814298 0.00956618
395000 0.979279 -0.0930958 0.00907625
396000 1.01685 -0.0795179 0.00972594
397000 1.00922 -0.0746219 0.00966603
398000 1.01518 -0.0716615 0.00960468
399000 0.993657 -0.0619844 0.00957521
400000 0.997658 -0.0662333 0.00941867
401000 0.996351 -0.0469214 0.00980796
402000 0.994001 -0.0763649 0.00943786
403000 1.02795 -0.0881721 0.00967284
404000 0.980678 -0.0648112 0.00932676
405000 1.01679 -0.0673463 0.00967037
406000 0.990595 -0.0528307 0.00943698
407000 1.02147 -0.0688438 0.0096614
408000 0.988325 -0.0665746 0.00950611
409000 0.96347 -0.0589697 0.00915353
410000 1.03527 -0.0785289 0.0097286
411000 1.02607 -0.091365 0.00965786
412000 1.00583 -0.0801492 0.00957774
413000 1.0126 -0.0961067 0.00952751
414000 0.985979 -0.0672674 0.00976182
415000 1.00521 -0.0703946 0.00975635
416000 1.00311 -0.0837823 0.00970066
417000 0.973362 -0.0660294 0.00939983
418000 1.00749 -0.0627167 0.00980829
419000 0.980415 -0.08141 0.00941407
420000 1.0271 -0.0669442 0.00986234
421000 0.998503 -0.0941896 0.00953886
422000 0.990887 -0.0900749 0.00929481
423000 0.988835 -0.0680921 0.00958504
424000 0.981758 -0.0652544 0.00925919
425000 1.03038 -0.0861439 0.00976976
426000 1.02396 -0.0722092 0.00969806
427000 0.988768 -0.0843582 0.00952243
428000 0.993545 -0.105935 0.0094346
429000 0.997937 -0.0783014 0.00940018
430000 1.02425 -0.0999575 0.00959341
431000 0.99598 -0.111592 0.00919091
432000 1.00936 -0.0761594 0.00964803
433000 0.989653 -0.0955609 0.00934743
434000 0.98324 -0.0928105 0.00929072
435000 0.989817 -0.0938044 0.00948454
436000 0.995323 -0.0861013 0.00939461
437000 1.02976 -0.080135 0.00989106
438000 0.988464 -0.0803129 0.00940157
439000 1.00354 -0.0559956 0.00964567
440000 0.983776 -0.0740172 0.0095017
441000 0.996846 -0.0869708 0.00943804
442000 0.991202 -0.0827059 0.00944785
443000 1.03918 -0.0854067 0.00986692
444000 0.983737 -0.100444 0.00938997
445000 0.98254 -0.100355 0.00913414
446000 1.02357 -0.1012 0.00966357
447000 0.997177 -0.0879298 0.00954673
448000 0.988395 -0.0982282 0.00940342
449000 1.04098 -0.062648 0.010067
450000 0.974088 -0.07955 0.00932805
451000 1.00648 -0.0756608 0.00972377
452000 1.00884 -0.0799923 0.00969864
453000 0.962085 -0.100121 0.00911001
454000 0.973956 -0.0978801 0.00915728
455000 0.981092 -0.108308 0.00917495
456000 1.01036 -0.114198 0.00963014
457000 0.98212 -0.107137 0.00926122
458000 1.00837 -0.0837675 0.00974017
459000 0.999567 -0.0913991 0.00941812
460000 1.01427 -0.0955658 0.00964642
461000 1.0151 -0.0648283 0.00974131
462000 0.966969 -0.0888965 0.00919877
463000 0.983567 -0.0725069 0.00938615
464000 0.988555 -0.0822454 0.00929159
465000 1.00585 -0.0775536 0.00962499
466000 1.00916 -0.0742705 0.00948613
467000 1.00802 -0.0818841 0.00947201
468000 1.0056 -0.0927069 0.00941728
469000 1.01493 -0.108581 0.00955113
470000 1.03698 -0.117829 0.00973637
471000 1.00012 -0.0955072 0.00949695
472000 1.01376 -0.0773388 0.00954772
473000 1.02009 -0.069399 0.00978747
474000 1.01429 -0.0633212 0.00984409
475000 0.963027 -0.0860462 0.00907751
476000 1.02226 -0.0884048 0.00978963
477000 1.00107 -0.0727903 0.00947111
478000 0.983589 -0.0705893 0.00945392
479000 1.01845 -0.0650424 0.00976513
480000 0.996567 -0.0900546 0.00950884
481000 1.00686 -0.111943 0.00948099
482000 0.986223 -0.0825496 0.00940629
483000 0.978426 -0.0931841 0.00916126
484000 1.0068 -0.0913326 0.00952385
485000 0.977403 -0.10844 0.00920728
486000 1.00382 -0.0884528 0.00962715
487000 1.00336 -0.0896253 0.00953579
488000 0.992658 -0.107433 0.00923065
489000 0.997999 -0.0880381 0.00960771
490000 1.01961 -0.0906126 0.00952357
491000 0.967956 -0.0911681 0.00910431
492000 0.967983 -0.101827 0.00907296
493000 1.02125 -0.10243 0.00958684
494000 0.978359 -0.0879089 0.00921876
495000 1.0077 -0.0901738 0.0094795
496000 0.976496 -0.0932931 0.00915501
497000 0.99704 -0.0818055 0.00941828
498000 0.968794 -0.0867996 0.00914199
499000 1.02227 -0.0771867 0.00969808
500000 0.9614 -0.0701116 0.00928905
501000 0.991616 -0.0841208 0.00942564
502000 0.987805 -0.092274 0.00923114
503000 1.00133 -0.0873269 0.00967082
504000 0.979327 -0.0783244 0.00940776
505000 1.00327 -0.084389 0.00951403
506000 1.00049 -0.0712215 0.00963748
507000 0.99188 -0.100408 0.00930843
508000 0.991122 -0.0884831 0.00931139
509000 1.01844 -0.104449 0.00962173
510000 0.970653 -0.0846597 0.00920188
511000 1.017 -0.07668 0.00947363
512000 0.970674 -0.110539 0.00917259
513000 1.04576 -0.108259 0.00968763
514000 0.96159 -0.0926791 0.00898168
515000 1.00157 -0.0772752 0.0095602
516000 1.0108 -0.0814371 0.00967622
517000 1.00581 -0.0808141 0.00973291
518000 0.984984 -0.0932979 0.00955317
519000 0.989091 -0.0724557 0.00950027
520000 0.991485 -0.0771787 0.00948272
521000 0.988904 -0.0984989 0.00938043
522000 1.00824 -0.0784363 0.00953905
523000 0.996919 -0.0700839 0.00955222
524000 0.977915 -0.0608453 0.00930027
525000 1.03117 -0.09086 0.00970684
526000 0.983531 -0.0754894 0.00941801
527000 1.01118 -0.0808154 0.00964991
528000 1.00198 -0.0795116 0.00959445
529000 0.975151 -0.0683437 0.00933327
530000 0.993471 -0.0779981 0.00945914
531000 0.99501 -0.0796942 0.00953633
532000 1.00059 -0.0734657 0.00958822
533000 0.981905 -0.0825965 0.00937971
534000 1.02384 -0.0598023 0.00996551
535000 1.00732 -0.066536 0.00959936
536000 1.02432 -0.0653468 0.00969998
537000 0.989552 -0.0627631 0.00940607
538000 1.04396 -0.0659776 0.0100388
539000 0.963266 -0.0797114 0.00915926
540000 1.02668 -0.076961 0.00975676
541000 0.976848 -0.0788668 0.00933908
542000 0.997889 -0.0780539 0.0093851
543000 0.993162 -0.110732 0.00913311
544000 0.969662 -0.109837 0.00899299
545000 0.991607 -0.0939638 0.0093785
546000 1.0185 -0.090565 0.00957721
547000 0.995681 -0.0826768 0.00954731
548000 0.978993 -0.0766583 0.00925226
549000 0.992056 -0.0779364 0.00955489
550000 0.979533 -0.0684563 0.0093188
551000 1.00682 -0.0589501 0.00978241
552000 1.00727 -0.0600007 0.0096716
553000 1.00845 -0.0555162 0.00977128
554000 0.973569 -0.0682491 0.0092459
555000 1.00074 -0.0662597 0.0095355
556000 0.990233 -0.0811166 0.00940735
557000 0.994409 -0.0970428 0.00932606
558000 1.01581 -0.0772876 0.00965559
559000 0.975023 -0.0972751 0.00911529
560000 1.01439 -0.0829644 0.00968565
561000 1.00037 -0.084671 0.00964786
562000 1.01051 -0.0953023 0.00960908
563000 1.00518 -0.118605 0.0093612
564000 0.981084 -0.0928512 0.00924247
565000 1.01303 -0.082955 0.00970527
566000 0.962981 -0.0962519 0.00908943
567000 1.00166 -0.0861021 0.00950492
568000 0.979821 -0.0807833 0.0093323
569000 1.01528 -0.094729 0.00972337
570000 0.974899 -0.140437 0.00900394
571000 1.01001 -0.094731 0.00957281
572000 0.973331 -0.0889635 0.00923448
573000 1.03452 -0.101634 0.00984653
574000 0.984951 -0.102268 0.00939151
575000 0.967278 -0.0946315 0.00921332
576000 0.973714 -0.0754382 0.00922367
577000 0.979126 -0.0881232 0.00929264
578000 1.01191 -0.0827315 0.0095688
579000 1.00871 -0.0960417 0.00953076
580000 1.04534 -0.0780641 0.00995934
581000 0.992554 -0.084053 0.00945363
582000 1.01236 -0.0878896 0.00963184
583000 1.00754 -0.100725 0.00945488
584000 0.980874 -0.0924488 0.00919424
585000 1.034 -0.103041 0.00971906
586000 1.01254 -0.0963642 0.00961768
587000 0.999359 -0.0678571 0.00955902
588000 1.02322 -0.0614005 0.00986223
589000 0.991444 -0.0746255 0.00971309
590000 1.02285 -0.0663065 0.00990392
591000 1.02015 -0.0449632 0.00993619
592000 1.00583 -0.0640342 0.00959249
593000 0.990236 -0.0616218 0.00943482
594000 1.01128 -0.0747437 0.00961985
595000 1.00694 -0.0703033 0.00964927
596000 1.00114 -0.0814799 0.0095964
597000 0.977552 -0.0837447 0.00922366
598000 1.02705 -0.103484 0.00987313
599000 1.02635 -0.0825292 0.00987253
600000 0.993231 -0.0913449 0.00928797
601000 1.00419 -0.113756 0.00935877
602000 1.0205 -0.100007 0.00965398
603000 0.968348 -0.0985983 0.00906364
604000 0.992302 -0.109668 0.00957411
605000 0.956945 -0.106801 0.00901928
606000 0.998685 -0.083558 0.00946587
607000 1.00908 -0.0763743 0.00971136
608000 0.954235 -0.0759905 0.00896738
609000 0.993931 -0.0568383 0.00959139
610000 1.0198 -0.0711208 0.00972066
611000 1.01103 -0.0901157 0.00970065
612000 0.970036 -0.130461 0.00886351
613000 1.00613 -0.0887788 0.00961099
614000 0.98137 -0.0840923 0.00933952
615000 1.01221 -0.0842408 0.0096445
616000 0.987376 -0.0842885 0.00946048
617000 1.02875 -0.0896374 0.00971959
618000 0.991426 -0.0863078 0.00937013
619000 1.02949 -0.0996854 0.0098624
620000 1.01601 -0.112103 0.00955549
621000 0.96829 -0.0889522 0.00923472
622000 1.02014 -0.0972938 0.00976114
623000 1.00302 -0.122659 0.00940242
624000 1.00663 -0.0977289 0.0094203
625000 1.01097 -0.103983 0.00950343
626000 1.00695 -0.100465 0.00941039
627000 0.979034 -0.0805391 0.0093269
628000 1.03599 -0.0967779 0.00980483
629000 0.966916 -0.0981059 0.00925693
630000 0.968629 -0.0986285 0.00902187
631000 0.999169 -0.112166 0.00951829
632000 0.996505 -0.079124 0.00951642
633000 1.03796 -0.101798 0.00991575
634000 1.01822 -0.0770078 0.0096673
635000 0.979073 -0.0957537 0.00919835
636000 1.01278 -0.0763569 0.00956429
637000 1.00275 -0.113658 0.00936971
638000 0.990543 -0.0936484 0.0092499
639000 0.997759 -0.0788503 0.00947869
640000 0.972691 -0.0873483 0.00906376
641000 1.00652 -0.0847061 0.00958782
642000 0.971817 -0.0950997 0.00926933
643000 1.00088 -0.0931306 0.00947503
644000 0.984235 -0.0872749 0.00924985
645000 0.998678 -0.0730406 0.00961292
646000 1.00758 -0.0948688 0.00938227
647000 0.989031 -0.0724327 0.00944801
648000 1.0274 -0.0637866 0.00974988
649000 0.96207 -0.06369 0.00922344
650000 1.03534 -0.0545233 0.010021
651000 1.01758 -0.0784089 0.00967201
652000 0.992177 -0.0811509 0.00941101
653000 1.00754 -0.084452 0.00952658
654000 1.01006 -0.0770977 0.0095872
655000 0.992672 -0.0755185 0.00948128
656000 1.03121 -0.0995988 0.00967961
657000 1.01126 -0.0958099 0.00964904
658000 0.996336 -0.098275 0.00960503
659000 0.995379 -0.0909986 0.00935578
660000 1.02646 -0.0849657 0.00982847
661000 1.01181 -0.080742 0.00952158
662000 0.977162 -0.0717547 0.00925791
663000 1.00701 -0.0555788 0.00974109
664000 1.02554 -0.0644034 0.00978928
665000 1.00665 -0.0718786 0.00957726
666000 0.997854 -0.0605817 0.00962508
667000 1.01159 -0.0716928 0.00971802
668000 0.965239 -0.0875606 0.00914539
669000 1.03393 -0.0959076 0.0098409
670000 0.967615 -0.0833257 0.00923273
671000 1.0418 -0.0804789 0.00983889
672000 1.00877 -0.0805088 0.00955949
673000 1.00124 -0.0777481 0.00956419
674000 0.982524 -0.0678017 0.00949847
675000 0.985615 -0.0841707 0.0094308
676000 0.988902 -0.0708995 0.00940515
677000 1.00457 -0.112082 0.00940823
678000 0.988162 -0.0975828 0.00928937
679000 1.00266 -0.0905901 0.00940626
680000 0.977979 -0.0775427 0.00935373
681000 0.998667 -0.082945 0.00946032
682000 0.982536 -0.0753675 0.00928431
683000 0.986093 -0.0803528 0.00934332
684000 0.998745 -0.0876272 0.00928563
685000 0.9927 -0.0899854 0.00932982
686000 1.0095 -0.0901257 0.00957848
687000 1.00828 -0.0895966 0.00965905
688000 1.0153 -0.105661 0.00946327
689000 0.999358 -0.0868487 0.00926621
690000 1.00684 -0.0764942 0.00959983
691000 0.997334 -0.0802826 0.00945618
692000 1.03082 -0.0788523 0.00985412
693000 0.965185 -0.0752057 0.00907595
694000 1.03131 -0.0882654 0.00974419
695000 0.981598 -0.0773806 0.00931917
696000 0.987366 -0.09163 0.00938092
697000 0.983206 -0.0918342 0.00927072
698000 1.01988 -0.0522218 0.00989986
699000 1.01327 -0.0629607 0.0097051
700000 1.00774 -0.0708079 0.00969888
701000 0.985169 -0.0845069 0.0093062
702000 0.986783 -0.0781075 0.00935196
703000 1.0188 -0.0900673 0.00970462
704000 1.00637 -0.111457 0.00934157
705000 1.04334 -0.0969033 0.00988782
706000 1.00142 -0.0661003 0.00955238
707000 0.992597 -0.101363 0.00934349
708000 1.00285 -0.0972268 0.00938725
709000 0.974259 -0.0814285 0.0092291
710000 0.991375 -0.0722152 0.00960706
711000 1.01584 -0.0755052 0.00946928
712000 0.992002 -0.0829277 0.00934905
713000 1.01496 -0.0917751 0.00952293
714000 1.00389 -0.0937244 0.00937115
715000 1.00827 -0.0820942 0.00957165
716000 0.984 -0.0760767 0.00928861
717000 1.00162 -0.0889235 0.00952546
718000 1.00098 -0.0910764 0.00943816
719000 1.01895 -0.0917845 0.00962465
720000 0.990148 -0.0727169 0.00968633
721000 0.980688 -0.0773089 0.0094225
722000 0.985791 -0.0769855 0.00947524
723000 1.01794 -0.0720946 0.00961535
724000 1.02085 -0.0621215 0.00990205
725000 0.980045 -0.0808586 0.0092339
726000 1.02768 -0.0735148 0.00985041
727000 0.980893 -0.105842 0.00912819
728000 0.993942 -0.0873076 0.00938142
729000 1.01484 -0.08766 0.00960141
730000 0.99057 -0.0665674 0.00942574
731000 0.992336 -0.064043 0.00949407
732000 1.00085 -0.060588 0.00942283
733000 0.972691 -0.0648239 0.00935781
734000 1.00359 -0.0721064 0.00956523
735000 1.01345 -0.0388405 0.00979721
736000 1.02022 -0.0699286 0.00971163
737000 1.02143 -0.0719325 0.00984415
738000 0.996013 -0.0757361 0.00937272
739000 1.004 -0.0759083 0.00978057
740000 1.00187 -0.0776105 0.00960519
741000 1.03003 -0.076343 0.00998904
742000 0.991259 -0.0743917 0.00967411
743000 1.01376 -0.0796477 0.00960086
744000 1.01141 -0.0962544 0.00952293
745000 0.990251 -0.0660545 0.00941339
746000 0.990191 -0.07866 0.00936412
747000 0.999824 -0.0660263 0.00959717
748000 0.977738 -0.0675895 0.00925947
749000 1.00681 -0.0832019 0.00949113
750000 1.01148 -0.0869652 0.00954541
751000 1.01085 -0.0863516 0.00956069
752000 1.0171 -0.0945283 0.0096666
753000 0.970021 -0.125611 0.00895
754000 1.01666 -0.109452 0.0095207
755000 0.992944 -0.0934815 0.00950434
756000 1.01639 -0.0852609 0.00968053
757000 0.978844 -0.0867947 0.00921984
758000 1.00373 -0.11023 0.0093665
759000 0.992512 -0.084816 0.00942435
760000 1.00033 -0.0802041 0.00942825
761000 0.986369 -0.0809008 0.00938868
762000 0.988895 -0.117265 0.0092456
763000 0.979978 -0.0980386 0.00936703
764000 0.996846 -0.0747416 0.00944858
765000 0.996882 -0.0977704 0.00947324
766000 0.983176 -0.0629043 0.00943739
767000 0.986548 -0.0911325 0.0094674
768000 1.01395 -0.065165 0.00978737
769000 0.966238 -0.0863913 0.00902027
770000 1.02199 -0.0696089 0.0098143
771000 0.961112 -0.0691262 0.00927705
772000 1.04813 -0.0816206 0.00985557
773000 0.993906 -0.0883679 0.00946724
774000 1.02854 -0.0739646 0.0098461
775000 0.968093 -0.0697587 0.00922958
776000 0.979205 -0.0913032 0.00921309
777000 0.992946 -0.0688894 0.00948139
778000 1.01771 -0.0645219 0.00971937
779000 0.999993 -0.0596969 0.00965428
780000 1.01713 -0.0763875 0.00976621
781000 1.01742 -0.0909619 0.00973139
782000 1.00402 -0.088568 0.00967555
783000 1.00804 -0.0825241 0.00945196
784000 0.977518 -0.0849743 0.00928814
785000 1.03134 -0.0887779 0.00980521
786000 0.976096 -0.0676438 0.0093755
787000 1.00566 -0.0734711 0.00963856
788000 1.0094 -0.0838205 0.00965651
789000 0.996679 -0.0723515 0.00946171
790000 0.975384 -0.0742536 0.00915713
791000 1.01797 -0.0686298 0.00972069
792000 1.01146 -0.0540351 0.00974861
793000 0.988699 -0.0790891 0.00941001
794000 1.01975 -0.0974469 0.0096981
795000 0.987103 -0.0854636 0.00929489
796000 0.981061 -0.0789247 0.00948593
797000 1.01862 -0.0845346 0.00969205
798000 0.971559 -0.089697 0.00910598
799000 1.02079 -0.0823464 0.00977107
800000 1.00726 -0.0691044 0.0095492
801000 1.00318 -0.0978053 0.00958022
802000 0.984028 -0.0984467 0.00930319
803000 0.995141 -0.104639 0.00924258
804000 0.995573 -0.087761 0.0094516
805000 1.00077 -0.0999798 0.00939822
806000 0.987262 -0.0930614 0.00932995
807000 0.99452 -0.0794246 0.00940114
808000 0.994998 -0.0702754 0.00954052
809000 0.993292 -0.076243 0.00940932
810000 0.998944 -0.0886621 0.00945708
811000 1.00252 -0.090801 0.00959258
812000 1.01233 -0.06247 0.00971502
813000 1.0143 -0.0696136 0.00988185
814000 1.00829 -0.0635233 0.00978973
815000 0.979433 -0.0723783 0.00937773
816000 1.01495 -0.0827764 0.00973744
817000 0.992634 -0.0840777 0.0094174
818000 0.99952 -0.0897878 0.00950963
819000 1.02564 -0.075296 0.00971535
820000 1.02659 -0.0846801 0.00971632
821000 0.979375 -0.117855 0.00928995
822000 0.977505 -0.116751 0.00907953
823000 1.0407 -0.0873272 0.00977161
824000 0.999859 -0.100963 0.00938122
825000 0.991925 -0.0945056 0.00933494
826000 1.0296 -0.104482 0.00973596
827000 0.990553 -0.13344 0.009194
828000 1.01012 -0.104252 0.00938207
829000 0.978667 -0.105296 0.0090757
830000 1.02317 -0.0752742 0.00960306
831000 0.964238 -0.0707216 0.00916852
832000 1.00772 -0.0658661 0.00965776
833000 1.00629 -0.0774959 0.00950951
834000 1.00064 -0.068154 0.00957457
835000 1.02978 -0.0727788 0.00976129
836000 1.03049 -0.0927526 0.00973585
837000 1.01286 -0.088879 0.00962373
838000 1.02006 -0.0697635 0.00985749
839000 1.01767 -0.0719694 0.00965981
840000 0.992951 -0.0733443 0.00937531
841000 0.965399 -0.0594073 0.00930986
842000 1.00819 -0.0603945 0.0100824
843000 1.0114 -0.0597981 0.00970286
844000 1.00678 -0.0727996 0.00942081
845000 0.977786 -0.0919488 0.00926648
846000 1.00042 -0.0901894 0.00945966
847000 0.995045 -0.0939 0.00941309
848000 0.986907 -0.0738645 0.00957574
849000 1.0279 -0.0889803 0.00990183
850000 0.970019 -0.0999164 0.00911201
851000 1.01393 -0.0905663 0.00977435
852000 0.982819 -0.0948272 0.00921279
853000 1.01508 -0.0914604 0.00961895
854000 1.0255 -0.0769076 0.00997834
855000 1.0035 -0.0692641 0.00951395
856000 0.987585 -0.087675 0.00933212
857000 0.985815 -0.0859051 0.0092892
858000 1.02787 -0.0959363 0.00986962
859000 1.03672 -0.108356 0.00976112
860000 0.989213 -0.116542 0.00933497
861000 0.998415 -0.117218 0.00928749
862000 0.95886 -0.111932 0.00894155
863000 1.03931 -0.100652 0.00975621
864000 1.01767 -0.0839186 0.00954368
865000 0.969779 -0.0983414 0.00899828
866000 0.980857 -0.0923706 0.00917198
867000 0.989372 -0.0962222 0.00924309
868000 0.955042 -0.0618292 0.00903254
869000 0.995015 -0.0740029 0.0095083
870000 0.998075 -0.084436 0.00955289
871000 0.989396 -0.065938 0.00936582
872000 0.990093 -0.0557947 0.00959766
873000 1.00148 -0.0545697 0.00965531
874000 1.01276 -0.057416 0.0098178
875000 0.968328 -0.0757619 0.00906897
876000 1.01597 -0.0969924 0.00953465
877000 0.997034 -0.0810303 0.00945857
878000 0.977655 -0.0592117 0.00939544
879000 1.01856 -0.0663494 0.00974723
880000 1.01412 -0.0906761 0.00950509
881000 0.974762 -0.102981 0.00913864
882000 0.970495 -0.127869 0.00900208
883000 1.01394 -0.142405 0.00924436
884000 1.01793 -0.116219 0.00947522
885000 1.00753 -0.0863113 0.00950417
886000 0.974322 -0.104795 0.00914334
887000 1.01319 -0.0977848 0.00969935
888000 0.986428 -0.10017 0.00922803
889000 1.00163 -0.106219 0.00935426
890000 1.01923 -0.0869873 0.00971209
891000 1.01186 -0.0898488 0.00955849
892000 1.01044 -0.0839277 0.00940769
893000 1.02074 -0.0813971 0.00961562
894000 1.01245 -0.0841841 0.00956643
895000 0.984124 -0.072463 0.00942263
896000 1.01945 -0.0738106 0.00980709
897000 0.992214 -0.0809174 0.00942103
898000 0.966164 -0.0754699 0.00915088
899000 1.01593 -0.0701443 0.00974004
900000 1.00843 -0.0607323 0.00959846
901000 0.98964 -0.0785899 0.00954351
902000 1.02047 -0.0866926 0.00970884
903000 0.993768 -0.0753024 0.00944661
904000 0.979232 -0.0857654 0.00930009
905000 1.01393 -0.102234 0.00947361
906000 0.985353 -0.0953424 0.00913151
907000 1.01577 -0.0903078 0.00961866
908000 0.981329 -0.0909581 0.00928801
909000 1.03436 -0.0701753 0.00993317
910000 1.02168 -0.0822515 0.00985068
911000 1.00385 -0.0883946 0.00943123
912000 1.02212 -0.0837547 0.00965089
913000 0.958452 -0.0858093 0.00920662
914000 1.01139 -0.0834222 0.0096332
915000 1.01504 -0.0688239 0.0098039
916000 0.967394 -0.0719067 0.00915298
917000 1.03258 -0.049064 0.00993526
918000 1.01796 -0.0756229 0.00968882
919000 1.00678 -0.0708959 0.00969466
920000 1.0255 -0.0888542 0.00971411
921000 1.02563 -0.0887279 0.00957803
922000 0.968022 -0.0918744 0.00902146
923000 1.03646 -0.0828594 0.00983077
924000 1.00887 -0.0765709 0.00955509
925000 0.992682 -0.0773558 0.00928073
926000 1.01035 -0.0701927 0.0097965
927000 1.01403 -0.0702726 0.00976229
928000 0.971473 -0.0726915 0.00937936
929000 1.02299 -0.0862561 0.00968846
930000 1.00535 -0.125953 0.00913981
931000 1.00088 -0.102965 0.00916142
932000 1.00858 -0.0902286 0.00940896
933000 0.96752 -0.0646997 0.00924252
934000 1.02563 -0.0756148 0.0095856
935000 1.04308 -0.0867889 0.00983837
936000 0.960765 -0.0856657 0.00905577
937000 0.9829 -0.0580055 0.00951164
938000 1.02703 -0.082027 0.00973547
939000 1.02279 -0.0798908 0.00977536
940000 1.00978 -0.0682299 0.00965705
941000 0.991263 -0.0717056 0.00946959
942000 1.04399 -0.0951268 0.00979408
943000 0.985576 -0.0797716 0.00929817
944000 0.998712 -0.0751215 0.00954217
945000 1.03024 -0.0836251 0.00980982
946000 0.98111 -0.0942473 0.00921244
947000 1.01922 -0.0870869 0.00965545
948000 0.989242 -0.0751279 0.00953844
949000 1.00815 -0.0738829 0.00975681
950000 1.00767 -0.0664704 0.00963178
951000 1.00651 -0.0583629 0.00973226
952000 0.97927 -0.0713202 0.00936502
953000 1.01637 -0.0829048 0.00959212
954000 1.00333 -0.0847372 0.00953031
955000 1.03127 -0.0776204 0.00971394
956000 1.0064 -0.0825395 0.00960748
957000 0.976069 -0.0642109 0.00955052
958000 1.01302 -0.0549498 0.00991613
959000 1.05115 -0.0612966 0.0101035
960000 0.971414 -0.0731173 0.00935712
961000 0.994837 -0.0594464 0.00951027
962000 0.967423 -0.0684715 0.00927667
963000 0.995072 -0.0684076 0.00959572
964000 1.01277 -0.0828588 0.00957448
965000 0.983994 -0.0800752 0.00933466
966000 0.960816 -0.0822561 0.0090339
967000 0.995912 -0.0748204 0.00960059
968000 1.00159 -0.091322 0.00942051
969000 1.0058 -0.0708314 0.00970181
970000 1.00292 -0.0640081 0.00956295
971000 1.00249 -0.0609054 0.0095403
972000 1.03029 -0.0720758 0.00993585
973000 0.964721 -0.069885 0.00923273
974000 1.01849 -0.0920399 0.0096832
975000 0.964436 -0.087413 0.00924964
976000 1.02154 -0.0877432 0.00968477
977000 0.996406 -0.114837 0.00922946
978000 0.977578 -0.0927065 0.00924438
979000 1.02891 -0.0842698 0.0096794
980000 1.02498 -0.0877721 0.00970852
981000 0.954609 -0.0661433 0.0093091
982000 0.98538 -0.0916304 0.0094135
983000 0.998154 -0.0912013 0.00944367
984000 0.999778 -0.0734403 0.00959598
985000 1.00178 -0.0711678 0.00946127
986000 1.02321 -0.0791375 0.00978441
987000 1.01052 -0.0813127 0.00979309
988000 0.985358 -0.058128 0.00940025
989000 1.0001 -0.0754388 0.00945021
990000 1.01676 -0.0643654 0.00969039
991000 1.0114 -0.077421 0.00969233
992000 0.988965 -0.0723393 0.00947746
993000 1.0153 -0.0871691 0.00986289
994000 0.971107 -0.0753013 0.00923826
995000 0.979232 -0.0994066 0.00898372
996000 1.03121 -0.0731764 0.00993914
997000 0.975278 -0.078005 0.0092131
998000 1.00928 -0.0743633 0.00969083
999000 0.966079 -0.0572414 0.00932708
1000000 0.970561 -0.0587369 0.00938048
1001000 1.00796 -0.0779697 0.00962422
1002000 0.972948 -0.0726147 0.00925351
1003000 0.999249 -0.0590706 0.00983937
1004000 1.02334 -0.0568175 0.00989375
1005000 1.00871 -0.0608778 0.0098308
1006000 1.01778 -0.0654989 0.00977311
1007000 1.01958 -0.0726347 0.00974319
1008000 0.986555 -0.0641175 0.00952147
1009000 0.991518 -0.0525034 0.00959135
1010000 1.01077 -0.0613286 0.00973098
1011000 1.01143 -0.0587747 0.00960528
1012000 0.995681 -0.0626075 0.00971709
1013000 0.963063 -0.0691207 0.00909247
1014000 1.01053 -0.0708686 0.0097426
1015000 1.00517 -0.08597 0.00955406
1016000 0.990928 -0.0831624 0.00947885
1017000 0.996958 -0.0684174 0.00947445
1018000 0.97367 -0.0735767 0.00916068
1019000 1.02046 -0.058594 0.00975744
1020000 1.00034 -0.0714967 0.00945554
1021000 1.01013 -0.0554479 0.00974946
1022000 1.04395 -0.0690205 0.0101442
1023000 0.998409 -0.0890639 0.00964404
1024000 0.997068 -0.0782865 0.0095985
1025000 0.969397 -0.076873 0.00921012
1026000 1.02465 -0.0697939 0.00978935
1027000 0.986903 -0.0855959 0.00936996
1028000 1.01697 -0.0619158 0.00977604
1029000 1.0294 -0.0690263 0.00986437
1030000 0.989063 -0.065935 0.00951923
1031000 1.00849 -0.0681342 0.00969563
1032000 1.01458 -0.0663485 0.00975351
1033000 0.977308 -0.0609251 0.00924322
1034000 1.00964 -0.0657916 0.00975671
1035000 1.00083 -0.0663489 0.00953451
1036000 0.98886 -0.077852 0.00942697
1037000 1.02317 -0.111145 0.00970378
1038000 0.969382 -0.0868313 0.00918044
1039000 0.996231 -0.0821459 0.00950769
1040000 0.985985 -0.0788119 0.0093355
1041000 1.01726 -0.0702064 0.00974209
1042000 0.993749 -0.0819016 0.00960477
1043000 1.02183 -0.0879826 0.00951592
1044000 1.00705 -0.0723878 0.00949536
1045000 1.02358 -0.0794106 0.00981918
1046000 1.00099 -0.0673494 0.00958189
1047000 1.0126 -0.0755661 0.00972153
1048000 0.990566 -0.0642619 0.00943998
1049000 1.0082 -0.0782023 0.00953917
1050000 1.00496 -0.119928 0.00932492
1051000 1.01043 -0.0942432 0.00951901
1052000 1.04014 -0.102965 0.00988886
1053000 1.00445 -0.0800705 0.00958271
1054000 0.981725 -0.101832 0.00923133
1055000 0.992338 -0.0676118 0.00936588
1056000 0.996745 -0.0763356 0.00941626
1057000 0.9888 -0.0803424 0.00940675
1058000 0.982586 -0.0710908 0.00924082
1059000 0.982405 -0.0731806 0.0092713
1060000 1.02591 -0.0771211 0.00972529
1061000 0.976196 -0.0871743 0.00909398
1062000 1.0022 -0.0944192 0.00946572
1063000 0.984089 -0.117486 0.00908625
1064000 1.03151 -0.110664 0.00981786
1065000 1.00956 -0.0963425 0.00958448
1066000 0.994494 -0.0816141 0.00951754
1067000 0.969332 -0.0906545 0.00912371
1068000 0.991125 -0.0951095 0.00915703
1069000 1.01316 -0.0714945 0.00969505
1070000 1.01704 -0.0701866 0.00985621
1071000 0.968083 -0.0786353 0.00917313
1072000 1.0024 -0.0845743 0.00950773
1073000 0.987073 -0.0721329 0.00939535
1074000 0.98767 -0.0683553 0.00941392
1075000 0.990083 -0.0678364 0.00951467
1076000 0.9966 -0.062051 0.0096491
1077000 0.996054 -0.0634044 0.00963159
1078000 1.03551 -0.0812045 0.00988416
1079000 0.990122 -0.0856688 0.00939309
1080000 1.0102 -0.0822083 0.00953529
1081000 1.01374 -0.0930711 0.00965393
1082000 0.972034 -0.0727307 0.00932949
1083000 1.00404 -0.0735861 0.00951185
1084000 0.987814 -0.0828038 0.00933257
1085000 1.01205 -0.0856574 0.009575
1086000 0.97709 -0.0599471 0.00932288
1087000 0.985876 -0.0859431 0.00925062
1088000 0.99558 -0.0582297 0.0094848
1089000 0.994201 -0.0621655 0.00952268
1090000 0.99955 -0.0732848 0.00955722
1091000 0.97755 -0.0705505 0.00922695
1092000 1.01241 -0.0778092 0.0097761
1093000 0.991879 -0.0715069 0.00947452
1094000 1.00353 -0.0963634 0.00940351
1095000 0.968579 -0.105845 0.00893473
1096000 1.00613 -0.089143 0.00933021
1097000 0.989879 -0.0859498 0.00926453
1098000 1.01789 -0.0784146 0.00953186
1099000 1.00774 -0.0768071 0.00955215
1100000 1.01251 -0.0887322 0.00956214
