# Time-averaged data for fix 2
# TimeStep v_Temperature v_PotentialEnergy v_Pressure
1000 1.412 -0.64925 0.125039
2000 1.35474 -0.676983 0.111885
3000 1.38146 -0.775458 0.11352
4000 1.41273 -0.693428 0.109077
5000 1.42539 -0.630089 0.118543
6000 1.43919 -0.64581 0.120329
7000 1.41322 -0.667959 0.111645
8000 1.37797 -0.724077 0.108764
9000 1.37532 -0.713626 0.113322
10000 1.40698 -0.683409 0.111792
11000 1.41952 -0.657792 0.114487
12000 1.39597 -0.667207 0.111247
13000 1.40289 -0.723442 0.112825
14000 1.36272 -0.691894 0.108827
15000 1.38733 -0.690168 0.112232
16000 1.45286 -0.744425 0.122235
17000 1.39433 -0.620785 0.111584
18000 1.37181 -0.660952 0.112532
19000 1.39782 -0.73112 0.111252
20000 1.39982 -0.732411 0.107227
21000 1.36414 -0.716053 0.110685
22000 1.3752 -0.729974 0.10983
23000 1.43141 -0.726802 0.112111
24000 1.45111 -0.652144 0.120776
25000 1.41071 -0.624998 0.119213
26000 1.3611 -0.703707 0.111355
27000 1.38781 -0.693182 0.114038
28000 1.37987 -0.668191 0.107314
29000 1.44434 -0.688701 0.117015
30000 1.44685 -0.639119 0.118531
31000 1.37667 -0.713492 0.111771
32000 1.37009 -0.756992 0.106465
33000 1.41316 -0.779558 0.110453
34000 1.34367 -0.757416 0.109659
35000 1.42093 -0.729426 0.1144
36000 1.44568 -0.646301 0.12244
37000 1.414 -0.742402 0.12108
38000 1.39325 -0.703866 0.106371
39000 1.39421 -0.68646 0.11442
40000 1.36073 -0.640546 0.113647
41000 1.41094 -0.660595 0.121169
42000 1.44747 -0.70079 0.121458
43000 1.38714 -0.654286 0.1161
44000 1.42241 -0.680308 0.116077
45000 1.36231 -0.665401 0.108902
46000 1.42376 -0.67468 0.121087
47000 1.41068 -0.710856 0.109807
48000 1.38423 -0.760895 0.109493
49000 1.39213 -0.722497 0.112346
50000 1.41824 -0.723717 0.118819
51000 1.39319 -0.680342 0.1124
52000 1.39616 -0.731676 0.105691
53000 1.40583 -0.719054 0.116041
54000 1.40241 -0.672498 0.116124
55000 1.4179 -0.670723 0.113503
56000 1.40215 -0.697209 0.115545
57000 1.4149 -0.68192 0.116647
58000 1.34724 -0.692352 0.111119
59000 1.38645 -0.653819 0.116991
60000 1.37771 -0.690064 0.108364
61000 1.40797 -0.714965 0.117551
62000 1.42214 -0.672505 0.116148
63000 1.43021 -0.636706 0.124906
64000 1.40695 -0.663088 0.117847
65000 1.39737 -0.736196 0.11056
66000 1.40523 -0.670526 0.114264
67000 1.43345 -0.691517 0.117363
68000 1.34621 -0.693579 0.104738
69000 1.38829 -0.671147 0.11449
70000 1.41076 -0.662799 0.117174
71000 1.38072 -0.701518 0.105529
72000 1.40277 -0.698382 0.117766
73000 1.40559 -0.737194 0.112301
74000 1.42001 -0.77801 0.111544
75000 1.40133 -0.634509 0.109308
76000 1.38522 -0.65334 0.116362
77000 1.37709 -0.664956 0.114375
78000 1.3672 -0.697672 0.114521
79000 1.45063 -0.686422 0.120958
80000 1.37938 -0.683794 0.110967
81000 1.38742 -0.632944 0.119881
82000 1.41266 -0.715989 0.114726
83000 1.39978 -0.657021 0.11594
84000 1.38157 -0.675309 0.109681
85000 1.40589 -0.62777 0.123148
86000 1.38691 -0.677852 0.111015
87000 1.37371 -0.671978 0.10964
88000 1.37715 -0.639174 0.112577
89000 1.45511 -0.670045 0.114671
90000 1.37329 -0.655631 0.116629
91000 1.40185 -0.672056 0.113883
92000 1.41283 -0.653126 0.117617
93000 1.44458 -0.611217 0.128181
94000 1.40727 -0.65978 0.112987
95000 1.34881 -0.693602 0.10594
96000 1.41662 -0.642173 0.112073
97000 1.39034 -0.645418 0.113383
98000 1.40792 -0.690066 0.11253
99000 1.44316 -0.703925 0.120368
100000 1.35638 -0.710359 0.112121
101000 1.43072 -0.70131 0.11676
102000 1.35691 -0.699935 0.106214
103000 1.41748 -0.707998 0.116295
104000 1.39874 -0.729345 0.115971
105000 1.40292 -0.715952 0.114045
106000 1.35006 -0.669247 0.110517
107000 1.41907 -0.718963 0.110249
108000 1.40911 -0.690647 0.116454
109000 1.35149 -0.766583 0.102853
110000 1.42513 -0.707426 0.118326
111000 1.40612 -0.709551 0.112284
112000 1.42308 -0.74331 0.116931
113000 1.43474 -0.722501 0.118327
114000 1.39242 -0.675921 0.110658
115000 1.44315 -0.636261 0.117925
116000 1.40881 -0.727102 0.116553
117000 1.40434 -0.693114 0.108873
118000 1.3657 -0.759462 0.111218
119000 1.4177 -0.706073 0.111651
120000 1.41838 -0.668371 0.116168
121000 1.37745 -0.742655 0.106549
122000 1.44499 -0.676396 0.120942
123000 1.38551 -0.626652 0.118506
124000 1.42088 -0.701616 0.119387
125000 1.38927 -0.708982 0.110063
126000 1.42798 -0.671696 0.123649
127000 1.4317 -0.637202 0.1173
128000 1.40793 -0.619492 0.114535
129000 1.40296 -0.663403 0.114486
130000 1.36686 -0.701853 0.111735
131000 1.43104 -0.70032 0.113202
132000 1.37971 -0.715369 0.108889
133000 1.39885 -0.688811 0.116827
134000 1.38896 -0.70266 0.114159
135000 1.43014 -0.676909 0.121131
136000 1.42667 -0.638582 0.118314
137000 1.39112 -0.68159 0.112742
138000 1.38856 -0.648369 0.110329
139000 1.44572 -0.684714 0.123497
140000 1.34997 -0.699426 0.113638
141000 1.39167 -0.609211 0.120328
142000 1.44136 -0.664027 0.126727
143000 1.44716 -0.666997 0.117456
144000 1.38615 -0.660522 0.113013
145000 1.39255 -0.695166 0.113616
146000 1.42069 -0.696413 0.114059
147000 1.37884 -0.671804 0.114913
148000 1.37658 -0.6954 0.110308
149000 1.37136 -0.682869 0.10924
150000 1.41571 -0.697089 0.114695
151000 1.41498 -0.651844 0.116686
152000 1.42255 -0.6739 0.11527
153000 1.38009 -0.683105 0.113809
154000 1.41695 -0.697737 0.115357
155000 1.44681 -0.683359 0.119437
156000 1.40123 -0.681099 0.108847
157000 1.42295 -0.690708 0.115942
158000 1.39971 -0.675112 0.115734
159000 1.40896 -0.660417 0.117392
160000 1.38291 -0.707371 0.111658
161000 1.38642 -0.667163 0.113052
162000 1.3904 -0.658557 0.11696
163000 1.41588 -0.653237 0.113981
164000 1.35724 -0.690201 0.10749
165000 1.39022 -0.736515 0.112843
166000 1.43787 -0.656929 0.118308
167000 1.38632 -0.663447 0.112776
168000 1.37607 -0.670953 0.110341
169000 1.36359 -0.735607 0.108168
170000 1.41963 -0.666683 0.11896
171000 1.39269 -0.664504 0.114712
172000 1.39742 -0.684885 0.116875
173000 1.44656 -0.748083 0.11415
174000 1.39768 -0.706738 0.11104
175000 1.41614 -0.720951 0.116502
176000 1.44249 -0.622828 0.121228
177000 1.40164 -0.639685 0.116659
178000 1.35221 -0.670637 0.112347
179000 1.39603 -0.672216 0.107573
180000 1.33161 -0.712074 0.103962
181000 1.41263 -0.711704 0.116841
182000 1.34761 -0.661153 0.107392
183000 1.39412 -0.686083 0.115894
184000 1.35504 -0.709229 0.1117
185000 1.3675 -0.666318 0.109631
186000 1.40518 -0.6415 0.112518
187000 1.42515 -0.702134 0.115333
188000 1.42252 -0.639092 0.120778
189000 1.38417 -0.660643 0.116247
190000 1.43614 -0.678882 0.114934
191000 1.36338 -0.73536 0.109861
192000 1.45847 -0.703459 0.12232
193000 1.40671 -0.754324 0.111179
194000 1.40817 -0.713474 0.114243
195000 1.3431 -0.720665 0.109084
196000 1.43508 -0.623103 0.117489
197000 1.4038 -0.668528 0.109803
198000 1.38266 -0.728888 0.106302
199000 1.40842 -0.66209 0.115242
200000 1.40346 -0.734384 0.108411
201000 1.38498 -0.682604 0.117136
202000 1.3875 -0.69212 0.111058
203000 1.41488 -0.74589 0.113779
204000 1.36999 -0.605913 0.110561
205000 1.40379 -0.653126 0.112989
206000 1.43103 -0.628005 0.116588
207000 1.4054 -0.63694 0.11643
208000 1.4092 -0.705386 0.117311
209000 1.38849 -0.657233 0.113746
210000 1.40905 -0.669325 0.119966
211000 1.42283 -0.654491 0.11529
212000 1.41947 -0.673544 0.119078
213000 1.37829 -0.715369 0.105855
214000 1.39561 -0.687078 0.112639
215000 1.44336 -0.684636 0.120064
216000 1.4503 -0.669888 0.118155
217000 1.45404 -0.637129 0.123516
218000 1.36683 -0.678727 0.109324
219000 1.38156 -0.651424 0.111867
220000 1.42685 -0.681357 0.112112
221000 1.41793 -0.687192 0.114938
222000 1.38353 -0.712546 0.105773
223000 1.35827 -0.692328 0.100726
224000 1.43599 -0.67899 0.115162
225000 1.37374 -0.653587 0.111441
226000 1.41839 -0.674352 0.113356
227000 1.41587 -0.655876 0.114334
228000 1.41364 -0.695703 0.110513
229000 1.36763 -0.654252 0.107466
230000 1.462 -0.693032 0.120026
231000 1.42087 -0.713998 0.11281
232000 1.425 -0.719588 0.116129
233000 1.38067 -0.718808 0.106605
234000 1.40141 -0.613828 0.115015
235000 1.40633 -0.658337 0.114987
236000 1.36275 -0.642337 0.108685
237000 1.4414 -0.694241 0.121914
238000 1.39929 -0.644291 0.106887
239000 1.37259 -0.708321 0.110078
240000 1.4221 -0.695495 0.112997
241000 1.39878 -0.643561 0.114843
242000 1.3795 -0.702285 0.110313
243000 1.41485 -0.664582 0.119387
244000 1.37006 -0.746992 0.111945
245000 1.44406 -0.686454 0.118178
246000 1.40239 -0.744432 0.106611
247000 1.39139 -0.696166 0.116123
248000 1.35761 -0.754269 0.106323
249000 1.39761 -0.645492 0.110381
250000 1.38871 -0.751634 0.108973
251000 1.362 -0.735614 0.109268
252000 1.38841 -0.704137 0.111316
253000 1.4082 -0.658258 0.113273
254000 1.42134 -0.707603 0.121446
255000 1.36108 -0.76073 0.102528
256000 1.44755 -0.67253 0.114798
257000 1.38344 -0.73936 0.109798
258000 1.41766 -0.694862 0.115082
259000 1.39792 -0.676367 0.114238
260000 1.35911 -0.684718 0.109521
261000 1.4168 -0.683981 0.114789
262000 1.38254 -0.675684 0.113117
263000 1.43989 -0.692979 0.112941
264000 1.38059 -0.66624 0.109277
265000 1.45112 -0.692428 0.117146
266000 1.4265 -0.719419 0.110472
267000 1.41308 -0.733686 0.110676
268000 1.41818 -0.728256 0.113691
269000 1.37085 -0.699412 0.114588
270000 1.38853 -0.644637 0.111113
271000 1.42955 -0.752579 0.119877
272000 1.42171 -0.697614 0.116582
273000 1.42407 -0.687514 0.116102
274000 1.36467 -0.650661 0.115265
275000 1.3816 -0.70356 0.11281
276000 1.41432 -0.656385 0.119002
277000 1.35359 -0.661439 0.112639
278000 1.40232 -0.670421 0.113246
279000 1.3913 -0.661656 0.114868
280000 1.38235 -0.713704 0.106166
281000 1.40492 -0.694624 0.109285
282000 1.41823 -0.662413 0.116861
283000 1.39175 -0.684309 0.115133
284000 1.39976 -0.639206 0.114231
285000 1.40602 -0.6473 0.120066
286000 1.4154 -0.654043 0.126045
287000 1.40236 -0.78743 0.107333
288000 1.36383 -0.728425 0.114052
289000 1.38188 -0.678599 0.110741
290000 1.41078 -0.649584 0.113871
291000 1.41594 -0.649784 0.113587
292000 1.39728 -0.64668 0.109591
293000 1.44287 -0.685161 0.113153
294000 1.38533 -0.710152 0.114425
295000 1.3922 -0.676397 0.113252
296000 1.40657 -0.639237 0.110204
297000 1.39758 -0.686448 0.110447
298000 1.41866 -0.625517 0.116167
299000 1.41828 -0.705802 0.115844
300000 1.36433 -0.695051 0.113902
301000 1.36205 -0.691504 0.107371
302000 1.39228 -0.703424 0.114276
303000 1.42965 -0.661201 0.116074
304000 1.36619 -0.739697 0.106872
305000 1.40971 -0.627003 0.113344
306000 1.38857 -0.635098 0.110617
307000 1.38479 -0.752208 0.106453
308000 1.42698 -0.779779 0.114878
309000 1.37803 -0.716535 0.113129
310000 1.41808 -0.737086 0.116332
311000 1.37311 -0.719405 0.105597
312000 1.44207 -0.724434 0.118051
313000 1.39544 -0.740301 0.110889
314000 1.37911 -0.732765 0.107211
315000 1.37422 -0.692722 0.113328
316000 1.36325 -0.744563 0.106716
317000 1.45386 -0.666308 0.119523
318000 1.43472 -0.631129 0.119914
319000 1.37349 -0.709774 0.103695
320000 1.43275 -0.69941 0.117227
321000 1.39699 -0.672106 0.114638
322000 1.45137 -0.642999 0.118497
323000 1.40211 -0.68002 0.112828
324000 1.4014 -0.710984 0.113767
325000 1.4352 -0.653729 0.113157
326000 1.38571 -0.699905 0.112549
327000 1.42402 -0.645407 0.120775
328000 1.40562 -0.65882 0.112168
329000 1.39567 -0.687308 0.113656
330000 1.35099 -0.649814 0.111257
331000 1.37238 -0.631313 0.108255
332000 1.39194 -0.675934 0.110579
333000 1.39878 -0.679555 0.115994
334000 1.38249 -0.692173 0.111336
335000 1.38772 -0.711357 0.106537
336000 1.40767 -0.738158 0.113872
337000 1.41362 -0.657615 0.115805
338000 1.37924 -0.700568 0.108948
339000 1.37461 -0.685577 0.102986
340000 1.3717 -0.680389 0.110746
341000 1.36094 -0.647406 0.114823
342000 1.43988 -0.64921 0.117423
343000 1.35548 -0.636515 0.108498
344000 1.43587 -0.654639 0.117147
345000 1.37415 -0.714541 0.111369
346000 1.41805 -0.775239 0.109779
347000 1.34127 -0.739981 0.107207
348000 1.40817 -0.760538 0.105852
349000 1.41963 -0.652151 0.115682
350000 1.39817 -0.643635 0.114816
351000 1.42006 -0.67035 0.115562
352000 1.45517 -0.704723 0.120796
353000 1.40725 -0.704534 0.119187
354000 1.37036 -0.706604 0.110188
355000 1.39797 -0.656869 0.114767
356000 1.44273 -0.667633 0.113178
357000 1.42277 -0.724642 0.117713
358000 1.34195 -0.674297 0.111864
359000 1.3717 -0.67726 0.111086
360000 1.37016 -0.69352 0.111065
361000 1.3966 -0.714707 0.108262
362000 1.42492 -0.670216 0.121179
363000 1.39501 -0.654719 0.110935
364000 1.39355 -0.69156 0.111622
365000 1.38697 -0.636692 0.111629
366000 1.37628 -0.635865 0.117573
367000 1.43272 -0.657594 0.118407
368000 1.4107 -0.659143 0.11478
369000 1.38582 -0.688686 0.109339
370000 1.35377 -0.673354 0.105493
371000 1.44806 -0.720158 0.119779
372000 1.38354 -0.73958 0.103939
373000 1.39057 -0.698698 0.113578
374000 1.37889 -0.724689 0.111423
375000 1.40678 -0.705573 0.112581
376000 1.41679 -0.792889 0.114183
377000 1.44113 -0.653056 0.122592
378000 1.36232 -0.645569 0.112385
379000 1.43131 -0.684769 0.118781
380000 1.40153 -0.627358 0.115817
381000 1.41781 -0.700721 0.112866
382000 1.38334 -0.637075 0.114293
383000 1.41104 -0.704218 0.114049
384000 1.35715 -0.682073 0.108533
385000 1.44408 -0.723651 0.115608
386000 1.41198 -0.717511 0.113326
387000 1.41856 -0.648983 0.120921
388000 1.40062 -0.666592 0.113299
389000 1.37217 -0.674536 0.107642
390000 1.36317 -0.59751 0.117692
391000 1.40841 -0.68883 0.109802
392000 1.38911 -0.723219 0.111627
393000 1.40802 -0.656187 0.117047
394000 1.41198 -0.682836 0.114565
395000 1.37097 -0.701921 0.109168
396000 1.42156 -0.695182 0.12019
397000 1.39238 -0.677259 0.11309
398000 1.37299 -0.661946 0.112063
399000 1.36048 -0.664894 0.108843
400000 1.42827 -0.748364 0.114821
401000 1.4118 -0.716764 0.115858
402000 1.39007 -0.680976 0.112798
403000 1.44945 -0.717843 0.120542
404000 1.40108 -0.685422 0.114582
405000 1.39197 -0.65446 0.11426
406000 1.38989 -0.713459 0.112732
407000 1.40138 -0.743651 0.108966
408000 1.40627 -0.694174 0.1113
409000 1.3616 -0.660878 0.11506
410000 1.4629 -0.704281 0.123148
411000 1.41191 -0.624138 0.124
412000 1.44355 -0.638699 0.120309
413000 1.38665 -0.67711 0.113558
414000 1.40757 -0.702447 0.112136
415000 1.38642 -0.652326 0.116869
416000 1.41247 -0.630307 0.116623
417000 1.37964 -0.73265 0.108715
418000 1.42897 -0.676792 0.117184
419000 1.40261 -0.701168 0.108606
420000 1.43446 -0.691969 0.116529
421000 1.39795 -0.663755 0.112451
422000 1.39522 -0.661163 0.115095
423000 1.41448 -0.71901 0.110792
424000 1.36639 -0.687609 0.108536
425000 1.42941 -0.737705 0.112379
426000 1.40376 -0.705322 0.115555
427000 1.41791 -0.648725 0.115555
428000 1.42318 -0.644014 0.119131
429000 1.38135 -0.667701 0.113185
430000 1.34725 -0.713618 0.105964
431000 1.37154 -0.716416 0.10805
432000 1.4293 -0.700325 0.115163
433000 1.39768 -0.732703 0.109495
434000 1.41459 -0.684316 0.113041
435000 1.39298 -0.7144 0.109437
436000 1.41804 -0.631807 0.119295
437000 1.38399 -0.640571 0.116234
438000 1.40307 -0.645513 0.113264
439000 1.38938 -0.659741 0.109402
440000 1.41668 -0.695212 0.11569
441000 1.37637 -0.65491 0.111484
442000 1.4051 -0.671149 0.113285
443000 1.43161 -0.693263 0.116407
444000 1.39919 -0.709201 0.111169
445000 1.41599 -0.639809 0.117735
446000 1.42421 -0.693705 0.120286
447000 1.39273 -0.721913 0.108666
448000 1.37276 -0.750976 0.108901
449000 1.38917 -0.70758 0.111165
450000 1.42959 -0.733536 0.118201
451000 1.37537 -0.722073 0.115412
452000 1.3852 -0.776823 0.103777
453000 1.33974 -0.64811 0.109552
454000 1.40027 -0.635221 0.110251
455000 1.4437 -0.600805 0.122173
456000 1.37235 -0.646363 0.109615
457000 1.39592 -0.624113 0.112005
458000 1.42236 -0.638922 0.11939
459000 1.42256 -0.62156 0.116641
460000 1.41786 -0.694744 0.113316
461000 1.41086 -0.685288 0.117569
462000 1.36036 -0.626549 0.110455
463000 1.40824 -0.658365 0.119005
464000 1.4317 -0.658914 0.116643
465000 1.41571 -0.670025 0.110824
466000 1.37599 -0.675907 0.108969
467000 1.36363 -0.715883 0.110429
468000 1.38465 -0.687486 0.110755
469000 1.403 -0.695228 0.113384
470000 1.42119 -0.624036 0.121553
471000 1.39583 -0.673169 0.111183
472000 1.34428 -0.684869 0.109018
473000 1.39447 -0.640433 0.119536
474000 1.38752 -0.685495 0.106874
475000 1.41422 -0.667011 0.115323
476000 1.42762 -0.695624 0.119014
477000 1.40622 -0.64687 0.115221
478000 1.41655 -0.63414 0.112392
479000 1.41018 -0.692516 0.107533
480000 1.41183 -0.670746 0.12044
481000 1.38799 -0.707418 0.1113
482000 1.43135 -0.670761 0.122545
483000 1.3835 -0.615158 0.115161
484000 1.37584 -0.621701 0.112212
485000 1.38923 -0.698527 0.114529
486000 1.42812 -0.684882 0.113828
487000 1.43614 -0.716489 0.114837
488000 1.37934 -0.708663 0.112055
489000 1.3958 -0.706765 0.112889
490000 1.38819 -0.640188 0.116686
491000 1.37896 -0.672413 0.108998
492000 1.3557 -0.695509 0.108616
493000 1.41698 -0.721344 0.118689
494000 1.40047 -0.716636 0.114108
495000 1.40256 -0.693959 0.111379
496000 1.44128 -0.680333 0.1197
497000 1.34828 -0.734316 0.109629
498000 1.37046 -0.681 0.113823
499000 1.41307 -0.729174 0.117665
500000 1.40499 -0.761732 0.111744
501000 1.43912 -0.680257 0.113917
502000 1.36758 -0.67946 0.109195
503000 1.3889 -0.642368 0.113607
504000 1.35155 -0.688587 0.109552
505000 1.43442 -0.717131 0.115256
506000 1.33932 -0.687037 0.10891
507000 1.40744 -0.688644 0.111694
508000 1.40743 -0.741166 0.114653
509000 1.41094 -0.673191 0.119361
510000 1.40106 -0.656001 0.11451
511000 1.42407 -0.699871 0.11439
512000 1.39089 -0.685029 0.112345
513000 1.4025 -0.748426 0.110337
514000 1.40272 -0.70065 0.112629
515000 1.39425 -0.653426 0.113305
516000 1.42411 -0.624264 0.118674
517000 1.44634 -0.740686 0.115736
518000 1.39322 -0.689994 0.11006
519000 1.41262 -0.671503 0.117126
520000 1.3735 -0.689492 0.110864
521000 1.40249 -0.683527 0.113258
522000 1.4401 -0.664241 0.118823
523000 1.42069 -0.667685 0.115897
524000 1.40795 -0.687634 0.107724
525000 1.43659 -0.705993 0.113039
526000 1.40003 -0.687021 0.110518
527000 1.40504 -0.643455 0.121879
528000 1.39489 -0.639684 0.115797
529000 1.44085 -0.674113 0.117272
530000 1.39876 -0.69847 0.115058
531000 1.3808 -0.67478 0.111551
532000 1.46676 -0.596525 0.127065
533000 1.3729 -0.650655 0.109705
534000 1.42577 -0.660651 0.118867
535000 1.40787 -0.664761 0.118983
536000 1.35444 -0.668562 0.109338
537000 1.44429 -0.683649 0.117357
538000 1.4062 -0.67486 0.108632
539000 1.4077 -0.633158 0.114374
540000 1.40797 -0.656737 0.109803
541000 1.42169 -0.708522 0.118619
542000 1.35347 -0.708818 0.109589
543000 1.43406 -0.702768 0.114848
544000 1.35814 -0.692179 0.104278
545000 1.43909 -0.66268 0.118195
546000 1.38229 -0.711201 0.107252
547000 1.41524 -0.693767 0.112961
548000 1.42054 -0.696031 0.114939
549000 1.34593 -0.678424 0.110899
550000 1.41123 -0.684903 0.116648
551000 1.42318 -0.617671 0.122051
552000 1.40397 -0.65017 0.116187
553000 1.41623 -0.638406 0.124026
554000 1.40029 -0.634857 0.113206
555000 1.44426 -0.625968 0.122113
556000 1.40577 -0.710289 0.109336
557000 1.42911 -0.681254 0.119579
558000 1.38765 -0.673756 0.110918
559000 1.44007 -0.658678 0.119756
560000 1.36188 -0.686719 0.110054
561000 1.41769 -0.644284 0.121142
562000 1.40954 -0.657044 0.120613
563000 1.38383 -0.728544 0.108807
564000 1.41212 -0.677935 0.116556
565000 1.43548 -0.710701 0.112497
566000 1.38167 -0.697229 0.11007
567000 1.39489 -0.694309 0.111161
568000 1.41777 -0.676125 0.117032
569000 1.37034 -0.641184 0.114273
570000 1.38301 -0.66096 0.107978
571000 1.38996 -0.721484 0.109313
572000 1.40465 -0.657612 0.117807
573000 1.37537 -0.663957 0.115621
574000 1.40802 -0.708003 0.115467
575000 1.38534 -0.716697 0.110135
576000 1.39377 -0.733842 0.108295
577000 1.43055 -0.705489 0.118151
578000 1.41071 -0.659859 0.115345
579000 1.43494 -0.67831 0.118158
580000 1.42499 -0.650193 0.118491
581000 1.41578 -0.654289 0.12006
582000 1.38097 -0.676369 0.110033
583000 1.41562 -0.642472 0.116581
584000 1.40178 -0.734606 0.108069
585000 1.40331 -0.670316 0.117825
586000 1.38043 -0.698451 0.110448
587000 1.39526 -0.72864 0.112851
588000 1.43388 -0.642134 0.118776
589000 1.38281 -0.694435 0.109025
590000 1.43245 -0.698297 0.1119
591000 1.36515 -0.73831 0.107086
592000 1.44948 -0.690413 0.120595
593000 1.41235 -0.711855 0.111499
594000 1.40454 -0.702969 0.108162
595000 1.40126 -0.701614 0.113629
596000 1.42173 -0.669861 0.11582
597000 1.36293 -0.7067 0.107798
598000 1.39468 -0.64756 0.114543
599000 1.37111 -0.667868 0.108292
600000 1.41647 -0.678216 0.113546
601000 1.42135 -0.691123 0.117116
602000 1.462 -0.664209 0.121213
603000 1.37582 -0.670433 0.11665
604000 1.3511 -0.698497 0.105945
605000 1.39859 -0.706031 0.111723
606000 1.42595 -0.762271 0.11007
607000 1.38331 -0.704351 0.113224
608000 1.39954 -0.694447 0.112417
609000 1.41601 -0.673995 0.119861
610000 1.4213 -0.628094 0.122639
611000 1.4176 -0.71546 0.115509
612000 1.38362 -0.718969 0.10951
613000 1.43678 -0.659112 0.115348
614000 1.45392 -0.671849 0.117671
615000 1.39229 -0.715793 0.112717
616000 1.3482 -0.703049 0.104592
617000 1.38524 -0.804288 0.109454
618000 1.39545 -0.638397 0.116819
619000 1.40177 -0.616034 0.11795
620000 1.34785 -0.686661 0.113205
621000 1.41454 -0.68253 0.115489
622000 1.37151 -0.732561 0.109386
623000 1.40452 -0.765818 0.110694
624000 1.39366 -0.780832 0.10774
625000 1.39436 -0.70617 0.109721
626000 1.41412 -0.777478 0.113642
627000 1.39596 -0.651966 0.109964
628000 1.38811 -0.673241 0.111686
629000 1.39356 -0.700002 0.111714
630000 1.3975 -0.735153 0.117041
631000 1.41526 -0.682685 0.115669
632000 1.36585 -0.778854 0.110382
633000 1.4269 -0.666477 0.113862
634000 1.37227 -0.662151 0.107806
635000 1.39386 -0.688141 0.11222
636000 1.34988 -0.678041 0.109549
637000 1.43247 -0.685187 0.116627
638000 1.41042 -0.758097 0.114597
639000 1.37641 -0.73753 0.111814
640000 1.38731 -0.677802 0.114033
641000 1.41759 -0.694102 0.116071
642000 1.35896 -0.715577 0.10745
643000 1.41166 -0.678518 0.116329
644000 1.36369 -0.673755 0.104463
645000 1.40122 -0.661162 0.115291
646000 1.3862 -0.694976 0.108855
647000 1.35403 -0.689375 0.107616
648000 1.42472 -0.683306 0.117052
649000 1.3631 -0.685706 0.110465
650000 1.4009 -0.645986 0.111904
651000 1.44497 -0.702122 0.111597
652000 1.36442 -0.664178 0.107081
653000 1.40167 -0.655767 0.115869
654000 1.41851 -0.674295 0.117844
655000 1.38086 -0.750537 0.103877
656000 1.44929 -0.641419 0.115409
657000 1.37606 -0.684966 0.109673
658000 1.41792 -0.67747 0.113504
659000 1.41595 -0.70677 0.117278
660000 1.39446 -0.751267 0.112682
661000 1.38614 -0.669175 0.11254
662000 1.41122 -0.674329 0.117367
663000 1.41305 -0.674313 0.11567
664000 1.38399 -0.62565 0.11548
665000 1.40353 -0.680703 0.117874
666000 1.41318 -0.69958 0.112724
667000 1.44626 -0.68754 0.120029
668000 1.41226 -0.677714 0.111345
669000 1.40143 -0.654927 0.112012
670000 1.36431 -0.714262 0.104844
671000 1.43602 -0.69515 0.116527
672000 1.39671 -0.70311 0.113644
673000 1.4106 -0.764758 0.110457
674000 1.40236 -0.653045 0.116235
675000 1.37475 -0.655207 0.114976
676000 1.43576 -0.694853 0.11386
677000 1.35942 -0.721945 0.110469
678000 1.38743 -0.78197 0.103973
679000 1.35402 -0.693054 0.112889
680000 1.4077 -0.74649 0.10851
681000 1.36528 -0.666697 0.109406
682000 1.44753 -0.632415 0.119755
683000 1.34317 -0.663939 0.106008
684000 1.38654 -0.706588 0.112991
685000 1.37867 -0.652457 0.116961
686000 1.40862 -0.652134 0.117708
687000 1.43681 -0.694884 0.120089
688000 1.38826 -0.685314 0.110609
689000 1.44171 -0.680959 0.116577
690000 1.39503 -0.676565 0.115859
691000 1.39483 -0.70786 0.109602
692000 1.37255 -0.686837 0.111415
693000 1.45651 -0.699806 0.121297
694000 1.35055 -0.696436 0.107231
695000 1.39807 -0.64811 0.117399
696000 1.44261 -0.667023 0.120003
697000 1.41446 -0.662232 0.113698
698000 1.39302 -0.66497 0.11123
699000 1.43635 -0.705522 0.116764
700000 1.41295 -0.757881 0.109857
701000 1.37927 -0.670132 0.107636
702000 1.38258 -0.609895 0.116441
703000 1.40667 -0.679305 0.117346
704000 1.40512 -0.642049 0.11647
705000 1.43133 -0.680483 0.116244
706000 1.37239 -0.695916 0.10971
707000 1.38948 -0.68839 0.112091
708000 1.42966 -0.702774 0.117033
709000 1.35806 -0.665798 0.111304
710000 1.44392 -0.65437 0.115482
711000 1.36482 -0.658176 0.109342
712000 1.38706 -0.658548 0.112794
713000 1.35585 -0.684217 0.109031
714000 1.40782 -0.675472 0.116091
715000 1.3552 -0.564547 0.11418
716000 1.43709 -0.643353 0.120829
717000 1.42518 -0.677753 0.110961
718000 1.37658 -0.654669 0.115025
719000 1.43828 -0.721929 0.110764
720000 1.35041 -0.676291 0.112554
721000 1.37074 -0.68384 0.113934
722000 1.43305 -0.665973 0.116857
723000 1.40601 -0.648537 0.113226
724000 1.36841 -0.719314 0.111294
725000 1.37096 -0.713822 0.108222
726000 1.39275 -0.703896 0.109
727000 1.41595 -0.670673 0.113558
728000 1.46134 -0.683897 0.120836
729000 1.35855 -0.713326 0.106749
730000 1.41904 -0.761953 0.115261
731000 1.34876 -0.705893 0.103856
732000 1.43896 -0.681822 0.124792
733000 1.4127 -0.643816 0.117964
734000 1.36607 -0.710174 0.10996
735000 1.40277 -0.663165 0.119251
736000 1.42328 -0.671205 0.120605
737000 1.40611 -0.660213 0.115152
738000 1.40573 -0.66298 0.111729
739000 1.38486 -0.720306 0.106656
740000 1.43985 -0.655908 0.123834
741000 1.39391 -0.689697 0.114151
742000 1.39288 -0.684593 0.113107
743000 1.38361 -0.668741 0.114903
744000 1.38817 -0.652128 0.112199
745000 1.37221 -0.649988 0.113007
746000 1.36637 -0.649009 0.109919
747000 1.40441 -0.654555 0.120755
748000 1.37658 -0.689301 0.114959
749000 1.41251 -0.691844 0.115551
750000 1.41349 -0.621719 0.118774
751000 1.42784 -0.645377 0.120193
752000 1.42206 -0.657985 0.120876
753000 1.39395 -0.702198 0.113786
754000 1.39108 -0.71245 0.113079
755000 1.41776 -0.740245 0.109946
756000 1.41888 -0.752098 0.109678
757000 1.45095 -0.75306 0.113643
758000 1.38141 -0.692463 0.113567
759000 1.36426 -0.64712 0.106707
760000 1.4082 -0.682571 0.112261
761000 1.40987 -0.664127 0.1188
762000 1.40439 -0.720451 0.1151
763000 1.42749 -0.650257 0.124628
764000 1.40662 -0.657018 0.114402
765000 1.37749 -0.673438 0.110891
766000 1.43454 -0.683876 0.121304
767000 1.41921 -0.678081 0.115887
768000 1.38964 -0.718088 0.1113
769000 1.44468 -0.696912 0.120273
770000 1.44042 -0.726498 0.115674
771000 1.34829 -0.659612 0.106884
772000 1.43498 -0.666471 0.110821
773000 1.41791 -0.663838 0.119036
774000 1.45008 -0.689981 0.118102
775000 1.38501 -0.672644 0.11149
776000 1.37358 -0.623213 0.109656
777000 1.39573 -0.714016 0.116365
778000 1.40007 -0.66288 0.116549
779000 1.42572 -0.679052 0.111723
780000 1.36216 -0.741236 0.102618
781000 1.40336 -0.659028 0.113146
782000 1.3826 -0.647665 0.111861
783000 1.43134 -0.646869 0.120801
784000 1.39225 -0.651771 0.11263
785000 1.46999 -0.655435 0.120514
786000 1.40426 -0.675177 0.11423
787000 1.37816 -0.690383 0.115583
788000 1.36574 -0.707721 0.110765
789000 1.40345 -0.67396 0.116624
790000 1.34717 -0.740242 0.105947
791000 1.35233 -0.803679 0.105203
792000 1.40952 -0.737284 0.109425
793000 1.39884 -0.62206 0.119884
794000 1.36279 -0.698544 0.107531
795000 1.39475 -0.753993 0.111211
796000 1.41659 -0.623017 0.116757
797000 1.39041 -0.699986 0.114318
798000 1.40221 -0.691931 0.114844
799000 1.42947 -0.639563 0.120822
800000 1.34905 -0.654604 0.114121
801000 1.41383 -0.661601 0.118522
802000 1.41905 -0.701928 0.114125
803000 1.43823 -0.711478 0.116537
804000 1.36785 -0.721292 0.105881
805000 1.37591 -0.65948 0.115805
806000 1.38219 -0.604924 0.1153
807000 1.35471 -0.681407 0.104427
808000 1.37405 -0.718311 0.108604
809000 1.38546 -0.715495 0.104792
810000 1.44854 -0.68704 0.11514
811000 1.41005 -0.684882 0.112794
812000 1.3889 -0.707675 0.111573
813000 1.39366 -0.66569 0.111321
814000 1.40116 -0.732633 0.114317
815000 1.4291 -0.72599 0.113148
816000 1.40847 -0.756164 0.110301
817000 1.42517 -0.653019 0.114922
818000 1.38902 -0.671357 0.112587
819000 1.36134 -0.687636 0.110202
820000 1.39704 -0.669289 0.114065
821000 1.42739 -0.684757 0.112846
822000 1.36685 -0.6311 0.109043
823000 1.42623 -0.670165 0.114167
824000 1.39218 -0.692127 0.111943
825000 1.37127 -0.749895 0.110212
826000 1.40189 -0.667686 0.110138
827000 1.43113 -0.662807 0.120279
828000 1.41165 -0.674861 0.114325
829000 1.41804 -0.63232 0.120603
830000 1.40558 -0.680827 0.11855
831000 1.41621 -0.694856 0.115339
832000 1.37636 -0.697206 0.111538
833000 1.40163 -0.789112 0.110102
834000 1.42425 -0.72229 0.116198
835000 1.40755 -0.625576 0.115541
836000 1.38275 -0.673467 0.107335
837000 1.43888 -0.722971 0.1242
838000 1.40993 -0.672255 0.116864
839000 1.39905 -0.65477 0.117148
840000 1.37079 -0.65233 0.111125
841000 1.3976 -0.683713 0.11131
842000 1.35102 -0.652981 0.116204
843000 1.41658 -0.657667 0.117117
844000 1.45327 -0.657455 0.121003
845000 1.41128 -0.723385 0.114849
846000 1.39821 -0.688532 0.113752
847000 1.36181 -0.669739 0.107959
848000 1.36739 -0.644452 0.111129
849000 1.36794 -0.723385 0.108977
850000 1.43077 -0.724306 0.114093
851000 1.4262 -0.630399 0.120108
852000 1.41125 -0.675522 0.108063
853000 1.43097 -0.680688 0.118216
854000 1.42164 -0.647967 0.116895
855000 1.36435 -0.744195 0.106668
856000 1.39701 -0.702035 0.112911
857000 1.43697 -0.754401 0.120806
858000 1.33053 -0.648431 0.108329
859000 1.44165 -0.634675 0.117574
860000 1.3708 -0.671509 0.113418
861000 1.44137 -0.663501 0.126456
862000 1.36818 -0.680959 0.112631
863000 1.39352 -0.657819 0.122539
864000 1.41959 -0.73046 0.111369
865000 1.43551 -0.72786 0.120687
866000 1.39306 -0.696413 0.113791
867000 1.45189 -0.706502 0.118184
868000 1.39244 -0.684783 0.11584
869000 1.39228 -0.633352 0.116156
870000 1.42326 -0.674825 0.121172
871000 1.37506 -0.758599 0.111358
872000 1.42508 -0.667991 0.117613
873000 1.42604 -0.625205 0.120545
874000 1.38189 -0.665111 0.11208
875000 1.43007 -0.655647 0.118157
876000 1.39019 -0.667326 0.115521
877000 1.34629 -0.747133 0.10743
878000 1.42637 -0.765944 0.112961
879000 1.39703 -0.72544 0.119776
880000 1.3667 -0.659241 0.107199
881000 1.43156 -0.768271 0.11334
882000 1.38732 -0.715993 0.111477
883000 1.39443 -0.733018 0.111533
884000 1.39571 -0.67526 0.116706
885000 1.42179 -0.626239 0.125277
886000 1.4117 -0.680757 0.11071
887000 1.34925 -0.772348 0.103881
888000 1.41064 -0.747266 0.112401
889000 1.40486 -0.688826 0.11369
890000 1.42437 -0.699662 0.114371
891000 1.39487 -0.699882 0.112505
892000 1.38896 -0.748449 0.113275
893000 1.45495 -0.698009 0.11673
894000 1.39777 -0.727801 0.11393
895000 1.43233 -0.648752 0.122493
896000 1.37318 -0.673647 0.108365
897000 1.38244 -0.688627 0.112644
898000 1.43717 -0.742791 0.115771
899000 1.36699 -0.692773 0.115243
900000 1.40242 -0.662958 0.11197
901000 1.35339 -0.642215 0.10557
902000 1.42719 -0.654011 0.119471
903000 1.37002 -0.660399 0.116283
904000 1.38976 -0.72988 0.108648
905000 1.42756 -0.756519 0.114932
906000 1.35739 -0.73353 0.110817
907000 1.40933 -0.697693 0.115914
908000 1.36698 -0.676555 0.109711
909000 1.39714 -0.690659 0.109142
910000 1.36151 -0.719115 0.10361
911000 1.41134 -0.662015 0.117172
912000 1.39984 -0.67614 0.116397
913000 1.38586 -0.681754 0.111884
914000 1.39656 -0.648162 0.117615
915000 1.43238 -0.68621 0.11209
916000 1.37599 -0.727533 0.111496
917000 1.41639 -0.681721 0.11184
918000 1.4348 -0.605275 0.12218
919000 1.37274 -0.664745 0.108946
920000 1.44398 -0.713956 0.117578
921000 1.40197 -0.71565 0.107081
922000 1.37241 -0.675439 0.10473
923000 1.44325 -0.667689 0.118721
924000 1.38993 -0.640682 0.115581
925000 1.41029 -0.667241 0.113051
926000 1.39273 -0.679088 0.111163
927000 1.35515 -0.733894 0.108811
928000 1.43325 -0.704083 0.112726
929000 1.35029 -0.666001 0.107923
930000 1.43025 -0.654346 0.118795
931000 1.38533 -0.676344 0.111387
932000 1.3783 -0.720298 0.109843
933000 1.43783 -0.715491 0.114624
934000 1.38327 -0.737704 0.113113
935000 1.35992 -0.79488 0.107995
936000 1.39056 -0.677759 0.113683
937000 1.41849 -0.645194 0.115735
938000 1.39115 -0.679111 0.115965
939000 1.43562 -0.702522 0.123194
940000 1.42607 -0.741916 0.118166
941000 1.37191 -0.685176 0.103909
942000 1.37377 -0.710537 0.106488
943000 1.42536 -0.69662 0.122708
944000 1.38033 -0.682186 0.115502
945000 1.34997 -0.693908 0.103159
946000 1.44183 -0.690962 0.119622
947000 1.40044 -0.680909 0.11972
948000 1.40526 -0.720741 0.119229
949000 1.40112 -0.679293 0.113542
950000 1.37723 -0.690046 0.110086
951000 1.41033 -0.731855 0.114365
952000 1.4478 -0.693948 0.112204
953000 1.37955 -0.70418 0.112688
954000 1.40313 -0.644325 0.111314
955000 1.416 -0.688212 0.120812
956000 1.4264 -0.662164 0.118745
957000 1.39014 -0.694114 0.112503
958000 1.41959 -0.615757 0.116985
959000 1.40976 -0.676387 0.118219
960000 1.39405 -0.670367 0.11168
961000 1.36504 -0.71674 0.1087
962000 1.42577 -0.650523 0.118648
963000 1.39914 -0.654044 0.114022
964000 1.4256 -0.734041 0.112415
965000 1.42873 -0.739483 0.115151
966000 1.42252 -0.641641 0.118728
967000 1.37964 -0.60981 0.114971
968000 1.38883 -0.715824 0.114083
969000 1.45922 -0.653964 0.117261
970000 1.36662 -0.668197 0.111895
971000 1.44345 -0.640072 0.11936
972000 1.42316 -0.691321 0.116142
973000 1.37379 -0.648996 0.114922
974000 1.44016 -0.675024 0.121125
975000 1.41281 -0.667526 0.110943
976000 1.36905 -0.688158 0.112413
977000 1.40055 -0.670622 0.117833
978000 1.43801 -0.642224 0.120877
979000 1.43113 -0.692624 0.113115
980000 1.445 -0.665209 0.125726
981000 1.41152 -0.684215 0.114732
982000 1.37906 -0.685516 0.111097
983000 1.4469 -0.680562 0.119675
984000 1.41363 -0.633231 0.118744
985000 1.43005 -0.618192 0.115201
986000 1.34812 -0.662107 0.111824
987000 1.42202 -0.730315 0.121275
988000 1.35559 -0.690172 0.107732
989000 1.39749 -0.706537 0.109433
990000 1.37036 -0.749384 0.105581
991000 1.40807 -0.797865 0.109201
992000 1.35687 -0.684961 0.114972
993000 1.37789 -0.638076 0.110557
994000 1.40805 -0.66011 0.116614
995000 1.4399 -0.646219 0.121301
996000 1.34371 -0.682003 0.106136
997000 1.44385 -0.704688 0.120865
998000 1.38794 -0.67576 0.112745
999000 1.40962 -0.704682 0.109147
1000000 1.40663 -0.645874 0.114021
1001000 1.40821 -0.671538 0.118883
1002000 1.41685 -0.696261 0.115545
1003000 1.35488 -0.659743 0.107455
1004000 1.40223 -0.695722 0.111596
1005000 1.38863 -0.687966 0.109675
1006000 1.40347 -0.635232 0.115685
1007000 1.3676 -0.627589 0.114178
1008000 1.39102 -0.690694 0.10913
1009000 1.44821 -0.653616 0.123897
1010000 1.3902 -0.615547 0.1149
1011000 1.39978 -0.694662 0.115539
1012000 1.42002 -0.665502 0.119098
1013000 1.362 -0.649997 0.108315
1014000 1.36487 -0.694775 0.107184
1015000 1.43841 -0.708443 0.123795
1016000 1.39096 -0.697452 0.110944
1017000 1.41235 -0.655203 0.112257
1018000 1.42245 -0.635166 0.112961
1019000 1.37766 -0.680316 0.110859
1020000 1.39991 -0.681892 0.114275
1021000 1.44474 -0.678018 0.123365
1022000 1.41879 -0.693188 0.113562
1023000 1.38228 -0.655746 0.109215
1024000 1.44986 -0.680826 0.117446
1025000 1.36739 -0.740118 0.10659
1026000 1.39498 -0.74559 0.107637
1027000 1.36062 -0.717862 0.107987
1028000 1.40065 -0.657027 0.118879
1029000 1.38903 -0.74094 0.109572
1030000 1.43032 -0.642959 0.11361
1031000 1.41487 -0.666774 0.115959
1032000 1.38187 -0.680621 0.113346
1033000 1.42851 -0.724378 0.121786
1034000 1.40824 -0.716453 0.110388
1035000 1.37654 -0.732864 0.105282
1036000 1.41088 -0.677469 0.114229
1037000 1.39764 -0.67023 0.109469
1038000 1.3546 -0.776563 0.107002
1039000 1.4094 -0.765777 0.111752
1040000 1.39017 -0.729182 0.10952
1041000 1.41745 -0.707603 0.114332
1042000 1.38585 -0.694873 0.111986
1043000 1.38367 -0.662624 0.111744
1044000 1.34992 -0.766158 0.109324
1045000 1.46058 -0.65284 0.124977
1046000 1.36021 -0.669038 0.108772
1047000 1.44984 -0.665271 0.121993
1048000 1.39258 -0.664497 0.113505
1049000 1.35528 -0.751303 0.103023
1050000 1.35487 -0.647035 0.112949
1051000 1.42092 -0.708354 0.113147
1052000 1.41645 -0.699336 0.116907
1053000 1.36811 -0.662118 0.10895
1054000 1.38813 -0.70892 0.114734
1055000 1.40193 -0.700705 0.11267
1056000 1.39858 -0.681608 0.116888
1057000 1.37419 -0.718888 0.109904
1058000 1.395 -0.734084 0.110627
1059000 1.3698 -0.724168 0.108781
1060000 1.39455 -0.685884 0.115011
1061000 1.37088 -0.680912 0.115245
1062000 1.44372 -0.66744 0.117055
1063000 1.37185 -0.731117 0.104717
1064000 1.43645 -0.690641 0.12034
1065000 1.36101 -0.711375 0.110425
1066000 1.41923 -0.691608 0.112811
1067000 1.36654 -0.647458 0.112105
1068000 1.38233 -0.65399 0.114694
1069000 1.39806 -0.714395 0.114344
1070000 1.42208 -0.77689 0.111828
1071000 1.36343 -0.6861 0.103498
1072000 1.41951 -0.729311 0.116115
1073000 1.37482 -0.749153 0.110374
1074000 1.41836 -0.679302 0.118321
1075000 1.39103 -0.744391 0.109544
1076000 1.40821 -0.727943 0.110601
1077000 1.41119 -0.68501 0.115235
1078000 1.43389 -0.684912 0.116408
1079000 1.4411 -0.669726 0.1181
1080000 1.43746 -0.668699 0.115765
1081000 1.42085 -0.668798 0.119299
1082000 1.39286 -0.677484 0.114076
1083000 1.3837 -0.648982 0.110742
1084000 1.39405 -0.698088 0.116466
1085000 1.36566 -0.688581 0.109385
1086000 1.40467 -0.714006 0.112039
1087000 1.41571 -0.671885 0.11487
1088000 1.45529 -0.686764 0.118153
1089000 1.38813 -0.706602 0.111831
1090000 1.45471 -0.73394 0.11999
1091000 1.35629 -0.75578 0.104569
1092000 1.40263 -0.737193 0.110619
1093000 1.36711 -0.737231 0.10484
1094000 1.43253 -0.687634 0.115986
1095000 1.38455 -0.664951 0.112816
1096000 1.36587 -0.705666 0.109306
1097000 1.41317 -0.740898 0.118528
1098000 1.3522 -0.738505 0.10767
1099000 1.39328 -0.707592 0.110716
1100000 1.40858 -0.707274 0.114471
