# Time-averaged data for fix 2
# TimeStep v_Temperature v_PotentialEnergy v_Pressure
1000 4.36817 -0.00416941 0.00432707
2000 5.0219 -0.00388103 0.00497197
3000 5.03554 -0.00382007 0.00498654
4000 5.02165 -0.00521037 0.00497741
5000 5.06776 -0.00313659 0.00501496
6000 5.00365 -3.47371e-05 0.00498149
7000 5.0662 -0.00407747 0.00502023
8000 4.92648 0.00149583 0.00490457
9000 5.02637 -0.00703816 0.00497413
10000 5.17222 -0.00442032 0.00512325
11000 5.00105 -0.00457209 0.00495264
12000 5.03779 -0.0070246 0.00498973
13000 5.05695 -0.00721709 0.00500415
14000 5.0669 -0.00530615 0.00500856
15000 5.01008 -0.00596414 0.00496046
16000 5.08039 -0.00484875 0.00503138
17000 5.00748 -0.0120038 0.00497238
18000 5.07474 -0.0100177 0.00503113
19000 4.9052 -0.0121712 0.00485128
20000 4.94213 -0.0121175 0.00488791
21000 4.96395 -0.0122677 0.0049112
22000 5.07553 -0.0105821 0.00503186
23000 4.96184 -0.0104576 0.00491614
24000 4.95487 -0.0108109 0.00490096
25000 4.92339 -0.0149554 0.00487104
26000 5.08115 -0.0139516 0.00502759
27000 5.06024 -0.0126037 0.0050052
28000 5.00677 -0.0172989 0.00495365
29000 5.02252 -0.0141614 0.00496304
30000 5.08833 -0.00515932 0.00503322
31000 5.02456 -0.00489268 0.00498074
32000 4.85704 -0.00403588 0.00480937
33000 5.00583 -0.00614085 0.00495699
34000 5.08629 -0.00370573 0.00504202
35000 5.02807 -0.00531302 0.00497433
36000 4.89077 -0.00384534 0.00484336
37000 5.09316 -0.00254016 0.00504469
38000 5.07294 -0.00570528 0.00502896
39000 4.96526 -0.00664812 0.00491698
40000 5.00037 0.000917175 0.0049762
41000 5.22099 -0.00893151 0.00516488
42000 4.92814 -0.00478153 0.0048746
43000 4.89558 0.000718695 0.00486851
44000 5.09403 -0.00666049 0.00503911
45000 4.84964 -0.00485306 0.0047999
46000 5.11235 -0.00282669 0.00507108
47000 5.06398 -0.0071984 0.0050108
48000 4.99588 -0.00547726 0.00495416
49000 4.9133 -0.00567689 0.00486661
50000 5.1848 -0.00533126 0.005129
51000 5.01045 -0.00234657 0.0049722
52000 4.92995 -0.00795795 0.00487568
53000 4.91712 -0.00442788 0.00486869
54000 5.02447 -0.00181796 0.00498613
55000 5.01153 -0.00381898 0.00496279
56000 5.00254 -0.00570026 0.0049507
57000 5.01889 -0.00701731 0.00496142
58000 4.92337 -0.00457639 0.00487308
59000 5.06161 -0.00728575 0.00500752
60000 4.94166 -0.00288919 0.00489424
61000 4.90998 -0.00705481 0.00486176
62000 4.95493 -0.00573714 0.00490606
63000 5.15685 -0.00553302 0.0051034
64000 4.91994 -0.00113185 0.00487412
65000 4.89285 -0.00472517 0.00484336
66000 5.19166 -0.00285208 0.00515148
67000 5.10752 -0.00518148 0.00506302
68000 4.85081 -0.00493434 0.00482661
69000 5.0261 -0.0060177 0.00499104
70000 5.1252 -0.00707624 0.00507679
71000 4.84773 -0.0039758 0.00480638
72000 5.07809 -0.00280027 0.00504076
73000 5.20729 -0.00474351 0.0051649
74000 4.84304 -0.00262186 0.00480509
75000 5.10393 -0.00333985 0.00505775
76000 4.8086 -0.00389547 0.00476835
77000 5.10551 -0.00523736 0.00504757
78000 5.06548 -0.00520318 0.00501631
79000 4.81652 -0.00810391 0.0047664
80000 5.02672 -0.00564402 0.00497758
81000 5.07553 -0.00479108 0.00502241
82000 4.99598 -0.00376633 0.00495314
83000 5.12453 -0.00223717 0.00508591
84000 5.12447 -0.00431177 0.00508167
85000 4.90693 -0.00740305 0.00485479
86000 5.06248 -0.00063254 0.00501825
87000 4.99597 -0.00787614 0.00493736
88000 5.01961 -0.00519763 0.00497029
89000 5.03704 -0.0029122 0.0049895
90000 5.09141 -0.00709552 0.00504604
91000 4.93647 -0.00470863 0.00488501
92000 5.00499 -0.00451501 0.00495971
93000 5.05603 -0.0029415 0.00500868
94000 5.01635 -0.0050187 0.00496413
95000 5.04849 -0.0048745 0.00499975
96000 5.05892 -0.00348034 0.00500914
97000 5.03339 -0.00547626 0.0049783
98000 5.07579 -0.00274228 0.00502759
99000 4.82051 -0.00861502 0.00478123
100000 5.11007 -0.00480326 0.00506749
101000 5.00925 -0.00261646 0.00495833
102000 4.96795 -0.00611178 0.0049216
103000 4.9544 -0.00854844 0.00490163
104000 5.11363 -0.00452014 0.00505732
105000 4.90359 -0.00201238 0.00486587
106000 5.00711 -0.00765324 0.00495381
107000 5.05462 -0.0055973 0.00500575
108000 5.05832 -0.00372313 0.00501511
109000 4.9257 -0.00594108 0.00487628
110000 5.13126 -0.00131045 0.00509664
111000 5.07918 -0.00519109 0.00503513
112000 5.0515 -0.00687523 0.00499993
113000 5.10884 -0.00213153 0.00506418
114000 5.00584 -0.0043732 0.00496256
115000 5.08273 3.85114e-05 0.00504928
116000 5.1081 -0.00318841 0.00505121
117000 4.89112 -0.00658657 0.00484274
118000 4.87384 -0.000962461 0.00484136
119000 5.19325 -0.00758879 0.0051416
120000 4.89668 -0.00683855 0.00485786
121000 4.82052 -0.00702201 0.00477554
122000 5.12079 -0.00266086 0.00508651
123000 5.08852 -0.00492513 0.00503332
124000 4.98526 -0.00267885 0.0049429
125000 5.12705 -0.00439707 0.0050717
126000 5.09529 -0.00524312 0.00505663
127000 5.00568 -0.00376903 0.00496098
128000 5.02301 -0.00367996 0.00497057
129000 5.01481 -0.00529358 0.00496106
130000 4.86615 -0.00462446 0.00481865
131000 5.13257 -0.00362301 0.00509894
132000 5.11928 -0.00275067 0.00507252
133000 4.90237 -0.00738225 0.0048523
134000 4.99893 -0.00584207 0.00495823
135000 5.06793 -0.00311682 0.00502102
136000 4.98255 -0.00347162 0.00493866
137000 4.94181 -0.00360907 0.00489253
138000 5.07094 -0.00933431 0.00501877
139000 4.97496 -0.00384707 0.00493179
140000 4.87615 -0.00650216 0.0048257
141000 5.034 -0.00648131 0.00498504
142000 4.9359 -0.00240319 0.00489298
143000 4.99648 -0.00488165 0.00494555
144000 5.12401 -0.00322789 0.0050831
145000 4.88959 -0.00630105 0.00483697
146000 4.98233 -0.00464082 0.00492818
147000 4.93991 -0.00162131 0.00490972
148000 5.14564 -0.00549814 0.00509336
149000 4.90533 -0.00507738 0.00487265
150000 4.99253 -0.0046007 0.00494402
151000 5.02269 -0.0061049 0.0049689
152000 5.00524 -0.00511237 0.00495422
153000 5.04804 -0.00510205 0.00499228
154000 5.02072 -0.000904071 0.00499166
155000 5.06936 -0.00286005 0.00502422
156000 5.03453 -0.00363376 0.00498482
157000 5.01136 -0.00544002 0.00496405
158000 4.88739 -0.00644194 0.00484037
159000 4.99217 -0.00371867 0.00495469
160000 4.98254 -0.00483028 0.00493551
161000 5.01385 -0.00606977 0.00495897
162000 4.94203 -0.00453176 0.00488895
163000 4.84516 -0.00464908 0.00479936
164000 4.91354 -0.00627374 0.00487365
165000 4.98254 -0.00187749 0.00493447
166000 5.00522 -0.00355675 0.00496591
167000 4.9499 -0.00492947 0.00490947
168000 4.93038 -0.00451102 0.00488082
169000 5.02007 -0.00315337 0.00497457
170000 4.97518 -0.002272 0.00493056
171000 5.08068 -0.00464352 0.00503818
172000 4.99049 0.000457127 0.00496056
173000 5.10204 -0.00452439 0.00506458
174000 4.97036 -0.00184451 0.00492743
175000 5.03273 -0.00400496 0.00497942
176000 4.9966 -0.00359541 0.00496032
177000 5.02153 -0.00445664 0.00497007
178000 5.04444 -0.00360724 0.0049986
179000 4.95506 -0.00252934 0.00490505
180000 5.14094 -0.00294798 0.00509387
181000 4.83712 -0.00372294 0.00479663
182000 4.968 -0.00672774 0.00491716
183000 5.11296 -0.00465423 0.00505737
184000 4.80558 -0.00671527 0.00475728
185000 5.10256 -0.00510059 0.00505313
186000 5.00735 -0.000916029 0.00497206
187000 4.89403 -0.00194233 0.00485408
188000 5.14516 -0.00162625 0.00509689
189000 5.04656 -0.00558043 0.00500734
190000 4.88147 -0.00453293 0.00483967
191000 4.97967 -0.00267357 0.00494613
192000 5.13769 -0.00316435 0.00509391
193000 5.14241 -0.00440359 0.00509741
194000 4.98642 -0.00251199 0.00493479
195000 5.05857 -0.00715379 0.00500395
196000 4.99984 -0.00302734 0.00494949
197000 5.01638 -0.00159013 0.00498243
198000 4.95427 -0.00255456 0.00491847
199000 5.01428 -0.00709752 0.00496468
200000 5.01426 -0.00662441 0.00496434
201000 4.96319 -0.00321477 0.00492517
202000 5.1001 -0.00340887 0.00505051
203000 5.12228 -0.00347241 0.00507315
204000 4.83875 -0.00375654 0.00478895
205000 5.07083 -0.00591171 0.00501421
206000 5.03118 -0.00221555 0.00498807
207000 4.95038 -0.00392309 0.00490048
208000 5.0857 -0.00369828 0.00503334
209000 5.03546 -0.00314545 0.00499482
210000 4.92518 -0.00351158 0.00488184
211000 4.92503 -0.00238782 0.00488115
212000 5.03712 -0.00373152 0.00498797
213000 5.05188 -0.005931 0.0050121
214000 4.93085 -0.00835629 0.00487802
215000 4.92622 -0.00532521 0.00488036
216000 4.94426 -0.00147492 0.00490236
217000 4.98293 -0.00187989 0.00494262
218000 5.05392 -0.00887656 0.00499908
219000 5.08775 -0.00326512 0.00504743
220000 5.10903 0.000225563 0.00507825
221000 4.90899 -0.00273891 0.00485769
222000 5.03116 -0.00421795 0.00498194
223000 4.97239 -0.00450008 0.00492834
224000 5.09534 -0.00566287 0.00504804
225000 4.81075 -0.00602239 0.00476679
226000 5.12666 -0.00158035 0.00508233
227000 4.87566 -0.00354641 0.00482984
228000 4.90988 -0.00423351 0.00486266
229000 5.21679 -0.00413545 0.00517122
230000 4.95862 -0.00538863 0.00490833
231000 4.86402 -0.00460772 0.00482065
232000 5.07182 -0.00510377 0.0050202
233000 5.06961 -0.00395072 0.0050275
234000 4.99175 -0.00670909 0.00494104
235000 4.88964 -0.00542909 0.00484122
236000 4.91819 -0.00391921 0.00488239
237000 5.01082 -0.00538016 0.00497098
238000 5.0062 -0.0048747 0.00496702
239000 5.01916 -0.00243434 0.00497767
240000 4.94379 -0.00599177 0.00489332
241000 5.1069 -0.00375358 0.00505719
242000 4.98425 -0.00235833 0.00494819
243000 5.0147 -0.00603496 0.00496231
244000 4.90271 -0.00253856 0.00484947
245000 4.94365 -0.00186499 0.0049196
246000 4.92334 -0.00411386 0.00487836
247000 4.96934 -0.00319842 0.00491845
248000 4.85199 -0.00340589 0.00480743
249000 4.95588 -0.00655834 0.00490422
250000 4.9165 -0.0130079 0.00486455
251000 5.09736 -0.0137609 0.00504449
252000 5.04672 -0.0149163 0.00499666
253000 4.87345 -0.0129078 0.0048421
254000 5.10863 -0.0164054 0.00505551
255000 4.84114 -0.0150195 0.00479027
256000 5.05587 -0.0123754 0.00500749
257000 5.0323 -0.0175322 0.0049768
258000 5.03006 -0.0133889 0.00498235
259000 4.99978 -0.0125637 0.00494926
260000 5.13586 -0.0122397 0.00508859
261000 4.93935 -0.0183127 0.00488831
262000 5.01891 -0.0170185 0.00496941
263000 4.93165 -0.0122397 0.00490454
264000 5.14791 -0.0154154 0.00509435
265000 4.80918 -0.0163209 0.00476066
266000 5.19349 -0.0151465 0.00514917
267000 4.82386 -0.00849139 0.0047745
268000 5.12835 -0.00338043 0.00507242
269000 4.79965 -0.00731812 0.00475495
270000 4.98126 -0.00438158 0.00494393
271000 5.02165 -0.00413297 0.00498458
272000 4.93658 -0.00285811 0.00488754
273000 5.00752 -0.00293207 0.00495467
274000 4.98452 -0.00281409 0.00493793
275000 4.99205 -0.0065707 0.00493683
276000 4.94359 -0.00410848 0.00489216
277000 5.04024 -0.00334844 0.00499069
278000 5.13734 -0.000785089 0.00509667
279000 5.00347 -0.00161359 0.00497608
280000 4.83223 -0.00171688 0.00479319
281000 5.02397 -0.00228095 0.00498432
282000 4.93525 -0.00580484 0.00489156
283000 5.22468 -0.00595281 0.00517647
284000 5.12768 -0.00397282 0.00508127
285000 4.9463 -0.00427731 0.00490576
286000 5.09574 -0.00394728 0.00504677
287000 5.16473 -0.00863982 0.00511608
288000 5.07485 -0.00547048 0.0050349
289000 4.83293 -0.00206723 0.00479075
290000 5.13616 -0.00441919 0.00508585
291000 5.044 -0.00146642 0.00500802
292000 4.95679 -0.00541684 0.00490824
293000 5.02651 -0.00802755 0.00497884
294000 5.03201 -0.00610846 0.00497494
295000 5.11233 -0.00613195 0.00505816
296000 5.02942 -0.00576922 0.00497882
297000 5.07726 -0.00565411 0.0050276
298000 5.05144 -0.000973527 0.0050259
299000 5.07347 -0.00318483 0.00502519
300000 5.07881 -0.00527531 0.00502843
301000 5.0887 -0.00422639 0.0050437
302000 5.08522 -0.00710074 0.005031
303000 5.02608 -0.00597851 0.00498233
304000 4.883 -0.00474054 0.00484022
305000 5.07644 -0.00229992 0.00503373
306000 5.15466 -0.00458854 0.00510353
307000 4.97331 -0.000356695 0.00494027
308000 4.92067 -0.00347971 0.00487652
309000 5.01134 -0.0035743 0.00495854
310000 5.07361 -0.00297384 0.00503327
311000 4.85505 -0.000575345 0.00481508
312000 5.0653 -0.00224938 0.00502188
313000 5.0614 -0.00347446 0.00501034
314000 5.07712 -0.00569705 0.00502506
315000 4.93511 -0.00303748 0.00489633
316000 5.01456 -0.00642816 0.00496797
317000 5.01491 -0.00380052 0.00497575
318000 5.007 -0.00809939 0.00495264
319000 5.01265 -0.00327271 0.00496261
320000 5.05885 -0.00671484 0.00501217
321000 5.03111 -0.00139673 0.00499524
322000 5.00875 -0.00522758 0.00495343
323000 4.97513 -0.00299302 0.00493153
324000 4.90386 -0.00367526 0.00485151
325000 5.03874 -0.00265912 0.00499464
326000 4.98008 -0.00181028 0.00494959
327000 5.05075 -0.00380827 0.00499811
328000 5.02172 -0.0032646 0.00497631
329000 5.03968 -0.00771876 0.00498522
330000 4.99131 -0.00543475 0.00494838
331000 4.98057 -0.00460944 0.00492872
332000 5.13313 0.00139361 0.00509828
333000 4.98897 -0.00465877 0.00493427
334000 4.91731 -0.00413828 0.00487298
335000 5.13498 -0.00482154 0.00507789
336000 4.98448 -0.00391289 0.00494336
337000 5.04462 -0.00184911 0.00500414
338000 4.85069 -0.00192172 0.0048254
339000 4.86046 -0.00499744 0.00480865
340000 5.17289 -0.00462521 0.00511723
341000 4.95193 -0.00172301 0.00490813
342000 4.83141 -0.00540577 0.0047852
343000 5.07509 -0.00126307 0.00504991
344000 5.22592 -0.00465457 0.00517392
345000 4.9974 -0.00557587 0.00494593
346000 4.83515 -0.00275408 0.00478348
347000 5.07291 -0.00575142 0.00502075
348000 5.12665 -0.00486917 0.00507237
349000 4.81807 -0.00490989 0.00477907
350000 4.97604 -0.00298771 0.00493991
351000 5.0218 -0.00353492 0.00496855
352000 5.01694 -0.00252131 0.00497472
353000 4.93626 -0.00223922 0.00489297
354000 5.02211 -0.00199642 0.00497899
355000 5.04165 -0.00348574 0.00501068
356000 4.95029 -0.00421001 0.00490137
357000 5.01818 -0.00390448 0.00496374
358000 5.1154 -0.00414313 0.00507193
359000 4.98233 -0.00721427 0.00493591
360000 5.05179 -0.00528846 0.00499976
361000 4.92732 -0.00667234 0.00488171
362000 4.96331 -0.0104044 0.00491481
363000 5.0631 -0.00452459 0.00500798
364000 4.89222 -0.00667665 0.00484766
365000 4.92353 -0.00497419 0.0048869
366000 5.00183 -0.00348976 0.00496044
367000 5.08394 -0.00553356 0.00503157
368000 5.00486 -0.00597807 0.00495584
369000 4.85847 -0.00558861 0.00480511
370000 5.09884 -0.00443763 0.00505024
371000 5.01495 -0.00656752 0.00496201
372000 5.04009 -0.00625359 0.00498816
373000 4.94112 -0.0033525 0.00489655
374000 5.1209 -0.00875692 0.00507289
375000 4.89998 -0.00554333 0.00485211
376000 4.99847 -0.00595483 0.00494803
377000 5.11663 -0.00349378 0.00507748
378000 4.90024 -0.00573796 0.00485727
379000 5.00554 -0.00996163 0.00495292
380000 4.94898 -0.00541719 0.0049011
381000 5.07183 -0.0029372 0.00501974
382000 4.98166 -0.00534418 0.00493386
383000 4.95664 -0.00585073 0.00490601
384000 5.12525 -0.00459854 0.00507597
385000 4.88422 -0.00419867 0.004833
386000 5.03589 -0.00399751 0.00499372
387000 4.91782 -0.00441815 0.0048724
388000 5.02549 -0.0035339 0.00499417
389000 4.95464 -0.00524493 0.00490641
390000 4.98579 -0.00151886 0.00493485
391000 5.14433 -0.00461437 0.00509849
392000 5.00121 -0.00388961 0.00495689
393000 5.05662 -0.00082733 0.005009
394000 5.08516 -0.00564724 0.00503438
395000 5.05428 -0.00262318 0.00501213
396000 4.92764 -0.00119056 0.00489144
397000 5.03679 -0.0070477 0.00498375
398000 5.06625 -0.00390576 0.00501385
399000 4.90035 -0.00435331 0.00485067
400000 5.06194 -0.00512908 0.00501721
401000 4.9579 -0.00355335 0.00491071
402000 4.94928 -0.0011678 0.00491191
403000 5.02143 -0.00509452 0.00496605
404000 5.01159 -0.0047832 0.00496337
405000 5.17657 -0.00509965 0.00512625
406000 5.11216 -0.00253324 0.0050698
407000 4.8796 -0.00263746 0.00483225
408000 5.07357 -0.00440717 0.00502649
409000 4.82909 -0.00517454 0.00478694
410000 5.0927 -0.00330992 0.00503968
411000 4.95724 -0.00510212 0.00491584
412000 5.04832 -0.00505052 0.00499517
413000 4.84214 -0.00520857 0.00479929
414000 5.13445 -0.00320981 0.00509124
415000 4.9319 -0.00620348 0.00488452
416000 5.0621 -0.00496043 0.00501144
417000 4.9417 -0.00488936 0.0048953
418000 5.13264 -0.00523697 0.00508221
419000 4.86776 -0.00355145 0.0048258
420000 5.0226 -0.00230986 0.00498141
421000 4.84009 -0.00290375 0.00479234
422000 5.06649 -0.004788 0.00501078
423000 5.07978 -0.00483448 0.00502773
424000 5.16043 -0.00336405 0.00511309
425000 4.95045 -0.00360089 0.00490816
426000 5.02459 -0.00787739 0.00497108
427000 5.05367 -0.00387237 0.00501997
428000 4.97384 -0.00442139 0.00492316
429000 4.83161 -0.00448795 0.0047911
430000 5.01113 -0.00708442 0.00496742
431000 4.96417 -0.00154289 0.00493731
432000 4.93898 -0.00336875 0.00488798
433000 4.92351 -0.00644588 0.00487804
434000 5.12364 -0.00401603 0.00507568
435000 4.81228 -0.00778484 0.00476299
436000 5.12232 -0.00539674 0.0050778
437000 5.0332 -0.000142031 0.00500659
438000 4.92608 -0.00474661 0.00487523
439000 4.97073 -0.00834987 0.00492277
440000 4.92956 -0.00352536 0.00490234
441000 4.87013 -0.0102225 0.00483336
442000 5.19342 -0.0046822 0.00514033
443000 4.89869 -0.00548549 0.00485288
444000 5.06568 -0.00326564 0.00501354
445000 4.91356 -0.00184149 0.00488717
446000 5.08221 -0.00496878 0.00502385
447000 5.23865 -0.00689162 0.00518367
448000 4.9944 -0.00548664 0.00494475
449000 5.00008 -0.0049761 0.00495114
450000 5.00898 -0.000637815 0.00498032
451000 5.12936 -0.0071483 0.00507602
452000 4.91489 -0.00545714 0.00486397
453000 4.85509 -0.00371239 0.00480468
454000 5.03589 -0.00322166 0.00498947
455000 5.08246 -0.00375232 0.00503914
456000 5.03621 -0.00459938 0.00499322
457000 4.9094 -0.000626764 0.00487202
458000 5.15656 -0.00382516 0.00510097
459000 4.82609 -0.00498186 0.00477516
460000 5.11876 -0.00384973 0.00506629
461000 5.02539 -0.00231278 0.00497777
462000 4.92578 -0.0059039 0.0048759
463000 4.9334 -0.00369052 0.00488195
464000 4.91494 -0.00509618 0.00486603
465000 4.89617 -0.00499273 0.00484704
466000 5.06954 -0.00645211 0.00501684
467000 5.06187 -0.00240595 0.00500692
468000 4.93862 -0.00428098 0.00488849
469000 5.19278 -0.00573838 0.00513616
470000 4.92228 -0.00312805 0.00487355
471000 4.97221 -0.0048194 0.00492431
472000 5.15133 -0.00174282 0.00510376
473000 4.95038 -0.00379154 0.00489805
474000 5.0455 -0.00407581 0.00499559
475000 5.01309 -0.00412366 0.00497405
476000 5.0566 -0.00255821 0.0050185
477000 4.98471 -0.00256288 0.00495785
478000 5.03912 -0.00495978 0.00498996
479000 5.06363 -0.00849612 0.00500981
480000 5.01891 -0.00925422 0.0049697
481000 5.02763 -0.00613648 0.00498688
482000 4.93484 -0.00346192 0.00488659
483000 5.11508 -0.00720979 0.00508069
484000 5.04058 -0.00392646 0.00499934
485000 5.12958 -0.00148829 0.0050902
486000 4.80745 -0.00306448 0.00476255
487000 5.14982 -0.00147874 0.0051121
488000 5.07352 -0.00431367 0.0050196
489000 5.02941 -0.00672242 0.00498123
490000 5.04915 -0.00384261 0.00500228
491000 5.1972 -0.00174373 0.00516743
492000 5.06635 -0.0043781 0.00502015
493000 4.8284 -0.00542132 0.00477699
494000 5.12354 -0.00371209 0.00507152
495000 4.87985 -0.00437647 0.0048324
496000 5.18877 -0.00342079 0.00513863
497000 5.13291 -0.00432901 0.0050852
498000 4.84431 -0.00365652 0.00479917
499000 5.03281 -0.00537526 0.00498332
500000 5.07605 -0.00595507 0.00502759
501000 4.9911 -0.00584247 0.00495236
502000 5.01933 -0.00236084 0.0049649
503000 5.06125 -0.00459894 0.0050074
504000 5.09807 -0.00326816 0.00504699
505000 5.01202 -0.00670496 0.00496805
506000 5.03194 -0.00441146 0.00498944
507000 4.97999 -0.0070829 0.00493063
508000 4.9558 -0.00128379 0.0049387
509000 5.03838 -0.00733769 0.00498975
510000 5.20242 0.00365483 0.00518605
511000 4.88856 -0.00441698 0.00483956
512000 4.91152 -0.00316757 0.0048634
513000 4.92937 -0.00265256 0.00489925
514000 4.92028 -0.00335519 0.00488509
515000 4.93506 -0.00329395 0.00489012
516000 5.02982 -0.00681199 0.00498976
517000 5.07804 -0.0067158 0.00503192
518000 4.94574 -0.00622609 0.00489119
519000 4.84187 -0.00517442 0.00479862
520000 5.14622 -0.0138945 0.00508305
521000 5.07871 -0.00350725 0.00502407
522000 4.83829 -0.00435072 0.0047893
523000 4.93516 -0.00202795 0.00488547
524000 5.05522 -0.00282432 0.00501838
525000 4.85051 -0.00479952 0.00480701
526000 5.00992 -0.00292245 0.00495662
527000 4.98253 -0.00560848 0.00492995
528000 4.9996 -0.00696792 0.00494918
529000 4.96373 -0.00274376 0.00491236
530000 4.87058 -0.00542774 0.00482719
531000 4.99359 -0.00417773 0.0049414
532000 5.1876 -0.00730821 0.00513635
533000 4.85221 -0.00307911 0.00481071
534000 5.18382 -0.00345496 0.00512935
535000 4.84146 -0.00720347 0.00479664
536000 5.07889 -0.00463581 0.00503463
537000 5.06166 -0.00357451 0.00501439
538000 5.02727 -0.00547844 0.00498108
539000 5.10998 -0.00461024 0.00506568
540000 4.85842 -0.00737247 0.00481692
541000 4.9391 -0.00542722 0.00489444
542000 5.01782 -0.00275547 0.00497394
543000 5.02302 -0.00430563 0.00496999
544000 4.81088 -0.00581683 0.00476493
545000 4.98801 -0.00549566 0.00494708
546000 5.08932 -0.00390827 0.00503425
547000 4.88367 -0.00485359 0.00483144
548000 4.9217 -0.00462332 0.00487016
549000 5.01309 -0.00299606 0.00497712
550000 5.03135 -0.00567511 0.00498202
551000 5.03277 -0.00647191 0.00498133
552000 5.09505 -0.00505469 0.00504902
553000 4.91867 -0.00523059 0.00488451
554000 4.93643 -0.000255561 0.00490481
555000 4.95671 -0.00629407 0.00490242
556000 4.88099 -0.00420876 0.00483001
557000 5.12389 -0.00197333 0.0050858
558000 4.9428 -0.0029304 0.00489213
559000 4.90779 -0.00584382 0.00485373
560000 5.14765 -0.00411449 0.00509292
561000 5.0885 -0.00426555 0.00503769
562000 4.83307 -0.00778688 0.00477856
563000 5.08744 -0.0039583 0.00504841
564000 5.04461 -0.00508679 0.00499376
565000 4.86009 -0.00360064 0.004809
566000 5.0812 -0.00457217 0.00502667
567000 5.06195 -0.00243337 0.00501948
568000 4.93161 -0.00375175 0.00489108
569000 4.83921 -0.00402852 0.00479033
570000 5.17893 -0.00307321 0.00512655
571000 4.84955 -0.00627034 0.00480326
572000 5.10102 -0.00479837 0.00504711
573000 5.07299 -0.0061796 0.00501774
574000 5.02564 -0.00286453 0.00499425
575000 4.80511 -0.00688923 0.00475231
576000 4.87052 -0.0048337 0.00481868
577000 4.97114 -0.00245707 0.00492432
578000 4.92186 -0.00483077 0.00487022
579000 4.94997 -0.004138 0.00490478
580000 5.10443 -0.00698719 0.00505421
581000 4.76478 -0.0060164 0.00471669
582000 4.94994 -0.00191842 0.00489891
583000 5.21261 -0.00227201 0.00517258
584000 5.0963 -0.0117926 0.00504252
585000 4.84564 -0.00714453 0.00479314
586000 5.02877 -0.00211734 0.00498944
587000 5.11839 -0.00478198 0.0050705
588000 4.80901 -0.00423344 0.00476757
589000 5.12613 -0.00548071 0.00507445
590000 4.77933 -0.00399038 0.00472692
591000 5.18345 -0.00340222 0.00513494
592000 4.85866 -0.00129035 0.00481918
593000 5.09474 0.000453213 0.00506904
594000 4.95883 -0.00195847 0.0049214
595000 4.87628 -0.0064097 0.00483192
596000 5.20588 -0.0049812 0.00515247
597000 5.13175 -0.00424528 0.00508692
598000 4.90214 -0.0038013 0.00485288
599000 5.02702 -0.00520958 0.00497478
600000 4.94809 -0.00876845 0.00489646
601000 5.0298 -0.0116665 0.00497095
602000 5.00442 -0.0104123 0.00494585
603000 5.06129 -0.00392288 0.00501097
604000 5.04556 -0.0072862 0.00498973
605000 5.11758 -0.0016518 0.00507458
606000 5.07588 -0.00571386 0.00502789
607000 4.93393 -0.0072342 0.00487837
608000 4.87634 -0.00413319 0.00482934
609000 5.16886 -0.0047039 0.00512215
610000 4.94263 -0.00318305 0.00488768
611000 5.0312 -0.00469486 0.00498473
612000 4.77668 -0.00630379 0.00472814
613000 5.14068 -0.00479041 0.00508857
614000 4.86286 -0.00250619 0.00482091
615000 5.24357 -0.00260206 0.00520594
616000 5.04491 -0.00214402 0.00499957
617000 4.81128 -0.00192453 0.0047743
618000 4.96863 -0.00471154 0.00492444
619000 5.04202 -0.00454686 0.00499038
620000 5.0489 -0.00505654 0.00500804
621000 4.94889 -0.00394823 0.00490092
622000 4.91668 -0.00338243 0.00487497
623000 4.92002 -0.0028047 0.00486919
624000 5.02701 -0.00301034 0.00497712
625000 5.06194 -0.00375775 0.00502044
626000 4.95488 -0.00330766 0.00490642
627000 4.94001 -0.0028087 0.00488702
628000 5.00593 -0.004711 0.0049576
629000 4.96785 -0.0103994 0.00491473
630000 4.97071 -0.0018783 0.00493058
631000 5.01707 -0.00280589 0.00497133
632000 5.01766 -0.00221251 0.00498454
633000 4.94425 -0.00374506 0.00489213
634000 5.15662 -0.00372843 0.00510481
635000 4.93864 -0.00576202 0.00490011
636000 4.91929 -0.00469506 0.00487919
637000 5.04775 -0.00666268 0.00499483
638000 5.01352 -0.00178045 0.00496007
639000 5.05979 -0.00565788 0.00501178
640000 4.89882 -0.00356913 0.00484663
641000 5.09828 -0.00809961 0.00505082
642000 4.95047 -0.00587659 0.00489936
643000 5.02398 -0.0042443 0.0049709
644000 4.99606 -0.00210776 0.00494995
645000 5.03542 -0.00456397 0.00498302
646000 4.96785 -0.00171448 0.00492259
647000 5.04713 -0.00501799 0.00500031
648000 4.86065 -0.00401823 0.0048168
649000 5.00131 -0.00396718 0.004948
650000 5.02114 -0.000946741 0.00499225
651000 5.04014 -0.00637786 0.0049898
652000 5.04105 -0.00682186 0.0049848
653000 5.01775 -0.00538153 0.00496992
654000 4.98335 -0.00427571 0.00494574
655000 5.06667 -0.00467634 0.00502167
656000 5.06016 -0.00451506 0.00501377
657000 5.07623 -0.00504883 0.00502033
658000 5.04732 -0.0032735 0.00499996
659000 5.06535 -0.00224373 0.00502053
660000 5.06468 -0.00253047 0.00502135
661000 5.06808 0.00275748 0.00505158
662000 5.05061 -0.00542156 0.00499719
663000 4.95671 -0.00697896 0.00490478
664000 5.04017 -0.00201029 0.00500521
665000 5.01416 -0.00495986 0.00497141
666000 5.11691 -0.00420723 0.0050662
667000 5.02355 -0.0093186 0.00496888
668000 4.99633 -0.00633177 0.00494102
669000 4.97378 -0.00447215 0.00492622
670000 4.91591 -0.0060749 0.0048669
671000 5.07385 -0.00480923 0.0050221
672000 4.8656 -0.00448845 0.00481311
673000 5.00887 -0.00125977 0.00496226
674000 4.91524 -0.00288066 0.00488742
675000 5.15707 -0.00391871 0.00511215
676000 5.15889 -0.00555558 0.00510852
677000 5.02199 -0.00649471 0.00496864
678000 5.00613 -0.0017189 0.00495807
679000 5.10378 -0.006594 0.00504697
680000 4.99329 -0.0024413 0.00494926
681000 5.01229 -0.00383738 0.00495819
682000 4.88875 -0.00314205 0.00484902
683000 4.99998 -0.00272759 0.00494968
684000 5.03762 -0.00520754 0.00498659
685000 5.0731 -0.00453051 0.00501717
686000 4.97126 -0.00325864 0.00491948
687000 5.13186 -0.00135916 0.00508828
688000 4.95293 -0.00824295 0.00489716
689000 5.01002 -0.0104342 0.00495663
690000 4.97544 0.000175607 0.00495193
691000 4.9366 -0.00240611 0.00489895
692000 4.93679 0.00122264 0.00492083
693000 5.13924 -0.0030863 0.00509678
694000 4.91042 -0.00525712 0.00486128
695000 4.99127 -0.00481167 0.00493966
696000 4.88606 -0.00434246 0.00484162
697000 5.14654 -0.00350822 0.00510155
698000 4.97587 -0.00259026 0.0049376
699000 4.9899 -0.0090599 0.00493731
700000 5.03723 -0.0037478 0.00499701
701000 4.89484 -0.00533282 0.00484349
702000 5.01204 -0.00462198 0.00496209
703000 5.00236 -0.00742482 0.0049541
704000 4.84783 -0.00322092 0.00481585
705000 4.97953 -0.00851829 0.0049271
706000 5.04264 -0.00353721 0.00499457
707000 5.06115 -0.00284268 0.00501201
708000 4.95459 -0.00245437 0.00491062
709000 4.97248 -0.00261488 0.00494002
710000 5.07491 -0.00240468 0.00502941
711000 5.06613 -0.00378495 0.00502237
712000 4.82404 -0.00728373 0.00477967
713000 5.12036 -0.0031415 0.00506371
714000 4.99145 -0.0051106 0.00494266
715000 5.1006 -0.00592815 0.00504784
716000 4.98641 -0.00290573 0.00493963
717000 4.84627 -0.00259988 0.00480109
718000 5.01208 -0.00296994 0.00497464
719000 4.94426 -0.00221597 0.0049109
720000 4.90987 -0.00648317 0.00486609
721000 4.99521 -0.00677848 0.00494062
722000 4.99817 -0.00340177 0.00495228
723000 4.99625 -0.00578291 0.00494704
724000 4.89102 -0.00413788 0.00484912
725000 5.05057 -0.00689542 0.00499733
726000 4.98788 -0.00494383 0.00494016
727000 4.96276 0.0014793 0.0049313
728000 5.0912 -0.00267548 0.00504065
729000 4.9282 -0.00438896 0.00488677
730000 4.93216 -0.00298716 0.00488499
731000 5.19019 -0.00800217 0.00514371
732000 4.86426 -0.00622322 0.00482081
733000 5.10386 -0.00250651 0.00505959
734000 5.03947 -0.00426889 0.00499026
735000 5.05027 -0.0030781 0.00501875
736000 4.91815 -0.00524614 0.00486869
737000 4.95166 -0.00512727 0.004903
738000 4.93739 -0.00514347 0.00488875
739000 5.0781 -0.00341683 0.0050233
740000 4.94644 -0.0031617 0.00489441
741000 4.90828 -0.00906002 0.00485778
742000 4.94425 -0.00441162 0.00489934
743000 5.11312 -0.00311 0.00506223
744000 5.03665 -0.00395705 0.00498768
745000 5.0041 -0.0048964 0.00494879
746000 4.88547 -0.00384904 0.00483625
747000 4.96341 -0.00289603 0.00491828
748000 4.86918 -0.00422785 0.00481863
749000 4.88564 -0.00444419 0.00483724
750000 4.921 -0.00411482 0.00488756
751000 4.90448 -0.00512783 0.00485556
752000 4.81334 -0.00479321 0.00476139
753000 5.12043 -0.00193209 0.00506904
754000 4.95692 -0.000600242 0.00491777
755000 5.14548 -0.00523206 0.00509342
756000 5.07053 -0.00432947 0.00501905
757000 5.03913 -0.00396353 0.0049874
758000 4.86507 -0.00308882 0.00482566
759000 4.93404 -0.00593716 0.00487821
760000 5.18279 -0.00518208 0.00512745
761000 4.86189 -0.00999181 0.00480907
762000 5.09371 -0.00405997 0.0050471
763000 4.77679 -0.00356645 0.00472891
764000 5.02795 -0.0048807 0.00498543
765000 4.97463 -0.007195 0.00493669
766000 5.16906 -0.00179245 0.00512712
767000 5.08134 -0.00572682 0.00503008
768000 4.85287 -0.00756173 0.00480477
769000 5.05235 -0.00477777 0.00500084
770000 4.82223 -0.00273763 0.00477888
771000 5.05807 -0.00219205 0.00500606
772000 4.9241 -0.00388386 0.00488683
773000 5.15497 -0.0035231 0.00510814
774000 4.89417 -0.0054884 0.00485115
775000 4.94433 -0.00123915 0.00491386
776000 4.99229 -0.00372224 0.00493896
777000 5.09822 -0.00634055 0.00504668
778000 4.82299 -0.00273232 0.00477546
779000 4.95062 -0.00358206 0.00490954
780000 5.01112 -0.0048348 0.00496389
781000 5.05446 -0.00172668 0.00501442
782000 4.99577 -0.00709142 0.0049425
783000 4.95731 -0.00490166 0.00491601
784000 5.10717 -0.00275442 0.00506156
785000 4.96323 -0.00368496 0.0049115
786000 4.97743 -0.00496781 0.00493559
787000 5.09346 -0.0075728 0.00505232
788000 5.07726 -0.00399508 0.00503994
789000 5.08771 -0.00386197 0.00503158
790000 5.08628 -0.0037274 0.00503657
791000 5.06069 -0.00348127 0.00502357
792000 5.07322 -0.0020702 0.00501974
793000 4.96318 -0.0052383 0.00491717
794000 4.95195 -0.00633148 0.0049022
795000 5.05514 -0.00317736 0.00501651
796000 5.10098 -0.00710612 0.00504437
797000 5.05281 -0.00451102 0.00499823
798000 4.94889 -0.00224383 0.00491973
799000 5.06676 -0.00461958 0.00501925
800000 5.01356 -0.00487222 0.00496127
801000 4.84363 -0.00494872 0.00479545
802000 4.97237 -0.00415394 0.00492434
803000 5.21364 -0.00561394 0.0051627
804000 5.10518 -0.0115848 0.00504261
805000 4.90735 -0.00501596 0.00486085
806000 4.94365 -0.00358251 0.00490408
807000 5.08931 -0.00178566 0.00505001
808000 5.03945 -0.0010962 0.00501092
809000 4.83571 -0.00479747 0.00478814
810000 5.16181 -0.00309276 0.00510936
811000 5.13611 -0.00735564 0.00508311
812000 4.89837 -0.00290891 0.00486157
813000 4.97733 -0.00297243 0.00493371
814000 5.11148 -0.00099835 0.00507914
815000 4.88189 -0.00308977 0.00484608
816000 4.944 -0.00094676 0.00490946
817000 5.13837 -0.00300431 0.0050922
818000 5.14686 -0.000900762 0.00509899
819000 4.95914 -0.00586369 0.00490558
820000 5.02044 -0.00719711 0.00496512
821000 4.90749 -0.00288015 0.0048596
822000 5.01062 -0.000106271 0.00498692
823000 5.04317 -0.00306658 0.00499149
824000 4.99357 -0.00355386 0.00494602
825000 4.89947 -0.00423231 0.00485322
826000 4.98735 -0.00259945 0.00493623
827000 5.13688 -0.00864592 0.00509153
828000 5.04986 -0.00952504 0.00500118
829000 4.82757 -0.00542887 0.00477953
830000 5.01742 -0.00394443 0.00496659
831000 5.21076 -0.00382869 0.00516488
832000 4.94154 -0.00501225 0.00489703
833000 4.97776 -0.0032156 0.0049292
834000 4.8425 -0.00437397 0.0047925
835000 5.16326 -0.00149197 0.0051264
836000 5.03122 0.000715254 0.00500752
837000 4.84753 -0.00361231 0.00479721
838000 5.11809 -0.00107832 0.00507715
839000 5.18923 -0.0043874 0.0051431
840000 4.83583 -0.00501864 0.00480128
841000 5.11748 -0.00580904 0.00507341
842000 4.89492 -0.00641049 0.00485019
843000 4.92601 -0.00371628 0.00487414
844000 4.96529 -0.00488125 0.00492195
845000 5.13089 -0.00343109 0.00507604
846000 5.12737 -0.00173879 0.00508007
847000 4.95314 -0.00167179 0.00491317
848000 4.9619 -0.0023519 0.0049154
849000 4.97733 -0.00402082 0.00492344
850000 4.96649 -0.00939854 0.00492355
851000 4.96687 -0.00244931 0.00491595
852000 5.05374 -0.00353167 0.00501605
853000 4.9729 -0.00412995 0.00492622
854000 5.07072 -0.0050225 0.00502372
855000 5.03905 -0.0057036 0.00498898
856000 4.91618 -0.00811923 0.00485959
857000 4.99188 -0.00401888 0.00495562
858000 5.07229 -0.00403222 0.00503188
859000 4.82782 -0.00488511 0.004777
860000 5.0861 -0.00472493 0.0050342
861000 4.88681 -0.00308088 0.00485958
862000 5.19526 -0.00328978 0.00514822
863000 4.94517 -0.00249774 0.00489288
864000 4.9543 -0.00584465 0.00490845
865000 5.02042 -0.00810245 0.00495977
866000 4.9628 -0.00621776 0.00491308
867000 5.00128 -0.00603384 0.00495523
868000 5.00048 -0.00332112 0.00495663
869000 4.96692 -0.00548234 0.00491717
870000 5.07141 -0.00310144 0.00503736
871000 4.9989 -0.00556612 0.00494521
872000 4.87402 -0.00252168 0.00483751
873000 4.90284 -0.00556048 0.00485731
874000 5.00803 -0.0095083 0.00495243
875000 4.85054 -0.00606649 0.00479709
876000 5.05873 -0.000542996 0.00502876
877000 5.07298 -0.00434764 0.00502539
878000 5.02814 -0.00417044 0.00498385
879000 5.05387 -0.00532418 0.00500658
880000 5.01633 -0.00464263 0.00497055
881000 5.1292 -0.00566097 0.00507647
882000 5.03691 -0.00263828 0.0049967
883000 4.98519 -0.00303144 0.00493333
884000 4.78978 -0.00425193 0.0047436
885000 4.99224 -0.00185588 0.00496649
886000 5.17767 -0.00924154 0.00512282
887000 5.13481 -0.006289 0.00508326
888000 4.83719 -0.00360914 0.00479215
889000 5.13895 -0.00409339 0.00508877
890000 5.02384 -0.0023391 0.00498554
891000 4.97914 -0.00645994 0.00492132
892000 4.91294 -0.0044291 0.00486484
893000 4.99916 -0.00517699 0.00494986
894000 4.98387 -0.00424066 0.00493322
895000 5.00062 -0.00270202 0.00495933
896000 5.03586 -0.00414083 0.00499051
897000 4.94473 -0.00433552 0.00490197
898000 5.10148 -0.00288357 0.00505077
899000 5.02262 -0.00425749 0.00496886
900000 5.04717 -0.00347083 0.00500849
901000 5.18323 -0.00311814 0.0051298
902000 5.08668 -0.00448995 0.00505063
903000 4.97688 -0.00304595 0.00493648
904000 5.11226 -0.00281274 0.00507976
905000 5.12284 -0.00481874 0.00507016
906000 5.01532 -0.00176196 0.00496232
907000 4.94488 -0.00176096 0.00490333
908000 4.91643 -0.00325049 0.0048771
909000 5.13496 -0.00597526 0.00508036
910000 4.97381 -0.00465736 0.00492861
911000 5.02672 -0.00566403 0.00497914
912000 4.81172 -0.00701658 0.00476472
913000 5.06291 -0.00510396 0.00500728
914000 5.12372 -0.00526539 0.00506812
915000 4.82493 -0.00636502 0.00477031
916000 5.11537 -0.00293476 0.00506161
917000 4.96087 -0.00275079 0.00491407
918000 4.8304 -0.00476107 0.00478038
919000 5.04685 -0.00577264 0.00501228
920000 4.9531 -0.0051071 0.00490228
921000 4.8937 -0.0055452 0.00485026
922000 4.93352 -0.00625411 0.00488384
923000 4.8757 -0.00556748 0.00482348
924000 5.20756 -0.000610785 0.00516559
925000 4.87019 -0.00400536 0.00482799
926000 5.17828 -0.00391117 0.00512652
927000 4.97372 -0.00339043 0.00491937
928000 4.8315 -0.00176929 0.00479445
929000 5.04873 -0.00196615 0.00502181
930000 4.96553 -0.00470503 0.00492029
931000 5.01629 -0.00775834 0.00496689
932000 5.04046 -0.00697283 0.00499101
933000 5.05957 -0.00598421 0.00500282
934000 4.92095 -0.00353021 0.0048712
935000 4.9597 -0.00662595 0.00490662
936000 5.12298 -0.0059112 0.00507202
937000 4.84219 -0.00409165 0.00480184
938000 5.01959 -0.00459415 0.00496558
939000 5.16956 -0.0041026 0.00511818
940000 4.92699 -0.00675137 0.00487355
941000 4.91617 -0.00442409 0.00486847
942000 5.03916 -0.00382133 0.0049902
943000 5.04195 -0.00414995 0.00498822
944000 4.9674 -0.00293908 0.00493203
945000 5.01893 -0.00377795 0.00497192
946000 5.01246 -0.00585946 0.00496144
947000 4.96264 -0.00754932 0.0049082
948000 5.05109 -0.00421969 0.00499541
949000 4.99874 -0.00447327 0.0049454
950000 4.88351 -0.00603662 0.00483465
951000 5.04875 -0.00405468 0.00499965
952000 5.07808 -0.00339777 0.00502675
953000 5.05178 -0.00833319 0.00499395
954000 4.97714 -0.00389969 0.0049264
955000 5.01161 -0.00426198 0.00495932
956000 4.88979 -0.00746054 0.00483464
957000 5.10609 -0.00362152 0.00505374
958000 5.0413 -0.0048193 0.00498535
959000 4.93728 -0.00583585 0.00488696
960000 5.00864 -0.00221895 0.00496304
961000 5.0139 -0.006093 0.00496251
962000 5.093 -0.00588793 0.00505061
963000 4.98743 -0.00260174 0.00495221
964000 4.96844 -0.00586614 0.00491477
965000 4.83412 -0.00485226 0.00478567
966000 4.91423 -0.00472351 0.00486894
967000 5.11561 -0.00475482 0.00506577
968000 4.91918 -0.0015043 0.00488299
969000 4.93693 -0.00473339 0.00489388
970000 4.94368 -0.00377632 0.00489694
971000 5.1063 -0.00368628 0.00505357
972000 4.94547 -0.00259993 0.0049017
973000 4.95904 -0.00564122 0.00491291
974000 5.00663 -0.00438337 0.00495479
975000 5.00882 -0.00248731 0.00496245
976000 4.99022 -0.00844151 0.00493965
977000 5.03188 -0.00795047 0.00497848
978000 4.99646 -0.0173383 0.00493078
979000 4.94548 -0.011176 0.00489345
980000 4.98175 -0.0126434 0.00493239
981000 5.05595 -0.00461825 0.00501618
982000 4.92277 -0.00913516 0.00486932
983000 4.89896 -0.00212536 0.00486342
984000 5.16287 -0.00600862 0.00510821
985000 5.09754 -0.00865578 0.0050397
986000 5.00987 -0.0062078 0.00496354
987000 4.84201 -0.00483597 0.00479529
988000 5.14368 -0.00966919 0.00509414
989000 5.05916 -0.00536297 0.00500829
990000 4.8432 -0.00534739 0.00480121
991000 5.102 -0.005903 0.00506708
992000 4.99512 -0.00747608 0.00494753
993000 4.96305 -0.00638712 0.00490687
994000 5.06658 -0.00204287 0.00503431
995000 4.94966 -0.00499636 0.00490228
996000 5.01912 -0.00319271 0.0049699
997000 4.90601 -0.0070307 0.00485398
998000 5.10437 -0.00208979 0.0050677
999000 5.03475 -0.00462654 0.00498006
1000000 4.8686 -0.00591976 0.00481734
1001000 5.12699 -0.00635199 0.00508192
1002000 4.99375 -0.00407199 0.00494129
1003000 4.93838 -0.0048029 0.0048878
1004000 5.04235 -0.00170222 0.00499435
1005000 4.92472 -0.00258857 0.00487774
1006000 5.06249 -0.0031832 0.00500986
1007000 5.05851 -0.00249762 0.00500752
1008000 5.01168 -0.00465948 0.00496052
1009000 5.0568 -0.00204741 0.00501912
1010000 4.9235 -0.00656239 0.00487031
1011000 4.98764 -0.00360294 0.00493947
1012000 5.01023 -0.00596434 0.00496754
1013000 4.97017 -0.00307225 0.00492064
1014000 5.1444 -0.00750396 0.00509459
1015000 4.89707 -0.00275639 0.00484953
1016000 4.99751 -0.00458605 0.00495852
1017000 4.91009 -0.00175931 0.00487786
1018000 5.10545 -0.00545827 0.00505892
1019000 4.98591 -0.00379304 0.00494419
1020000 4.95045 -0.00651434 0.0048948
1021000 4.98863 -0.00395722 0.00493786
1022000 4.96945 -0.00554714 0.00491617
1023000 4.97331 -0.00420603 0.00492097
1024000 4.93293 -0.00354882 0.00489991
1025000 4.93087 -0.00431706 0.00488475
1026000 5.15005 -0.00303563 0.00510368
1027000 4.95291 -0.00277934 0.00491402
1028000 5.08624 -0.00365798 0.00503498
1029000 5.07707 -0.00280736 0.00502842
1030000 5.06389 -0.00275186 0.00501534
1031000 4.94212 -0.00936387 0.00489062
1032000 4.97429 -0.00581793 0.00492498
1033000 5.0978 -0.0035908 0.00504671
1034000 4.89276 -0.00653317 0.00484542
1035000 5.00617 -0.00586954 0.00496151
1036000 5.0174 -0.00605104 0.00498132
1037000 4.88898 -0.00514426 0.004835
1038000 4.97734 -0.00311565 0.00492828
1039000 4.97376 0.000361247 0.00495579
1040000 5.06467 -0.00705104 0.00502272
1041000 4.89338 -0.00194758 0.00484509
1042000 4.96692 -0.00529789 0.0049181
1043000 5.09189 -0.00241562 0.00504111
1044000 4.94804 -0.00557135 0.0048958
1045000 5.0574 -0.003339 0.00500498
1046000 5.01116 -0.00597104 0.00495942
1047000 4.9663 -0.00932609 0.00491209
1048000 5.01136 -0.00121887 0.00498143
1049000 5.06821 -0.00694635 0.00502006
1050000 5.09847 -0.000962306 0.00506525
1051000 5.09523 -0.00477271 0.00504838
1052000 4.8314 -0.00269954 0.00478134
1053000 5.0378 -0.00320502 0.00499068
1054000 4.9514 -0.0060405 0.00490075
1055000 4.95257 -0.00431313 0.00490772
1056000 5.11599 -0.00453396 0.00506662
1057000 4.95212 -0.0036543 0.00490556
1058000 4.98647 -0.00309549 0.00493765
1059000 4.97602 -0.0010874 0.00493741
1060000 5.04235 -0.00526362 0.00499043
1061000 4.89152 -0.0114284 0.0048452
1062000 4.98638 -0.0150956 0.00494152
1063000 5.06535 -0.0141987 0.00501103
1064000 4.96006 -0.0125229 0.00490847
1065000 5.00338 -0.0109553 0.00496262
1066000 4.92956 -0.0137549 0.00487407
1067000 4.97625 -0.0129906 0.00493454
1068000 5.09613 -0.0167336 0.00503966
1069000 4.96972 -0.0136042 0.00492461
1070000 4.82793 -0.0139628 0.0047842
1071000 5.08857 -0.0109135 0.00505
1072000 5.02598 -0.00827738 0.00500585
1073000 4.94838 -0.00971485 0.00491447
1074000 5.00956 -0.0167984 0.00496854
1075000 4.97195 -0.0250436 0.00491001
1076000 4.99393 -0.0220699 0.00493764
1077000 4.96053 -0.0239464 0.00490329
1078000 4.97394 -0.0236048 0.00491797
1079000 4.91378 -0.0260552 0.00486447
1080000 4.99428 -0.0121002 0.00494308
1081000 4.93003 -0.0118981 0.0048952
1082000 4.80556 -0.0143684 0.0047518
1083000 4.98429 -0.0150581 0.0049456
1084000 5.04371 -0.0126546 0.00498877
1085000 5.00231 -0.0109882 0.00495951
1086000 5.0116 -0.0133628 0.00497162
1087000 4.94254 -0.00712046 0.00489312
1088000 5.07795 -0.00522758 0.00502553
1089000 5.14471 -0.00566754 0.00509672
1090000 4.87878 -0.00412592 0.00483446
1091000 4.98569 -0.00372276 0.00495146
1092000 5.13978 -0.00311127 0.00509654
1093000 4.88955 -0.00543115 0.00483652
1094000 5.00477 -0.00294345 0.00496239
1095000 4.98513 -0.0035325 0.00495406
1096000 5.02635 -0.00403121 0.00497314
1097000 5.01414 -0.0047046 0.0049607
1098000 4.94549 -0.00533484 0.00489463
1099000 5.12255 -0.0058843 0.00507631
1100000 4.88732 -0.0041414 0.00484959
