# Time-averaged data for fix 2
# TimeStep v_Temperature v_PotentialEnergy v_Pressure
1000 4.43782 -0.550122 0.461636
2000 4.9087 -0.527001 0.512306
3000 5.01676 -0.493549 0.53828
4000 4.94357 -0.479463 0.524917
5000 4.85177 -0.484526 0.504016
6000 5.02395 -0.474915 0.540376
7000 5.14482 -0.457082 0.555224
8000 4.99458 -0.46317 0.542915
9000 5.03586 -0.487071 0.532975
10000 4.96518 -0.510169 0.524102
11000 5.00178 -0.474911 0.532452
12000 5.00168 -0.522335 0.533438
13000 5.13116 -0.513934 0.537505
14000 5.08376 -0.487286 0.539559
15000 4.96618 -0.499893 0.52517
16000 4.80556 -0.525989 0.499575
17000 4.99265 -0.502646 0.526718
18000 5.24705 -0.499601 0.550741
19000 4.81007 -0.506178 0.508693
20000 5.10473 -0.498109 0.545876
21000 4.95003 -0.469147 0.523355
22000 5.00251 -0.532937 0.522329
23000 4.90771 -0.499788 0.52245
24000 4.94974 -0.517492 0.522534
25000 4.91871 -0.505328 0.514851
26000 5.16074 -0.520035 0.547116
27000 4.96216 -0.507549 0.525159
28000 4.98505 -0.478112 0.532851
29000 4.99375 -0.477275 0.53127
30000 4.83796 -0.497929 0.508304
31000 5.06118 -0.489403 0.539065
32000 4.92283 -0.526862 0.508423
33000 5.12508 -0.479013 0.549908
34000 5.20486 -0.498863 0.557417
35000 4.96099 -0.497906 0.530358
36000 4.85274 -0.500818 0.505945
37000 5.17314 -0.490566 0.541124
38000 4.86977 -0.533155 0.505159
39000 5.00403 -0.496665 0.533108
40000 5.20625 -0.499194 0.555529
41000 4.87949 -0.519696 0.515638
42000 5.10422 -0.540281 0.531892
43000 4.95265 -0.515453 0.521889
44000 5.02675 -0.488532 0.531409
45000 5.00179 -0.508944 0.530917
46000 4.92643 -0.493274 0.517579
47000 4.99398 -0.501377 0.521799
48000 4.98178 -0.498555 0.529458
49000 5.0284 -0.506865 0.523647
50000 5.13622 -0.504551 0.541175
51000 4.89723 -0.465618 0.522368
52000 5.02025 -0.513235 0.52527
53000 5.04312 -0.517122 0.52207
54000 5.01369 -0.529299 0.52263
55000 4.99618 -0.529177 0.515683
56000 4.83564 -0.509541 0.504916
57000 4.84636 -0.560915 0.495196
58000 5.03555 -0.519719 0.538449
59000 4.99895 -0.548692 0.516122
60000 5.04352 -0.513389 0.52672
61000 4.91932 -0.51169 0.516593
62000 5.18484 -0.487799 0.548827
63000 4.91449 -0.507384 0.519472
64000 4.9434 -0.505433 0.52303
65000 5.04535 -0.555468 0.52765
66000 5.18925 -0.504354 0.545612
67000 5.07303 -0.496596 0.533902
68000 5.01435 -0.502528 0.519674
69000 4.93875 -0.491501 0.531321
70000 4.98199 -0.517615 0.521482
71000 5.13695 -0.495658 0.545132
72000 4.80879 -0.510844 0.512751
73000 5.08854 -0.464206 0.549858
74000 4.938 -0.460448 0.532271
75000 5.00861 -0.494276 0.523614
76000 5.00216 -0.479098 0.529874
77000 5.03588 -0.493057 0.539584
78000 4.93164 -0.50958 0.520958
79000 5.07787 -0.52636 0.538431
80000 5.00275 -0.455214 0.552302
81000 5.07888 -0.508565 0.536987
82000 4.97745 -0.511991 0.519703
83000 4.8729 -0.498469 0.516543
84000 5.09822 -0.467618 0.54858
85000 4.97692 -0.492145 0.534813
86000 5.06041 -0.478734 0.538717
87000 4.85711 -0.518356 0.508236
88000 5.0607 -0.494344 0.542743
89000 4.99423 -0.515413 0.519983
90000 4.93339 -0.50693 0.511182
91000 5.10996 -0.501373 0.5436
92000 4.94812 -0.482069 0.51993
93000 4.89878 -0.53278 0.508408
94000 5.13861 -0.481684 0.551363
95000 5.05108 -0.490895 0.539699
96000 5.00069 -0.483079 0.541471
97000 4.86979 -0.513668 0.517058
98000 5.08353 -0.486007 0.54216
99000 5.00425 -0.514267 0.521793
100000 4.77029 -0.517745 0.502732
101000 5.12439 -0.463641 0.553367
102000 5.04374 -0.479941 0.53516
103000 4.84391 -0.523647 0.515833
104000 4.94994 -0.522193 0.519044
105000 4.8898 -0.505587 0.524978
106000 5.00487 -0.485079 0.52406
107000 4.91131 -0.497169 0.514814
108000 5.00969 -0.509307 0.528644
109000 4.95595 -0.481896 0.534915
110000 5.03178 -0.486009 0.532992
111000 5.13447 -0.530749 0.541005
112000 4.86455 -0.509991 0.522912
113000 5.04032 -0.507484 0.536489
114000 4.99634 -0.495909 0.524756
115000 4.96659 -0.501577 0.52091
116000 5.0767 -0.469416 0.547144
117000 4.89703 -0.462836 0.524435
118000 5.03966 -0.490292 0.544419
119000 5.0184 -0.461856 0.543951
120000 4.99388 -0.508932 0.527204
121000 4.9794 -0.513021 0.517167
122000 5.08908 -0.505205 0.534028
123000 4.98724 -0.477809 0.535657
124000 4.9284 -0.524556 0.521998
125000 4.96683 -0.500909 0.518924
126000 5.19958 -0.487626 0.555656
127000 4.83403 -0.50879 0.512574
128000 5.11629 -0.448786 0.55969
129000 5.08571 -0.50221 0.522763
130000 4.83448 -0.535636 0.511323
131000 5.14489 -0.479956 0.554217
132000 5.08101 -0.492419 0.542373
133000 4.88138 -0.472393 0.525772
134000 4.97874 -0.501658 0.529098
135000 5.10044 -0.509808 0.533801
136000 4.91608 -0.514955 0.525699
137000 5.03297 -0.492651 0.522403
138000 5.13505 -0.490086 0.554599
139000 5.13702 -0.498706 0.541143
140000 4.99411 -0.544691 0.523737
141000 4.96988 -0.510929 0.522738
142000 4.96141 -0.482026 0.533029
143000 4.99898 -0.532392 0.522327
144000 4.95818 -0.525677 0.511749
145000 4.93823 -0.509117 0.513851
146000 4.97152 -0.49721 0.522613
147000 5.0507 -0.516678 0.534368
148000 4.9607 -0.537827 0.517365
149000 5.04723 -0.471681 0.549346
150000 5.04367 -0.500039 0.529563
151000 5.08317 -0.52079 0.529099
152000 4.81622 -0.466546 0.521824
153000 5.06863 -0.521891 0.535769
154000 4.9983 -0.473543 0.534592
155000 5.09381 -0.537793 0.531928
156000 5.14879 -0.503009 0.542348
157000 4.91412 -0.510534 0.509997
158000 5.09886 -0.46466 0.545844
159000 4.84871 -0.502161 0.510993
160000 5.04506 -0.508707 0.540524
161000 4.9156 -0.469497 0.521414
162000 5.10687 -0.484595 0.542198
163000 4.86272 -0.491726 0.526183
164000 4.98726 -0.521065 0.525227
165000 4.82291 -0.517308 0.508882
166000 4.92925 -0.476438 0.528274
167000 4.97446 -0.496638 0.519509
168000 5.00587 -0.531829 0.521019
169000 4.9672 -0.495364 0.53564
170000 4.99031 -0.508589 0.530052
171000 4.99153 -0.497174 0.518823
172000 4.96475 -0.456385 0.543541
173000 5.07374 -0.489471 0.537899
174000 5.03811 -0.481492 0.535047
175000 5.07145 -0.501367 0.52547
176000 5.05868 -0.529365 0.528102
177000 5.05973 -0.508434 0.54692
178000 4.99305 -0.532415 0.512754
179000 4.96037 -0.500528 0.528708
180000 5.08926 -0.499155 0.53814
181000 4.8453 -0.513829 0.498036
182000 5.09296 -0.492178 0.539566
183000 4.95679 -0.519083 0.516789
184000 5.04894 -0.487524 0.550378
185000 5.03369 -0.503837 0.530377
186000 4.82398 -0.520647 0.507152
187000 5.02877 -0.51822 0.523251
188000 5.09606 -0.469729 0.541527
189000 4.95739 -0.534972 0.520123
190000 4.87781 -0.528136 0.502585
191000 4.92516 -0.497384 0.511337
192000 4.9297 -0.515872 0.518902
193000 4.95748 -0.503798 0.523168
194000 5.03302 -0.479256 0.530327
195000 4.99296 -0.488305 0.529867
196000 4.98687 -0.517698 0.521603
197000 5.04165 -0.51461 0.525436
198000 4.97557 -0.47734 0.525705
199000 5.09524 -0.508182 0.542113
200000 5.00265 -0.519321 0.528667
201000 5.01021 -0.510569 0.521699
202000 4.84642 -0.539825 0.501677
203000 4.8971 -0.495583 0.513748
204000 4.94517 -0.502821 0.527588
205000 4.89734 -0.504864 0.512919
206000 4.8279 -0.495538 0.507193
207000 5.03268 -0.466185 0.534439
208000 4.95729 -0.508436 0.536078
209000 4.98385 -0.503276 0.522787
210000 5.00399 -0.495009 0.529503
211000 5.0838 -0.512922 0.545861
212000 4.8679 -0.502902 0.521024
213000 5.22739 -0.524157 0.546268
214000 4.99585 -0.486585 0.536852
215000 5.13774 -0.490696 0.544122
216000 4.88764 -0.531217 0.508854
217000 4.99605 -0.518686 0.532345
218000 5.03268 -0.467345 0.534782
219000 5.05881 -0.51295 0.524479
220000 4.94807 -0.482497 0.524366
221000 4.96952 -0.502377 0.516054
222000 5.02555 -0.509144 0.534353
223000 4.9778 -0.502333 0.530639
224000 4.87375 -0.505356 0.529292
225000 4.80574 -0.525972 0.51494
226000 4.99711 -0.49901 0.526022
227000 5.04852 -0.482289 0.531825
228000 4.94067 -0.510232 0.530213
229000 5.0531 -0.514727 0.531461
230000 4.97861 -0.506422 0.524539
231000 4.91953 -0.502483 0.513523
232000 4.94775 -0.504538 0.518277
233000 4.94439 -0.511083 0.515621
234000 5.04129 -0.524194 0.529043
235000 5.0856 -0.480352 0.541592
236000 5.03063 -0.500665 0.522646
237000 4.92334 -0.505048 0.518914
238000 5.15455 -0.496676 0.552628
239000 5.25018 -0.505142 0.554713
240000 4.91757 -0.491721 0.512677
241000 4.81762 -0.488391 0.508082
242000 4.9283 -0.498706 0.523714
243000 5.10757 -0.471906 0.555994
244000 5.21251 -0.485174 0.565318
245000 4.93985 -0.520452 0.528878
246000 4.93477 -0.512365 0.517523
247000 4.97733 -0.478827 0.534758
248000 5.13376 -0.531601 0.530425
249000 4.92857 -0.509232 0.513181
250000 5.14803 -0.509504 0.545047
251000 4.9816 -0.497534 0.525338
252000 4.96612 -0.523395 0.531882
253000 4.98217 -0.47959 0.533936
254000 5.00633 -0.468494 0.54208
255000 4.90132 -0.519597 0.514266
256000 5.12777 -0.503692 0.545263
257000 5.11427 -0.523102 0.542331
258000 4.86742 -0.514785 0.518555
259000 5.03168 -0.481496 0.539204
260000 4.90211 -0.494287 0.521269
261000 5.01568 -0.490188 0.533235
262000 5.01854 -0.501142 0.527927
263000 5.00637 -0.535916 0.515638
264000 4.92862 -0.536045 0.522805
265000 5.00748 -0.505077 0.525019
266000 5.18337 -0.513055 0.551019
267000 5.12331 -0.491312 0.547724
268000 4.89022 -0.485336 0.509948
269000 4.96498 -0.50991 0.51962
270000 4.89276 -0.493451 0.529114
271000 5.10063 -0.493716 0.536505
272000 4.96444 -0.500914 0.528543
273000 4.99699 -0.538992 0.527765
274000 4.96887 -0.494782 0.526547
275000 4.94402 -0.508265 0.518939
276000 5.0576 -0.488003 0.531043
277000 4.94584 -0.541589 0.514538
278000 4.9851 -0.521687 0.524418
279000 5.00392 -0.465832 0.52941
280000 5.15379 -0.534485 0.538746
281000 4.96368 -0.482987 0.531229
282000 5.13933 -0.498674 0.539357
283000 4.92459 -0.51781 0.521574
284000 4.91363 -0.469851 0.530442
285000 4.99125 -0.52987 0.518739
286000 4.95713 -0.494813 0.527182
287000 4.97155 -0.499125 0.523304
288000 4.9503 -0.527532 0.515002
289000 4.96704 -0.492428 0.528045
290000 4.95663 -0.52514 0.522969
291000 4.95913 -0.496057 0.519989
292000 4.98347 -0.50072 0.525238
293000 4.9223 -0.522449 0.513055
294000 4.93663 -0.512542 0.517842
295000 5.0851 -0.495663 0.539336
296000 5.15396 -0.491162 0.543805
297000 4.81647 -0.54065 0.501578
298000 5.05871 -0.510612 0.536274
299000 5.14076 -0.510746 0.534009
300000 4.86282 -0.515843 0.509197
301000 5.15486 -0.532312 0.537227
302000 4.87933 -0.506472 0.50849
303000 5.10937 -0.517574 0.530341
304000 4.76389 -0.497345 0.504935
305000 5.17739 -0.481534 0.557392
306000 5.03297 -0.504594 0.536006
307000 4.85437 -0.50964 0.507939
308000 5.0207 -0.531426 0.525692
309000 4.85848 -0.502148 0.516962
310000 5.15812 -0.469591 0.553647
311000 4.89354 -0.494855 0.520767
312000 5.0015 -0.494756 0.525597
313000 4.93554 -0.485543 0.532079
314000 5.05331 -0.513036 0.531691
315000 5.04982 -0.518587 0.53253
316000 5.07294 -0.50891 0.525233
317000 4.83444 -0.538504 0.4959
318000 5.16637 -0.477457 0.54612
319000 4.86203 -0.509906 0.507069
320000 5.20334 -0.500775 0.555125
321000 4.97394 -0.497922 0.523239
322000 4.80264 -0.509309 0.502989
323000 5.20165 -0.499639 0.550548
324000 4.92516 -0.525188 0.519001
325000 4.92946 -0.509057 0.526315
326000 4.99527 -0.499014 0.530749
327000 5.07182 -0.522213 0.526174
328000 5.04521 -0.502186 0.541895
329000 4.95403 -0.49044 0.529593
330000 5.05715 -0.490749 0.53251
331000 4.92049 -0.534357 0.522674
332000 4.95341 -0.491433 0.524724
333000 5.15887 -0.518954 0.530961
334000 5.07665 -0.49416 0.540363
335000 5.05225 -0.488651 0.534284
336000 5.05307 -0.479015 0.542083
337000 5.082 -0.515337 0.5289
338000 4.97304 -0.50709 0.521398
339000 4.989 -0.511798 0.530376
340000 5.18861 -0.51435 0.542908
341000 4.95246 -0.501454 0.535708
342000 4.89496 -0.498372 0.520195
343000 5.17194 -0.48748 0.547891
344000 5.02122 -0.486479 0.537388
345000 4.96109 -0.485962 0.530152
346000 4.91934 -0.519078 0.516684
347000 4.9836 -0.500448 0.523801
348000 4.98249 -0.521585 0.517874
349000 5.02325 -0.525587 0.531524
350000 5.06274 -0.509097 0.53441
351000 4.88788 -0.506931 0.510962
352000 5.04049 -0.50084 0.538725
353000 5.073 -0.478415 0.537755
354000 4.98591 -0.485232 0.536444
355000 4.91369 -0.501755 0.524333
356000 5.01699 -0.497706 0.526789
357000 5.07628 -0.496248 0.531065
358000 5.06866 -0.537355 0.52397
359000 5.04273 -0.516783 0.529771
360000 5.14842 -0.497313 0.54038
361000 4.98257 -0.485616 0.533275
362000 5.02556 -0.520498 0.527309
363000 4.87895 -0.509567 0.51174
364000 5.05915 -0.499746 0.534749
365000 4.90236 -0.499831 0.508626
366000 4.81302 -0.517001 0.502228
367000 4.8875 -0.514745 0.520847
368000 5.14593 -0.494408 0.542542
369000 5.0206 -0.49568 0.545774
370000 4.88408 -0.519825 0.510368
371000 5.17195 -0.518035 0.546709
372000 5.02565 -0.519777 0.527624
373000 5.05884 -0.507112 0.532629
374000 4.95159 -0.487238 0.5284
375000 4.92873 -0.481728 0.52446
376000 5.00921 -0.516447 0.535442
377000 5.04356 -0.515295 0.531404
378000 4.91094 -0.492271 0.529081
379000 5.06655 -0.508137 0.53912
380000 5.0831 -0.493872 0.541574
381000 5.03864 -0.515563 0.52567
382000 4.98316 -0.499808 0.522161
383000 5.03758 -0.480257 0.540709
384000 4.90038 -0.503583 0.518705
385000 5.03933 -0.47648 0.535625
386000 5.01108 -0.515032 0.528418
387000 4.94222 -0.525607 0.514276
388000 5.14569 -0.511967 0.542456
389000 4.90558 -0.461776 0.53199
390000 4.9468 -0.504825 0.51792
391000 5.01828 -0.501896 0.53331
392000 4.9832 -0.504123 0.529143
393000 5.16418 -0.51504 0.556302
394000 4.92603 -0.474604 0.522864
395000 4.98547 -0.516308 0.516678
396000 4.99834 -0.532377 0.519883
397000 5.0045 -0.515061 0.51805
398000 5.08678 -0.505844 0.540891
399000 4.93805 -0.490517 0.526
400000 4.95613 -0.485668 0.521379
401000 4.94045 -0.470823 0.520667
402000 4.96568 -0.500536 0.527743
403000 5.0761 -0.482808 0.533666
404000 4.92778 -0.479593 0.525516
405000 4.88987 -0.4929 0.511423
406000 5.15399 -0.480159 0.554484
407000 5.01744 -0.498676 0.535648
408000 4.9797 -0.522274 0.51932
409000 4.97498 -0.508552 0.523627
410000 4.97191 -0.495232 0.534194
411000 4.88611 -0.528968 0.516567
412000 5.02225 -0.508246 0.533681
413000 4.98476 -0.509458 0.522878
414000 5.12052 -0.514545 0.554144
415000 5.14988 -0.507455 0.545005
416000 4.86636 -0.486394 0.510309
417000 5.12399 -0.495858 0.537755
418000 5.08933 -0.511996 0.545738
419000 4.94008 -0.500283 0.529565
420000 4.88876 -0.470576 0.518732
421000 4.96928 -0.492315 0.517846
422000 4.90133 -0.481383 0.527349
423000 4.93264 -0.50308 0.523859
424000 4.9248 -0.53058 0.50226
425000 5.24686 -0.508978 0.546641
426000 4.86738 -0.485029 0.523447
427000 5.07869 -0.510557 0.531669
428000 4.80099 -0.526036 0.505465
429000 5.09167 -0.487379 0.543998
430000 4.9116 -0.497404 0.50676
431000 4.8641 -0.509645 0.519574
432000 5.19645 -0.519419 0.537517
433000 4.83718 -0.509335 0.50918
434000 5.12911 -0.488597 0.55194
435000 4.82311 -0.537196 0.498411
436000 5.11206 -0.495348 0.541286
437000 5.17773 -0.491829 0.54167
438000 4.88295 -0.502474 0.513338
439000 4.9889 -0.524562 0.521124
440000 5.13504 -0.538616 0.542245
441000 4.93258 -0.497847 0.521696
442000 5.04128 -0.504683 0.518083
443000 4.90239 -0.480535 0.530007
444000 4.9821 -0.507246 0.521139
445000 5.10004 -0.515733 0.531844
446000 5.12961 -0.491176 0.543228
447000 4.99679 -0.485433 0.530089
448000 4.94807 -0.529432 0.525645
449000 4.95724 -0.530477 0.513924
450000 5.06807 -0.525761 0.535315
451000 5.04528 -0.498874 0.53635
452000 4.85614 -0.532096 0.49818
453000 5.09997 -0.515007 0.535381
454000 5.04378 -0.4982 0.543115
455000 4.93799 -0.494077 0.538198
456000 5.07061 -0.499357 0.530437
457000 4.87226 -0.52376 0.511993
458000 5.06462 -0.505857 0.539845
459000 5.21948 -0.477289 0.553978
460000 4.98199 -0.492744 0.527233
461000 4.89847 -0.525294 0.520936
462000 5.01988 -0.531085 0.514858
463000 5.03175 -0.495713 0.543324
464000 5.03101 -0.485668 0.535099
465000 4.91418 -0.533722 0.520802
466000 5.0256 -0.490675 0.5276
467000 4.83847 -0.47429 0.517508
468000 4.82405 -0.526955 0.498023
469000 5.21943 -0.523067 0.540945
470000 4.86612 -0.498395 0.507419
471000 5.1845 -0.481625 0.551577
472000 4.82497 -0.492877 0.512359
473000 4.94924 -0.489215 0.529825
474000 5.06674 -0.504423 0.531363
475000 5.01778 -0.52115 0.530248
476000 4.91175 -0.509678 0.524646
477000 5.15865 -0.521745 0.545943
478000 5.04299 -0.508292 0.528519
479000 4.9422 -0.500284 0.520141
480000 4.83384 -0.490031 0.516168
481000 5.08117 -0.533429 0.543951
482000 5.00806 -0.542381 0.523637
483000 4.99294 -0.482864 0.525251
484000 4.84184 -0.504374 0.51023
485000 5.10097 -0.504741 0.543603
486000 4.8191 -0.519051 0.508946
487000 5.11544 -0.509161 0.540208
488000 4.93613 -0.52711 0.513574
489000 5.13759 -0.510254 0.54307
490000 5.08956 -0.494031 0.547883
491000 5.04421 -0.498874 0.542278
492000 5.06782 -0.507918 0.527227
493000 5.03563 -0.525488 0.530988
494000 5.04142 -0.489354 0.525329
495000 4.99151 -0.481152 0.539944
496000 5.0881 -0.531775 0.523433
497000 4.97892 -0.501652 0.529033
498000 4.95146 -0.493765 0.533558
499000 4.88498 -0.48959 0.524433
500000 4.91049 -0.492823 0.510918
501000 4.94076 -0.503214 0.5263
502000 5.18143 -0.529459 0.542281
503000 4.84853 -0.504396 0.511602
504000 4.94552 -0.490194 0.523633
505000 5.02449 -0.526007 0.513259
506000 5.06126 -0.495 0.545065
507000 4.80077 -0.510381 0.507801
508000 5.1257 -0.517302 0.555336
509000 4.85418 -0.495598 0.519748
510000 5.15666 -0.520072 0.539535
511000 4.92217 -0.528735 0.521488
512000 4.86043 -0.488952 0.512544
513000 4.96559 -0.520709 0.521018
514000 5.15615 -0.495538 0.554027
515000 4.79723 -0.498262 0.508585
516000 5.07632 -0.477347 0.533316
517000 5.00522 -0.529105 0.518119
518000 4.94082 -0.500662 0.526519
519000 5.16759 -0.490356 0.542503
520000 4.96481 -0.522142 0.525897
521000 4.95413 -0.501387 0.527191
522000 4.93596 -0.502943 0.517731
523000 4.92492 -0.496088 0.52776
524000 4.92083 -0.505665 0.511682
525000 4.95671 -0.492863 0.522153
526000 4.98468 -0.503509 0.529606
527000 5.06873 -0.494653 0.542983
528000 5.04355 -0.506014 0.535633
529000 4.89981 -0.52925 0.510837
530000 5.14872 -0.517634 0.541613
531000 4.99968 -0.503915 0.534125
532000 4.86705 -0.501438 0.508804
533000 4.96498 -0.529044 0.516575
534000 4.86326 -0.489515 0.525648
535000 5.07295 -0.512551 0.534286
536000 4.92675 -0.512633 0.51865
537000 5.09399 -0.471515 0.54477
538000 5.06844 -0.504733 0.535677
539000 4.99475 -0.492274 0.539726
540000 4.97794 -0.517232 0.525143
541000 5.10452 -0.479721 0.543385
542000 4.97749 -0.498522 0.518171
543000 5.08332 -0.498961 0.532459
544000 4.99523 -0.524022 0.526931
545000 4.90684 -0.502902 0.525368
546000 5.13617 -0.502318 0.549524
547000 4.98261 -0.529844 0.522719
548000 5.02436 -0.528813 0.514912
549000 5.0456 -0.503398 0.53469
550000 5.0396 -0.48187 0.546884
551000 5.02782 -0.504408 0.530088
552000 5.00683 -0.505196 0.51994
553000 5.05033 -0.518365 0.525797
554000 5.04026 -0.505644 0.534685
555000 4.85859 -0.515229 0.528467
556000 5.13838 -0.478346 0.534253
557000 4.97543 -0.516481 0.530882
558000 5.13959 -0.48519 0.549404
559000 5.08449 -0.529923 0.518492
560000 4.84995 -0.510844 0.512582
561000 5.06393 -0.498074 0.531128
562000 5.12052 -0.481282 0.54298
563000 4.91545 -0.485262 0.527481
564000 5.02477 -0.526792 0.520525
565000 4.9654 -0.511715 0.514564
566000 5.11265 -0.515176 0.545639
567000 4.8995 -0.505737 0.508027
568000 4.98307 -0.531316 0.517007
569000 5.02405 -0.486476 0.539115
570000 4.97882 -0.488778 0.535062
571000 4.9054 -0.499348 0.518269
572000 4.80174 -0.509865 0.503826
573000 4.87354 -0.506947 0.511824
574000 4.98601 -0.533273 0.520045
575000 4.93311 -0.497922 0.526764
576000 5.00333 -0.496557 0.532198
577000 4.84855 -0.528699 0.51035
578000 4.93251 -0.495588 0.516977
579000 5.0325 -0.489417 0.532018
580000 5.17805 -0.49676 0.543093
581000 5.06414 -0.511045 0.542312
582000 4.85866 -0.523224 0.514766
583000 4.96126 -0.528741 0.521331
584000 4.89842 -0.50884 0.503565
585000 4.96738 -0.536497 0.525484
586000 4.90793 -0.50694 0.514871
587000 5.21147 -0.494214 0.549018
588000 4.81783 -0.494834 0.510951
589000 5.12395 -0.499482 0.545844
590000 5.02643 -0.526657 0.524072
591000 4.88462 -0.517815 0.516037
592000 5.1052 -0.507242 0.540087
593000 4.98038 -0.508998 0.51934
594000 4.90351 -0.492258 0.524359
595000 5.13694 -0.494613 0.552987
596000 5.09218 -0.495728 0.540444
597000 4.855 -0.494711 0.519274
598000 5.03499 -0.453357 0.545408
599000 5.05602 -0.517883 0.533593
600000 4.79446 -0.514936 0.493483
601000 4.92637 -0.512961 0.526282
602000 4.93553 -0.514591 0.518143
603000 4.80238 -0.536857 0.505179
604000 4.8742 -0.49254 0.518528
605000 5.00669 -0.516143 0.523272
606000 5.02012 -0.478485 0.540079
607000 4.91728 -0.521644 0.514992
608000 5.14073 -0.482274 0.554538
609000 4.92653 -0.49803 0.525103
610000 5.00775 -0.496185 0.528146
611000 5.13375 -0.500715 0.538404
612000 4.83772 -0.491742 0.51386
613000 5.17191 -0.513195 0.528819
614000 4.86835 -0.496749 0.521096
615000 5.03095 -0.484325 0.54488
616000 5.02347 -0.508476 0.52776
617000 4.96544 -0.543577 0.508373
618000 4.96187 -0.513364 0.521755
619000 5.13798 -0.466963 0.554154
620000 4.86954 -0.524604 0.497939
621000 4.95055 -0.515671 0.51679
622000 5.08518 -0.481938 0.535238
623000 4.91199 -0.496629 0.526226
624000 5.06009 -0.501096 0.530988
625000 5.05695 -0.503177 0.53354
626000 5.00278 -0.495422 0.531031
627000 4.87815 -0.513707 0.517562
628000 4.96397 -0.511703 0.523216
629000 5.11106 -0.541727 0.531787
630000 4.94755 -0.503991 0.528629
631000 5.03842 -0.502164 0.534694
632000 4.87994 -0.527148 0.50525
633000 5.00245 -0.499931 0.533638
634000 5.16382 -0.490527 0.554487
635000 4.90713 -0.540291 0.506596
636000 4.99261 -0.521187 0.520818
637000 5.01697 -0.505764 0.531946
638000 5.095 -0.512743 0.532975
639000 5.1624 -0.517551 0.544225
640000 4.96498 -0.51526 0.513477
641000 5.02927 -0.50581 0.522349
642000 4.91012 -0.495133 0.506343
643000 4.95357 -0.517189 0.527014
644000 4.93782 -0.478227 0.523
645000 4.94575 -0.500976 0.519288
646000 4.93427 -0.488813 0.5148
647000 4.9275 -0.504362 0.519258
648000 5.0119 -0.492982 0.534496
649000 5.03072 -0.512547 0.527701
650000 5.16163 -0.485913 0.536817
651000 4.82849 -0.510406 0.494785
652000 5.12979 -0.493111 0.543984
653000 4.88354 -0.479657 0.526714
654000 5.05037 -0.5305 0.518218
655000 4.92452 -0.501877 0.527981
656000 4.96963 -0.508246 0.516315
657000 5.05323 -0.52295 0.522798
658000 4.93092 -0.486286 0.533909
659000 4.8965 -0.491731 0.523787
660000 5.14424 -0.525233 0.533738
661000 4.98952 -0.487536 0.532241
662000 5.09365 -0.495021 0.540064
663000 4.85388 -0.491361 0.514762
664000 4.90535 -0.504948 0.520977
665000 5.07142 -0.499827 0.527054
666000 4.89803 -0.522925 0.511243
667000 5.00873 -0.510083 0.531078
668000 4.95775 -0.516416 0.514715
669000 5.17698 -0.531159 0.542663
670000 5.21989 -0.507521 0.553557
671000 4.95583 -0.524669 0.503391
672000 4.9628 -0.482757 0.526093
673000 5.07513 -0.495027 0.52989
674000 4.97107 -0.498212 0.52982
675000 5.07868 -0.49804 0.53486
676000 4.94002 -0.522554 0.51816
677000 5.21951 -0.482993 0.558004
678000 4.94762 -0.508526 0.516895
679000 4.96651 -0.514111 0.518652
680000 4.89242 -0.530358 0.511817
681000 5.08169 -0.508258 0.538488
682000 5.03311 -0.513029 0.533335
683000 4.99029 -0.517034 0.531527
684000 4.78918 -0.520204 0.500969
685000 4.96523 -0.540986 0.507678
686000 5.11709 -0.466435 0.561807
687000 4.89298 -0.523692 0.51707
688000 4.98031 -0.508527 0.525891
689000 5.08801 -0.498904 0.534981
690000 4.89331 -0.484001 0.518303
691000 5.13752 -0.488638 0.547818
692000 4.87979 -0.509424 0.511748
693000 5.2089 -0.497223 0.557691
694000 4.76927 -0.500531 0.514663
695000 5.02807 -0.521844 0.521336
696000 5.06605 -0.495612 0.53679
697000 4.81456 -0.496147 0.517243
698000 5.06186 -0.484703 0.539526
699000 4.94276 -0.500813 0.533045
700000 5.14819 -0.490152 0.555316
701000 4.90311 -0.483571 0.524834
702000 4.97629 -0.495767 0.527505
703000 4.98209 -0.515958 0.523322
704000 4.88778 -0.463246 0.521496
705000 5.04599 -0.509429 0.531854
706000 5.08098 -0.510143 0.538996
707000 5.03858 -0.485289 0.537605
708000 5.03142 -0.536463 0.524281
709000 4.84088 -0.505482 0.512316
710000 5.01251 -0.550547 0.520305
711000 4.99117 -0.471685 0.547571
712000 5.01312 -0.466732 0.536994
713000 4.99939 -0.509752 0.522051
714000 5.05705 -0.501358 0.541537
715000 4.87468 -0.498697 0.514004
716000 4.96794 -0.508806 0.524213
717000 5.05566 -0.534345 0.529421
718000 4.87716 -0.529777 0.511238
719000 4.95184 -0.47331 0.538054
720000 5.08672 -0.523374 0.548975
721000 4.82094 -0.522592 0.512163
722000 5.21856 -0.508861 0.54392
723000 4.84276 -0.532698 0.500692
724000 5.1392 -0.525202 0.541409
725000 4.99448 -0.506141 0.524732
726000 4.9833 -0.5071 0.529147
727000 5.00383 -0.533966 0.523594
728000 5.18377 -0.467082 0.557975
729000 4.79138 -0.512407 0.51023
730000 5.12725 -0.483848 0.555187
731000 4.88156 -0.542973 0.510048
732000 4.93802 -0.521304 0.519875
733000 5.07774 -0.471305 0.535856
734000 4.95622 -0.510016 0.526372
735000 4.97625 -0.520639 0.517052
736000 4.97385 -0.51098 0.522678
737000 5.02939 -0.501531 0.522992
738000 4.92705 -0.458397 0.5298
739000 4.93809 -0.513407 0.525768
740000 4.94066 -0.4924 0.524918
741000 5.0003 -0.465163 0.532881
742000 5.00837 -0.472961 0.526988
743000 5.02676 -0.498968 0.529491
744000 5.06317 -0.485072 0.537801
745000 5.12746 -0.565959 0.526401
746000 5.04544 -0.516185 0.530338
747000 4.97646 -0.504946 0.53287
748000 4.90831 -0.506562 0.524433
749000 5.06312 -0.46881 0.548852
750000 5.06926 -0.478626 0.543566
751000 4.81369 -0.494371 0.511945
752000 5.0767 -0.461155 0.539969
753000 5.12637 -0.519407 0.534466
754000 5.0033 -0.550799 0.518044
755000 5.05138 -0.484715 0.534677
756000 5.02757 -0.479282 0.534994
757000 5.1057 -0.480259 0.540322
758000 4.79863 -0.546344 0.490206
759000 5.16368 -0.509421 0.536901
760000 5.06564 -0.494211 0.534277
761000 4.99771 -0.52459 0.513534
762000 5.12694 -0.484241 0.542015
763000 5.06701 -0.517428 0.529885
764000 5.03753 -0.532415 0.526892
765000 5.03268 -0.500503 0.534797
766000 4.88046 -0.548346 0.500549
767000 5.12662 -0.52364 0.541719
768000 4.91611 -0.521664 0.515737
769000 5.11316 -0.481539 0.546857
770000 5.1214 -0.504176 0.536291
771000 4.82375 -0.529002 0.503495
772000 5.04813 -0.487514 0.538409
773000 5.10851 -0.491094 0.548152
774000 4.92541 -0.496518 0.517519
775000 4.97963 -0.517833 0.520541
776000 4.92198 -0.499472 0.518173
777000 5.21997 -0.499999 0.557708
778000 5.04308 -0.497947 0.525947
779000 4.94727 -0.496232 0.517574
780000 5.04798 -0.501969 0.528976
781000 4.90016 -0.531685 0.513956
782000 5.02583 -0.495998 0.535349
783000 5.20552 -0.501292 0.54886
784000 5.12137 -0.479257 0.551135
785000 4.90361 -0.512433 0.517877
786000 4.98762 -0.479811 0.531528
787000 5.11611 -0.511925 0.541786
788000 4.89016 -0.521431 0.506928
789000 5.0175 -0.505438 0.528138
790000 5.13985 -0.506409 0.538257
791000 4.9648 -0.517475 0.520786
792000 5.01338 -0.510527 0.523272
793000 5.05453 -0.49351 0.536426
794000 5.10669 -0.534476 0.525154
795000 4.97679 -0.515405 0.529334
796000 4.92596 -0.478114 0.525889
797000 4.89232 -0.50388 0.515238
798000 5.06796 -0.477728 0.541639
799000 5.02014 -0.501249 0.528556
800000 5.11324 -0.50997 0.542299
801000 4.95578 -0.492257 0.527669
802000 5.03946 -0.499366 0.530629
803000 5.0148 -0.514705 0.525307
804000 4.79405 -0.476384 0.508355
805000 4.99752 -0.509546 0.529829
806000 5.11937 -0.513472 0.533247
807000 4.83028 -0.535375 0.508712
808000 5.13926 -0.524762 0.528164
809000 4.97018 -0.509273 0.521664
810000 5.02579 -0.471235 0.538345
811000 5.07564 -0.489476 0.535943
812000 4.80354 -0.504636 0.503514
813000 5.11924 -0.491578 0.53848
814000 5.06658 -0.48868 0.548695
815000 4.84279 -0.493952 0.516575
816000 4.94877 -0.499598 0.505232
817000 5.03307 -0.497461 0.525833
818000 5.03431 -0.513615 0.533698
819000 5.05359 -0.498735 0.530639
820000 4.90135 -0.50253 0.514368
821000 5.05243 -0.487132 0.542385
822000 4.92535 -0.50596 0.526235
823000 4.96028 -0.504345 0.531519
824000 5.10565 -0.518936 0.538701
825000 4.83405 -0.527218 0.513558
826000 5.15915 -0.497199 0.552626
827000 5.07518 -0.513574 0.53825
828000 5.08102 -0.496459 0.537349
829000 5.14261 -0.493216 0.547108
830000 5.02399 -0.5297 0.523303
831000 4.93239 -0.513774 0.50885
832000 5.17679 -0.532121 0.540843
833000 5.11267 -0.505801 0.54293
834000 4.9553 -0.502949 0.530615
835000 4.98725 -0.501337 0.530708
836000 5.09981 -0.516745 0.535194
837000 4.96488 -0.494167 0.525046
838000 4.96003 -0.5 0.526495
839000 4.94489 -0.507791 0.510132
840000 5.13271 -0.487291 0.55091
841000 4.86396 -0.51072 0.501655
842000 5.16676 -0.50333 0.542348
843000 4.955 -0.470495 0.530883
844000 5.0276 -0.519176 0.528056
845000 4.77253 -0.496241 0.501176
846000 5.14023 -0.500243 0.540014
847000 4.87159 -0.525083 0.511982
848000 5.14349 -0.490854 0.543989
849000 5.07685 -0.473598 0.548446
850000 5.01737 -0.485419 0.537274
851000 5.03266 -0.53123 0.526415
852000 5.18625 -0.512769 0.554127
853000 4.84051 -0.515746 0.515149
854000 5.14997 -0.484462 0.545756
855000 4.90845 -0.506777 0.518505
856000 5.02662 -0.52201 0.524747
857000 4.98443 -0.509828 0.525195
858000 4.94591 -0.494179 0.530928
859000 5.07056 -0.485203 0.548136
860000 4.94351 -0.507768 0.519724
861000 5.07219 -0.511706 0.525245
862000 5.18677 -0.504093 0.556302
863000 4.90348 -0.528795 0.522168
864000 5.06222 -0.5024 0.530979
865000 4.81037 -0.499807 0.511072
866000 4.93485 -0.49752 0.529476
867000 4.96322 -0.490627 0.530728
868000 4.89897 -0.505933 0.516517
869000 5.03823 -0.500059 0.53458
870000 5.03208 -0.523378 0.523561
871000 5.08861 -0.502165 0.538068
872000 4.87244 -0.500848 0.524838
873000 4.84809 -0.509133 0.515531
874000 5.0138 -0.505188 0.541092
875000 4.85615 -0.48523 0.517738
876000 4.96582 -0.498078 0.524808
877000 4.95411 -0.4859 0.530876
878000 4.89006 -0.50037 0.517635
879000 5.0765 -0.49229 0.544988
880000 5.02077 -0.504143 0.52322
881000 4.90734 -0.507497 0.520836
882000 5.02479 -0.481581 0.538262
883000 5.11997 -0.506409 0.537849
884000 4.90366 -0.538478 0.521315
885000 5.02468 -0.499383 0.531344
886000 5.06517 -0.530721 0.531037
887000 5.09547 -0.513411 0.533634
888000 4.99739 -0.537933 0.529465
889000 4.92142 -0.516563 0.523788
890000 5.12001 -0.510433 0.533508
891000 4.88569 -0.507972 0.51345
892000 4.98886 -0.487246 0.530966
893000 5.1478 -0.546253 0.542273
894000 4.9216 -0.512339 0.507025
895000 5.02194 -0.525194 0.522366
896000 4.99792 -0.510754 0.520701
897000 4.97794 -0.472203 0.534331
898000 5.00832 -0.51868 0.52578
899000 5.08899 -0.498784 0.52918
900000 5.06264 -0.508386 0.530768
901000 5.05902 -0.571035 0.532655
902000 4.93378 -0.505004 0.528371
903000 4.98694 -0.50077 0.52855
904000 5.08388 -0.504095 0.537217
905000 4.81918 -0.495825 0.513579
906000 5.16925 -0.504668 0.543635
907000 5.0616 -0.506644 0.523355
908000 5.09144 -0.501928 0.535973
909000 5.01803 -0.503999 0.531011
910000 4.96083 -0.49076 0.533165
911000 4.99076 -0.515932 0.524021
912000 4.99748 -0.500135 0.53013
913000 5.03139 -0.50608 0.536609
914000 4.96294 -0.515582 0.525748
915000 5.06974 -0.515435 0.534577
916000 4.90325 -0.523007 0.520996
917000 4.93133 -0.53444 0.52071
918000 4.90672 -0.511219 0.511607
919000 5.03302 -0.504205 0.537162
920000 4.99836 -0.497349 0.526764
921000 5.05456 -0.478308 0.538649
922000 4.88734 -0.541136 0.502279
923000 5.13275 -0.517945 0.540887
924000 4.83847 -0.525856 0.502141
925000 5.14377 -0.486188 0.554219
926000 4.95222 -0.507678 0.513941
927000 4.99835 -0.500954 0.534132
928000 5.02567 -0.481442 0.534017
929000 5.02656 -0.513808 0.521413
930000 4.95575 -0.5033 0.520316
931000 4.93725 -0.523246 0.520247
932000 4.94056 -0.487808 0.530565
933000 4.97275 -0.538515 0.528942
934000 5.08395 -0.511874 0.538063
935000 5.06062 -0.483499 0.534726
936000 5.07307 -0.509876 0.531882
937000 4.96601 -0.500301 0.521042
938000 5.05257 -0.470393 0.549979
939000 5.08024 -0.471716 0.542376
940000 4.88141 -0.545454 0.508911
941000 5.12892 -0.498391 0.538342
942000 5.22208 -0.500833 0.546937
943000 4.97321 -0.499368 0.526447
944000 5.11155 -0.447358 0.54965
945000 4.78815 -0.533391 0.499081
946000 5.12687 -0.478694 0.544968
947000 4.89797 -0.488623 0.522397
948000 5.19205 -0.493815 0.554255
949000 4.85425 -0.492353 0.505579
950000 5.03614 -0.479367 0.530141
951000 5.14858 -0.495032 0.538295
952000 4.92689 -0.52366 0.501806
953000 4.8783 -0.481243 0.52659
954000 5.10894 -0.483646 0.548981
955000 4.96211 -0.508719 0.519652
956000 4.92073 -0.543442 0.507553
957000 5.04127 -0.548153 0.524995
958000 5.00637 -0.502251 0.52705
959000 4.99262 -0.492372 0.530685
960000 4.89402 -0.501257 0.529421
961000 4.95333 -0.472908 0.535888
962000 4.98401 -0.505919 0.520083
963000 5.07124 -0.497884 0.533832
964000 4.9456 -0.517792 0.518679
965000 4.91121 -0.467857 0.532297
966000 4.97271 -0.517194 0.518474
967000 4.89463 -0.531158 0.509159
968000 4.96158 -0.496732 0.537772
969000 5.05343 -0.481367 0.543844
970000 4.97442 -0.522872 0.521033
971000 5.02459 -0.536145 0.523975
972000 4.9744 -0.524794 0.525409
973000 4.90175 -0.527569 0.520011
974000 4.84501 -0.531051 0.511581
975000 5.09208 -0.496056 0.545604
976000 4.92337 -0.509889 0.502136
977000 4.86118 -0.490202 0.521866
978000 5.09804 -0.497109 0.541518
979000 4.97016 -0.513061 0.516949
980000 4.90524 -0.515633 0.503569
981000 5.14488 -0.481366 0.547565
982000 5.07027 -0.484981 0.533525
983000 4.82055 -0.506871 0.512963
984000 5.10936 -0.520608 0.539209
985000 5.03405 -0.520413 0.536947
986000 4.99643 -0.480208 0.533201
987000 4.89936 -0.495839 0.525335
988000 5.15988 -0.480076 0.560983
989000 4.82079 -0.500498 0.51657
990000 5.06977 -0.484817 0.545732
991000 5.12168 -0.513149 0.531932
992000 5.08468 -0.500485 0.522363
993000 5.09599 -0.465589 0.540785
994000 5.09302 -0.480322 0.547595
995000 4.86783 -0.557622 0.507115
996000 5.16397 -0.48637 0.546343
997000 4.79851 -0.504055 0.512118
998000 5.15725 -0.536945 0.532615
999000 5.0027 -0.521887 0.535383
1000000 4.91274 -0.520779 0.514726
1001000 5.11482 -0.490556 0.548459
1002000 4.89283 -0.510108 0.5219
1003000 4.99066 -0.510816 0.524674
1004000 4.87607 -0.491725 0.530914
1005000 4.88646 -0.496206 0.520722
1006000 5.20575 -0.510654 0.5534
1007000 4.79316 -0.501049 0.510026
1008000 5.11134 -0.530919 0.534124
1009000 4.8381 -0.485655 0.524908
1010000 5.00527 -0.492115 0.520785
1011000 5.22836 -0.515953 0.559319
1012000 5.02694 -0.504337 0.540514
1013000 4.93596 -0.475808 0.531206
1014000 4.91985 -0.519101 0.507849
1015000 5.01076 -0.512999 0.525146
1016000 5.11084 -0.507542 0.542148
1017000 5.06478 -0.506313 0.524828
1018000 4.83836 -0.51759 0.514392
1019000 5.15493 -0.520319 0.547752
1020000 4.89291 -0.518581 0.522122
1021000 5.00069 -0.498286 0.519352
1022000 5.09959 -0.500648 0.544693
1023000 5.05605 -0.471845 0.547114
1024000 5.08377 -0.522256 0.526415
1025000 5.08617 -0.520274 0.523057
1026000 4.94692 -0.536842 0.525308
1027000 5.18117 -0.496081 0.54918
1028000 4.87318 -0.502221 0.515185
1029000 5.08354 -0.500194 0.535824
1030000 4.86859 -0.496666 0.51684
1031000 4.98805 -0.494412 0.527161
1032000 5.08392 -0.505817 0.529655
1033000 5.02023 -0.504852 0.540061
1034000 4.82896 -0.469164 0.521335
1035000 4.9655 -0.493079 0.529351
1036000 5.05377 -0.51344 0.519049
1037000 4.98415 -0.514348 0.519329
1038000 5.00983 -0.473536 0.54275
1039000 4.92838 -0.487257 0.526567
1040000 5.13354 -0.489557 0.550121
1041000 4.9529 -0.496983 0.525026
1042000 5.07411 -0.494352 0.533393
1043000 5.03119 -0.498857 0.544794
1044000 4.88323 -0.474082 0.519918
1045000 5.11843 -0.520391 0.530106
1046000 5.05626 -0.483309 0.536435
1047000 4.80494 -0.508709 0.498012
1048000 5.01027 -0.514836 0.521361
1049000 4.95482 -0.525056 0.521161
1050000 5.19122 -0.468234 0.568362
1051000 4.79233 -0.515848 0.511884
1052000 5.09543 -0.483277 0.537269
1053000 4.82357 -0.537823 0.500319
1054000 4.96632 -0.514502 0.533055
1055000 5.23095 -0.498851 0.547995
1056000 4.95148 -0.493863 0.519783
1057000 5.00027 -0.521306 0.519852
1058000 4.96936 -0.531755 0.529516
1059000 5.19389 -0.490002 0.545023
1060000 4.83135 -0.530896 0.509059
1061000 4.8605 -0.528083 0.514177
1062000 5.19914 -0.48818 0.566732
1063000 4.91406 -0.510775 0.512925
1064000 5.13395 -0.521537 0.534757
1065000 4.93564 -0.483352 0.528788
1066000 5.04773 -0.503336 0.526674
1067000 4.96012 -0.540929 0.510076
1068000 5.15844 -0.466942 0.559376
1069000 4.9475 -0.531348 0.517415
1070000 5.05051 -0.497826 0.537751
1071000 4.98597 -0.474851 0.533593
1072000 5.15551 -0.509844 0.545975
1073000 5.06636 -0.530902 0.538946
1074000 4.98276 -0.512666 0.528239
1075000 4.91624 -0.5171 0.516577
1076000 5.13441 -0.496281 0.559506
1077000 5.03501 -0.477732 0.532375
1078000 4.9582 -0.4939 0.525647
1079000 4.93698 -0.500538 0.518427
1080000 4.971 -0.48638 0.529802
1081000 5.03209 -0.469926 0.53432
1082000 4.98563 -0.489327 0.52798
1083000 5.06779 -0.48552 0.532818
1084000 4.84488 -0.502606 0.517453
1085000 5.08598 -0.498976 0.539148
1086000 4.93893 -0.52682 0.522935
1087000 4.86027 -0.522219 0.5087
1088000 4.97265 -0.516345 0.519634
1089000 4.97886 -0.514581 0.518496
1090000 5.15763 -0.506743 0.547098
1091000 5.12141 -0.533169 0.534322
1092000 4.8174 -0.532765 0.503805
1093000 5.08597 -0.492164 0.526757
1094000 5.14079 -0.483856 0.542026
1095000 4.98349 -0.501932 0.519012
1096000 5.07736 -0.515196 0.538294
1097000 5.10218 -0.502345 0.528039
1098000 4.82985 -0.547565 0.503266
1099000 5.06817 -0.478012 0.540766
1100000 4.97778 -0.491126 0.531791
