# Time-averaged data for fix 2
# TimeStep v_Temperature v_PotentialEnergy v_Pressure
1000 0.78831 -0.126021 0.00730054
2000 0.727204 -0.123209 0.00657059
3000 0.767734 -0.114108 0.00691688
4000 0.736702 -0.113947 0.00670324
5000 0.744309 -0.11433 0.00686274
6000 0.761705 -0.107444 0.00693076
7000 0.755144 -0.0938909 0.00713753
8000 0.729366 -0.114836 0.00667122
9000 0.751113 -0.123049 0.00675243
10000 0.746275 -0.143857 0.00654611
11000 0.765768 -0.133894 0.00691566
12000 0.729211 -0.141498 0.00642292
13000 0.737778 -0.109175 0.00676125
14000 0.767369 -0.107876 0.00696516
15000 0.726319 -0.0952234 0.00654977
16000 0.758425 -0.10562 0.00697594
17000 0.73644 -0.107383 0.00679444
18000 0.757158 -0.104394 0.00683935
19000 0.756825 -0.106804 0.0068747
20000 0.759643 -0.091815 0.00695193
21000 0.752538 -0.089461 0.00701352
22000 0.758143 -0.090062 0.00701302
23000 0.739436 -0.0813824 0.00695552
24000 0.746723 -0.10284 0.00665386
25000 0.766959 -0.0906516 0.00696151
26000 0.756069 -0.0920493 0.00717975
27000 0.721597 -0.0659951 0.00672582
28000 0.741797 -0.0934165 0.00675358
29000 0.747382 -0.0921364 0.00686042
30000 0.767207 -0.0881199 0.0069576
31000 0.776211 -0.0756176 0.00726227
32000 0.721444 -0.104433 0.0065288
33000 0.770295 -0.102857 0.00702038
34000 0.759912 -0.080872 0.00723878
35000 0.73079 -0.0932662 0.00667672
36000 0.770919 -0.109619 0.00699334
37000 0.743033 -0.0956384 0.00672681
38000 0.762007 -0.106551 0.00677686
39000 0.770005 -0.125822 0.00692594
40000 0.743547 -0.123676 0.00676463
41000 0.719734 -0.104372 0.00662284
42000 0.77658 -0.0864956 0.00721237
43000 0.748556 -0.10653 0.00690384
44000 0.761772 -0.0896647 0.00704838
45000 0.759971 -0.0866033 0.00709136
46000 0.767433 -0.0987774 0.00710215
47000 0.730731 -0.0989732 0.00669205
48000 0.767778 -0.106928 0.00708611
49000 0.720516 -0.10669 0.00650419
50000 0.744391 -0.136114 0.00653175
51000 0.743465 -0.171089 0.00632599
52000 0.747552 -0.140992 0.00653441
53000 0.773937 -0.10774 0.00710922
54000 0.76102 -0.107045 0.00693234
55000 0.736307 -0.124769 0.00644709
56000 0.762966 -0.0941594 0.007067
57000 0.775199 -0.0810094 0.00719602
58000 0.726071 -0.0916276 0.00661053
59000 0.760942 -0.0768279 0.00700773
60000 0.760956 -0.101329 0.0069787
61000 0.728998 -0.108736 0.00650375
62000 0.743373 -0.13152 0.006577
63000 0.771514 -0.100168 0.0070842
64000 0.751967 -0.0970711 0.00690206
65000 0.73964 -0.0965127 0.0067983
66000 0.741103 -0.0947959 0.00681866
67000 0.75696 -0.111633 0.00679898
68000 0.760153 -0.124976 0.00679302
69000 0.745102 -0.104208 0.00680558
70000 0.747804 -0.10362 0.00683465
71000 0.734551 -0.122894 0.00646949
72000 0.747044 -0.109291 0.00681784
73000 0.742589 -0.0981188 0.00669977
74000 0.754047 -0.0950059 0.00685963
75000 0.761495 -0.0870813 0.0069053
76000 0.761844 -0.0986278 0.00699968
77000 0.732607 -0.118592 0.0065991
78000 0.762866 -0.105715 0.00690893
79000 0.75245 -0.0863521 0.00692031
80000 0.766235 -0.0753791 0.00711533
81000 0.763006 -0.0952691 0.00696186
82000 0.75309 -0.108294 0.00678483
83000 0.729653 -0.114874 0.00651598
84000 0.771075 -0.109488 0.00712756
85000 0.722243 -0.146351 0.00627814
86000 0.746465 -0.125315 0.00669993
87000 0.745347 -0.14124 0.00654841
88000 0.760099 -0.139979 0.00675066
89000 0.756128 -0.16238 0.00656643
90000 0.728883 -0.161781 0.00649862
91000 0.776161 -0.148056 0.00694954
92000 0.734675 -0.137856 0.00654019
93000 0.767801 -0.138911 0.0068939
94000 0.745385 -0.132824 0.00681512
95000 0.732874 -0.135407 0.0065097
96000 0.76796 -0.13169 0.00686521
97000 0.746013 -0.135857 0.00652241
98000 0.727915 -0.144142 0.00650318
99000 0.752897 -0.114078 0.00692505
100000 0.740504 -0.139332 0.00653831
101000 0.779767 -0.140421 0.00706158
102000 0.75068 -0.146814 0.00664498
103000 0.755147 -0.170984 0.00663555
104000 0.758513 -0.177275 0.00658065
105000 0.731028 -0.166723 0.00629166
106000 0.75693 -0.124791 0.00674691
107000 0.747227 -0.126697 0.00665444
108000 0.754891 -0.118064 0.00691691
109000 0.751458 -0.125939 0.00662876
110000 0.758215 -0.0993438 0.00695032
111000 0.767493 -0.103371 0.0068782
112000 0.7604 -0.123355 0.00682888
113000 0.728335 -0.109667 0.00661875
114000 0.76282 -0.115254 0.00706238
115000 0.739293 -0.102612 0.0066928
116000 0.735757 -0.100431 0.00682853
117000 0.74179 -0.0978613 0.00658877
118000 0.743197 -0.101188 0.00667746
119000 0.747386 -0.080225 0.00693709
120000 0.76046 -0.0921513 0.00690087
121000 0.759232 -0.135976 0.00685796
122000 0.746025 -0.142664 0.00652642
123000 0.727215 -0.124463 0.00659235
124000 0.758966 -0.120117 0.00687602
125000 0.771421 -0.112751 0.00700414
126000 0.742716 -0.106122 0.00660805
127000 0.73628 -0.122067 0.00659034
128000 0.771018 -0.104858 0.00682455
129000 0.74426 -0.102681 0.00667261
130000 0.749921 -0.0600113 0.00704196
131000 0.763374 -0.0827827 0.00697836
132000 0.733256 -0.0956847 0.00671229
133000 0.780297 -0.105089 0.00705771
134000 0.740295 -0.111263 0.00661754
135000 0.773829 -0.103216 0.00715305
136000 0.769727 -0.100427 0.00704256
137000 0.741225 -0.0992495 0.00669426
138000 0.775055 -0.103532 0.00703235
139000 0.721614 -0.114457 0.00647588
140000 0.772578 -0.115649 0.00698176
141000 0.747461 -0.119579 0.00668739
142000 0.761807 -0.136711 0.00686585
143000 0.723112 -0.11879 0.00656651
144000 0.731757 -0.0967214 0.00674635
145000 0.767876 -0.100482 0.00701145
146000 0.748555 -0.120725 0.00674736
147000 0.742019 -0.115671 0.00672915
148000 0.745143 -0.115507 0.00685266
149000 0.733617 -0.110062 0.00668164
150000 0.752188 -0.130211 0.00683744
151000 0.752295 -0.153042 0.00671061
152000 0.741824 -0.139488 0.0064065
153000 0.743195 -0.121675 0.00680693
154000 0.773651 -0.143443 0.00706461
155000 0.722108 -0.13416 0.00640319
156000 0.759923 -0.142196 0.00671563
157000 0.738605 -0.128689 0.00653465
158000 0.761521 -0.129594 0.00688131
159000 0.738162 -0.117056 0.00661649
160000 0.732797 -0.135897 0.00656979
161000 0.771737 -0.142512 0.00686523
162000 0.735915 -0.137355 0.00662573
163000 0.723953 -0.127027 0.00643241
164000 0.743483 -0.0986004 0.00681838
165000 0.739359 -0.0763553 0.00692729
166000 0.743089 -0.0965649 0.00690084
167000 0.75715 -0.0831975 0.00700475
168000 0.766977 -0.0927479 0.00700845
169000 0.74002 -0.0947761 0.0066736
170000 0.747596 -0.0963528 0.00678836
171000 0.750765 -0.0976644 0.00686593
172000 0.745106 -0.0926144 0.00681659
173000 0.761302 -0.105529 0.0069334
174000 0.743871 -0.105397 0.00667156
175000 0.745876 -0.135439 0.00666579
176000 0.759145 -0.142341 0.00672722
177000 0.729947 -0.121099 0.00653028
178000 0.755294 -0.112104 0.00688377
179000 0.754187 -0.105099 0.00696078
180000 0.754066 -0.0925996 0.00703776
181000 0.729774 -0.0932112 0.00663665
182000 0.765114 -0.0991468 0.00692631
183000 0.746562 -0.112375 0.00676691
184000 0.752783 -0.111786 0.00684146
185000 0.74952 -0.0956219 0.00687605
186000 0.744599 -0.108003 0.00656665
187000 0.729792 -0.0970969 0.00659092
188000 0.758063 -0.0843136 0.00685739
189000 0.741895 -0.0844098 0.00691762
190000 0.773865 -0.105246 0.00702286
191000 0.741269 -0.108183 0.00666442
192000 0.750871 -0.0895677 0.00691458
193000 0.748138 -0.109667 0.00675393
194000 0.762847 -0.111107 0.0068641
195000 0.727432 -0.0980858 0.00659505
196000 0.782736 -0.0977363 0.00718328
197000 0.745729 -0.133605 0.00666241
198000 0.76102 -0.132356 0.00681017
199000 0.73515 -0.157268 0.00642819
200000 0.762483 -0.108014 0.00701357
201000 0.769207 -0.106248 0.00693623
202000 0.723241 -0.116378 0.00644922
203000 0.766269 -0.120374 0.00679928
204000 0.746218 -0.123521 0.00686989
205000 0.727852 -0.117414 0.00659945
206000 0.745749 -0.106206 0.00667085
207000 0.760344 -0.153496 0.0067791
208000 0.737382 -0.113049 0.00670908
209000 0.736973 -0.113044 0.00672342
210000 0.738059 -0.12488 0.00664951
211000 0.754241 -0.0796284 0.0070177
212000 0.756366 -0.100276 0.00674882
213000 0.74642 -0.0953987 0.00659521
214000 0.732843 -0.119142 0.0064055
215000 0.771834 -0.119054 0.00682993
216000 0.73628 -0.108036 0.00660286
217000 0.769733 -0.128411 0.00691563
218000 0.732713 -0.147634 0.00645147
219000 0.761062 -0.164351 0.00659191
220000 0.752903 -0.159645 0.00667317
221000 0.746643 -0.144328 0.00663565
222000 0.749276 -0.134265 0.00668383
223000 0.747135 -0.124311 0.00674991
224000 0.740323 -0.131577 0.00666516
225000 0.752746 -0.124385 0.00674815
226000 0.737582 -0.122545 0.00657473
227000 0.745454 -0.0877051 0.00683234
228000 0.760665 -0.127793 0.00685297
229000 0.721977 -0.132019 0.00630414
230000 0.725833 -0.118809 0.00659997
231000 0.769216 -0.16233 0.00667601
232000 0.757586 -0.133594 0.0067366
233000 0.747088 -0.139873 0.00658062
234000 0.746796 -0.128256 0.00675957
235000 0.757288 -0.131638 0.00676001
236000 0.757876 -0.150344 0.00670669
237000 0.755907 -0.148185 0.00661873
238000 0.760943 -0.174201 0.0065459
239000 0.753764 -0.216705 0.00637774
240000 0.720137 -0.214474 0.00621158
241000 0.738601 -0.19077 0.00639783
242000 0.723408 -0.166891 0.00628296
243000 0.779198 -0.102462 0.00708923
244000 0.754153 -0.0795813 0.00697658
245000 0.757518 -0.0790333 0.00696235
246000 0.740005 -0.0952602 0.00686518
247000 0.759843 -0.0926516 0.00698333
248000 0.746096 -0.0828204 0.00695606
249000 0.773668 -0.0709526 0.00717579
250000 0.781856 -0.0943806 0.00718155
251000 0.756677 -0.101498 0.00684973
252000 0.728282 -0.10593 0.00659798
253000 0.759635 -0.148167 0.00666619
254000 0.760937 -0.13022 0.0069159
255000 0.767579 -0.142004 0.00686877
256000 0.762371 -0.124721 0.0067576
257000 0.751923 -0.143412 0.00676412
258000 0.760707 -0.124422 0.00683345
259000 0.718491 -0.16238 0.00629447
260000 0.748898 -0.160883 0.0064845
261000 0.739359 -0.147239 0.0065144
262000 0.749797 -0.147233 0.00668832
263000 0.736269 -0.133414 0.00642905
264000 0.758444 -0.12552 0.00670066
265000 0.751638 -0.130294 0.00665354
266000 0.739029 -0.138193 0.00661816
267000 0.756169 -0.137037 0.00668957
268000 0.739422 -0.135082 0.00665937
269000 0.73796 -0.123978 0.0065859
270000 0.748999 -0.126929 0.00673244
271000 0.770797 -0.107981 0.0069839
272000 0.750829 -0.115908 0.0068971
273000 0.772404 -0.109021 0.00706355
274000 0.740118 -0.0855753 0.00675498
275000 0.749207 -0.104883 0.00679833
276000 0.757799 -0.0938881 0.00696509
277000 0.757807 -0.098824 0.00701986
278000 0.765514 -0.0870606 0.00720263
279000 0.756631 -0.096863 0.00692496
280000 0.745508 -0.0916485 0.00670549
281000 0.740944 -0.0849128 0.00685985
282000 0.759583 -0.111247 0.00686335
283000 0.764152 -0.110759 0.00685504
284000 0.778137 -0.1604 0.00665646
285000 0.746221 -0.143833 0.00653084
286000 0.753 -0.127679 0.00683026
287000 0.770883 -0.112503 0.00709638
288000 0.722549 -0.142601 0.0062316
289000 0.728571 -0.125715 0.00667246
290000 0.751494 -0.130372 0.00693449
291000 0.726231 -0.124338 0.00652064
292000 0.740245 -0.108102 0.00686922
293000 0.771113 -0.130143 0.00688754
294000 0.729633 -0.126704 0.00670357
295000 0.778393 -0.103705 0.00714916
296000 0.728 -0.121347 0.00657275
297000 0.758856 -0.118828 0.00678334
298000 0.748653 -0.120276 0.00681343
299000 0.749333 -0.123896 0.0068505
300000 0.716061 -0.103855 0.00641226
301000 0.765406 -0.11282 0.00703329
302000 0.749595 -0.128049 0.00661425
303000 0.751098 -0.109462 0.00682502
304000 0.743107 -0.116205 0.00653363
305000 0.754957 -0.137677 0.00660784
306000 0.744703 -0.137557 0.00670377
307000 0.733928 -0.125502 0.00650097
308000 0.766395 -0.119747 0.00690187
309000 0.73728 -0.105023 0.00663116
310000 0.737716 -0.109286 0.00687356
311000 0.760352 -0.0954513 0.00681339
312000 0.731664 -0.109911 0.00680691
313000 0.744953 -0.0916137 0.00693417
314000 0.732749 -0.0830916 0.00671452
315000 0.762079 -0.0808517 0.00702053
316000 0.737885 -0.0900693 0.00680251
317000 0.780558 -0.0969739 0.00714983
318000 0.72865 -0.0812247 0.00676268
319000 0.749264 -0.0952426 0.0066801
320000 0.750296 -0.0913848 0.00681941
321000 0.758601 -0.0947232 0.00686701
322000 0.757439 -0.0939509 0.00698607
323000 0.764487 -0.0897172 0.00710292
324000 0.734022 -0.113163 0.00647077
325000 0.779642 -0.109075 0.00707565
326000 0.727904 -0.113676 0.00657463
327000 0.783861 -0.0829406 0.00723336
328000 0.733169 -0.0775131 0.00691458
329000 0.763261 -0.0857765 0.00701022
330000 0.745254 -0.0859871 0.00698941
331000 0.728106 -0.0952904 0.00669777
332000 0.771366 -0.1031 0.00701394
333000 0.748276 -0.0929771 0.00689207
334000 0.740792 -0.111534 0.00674179
335000 0.731194 -0.111356 0.00672493
336000 0.740894 -0.0954502 0.00686793
337000 0.778249 -0.0913898 0.0072932
338000 0.733952 -0.109562 0.00666827
339000 0.750125 -0.0978063 0.00676597
340000 0.761668 -0.0899317 0.00694812
341000 0.742299 -0.0986828 0.00679711
342000 0.743505 -0.0990671 0.00670237
343000 0.755729 -0.0980235 0.00685262
344000 0.762103 -0.101219 0.0068517
345000 0.747337 -0.133714 0.00672644
346000 0.764354 -0.105652 0.00705043
347000 0.771989 -0.110304 0.00720969
348000 0.734282 -0.110845 0.00669455
349000 0.757957 -0.115268 0.00682474
350000 0.76415 -0.112532 0.00694791
351000 0.75609 -0.127759 0.00675066
352000 0.756467 -0.109731 0.00700526
353000 0.753041 -0.110491 0.00679476
354000 0.755668 -0.112879 0.0069523
355000 0.735361 -0.132002 0.00656642
356000 0.760933 -0.112737 0.00699392
357000 0.769395 -0.111269 0.0069767
358000 0.728753 -0.116994 0.00660275
359000 0.782997 -0.133669 0.00696417
360000 0.758118 -0.107594 0.0068682
361000 0.742843 -0.117649 0.00673538
362000 0.748375 -0.126677 0.00678905
363000 0.743546 -0.110867 0.00687261
364000 0.744023 -0.0959129 0.0068637
365000 0.743283 -0.112245 0.00675891
366000 0.755926 -0.105128 0.00704185
367000 0.729432 -0.102148 0.00656433
368000 0.769677 -0.102653 0.00693504
369000 0.740844 -0.132693 0.00659334
370000 0.740663 -0.132185 0.00651267
371000 0.765569 -0.139135 0.00684776
372000 0.765495 -0.151868 0.00681383
373000 0.749898 -0.162482 0.00659189
374000 0.742613 -0.13365 0.00649773
375000 0.777391 -0.0996472 0.00703886
376000 0.763343 -0.104811 0.00697808
377000 0.737691 -0.118402 0.00664092
378000 0.741667 -0.115634 0.00683478
379000 0.749992 -0.10841 0.00694268
380000 0.742512 -0.0988973 0.00675666
381000 0.76172 -0.0918819 0.00686495
382000 0.74125 -0.0824931 0.00698917
383000 0.743945 -0.0922421 0.00681832
384000 0.747867 -0.0965528 0.00688749
385000 0.751738 -0.113811 0.00681999
386000 0.744796 -0.132056 0.00660335
387000 0.750482 -0.095796 0.00683282
388000 0.742419 -0.114193 0.00673377
389000 0.751087 -0.104995 0.00695715
390000 0.735533 -0.107943 0.00663967
391000 0.769058 -0.105873 0.00704071
392000 0.73862 -0.113473 0.0066806
393000 0.720999 -0.130998 0.00627355
394000 0.771093 -0.123838 0.00704006
395000 0.75466 -0.149185 0.00668685
396000 0.773451 -0.12938 0.00692501
397000 0.733858 -0.157944 0.00639962
398000 0.733909 -0.159506 0.00641166
399000 0.744437 -0.152072 0.00665349
400000 0.760095 -0.117088 0.00690002
401000 0.748706 -0.124294 0.00673324
402000 0.733855 -0.13022 0.00653855
403000 0.775426 -0.123374 0.00710298
404000 0.725722 -0.131014 0.00654838
405000 0.766752 -0.0934807 0.00713677
406000 0.741995 -0.103485 0.00668633
407000 0.738213 -0.10454 0.00664405
408000 0.759974 -0.0897069 0.00691756
409000 0.764253 -0.0997449 0.0069793
410000 0.762228 -0.0994067 0.00710629
411000 0.737835 -0.125658 0.00657727
412000 0.780745 -0.112062 0.00691917
413000 0.750018 -0.13552 0.00660441
414000 0.766074 -0.122549 0.00681935
415000 0.76093 -0.109698 0.00686394
416000 0.745643 -0.109116 0.00663019
417000 0.769397 -0.113306 0.00692701
418000 0.735667 -0.125226 0.00653406
419000 0.763506 -0.137059 0.0066837
420000 0.726834 -0.115606 0.00657878
421000 0.756411 -0.1214 0.00681485
422000 0.730561 -0.134049 0.00653773
423000 0.746761 -0.113983 0.00676446
424000 0.764191 -0.101147 0.00705814
425000 0.740751 -0.144617 0.006503
426000 0.731906 -0.171698 0.00645229
427000 0.754167 -0.166485 0.00676467
428000 0.761745 -0.146147 0.00664539
429000 0.754187 -0.116858 0.00687057
430000 0.748605 -0.145615 0.00664864
431000 0.742877 -0.136672 0.0065226
432000 0.742951 -0.111632 0.00655055
433000 0.774366 -0.111411 0.00704257
434000 0.754898 -0.0950572 0.00681978
435000 0.731106 -0.100819 0.00661223
436000 0.746026 -0.100715 0.00691183
437000 0.771181 -0.097173 0.00717204
438000 0.74708 -0.100198 0.00676153
439000 0.75649 -0.131366 0.00669456
440000 0.754218 -0.132025 0.00668733
441000 0.764547 -0.127634 0.00687677
442000 0.750319 -0.120375 0.00685413
443000 0.738473 -0.105888 0.00677102
444000 0.745253 -0.102417 0.0068153
445000 0.768952 -0.0914745 0.00712274
446000 0.738341 -0.0890278 0.00671559
447000 0.737783 -0.0957353 0.0066344
448000 0.754053 -0.100056 0.00684816
449000 0.753172 -0.0877731 0.00699919
450000 0.760184 -0.107689 0.00701676
451000 0.750031 -0.131924 0.00674602
452000 0.756599 -0.133321 0.00678218
453000 0.721431 -0.116591 0.00654134
454000 0.757766 -0.108541 0.00704712
455000 0.728492 -0.100697 0.00665154
456000 0.747607 -0.107895 0.00682433
457000 0.766085 -0.1189 0.00670994
458000 0.729368 -0.103755 0.00672999
459000 0.738924 -0.112242 0.00664607
460000 0.758199 -0.113792 0.00688873
461000 0.734637 -0.112653 0.00648576
462000 0.73919 -0.102785 0.00659499
463000 0.752463 -0.101028 0.00688648
464000 0.745887 -0.101276 0.00698189
465000 0.741473 -0.0872387 0.00686591
466000 0.780755 -0.100945 0.00719131
467000 0.755585 -0.108425 0.00679534
468000 0.77147 -0.0966236 0.00711177
469000 0.719736 -0.080316 0.00660661
470000 0.775242 -0.0893368 0.00711245
471000 0.732678 -0.10238 0.00661338
472000 0.757135 -0.111017 0.00684818
473000 0.745084 -0.140049 0.006592
474000 0.756388 -0.124982 0.00677323
475000 0.757128 -0.136446 0.00664669
476000 0.729583 -0.164481 0.0063509
477000 0.747888 -0.183594 0.0064733
478000 0.762052 -0.199602 0.0064848
479000 0.771566 -0.185335 0.00680445
480000 0.731987 -0.14545 0.00629451
481000 0.732002 -0.110696 0.00670718
482000 0.760037 -0.103699 0.00695128
483000 0.730497 -0.107023 0.00668289
484000 0.754447 -0.0916989 0.00686239
485000 0.73521 -0.114206 0.00651343
486000 0.768826 -0.107271 0.00687819
487000 0.740753 -0.0920182 0.00681136
488000 0.765927 -0.118528 0.006942
489000 0.750211 -0.116697 0.00678397
490000 0.75506 -0.114442 0.00687224
491000 0.741204 -0.0843685 0.00676187
492000 0.764716 -0.100848 0.0070417
493000 0.767832 -0.0903863 0.00717298
494000 0.727323 -0.123502 0.00651241
495000 0.740321 -0.117308 0.00659093
496000 0.716375 -0.128592 0.00633809
497000 0.777352 -0.125625 0.00696393
498000 0.746696 -0.106654 0.00678576
499000 0.754145 -0.112179 0.00673063
500000 0.754837 -0.123739 0.00680208
501000 0.735272 -0.122129 0.0066456
502000 0.749809 -0.140253 0.0065934
503000 0.773977 -0.106264 0.00710149
504000 0.731258 -0.0852167 0.0067585
505000 0.768359 -0.107204 0.00691446
506000 0.72474 -0.119492 0.0063792
507000 0.744538 -0.126877 0.0066764
508000 0.722647 -0.116118 0.00633165
509000 0.748847 -0.111755 0.00673857
510000 0.752447 -0.0781907 0.00703947
511000 0.746436 -0.0694103 0.00693577
512000 0.752679 -0.0862905 0.00692423
513000 0.759856 -0.0994247 0.00701794
514000 0.738873 -0.0999254 0.00660973
515000 0.754918 -0.089337 0.00690405
516000 0.737379 -0.0918123 0.00674728
517000 0.72322 -0.11227 0.00652794
518000 0.774024 -0.0950333 0.00699777
519000 0.729603 -0.0965141 0.00668963
520000 0.771541 -0.0798744 0.00710085
521000 0.718447 -0.0811672 0.00664637
522000 0.772703 -0.0985306 0.00694235
523000 0.729236 -0.102772 0.00662854
524000 0.78295 -0.0997192 0.00722593
525000 0.741975 -0.10573 0.00651282
526000 0.767279 -0.114281 0.00700049
527000 0.734089 -0.0934403 0.00666706
528000 0.747444 -0.110633 0.00678577
529000 0.754468 -0.0913223 0.00683533
530000 0.75028 -0.09468 0.00692456
531000 0.743415 -0.118479 0.00680247
532000 0.723814 -0.116631 0.00640271
533000 0.754924 -0.104431 0.00685172
534000 0.771857 -0.119853 0.00694813
535000 0.738497 -0.13542 0.00646907
536000 0.766217 -0.121801 0.00682478
537000 0.76464 -0.0978971 0.00700551
538000 0.756605 -0.10107 0.00703661
539000 0.76504 -0.125657 0.0068301
540000 0.722579 -0.110948 0.00648665
541000 0.752041 -0.114638 0.00686557
542000 0.736833 -0.117166 0.00670517
543000 0.753839 -0.0848016 0.00695668
544000 0.762727 -0.0814671 0.00715903
545000 0.746251 -0.116228 0.00668265
546000 0.781449 -0.102129 0.00716967
547000 0.721837 -0.109914 0.00648122
548000 0.75235 -0.0997742 0.00676013
549000 0.730206 -0.0984158 0.00672878
550000 0.785478 -0.0845516 0.00736969
551000 0.757259 -0.101564 0.00691294
552000 0.715495 -0.0885901 0.00640072
553000 0.766395 -0.0973063 0.007
554000 0.744945 -0.0858922 0.00686592
555000 0.771694 -0.0857046 0.00705781
556000 0.728151 -0.0907938 0.00676401
557000 0.758025 -0.127265 0.00666655
558000 0.733945 -0.099855 0.00663697
559000 0.763092 -0.103654 0.00691832
560000 0.718027 -0.0922474 0.0064667
561000 0.758238 -0.0981408 0.00694704
562000 0.756384 -0.0877339 0.00697621
563000 0.744657 -0.0850393 0.00700598
564000 0.730927 -0.101482 0.00663345
565000 0.774416 -0.122598 0.00701032
566000 0.732081 -0.136577 0.00657085
567000 0.743764 -0.11346 0.0067413
568000 0.772542 -0.111013 0.00695942
569000 0.737568 -0.107656 0.00668838
570000 0.744386 -0.094207 0.00669149
571000 0.74324 -0.079016 0.00688933
572000 0.727928 -0.0922504 0.0065176
573000 0.732077 -0.0850672 0.00667772
574000 0.766789 -0.0869482 0.00722999
575000 0.729733 -0.0823074 0.0067713
576000 0.746995 -0.0791012 0.00680216
577000 0.728578 -0.120156 0.00653437
578000 0.747302 -0.0949815 0.00677843
579000 0.739805 -0.107176 0.00672992
580000 0.754537 -0.116448 0.00688994
581000 0.753132 -0.127215 0.00676489
582000 0.7431 -0.109836 0.00667531
583000 0.771895 -0.123827 0.00701012
584000 0.74392 -0.121391 0.00659599
585000 0.764143 -0.122397 0.00702117
586000 0.748016 -0.1181 0.00687763
587000 0.745383 -0.105888 0.00676443
588000 0.764888 -0.113934 0.00691545
589000 0.739328 -0.122174 0.00663337
590000 0.778594 -0.114378 0.00691696
591000 0.743223 -0.115188 0.00656652
592000 0.751192 -0.0947636 0.00689293
593000 0.747952 -0.123625 0.00667841
594000 0.751056 -0.138131 0.00666139
595000 0.773801 -0.133042 0.0069239
596000 0.762687 -0.146066 0.00667381
597000 0.742243 -0.132264 0.00647114
598000 0.755713 -0.0984384 0.00682737
599000 0.763334 -0.0955926 0.00701148
600000 0.738326 -0.115789 0.00651171
601000 0.777645 -0.102845 0.00699704
602000 0.732072 -0.0908443 0.00682888
603000 0.742577 -0.10374 0.00664548
604000 0.753518 -0.0956466 0.00683255
605000 0.744917 -0.0762869 0.0069001
606000 0.74691 -0.0817911 0.00695072
607000 0.745923 -0.0854199 0.00687038
608000 0.745401 -0.0773585 0.00691115
609000 0.728911 -0.076384 0.00671027
610000 0.71966 -0.107384 0.00643514
611000 0.745658 -0.0978825 0.00672299
612000 0.764153 -0.0956433 0.00700547
613000 0.757956 -0.0953524 0.00698773
614000 0.744023 -0.102857 0.00676365
615000 0.736885 -0.105915 0.00673782
616000 0.740798 -0.0883136 0.00683903
617000 0.779509 -0.0855611 0.00715163
618000 0.726651 -0.112104 0.0064888
619000 0.763574 -0.116832 0.00699513
620000 0.764127 -0.119168 0.00693397
621000 0.742187 -0.113835 0.00671096
622000 0.738226 -0.116979 0.00684384
623000 0.750895 -0.0951229 0.00683601
624000 0.729955 -0.101359 0.00665528
625000 0.742688 -0.0852104 0.00677341
626000 0.748607 -0.0866658 0.00682967
627000 0.765101 -0.134586 0.0068142
628000 0.748311 -0.0911508 0.00688433
629000 0.749701 -0.0731291 0.00703898
630000 0.765664 -0.082715 0.00699159
631000 0.732803 -0.0917569 0.00685531
632000 0.76182 -0.080423 0.00704743
633000 0.747349 -0.075938 0.00697141
634000 0.7395 -0.0761691 0.00682867
635000 0.774098 -0.0819391 0.00713011
636000 0.763689 -0.0804371 0.00703141
637000 0.764685 -0.075021 0.00703146
638000 0.727661 -0.0711119 0.00677029
639000 0.739084 -0.091215 0.00675497
640000 0.74063 -0.0961663 0.00677136
641000 0.745126 -0.105252 0.0067111
642000 0.731281 -0.0807561 0.0067292
643000 0.760872 -0.122639 0.00696216
644000 0.772381 -0.117479 0.00699011
645000 0.747892 -0.117504 0.00688217
646000 0.748219 -0.121092 0.00680308
647000 0.776635 -0.113758 0.00718025
648000 0.743701 -0.120601 0.0067003
649000 0.742541 -0.1226 0.00672806
650000 0.760533 -0.128264 0.00700782
651000 0.736201 -0.117154 0.00655971
652000 0.724937 -0.117254 0.00637783
653000 0.773105 -0.0967874 0.00701902
654000 0.761267 -0.121207 0.00678956
655000 0.715519 -0.100687 0.00643793
656000 0.737541 -0.114851 0.0065066
657000 0.749522 -0.0953579 0.00678327
658000 0.764748 -0.098452 0.00699657
659000 0.750062 -0.112963 0.00691897
660000 0.760841 -0.104576 0.00688692
661000 0.779138 -0.103171 0.00725672
662000 0.755324 -0.104906 0.00693017
663000 0.742671 -0.102298 0.00673722
664000 0.745428 -0.102635 0.00689413
665000 0.759055 -0.0949301 0.00698803
666000 0.729769 -0.0940435 0.00663652
667000 0.741747 -0.105016 0.00676876
668000 0.755692 -0.0963621 0.00704913
669000 0.739362 -0.108 0.00678942
670000 0.76557 -0.122465 0.00690039
671000 0.745548 -0.163312 0.00623732
672000 0.757444 -0.177302 0.00638576
673000 0.745705 -0.150649 0.00663192
674000 0.755302 -0.136574 0.00668646
675000 0.744338 -0.103045 0.00672373
676000 0.736778 -0.0903766 0.00665655
677000 0.748248 -0.0982479 0.00681801
678000 0.767745 -0.0952725 0.00713019
679000 0.753526 -0.10319 0.00698393
680000 0.739848 -0.124207 0.00667287
681000 0.743654 -0.112394 0.00686492
682000 0.751701 -0.114734 0.00670533
683000 0.764672 -0.121654 0.00701173
684000 0.730354 -0.148102 0.00635967
685000 0.774064 -0.13641 0.00706795
686000 0.754739 -0.113869 0.00692823
687000 0.780729 -0.137326 0.00702856
688000 0.73886 -0.107464 0.00670822
689000 0.765276 -0.107445 0.0069761
690000 0.773428 -0.137508 0.0069265
691000 0.744897 -0.141593 0.00655885
692000 0.736259 -0.136199 0.00644451
693000 0.731915 -0.148378 0.00650807
694000 0.760232 -0.117901 0.00682288
695000 0.752689 -0.139424 0.0065964
696000 0.737852 -0.129024 0.00662659
697000 0.759343 -0.131248 0.00671922
698000 0.751319 -0.120478 0.0067681
699000 0.749591 -0.0955765 0.00678602
700000 0.753945 -0.0821874 0.00693972
701000 0.744514 -0.100359 0.00687591
702000 0.775682 -0.0753507 0.00729804
703000 0.726502 -0.0718023 0.00677769
704000 0.74144 -0.0724226 0.00681697
705000 0.743104 -0.0788855 0.00684034
706000 0.732976 -0.0954349 0.00666131
707000 0.767732 -0.0987399 0.00718782
708000 0.727814 -0.103981 0.00663263
709000 0.783559 -0.121048 0.006895
710000 0.760452 -0.123012 0.00689171
711000 0.730474 -0.107798 0.0066187
712000 0.749719 -0.11397 0.00676743
713000 0.749241 -0.124358 0.00675528
714000 0.766789 -0.119065 0.00701701
715000 0.750791 -0.15852 0.00660133
716000 0.756485 -0.150571 0.00681383
717000 0.741587 -0.184747 0.00651605
718000 0.749182 -0.179954 0.00651859
719000 0.750017 -0.197673 0.0062791
720000 0.724739 -0.16505 0.00634198
721000 0.760251 -0.149243 0.00674368
722000 0.724765 -0.136837 0.00656098
723000 0.755269 -0.17592 0.00651846
724000 0.742931 -0.164746 0.00672406
725000 0.763171 -0.138142 0.00707668
726000 0.762472 -0.177168 0.00656772
727000 0.732884 -0.169645 0.00648005
728000 0.761305 -0.1384 0.00689556
729000 0.770168 -0.139091 0.0069438
730000 0.734955 -0.150447 0.00632715
731000 0.758223 -0.17037 0.00651468
732000 0.726395 -0.154729 0.00643907
733000 0.750928 -0.157838 0.00654809
734000 0.754569 -0.118222 0.00692288
735000 0.736922 -0.120696 0.00661695
736000 0.768444 -0.111462 0.00696821
737000 0.768 -0.111859 0.00691678
738000 0.724406 -0.113355 0.00630438
739000 0.781514 -0.119025 0.00722811
740000 0.727669 -0.115915 0.00636683
741000 0.74408 -0.109622 0.00672047
742000 0.748878 -0.119658 0.0066871
743000 0.756183 -0.119898 0.00697393
744000 0.735057 -0.108295 0.00668652
745000 0.730588 -0.0891503 0.00688037
746000 0.742359 -0.119214 0.00664919
747000 0.773005 -0.112203 0.0071215
748000 0.730297 -0.143022 0.00637271
749000 0.759819 -0.13203 0.0070847
750000 0.734682 -0.140076 0.00667112
751000 0.749968 -0.150295 0.00659828
752000 0.741199 -0.133579 0.00671178
753000 0.751902 -0.115445 0.00690366
754000 0.761556 -0.1371 0.00678441
755000 0.762251 -0.140024 0.00693874
756000 0.742996 -0.136937 0.00666571
757000 0.767082 -0.142421 0.00689451
758000 0.758315 -0.140855 0.00676701
759000 0.752357 -0.124706 0.00674812
760000 0.755308 -0.128146 0.00669535
761000 0.761585 -0.0938973 0.00695864
762000 0.741352 -0.0809169 0.00684941
763000 0.730986 -0.0895145 0.00676079
764000 0.763264 -0.0927018 0.00703809
765000 0.726369 -0.106822 0.00663374
766000 0.782075 -0.11436 0.00692927
767000 0.748738 -0.118089 0.00673347
768000 0.745176 -0.0747781 0.00693173
769000 0.742966 -0.0688152 0.00694822
770000 0.750531 -0.0819873 0.00687761
771000 0.739991 -0.0922509 0.00674942
772000 0.729816 -0.109273 0.00676578
773000 0.736687 -0.126664 0.00657329
774000 0.759181 -0.116282 0.00711782
775000 0.758026 -0.121591 0.00676642
776000 0.755523 -0.112519 0.00673693
777000 0.739157 -0.141923 0.00652148
778000 0.731386 -0.12684 0.00652559
779000 0.756663 -0.110677 0.00688419
780000 0.756656 -0.134035 0.00678064
781000 0.764939 -0.110105 0.00691769
782000 0.744534 -0.107371 0.00674311
783000 0.765887 -0.0673927 0.0071701
784000 0.758601 -0.0633197 0.00698753
785000 0.734305 -0.072437 0.00672685
786000 0.723248 -0.0686352 0.00663598
787000 0.75727 -0.093745 0.00691457
788000 0.735334 -0.096756 0.00676547
789000 0.771558 -0.0876352 0.00707366
790000 0.738539 -0.0972301 0.006773
791000 0.755207 -0.0879452 0.00693803
792000 0.744444 -0.142348 0.00650264
793000 0.72861 -0.147514 0.00651021
794000 0.752293 -0.158411 0.00667585
795000 0.776299 -0.15132 0.00691437
796000 0.717864 -0.119192 0.00651423
797000 0.742292 -0.130771 0.00654723
798000 0.739133 -0.129375 0.00665405
799000 0.75163 -0.128135 0.00677295
800000 0.770176 -0.0905907 0.00704919
801000 0.748922 -0.120373 0.00659202
802000 0.746285 -0.119949 0.00653092
803000 0.748604 -0.100557 0.00678407
804000 0.755069 -0.0981799 0.00700791
805000 0.722114 -0.0958485 0.00648045
806000 0.75553 -0.100391 0.00686057
807000 0.761807 -0.0986677 0.00693822
808000 0.721874 -0.122313 0.00648938
809000 0.749599 -0.110312 0.00685505
810000 0.741279 -0.111924 0.006653
811000 0.744352 -0.124096 0.00669781
812000 0.747188 -0.131598 0.00666553
813000 0.7644 -0.136607 0.00674451
814000 0.739006 -0.153904 0.00660077
815000 0.742083 -0.148757 0.00679853
816000 0.747633 -0.143254 0.00674789
817000 0.762775 -0.126917 0.00694611
818000 0.743665 -0.127826 0.0068373
819000 0.730543 -0.160041 0.00650407
820000 0.75235 -0.160384 0.00659441
821000 0.750334 -0.140205 0.0065986
822000 0.751679 -0.11831 0.00679733
823000 0.767893 -0.119608 0.00696369
824000 0.750368 -0.102382 0.00698131
825000 0.756775 -0.0987547 0.00699456
826000 0.750383 -0.0815799 0.00693137
827000 0.739083 -0.083645 0.0069
828000 0.74617 -0.0982621 0.0067703
829000 0.73336 -0.0971145 0.00662841
830000 0.766276 -0.0950211 0.00711109
831000 0.752462 -0.110396 0.00679009
832000 0.712237 -0.0983582 0.00660771
833000 0.742635 -0.0794506 0.00685544
834000 0.739124 -0.0934648 0.00677292
835000 0.740753 -0.0743978 0.00688782
836000 0.730643 -0.105688 0.00655643
837000 0.758806 -0.10847 0.00690821
838000 0.745217 -0.107213 0.00672447
839000 0.726909 -0.129285 0.00642375
840000 0.742018 -0.125211 0.00660598
841000 0.749211 -0.126738 0.00676106
842000 0.764553 -0.121885 0.00682425
843000 0.735054 -0.0952273 0.00676273
844000 0.78218 -0.100868 0.00715992
845000 0.735369 -0.0905398 0.00681746
846000 0.782932 -0.0799586 0.00736317
847000 0.765465 -0.0917515 0.00703343
848000 0.748659 -0.0956947 0.00689138
849000 0.769978 -0.0943167 0.00711865
850000 0.77888 -0.1043 0.00709575
851000 0.737182 -0.116234 0.0066207
852000 0.75286 -0.111873 0.00684764
853000 0.740036 -0.110522 0.00660934
854000 0.758068 -0.0885932 0.00695653
855000 0.770296 -0.0730222 0.00715002
856000 0.757053 -0.0783498 0.00702232
857000 0.741942 -0.0808542 0.00695693
858000 0.731186 -0.104406 0.00677723
859000 0.738328 -0.127634 0.00658393
860000 0.766861 -0.137323 0.00676386
861000 0.733041 -0.14322 0.00630944
862000 0.732497 -0.128756 0.0065315
863000 0.774465 -0.105156 0.00715493
864000 0.723687 -0.105231 0.00666477
865000 0.759966 -0.125556 0.00670831
866000 0.742224 -0.122207 0.00655036
867000 0.764063 -0.101671 0.00697829
868000 0.720039 -0.0948714 0.00666234
869000 0.774934 -0.110811 0.00709008
870000 0.74934 -0.100425 0.00688777
871000 0.769668 -0.0824975 0.00716479
872000 0.749783 -0.0805362 0.00686208
873000 0.730225 -0.101087 0.00672553
874000 0.752002 -0.0904242 0.00700551
875000 0.722853 -0.0958071 0.00665532
876000 0.751473 -0.11415 0.00680675
877000 0.758586 -0.090749 0.00705944
878000 0.744392 -0.0967863 0.00681154
879000 0.759959 -0.0746591 0.00712292
880000 0.775843 -0.0876168 0.00712691
881000 0.730591 -0.0941415 0.00651899
882000 0.73099 -0.098466 0.00657844
883000 0.757224 -0.139583 0.00671064
884000 0.750184 -0.143942 0.00656071
885000 0.759626 -0.126883 0.00699337
886000 0.761217 -0.12133 0.00707295
887000 0.742836 -0.110265 0.00682061
888000 0.732358 -0.134428 0.00656097
889000 0.738706 -0.114045 0.00666444
890000 0.744452 -0.117987 0.00670924
891000 0.750704 -0.107557 0.00680941
892000 0.757314 -0.109144 0.00680098
893000 0.751334 -0.105746 0.00688688
894000 0.740842 -0.101781 0.00662073
895000 0.764552 -0.103924 0.00703563
896000 0.723802 -0.105452 0.0065871
897000 0.767425 -0.106218 0.00708445
898000 0.758391 -0.103741 0.00684047
899000 0.75691 -0.103216 0.00694146
900000 0.75516 -0.08215 0.00705002
901000 0.760131 -0.0955372 0.00679998
902000 0.736699 -0.10724 0.00655155
903000 0.742634 -0.109915 0.00656817
904000 0.754964 -0.108769 0.00688647
905000 0.743988 -0.124775 0.0067578
906000 0.760798 -0.118703 0.00690221
907000 0.734651 -0.108869 0.00657701
908000 0.762019 -0.116428 0.00703298
909000 0.760295 -0.110591 0.00692634
910000 0.732485 -0.112439 0.00671113
911000 0.754122 -0.124932 0.00686948
912000 0.743774 -0.130374 0.00658226
913000 0.730752 -0.124864 0.0065626
914000 0.776254 -0.118587 0.00713521
915000 0.757118 -0.107649 0.00683535
916000 0.747518 -0.0933487 0.00684989
917000 0.72219 -0.0888091 0.00664186
918000 0.766068 -0.0912027 0.00691651
919000 0.753883 -0.0792716 0.00680871
920000 0.748738 -0.0860847 0.00692163
921000 0.740799 -0.0598265 0.0070913
922000 0.734731 -0.0616177 0.0068474
923000 0.738783 -0.0797686 0.00662828
924000 0.759025 -0.0719252 0.00695697
925000 0.764273 -0.0917103 0.00689762
926000 0.757437 -0.0830589 0.00698687
927000 0.734612 -0.0788746 0.00681179
928000 0.748296 -0.107869 0.00675144
929000 0.752235 -0.0945247 0.00695542
930000 0.73947 -0.0991594 0.00683366
931000 0.761239 -0.114668 0.00680544
932000 0.750488 -0.138791 0.00673002
933000 0.747219 -0.13882 0.0066074
934000 0.754871 -0.119663 0.00690653
935000 0.732417 -0.107898 0.00661909
936000 0.754261 -0.116753 0.00678446
937000 0.759141 -0.0954032 0.00688156
938000 0.738707 -0.0883992 0.0068137
939000 0.768536 -0.115436 0.00684533
940000 0.75792 -0.104103 0.00691224
941000 0.747259 -0.09932 0.00687446
942000 0.758562 -0.110508 0.00703052
943000 0.756034 -0.117845 0.00688553
944000 0.776459 -0.101551 0.0072305
945000 0.725545 -0.121961 0.00652214
946000 0.749698 -0.111661 0.00686406
947000 0.735054 -0.115966 0.00673956
948000 0.755839 -0.12846 0.00669927
949000 0.73285 -0.0883353 0.00658009
950000 0.762131 -0.0790626 0.00711842
951000 0.743048 -0.0936111 0.0068862
952000 0.729661 -0.0796246 0.00673842
953000 0.773921 -0.0855138 0.00715245
954000 0.738182 -0.0842076 0.00679728
955000 0.743991 -0.0691918 0.00679003
956000 0.753364 -0.0955376 0.00680738
957000 0.750632 -0.0907743 0.00678039
958000 0.760193 -0.109053 0.00681286
959000 0.768743 -0.101786 0.00703947
960000 0.757449 -0.0964836 0.006929
961000 0.725136 -0.0777975 0.00662844
962000 0.774315 -0.0970058 0.00702792
963000 0.748595 -0.0755525 0.00699231
964000 0.72855 -0.064232 0.00686134
965000 0.727229 -0.0960351 0.0065482
966000 0.760467 -0.0925096 0.00690688
967000 0.737713 -0.114486 0.0065445
968000 0.753984 -0.101521 0.00689632
969000 0.76308 -0.102991 0.0069806
970000 0.769175 -0.115494 0.0068324
971000 0.739561 -0.0965343 0.00672217
972000 0.752775 -0.0897051 0.00703895
973000 0.746015 -0.0921819 0.00691304
974000 0.761843 -0.117668 0.0068959
975000 0.740771 -0.10265 0.00684088
976000 0.748693 -0.133073 0.00676202
977000 0.758982 -0.133027 0.00674881
978000 0.725358 -0.115293 0.0064176
979000 0.765566 -0.0993579 0.00676323
980000 0.764694 -0.097312 0.00691882
981000 0.77829 -0.103118 0.00710567
982000 0.753005 -0.11818 0.00676256
983000 0.738365 -0.10542 0.0067537
984000 0.732649 -0.0936004 0.00673879
985000 0.778415 -0.110481 0.00705546
986000 0.743822 -0.112236 0.00672613
987000 0.753154 -0.0860477 0.00701277
988000 0.768895 -0.0929146 0.00715359
989000 0.747313 -0.104941 0.00684107
990000 0.74977 -0.0930115 0.00674939
991000 0.757667 -0.0800158 0.00693001
992000 0.732122 -0.0880214 0.00660991
993000 0.760591 -0.090262 0.00683478
994000 0.757342 -0.0912213 0.00692393
995000 0.774598 -0.0956507 0.00706657
996000 0.766529 -0.115404 0.00690195
997000 0.746148 -0.116298 0.00658429
998000 0.757621 -0.121997 0.00660267
999000 0.738493 -0.128411 0.00659356
1000000 0.729924 -0.134799 0.00669532
1001000 0.768813 -0.134097 0.00693455
1002000 0.729264 -0.120614 0.00659335
1003000 0.736797 -0.128519 0.00656923
1004000 0.761783 -0.149365 0.00655761
1005000 0.758945 -0.129941 0.00684279
1006000 0.748123 -0.128025 0.00665274
1007000 0.742046 -0.123864 0.00654957
1008000 0.762321 -0.148624 0.00671655
1009000 0.744356 -0.133544 0.00663835
1010000 0.745217 -0.145277 0.00661154
1011000 0.752855 -0.155733 0.00661815
1012000 0.770485 -0.182 0.00663333
1013000 0.743255 -0.176526 0.00648146
1014000 0.765086 -0.144317 0.00677914
1015000 0.776425 -0.158666 0.0067707
1016000 0.738319 -0.127326 0.00663866
1017000 0.741366 -0.139699 0.00657796
1018000 0.756895 -0.119383 0.00688345
1019000 0.736942 -0.107638 0.00655057
1020000 0.774976 -0.138767 0.00686119
1021000 0.748739 -0.165092 0.00641901
1022000 0.75992 -0.149619 0.00684991
1023000 0.743563 -0.143909 0.00662606
1024000 0.756751 -0.130751 0.00681956
1025000 0.762234 -0.145643 0.00673932
1026000 0.743455 -0.112591 0.00669663
1027000 0.741297 -0.118545 0.00670323
1028000 0.732176 -0.115909 0.006572
1029000 0.755668 -0.0909191 0.00691008
1030000 0.729169 -0.0929633 0.00664724
1031000 0.780669 -0.108889 0.00691791
1032000 0.734691 -0.105833 0.00659151
1033000 0.774697 -0.0972781 0.00706777
1034000 0.730957 -0.09139 0.00661636
1035000 0.753794 -0.122811 0.00666604
1036000 0.726226 -0.109949 0.00660415
1037000 0.735466 -0.103652 0.00663578
1038000 0.75042 -0.104383 0.00688898
1039000 0.73985 -0.111487 0.00676252
1040000 0.756286 -0.11329 0.00688046
1041000 0.760171 -0.0768864 0.00722704
1042000 0.756418 -0.104968 0.00684183
1043000 0.75569 -0.106928 0.00673732
1044000 0.750423 -0.119495 0.00658298
1045000 0.747515 -0.122212 0.00664453
1046000 0.721966 -0.115959 0.00668019
1047000 0.730258 -0.101453 0.00662779
1048000 0.755586 -0.140934 0.00659015
1049000 0.734774 -0.133518 0.00653709
1050000 0.768829 -0.111621 0.00692873
1051000 0.742637 -0.100474 0.00683686
1052000 0.722561 -0.121171 0.00639739
1053000 0.782788 -0.108685 0.00699879
1054000 0.746841 -0.105408 0.00673788
1055000 0.747387 -0.107544 0.00679371
1056000 0.739972 -0.134605 0.00665678
1057000 0.755289 -0.12743 0.00684641
1058000 0.734646 -0.126247 0.00648644
1059000 0.757254 -0.136005 0.00680689
1060000 0.763547 -0.115378 0.00703816
1061000 0.739484 -0.13183 0.00655337
1062000 0.741717 -0.138217 0.0065882
1063000 0.742982 -0.14472 0.00662614
1064000 0.751936 -0.171766 0.0064284
1065000 0.766562 -0.138806 0.00680954
1066000 0.74873 -0.125014 0.00668623
1067000 0.730933 -0.129355 0.00658579
1068000 0.765529 -0.110856 0.00709884
1069000 0.757005 -0.11199 0.00678619
1070000 0.762744 -0.118977 0.00694587
1071000 0.75943 -0.130233 0.00690362
1072000 0.765451 -0.128561 0.00696665
1073000 0.743484 -0.115331 0.00676697
1074000 0.760127 -0.128925 0.00681262
1075000 0.747219 -0.124291 0.00669001
1076000 0.759434 -0.13931 0.00680081
1077000 0.750429 -0.148148 0.00667011
1078000 0.756654 -0.159631 0.00679078
1079000 0.745463 -0.165424 0.00652362
1080000 0.733537 -0.142966 0.00654182
1081000 0.769527 -0.141376 0.00696328
1082000 0.775739 -0.136644 0.006994
1083000 0.732496 -0.134791 0.00664288
1084000 0.744228 -0.128163 0.00682516
1085000 0.744734 -0.120783 0.0067206
1086000 0.75958 -0.147577 0.0068948
1087000 0.73518 -0.143317 0.00651022
1088000 0.739112 -0.140769 0.00672898
1089000 0.772876 -0.146176 0.00688983
1090000 0.733719 -0.158371 0.00628003
1091000 0.750087 -0.144686 0.00663855
1092000 0.733124 -0.132776 0.00666066
1093000 0.752548 -0.125807 0.00688385
1094000 0.718389 -0.128152 0.00632727
1095000 0.742257 -0.13552 0.00666201
1096000 0.748563 -0.120989 0.00672415
1097000 0.751238 -0.097669 0.00690126
1098000 0.756651 -0.118596 0.00684225
1099000 0.755482 -0.088925 0.00699429
1100000 0.742037 -0.0826131 0.00684985
