# Time-averaged data for fix 2
# TimeStep v_Temperature v_PotentialEnergy v_Pressure
1000 0.850653 -0.0121024 0.000838118
2000 0.785198 -0.0181672 0.00076874
3000 0.796158 -0.00461436 0.000784072
4000 0.812043 -0.00506009 0.000802692
5000 0.792308 -0.00628082 0.000777762
6000 0.787799 -0.00515344 0.000778858
7000 0.794928 -0.00255595 0.000784641
8000 0.813829 -0.00695523 0.000799574
9000 0.795061 -0.0120823 0.000781107
10000 0.798082 -0.0081799 0.000780921
11000 0.799774 -0.0152057 0.000781124
12000 0.798918 -0.00776461 0.000788348
13000 0.768493 -0.00791847 0.000755677
14000 0.809056 -0.0103418 0.000792138
15000 0.808023 -0.00982993 0.000793858
16000 0.77897 -0.0103482 0.000765837
17000 0.813674 -0.00301886 0.000803488
18000 0.811124 -0.00223336 0.000800628
19000 0.779002 -0.00654779 0.000763727
20000 0.812827 -0.0045289 0.000801197
21000 0.801218 -0.00719952 0.000788169
22000 0.786248 -0.00795724 0.000770886
23000 0.796145 -0.00425895 0.000784178
24000 0.813791 -0.00693714 0.000799357
25000 0.806089 -0.0020129 0.000800798
26000 0.80607 -0.00700321 0.000795815
27000 0.801204 -0.00665787 0.000789443
28000 0.783882 -0.00728957 0.000769222
29000 0.817824 -0.00487173 0.000807647
30000 0.82751 -0.0053854 0.000815015
31000 0.798921 -0.00690079 0.000787507
32000 0.814667 -0.00787857 0.000800808
33000 0.803605 -0.00765664 0.000789795
34000 0.781674 -0.00721799 0.000771218
35000 0.801083 -0.00921604 0.000785206
36000 0.791847 -0.0115484 0.000775793
37000 0.79033 -0.0102048 0.000771928
38000 0.803403 -0.0114187 0.000788604
39000 0.784327 -0.0107202 0.000768937
40000 0.789417 -0.0092413 0.000775274
41000 0.808799 -0.0139269 0.000792067
42000 0.801678 -0.0072841 0.000790039
43000 0.767886 -0.0153062 0.000748806
44000 0.826452 -0.00731055 0.000812716
45000 0.803307 -0.00885689 0.000790471
46000 0.794201 -0.00665665 0.000781859
47000 0.791952 -0.00846371 0.000779664
48000 0.803042 -0.00720019 0.000789593
49000 0.799204 -0.00847843 0.000787102
50000 0.807127 -0.00524777 0.00079363
51000 0.801925 -0.00305259 0.000794949
52000 0.792326 -0.00433779 0.000781265
53000 0.808377 -0.0135739 0.000796437
54000 0.790767 -0.0050842 0.000780809
55000 0.787855 -0.00664279 0.000772403
56000 0.7908 -0.00413229 0.000780722
57000 0.789238 -0.00631172 0.000780255
58000 0.816805 -0.00507102 0.000805647
59000 0.787273 -0.00318633 0.000777402
60000 0.810565 -0.00430207 0.000800684
61000 0.816323 -0.0038843 0.000804517
62000 0.783074 -0.00822622 0.000770366
63000 0.777562 -0.0153223 0.000758721
64000 0.808102 -0.010969 0.000789611
65000 0.816727 -0.00496702 0.000811059
66000 0.801139 -0.00177106 0.000791243
67000 0.806284 -0.0107437 0.000791015
68000 0.79444 -0.00780712 0.000780827
69000 0.807045 -0.00266032 0.000797046
70000 0.812664 -0.0120093 0.0007973
71000 0.80325 -0.00856839 0.000791214
72000 0.796366 -0.0113816 0.000782687
73000 0.818713 -0.0113555 0.000801018
74000 0.818366 -0.00507957 0.000806171
75000 0.798541 -0.0103464 0.000778242
76000 0.797835 -0.00862932 0.000784955
77000 0.800471 -0.0108373 0.000783723
78000 0.794659 -0.0134795 0.000780898
79000 0.781301 -0.0165707 0.000764272
80000 0.805088 -0.0106593 0.000789129
81000 0.809323 -0.00361688 0.000801275
82000 0.7922 -0.0063558 0.000779655
83000 0.817838 -0.00668477 0.000808089
84000 0.783782 -0.0108458 0.000767492
85000 0.797679 -0.00723718 0.000783162
86000 0.80955 -0.00709053 0.000794146
87000 0.815403 -0.00411612 0.00080373
88000 0.801137 -0.00814963 0.000787695
89000 0.812348 -0.0055893 0.000798703
90000 0.788002 -0.00703712 0.00077605
91000 0.824133 -0.00869975 0.000806306
92000 0.832072 -0.0170054 0.000809584
93000 0.802005 -0.015708 0.000784654
94000 0.805581 -0.0153575 0.000790886
95000 0.809555 -0.0121649 0.000795239
96000 0.792149 -0.0127112 0.000778625
97000 0.803643 -0.0149817 0.000785794
98000 0.80288 -0.0186216 0.00079135
99000 0.791377 -0.011345 0.000776481
100000 0.811294 -0.0199428 0.000792304
101000 0.79209 -0.0155245 0.000777293
102000 0.799208 -0.0249727 0.000776069
103000 0.812703 -0.0192933 0.000793161
104000 0.820107 -0.0179096 0.000802064
105000 0.769796 -0.0166271 0.00075425
106000 0.819021 -0.0165647 0.000802831
107000 0.765917 -0.0221975 0.000750944
108000 0.797495 -0.0167657 0.000782703
109000 0.804641 -0.0148024 0.000789848
110000 0.819365 -0.0165148 0.000800108
111000 0.801508 -0.0167242 0.000785252
112000 0.801563 -0.00292358 0.000791768
113000 0.766969 -0.0044747 0.000755423
114000 0.782775 -0.00923299 0.000765576
115000 0.797303 -0.00899757 0.000779466
116000 0.810147 -0.00559857 0.000799641
117000 0.767393 -0.00656148 0.000753822
118000 0.779284 -0.00827729 0.000770355
119000 0.801563 -0.00636397 0.000790395
120000 0.811443 -0.00636308 0.000797375
121000 0.809661 -0.00629108 0.000797144
122000 0.799201 -0.0113986 0.000783133
123000 0.790722 -0.00613688 0.000777729
124000 0.796697 -0.00434131 0.000784374
125000 0.806459 -0.000757247 0.000796897
126000 0.818797 -0.00727433 0.000806937
127000 0.798984 -0.00828267 0.000784683
128000 0.821346 -0.00588032 0.000809033
129000 0.801553 -0.00274361 0.000792139
130000 0.80115 -0.00660939 0.000786211
131000 0.815507 -0.00197312 0.000805438
132000 0.800849 -0.00408602 0.000790563
133000 0.803385 -0.00853551 0.000787651
134000 0.798047 -0.0140336 0.000780768
135000 0.809812 -0.0142021 0.000792453
136000 0.790025 -0.0176952 0.000771907
137000 0.804623 -0.0135357 0.000792308
138000 0.803331 -0.00581197 0.000793133
139000 0.829781 -0.00628068 0.000818517
140000 0.815679 -0.00597991 0.000803302
141000 0.796328 -0.0102505 0.000778184
142000 0.823126 -0.00700479 0.00080635
143000 0.78367 -0.00341276 0.000775531
144000 0.82575 -0.0038785 0.00081521
145000 0.805485 -0.00519801 0.000794652
146000 0.80709 -0.0093847 0.000793229
147000 0.774594 -0.0142193 0.000757925
148000 0.805282 -0.0120576 0.000788279
149000 0.784527 -0.00855442 0.000766146
150000 0.820322 -0.00767855 0.000806028
151000 0.831594 -0.0083963 0.000817449
152000 0.789132 -0.00457666 0.000778389
153000 0.803753 -0.00671743 0.000788007
154000 0.824219 -0.00348603 0.000813535
155000 0.790392 -0.00776808 0.000775188
156000 0.816695 -0.00539416 0.000802869
157000 0.80187 -0.004778 0.000788259
158000 0.796502 -0.00779905 0.000784467
159000 0.809914 -0.00627899 0.000793372
160000 0.809843 -0.002551 0.000800717
161000 0.801322 -0.00286902 0.000792129
162000 0.827944 -0.00550482 0.000814783
163000 0.792433 -0.00773564 0.000779835
164000 0.784586 -0.00693978 0.000773957
165000 0.80033 -0.00189455 0.000790572
166000 0.796987 -0.0122352 0.000779924
167000 0.823639 -0.0129617 0.000802308
168000 0.806618 -0.0100565 0.000787539
169000 0.794507 -0.00712958 0.000780746
170000 0.792159 -0.00698228 0.000777376
171000 0.801921 -0.00494579 0.000791561
172000 0.778765 -0.00668109 0.000765241
173000 0.81287 -0.00888188 0.00079643
174000 0.806564 -0.00483237 0.000797278
175000 0.801421 -0.0109491 0.000782917
176000 0.802498 -0.00425216 0.000789812
177000 0.813198 -0.0106976 0.000798779
178000 0.769866 -0.00770112 0.00075708
179000 0.822416 -0.00373446 0.000811749
180000 0.767654 -0.0101834 0.000748603
181000 0.805914 -0.0175359 0.000783411
182000 0.835466 -0.0136782 0.000817892
183000 0.818043 -0.0158819 0.000798287
184000 0.797544 -0.0137406 0.000777177
185000 0.808331 -0.0213799 0.000782586
186000 0.782381 -0.00693414 0.00076569
187000 0.815621 -0.00904301 0.000801375
188000 0.787407 -0.00418005 0.00078111
189000 0.794466 -0.003976 0.000786405
190000 0.831886 -0.00530089 0.000817681
191000 0.77955 -0.00895955 0.000768556
192000 0.825259 -0.00763212 0.000805746
193000 0.764934 -0.0168224 0.000741703
194000 0.793288 -0.0138427 0.00077202
195000 0.803214 -0.0155929 0.000782084
196000 0.788011 -0.00529402 0.000781001
197000 0.804 -0.00638181 0.00079183
198000 0.794489 -0.00796495 0.000787851
199000 0.807562 -0.00855097 0.000794013
200000 0.795198 -0.00937344 0.000779426
201000 0.816344 -0.0149669 0.000798926
202000 0.831123 -0.0140844 0.000814966
203000 0.789424 -0.0137298 0.000772452
204000 0.811557 -0.0226683 0.000787234
205000 0.774816 -0.0229094 0.000750959
206000 0.790372 -0.0145391 0.00077523
207000 0.823977 -0.00888358 0.000810148
208000 0.800956 -0.0112715 0.000788622
209000 0.784653 -0.00589651 0.000772807
210000 0.827854 -0.00504343 0.000816199
211000 0.800165 -0.00681721 0.000787836
212000 0.781319 -0.00814345 0.000769217
213000 0.797293 -0.0058651 0.000784611
214000 0.788753 -0.00893603 0.000771443
215000 0.809411 -0.00865617 0.000796362
216000 0.794156 -0.00363311 0.000783911
217000 0.787112 -0.00974907 0.000775885
218000 0.803748 -0.0130491 0.000782753
219000 0.814638 -0.0126472 0.000795089
220000 0.773541 -0.00692015 0.000761784
221000 0.793769 -0.0063714 0.000779443
222000 0.799803 -0.00693684 0.000786215
223000 0.811613 -0.00557674 0.000796887
224000 0.809701 -0.00481364 0.00079912
225000 0.77324 -0.00440352 0.000760496
226000 0.814087 -0.00674318 0.000801993
227000 0.802337 -0.00566093 0.00078889
228000 0.789964 -0.00780739 0.000778046
229000 0.79806 -0.010827 0.000785708
230000 0.777385 -0.00630493 0.000762529
231000 0.768983 -0.00533201 0.000753278
232000 0.811219 -0.00915536 0.000792635
233000 0.796831 -0.00832116 0.000785
234000 0.777318 -0.00250013 0.000766858
235000 0.805637 -0.00553268 0.000793115
236000 0.806025 -0.00688009 0.00079571
237000 0.781461 -0.00217228 0.000771435
238000 0.826617 -0.00478502 0.000812454
239000 0.794101 -0.00777859 0.000781475
240000 0.795843 -0.0108442 0.000779098
241000 0.803196 -0.00770814 0.000794595
242000 0.81091 -0.00493869 0.000802023
243000 0.801299 -0.00549582 0.000793367
244000 0.793422 -0.00550481 0.000785166
245000 0.800586 -0.00853873 0.000790616
246000 0.819107 -0.00742787 0.000806798
247000 0.773084 -0.00757197 0.000763045
248000 0.809725 -0.00382261 0.000799053
249000 0.836595 -0.0052671 0.000826264
250000 0.774986 -0.00719628 0.000762677
251000 0.82056 -0.0048322 0.000805432
252000 0.791952 -0.00707795 0.000781162
253000 0.787627 -0.0057614 0.000773578
254000 0.79055 -0.0061358 0.000775129
255000 0.835263 -0.00564278 0.000822445
256000 0.764575 -0.00446533 0.000755825
257000 0.814366 -0.00467072 0.000805913
258000 0.792025 -0.00413169 0.000781319
259000 0.796245 -0.00880529 0.000784516
260000 0.798054 -0.00348884 0.000786796
261000 0.780513 -0.00827481 0.000767323
262000 0.820841 -0.00366531 0.000810925
263000 0.80809 -0.0100916 0.000796107
264000 0.778154 -0.0159345 0.000762216
265000 0.798528 -0.0109052 0.000786278
266000 0.801345 -0.0115444 0.000785825
267000 0.806154 -0.0120539 0.000793793
268000 0.797512 -0.0169211 0.000781295
269000 0.799291 -0.0255283 0.000776152
270000 0.788038 -0.0209953 0.000769591
271000 0.807278 -0.0219845 0.000789609
272000 0.795657 -0.025235 0.000778436
273000 0.793075 -0.0259617 0.000775291
274000 0.79624 -0.0190792 0.00077764
275000 0.804213 -0.0100309 0.000789736
276000 0.771144 -0.0141221 0.000754481
277000 0.808055 -0.00975443 0.000792215
278000 0.81081 -0.0112133 0.000798902
279000 0.792315 -0.00626111 0.000782555
280000 0.805928 -0.0119468 0.000796492
281000 0.818194 -0.00991813 0.000806192
282000 0.770765 -0.00856735 0.000758969
283000 0.793681 -0.0112837 0.000780642
284000 0.83393 -0.0102589 0.000818642
285000 0.776181 -0.0113497 0.000761595
286000 0.820524 -0.00612273 0.000806226
287000 0.766981 -0.00462931 0.000758162
288000 0.805806 -0.00731453 0.000793709
289000 0.811688 -0.00563591 0.000800265
290000 0.78506 -0.00575292 0.000773665
291000 0.810419 -0.00332238 0.000797756
292000 0.762731 -0.0101143 0.00074596
293000 0.818592 -0.0125869 0.000799793
294000 0.797895 -0.0214381 0.000778472
295000 0.816533 -0.0223221 0.000792789
296000 0.81554 -0.0125501 0.000799298
297000 0.779229 -0.0154724 0.000762886
298000 0.823442 -0.0165299 0.000804805
299000 0.777138 -0.0138669 0.00076635
300000 0.793202 -0.0142362 0.000780698
301000 0.817812 -0.0138611 0.000806749
302000 0.786366 -0.0188832 0.00077281
303000 0.792405 -0.0184459 0.000775904
304000 0.787564 -0.0135865 0.000777753
305000 0.79866 -0.0150886 0.000786393
306000 0.796161 -0.0127206 0.000785011
307000 0.805136 -0.0168283 0.000789679
308000 0.809628 -0.0160118 0.00079648
309000 0.782519 -0.0147878 0.000765904
310000 0.811822 -0.0198042 0.00078951
311000 0.793764 -0.0129712 0.000781162
312000 0.786541 -0.0189615 0.000774612
313000 0.832417 -0.0150722 0.000823309
314000 0.782968 -0.0132644 0.000769053
315000 0.794131 -0.0177123 0.000788622
316000 0.807962 -0.0144689 0.000794235
317000 0.788956 -0.0110683 0.000777234
318000 0.807873 -0.0122179 0.000796031
319000 0.781532 -0.0143984 0.000766628
320000 0.795489 -0.0152119 0.000780369
321000 0.805205 -0.014302 0.000789976
322000 0.795704 -0.0144672 0.000782661
323000 0.809274 -0.0119487 0.000796961
324000 0.813113 -0.0172044 0.000796261
325000 0.787914 -0.0160302 0.000774291
326000 0.787638 -0.0172877 0.000769738
327000 0.808117 -0.0189161 0.000792323
328000 0.797972 -0.0141964 0.000783508
329000 0.808911 -0.0125996 0.000796554
330000 0.787881 -0.0169248 0.000777166
331000 0.787135 -0.0170532 0.0007709
332000 0.792073 -0.0157028 0.00077757
333000 0.798641 -0.0158312 0.00078424
334000 0.796715 -0.0155116 0.000788145
335000 0.794613 -0.0125979 0.000781561
336000 0.813527 -0.013424 0.000800852
337000 0.804487 -0.0133235 0.000792568
338000 0.769317 -0.012748 0.000759081
339000 0.798631 -0.0167079 0.000783881
340000 0.801008 -0.018941 0.000780324
341000 0.806405 -0.0185996 0.000790946
342000 0.804791 -0.019284 0.000789514
343000 0.812658 -0.020723 0.000795896
344000 0.808353 -0.0192876 0.000789849
345000 0.812602 -0.0134418 0.000798215
346000 0.810081 -0.016729 0.000798685
347000 0.816624 -0.0177528 0.000804239
348000 0.796221 -0.0152337 0.000787249
349000 0.81838 -0.0169777 0.000804444
350000 0.798606 -0.0129789 0.000783735
351000 0.817973 -0.0136776 0.000803503
352000 0.8046 -0.0139645 0.000793018
353000 0.806351 -0.017593 0.000788121
354000 0.772003 -0.0132676 0.000760007
355000 0.778126 -0.0153393 0.00076468
356000 0.823938 -0.0220769 0.000802022
357000 0.793961 -0.0206783 0.000777512
358000 0.801395 -0.0208362 0.000780915
359000 0.799733 -0.0287101 0.000771878
360000 0.793251 -0.0174673 0.000775108
361000 0.807616 -0.0116855 0.000794915
362000 0.773582 -0.0189636 0.000760739
363000 0.810067 -0.0183824 0.000797687
364000 0.813828 -0.014912 0.000802894
365000 0.812564 -0.016616 0.00079641
366000 0.817544 -0.0140506 0.000805393
367000 0.777608 -0.0116645 0.000765337
368000 0.815864 -0.0150789 0.000802325
369000 0.782491 -0.012938 0.000768346
370000 0.790606 -0.0157739 0.000775432
371000 0.828011 -0.0180447 0.000812679
372000 0.765696 -0.021493 0.000750289
373000 0.796672 -0.0143933 0.000783295
374000 0.826496 -0.0173308 0.000814567
375000 0.808054 -0.0140834 0.000792973
376000 0.795783 -0.0172037 0.00077933
377000 0.795715 -0.0259775 0.000773207
378000 0.790813 -0.01732 0.000777351
379000 0.788404 -0.0172717 0.000773554
380000 0.810137 -0.019905 0.000800734
381000 0.792176 -0.0197517 0.000779751
382000 0.794844 -0.0173674 0.000778208
383000 0.807097 -0.0210768 0.000785654
384000 0.797322 -0.0159303 0.000779609
385000 0.804436 -0.0122806 0.000790401
386000 0.805411 -0.016947 0.000787382
387000 0.803093 -0.0173373 0.000786035
388000 0.803943 -0.0212047 0.000784017
389000 0.793493 -0.0148759 0.000780795
390000 0.821979 -0.0205209 0.000806257
391000 0.783438 -0.0132 0.000770351
392000 0.808579 -0.0170418 0.000793214
393000 0.808144 -0.0160215 0.000789133
394000 0.812538 -0.0172738 0.000795329
395000 0.798428 -0.0140805 0.000784941
396000 0.789703 -0.0215216 0.000771431
397000 0.789916 -0.0151231 0.000778223
398000 0.802282 -0.0164985 0.000785565
399000 0.788273 -0.0158388 0.000770134
400000 0.785835 -0.0138429 0.000766179
401000 0.798905 -0.0155613 0.0007779
402000 0.817721 -0.0215492 0.000793899
403000 0.7956 -0.0131005 0.000776413
404000 0.807833 -0.0106887 0.000792836
405000 0.786222 -0.0105075 0.000772111
406000 0.81724 -0.0123209 0.000800189
407000 0.801561 -0.0126728 0.000783128
408000 0.790499 -0.0152405 0.000770537
409000 0.79488 -0.0122991 0.000778337
410000 0.815146 -0.0143824 0.000796541
411000 0.808536 -0.0145205 0.000793264
412000 0.809376 -0.0126634 0.000794993
413000 0.787681 -0.0108571 0.000775337
414000 0.813642 -0.00874954 0.000802037
415000 0.819835 -0.0095701 0.00080621
416000 0.764172 -0.00882892 0.000750455
417000 0.818392 -0.0153055 0.000799624
418000 0.793394 -0.0135941 0.000781903
419000 0.796398 -0.0112066 0.000779274
420000 0.78636 -0.0064428 0.000774509
421000 0.83227 -0.0112326 0.000817158
422000 0.814062 -0.0113668 0.000800162
423000 0.78975 -0.00955395 0.000779969
424000 0.811929 -0.00678967 0.000798569
425000 0.790046 -0.0021353 0.000779677
426000 0.797006 -0.00534385 0.00078345
427000 0.803157 -0.00363622 0.000791096
428000 0.811653 -0.00616655 0.000797491
429000 0.804599 -0.00501526 0.000797744
430000 0.808639 -0.00174083 0.00079933
431000 0.82471 -0.00684206 0.000809916
432000 0.797189 -0.00672925 0.000787893
433000 0.804558 -0.00568991 0.000794703
434000 0.788202 -0.00720981 0.000770915
435000 0.817744 -0.00780287 0.000800192
436000 0.784628 -0.0159444 0.000766097
437000 0.79353 -0.00399331 0.000784747
438000 0.820116 -0.00755909 0.000811593
439000 0.778835 -0.00778086 0.000764408
440000 0.803821 -0.00955186 0.000790808
441000 0.803565 -0.00554531 0.000790692
442000 0.790823 -0.0114787 0.00077767
443000 0.789101 -0.0104199 0.000774524
444000 0.789538 -0.00690806 0.000779178
445000 0.788286 -0.0100952 0.000778574
446000 0.821596 -0.0100037 0.000803546
447000 0.787597 -0.00606471 0.00077763
448000 0.809408 -0.00760341 0.000796444
449000 0.78863 -0.0123356 0.000779661
450000 0.795945 -0.0156502 0.00078481
451000 0.793648 -0.0121775 0.000782766
452000 0.805981 -0.0187328 0.000789743
453000 0.794444 -0.0165157 0.000778669
454000 0.804314 -0.0171267 0.000786672
455000 0.804076 -0.0150889 0.000793704
456000 0.801543 -0.0129092 0.000790509
457000 0.786456 -0.0153857 0.000775601
458000 0.815427 -0.0162068 0.000804031
459000 0.815879 -0.0159543 0.000801037
460000 0.797833 -0.0204184 0.000780859
461000 0.810547 -0.0154824 0.000792909
462000 0.784385 -0.0126009 0.000777159
463000 0.807713 -0.0206868 0.000787777
464000 0.82489 -0.0172348 0.000809759
465000 0.790938 -0.0219439 0.000769804
466000 0.789237 -0.0215149 0.000772023
467000 0.805372 -0.0230031 0.000785237
468000 0.810545 -0.0170765 0.000794377
469000 0.793117 -0.0118297 0.000775754
470000 0.79951 -0.0130479 0.000787261
471000 0.811454 -0.0122709 0.000800911
472000 0.796922 -0.0139036 0.000784386
473000 0.797308 -0.0103908 0.000783246
474000 0.787783 -0.0112967 0.000776365
475000 0.822563 -0.0143564 0.00081557
476000 0.825019 -0.0206834 0.000811754
477000 0.820729 -0.0153514 0.000807792
478000 0.792832 -0.0159459 0.000778557
479000 0.806567 -0.0127635 0.000792288
480000 0.77519 -0.0148992 0.000760513
481000 0.80319 -0.0106442 0.000791282
482000 0.786917 -0.00876406 0.000777296
483000 0.770271 -0.0112101 0.000750455
484000 0.793086 -0.00456389 0.000783037
485000 0.820954 -0.00286014 0.000809197
486000 0.80244 -0.0101462 0.000787448
487000 0.771587 -0.00671154 0.000758507
488000 0.818391 -0.0052841 0.000805461
489000 0.798198 -0.00285173 0.000788313
490000 0.789112 -0.00787818 0.000778146
491000 0.786291 -0.00709453 0.000771052
492000 0.800366 -0.00601714 0.00078916
493000 0.818915 -0.00612473 0.000805446
494000 0.776191 -0.00626682 0.000764704
495000 0.803085 -0.00425497 0.000790544
496000 0.823944 -0.00841283 0.000807725
497000 0.771308 -0.00502826 0.000759094
498000 0.808788 -0.00907342 0.000796306
499000 0.815926 -0.00710265 0.000804729
500000 0.809476 -0.00557842 0.000794809
501000 0.823603 -0.00637273 0.00081058
502000 0.77637 -0.00515857 0.000763009
503000 0.787081 -0.00627873 0.000772779
504000 0.803119 -0.00822622 0.000787957
505000 0.806642 -0.0022686 0.000798847
506000 0.795366 -0.00576416 0.00078618
507000 0.806133 -0.00768619 0.000795192
508000 0.807417 -0.0039247 0.000798853
509000 0.801966 -0.00438868 0.000792659
510000 0.797606 -0.0062325 0.000783471
511000 0.797393 -0.00330286 0.000786719
512000 0.789002 -0.00863488 0.000778914
513000 0.800499 -0.00479497 0.000791063
514000 0.795003 -0.00626454 0.000781507
515000 0.780354 -0.0062835 0.000768312
516000 0.818803 -0.00947502 0.000801129
517000 0.796535 -0.00922724 0.00078521
518000 0.837602 -0.0085775 0.000820872
519000 0.793735 -0.0115829 0.000775978
520000 0.767559 -0.00924694 0.00075729
521000 0.800406 -0.00348348 0.000790484
522000 0.806706 -0.00568346 0.000797416
523000 0.810039 -0.00365179 0.000799823
524000 0.804597 -0.00701673 0.00079346
525000 0.787359 -0.00724509 0.000779885
526000 0.797519 -0.00768547 0.000786683
527000 0.802684 -0.00967682 0.000791692
528000 0.796968 -0.0083583 0.000778659
529000 0.805063 -0.00673409 0.000792947
530000 0.79419 -0.00180151 0.000785001
531000 0.809711 -0.00281136 0.000799855
532000 0.797815 -0.004263 0.0007891
533000 0.798926 -0.0013191 0.000788498
534000 0.785791 -0.00338583 0.000779998
535000 0.766067 -0.00248092 0.000757823
536000 0.807923 -0.00990198 0.000793345
537000 0.796421 -0.00758272 0.00078411
538000 0.821078 -0.00216457 0.00081313
539000 0.787137 -0.00490876 0.000775593
540000 0.783255 -0.00662398 0.000771589
541000 0.815548 -0.00348621 0.000804639
542000 0.817586 -0.00785128 0.000802515
543000 0.769191 -0.00532173 0.00075883
544000 0.816419 -0.00357576 0.000807114
545000 0.814397 -0.00463483 0.000803299
546000 0.8118 -0.00424671 0.000800648
547000 0.786782 -0.00544763 0.000776514
548000 0.815707 -0.00467802 0.000804068
549000 0.825264 -0.00541713 0.000812058
550000 0.775001 -0.00627779 0.000760497
551000 0.80936 -0.00755092 0.000796021
552000 0.814065 -0.00715458 0.000801978
553000 0.803814 -0.00326626 0.000795787
554000 0.792596 -0.00664436 0.000778192
555000 0.787046 -0.00866699 0.000770084
556000 0.795495 -0.0059713 0.000783661
557000 0.825202 -0.00527392 0.000812727
558000 0.796815 -0.00909998 0.00078438
559000 0.772614 -0.00458011 0.000762149
560000 0.81449 -0.00644435 0.000806226
561000 0.80485 -0.00766623 0.000789672
562000 0.794055 -0.00504515 0.000783963
563000 0.771614 -0.00535225 0.000761254
564000 0.784444 -0.00590705 0.000772478
565000 0.83133 -0.00464038 0.000818877
566000 0.776209 -0.00267091 0.000765982
567000 0.787061 -0.00325782 0.000779439
568000 0.826575 -0.00430722 0.000818009
569000 0.816145 -0.00705106 0.000802947
570000 0.78725 -0.00382931 0.000776867
571000 0.804607 -0.00493364 0.000794174
572000 0.807905 -0.00330903 0.0007971
573000 0.771828 -0.00445362 0.000762498
574000 0.801101 -0.00425516 0.00079508
575000 0.796755 -0.00793276 0.000783434
576000 0.820103 -0.001977 0.000808067
577000 0.815858 -0.00424812 0.000803195
578000 0.794886 -0.00583144 0.000781519
579000 0.819287 -0.00799377 0.000808477
580000 0.820896 -0.00409368 0.000807811
581000 0.779296 -0.00585977 0.00076792
582000 0.793383 -0.00590662 0.000785905
583000 0.81377 -0.0094771 0.000799616
584000 0.782428 -0.00628832 0.000768559
585000 0.785388 -0.00556181 0.000772325
586000 0.801113 -0.00582422 0.000786454
587000 0.803406 -0.00518013 0.000791685
588000 0.822254 -0.00631598 0.000806837
589000 0.768011 -0.0109278 0.000755307
590000 0.821459 -0.00387458 0.000810921
591000 0.779646 -0.00478945 0.000766687
592000 0.831225 -0.00473319 0.000819892
593000 0.773323 -0.00868958 0.000754931
594000 0.82495 -0.00595239 0.000814191
595000 0.776276 -0.00663105 0.000762764
596000 0.78645 -0.00288717 0.000780043
597000 0.798875 -0.00666813 0.000785441
598000 0.797955 -0.00489411 0.000784386
599000 0.792154 -0.0067367 0.00078112
600000 0.765997 -0.0113382 0.000751721
601000 0.7853 -0.00620699 0.00077211
602000 0.805019 -0.0162173 0.000784862
603000 0.804049 -0.0168575 0.000786181
604000 0.776246 -0.00886345 0.000761383
605000 0.814293 -0.0107598 0.000798453
606000 0.831938 -0.00743403 0.000817487
607000 0.810347 -0.00743821 0.000797943
608000 0.77741 -0.00873702 0.000762733
609000 0.810727 -0.0164231 0.000790733
610000 0.802259 -0.0218092 0.000772753
611000 0.793114 -0.00990827 0.000779348
612000 0.808453 -0.0053101 0.000798103
613000 0.806581 -0.00479838 0.000794826
614000 0.795484 -0.0047741 0.000786674
615000 0.821678 -0.00526359 0.000808152
616000 0.7931 -0.00450208 0.000780378
617000 0.806933 -0.00544804 0.000795418
618000 0.832806 -0.0121657 0.000814684
619000 0.789634 -0.0074719 0.000777724
620000 0.798669 -0.00192658 0.000789414
621000 0.823398 -0.0140706 0.000801118
622000 0.796029 -0.0130339 0.000777218
623000 0.806621 -0.0143603 0.000794333
624000 0.796771 -0.0165839 0.000779232
625000 0.775365 -0.0117721 0.000756154
626000 0.815431 -0.0136 0.000796811
627000 0.792976 -0.0121293 0.000774715
628000 0.808888 -0.0147799 0.000787659
629000 0.800274 -0.0130041 0.000782405
630000 0.778413 -0.00938749 0.000764528
631000 0.806977 -0.00953256 0.00079106
632000 0.79982 -0.00906303 0.000784641
633000 0.792451 -0.00710928 0.00078585
634000 0.772222 -0.00694943 0.000765233
635000 0.821988 -0.00793103 0.000804855
636000 0.781804 -0.00599845 0.000771285
637000 0.791931 -0.00483378 0.00078202
638000 0.804883 -0.00826957 0.000785137
639000 0.819233 -0.0137731 0.000796034
640000 0.774289 -0.00207487 0.000764398
641000 0.818782 -0.00479029 0.000810813
642000 0.804908 -0.00601076 0.000789629
643000 0.784446 -0.00635925 0.00077251
644000 0.805642 -0.00756589 0.000794743
645000 0.813812 -0.00233751 0.000803645
646000 0.798423 -0.00932066 0.000785305
647000 0.807796 -0.00513299 0.000801651
648000 0.780173 -0.00529674 0.000767649
649000 0.818085 -0.00539512 0.000804334
650000 0.831728 -0.0040241 0.000818414
651000 0.790842 -0.0134074 0.000774978
652000 0.792079 -0.00597526 0.000783626
653000 0.786858 -0.00738829 0.000780205
654000 0.801935 -0.0110652 0.000785495
655000 0.816991 -0.00562768 0.000803694
656000 0.793066 -0.00600439 0.000777257
657000 0.809614 -0.00698849 0.000797353
658000 0.795162 -0.00554907 0.000784156
659000 0.792414 -0.0115846 0.000780123
660000 0.788302 -0.00877556 0.000778199
661000 0.811045 -0.0095767 0.000798268
662000 0.816961 -0.00637799 0.000804922
663000 0.787331 -0.00380372 0.000777235
664000 0.808001 -0.00635865 0.000792714
665000 0.80165 -0.00256523 0.000792793
666000 0.793934 -0.00257908 0.000790111
667000 0.82217 -0.0120199 0.000806909
668000 0.776293 -0.00927095 0.000762454
669000 0.810235 -0.00969241 0.000798437
670000 0.812308 -0.00771571 0.000799256
671000 0.778427 -0.00823211 0.000765456
672000 0.819129 -0.0121428 0.000802219
673000 0.810329 -0.00835821 0.000793874
674000 0.801886 -0.0136172 0.000785071
675000 0.792412 -0.00934049 0.000777534
676000 0.775944 -0.00561917 0.000761129
677000 0.825231 -0.00461031 0.000813988
678000 0.799146 -0.00719222 0.000789736
679000 0.786579 -0.00332087 0.00077424
680000 0.814661 -0.00643242 0.000798096
681000 0.802887 -0.00605884 0.000790479
682000 0.781291 -0.00542456 0.000768916
683000 0.780417 -0.00200586 0.000768675
684000 0.826318 -0.0113944 0.000811678
685000 0.809363 -0.00526383 0.000799468
686000 0.771062 -0.00863533 0.000762049
687000 0.820332 -0.00378936 0.000813213
688000 0.817818 -0.010117 0.000799146
689000 0.811074 -0.00587554 0.00080263
690000 0.79452 -0.00334322 0.000784543
691000 0.821553 -0.00783822 0.000810726
692000 0.812381 -0.00986081 0.000794669
693000 0.783486 -0.0076436 0.000767767
694000 0.8219 -0.00550919 0.000810689
695000 0.780346 -0.00699305 0.000764505
696000 0.804444 -0.0050263 0.000792046
697000 0.80714 -0.00451339 0.000794269
698000 0.786935 -0.0069904 0.000773156
699000 0.81789 -0.00360625 0.000805252
700000 0.787294 -0.00505076 0.000779652
701000 0.79508 -0.0047884 0.000783619
702000 0.823121 -0.00705435 0.000808844
703000 0.781819 -0.00950338 0.000766376
704000 0.795628 -0.00452942 0.000784864
705000 0.829014 -0.00437898 0.000818773
706000 0.775712 -0.00506593 0.000763294
707000 0.831468 -0.00378061 0.000821315
708000 0.816305 -0.00800789 0.000803696
709000 0.783591 -0.0126331 0.000767301
710000 0.785874 -0.00474118 0.000775277
711000 0.798449 -0.00585237 0.000783284
712000 0.787609 -0.00296903 0.000777702
713000 0.780261 -0.00700498 0.000768413
714000 0.79336 -0.00719139 0.000777703
715000 0.810998 -0.00588771 0.000799179
716000 0.818182 -0.00537189 0.000806952
717000 0.785417 -0.00544919 0.000778524
718000 0.804525 -0.00591843 0.000792428
719000 0.792109 -0.00332587 0.000781419
720000 0.811697 -0.00885052 0.000794299
721000 0.794882 -0.00550562 0.000784838
722000 0.822493 -0.00497401 0.00081182
723000 0.802905 -0.00771604 0.000794198
724000 0.784187 -0.00509718 0.000769777
725000 0.808225 -0.00836929 0.00079435
726000 0.783842 -0.0088482 0.000769372
727000 0.789595 -0.00862418 0.000781853
728000 0.803346 -0.00726457 0.000788725
729000 0.778695 -0.0047648 0.000766624
730000 0.771728 -0.00319722 0.000763615
731000 0.785227 -0.00711965 0.000771199
732000 0.803525 -0.00455582 0.0007939
733000 0.776508 -0.00576335 0.000762488
734000 0.788716 -0.00554678 0.000777019
735000 0.821886 -0.0040069 0.00081051
736000 0.784188 -0.00543265 0.000773036
737000 0.805777 -0.00634731 0.000792226
738000 0.77922 -0.00899196 0.000763877
739000 0.827549 -0.00774978 0.000810398
740000 0.771953 -0.0117884 0.000757349
741000 0.799537 -0.00699824 0.000783727
742000 0.807682 -0.00986871 0.000789168
743000 0.797299 -0.00647538 0.000782623
744000 0.798893 -0.00997917 0.000785245
745000 0.803371 -0.00499737 0.00079327
746000 0.799259 -0.00484119 0.000787812
747000 0.790041 -0.00579012 0.000777517
748000 0.800787 -0.00573846 0.000789621
749000 0.805957 -0.00567808 0.000792421
750000 0.796461 -0.00354722 0.000787636
751000 0.818247 -0.00592011 0.000803681
752000 0.814592 -0.00861169 0.000799813
753000 0.77996 -0.010861 0.000766191
754000 0.823116 -0.00485547 0.00080897
755000 0.810932 -0.0062235 0.000798209
756000 0.813959 -0.00849107 0.000801008
757000 0.808575 -0.00723557 0.000795597
758000 0.786563 -0.00444348 0.00077373
759000 0.793227 -0.00643737 0.000781218
760000 0.797572 -0.00541699 0.000784144
761000 0.811934 -0.0109783 0.000791033
762000 0.80469 -0.00353376 0.000794094
763000 0.781186 -0.00661927 0.000773278
764000 0.826499 -0.00676921 0.000819184
765000 0.779456 -0.0074251 0.000766951
766000 0.824577 -0.0058695 0.000810753
767000 0.790216 -0.00534516 0.000779639
768000 0.77797 -0.000954535 0.000769409
769000 0.821343 -0.00645665 0.000810254
770000 0.761419 -0.00503045 0.000749243
771000 0.812086 -0.00584845 0.000802998
772000 0.811129 -0.00723844 0.000799362
773000 0.782466 -0.004751 0.000769055
774000 0.791858 -0.007521 0.000775352
775000 0.813517 -0.00537973 0.00079944
776000 0.801935 -0.00201127 0.000793492
777000 0.789491 -0.00768168 0.000777743
778000 0.798451 -0.00763195 0.000783199
779000 0.806743 -0.00700367 0.000792351
780000 0.790962 -0.0104584 0.00077018
781000 0.794933 -0.00833119 0.000781655
782000 0.798918 -0.0113306 0.000781285
783000 0.81382 -0.00976979 0.000801774
784000 0.822074 -0.00609197 0.000811448
785000 0.789895 -0.00235252 0.000779219
786000 0.788114 -0.00560407 0.000774975
787000 0.798671 -0.00295266 0.000786586
788000 0.791052 -0.00841673 0.000777038
789000 0.812061 -0.00191261 0.000804401
790000 0.769808 -0.00262069 0.000757595
791000 0.798651 -0.00750337 0.00078698
792000 0.819816 -0.00362816 0.000808905
793000 0.794795 -0.00790796 0.000779181
794000 0.801974 -0.0145865 0.000785373
795000 0.777378 -0.0069494 0.000764127
796000 0.817189 -0.00370421 0.000807963
797000 0.81608 -0.0111194 0.000799598
798000 0.801797 -0.00913884 0.000784199
799000 0.793555 -0.00466531 0.000779094
800000 0.814296 -0.00473232 0.000803375
801000 0.80559 -0.00699286 0.000794533
802000 0.803716 -0.00371714 0.000795011
803000 0.777462 -0.00757316 0.00076211
804000 0.81897 -0.00332542 0.000809787
805000 0.816846 -0.00495576 0.000804061
806000 0.79813 -0.00642159 0.000783655
807000 0.779194 -0.00338706 0.000769124
808000 0.827509 -0.00814254 0.00081168
809000 0.778962 -0.00849162 0.000765878
810000 0.837437 -0.00488685 0.000826566
811000 0.800474 -0.00914037 0.000785502
812000 0.79683 -0.0126882 0.000778597
813000 0.825163 -0.0148119 0.000802723
814000 0.817554 -0.0137724 0.000802345
815000 0.80996 -0.0081757 0.000798318
816000 0.813563 -0.00592003 0.000803164
817000 0.779227 -0.00563205 0.000767594
818000 0.8151 -0.00734182 0.000806523
819000 0.780987 -0.00916315 0.000773458
820000 0.830947 -0.00955135 0.000814674
821000 0.787573 -0.0083116 0.0007735
822000 0.767268 -0.0122495 0.000749474
823000 0.80853 -0.00619407 0.000794311
824000 0.794242 -0.00731378 0.000784659
825000 0.787255 -0.0080271 0.000774054
826000 0.804417 -0.00958378 0.000792356
827000 0.777541 -0.00923333 0.000762561
828000 0.801949 -0.0186946 0.000778679
829000 0.805472 -0.010662 0.000794148
830000 0.817195 -0.00919352 0.000804849
831000 0.820651 -0.01782 0.000800147
832000 0.800078 -0.0263831 0.000770237
833000 0.810113 -0.0194116 0.00078977
834000 0.789207 -0.0236094 0.000768887
835000 0.802628 -0.0192208 0.000786274
836000 0.797441 -0.0188367 0.000779139
837000 0.776493 -0.0165449 0.000764737
838000 0.790569 -0.0140329 0.000776788
839000 0.791562 -0.013342 0.000777029
840000 0.805816 -0.0129929 0.000795068
841000 0.79195 -0.0127782 0.000779713
842000 0.797759 -0.0130313 0.000786012
843000 0.817003 -0.0160357 0.000803681
844000 0.786963 -0.0142869 0.000771119
845000 0.795298 -0.0101917 0.000784803
846000 0.79643 -0.0193084 0.000781775
847000 0.811023 -0.0117031 0.000798201
848000 0.814612 -0.0149154 0.000805581
849000 0.797767 -0.00794501 0.000788307
850000 0.79647 -0.0027195 0.000787151
851000 0.788237 -0.0060945 0.000776494
852000 0.781441 -0.00697894 0.000770877
853000 0.819277 -0.00168082 0.000809566
854000 0.796256 -0.00387253 0.000785372
855000 0.795564 -0.00747619 0.000784797
856000 0.778142 -0.0101832 0.000757995
857000 0.799294 -0.00912083 0.000787745
858000 0.798514 -0.00947977 0.000787719
859000 0.798796 -0.0135605 0.000780518
860000 0.792811 -0.00944123 0.000783877
861000 0.788761 -0.0101251 0.00077088
862000 0.785147 -0.0172141 0.00076354
863000 0.783536 -0.018993 0.000764038
864000 0.786704 -0.0120322 0.000768538
865000 0.792624 -0.00986071 0.000779189
866000 0.788503 -0.00359929 0.000777316
867000 0.781401 -0.00611002 0.00077222
868000 0.801055 -0.012877 0.000784637
869000 0.803222 -0.00804126 0.00078902
870000 0.802722 -0.00185224 0.000793077
871000 0.801213 -0.00665312 0.000787679
872000 0.783687 -0.00757336 0.000770343
873000 0.813839 -0.00626312 0.000803059
874000 0.76751 -0.00541923 0.000754698
875000 0.82544 -0.00800812 0.000814
876000 0.824569 -0.00391279 0.000814706
877000 0.790675 -0.0039451 0.000782309
878000 0.795577 -0.00519127 0.000784098
879000 0.796207 -0.00945913 0.000785224
880000 0.787085 -0.00732083 0.000775629
881000 0.803265 -0.00316475 0.000793191
882000 0.797828 -0.00825472 0.000780096
883000 0.816251 -0.0123331 0.000800062
884000 0.81752 -0.0164132 0.000801248
885000 0.79604 -0.017384 0.000774593
886000 0.801775 -0.0185555 0.00077851
887000 0.801444 -0.0149837 0.0007807
888000 0.803572 -0.0157952 0.000777946
889000 0.792382 -0.0107027 0.000777028
890000 0.818934 -0.0037299 0.000807058
891000 0.83224 -0.0122088 0.000818356
892000 0.78377 -0.0122161 0.00077081
893000 0.801862 -0.0149243 0.00078604
894000 0.794844 -0.00963634 0.000780601
895000 0.797922 -0.014089 0.000784359
896000 0.799841 -0.0110004 0.000787936
897000 0.777175 -0.0134436 0.000761563
898000 0.794974 -0.0151556 0.000781781
899000 0.815427 -0.0116652 0.000802116
900000 0.794625 -0.0219085 0.000773353
901000 0.781839 -0.0231724 0.000756776
902000 0.819138 -0.0178875 0.000800398
903000 0.789865 -0.0108857 0.000776876
904000 0.786572 -0.0159471 0.000768381
905000 0.777063 -0.0148814 0.000758371
906000 0.803056 -0.0117704 0.000787121
907000 0.806954 -0.0135255 0.000793337
908000 0.805289 -0.0146545 0.000790615
909000 0.799072 -0.0173483 0.000782289
910000 0.7948 -0.0151057 0.000777244
911000 0.784798 -0.0168948 0.000763845
912000 0.789145 -0.0146996 0.000771393
913000 0.827664 -0.0106451 0.000810141
914000 0.78188 -0.0185543 0.000765309
915000 0.803141 -0.0188124 0.000786336
916000 0.809844 -0.019396 0.000792222
917000 0.792963 -0.0224253 0.000770254
918000 0.793363 -0.0195136 0.000780703
919000 0.791137 -0.0188767 0.000776313
920000 0.788161 -0.0249753 0.000768616
921000 0.78932 -0.0297091 0.000768674
922000 0.790227 -0.0239142 0.000770604
923000 0.807105 -0.0210817 0.000786267
924000 0.805705 -0.0151254 0.000788537
925000 0.77662 -0.022608 0.000754832
926000 0.793778 -0.0234093 0.000772537
927000 0.787552 -0.02221 0.000772217
928000 0.821475 -0.0243706 0.000803031
929000 0.80787 -0.0217428 0.000789879
930000 0.779514 -0.0223257 0.000758971
931000 0.792574 -0.0204094 0.000771441
932000 0.814454 -0.0148202 0.000798482
933000 0.806975 -0.0105798 0.00079319
934000 0.789991 -0.0127748 0.000773441
935000 0.79868 -0.0133919 0.000786053
936000 0.81522 -0.0119424 0.000799476
937000 0.807306 -0.0156134 0.000784975
938000 0.80948 -0.0100425 0.00079853
939000 0.801881 -0.014385 0.000790123
940000 0.797271 -0.0112337 0.00078357
941000 0.810516 -0.0105442 0.000795477
942000 0.772616 -0.0132876 0.000757376
943000 0.820465 -0.0127606 0.000810971
944000 0.81964 -0.0140054 0.000801862
945000 0.781563 -0.0125308 0.000765199
946000 0.804475 -0.0186032 0.000787629
947000 0.805873 -0.0139097 0.000788135
948000 0.79962 -0.0131891 0.000789554
949000 0.779765 -0.0113526 0.000767015
950000 0.809084 -0.0214932 0.000788244
951000 0.819837 -0.0175761 0.000799817
952000 0.826379 -0.0165073 0.000807859
953000 0.798976 -0.0126422 0.000784964
954000 0.807088 -0.0136147 0.000790197
955000 0.812699 -0.0105453 0.000797915
956000 0.825877 -0.00720782 0.000813625
957000 0.793102 -0.0102783 0.000780685
958000 0.825669 -0.00755895 0.000810672
959000 0.775262 -0.00385061 0.000763892
960000 0.790837 -0.00737178 0.000781854
961000 0.792064 -0.00750472 0.000778751
962000 0.815141 -0.00485431 0.000802652
963000 0.792108 -0.00394007 0.000782841
964000 0.797798 -0.00255883 0.000786746
965000 0.783251 -0.00564879 0.00077218
966000 0.828377 -0.00423488 0.000815871
967000 0.787121 -0.00322024 0.000774674
968000 0.813465 -0.00730355 0.000797242
969000 0.807139 -0.0037011 0.000797996
970000 0.804084 -0.00677211 0.000793554
971000 0.805668 -0.00695412 0.000792286
972000 0.8035 -0.0057776 0.000792553
973000 0.824191 -0.00619304 0.000811533
974000 0.78893 -0.00363388 0.000776411
975000 0.795088 -0.00913524 0.000781833
976000 0.819673 -0.00969064 0.000806116
977000 0.769642 -0.00688024 0.000756319
978000 0.821905 -0.00439617 0.000808617
979000 0.81454 -0.00894526 0.00079772
980000 0.802269 -0.00683856 0.00079008
981000 0.821117 -0.0091991 0.000809983
982000 0.773679 -0.00641887 0.00076202
983000 0.821584 -0.0048255 0.000811578
984000 0.806842 -0.00819436 0.000793438
985000 0.790808 -0.00510275 0.000779235
986000 0.802716 -0.00654706 0.000796792
987000 0.785618 -0.00397405 0.000776377
988000 0.82603 -0.00519329 0.000812485
989000 0.791353 -0.00382742 0.000778061
990000 0.814811 -0.00463852 0.000805239
991000 0.776635 -0.00744372 0.000759841
992000 0.797461 -0.00955962 0.000778418
993000 0.790971 -0.00193368 0.000781473
994000 0.791735 -0.00473254 0.000782843
995000 0.797408 -0.0064639 0.000786534
996000 0.788375 -0.00570713 0.000775093
997000 0.81754 -0.00399025 0.000809335
998000 0.79469 -0.00526082 0.000782254
999000 0.775485 -0.00431442 0.000768607
1000000 0.82148 -0.00688686 0.000807622
1001000 0.811015 -0.0115934 0.000797341
1002000 0.796827 -0.0090688 0.000782658
1003000 0.819373 -0.0118527 0.000803902
1004000 0.833139 -0.00857118 0.00081966
1005000 0.797074 -0.00796248 0.000782481
1006000 0.778444 -0.00485734 0.000767176
1007000 0.810206 -0.00881179 0.000796832
1008000 0.817577 -0.0120363 0.000802513
1009000 0.791904 -0.00565601 0.000783453
1010000 0.804484 -0.00470422 0.000793061
1011000 0.800269 -0.00554888 0.00078928
1012000 0.810097 -0.00659015 0.00079749
1013000 0.809856 -0.00778161 0.000795204
1014000 0.801767 -0.0124011 0.000792496
1015000 0.829972 -0.0109203 0.000815273
1016000 0.782496 -0.00869643 0.000769774
1017000 0.821044 -0.00558697 0.000807087
1018000 0.779636 -0.00825354 0.000768959
1019000 0.83247 -0.00598371 0.000815462
1020000 0.76978 -0.00501279 0.000760569
1021000 0.790126 -0.00288865 0.00078325
1022000 0.810917 -0.00780231 0.000797041
1023000 0.775673 -0.0104944 0.000753988
1024000 0.809957 -0.0139823 0.000799452
1025000 0.788057 -0.0156717 0.000773642
1026000 0.76749 -0.00942307 0.000758115
1027000 0.802184 -0.0138212 0.000785251
1028000 0.830216 -0.00842001 0.000818488
1029000 0.779389 -0.0143107 0.000765082
1030000 0.809938 -0.010936 0.000797958
1031000 0.811849 -0.0139181 0.000798374
1032000 0.776195 -0.0177382 0.000759174
1033000 0.804189 -0.0184871 0.000789258
1034000 0.813953 -0.0114958 0.000800618
1035000 0.782604 -0.0133669 0.000767447
1036000 0.817974 -0.0118021 0.000804255
1037000 0.811111 -0.0139106 0.000793019
1038000 0.782605 -0.0125004 0.000770046
1039000 0.774507 -0.0228269 0.000751731
1040000 0.778232 -0.0121801 0.000761385
1041000 0.815257 -0.0117331 0.000799204
1042000 0.807992 -0.0201231 0.000786948
1043000 0.79952 -0.0232824 0.000779423
1044000 0.805424 -0.0223276 0.000786766
1045000 0.807912 -0.0203011 0.000787819
1046000 0.810879 -0.0211571 0.000791377
1047000 0.794163 -0.0250498 0.000771691
1048000 0.78476 -0.0258403 0.000765489
1049000 0.811753 -0.0198487 0.000792731
1050000 0.793926 -0.0171799 0.000778268
1051000 0.79894 -0.0154387 0.000782115
1052000 0.78342 -0.010101 0.000769654
1053000 0.774189 -0.0155108 0.000762849
1054000 0.814521 -0.0163784 0.000794396
1055000 0.817224 -0.0177902 0.000797977
1056000 0.813345 -0.0158245 0.000797599
1057000 0.775676 -0.012101 0.000760167
1058000 0.786445 -0.0155747 0.000773006
1059000 0.825732 -0.0109651 0.000812442
1060000 0.788476 -0.0151993 0.000773062
1061000 0.818339 -0.0159879 0.000801112
1062000 0.765208 -0.0168676 0.000747294
1063000 0.795681 -0.00937051 0.000786344
1064000 0.796833 -0.00530483 0.000789084
1065000 0.78825 -0.00535991 0.000777207
1066000 0.829533 -0.00488522 0.000821108
1067000 0.81981 -0.00919075 0.00080677
1068000 0.772029 -0.0136061 0.000749895
1069000 0.816423 -0.00498878 0.000802771
1070000 0.811647 -0.00772272 0.000801081
1071000 0.785669 -0.00493441 0.000772107
1072000 0.802697 -0.00219793 0.000796628
1073000 0.805065 -0.0042743 0.00079066
1074000 0.793417 -0.00488719 0.000784889
1075000 0.800506 -0.00604174 0.000787079
1076000 0.814118 -0.00425065 0.000804264
1077000 0.81145 -0.00728117 0.000800338
1078000 0.809136 -0.00795747 0.00079372
1079000 0.810236 -0.0134925 0.000789227
1080000 0.784889 -0.0135876 0.000767753
1081000 0.810327 -0.0118945 0.000792932
1082000 0.810886 -0.00995491 0.0007935
1083000 0.779743 -0.0102254 0.000764122
1084000 0.791722 -0.0137623 0.000773393
1085000 0.819466 -0.0143259 0.000799414
1086000 0.801587 -0.00656039 0.000790566
1087000 0.80052 -0.00606878 0.000787036
1088000 0.810447 -0.0142522 0.000791983
1089000 0.802576 -0.00542713 0.000787679
1090000 0.795589 -0.00424327 0.000787848
1091000 0.830269 -0.00721768 0.000819341
1092000 0.77903 -0.00915987 0.000763163
1093000 0.823432 -0.00579478 0.000814221
1094000 0.784103 -0.00656669 0.000774797
1095000 0.782724 -0.00901632 0.000764868
1096000 0.79014 -0.00508777 0.000776207
1097000 0.796801 -0.00736224 0.000783748
1098000 0.814095 -0.00821854 0.000798433
1099000 0.774035 -0.0140517 0.000758834
1100000 0.798315 -0.0142078 0.000775586
