# Time-averaged data for fix 2
# TimeStep v_Temperature v_PotentialEnergy v_Pressure
1000 1.58148 -0.0126426 0.00156151
2000 1.6118 -0.00677958 0.00159435
3000 1.59848 -0.00519151 0.00158038
4000 1.62018 -0.00872989 0.00159888
5000 1.57556 -0.00348099 0.00155879
6000 1.58549 -0.00576874 0.00157052
7000 1.59487 -0.00214481 0.00158045
8000 1.60972 -0.00735838 0.0015909
9000 1.65553 -0.00172313 0.0016387
10000 1.53801 -0.00117738 0.00152198
11000 1.63419 -0.0046422 0.00161734
12000 1.62639 -0.00374358 0.00160502
13000 1.57379 -0.00549948 0.00155393
14000 1.60478 -0.00581789 0.00159156
15000 1.65377 -0.00974455 0.00162852
16000 1.55804 -0.00715362 0.0015425
17000 1.66187 -0.0147929 0.00164498
18000 1.53831 -0.0127122 0.00152073
19000 1.56608 -0.013432 0.00154417
20000 1.62964 -0.0152934 0.00160829
21000 1.58446 -0.0150333 0.00156254
22000 1.58271 -0.0153789 0.00156603
23000 1.57122 -0.0142252 0.0015527
24000 1.56317 -0.0115138 0.00154552
25000 1.62846 -0.0144493 0.00160676
26000 1.61757 -0.018795 0.00159466
27000 1.54894 -0.0217483 0.00152438
28000 1.62985 -0.0136218 0.0016052
29000 1.60849 -0.0176319 0.00158574
30000 1.5896 -0.0139752 0.0015722
31000 1.60386 -0.0155732 0.00157416
32000 1.5862 -0.0154997 0.00156183
33000 1.61795 -0.0185452 0.00159092
34000 1.57184 -0.0155387 0.00154938
35000 1.63623 -0.0190859 0.00160698
36000 1.59586 -0.0152668 0.00157387
37000 1.56666 -0.0149839 0.00154478
38000 1.6548 -0.0159262 0.00162552
39000 1.57692 -0.0185492 0.0015509
40000 1.58555 -0.0144959 0.00155791
41000 1.62491 -0.0188482 0.00159258
42000 1.57537 -0.0144107 0.00155197
43000 1.61881 -0.00908995 0.00160476
44000 1.61531 -0.0104407 0.00159168
45000 1.60766 -0.00428925 0.0015888
46000 1.58333 -0.00361746 0.00156717
47000 1.58305 -0.00482302 0.00156613
48000 1.63305 -0.00477986 0.00161407
49000 1.59113 -0.004821 0.00157629
50000 1.59473 -0.00393973 0.00157708
51000 1.62179 -0.00412618 0.00160425
52000 1.57613 -0.00691131 0.00155516
53000 1.6235 -0.0119716 0.00159643
54000 1.6197 -0.0054746 0.00160247
55000 1.58444 -0.0061987 0.0015606
56000 1.59583 -0.00257307 0.00157559
57000 1.57994 -0.0064084 0.00155456
58000 1.56881 -0.00881243 0.00154658
59000 1.541 -0.00745263 0.00151851
60000 1.60257 -0.0037522 0.00158565
61000 1.60987 -0.00361359 0.00159183
62000 1.58984 -0.00818152 0.00156545
63000 1.60722 -0.00705144 0.00158703
64000 1.58535 -0.00904875 0.00156455
65000 1.52797 -0.0053225 0.00151067
66000 1.5921 -0.0105701 0.00156754
67000 1.58255 -0.00727782 0.0015631
68000 1.56268 -0.00502204 0.00155179
69000 1.66735 -0.00638969 0.00164545
70000 1.53885 -0.00594404 0.00152023
71000 1.62615 -0.00262201 0.00160691
72000 1.62346 -0.00308957 0.0016041
73000 1.54074 -0.00946559 0.00152078
74000 1.65483 -0.00324031 0.00163699
75000 1.57698 -0.00704392 0.00155936
76000 1.59105 -0.00568651 0.00157098
77000 1.61728 -0.00520982 0.00160172
78000 1.65199 -0.00553161 0.0016412
79000 1.56005 -0.0016654 0.0015483
80000 1.57614 -0.00602041 0.00155851
81000 1.56894 -0.0115005 0.0015486
82000 1.57311 -0.00983902 0.00154955
83000 1.57893 -0.0109874 0.00156056
84000 1.5727 -0.00624282 0.00155441
85000 1.64755 -0.00923315 0.0016207
86000 1.57998 -0.00707705 0.00156566
87000 1.61838 -0.00739617 0.0015965
88000 1.62425 -0.00594418 0.00160248
89000 1.58234 -0.00853965 0.00155631
90000 1.57234 -0.00633773 0.00155414
91000 1.62641 -0.0068538 0.00161232
92000 1.58287 -0.00673703 0.00156858
93000 1.57546 -0.00637686 0.00155644
94000 1.57327 -0.00727005 0.00155429
95000 1.65375 -0.00803375 0.00163264
96000 1.57622 -0.00449015 0.00155969
97000 1.59381 -0.004395 0.00157699
98000 1.64453 -0.00730358 0.00162175
99000 1.57569 -0.00412057 0.00155781
100000 1.52617 -0.00445892 0.00151804
101000 1.56764 -0.00433812 0.0015514
102000 1.63368 -0.00669969 0.00161139
103000 1.59446 -0.00295774 0.00157987
104000 1.6259 -0.00819922 0.00160366
105000 1.59716 -0.00673965 0.00158018
106000 1.58199 -0.00159058 0.00156372
107000 1.58679 -0.00305286 0.00157168
108000 1.56865 -0.00202152 0.00155076
109000 1.61608 -0.00528993 0.00159508
110000 1.6064 -0.00399118 0.00158835
111000 1.60322 -0.00199548 0.00159004
112000 1.57379 -0.00653059 0.00155766
113000 1.58167 -0.00922688 0.00155955
114000 1.62463 -0.00626256 0.00160776
115000 1.59855 -0.00275347 0.00158036
116000 1.61323 -0.00349054 0.00159427
117000 1.59374 -0.00451256 0.00157305
118000 1.61299 -0.0070789 0.0015918
119000 1.62609 -0.00293866 0.00160556
120000 1.58352 -0.00317658 0.00156687
121000 1.59687 -0.00600617 0.00158597
122000 1.57633 -0.00359271 0.00156253
123000 1.63073 -0.00730525 0.00161125
124000 1.57223 -0.00312312 0.00155383
125000 1.61893 -0.00413305 0.00160027
126000 1.62211 -0.00683695 0.00159955
127000 1.54617 -0.00457229 0.00153186
128000 1.63066 -0.00570422 0.00161431
129000 1.62839 -0.00630735 0.0016156
130000 1.57355 -0.00576332 0.00155251
131000 1.57299 -0.00458913 0.00155605
132000 1.58482 -0.00720014 0.00156319
133000 1.62779 -0.00314363 0.00161541
134000 1.62688 -0.00457135 0.00160811
135000 1.597 -0.00257076 0.00158191
136000 1.59612 -0.00442049 0.00158158
137000 1.57675 -0.00635512 0.00155625
138000 1.58371 -0.00724634 0.00156636
139000 1.62866 -0.00529863 0.0016153
140000 1.61856 -0.00811414 0.00160118
141000 1.60411 -0.00265094 0.00158701
142000 1.59547 -0.00590341 0.00158072
143000 1.60515 -0.00700566 0.00158838
144000 1.58991 -0.00330638 0.00157319
145000 1.60047 -0.00618896 0.00157724
146000 1.60084 -0.00536226 0.00158381
147000 1.61869 -0.00413033 0.0016163
148000 1.58688 -0.00381042 0.00157382
149000 1.65514 -0.00572089 0.00163814
150000 1.62588 -0.00392205 0.00160821
151000 1.60706 -0.0104127 0.00158359
152000 1.61149 -0.00742894 0.00158877
153000 1.549 -0.00815331 0.00153458
154000 1.58282 -0.00693895 0.00156302
155000 1.65851 -0.00395098 0.00163811
156000 1.55392 -0.00504751 0.00153576
157000 1.6243 -0.00696313 0.00160642
158000 1.63762 -0.00427205 0.00162052
159000 1.60193 -0.00545669 0.00158029
160000 1.61157 -0.00196163 0.00159349
161000 1.62308 -0.00896609 0.00160169
162000 1.61531 -0.00420572 0.00159618
163000 1.52607 -0.00460947 0.00150625
164000 1.65907 -0.00516309 0.0016381
165000 1.5615 -0.00210462 0.00154396
166000 1.61918 -0.00330699 0.00160014
167000 1.61388 -0.0101482 0.00159608
168000 1.53998 -0.00852523 0.00151606
169000 1.6168 -0.00663209 0.00159172
170000 1.64436 -0.00465914 0.00162262
171000 1.53406 -0.00736015 0.00152
172000 1.6085 -0.00654186 0.00158863
173000 1.62278 -0.00619066 0.00160475
174000 1.55835 -0.00602141 0.00153586
175000 1.61927 -0.00830579 0.00159723
176000 1.60491 -0.00859929 0.0015838
177000 1.54263 -0.00404839 0.00153432
178000 1.62108 -0.00930893 0.00159672
179000 1.60117 -0.00281155 0.00158569
180000 1.59929 -0.00284314 0.00158023
181000 1.56715 -0.00554911 0.00155377
182000 1.62243 -0.0053433 0.0015999
183000 1.60366 -0.0051037 0.00158343
184000 1.57361 -0.00744857 0.00154822
185000 1.59336 -0.00666017 0.00157561
186000 1.65754 -0.00508217 0.00163529
187000 1.56067 -0.00499131 0.00154357
188000 1.57204 -0.00456523 0.00155439
189000 1.62505 -0.00721368 0.00160097
190000 1.54871 -0.00363179 0.0015347
191000 1.64741 -0.0117331 0.00162322
192000 1.61651 -0.00730208 0.00160614
193000 1.55531 -0.00574747 0.00154046
194000 1.65337 -0.00474313 0.00163174
195000 1.61016 -0.00578986 0.00158655
196000 1.55287 -0.00929709 0.00153212
197000 1.56571 -0.00550231 0.00154596
198000 1.65593 -0.00368694 0.00164301
199000 1.57903 -0.00648941 0.00155985
200000 1.57023 -0.00281082 0.00155257
201000 1.64413 -0.00384616 0.00162853
202000 1.57651 -0.00846916 0.00155326
203000 1.61056 -0.00270442 0.00159107
204000 1.59184 -0.00776871 0.00157563
205000 1.58951 -0.00604439 0.0015747
206000 1.60923 -0.0046847 0.00158959
207000 1.60796 -0.00700717 0.00158569
208000 1.61774 -0.00478183 0.00160274
209000 1.57066 -0.00724803 0.00155172
210000 1.58019 -0.00555515 0.00156443
211000 1.63956 -0.00214849 0.00162259
212000 1.58991 -0.00501348 0.00157108
213000 1.57451 -0.00461415 0.00155504
214000 1.64825 -0.00557625 0.0016301
215000 1.56447 -0.00635618 0.00154561
216000 1.53686 -0.00363888 0.00151761
217000 1.56656 -0.00873986 0.0015413
218000 1.59255 -0.010191 0.00156522
219000 1.59133 -0.0109031 0.00156275
220000 1.64805 -0.00492199 0.00163298
221000 1.603 -0.00775373 0.00158409
222000 1.60269 -0.0058267 0.0015819
223000 1.6189 -0.0132391 0.00159131
224000 1.54894 -0.004691 0.00153327
225000 1.59138 -0.00582869 0.00157299
226000 1.55394 -0.00305372 0.00154027
227000 1.61211 -0.00503484 0.00159402
228000 1.6155 -0.0072926 0.00159699
229000 1.62692 -0.00662639 0.001605
230000 1.60322 -0.00473792 0.00158266
231000 1.58976 -0.00813332 0.00156505
232000 1.62186 -0.00581258 0.00160622
233000 1.59359 -0.00524603 0.00157968
234000 1.56 -0.00403668 0.00153954
235000 1.64043 -0.00447598 0.00162372
236000 1.61105 -0.0106663 0.00158742
237000 1.56139 -0.00938971 0.00154351
238000 1.60981 -0.00301122 0.00159282
239000 1.61667 -0.00957704 0.00159539
240000 1.61236 -0.0029046 0.00159957
241000 1.59479 -0.00947604 0.00157309
242000 1.58956 -0.00508192 0.00157288
243000 1.57215 -0.00576257 0.0015525
244000 1.64418 -0.00210009 0.0016299
245000 1.65756 -0.00323464 0.00164129
246000 1.57903 -0.00625387 0.00155885
247000 1.60121 -0.00558741 0.00158989
248000 1.56841 -0.00709859 0.00155124
249000 1.60802 -0.00666891 0.00158435
250000 1.55664 -0.00386222 0.00153739
251000 1.55178 -0.00467993 0.00153014
252000 1.5586 -0.00614649 0.00153567
253000 1.61007 -0.00722896 0.00159017
254000 1.5611 -0.00840307 0.00154011
255000 1.58225 -0.0168878 0.00155609
256000 1.59059 -0.0088301 0.00156687
257000 1.56619 -0.00818315 0.00154395
258000 1.63375 -0.0063382 0.00161574
259000 1.58016 -0.00552766 0.00155836
260000 1.65614 -0.00540879 0.0016339
261000 1.57101 -0.00858095 0.00155054
262000 1.61233 -0.00887084 0.00159283
263000 1.64668 -0.00379143 0.001628
264000 1.54427 -0.00393286 0.00152755
265000 1.60817 -0.00476373 0.00159427
266000 1.63766 -0.00407272 0.00161708
267000 1.57357 -0.00561957 0.00155357
268000 1.61047 -0.00583907 0.00158978
269000 1.60369 -0.00741522 0.00158181
270000 1.5864 -0.00548816 0.00157305
271000 1.6081 -0.00533991 0.00158737
272000 1.58047 -0.00613527 0.00156569
273000 1.64724 -0.00608036 0.00162891
274000 1.57637 -0.00205275 0.0015601
275000 1.5707 -0.0103269 0.00154796
276000 1.65654 -0.00403082 0.00164131
277000 1.56184 -0.011946 0.00154388
278000 1.56887 -0.0115782 0.00154083
279000 1.61568 -0.0126775 0.00158873
280000 1.59436 -0.00366498 0.00157639
281000 1.56373 -0.00755109 0.00154101
282000 1.63776 -0.00408406 0.0016215
283000 1.58788 -0.00590476 0.00156672
284000 1.56344 -0.00981506 0.00154581
285000 1.56578 -0.00674691 0.0015468
286000 1.66956 -0.00482989 0.00165048
287000 1.59556 -0.00441574 0.00157781
288000 1.57257 -0.00563353 0.00155404
289000 1.59285 -0.0055017 0.00157327
290000 1.61572 -0.00428723 0.00159767
291000 1.64392 -0.0129611 0.0016283
292000 1.56928 -0.00506205 0.0015539
293000 1.60194 -0.00484099 0.00158964
294000 1.60908 -0.00511987 0.00158825
295000 1.60925 -0.00626589 0.00158654
296000 1.61986 -0.00423298 0.00160088
297000 1.57425 -0.00509128 0.00155591
298000 1.60348 -0.00512287 0.00158792
299000 1.62127 -0.0054406 0.00160826
300000 1.5768 -0.00890688 0.00155431
301000 1.63862 -0.00679968 0.00161605
302000 1.57638 -0.00719939 0.00155381
303000 1.53512 -0.00481229 0.00151584
304000 1.60478 -0.00406903 0.00158894
305000 1.58292 -0.00507649 0.00156246
306000 1.66754 -0.00974895 0.00163789
307000 1.64675 -0.00747769 0.00162334
308000 1.59007 -0.00587359 0.00157034
309000 1.63129 -0.00680307 0.00161425
310000 1.65232 -0.00664006 0.00163683
311000 1.5829 -0.00734151 0.0015642
312000 1.58678 -0.00788475 0.00156303
313000 1.56845 -0.00337993 0.00155013
314000 1.59729 -0.00787142 0.00158122
315000 1.61771 -0.00669888 0.00160022
316000 1.59443 -0.00575973 0.00157591
317000 1.56821 -0.00940779 0.00154909
318000 1.63804 -0.00734269 0.00161661
319000 1.63117 -0.00519712 0.00161743
320000 1.57998 -0.00439203 0.00156287
321000 1.62453 -0.0069274 0.001604
322000 1.64035 -0.00674501 0.0016227
323000 1.57144 -0.00353031 0.00155733
324000 1.52917 -0.00584282 0.00150877
325000 1.56733 -0.00285962 0.00154828
326000 1.61944 -0.00463558 0.00160051
327000 1.59836 -0.00767202 0.00157545
328000 1.5595 -0.00530698 0.00153744
329000 1.64974 -0.00391896 0.00163427
330000 1.56788 -0.00521546 0.00155312
331000 1.64923 -0.00858815 0.00162635
332000 1.57724 -0.00512682 0.00155821
333000 1.59327 -0.00286081 0.00157821
334000 1.58778 -0.00500036 0.00156725
335000 1.57563 -0.00293258 0.00155898
336000 1.60016 -0.00730089 0.00158447
337000 1.58435 -0.00712916 0.00156774
338000 1.58955 -0.00671175 0.00156793
339000 1.59919 -0.00641169 0.00157812
340000 1.61223 -0.00476275 0.00159099
341000 1.5847 -0.00779244 0.00156041
342000 1.57771 -0.00712526 0.0015545
343000 1.65626 -0.0109777 0.00163187
344000 1.56781 -0.00908249 0.00155069
345000 1.57265 -0.00596575 0.00155129
346000 1.61052 -0.00749287 0.00159257
347000 1.61 -0.00818504 0.00159121
348000 1.59547 -0.0035543 0.00157846
349000 1.55904 -0.00372432 0.00154247
350000 1.55927 -0.00385605 0.00154171
351000 1.6316 -0.00815255 0.00161544
352000 1.59283 -0.00899482 0.00157289
353000 1.55155 -0.00698962 0.00153136
354000 1.61796 -0.00436199 0.00159704
355000 1.62399 -0.00371134 0.0016037
356000 1.57684 -0.00583716 0.00156012
357000 1.58127 -0.00503502 0.0015607
358000 1.55229 -0.0059836 0.00153365
359000 1.6372 -0.00704668 0.00161681
360000 1.60479 -0.00685846 0.00158474
361000 1.57133 -0.00295369 0.00155704
362000 1.59684 -0.00944411 0.0015742
363000 1.63146 -0.00954235 0.00160911
364000 1.57081 -0.00951639 0.00155291
365000 1.58575 -0.00871471 0.00156255
366000 1.60009 -0.00428195 0.00158885
367000 1.61699 -0.00382613 0.00159917
368000 1.55738 -0.00331625 0.00153688
369000 1.59049 -0.00627926 0.00157227
370000 1.63077 -0.00920042 0.00161008
371000 1.56794 -0.00458216 0.00155433
372000 1.5902 -0.00974269 0.00156684
373000 1.6044 -0.00926394 0.00158216
374000 1.58469 -0.0102134 0.001568
375000 1.59337 -0.00602646 0.00157616
376000 1.57269 -0.00495499 0.00156052
377000 1.60877 -0.00555485 0.00159329
378000 1.59537 -0.0024586 0.00157678
379000 1.59427 -0.00452905 0.00157696
380000 1.57783 -0.0046464 0.00156386
381000 1.61406 -0.00694831 0.00159798
382000 1.58887 -0.00684326 0.00156771
383000 1.57089 -0.00769044 0.00155511
384000 1.57321 -0.00613417 0.00155711
385000 1.57769 -0.0081986 0.00155749
386000 1.59909 -0.00271968 0.00158361
387000 1.63551 -0.00123658 0.00161869
388000 1.6034 -0.0026842 0.00158963
389000 1.57577 -0.00701392 0.00155324
390000 1.63811 -0.00850346 0.00161539
391000 1.63296 -0.00459336 0.0016122
392000 1.54854 -0.0109846 0.0015229
393000 1.62572 -0.00742876 0.00160579
394000 1.60558 -0.00594151 0.00158272
395000 1.60027 -0.00947841 0.00157858
396000 1.60467 -0.00390432 0.00158464
397000 1.60874 -0.00919374 0.00158746
398000 1.60361 -0.00703379 0.00158264
399000 1.62632 -0.00686148 0.00160139
400000 1.54873 -0.00721037 0.00152882
401000 1.60822 -0.0057811 0.00159062
402000 1.57804 -0.00500239 0.00156649
403000 1.65419 -0.00495442 0.00163762
404000 1.64496 -0.00580872 0.00162861
405000 1.63385 -0.00403449 0.00161412
406000 1.59499 -0.00501504 0.00157783
407000 1.62472 -0.00635106 0.0016078
408000 1.5947 -0.0107121 0.00157654
409000 1.59245 -0.00614089 0.00157231
410000 1.62937 -0.0103303 0.00160392
411000 1.55653 -0.00340278 0.00154635
412000 1.61109 -0.00759668 0.0015912
413000 1.6553 -0.00170625 0.00164464
414000 1.54902 -0.00576447 0.00153146
415000 1.64915 -0.00583864 0.00162937
416000 1.61053 -0.0066575 0.00159053
417000 1.60555 -0.00584025 0.00158396
418000 1.56716 -0.00419257 0.00154892
419000 1.58445 -0.00694282 0.00156558
420000 1.60106 -0.0101848 0.00158534
421000 1.62977 -0.0106252 0.00160301
422000 1.57565 -0.0106233 0.00155121
423000 1.63395 -0.00933124 0.00161031
424000 1.61531 -0.00664619 0.00159375
425000 1.58804 -0.0046441 0.00156814
426000 1.61497 -0.00675289 0.00159464
427000 1.60748 -0.00226587 0.00159036
428000 1.55344 -0.00398314 0.00153327
429000 1.59921 -0.00392552 0.00157945
430000 1.60798 -0.00193309 0.00159242
431000 1.61149 -0.00567473 0.00158935
432000 1.56487 -0.00623919 0.00154602
433000 1.66158 -0.00279221 0.00164627
434000 1.54657 -0.00426644 0.00152845
435000 1.61403 -0.00504927 0.00160226
436000 1.63103 -0.00407713 0.00161254
437000 1.56432 -0.00276125 0.00154569
438000 1.57121 -0.00226779 0.00155121
439000 1.6024 -0.00303387 0.00158452
440000 1.59494 -0.00141809 0.00157625
441000 1.60416 -0.00395019 0.00158481
442000 1.57284 -0.00763745 0.00154979
443000 1.60149 -0.00453662 0.00157941
444000 1.61011 -0.00657203 0.00158802
445000 1.61261 -0.00646155 0.0015936
446000 1.57874 -0.00555427 0.00155749
447000 1.63678 -0.0080129 0.00161656
448000 1.63414 -0.00736156 0.00161537
449000 1.57425 -0.00443171 0.00155496
450000 1.61165 -0.00381506 0.00160105
451000 1.58194 -0.00487334 0.00156753
452000 1.59082 -0.00676395 0.00156971
453000 1.64942 -0.00270243 0.00162999
454000 1.56711 -0.00500854 0.00155608
455000 1.58041 -0.00562805 0.00156719
456000 1.65163 -0.00909786 0.00162864
457000 1.5585 -0.0030245 0.00154001
458000 1.61487 -0.00411644 0.00159261
459000 1.64012 -0.00627002 0.00161741
460000 1.55635 -0.00583755 0.00153759
461000 1.55989 -0.00736004 0.00153482
462000 1.65354 -0.00426084 0.00163254
463000 1.60614 -0.00614852 0.0015858
464000 1.58722 -0.005391 0.00156541
465000 1.60602 -0.00516822 0.00158583
466000 1.5964 -0.00265357 0.00157651
467000 1.60915 -0.00334402 0.00159189
468000 1.62943 -0.00629532 0.00161489
469000 1.64696 -0.00428588 0.00162696
470000 1.59297 -0.00669611 0.00157755
471000 1.62272 -0.00744113 0.00160057
472000 1.53364 -0.00952033 0.00151295
473000 1.63566 -0.0114428 0.0016144
474000 1.57144 -0.0111053 0.00155123
475000 1.56166 -0.0136561 0.00153739
476000 1.65006 -0.0113481 0.00162584
477000 1.5765 -0.0118028 0.00155177
478000 1.58714 -0.012253 0.00156323
479000 1.58221 -0.00678676 0.00156264
480000 1.65384 -0.00821668 0.00163236
481000 1.54984 -0.00454401 0.00153598
482000 1.62365 -0.0110166 0.0016003
483000 1.61055 -0.00832691 0.00159414
484000 1.59058 -0.00349341 0.00157555
485000 1.60965 -0.00662073 0.00158853
486000 1.62233 -0.0111763 0.00159722
487000 1.61383 -0.00547636 0.00159877
488000 1.58128 -0.00840644 0.0015619
489000 1.60233 -0.00439545 0.00158519
490000 1.64894 -0.00666014 0.00162902
491000 1.64506 -0.00550775 0.00162991
492000 1.59703 -0.00687532 0.00157564
493000 1.63252 -0.00924003 0.00160926
494000 1.63359 -0.0133429 0.00161279
495000 1.55808 -0.0123383 0.00153673
496000 1.59954 -0.00477662 0.00158007
497000 1.62826 -0.00717447 0.00160414
498000 1.58598 -0.00677463 0.00156623
499000 1.58565 -0.00821766 0.00156231
500000 1.64675 -0.00529029 0.00162962
501000 1.64639 -0.00251386 0.00163296
502000 1.599 -0.00402964 0.00158473
503000 1.60076 -0.0059836 0.00158092
504000 1.61482 -0.00619481 0.00159581
505000 1.56254 -0.00804127 0.00154246
506000 1.61705 -0.00618943 0.00159917
507000 1.57575 -0.00257603 0.00155747
508000 1.62783 -0.00479324 0.00161028
509000 1.59351 -0.00381627 0.00157405
510000 1.546 -0.00350181 0.00152752
511000 1.64241 -0.00329124 0.00162402
512000 1.62884 -0.00439477 0.00161182
513000 1.63401 -0.00722422 0.00161278
514000 1.62145 -0.0092227 0.00160047
515000 1.57531 -0.00501201 0.00155081
516000 1.63775 -0.00396121 0.0016181
517000 1.66123 -0.00477331 0.00163972
518000 1.59099 -0.00836664 0.00156504
519000 1.62075 -0.00725246 0.00160411
520000 1.60701 -0.00402165 0.00159543
521000 1.55039 -0.00634512 0.00153446
522000 1.65868 -0.00430289 0.00163671
523000 1.58774 -0.00327107 0.0015713
524000 1.59852 -0.00297207 0.00158226
525000 1.59142 -0.0040505 0.00157901
526000 1.54448 -0.00681852 0.00152389
527000 1.60947 -0.0131835 0.0015856
528000 1.63658 -0.00779422 0.00161235
529000 1.59703 -0.00616399 0.00157327
530000 1.6104 -0.00840257 0.00158744
531000 1.57764 -0.00498666 0.00155769
532000 1.61013 -0.00344252 0.00159576
533000 1.61535 -0.0053576 0.00159873
534000 1.58799 -0.00969495 0.00156601
535000 1.61664 -0.00283679 0.00159981
536000 1.6208 -0.00422329 0.0016001
537000 1.58943 -0.00192382 0.0015745
538000 1.60544 -0.00653063 0.00158557
539000 1.62615 -0.00447987 0.00161852
540000 1.57419 -0.00728338 0.0015506
541000 1.62029 -0.00346914 0.00160082
542000 1.62754 -0.00853226 0.00160594
543000 1.62972 -0.00483724 0.00160817
544000 1.61548 -0.00667072 0.00159377
545000 1.54927 -0.00728614 0.00152617
546000 1.64426 -0.00845146 0.0016265
547000 1.56706 -0.00935254 0.0015454
548000 1.56151 -0.00337265 0.00154351
549000 1.59433 -0.0048421 0.00157629
550000 1.57592 -0.00438144 0.00155542
551000 1.6061 -0.00533692 0.00158898
552000 1.62327 -0.00945628 0.001599
553000 1.59285 -0.00433118 0.00157257
554000 1.58833 -0.00563616 0.00157067
555000 1.58576 -0.00218168 0.00156874
556000 1.59063 -0.00407672 0.00157187
557000 1.62081 -0.00508024 0.00160451
558000 1.57681 -0.00411116 0.00155878
559000 1.57999 -0.00361239 0.00156058
560000 1.61715 -0.00464645 0.00159883
561000 1.63035 -0.00735088 0.00160929
562000 1.5535 -0.00962855 0.00153118
563000 1.57281 -0.00940397 0.00155253
564000 1.57613 -0.00279351 0.00155772
565000 1.57342 -0.00124555 0.00155942
566000 1.57915 -0.00556528 0.00156286
567000 1.5761 -0.00465184 0.00156616
568000 1.60788 -0.00379801 0.00159165
569000 1.62161 -0.0050516 0.00160035
570000 1.57053 -0.0046392 0.00155888
571000 1.61839 -0.00525141 0.00159767
572000 1.6058 -0.00911075 0.00158944
573000 1.65074 -0.0081714 0.00163235
574000 1.56496 -0.00573648 0.00154646
575000 1.57335 -0.00577035 0.00156082
576000 1.5706 -0.00476438 0.00155209
577000 1.57294 -0.0066235 0.00155946
578000 1.67418 -0.00343878 0.00165397
579000 1.58562 -0.00789783 0.00156397
580000 1.5906 -0.00345589 0.0015742
581000 1.57194 -0.00904418 0.00154751
582000 1.57977 -0.00577936 0.00156128
583000 1.57073 -0.00704138 0.00155852
584000 1.57733 -0.00583889 0.00156247
585000 1.64354 -0.00710652 0.0016257
586000 1.56248 -0.00595376 0.00154203
587000 1.63831 -0.00447044 0.00161722
588000 1.53255 -0.00811475 0.0015138
589000 1.57613 -0.00635395 0.00155584
590000 1.61654 -0.00240137 0.00160327
591000 1.55668 -0.00775395 0.00153557
592000 1.53798 -0.00727687 0.00151936
593000 1.58499 -0.00192484 0.00156953
594000 1.60596 -0.00661103 0.00158387
595000 1.62386 -0.00492833 0.00160114
596000 1.60326 -0.0033531 0.00158683
597000 1.56112 -0.00779604 0.0015414
598000 1.65125 -0.00492869 0.00163352
599000 1.64861 -0.0026506 0.00163174
600000 1.54996 -0.00542733 0.00153162
601000 1.63615 -0.00377998 0.00162076
602000 1.54695 -0.0073639 0.00153209
603000 1.63569 -0.00499435 0.00161835
604000 1.59031 -0.00659731 0.0015694
605000 1.64744 -0.0043017 0.00162961
606000 1.63541 -0.00303754 0.00161581
607000 1.60718 -0.00275706 0.00158793
608000 1.56175 -0.00404985 0.00154233
609000 1.63585 -0.00322682 0.00161421
610000 1.53726 -0.00500146 0.0015221
611000 1.65946 -0.0092192 0.00163883
612000 1.6095 -0.00586606 0.00159256
613000 1.64102 -0.00664918 0.00161776
614000 1.616 -0.00547467 0.00159519
615000 1.53935 -0.00768724 0.0015225
616000 1.6399 -0.00822528 0.00161731
617000 1.61916 -0.00831181 0.00159937
618000 1.54413 -0.00628412 0.00152511
619000 1.63195 -0.00470485 0.00161547
620000 1.60964 -0.00380696 0.00159467
621000 1.55188 -0.00652651 0.001532
622000 1.63308 -0.00496967 0.00161475
623000 1.64212 -0.00601095 0.0016214
624000 1.56311 -0.00581285 0.00154512
625000 1.65545 -0.00550913 0.00163604
626000 1.53383 -0.00887735 0.0015153
627000 1.55493 -0.00711159 0.00153694
628000 1.62148 -0.00867132 0.00160506
629000 1.56136 -0.00691539 0.00154303
630000 1.53952 -0.00714684 0.00151611
631000 1.59096 -0.011566 0.00156989
632000 1.6472 -0.0105002 0.00162605
633000 1.56405 -0.0080301 0.00154245
634000 1.58501 -0.00267142 0.00156738
635000 1.63303 -0.00507019 0.0016167
636000 1.64278 -0.0054451 0.00162064
637000 1.55443 -0.0046774 0.00153639
638000 1.5974 -0.00585273 0.0015778
639000 1.6318 -0.00591462 0.00161596
640000 1.55969 -0.00453235 0.00154578
641000 1.58658 -0.00319227 0.00156723
642000 1.57585 -0.0050113 0.00155755
643000 1.66736 -0.00876553 0.00164479
644000 1.58375 -0.00423555 0.00156395
645000 1.60355 -0.00630452 0.00158406
646000 1.57211 -0.00354201 0.00155217
647000 1.60769 -0.00548017 0.00158711
648000 1.61948 -0.00616447 0.00160314
649000 1.60634 -0.00951911 0.00158404
650000 1.55748 -0.0077757 0.00153195
651000 1.63605 -0.00774422 0.00161187
652000 1.59406 -0.0126258 0.00157243
653000 1.5934 -0.00671894 0.00157892
654000 1.63197 -0.00763612 0.00161225
655000 1.57797 -0.00307598 0.00155827
656000 1.60442 -0.0071053 0.00158048
657000 1.57508 -0.00588721 0.00155414
658000 1.63838 -0.00538912 0.00162283
659000 1.59523 -0.00330695 0.00157649
660000 1.57387 -0.00597519 0.00155802
661000 1.64516 -0.0044721 0.00163165
662000 1.57199 -0.00787122 0.00155101
663000 1.61449 -0.0045475 0.00159624
664000 1.61244 -0.00975118 0.00158767
665000 1.60772 -0.0055145 0.00158702
666000 1.56261 -0.0050718 0.00154116
667000 1.60583 -0.00654154 0.00158667
668000 1.60511 -0.00849519 0.00158168
669000 1.60654 -0.00791182 0.00158443
670000 1.59718 -0.00691721 0.00157554
671000 1.60634 -0.00611184 0.00158855
672000 1.59136 -0.00493709 0.00157242
673000 1.60747 -0.00877197 0.00158753
674000 1.60679 -0.00257156 0.00159744
675000 1.57381 -0.00439791 0.0015542
676000 1.58567 -0.00323088 0.00156649
677000 1.60426 -0.00319341 0.00158516
678000 1.61743 -0.00643335 0.00160517
679000 1.58077 -0.00450404 0.00156323
680000 1.56626 -0.012109 0.0015389
681000 1.64894 -0.00706387 0.00162643
682000 1.64959 -0.00234571 0.00163279
683000 1.54414 -0.00555632 0.00152709
684000 1.63958 -0.00525791 0.00161766
685000 1.58785 -0.00204809 0.00157743
686000 1.56125 -0.00323217 0.00154728
687000 1.62231 -0.00532492 0.00160516
688000 1.60801 -0.00409077 0.00159092
689000 1.63198 -0.00466759 0.00161264
690000 1.61641 -0.00903565 0.00159358
691000 1.58145 -0.00521374 0.00156205
692000 1.6073 -0.0038548 0.00158922
693000 1.57919 -0.00465273 0.00155957
694000 1.63527 -0.00601187 0.00161662
695000 1.55467 -0.00460906 0.00154268
696000 1.5753 -0.00208024 0.00155863
697000 1.57344 -0.0043643 0.00155234
698000 1.59432 -0.00571014 0.00157534
699000 1.62963 -0.00550373 0.00161098
700000 1.59999 -0.00627447 0.00157767
701000 1.58502 -0.0051304 0.00156454
702000 1.55566 -0.00705848 0.00154077
703000 1.66204 -0.00838528 0.00163439
704000 1.55988 -0.0119048 0.00152944
705000 1.59721 -0.00744364 0.0015763
706000 1.62084 -0.00729776 0.00160124
707000 1.57695 -0.00563345 0.00155757
708000 1.52959 -0.0105637 0.00150155
709000 1.56469 -0.0120983 0.0015358
710000 1.60669 -0.00851282 0.00158502
711000 1.61892 -0.00989342 0.0015933
712000 1.53417 -0.00479774 0.00151515
713000 1.61848 -0.005294 0.00160122
714000 1.60849 -0.00551262 0.00159231
715000 1.57909 -0.00843292 0.00156114
716000 1.60307 -0.00539534 0.00158727
717000 1.59301 -0.00672508 0.0015755
718000 1.5717 -0.00488605 0.00155823
719000 1.61471 -0.0107694 0.00159044
720000 1.62187 -0.00647471 0.00160747
721000 1.5375 -0.00854634 0.00151236
722000 1.6676 -0.00755439 0.00165627
723000 1.57602 -0.0044875 0.00155477
724000 1.56809 -0.00542717 0.00155353
725000 1.65131 -0.00312061 0.00163878
726000 1.57024 -0.00354565 0.00155607
727000 1.60658 -0.00959639 0.0015864
728000 1.66794 -0.0044002 0.00165394
729000 1.57177 -0.00420303 0.0015531
730000 1.57244 -0.0043871 0.00155244
731000 1.64377 -0.00449384 0.00162437
732000 1.56669 -0.00981257 0.00154767
733000 1.58076 -0.00292562 0.00156423
734000 1.58388 -0.00400564 0.00156567
735000 1.61695 -0.00805445 0.0015959
736000 1.54965 -0.0105711 0.00153501
737000 1.66022 -0.00462211 0.00164265
738000 1.58524 -0.00924697 0.0015639
739000 1.58163 -0.00568157 0.00156062
740000 1.63424 -0.00597271 0.00161452
741000 1.57989 -0.00621841 0.00155865
742000 1.59731 -0.00328817 0.00158116
743000 1.63309 -0.00395517 0.00161256
744000 1.55645 -0.00977077 0.00152992
745000 1.55979 -0.0029563 0.00153998
746000 1.65179 -0.00367388 0.0016336
747000 1.65508 -0.010042 0.00163816
748000 1.55303 -0.00267263 0.00153971
749000 1.6139 -0.00621276 0.00159294
750000 1.62553 -0.00438727 0.00160991
751000 1.62668 -0.00589413 0.00161403
752000 1.60534 -0.00846492 0.00158382
753000 1.5663 -0.00445263 0.00155025
754000 1.64466 -0.006234 0.00162514
755000 1.62455 -0.00551017 0.0016047
756000 1.5918 -0.00641674 0.00158182
757000 1.63268 -0.00738563 0.00160937
758000 1.55081 -0.00423217 0.00153375
759000 1.64633 -0.00628891 0.0016272
760000 1.63538 -0.00192435 0.00161936
761000 1.59884 -0.0054077 0.0015877
762000 1.61654 -0.00743393 0.00159125
763000 1.59672 -0.00428464 0.00158152
764000 1.63945 -0.00838361 0.00161767
765000 1.60867 -0.00456736 0.00159315
766000 1.54691 -0.00426654 0.00153213
767000 1.63633 -0.00477822 0.00162485
768000 1.67114 -0.0031459 0.00165332
769000 1.5973 -0.00522224 0.00158479
770000 1.54253 -0.00396571 0.00152582
771000 1.55172 -0.00655004 0.00153187
772000 1.62555 -0.00675606 0.00160555
773000 1.61298 -0.00677758 0.00159107
774000 1.63465 -0.00491338 0.00161622
775000 1.59516 -0.00661755 0.00157738
776000 1.62565 -0.00880287 0.00160316
777000 1.61663 -0.003692 0.00159894
778000 1.58445 -0.00489507 0.00157011
779000 1.56598 -0.0111506 0.00154582
780000 1.64736 -0.0069468 0.00163342
781000 1.59195 -0.0118063 0.00156834
782000 1.60095 -0.00476609 0.00158332
783000 1.582 -0.00214207 0.00156407
784000 1.5898 -0.00777427 0.00156746
785000 1.61253 -0.00676483 0.00159389
786000 1.6429 -0.00727942 0.00162384
787000 1.59548 -0.00391695 0.00157835
788000 1.56928 -0.00731925 0.00155146
789000 1.61672 -0.00615412 0.00159858
790000 1.62415 -0.00406634 0.00160743
791000 1.5316 -0.00451659 0.00151346
792000 1.65468 -0.00361156 0.0016396
793000 1.63476 -0.00878313 0.0016123
794000 1.57011 -0.00720533 0.0015492
795000 1.5782 -0.0050728 0.00155462
796000 1.59634 -0.0108906 0.00158239
797000 1.56469 -0.00974393 0.00154456
798000 1.53458 -0.00549805 0.0015159
799000 1.61241 -0.00545351 0.00159624
800000 1.61035 -0.00735736 0.00158735
801000 1.58735 -0.00659449 0.00157022
802000 1.57642 -0.00628038 0.00155448
803000 1.59358 -0.00520452 0.00157131
804000 1.6458 -0.00660675 0.00162535
805000 1.56389 -0.00338316 0.00154855
806000 1.58166 -0.00648131 0.00156002
807000 1.58547 -0.00589264 0.00156646
808000 1.63415 -0.00657767 0.00161443
809000 1.599 -0.00833225 0.00158065
810000 1.56038 -0.00350415 0.0015414
811000 1.58624 -0.00242312 0.00157117
812000 1.62878 -0.0105042 0.00160526
813000 1.59246 -0.00683367 0.00157714
814000 1.58518 -0.00608799 0.0015672
815000 1.55877 -0.00616919 0.00153922
816000 1.58135 -0.00742333 0.00156368
817000 1.59619 -0.0103695 0.00157646
818000 1.61436 -0.00714664 0.00159275
819000 1.57258 -0.00728073 0.00155042
820000 1.58336 -0.00276442 0.00156938
821000 1.63131 -0.00401369 0.00161091
822000 1.5881 -0.00773271 0.00157367
823000 1.57972 -0.00799572 0.00155664
824000 1.60374 -0.00664519 0.00158631
825000 1.57998 -0.00413384 0.00155977
826000 1.5868 -0.0024063 0.00156777
827000 1.61622 -0.00405261 0.00159846
828000 1.60871 -0.00531376 0.0015884
829000 1.61631 -0.00545449 0.00159652
830000 1.57922 -0.00565674 0.00156277
831000 1.64122 -0.00773006 0.00161732
832000 1.54513 -0.0112673 0.00151981
833000 1.61992 -0.00817635 0.00160356
834000 1.54359 -0.00950673 0.00151885
835000 1.62818 -0.00673902 0.0016051
836000 1.63538 -0.00376186 0.00161671
837000 1.62173 -0.00320848 0.00160268
838000 1.57802 -0.0048495 0.00156894
839000 1.65559 -0.00339567 0.00163994
840000 1.56567 -0.00373531 0.00154764
841000 1.60774 -0.00295988 0.00158897
842000 1.58147 -0.00874977 0.00155673
843000 1.63135 -0.00747514 0.00161852
844000 1.55452 -0.00831688 0.0015326
845000 1.60301 -0.00691405 0.00158452
846000 1.58457 -0.00370392 0.00156383
847000 1.61286 -0.00280999 0.00159645
848000 1.67218 -0.00714822 0.00165799
849000 1.62133 -0.00497345 0.00160154
850000 1.5807 -0.00342871 0.0015669
851000 1.64887 -0.00500497 0.00163009
852000 1.60548 -0.00313471 0.0015879
853000 1.59051 -0.00894298 0.0015721
854000 1.56618 -0.00547635 0.0015456
855000 1.53479 -0.00568591 0.0015223
856000 1.60437 -0.00660683 0.00158721
857000 1.61256 -0.00722126 0.00159146
858000 1.63242 -0.00776004 0.00160927
859000 1.56448 -0.0064187 0.00154614
860000 1.66192 -0.00690755 0.00164272
861000 1.54137 -0.00382219 0.0015225
862000 1.59322 -0.00161986 0.00157668
863000 1.64132 -0.006841 0.00162071
864000 1.60828 -0.0120378 0.00159727
865000 1.62396 -0.00747139 0.00160266
866000 1.61946 -0.00950136 0.00159391
867000 1.62862 -0.00771136 0.00160723
868000 1.6131 -0.00687687 0.00159164
869000 1.57645 -0.00590029 0.00155854
870000 1.57675 -0.00340253 0.00156158
871000 1.6322 -0.00112701 0.00161373
872000 1.57663 -0.0145911 0.00155368
873000 1.62021 -0.0110567 0.00159726
874000 1.62582 -0.0117104 0.00160544
875000 1.61942 -0.012608 0.00159751
876000 1.61504 -0.0136609 0.00160016
877000 1.57112 -0.0121947 0.00154799
878000 1.63672 -0.0115085 0.00161798
879000 1.58784 -0.0129762 0.00156282
880000 1.62906 -0.00876028 0.00161005
881000 1.60027 -0.010095 0.00158355
882000 1.62386 -0.00734854 0.00160758
883000 1.58675 -0.0134471 0.00156394
884000 1.63685 -0.00467317 0.00161557
885000 1.54688 -0.00327264 0.00152809
886000 1.62388 -0.0102475 0.00160641
887000 1.64428 -0.00352699 0.00162403
888000 1.578 -0.00801667 0.00156202
889000 1.55021 -0.00387766 0.00153695
890000 1.57577 -0.00177118 0.00155959
891000 1.64999 -0.00510837 0.0016377
892000 1.55424 -0.00553204 0.00153456
893000 1.60137 -0.00512875 0.00158436
894000 1.63975 -0.00783381 0.00162053
895000 1.57233 -0.00492757 0.00155983
896000 1.61172 -0.00467555 0.00159239
897000 1.60294 -0.0047581 0.00158318
898000 1.60744 -0.00482837 0.00159449
899000 1.58604 -0.00659103 0.00156447
900000 1.62235 -0.00592135 0.00160481
901000 1.58205 -0.00670445 0.00156264
902000 1.59469 -0.00341991 0.0015753
903000 1.62537 -0.00667082 0.00159981
904000 1.58709 -0.0075613 0.00156716
905000 1.6056 -0.010491 0.00158789
906000 1.56582 -0.00603646 0.00154567
907000 1.61325 -0.00326672 0.00159709
908000 1.61522 -0.00662952 0.00159042
909000 1.59152 -0.008242 0.0015707
910000 1.59781 -0.00297546 0.00158086
911000 1.61692 -0.00690343 0.00160213
912000 1.56535 -0.00495703 0.00154897
913000 1.63509 -0.00639713 0.00161467
914000 1.61703 -0.00535385 0.00160519
915000 1.57032 -0.00305065 0.0015502
916000 1.60686 -0.00296749 0.00158842
917000 1.6487 -0.00511897 0.00162725
918000 1.55772 -0.00930871 0.00153498
919000 1.62384 -0.0109872 0.00160055
920000 1.55689 -0.0156625 0.00153391
921000 1.64542 -0.0108324 0.00162133
922000 1.59976 -0.0118332 0.00158416
923000 1.64544 -0.00620498 0.00163162
924000 1.56305 -0.00545267 0.00154557
925000 1.54396 -0.00566001 0.00152605
926000 1.57657 -0.00523968 0.00155864
927000 1.60805 -0.00584452 0.00158725
928000 1.62077 -0.00632961 0.00160008
929000 1.55099 -0.00479842 0.00153629
930000 1.5728 -0.00724305 0.0015554
931000 1.5942 -0.00940415 0.00157129
932000 1.62664 -0.00895456 0.00160143
933000 1.59686 -0.00605435 0.00157742
934000 1.57047 -0.0109931 0.00154893
935000 1.58974 -0.00966193 0.00157042
936000 1.59673 -0.00804006 0.00157704
937000 1.56924 -0.00610719 0.00155152
938000 1.61166 -0.00398209 0.00158981
939000 1.6016 -0.00503686 0.0015814
940000 1.60671 -0.00722193 0.00158565
941000 1.58378 -0.00689288 0.00156484
942000 1.62568 -0.00758352 0.00160476
943000 1.55574 -0.00717541 0.00153484
944000 1.65624 -0.00889463 0.00163601
945000 1.54167 -0.00300144 0.00152266
946000 1.62903 -0.00486012 0.00161582
947000 1.64679 -0.00659328 0.0016241
948000 1.63223 -0.00518116 0.00161512
949000 1.59682 -0.00553158 0.00158342
950000 1.61362 -0.00291461 0.00159716
951000 1.6682 -0.00363618 0.00165003
952000 1.58755 -0.00327251 0.00157221
953000 1.56442 -0.00579839 0.00155306
954000 1.65691 -0.00336472 0.00163824
955000 1.57507 -0.00459132 0.00156142
956000 1.60418 -0.00479492 0.00158475
957000 1.54687 -0.00695883 0.00152729
958000 1.60962 -0.00521758 0.00159438
959000 1.65151 -0.0103609 0.00162611
960000 1.54692 -0.00870595 0.00152398
961000 1.61509 -0.00577859 0.00159196
962000 1.62166 -0.0064392 0.00160103
963000 1.59866 -0.00176516 0.00158166
964000 1.56601 -0.011218 0.0015422
965000 1.57453 -0.00955939 0.00155581
966000 1.64704 -0.0107908 0.00162426
967000 1.65862 -0.0101152 0.00163621
968000 1.55919 -0.0054862 0.00154019
969000 1.64446 -0.00148452 0.00162537
970000 1.56792 -0.00581051 0.00154653
971000 1.59065 -0.0037239 0.00156891
972000 1.60027 -0.00293589 0.0015878
973000 1.64346 -0.00995386 0.00161989
974000 1.65111 -0.0115022 0.00162446
975000 1.59348 -0.00911919 0.0015701
976000 1.61345 -0.0138249 0.00158971
977000 1.62267 -0.00718322 0.00160345
978000 1.62043 -0.00469676 0.00160205
979000 1.53799 -0.0034852 0.00152118
980000 1.6136 -0.00540159 0.00159379
981000 1.57659 -0.00596769 0.00155867
982000 1.67445 -0.00579341 0.00165393
983000 1.62628 -0.00724233 0.00160486
984000 1.54241 -0.00597739 0.00152363
985000 1.63524 -0.00780419 0.0016125
986000 1.59075 -0.00535361 0.00157318
987000 1.6398 -0.00690806 0.0016268
988000 1.56029 -0.00980097 0.00154134
989000 1.61019 -0.0118828 0.00158373
990000 1.61323 -0.0034769 0.00159357
991000 1.59785 -0.0052401 0.00158221
992000 1.55806 -0.00362729 0.00154159
993000 1.56463 -0.0064616 0.00154362
994000 1.56268 -0.00830242 0.00154794
995000 1.59785 -0.00725271 0.00157727
996000 1.59929 -0.00826698 0.00157695
997000 1.54815 -0.00586339 0.00152735
998000 1.59742 -0.00546432 0.00157494
999000 1.60573 -0.00632498 0.00158524
1000000 1.60453 -0.00680973 0.00158547
1001000 1.53126 -0.00680193 0.00151405
1002000 1.59438 -0.00700892 0.00158278
1003000 1.66915 -0.00595652 0.00164723
1004000 1.57917 -0.00730046 0.00155553
1005000 1.58552 -0.00569083 0.00156795
1006000 1.58636 -0.00618853 0.00156849
1007000 1.57027 -0.00834354 0.00154435
1008000 1.59275 -0.00473139 0.00157801
1009000 1.61683 -0.00613509 0.00159942
1010000 1.6031 -0.00702375 0.00158198
1011000 1.55848 -0.00447492 0.00154195
1012000 1.60211 -0.00738498 0.00157984
1013000 1.63763 -0.00498369 0.00161687
1014000 1.54819 -0.00365782 0.00153476
1015000 1.58639 -0.00394771 0.00156638
1016000 1.65201 -0.0051461 0.00163499
1017000 1.57223 -0.00540399 0.00155827
1018000 1.58989 -0.00695768 0.00156869
1019000 1.57048 -0.0034867 0.00155096
1020000 1.5771 -0.00188824 0.00156105
1021000 1.57538 -0.00825758 0.00155251
1022000 1.56614 -0.00433154 0.00154686
1023000 1.64743 -0.00434609 0.00162817
1024000 1.54936 -0.0060778 0.00152621
1025000 1.62992 -0.00268569 0.00161158
1026000 1.57994 -0.00233055 0.00156139
1027000 1.65464 -0.00812032 0.00164198
1028000 1.60346 -0.00616007 0.00158687
1029000 1.56851 -0.00592291 0.00154835
1030000 1.57902 -0.00615555 0.00156291
1031000 1.62473 -0.00408449 0.00160277
1032000 1.58755 -0.00280374 0.00156966
1033000 1.62799 -0.00650297 0.0016038
1034000 1.55812 -0.00558482 0.00154022
1035000 1.59625 -0.00670503 0.00157378
1036000 1.55688 -0.00528909 0.001539
1037000 1.60264 -0.00815274 0.00157957
1038000 1.56058 -0.00633774 0.00154216
1039000 1.58667 -0.00607119 0.00157021
1040000 1.584 -0.00499922 0.00156691
1041000 1.54091 -0.00801007 0.00151752
1042000 1.61925 -0.0106357 0.001602
1043000 1.59517 -0.00244306 0.00157865
1044000 1.55286 -0.00375766 0.00153454
1045000 1.60148 -0.00680795 0.00157997
1046000 1.57506 -0.00605258 0.00155483
1047000 1.56896 -0.0104334 0.00154461
1048000 1.66436 -0.00855921 0.0016368
1049000 1.60398 -0.0056466 0.00158063
1050000 1.58759 -0.00566286 0.00157366
1051000 1.57993 -0.00660337 0.00156006
1052000 1.59101 -0.00873744 0.00157208
1053000 1.61621 -0.00824794 0.0015991
1054000 1.54307 -0.00736429 0.00152582
1055000 1.56256 -0.00836358 0.00153977
1056000 1.61901 -0.00454267 0.00159717
1057000 1.57183 -0.00677391 0.00155393
1058000 1.57401 -0.0100136 0.0015524
1059000 1.61302 -0.00849585 0.00159251
1060000 1.58517 -0.00704773 0.00156329
1061000 1.62261 -0.00323959 0.00160242
1062000 1.57993 -0.00204853 0.00156208
1063000 1.60197 -0.00509116 0.00157839
1064000 1.62343 -0.00461585 0.00160681
1065000 1.5678 -0.00458429 0.00154671
1066000 1.62716 -0.0147498 0.00160369
1067000 1.59989 -0.0149195 0.00157269
1068000 1.56172 -0.00367104 0.00154197
1069000 1.63354 -0.00377832 0.00161448
1070000 1.59574 -0.00607201 0.00158019
1071000 1.57045 -0.0119304 0.00154646
1072000 1.62315 -0.00419914 0.00160424
1073000 1.62036 -0.00507185 0.00159632
1074000 1.61542 -0.00524862 0.00160187
1075000 1.60288 -0.0119659 0.0015738
1076000 1.63986 -0.00736671 0.00161719
1077000 1.62238 -0.00361504 0.00160353
1078000 1.60571 -0.00477998 0.0015845
1079000 1.58359 -0.00718132 0.00156553
1080000 1.5836 -0.00735172 0.00156319
1081000 1.6175 -0.00567094 0.00159761
1082000 1.63704 -0.00533484 0.00161641
1083000 1.60466 -0.0075782 0.00158576
1084000 1.58383 -0.00496303 0.0015637
1085000 1.59332 -0.00506567 0.00157272
1086000 1.62977 -0.0101901 0.00160484
1087000 1.61026 -0.00457004 0.00159065
1088000 1.54142 -0.012516 0.00151646
1089000 1.5613 -0.00395372 0.00153866
1090000 1.60423 -0.00813549 0.00158171
1091000 1.56913 -0.00624563 0.00154709
1092000 1.53284 -0.00611277 0.00151699
1093000 1.58606 -0.00743148 0.00156637
1094000 1.65523 -0.0072373 0.00163381
1095000 1.57733 -0.00403022 0.00155808
1096000 1.58388 -0.00697338 0.00156375
1097000 1.63119 -0.00825857 0.00161164
1098000 1.57561 -0.00875397 0.00155483
1099000 1.62428 -0.00364643 0.00160468
1100000 1.58588 -0.003866 0.0015682
