# Time-averaged data for fix 2
# TimeStep v_Temperature v_PotentialEnergy v_Pressure
1000 0.799593 -1.01993 0.0300861
2000 0.746739 -1.56242 0.00978875
3000 0.750326 -1.83297 0.00248271
4000 0.745789 -2.33509 -0.000551665
5000 0.7394 -2.09172 0.00213933
6000 0.759517 -2.08324 0.00115398
7000 0.743178 -2.41636 -0.000327823
8000 0.752997 -2.42294 0.000499019
9000 0.753558 -2.31733 -0.000852536
10000 0.752108 -2.40169 -0.00781236
11000 0.760329 -2.5563 0.000139136
12000 0.737541 -2.6064 -0.00683948
13000 0.760127 -2.54664 -0.00644191
14000 0.770589 -2.55035 -0.000226833
15000 0.736647 -2.56211 -0.000414803
16000 0.735936 -2.4603 0.00500872
17000 0.753544 -2.32884 0.00930333
18000 0.745656 -2.4845 0.00847114
19000 0.752596 -2.69888 0.00646091
20000 0.742179 -2.85952 0.0062644
21000 0.739661 -2.76075 0.00522365
22000 0.75694 -2.65904 0.00605995
23000 0.763444 -2.60961 0.0169849
24000 0.744473 -2.58259 0.0117738
25000 0.757076 -2.49906 0.00983047
26000 0.748117 -2.65789 0.00116078
27000 0.754514 -2.69616 0.00803813
28000 0.752055 -2.46886 0.0143117
29000 0.746852 -2.64811 0.00853042
30000 0.77847 -2.51421 0.00859052
31000 0.743588 -2.45736 0.0045361
32000 0.754094 -2.40378 0.0119381
33000 0.774073 -2.56715 0.0164351
34000 0.751024 -2.60224 0.00230231
35000 0.757393 -2.69391 0.00184982
36000 0.711554 -2.79314 0.00304947
37000 0.765733 -2.60137 0.0125422
38000 0.77001 -2.5416 0.017357
39000 0.752239 -2.47919 0.00871552
40000 0.753248 -2.4257 0.00499564
41000 0.745284 -2.49034 0.00736417
42000 0.775043 -2.50601 0.0130628
43000 0.736488 -2.68415 0.0076725
44000 0.729158 -2.51704 0.00753028
45000 0.744569 -2.39339 0.0148611
46000 0.761097 -2.44691 0.0109205
47000 0.764315 -2.51561 0.00685749
48000 0.758168 -2.3789 0.0119176
49000 0.752199 -2.47279 0.00903234
50000 0.740156 -2.63526 0.0150084
51000 0.736192 -2.73525 0.004614
52000 0.730595 -2.93564 0.0050778
53000 0.771114 -2.82032 0.00798717
54000 0.764717 -2.82134 0.00741541
55000 0.747095 -2.83952 0.0152616
56000 0.756902 -2.6366 0.00624727
57000 0.767573 -2.52901 0.00346592
58000 0.757772 -2.63017 0.00733818
59000 0.753967 -2.65015 0.00688609
60000 0.766693 -2.47904 0.0084117
61000 0.747191 -2.46021 0.0101098
62000 0.754677 -2.56296 0.0134046
63000 0.754238 -2.42777 0.00955074
64000 0.744629 -2.55345 0.00787188
65000 0.747587 -2.69479 0.00778168
66000 0.754797 -2.40677 0.00640075
67000 0.734952 -2.32234 0.0080699
68000 0.771357 -2.4471 0.0109639
69000 0.737769 -2.5636 0.008763
70000 0.739121 -2.61178 0.0116765
71000 0.751545 -2.72348 0.0126229
72000 0.743839 -2.98323 -0.00116041
73000 0.754593 -2.68575 0.0100527
74000 0.751762 -2.3673 0.0078685
75000 0.741156 -2.42411 0.00591775
76000 0.726384 -2.488 0.00791384
77000 0.760038 -2.54258 0.0134629
78000 0.746281 -2.60539 0.00942806
79000 0.743191 -2.51286 0.0117035
80000 0.758818 -2.63747 0.00356368
81000 0.761849 -2.48743 0.00505455
82000 0.740846 -2.6486 0.00751043
83000 0.732051 -2.77082 0.0083626
84000 0.753307 -2.66489 0.00749928
85000 0.751479 -2.56419 0.0073856
86000 0.759079 -2.50171 0.00813548
87000 0.760447 -2.34397 0.00630474
88000 0.739886 -2.65335 0.00888017
89000 0.74978 -2.61296 0.0116574
90000 0.765786 -2.39971 0.00972481
91000 0.785894 -2.53552 0.0149255
92000 0.75158 -2.63473 0.00575266
93000 0.734384 -2.5771 0.00276665
94000 0.762249 -2.51716 0.0101168
95000 0.749237 -2.63835 0.0101511
96000 0.764359 -2.48745 0.00874402
97000 0.760912 -2.41291 0.0131431
98000 0.749285 -2.5153 0.011941
99000 0.753777 -2.66819 0.0113467
100000 0.749957 -2.70024 0.00551703
101000 0.740139 -2.54909 0.0105323
102000 0.759176 -2.26676 0.00554236
103000 0.747475 -2.4436 0.0100819
104000 0.732263 -2.43674 -0.00139026
105000 0.747858 -2.30916 0.000767565
106000 0.74831 -2.30236 0.0049812
107000 0.733915 -2.33803 0.000173518
108000 0.75867 -2.43033 0.00594781
109000 0.790056 -2.2727 0.0125088
110000 0.73521 -2.264 0.00853376
111000 0.753536 -2.42014 0.0135625
112000 0.752094 -2.66346 0.00905625
113000 0.768287 -2.82243 0.0150561
114000 0.742192 -2.62459 0.00463663
115000 0.74399 -2.78025 0.00898907
116000 0.778857 -2.53137 0.0160629
117000 0.734136 -2.39759 0.0087293
118000 0.752974 -2.49157 0.0108927
119000 0.754827 -2.13917 0.00591999
120000 0.756348 -2.36691 0.00814458
121000 0.752169 -2.32582 0.00650919
122000 0.759756 -2.35048 0.012905
123000 0.742592 -2.37439 0.00655203
124000 0.740917 -2.65067 0.0110547
125000 0.741888 -2.6335 0.00510082
126000 0.752269 -2.67786 0.00827899
127000 0.749317 -2.65912 0.000647352
128000 0.747972 -2.76975 0.00446836
129000 0.750667 -2.54446 0.00420651
130000 0.766633 -2.51072 0.0124136
131000 0.738654 -2.5306 0.00746078
132000 0.733052 -2.55842 0.00985226
133000 0.76325 -2.50453 0.00677925
134000 0.723352 -2.76768 0.011495
135000 0.750042 -2.6631 0.00828628
136000 0.718948 -2.87751 0.00680278
137000 0.731092 -2.84692 0.0114606
138000 0.758211 -2.83043 0.00355228
139000 0.727235 -2.73825 0.00855218
140000 0.746548 -2.52607 0.0033366
141000 0.751868 -2.59602 0.00437896
142000 0.748335 -2.67615 0.0118395
143000 0.758943 -2.50742 0.00796863
144000 0.744084 -2.50302 0.00406106
145000 0.749923 -2.52744 0.0124362
146000 0.738815 -2.66257 0.011089
147000 0.752792 -2.63355 0.00421283
148000 0.738128 -2.64905 0.0116243
149000 0.765591 -2.65024 0.0136815
150000 0.749054 -2.85434 0.00695974
151000 0.732627 -2.66901 0.0145825
152000 0.769616 -2.68075 0.00879705
153000 0.731739 -2.69009 0.00973032
154000 0.745656 -2.44163 0.00439396
155000 0.747933 -2.81552 0.0109226
156000 0.758287 -2.67846 0.0089539
157000 0.737698 -2.62841 0.00496786
158000 0.755942 -2.55745 0.00782634
159000 0.745504 -2.70186 0.00232244
160000 0.734961 -2.67298 0.0070462
161000 0.761448 -2.46077 0.0167387
162000 0.776228 -2.41576 0.00723714
163000 0.73546 -2.60033 0.00768826
164000 0.756063 -2.32896 0.015805
165000 0.745215 -2.13871 0.00565841
166000 0.758874 -2.18826 0.00363693
167000 0.761313 -2.2946 0.0100406
168000 0.732203 -2.4311 0.00748636
169000 0.758067 -2.32305 0.0126859
170000 0.742607 -2.22869 0.0141187
171000 0.739882 -2.24093 0.00656865
172000 0.730516 -2.59703 0.00536356
173000 0.753466 -2.42614 0.0107308
174000 0.743819 -2.38741 0.00389456
175000 0.71547 -2.70427 0.0045764
176000 0.746629 -2.74577 0.00733377
177000 0.739752 -2.818 0.0119744
178000 0.747297 -2.69725 0.0025651
179000 0.747161 -2.68986 0.0100577
180000 0.744361 -2.82654 0.00419001
181000 0.768453 -2.55123 0.00954417
182000 0.775752 -2.54456 0.0162895
183000 0.760756 -2.47106 0.00573523
184000 0.762699 -2.73042 0.0136749
185000 0.739541 -2.67311 0.00306836
186000 0.749935 -2.66611 0.0154336
187000 0.744084 -2.66824 0.00527998
188000 0.761586 -2.51325 0.0108033
189000 0.745921 -2.66652 0.00859658
190000 0.765749 -2.64643 0.00727397
191000 0.738334 -2.77366 0.00926998
192000 0.750142 -2.50674 0.00780839
193000 0.737731 -2.31271 0.0112342
194000 0.732136 -2.43605 0.00891981
195000 0.776298 -2.61104 0.00595836
196000 0.741066 -2.60406 0.0115961
197000 0.750476 -2.45855 0.0112691
198000 0.741444 -2.53831 0.00568808
199000 0.748401 -2.47579 0.00723202
200000 0.755722 -2.68037 -0.00043049
201000 0.76603 -2.5068 0.00438332
202000 0.743403 -2.3166 0.00447538
203000 0.741979 -2.38906 0.00147555
204000 0.746388 -2.77672 0.00819332
205000 0.733587 -2.42707 0.00625265
206000 0.75871 -2.40171 0.0065106
207000 0.736404 -2.53374 0.00435956
208000 0.753836 -2.46375 0.00796486
209000 0.744059 -2.51892 0.0136913
210000 0.748947 -2.65329 0.00590864
211000 0.768649 -2.3704 0.00649677
212000 0.759265 -2.48724 0.00407268
213000 0.746157 -2.81583 0.00947554
214000 0.739192 -2.62568 0.0114777
215000 0.78356 -2.47868 0.01831
216000 0.746654 -2.53532 0.00547757
217000 0.734373 -2.38963 0.00562161
218000 0.757835 -2.28599 0.0071397
219000 0.764483 -2.3213 0.0117529
220000 0.748789 -2.24468 0.0141076
221000 0.761846 -2.34798 0.0154103
222000 0.743193 -2.5126 0.00728362
223000 0.750034 -2.58118 0.00718469
224000 0.765393 -2.53321 0.00302065
225000 0.750538 -2.67464 0.00667629
226000 0.758068 -2.7209 0.0124174
227000 0.754258 -2.90402 0.00421701
228000 0.741902 -2.85648 0.00535131
229000 0.733513 -2.99186 0.0112755
230000 0.735991 -2.65794 0.00749519
231000 0.759705 -2.5295 0.0090653
232000 0.748148 -2.64165 0.0105405
233000 0.766652 -2.64777 0.00760814
234000 0.75933 -2.53665 0.00279039
235000 0.732366 -2.60058 0.00609811
236000 0.76661 -2.2636 0.0118754
237000 0.760766 -2.32614 0.00974795
238000 0.741717 -2.41891 0.00984594
239000 0.764224 -2.59736 0.0116721
240000 0.754904 -2.3427 0.00524611
241000 0.758464 -2.21468 0.00686568
242000 0.762749 -2.28949 0.0115565
243000 0.770122 -2.58255 0.0161677
244000 0.755421 -2.63889 0.0115183
245000 0.745166 -2.88695 0.00918468
246000 0.742474 -2.79119 0.00448944
247000 0.747251 -2.50575 0.00960415
248000 0.740128 -2.50779 0.0118861
249000 0.734069 -2.76981 0.00869176
250000 0.74272 -2.68446 0.0134939
251000 0.72881 -3.01943 0.00452342
252000 0.753714 -2.94908 0.00712019
253000 0.752027 -2.83274 0.00986428
254000 0.766555 -2.62901 0.00826953
255000 0.762172 -2.70737 0.0091405
256000 0.747768 -2.77411 0.00604811
257000 0.741346 -2.48178 0.00106398
258000 0.759149 -2.38314 0.00614556
259000 0.754243 -2.42359 0.0102392
260000 0.737008 -2.43791 0.00814533
261000 0.756795 -2.63237 0.00376461
262000 0.73987 -2.76798 0.00722442
263000 0.739951 -2.54903 0.00832871
264000 0.738828 -2.30182 0.00456628
265000 0.761015 -2.48629 0.0112209
266000 0.750264 -2.3045 0.00324044
267000 0.753973 -2.42817 0.00897425
268000 0.726627 -2.6366 0.010106
269000 0.747681 -2.49336 0.00936085
270000 0.742045 -2.31615 0.0102482
271000 0.748377 -2.54652 0.00866919
272000 0.734883 -2.57453 0.010399
273000 0.739102 -2.45301 0.00458495
274000 0.731214 -2.46844 0.00860362
275000 0.755297 -2.46363 0.0014878
276000 0.729745 -2.62928 0.00382824
277000 0.748618 -2.22104 0.0127528
278000 0.755996 -2.32449 0.00427605
279000 0.752425 -2.20642 0.0129947
280000 0.759703 -2.14859 0.0109715
281000 0.751153 -2.23582 0.0122415
282000 0.750661 -2.49032 0.00673572
283000 0.766083 -2.43226 0.0145746
284000 0.755401 -2.32431 0.00639395
285000 0.755519 -2.39447 0.013619
286000 0.754942 -2.44494 0.0141412
287000 0.740003 -2.37519 0.0100724
288000 0.768901 -2.73913 0.0152018
289000 0.736978 -2.49907 0.0114982
290000 0.743339 -2.45772 0.00954753
291000 0.751039 -2.42344 0.0130068
292000 0.746129 -2.64328 0.00942087
293000 0.763344 -2.65692 0.0071095
294000 0.751453 -2.7466 0.00158986
295000 0.766449 -2.86766 0.0125507
296000 0.756558 -2.72963 0.0107199
297000 0.787432 -2.72928 0.0109931
298000 0.739547 -2.66365 0.0110438
299000 0.749456 -2.64884 0.00656231
300000 0.742274 -2.7403 0.0101186
301000 0.746631 -2.57837 0.00353713
302000 0.751847 -2.56885 0.00839787
303000 0.74061 -2.47631 0.00403499
304000 0.757255 -2.41784 0.00586008
305000 0.742234 -2.58663 0.011337
306000 0.763212 -2.65303 0.00202724
307000 0.770494 -2.6085 0.00547372
308000 0.74614 -2.63808 0.0110014
309000 0.71678 -2.51002 0.00432896
310000 0.751752 -2.49729 0.00845031
311000 0.737475 -2.50638 0.00684521
312000 0.782339 -2.61352 0.0139088
313000 0.742964 -2.68494 0.00843726
314000 0.770014 -2.64416 0.00553696
315000 0.71176 -2.75999 0.00870737
316000 0.73589 -2.69403 0.00831586
317000 0.732182 -2.72427 0.00388831
318000 0.760656 -2.49148 0.00565599
319000 0.751402 -2.44289 0.00712975
320000 0.735889 -2.64971 0.0112538
321000 0.726077 -2.66193 0.00872234
322000 0.783597 -2.69083 0.00382069
323000 0.756414 -2.70211 0.00973208
324000 0.729373 -2.6583 -0.00228798
325000 0.764095 -2.31147 0.00357114
326000 0.7822 -2.30375 0.00750558
327000 0.753012 -2.3744 0.0099381
328000 0.761425 -2.28593 0.0052896
329000 0.761821 -2.34185 0.00100218
330000 0.746918 -2.45912 0.00469877
331000 0.735684 -2.51834 0.0104079
332000 0.761799 -2.52965 0.0169303
333000 0.751373 -2.42753 0.0118896
334000 0.745512 -2.49929 0.0112127
335000 0.768717 -2.5555 0.0090189
336000 0.731116 -2.86061 0.00195384
337000 0.75224 -2.71789 0.0101209
338000 0.75323 -2.65913 0.00614948
339000 0.748238 -2.65564 0.00702309
340000 0.754211 -2.64343 0.00994014
341000 0.776935 -2.30758 0.00984474
342000 0.781322 -2.32537 0.00734056
343000 0.736033 -2.69358 0.00691772
344000 0.752575 -2.65107 0.00839992
345000 0.754642 -2.60005 0.00933373
346000 0.732951 -2.43166 0.00445381
347000 0.753446 -2.43312 0.0129486
348000 0.767167 -2.38043 0.0114343
349000 0.740735 -2.57037 0.00577323
350000 0.741666 -2.54283 0.00767077
351000 0.73893 -2.51716 0.00123058
352000 0.756387 -2.55434 0.0110147
353000 0.74115 -2.45798 0.00878762
354000 0.745674 -2.30444 0.00650204
355000 0.752298 -2.3204 0.00783425
356000 0.755635 -2.32031 0.00785002
357000 0.713738 -2.50971 0.001507
358000 0.748019 -2.32487 0.00284053
359000 0.755325 -2.29033 0.00981622
360000 0.757453 -2.22995 0.00967315
361000 0.71127 -2.73155 0.00697364
362000 0.747314 -2.5644 0.00811711
363000 0.728092 -2.46223 0.00720944
364000 0.757409 -2.53215 0.0157665
365000 0.757333 -2.68526 0.0133248
366000 0.733144 -2.49728 0.0118566
367000 0.745117 -2.41427 0.0127042
368000 0.764462 -2.48997 0.00568696
369000 0.768818 -2.54251 0.0065048
370000 0.736415 -2.76406 0.0103158
371000 0.746252 -2.68452 0.00753406
372000 0.733434 -2.81865 0.00623217
373000 0.764298 -2.65201 0.00550256
374000 0.770521 -2.47773 0.0105595
375000 0.737982 -2.42881 0.0113873
376000 0.743554 -2.51097 0.0125978
377000 0.77004 -2.50136 0.00864213
378000 0.734485 -2.49896 0.0101748
379000 0.766477 -2.39842 0.0137787
380000 0.759795 -2.34596 0.0164458
381000 0.731391 -2.47992 0.0107914
382000 0.740434 -2.82219 0.0127066
383000 0.766089 -2.73023 0.0064892
384000 0.746298 -2.72876 0.00737195
385000 0.741522 -2.52904 0.00836208
386000 0.773502 -2.61415 0.00718424
387000 0.723351 -2.64696 0.00927955
388000 0.761957 -2.45198 0.00740136
389000 0.765314 -2.59459 -0.00175025
390000 0.76987 -2.73252 0.00471004
391000 0.743121 -2.5907 0.00938929
392000 0.735282 -2.59912 0.00925182
393000 0.751011 -2.81384 0.00627412
394000 0.735816 -2.90841 0.00588134
395000 0.75557 -2.69696 0.00789412
396000 0.731343 -2.60266 0.0074909
397000 0.746458 -2.49405 0.00339556
398000 0.732958 -2.78993 0.0121874
399000 0.733702 -2.55296 -0.00036241
400000 0.740111 -2.49357 0.00418612
401000 0.754027 -2.35142 0.00291245
402000 0.765663 -2.3457 0.00234895
403000 0.74907 -2.56898 0.00627195
404000 0.734957 -2.62724 0.00794589
405000 0.749694 -2.60125 0.00913402
406000 0.748823 -2.2993 0.0110154
407000 0.774289 -2.29437 0.0103526
408000 0.777838 -2.37548 0.0161418
409000 0.742734 -2.50841 0.00667851
410000 0.763425 -2.71931 0.00998778
411000 0.721414 -2.59618 0.002021
412000 0.768726 -2.67438 0.0147132
413000 0.75404 -2.57338 0.00260873
414000 0.734671 -2.53321 0.0101885
415000 0.75709 -2.43198 0.0112365
416000 0.73734 -2.48619 0.00978
417000 0.74734 -2.5102 0.00859069
418000 0.739315 -2.71829 0.00845173
419000 0.759812 -2.44084 0.00709117
420000 0.745891 -2.25899 0.0129257
421000 0.757749 -2.17573 0.00519869
422000 0.764264 -2.22918 0.00573252
423000 0.764868 -2.311 0.0074413
424000 0.755259 -2.49248 -0.00175226
425000 0.747959 -2.69452 0.00383115
426000 0.736936 -2.59032 0.00635708
427000 0.754575 -2.55595 0.010644
428000 0.775746 -2.66224 0.0131036
429000 0.765638 -2.4433 0.00993121
430000 0.756533 -2.62617 0.0147241
431000 0.768722 -2.63745 0.00827641
432000 0.753852 -2.58727 0.00199163
433000 0.76426 -2.69501 0.00690247
434000 0.747021 -2.55379 0.00852227
435000 0.750161 -2.50743 0.00743567
436000 0.76854 -2.2821 0.00929687
437000 0.740432 -2.48255 0.00962466
438000 0.733066 -2.63584 0.00210105
439000 0.759619 -2.63639 0.00612259
440000 0.753399 -2.7611 0.0105638
441000 0.749255 -2.6465 0.0120704
442000 0.748359 -2.7177 -0.00130706
443000 0.731946 -2.74876 0.00694324
444000 0.732306 -2.53353 0.0043253
445000 0.747511 -2.55338 0.00923295
446000 0.738666 -2.60699 0.00931359
447000 0.750806 -2.29878 0.00951642
448000 0.761115 -2.44651 0.0150547
449000 0.746114 -2.48828 0.0108176
450000 0.742267 -2.3093 0.00793928
451000 0.744423 -2.43051 0.00313458
452000 0.755739 -2.58143 0.00555223
453000 0.750136 -2.91189 0.00517963
454000 0.743801 -2.81265 0.0129375
455000 0.768986 -2.55006 0.00896643
456000 0.748697 -2.61799 0.011685
457000 0.750787 -2.52852 0.0119209
458000 0.746791 -2.57581 0.00694801
459000 0.760258 -2.37594 0.0116813
460000 0.776912 -2.25837 0.00978423
461000 0.7523 -2.48949 0.00101383
462000 0.737827 -2.6097 0.00571028
463000 0.759484 -2.31213 0.00865981
464000 0.772536 -2.07636 0.00337343
465000 0.753267 -2.26317 -0.000862461
466000 0.742167 -2.37468 -0.00134531
467000 0.73834 -2.63533 0.000310924
468000 0.745563 -2.45139 0.00883893
469000 0.753204 -2.22085 0.0116297
470000 0.757599 -2.20579 0.00747811
471000 0.760564 -2.48861 0.00923057
472000 0.762113 -2.60087 0.012501
473000 0.756398 -2.48644 0.0126488
474000 0.760483 -2.36736 0.00818869
475000 0.759707 -2.16644 0.00970969
476000 0.7635 -1.99684 0.00855553
477000 0.73182 -2.57196 0.00786153
478000 0.750258 -2.76647 0.00873967
479000 0.742531 -2.72739 0.00923891
480000 0.737847 -2.71826 0.0043356
481000 0.751548 -2.54752 0.0041896
482000 0.752041 -2.48178 0.00135199
483000 0.75756 -2.26302 0.00698885
484000 0.748188 -2.19991 0.00907878
485000 0.759936 -2.32981 0.0122281
486000 0.735746 -2.66901 -0.00259985
487000 0.762449 -2.81391 0.00840065
488000 0.740189 -2.40985 0.00719054
489000 0.762767 -2.30723 0.00749146
490000 0.758377 -2.47151 0.00698502
491000 0.764975 -2.28465 0.00553134
492000 0.755011 -2.33742 0.0156584
493000 0.769385 -2.29843 0.0102563
494000 0.767853 -2.39784 0.0125743
495000 0.745728 -2.59496 0.0164093
496000 0.734266 -2.60598 0.00734265
497000 0.760932 -2.58297 0.00766533
498000 0.752731 -2.61905 0.00497759
499000 0.759107 -2.65403 0.00945188
500000 0.736905 -2.77071 0.00805932
501000 0.723177 -2.89481 0.00739038
502000 0.760009 -2.55759 0.00998384
503000 0.73328 -2.66368 0.0105296
504000 0.764086 -2.56525 0.00921147
505000 0.741548 -2.5866 0.0103888
506000 0.749946 -2.64884 0.011118
507000 0.723592 -2.84337 0.0109939
508000 0.77186 -2.48555 0.0118693
509000 0.74446 -2.7031 0.00547242
510000 0.76543 -2.53987 0.0104614
511000 0.740229 -2.49359 0.00956592
512000 0.737051 -2.74016 0.00738602
513000 0.752819 -2.85937 0.00991138
514000 0.730042 -2.78193 0.000535178
515000 0.755677 -2.64953 0.00267234
516000 0.747375 -2.79982 0.0126748
517000 0.750572 -2.96815 0.00299475
518000 0.75445 -2.88792 0.00995197
519000 0.7656 -2.85252 0.00655505
520000 0.735685 -2.90487 0.00690574
521000 0.744339 -2.55675 0.0103523
522000 0.753555 -2.68243 0.00821368
523000 0.760159 -2.65155 0.0107289
524000 0.765474 -2.34547 0.013222
525000 0.754046 -2.41216 0.0149574
526000 0.772768 -2.26087 0.0130994
527000 0.760901 -2.177 0.00873935
528000 0.747015 -2.33289 0.0133247
529000 0.751774 -2.43318 0.00995176
530000 0.742165 -2.66427 0.00197087
531000 0.750893 -2.78041 0.00926727
532000 0.753529 -2.65697 0.0082378
533000 0.74571 -2.69697 0.00780128
534000 0.765411 -2.44181 0.006679
535000 0.76257 -2.5821 0.00900359
536000 0.74859 -2.68161 0.00592169
537000 0.753398 -2.49438 -0.000679402
538000 0.757019 -2.63478 0.00807696
539000 0.749809 -2.46271 0.00874883
540000 0.737245 -2.61346 0.0095964
541000 0.770844 -2.64029 0.00537431
542000 0.745497 -2.65419 0.00927525
543000 0.723776 -2.6262 -0.00114876
544000 0.756359 -2.64763 0.00760998
545000 0.756065 -2.44848 0.00921419
546000 0.743557 -2.83403 0.00599459
547000 0.757089 -2.74247 0.0064777
548000 0.755397 -2.57891 0.0081097
549000 0.744683 -2.58943 0.0104944
550000 0.747137 -2.57175 0.010594
551000 0.731362 -2.48849 0.00279878
552000 0.750915 -2.45981 0.0128314
553000 0.740799 -2.48968 0.00567545
554000 0.724164 -2.58381 0.0056767
555000 0.741617 -2.41439 0.00587793
556000 0.758165 -2.38192 0.00587087
557000 0.734725 -2.288 0.0111761
558000 0.746377 -2.19495 0.00718099
559000 0.756697 -2.26329 0.00818294
560000 0.769294 -2.10782 0.0138927
561000 0.755077 -2.01551 0.0113606
562000 0.745327 -2.20075 0.0084418
563000 0.738209 -2.23685 0.0109902
564000 0.774047 -2.18405 0.0103919
565000 0.7467 -2.3073 0.00884882
566000 0.764415 -2.41897 0.00481126
567000 0.743736 -2.32694 0.012487
568000 0.760672 -2.31092 0.0197391
569000 0.761639 -2.51661 0.010293
570000 0.753572 -2.56063 0.013817
571000 0.76856 -2.56922 0.00658155
572000 0.757967 -2.75486 0.00523339
573000 0.727082 -2.67707 0.00729137
574000 0.718481 -2.68994 0.008264
575000 0.744456 -2.65502 0.0076418
576000 0.723602 -2.78402 0.00624474
577000 0.751561 -2.6737 0.00486521
578000 0.742272 -2.89551 0.0115207
579000 0.737743 -2.71812 0.00222941
580000 0.747972 -2.89561 0.00469354
581000 0.759955 -2.65635 0.00227754
582000 0.7442 -2.46708 0.0119625
583000 0.738247 -2.63021 0.00127093
584000 0.758368 -2.64051 -0.00426629
585000 0.745418 -2.73743 0.00614266
586000 0.75357 -2.77347 0.00388983
587000 0.746857 -2.52072 0.00928067
588000 0.773131 -2.49993 0.0128317
589000 0.741895 -2.4877 0.00884626
590000 0.760051 -2.45889 0.0109892
591000 0.76374 -2.52326 0.0120121
592000 0.758685 -2.44666 0.011172
593000 0.725704 -2.43955 0.00906792
594000 0.746938 -2.31558 0.0123392
595000 0.752114 -2.36188 0.0139488
596000 0.74347 -2.4061 0.0122916
597000 0.742446 -2.35795 0.0065893
598000 0.774559 -2.72169 0.0131138
599000 0.762121 -2.53531 0.00204772
600000 0.743879 -2.57772 0.00357619
601000 0.748124 -2.40968 0.0114544
602000 0.753594 -2.40607 0.0128279
603000 0.752905 -2.60094 0.00697263
604000 0.751214 -2.71479 0.00835514
605000 0.740087 -2.48956 0.00930783
606000 0.748417 -2.41676 0.0132479
607000 0.776784 -2.37778 0.00752885
608000 0.726424 -2.57115 0.00527438
609000 0.743766 -2.5854 0.00644361
610000 0.754378 -2.39049 0.00291889
611000 0.749624 -2.43318 0.000928733
612000 0.750521 -2.66004 0.00744525
613000 0.776069 -2.41261 0.00589182
614000 0.73792 -2.48721 0.00260056
615000 0.759542 -2.40165 0.00462025
616000 0.734668 -2.63189 0.000971768
617000 0.734597 -2.58915 0.0048858
618000 0.754693 -2.42479 -0.00169354
619000 0.75377 -2.42145 -0.00136084
620000 0.758783 -2.43016 0.00475996
621000 0.750972 -2.69174 0.011476
622000 0.752134 -2.55562 0.00757825
623000 0.733933 -2.45577 0.00613785
624000 0.739817 -2.41576 0.0132471
625000 0.737309 -2.40984 0.0126743
626000 0.76191 -2.49548 0.0113402
627000 0.731021 -2.59256 0.00946504
628000 0.745737 -2.45018 0.00526262
629000 0.740067 -2.41545 0.00758782
630000 0.747492 -2.28749 0.011436
631000 0.756977 -2.09212 0.0118388
632000 0.745066 -2.19721 0.00819262
633000 0.756503 -2.37508 0.0108434
634000 0.751311 -2.44561 0.0105718
635000 0.760512 -2.37066 0.00796528
636000 0.761412 -2.448 0.0155303
637000 0.780537 -2.43773 0.0162097
638000 0.730719 -2.36837 0.0115206
639000 0.753473 -2.48786 0.00955035
640000 0.730995 -2.54895 0.00531231
641000 0.749722 -2.45148 0.0137671
642000 0.757357 -2.25821 0.0116757
643000 0.740518 -2.51251 0.00898393
644000 0.769645 -2.52089 0.0116248
645000 0.750486 -2.39213 0.00660073
646000 0.751186 -2.36058 0.00941104
647000 0.70875 -2.46146 0.00524245
648000 0.74978 -2.28573 0.00634598
649000 0.739487 -2.19176 0.0116031
650000 0.770213 -2.2213 0.0145048
651000 0.756119 -2.27028 0.0126248
652000 0.767627 -2.24856 0.00326821
653000 0.766378 -2.25462 0.0141778
654000 0.756757 -2.21854 0.0119018
655000 0.749289 -2.39725 0.0104852
656000 0.760965 -2.44402 0.0120539
657000 0.753175 -2.61499 0.00865745
658000 0.752112 -2.44194 0.0108937
659000 0.746314 -2.2875 0.0126614
660000 0.736978 -2.63692 0.00490911
661000 0.744936 -2.77736 0.00761997
662000 0.753153 -2.52589 0.011458
663000 0.778928 -2.31027 0.0158199
664000 0.767229 -2.32648 0.00977947
665000 0.76432 -2.47904 0.00578446
666000 0.741442 -2.60974 0.00744805
667000 0.757856 -2.53072 0.0118032
668000 0.76191 -2.43905 0.0113366
669000 0.734064 -2.43762 0.00490557
670000 0.724129 -2.56647 0.0127601
671000 0.7617 -2.36438 0.00881376
672000 0.759762 -2.44761 0.00560358
673000 0.751157 -2.48816 0.00554065
674000 0.747959 -2.6549 0.0086086
675000 0.754164 -2.69935 0.00706794
676000 0.764943 -2.59321 0.00979466
677000 0.757524 -2.60111 0.00648735
678000 0.746692 -2.83835 0.00562952
679000 0.749842 -2.72089 0.0110139
680000 0.763642 -2.5363 0.00865607
681000 0.756562 -2.44799 0.0118272
682000 0.761151 -2.42791 0.0119832
683000 0.75168 -2.31983 0.00849624
684000 0.751184 -2.38071 -0.000797342
685000 0.74604 -2.6878 0.0123445
686000 0.736698 -2.60846 0.00752839
687000 0.741121 -2.58822 0.00364548
688000 0.757794 -2.58223 0.0122758
689000 0.760755 -2.33796 -0.00357728
690000 0.752467 -2.45478 0.00301997
691000 0.769432 -2.60036 0.00839621
692000 0.764236 -2.73095 0.00935349
693000 0.759973 -2.65867 0.0112533
694000 0.737434 -2.762 0.00783563
695000 0.726483 -2.7225 0.00774173
696000 0.729759 -2.47323 0.00541224
697000 0.771872 -2.57584 0.00553989
698000 0.733782 -2.81429 0.00472066
699000 0.762409 -2.51601 0.0116495
700000 0.736998 -2.63488 0.00947885
701000 0.739451 -2.5926 0.00719319
702000 0.721189 -2.76885 0.00615361
703000 0.77784 -2.45198 0.0133556
704000 0.734162 -2.60131 0.00675099
705000 0.749562 -2.50995 0.0091285
706000 0.721552 -2.41954 0.00555508
707000 0.751264 -2.31506 0.00636925
708000 0.732252 -2.36882 0.00451609
709000 0.739738 -2.61297 0.00422026
710000 0.728743 -2.57671 0.00692859
711000 0.763158 -2.48024 0.0122063
712000 0.728937 -2.33987 0.0150999
713000 0.744841 -2.34638 0.0112866
714000 0.741841 -2.3571 0.00351197
715000 0.747734 -2.47581 0.0128963
716000 0.748801 -2.37769 0.00854406
717000 0.7269 -2.90154 0.0102739
718000 0.738898 -2.8001 0.00545596
719000 0.730255 -2.74319 0.00916364
720000 0.743014 -2.5954 0.0065219
721000 0.743406 -2.63158 0.00759221
722000 0.737303 -2.60183 0.00460641
723000 0.754528 -2.55441 0.00963644
724000 0.74415 -2.6039 0.00828319
725000 0.76586 -2.68949 0.00288148
726000 0.75307 -2.67619 0.0139605
727000 0.753787 -2.59719 0.0118776
728000 0.750741 -2.84242 0.00532867
729000 0.742911 -2.68258 0.0155168
730000 0.733998 -2.7223 0.00939408
731000 0.764192 -2.79548 0.00199639
732000 0.766136 -2.4103 0.00945683
733000 0.750629 -2.55336 0.01507
734000 0.741974 -2.5444 0.00258016
735000 0.772626 -2.79161 0.00807017
736000 0.743056 -2.67889 0.00287651
737000 0.735676 -2.6763 0.00743201
738000 0.753977 -2.66818 0.0119538
739000 0.760478 -2.59443 0.0104842
740000 0.737898 -2.38542 0.0105729
741000 0.75459 -2.25215 0.00136138
742000 0.769381 -2.19795 0.00421223
743000 0.728119 -2.39831 0.00341038
744000 0.767625 -2.67186 0.0121965
745000 0.753779 -2.69114 0.00760762
746000 0.756139 -2.55315 0.00813848
747000 0.762846 -2.77021 0.00578658
748000 0.758541 -2.71496 0.0095397
749000 0.732364 -2.80433 0.00238809
750000 0.752495 -2.7024 0.00136131
751000 0.758152 -2.66977 0.00837944
752000 0.758078 -2.50226 0.00691655
753000 0.752637 -2.55887 0.0105674
754000 0.750183 -2.71941 0.00594648
755000 0.763396 -2.60046 0.0124866
756000 0.751831 -2.5084 0.0139859
757000 0.743158 -2.44482 0.00810904
758000 0.766063 -2.42888 0.0107284
759000 0.759251 -2.28294 0.0118679
760000 0.753663 -2.31601 0.010821
761000 0.75709 -2.08826 0.00895121
762000 0.76014 -2.07355 0.00815915
763000 0.756396 -2.08759 0.0143817
764000 0.743932 -2.39844 0.0119589
765000 0.74244 -2.51284 0.00903997
766000 0.763344 -2.30455 0.0127869
767000 0.745809 -2.21172 0.00935559
768000 0.735399 -2.26836 0.014172
769000 0.751713 -2.42795 0.00675918
770000 0.758438 -2.70694 0.0116216
771000 0.766275 -2.63677 0.00935413
772000 0.744414 -2.63577 0.0115381
773000 0.755259 -2.53322 0.012721
774000 0.730208 -2.36811 0.00735082
775000 0.75452 -2.33357 0.00548702
776000 0.739101 -2.4938 -0.00131351
777000 0.745038 -2.56131 0.00364438
778000 0.745371 -2.78592 0.00630566
779000 0.773235 -2.45892 0.00359139
780000 0.746168 -2.35006 0.00745521
781000 0.750042 -2.53708 0.00169028
782000 0.762763 -2.6536 0.011118
783000 0.756655 -2.73412 0.0102245
784000 0.76667 -2.53553 0.00506455
785000 0.754235 -2.48094 0.0127786
786000 0.772374 -2.44127 0.0113086
787000 0.72875 -2.57248 0.00919718
788000 0.753364 -2.6922 0.00799028
789000 0.751042 -2.8186 0.00604609
790000 0.752338 -2.48667 0.0159672
791000 0.739203 -2.42174 0.0172653
792000 0.736458 -2.29628 0.00872721
793000 0.768411 -2.37807 0.0052579
794000 0.739122 -2.30729 0.00192028
795000 0.715847 -2.51663 0.0107672
796000 0.749198 -2.42282 0.00999006
797000 0.774485 -2.59857 0.0078369
798000 0.75574 -2.35549 0.00595327
799000 0.779871 -2.40092 0.0129851
800000 0.740063 -2.33022 0.00776619
801000 0.762228 -2.36414 0.0165172
802000 0.740055 -2.53992 0.00577921
803000 0.761236 -2.50906 0.00692103
804000 0.755574 -2.37907 0.0074147
805000 0.766684 -2.52544 0.016387
806000 0.747471 -2.4788 0.0136431
807000 0.748867 -2.45257 0.00669642
808000 0.746815 -2.54546 0.00880546
809000 0.730981 -2.69545 0.00883805
810000 0.745314 -2.73275 0.00563688
811000 0.746455 -2.79345 0.00994658
812000 0.758792 -2.67432 0.00829995
813000 0.754832 -2.57551 0.00422882
814000 0.768113 -2.51449 0.0122587
815000 0.761141 -2.40227 0.00508493
816000 0.740473 -2.41877 0.00378019
817000 0.753763 -2.33342 0.00911757
818000 0.725781 -2.45895 0.0100922
819000 0.760407 -2.38 0.0152587
820000 0.75501 -2.33453 0.0123541
821000 0.748117 -2.34519 0.0100595
822000 0.773717 -2.36662 0.0103281
823000 0.732649 -2.31362 0.00843308
824000 0.733875 -2.33592 0.00147188
825000 0.762598 -2.35644 0.0128733
826000 0.762816 -2.14429 0.0198119
827000 0.770086 -2.02513 0.0139432
828000 0.758288 -2.29749 0.0108328
829000 0.737385 -2.32852 0.0101753
830000 0.756708 -2.45725 0.0124039
831000 0.739524 -2.53874 0.00217974
832000 0.760683 -2.71988 0.00772484
833000 0.753447 -2.65124 0.00622177
834000 0.776331 -2.8102 0.00737181
835000 0.772495 -2.71655 0.0100728
836000 0.74266 -2.67087 0.0112681
837000 0.762312 -2.60177 0.0150049
838000 0.735752 -2.68448 0.00509732
839000 0.745242 -2.37543 0.00624249
840000 0.752853 -2.70259 0.00624543
841000 0.73523 -2.58434 0.00910928
842000 0.737464 -2.74761 0.00803904
843000 0.771396 -2.60212 0.00852059
844000 0.756309 -2.4956 0.011984
845000 0.75469 -2.61037 0.00965398
846000 0.747713 -2.61484 0.0117077
847000 0.760831 -2.54799 0.00861541
848000 0.729816 -2.69103 0.0132056
849000 0.751791 -2.55185 0.00723271
850000 0.734897 -2.73067 0.00267516
851000 0.743532 -2.91071 0.00862266
852000 0.757123 -2.83408 0.00951014
853000 0.757187 -2.72984 0.0114865
854000 0.739084 -2.69442 0.00905461
855000 0.759975 -2.63134 0.00829901
856000 0.73951 -2.69643 0.00425153
857000 0.747959 -2.53827 0.00900512
858000 0.759162 -2.75806 0.0101926
859000 0.735243 -2.70798 0.00489979
860000 0.764312 -2.61619 0.0164638
861000 0.770608 -2.55778 0.00418292
862000 0.761281 -2.3972 0.00841679
863000 0.747308 -2.11621 0.00617912
864000 0.766488 -2.28132 0.0102839
865000 0.781663 -2.23348 0.00996865
866000 0.733437 -2.07634 0.0112547
867000 0.74095 -2.34394 0.00448566
868000 0.741794 -2.36191 0.00779954
869000 0.75871 -2.25084 0.00528844
870000 0.757262 -2.20706 0.0080782
871000 0.768948 -2.1431 0.0133582
872000 0.756335 -2.33647 0.0107083
873000 0.747664 -2.28843 0.00263345
874000 0.775069 -2.5097 0.0134095
875000 0.744061 -2.63093 0.0078912
876000 0.756854 -2.4747 0.00900375
877000 0.745237 -2.45776 0.0098043
878000 0.750273 -2.39211 0.00722838
879000 0.761544 -2.33799 0.0117604
880000 0.752834 -2.34072 0.0125183
881000 0.741761 -2.49585 0.0151659
882000 0.719756 -2.23862 0.00299792
883000 0.758019 -2.24076 0.0191402
884000 0.748123 -2.21534 0.014277
885000 0.755372 -2.16284 0.00648004
886000 0.754603 -2.47021 0.00942899
887000 0.758262 -2.77833 0.00946903
888000 0.735822 -2.76883 0.00443187
889000 0.71336 -2.72086 0.00882008
890000 0.754767 -2.86049 0.00925781
891000 0.730355 -2.7742 0.00886554
892000 0.734125 -2.57529 0.00902042
893000 0.733984 -2.73526 0.0092462
894000 0.747716 -2.81188 0.00791341
895000 0.7415 -2.63858 0.00530976
896000 0.751156 -2.6309 0.00607788
897000 0.761792 -2.7212 0.00767209
898000 0.756543 -2.49065 0.00973989
899000 0.751348 -2.57746 0.0105799
900000 0.770971 -2.65538 0.012193
901000 0.752034 -2.81805 0.00962346
902000 0.750226 -2.67614 0.00338366
903000 0.757815 -2.80673 0.00787112
904000 0.735364 -2.64355 -0.00482117
905000 0.759526 -2.50812 0.0105714
906000 0.736066 -2.54643 0.00317949
907000 0.744184 -2.54012 0.0116038
908000 0.748884 -2.56441 0.00460914
909000 0.74854 -2.58268 0.0145993
910000 0.739454 -2.38484 0.0106851
911000 0.747383 -2.47092 0.00800244
912000 0.756506 -2.6369 0.00959466
913000 0.743293 -2.61981 0.0104744
914000 0.74446 -2.69572 0.00823192
915000 0.742368 -2.70335 0.0091395
916000 0.794206 -2.71887 0.00926086
917000 0.75736 -2.71595 0.0115978
918000 0.747372 -2.69869 0.0130423
919000 0.727459 -2.6646 0.0118129
920000 0.759494 -2.52856 0.00725029
921000 0.743851 -2.80215 0.00488706
922000 0.759888 -2.83315 0.00875465
923000 0.775483 -2.70782 0.00559959
924000 0.752908 -2.68381 0.00705897
925000 0.745504 -2.5782 0.0029106
926000 0.742225 -2.71161 0.00613787
927000 0.765134 -2.58915 0.00805738
928000 0.743915 -2.44695 0.00551047
929000 0.76641 -2.35279 0.00673067
930000 0.771499 -2.35183 0.0143111
931000 0.753747 -2.43548 0.010208
932000 0.742874 -2.31932 0.0105531
933000 0.746061 -2.1995 0.00522957
934000 0.756818 -2.46268 0.00269351
935000 0.763018 -2.7276 0.00789623
936000 0.748794 -2.69738 0.00413976
937000 0.725725 -2.57708 0.00394502
938000 0.755899 -2.52935 0.0124047
939000 0.734897 -2.56493 0.00140353
940000 0.75423 -2.50652 0.00617907
941000 0.76716 -2.31081 0.00691164
942000 0.738174 -2.69038 0.00597841
943000 0.757011 -2.78952 0.0123676
944000 0.741035 -2.8367 0.000449489
945000 0.772911 -2.65532 0.00619533
946000 0.73863 -2.42064 0.0042101
947000 0.7333 -2.37089 0.00466909
948000 0.738611 -2.67172 0.0120944
949000 0.763922 -2.33975 0.00548638
950000 0.739115 -2.63649 0.0109888
951000 0.756341 -2.53139 0.0156177
952000 0.75274 -2.56095 0.00975909
953000 0.755458 -2.56557 0.00926151
954000 0.753252 -2.62393 0.0151829
955000 0.747628 -2.59931 0.00865943
956000 0.736137 -2.67863 0.00604946
957000 0.736436 -2.4802 0.00836645
958000 0.761548 -2.21124 0.00496244
959000 0.751487 -2.31327 0.0141341
960000 0.749415 -2.13627 0.013008
961000 0.741503 -2.23558 0.00525926
962000 0.763152 -2.52223 0.00416228
963000 0.783986 -2.4164 0.0108128
964000 0.745867 -2.58503 0.0144522
965000 0.741654 -2.39931 0.0128757
966000 0.753701 -2.40811 0.0085225
967000 0.767303 -2.35536 0.00648079
968000 0.750627 -2.45153 0.00876763
969000 0.756202 -2.46339 0.00391116
970000 0.744395 -2.71159 0.00358838
971000 0.747432 -2.68932 0.0107477
972000 0.735285 -2.61782 0.00583612
973000 0.732112 -2.67346 0.0135827
974000 0.765082 -2.67018 0.0125912
975000 0.726531 -2.71977 0.00159141
976000 0.750938 -2.62986 0.00456778
977000 0.759851 -2.57495 0.00543808
978000 0.770386 -2.29157 0.00858937
979000 0.737682 -2.22692 0.00922639
980000 0.750401 -2.22359 0.00837065
981000 0.735439 -2.43944 0.00683957
982000 0.743022 -2.57425 0.00998103
983000 0.719762 -2.36446 0.00565754
984000 0.758888 -2.33349 0.0119619
985000 0.749742 -2.39425 0.00156916
986000 0.746165 -2.36905 0.00210252
987000 0.745109 -2.56198 0.0073944
988000 0.753446 -2.47523 0.00214903
989000 0.728859 -2.53269 0.00514681
990000 0.755092 -2.38848 0.00497452
991000 0.736077 -2.38685 0.0012167
992000 0.746355 -2.54773 0.0108855
993000 0.754587 -2.52653 0.0105449
994000 0.721855 -2.58787 -0.000130166
995000 0.766127 -2.48988 0.00984278
996000 0.747306 -2.63804 0.00775375
997000 0.759439 -2.58528 0.00013268
998000 0.760256 -2.62735 0.00269577
999000 0.730726 -2.85411 0.00389677
1000000 0.734575 -2.67874 0.00960034
1001000 0.746407 -2.47406 0.00780018
1002000 0.733588 -2.39415 0.0099534
1003000 0.745897 -2.55006 0.00533076
1004000 0.746347 -2.73149 0.0101605
1005000 0.732623 -2.79402 0.00632151
1006000 0.745471 -2.63536 0.0126499
1007000 0.753285 -2.6254 0.00391338
1008000 0.720158 -2.80047 0.0106435
1009000 0.740589 -2.62572 0.010616
1010000 0.741218 -2.57903 0.0109299
1011000 0.756801 -2.47115 0.0154051
1012000 0.744486 -2.37928 0.00993634
1013000 0.751136 -2.47493 0.012895
1014000 0.752535 -2.34762 0.00437842
1015000 0.746575 -2.45378 0.00692828
1016000 0.75175 -2.27463 0.00778762
1017000 0.746875 -2.31407 0.00992852
1018000 0.735689 -2.67349 0.00459004
1019000 0.741937 -2.76889 0.00730691
1020000 0.768203 -2.38863 0.00361993
1021000 0.74173 -2.48152 0.00900471
1022000 0.762546 -2.59026 0.0083169
1023000 0.768211 -2.75218 0.00944137
1024000 0.757206 -2.87823 0.00934727
1025000 0.74742 -2.71298 0.00715246
1026000 0.735722 -2.56732 0.00742083
1027000 0.754163 -2.64891 0.0118135
1028000 0.750894 -2.66089 0.00998581
1029000 0.746849 -2.72696 0.00666933
1030000 0.743393 -2.57852 0.00567308
1031000 0.72972 -2.61482 0.00997596
1032000 0.760853 -2.47324 0.0122858
1033000 0.760808 -2.45913 0.00839899
1034000 0.746511 -2.28073 0.00453631
1035000 0.752075 -2.39035 0.0144559
1036000 0.746881 -2.42304 0.0110452
1037000 0.760302 -2.67386 0.00800288
1038000 0.765594 -2.75446 0.0110965
1039000 0.726777 -2.7933 0.00920656
1040000 0.736258 -2.66047 0.00907168
1041000 0.769101 -2.64654 0.0107312
1042000 0.780912 -2.64332 0.00361318
1043000 0.744182 -2.61116 0.00925274
1044000 0.761881 -2.51839 0.00678669
1045000 0.761368 -2.57487 0.00266683
1046000 0.729507 -2.55527 0.0056435
1047000 0.748723 -2.45368 0.00749879
1048000 0.756067 -2.58897 0.00912621
1049000 0.772356 -2.50625 0.00787295
1050000 0.761564 -2.65907 0.00328727
1051000 0.739871 -2.83092 0.00780768
1052000 0.740638 -2.78735 0.00993039
1053000 0.734325 -2.6364 0.0121257
1054000 0.75838 -2.39406 0.00922076
1055000 0.763998 -2.50369 0.0169989
1056000 0.764537 -2.7139 0.00134904
1057000 0.757043 -2.95719 0.00855251
1058000 0.749115 -2.62862 0.00888383
1059000 0.74611 -2.26434 0.00843284
1060000 0.771792 -2.35067 0.0177302
1061000 0.774448 -2.4523 0.00824606
1062000 0.739345 -2.58473 0.00500271
1063000 0.746656 -2.6463 0.00754364
1064000 0.740433 -2.73952 0.00954046
1065000 0.768676 -2.65758 0.0067996
1066000 0.737449 -2.6657 0.00391028
1067000 0.763532 -2.59229 0.0135848
1068000 0.75712 -2.35526 0.00650937
1069000 0.728331 -2.51354 0.0103612
1070000 0.760301 -2.44865 0.00739445
1071000 0.729376 -2.54387 0.00864972
1072000 0.768172 -2.35181 0.00822115
1073000 0.76418 -2.28533 0.0115828
1074000 0.744552 -2.60298 0.00587006
1075000 0.739691 -2.57309 0.00837073
1076000 0.741506 -2.46237 0.00925377
1077000 0.716203 -2.43581 0.00668886
1078000 0.778548 -2.4282 0.0127569
1079000 0.741999 -2.43007 0.00709987
1080000 0.757893 -2.38428 0.000285727
1081000 0.755025 -2.57698 0.00937924
1082000 0.747673 -2.31957 0.012714
1083000 0.78082 -2.33632 0.0113064
1084000 0.763364 -2.43961 0.0063785
1085000 0.734376 -2.23008 0.00866782
1086000 0.781975 -2.06709 0.0136464
1087000 0.743614 -2.21925 0.00749341
1088000 0.738141 -2.38336 0.0102161
1089000 0.747576 -2.42654 0.0144584
1090000 0.765146 -2.43237 0.0128368
1091000 0.762478 -2.32316 0.017789
1092000 0.745804 -2.37569 0.00933321
1093000 0.748082 -2.24695 0.0162146
1094000 0.770901 -2.23671 0.0118766
1095000 0.751404 -2.54864 0.0104003
1096000 0.744554 -2.6389 0.00913399
1097000 0.763572 -2.52167 0.0108551
1098000 0.740612 -2.66541 0.00549614
1099000 0.781468 -2.63908 0.00384352
1100000 0.742989 -2.69896 0.00770761
