# Time-averaged data for fix 2
# TimeStep v_Temperature v_PotentialEnergy v_Pressure
1000 0.898726 -0.012207 0.000885076
2000 0.835287 -0.02024 0.000817281
3000 0.848207 -0.0137925 0.000827631
4000 0.87769 -0.0131999 0.00085819
5000 0.838134 -0.00325952 0.000829371
6000 0.835604 -0.0045558 0.000822092
7000 0.859278 -0.00419951 0.00084695
8000 0.839338 -0.00699361 0.000829219
9000 0.874682 -0.0049741 0.000863737
10000 0.838741 -0.00731183 0.000827754
11000 0.853352 -0.00757631 0.000841322
12000 0.860159 -0.0104915 0.000845029
13000 0.864416 -0.00989831 0.000850544
14000 0.845211 -0.00901434 0.000837509
15000 0.846037 -0.00983293 0.000832015
16000 0.858949 -0.0122701 0.000846749
17000 0.83815 -0.0133188 0.000823645
18000 0.861468 -0.0141016 0.000842053
19000 0.851229 -0.0122101 0.000835102
20000 0.838406 -0.0167728 0.000822085
21000 0.843557 -0.0196149 0.000827491
22000 0.85746 -0.0102175 0.000844811
23000 0.857379 -0.0187112 0.000839986
24000 0.851024 -0.0155876 0.00083791
25000 0.861096 -0.0154202 0.000845565
26000 0.842701 -0.0174782 0.000821543
27000 0.866584 -0.0180575 0.000849906
28000 0.860456 -0.0133287 0.000847476
29000 0.871481 -0.0169659 0.000853711
30000 0.860043 -0.0168989 0.000843573
31000 0.866991 -0.0166305 0.000848765
32000 0.826709 -0.0150971 0.00081291
33000 0.842372 -0.0164624 0.00082765
34000 0.834714 -0.018643 0.000813159
35000 0.85938 -0.00755836 0.000846174
36000 0.850837 -0.0097748 0.000836793
37000 0.826643 -0.0084842 0.000810791
38000 0.879137 -0.00651605 0.000866441
39000 0.841798 -0.00361547 0.000830139
40000 0.847736 -0.00618165 0.000835279
41000 0.863216 -0.00793392 0.000850078
42000 0.82905 -0.003574 0.000818092
43000 0.864395 -0.00344748 0.000855578
44000 0.836251 -0.00733521 0.000818335
45000 0.850759 -0.00626922 0.000838063
46000 0.828498 -0.00476827 0.000818976
47000 0.820316 -0.00481544 0.00081073
48000 0.832414 -0.00511798 0.000819621
49000 0.848572 -0.00320853 0.000838873
50000 0.841108 -0.00223723 0.000831308
51000 0.845971 -0.00397326 0.000832937
52000 0.850252 -0.00463999 0.000839744
53000 0.865449 -0.0137355 0.000849909
54000 0.855963 -0.00394146 0.000843634
55000 0.856338 -0.00179514 0.000844312
56000 0.843817 -0.00274987 0.000831948
57000 0.835374 -0.0086177 0.000827088
58000 0.865742 -0.00471175 0.000855991
59000 0.849398 -0.00660426 0.000840232
60000 0.845039 -0.00480443 0.000831375
61000 0.811282 -0.00559568 0.000799413
62000 0.860285 -0.0121536 0.000841927
63000 0.860469 -0.0189257 0.000842392
64000 0.842112 -0.0194702 0.000820724
65000 0.849497 -0.0156482 0.000828391
66000 0.816328 -0.0158177 0.000798634
67000 0.855287 -0.0160812 0.000831982
68000 0.850971 -0.026023 0.000823113
69000 0.859663 -0.0243834 0.000837549
70000 0.875833 -0.0239313 0.00085257
71000 0.826418 -0.0256874 0.000800858
72000 0.880169 -0.0241865 0.000855218
73000 0.856812 -0.0246429 0.000837101
74000 0.848012 -0.0248657 0.000824024
75000 0.873933 -0.0264302 0.000849297
76000 0.841561 -0.0194253 0.000818979
77000 0.856622 -0.0223493 0.000835345
78000 0.853508 -0.0167506 0.000835183
79000 0.851567 -0.0174113 0.000827748
80000 0.862723 -0.0140334 0.000841314
81000 0.891954 -0.0141604 0.000874618
82000 0.84994 -0.018303 0.000837374
83000 0.824818 -0.0128173 0.000809998
84000 0.855211 -0.0170833 0.000839307
85000 0.867984 -0.0153465 0.000852484
86000 0.847512 -0.015109 0.000830244
87000 0.841736 -0.0226545 0.000817197
88000 0.844563 -0.0116322 0.00083238
89000 0.852525 -0.0110545 0.000841756
90000 0.855214 -0.0148651 0.000838134
91000 0.821569 -0.0154269 0.000803083
92000 0.820342 -0.0151772 0.000806719
93000 0.827128 -0.0147745 0.000809514
94000 0.854575 -0.0127148 0.000836754
95000 0.839225 -0.0174106 0.000813601
96000 0.811 -0.0233191 0.000787622
97000 0.846815 -0.0152384 0.000826376
98000 0.86808 -0.012226 0.000855539
99000 0.855945 -0.0100083 0.000844663
100000 0.823607 -0.00999769 0.000810075
101000 0.873745 -0.0111918 0.000859779
102000 0.869773 -0.0105365 0.000853255
103000 0.824675 -0.0136978 0.000809335
104000 0.859836 -0.0106209 0.000844816
105000 0.863359 -0.0131317 0.000848312
106000 0.845604 -0.0160809 0.000834928
107000 0.840286 -0.0105327 0.000824841
108000 0.858795 -0.0185901 0.000834475
109000 0.864711 -0.0137191 0.000841688
110000 0.864688 -0.00358886 0.000853109
111000 0.844636 -0.00561725 0.00083267
112000 0.859789 -0.00434356 0.000847759
113000 0.848794 -0.00496253 0.000835965
114000 0.858832 -0.00609182 0.000847937
115000 0.865564 -0.00611913 0.000852535
116000 0.824019 -0.00316795 0.000816735
117000 0.843904 -0.00696341 0.00082856
118000 0.87515 -0.00751551 0.000862318
119000 0.835094 -0.0110457 0.000812077
120000 0.852633 -0.0119058 0.00082998
121000 0.853462 -0.00706114 0.00083977
122000 0.85015 -0.00996052 0.000830028
123000 0.884465 -0.0140981 0.000861533
124000 0.864628 -0.0120702 0.000846648
125000 0.850389 -0.0161499 0.000830847
126000 0.83772 -0.0111071 0.000820532
127000 0.846523 -0.00930004 0.000831719
128000 0.857887 -0.0120179 0.000840266
129000 0.850428 -0.00910029 0.000839117
130000 0.826664 -0.0129011 0.000810276
131000 0.855657 -0.00578617 0.000842509
132000 0.847773 -0.010326 0.000833781
133000 0.834158 -0.0136995 0.000814484
134000 0.821057 -0.00783934 0.000809939
135000 0.829025 -0.0095608 0.000813858
136000 0.846829 -0.00931611 0.000833041
137000 0.843689 -0.0104961 0.000826787
138000 0.829011 -0.00612936 0.000816709
139000 0.871596 -0.00494964 0.000855875
140000 0.845444 -0.00426865 0.000837664
141000 0.843041 -0.00436117 0.000830277
142000 0.84009 -0.00600322 0.000827134
143000 0.872396 -0.0111147 0.000857832
144000 0.860699 -0.0059143 0.000849286
145000 0.836372 -0.00924533 0.000819744
146000 0.838333 -0.00543008 0.000823902
147000 0.868333 -0.00757217 0.000852008
148000 0.846252 -0.0127671 0.000827367
149000 0.83093 -0.000942688 0.000820779
150000 0.870185 -0.00587287 0.000855704
151000 0.874634 -0.00604205 0.000865936
152000 0.831882 -0.00280739 0.000822082
153000 0.856625 -0.00849976 0.000836723
154000 0.856539 -0.00190671 0.000845954
155000 0.840681 -0.00549873 0.000827555
156000 0.887502 -0.00456402 0.000873861
157000 0.839466 -0.00430631 0.000827562
158000 0.836959 -0.00524819 0.000828913
159000 0.86759 -0.00514259 0.000854026
160000 0.846744 -0.0144796 0.000825783
161000 0.880492 -0.00447659 0.000874654
162000 0.83386 -0.00880652 0.000820207
163000 0.853603 -0.0104038 0.000838952
164000 0.830686 -0.0139812 0.000813336
165000 0.826259 -0.0123916 0.000814049
166000 0.867521 -0.0136716 0.000855051
167000 0.820153 -0.0131918 0.000809749
168000 0.877954 -0.0164709 0.000863008
169000 0.860839 -0.0143811 0.000851614
170000 0.851951 -0.0129136 0.000840724
171000 0.881563 -0.0200927 0.000857145
172000 0.83936 -0.0148929 0.000826238
173000 0.864726 -0.0181276 0.000842348
174000 0.824368 -0.0142309 0.000812658
175000 0.878819 -0.0142166 0.00086409
176000 0.818024 -0.0118387 0.000807388
177000 0.822078 -0.0155978 0.000810478
178000 0.871193 -0.0160441 0.000858211
179000 0.844486 -0.0119858 0.000830681
180000 0.838816 -0.0144732 0.000823928
181000 0.861431 -0.0144285 0.000851677
182000 0.850974 -0.0154686 0.000837985
183000 0.831294 -0.0183294 0.000813546
184000 0.872549 -0.0207593 0.000853778
185000 0.842382 -0.0173927 0.000825491
186000 0.824576 -0.0158998 0.000811445
187000 0.850913 -0.0145003 0.00083804
188000 0.844955 -0.0124388 0.000834258
189000 0.865254 -0.0105745 0.000854797
190000 0.820199 -0.0122884 0.000810567
191000 0.868596 -0.016535 0.000861402
192000 0.821449 -0.0124714 0.000808139
193000 0.866106 -0.0156241 0.000850707
194000 0.878729 -0.0123609 0.000863537
195000 0.839955 -0.0106724 0.000830111
196000 0.845856 -0.0123816 0.000832745
197000 0.850697 -0.0149705 0.000831963
198000 0.847267 -0.00478023 0.000835372
199000 0.865596 -0.00775346 0.000849208
200000 0.827313 -0.00541026 0.000815988
201000 0.86051 -0.00560972 0.000849412
202000 0.847032 -0.00559667 0.000834313
203000 0.859331 -0.00536069 0.000847849
204000 0.844966 -0.00372152 0.000835684
205000 0.846202 -0.00574119 0.000834031
206000 0.847943 -0.00800375 0.000838652
207000 0.841845 -0.0121444 0.000826864
208000 0.856943 -0.00527046 0.000843677
209000 0.85364 -0.00821768 0.000841258
210000 0.837688 -0.0104274 0.000821683
211000 0.851265 -0.00848065 0.000837366
212000 0.847624 -0.00274029 0.000836014
213000 0.852768 -0.00166296 0.000842645
214000 0.861264 -0.00305524 0.000853343
215000 0.836405 -0.00655693 0.00082239
216000 0.844537 -0.00864143 0.000831203
217000 0.870466 -0.00388839 0.000859622
218000 0.857561 -0.0105481 0.000843525
219000 0.851671 -0.00573449 0.000844161
220000 0.832049 -0.00320165 0.00082633
221000 0.824425 -0.00600298 0.000813181
222000 0.826714 -0.00869513 0.000814541
223000 0.858536 -0.00788261 0.000842371
224000 0.838722 -0.00292041 0.00082664
225000 0.847814 -0.00575777 0.000834127
226000 0.845294 -0.00279239 0.000837617
227000 0.858624 -0.00189254 0.000846357
228000 0.843228 -0.00614379 0.00083077
229000 0.862493 -0.00343967 0.000850792
230000 0.830549 -0.00336752 0.000821985
231000 0.857749 -0.0075811 0.000846192
232000 0.875704 -0.0139981 0.000853294
233000 0.82085 -0.0111781 0.000805074
234000 0.850153 -0.015719 0.000832973
235000 0.865843 -0.0143719 0.000841789
236000 0.822926 -0.0132233 0.000802219
237000 0.869668 -0.0142894 0.00085287
238000 0.811911 -0.0071764 0.00080157
239000 0.86006 -0.00394424 0.000850896
240000 0.8478 -0.00621684 0.000832139
241000 0.834008 -0.00725076 0.000820553
242000 0.837682 -0.00433075 0.000824805
243000 0.822527 -0.00613605 0.000811009
244000 0.852454 -0.00797111 0.000840966
245000 0.880435 -0.00246522 0.000867191
246000 0.836889 -0.00557999 0.000827925
247000 0.838786 -0.00608421 0.000829561
248000 0.863924 -0.00332629 0.000854543
249000 0.835252 -0.0028026 0.000824486
250000 0.849439 -0.00628919 0.000839774
251000 0.875346 -0.0082648 0.000866181
252000 0.819241 -0.0090141 0.000807038
253000 0.869641 -0.00423868 0.000857346
254000 0.808631 -0.00354246 0.000797468
255000 0.86171 -0.00728057 0.000846001
256000 0.863203 -0.00553865 0.00085506
257000 0.858604 -0.00405067 0.000846549
258000 0.831195 -0.00915162 0.000820036
259000 0.838817 -0.00491576 0.000826751
260000 0.841506 -0.00313876 0.000830467
261000 0.82409 -0.00895982 0.000810574
262000 0.836835 -0.00648646 0.000821837
263000 0.844775 -0.00294569 0.000833559
264000 0.829127 -0.0120519 0.000817404
265000 0.851907 -0.00870837 0.000834687
266000 0.853843 -0.0020345 0.000842911
267000 0.849748 -0.00248311 0.000838132
268000 0.851091 -0.00594043 0.000839637
269000 0.844158 -0.00403168 0.000836299
270000 0.847641 -0.00444819 0.000836746
271000 0.856327 -0.00785456 0.000840018
272000 0.842634 -0.00549857 0.000831418
273000 0.840901 -0.00532692 0.000826428
274000 0.842977 -0.0028422 0.000831035
275000 0.860839 -0.00662637 0.000848218
276000 0.858982 -0.00398766 0.000848568
277000 0.836724 -0.00430083 0.000828793
278000 0.852721 -0.00588444 0.000838592
279000 0.832135 -0.00565263 0.000818945
280000 0.832662 -0.00235408 0.000821967
281000 0.841229 -0.0103584 0.000825273
282000 0.83382 -0.0072563 0.000821322
283000 0.862656 -0.00561004 0.000851183
284000 0.86278 -0.0034205 0.000851515
285000 0.837809 -0.0102833 0.000825797
286000 0.857308 -0.010435 0.000843088
287000 0.829702 -0.00698888 0.000818597
288000 0.877777 -0.008156 0.000869583
289000 0.856074 -0.0116551 0.000843852
290000 0.830201 -0.00894306 0.000819351
291000 0.855209 -0.00494629 0.000844707
292000 0.829552 -0.00443127 0.000818637
293000 0.851599 -0.00909714 0.000838566
294000 0.847497 -0.00556629 0.000837166
295000 0.848003 -0.0123722 0.00083564
296000 0.864038 -0.00890142 0.000848887
297000 0.8398 -0.0232132 0.000810914
298000 0.813137 -0.0116591 0.000793941
299000 0.845363 -0.0111803 0.000830567
300000 0.8736 -0.0122272 0.000859061
301000 0.826121 -0.0171241 0.000807147
302000 0.873404 -0.00904664 0.000859475
303000 0.819552 -0.00493186 0.000806511
304000 0.885743 -0.011921 0.000871218
305000 0.817841 -0.0119547 0.000798742
306000 0.851418 -0.0200116 0.000829121
307000 0.852773 -0.0204914 0.000828414
308000 0.827003 -0.014822 0.00080731
309000 0.864451 -0.00391534 0.000855632
310000 0.836481 -0.00540647 0.000826099
311000 0.85578 -0.00844851 0.000845276
312000 0.861355 -0.0130042 0.000843432
313000 0.83568 -0.0144657 0.000810753
314000 0.845599 -0.00426975 0.000830833
315000 0.841113 -0.0103853 0.000828346
316000 0.859169 -0.00551654 0.000847653
317000 0.849325 -0.00438084 0.000834694
318000 0.850933 -0.0135302 0.000830122
319000 0.866929 -0.00652269 0.000851009
320000 0.849033 -0.00559215 0.000836536
321000 0.822981 -0.00951972 0.000809538
322000 0.867221 -0.0039993 0.000856617
323000 0.856971 -0.00687168 0.000845115
324000 0.82516 -0.00215926 0.000814672
325000 0.873458 -0.00904177 0.000856305
326000 0.878994 -0.0170657 0.00086412
327000 0.862636 -0.00883184 0.000850513
328000 0.83996 -0.00840522 0.000824728
329000 0.849159 -0.00640869 0.00083753
330000 0.855544 -0.00616318 0.000842344
331000 0.838712 -0.00263427 0.000831049
332000 0.862915 -0.00344574 0.000849465
333000 0.848035 -0.00282604 0.000836357
334000 0.836024 -0.0085177 0.000821141
335000 0.877416 -0.00502434 0.000864668
336000 0.838203 -0.00790396 0.000826048
337000 0.836106 -0.00572561 0.000820608
338000 0.851665 -0.00537444 0.000842863
339000 0.862568 -0.00582868 0.000850152
340000 0.845467 -0.00640716 0.000834478
341000 0.83817 -0.00455252 0.000827714
342000 0.873111 -0.00211442 0.000864282
343000 0.868664 -0.00571711 0.000853596
344000 0.854879 -0.0074669 0.000844222
345000 0.865178 -0.00413191 0.000854395
346000 0.842986 -0.00530657 0.000830176
347000 0.848219 -0.00729338 0.000836416
348000 0.853762 -0.00428951 0.000845076
349000 0.840263 -0.00374502 0.000826413
350000 0.861494 -0.00460563 0.000848198
351000 0.810586 -0.00593048 0.000800261
352000 0.85057 -0.00443155 0.000840192
353000 0.821711 -0.00745797 0.000807638
354000 0.866874 -0.00372451 0.000854686
355000 0.856004 -0.0072316 0.000838745
356000 0.837663 -0.00655804 0.000824606
357000 0.854041 -0.00600603 0.000841237
358000 0.844881 -0.00680476 0.000832931
359000 0.874166 -0.00519599 0.000862759
360000 0.821434 -0.00625462 0.000810175
361000 0.859129 -0.00482846 0.000845018
362000 0.860046 -0.00994818 0.000843902
363000 0.851524 -0.00821654 0.000835849
364000 0.876603 -0.00514697 0.000862482
365000 0.831642 -0.00643967 0.000820589
366000 0.853518 -0.00446707 0.000841789
367000 0.867831 -0.00756024 0.000853908
368000 0.852603 -0.00378489 0.000847679
369000 0.858317 -0.00979175 0.000843185
370000 0.82638 -0.0119738 0.000811714
371000 0.855394 -0.0159733 0.000836722
372000 0.858443 -0.0135448 0.000846634
373000 0.873993 -0.0114959 0.000865028
374000 0.869076 -0.0199432 0.000850401
375000 0.855149 -0.0127931 0.000842219
376000 0.862478 -0.0168679 0.000844686
377000 0.836654 -0.0203797 0.000814744
378000 0.873911 -0.0162419 0.000855083
379000 0.850288 -0.0210576 0.000828659
380000 0.834272 -0.0121348 0.00082153
381000 0.85817 -0.0116772 0.000845698
382000 0.862592 -0.0095781 0.000853549
383000 0.825578 -0.0101044 0.00081226
384000 0.845395 -0.00877043 0.000834062
385000 0.861995 -0.0136955 0.000844397
386000 0.845496 -0.0105026 0.000832671
387000 0.859024 -0.0111217 0.000847128
388000 0.837592 -0.0151901 0.000819972
389000 0.85311 -0.0213112 0.000833682
390000 0.867928 -0.0176246 0.000848305
391000 0.826539 -0.0115081 0.000810177
392000 0.851379 -0.0141498 0.000839589
393000 0.867756 -0.014169 0.000850268
394000 0.834046 -0.0146385 0.000820263
395000 0.856126 -0.00935469 0.000844166
396000 0.867015 -0.0148373 0.000850404
397000 0.848988 -0.0100693 0.000835876
398000 0.883219 -0.0183462 0.000860066
399000 0.836287 -0.0172162 0.000812213
400000 0.855741 -0.0138665 0.000833703
401000 0.849629 -0.00767152 0.000841015
402000 0.819573 -0.00283858 0.00080759
403000 0.861199 -0.00608132 0.000847095
404000 0.844752 -0.00356917 0.000835678
405000 0.878944 -0.00331151 0.000866739
406000 0.859174 -0.00874302 0.000845585
407000 0.848078 -0.00332423 0.000839318
408000 0.830303 -0.00646658 0.000815936
409000 0.845497 -0.00652561 0.000834281
410000 0.849802 -0.0133244 0.000838591
411000 0.85041 -0.0116103 0.000839269
412000 0.835734 -0.0122903 0.00082142
413000 0.846392 -0.0195091 0.000830859
414000 0.861881 -0.0147587 0.000845661
415000 0.831304 -0.0217069 0.000811811
416000 0.857698 -0.0220325 0.000836359
417000 0.848783 -0.0140099 0.000832425
418000 0.871773 -0.0138607 0.000854631
419000 0.85646 -0.0116779 0.00084392
420000 0.862612 -0.0189789 0.000845009
421000 0.853721 -0.0170557 0.000835891
422000 0.860652 -0.0143529 0.000847338
423000 0.882632 -0.0122429 0.000871359
424000 0.851912 -0.00988949 0.000837596
425000 0.841743 -0.0190818 0.00081873
426000 0.864614 -0.0135882 0.0008496
427000 0.85561 -0.0213981 0.000834861
428000 0.832907 -0.0142682 0.00081598
429000 0.881434 -0.0154308 0.000865032
430000 0.840418 -0.0157969 0.000825432
431000 0.8414 -0.0123934 0.000830734
432000 0.87481 -0.0167898 0.00085745
433000 0.874311 -0.011269 0.000861789
434000 0.823418 -0.0157894 0.000804566
435000 0.87152 -0.0102936 0.000858392
436000 0.866098 -0.0162238 0.000850701
437000 0.831277 -0.0128044 0.000814698
438000 0.86543 -0.0138943 0.000856583
439000 0.8483 -0.00539245 0.000837113
440000 0.827385 -0.007357 0.000813229
441000 0.838403 -0.00911946 0.00082193
442000 0.848161 -0.0141313 0.000827456
443000 0.856663 -0.011781 0.000844763
444000 0.861737 -0.0053526 0.000850567
445000 0.852424 -0.00522708 0.00083757
446000 0.84563 -0.00832061 0.000835398
447000 0.834385 -0.00707968 0.000821188
448000 0.86366 -0.00645179 0.000853316
449000 0.836141 -0.0085014 0.00081913
450000 0.860041 -0.00828996 0.000846484
451000 0.859482 -0.00601137 0.000848079
452000 0.837724 -0.00363756 0.000824957
453000 0.836986 -0.0021802 0.000826032
454000 0.848987 -0.012383 0.0008301
455000 0.86676 -0.0117263 0.000853142
456000 0.857514 -0.00547652 0.000843161
457000 0.852857 -0.00342048 0.000843577
458000 0.85723 -0.0042804 0.000846144
459000 0.83514 -0.00584763 0.000820744
460000 0.866792 -0.0094031 0.00085698
461000 0.835324 -0.00462745 0.000825771
462000 0.855224 -0.00926342 0.000843346
463000 0.820747 -0.00395689 0.000813301
464000 0.85744 -0.00419881 0.000849437
465000 0.839274 -0.00454342 0.000825232
466000 0.847091 -0.00876476 0.000831627
467000 0.828737 -0.0156796 0.000809637
468000 0.823219 -0.00842008 0.000805894
469000 0.861312 -0.0103636 0.000844619
470000 0.846328 -0.00411358 0.000834227
471000 0.831377 -0.00428927 0.000820926
472000 0.874981 -0.00724584 0.000861613
473000 0.855108 -0.00780341 0.000839168
474000 0.824104 -0.0087049 0.000810481
475000 0.870771 -0.00566305 0.000854142
476000 0.83323 -0.00351322 0.000823818
477000 0.835586 -0.00710206 0.000825303
478000 0.84342 -0.0042566 0.000832181
479000 0.874109 -0.00725914 0.000861957
480000 0.869328 -0.00617956 0.000854184
481000 0.846176 -0.00462957 0.000829764
482000 0.845458 -0.006409 0.000842978
483000 0.838509 -0.0101626 0.000824229
484000 0.842756 -0.00375964 0.000835231
485000 0.847141 -0.00768731 0.000833189
486000 0.857597 -0.00773727 0.000841088
487000 0.828203 -0.0044576 0.00081678
488000 0.870873 -0.00636026 0.000863797
489000 0.860687 -0.0134299 0.000836944
490000 0.8295 -0.0173812 0.000807339
491000 0.879455 -0.00484509 0.000867527
492000 0.810057 -0.00584991 0.000796699
493000 0.847367 -0.00644369 0.000832881
494000 0.83726 -0.00476095 0.000824913
495000 0.886814 -0.00417022 0.000873152
496000 0.871398 -0.00731118 0.000858556
497000 0.827672 -0.00633759 0.000815615
498000 0.856755 -0.0060115 0.000844055
499000 0.845482 -0.00998151 0.000830881
500000 0.86008 -0.00475231 0.000848633
501000 0.866771 -0.00443746 0.000855347
502000 0.821051 -0.00819034 0.000808993
503000 0.881167 -0.00571102 0.000868782
504000 0.871122 -0.00570723 0.000856929
505000 0.825097 -0.0215837 0.000801502
506000 0.850846 -0.0189378 0.000826326
507000 0.861266 -0.0120442 0.000845801
508000 0.86727 -0.00817467 0.000854458
509000 0.871275 -0.0103988 0.000854537
510000 0.853572 -0.00438265 0.0008425
511000 0.833451 -0.00361402 0.000821188
512000 0.856169 -0.00687994 0.000840353
513000 0.835985 -0.0038417 0.000825272
514000 0.849498 -0.00547012 0.00083905
515000 0.846568 -0.00963733 0.000828039
516000 0.846834 -0.00705973 0.000833198
517000 0.858457 -0.00621772 0.000847905
518000 0.843249 -0.00485008 0.000830456
519000 0.841064 -0.0138076 0.000825984
520000 0.835492 -0.00832547 0.00081986
521000 0.841394 -0.00238218 0.000829929
522000 0.854253 -0.0125101 0.000843013
523000 0.845827 -0.00313491 0.000835277
524000 0.839822 -0.00786036 0.000824101
525000 0.86236 -0.00751544 0.000847574
526000 0.840557 -0.00746189 0.000824784
527000 0.847152 -0.00716049 0.0008394
528000 0.842709 -0.0140557 0.00081733
529000 0.840092 -0.00738759 0.000828643
530000 0.842333 -0.00678546 0.000829212
531000 0.866415 -0.0035179 0.000858838
532000 0.839122 -0.00230342 0.000829792
533000 0.836682 -0.00729296 0.000819846
534000 0.83329 -0.00309494 0.00082355
535000 0.839895 -0.00633274 0.000827114
536000 0.842014 -0.00547589 0.000830421
537000 0.825313 -0.012025 0.000807134
538000 0.85476 -0.0122544 0.000833509
539000 0.856699 -0.0119881 0.000839585
540000 0.859509 -0.00903979 0.000844257
541000 0.849594 -0.00539054 0.00083656
542000 0.825108 -0.00921854 0.000811155
543000 0.831726 -0.0079706 0.000820461
544000 0.834619 -0.00672502 0.000825528
545000 0.850887 -0.00602959 0.000836146
546000 0.83251 -0.00584656 0.000821682
547000 0.83126 -0.00622901 0.000817188
548000 0.855148 -0.0160649 0.000833456
549000 0.844128 -0.00601231 0.000834043
550000 0.848422 -0.00512929 0.000836568
551000 0.827674 -0.00299024 0.000814727
552000 0.852485 -0.00534777 0.000844249
553000 0.828835 -0.00528732 0.00082223
554000 0.827221 -0.00587694 0.000813763
555000 0.829887 -0.00509202 0.000815894
556000 0.851041 -0.00796527 0.000836626
557000 0.854877 -0.00299109 0.000844134
558000 0.858428 -0.00657889 0.000846345
559000 0.85622 -0.00729832 0.000842776
560000 0.857201 -0.00471741 0.000845437
561000 0.835191 -0.00190802 0.000825543
562000 0.877968 -0.0121212 0.000859831
563000 0.834793 -0.00459234 0.000823146
564000 0.831261 -0.009212 0.000818485
565000 0.868169 -0.00595207 0.000855876
566000 0.861046 -0.000915658 0.000850622
567000 0.842985 -0.00521944 0.000834099
568000 0.839449 -0.00708577 0.000824113
569000 0.870137 -0.00252375 0.000858673
570000 0.833825 -0.00522669 0.000821592
571000 0.83508 -0.00318177 0.000825537
572000 0.872767 -0.00947276 0.000861336
573000 0.867948 -0.00838204 0.000853866
574000 0.823901 -0.0104304 0.000810065
575000 0.88457 -0.00746337 0.00087272
576000 0.856178 -0.00280525 0.000846011
577000 0.855555 -0.00378386 0.000847069
578000 0.85994 -0.00758264 0.000848498
579000 0.85545 -0.00730559 0.000842388
580000 0.856213 -0.0128941 0.00083337
581000 0.8864 -0.00438645 0.000875047
582000 0.849001 -0.00762848 0.000834933
583000 0.827006 -0.00251161 0.000815976
584000 0.859214 -0.0133838 0.000844784
585000 0.87074 -0.00632189 0.000859749
586000 0.832892 -0.0121824 0.000813993
587000 0.865496 -0.0126678 0.000847853
588000 0.842567 -0.0205429 0.000815667
589000 0.856678 -0.0157185 0.000835271
590000 0.823544 -0.0218554 0.000799638
591000 0.852746 -0.0166331 0.000830521
592000 0.842561 -0.01615 0.000822528
593000 0.854444 -0.0128841 0.000832675
594000 0.857392 -0.0145934 0.000834661
595000 0.863278 -0.0137985 0.000842392
596000 0.852737 -0.0162475 0.000832858
597000 0.861832 -0.0130639 0.000841129
598000 0.842411 -0.0167063 0.000829016
599000 0.860994 -0.0166976 0.000850143
600000 0.842308 -0.0153701 0.000831699
601000 0.870227 -0.0184075 0.000853662
602000 0.841168 -0.0167536 0.000829253
603000 0.829587 -0.0125156 0.000816376
604000 0.867468 -0.0119153 0.000854718
605000 0.839616 -0.0238233 0.000819712
606000 0.847565 -0.0161289 0.000829737
607000 0.838276 -0.0137931 0.000825452
608000 0.86181 -0.018184 0.000846852
609000 0.854587 -0.018664 0.000835495
610000 0.821587 -0.0199822 0.000802062
611000 0.859954 -0.0148656 0.000846767
612000 0.872842 -0.0131943 0.000857589
613000 0.815794 -0.0198285 0.000802117
614000 0.86949 -0.0207976 0.000850296
615000 0.864603 -0.021676 0.000849032
616000 0.832505 -0.0266676 0.000811388
617000 0.853207 -0.0316676 0.000826412
618000 0.850033 -0.027792 0.000826292
619000 0.842529 -0.0247333 0.000822866
620000 0.863821 -0.0290675 0.000840164
621000 0.857287 -0.0304147 0.000833351
622000 0.828306 -0.0241156 0.000805497
623000 0.849865 -0.0211293 0.000834029
624000 0.835236 -0.0171836 0.000819497
625000 0.832067 -0.0212773 0.000814528
626000 0.873637 -0.0199853 0.000856353
627000 0.845017 -0.0180694 0.000829294
628000 0.824441 -0.0261859 0.000802659
629000 0.826549 -0.0269917 0.00080412
630000 0.849905 -0.0194936 0.000834259
631000 0.830607 -0.0202264 0.000811612
632000 0.829696 -0.0206383 0.000811424
633000 0.850913 -0.0206392 0.000832371
634000 0.886325 -0.0247727 0.000865318
635000 0.825841 -0.0216211 0.000804909
636000 0.855193 -0.0181446 0.000840317
637000 0.869602 -0.020611 0.00085744
638000 0.850695 -0.0186647 0.000833108
639000 0.843897 -0.0181241 0.000829129
640000 0.853651 -0.0219418 0.000829465
641000 0.884803 -0.0140183 0.000868329
642000 0.865976 -0.0115373 0.000855012
643000 0.84058 -0.0151942 0.0008241
644000 0.871096 -0.0192729 0.000853608
645000 0.874664 -0.0151376 0.000858025
646000 0.828312 -0.0232658 0.000807391
647000 0.845926 -0.020382 0.000828034
648000 0.87707 -0.0280936 0.000847565
649000 0.819319 -0.0335565 0.000800532
650000 0.854615 -0.0220228 0.000837083
651000 0.884093 -0.0198843 0.000865473
652000 0.862951 -0.0218361 0.000843169
653000 0.828999 -0.0164947 0.000816605
654000 0.850918 -0.0189718 0.000831102
655000 0.834075 -0.0145931 0.00081938
656000 0.853389 -0.0176883 0.000840981
657000 0.848455 -0.0133269 0.000835983
658000 0.832416 -0.0151205 0.000818509
659000 0.868869 -0.0233789 0.000848979
660000 0.872321 -0.0161577 0.000848152
661000 0.835996 -0.00511609 0.000821892
662000 0.829 -0.00618377 0.000820726
663000 0.854704 -0.00281434 0.000843091
664000 0.845898 -0.00753184 0.000835748
665000 0.823453 -0.0026117 0.000814116
666000 0.853316 -0.00939655 0.000837702
667000 0.851499 -0.00198232 0.00084325
668000 0.837091 -0.00811361 0.00082511
669000 0.820352 -0.00381075 0.000809614
670000 0.87103 -0.00667971 0.000861087
671000 0.870516 -0.00259863 0.000858591
672000 0.815788 -0.00803993 0.00080076
673000 0.860536 -0.00216266 0.000849908
674000 0.857283 -0.00548603 0.000848077
675000 0.824905 -0.0026091 0.000815533
676000 0.866306 -0.004537 0.000851446
677000 0.8352 -0.0094658 0.000820256
678000 0.87694 -0.00614677 0.000865835
679000 0.828099 -0.00465638 0.000818277
680000 0.855013 -0.0029327 0.000844838
681000 0.861088 -0.00594373 0.000848794
682000 0.837641 -0.00581434 0.000822862
683000 0.857925 -0.0108136 0.000842291
684000 0.85535 -0.00783799 0.000840097
685000 0.854011 -0.00906033 0.000843605
686000 0.823078 -0.00650633 0.000810739
687000 0.855345 -0.00726192 0.000840829
688000 0.830986 -0.0125078 0.000809236
689000 0.82702 -0.00463613 0.000811834
690000 0.864182 -0.00841769 0.000854598
691000 0.843132 -0.00985483 0.000825339
692000 0.844587 -0.00609109 0.000830734
693000 0.874652 -0.00384265 0.000862429
694000 0.83654 -0.00450936 0.000826234
695000 0.853389 -0.00757471 0.000835705
696000 0.868442 -0.00347823 0.000857879
697000 0.829156 -0.00668689 0.000819714
698000 0.821198 -0.00854779 0.000809667
699000 0.827781 -0.0057622 0.00081296
700000 0.85978 -0.00528959 0.00084568
701000 0.855029 -0.00928709 0.000844831
702000 0.826377 -0.00567701 0.000813912
703000 0.868106 -0.00466402 0.000857114
704000 0.861937 -0.00531026 0.000849414
705000 0.839085 -0.00465603 0.000825709
706000 0.833615 -0.0100375 0.00081686
707000 0.83439 -0.00845689 0.000819423
708000 0.829151 -0.00590126 0.000814833
709000 0.838631 -0.00976152 0.000819961
710000 0.829118 -0.00432864 0.000822236
711000 0.814858 -0.00872734 0.000799803
712000 0.882738 -0.0145284 0.00086563
713000 0.846433 -0.0102136 0.000829136
714000 0.816312 -0.0112746 0.000798684
715000 0.827342 -0.00795715 0.000811588
716000 0.85969 -0.0109208 0.0008435
717000 0.833103 -0.0118568 0.000818128
718000 0.852883 -0.0133364 0.000840598
719000 0.838834 -0.019651 0.000813622
720000 0.887726 -0.0109727 0.00086873
721000 0.842262 -0.0072311 0.000826053
722000 0.845639 -0.0108992 0.000830241
723000 0.860594 -0.012146 0.000843554
724000 0.833209 -0.0109978 0.000816805
725000 0.828309 -0.00911623 0.000815074
726000 0.854998 -0.00164849 0.000843217
727000 0.826495 -0.00839261 0.000805737
728000 0.848946 -0.00556677 0.000836985
729000 0.871002 -0.00893863 0.000852348
730000 0.868079 -0.0106363 0.000850935
731000 0.815166 -0.00684439 0.000796227
732000 0.878089 -0.00515921 0.000866774
733000 0.823884 -0.00923407 0.000809491
734000 0.848276 -0.007595 0.000835339
735000 0.867656 -0.00667226 0.000854796
736000 0.836661 -0.00743003 0.000825246
737000 0.842459 -0.00562131 0.000831156
738000 0.848771 -0.00466284 0.000838649
739000 0.833256 -0.00536117 0.000822683
740000 0.837902 -0.00526292 0.000825102
741000 0.858349 -0.00479228 0.000846089
742000 0.866755 -0.0071785 0.000859234
743000 0.827787 -0.0108646 0.00081231
744000 0.835601 -0.00309911 0.000824678
745000 0.872737 -0.00732698 0.000858594
746000 0.845343 -0.0055024 0.000830916
747000 0.820982 -0.00329129 0.000809988
748000 0.860051 -0.00542725 0.000845659
749000 0.863946 -0.00854435 0.000859344
750000 0.845748 -0.0054119 0.000831924
751000 0.822739 -0.00798451 0.000807847
752000 0.843271 -0.00457854 0.000834847
753000 0.885106 -0.00646184 0.000873617
754000 0.844674 -0.00459371 0.000833372
755000 0.83495 -0.00545935 0.000820761
756000 0.837029 -0.00434083 0.000830874
757000 0.845182 -0.00673068 0.000828624
758000 0.86421 -0.0114016 0.000848378
759000 0.859363 -0.0103887 0.0008457
760000 0.875634 -0.00665185 0.000863035
761000 0.833542 -0.00610981 0.000820315
762000 0.850665 -0.00602876 0.000839416
763000 0.856894 -0.00816584 0.000845403
764000 0.850462 -0.00556817 0.000841048
765000 0.835712 -0.0139585 0.000816977
766000 0.857706 -0.0131705 0.000840364
767000 0.82509 -0.0117634 0.000814432
768000 0.864659 -0.010436 0.000849056
769000 0.859542 -0.00740609 0.000845961
770000 0.873316 -0.00520161 0.000861177
771000 0.825893 -0.0109661 0.00081194
772000 0.871257 -0.0130039 0.000856001
773000 0.831773 -0.00785478 0.000817929
774000 0.841021 -0.00368793 0.000829641
775000 0.86224 -0.00475987 0.000852806
776000 0.822951 -0.00315922 0.000814203
777000 0.844633 -0.00366083 0.0008345
778000 0.86453 -0.00662691 0.000854563
779000 0.853413 -0.00971935 0.000835193
780000 0.861001 -0.00450385 0.000858338
781000 0.851906 -0.00483586 0.000843267
782000 0.85096 -0.00648327 0.000840082
783000 0.82438 -0.00791836 0.000808918
784000 0.842124 -0.00634995 0.000826801
785000 0.878193 -0.00536735 0.00086728
786000 0.879783 -0.00401471 0.000865292
787000 0.836922 -0.00258775 0.00082518
788000 0.842633 -0.0113428 0.000825892
789000 0.868095 -0.0123585 0.000848775
790000 0.869205 -0.0144676 0.000847305
791000 0.861741 -0.00714187 0.000847622
792000 0.821543 -0.00817291 0.000808637
793000 0.851674 -0.00836363 0.00083869
794000 0.83534 -0.00874255 0.000825424
795000 0.859093 -0.00322002 0.000848243
796000 0.86476 -0.00386724 0.000855259
797000 0.859625 -0.00121377 0.000848619
798000 0.855244 -0.00318892 0.000846181
799000 0.833859 -0.00672427 0.00082026
800000 0.871664 -0.0120019 0.000853383
801000 0.845686 -0.0111128 0.000832209
802000 0.842589 -0.00664178 0.000827473
803000 0.84606 -0.00528485 0.000832934
804000 0.859119 -0.00362067 0.000847763
805000 0.860709 -0.00401268 0.000851503
806000 0.865935 -0.00455116 0.000856194
807000 0.865759 -0.00414049 0.00085474
808000 0.863814 -0.00476649 0.000855351
809000 0.846506 -0.00402469 0.000837101
810000 0.830993 -0.00583638 0.000820427
811000 0.872282 -0.00512966 0.00085763
812000 0.849283 -0.0063121 0.000833598
813000 0.835643 -0.0120664 0.000817054
814000 0.844733 -0.00299955 0.000834547
815000 0.846102 -0.00516477 0.000835575
816000 0.818584 -0.00758297 0.000802568
817000 0.835955 -0.00714044 0.000821211
818000 0.87735 -0.00611001 0.000864787
819000 0.851308 -0.00459106 0.000840533
820000 0.82546 -0.00470027 0.000815975
821000 0.878051 -0.00779856 0.000864236
822000 0.869277 -0.004554 0.000860566
823000 0.820887 -0.00481139 0.000809911
824000 0.858541 -0.00481993 0.000845119
825000 0.877226 -0.00567618 0.000867799
826000 0.814489 -0.00866685 0.000801916
827000 0.869822 -0.00270907 0.000858203
828000 0.817052 -0.00377194 0.000813775
829000 0.880764 -0.00571636 0.00086597
830000 0.860633 -0.00610373 0.000848225
831000 0.847824 -0.0103621 0.000832014
832000 0.833567 -0.00765542 0.000821783
833000 0.843336 -0.00163475 0.000833609
834000 0.838916 -0.00448389 0.00082555
835000 0.850665 -0.00299999 0.000838488
836000 0.841292 -0.00397318 0.000831031
837000 0.852796 -0.00948266 0.000834809
838000 0.844847 -0.00809464 0.000835107
839000 0.839088 -0.00705697 0.000831753
840000 0.865287 -0.0057522 0.000852148
841000 0.840233 -0.015517 0.000824642
842000 0.850303 -0.0133479 0.00083793
843000 0.858847 -0.0137344 0.000846251
844000 0.842202 -0.0220119 0.000823411
845000 0.854009 -0.0165083 0.000836407
846000 0.846017 -0.0195787 0.000830225
847000 0.836034 -0.0184528 0.00082136
848000 0.821245 -0.012109 0.000810402
849000 0.833974 -0.0240735 0.00081053
850000 0.851871 -0.0172516 0.000837463
851000 0.830744 -0.0143259 0.000817141
852000 0.849175 -0.0105563 0.000837265
853000 0.828601 -0.0108005 0.000818264
854000 0.853582 -0.0129143 0.00084075
855000 0.837338 -0.0113185 0.000825862
856000 0.854437 -0.0147292 0.000839953
857000 0.828376 -0.0143433 0.000818146
858000 0.860279 -0.0164016 0.000846496
859000 0.864103 -0.0132655 0.000855444
860000 0.849009 -0.0129626 0.000839945
861000 0.836539 -0.00940437 0.000825873
862000 0.866111 -0.0136554 0.000853159
863000 0.839102 -0.0137576 0.000826859
864000 0.843746 -0.0138321 0.000831107
865000 0.87616 -0.0221124 0.000857217
866000 0.82556 -0.0155243 0.000811956
867000 0.859853 -0.0122142 0.000849683
868000 0.869354 -0.0126333 0.000856657
869000 0.826065 -0.0165454 0.000808421
870000 0.843753 -0.0217334 0.000824835
871000 0.825493 -0.0115611 0.000813789
872000 0.842893 -0.010096 0.000831313
873000 0.881942 -0.013496 0.000871012
874000 0.874336 -0.0120188 0.000863294
875000 0.832189 -0.0140348 0.000821336
876000 0.843172 -0.0169053 0.000829025
877000 0.857754 -0.0135841 0.000843846
878000 0.859052 -0.0150175 0.000839197
879000 0.864654 -0.00343255 0.000852622
880000 0.844571 -0.00305705 0.000834071
881000 0.868003 -0.00166922 0.000857645
882000 0.876888 -0.0026684 0.000865703
883000 0.84038 -0.00502681 0.000828096
884000 0.833746 -0.00709994 0.000819601
885000 0.874989 -0.00671092 0.000859467
886000 0.83581 -0.00643468 0.000823619
887000 0.829832 -0.0039184 0.000820162
888000 0.871284 -0.0054479 0.000857463
889000 0.868288 -0.00927401 0.000853696
890000 0.855094 -0.00593136 0.000841907
891000 0.823984 -0.0106575 0.00080973
892000 0.860296 -0.00765579 0.000852801
893000 0.857599 -0.00629737 0.000843705
894000 0.844657 -0.0141933 0.000826092
895000 0.882588 -0.00585855 0.000869555
896000 0.839264 -0.0111734 0.000822776
897000 0.839452 -0.0115877 0.000825688
898000 0.827597 -0.0128565 0.000814091
899000 0.876244 -0.0143103 0.000861804
900000 0.850459 -0.0128101 0.000832978
901000 0.829171 -0.0118293 0.000813114
902000 0.844838 -0.0160866 0.000826726
903000 0.844117 -0.0184351 0.000825745
904000 0.847393 -0.0205977 0.000828829
905000 0.82438 -0.0151883 0.000808499
906000 0.856147 -0.0135237 0.000845949
907000 0.828573 -0.0131762 0.000816139
908000 0.820971 -0.0164152 0.000809724
909000 0.836349 -0.0109795 0.00082189
910000 0.84062 -0.0147092 0.000822443
911000 0.871291 -0.017328 0.00085662
912000 0.833709 -0.00985398 0.000821423
913000 0.846377 -0.0115342 0.000832328
914000 0.859682 -0.0193381 0.000835773
915000 0.853271 -0.0143548 0.000836264
916000 0.857841 -0.0129206 0.000838119
917000 0.849647 -0.0103278 0.000838277
918000 0.855359 -0.00990714 0.000845063
919000 0.84024 -0.00839781 0.000826414
920000 0.848928 -0.00827435 0.000839897
921000 0.831114 -0.00764322 0.000817648
922000 0.871736 -0.0109036 0.000857918
923000 0.872318 -0.00594735 0.000861321
924000 0.821831 -0.00230109 0.000811578
925000 0.868104 -0.00718112 0.000858795
926000 0.852866 -0.00546806 0.000842113
927000 0.851508 -0.0094987 0.000837561
928000 0.853674 -0.00687514 0.000843584
929000 0.856196 -0.00498798 0.000842863
930000 0.840039 -0.00702109 0.000826167
931000 0.842984 -0.00646156 0.000830827
932000 0.869441 -0.00459297 0.000857965
933000 0.875643 -0.00722181 0.000857448
934000 0.84187 -0.0100191 0.000823535
935000 0.834044 -0.00529662 0.000828896
936000 0.847477 -0.0050899 0.000837397
937000 0.865481 -0.00803649 0.000849389
938000 0.848468 -0.0149482 0.000835158
939000 0.830473 -0.0104769 0.00081631
940000 0.880264 -0.0129365 0.00086423
941000 0.839618 -0.0125933 0.000823423
942000 0.836293 -0.00977963 0.000822993
943000 0.840637 -0.0114975 0.00082615
944000 0.845605 -0.00734972 0.000835161
945000 0.859756 -0.00695979 0.000853437
946000 0.839045 -0.0127903 0.000825833
947000 0.836373 -0.00591906 0.000821764
948000 0.874423 -0.00759493 0.00086113
949000 0.863756 -0.0162124 0.000840394
950000 0.862019 -0.0138841 0.000840921
951000 0.862996 -0.0111794 0.000844638
952000 0.857868 -0.0178819 0.000833858
953000 0.845 -0.0222923 0.000818525
954000 0.846764 -0.0172443 0.000823696
955000 0.827327 -0.0190234 0.000804551
956000 0.85105 -0.0197357 0.000828991
957000 0.82607 -0.0210727 0.000800223
958000 0.817841 -0.0188012 0.000794489
959000 0.825468 -0.0113749 0.000809162
960000 0.84524 -0.0131606 0.000825905
961000 0.839859 -0.0106646 0.000822427
962000 0.87467 -0.0126229 0.000857293
963000 0.836615 -0.0141023 0.000815425
964000 0.812235 -0.012447 0.000789741
965000 0.83985 -0.00774095 0.000828218
966000 0.877558 -0.00221593 0.000870418
967000 0.839156 -0.00425613 0.000827571
968000 0.836965 -0.00364101 0.000825675
969000 0.853589 -0.00443763 0.000839989
970000 0.83935 -0.0067725 0.000825312
971000 0.875417 -0.00661286 0.000869287
972000 0.831937 -0.0064842 0.000820376
973000 0.855147 -0.00919184 0.000840465
974000 0.847634 -0.00433332 0.000839225
975000 0.86838 -0.00466824 0.000853779
976000 0.835867 -0.00506897 0.000822583
977000 0.858366 -0.00675459 0.000847411
978000 0.864314 -0.00641048 0.000850675
979000 0.854801 -0.00602634 0.000842311
980000 0.834087 -0.00715718 0.000824339
981000 0.855413 -0.00598043 0.000845803
982000 0.877371 -0.00664739 0.000865499
983000 0.849167 -0.00677664 0.000837513
984000 0.855386 -0.00946806 0.000840318
985000 0.834516 -0.0104923 0.000817429
986000 0.842477 -0.00991692 0.000828666
987000 0.836002 -0.0122274 0.000823156
988000 0.837994 -0.00797133 0.000824881
989000 0.863496 -0.0102878 0.000848308
990000 0.839931 -0.00453869 0.000829347
991000 0.849204 -0.00786358 0.000835143
992000 0.856489 -0.00859061 0.000845058
993000 0.85327 -0.0157381 0.000832524
994000 0.859374 -0.00605626 0.000843795
995000 0.84853 -0.00615275 0.000832231
996000 0.85699 -0.00930408 0.000838615
997000 0.840962 -0.0056878 0.000831656
998000 0.853959 -0.00351982 0.000844853
999000 0.838456 -0.00275715 0.000828027
1000000 0.83723 -0.00973024 0.000826991
1001000 0.866912 -0.00872782 0.000851224
1002000 0.837006 -0.00948708 0.000816162
1003000 0.845796 -0.00563941 0.000834602
1004000 0.859799 -0.00969481 0.000846686
1005000 0.856361 -0.00863677 0.000843345
1006000 0.855993 -0.00986399 0.000839508
1007000 0.847914 -0.00423684 0.00083699
1008000 0.82756 -0.00202147 0.000819657
1009000 0.842998 -0.00367837 0.00083102
1010000 0.829406 -0.0130608 0.000812811
1011000 0.872245 -0.00724902 0.000855511
1012000 0.835442 -0.00350638 0.000826321
1013000 0.856932 -0.00619781 0.000842506
1014000 0.833588 -0.0100924 0.000824038
1015000 0.852856 -0.00783787 0.000838233
1016000 0.82651 -0.00881199 0.000814949
1017000 0.874901 -0.0115919 0.000858579
1018000 0.875368 -0.00803595 0.000860167
1019000 0.83703 -0.00386803 0.000827033
1020000 0.841623 -0.00415267 0.000831472
1021000 0.871789 -0.00472937 0.000856754
1022000 0.866029 -0.00595067 0.000852332
1023000 0.838313 -0.00497329 0.000828618
1024000 0.883321 -0.00904541 0.000866317
1025000 0.824603 -0.0176878 0.000801131
1026000 0.879875 -0.0215845 0.000857623
1027000 0.832765 -0.018886 0.000809845
1028000 0.852662 -0.0209388 0.000833115
1029000 0.875608 -0.0175646 0.000853659
1030000 0.863121 -0.0255614 0.000837745
1031000 0.865981 -0.0147709 0.000846747
1032000 0.869544 -0.0136955 0.000859224
1033000 0.842375 -0.0122712 0.00082586
1034000 0.863149 -0.0106719 0.000848955
1035000 0.852544 -0.0136395 0.000836387
1036000 0.861683 -0.013234 0.000841883
1037000 0.831758 -0.0148431 0.000815971
1038000 0.873838 -0.0180678 0.000851677
1039000 0.837608 -0.0191279 0.000814596
1040000 0.838025 -0.0207199 0.00081546
1041000 0.84099 -0.0170692 0.000822228
1042000 0.868055 -0.0186976 0.00085045
1043000 0.844418 -0.0252582 0.000820165
1044000 0.874193 -0.0177759 0.000859229
1045000 0.842479 -0.0135947 0.000830077
1046000 0.862876 -0.0117445 0.000845599
1047000 0.813255 -0.0142207 0.000798867
1048000 0.888638 -0.0142259 0.000875791
1049000 0.835295 -0.0117216 0.000823083
1050000 0.833675 -0.0151656 0.00081821
1051000 0.858081 -0.0166184 0.000843683
1052000 0.849846 -0.0186247 0.000831685
1053000 0.88718 -0.0177475 0.000867962
1054000 0.863194 -0.023276 0.000841104
1055000 0.834323 -0.0161319 0.000818431
1056000 0.853277 -0.0131298 0.000839315
1057000 0.839369 -0.0136511 0.000825663
1058000 0.852336 -0.0180419 0.000834361
1059000 0.844467 -0.0139798 0.000827761
1060000 0.836168 -0.0202308 0.000816911
1061000 0.86753 -0.0235098 0.000840564
1062000 0.839435 -0.0135073 0.00082498
1063000 0.854201 -0.0187665 0.000835531
1064000 0.832423 -0.0121363 0.0008118
1065000 0.850929 -0.00756105 0.000836983
1066000 0.823004 -0.00485646 0.000808402
1067000 0.859287 -0.00834024 0.000847295
1068000 0.835156 -0.00500053 0.000823136
1069000 0.864583 -0.00660968 0.000854021
1070000 0.853524 -0.00428736 0.00084309
1071000 0.847418 -0.00978545 0.000832597
1072000 0.848997 -0.00455124 0.000839374
1073000 0.834938 -0.0047584 0.000823206
1074000 0.820844 -0.00790913 0.000802905
1075000 0.835671 -0.00413898 0.000821584
1076000 0.848001 -0.00453738 0.000836718
1077000 0.863847 -0.00642996 0.000846243
1078000 0.841175 -0.00523135 0.000826512
1079000 0.847385 -0.0101018 0.000835899
1080000 0.838481 -0.00771788 0.000822717
1081000 0.850394 -0.00968901 0.00083327
1082000 0.870574 -0.00501458 0.000863051
1083000 0.84179 -0.00972455 0.000826179
1084000 0.852614 -0.0062637 0.000842611
1085000 0.863804 -0.00840447 0.000853061
1086000 0.844639 -0.0102091 0.000826843
1087000 0.859581 -0.00723297 0.000844651
1088000 0.858937 -0.00596875 0.000845205
1089000 0.837866 -0.00440258 0.000824613
1090000 0.86385 -0.00691831 0.000851355
1091000 0.844872 -0.00300406 0.000832838
1092000 0.869492 -0.00943431 0.000851884
1093000 0.865498 -0.00374484 0.000853372
1094000 0.850347 -0.00346298 0.0008389
1095000 0.853213 -0.00729068 0.000841131
1096000 0.821328 -0.00612076 0.000807374
1097000 0.82623 -0.00900474 0.00081103
1098000 0.874037 -0.00543771 0.000864087
1099000 0.857126 -0.00641461 0.000849263
1100000 0.822746 -0.002175 0.000812805
