# Time-averaged data for fix 2
# TimeStep v_Temperature v_PotentialEnergy v_Pressure
1000 1.77736 -0.724315 0.143868
2000 1.77319 -0.685887 0.145795
3000 1.78028 -0.6561 0.143703
4000 1.82236 -0.711939 0.155161
5000 1.81455 -0.703198 0.15201
6000 1.79039 -0.666862 0.154868
7000 1.77295 -0.675818 0.152502
8000 1.79066 -0.802071 0.150198
9000 1.78918 -0.622075 0.14858
10000 1.84045 -0.638962 0.162994
11000 1.83593 -0.607452 0.156233
12000 1.78382 -0.715811 0.155965
13000 1.78288 -0.687482 0.150543
14000 1.7845 -0.69569 0.148992
15000 1.82129 -0.671591 0.152712
16000 1.82123 -0.698388 0.149331
17000 1.75167 -0.744131 0.138626
18000 1.81062 -0.628967 0.16018
19000 1.82015 -0.723829 0.152287
20000 1.82748 -0.680392 0.158918
21000 1.84646 -0.658863 0.156805
22000 1.79028 -0.639926 0.155333
23000 1.77798 -0.695127 0.15045
24000 1.74131 -0.643467 0.146173
25000 1.8615 -0.661056 0.161969
26000 1.79709 -0.730378 0.14238
27000 1.77896 -0.693848 0.148756
28000 1.78665 -0.65929 0.144873
29000 1.87141 -0.695099 0.160506
30000 1.78822 -0.687483 0.150453
31000 1.73003 -0.684654 0.145605
32000 1.74221 -0.697525 0.144765
33000 1.83185 -0.6707 0.155358
34000 1.80438 -0.673916 0.153362
35000 1.74251 -0.7157 0.140671
36000 1.8447 -0.741455 0.151622
37000 1.82906 -0.634629 0.157949
38000 1.83173 -0.650699 0.158701
39000 1.78865 -0.627839 0.157229
40000 1.82163 -0.711449 0.150474
41000 1.8623 -0.685287 0.154937
42000 1.71726 -0.744723 0.140867
43000 1.75565 -0.66817 0.141629
44000 1.8127 -0.709049 0.154654
45000 1.78871 -0.712462 0.15039
46000 1.81315 -0.686071 0.149288
47000 1.83305 -0.621304 0.160843
48000 1.83946 -0.660579 0.159802
49000 1.7753 -0.656278 0.149392
50000 1.86139 -0.681206 0.154485
51000 1.80149 -0.716239 0.14624
52000 1.79899 -0.692666 0.153274
53000 1.79094 -0.661085 0.151751
54000 1.8309 -0.639978 0.154863
55000 1.78446 -0.686819 0.144165
56000 1.74747 -0.698529 0.145287
57000 1.83991 -0.699593 0.156107
58000 1.85154 -0.681701 0.156813
59000 1.73387 -0.671189 0.148949
60000 1.82485 -0.639828 0.159093
61000 1.76847 -0.658252 0.151555
62000 1.81589 -0.681675 0.156178
63000 1.82673 -0.704106 0.154113
64000 1.85269 -0.674521 0.15982
65000 1.75553 -0.68425 0.139213
66000 1.79215 -0.66144 0.151137
67000 1.73256 -0.646213 0.143511
68000 1.83172 -0.655095 0.158232
69000 1.86102 -0.650243 0.157456
70000 1.73702 -0.700804 0.147185
71000 1.81424 -0.664642 0.154372
72000 1.84687 -0.655872 0.156974
73000 1.74726 -0.672083 0.151704
74000 1.75683 -0.725864 0.146429
75000 1.77872 -0.678738 0.152319
76000 1.79948 -0.723005 0.154122
77000 1.75648 -0.708056 0.145587
78000 1.73576 -0.674627 0.146822
79000 1.7755 -0.708676 0.147003
80000 1.73927 -0.71168 0.144786
81000 1.84749 -0.658013 0.159239
82000 1.74656 -0.657158 0.146983
83000 1.77932 -0.721582 0.143164
84000 1.77709 -0.695024 0.145709
85000 1.78935 -0.671653 0.147823
86000 1.79066 -0.64841 0.151613
87000 1.79219 -0.676695 0.149069
88000 1.80399 -0.721087 0.155505
89000 1.7752 -0.683403 0.145315
90000 1.86306 -0.650116 0.158356
91000 1.82225 -0.658653 0.158507
92000 1.75641 -0.616048 0.145763
93000 1.83698 -0.65738 0.153499
94000 1.76369 -0.706239 0.146673
95000 1.76971 -0.693949 0.146789
96000 1.758 -0.640075 0.154271
97000 1.73778 -0.694714 0.143889
98000 1.85109 -0.685477 0.158336
99000 1.81099 -0.655467 0.158393
100000 1.77937 -0.638728 0.150112
101000 1.77661 -0.672563 0.148452
102000 1.85523 -0.653407 0.159901
103000 1.82352 -0.66859 0.155005
104000 1.77216 -0.717188 0.146451
105000 1.82504 -0.727814 0.150134
106000 1.81274 -0.727032 0.154707
107000 1.77411 -0.645425 0.149636
108000 1.79051 -0.668246 0.153734
109000 1.82508 -0.646862 0.161555
110000 1.80907 -0.672707 0.155916
111000 1.85381 -0.708916 0.157623
112000 1.78875 -0.668427 0.15276
113000 1.84677 -0.673941 0.156412
114000 1.70867 -0.749777 0.14619
115000 1.8281 -0.690187 0.152226
116000 1.818 -0.758536 0.148665
117000 1.76844 -0.684682 0.148286
118000 1.80929 -0.719523 0.151204
119000 1.79339 -0.7262 0.144402
120000 1.74364 -0.609127 0.145253
121000 1.83151 -0.657418 0.157
122000 1.7367 -0.646829 0.145709
123000 1.77616 -0.665094 0.153794
124000 1.81139 -0.644039 0.158089
125000 1.76613 -0.662229 0.152113
126000 1.7594 -0.697942 0.150431
127000 1.80149 -0.685 0.155595
128000 1.78505 -0.662403 0.156009
129000 1.85495 -0.673561 0.163486
130000 1.79043 -0.723215 0.14518
131000 1.81968 -0.710636 0.154446
132000 1.81256 -0.637913 0.156169
133000 1.84124 -0.678873 0.162923
134000 1.81201 -0.687126 0.152127
135000 1.76288 -0.627855 0.154318
136000 1.78291 -0.638999 0.148058
137000 1.76584 -0.692629 0.1465
138000 1.81164 -0.730625 0.150593
139000 1.83634 -0.69184 0.155667
140000 1.79236 -0.704089 0.144697
141000 1.86027 -0.6886 0.160185
142000 1.80254 -0.655358 0.151218
143000 1.77038 -0.76746 0.146363
144000 1.78954 -0.687513 0.153914
145000 1.82979 -0.679531 0.15147
146000 1.81202 -0.705314 0.148933
147000 1.75475 -0.689817 0.148869
148000 1.75741 -0.769897 0.145991
149000 1.82934 -0.686938 0.155382
150000 1.79428 -0.653041 0.151309
151000 1.79798 -0.699854 0.15515
152000 1.84067 -0.725418 0.149162
153000 1.77624 -0.733416 0.150101
154000 1.86478 -0.679856 0.164722
155000 1.83548 -0.666978 0.1605
156000 1.80455 -0.651519 0.1522
157000 1.77361 -0.67546 0.148612
158000 1.77833 -0.711647 0.144134
159000 1.88113 -0.671715 0.168532
160000 1.77659 -0.67463 0.153695
161000 1.76102 -0.676077 0.149025
162000 1.8443 -0.669785 0.15936
163000 1.80709 -0.699355 0.150246
164000 1.85659 -0.6634 0.156413
165000 1.79508 -0.664696 0.151406
166000 1.76618 -0.649417 0.155861
167000 1.77496 -0.641173 0.154407
168000 1.82709 -0.644559 0.162173
169000 1.76183 -0.665492 0.15088
170000 1.8528 -0.697111 0.157358
171000 1.76834 -0.690928 0.145302
172000 1.84339 -0.673788 0.155478
173000 1.79426 -0.715182 0.149705
174000 1.83881 -0.692062 0.158964
175000 1.78814 -0.699827 0.158664
176000 1.81666 -0.69923 0.154105
177000 1.84134 -0.681627 0.153705
178000 1.86386 -0.657612 0.152921
179000 1.76974 -0.680857 0.15399
180000 1.80083 -0.690648 0.149766
181000 1.76876 -0.684947 0.146568
182000 1.76642 -0.674049 0.149024
183000 1.77885 -0.671331 0.150715
184000 1.80278 -0.693217 0.150044
185000 1.81977 -0.654531 0.154165
186000 1.79508 -0.641374 0.154326
187000 1.8045 -0.718693 0.153541
188000 1.78872 -0.6651 0.149739
189000 1.78307 -0.682407 0.153543
190000 1.83708 -0.630735 0.164051
191000 1.83937 -0.69458 0.155116
192000 1.75381 -0.689358 0.144032
193000 1.86046 -0.68702 0.162255
194000 1.73292 -0.693608 0.141436
195000 1.8161 -0.634084 0.165088
196000 1.77996 -0.674605 0.152929
197000 1.80673 -0.666375 0.154224
198000 1.78495 -0.689735 0.149145
199000 1.77597 -0.656608 0.156848
200000 1.79358 -0.651693 0.157651
201000 1.79659 -0.689673 0.152126
202000 1.79331 -0.689381 0.148779
203000 1.75317 -0.719898 0.145612
204000 1.82337 -0.758524 0.150769
205000 1.7627 -0.691738 0.145702
206000 1.79546 -0.711434 0.151621
207000 1.8009 -0.682462 0.153314
208000 1.86739 -0.636121 0.163469
209000 1.81641 -0.693866 0.153274
210000 1.80292 -0.680021 0.149977
211000 1.79263 -0.720161 0.151383
212000 1.79129 -0.694654 0.146812
213000 1.77859 -0.700228 0.150856
214000 1.78794 -0.734556 0.148844
215000 1.81341 -0.686123 0.157668
216000 1.78754 -0.642731 0.153604
217000 1.76944 -0.675729 0.150294
218000 1.76204 -0.683956 0.143957
219000 1.76491 -0.68455 0.15642
220000 1.83441 -0.635582 0.161662
221000 1.80663 -0.697629 0.153303
222000 1.85924 -0.687097 0.15808
223000 1.83732 -0.702518 0.151382
224000 1.84741 -0.706462 0.159348
225000 1.76095 -0.679101 0.146934
226000 1.76641 -0.684166 0.148666
227000 1.72623 -0.69731 0.146808
228000 1.81598 -0.654189 0.156891
229000 1.77764 -0.692698 0.150739
230000 1.7672 -0.718083 0.147534
231000 1.77358 -0.679751 0.146776
232000 1.75991 -0.669845 0.14868
233000 1.82331 -0.657982 0.152332
234000 1.80702 -0.733443 0.147341
235000 1.81003 -0.670438 0.151771
236000 1.87029 -0.751239 0.152053
237000 1.74396 -0.706908 0.146652
238000 1.80462 -0.681769 0.153209
239000 1.74635 -0.689927 0.145405
240000 1.83154 -0.623252 0.161265
241000 1.73258 -0.699586 0.146426
242000 1.79537 -0.693541 0.154173
243000 1.84742 -0.751459 0.15158
244000 1.74975 -0.701195 0.145395
245000 1.88363 -0.659211 0.160477
246000 1.83305 -0.653219 0.154222
247000 1.85368 -0.696438 0.160275
248000 1.79976 -0.724438 0.156896
249000 1.77551 -0.703384 0.147788
250000 1.77404 -0.704419 0.146777
251000 1.78656 -0.73227 0.136557
252000 1.76289 -0.704472 0.141472
253000 1.8457 -0.680561 0.157034
254000 1.77847 -0.702379 0.15865
255000 1.76406 -0.670145 0.149777
256000 1.78554 -0.664984 0.147342
257000 1.75672 -0.642584 0.149881
258000 1.85993 -0.708359 0.153231
259000 1.7859 -0.736678 0.151018
260000 1.78824 -0.622295 0.156273
261000 1.81483 -0.680577 0.162386
262000 1.78725 -0.67193 0.154884
263000 1.79064 -0.690167 0.149839
264000 1.83389 -0.674435 0.155644
265000 1.82 -0.690627 0.161025
266000 1.73553 -0.674845 0.142665
267000 1.86438 -0.639312 0.161902
268000 1.80403 -0.691027 0.152915
269000 1.7991 -0.697269 0.15354
270000 1.78661 -0.64027 0.145199
271000 1.8461 -0.621789 0.160712
272000 1.80294 -0.602056 0.157567
273000 1.82556 -0.674051 0.157925
274000 1.77963 -0.614563 0.156877
275000 1.82437 -0.661625 0.164302
276000 1.75081 -0.698862 0.144804
277000 1.83856 -0.694367 0.155665
278000 1.80347 -0.691894 0.156602
279000 1.77418 -0.748427 0.152597
280000 1.75352 -0.676206 0.14807
281000 1.78764 -0.693525 0.151069
282000 1.8099 -0.670868 0.152547
283000 1.85724 -0.674289 0.155466
284000 1.79501 -0.710992 0.149547
285000 1.84331 -0.625804 0.158752
286000 1.86901 -0.741499 0.149426
287000 1.8281 -0.723038 0.148565
288000 1.75711 -0.651867 0.146727
289000 1.78755 -0.649679 0.153284
290000 1.80524 -0.688234 0.150874
291000 1.84896 -0.648971 0.157762
292000 1.77352 -0.689405 0.151278
293000 1.77937 -0.692883 0.147415
294000 1.79375 -0.713306 0.153716
295000 1.83971 -0.661378 0.158073
296000 1.79418 -0.694975 0.145823
297000 1.81157 -0.66268 0.15677
298000 1.84833 -0.684312 0.15468
299000 1.79482 -0.724827 0.155586
300000 1.8367 -0.675189 0.154611
301000 1.73065 -0.713996 0.139475
302000 1.82426 -0.7107 0.151183
303000 1.78695 -0.686175 0.153612
304000 1.7968 -0.663233 0.154369
305000 1.81513 -0.76052 0.151566
306000 1.80298 -0.700651 0.151405
307000 1.79802 -0.737 0.143246
308000 1.77624 -0.72926 0.154666
309000 1.8114 -0.686825 0.154066
310000 1.80242 -0.674549 0.156015
311000 1.81348 -0.674018 0.153034
312000 1.79342 -0.750408 0.156048
313000 1.83585 -0.663189 0.15784
314000 1.77283 -0.673583 0.151828
315000 1.78097 -0.679045 0.149617
316000 1.82578 -0.678332 0.156011
317000 1.77851 -0.629177 0.147518
318000 1.77067 -0.656575 0.145557
319000 1.85881 -0.696835 0.158376
320000 1.80666 -0.686598 0.152093
321000 1.74746 -0.708507 0.144448
322000 1.77481 -0.678713 0.145544
323000 1.85188 -0.733398 0.152559
324000 1.83781 -0.696227 0.151834
325000 1.81117 -0.68523 0.149
326000 1.77555 -0.645359 0.152059
327000 1.8104 -0.677802 0.161334
328000 1.79689 -0.681897 0.153762
329000 1.84102 -0.629297 0.158424
330000 1.78529 -0.70357 0.145747
331000 1.80415 -0.65373 0.159134
332000 1.81771 -0.676769 0.152813
333000 1.81856 -0.655286 0.154
334000 1.76704 -0.663548 0.152174
335000 1.85767 -0.711544 0.158381
336000 1.78506 -0.68327 0.154435
337000 1.76112 -0.69232 0.149838
338000 1.80954 -0.718304 0.150429
339000 1.82999 -0.705065 0.153947
340000 1.79663 -0.665959 0.161336
341000 1.83969 -0.681277 0.154148
342000 1.78387 -0.709602 0.14874
343000 1.82079 -0.683054 0.150013
344000 1.82436 -0.690735 0.159327
345000 1.80922 -0.65847 0.155773
346000 1.77944 -0.689364 0.149409
347000 1.80635 -0.635697 0.153662
348000 1.74349 -0.650776 0.151799
349000 1.79755 -0.689633 0.148108
350000 1.80172 -0.719822 0.14668
351000 1.85274 -0.662411 0.15224
352000 1.78519 -0.700778 0.145698
353000 1.80027 -0.706552 0.152771
354000 1.83447 -0.672614 0.15861
355000 1.82069 -0.633025 0.159878
356000 1.80564 -0.703856 0.148075
357000 1.77384 -0.664669 0.148338
358000 1.86681 -0.666386 0.162114
359000 1.80464 -0.71539 0.154718
360000 1.84151 -0.676122 0.153789
361000 1.7887 -0.683107 0.153447
362000 1.82293 -0.658188 0.151047
363000 1.76852 -0.646684 0.144599
364000 1.77523 -0.71393 0.144712
365000 1.84942 -0.770238 0.154818
366000 1.78563 -0.707673 0.150452
367000 1.85023 -0.656754 0.159228
368000 1.7796 -0.647104 0.156271
369000 1.78286 -0.64559 0.153243
370000 1.74823 -0.678247 0.147885
371000 1.78123 -0.681801 0.142804
372000 1.78809 -0.702085 0.143207
373000 1.78532 -0.65885 0.149605
374000 1.83794 -0.736801 0.154871
375000 1.77364 -0.651947 0.154187
376000 1.83297 -0.64356 0.156335
377000 1.86239 -0.642648 0.171785
378000 1.81344 -0.700372 0.15547
379000 1.82075 -0.673927 0.160832
380000 1.75099 -0.761946 0.141792
381000 1.82177 -0.714826 0.149038
382000 1.8028 -0.690233 0.151201
383000 1.80062 -0.637259 0.153609
384000 1.73638 -0.657233 0.151831
385000 1.84744 -0.697264 0.15714
386000 1.78738 -0.675527 0.149113
387000 1.833 -0.681978 0.154818
388000 1.78612 -0.665897 0.143775
389000 1.84691 -0.673467 0.159665
390000 1.74078 -0.685508 0.147318
391000 1.80322 -0.726433 0.149012
392000 1.75804 -0.669559 0.146602
393000 1.83437 -0.703837 0.153621
394000 1.8029 -0.670822 0.155329
395000 1.83304 -0.680371 0.153147
396000 1.78688 -0.711962 0.148937
397000 1.80742 -0.682453 0.153298
398000 1.76485 -0.731197 0.148383
399000 1.85833 -0.715935 0.157215
400000 1.79022 -0.66092 0.146355
401000 1.7415 -0.670161 0.14687
402000 1.83444 -0.7256 0.157188
403000 1.80857 -0.695817 0.154959
404000 1.81016 -0.662059 0.155437
405000 1.82324 -0.722926 0.155321
406000 1.796 -0.730814 0.15097
407000 1.80164 -0.658186 0.153823
408000 1.80225 -0.642294 0.160068
409000 1.75818 -0.702039 0.147479
410000 1.81776 -0.667672 0.156762
411000 1.81082 -0.699253 0.149076
412000 1.79474 -0.683364 0.156045
413000 1.74302 -0.72162 0.145945
414000 1.78434 -0.704149 0.145355
415000 1.72624 -0.648961 0.141597
416000 1.82389 -0.714827 0.152737
417000 1.78975 -0.710765 0.154533
418000 1.81484 -0.697854 0.15325
419000 1.77723 -0.662665 0.146211
420000 1.81643 -0.653597 0.153423
421000 1.74207 -0.659324 0.146349
422000 1.80659 -0.769121 0.147925
423000 1.81771 -0.679294 0.153077
424000 1.78718 -0.657622 0.156715
425000 1.78366 -0.713766 0.149687
426000 1.85494 -0.637221 0.16099
427000 1.78162 -0.674942 0.160121
428000 1.7501 -0.663125 0.146798
429000 1.81866 -0.690911 0.151393
430000 1.79571 -0.664129 0.151705
431000 1.82053 -0.659037 0.153007
432000 1.75934 -0.682523 0.143982
433000 1.81202 -0.628295 0.158444
434000 1.80664 -0.691953 0.158706
435000 1.7503 -0.722657 0.141895
436000 1.8539 -0.729452 0.153896
437000 1.76077 -0.722358 0.147369
438000 1.81125 -0.694886 0.157927
439000 1.78076 -0.664033 0.152073
440000 1.79719 -0.690228 0.150212
441000 1.80661 -0.710134 0.152478
442000 1.79666 -0.7092 0.149055
443000 1.79478 -0.698721 0.150521
444000 1.82851 -0.663335 0.156943
445000 1.85831 -0.674499 0.163147
446000 1.81227 -0.690486 0.15245
447000 1.73393 -0.711168 0.143664
448000 1.83288 -0.683968 0.159619
449000 1.835 -0.689536 0.1587
450000 1.81358 -0.694866 0.150634
451000 1.81709 -0.699703 0.150893
452000 1.77237 -0.639246 0.151976
453000 1.85321 -0.672456 0.157083
454000 1.76465 -0.644568 0.149921
455000 1.85037 -0.664847 0.157096
456000 1.7303 -0.676391 0.145919
457000 1.8396 -0.644817 0.161244
458000 1.78325 -0.670038 0.15301
459000 1.785 -0.663809 0.155336
460000 1.80205 -0.665556 0.14876
461000 1.87255 -0.673476 0.162951
462000 1.80895 -0.668497 0.152064
463000 1.76886 -0.689026 0.146661
464000 1.82551 -0.697462 0.150799
465000 1.78934 -0.713823 0.147372
466000 1.80209 -0.68407 0.153315
467000 1.84219 -0.708526 0.151912
468000 1.7706 -0.661287 0.149707
469000 1.78102 -0.687435 0.149699
470000 1.84901 -0.656624 0.158021
471000 1.76394 -0.678212 0.146221
472000 1.75073 -0.649855 0.147158
473000 1.72288 -0.690292 0.150449
474000 1.80369 -0.657488 0.15261
475000 1.80028 -0.673903 0.150318
476000 1.8229 -0.706351 0.154335
477000 1.73032 -0.696472 0.144116
478000 1.81687 -0.707111 0.149906
479000 1.86276 -0.672496 0.153616
480000 1.88871 -0.641553 0.161666
481000 1.80434 -0.736929 0.154855
482000 1.81948 -0.665062 0.152349
483000 1.75411 -0.680042 0.14794
484000 1.87833 -0.706877 0.161425
485000 1.80415 -0.658869 0.151377
486000 1.81591 -0.6466 0.160509
487000 1.77989 -0.644305 0.158487
488000 1.82242 -0.656589 0.154708
489000 1.89802 -0.690619 0.1671
490000 1.75051 -0.639517 0.149428
491000 1.82941 -0.714941 0.148052
492000 1.81909 -0.653816 0.157078
493000 1.76642 -0.658145 0.151759
494000 1.82947 -0.662609 0.15461
495000 1.83398 -0.678188 0.151331
496000 1.83824 -0.673317 0.155458
497000 1.73421 -0.678411 0.145833
498000 1.80586 -0.695714 0.150526
499000 1.78424 -0.725988 0.151432
500000 1.80928 -0.710043 0.152431
501000 1.77849 -0.641018 0.153426
502000 1.7804 -0.682492 0.150699
503000 1.8251 -0.696589 0.157008
504000 1.80957 -0.669534 0.151862
505000 1.7442 -0.659914 0.144738
506000 1.83723 -0.702741 0.161051
507000 1.77787 -0.693118 0.156302
508000 1.77444 -0.663492 0.146506
509000 1.81355 -0.661146 0.154474
510000 1.80954 -0.690079 0.155623
511000 1.84615 -0.671219 0.15435
512000 1.85862 -0.659075 0.15495
513000 1.77948 -0.66775 0.151291
514000 1.79602 -0.616423 0.157797
515000 1.80531 -0.651056 0.151829
516000 1.76915 -0.671341 0.149396
517000 1.77838 -0.650635 0.155902
518000 1.79917 -0.635791 0.152744
519000 1.75071 -0.646178 0.151492
520000 1.75702 -0.65009 0.147086
521000 1.77172 -0.69756 0.153011
522000 1.85101 -0.663486 0.15563
523000 1.74637 -0.70456 0.145886
524000 1.82042 -0.644994 0.155095
525000 1.74679 -0.712637 0.143626
526000 1.86941 -0.739065 0.149488
527000 1.77622 -0.718522 0.14545
528000 1.81422 -0.656008 0.15797
529000 1.82841 -0.699115 0.16509
530000 1.80729 -0.624599 0.157063
531000 1.79785 -0.709865 0.152153
532000 1.82906 -0.680848 0.151637
533000 1.8771 -0.70266 0.156566
534000 1.75633 -0.699049 0.147492
535000 1.86488 -0.71008 0.156922
536000 1.76898 -0.661215 0.147082
537000 1.75009 -0.668363 0.144641
538000 1.78506 -0.661419 0.154774
539000 1.792 -0.704684 0.147114
540000 1.79863 -0.666451 0.151779
541000 1.81405 -0.619558 0.151532
542000 1.8737 -0.673115 0.16056
543000 1.74095 -0.680902 0.141916
544000 1.79217 -0.659996 0.153466
545000 1.80499 -0.655334 0.153501
546000 1.78567 -0.659913 0.14786
547000 1.8045 -0.70642 0.151319
548000 1.79361 -0.646447 0.148463
549000 1.77622 -0.669534 0.15265
550000 1.8029 -0.639484 0.150852
551000 1.80209 -0.638967 0.151266
552000 1.78573 -0.646204 0.14626
553000 1.79294 -0.665638 0.154264
554000 1.82272 -0.658262 0.157532
555000 1.79774 -0.634777 0.158448
556000 1.76509 -0.659394 0.149215
557000 1.79689 -0.639619 0.15225
558000 1.82188 -0.700285 0.159761
559000 1.82428 -0.710123 0.150696
560000 1.83373 -0.68428 0.158597
561000 1.75814 -0.678704 0.146191
562000 1.79318 -0.665967 0.152941
563000 1.82591 -0.675886 0.150509
564000 1.78119 -0.662045 0.147082
565000 1.8492 -0.639777 0.155916
566000 1.72975 -0.684525 0.145796
567000 1.83101 -0.649221 0.152195
568000 1.81019 -0.675682 0.152883
569000 1.8348 -0.664202 0.152859
570000 1.76313 -0.693317 0.148338
571000 1.76272 -0.725121 0.148669
572000 1.84595 -0.687772 0.161736
573000 1.80462 -0.665338 0.159499
574000 1.74896 -0.663495 0.147941
575000 1.81836 -0.639641 0.161101
576000 1.78901 -0.68719 0.157245
577000 1.80358 -0.670583 0.155607
578000 1.81897 -0.703446 0.155397
579000 1.82276 -0.679508 0.14968
580000 1.87834 -0.658436 0.170862
581000 1.7273 -0.711722 0.144766
582000 1.83693 -0.664423 0.154106
583000 1.76998 -0.691527 0.148169
584000 1.78239 -0.665219 0.154882
585000 1.80396 -0.647074 0.155519
586000 1.81361 -0.754509 0.148224
587000 1.83979 -0.75977 0.156204
588000 1.86205 -0.706583 0.157526
589000 1.77695 -0.684458 0.148969
590000 1.85215 -0.68974 0.162481
591000 1.88567 -0.7052 0.159179
592000 1.73547 -0.706848 0.14975
593000 1.78155 -0.692009 0.146855
594000 1.77693 -0.697166 0.14892
595000 1.83574 -0.688846 0.150721
596000 1.83859 -0.649469 0.159679
597000 1.78879 -0.655957 0.154496
598000 1.78628 -0.671514 0.158161
599000 1.79955 -0.70337 0.148655
600000 1.82274 -0.672118 0.151464
601000 1.793 -0.687473 0.151334
602000 1.78638 -0.70531 0.148932
603000 1.80846 -0.639357 0.153693
604000 1.77596 -0.664252 0.14914
605000 1.8004 -0.647669 0.158609
606000 1.794 -0.671242 0.150199
607000 1.83703 -0.707293 0.153755
608000 1.86767 -0.642464 0.161277
609000 1.77822 -0.685945 0.148829
610000 1.78923 -0.68239 0.149301
611000 1.7887 -0.725158 0.153163
612000 1.78676 -0.698339 0.151631
613000 1.85572 -0.711514 0.149742
614000 1.81453 -0.634773 0.155811
615000 1.80829 -0.643696 0.151508
616000 1.78918 -0.630049 0.160686
617000 1.84632 -0.6776 0.159084
618000 1.79017 -0.817338 0.139447
619000 1.81696 -0.688457 0.156745
620000 1.76051 -0.70855 0.141622
621000 1.8825 -0.709284 0.159834
622000 1.74586 -0.748899 0.141873
623000 1.80798 -0.715628 0.146236
624000 1.80047 -0.64044 0.151198
625000 1.78747 -0.685581 0.155364
626000 1.77567 -0.710255 0.145667
627000 1.81783 -0.708659 0.153101
628000 1.7943 -0.760997 0.149485
629000 1.82501 -0.659661 0.156233
630000 1.76238 -0.656441 0.144416
631000 1.86669 -0.661397 0.16078
632000 1.78422 -0.683635 0.151258
633000 1.80661 -0.653864 0.150798
634000 1.8148 -0.658198 0.150212
635000 1.80647 -0.681732 0.155607
636000 1.7533 -0.664655 0.142282
637000 1.80785 -0.690918 0.151987
638000 1.74641 -0.680149 0.144327
639000 1.73717 -0.701023 0.146372
640000 1.80869 -0.664947 0.152924
641000 1.77331 -0.701336 0.153322
642000 1.77639 -0.700815 0.140826
643000 1.77545 -0.662131 0.155142
644000 1.84962 -0.654243 0.16543
645000 1.75024 -0.668705 0.149956
646000 1.75761 -0.693698 0.14242
647000 1.84662 -0.648622 0.160206
648000 1.78228 -0.704733 0.146894
649000 1.84279 -0.641906 0.162059
650000 1.749 -0.667494 0.1468
651000 1.79942 -0.682983 0.154606
652000 1.76608 -0.703728 0.148506
653000 1.76382 -0.721389 0.143791
654000 1.79631 -0.661842 0.148631
655000 1.79876 -0.624973 0.160917
656000 1.77798 -0.681782 0.152905
657000 1.81754 -0.704191 0.154074
658000 1.78046 -0.695722 0.146251
659000 1.82319 -0.683673 0.156666
660000 1.77615 -0.670559 0.154555
661000 1.77403 -0.659717 0.145153
662000 1.84888 -0.633837 0.157025
663000 1.80462 -0.642364 0.156338
664000 1.79085 -0.673946 0.155128
665000 1.77882 -0.703767 0.147859
666000 1.8333 -0.70219 0.150343
667000 1.81329 -0.689386 0.155192
668000 1.80995 -0.693825 0.149173
669000 1.79256 -0.698328 0.148065
670000 1.81001 -0.704348 0.153706
671000 1.80681 -0.707743 0.15236
672000 1.82645 -0.620758 0.159885
673000 1.77219 -0.658315 0.148019
674000 1.80894 -0.677557 0.153105
675000 1.82135 -0.653663 0.152417
676000 1.80232 -0.703961 0.147438
677000 1.77147 -0.669221 0.150264
678000 1.83135 -0.753343 0.149785
679000 1.81246 -0.667579 0.148234
680000 1.80165 -0.703353 0.15221
681000 1.797 -0.685983 0.148899
682000 1.87015 -0.664039 0.163018
683000 1.72878 -0.673376 0.143343
684000 1.84388 -0.678267 0.151842
685000 1.80137 -0.685069 0.15636
686000 1.83117 -0.660308 0.157592
687000 1.79391 -0.735984 0.151147
688000 1.80041 -0.637221 0.158704
689000 1.78956 -0.654169 0.152957
690000 1.82204 -0.67061 0.153338
691000 1.79449 -0.737707 0.150683
692000 1.77461 -0.733809 0.148874
693000 1.80248 -0.701897 0.150996
694000 1.77388 -0.689017 0.154078
695000 1.79382 -0.65613 0.160897
696000 1.79706 -0.689891 0.155098
697000 1.7954 -0.673588 0.153194
698000 1.82648 -0.689219 0.157997
699000 1.81985 -0.669551 0.152974
700000 1.78992 -0.68837 0.149704
701000 1.82867 -0.623814 0.166348
702000 1.82901 -0.639858 0.155377
703000 1.85041 -0.637096 0.163427
704000 1.74368 -0.618029 0.148451
705000 1.85347 -0.674773 0.156022
706000 1.84102 -0.687898 0.158708
707000 1.81264 -0.643982 0.153112
708000 1.81166 -0.65927 0.159225
709000 1.8885 -0.684919 0.159806
710000 1.78819 -0.728787 0.147512
711000 1.8222 -0.69394 0.148657
712000 1.82554 -0.6616 0.155381
713000 1.83983 -0.679185 0.162558
714000 1.8213 -0.71596 0.148039
715000 1.79844 -0.674594 0.143357
716000 1.78678 -0.638819 0.15526
717000 1.84726 -0.651396 0.16307
718000 1.81279 -0.67531 0.15252
719000 1.78762 -0.661914 0.153295
720000 1.73477 -0.69323 0.144176
721000 1.83464 -0.652154 0.156923
722000 1.74079 -0.673198 0.143839
723000 1.80849 -0.681525 0.147392
724000 1.78083 -0.666389 0.148851
725000 1.76941 -0.657489 0.147721
726000 1.85672 -0.628056 0.16303
727000 1.81916 -0.674001 0.156209
728000 1.75819 -0.696899 0.148666
729000 1.79185 -0.686328 0.154128
730000 1.83967 -0.643271 0.163641
731000 1.80162 -0.648882 0.156558
732000 1.81415 -0.66321 0.160339
733000 1.85134 -0.605464 0.162814
734000 1.77165 -0.648294 0.149156
735000 1.83145 -0.64491 0.161242
736000 1.79352 -0.65759 0.15626
737000 1.87003 -0.661737 0.158746
738000 1.809 -0.635534 0.149866
739000 1.76952 -0.661601 0.146673
740000 1.7215 -0.751455 0.142194
741000 1.81623 -0.686041 0.153525
742000 1.84421 -0.648971 0.155834
743000 1.74634 -0.71289 0.144811
744000 1.80073 -0.692875 0.152716
745000 1.76345 -0.675115 0.149285
746000 1.81118 -0.685702 0.156236
747000 1.81385 -0.657942 0.151723
748000 1.76116 -0.736323 0.141482
749000 1.84018 -0.639587 0.158051
750000 1.76451 -0.688368 0.1502
751000 1.82494 -0.672471 0.158
752000 1.82151 -0.666054 0.158125
753000 1.80048 -0.662231 0.150095
754000 1.78737 -0.644842 0.157436
755000 1.79576 -0.684161 0.154828
756000 1.8458 -0.640552 0.161489
757000 1.79623 -0.685416 0.151437
758000 1.74751 -0.742026 0.141473
759000 1.81035 -0.683837 0.156456
760000 1.81711 -0.654361 0.151694
761000 1.78365 -0.709514 0.15423
762000 1.72356 -0.710125 0.13992
763000 1.7382 -0.686023 0.140535
764000 1.80898 -0.670785 0.148595
765000 1.83898 -0.689726 0.160483
766000 1.83732 -0.704994 0.156701
767000 1.77771 -0.695936 0.150052
768000 1.81827 -0.665449 0.153583
769000 1.78609 -0.656901 0.152488
770000 1.84558 -0.651762 0.15731
771000 1.79313 -0.682322 0.148989
772000 1.85106 -0.696974 0.159152
773000 1.83573 -0.663193 0.153605
774000 1.79336 -0.702648 0.155746
775000 1.74442 -0.706941 0.148772
776000 1.85554 -0.695184 0.15524
777000 1.78087 -0.703088 0.146165
778000 1.7809 -0.673576 0.145525
779000 1.76912 -0.671447 0.144249
780000 1.81149 -0.645879 0.161333
781000 1.767 -0.703473 0.148151
782000 1.78253 -0.68076 0.149294
783000 1.78336 -0.670832 0.149557
784000 1.84203 -0.680604 0.153184
785000 1.78724 -0.712122 0.149979
786000 1.75866 -0.693352 0.149387
787000 1.83809 -0.647179 0.162999
788000 1.75095 -0.647914 0.151842
789000 1.79591 -0.678889 0.144375
790000 1.76943 -0.692919 0.153997
791000 1.8011 -0.685901 0.158209
792000 1.79686 -0.670747 0.155283
793000 1.79827 -0.712335 0.157426
794000 1.75366 -0.662638 0.14235
795000 1.76145 -0.663707 0.148755
796000 1.84735 -0.651828 0.150003
797000 1.8336 -0.687055 0.157372
798000 1.8038 -0.701365 0.152673
799000 1.80294 -0.686644 0.146657
800000 1.80355 -0.673908 0.155064
801000 1.8155 -0.681401 0.152459
802000 1.77269 -0.699447 0.15283
803000 1.77522 -0.656392 0.14469
804000 1.76558 -0.640651 0.154845
805000 1.76445 -0.700162 0.142938
806000 1.81568 -0.637771 0.156708
807000 1.84946 -0.684345 0.159739
808000 1.79242 -0.659882 0.147287
809000 1.78037 -0.704424 0.147149
810000 1.85594 -0.683791 0.151308
811000 1.79089 -0.673373 0.151209
812000 1.75101 -0.685541 0.14284
813000 1.82697 -0.680008 0.157468
814000 1.79741 -0.682482 0.156152
815000 1.74665 -0.665288 0.144884
816000 1.78947 -0.691803 0.149043
817000 1.84045 -0.653752 0.158964
818000 1.83508 -0.666837 0.154678
819000 1.76258 -0.648709 0.146993
820000 1.78679 -0.686221 0.153647
821000 1.83944 -0.680015 0.158804
822000 1.79357 -0.687525 0.156803
823000 1.77375 -0.705866 0.150835
824000 1.83676 -0.66133 0.15864
825000 1.79313 -0.712615 0.144935
826000 1.74938 -0.713117 0.14796
827000 1.83713 -0.693241 0.158575
828000 1.77513 -0.684064 0.152247
829000 1.74743 -0.665026 0.144467
830000 1.87778 -0.686396 0.156026
831000 1.73886 -0.65779 0.144728
832000 1.7976 -0.698834 0.152538
833000 1.84618 -0.697161 0.14994
834000 1.78955 -0.673395 0.146904
835000 1.78193 -0.663946 0.150944
836000 1.73879 -0.696059 0.136764
837000 1.87735 -0.680515 0.165281
838000 1.71491 -0.643991 0.146817
839000 1.7925 -0.632171 0.149764
840000 1.82377 -0.677777 0.153828
841000 1.74671 -0.679234 0.152372
842000 1.84648 -0.629453 0.165236
843000 1.81775 -0.662301 0.155283
844000 1.78083 -0.680161 0.155139
845000 1.85073 -0.699001 0.155812
846000 1.78983 -0.670084 0.154626
847000 1.81029 -0.709996 0.151057
848000 1.79989 -0.699086 0.146657
849000 1.80636 -0.695698 0.150937
850000 1.84144 -0.724267 0.161222
851000 1.74852 -0.656775 0.146659
852000 1.82523 -0.654238 0.157578
853000 1.815 -0.686086 0.153914
854000 1.84338 -0.668334 0.163752
855000 1.72481 -0.667062 0.143231
856000 1.79608 -0.705484 0.147399
857000 1.81344 -0.683825 0.154133
858000 1.78866 -0.717132 0.156526
859000 1.77476 -0.677365 0.151286
860000 1.86842 -0.673008 0.161932
861000 1.85226 -0.683585 0.162342
862000 1.79697 -0.674221 0.146002
863000 1.80301 -0.717913 0.151379
864000 1.75438 -0.676507 0.147226
865000 1.79419 -0.697631 0.141354
866000 1.83143 -0.666414 0.157828
867000 1.73564 -0.6592 0.142618
868000 1.78652 -0.682972 0.150293
869000 1.78705 -0.640667 0.162098
870000 1.79249 -0.680497 0.155638
871000 1.83652 -0.678768 0.161455
872000 1.80411 -0.700667 0.152116
873000 1.80526 -0.741402 0.154978
874000 1.87674 -0.664457 0.164344
875000 1.74178 -0.664204 0.152542
876000 1.793 -0.660503 0.156688
877000 1.85949 -0.631102 0.158455
878000 1.78641 -0.713022 0.148731
879000 1.8765 -0.655648 0.160617
880000 1.77751 -0.670736 0.147744
881000 1.87623 -0.62765 0.160572
882000 1.7818 -0.74643 0.148796
883000 1.85801 -0.693905 0.159703
884000 1.77429 -0.698922 0.147458
885000 1.82254 -0.644571 0.155818
886000 1.79066 -0.654209 0.149495
887000 1.83757 -0.710716 0.157449
888000 1.83067 -0.652043 0.157411
889000 1.78974 -0.692666 0.15409
890000 1.83696 -0.662098 0.159469
891000 1.75679 -0.636708 0.148319
892000 1.82465 -0.679518 0.157363
893000 1.77662 -0.750727 0.151841
894000 1.84695 -0.65181 0.153391
895000 1.78098 -0.679295 0.152119
896000 1.78968 -0.7352 0.151956
897000 1.80639 -0.686716 0.154648
898000 1.80787 -0.688253 0.156602
899000 1.80589 -0.692263 0.153025
900000 1.78522 -0.626541 0.155085
901000 1.76126 -0.643438 0.154053
902000 1.87306 -0.641696 0.161983
903000 1.79785 -0.657356 0.152608
904000 1.779 -0.639238 0.152288
905000 1.81294 -0.636513 0.158879
906000 1.86935 -0.67105 0.160328
907000 1.78045 -0.671914 0.150256
908000 1.819 -0.684809 0.151131
909000 1.74076 -0.648598 0.147736
910000 1.84544 -0.68943 0.1516
911000 1.75554 -0.666301 0.149908
912000 1.8305 -0.69262 0.155185
913000 1.79854 -0.721211 0.149409
914000 1.78419 -0.680591 0.147388
915000 1.84332 -0.661818 0.155062
916000 1.76448 -0.660883 0.151758
917000 1.78093 -0.662661 0.147448
918000 1.82432 -0.664105 0.16102
919000 1.74463 -0.638748 0.150832
920000 1.77783 -0.724231 0.146964
921000 1.7989 -0.673186 0.150521
922000 1.79398 -0.698848 0.147062
923000 1.79408 -0.706764 0.155376
924000 1.73449 -0.730995 0.140268
925000 1.78641 -0.629406 0.159952
926000 1.75105 -0.683558 0.144427
927000 1.80175 -0.661988 0.151817
928000 1.77295 -0.669808 0.147521
929000 1.75398 -0.686247 0.154698
930000 1.82572 -0.692984 0.151921
931000 1.76773 -0.704639 0.144363
932000 1.78141 -0.653158 0.149561
933000 1.80098 -0.662543 0.155283
934000 1.75774 -0.654083 0.149855
935000 1.83949 -0.687511 0.151216
936000 1.73743 -0.668697 0.150405
937000 1.81221 -0.716392 0.152851
938000 1.7882 -0.685189 0.150151
939000 1.81268 -0.700761 0.154506
940000 1.84068 -0.737989 0.151028
941000 1.787 -0.68325 0.153246
942000 1.79358 -0.659994 0.149686
943000 1.80444 -0.646053 0.150567
944000 1.85542 -0.675931 0.165836
945000 1.81588 -0.692955 0.148025
946000 1.81756 -0.660529 0.149852
947000 1.75547 -0.697939 0.140488
948000 1.76077 -0.671812 0.149531
949000 1.8125 -0.681774 0.161269
950000 1.79535 -0.665909 0.151624
951000 1.81216 -0.675228 0.153566
952000 1.82056 -0.663618 0.153857
953000 1.82137 -0.64805 0.155221
954000 1.81879 -0.643655 0.153766
955000 1.84273 -0.696719 0.153137
956000 1.7526 -0.69288 0.154497
957000 1.76553 -0.707763 0.144011
958000 1.81984 -0.675303 0.149815
959000 1.78984 -0.677195 0.149497
960000 1.78297 -0.727458 0.150864
961000 1.82598 -0.767462 0.154493
962000 1.80401 -0.778289 0.149841
963000 1.80256 -0.759765 0.154089
964000 1.75535 -0.747958 0.144526
965000 1.82776 -0.646576 0.155644
966000 1.76462 -0.663982 0.148176
967000 1.841 -0.678267 0.159814
968000 1.81534 -0.730809 0.146931
969000 1.78274 -0.685784 0.147797
970000 1.78388 -0.660682 0.157111
971000 1.8018 -0.700106 0.154338
972000 1.80379 -0.67739 0.154347
973000 1.76449 -0.705624 0.144883
974000 1.75756 -0.619465 0.151187
975000 1.86616 -0.660399 0.157742
976000 1.85667 -0.628703 0.165344
977000 1.76938 -0.67588 0.148264
978000 1.78576 -0.660364 0.148123
979000 1.81405 -0.62366 0.155274
980000 1.8095 -0.625459 0.153975
981000 1.82926 -0.708131 0.147064
982000 1.85059 -0.710027 0.160496
983000 1.7311 -0.677354 0.142902
984000 1.84942 -0.682284 0.158323
985000 1.77662 -0.648902 0.149761
986000 1.85448 -0.656664 0.160215
987000 1.78618 -0.686935 0.15299
988000 1.8443 -0.6962 0.162746
989000 1.79798 -0.666174 0.148584
990000 1.77773 -0.656083 0.150415
991000 1.80943 -0.728789 0.149439
992000 1.80096 -0.670423 0.152179
993000 1.8014 -0.70179 0.151246
994000 1.78764 -0.661075 0.152938
995000 1.7847 -0.724764 0.147356
996000 1.83079 -0.642163 0.156648
997000 1.72962 -0.692431 0.14329
998000 1.83043 -0.698747 0.163845
999000 1.81829 -0.638057 0.152947
1000000 1.79795 -0.657769 0.158516
1001000 1.75565 -0.648806 0.148186
1002000 1.84671 -0.680214 0.154951
1003000 1.80452 -0.65596 0.16229
1004000 1.76955 -0.679698 0.146515
1005000 1.84363 -0.646184 0.157633
1006000 1.79484 -0.639537 0.156012
1007000 1.80588 -0.663826 0.153228
1008000 1.7398 -0.680667 0.149144
1009000 1.82654 -0.665301 0.165212
1010000 1.77659 -0.696483 0.14949
1011000 1.78153 -0.68402 0.155954
1012000 1.75115 -0.706731 0.147267
1013000 1.78274 -0.66221 0.149513
1014000 1.79072 -0.654514 0.154751
1015000 1.77369 -0.666542 0.152098
1016000 1.77928 -0.691579 0.145755
1017000 1.83037 -0.628845 0.156874
1018000 1.78008 -0.648422 0.15277
1019000 1.78515 -0.677395 0.152347
1020000 1.81016 -0.712442 0.150383
1021000 1.86974 -0.672245 0.162008
1022000 1.75989 -0.700115 0.145551
1023000 1.78712 -0.641179 0.158504
1024000 1.80667 -0.711878 0.148614
1025000 1.78132 -0.695239 0.150517
1026000 1.76461 -0.663415 0.148169
1027000 1.85942 -0.690815 0.160493
1028000 1.76773 -0.684251 0.146757
1029000 1.81041 -0.725995 0.148976
1030000 1.80546 -0.713101 0.155733
1031000 1.8123 -0.667506 0.146379
1032000 1.76575 -0.623363 0.154068
1033000 1.77887 -0.7276 0.152641
1034000 1.82245 -0.652348 0.162116
1035000 1.80031 -0.686101 0.157029
1036000 1.79541 -0.691732 0.151197
1037000 1.78109 -0.672353 0.155212
1038000 1.76422 -0.678573 0.148478
1039000 1.78155 -0.687033 0.151995
1040000 1.85819 -0.618296 0.155127
1041000 1.79296 -0.687336 0.150915
1042000 1.82478 -0.688143 0.159345
1043000 1.76759 -0.712993 0.145376
1044000 1.77036 -0.674201 0.149292
1045000 1.82921 -0.69568 0.149194
1046000 1.76211 -0.727856 0.147333
1047000 1.83803 -0.696034 0.154866
1048000 1.8288 -0.725984 0.149252
1049000 1.7866 -0.635506 0.157399
1050000 1.80624 -0.658942 0.150685
1051000 1.79007 -0.708941 0.14994
1052000 1.86293 -0.696188 0.15921
1053000 1.81091 -0.673709 0.151124
1054000 1.81952 -0.665478 0.156962
1055000 1.80977 -0.675296 0.15477
1056000 1.79367 -0.688264 0.153067
1057000 1.82131 -0.664803 0.150367
1058000 1.7953 -0.641918 0.155261
1059000 1.73835 -0.674066 0.146842
1060000 1.85124 -0.748296 0.153572
1061000 1.7373 -0.693189 0.146996
1062000 1.7499 -0.673099 0.143526
1063000 1.78469 -0.671611 0.155069
1064000 1.76928 -0.681278 0.151628
1065000 1.77381 -0.634965 0.151397
1066000 1.82823 -0.680756 0.154931
1067000 1.81764 -0.713318 0.149318
1068000 1.80249 -0.680956 0.148895
1069000 1.81947 -0.630771 0.162262
1070000 1.78016 -0.677543 0.148209
1071000 1.77466 -0.66385 0.14644
1072000 1.79878 -0.635543 0.152268
1073000 1.81902 -0.743584 0.149201
1074000 1.75459 -0.701527 0.140802
1075000 1.84489 -0.690596 0.15225
1076000 1.77954 -0.695409 0.145802
1077000 1.83542 -0.668065 0.154337
1078000 1.85582 -0.667457 0.158198
1079000 1.77243 -0.672584 0.15117
1080000 1.83268 -0.737103 0.148465
1081000 1.81579 -0.694175 0.150998
1082000 1.79491 -0.683123 0.150805
1083000 1.81238 -0.695646 0.147446
1084000 1.81108 -0.642075 0.153022
1085000 1.83961 -0.605966 0.165189
1086000 1.76468 -0.687478 0.147943
1087000 1.81312 -0.678186 0.154317
1088000 1.79459 -0.705585 0.1493
1089000 1.79548 -0.689056 0.144261
1090000 1.82464 -0.614268 0.15973
1091000 1.75488 -0.684016 0.144245
1092000 1.75024 -0.686018 0.142871
1093000 1.85643 -0.686781 0.157613
1094000 1.8303 -0.648468 0.159923
1095000 1.77325 -0.677312 0.151022
1096000 1.8234 -0.625829 0.156666
1097000 1.7384 -0.724864 0.14177
1098000 1.81512 -0.677631 0.154326
1099000 1.79583 -0.764102 0.144429
1100000 1.82361 -0.706248 0.154841
