# Time-averaged data for fix 2
# TimeStep v_Temperature v_PotentialEnergy v_Pressure
1000 1.60798 -0.0909551 0.0155967
2000 1.60007 -0.0856502 0.0153843
3000 1.61575 -0.0763118 0.0156861
4000 1.59331 -0.0860583 0.0152107
5000 1.63264 -0.0792994 0.0156328
6000 1.5843 -0.0589423 0.015394
7000 1.58941 -0.0746739 0.0152973
8000 1.60388 -0.073267 0.01547
9000 1.63786 -0.0716237 0.0157844
10000 1.62475 -0.0820177 0.0157033
11000 1.61018 -0.0649022 0.0157387
12000 1.61131 -0.0603674 0.0158541
13000 1.62815 -0.0828922 0.0157401
14000 1.54463 -0.0853203 0.0148242
15000 1.60205 -0.0684555 0.0154623
16000 1.65198 -0.0767181 0.0160003
17000 1.57234 -0.0722629 0.0152326
18000 1.6116 -0.0797695 0.0156364
19000 1.61992 -0.0707017 0.0156396
20000 1.5633 -0.0663874 0.0151473
21000 1.5989 -0.0665967 0.0154846
22000 1.57471 -0.0650644 0.0151983
23000 1.59046 -0.0638286 0.0156219
24000 1.52892 -0.0689949 0.0148343
25000 1.61741 -0.062128 0.0157414
26000 1.6174 -0.0575121 0.0158365
27000 1.62369 -0.0556903 0.0158948
28000 1.62251 -0.0559638 0.015879
29000 1.62108 -0.0597943 0.0156985
30000 1.59349 -0.0770118 0.0153926
31000 1.58558 -0.0705728 0.0155126
32000 1.56217 -0.0563962 0.0152109
33000 1.62136 -0.0523125 0.0158348
34000 1.62848 -0.0734432 0.015714
35000 1.59049 -0.0825115 0.015287
36000 1.63178 -0.0726654 0.0159551
37000 1.61377 -0.0756566 0.0155839
38000 1.53732 -0.0749919 0.0146383
39000 1.62906 -0.0624278 0.015768
40000 1.5917 -0.0549382 0.0156361
41000 1.58764 -0.0714318 0.0154146
42000 1.58664 -0.0718075 0.0155232
43000 1.61262 -0.0549857 0.0157586
44000 1.62011 -0.0595474 0.015642
45000 1.53961 -0.0683503 0.0148192
46000 1.56614 -0.0722085 0.015133
47000 1.59834 -0.0525183 0.0154984
48000 1.60403 -0.0800694 0.0156707
49000 1.64485 -0.0810673 0.0159621
50000 1.601 -0.0766941 0.015526
51000 1.60861 -0.0720263 0.0155884
52000 1.58263 -0.0827159 0.0151398
53000 1.61356 -0.086549 0.0154201
54000 1.62509 -0.100154 0.0156911
55000 1.61668 -0.10648 0.0156176
56000 1.53113 -0.102666 0.0145157
57000 1.56363 -0.0695743 0.0152818
58000 1.61675 -0.0509155 0.0159424
59000 1.56156 -0.0628536 0.0151581
60000 1.60777 -0.0730698 0.0155444
61000 1.59902 -0.0811463 0.0153203
62000 1.64064 -0.0853718 0.0158687
63000 1.50882 -0.0689574 0.0145241
64000 1.63321 -0.0701938 0.0158508
65000 1.53558 -0.0697794 0.0149608
66000 1.61633 -0.0609635 0.0156225
67000 1.64059 -0.0512854 0.0161044
68000 1.59153 -0.0825727 0.0152547
69000 1.58137 -0.101036 0.0153327
70000 1.57141 -0.0910878 0.0151784
71000 1.59887 -0.0821671 0.0153728
72000 1.55649 -0.0742109 0.0150696
73000 1.62183 -0.0824212 0.0157393
74000 1.61144 -0.0698765 0.0155453
75000 1.55854 -0.0662146 0.0151587
76000 1.58238 -0.0660869 0.0155087
77000 1.56883 -0.0863204 0.0150384
78000 1.60311 -0.0722679 0.0155193
79000 1.64166 -0.0722925 0.0158871
80000 1.57241 -0.0553199 0.015424
81000 1.60435 -0.0606029 0.015653
82000 1.61467 -0.0609548 0.0156768
83000 1.57345 -0.0852586 0.0151926
84000 1.58152 -0.0886044 0.0153754
85000 1.58346 -0.0745247 0.0153602
86000 1.64709 -0.0585203 0.0161707
87000 1.62025 -0.078745 0.0156525
88000 1.59914 -0.0780451 0.0153386
89000 1.58603 -0.0820961 0.0152694
90000 1.5955 -0.0681613 0.0155194
91000 1.62443 -0.0884801 0.0156178
92000 1.60246 -0.0666062 0.0154725
93000 1.60173 -0.076705 0.0155493
94000 1.58548 -0.0625244 0.0152564
95000 1.62597 -0.0720971 0.0158913
96000 1.62318 -0.0732111 0.0156793
97000 1.54765 -0.0634127 0.0150344
98000 1.59263 -0.0709083 0.0153375
99000 1.59813 -0.0659008 0.0155151
100000 1.58417 -0.0647457 0.0152952
101000 1.56571 -0.0957368 0.015172
102000 1.61236 -0.0724415 0.0156656
103000 1.61592 -0.0941841 0.0154558
104000 1.59853 -0.101348 0.0152064
105000 1.63258 -0.0930455 0.0155833
106000 1.57339 -0.0819729 0.0150664
107000 1.62214 -0.0895764 0.0156126
108000 1.59108 -0.0550149 0.015352
109000 1.61754 -0.0515878 0.0157953
110000 1.62843 -0.0635873 0.0157445
111000 1.57557 -0.0656521 0.0152845
112000 1.61331 -0.0641497 0.0155357
113000 1.62485 -0.0678241 0.0157016
114000 1.62594 -0.0746949 0.0158156
115000 1.59145 -0.0668698 0.0154825
116000 1.58122 -0.0569744 0.0154818
117000 1.61804 -0.0671997 0.0156128
118000 1.56683 -0.0727354 0.0151644
119000 1.59164 -0.0635798 0.0156402
120000 1.59389 -0.0718212 0.0153745
121000 1.57767 -0.0744193 0.0153171
122000 1.60281 -0.084536 0.0154338
123000 1.62803 -0.0667816 0.0158457
124000 1.5581 -0.0707666 0.015141
125000 1.54449 -0.0833916 0.0149072
126000 1.60502 -0.0754111 0.0155361
127000 1.56608 -0.0659389 0.0152369
128000 1.64766 -0.05698 0.0161271
129000 1.60914 -0.0640778 0.0156293
130000 1.56921 -0.0669947 0.015066
131000 1.63571 -0.0784852 0.0158029
132000 1.6471 -0.0728878 0.0160697
133000 1.57632 -0.0642515 0.0153684
134000 1.59218 -0.0705941 0.0153712
135000 1.60935 -0.0861757 0.0158559
136000 1.56059 -0.064336 0.0149495
137000 1.60523 -0.053273 0.0156752
138000 1.56073 -0.0714518 0.0150444
139000 1.54946 -0.0714126 0.0150431
140000 1.64556 -0.0944518 0.0160522
141000 1.59317 -0.0811988 0.0154822
142000 1.57037 -0.0770426 0.0151234
143000 1.63603 -0.0496051 0.0161114
144000 1.55956 -0.0561459 0.0150875
145000 1.60626 -0.0604272 0.0155482
146000 1.62071 -0.0659665 0.0157003
147000 1.57252 -0.0677348 0.0153352
148000 1.63173 -0.0562474 0.0159255
149000 1.60574 -0.0596628 0.0157764
150000 1.59217 -0.0578472 0.0155175
151000 1.6516 -0.0787945 0.0161021
152000 1.54983 -0.0636641 0.0149509
153000 1.65123 -0.0686131 0.0160295
154000 1.60046 -0.0659853 0.0155532
155000 1.58442 -0.0708071 0.0154444
156000 1.60418 -0.0737372 0.0156789
157000 1.62139 -0.0668912 0.0156525
158000 1.60066 -0.0773004 0.0156112
159000 1.60915 -0.0659951 0.0156517
160000 1.59448 -0.0714986 0.0155485
161000 1.62862 -0.067534 0.0157184
162000 1.58804 -0.0779281 0.0155438
163000 1.60837 -0.0711467 0.015707
164000 1.6132 -0.0857218 0.015601
165000 1.59083 -0.0871478 0.0152949
166000 1.57574 -0.0746221 0.0152827
167000 1.55514 -0.0713804 0.0149211
168000 1.59374 -0.0920196 0.0154013
169000 1.62361 -0.0905954 0.0155535
170000 1.59074 -0.0982178 0.0153369
171000 1.5892 -0.0815379 0.0152133
172000 1.63301 -0.0939957 0.0157618
173000 1.57791 -0.0905546 0.015191
174000 1.61623 -0.105835 0.0156712
175000 1.61095 -0.0846015 0.0156447
176000 1.58511 -0.063276 0.0153511
177000 1.57663 -0.0784143 0.0152307
178000 1.58453 -0.0803226 0.0153152
179000 1.62207 -0.0565448 0.015911
180000 1.611 -0.0694004 0.0154746
181000 1.5845 -0.0672471 0.0154176
182000 1.55018 -0.0651103 0.0150541
183000 1.6323 -0.0785643 0.015876
184000 1.60739 -0.078993 0.0152573
185000 1.6336 -0.0891964 0.0156613
186000 1.58797 -0.0785899 0.0152026
187000 1.63493 -0.0868187 0.0158642
188000 1.63294 -0.0782752 0.0157461
189000 1.5421 -0.0694406 0.0147832
190000 1.61089 -0.0468723 0.0157486
191000 1.63579 -0.0579851 0.0160465
192000 1.57578 -0.0613319 0.0153712
193000 1.57238 -0.056893 0.0152935
194000 1.61403 -0.0602465 0.0159285
195000 1.64464 -0.0656646 0.0161108
196000 1.54154 -0.0758652 0.0150598
197000 1.63005 -0.0925039 0.0157911
198000 1.60805 -0.0792317 0.0156066
199000 1.5753 -0.0720836 0.015486
200000 1.57768 -0.0755793 0.0152587
201000 1.58312 -0.0698452 0.0153736
202000 1.59399 -0.0694979 0.0154128
203000 1.6081 -0.0686982 0.0157247
204000 1.65738 -0.0718238 0.0162118
205000 1.53684 -0.0965841 0.0145411
206000 1.63259 -0.094259 0.0155256
207000 1.53375 -0.0728165 0.0148273
208000 1.66975 -0.066343 0.0161992
209000 1.55787 -0.0942996 0.0147101
210000 1.65226 -0.0776255 0.0160739
211000 1.54123 -0.0828723 0.0148668
212000 1.56618 -0.0600832 0.0152508
213000 1.66291 -0.069457 0.0159425
214000 1.55016 -0.0604827 0.0150626
215000 1.62609 -0.0510634 0.0158771
216000 1.59573 -0.0769803 0.0153729
217000 1.62849 -0.0684008 0.016025
218000 1.58111 -0.0534035 0.0154274
219000 1.63172 -0.0617568 0.0159255
220000 1.65723 -0.0740258 0.0159327
221000 1.53712 -0.0894673 0.0146689
222000 1.60236 -0.0784599 0.0154898
223000 1.63596 -0.0837547 0.0159367
224000 1.64382 -0.0580372 0.0161165
225000 1.55088 -0.056229 0.0150982
226000 1.62311 -0.0816498 0.0158684
227000 1.6041 -0.0687546 0.0154736
228000 1.58772 -0.0633105 0.015505
229000 1.63726 -0.0515142 0.0159744
230000 1.57044 -0.0713545 0.0150202
231000 1.58608 -0.0674352 0.015431
232000 1.59145 -0.0853556 0.015323
233000 1.60821 -0.0860282 0.0153681
234000 1.57786 -0.0725684 0.0152389
235000 1.60163 -0.072296 0.0156119
236000 1.61931 -0.0767633 0.0156685
237000 1.61444 -0.0743512 0.0155997
238000 1.60661 -0.0808641 0.015508
239000 1.59801 -0.0749728 0.0156709
240000 1.61699 -0.080771 0.0154345
241000 1.64114 -0.0776509 0.0158669
242000 1.56721 -0.0458665 0.0154001
243000 1.65421 -0.059705 0.0159545
244000 1.61394 -0.056054 0.0158365
245000 1.63624 -0.0750592 0.0157329
246000 1.59722 -0.0682266 0.0154482
247000 1.53833 -0.0782244 0.0147889
248000 1.58392 -0.0680869 0.0153915
249000 1.65601 -0.0703266 0.0162061
250000 1.60567 -0.0663089 0.0156146
251000 1.57465 -0.060859 0.0152248
252000 1.62144 -0.0668234 0.0157627
253000 1.61045 -0.0651661 0.0156149
254000 1.61584 -0.0646364 0.015681
255000 1.62785 -0.061896 0.0158909
256000 1.61316 -0.0718283 0.0156213
257000 1.59774 -0.0658967 0.0153989
258000 1.62012 -0.07863 0.0154632
259000 1.57704 -0.0692319 0.0154199
260000 1.64523 -0.0905299 0.0157971
261000 1.55626 -0.0778256 0.0149499
262000 1.66063 -0.0832847 0.0163024
263000 1.55766 -0.0728873 0.0150718
264000 1.62009 -0.0906246 0.0156313
265000 1.60836 -0.0743398 0.0155089
266000 1.55959 -0.0875945 0.0150169
267000 1.58524 -0.0875026 0.0152565
268000 1.5741 -0.103575 0.0150177
269000 1.57459 -0.1129 0.0150182
270000 1.59945 -0.114125 0.0152754
271000 1.58438 -0.0995403 0.0152391
272000 1.63337 -0.100999 0.0156623
273000 1.60155 -0.093328 0.0152943
274000 1.56234 -0.10812 0.015077
275000 1.64708 -0.0730458 0.0157845
276000 1.61325 -0.0703034 0.0157425
277000 1.56886 -0.0694629 0.0152864
278000 1.58055 -0.0496367 0.0155148
279000 1.60024 -0.0606581 0.0157654
280000 1.57825 -0.0669688 0.0153478
281000 1.59374 -0.0527882 0.0155185
282000 1.57745 -0.0657112 0.015559
283000 1.63571 -0.0622543 0.0158773
284000 1.58296 -0.060016 0.0152207
285000 1.55716 -0.0657794 0.0152571
286000 1.66446 -0.0617146 0.0162509
287000 1.58513 -0.0733885 0.0152488
288000 1.59996 -0.0677586 0.0155505
289000 1.61612 -0.0834201 0.015595
290000 1.60858 -0.0705675 0.0157841
291000 1.63106 -0.063477 0.0160035
292000 1.58916 -0.0762556 0.0154101
293000 1.60491 -0.0678812 0.0155066
294000 1.5811 -0.0773951 0.0151958
295000 1.60053 -0.0605532 0.0155545
296000 1.61519 -0.0521121 0.0155516
297000 1.53592 -0.0624669 0.0148592
298000 1.55856 -0.0757384 0.0152973
299000 1.58551 -0.0784911 0.0153158
300000 1.64817 -0.0627805 0.0160273
301000 1.58481 -0.0597123 0.0153779
302000 1.59587 -0.0622443 0.0155619
303000 1.61691 -0.0596051 0.0155804
304000 1.61894 -0.0845448 0.0156817
305000 1.54786 -0.0670711 0.0149867
306000 1.64657 -0.0731505 0.0161966
307000 1.62289 -0.0689924 0.0156827
308000 1.57775 -0.080583 0.0151988
309000 1.62305 -0.0748875 0.0156764
310000 1.59662 -0.073706 0.015606
311000 1.54857 -0.066912 0.0151802
312000 1.60855 -0.0590518 0.0156866
313000 1.56462 -0.0719832 0.0153194
314000 1.53449 -0.0853269 0.0147886
315000 1.64198 -0.0806343 0.0158572
316000 1.57264 -0.0637673 0.015411
317000 1.58513 -0.051165 0.0153902
318000 1.57026 -0.0697593 0.0151982
319000 1.60041 -0.0750479 0.0154862
320000 1.54985 -0.0664577 0.01508
321000 1.61983 -0.0802313 0.0157601
322000 1.6026 -0.075714 0.0155554
323000 1.60416 -0.0788799 0.0154846
324000 1.61258 -0.0686435 0.0155962
325000 1.60688 -0.0634187 0.0157128
326000 1.57815 -0.0692583 0.0153801
327000 1.61873 -0.0706235 0.0157111
328000 1.58107 -0.0710995 0.0153304
329000 1.57939 -0.081679 0.015213
330000 1.58329 -0.0536453 0.0154253
331000 1.54889 -0.0578796 0.0151294
332000 1.56152 -0.062757 0.0153182
333000 1.59042 -0.0601726 0.0155256
334000 1.62385 -0.081833 0.0157597
335000 1.60853 -0.0959018 0.0155082
336000 1.58971 -0.12257 0.0151767
337000 1.5446 -0.114851 0.0147925
338000 1.60209 -0.0944405 0.0153574
339000 1.56878 -0.0802553 0.0150746
340000 1.6157 -0.0794034 0.0157832
341000 1.58878 -0.0655274 0.0153572
342000 1.58345 -0.0631967 0.0154469
343000 1.60042 -0.0796865 0.0153048
344000 1.59596 -0.0867234 0.0152892
345000 1.6783 -0.0662702 0.0162508
346000 1.60574 -0.0776109 0.0153998
347000 1.53787 -0.055092 0.0150816
348000 1.64236 -0.0693364 0.0159347
349000 1.58632 -0.0616488 0.0154091
350000 1.6493 -0.05103 0.0160894
351000 1.54763 -0.0688812 0.0148697
352000 1.55796 -0.0766761 0.0150801
353000 1.6106 -0.0804295 0.0154655
354000 1.59908 -0.0660834 0.0154913
355000 1.58807 -0.0747256 0.0153643
356000 1.5964 -0.0856983 0.0152409
357000 1.58103 -0.0543585 0.0154158
358000 1.63266 -0.0633185 0.0160414
359000 1.62013 -0.0505585 0.0158604
360000 1.53399 -0.0634832 0.0148504
361000 1.63295 -0.060792 0.0159124
362000 1.61841 -0.0662121 0.0156198
363000 1.55884 -0.067758 0.015015
364000 1.6238 -0.0711222 0.0155247
365000 1.61157 -0.0836101 0.0155091
366000 1.57528 -0.0746461 0.0152993
367000 1.58984 -0.0632813 0.0153734
368000 1.59492 -0.0540507 0.0155793
369000 1.59306 -0.0722906 0.0154772
370000 1.54491 -0.0623648 0.0148898
371000 1.59734 -0.0566187 0.0155758
372000 1.59178 -0.0925443 0.0155705
373000 1.57708 -0.0626167 0.0154302
374000 1.60009 -0.0640518 0.0155699
375000 1.59114 -0.0663784 0.0154944
376000 1.57205 -0.0932353 0.0153586
377000 1.59093 -0.0860035 0.0152395
378000 1.61102 -0.073295 0.0157094
379000 1.58836 -0.0606583 0.0154145
380000 1.63261 -0.0732192 0.0156326
381000 1.5331 -0.0670816 0.0150103
382000 1.65049 -0.0831582 0.0159693
383000 1.54942 -0.0920185 0.0148474
384000 1.62607 -0.0743435 0.0158122
385000 1.5301 -0.0703629 0.0149524
386000 1.63437 -0.0531938 0.0159664
387000 1.61895 -0.0644732 0.0158401
388000 1.59442 -0.0901823 0.015403
389000 1.59469 -0.0821647 0.0153231
390000 1.61169 -0.0796836 0.0155291
391000 1.59807 -0.075865 0.0154077
392000 1.65166 -0.0736722 0.0161983
393000 1.56371 -0.0604731 0.0152502
394000 1.61258 -0.0528531 0.0157084
395000 1.59008 -0.0426583 0.0155967
396000 1.59251 -0.0764685 0.0154857
397000 1.58125 -0.0748467 0.0152561
398000 1.61812 -0.0761639 0.0157072
399000 1.54317 -0.0658848 0.0147717
400000 1.63853 -0.0815816 0.0158485
401000 1.54799 -0.0730933 0.0150215
402000 1.5976 -0.0774883 0.015561
403000 1.59211 -0.0682038 0.0155379
404000 1.58401 -0.0791908 0.0151195
405000 1.54394 -0.064801 0.0148897
406000 1.57469 -0.0575415 0.0152177
407000 1.63605 -0.057403 0.0161798
408000 1.5527 -0.0735432 0.0150963
409000 1.63325 -0.0693036 0.0157093
410000 1.58228 -0.0726167 0.015327
411000 1.63792 -0.0515843 0.0161059
412000 1.61882 -0.0812316 0.0156587
413000 1.64054 -0.0906646 0.0158728
414000 1.63034 -0.0764453 0.0157371
415000 1.57547 -0.0574545 0.015431
416000 1.5709 -0.04879 0.0154451
417000 1.66223 -0.0679475 0.0161056
418000 1.56221 -0.0742371 0.0151508
419000 1.63372 -0.0637935 0.0157887
420000 1.59319 -0.0781423 0.0154037
421000 1.62357 -0.07104 0.0156878
422000 1.58987 -0.069723 0.0153667
423000 1.5838 -0.0890503 0.0154085
424000 1.60142 -0.0682464 0.0155728
425000 1.61021 -0.0816422 0.0155147
426000 1.58925 -0.0851873 0.0151857
427000 1.59007 -0.0931293 0.0152749
428000 1.58593 -0.0911035 0.0151929
429000 1.55465 -0.0844129 0.0151662
430000 1.64727 -0.0636234 0.0159812
431000 1.59933 -0.0601176 0.0155893
432000 1.62358 -0.0574667 0.0158529
433000 1.58296 -0.0682262 0.0154165
434000 1.58351 -0.0591712 0.0151647
435000 1.58017 -0.0700011 0.0154289
436000 1.6176 -0.052343 0.015858
437000 1.61491 -0.0710168 0.015663
438000 1.58174 -0.0754206 0.0153371
439000 1.65133 -0.0837652 0.0158218
440000 1.57144 -0.0851933 0.0152426
441000 1.57392 -0.0658722 0.0152452
442000 1.57835 -0.0686219 0.0153549
443000 1.55685 -0.0795521 0.0152936
444000 1.6086 -0.0807644 0.0155285
445000 1.56713 -0.106178 0.0149558
446000 1.59887 -0.104448 0.0152113
447000 1.63914 -0.103729 0.0156007
448000 1.64067 -0.0904892 0.015853
449000 1.60012 -0.0634379 0.015468
450000 1.61217 -0.0779813 0.0159307
451000 1.60655 -0.0776371 0.0153665
452000 1.65494 -0.0774627 0.0161566
453000 1.55473 -0.0751312 0.0150099
454000 1.59921 -0.067111 0.0153031
455000 1.63105 -0.0806752 0.0157285
456000 1.5911 -0.0858485 0.0153516
457000 1.55404 -0.0856528 0.0147786
458000 1.63558 -0.078433 0.0157766
459000 1.62105 -0.113938 0.0152884
460000 1.63936 -0.113991 0.0156393
461000 1.55444 -0.0927931 0.0150503
462000 1.57704 -0.0954246 0.0153063
463000 1.57262 -0.0816297 0.01506
464000 1.61089 -0.0641567 0.0154718
465000 1.64802 -0.0836672 0.0159075
466000 1.57595 -0.07176 0.0152771
467000 1.61878 -0.0751719 0.0156823
468000 1.60745 -0.0617694 0.0157738
469000 1.59146 -0.0587137 0.0155172
470000 1.57513 -0.0655145 0.0151331
471000 1.62377 -0.074852 0.0159097
472000 1.61221 -0.0754867 0.0154952
473000 1.58739 -0.0614075 0.0155372
474000 1.5781 -0.0787544 0.0155123
475000 1.58571 -0.0739846 0.0152969
476000 1.60245 -0.0728237 0.0154148
477000 1.58827 -0.0742111 0.0153187
478000 1.62869 -0.0708205 0.0156465
479000 1.58376 -0.0830156 0.015286
480000 1.6132 -0.0910579 0.0154856
481000 1.57901 -0.0749469 0.015284
482000 1.5673 -0.0532762 0.0153033
483000 1.65406 -0.0752054 0.0158325
484000 1.5888 -0.0891794 0.0152104
485000 1.584 -0.0698298 0.0152969
486000 1.64617 -0.0707455 0.015852
487000 1.59785 -0.079543 0.0154194
488000 1.57925 -0.0765149 0.0152387
489000 1.5773 -0.0817304 0.015068
490000 1.58514 -0.077443 0.0152399
491000 1.55766 -0.0782764 0.015023
492000 1.55953 -0.0596842 0.015366
493000 1.65799 -0.0624345 0.0162123
494000 1.55369 -0.0801593 0.014874
495000 1.58858 -0.0707831 0.0154133
496000 1.61765 -0.0787784 0.015591
497000 1.61264 -0.0697075 0.0155231
498000 1.58784 -0.074147 0.0153656
499000 1.58475 -0.0823877 0.0153838
500000 1.61901 -0.0879372 0.0154416
501000 1.59408 -0.0697809 0.0152968
502000 1.57128 -0.0785918 0.0151193
503000 1.57687 -0.0646091 0.0151901
504000 1.62794 -0.0635457 0.0158213
505000 1.58365 -0.0596224 0.0153425
506000 1.55143 -0.0899818 0.01493
507000 1.62142 -0.0852174 0.0155013
508000 1.6166 -0.0835414 0.0156674
509000 1.57827 -0.0875136 0.0151109
510000 1.56619 -0.0763936 0.0151957
511000 1.56728 -0.0572561 0.0152905
512000 1.57263 -0.0721328 0.015297
513000 1.64189 -0.0580041 0.0159824
514000 1.56248 -0.0598174 0.0151639
515000 1.56784 -0.073141 0.0151366
516000 1.6224 -0.0860635 0.0155429
517000 1.5803 -0.0810537 0.0152888
518000 1.6048 -0.0750359 0.015509
519000 1.632 -0.0745225 0.0157254
520000 1.54099 -0.0607165 0.0150446
521000 1.6513 -0.0625535 0.0159755
522000 1.62864 -0.0831022 0.0159229
523000 1.61941 -0.0582464 0.0158293
524000 1.62168 -0.0680348 0.0156314
525000 1.62305 -0.059491 0.0160542
526000 1.54854 -0.0558782 0.0151439
527000 1.64377 -0.0737786 0.0158512
528000 1.58866 -0.0670169 0.0153714
529000 1.58736 -0.0700366 0.0153248
530000 1.61133 -0.0705065 0.0155619
531000 1.60878 -0.0822654 0.0154598
532000 1.65285 -0.0794316 0.0160247
533000 1.61706 -0.0706704 0.0156229
534000 1.59936 -0.061318 0.0153886
535000 1.58188 -0.0479135 0.0155909
536000 1.59497 -0.0591132 0.0155227
537000 1.6238 -0.0573147 0.0157828
538000 1.61297 -0.0608259 0.0159383
539000 1.63764 -0.0879345 0.015665
540000 1.55044 -0.0820218 0.0149742
541000 1.60932 -0.0807758 0.0156056
542000 1.63585 -0.0845097 0.0157793
543000 1.55875 -0.0659887 0.0149439
544000 1.64853 -0.0493098 0.0161593
545000 1.62921 -0.0514252 0.0159431
546000 1.54714 -0.0642216 0.0148338
547000 1.65238 -0.0572907 0.0161356
548000 1.57094 -0.0591109 0.0154297
549000 1.62339 -0.0524691 0.0158759
550000 1.63167 -0.0652062 0.0157586
551000 1.57841 -0.0635011 0.0152338
552000 1.56196 -0.068012 0.0152013
553000 1.64274 -0.0618271 0.0159343
554000 1.61748 -0.0631666 0.0156156
555000 1.56319 -0.0688677 0.0149477
556000 1.58889 -0.0802815 0.015203
557000 1.59201 -0.0834963 0.0154211
558000 1.56375 -0.0701233 0.0150988
559000 1.62864 -0.0876504 0.0157759
560000 1.61494 -0.0773021 0.0154451
561000 1.59963 -0.050319 0.0156487
562000 1.56031 -0.0872046 0.0149467
563000 1.62767 -0.092138 0.0157799
564000 1.65246 -0.0798112 0.0160454
565000 1.55719 -0.0806553 0.0150705
566000 1.6016 -0.0831994 0.0154154
567000 1.6473 -0.0990381 0.0157273
568000 1.5831 -0.0797566 0.0154187
569000 1.59242 -0.0602498 0.0154226
570000 1.64578 -0.0656946 0.0159724
571000 1.64787 -0.0675609 0.0158813
572000 1.58283 -0.0847949 0.0152046
573000 1.57094 -0.0816088 0.0151028
574000 1.62365 -0.0559543 0.0157449
575000 1.62309 -0.056107 0.0157709
576000 1.54781 -0.0652354 0.015059
577000 1.65612 -0.068539 0.0160425
578000 1.56114 -0.0646333 0.0152861
579000 1.65334 -0.0620014 0.0159934
580000 1.57423 -0.0649433 0.0152958
581000 1.5657 -0.0952589 0.0151095
582000 1.58689 -0.0878095 0.0152863
583000 1.57845 -0.0749115 0.0153313
584000 1.60955 -0.073658 0.0155993
585000 1.59145 -0.0879664 0.0153448
586000 1.5882 -0.0698337 0.0154189
587000 1.56238 -0.0848523 0.0150384
588000 1.65942 -0.0733256 0.0160179
589000 1.53236 -0.0756398 0.0147495
590000 1.63423 -0.0737842 0.0157631
591000 1.60692 -0.0759598 0.0155529
592000 1.56516 -0.0696425 0.0151635
593000 1.61742 -0.0728732 0.01542
594000 1.63247 -0.0559412 0.015951
595000 1.60515 -0.067168 0.0157597
596000 1.59278 -0.0762078 0.0155029
597000 1.60605 -0.0637464 0.0157368
598000 1.60099 -0.0694131 0.0155941
599000 1.60293 -0.0737109 0.0153609
600000 1.62257 -0.0607262 0.015921
601000 1.62466 -0.0560089 0.015692
602000 1.55317 -0.0432002 0.0151071
603000 1.60586 -0.0640403 0.0157196
604000 1.63312 -0.0617081 0.0157932
605000 1.54885 -0.0820162 0.01491
606000 1.62124 -0.0641642 0.0157374
607000 1.63685 -0.0800044 0.0158501
608000 1.6457 -0.0695435 0.0160245
609000 1.55838 -0.0645088 0.0151023
610000 1.59373 -0.0703079 0.0155053
611000 1.61562 -0.0670151 0.015874
612000 1.60696 -0.0831485 0.0155285
613000 1.62177 -0.0679016 0.0159424
614000 1.55695 -0.0839436 0.014997
615000 1.63584 -0.0736365 0.0157865
616000 1.54365 -0.0787667 0.0148003
617000 1.62752 -0.065038 0.0157834
618000 1.63306 -0.081746 0.015811
619000 1.57758 -0.0792952 0.0152065
620000 1.59026 -0.0772494 0.0152753
621000 1.58509 -0.0802967 0.0154321
622000 1.59807 -0.0749684 0.0156019
623000 1.60688 -0.0555609 0.0155815
624000 1.56908 -0.0770832 0.0152229
625000 1.62987 -0.083886 0.0157111
626000 1.61907 -0.0779304 0.0156128
627000 1.57307 -0.0764102 0.0153154
628000 1.62841 -0.0603285 0.0157644
629000 1.54576 -0.0688914 0.0148416
630000 1.61424 -0.0633041 0.0156684
631000 1.58494 -0.074265 0.0155303
632000 1.58218 -0.100937 0.0153012
633000 1.58834 -0.0862475 0.0154487
634000 1.61931 -0.0657318 0.0159203
635000 1.58176 -0.0687179 0.01544
636000 1.64247 -0.0743567 0.0160897
637000 1.563 -0.0571293 0.0152643
638000 1.65725 -0.0715582 0.0160145
639000 1.55359 -0.0836615 0.0151489
640000 1.58978 -0.0932083 0.0152744
641000 1.59668 -0.087637 0.0155821
642000 1.56292 -0.0673636 0.0151612
643000 1.57559 -0.075303 0.0152349
644000 1.57181 -0.0819286 0.0151731
645000 1.67372 -0.0688116 0.0162759
646000 1.55157 -0.0746668 0.0151777
647000 1.59647 -0.0776929 0.0155665
648000 1.5966 -0.0742478 0.0155114
649000 1.62336 -0.0768326 0.015463
650000 1.53029 -0.0931534 0.0147463
651000 1.65039 -0.0998244 0.0159487
652000 1.56019 -0.0770614 0.0151583
653000 1.62983 -0.0870786 0.0158123
654000 1.62024 -0.103421 0.0155431
655000 1.57853 -0.0963138 0.0152322
656000 1.64605 -0.0656184 0.01606
657000 1.64659 -0.0587085 0.0159357
658000 1.56415 -0.0597251 0.0152043
659000 1.68021 -0.063635 0.0162199
660000 1.59474 -0.0690275 0.0153763
661000 1.53146 -0.0801357 0.0146363
662000 1.60907 -0.0868609 0.0156078
663000 1.61686 -0.0817872 0.0156028
664000 1.5911 -0.0936744 0.0153533
665000 1.59229 -0.0659519 0.0154634
666000 1.6178 -0.0659924 0.015657
667000 1.57462 -0.0868177 0.0151706
668000 1.58786 -0.0978834 0.0152334
669000 1.58464 -0.0795216 0.0152826
670000 1.58453 -0.0875828 0.0154525
671000 1.57734 -0.0660948 0.0152229
672000 1.60564 -0.0640886 0.0154566
673000 1.61648 -0.0664669 0.015719
674000 1.61587 -0.0845946 0.015593
675000 1.60637 -0.093947 0.0152566
676000 1.60077 -0.088544 0.0153074
677000 1.5607 -0.0875864 0.015048
678000 1.61989 -0.0872622 0.0153147
679000 1.61682 -0.0915106 0.0154921
680000 1.59859 -0.0855929 0.0153173
681000 1.60345 -0.0635749 0.0157077
682000 1.61984 -0.0692719 0.0156734
683000 1.6171 -0.0719637 0.0157586
684000 1.60829 -0.0720573 0.0158358
685000 1.60986 -0.0751499 0.0155689
686000 1.60865 -0.0725011 0.0155329
687000 1.58173 -0.0645243 0.0152941
688000 1.62634 -0.062025 0.0158854
689000 1.65013 -0.053991 0.0159775
690000 1.56494 -0.0719644 0.014972
691000 1.59615 -0.0714954 0.0153648
692000 1.58051 -0.0589666 0.0154748
693000 1.60198 -0.0558084 0.015532
694000 1.64159 -0.0686519 0.0158468
695000 1.56876 -0.0885979 0.0151088
696000 1.59632 -0.0672017 0.0154231
697000 1.58632 -0.0760698 0.0154041
698000 1.56981 -0.0752254 0.0151102
699000 1.57424 -0.100961 0.0151234
700000 1.57365 -0.100289 0.0150255
701000 1.64648 -0.099389 0.0157753
702000 1.64058 -0.0655233 0.0159027
703000 1.55192 -0.058129 0.014968
704000 1.59788 -0.0693052 0.015313
705000 1.62359 -0.0722896 0.0156353
706000 1.57882 -0.0628333 0.0153601
707000 1.62225 -0.0639932 0.015762
708000 1.60579 -0.0630696 0.0156502
709000 1.54981 -0.0706048 0.0150521
710000 1.63063 -0.0699349 0.0157758
711000 1.59424 -0.0710132 0.0156103
712000 1.6386 -0.0584405 0.0158938
713000 1.59021 -0.0601827 0.0154592
714000 1.58766 -0.0815086 0.0154432
715000 1.59187 -0.0816946 0.0152766
716000 1.60952 -0.0779485 0.0153153
717000 1.54846 -0.0638296 0.0151274
718000 1.64271 -0.0644469 0.0160338
719000 1.64007 -0.0648844 0.0159425
720000 1.58797 -0.0846144 0.015317
721000 1.60454 -0.0783706 0.0156441
722000 1.6087 -0.0766853 0.0156766
723000 1.56073 -0.0718791 0.0151461
724000 1.6267 -0.0591 0.0158295
725000 1.6034 -0.065213 0.0155953
726000 1.58926 -0.0667597 0.0154677
727000 1.62846 -0.0716175 0.0156869
728000 1.59806 -0.110505 0.0154191
729000 1.61636 -0.114046 0.0154305
730000 1.60125 -0.0824263 0.0154307
731000 1.59234 -0.0763867 0.0155895
732000 1.5672 -0.0714305 0.0151944
733000 1.61643 -0.07349 0.0155928
734000 1.6105 -0.0540446 0.0156422
735000 1.5661 -0.0636624 0.0153603
736000 1.59033 -0.0466871 0.0157932
737000 1.61343 -0.0615498 0.0157151
738000 1.59694 -0.0596289 0.0154752
739000 1.60359 -0.0586169 0.0156391
740000 1.62864 -0.0702578 0.0157528
741000 1.64095 -0.0599411 0.0158454
742000 1.5639 -0.0654499 0.0151258
743000 1.56356 -0.0599973 0.0151383
744000 1.64191 -0.0572705 0.0162014
745000 1.60252 -0.0658558 0.0156099
746000 1.54576 -0.0779061 0.0148872
747000 1.64196 -0.0834988 0.0157984
748000 1.62172 -0.0797566 0.0156871
749000 1.64813 -0.0964671 0.0159699
750000 1.58668 -0.0898172 0.0151857
751000 1.58027 -0.0687707 0.0152701
752000 1.62314 -0.0750784 0.015757
753000 1.64234 -0.0785521 0.0159686
754000 1.54755 -0.0715749 0.015024
755000 1.60553 -0.0778526 0.0153695
756000 1.61151 -0.0647971 0.0155523
757000 1.59961 -0.0676354 0.0156657
758000 1.59815 -0.0771899 0.0154848
759000 1.62238 -0.0670483 0.0155392
760000 1.57801 -0.0751271 0.0150508
761000 1.62082 -0.0713558 0.0158075
762000 1.59819 -0.0756793 0.0155322
763000 1.62172 -0.0970598 0.0156991
764000 1.59933 -0.0942325 0.0153043
765000 1.57611 -0.0999864 0.0151506
766000 1.58377 -0.0781944 0.0153945
767000 1.6151 -0.0755366 0.0157524
768000 1.62518 -0.0906401 0.0156408
769000 1.62346 -0.092776 0.0156921
770000 1.55785 -0.0669392 0.0150847
771000 1.64265 -0.0703963 0.0161177
772000 1.63432 -0.0590389 0.0159154
773000 1.62345 -0.0689662 0.0158705
774000 1.61681 -0.0796811 0.0157759
775000 1.63337 -0.0684635 0.0158678
776000 1.54363 -0.0565346 0.014947
777000 1.62058 -0.0783567 0.0157917
778000 1.62858 -0.069593 0.0162296
779000 1.53924 -0.0670781 0.0148164
780000 1.62514 -0.0782539 0.0157507
781000 1.6541 -0.076791 0.0159618
782000 1.59886 -0.0672287 0.0155249
783000 1.56822 -0.0631352 0.0152773
784000 1.58993 -0.0843074 0.0154766
785000 1.62426 -0.0685767 0.0156227
786000 1.52532 -0.0821376 0.0150084
787000 1.65772 -0.089941 0.0159111
788000 1.60114 -0.0862416 0.0153816
789000 1.56282 -0.0726648 0.0152544
790000 1.63802 -0.0806977 0.0159667
791000 1.66392 -0.0612712 0.0162083
792000 1.58805 -0.0721761 0.0155482
793000 1.54801 -0.081665 0.015058
794000 1.58301 -0.0711806 0.0152788
795000 1.61701 -0.0535914 0.0158384
796000 1.59363 -0.0679592 0.0156167
797000 1.64316 -0.0740004 0.0157291
798000 1.54647 -0.0518364 0.0150181
799000 1.56283 -0.0604556 0.0151601
800000 1.6482 -0.0539479 0.0161454
801000 1.6236 -0.0559453 0.0157795
802000 1.53975 -0.0701898 0.0149768
803000 1.64026 -0.0686192 0.0159632
804000 1.64375 -0.0694987 0.0158344
805000 1.56622 -0.0858151 0.0149595
806000 1.57231 -0.0784447 0.0152825
807000 1.64642 -0.0604735 0.016007
808000 1.55909 -0.0585669 0.0150973
809000 1.56056 -0.0613341 0.0151402
810000 1.63017 -0.0874279 0.0156305
811000 1.56671 -0.0677628 0.0152639
812000 1.57753 -0.0650289 0.0153252
813000 1.58897 -0.049596 0.0154406
814000 1.58563 -0.0809219 0.015423
815000 1.60257 -0.0622252 0.0157115
816000 1.61792 -0.080736 0.0156903
817000 1.59772 -0.0780065 0.0155151
818000 1.6283 -0.0710147 0.0159556
819000 1.57675 -0.0626188 0.0152051
820000 1.60984 -0.0646678 0.0155948
821000 1.57487 -0.0598467 0.0154118
822000 1.58204 -0.0650532 0.015271
823000 1.56344 -0.0680179 0.015247
824000 1.64978 -0.0664719 0.0159244
825000 1.57834 -0.0751856 0.0152516
826000 1.62209 -0.0688454 0.0157159
827000 1.64877 -0.0534849 0.0161751
828000 1.58932 -0.0648962 0.0152264
829000 1.56436 -0.0670185 0.0151463
830000 1.63485 -0.075073 0.0158769
831000 1.5867 -0.0764306 0.0154846
832000 1.61276 -0.0617383 0.015826
833000 1.60455 -0.0592768 0.0157747
834000 1.60211 -0.0700932 0.015231
835000 1.6016 -0.0635808 0.0156015
836000 1.62811 -0.0575678 0.0158962
837000 1.58534 -0.0690687 0.0154412
838000 1.589 -0.0637729 0.0153716
839000 1.59931 -0.053761 0.0156715
840000 1.59957 -0.0568617 0.0154611
841000 1.59278 -0.0778579 0.0154244
842000 1.60265 -0.0659668 0.0154611
843000 1.62888 -0.0720798 0.0158204
844000 1.58892 -0.0480383 0.0154112
845000 1.59639 -0.0506263 0.015718
846000 1.61466 -0.0691686 0.0155584
847000 1.61278 -0.0909007 0.0154397
848000 1.58676 -0.0792289 0.015504
849000 1.60793 -0.075822 0.0154484
850000 1.55169 -0.0843327 0.0148716
851000 1.64121 -0.0733078 0.0158565
852000 1.65742 -0.0780311 0.0160669
853000 1.58079 -0.0603189 0.0151975
854000 1.56281 -0.0849541 0.0149508
855000 1.67371 -0.111466 0.016124
856000 1.59222 -0.0822787 0.0155783
857000 1.59897 -0.0695439 0.0155119
858000 1.59208 -0.0781745 0.0153711
859000 1.62438 -0.0833531 0.0158797
860000 1.62297 -0.0820809 0.0155589
861000 1.57828 -0.0775568 0.0152292
862000 1.63175 -0.0675762 0.0158979
863000 1.54419 -0.078693 0.0150606
864000 1.65681 -0.0878086 0.0158681
865000 1.57457 -0.0874581 0.0149311
866000 1.64918 -0.0763577 0.0158181
867000 1.55432 -0.0629621 0.0149437
868000 1.62064 -0.0825295 0.0157665
869000 1.62936 -0.0794571 0.0157285
870000 1.54654 -0.0736511 0.0150872
871000 1.6371 -0.0773374 0.0157342
872000 1.63425 -0.0858063 0.0159362
873000 1.58114 -0.0572141 0.0154671
874000 1.61813 -0.0619949 0.0156516
875000 1.59162 -0.0569698 0.0155014
876000 1.643 -0.0662069 0.0160379
877000 1.61719 -0.0685473 0.0158826
878000 1.5736 -0.0618511 0.0152929
879000 1.65423 -0.0869534 0.0160118
880000 1.6285 -0.0897391 0.0155974
881000 1.59849 -0.0784684 0.0155427
882000 1.61189 -0.0962187 0.0154576
883000 1.625 -0.0898337 0.0156093
884000 1.61648 -0.0910776 0.0158503
885000 1.60249 -0.0656669 0.0155991
886000 1.53771 -0.0862357 0.014768
887000 1.58181 -0.0765603 0.0153925
888000 1.6004 -0.0766124 0.0154352
889000 1.60141 -0.0841584 0.0154646
890000 1.56704 -0.0702606 0.0150927
891000 1.60177 -0.0601711 0.0156131
892000 1.59223 -0.061075 0.0155263
893000 1.67526 -0.0465704 0.0164932
894000 1.55112 -0.0504144 0.0151177
895000 1.63118 -0.0675229 0.0159175
896000 1.57451 -0.0653059 0.0154025
897000 1.59509 -0.0912248 0.0152697
898000 1.57252 -0.0899306 0.0150949
899000 1.60407 -0.0628171 0.0156239
900000 1.54905 -0.0631647 0.014907
901000 1.64724 -0.0517345 0.0161544
902000 1.54038 -0.0640056 0.014899
903000 1.62779 -0.0575875 0.0157399
904000 1.58446 -0.0609568 0.0153362
905000 1.6346 -0.0588511 0.0158301
906000 1.63054 -0.0621094 0.0158003
907000 1.59618 -0.0734312 0.0155007
908000 1.62049 -0.0721047 0.0159781
909000 1.62407 -0.0949697 0.0156349
910000 1.55844 -0.0908656 0.0151527
911000 1.59514 -0.0869443 0.0154324
912000 1.60529 -0.079964 0.0154409
913000 1.59829 -0.0765277 0.0155111
914000 1.6069 -0.0712207 0.0156698
915000 1.62936 -0.0516869 0.0158108
916000 1.59498 -0.0793288 0.0153357
917000 1.6061 -0.0609999 0.0156177
918000 1.61666 -0.0718729 0.0158525
919000 1.54239 -0.067444 0.0150279
920000 1.64315 -0.0918993 0.0158953
921000 1.57632 -0.0937476 0.0151387
922000 1.59359 -0.0876681 0.015476
923000 1.57135 -0.0969928 0.01514
924000 1.64454 -0.0778897 0.0158637
925000 1.61109 -0.0718198 0.0156335
926000 1.54931 -0.0753067 0.0149682
927000 1.61702 -0.0743332 0.0157329
928000 1.6252 -0.06417 0.0159659
929000 1.62326 -0.0705682 0.0158049
930000 1.5777 -0.0802782 0.0150477
931000 1.62955 -0.0836487 0.0156819
932000 1.57935 -0.0723492 0.0154199
933000 1.58512 -0.0851751 0.0152168
934000 1.58136 -0.074994 0.0153074
935000 1.6556 -0.0786912 0.0161006
936000 1.60236 -0.0755722 0.0154842
937000 1.5941 -0.0866715 0.0153616
938000 1.60933 -0.0896241 0.0156403
939000 1.59732 -0.0844285 0.0153394
940000 1.63294 -0.0693604 0.0156552
941000 1.58485 -0.0553724 0.0154627
942000 1.59035 -0.0785604 0.0154967
943000 1.61933 -0.073068 0.0156706
944000 1.56267 -0.0635764 0.0150851
945000 1.64098 -0.0581782 0.0158082
946000 1.59811 -0.0543016 0.015666
947000 1.62412 -0.0734903 0.015785
948000 1.60714 -0.0822462 0.015537
949000 1.61952 -0.0703344 0.0157499
950000 1.60157 -0.0751481 0.0153278
951000 1.60493 -0.0580545 0.0156035
952000 1.61645 -0.0942458 0.0155096
953000 1.67101 -0.0829866 0.0160065
954000 1.5988 -0.0849735 0.0154036
955000 1.62899 -0.0722395 0.0156489
956000 1.55962 -0.0722376 0.0150167
957000 1.63627 -0.0583828 0.015891
958000 1.61372 -0.0599022 0.0155949
959000 1.5873 -0.0644813 0.0155387
960000 1.59212 -0.0696332 0.0154995
961000 1.59895 -0.0629092 0.0155959
962000 1.57989 -0.0538117 0.0153668
963000 1.61769 -0.056744 0.0158809
964000 1.61125 -0.0793 0.0156078
965000 1.57909 -0.0864444 0.0151043
966000 1.57423 -0.086673 0.0151433
967000 1.59394 -0.0940488 0.0153365
968000 1.61523 -0.0809178 0.0159545
969000 1.57013 -0.0870498 0.015048
970000 1.60595 -0.0756993 0.0155244
971000 1.61019 -0.0783895 0.0152891
972000 1.57372 -0.0623653 0.0152477
973000 1.63992 -0.0717554 0.0158904
974000 1.5954 -0.0855483 0.0153763
975000 1.6142 -0.080329 0.0156816
976000 1.57627 -0.0680937 0.0153599
977000 1.60222 -0.0698376 0.0156609
978000 1.64687 -0.0614611 0.0160941
979000 1.60186 -0.0855447 0.0152444
980000 1.55412 -0.0659645 0.0151188
981000 1.61528 -0.0858578 0.0156496
982000 1.59502 -0.0906448 0.0153326
983000 1.5976 -0.0944198 0.0153243
984000 1.61227 -0.095968 0.0155613
985000 1.58167 -0.094789 0.015297
986000 1.55958 -0.0830812 0.0151419
987000 1.65553 -0.0931887 0.0158556
988000 1.59392 -0.0971479 0.0151868
989000 1.58697 -0.0730904 0.0154147
990000 1.62395 -0.0815572 0.0156988
991000 1.58673 -0.0847142 0.0152203
992000 1.60043 -0.0854247 0.01523
993000 1.64678 -0.0774383 0.0160375
994000 1.56501 -0.100606 0.0149442
995000 1.57594 -0.0701728 0.0153908
996000 1.61013 -0.0666351 0.0156592
997000 1.5415 -0.0706832 0.0148127
998000 1.6355 -0.0599737 0.0157373
999000 1.64278 -0.0581271 0.0161617
1000000 1.6073 -0.0582891 0.0157638
1001000 1.55266 -0.0788721 0.0152309
1002000 1.62797 -0.0809495 0.0159702
1003000 1.5836 -0.0838341 0.015347
1004000 1.58476 -0.0723313 0.0152015
1005000 1.62587 -0.078267 0.0157388
1006000 1.6227 -0.0655392 0.0156814
1007000 1.58053 -0.0593148 0.0153656
1008000 1.58972 -0.0769638 0.0154705
1009000 1.60858 -0.0768557 0.0155928
1010000 1.5912 -0.082647 0.0153311
1011000 1.59624 -0.0936157 0.0154312
1012000 1.54418 -0.104258 0.0146963
1013000 1.56803 -0.080728 0.0150206
1014000 1.62924 -0.0833748 0.0158371
1015000 1.59861 -0.0844054 0.0154194
1016000 1.636 -0.0656665 0.0157253
1017000 1.57887 -0.0688266 0.015322
1018000 1.60356 -0.064645 0.0155886
1019000 1.62159 -0.0688734 0.0157498
1020000 1.55003 -0.0672248 0.0150891
1021000 1.62155 -0.0669417 0.0156968
1022000 1.62226 -0.0714719 0.0156294
1023000 1.63976 -0.0815317 0.0156783
1024000 1.61498 -0.0935642 0.0153565
1025000 1.53932 -0.0821098 0.0147657
1026000 1.64786 -0.0834101 0.0160669
1027000 1.59301 -0.0667005 0.0154864
1028000 1.56073 -0.0647016 0.0151589
1029000 1.60553 -0.0652829 0.015454
1030000 1.59847 -0.0703642 0.015479
1031000 1.55444 -0.0683139 0.0151333
1032000 1.59114 -0.0781424 0.0154271
1033000 1.56701 -0.0723362 0.0151966
1034000 1.64361 -0.0704294 0.0160557
1035000 1.62784 -0.0570347 0.0157196
1036000 1.56557 -0.0617492 0.0152607
1037000 1.60491 -0.0598076 0.0156652
1038000 1.53949 -0.0602828 0.0148704
1039000 1.62913 -0.0692739 0.0157811
1040000 1.66425 -0.0717896 0.016223
1041000 1.62771 -0.071906 0.0158861
1042000 1.60336 -0.0792748 0.0156191
1043000 1.62644 -0.092281 0.0156801
1044000 1.60017 -0.111391 0.0153405
1045000 1.57018 -0.0864738 0.0149323
1046000 1.60596 -0.0887236 0.0155016
1047000 1.60061 -0.0870067 0.0152779
1048000 1.59329 -0.0915382 0.0153985
1049000 1.61385 -0.0775253 0.0155364
1050000 1.59407 -0.0918309 0.0153298
1051000 1.58457 -0.0862239 0.015507
1052000 1.57973 -0.0842093 0.0150835
1053000 1.60218 -0.0823649 0.0152998
1054000 1.60376 -0.0962902 0.0152025
1055000 1.58245 -0.0948013 0.015064
1056000 1.6394 -0.078912 0.0158548
1057000 1.60735 -0.0676254 0.015532
1058000 1.57417 -0.0628729 0.0152612
1059000 1.62675 -0.0672844 0.0158788
1060000 1.58231 -0.0807296 0.0153214
1061000 1.58715 -0.0801425 0.0151751
1062000 1.61291 -0.0705062 0.0156905
1063000 1.57135 -0.0630626 0.0153142
1064000 1.59337 -0.062875 0.015492
1065000 1.61969 -0.07196 0.0157146
1066000 1.63283 -0.0658039 0.0157246
1067000 1.58645 -0.056439 0.0155423
1068000 1.55063 -0.0670549 0.0150502
1069000 1.62973 -0.0678097 0.0157601
1070000 1.53198 -0.0723791 0.0149913
1071000 1.66235 -0.067605 0.0160477
1072000 1.5506 -0.0589422 0.0149378
1073000 1.58684 -0.051634 0.0155664
1074000 1.62331 -0.0593965 0.0158747
1075000 1.6286 -0.0533959 0.0158997
1076000 1.61991 -0.066262 0.0158969
1077000 1.61925 -0.0584617 0.0158672
1078000 1.64351 -0.0787084 0.0159577
1079000 1.63017 -0.0781439 0.0159938
1080000 1.60018 -0.0822034 0.0154109
1081000 1.59297 -0.0906665 0.0153387
1082000 1.66347 -0.103734 0.0159997
1083000 1.61508 -0.0966308 0.0154472
1084000 1.58765 -0.0793943 0.0153043
1085000 1.63778 -0.0832348 0.015943
1086000 1.6482 -0.0744499 0.0158652
1087000 1.5703 -0.0734868 0.01536
1088000 1.57312 -0.0469659 0.0155097
1089000 1.55401 -0.0647829 0.0150417
1090000 1.62461 -0.0710425 0.0157491
1091000 1.63077 -0.0696184 0.0156534
1092000 1.59103 -0.0576578 0.0154009
1093000 1.58589 -0.0831105 0.0153005
1094000 1.59767 -0.0667439 0.0152768
1095000 1.61597 -0.0732772 0.0155544
1096000 1.54853 -0.0913382 0.0149973
1097000 1.63591 -0.074508 0.0159837
1098000 1.61985 -0.082415 0.0155747
1099000 1.61184 -0.0708868 0.0157089
1100000 1.59628 -0.0685257 0.0155843
