# Time-averaged data for fix 2
# TimeStep v_Temperature v_PotentialEnergy v_Pressure
1000 1.86607 -0.083777 0.0182512
2000 1.9034 -0.072013 0.0185194
3000 1.93218 -0.0660629 0.0187184
4000 1.92961 -0.0683616 0.0186076
5000 1.84364 -0.0790503 0.0178068
6000 1.94073 -0.0660344 0.0187942
7000 1.89682 -0.0605006 0.018611
8000 1.84857 -0.0600852 0.0180515
9000 1.9256 -0.0653085 0.0188063
10000 1.88776 -0.0633403 0.0183909
11000 1.88123 -0.0648884 0.0183616
12000 1.91581 -0.0666178 0.0186856
13000 1.8873 -0.0747237 0.0182762
14000 1.93071 -0.0659407 0.0187677
15000 1.86654 -0.067115 0.0182038
16000 1.92197 -0.0775209 0.0185438
17000 1.89061 -0.0499655 0.018554
18000 1.88362 -0.0628368 0.0184753
19000 1.95039 -0.0797483 0.0188806
20000 1.85191 -0.0700966 0.0180266
21000 1.86749 -0.0619562 0.0181237
22000 1.93535 -0.0552613 0.0190535
23000 1.85693 -0.056589 0.0181745
24000 1.8311 -0.066746 0.0179299
25000 1.89389 -0.0602732 0.0185616
26000 1.91057 -0.0777386 0.0186974
27000 1.88787 -0.0824279 0.0182655
28000 1.91175 -0.0871414 0.0184863
29000 1.8684 -0.0680876 0.0182423
30000 1.9589 -0.0568301 0.0190707
31000 1.87877 -0.0569746 0.0183909
32000 1.86912 -0.061133 0.0180402
33000 1.90915 -0.0519955 0.0187125
34000 1.87451 -0.0606461 0.0184196
35000 1.91137 -0.0824049 0.018647
36000 1.95662 -0.0563554 0.0190565
37000 1.90187 -0.064416 0.018526
38000 1.83733 -0.0614226 0.0180548
39000 1.86241 -0.075176 0.0182684
40000 1.91651 -0.0747873 0.0187577
41000 1.878 -0.0684266 0.0182959
42000 1.8938 -0.0574923 0.0184953
43000 1.91622 -0.060502 0.0189962
44000 1.92522 -0.055814 0.0189397
45000 1.91832 -0.0624474 0.0187291
46000 1.89743 -0.0487528 0.0186929
47000 1.88952 -0.0731911 0.0184147
48000 1.84551 -0.0768506 0.0180244
49000 1.92706 -0.0713308 0.0187288
50000 1.87691 -0.0580381 0.0184329
51000 1.8694 -0.0731931 0.0182516
52000 1.93961 -0.068638 0.019049
53000 1.89651 -0.0620124 0.0183699
54000 1.89056 -0.0616385 0.0185549
55000 1.81175 -0.0658328 0.0177058
56000 1.88629 -0.0612317 0.0185556
57000 1.93325 -0.0540825 0.0188607
58000 1.85924 -0.0544291 0.0182738
59000 1.963 -0.0648745 0.0194243
60000 1.92855 -0.0627692 0.0187444
61000 1.85132 -0.0687109 0.0179871
62000 1.89115 -0.082669 0.0181321
63000 1.84232 -0.0711096 0.0180691
64000 1.92567 -0.0610768 0.0186991
65000 1.91952 -0.0697716 0.0187957
66000 1.95557 -0.0617629 0.0190171
67000 1.88418 -0.0717415 0.0181868
68000 1.87162 -0.0671645 0.0180903
69000 1.91458 -0.0668835 0.0188086
70000 1.94522 -0.064488 0.0187076
71000 1.87272 -0.0658441 0.0181804
72000 1.92735 -0.0686775 0.0187264
73000 1.90381 -0.0821128 0.01835
74000 1.89081 -0.0600677 0.0184913
75000 1.91215 -0.0546588 0.018734
76000 1.89406 -0.0545049 0.0183559
77000 1.87057 -0.0611791 0.0183461
78000 1.8512 -0.0666212 0.0180728
79000 1.93385 -0.069137 0.0188215
80000 1.89352 -0.0722677 0.018693
81000 1.83133 -0.0642963 0.017842
82000 1.94249 -0.0546871 0.0190176
83000 1.94668 -0.062292 0.0190187
84000 1.81187 -0.0667257 0.0176693
85000 1.97492 -0.062698 0.0193293
86000 1.8619 -0.0693873 0.0182959
87000 1.83174 -0.0462698 0.0180519
88000 1.88209 -0.0618611 0.0185221
89000 1.93706 -0.0764474 0.0187653
90000 1.87068 -0.0527942 0.0182502
91000 1.86268 -0.0625011 0.0182542
92000 1.89392 -0.0560155 0.0184813
93000 1.91023 -0.0473916 0.0187333
94000 1.94019 -0.0623145 0.0190515
95000 1.8843 -0.0695427 0.0182562
96000 1.92914 -0.0614774 0.018796
97000 1.95077 -0.0626368 0.0188873
98000 1.82694 -0.0508307 0.0178644
99000 1.9501 -0.0659225 0.019131
100000 1.82911 -0.0675256 0.0178389
101000 1.95624 -0.069938 0.0190544
102000 1.90242 -0.0762294 0.0184247
103000 1.88284 -0.059551 0.0183221
104000 1.91629 -0.0552273 0.0188986
105000 1.90926 -0.0577228 0.0188463
106000 1.91469 -0.0595698 0.0186649
107000 1.88743 -0.0527815 0.0184255
108000 1.92582 -0.0674064 0.018607
109000 1.90114 -0.0660326 0.0185512
110000 1.82643 -0.080583 0.0178023
111000 1.85713 -0.0769814 0.0181319
112000 1.89787 -0.0537489 0.0187529
113000 1.87147 -0.0570878 0.0186338
114000 1.9238 -0.0600178 0.0189433
115000 1.87992 -0.0559057 0.0182199
116000 1.9116 -0.0887765 0.0185264
117000 1.87096 -0.0803859 0.0181876
118000 1.94575 -0.0679584 0.0188754
119000 1.94391 -0.0785603 0.0189308
120000 1.86194 -0.0851519 0.0180023
121000 1.88534 -0.100325 0.0179877
122000 1.96307 -0.0815762 0.0190934
123000 1.88867 -0.0797046 0.0183707
124000 1.88686 -0.0779669 0.018529
125000 1.89177 -0.0698169 0.0185191
126000 1.90751 -0.101209 0.0185698
127000 1.93658 -0.0806887 0.0187651
128000 1.87486 -0.0576936 0.0183023
129000 1.88647 -0.0563564 0.0183665
130000 1.89764 -0.0654182 0.018425
131000 1.93555 -0.061541 0.0190419
132000 1.89435 -0.0665071 0.0184806
133000 1.94116 -0.0697159 0.0189909
134000 1.88591 -0.0643429 0.0186485
135000 1.93824 -0.0665448 0.0188033
136000 1.9236 -0.0734766 0.018686
137000 1.88849 -0.0796702 0.018329
138000 1.89001 -0.0835879 0.0184032
139000 1.91545 -0.0810105 0.0185099
140000 1.82564 -0.0725623 0.017742
141000 1.85161 -0.0756415 0.0180035
142000 1.89236 -0.0629014 0.0186663
143000 1.88473 -0.061198 0.0184702
144000 1.94474 -0.0692518 0.018939
145000 1.89646 -0.0596659 0.018431
146000 1.84758 -0.0681561 0.0179847
147000 1.9394 -0.067903 0.0190081
148000 1.86024 -0.0575913 0.0180753
149000 1.87397 -0.0620007 0.0183786
150000 1.86518 -0.0690163 0.0181441
151000 1.94383 -0.0724445 0.0191193
152000 1.85572 -0.0598579 0.0180866
153000 1.92767 -0.0652057 0.0188031
154000 1.83459 -0.0690113 0.0177818
155000 1.94456 -0.0788027 0.0187432
156000 1.91353 -0.065763 0.018612
157000 1.87707 -0.0711624 0.0184107
158000 1.88611 -0.0662936 0.0184754
159000 1.90755 -0.0591273 0.0185638
160000 1.88276 -0.0664354 0.0182822
161000 1.93401 -0.0788134 0.0189309
162000 1.84662 -0.0664909 0.018229
163000 1.93507 -0.0618985 0.0189254
164000 1.91884 -0.0894817 0.0185612
165000 1.82205 -0.0670766 0.0179867
166000 1.94027 -0.0590105 0.0190234
167000 1.92637 -0.0762593 0.0184942
168000 1.83555 -0.0652192 0.0178349
169000 1.95284 -0.0589791 0.019007
170000 1.83751 -0.0583321 0.0178094
171000 1.97393 -0.0518862 0.01953
172000 1.86453 -0.0713847 0.0181162
173000 1.82737 -0.0788023 0.0176222
174000 1.93829 -0.0821585 0.01885
175000 1.90709 -0.0541458 0.0188566
176000 1.92834 -0.0670555 0.0187667
177000 1.81973 -0.0790704 0.0176676
178000 1.95461 -0.069425 0.0190438
179000 1.87039 -0.0582002 0.0183605
180000 1.91514 -0.0707702 0.0186349
181000 1.92359 -0.0604447 0.0186941
182000 1.92149 -0.0619318 0.0188038
183000 1.86527 -0.0540939 0.0184942
184000 1.93732 -0.0620204 0.0189919
185000 1.89284 -0.0674131 0.0183712
186000 1.899 -0.0578918 0.0186415
187000 1.92649 -0.0884078 0.0186675
188000 1.92981 -0.0726726 0.0186772
189000 1.88479 -0.061038 0.0184926
190000 1.88629 -0.0640233 0.0184126
191000 1.87478 -0.0602662 0.0183201
192000 1.89849 -0.0673024 0.018508
193000 1.93689 -0.0750079 0.0189368
194000 1.94059 -0.0649065 0.0189058
195000 1.83837 -0.0523749 0.0181687
196000 1.92736 -0.0541562 0.0186954
197000 1.90061 -0.0676348 0.0184129
198000 1.84389 -0.0640989 0.0178113
199000 1.84203 -0.0556041 0.0180857
200000 1.86232 -0.0798217 0.0180711
201000 1.88564 -0.0534902 0.018541
202000 1.89025 -0.0611002 0.018482
203000 1.86299 -0.0611571 0.0182188
204000 1.91632 -0.0683012 0.0185494
205000 1.90601 -0.0503801 0.0187056
206000 1.92155 -0.0759526 0.0187425
207000 1.89373 -0.069356 0.018378
208000 1.88577 -0.105181 0.0181892
209000 1.92517 -0.0991949 0.0185178
210000 1.87106 -0.0773044 0.0183815
211000 1.90451 -0.0807656 0.0184883
212000 1.95454 -0.0753813 0.0190376
213000 1.89359 -0.0861917 0.0182374
214000 1.88049 -0.0694306 0.0182784
215000 1.92973 -0.0667694 0.0186633
216000 1.89274 -0.0620543 0.0185183
217000 1.90369 -0.0808837 0.0184737
218000 1.82966 -0.061508 0.0180154
219000 1.8603 -0.0580875 0.0183369
220000 1.90229 -0.0642251 0.018886
221000 1.93008 -0.0556874 0.0189029
222000 1.87582 -0.077407 0.0181631
223000 1.85239 -0.0739548 0.0181697
224000 1.94733 -0.0645429 0.0189171
225000 1.85994 -0.0721287 0.0179663
226000 1.95299 -0.0628592 0.019006
227000 1.94517 -0.0514506 0.0189614
228000 1.80305 -0.0549822 0.0175099
229000 1.94131 -0.0641914 0.0190072
230000 1.82296 -0.0570614 0.0177903
231000 1.98484 -0.0582561 0.0191819
232000 1.91283 -0.0576403 0.0188905
233000 1.82643 -0.053108 0.0177915
234000 1.92935 -0.0660931 0.0187808
235000 1.88981 -0.0501549 0.0186263
236000 1.86702 -0.0687508 0.0181916
237000 1.98008 -0.0615708 0.0193955
238000 1.9112 -0.0715685 0.0184244
239000 1.82743 -0.0641923 0.0179425
240000 1.96465 -0.0822214 0.0191012
241000 1.85097 -0.0955089 0.017876
242000 1.95154 -0.0811923 0.018945
243000 1.84898 -0.0712636 0.0180406
244000 1.91519 -0.075476 0.0186449
245000 1.91831 -0.0764137 0.0185858
246000 1.91536 -0.0883689 0.0184886
247000 1.9235 -0.0749067 0.0186351
248000 1.90557 -0.0735188 0.0184963
249000 1.91716 -0.0713402 0.0187184
250000 1.90417 -0.0670597 0.0186982
251000 1.92439 -0.080903 0.0186575
252000 1.8814 -0.0817258 0.0181615
253000 1.90842 -0.0535356 0.0187462
254000 1.92708 -0.05383 0.0189794
255000 1.93003 -0.0563188 0.0188083
256000 1.90149 -0.0599209 0.0185044
257000 1.85514 -0.0741853 0.0180292
258000 1.96656 -0.054678 0.0192894
259000 1.81902 -0.0644906 0.0179073
260000 1.92734 -0.0815001 0.0186355
261000 1.87632 -0.0694256 0.0181976
262000 1.91325 -0.0654382 0.0186521
263000 1.85753 -0.0626142 0.0183493
264000 1.86705 -0.0692917 0.0180789
265000 1.93253 -0.0680715 0.0187741
266000 1.95454 -0.0704323 0.019134
267000 1.92385 -0.0703204 0.0189268
268000 1.87206 -0.0808143 0.0181272
269000 1.91379 -0.0569431 0.0186022
270000 1.92929 -0.0542825 0.018977
271000 1.89088 -0.0653293 0.0184306
272000 1.93525 -0.0708939 0.0188547
273000 1.82777 -0.0630475 0.0178134
274000 1.95366 -0.0795934 0.0190674
275000 1.87773 -0.0546575 0.0182489
276000 1.88907 -0.0836291 0.0183754
277000 1.89064 -0.0760987 0.0182568
278000 1.93351 -0.0719619 0.0187951
279000 1.93597 -0.0630532 0.0190222
280000 1.95688 -0.0610296 0.019205
281000 1.86319 -0.0769545 0.0181675
282000 1.89297 -0.0616522 0.0185037
283000 1.95419 -0.0581876 0.0191805
284000 1.86213 -0.0631489 0.0181387
285000 1.85144 -0.0626666 0.0181111
286000 1.88761 -0.0574325 0.0184416
287000 1.84428 -0.0605796 0.0181971
288000 1.94765 -0.0599959 0.0191082
289000 1.89358 -0.0648967 0.0186131
290000 1.86444 -0.0690449 0.0181296
291000 1.94433 -0.0619538 0.0189139
292000 1.90579 -0.0571002 0.0185841
293000 1.92359 -0.0564334 0.0188091
294000 1.94706 -0.0835292 0.0191842
295000 1.91602 -0.0683004 0.0186033
296000 1.94273 -0.0786287 0.0188845
297000 1.91036 -0.0689201 0.0185144
298000 1.92062 -0.0719287 0.01858
299000 1.97238 -0.0621788 0.0193881
300000 1.89439 -0.0726922 0.0183597
301000 1.92632 -0.0825197 0.0187337
302000 1.90832 -0.0656515 0.0187884
303000 1.88878 -0.073384 0.0183991
304000 1.90777 -0.0707545 0.0186374
305000 1.87782 -0.0727283 0.0182227
306000 1.91125 -0.0735961 0.0185771
307000 1.88471 -0.0631156 0.0183224
308000 1.92714 -0.053024 0.0189132
309000 1.90617 -0.0753936 0.0183922
310000 1.94558 -0.0720356 0.0188893
311000 1.85477 -0.0674689 0.018069
312000 1.92902 -0.100743 0.0188915
313000 1.84608 -0.0756306 0.0179604
314000 1.95603 -0.0761132 0.0190135
315000 1.85531 -0.0911813 0.0179739
316000 1.92445 -0.0636757 0.0187148
317000 1.87938 -0.0686014 0.0184848
318000 1.91514 -0.0562474 0.018825
319000 1.87655 -0.0529645 0.0182982
320000 1.87938 -0.0689187 0.0182526
321000 1.89469 -0.080114 0.0186363
322000 1.90499 -0.0942031 0.0185333
323000 1.88173 -0.0786081 0.0182609
324000 1.9442 -0.0756149 0.0189592
325000 1.87194 -0.0730884 0.0181034
326000 1.87943 -0.0673871 0.0182094
327000 1.87143 -0.0645704 0.0184667
328000 1.87427 -0.0625477 0.0183234
329000 1.91584 -0.0603518 0.0186398
330000 1.91112 -0.0573146 0.0186628
331000 1.86329 -0.0730221 0.0181552
332000 1.96504 -0.0816774 0.018842
333000 1.85659 -0.0903585 0.0180164
334000 1.90274 -0.0570669 0.0185452
335000 1.87228 -0.0704551 0.0182915
336000 1.88366 -0.0558431 0.0182714
337000 1.86707 -0.0583922 0.0184425
338000 1.91259 -0.053865 0.0187852
339000 1.93354 -0.0535733 0.0188652
340000 1.85141 -0.067731 0.01805
341000 1.94091 -0.0666615 0.0189431
342000 1.95623 -0.0683149 0.0192297
343000 1.87707 -0.062216 0.0182577
344000 1.89925 -0.0676163 0.0185245
345000 1.90836 -0.0751479 0.0186456
346000 1.88314 -0.0727731 0.0183556
347000 1.90414 -0.0856906 0.0186252
348000 1.90467 -0.0933379 0.0185134
349000 1.89323 -0.0880881 0.0183627
350000 1.93439 -0.0735045 0.0188219
351000 1.84253 -0.0756786 0.0178334
352000 1.92536 -0.0823052 0.0188064
353000 1.90695 -0.0627599 0.0187526
354000 1.88551 -0.0615771 0.0186447
355000 1.92662 -0.0585213 0.0187451
356000 1.90846 -0.0528071 0.0185557
357000 1.93253 -0.0579272 0.0190713
358000 1.93803 -0.0715904 0.018858
359000 1.8621 -0.0785385 0.0180931
360000 1.88305 -0.0684637 0.018297
361000 1.87384 -0.0683094 0.0181006
362000 1.89038 -0.0638801 0.0186834
363000 1.82994 -0.0575853 0.0178982
364000 1.96926 -0.0574299 0.0191681
365000 1.95759 -0.074282 0.0191603
366000 1.86542 -0.0622114 0.018121
367000 1.9094 -0.0732836 0.0184869
368000 1.91526 -0.0723 0.0185121
369000 1.8522 -0.0824675 0.0181964
370000 1.90955 -0.0813025 0.0184655
371000 1.90111 -0.0791649 0.0184759
372000 1.83892 -0.0754434 0.0177829
373000 1.88947 -0.0787506 0.0185192
374000 1.9325 -0.0825565 0.0186481
375000 1.91937 -0.0759987 0.0185942
376000 1.92743 -0.0805561 0.0187272
377000 1.84318 -0.0968036 0.0178614
378000 1.95477 -0.0729628 0.0191658
379000 1.96182 -0.0573608 0.0193256
380000 1.83603 -0.0668613 0.017834
381000 1.91956 -0.0605804 0.018784
382000 1.92016 -0.0640338 0.0189677
383000 1.89692 -0.073879 0.0183539
384000 1.91956 -0.0757921 0.0184176
385000 1.92393 -0.0838404 0.0187115
386000 1.84349 -0.07937 0.0178039
387000 1.88008 -0.063422 0.0185927
388000 1.87974 -0.0595107 0.01845
389000 1.88738 -0.060757 0.0185994
390000 1.83534 -0.058708 0.017932
391000 1.89545 -0.069543 0.0185039
392000 1.88621 -0.0658031 0.0186417
393000 1.93772 -0.0767245 0.0189793
394000 1.91977 -0.0722085 0.01872
395000 1.89308 -0.0833719 0.0182404
396000 1.95265 -0.0666619 0.0188382
397000 1.97333 -0.0569188 0.0193064
398000 1.83809 -0.0846562 0.0178922
399000 1.94323 -0.0739315 0.0189108
400000 1.9032 -0.0694982 0.018697
401000 1.84244 -0.0641682 0.0179217
402000 1.88491 -0.0723893 0.0184308
403000 1.9036 -0.0647034 0.018515
404000 1.93693 -0.0731307 0.0188869
405000 1.90279 -0.0831637 0.0184469
406000 1.85512 -0.0842968 0.0179975
407000 1.96676 -0.0715786 0.0191799
408000 1.85628 -0.07238 0.0180035
409000 1.82743 -0.0679529 0.0177309
410000 1.96483 -0.056409 0.0191944
411000 1.85726 -0.0658137 0.0181209
412000 1.93367 -0.082252 0.0189188
413000 1.85329 -0.0955626 0.0178861
414000 1.90089 -0.0967115 0.0182775
415000 1.86492 -0.0773516 0.0183319
416000 1.88596 -0.0698903 0.0184673
417000 1.87407 -0.0624306 0.0182713
418000 1.87385 -0.0603167 0.0184636
419000 1.88557 -0.0515571 0.0185487
420000 1.91069 -0.057241 0.018753
421000 1.92585 -0.0708187 0.0186021
422000 1.86096 -0.0867589 0.0180091
423000 1.92188 -0.0667778 0.0187196
424000 1.86927 -0.0716664 0.0181029
425000 1.88467 -0.0486091 0.0184906
426000 1.92894 -0.0703747 0.0188147
427000 1.87598 -0.0805173 0.0182477
428000 1.9436 -0.0680337 0.0189506
429000 1.85374 -0.0581785 0.0183018
430000 1.90509 -0.0569918 0.0187058
431000 1.83212 -0.0690601 0.017764
432000 1.89293 -0.0447215 0.0186353
433000 1.91184 -0.0551776 0.0189146
434000 1.88377 -0.0650671 0.0183
435000 1.93143 -0.0934813 0.0186192
436000 1.85172 -0.0726284 0.0182139
437000 1.93439 -0.0637936 0.0190275
438000 1.95089 -0.068803 0.0188958
439000 1.87701 -0.0725546 0.0182735
440000 1.87915 -0.0699728 0.0182881
441000 1.85609 -0.0864837 0.0179777
442000 1.9196 -0.0758779 0.0185604
443000 1.92478 -0.0599749 0.0188612
444000 1.91461 -0.0670308 0.0186151
445000 1.95811 -0.0673632 0.0191549
446000 1.88487 -0.0864397 0.018386
447000 1.94777 -0.0689964 0.0189556
448000 1.93741 -0.0626829 0.0192928
449000 1.87424 -0.0839249 0.0181858
450000 1.90565 -0.0731088 0.0185351
451000 1.90795 -0.0586886 0.0187537
452000 1.85413 -0.062653 0.018096
453000 1.92604 -0.0555753 0.0187474
454000 1.88778 -0.0711444 0.0184501
455000 1.88349 -0.0686254 0.0183698
456000 1.92602 -0.064758 0.0188195
457000 1.8719 -0.0669202 0.0181481
458000 1.88088 -0.0802204 0.0181474
459000 1.88 -0.0752411 0.0182052
460000 1.93599 -0.0629037 0.0189003
461000 1.91582 -0.0905313 0.0184727
462000 1.89742 -0.096992 0.0184423
463000 1.8595 -0.09852 0.0181487
464000 1.88462 -0.0735004 0.0183164
465000 1.92554 -0.0510014 0.0189234
466000 1.9003 -0.0664591 0.0185987
467000 1.89684 -0.0642437 0.0185616
468000 1.85917 -0.062648 0.0182193
469000 1.93596 -0.0617742 0.0189008
470000 1.91661 -0.0719187 0.018624
471000 1.91704 -0.071287 0.0186433
472000 1.84714 -0.0430066 0.0179719
473000 1.93168 -0.0593889 0.0191047
474000 1.93894 -0.0572836 0.0190456
475000 1.90985 -0.055242 0.0186208
476000 1.8756 -0.0573218 0.018303
477000 1.92166 -0.0816835 0.0185511
478000 1.96265 -0.0794051 0.0192288
479000 1.84143 -0.069172 0.0179615
480000 1.92704 -0.0615388 0.0189425
481000 1.94598 -0.0599571 0.0192096
482000 1.88044 -0.0648711 0.018565
483000 1.86196 -0.0710038 0.0180293
484000 1.91333 -0.0818942 0.0186965
485000 1.92997 -0.0727536 0.0188518
486000 1.86071 -0.0618428 0.0181377
487000 1.91309 -0.0704162 0.0187539
488000 1.93978 -0.0602491 0.0190598
489000 1.91562 -0.0635126 0.0189464
490000 1.84822 -0.0502344 0.0181751
491000 1.85669 -0.0460493 0.0181825
492000 1.87224 -0.0555293 0.0182767
493000 1.88794 -0.0543021 0.0185726
494000 1.93227 -0.067725 0.0188496
495000 1.84493 -0.0659409 0.018096
496000 1.94487 -0.071338 0.0188046
497000 1.94589 -0.0686106 0.0188615
498000 1.84725 -0.0538278 0.0181541
499000 1.9008 -0.0607448 0.0185599
500000 1.93126 -0.0584015 0.018952
501000 1.93551 -0.0508958 0.0190493
502000 1.88944 -0.0697294 0.0183838
503000 1.84822 -0.0749647 0.0179247
504000 1.92684 -0.0642517 0.0188834
505000 1.89181 -0.0408746 0.018749
506000 1.88382 -0.0649305 0.0185125
507000 1.90692 -0.0580115 0.0186361
508000 1.87985 -0.0688373 0.0185785
509000 1.86842 -0.0775558 0.018123
510000 1.944 -0.0669238 0.0191267
511000 1.88447 -0.0712111 0.0181658
512000 1.90635 -0.0793641 0.0183744
513000 1.94745 -0.0549405 0.0190468
514000 1.92358 -0.0572098 0.0188527
515000 1.89059 -0.0551621 0.0187534
516000 1.85279 -0.066398 0.0182066
517000 1.89041 -0.0523689 0.0185757
518000 1.96116 -0.0528391 0.0192514
519000 1.94757 -0.0501493 0.0192398
520000 1.87393 -0.0638122 0.018324
521000 1.88884 -0.0577687 0.0185578
522000 1.918 -0.0669069 0.0185986
523000 1.95546 -0.0628638 0.019346
524000 1.87843 -0.0692423 0.0182287
525000 1.86409 -0.0505058 0.0184254
526000 1.91612 -0.0761325 0.0187133
527000 1.933 -0.063506 0.0188159
528000 1.94295 -0.0811193 0.0187555
529000 1.90569 -0.05981 0.018608
530000 1.91522 -0.0506291 0.0188106
531000 1.98283 -0.0605014 0.0195114
532000 1.87231 -0.0679254 0.0181131
533000 1.94361 -0.0734301 0.0189429
534000 1.89834 -0.0765603 0.0185292
535000 1.91611 -0.0665236 0.018502
536000 1.88849 -0.0539264 0.0185868
537000 1.92616 -0.0690671 0.0186563
538000 1.89832 -0.0763802 0.0184008
539000 1.85922 -0.0737264 0.0179614
540000 1.92861 -0.0707808 0.01894
541000 1.90684 -0.0694955 0.0183606
542000 1.82463 -0.0615152 0.0176965
543000 1.95395 -0.0675408 0.0189477
544000 1.96986 -0.0613569 0.0191174
545000 1.86574 -0.0789388 0.0180365
546000 1.87353 -0.0685321 0.0183382
547000 1.94171 -0.0710614 0.0191003
548000 1.85436 -0.0767661 0.0178843
549000 1.90683 -0.06002 0.0187614
550000 1.87353 -0.0668057 0.0182915
551000 1.95652 -0.0682783 0.0193099
552000 1.84454 -0.0761653 0.0177478
553000 1.92804 -0.0614965 0.0188501
554000 1.91124 -0.0720279 0.0187504
555000 1.87692 -0.0717142 0.0181776
556000 1.87332 -0.0743841 0.0181753
557000 1.88635 -0.0683723 0.0183997
558000 1.8895 -0.0640802 0.0183321
559000 1.89571 -0.0610827 0.0185694
560000 1.8877 -0.0515187 0.0185699
561000 1.8941 -0.0624192 0.0184933
562000 1.90299 -0.0689942 0.0185065
563000 1.87578 -0.0603975 0.0183879
564000 1.8678 -0.0581339 0.018171
565000 1.85044 -0.0757553 0.0180249
566000 1.86063 -0.0762455 0.0180151
567000 1.945 -0.059725 0.0190507
568000 1.86745 -0.0533189 0.0183475
569000 1.89784 -0.0596806 0.0184932
570000 1.86874 -0.0649679 0.0181266
571000 1.92973 -0.0594427 0.0187614
572000 1.8186 -0.0681482 0.0176801
573000 1.9312 -0.0602284 0.0188927
574000 1.91401 -0.0704741 0.018566
575000 1.83977 -0.0533485 0.0179127
576000 1.86378 -0.0565158 0.0183741
577000 1.87772 -0.0566855 0.0182542
578000 1.87062 -0.056967 0.0182358
579000 1.95408 -0.0579718 0.018985
580000 1.85378 -0.0793501 0.0179267
581000 1.90797 -0.0641043 0.0186529
582000 1.90828 -0.0724521 0.0185109
583000 1.92649 -0.0690073 0.0189973
584000 1.93178 -0.0712742 0.0188967
585000 1.92485 -0.0553166 0.0188692
586000 1.87686 -0.0581657 0.0184934
587000 1.8846 -0.0630175 0.0183204
588000 1.90909 -0.0422715 0.0187886
589000 1.91564 -0.0633947 0.0186937
590000 1.8803 -0.0651921 0.0184
591000 1.91343 -0.0610926 0.0187855
592000 1.89525 -0.0559508 0.0187363
593000 1.89945 -0.0536462 0.0186203
594000 1.93213 -0.0487461 0.0189033
595000 1.87945 -0.0578767 0.0182351
596000 1.90506 -0.0736725 0.0185054
597000 1.86088 -0.074463 0.0180173
598000 1.88003 -0.0670871 0.0182669
599000 1.96683 -0.0877624 0.0190717
600000 1.85547 -0.0594424 0.0181876
601000 1.90758 -0.0552223 0.0187367
602000 1.9065 -0.0519331 0.0185372
603000 1.93744 -0.0696633 0.0188445
604000 1.94093 -0.0552548 0.0192397
605000 1.95206 -0.0505835 0.0192088
606000 1.87858 -0.0762289 0.0182424
607000 1.93473 -0.0644865 0.0187463
608000 1.82226 -0.0512753 0.017776
609000 1.91143 -0.067483 0.0185546
610000 1.86892 -0.0659035 0.0182474
611000 1.9603 -0.0642925 0.0191668
612000 1.93168 -0.0605099 0.0189054
613000 1.88175 -0.0517606 0.018609
614000 1.95544 -0.0626883 0.0191392
615000 1.92765 -0.0774049 0.0187891
616000 1.86471 -0.0784658 0.0182225
617000 1.90348 -0.0759858 0.0184525
618000 1.88675 -0.0574242 0.0184411
619000 1.91096 -0.0646331 0.0186637
620000 1.90695 -0.0517672 0.0187394
621000 1.85807 -0.0605725 0.0180117
622000 1.89809 -0.072667 0.0184159
623000 1.88246 -0.0680054 0.0183311
624000 1.91725 -0.0663634 0.0186389
625000 1.84427 -0.08877 0.0176382
626000 1.87992 -0.0800687 0.0182915
627000 1.85448 -0.057137 0.0181558
628000 1.94756 -0.0687965 0.0191108
629000 1.8482 -0.0650019 0.0180928
630000 1.95821 -0.0876413 0.0191465
631000 1.86277 -0.0703877 0.0183625
632000 1.90607 -0.0762699 0.0187885
633000 1.91612 -0.0687588 0.0186538
634000 1.82635 -0.0673653 0.01802
635000 1.86156 -0.053644 0.0181284
636000 1.87606 -0.0459792 0.0183475
637000 1.86266 -0.059817 0.0181935
638000 1.95964 -0.0852824 0.019213
639000 1.83431 -0.0732905 0.0177248
640000 1.94479 -0.0713666 0.0191535
641000 1.85298 -0.0653828 0.0181283
642000 1.9486 -0.0795219 0.018986
643000 1.90941 -0.0621257 0.0186121
644000 1.90119 -0.0466007 0.018518
645000 1.8652 -0.0772569 0.0182073
646000 1.90952 -0.0718149 0.0186297
647000 1.9339 -0.0635536 0.0189606
648000 1.92439 -0.0662662 0.0189001
649000 1.92335 -0.0706184 0.0187894
650000 1.86943 -0.0747221 0.018275
651000 1.88166 -0.0752852 0.018316
652000 1.90443 -0.0639153 0.0186214
653000 1.91286 -0.0706396 0.0185389
654000 1.87716 -0.0604361 0.0183258
655000 1.96624 -0.0589812 0.0191844
656000 1.8663 -0.043782 0.0184814
657000 1.91896 -0.062645 0.0186903
658000 1.89775 -0.07554 0.0183615
659000 1.88084 -0.0656638 0.0183876
660000 1.90762 -0.0593873 0.0187823
661000 1.91126 -0.0771367 0.0185167
662000 1.83964 -0.0651296 0.0179706
663000 1.98037 -0.0648122 0.0194672
664000 1.89515 -0.0678136 0.0185099
665000 1.92477 -0.068744 0.0188541
666000 1.913 -0.0561714 0.0188385
667000 1.89023 -0.0851255 0.018519
668000 1.86735 -0.0638128 0.0181768
669000 1.92791 -0.0691223 0.0186638
670000 1.83792 -0.0799194 0.018075
671000 1.95802 -0.0670076 0.0190407
672000 1.90937 -0.0676835 0.0186701
673000 1.90041 -0.0559631 0.0185881
674000 1.96555 -0.0634337 0.0193291
675000 1.9438 -0.0730792 0.0188275
676000 1.82922 -0.0871948 0.0175685
677000 1.93455 -0.0847412 0.0186824
678000 1.92966 -0.0878843 0.0186406
679000 1.91473 -0.0699619 0.0185503
680000 1.86843 -0.0675363 0.0182543
681000 1.94572 -0.073482 0.0190348
682000 1.8507 -0.057387 0.0182388
683000 1.9042 -0.0483928 0.0187897
684000 1.89849 -0.07148 0.0184239
685000 1.92848 -0.0618652 0.0188429
686000 1.89652 -0.0691641 0.0184967
687000 1.84753 -0.065145 0.0178356
688000 1.93482 -0.0563938 0.0189482
689000 1.85607 -0.0579856 0.0180737
690000 1.86861 -0.056545 0.0182423
691000 1.86196 -0.061317 0.0181744
692000 1.92647 -0.0658059 0.018854
693000 1.94931 -0.0663647 0.0192259
694000 1.85019 -0.100977 0.0178011
695000 1.92444 -0.0653671 0.0189271
696000 1.89464 -0.0630754 0.0184511
697000 1.89491 -0.0589575 0.0185193
698000 1.89894 -0.0506095 0.0185769
699000 1.82777 -0.0622355 0.017984
700000 1.84816 -0.0779499 0.0178679
701000 1.91806 -0.0789401 0.0187862
702000 1.88799 -0.0795921 0.0181968
703000 1.89825 -0.0717132 0.01838
704000 1.93203 -0.0611797 0.0189658
705000 1.87423 -0.0739186 0.0182554
706000 1.9129 -0.0716853 0.0186524
707000 1.8748 -0.0692974 0.0181393
708000 1.93405 -0.0662642 0.0189403
709000 1.90098 -0.0544972 0.0187842
710000 1.86572 -0.0599341 0.0181736
711000 1.92019 -0.0830675 0.0185666
712000 1.8511 -0.0775751 0.0179156
713000 1.95097 -0.0733922 0.018978
714000 1.84387 -0.072531 0.0179123
715000 1.87979 -0.0909567 0.0179929
716000 1.94684 -0.0566078 0.0191641
717000 1.83953 -0.0661071 0.0179783
718000 1.88258 -0.055445 0.018268
719000 1.9488 -0.0645975 0.0190164
720000 1.90181 -0.0682162 0.0185225
721000 1.92799 -0.0716796 0.0189723
722000 1.91936 -0.0629899 0.0187525
723000 1.93202 -0.0627648 0.0189655
724000 1.94752 -0.0776999 0.0188143
725000 1.88832 -0.0763449 0.0183019
726000 1.90595 -0.053245 0.0189967
727000 1.90998 -0.0488616 0.018921
728000 1.89191 -0.0633032 0.0186871
729000 1.93151 -0.0733458 0.0187645
730000 1.91424 -0.0769014 0.0187234
731000 1.82984 -0.0782052 0.0180869
732000 1.86557 -0.0598828 0.0182154
733000 1.88939 -0.0642481 0.0186591
734000 1.82764 -0.0711547 0.0177332
735000 1.97253 -0.0782614 0.0191568
736000 1.84761 -0.0694551 0.0180876
737000 1.91048 -0.0798411 0.018567
738000 1.94886 -0.0736594 0.0191147
739000 1.89604 -0.0688265 0.0186436
740000 1.87368 -0.0975875 0.0180299
741000 1.86072 -0.0656177 0.0181076
742000 1.8824 -0.0603376 0.0185121
743000 1.85245 -0.0643948 0.0181884
744000 1.94152 -0.0680832 0.019074
745000 1.86973 -0.0799887 0.0184358
746000 1.88652 -0.0689232 0.0183609
747000 1.93116 -0.0710345 0.0188153
748000 1.87129 -0.0555841 0.0182255
749000 1.91942 -0.0578871 0.0189688
750000 1.90485 -0.0695996 0.0184252
751000 1.90079 -0.0830223 0.0183891
752000 1.93518 -0.0774826 0.0189452
753000 1.8544 -0.082272 0.0180205
754000 1.91017 -0.0564823 0.0185321
755000 1.96346 -0.0778016 0.0193443
756000 1.91645 -0.0778857 0.0188922
757000 1.84692 -0.0877918 0.0179091
758000 1.92175 -0.071121 0.0186929
759000 1.91031 -0.0796958 0.0184763
760000 1.91582 -0.0758349 0.0186551
761000 1.88027 -0.0658846 0.0184237
762000 1.86167 -0.0569953 0.0181066
763000 1.88411 -0.0536274 0.0183985
764000 1.92673 -0.044984 0.0187773
765000 1.83343 -0.0612502 0.0178714
766000 1.86189 -0.0611002 0.0182503
767000 1.92133 -0.0673151 0.0187061
768000 1.84575 -0.0854773 0.0178807
769000 1.85031 -0.0597962 0.0182532
770000 1.94683 -0.0676957 0.018914
771000 1.91282 -0.0684325 0.0185661
772000 1.84268 -0.0628756 0.0179038
773000 1.92126 -0.0557682 0.0187945
774000 1.9391 -0.0599258 0.0190722
775000 1.90617 -0.0643514 0.0186856
776000 1.94699 -0.0769196 0.0191077
777000 1.91934 -0.0677 0.0188663
778000 1.92867 -0.0601072 0.0189709
779000 1.92968 -0.0678309 0.0190149
780000 1.91416 -0.0636057 0.0186927
781000 1.86696 -0.0720123 0.0180382
782000 1.93104 -0.0734515 0.0189208
783000 1.8244 -0.0627914 0.0176163
784000 1.92255 -0.0629305 0.0189504
785000 1.87602 -0.0657996 0.018497
786000 1.92486 -0.0623135 0.0186392
787000 1.9047 -0.0701396 0.0187887
788000 1.85975 -0.0781466 0.0183051
789000 1.92605 -0.0683207 0.0188189
790000 1.91018 -0.098732 0.0185929
791000 1.9139 -0.0813751 0.0183954
792000 1.83351 -0.0856111 0.0177043
793000 1.96654 -0.0692043 0.0193268
794000 1.96096 -0.0696236 0.0191766
795000 1.84711 -0.0745989 0.0178758
796000 1.98518 -0.0774784 0.0194333
797000 1.85303 -0.0634978 0.0179286
798000 1.8966 -0.09164 0.0183372
799000 1.9377 -0.0648205 0.0188622
800000 1.84212 -0.0677993 0.0179308
801000 1.85043 -0.0618013 0.0180002
802000 1.95092 -0.0567887 0.0190728
803000 1.90655 -0.0786179 0.0186838
804000 1.86526 -0.0796403 0.0182268
805000 1.89194 -0.0637492 0.0184589
806000 1.83999 -0.081238 0.0177699
807000 1.92283 -0.0657305 0.0188207
808000 1.85318 -0.0736355 0.0178931
809000 1.90899 -0.0794684 0.0184212
810000 1.93605 -0.0710144 0.0188823
811000 1.88093 -0.0772467 0.017996
812000 1.8531 -0.0560954 0.0180935
813000 1.9039 -0.0640444 0.0187242
814000 1.97613 -0.0725199 0.0191024
815000 1.88168 -0.0748036 0.0182442
816000 1.90259 -0.0751471 0.0185194
817000 1.90725 -0.0730419 0.0185264
818000 1.91734 -0.0652739 0.0186911
819000 1.8828 -0.0643871 0.0183338
820000 1.91577 -0.0715884 0.018683
821000 1.81673 -0.0509493 0.0180271
822000 1.95557 -0.0566358 0.0193015
823000 1.87273 -0.0621376 0.0183631
824000 1.93557 -0.0745438 0.0186697
825000 1.88821 -0.068113 0.0183378
826000 1.90271 -0.0569215 0.0185151
827000 1.89353 -0.0680948 0.0185058
828000 1.88752 -0.0720708 0.018398
829000 1.93507 -0.0573129 0.0188344
830000 1.92554 -0.0552659 0.018822
831000 1.92667 -0.047707 0.0190912
832000 1.89511 -0.0661313 0.0185772
833000 1.85917 -0.0686514 0.0182566
834000 1.94802 -0.0735718 0.0192482
835000 1.91384 -0.0665632 0.0186279
836000 1.92347 -0.0678766 0.0188645
837000 1.85085 -0.0675432 0.0180874
838000 1.92247 -0.077408 0.0187051
839000 1.87406 -0.0670137 0.0184003
840000 1.87558 -0.066568 0.01824
841000 1.90604 -0.0696708 0.0185596
842000 1.92832 -0.0707811 0.0189275
843000 1.86094 -0.0667468 0.0180423
844000 1.92758 -0.0611363 0.0188549
845000 1.84323 -0.0724751 0.0179441
846000 1.92576 -0.0585098 0.0187765
847000 1.93871 -0.070905 0.0189117
848000 1.87078 -0.0611235 0.0182586
849000 1.88093 -0.0583402 0.0183878
850000 1.89839 -0.0666664 0.0184533
851000 1.88945 -0.0655633 0.0184574
852000 1.83932 -0.0641785 0.0180745
853000 1.90971 -0.0622943 0.0186294
854000 1.87575 -0.0618562 0.01846
855000 1.89358 -0.0645621 0.0184606
856000 1.85152 -0.0610105 0.0181159
857000 1.94393 -0.0618984 0.019079
858000 1.88548 -0.0764891 0.018355
859000 1.87949 -0.090096 0.0180928
860000 1.97716 -0.0708358 0.0192426
861000 1.90573 -0.0714879 0.0183923
862000 1.83907 -0.0607484 0.0179448
863000 1.91027 -0.064378 0.0185831
864000 1.96484 -0.0739125 0.0191592
865000 1.86746 -0.0655759 0.0180579
866000 1.85311 -0.068365 0.0179286
867000 1.90869 -0.0832153 0.0184507
868000 1.86202 -0.0848558 0.01815
869000 1.92285 -0.0772719 0.0188074
870000 1.84992 -0.0735925 0.0182823
871000 1.95755 -0.0762176 0.0188874
872000 1.92741 -0.0669387 0.0187881
873000 1.82074 -0.0587119 0.0177484
874000 1.89118 -0.0528877 0.0187711
875000 1.9223 -0.0692207 0.0186537
876000 1.98905 -0.0601746 0.0195529
877000 1.8761 -0.0830569 0.0182548
878000 1.9239 -0.0664833 0.0188077
879000 1.91369 -0.0684976 0.0185647
880000 1.89106 -0.0635106 0.0183735
881000 1.9476 -0.0823538 0.0187517
882000 1.89724 -0.0840182 0.0184534
883000 1.91309 -0.0682208 0.0186493
884000 1.85211 -0.0558025 0.0181118
885000 1.86576 -0.0728946 0.0182513
886000 1.87113 -0.0637226 0.0182196
887000 1.95458 -0.0542212 0.0193802
888000 1.88259 -0.0621126 0.0183259
889000 1.89773 -0.0618933 0.0185473
890000 1.88701 -0.0629234 0.0186355
891000 1.84867 -0.0653517 0.0180292
892000 1.86229 -0.0644884 0.0181794
893000 1.88088 -0.0669949 0.0181396
894000 1.85356 -0.0802473 0.0177932
895000 1.87521 -0.0766526 0.0182861
896000 1.93559 -0.0759969 0.018857
897000 1.90928 -0.0682582 0.0186213
898000 1.86302 -0.0857542 0.01807
899000 1.91865 -0.0483899 0.0187748
900000 1.88603 -0.0461519 0.0184948
901000 1.87991 -0.0632974 0.0185708
902000 1.84284 -0.0663301 0.0180911
903000 1.85646 -0.0689215 0.0181481
904000 1.89054 -0.0711704 0.0184377
905000 1.93687 -0.0558911 0.0188833
906000 1.91998 -0.0667219 0.0186565
907000 1.8814 -0.0728241 0.0182082
908000 1.90842 -0.0649788 0.0185821
909000 1.91395 -0.0711882 0.018472
910000 1.9227 -0.081186 0.0185083
911000 1.9077 -0.0770717 0.0186136
912000 1.8764 -0.0750361 0.0183671
913000 1.88976 -0.0696903 0.018367
914000 1.85636 -0.0646124 0.0181451
915000 1.86237 -0.055333 0.0182154
916000 1.94074 -0.0514344 0.0191251
917000 1.82966 -0.0819768 0.0179262
918000 1.93203 -0.074139 0.0187897
919000 1.94159 -0.0763012 0.0191587
920000 1.83795 -0.0661484 0.0178046
921000 1.94388 -0.0635786 0.0189396
922000 1.84521 -0.0686049 0.0179258
923000 1.88768 -0.0648169 0.0184626
924000 1.94702 -0.0744979 0.0190506
925000 1.88496 -0.0738119 0.0182096
926000 1.9226 -0.0859259 0.0186358
927000 1.88028 -0.0749991 0.0184299
928000 1.8719 -0.0791656 0.0181561
929000 1.91384 -0.0664991 0.0186236
930000 1.93279 -0.0634318 0.0189983
931000 1.9056 -0.0503426 0.0185998
932000 1.86821 -0.0661783 0.0181909
933000 1.92003 -0.0628966 0.0187327
934000 1.89042 -0.0648917 0.0183556
935000 1.91759 -0.0809186 0.018499
936000 1.84189 -0.0657307 0.0179698
937000 1.85468 -0.0518525 0.0184126
938000 1.8878 -0.0507386 0.0185226
939000 1.86364 -0.0583469 0.0183143
940000 1.8947 -0.0721201 0.0183077
941000 1.86064 -0.0547794 0.0182844
942000 1.83018 -0.0569688 0.0179464
943000 1.92095 -0.0708379 0.018528
944000 1.8896 -0.0664583 0.0185342
945000 1.87536 -0.0686404 0.0184234
946000 1.92353 -0.0570182 0.0188139
947000 1.89628 -0.0671067 0.0184227
948000 1.88888 -0.0782423 0.0184042
949000 1.9013 -0.0725411 0.0186933
950000 1.91796 -0.0889258 0.0186801
951000 1.93542 -0.084043 0.0189942
952000 1.91719 -0.0728633 0.0188274
953000 1.93281 -0.0709458 0.0188222
954000 1.93576 -0.0816481 0.0187785
955000 1.92295 -0.0569051 0.0187716
956000 1.88868 -0.0652743 0.0184212
957000 1.86362 -0.067693 0.0182847
958000 1.9084 -0.0608209 0.0187284
959000 1.87757 -0.069461 0.0183397
960000 1.92517 -0.0651825 0.0189002
961000 1.92747 -0.0650821 0.0189201
962000 1.87601 -0.074188 0.0182546
963000 1.9334 -0.090779 0.0184845
964000 1.84052 -0.0769894 0.0181687
965000 1.93782 -0.0887063 0.0188017
966000 1.85689 -0.0801669 0.0179362
967000 1.92427 -0.0799739 0.018835
968000 1.89604 -0.07 0.0183376
969000 1.9112 -0.0674646 0.0186962
970000 1.87346 -0.0695168 0.0182206
971000 1.90162 -0.08661 0.0184088
972000 1.9093 -0.0718154 0.0184586
973000 1.88745 -0.0596282 0.0185227
974000 1.93815 -0.0735299 0.0187155
975000 1.90265 -0.0789885 0.0185549
976000 1.89369 -0.0810528 0.0185364
977000 1.87435 -0.0838238 0.0179218
978000 1.92183 -0.0734632 0.0189941
979000 1.9037 -0.0630613 0.0187196
980000 1.9309 -0.0628984 0.0188939
981000 1.96825 -0.0680415 0.0193173
982000 1.90943 -0.06502 0.0187798
983000 1.82638 -0.0597626 0.0177829
984000 1.9614 -0.0673988 0.0190532
985000 1.89567 -0.0699418 0.0185173
986000 1.91525 -0.0793251 0.0188384
987000 1.85632 -0.068444 0.0181279
988000 1.9351 -0.0663783 0.0188726
989000 1.9314 -0.0719272 0.0187101
990000 1.85203 -0.0559203 0.0179695
991000 1.95014 -0.0617104 0.0191282
992000 1.9368 -0.0613753 0.0189938
993000 1.87775 -0.0712691 0.0182413
994000 1.90533 -0.0708765 0.0185434
995000 1.91126 -0.101694 0.0186935
996000 1.84892 -0.0881566 0.0180429
997000 1.87492 -0.0657317 0.0183178
998000 1.86866 -0.0763939 0.0182481
999000 1.8811 -0.0735963 0.0181918
1000000 1.90189 -0.0568748 0.0187076
1001000 1.88568 -0.0680056 0.018438
1002000 1.95395 -0.0515666 0.0191142
1003000 1.91576 -0.06302 0.0186868
1004000 1.90271 -0.068563 0.018629
1005000 1.95229 -0.0664823 0.0191557
1006000 1.87114 -0.066153 0.0182563
1007000 1.92164 -0.0630932 0.0187284
1008000 1.95866 -0.0608208 0.0190629
1009000 1.8405 -0.0657261 0.0179532
1010000 1.90496 -0.0623494 0.0186442
1011000 1.93418 -0.0595647 0.0187795
1012000 1.89961 -0.0782217 0.0184473
1013000 1.93634 -0.0661234 0.0189204
1014000 1.96652 -0.0586571 0.0192363
1015000 1.90299 -0.062717 0.0186193
1016000 1.92309 -0.0448172 0.0188368
1017000 1.92714 -0.0583342 0.0189436
1018000 1.85049 -0.0501427 0.0182378
1019000 1.9245 -0.0633622 0.0186784
1020000 1.89396 -0.0565905 0.0184979
1021000 1.88283 -0.054751 0.0185489
1022000 1.83463 -0.0701111 0.0178491
1023000 1.94396 -0.0608444 0.018774
1024000 1.83197 -0.0665279 0.0180143
1025000 1.94721 -0.0664641 0.0190041
1026000 1.93226 -0.0687307 0.0190055
1027000 1.87223 -0.0614627 0.018448
1028000 1.89485 -0.0856592 0.0185015
1029000 1.93419 -0.0758623 0.0188312
1030000 1.85018 -0.0784309 0.0180213
1031000 1.88526 -0.072027 0.0186162
1032000 1.93544 -0.070976 0.0188701
1033000 1.85218 -0.0901334 0.0178678
1034000 1.90805 -0.0736393 0.0184177
1035000 1.88077 -0.0613658 0.0182929
1036000 1.869 -0.0575294 0.0182139
1037000 1.95712 -0.0781266 0.0190733
1038000 1.90292 -0.0798001 0.0187052
1039000 1.85403 -0.0742796 0.0179185
1040000 1.88758 -0.10016 0.0181871
1041000 1.8655 -0.0745899 0.01812
1042000 1.90026 -0.0627342 0.0184364
1043000 1.87478 -0.0528942 0.0185293
1044000 1.89788 -0.0760342 0.0187644
1045000 1.88819 -0.121132 0.0184242
1046000 1.9538 -0.127292 0.0187307
1047000 1.93395 -0.111474 0.0184766
1048000 1.88938 -0.0916402 0.0183791
1049000 1.9273 -0.088212 0.0187844
1050000 1.87115 -0.0776855 0.0182724
1051000 1.92375 -0.0851581 0.018616
1052000 1.85816 -0.0810793 0.0180878
1053000 1.84873 -0.0766822 0.0179882
1054000 1.8546 -0.0664524 0.0182053
1055000 1.90249 -0.0714264 0.0185513
1056000 1.89491 -0.0848675 0.0184046
1057000 1.88069 -0.0538436 0.0184532
1058000 1.9757 -0.0553936 0.0194352
1059000 1.84684 -0.0594841 0.0179307
1060000 1.91332 -0.0579298 0.018561
1061000 1.89903 -0.0743511 0.0184469
1062000 1.86889 -0.0622104 0.0183688
1063000 1.92584 -0.086509 0.0187331
1064000 1.93672 -0.0601823 0.0189192
1065000 1.84824 -0.0706951 0.0180199
1066000 1.93772 -0.0532788 0.0189235
1067000 1.8991 -0.0568565 0.018652
1068000 1.86849 -0.0632593 0.0182103
1069000 1.88864 -0.0695672 0.0183026
1070000 1.91068 -0.069788 0.018524
1071000 1.93865 -0.0641022 0.0188089
1072000 1.90947 -0.0635234 0.0185686
1073000 1.87012 -0.0756251 0.0182097
1074000 1.95176 -0.0674283 0.0189873
1075000 1.88207 -0.0834891 0.0180878
1076000 1.88514 -0.0651445 0.0183956
1077000 1.95062 -0.0742679 0.0189814
1078000 1.8616 -0.0924004 0.0180209
1079000 1.86976 -0.0786561 0.0183277
1080000 1.95067 -0.0668237 0.019058
1081000 1.96135 -0.0770963 0.0189623
1082000 1.86523 -0.0666483 0.0182384
1083000 1.87505 -0.058258 0.0184626
1084000 1.91318 -0.0697518 0.0185629
1085000 1.92179 -0.0846611 0.0186978
1086000 1.88239 -0.0742453 0.0181797
1087000 1.91048 -0.0697005 0.0187045
1088000 1.85388 -0.0775633 0.0179686
1089000 1.89521 -0.0710434 0.0182727
1090000 1.88232 -0.0938819 0.0182685
1091000 1.86444 -0.0775435 0.0182983
1092000 1.88825 -0.0679523 0.0184365
1093000 1.95145 -0.0657043 0.0190105
1094000 1.86675 -0.0762777 0.0179972
1095000 1.87436 -0.0776701 0.0183706
1096000 1.88388 -0.0965828 0.0181945
1097000 1.92383 -0.0752177 0.0188942
1098000 1.88146 -0.0557418 0.018357
1099000 1.87669 -0.0602332 0.0182999
1100000 1.89627 -0.0727047 0.0183829
