# Time-averaged data for fix 2
# TimeStep v_Temperature v_PotentialEnergy v_Pressure
1000 1.63311 -0.0116447 0.00161655
2000 1.66519 -0.00692432 0.00164671
3000 1.71119 -0.00482673 0.00169629
4000 1.7105 -0.00705058 0.00169149
5000 1.65474 -0.00919312 0.00163258
6000 1.73855 -0.011491 0.00171714
7000 1.64557 -0.0077585 0.00162613
8000 1.74852 -0.00983025 0.00172637
9000 1.73376 -0.0129306 0.00171087
10000 1.7273 -0.0076926 0.00171037
11000 1.72272 -0.00950954 0.00169807
12000 1.70054 -0.00537596 0.00167747
13000 1.63105 -0.00593161 0.0016106
14000 1.72031 -0.00595542 0.00170177
15000 1.69267 -0.00168308 0.00167576
16000 1.77018 -0.00436056 0.00174989
17000 1.72252 -0.00447663 0.00170361
18000 1.68653 -0.00459602 0.00166586
19000 1.70127 -0.00947306 0.00167795
20000 1.71337 -0.00244513 0.00169448
21000 1.7106 -0.00619293 0.00169367
22000 1.67037 -0.00664709 0.00164947
23000 1.69514 -0.0100115 0.00167624
24000 1.76828 -0.00553484 0.0017467
25000 1.70069 -0.00526888 0.00168213
26000 1.6887 -0.00525832 0.00166759
27000 1.7293 -0.00689945 0.00170822
28000 1.7091 -0.00439037 0.00168954
29000 1.74232 -0.00606432 0.0017211
30000 1.65887 -0.0101023 0.00164064
31000 1.74466 -0.00685773 0.00171998
32000 1.67175 -0.00451451 0.00165455
33000 1.65299 -0.0071996 0.00162818
34000 1.69352 -0.00598918 0.00167793
35000 1.67159 -0.0045747 0.00164966
36000 1.67033 -0.00216144 0.00165161
37000 1.70018 -0.00552845 0.00167684
38000 1.73603 -0.00730403 0.00171502
39000 1.67644 -0.00812091 0.00165574
40000 1.72883 -0.00348428 0.00171355
41000 1.74879 -0.00772392 0.00172562
42000 1.66518 -0.00280561 0.00164481
43000 1.70021 -0.0060209 0.00168784
44000 1.72111 -0.00420924 0.00170392
45000 1.69614 -0.00318049 0.00167796
46000 1.69542 -0.00586011 0.00167512
47000 1.72189 -0.0067629 0.00170972
48000 1.77456 -0.0028108 0.00176249
49000 1.72356 -0.00507473 0.00170487
50000 1.69062 -0.00511234 0.00167048
51000 1.74152 -0.00928096 0.00172496
52000 1.74687 -0.00426366 0.00173633
53000 1.67508 -0.009283 0.00165192
54000 1.68972 -0.00753793 0.0016695
55000 1.7457 -0.00622365 0.00172141
56000 1.64515 -0.00251595 0.0016253
57000 1.72878 -0.00481131 0.0017086
58000 1.71474 -0.00614694 0.00169093
59000 1.66545 -0.00590302 0.00164782
60000 1.71827 -0.00569738 0.0016967
61000 1.72201 -0.00480575 0.00170448
62000 1.73366 -0.0137396 0.00171392
63000 1.71719 -0.00478863 0.00169938
64000 1.70516 -0.00400225 0.00169105
65000 1.69603 -0.00186875 0.00167734
66000 1.71699 -0.00517168 0.00169371
67000 1.69999 -0.00675101 0.00167662
68000 1.71719 -0.00390072 0.00169878
69000 1.67858 -0.00762392 0.00165386
70000 1.73026 -0.00648063 0.00171141
71000 1.70067 -0.00659622 0.00168033
72000 1.71548 -0.0057758 0.00169552
73000 1.69946 -0.0056674 0.00168115
74000 1.71211 -0.00579518 0.00169048
75000 1.72198 -0.00726843 0.00170535
76000 1.69371 -0.00314653 0.00167296
77000 1.68909 -0.010286 0.00167134
78000 1.65694 -0.0118475 0.00163397
79000 1.6892 -0.00826996 0.00166629
80000 1.68939 -0.00560418 0.00167387
81000 1.71519 -0.00228961 0.00169708
82000 1.67397 -0.00417536 0.00165438
83000 1.68716 -0.00420663 0.00167149
84000 1.76793 -0.00213982 0.00174834
85000 1.69838 -0.00560265 0.00167778
86000 1.68546 -0.00620893 0.00166421
87000 1.75928 -0.00703806 0.00173544
88000 1.65438 -0.00709706 0.00163518
89000 1.67209 -0.00774396 0.00165121
90000 1.75329 -0.00847505 0.00173088
91000 1.66507 -0.00611227 0.00164197
92000 1.65665 -0.00521186 0.00163426
93000 1.73025 -0.00933601 0.0017067
94000 1.64529 -0.00619868 0.00162704
95000 1.70988 -0.00522137 0.00168807
96000 1.71696 -0.00645006 0.00170082
97000 1.73328 -0.00484691 0.00170969
98000 1.74491 -0.00768708 0.00172518
99000 1.69717 -0.00299775 0.00167759
100000 1.68866 -0.00837778 0.00167128
101000 1.7178 -0.00624805 0.00169547
102000 1.70813 -0.00302241 0.00168894
103000 1.64313 -0.00784483 0.00161621
104000 1.74464 -0.00428341 0.00172034
105000 1.6825 -0.00623658 0.00166128
106000 1.65617 -0.00463091 0.00163737
107000 1.72788 -0.00357338 0.00171244
108000 1.71376 -0.00736877 0.00169637
109000 1.68904 -0.0056059 0.00166657
110000 1.67085 -0.00638006 0.00164922
111000 1.70645 -0.00993358 0.00167794
112000 1.73732 -0.00419615 0.00171727
113000 1.74656 -0.00360317 0.00172772
114000 1.64809 -0.00757578 0.00162812
115000 1.73437 -0.00478981 0.0017197
116000 1.74661 -0.0102603 0.00172485
117000 1.71171 -0.00935921 0.00168861
118000 1.62861 -0.00665204 0.00160662
119000 1.74116 -0.0117652 0.00172147
120000 1.65522 -0.0100486 0.00162695
121000 1.77264 -0.00689321 0.00174836
122000 1.68763 -0.0111394 0.00166309
123000 1.70948 -0.0069977 0.00168603
124000 1.72448 -0.00556662 0.00170654
125000 1.70005 -0.00893615 0.00167562
126000 1.64336 -0.0102071 0.00161948
127000 1.74441 -0.00559668 0.00172601
128000 1.66651 -0.00880885 0.00164281
129000 1.68077 -0.00162505 0.00166287
130000 1.72284 -0.00339739 0.00171219
131000 1.71663 -0.00708053 0.00169653
132000 1.68188 -0.00883738 0.00165913
133000 1.69431 -0.00592312 0.00168507
134000 1.6588 -0.0028678 0.00164347
135000 1.73039 -0.00669002 0.00170718
136000 1.7001 -0.00756642 0.00167575
137000 1.68769 -0.00315239 0.00166851
138000 1.74901 -0.0073698 0.0017273
139000 1.73989 -0.00678808 0.00172305
140000 1.68837 -0.00529863 0.0016686
141000 1.72414 -0.00550927 0.00170713
142000 1.77329 -0.00727289 0.00174783
143000 1.6771 -0.00557896 0.00165766
144000 1.70402 -0.00555058 0.00168681
145000 1.68112 -0.00713134 0.00166537
146000 1.65293 -0.00727854 0.00163288
147000 1.74687 -0.00468519 0.0017227
148000 1.64972 -0.00343226 0.00163151
149000 1.73461 -0.0062007 0.00171265
150000 1.73637 -0.00810861 0.00171506
151000 1.63402 -0.00390497 0.00161582
152000 1.73462 -0.00718981 0.00170986
153000 1.73284 -0.00458977 0.00171177
154000 1.65448 -0.00547531 0.00163165
155000 1.70783 -0.00542972 0.00168955
156000 1.69915 -0.00266971 0.00168188
157000 1.7323 -0.00485783 0.00171096
158000 1.71591 -0.00585169 0.00169805
159000 1.66422 -0.0029803 0.0016494
160000 1.66883 -0.00259811 0.00165137
161000 1.69974 -0.00454226 0.00167762
162000 1.71837 -0.00531397 0.00169327
163000 1.72026 -0.00479573 0.00170315
164000 1.66695 -0.00524699 0.00164929
165000 1.66885 -0.00834844 0.00164647
166000 1.74707 -0.00325349 0.00172803
167000 1.70961 -0.0124982 0.00168088
168000 1.73116 -0.0146777 0.00169768
169000 1.70893 -0.0072275 0.00168509
170000 1.65876 -0.00562658 0.00163835
171000 1.75093 -0.00398927 0.00173448
172000 1.72512 -0.00578628 0.00170179
173000 1.72834 -0.00179997 0.00170839
174000 1.72612 -0.00815487 0.00170169
175000 1.69427 -0.00620744 0.00167069
176000 1.67168 -0.00521753 0.00165233
177000 1.70849 -0.00790829 0.0016879
178000 1.69178 -0.00352537 0.00167395
179000 1.67853 -0.00508234 0.00166044
180000 1.65912 -0.00421957 0.00163959
181000 1.74614 -0.00582199 0.00172478
182000 1.77249 -0.00450702 0.00175072
183000 1.63405 -0.00376283 0.00161784
184000 1.7336 -0.00669021 0.00171502
185000 1.713 -0.00780918 0.00168881
186000 1.66837 -0.00489137 0.00165158
187000 1.71076 -0.00307966 0.00170104
188000 1.70697 -0.00411007 0.00168929
189000 1.64888 -0.00501704 0.00163262
190000 1.74009 -0.00523438 0.00173075
191000 1.69817 -0.00350067 0.00168093
192000 1.65285 -0.00337472 0.00163331
193000 1.72372 -0.007128 0.00170558
194000 1.72337 -0.00228094 0.00170645
195000 1.68017 -0.00490984 0.00166322
196000 1.67779 -0.00204627 0.00165747
197000 1.70548 -0.00571904 0.00168632
198000 1.67482 -0.00414242 0.00165433
199000 1.69103 -0.0090829 0.0016732
200000 1.67146 -0.00583841 0.00165239
201000 1.68663 -0.00828588 0.00166857
202000 1.68654 -0.00951617 0.001663
203000 1.72058 -0.00815424 0.00170419
204000 1.7196 -0.00780154 0.00169788
205000 1.75219 -0.00492939 0.00173905
206000 1.65459 -0.0100077 0.00163406
207000 1.74938 -0.00905251 0.00172238
208000 1.77883 -0.00730221 0.0017584
209000 1.64305 -0.0083669 0.00161977
210000 1.74082 -0.00774278 0.00171536
211000 1.6501 -0.00917121 0.00163003
212000 1.72575 -0.00786717 0.00170541
213000 1.76077 -0.00530783 0.00174095
214000 1.6619 -0.00647041 0.00164299
215000 1.68098 -0.00494739 0.00166501
216000 1.74526 -0.0035481 0.0017226
217000 1.66566 -0.0102347 0.00164641
218000 1.67462 -0.0065902 0.00165401
219000 1.75569 -0.00568907 0.00173482
220000 1.62254 -0.0053067 0.00161235
221000 1.70334 -0.00949998 0.0016873
222000 1.69786 -0.00821663 0.00168035
223000 1.76977 -0.00780411 0.00175376
224000 1.71858 -0.00356878 0.00170004
225000 1.68289 -0.00207048 0.0016646
226000 1.69137 -0.006612 0.00167349
227000 1.73803 -0.00362056 0.00171626
228000 1.64301 -0.00623411 0.00162327
229000 1.7719 -0.00593509 0.00175438
230000 1.74101 -0.00756926 0.00171598
231000 1.67167 -0.0080016 0.00164557
232000 1.67708 -0.0079834 0.00165267
233000 1.68788 -0.00345693 0.00166982
234000 1.67779 -0.00333705 0.00166181
235000 1.69906 -0.00606519 0.0016759
236000 1.70926 -0.00486165 0.00169286
237000 1.68152 -0.00487614 0.0016622
238000 1.74945 -0.00259097 0.0017295
239000 1.64557 -0.00485847 0.00162675
240000 1.70266 -0.00676324 0.00168188
241000 1.72183 -0.0073455 0.00170396
242000 1.6839 -0.00531997 0.00166584
243000 1.67883 -0.00703684 0.00165625
244000 1.74283 -0.00623916 0.00172404
245000 1.75758 -0.00507364 0.00174395
246000 1.68261 -0.00339241 0.00166794
247000 1.70533 -0.00262329 0.00169291
248000 1.70832 -0.00411438 0.00169092
249000 1.75054 -0.00774263 0.00173124
250000 1.6968 -0.00654261 0.00168175
251000 1.65816 -0.0074162 0.0016407
252000 1.6894 -0.00532898 0.00166705
253000 1.69496 -0.00554579 0.00167347
254000 1.67152 -0.00581042 0.0016563
255000 1.68906 -0.00622102 0.00166336
256000 1.69931 -0.00387047 0.0016781
257000 1.71215 -0.00461267 0.0016907
258000 1.69325 -0.00527029 0.00167509
259000 1.69781 -0.00467562 0.00167557
260000 1.70225 -0.0110478 0.00168185
261000 1.68407 -0.0139053 0.00166046
262000 1.67256 -0.0150594 0.00165547
263000 1.74774 -0.0112981 0.00172756
264000 1.72745 -0.0106843 0.00170753
265000 1.67031 -0.00598852 0.0016484
266000 1.72493 -0.00414095 0.00171129
267000 1.76588 -0.00526502 0.00174551
268000 1.67252 -0.00615722 0.00165243
269000 1.70128 -0.00522103 0.00167823
270000 1.63443 -0.00691393 0.0016182
271000 1.72935 -0.00923014 0.00170154
272000 1.67136 -0.0169719 0.00164348
273000 1.72624 -0.00973934 0.00170251
274000 1.67279 -0.0133574 0.00164492
275000 1.72346 -0.0201748 0.00169007
276000 1.65432 -0.0195255 0.00162711
277000 1.73323 -0.0138443 0.00170483
278000 1.69197 -0.0161423 0.00166462
279000 1.68345 -0.0126142 0.00165811
280000 1.69994 -0.0159296 0.00167249
281000 1.65084 -0.0110327 0.00162459
282000 1.65931 -0.0142256 0.00163368
283000 1.70786 -0.0138409 0.00168741
284000 1.66009 -0.0159737 0.0016387
285000 1.69903 -0.0119199 0.00167209
286000 1.68108 -0.00855996 0.00166911
287000 1.70623 -0.0107509 0.00168432
288000 1.6515 -0.00867177 0.00163021
289000 1.64052 -0.0134956 0.00162213
290000 1.68532 -0.0102688 0.00166469
291000 1.72514 -0.00913221 0.00170938
292000 1.67753 -0.0111804 0.00165179
293000 1.7565 -0.012414 0.00173163
294000 1.68002 -0.0121966 0.00165691
295000 1.68764 -0.0125214 0.001667
296000 1.68512 -0.0106805 0.00166235
297000 1.72255 -0.0138537 0.00169988
298000 1.72114 -0.0101115 0.0016984
299000 1.65599 -0.00723198 0.00164482
300000 1.71978 -0.0160857 0.00169996
301000 1.68406 -0.0100783 0.00166029
302000 1.74449 -0.00580178 0.00173031
303000 1.69927 -0.00307137 0.00168158
304000 1.715 -0.00389762 0.00169508
305000 1.71751 -0.000914827 0.00169933
306000 1.64759 -0.00561897 0.00162561
307000 1.63776 -0.00884592 0.00161839
308000 1.72565 -0.00449383 0.00170284
309000 1.73009 -0.0044132 0.00171069
310000 1.69984 -0.00636625 0.00167952
311000 1.70758 -0.00501523 0.00168417
312000 1.65741 -0.00367631 0.0016431
313000 1.7326 -0.00358901 0.00171394
314000 1.70567 -0.0107907 0.00168788
315000 1.67084 -0.00602551 0.00165144
316000 1.76452 -0.00509477 0.00174278
317000 1.65484 -0.00413697 0.00163795
318000 1.74467 -0.00619899 0.00172761
319000 1.63835 -0.0145372 0.00161456
320000 1.76148 -0.00904974 0.00173755
321000 1.70099 -0.00580102 0.00167913
322000 1.7071 -0.00610362 0.00168641
323000 1.7286 -0.0034679 0.00170939
324000 1.62551 -0.00601788 0.00160457
325000 1.75182 -0.00823023 0.00172615
326000 1.6591 -0.00398442 0.00164097
327000 1.77731 -0.00537495 0.00175562
328000 1.7185 -0.0065655 0.00170236
329000 1.68757 -0.00508451 0.00166652
330000 1.69043 -0.00851234 0.00166856
331000 1.6824 -0.00657613 0.00166109
332000 1.71754 -0.00859617 0.00169692
333000 1.69228 -0.00857246 0.00167187
334000 1.68844 -0.0122043 0.00166323
335000 1.70548 -0.0223771 0.00168531
336000 1.68568 -0.00653527 0.00166526
337000 1.67252 -0.00628787 0.00164852
338000 1.73997 -0.00799519 0.00171923
339000 1.68242 -0.00796261 0.00166002
340000 1.75216 -0.00789725 0.00172828
341000 1.68923 -0.00780784 0.00166372
342000 1.75202 -0.00610085 0.00173379
343000 1.67817 -0.00592483 0.00166069
344000 1.69635 -0.0107406 0.00167233
345000 1.65648 -0.0013357 0.00163932
346000 1.73882 -0.00276649 0.00172016
347000 1.73838 -0.00475707 0.00171575
348000 1.70658 -0.00559807 0.00168384
349000 1.66486 -0.00428302 0.00164962
350000 1.68595 -0.00922861 0.00166721
351000 1.71451 -0.0127809 0.00169258
352000 1.69327 -0.0068225 0.00168305
353000 1.67017 -0.00492322 0.00165249
354000 1.67775 -0.0114623 0.00165504
355000 1.67569 -0.00670467 0.00165115
356000 1.67862 -0.00205994 0.00166372
357000 1.67384 -0.0069211 0.0016548
358000 1.67857 -0.00322055 0.00166366
359000 1.72967 -0.00677358 0.00170935
360000 1.70794 -0.00726251 0.00169394
361000 1.67612 -0.0038034 0.00165736
362000 1.73227 -0.00798046 0.00170776
363000 1.65849 -0.00644599 0.00163716
364000 1.67895 -0.00809778 0.00165693
365000 1.69018 -0.00454697 0.00167102
366000 1.68824 -0.00542178 0.00167616
367000 1.72349 -0.00319021 0.00170703
368000 1.70118 -0.00241259 0.00168571
369000 1.62571 -0.00351444 0.00161121
370000 1.7713 -0.00684718 0.00175094
371000 1.67314 -0.00484799 0.0016554
372000 1.67231 -0.00444493 0.0016496
373000 1.75464 -0.00662086 0.00173465
374000 1.68536 -0.00681699 0.00166654
375000 1.699 -0.00360332 0.00167618
376000 1.70478 -0.00414331 0.00168589
377000 1.6925 -0.00481021 0.00167123
378000 1.65217 -0.00697451 0.00163149
379000 1.64108 -0.00593896 0.0016214
380000 1.72475 -0.00641245 0.00170406
381000 1.68695 -0.00363369 0.00167321
382000 1.67196 -0.0052839 0.00165522
383000 1.70055 -0.00281742 0.00169175
384000 1.70997 -0.00541528 0.00168961
385000 1.70169 -0.00724314 0.00168106
386000 1.7218 -0.00465153 0.0017054
387000 1.70693 -0.0048522 0.00168549
388000 1.65805 -0.00226431 0.00164122
389000 1.73622 -0.00850381 0.00171881
390000 1.78165 -0.00485888 0.00175824
391000 1.69235 -0.0075602 0.00167168
392000 1.68826 -0.00340735 0.00167082
393000 1.71746 -0.00715898 0.00169588
394000 1.65437 -0.00351032 0.00163458
395000 1.76417 -0.00752888 0.00174904
396000 1.63864 -0.00887055 0.00161771
397000 1.7419 -0.00658147 0.00171981
398000 1.67876 -0.00692649 0.00165524
399000 1.73718 -0.00613781 0.00171687
400000 1.67746 -0.00287405 0.00166316
401000 1.72376 -0.00863312 0.00169874
402000 1.66821 -0.00444271 0.00165535
403000 1.73774 -0.00695165 0.00171275
404000 1.73114 -0.00248808 0.00171557
405000 1.71917 -0.00507274 0.0016964
406000 1.68099 -0.00930875 0.00166527
407000 1.67783 -0.00384475 0.00165813
408000 1.76083 -0.00545851 0.00174189
409000 1.68723 -0.00333747 0.0016643
410000 1.70179 -0.00412038 0.00168151
411000 1.66292 -0.00344841 0.001646
412000 1.65399 -0.00750288 0.00163164
413000 1.65171 -0.00533182 0.00163051
414000 1.69472 -0.0045276 0.00167831
415000 1.66434 -0.00490895 0.00164553
416000 1.70013 -0.00243631 0.00168235
417000 1.68648 -0.00543228 0.00166695
418000 1.70614 -0.00648536 0.00168735
419000 1.72918 -0.00364887 0.00171068
420000 1.69457 -0.00537152 0.0016787
421000 1.71126 -0.00262794 0.00169032
422000 1.72644 -0.00408687 0.00170462
423000 1.72478 -0.00648054 0.0017104
424000 1.69991 -0.00210184 0.00168784
425000 1.68265 -0.00815046 0.00166484
426000 1.64204 -0.00618224 0.00162257
427000 1.66525 -0.014277 0.00165026
428000 1.74015 -0.00881284 0.00172036
429000 1.67554 -0.0116304 0.00165041
430000 1.71804 -0.0142508 0.00168926
431000 1.70099 -0.00635837 0.00167817
432000 1.64947 -0.00608345 0.00163374
433000 1.74071 -0.00503781 0.00173302
434000 1.73204 -0.00731693 0.00171053
435000 1.69659 -0.00872445 0.00166952
436000 1.73585 -0.00404588 0.00171502
437000 1.76198 -0.00581403 0.00174582
438000 1.70824 -0.00399274 0.00168514
439000 1.66241 -0.00453826 0.00164525
440000 1.74526 -0.00593058 0.00173239
441000 1.75317 -0.00667782 0.00173215
442000 1.68888 -0.0104721 0.00166725
443000 1.72272 -0.0054362 0.00169883
444000 1.77385 -0.00309809 0.00175508
445000 1.72313 -0.00879139 0.00169989
446000 1.69288 -0.00989551 0.00167128
447000 1.6856 -0.00901974 0.0016618
448000 1.73674 -0.00423609 0.00172401
449000 1.6934 -0.0042022 0.0016706
450000 1.73914 -0.00654267 0.00172122
451000 1.73954 -0.00605989 0.00171449
452000 1.72688 -0.00255754 0.00170668
453000 1.67635 -0.00197061 0.00165758
454000 1.71311 -0.00544457 0.00169979
455000 1.73053 -0.00332646 0.00171624
456000 1.66236 -0.00558351 0.00163831
457000 1.70983 -0.00456596 0.0016894
458000 1.72684 -0.00772495 0.00171175
459000 1.66231 -0.0084264 0.0016417
460000 1.70973 -0.00586683 0.00169089
461000 1.67512 -0.00469181 0.00165985
462000 1.74402 -0.00762362 0.00172174
463000 1.76623 -0.00667214 0.00174563
464000 1.67062 -0.00423607 0.00165421
465000 1.70506 -0.00823539 0.00168106
466000 1.72512 -0.00724613 0.00170459
467000 1.74869 -0.00611288 0.00172744
468000 1.64384 -0.0117605 0.00162175
469000 1.71154 -0.00806648 0.001704
470000 1.72973 -0.00930172 0.00170786
471000 1.67429 -0.0145064 0.00164998
472000 1.68809 -0.0136333 0.00166271
473000 1.75075 -0.0137402 0.00172804
474000 1.71314 -0.00924383 0.00169017
475000 1.72912 -0.00802281 0.00170712
476000 1.71107 -0.0125541 0.00169108
477000 1.6692 -0.0146508 0.00164606
478000 1.67922 -0.00852718 0.00165721
479000 1.69394 -0.00980092 0.0016748
480000 1.71492 -0.0110965 0.00169483
481000 1.69741 -0.0117985 0.00167278
482000 1.64539 -0.011558 0.00162644
483000 1.7309 -0.0119326 0.00171047
484000 1.77219 -0.0209671 0.00174294
485000 1.66769 -0.0239356 0.00163287
486000 1.70402 -0.0188765 0.00168477
487000 1.65453 -0.0139124 0.0016367
488000 1.65551 -0.0126621 0.00163691
489000 1.74388 -0.0110109 0.00172544
490000 1.68785 -0.0148752 0.00166117
491000 1.74796 -0.0141738 0.0017254
492000 1.69395 -0.0112147 0.00167193
493000 1.72917 -0.0142692 0.00171012
494000 1.72799 -0.0118146 0.00169978
495000 1.67013 -0.00717008 0.00165251
496000 1.68513 -0.000858205 0.00166868
497000 1.68725 -0.00279735 0.00166898
498000 1.73017 -0.00442114 0.00171379
499000 1.63587 -0.00386694 0.00161908
500000 1.65507 -0.0096075 0.00163574
501000 1.71994 -0.010042 0.0016985
502000 1.73149 -0.0107203 0.00170813
503000 1.64455 -0.0127845 0.0016229
504000 1.72362 -0.0132466 0.00170538
505000 1.71161 -0.0125573 0.00168658
506000 1.68618 -0.0147439 0.0016666
507000 1.70384 -0.00834917 0.00168723
508000 1.69205 -0.00681891 0.001671
509000 1.71562 -0.00518656 0.00169258
510000 1.70279 -0.00822365 0.0016811
511000 1.70297 -0.00265581 0.00168549
512000 1.70846 -0.00692353 0.00168881
513000 1.73055 -0.00531096 0.00171613
514000 1.65503 -0.00225332 0.00163537
515000 1.71312 -0.00307367 0.00169409
516000 1.72152 -0.0079423 0.00169738
517000 1.67408 -0.0046325 0.00165377
518000 1.7235 -0.00710445 0.00170553
519000 1.72329 -0.00408453 0.00170577
520000 1.7241 -0.00318051 0.00171228
521000 1.72822 -0.00313339 0.00171156
522000 1.7406 -0.00474555 0.00171827
523000 1.67268 -0.00418312 0.00165576
524000 1.674 -0.00307165 0.0016551
525000 1.71551 -0.0049784 0.00169596
526000 1.71355 -0.00665403 0.00169495
527000 1.7144 -0.0054323 0.00169513
528000 1.71029 -0.0110304 0.00168252
529000 1.64249 -0.0113179 0.00162135
530000 1.66697 -0.00502458 0.00164815
531000 1.72335 -0.00772423 0.00170504
532000 1.67254 -0.00685412 0.00164944
533000 1.73209 -0.00203607 0.00171329
534000 1.67009 -0.00508709 0.00164555
535000 1.72692 -0.0026499 0.00170624
536000 1.70307 -0.00799523 0.00167949
537000 1.66365 -0.00268084 0.00164348
538000 1.73359 -0.00459027 0.00171272
539000 1.76732 -0.0027817 0.00174647
540000 1.70856 -0.00709313 0.00169556
541000 1.68425 -0.00496719 0.00166605
542000 1.72378 -0.00572985 0.0017018
543000 1.74548 -0.00878455 0.00172359
544000 1.6562 -0.00830922 0.00164249
545000 1.68407 -0.00594832 0.00166404
546000 1.72969 -0.0107517 0.00170487
547000 1.68378 -0.00362986 0.00166754
548000 1.68428 -0.00454889 0.00166369
549000 1.67459 -0.00693568 0.00165894
550000 1.70911 -0.00456295 0.00169047
551000 1.68626 -0.00284546 0.00167547
552000 1.7092 -0.00398558 0.00168836
553000 1.74008 -0.0072832 0.00171641
554000 1.6658 -0.00531054 0.00164376
555000 1.70445 -0.00709201 0.00167926
556000 1.73456 -0.00559516 0.00171757
557000 1.63936 -0.0088133 0.00161718
558000 1.74733 -0.00788736 0.00173087
559000 1.67286 -0.00489028 0.00164861
560000 1.67114 -0.00306892 0.00165069
561000 1.67694 -0.00544265 0.00165398
562000 1.68923 -0.0052136 0.00166999
563000 1.71874 -0.00485717 0.00169918
564000 1.67177 -0.00547883 0.00164985
565000 1.68317 -0.00301763 0.00166341
566000 1.69501 -0.00455823 0.00167787
567000 1.74407 -0.00738178 0.00172169
568000 1.68518 -0.00315902 0.00166623
569000 1.69863 -0.00767909 0.00167834
570000 1.67079 -0.00592072 0.00165786
571000 1.69664 -0.0073108 0.00167477
572000 1.76866 -0.00358583 0.00174885
573000 1.67253 -0.00548169 0.00165746
574000 1.67993 -0.00710067 0.00166162
575000 1.74581 -0.00582424 0.00172415
576000 1.65929 -0.00554192 0.00163508
577000 1.68119 -0.00843346 0.00166193
578000 1.67586 -0.00444758 0.0016547
579000 1.70896 -0.00947811 0.00168901
580000 1.67493 -0.0081135 0.00165506
581000 1.6814 -0.00555679 0.00166004
582000 1.65392 -0.0070301 0.00162811
583000 1.67388 -0.0204933 0.00163996
584000 1.73227 -0.0129738 0.00170814
585000 1.67627 -0.0101641 0.00165603
586000 1.72235 -0.00900931 0.00170286
587000 1.69586 -0.00798669 0.00167482
588000 1.69982 -0.0056148 0.0016771
589000 1.68986 -0.00984482 0.00167006
590000 1.69437 -0.00964151 0.00167146
591000 1.73984 -0.0105585 0.00171935
592000 1.67005 -0.00919199 0.00164933
593000 1.71587 -0.0116702 0.00168909
594000 1.74051 -0.00737307 0.00171884
595000 1.6968 -0.00810359 0.00168246
596000 1.73302 -0.00787715 0.00171227
597000 1.7479 -0.00788193 0.0017278
598000 1.70272 -0.00650373 0.0016836
599000 1.65777 -0.00717171 0.00163387
600000 1.70072 -0.00648723 0.00167733
601000 1.71969 -0.00406506 0.00169587
602000 1.72661 -0.012428 0.00170237
603000 1.65872 -0.00470819 0.00163695
604000 1.72087 -0.00389501 0.00170938
605000 1.70714 -0.00340456 0.00169292
606000 1.68532 -0.00329678 0.00166835
607000 1.75518 -0.00461458 0.00173458
608000 1.73614 -0.00627698 0.00171276
609000 1.63621 -0.00386697 0.00161811
610000 1.72745 -0.00615873 0.00170773
611000 1.67367 -0.00707743 0.00165346
612000 1.69287 -0.00902116 0.00167611
613000 1.68895 -0.00777929 0.00166978
614000 1.6583 -0.0100952 0.00163176
615000 1.71325 -0.00332718 0.001695
616000 1.67043 -0.00522243 0.00165517
617000 1.6347 -0.0100854 0.00160832
618000 1.66844 -0.00806262 0.00164349
619000 1.72767 -0.00799457 0.00170645
620000 1.69934 -0.00590147 0.00168036
621000 1.69159 -0.0107831 0.00167075
622000 1.70572 -0.00303179 0.00168893
623000 1.71496 -0.00641249 0.0016959
624000 1.71999 -0.00513952 0.00170466
625000 1.64934 -0.00572838 0.00163189
626000 1.73431 -0.00378064 0.00171365
627000 1.72467 -0.00345265 0.00170897
628000 1.65917 -0.00736035 0.00164597
629000 1.70652 -0.00396658 0.00169811
630000 1.75001 -0.00682662 0.00172662
631000 1.66519 -0.00746338 0.00164264
632000 1.71115 -0.00709377 0.0016889
633000 1.75082 -0.00414643 0.00173253
634000 1.63798 -0.00862631 0.00161138
635000 1.74048 -0.00487751 0.00172089
636000 1.67552 -0.00846025 0.00165883
637000 1.71232 -0.00591662 0.00169201
638000 1.7207 -0.00364036 0.00170202
639000 1.69097 -0.00357267 0.00167407
640000 1.70848 -0.00633761 0.00168974
641000 1.71146 -0.00507038 0.00168999
642000 1.6631 -0.00362803 0.00164564
643000 1.74067 -0.00508533 0.00172065
644000 1.73332 -0.00792772 0.00170933
645000 1.69253 -0.00572517 0.00167297
646000 1.71381 -0.00577018 0.00169307
647000 1.6531 -0.00668296 0.00162847
648000 1.72813 -0.00809034 0.00170633
649000 1.71841 -0.00345822 0.00169802
650000 1.70274 -0.00772999 0.00167758
651000 1.72834 -0.00875005 0.00170923
652000 1.6884 -0.0082161 0.00166266
653000 1.72309 -0.0100557 0.00170221
654000 1.68621 -0.00648221 0.00166324
655000 1.6653 -0.00331847 0.00164713
656000 1.70088 -0.00570292 0.00168236
657000 1.70691 -0.00416471 0.00168802
658000 1.72748 -0.00299011 0.00171069
659000 1.65613 -0.00589804 0.00163436
660000 1.73522 -0.00620327 0.00171315
661000 1.70753 -0.00607354 0.0016865
662000 1.69798 -0.00375902 0.0016827
663000 1.69652 -0.00543388 0.00167326
664000 1.6796 -0.00437368 0.00166077
665000 1.73508 -0.00785311 0.00170994
666000 1.67253 -0.00397704 0.00165213
667000 1.72032 -0.00541894 0.00169763
668000 1.69803 -0.00668775 0.00167393
669000 1.6809 -0.00899392 0.00165693
670000 1.72344 -0.00813721 0.00169907
671000 1.69172 -0.00460241 0.00167547
672000 1.72985 -0.0137336 0.00169975
673000 1.671 -0.0133565 0.00164144
674000 1.6933 -0.00364267 0.00167596
675000 1.73787 -0.00257435 0.00171814
676000 1.68755 -0.00926197 0.00167136
677000 1.72032 -0.00572518 0.00169781
678000 1.70798 -0.00583224 0.00169054
679000 1.74043 -0.00758387 0.00171783
680000 1.69562 -0.00381479 0.00167701
681000 1.72684 -0.00704463 0.00170492
682000 1.70293 -0.00325174 0.00168539
683000 1.73029 -0.00548418 0.00170991
684000 1.70807 -0.002965 0.00169595
685000 1.70709 -0.00564399 0.00168863
686000 1.70265 -0.00495912 0.00168188
687000 1.73072 -0.00323953 0.00171438
688000 1.70757 -0.00336414 0.00168652
689000 1.69081 -0.00611781 0.00167458
690000 1.70964 -0.00967038 0.00168109
691000 1.72277 -0.0151325 0.00169024
692000 1.66758 -0.00551115 0.00164806
693000 1.73415 -0.00886734 0.00170674
694000 1.73922 -0.0128823 0.00171671
695000 1.69146 -0.0188562 0.00166442
696000 1.71083 -0.0136734 0.00168033
697000 1.70195 -0.0137815 0.00167632
698000 1.68578 -0.0154127 0.00165566
699000 1.65478 -0.0108568 0.00162832
700000 1.70652 -0.0128534 0.00167771
701000 1.68886 -0.0077822 0.00166605
702000 1.70167 -0.00513421 0.00168238
703000 1.69119 -0.00819937 0.00166638
704000 1.67381 -0.00591484 0.00166279
705000 1.73816 -0.00535875 0.00171946
706000 1.67817 -0.00374195 0.00166364
707000 1.70124 -0.0037375 0.00168306
708000 1.68802 -0.00357416 0.00167005
709000 1.73233 -0.00780056 0.0017137
710000 1.70822 -0.00503453 0.00169156
711000 1.71447 -0.00658793 0.00169499
712000 1.6797 -0.00539227 0.00165817
713000 1.67257 -0.00796829 0.00165467
714000 1.68398 -0.00475765 0.00166357
715000 1.7014 -0.00482145 0.00167992
716000 1.71009 -0.00912343 0.00169017
717000 1.6777 -0.00370376 0.00165583
718000 1.67611 -0.0105727 0.00165451
719000 1.67888 -0.00980109 0.00165589
720000 1.69065 -0.00946916 0.0016686
721000 1.71107 -0.0076474 0.001688
722000 1.66003 -0.00634371 0.00163674
723000 1.72074 -0.00342829 0.00171098
724000 1.68901 -0.00530431 0.00168249
725000 1.69072 -0.00859007 0.00167076
726000 1.74676 -0.00679922 0.00172791
727000 1.7395 -0.00721404 0.00171689
728000 1.70594 -0.00448492 0.00168998
729000 1.6963 -0.0121528 0.00167273
730000 1.66157 -0.0111308 0.00164001
731000 1.74791 -0.0151401 0.00172936
732000 1.65558 -0.0114439 0.00163214
733000 1.75449 -0.0182466 0.00172878
734000 1.75056 -0.012344 0.00173018
735000 1.6631 -0.0138372 0.00164169
736000 1.68487 -0.0134671 0.0016676
737000 1.72254 -0.0148163 0.00169829
738000 1.71464 -0.0136216 0.00169146
739000 1.70495 -0.0146642 0.00167831
740000 1.71093 -0.0135966 0.00169283
741000 1.7145 -0.0147923 0.00169114
742000 1.72013 -0.0126842 0.00169432
743000 1.72009 -0.0158121 0.00169545
744000 1.70077 -0.0172385 0.00167795
745000 1.74074 -0.0153508 0.00171779
746000 1.7274 -0.0151926 0.00170621
747000 1.69675 -0.0157946 0.00167209
748000 1.62995 -0.0119685 0.00160894
749000 1.7208 -0.017535 0.00169695
750000 1.69857 -0.0134685 0.00168431
751000 1.76088 -0.0147388 0.0017383
752000 1.72732 -0.0141917 0.00170824
753000 1.64333 -0.0152754 0.00162135
754000 1.75547 -0.0108167 0.00173176
755000 1.66575 -0.0159032 0.00164176
756000 1.69511 -0.0135231 0.00167496
757000 1.7228 -0.0127927 0.00169991
758000 1.6909 -0.0123191 0.00167107
759000 1.71133 -0.0070645 0.00168942
760000 1.68334 -0.00324745 0.00166133
761000 1.67322 -0.00454565 0.00165708
762000 1.68586 -0.00595523 0.00166639
763000 1.65364 -0.00650501 0.00163906
764000 1.7214 -0.00631847 0.00169958
765000 1.66741 -0.00850179 0.00164288
766000 1.70492 -0.00830907 0.00168591
767000 1.70978 -0.00669736 0.00169088
768000 1.68669 -0.00475299 0.00166567
769000 1.71241 -0.00800663 0.00169842
770000 1.70133 -0.0033394 0.00168121
771000 1.72776 -0.00323817 0.00170765
772000 1.70636 -0.0105432 0.00168438
773000 1.72153 -0.0144574 0.00168959
774000 1.63972 -0.0131669 0.00161468
775000 1.6994 -0.0117621 0.00167962
776000 1.70174 -0.0124855 0.00167817
777000 1.72307 -0.010165 0.00170497
778000 1.70696 -0.0134194 0.00168348
779000 1.72279 -0.0161593 0.00169743
780000 1.65331 -0.0090751 0.00163445
781000 1.74315 -0.00729339 0.00172026
782000 1.68478 -0.00568851 0.00166301
783000 1.70705 -0.0085165 0.00168032
784000 1.70011 -0.00687536 0.00168066
785000 1.70505 -0.00527146 0.00168693
786000 1.70479 -0.00245536 0.00169052
787000 1.65487 -0.0031508 0.00163723
788000 1.75768 -0.00827395 0.00174096
789000 1.69167 -0.00628433 0.00167009
790000 1.64415 -0.00926519 0.00161886
791000 1.73363 -0.00468226 0.00171731
792000 1.76375 -0.00731773 0.00174111
793000 1.6685 -0.00962331 0.00165211
794000 1.69575 -0.0105857 0.0016724
795000 1.68481 -0.00853761 0.00165986
796000 1.67042 -0.00627727 0.00165305
797000 1.66172 -0.00885802 0.00164233
798000 1.74827 -0.00452712 0.00172786
799000 1.70423 -0.00595891 0.00168562
800000 1.66433 -0.00326875 0.00164486
801000 1.73925 -0.00713794 0.00171826
802000 1.71647 -0.00841184 0.00169616
803000 1.69783 -0.00767087 0.00168038
804000 1.70333 -0.00572989 0.00168783
805000 1.71425 -0.007482 0.00169148
806000 1.7333 -0.00532785 0.00171084
807000 1.71958 -0.00763755 0.0016976
808000 1.70662 -0.00825331 0.00168799
809000 1.68475 -0.0135651 0.00166215
810000 1.68509 -0.00408621 0.00166393
811000 1.71461 -0.00716742 0.00168824
812000 1.7218 -0.00657583 0.0017063
813000 1.66403 -0.00883854 0.00163948
814000 1.67385 -0.00538179 0.00165294
815000 1.67668 -0.00796353 0.00165263
816000 1.69706 -0.00998605 0.0016797
817000 1.73436 -0.00527154 0.00171178
818000 1.70563 -0.0135597 0.00167513
819000 1.64792 -0.0085201 0.00162946
820000 1.73016 -0.0100782 0.00171014
821000 1.77659 -0.00712875 0.00175571
822000 1.68467 -0.00771815 0.00166383
823000 1.69865 -0.00571009 0.00168731
824000 1.65682 -0.00667955 0.00164662
825000 1.76389 -0.00545339 0.00174442
826000 1.6827 -0.00365603 0.00166799
827000 1.65912 -0.00495449 0.00163743
828000 1.70162 -0.00946501 0.00167882
829000 1.71311 -0.00885746 0.00168949
830000 1.67889 -0.00333938 0.00165615
831000 1.7054 -0.00953783 0.00168507
832000 1.72359 -0.00541978 0.00170336
833000 1.70254 -0.00698173 0.00168151
834000 1.67191 -0.00894751 0.00165174
835000 1.73153 -0.00447387 0.00170898
836000 1.72426 -0.00395388 0.00170473
837000 1.68349 -0.00156334 0.00167326
838000 1.69551 -0.00348237 0.00167722
839000 1.74047 -0.00944811 0.00171649
840000 1.67398 -0.00394952 0.00165736
841000 1.65877 -0.0101033 0.00163574
842000 1.74979 -0.00753633 0.00173247
843000 1.6883 -0.00911991 0.00166732
844000 1.71495 -0.0037949 0.00169411
845000 1.71251 -0.00285135 0.00169489
846000 1.69575 -0.00341903 0.00168203
847000 1.71391 -0.00668596 0.00169761
848000 1.63775 -0.00415222 0.0016178
849000 1.71875 -0.00178045 0.0017001
850000 1.76061 -0.0035638 0.00174505
851000 1.72206 -0.00663575 0.00170549
852000 1.69057 -0.00583306 0.00167005
853000 1.72766 -0.00810009 0.00170267
854000 1.68885 -0.00716023 0.00167195
855000 1.66194 -0.00487594 0.0016454
856000 1.68621 -0.00592456 0.00166781
857000 1.68308 -0.00947117 0.00165915
858000 1.69131 -0.00477841 0.00167477
859000 1.70653 -0.00879443 0.00168858
860000 1.70907 -0.00621433 0.00169565
861000 1.68753 -0.00600998 0.00167988
862000 1.71333 -0.00441877 0.00169244
863000 1.70146 -0.00507717 0.00168069
864000 1.67349 -0.00309366 0.00165472
865000 1.74087 -0.00630575 0.00172166
866000 1.70991 -0.00538459 0.0016985
867000 1.72211 -0.00742571 0.00170188
868000 1.67116 -0.00212349 0.00165469
869000 1.64327 -0.00361813 0.00162562
870000 1.72243 -0.00704189 0.00169861
871000 1.68908 -0.00873505 0.00166512
872000 1.69034 -0.00314503 0.0016697
873000 1.7719 -0.00739397 0.00175153
874000 1.67868 -0.00388286 0.00165673
875000 1.68667 -0.00986393 0.00166721
876000 1.73007 -0.00686451 0.00171364
877000 1.77045 -0.0122878 0.00174307
878000 1.72065 -0.0105888 0.00169548
879000 1.69263 -0.0106019 0.00166858
880000 1.71494 -0.00495745 0.0016934
881000 1.65675 -0.00698889 0.00163498
882000 1.7051 -0.00384882 0.00168305
883000 1.71339 -0.00471771 0.00169632
884000 1.70795 -0.00335781 0.00168568
885000 1.7161 -0.00407198 0.00169396
886000 1.6791 -0.00372036 0.00165956
887000 1.69598 -0.00745828 0.00167769
888000 1.73843 -0.00427227 0.00172061
889000 1.67376 -0.00510559 0.00165369
890000 1.67583 -0.00504468 0.00166232
891000 1.66117 -0.00599155 0.00164545
892000 1.67728 -0.00402701 0.00165878
893000 1.69488 -0.00269866 0.00167847
894000 1.72221 -0.0061566 0.00170361
895000 1.72155 -0.00453657 0.00170089
896000 1.70028 -0.00618148 0.0016828
897000 1.67433 -0.00344785 0.00166111
898000 1.71627 -0.0039209 0.00169554
899000 1.68419 -0.00839048 0.00166272
900000 1.72875 -0.00854227 0.00170944
901000 1.7039 -0.00475629 0.00168834
902000 1.72276 -0.00528043 0.00170163
903000 1.66323 -0.00884378 0.00163729
904000 1.76393 -0.00582974 0.00174542
905000 1.65564 -0.00163957 0.00163593
906000 1.66743 -0.00478975 0.00164692
907000 1.7206 -0.00396102 0.00170016
908000 1.70249 -0.00804636 0.00167875
909000 1.72585 -0.00939273 0.00170463
910000 1.69696 -0.00500299 0.00168082
911000 1.62924 -0.0104883 0.00160489
912000 1.69944 -0.00190018 0.00168036
913000 1.74381 -0.00835505 0.00172586
914000 1.65505 -0.00315668 0.00163726
915000 1.72315 -0.00574492 0.0016992
916000 1.71714 -0.00579196 0.00169527
917000 1.66295 -0.00814521 0.00163876
918000 1.70248 -0.00825585 0.0016844
919000 1.75197 -0.00557906 0.00172755
920000 1.6584 -0.00742971 0.00163685
921000 1.70015 -0.00906485 0.00167856
922000 1.70161 -0.00495406 0.00168949
923000 1.68372 -0.00307845 0.00166867
924000 1.68807 -0.00366607 0.00166786
925000 1.73149 -0.00953524 0.00171127
926000 1.69175 -0.00737557 0.00166877
927000 1.72771 -0.00574708 0.00170421
928000 1.7018 -0.00622401 0.00168255
929000 1.70964 -0.00851132 0.00168458
930000 1.7225 -0.00902871 0.00169551
931000 1.69787 -0.0072995 0.00167801
932000 1.71764 -0.00377526 0.00169671
933000 1.72371 -0.00615801 0.00170497
934000 1.69578 -0.00437843 0.00167987
935000 1.69153 -0.00371151 0.00167439
936000 1.71475 -0.00580721 0.00169369
937000 1.72034 -0.00910497 0.00169324
938000 1.69935 -0.00528908 0.001678
939000 1.68977 -0.00228865 0.00167322
940000 1.72522 -0.000707689 0.00170656
941000 1.68391 -0.00433144 0.00166595
942000 1.70237 -0.00391642 0.0016884
943000 1.73738 -0.00306548 0.00171553
944000 1.6874 -0.00371514 0.00167101
945000 1.68531 -0.00263987 0.0016732
946000 1.68229 -0.00418862 0.00166249
947000 1.73975 -0.0102103 0.00171863
948000 1.68203 -0.0134591 0.00165304
949000 1.69431 -0.00966757 0.00167156
950000 1.74146 -0.00292061 0.00172494
951000 1.65198 -0.00574595 0.00164461
952000 1.71888 -0.00231173 0.00170306
953000 1.72161 -0.00982308 0.00169387
954000 1.66895 -0.00665158 0.00164981
955000 1.72639 -0.00540216 0.00170789
956000 1.69577 -0.00545684 0.00167592
957000 1.69406 -0.00594348 0.00167739
958000 1.65898 -0.00121992 0.00164802
959000 1.65876 -0.00568446 0.00163974
960000 1.68336 -0.0049633 0.00166357
961000 1.68859 -0.0106678 0.00166882
962000 1.69216 -0.00732005 0.00167539
963000 1.73279 -0.00743331 0.00170686
964000 1.69498 -0.00709846 0.00167238
965000 1.68883 -0.00702682 0.00166771
966000 1.7067 -0.00901865 0.0016855
967000 1.68285 -0.0113727 0.00165957
968000 1.72451 -0.0104011 0.00170196
969000 1.70831 -0.00958084 0.00168395
970000 1.68182 -0.010049 0.00165587
971000 1.69271 -0.00785266 0.0016713
972000 1.69718 -0.00976343 0.00167838
973000 1.73522 -0.00279602 0.00172397
974000 1.71788 -0.0019541 0.00169886
975000 1.6575 -0.00905581 0.00163508
976000 1.70612 -0.00869528 0.00168198
977000 1.75876 -0.00333773 0.00173842
978000 1.64208 -0.00194929 0.00162785
979000 1.75308 -0.00497068 0.00173964
980000 1.72754 -0.00455218 0.00170541
981000 1.65661 -0.0120191 0.00163489
982000 1.7682 -0.00179339 0.00175155
983000 1.64226 -0.00331264 0.00162213
984000 1.72648 -0.00856237 0.00169999
985000 1.72774 -0.00718697 0.00170389
986000 1.64176 -0.00786358 0.00162168
987000 1.76427 -0.00491038 0.00174415
988000 1.71546 -0.00288757 0.00169553
989000 1.64043 -0.00513034 0.00162179
990000 1.72126 -0.00896246 0.00170105
991000 1.73867 -0.00788559 0.00172144
992000 1.72252 -0.00938987 0.0016973
993000 1.66307 -0.0030298 0.0016431
994000 1.66137 -0.00966727 0.00163716
995000 1.74016 -0.00605428 0.00171676
996000 1.70029 -0.0025928 0.00168157
997000 1.75202 -0.00396592 0.00173149
998000 1.68095 -0.00724091 0.00165681
999000 1.68933 -0.00364802 0.00167272
1000000 1.68463 -0.00422086 0.00167016
1001000 1.72059 -0.00665866 0.00169989
1002000 1.67265 -0.0106246 0.00165044
1003000 1.68141 -0.0049048 0.00165916
1004000 1.76479 -0.00401266 0.00174585
1005000 1.6955 -0.00501826 0.00167528
1006000 1.68992 -0.0116242 0.00166484
1007000 1.7337 -0.00918913 0.00171282
1008000 1.71765 -0.00439161 0.0017014
1009000 1.6913 -0.00568965 0.00166971
1010000 1.68124 -0.00547565 0.00166322
1011000 1.73822 -0.00252922 0.00172066
1012000 1.69121 -0.00835289 0.00167284
1013000 1.65822 -0.00295189 0.00163993
1014000 1.74693 -0.0066911 0.00172634
1015000 1.70309 -0.00933054 0.00167975
1016000 1.67101 -0.00638418 0.00165091
1017000 1.72279 -0.00536379 0.00170066
1018000 1.73583 -0.00704886 0.00171811
1019000 1.64809 -0.00936456 0.00162205
1020000 1.71881 -0.00500654 0.00170441
1021000 1.69884 -0.00381128 0.00167846
1022000 1.66968 -0.00583464 0.00164916
1023000 1.74144 -0.00734094 0.00172111
1024000 1.72367 -0.00625585 0.00170221
1025000 1.65003 -0.00465341 0.00162856
1026000 1.74198 -0.0100959 0.00171611
1027000 1.69762 -0.00503818 0.00167589
1028000 1.65861 -0.00567241 0.001638
1029000 1.73775 -0.00491621 0.00171624
1030000 1.68696 -0.00642304 0.00166553
1031000 1.693 -0.00466247 0.00166997
1032000 1.72351 -0.00505308 0.00170418
1033000 1.68341 -0.00597994 0.00166312
1034000 1.69516 -0.0058103 0.00167667
1035000 1.66985 -0.00570886 0.00164744
1036000 1.75091 -0.00704343 0.00173084
1037000 1.69292 -0.0108773 0.0016686
1038000 1.67509 -0.00719377 0.00165785
1039000 1.72805 -0.00438155 0.00170919
1040000 1.69224 -0.00747751 0.00167109
1041000 1.66926 -0.00691343 0.00164521
1042000 1.67765 -0.0080332 0.00165958
1043000 1.69169 -0.00761042 0.00166978
1044000 1.74449 -0.00614099 0.00172765
1045000 1.63058 -0.00421537 0.00161175
1046000 1.7414 -0.00821488 0.00171921
1047000 1.71998 -0.00836353 0.0016963
1048000 1.72184 -0.0070233 0.0017022
1049000 1.74806 -0.00541092 0.00173349
1050000 1.68729 -0.0056701 0.00166657
1051000 1.72912 -0.00353615 0.00171678
1052000 1.74758 -0.00213198 0.00172617
1053000 1.73826 -0.00940168 0.0017165
1054000 1.66077 -0.00534294 0.00163938
1055000 1.71455 -0.00505297 0.00169296
1056000 1.64544 -0.00694233 0.00162378
1057000 1.69675 -0.00340139 0.00168035
1058000 1.65898 -0.00629953 0.00163545
1059000 1.63612 -0.00800987 0.0016177
1060000 1.66577 -0.00861335 0.001649
1061000 1.70567 -0.00397214 0.00168496
1062000 1.65309 -0.00420626 0.00163944
1063000 1.62887 -0.00690166 0.00160737
1064000 1.70284 -0.0101342 0.00167795
1065000 1.73437 -0.00870575 0.00170815
1066000 1.72434 -0.00918708 0.00170547
1067000 1.65021 -0.0073663 0.00163224
1068000 1.75811 -0.00387177 0.00174169
1069000 1.64464 -0.00630684 0.0016243
1070000 1.74286 -0.00972608 0.00171389
1071000 1.63986 -0.00729477 0.00162185
1072000 1.76384 -0.00517916 0.00174203
1073000 1.64635 -0.00560138 0.00162921
1074000 1.69664 -0.00756272 0.00168889
1075000 1.67178 -0.00380669 0.0016513
1076000 1.62719 -0.00650923 0.00160883
1077000 1.68954 -0.00599964 0.00166632
1078000 1.72853 -0.00357979 0.00170841
1079000 1.67547 -0.00552124 0.00165728
1080000 1.69691 -0.00432513 0.00167589
1081000 1.71814 -0.00535642 0.00169458
1082000 1.69993 -0.00574847 0.00168341
1083000 1.68944 -0.00462701 0.0016714
1084000 1.69398 -0.00734822 0.00167571
1085000 1.71929 -0.00580348 0.00169997
1086000 1.74393 -0.00636644 0.0017229
1087000 1.66802 -0.0080081 0.00164402
1088000 1.72156 -0.00756119 0.00169701
1089000 1.68187 -0.00701657 0.00166441
1090000 1.70538 -0.0063724 0.00168327
1091000 1.72645 -0.00484045 0.00170578
1092000 1.66171 -0.00900164 0.00163872
1093000 1.69388 -0.00579829 0.00167637
1094000 1.77197 -0.00609205 0.001749
1095000 1.73308 -0.00545726 0.00170756
1096000 1.67576 -0.00899178 0.00165194
1097000 1.71151 -0.00355447 0.00169146
1098000 1.71396 -0.00320369 0.00169248
1099000 1.66959 -0.00878454 0.00165085
1100000 1.73983 -0.00718696 0.00172556
