# Time-averaged data for fix 2
# TimeStep v_Temperature v_PotentialEnergy v_Pressure
1000 1.04163 -0.0125642 0.0010279
2000 1.00029 -0.0131582 0.000980742
3000 0.978646 -0.00347814 0.000964405
4000 1.0021 -0.00477807 0.000987793
5000 0.97166 -0.010173 0.000955063
6000 0.990206 -0.00913568 0.000975062
7000 0.99345 -0.00387239 0.00098023
8000 0.961409 -0.0109032 0.000944381
9000 1.00376 -0.00396891 0.000992919
10000 1.02409 -0.00334149 0.00101188
11000 0.980418 -0.00918639 0.000962864
12000 0.990494 -0.00688084 0.000976184
13000 1.03159 -0.00387239 0.00101619
14000 0.956173 -0.00456099 0.000944166
15000 1.01992 -0.00361451 0.00100693
16000 0.98403 -0.0102526 0.000965743
17000 1.00583 -0.00644018 0.000988704
18000 1.0094 -0.00496866 0.00099266
19000 0.985593 -0.00533188 0.00097121
20000 0.992891 -0.00260003 0.000983129
21000 0.98155 -0.00714201 0.000965398
22000 0.991148 -0.0082609 0.000975607
23000 0.982665 -0.00858015 0.000966492
24000 1.01873 -0.00612537 0.00100292
25000 1.01234 -0.00975219 0.00099508
26000 0.973923 -0.00358758 0.000960647
27000 1.02332 -0.00483132 0.0010093
28000 1.0217 -0.00597587 0.00100789
29000 0.970035 -0.00856237 0.000956307
30000 1.01156 -0.00838917 0.000998354
31000 1.00487 -0.00939574 0.00098636
32000 1.00097 -0.00735898 0.000988066
33000 1.00584 -0.00864476 0.000991521
34000 1.00798 -0.010608 0.000993736
35000 1.03144 -0.00922829 0.00101448
36000 0.976993 -0.0104244 0.000961936
37000 1.00762 -0.00674893 0.00099385
38000 1.03258 -0.0126841 0.00101648
39000 0.974094 -0.00358965 0.000962085
40000 1.01363 -0.00962228 0.000998589
41000 1.00862 -0.00565544 0.000992743
42000 0.981494 -0.00462821 0.000970373
43000 1.0184 -0.0038756 0.00101186
44000 0.96026 -0.00931608 0.000947092
45000 1.00658 -0.0101703 0.000990189
46000 1.02057 -0.00678181 0.00100602
47000 0.966559 -0.00229807 0.00095435
48000 1.02505 -0.0156949 0.00100134
49000 1.01027 -0.0126619 0.00099602
50000 0.990525 -0.01494 0.000975299
51000 1.0247 -0.019193 0.00100635
52000 1.01784 -0.0225456 0.000991525
53000 0.986061 -0.0153561 0.000966371
54000 1.00345 -0.0146952 0.000984866
55000 1.019 -0.0137439 0.00100056
56000 0.970909 -0.0115808 0.000960507
57000 1.01558 -0.0183613 0.000996403
58000 1.0172 -0.0133917 0.000999053
59000 0.963846 -0.0235963 0.000937468
60000 1.03507 -0.0148173 0.00101571
61000 1.03132 -0.0182406 0.00100994
62000 0.991548 -0.016966 0.000975102
63000 1.00285 -0.0180175 0.000983985
64000 1.03163 -0.0141173 0.00101177
65000 0.97723 -0.0141817 0.000962465
66000 0.999492 -0.0133595 0.000979275
67000 1.01666 -0.0178457 0.000997294
68000 0.994946 -0.015563 0.000983553
69000 1.03278 -0.0175704 0.00101131
70000 0.963043 -0.0212678 0.000943537
71000 1.02594 -0.0223088 0.00100084
72000 0.972766 -0.0200247 0.00095937
73000 1.03591 -0.0154031 0.00102228
74000 0.964517 -0.0178257 0.000955744
75000 1.03149 -0.02225 0.00101653
76000 0.958207 -0.0159239 0.00094221
77000 0.971151 -0.0171545 0.000955132
78000 1.0073 -0.0214738 0.000985276
79000 0.975863 -0.0223949 0.000954488
80000 0.970353 -0.0183862 0.000951934
81000 1.02702 -0.0206588 0.00101879
82000 0.970939 -0.0137047 0.000955889
83000 1.03746 -0.0153132 0.00102465
84000 1.00446 -0.0173493 0.000989621
85000 0.998776 -0.0167892 0.000979106
86000 0.990846 -0.017783 0.00097914
87000 1.00056 -0.0153327 0.000985708
88000 0.99314 -0.0167091 0.000971364
89000 1.02011 -0.0207069 0.000995783
90000 1.00573 -0.0144353 0.000986022
91000 0.997336 -0.0140862 0.000986944
92000 0.981802 -0.0155281 0.000960945
93000 1.03108 -0.0172027 0.00100777
94000 1.00213 -0.0165198 0.000984246
95000 0.973644 -0.0169596 0.000957235
96000 1.01388 -0.0132119 0.00099564
97000 0.986312 -0.0192756 0.000962493
98000 0.997552 -0.0143293 0.000980439
99000 1.01366 -0.0183981 0.000992338
100000 1.00938 -0.0191596 0.000990738
101000 0.997226 -0.00799474 0.00098241
102000 1.03244 -0.0126894 0.00101498
103000 1.01629 -0.0100789 0.00100071
104000 0.997377 -0.00638097 0.00098761
105000 1.01732 -0.00369742 0.00100466
106000 0.99873 -0.00292203 0.000985829
107000 1.0183 -0.00405634 0.00100753
108000 0.997904 -0.00435773 0.000984852
109000 0.962045 -0.0063117 0.00094714
110000 0.999178 -0.0111951 0.000976967
111000 0.999426 -0.00734561 0.00098342
112000 1.00111 -0.0104446 0.000987591
113000 0.97995 -0.0142013 0.000956626
114000 1.00369 -0.0105718 0.000984568
115000 1.02707 -0.00651657 0.00101098
116000 1.00022 -0.00298321 0.000986632
117000 0.992081 -0.00424519 0.000977811
118000 1.01218 -0.00784166 0.00100019
119000 1.0296 -0.00886818 0.00101507
120000 0.990274 -0.0033824 0.000974638
121000 0.966428 -0.00836039 0.000950804
122000 1.02119 -0.00794164 0.00100435
123000 1.00985 -0.00872853 0.000988156
124000 1.00152 -0.00679033 0.000989764
125000 0.995239 -0.0079263 0.000978574
126000 1.00285 -0.00584159 0.000995677
127000 0.993847 -0.00234527 0.000982809
128000 1.00884 -0.00503229 0.000994973
129000 1.01215 -0.0047044 0.000997991
130000 0.960012 -0.00469741 0.000949375
131000 0.994543 -0.0140159 0.00097813
132000 1.00161 -0.0108653 0.000984835
133000 1.01604 -0.0113113 0.000998591
134000 1.00383 -0.00482332 0.000991583
135000 1.00152 -0.00178447 0.00098806
136000 1.02723 -0.00267669 0.00101588
137000 1.02889 -0.0040412 0.00101278
138000 0.983732 -0.00479294 0.000969331
139000 1.00916 -0.00284125 0.0009971
140000 1.02995 -0.00311829 0.00101643
141000 0.994441 -0.00808445 0.000980417
142000 0.958908 -0.0112457 0.000940575
143000 1.04034 -0.00494287 0.00102489
144000 0.972956 -0.00453028 0.000957789
145000 1.03646 -0.00695242 0.00102541
146000 0.952649 -0.00401005 0.000944208
147000 1.01062 -0.00686704 0.00099503
148000 1.00951 -0.00961921 0.000992054
149000 1.01993 -0.00616897 0.00100724
150000 1.01871 -0.0110316 0.00100212
151000 1.01672 -0.00800955 0.00100036
152000 1.01873 -0.00797179 0.00100059
153000 1.0038 -0.00342415 0.000990491
154000 0.969252 -0.00647999 0.00095974
155000 0.997104 -0.00586982 0.00098411
156000 1.00011 -0.00315419 0.000988283
157000 1.01351 -0.00833453 0.000997384
158000 0.970441 -0.00420488 0.000957069
159000 0.999381 -0.00384615 0.000985172
160000 1.01158 -0.00755166 0.000994476
161000 0.992052 -0.00316354 0.000979812
162000 1.0098 -0.00332976 0.000998144
163000 0.977596 -0.00467776 0.000963607
164000 0.999786 -0.00983076 0.00098612
165000 1.01352 -0.0053553 0.00100202
166000 1.00012 -0.00552248 0.000987117
167000 0.985729 -0.00356775 0.000974415
168000 1.02278 -0.00498431 0.00100877
169000 0.999354 -0.00423835 0.0009871
170000 0.981281 -0.00708742 0.00096976
171000 0.981399 -0.0040013 0.000966861
172000 0.983998 -0.00766343 0.000974966
173000 1.01211 -0.00742447 0.00099702
174000 1.02401 -0.00528931 0.0010084
175000 0.972465 -0.00403123 0.000960134
176000 1.00731 -0.00997157 0.0009899
177000 1.01168 -0.00750637 0.000996299
178000 1.00323 -0.00698953 0.00098836
179000 1.00557 -0.0031886 0.000991699
180000 0.979276 -0.0063621 0.000967514
181000 1.00699 -0.0045328 0.000992453
182000 1.00772 -0.00554577 0.000997873
183000 1.01683 -0.0101339 0.00100854
184000 1.02114 -0.00674869 0.00100603
185000 0.998658 -0.00812609 0.000982658
186000 0.989336 -0.00843139 0.000975641
187000 0.980284 -0.00573023 0.000964608
188000 1.01126 -0.00784424 0.000993407
189000 0.971779 -0.00312677 0.000957379
190000 0.996324 -0.00495453 0.000984198
191000 0.997198 -0.00692561 0.000981231
192000 1.03543 -0.0045355 0.00102113
193000 1.01453 -0.00574896 0.000997135
194000 0.983263 -0.0086824 0.00097379
195000 1.03701 -0.00564544 0.00102107
196000 0.976562 -0.00491467 0.000963167
197000 0.99959 -0.00365424 0.000984576
198000 1.01758 -0.00653062 0.00100007
199000 0.978773 -0.00673216 0.000966644
200000 0.974012 -0.00354179 0.000959253
201000 1.00594 -0.00745984 0.000988481
202000 0.990697 -0.0139443 0.000970355
203000 1.00778 -0.0062255 0.000998998
204000 1.00613 -0.00753626 0.00098972
205000 0.997943 -0.00952716 0.00098347
206000 1.00508 -0.011393 0.000985852
207000 0.989045 -0.0126413 0.000970037
208000 1.02944 -0.0132305 0.00101528
209000 0.980749 -0.0095875 0.000963226
210000 0.965463 -0.0147789 0.000956927
211000 1.00824 -0.0078982 0.000993483
212000 1.00167 -0.00486934 0.000989716
213000 1.01159 -0.0052928 0.0010025
214000 0.990203 -0.00542958 0.000978318
215000 1.00036 -0.00429629 0.000989572
216000 1.02098 -0.00523454 0.00100613
217000 1.00804 -0.00794896 0.000993732
218000 1.00655 -0.00217416 0.000994132
219000 1.02377 -0.0074919 0.00101106
220000 0.971671 -0.0051115 0.000955652
221000 1.01232 -0.0058237 0.000998274
222000 0.989738 -0.00525668 0.000980804
223000 0.983444 -0.00618139 0.000975472
224000 1.0311 -0.00423873 0.00101663
225000 0.997703 -0.00728034 0.000981573
226000 0.986633 -0.00911269 0.000969599
227000 0.985251 -0.0106361 0.000966525
228000 1.04385 -0.00761279 0.00103196
229000 0.979243 -0.00579683 0.000964337
230000 0.989484 -0.00934986 0.000979817
231000 0.991053 -0.0102268 0.000975227
232000 0.957432 -0.00945806 0.000943529
233000 1.00365 -0.00633634 0.000990892
234000 0.987591 -0.00921078 0.000971264
235000 1.01082 -0.00480124 0.000998617
236000 0.990863 -0.00962071 0.00097697
237000 0.998547 -0.00710546 0.000980042
238000 0.974067 -0.00335049 0.000960995
239000 0.974528 -0.00762403 0.000958317
240000 0.980902 -0.00703734 0.000967022
241000 0.998616 -0.00820497 0.000982793
242000 1.02575 -0.00493654 0.00101851
243000 0.982257 -0.00268707 0.00097333
244000 0.99433 -0.00537441 0.00098413
245000 0.99993 -0.00909663 0.000983099
246000 1.02099 -0.00887184 0.00100642
247000 0.997974 -0.0127935 0.000975372
248000 0.982789 -0.00467134 0.000970169
249000 0.995777 -0.00424428 0.00097993
250000 0.984915 -0.00393743 0.000970925
251000 1.00792 -0.00620893 0.000993478
252000 0.970654 -0.00304691 0.000958072
253000 1.02816 -0.005757 0.00101494
254000 1.03506 -0.00483406 0.00102396
255000 0.986241 -0.00350736 0.000971798
256000 1.00234 -0.00415673 0.000987962
257000 0.958047 -0.00762299 0.00094293
258000 1.01932 -0.00440407 0.00100659
259000 1.00589 -0.00589093 0.000990511
260000 0.981366 -0.00443848 0.000973905
261000 1.02765 -0.00882539 0.00101037
262000 0.996483 -0.0041362 0.000985015
263000 0.991038 -0.00211518 0.000978185
264000 0.984729 -0.00837244 0.000968774
265000 0.991953 -0.00675127 0.000978899
266000 0.986943 -0.00348566 0.000979393
267000 1.00014 -0.00445614 0.00098903
268000 1.00411 -0.00502944 0.000992819
269000 0.989944 -0.00571142 0.000976256
270000 0.981179 -0.00717521 0.000965501
271000 1.00352 -0.0073152 0.000988183
272000 1.01196 -0.00729234 0.000994187
273000 1.01205 -0.00495001 0.000997648
274000 1.00643 -0.0045999 0.000992094
275000 0.987624 -0.00495506 0.000973563
276000 1.03634 -0.00716627 0.00102372
277000 1.00568 -0.00803655 0.0009927
278000 1.0016 -0.00631099 0.000987294
279000 0.992663 -0.00592657 0.000978346
280000 1.02031 -0.00366952 0.00100914
281000 0.978894 -0.00944932 0.000960601
282000 1.00123 -0.00584174 0.000987983
283000 1.02268 -0.00489687 0.00100694
284000 1.0187 -0.0151645 0.00099805
285000 1.00831 -0.0109495 0.000993102
286000 1.00834 -0.0149656 0.000994585
287000 0.973576 -0.00769229 0.000957405
288000 1.00655 -0.00996238 0.000990042
289000 1.03572 -0.00846855 0.00101797
290000 1.0271 -0.00667016 0.00101235
291000 0.993334 -0.0111838 0.000976246
292000 1.01687 -0.00704357 0.000999664
293000 1.00177 -0.0109388 0.000987063
294000 1.01211 -0.0174302 0.000996286
295000 0.999205 -0.0065244 0.000983946
296000 0.977443 -0.00600937 0.000968786
297000 1.02176 -0.00511892 0.00100807
298000 0.991638 -0.0065706 0.000978367
299000 0.97966 -0.010682 0.000961911
300000 1.00975 -0.0018652 0.000997235
301000 1.012 -0.00573267 0.000999341
302000 0.989374 -0.00530387 0.00097744
303000 1.02177 -0.00721311 0.00100957
304000 0.979934 -0.0104953 0.000961514
305000 1.01463 -0.0135457 0.000997514
306000 0.987821 -0.0136243 0.000964656
307000 1.01017 -0.0131846 0.000992279
308000 1.00815 -0.0106361 0.000992158
309000 0.983902 -0.0185301 0.000960162
310000 0.995864 -0.0231575 0.000968603
311000 1.0223 -0.0155061 0.00100079
312000 0.999934 -0.0127649 0.000981948
313000 0.993089 -0.0180278 0.000976013
314000 0.989157 -0.0137316 0.000973056
315000 1.0186 -0.0185077 0.000994711
316000 1.01328 -0.0204516 0.000992019
317000 0.969537 -0.0229461 0.000948357
318000 1.03258 -0.026681 0.00101019
319000 1.00166 -0.0267805 0.000970782
320000 0.988864 -0.027893 0.000960502
321000 0.974494 -0.0213594 0.000951153
322000 1.02852 -0.0225959 0.00100134
323000 0.998022 -0.0242674 0.000970008
324000 0.998873 -0.0255818 0.000968503
325000 1.00105 -0.0297322 0.000967145
326000 0.979727 -0.0105354 0.000957962
327000 0.967253 -0.00809806 0.000955676
328000 1.00331 -0.00922529 0.000986601
329000 1.00983 -0.00599276 0.000995985
330000 1.01197 -0.00445373 0.00100095
331000 1.00172 -0.00876817 0.000982064
332000 1.00224 -0.0045118 0.000993253
333000 0.989203 -0.0058512 0.000971943
334000 1.02983 -0.00699902 0.00101721
335000 1.04131 -0.00624918 0.00102482
336000 0.987024 -0.00205026 0.000976021
337000 0.99013 -0.00418133 0.000980342
338000 0.995357 -0.00548156 0.000983805
339000 1.00267 -0.00586488 0.000992876
340000 1.02386 -0.00416368 0.00100959
341000 0.980167 -0.00572293 0.000969675
342000 0.998513 -0.00473677 0.000985708
343000 1.01526 -0.00522011 0.00100371
344000 0.993635 -0.00272505 0.000982167
345000 0.994845 -0.00397298 0.000983524
346000 1.01952 -0.00624672 0.00100794
347000 0.987917 -0.00802375 0.000975728
348000 0.986282 -0.00414657 0.000973898
349000 1.00634 -0.0065983 0.000991382
350000 1.02353 -0.00685089 0.0010076
351000 0.976935 -0.0066196 0.000960066
352000 0.966275 -0.0019995 0.000954774
353000 1.01666 -0.00745402 0.00100212
354000 0.997216 -0.00616252 0.000981072
355000 1.0292 -0.00531384 0.00101508
356000 1.01228 -0.00248975 0.000999627
357000 0.975997 -0.00840857 0.000959261
358000 1.03369 -0.0058486 0.001018
359000 0.989669 -0.00600843 0.000976317
360000 0.99893 -0.00709709 0.000988907
361000 1.00495 -0.00488172 0.000991137
362000 0.979361 -0.0147456 0.000963526
363000 1.0117 -0.0216964 0.000991757
364000 0.979446 -0.0142684 0.00096699
365000 1.02618 -0.013679 0.00101299
366000 0.997717 -0.0215921 0.000983138
367000 0.989182 -0.0136751 0.000978727
368000 1.00555 -0.0162857 0.000990654
369000 1.02475 -0.0162028 0.00100685
370000 0.955869 -0.0141616 0.000943123
371000 1.01242 -0.0181994 0.000993037
372000 1.01328 -0.0157093 0.000996503
373000 1.01748 -0.0129173 0.00100401
374000 0.981458 -0.0128046 0.000968182
375000 1.00772 -0.0134403 0.000993429
376000 1.04116 -0.0133736 0.00102633
377000 1.02554 -0.0145984 0.00100916
378000 0.992215 -0.0212768 0.000974863
379000 1.02229 -0.0191693 0.00100131
380000 1.03472 -0.0226805 0.00101321
381000 0.984834 -0.0233081 0.000964568
382000 0.995071 -0.0188398 0.000975695
383000 1.01632 -0.0106738 0.00100338
384000 0.982139 -0.010267 0.000969861
385000 1.0065 -0.0124674 0.000990556
386000 1.00892 -0.00860324 0.000992215
387000 0.978223 -0.00699481 0.000966669
388000 1.01441 -0.00344961 0.000999209
389000 1.02111 -0.00531755 0.00101224
390000 0.986265 -0.00282608 0.000978183
391000 0.97896 -0.0033741 0.000964102
392000 0.976766 -0.00409432 0.000961756
393000 1.04309 -0.00480626 0.00102704
394000 0.966041 -0.00590673 0.000956851
395000 1.02142 -0.0072863 0.00100488
396000 0.987663 -0.0116872 0.000973797
397000 1.00068 -0.0185821 0.000970747
398000 1.00875 -0.00870405 0.00099234
399000 1.02327 -0.00662419 0.0010083
400000 1.00046 -0.0032054 0.000988015
401000 0.998976 -0.00697023 0.000988978
402000 1.00994 -0.00646952 0.000994596
403000 0.998019 -0.0056536 0.000985288
404000 0.971676 -0.00535277 0.000962235
405000 1.0202 -0.00867743 0.00100123
406000 0.998626 -0.00632943 0.000986196
407000 0.984559 -0.00291415 0.000971589
408000 1.02799 -0.00649388 0.00101262
409000 1.00528 -0.00539264 0.000990302
410000 0.994317 -0.00877879 0.000978084
411000 0.99673 -0.00301861 0.000983786
412000 1.00921 -0.00534738 0.000996832
413000 1.0112 -0.00462293 0.000996577
414000 1.0163 -0.0031507 0.00100529
415000 0.999207 -0.00497527 0.000990507
416000 0.974705 -0.00610089 0.000960577
417000 1.03348 -0.00835154 0.00101364
418000 1.006 -0.00850636 0.000984735
419000 0.985465 -0.00983998 0.000969089
420000 1.01819 -0.00538041 0.00100781
421000 0.998951 -0.0112288 0.000983298
422000 1.02635 -0.0125886 0.00100733
423000 1.00264 -0.0087121 0.000987667
424000 0.977078 -0.00745752 0.000969478
425000 1.0348 -0.00529853 0.00101865
426000 0.972327 -0.00520484 0.000960502
427000 1.02638 -0.00539844 0.00101273
428000 0.968436 -0.0040578 0.000954853
429000 1.00512 -0.00444114 0.000995867
430000 1.00893 -0.0110603 0.000986737
431000 1.00128 -0.00721759 0.000984164
432000 0.998325 -0.0024106 0.000985621
433000 1.01041 -0.00569396 0.000996836
434000 0.997307 -0.00601576 0.000984158
435000 0.986734 -0.00385684 0.000979935
436000 1.03579 -0.00754461 0.00102295
437000 0.980165 -0.00630601 0.000966688
438000 0.971216 -0.0100677 0.000957421
439000 1.00261 -0.00648685 0.000991869
440000 0.979823 -0.00242504 0.000967135
441000 0.990804 -0.00754897 0.000974984
442000 0.991668 -0.00455295 0.000981205
443000 0.975203 -0.00781066 0.000960629
444000 1.00755 -0.00471538 0.000995636
445000 0.976451 -0.00755916 0.000963674
446000 0.961298 -0.00807718 0.000948928
447000 0.993621 -0.00372125 0.000981595
448000 0.99072 -0.00487947 0.000976199
449000 0.983784 -0.00646744 0.000970942
450000 1.0159 -0.00318521 0.00100545
451000 1.00975 -0.0135634 0.000987927
452000 1.00458 -0.00988022 0.000983282
453000 1.01297 -0.0116114 0.000993964
454000 1.01473 -0.00938398 0.000996614
455000 1.01189 -0.0124813 0.000994678
456000 1.01641 -0.00893811 0.000999502
457000 0.994684 -0.0120119 0.000975723
458000 1.00106 -0.0120857 0.000983763
459000 0.990159 -0.0124816 0.000970715
460000 1.02237 -0.0146837 0.00100323
461000 1.03533 -0.0212308 0.00101011
462000 0.995535 -0.0100519 0.000982049
463000 1.01656 -0.0187974 0.000993283
464000 0.957304 -0.0145634 0.000933145
465000 0.98946 -0.0146807 0.000973051
466000 0.985818 -0.0202929 0.000964117
467000 0.993395 -0.0254208 0.000969084
468000 0.982808 -0.0255752 0.000956606
469000 1.02196 -0.0189158 0.00100195
470000 0.994811 -0.019885 0.000971404
471000 0.985269 -0.0212435 0.000968521
472000 0.986409 -0.0169105 0.000970811
473000 1.01523 -0.020638 0.000994849
474000 0.993558 -0.018456 0.000972734
475000 0.991904 -0.0167836 0.000973649
476000 0.97525 -0.015488 0.000960004
477000 0.996528 -0.019846 0.000976804
478000 0.996001 -0.0157976 0.000976714
479000 1.01665 -0.0136114 0.000996319
480000 0.979066 -0.0102106 0.000962509
481000 0.990542 -0.0107341 0.000972786
482000 1.02791 -0.00733383 0.00101307
483000 0.988362 -0.00516906 0.000974809
484000 0.986158 -0.00338617 0.000973404
485000 1.0203 -0.00675059 0.00100695
486000 0.992308 -0.00700579 0.000980428
487000 0.975252 -0.00746428 0.000959207
488000 1.00211 -0.00307314 0.000987161
489000 1.02167 -0.00791441 0.00101032
490000 1.03599 -0.0134001 0.00102069
491000 1.01294 -0.0174402 0.00099371
492000 0.994353 -0.0239783 0.000971216
493000 1.02273 -0.024436 0.000999657
494000 0.957006 -0.0299905 0.000930806
495000 0.990714 -0.0243456 0.000961776
496000 1.00434 -0.0254796 0.0009751
497000 0.990983 -0.0218938 0.000965057
498000 1.02798 -0.0123432 0.00101271
499000 0.989197 -0.0110468 0.000973729
500000 1.00707 -0.0112711 0.00099292
501000 0.977207 -0.010221 0.000962092
502000 1.01255 -0.0163188 0.000995032
503000 1.03133 -0.0117154 0.00101856
504000 0.969276 -0.0111595 0.000953237
505000 1.01335 -0.0126468 0.00099862
506000 1.01647 -0.0105429 0.00100023
507000 0.988693 -0.0111193 0.000974804
508000 1.00074 -0.014175 0.000984569
509000 0.99605 -0.0109647 0.00098206
510000 1.01968 -0.017038 0.000999797
511000 0.994497 -0.0116594 0.000981985
512000 1.02123 -0.00876478 0.00100742
513000 1.03992 -0.00964578 0.00102483
514000 1.02463 -0.00590785 0.00101111
515000 0.99255 -0.0119025 0.000973536
516000 1.00715 -0.00794396 0.000994003
517000 1.00378 -0.0057184 0.000991607
518000 0.990185 -0.0051613 0.000974381
519000 1.00013 -0.00442717 0.000991873
520000 0.991879 -0.00548494 0.000982083
521000 1.0123 -0.00943981 0.000998269
522000 0.999247 -0.0101088 0.000981906
523000 0.994824 -0.00291251 0.000986744
524000 1.01906 -0.0043459 0.00100455
525000 1.02061 -0.00834187 0.00100635
526000 1.02245 -0.00518552 0.00101013
527000 0.973575 -0.00271931 0.000963332
528000 1.00416 -0.00504782 0.000987456
529000 1.00759 -0.00504271 0.000994431
530000 1.02453 -0.00710506 0.00101967
531000 0.994533 -0.00623752 0.000982345
532000 0.995591 -0.00667265 0.000984447
533000 1.01483 -0.00667449 0.00100337
534000 1.01007 -0.00545208 0.000999243
535000 0.999266 -0.00819016 0.000980672
536000 1.01416 -0.00800877 0.00100535
537000 1.00261 -0.00800095 0.000986196
538000 0.996465 -0.00797884 0.000982723
539000 0.995693 -0.00863529 0.000979876
540000 1.00512 -0.0040477 0.000997312
541000 1.015 -0.00855426 0.000998615
542000 1.00432 -0.00611533 0.000992426
543000 0.993115 -0.0062605 0.000980478
544000 0.994063 -0.00531944 0.00098066
545000 1.01557 -0.00927352 0.00100168
546000 1.01337 -0.0103819 0.000996517
547000 1.0097 -0.00180681 0.000998565
548000 1.00557 -0.00765284 0.00099298
549000 1.01215 -0.00543247 0.000999031
550000 1.00562 -0.00644964 0.000988506
551000 1.00502 -0.00922335 0.000986809
552000 0.978733 -0.0130762 0.000957951
553000 1.01418 -0.00567262 0.000999684
554000 1.04206 -0.00723244 0.0010317
555000 0.998736 -0.00713106 0.000987948
556000 0.973332 -0.00514644 0.000962287
557000 1.03276 -0.0111276 0.00101184
558000 1.00032 -0.0129684 0.000978724
559000 0.976891 -0.00756136 0.000963307
560000 1.00094 -0.00545029 0.000988776
561000 1.00602 -0.00646543 0.000993891
562000 1.02927 -0.0045848 0.00101325
563000 1.02799 -0.00283459 0.00101365
564000 0.994096 -0.0150954 0.000971761
565000 1.00539 -0.013428 0.000988133
566000 1.0105 -0.0150356 0.000996295
567000 0.969154 -0.0172192 0.000952554
568000 1.00346 -0.0116127 0.000989454
569000 0.988142 -0.0143648 0.000970372
570000 1.02286 -0.017925 0.0010103
571000 1.03331 -0.0136399 0.00101469
572000 0.966459 -0.0143102 0.000949942
573000 1.01864 -0.0149548 0.00100174
574000 1.01458 -0.0102697 0.0010015
575000 0.992174 -0.0186262 0.000974717
576000 0.974097 -0.0152724 0.00095565
577000 0.988967 -0.0175862 0.000971207
578000 0.995895 -0.0123996 0.000982347
579000 0.987471 -0.0161421 0.00097287
580000 0.986293 -0.0162695 0.000966805
581000 1.03016 -0.0212624 0.0010091
582000 1.00847 -0.0170847 0.000997179
583000 0.996885 -0.01449 0.000981628
584000 0.981316 -0.0219797 0.000966052
585000 1.03151 -0.0148095 0.00102287
586000 1.00104 -0.0138107 0.000983716
587000 1.00966 -0.0101467 0.000994312
588000 0.988291 -0.01404 0.000973173
589000 0.981504 -0.0143677 0.000965311
590000 1.0272 -0.0140936 0.00101262
591000 0.986272 -0.0101783 0.000974431
592000 1.00796 -0.0120194 0.000995644
593000 1.00076 -0.0157727 0.000984264
594000 1.02047 -0.0117773 0.0010056
595000 1.02728 -0.016796 0.00101101
596000 1.00824 -0.0129371 0.000999066
597000 0.96586 -0.0150003 0.000950787
598000 0.995252 -0.0146518 0.000980406
599000 1.05384 -0.0119688 0.00103993
600000 1.00281 -0.0103298 0.000994391
601000 0.989032 -0.00352587 0.000977995
602000 0.992609 -0.00583759 0.000981211
603000 1.00981 -0.00723313 0.000993073
604000 1.01786 -0.00795567 0.00100288
605000 0.997463 -0.0125307 0.000978437
606000 1.00058 -0.00779686 0.000983139
607000 1.00707 -0.0101036 0.000992429
608000 1.04643 -0.0115473 0.00102742
609000 0.986489 -0.0073829 0.00096883
610000 0.999347 -0.00455016 0.000990222
611000 1.02249 -0.0043427 0.00100765
612000 0.969878 -0.00761488 0.000964356
613000 1.01102 -0.00378538 0.000998057
614000 1.00743 -0.00999823 0.000989218
615000 0.984953 -0.0019204 0.000974957
616000 1.02946 -0.00548514 0.00101699
617000 1.0047 -0.00703209 0.000989386
618000 0.975062 -0.00491936 0.000959864
619000 1.02208 -0.00949962 0.00100566
620000 0.993386 -0.00696365 0.000975342
621000 0.997771 -0.00760427 0.000980491
622000 1.00348 -0.00249244 0.000989092
623000 0.989728 -0.00651952 0.000975028
624000 1.02777 -0.00651751 0.0010119
625000 1.0263 -0.00733192 0.00101127
626000 1.00568 -0.00963904 0.000987492
627000 1.01742 -0.00888916 0.000998437
628000 1.00062 -0.00502435 0.000986337
629000 0.999472 -0.00668759 0.000988014
630000 0.97652 -0.00800905 0.000960499
631000 1.00445 -0.00376484 0.000989341
632000 0.991102 -0.00515513 0.000983785
633000 1.00648 -0.00401313 0.000992912
634000 1.01271 -0.00914991 0.000990032
635000 0.974635 -0.00796861 0.000960832
636000 1.01053 -0.00638896 0.00100034
637000 1.03358 -0.00924717 0.00101776
638000 0.973553 -0.00745999 0.000961214
639000 1.01302 -0.0114149 0.000991656
640000 1.03097 -0.0117312 0.0010148
641000 0.985674 -0.00446809 0.000978698
642000 0.99102 -0.00546878 0.000975484
643000 1.01319 -0.00250993 0.00100133
644000 0.997043 -0.00689852 0.000982959
645000 0.987925 -0.00521503 0.000978449
646000 1.02851 -0.00286034 0.00101662
647000 0.976086 -0.00819828 0.000964491
648000 1.00157 -0.00427905 0.000987309
649000 1.01455 -0.00231036 0.00100633
650000 1.01824 -0.0048647 0.00100171
651000 1.02831 -0.00495123 0.00101381
652000 0.983121 -0.0061206 0.000970887
653000 0.985655 -0.0101073 0.000965797
654000 0.997837 -0.00658921 0.000989344
655000 0.977006 -0.00343306 0.000964543
656000 1.03067 -0.00424564 0.00101521
657000 0.984278 -0.00697179 0.000970454
658000 0.972557 -0.0141079 0.00095696
659000 1.01289 -0.0132539 0.000996191
660000 0.99873 -0.00997562 0.000984367
661000 1.01063 -0.00723093 0.000996222
662000 1.00474 -0.00459131 0.000992155
663000 1.00414 -0.00826537 0.000988353
664000 0.995038 -0.00708316 0.000980903
665000 1.00829 -0.00682986 0.000991066
666000 1.0055 -0.00178126 0.000993587
667000 0.986779 -0.00529277 0.000969748
668000 1.01348 -0.00681225 0.000997668
669000 0.96652 -0.0048949 0.000954579
670000 1.02311 -0.00553496 0.00101
671000 0.986895 -0.00776846 0.000979112
672000 0.987978 -0.00280715 0.000978228
673000 1.00576 -0.00371389 0.000992111
674000 0.991095 -0.00704642 0.000976296
675000 1.00472 -0.00344089 0.000993639
676000 1.01038 -0.00886822 0.000993556
677000 1.00725 -0.00801333 0.000993351
678000 1.02078 -0.00459131 0.00100567
679000 1.00499 -0.00178167 0.000993761
680000 0.99311 -0.00516846 0.000981675
681000 0.996944 -0.00517116 0.000984662
682000 0.994273 -0.00744083 0.000983948
683000 1.00835 -0.00597117 0.000991373
684000 1.00153 -0.00716455 0.000984292
685000 1.00071 -0.00886971 0.000983491
686000 1.02033 -0.00772643 0.0010032
687000 1.00253 -0.00533891 0.000991567
688000 0.968667 -0.00954121 0.000957622
689000 1.00115 -0.00674233 0.00098721
690000 1.02813 -0.00879696 0.00100837
691000 0.949204 -0.00532357 0.000937119
692000 1.0295 -0.00603432 0.00101493
693000 0.986365 -0.00417453 0.000971329
694000 0.981862 -0.0154184 0.000961764
695000 1.03146 -0.0195719 0.00101124
696000 0.988527 -0.0190187 0.000967613
697000 0.993128 -0.0164301 0.000973676
698000 0.980492 -0.010754 0.000962008
699000 1.00671 -0.0120739 0.000988935
700000 0.967343 -0.0128108 0.000953871
701000 1.02121 -0.012707 0.000999076
702000 0.992946 -0.0132324 0.000972601
703000 1.0129 -0.0123036 0.000990948
704000 0.995397 -0.00604241 0.000982682
705000 1.01728 -0.00452083 0.00100872
706000 1.03195 -0.00831951 0.00101461
707000 0.986385 -0.00500484 0.000974021
708000 0.992776 -0.00571804 0.000980724
709000 1.00449 -0.00481753 0.000991381
710000 1.01748 -0.00538288 0.00100438
711000 0.986747 -0.00181687 0.000976899
712000 0.979329 -0.00557385 0.000965458
713000 1.00997 -0.00406554 0.000997461
714000 1.02031 -0.00657142 0.0010038
715000 0.979741 -0.00711735 0.000963779
716000 1.0269 -0.00610552 0.0010106
717000 1.00014 -0.00867564 0.000981271
718000 0.992287 -0.00992558 0.000979001
719000 0.997084 -0.0113937 0.000978755
720000 1.0239 -0.0112779 0.00100536
721000 0.996145 -0.0101694 0.000981228
722000 0.97046 -0.00833462 0.000955953
723000 1.02302 -0.0081438 0.0010095
724000 0.975655 -0.0114899 0.000956311
725000 1.03465 -0.00560616 0.00102321
726000 0.980166 -0.00605691 0.000967302
727000 0.981215 -0.0082029 0.000967792
728000 0.995894 -0.0108103 0.000980752
729000 1.00579 -0.0113041 0.000988653
730000 1.03326 -0.00588921 0.00101944
731000 0.969143 -0.00490464 0.000955701
732000 1.00947 -0.00863278 0.000996645
733000 1.02952 -0.00830335 0.00101771
734000 0.987512 -0.00365439 0.000977092
735000 0.990156 -0.00674821 0.000976495
736000 0.997152 -0.00947093 0.000983046
737000 1.00269 -0.00728444 0.000991659
738000 0.992062 -0.00569331 0.000978814
739000 0.991179 -0.00414172 0.000978458
740000 0.969606 -0.00567871 0.000952932
741000 1.01062 -0.00551368 0.000998083
742000 0.983341 -0.00627118 0.000972353
743000 0.965498 -0.00548705 0.000949099
744000 1.00389 -0.00619545 0.000989381
745000 0.997171 -0.00619733 0.000982902
746000 0.982981 -0.0123192 0.000964725
747000 1.04103 -0.0131056 0.00102058
748000 1.01242 -0.00708749 0.000996312
749000 1.00502 -0.00498857 0.000990948
750000 1.01984 -0.00361618 0.00100947
751000 1.01375 -0.00617881 0.00099977
752000 1.0048 -0.00636987 0.00100273
753000 0.999671 -0.00799955 0.000983291
754000 1.01058 -0.00623158 0.000996001
755000 0.990195 -0.0051587 0.000978055
756000 0.968769 -0.00595938 0.000953483
757000 1.02168 -0.00581951 0.00101125
758000 1.00908 -0.00599776 0.000994974
759000 0.978999 -0.00395586 0.000967498
760000 0.980317 -0.00275955 0.000965729
761000 0.992547 -0.00950884 0.000973728
762000 1.00898 -0.00599874 0.000995024
763000 1.01451 -0.00350031 0.00100109
764000 1.03386 -0.00680722 0.00101903
765000 0.971024 -0.0116139 0.000957935
766000 0.99414 -0.0122614 0.000977937
767000 1.02319 -0.00481055 0.00100621
768000 0.97474 -0.00615682 0.000963684
769000 1.02303 -0.00763834 0.0010065
770000 1.01606 -0.00898316 0.00100083
771000 0.990031 -0.0110142 0.000971377
772000 1.03097 -0.00743372 0.00101522
773000 0.968778 -0.00233728 0.000954631
774000 1.03538 -0.00474109 0.00102036
775000 1.01496 -0.00979526 0.000997154
776000 1.01604 -0.00829407 0.0010018
777000 0.998275 -0.00495755 0.000990088
778000 0.975074 -0.00747928 0.000957386
779000 1.02289 -0.00399941 0.00101026
780000 0.997066 -0.00125276 0.000986147
781000 0.982152 -0.00786468 0.000966062
782000 0.978851 -0.00442514 0.000966009
783000 1.03957 -0.00603617 0.00102801
784000 0.985245 -0.00709843 0.000969059
785000 1.02923 -0.00490605 0.00101915
786000 0.965459 -0.00880907 0.000952711
787000 0.990066 -0.00427976 0.000977862
788000 1.00157 -0.00632588 0.00099214
789000 0.972732 -0.00704237 0.000960852
790000 0.96651 -0.00647278 0.000953571
791000 1.0171 -0.00158943 0.00100631
792000 0.997106 -0.00719521 0.000984882
793000 0.970196 -0.00843011 0.000957551
794000 0.988444 -0.00335404 0.000975797
795000 1.01917 -0.00400155 0.00100691
796000 0.992101 -0.00429603 0.000979557
797000 0.970027 -0.00718929 0.000956725
798000 1.03811 -0.0102489 0.00101995
799000 0.969804 -0.0088825 0.00095451
800000 1.02931 -0.00444643 0.00101539
801000 0.961798 -0.00445406 0.000945088
802000 1.01164 -0.00634366 0.00100113
803000 1.02186 -0.00361855 0.00101063
804000 0.975871 -0.00664839 0.000963258
805000 1.00182 -0.00751329 0.00098717
806000 1.02649 -0.00858655 0.0010129
807000 0.976537 -0.011549 0.000962928
808000 0.974069 -0.00986643 0.000956962
809000 0.988551 -0.00733648 0.00097504
810000 1.01432 -0.00922366 0.000996863
811000 0.975708 -0.00673036 0.000963956
812000 1.00668 -0.00864393 0.000988956
813000 1.00786 -0.00859709 0.000990885
814000 1.00696 -0.0112989 0.000986166
815000 0.996004 -0.0113112 0.000977471
816000 0.999795 -0.0102267 0.000985138
817000 0.992131 -0.0112408 0.000975304
818000 1.0045 -0.00996188 0.000984412
819000 1.01991 -0.00472917 0.0010094
820000 0.996513 -0.00374526 0.000985773
821000 1.00621 -0.00285395 0.00099263
822000 0.988402 -0.00459236 0.00097503
823000 0.988301 -0.00653391 0.000975457
824000 1.02851 -0.0110346 0.0010108
825000 0.995462 -0.00678252 0.000984127
826000 0.981993 -0.0104647 0.00096775
827000 0.989008 -0.0135437 0.000968331
828000 1.01587 -0.00929449 0.000997003
829000 0.975591 -0.0107819 0.000962707
830000 0.972978 -0.00693161 0.000960583
831000 1.01401 -0.0100418 0.00099801
832000 1.00372 -0.00582644 0.000992326
833000 1.02442 -0.00479304 0.00101279
834000 0.980305 -0.00347484 0.000964185
835000 0.983384 -0.00730991 0.000970998
836000 0.984903 -0.0078781 0.000968423
837000 0.978606 -0.00317064 0.000968332
838000 1.04809 -0.00594324 0.00103378
839000 0.982082 -0.00871106 0.000966383
840000 0.990522 -0.00547601 0.000972772
841000 0.977625 -0.0064266 0.000966372
842000 1.03192 -0.00836665 0.00101721
843000 0.988493 -0.00396735 0.000974586
844000 0.967775 -0.00445128 0.000955907
845000 1.02026 -0.00364557 0.00100521
846000 0.998367 -0.00899078 0.000978506
847000 0.984651 -0.0107852 0.000967844
848000 1.008 -0.00980332 0.000988939
849000 1.01582 -0.00865155 0.000997957
850000 1.02589 -0.0048279 0.00101339
851000 0.980606 -0.00955214 0.000963785
852000 0.967549 -0.00873393 0.000955192
853000 1.00862 -0.00427418 0.000993763
854000 1.00537 -0.00446571 0.000992368
855000 0.985392 -0.0047755 0.000973193
856000 0.988188 -0.00625201 0.000976433
857000 1.00003 -0.00525199 0.000993258
858000 1.00438 -0.00579304 0.000991588
859000 1.00019 -0.00187186 0.000988582
860000 0.997784 -0.0078484 0.000984968
861000 0.977882 -0.00520027 0.000966684
862000 0.975925 -0.00607255 0.00096208
863000 1.01822 -0.00748966 0.00100061
864000 0.986491 -0.00702252 0.000971226
865000 0.991717 -0.0065981 0.000976238
866000 1.00226 -0.0128148 0.00097905
867000 0.994838 -0.00397687 0.000981835
868000 0.986972 -0.00717108 0.000976311
869000 1.00429 -0.00684578 0.00099056
870000 0.98192 -0.00736277 0.000967417
871000 1.00771 -0.0060549 0.000993045
872000 1.00716 -0.00307861 0.000995356
873000 0.97105 -0.00855952 0.000951931
874000 1.039 -0.00634561 0.0010201
875000 0.969746 -0.00251605 0.000957138
876000 1.00684 -0.00408434 0.000993885
877000 1.01676 -0.00593711 0.00100058
878000 1.00455 -0.0102476 0.000987402
879000 0.982635 -0.00705482 0.000970003
880000 1.00179 -0.00589539 0.000986257
881000 0.987578 -0.00358561 0.000973051
882000 1.01012 -0.00671092 0.000996837
883000 0.98733 -0.0102244 0.000969247
884000 0.981883 -0.0133905 0.00096658
885000 1.01585 -0.00271741 0.00100792
886000 0.985387 -0.00340832 0.000974214
887000 1.00811 -0.00416684 0.000994388
888000 1.00355 -0.00236396 0.000992961
889000 1.01062 -0.00225851 0.000997904
890000 0.988295 -0.00413928 0.000974451
891000 0.991014 -0.00682548 0.000976258
892000 1.02856 -0.00648154 0.00101741
893000 0.994988 -0.00522275 0.000984128
894000 0.971388 -0.00601788 0.000957794
895000 1.00167 -0.00612833 0.000989907
896000 0.994847 -0.00613286 0.00098508
897000 1.00429 -0.00443132 0.000991228
898000 1.00024 -0.00440995 0.000987323
899000 0.966031 -0.00526847 0.000953248
900000 0.986172 -0.00246943 0.000973493
901000 0.993665 -0.00885379 0.000979549
902000 0.990579 -0.00787873 0.000975777
903000 0.991489 -0.0100574 0.000975466
904000 0.976641 -0.00286527 0.000965903
905000 1.00113 -0.00881567 0.000985094
906000 0.988232 -0.00380431 0.000976943
907000 0.999739 -0.0085868 0.000982358
908000 0.99779 -0.0139231 0.000976488
909000 0.982815 -0.00742316 0.000968157
910000 1.01748 -0.0018709 0.00100626
911000 0.985494 -0.0036015 0.000979244
912000 1.01556 -0.0147386 0.000991137
913000 1.04288 -0.00831326 0.00102667
914000 1.02337 -0.0113297 0.00100275
915000 0.984452 -0.0111085 0.000964414
916000 1.01703 -0.00549237 0.00100395
917000 0.98417 -0.00426978 0.000970982
918000 1.01585 -0.00763504 0.00100654
919000 0.983182 -0.00704175 0.000969257
920000 0.98149 -0.00428301 0.000966568
921000 1.03681 -0.00675945 0.00102779
922000 0.975151 -0.00681472 0.000959422
923000 0.996002 -0.00630242 0.000982847
924000 1.01399 -0.00481943 0.0010018
925000 1.02989 -0.00696156 0.00101918
926000 0.980172 -0.011087 0.00096626
927000 0.988784 -0.00546346 0.000977775
928000 1.03008 -0.00542363 0.0010136
929000 0.979074 -0.00300074 0.000967667
930000 0.996862 -0.00166395 0.000985502
931000 1.01245 -0.00169688 0.000998994
932000 0.994057 -0.0073328 0.000978594
933000 1.00606 -0.0117308 0.000990869
934000 0.994908 -0.0113477 0.000977413
935000 1.01451 -0.0112031 0.000997799
936000 0.990054 -0.00811858 0.000974607
937000 0.984139 -0.00823447 0.0009717
938000 1.03017 -0.0115404 0.00100904
939000 0.968561 -0.0129592 0.000949275
940000 1.00231 -0.0101738 0.000983081
941000 1.01262 -0.00833004 0.000993752
942000 0.972155 -0.00999928 0.000958605
943000 1.03805 -0.00762386 0.00102348
944000 0.975903 -0.00443709 0.000966584
945000 0.979589 -0.0045586 0.000968094
946000 1.03471 -0.00615415 0.0010211
947000 1.00543 -0.005354 0.00099247
948000 0.99023 -0.00966103 0.000972071
949000 0.98606 -0.00467738 0.000973406
950000 0.991371 -0.00389643 0.000980127
951000 0.991534 -0.00496782 0.000978263
952000 0.971968 -0.00689442 0.000955453
953000 1.00264 -0.00976987 0.000987074
954000 0.992344 -0.0038995 0.000978937
955000 1.00725 -0.00840993 0.000991041
956000 1.00524 -0.00877712 0.000985468
957000 1.00844 -0.00577912 0.000992977
958000 0.995816 -0.0031027 0.00098246
959000 1.02535 -0.0055786 0.0010129
960000 0.964311 -0.00761042 0.000948035
961000 0.972575 -0.00664693 0.000958477
962000 1.02031 -0.00893339 0.00100477
963000 1.01767 -0.00782154 0.000999315
964000 0.995286 -0.0106544 0.00097396
965000 0.980789 -0.00684994 0.000974039
966000 0.989471 -0.00165746 0.000976335
967000 1.00369 -0.00852677 0.000989214
968000 0.98993 -0.0068551 0.000973885
969000 1.0155 -0.00611837 0.00100415
970000 0.990488 -0.00746438 0.000972734
971000 1.00957 -0.00392415 0.000996769
972000 1.00992 -0.00788196 0.00099598
973000 0.953013 -0.00963549 0.000936596
974000 1.02051 -0.00901211 0.00100204
975000 0.962487 -0.012093 0.000943305
976000 1.0352 -0.00453024 0.00102212
977000 0.974806 -0.00550365 0.000957479
978000 1.03941 -0.00842152 0.00102483
979000 0.966029 -0.0067053 0.000948282
980000 1.01732 -0.0053326 0.00100354
981000 1.00742 -0.0100117 0.000991253
982000 1.00028 -0.00423323 0.000985405
983000 0.972134 -0.00527022 0.000957291
984000 1.01179 -0.00407738 0.000997671
985000 0.996562 -0.00537233 0.000983816
986000 1.03181 -0.00946979 0.00101546
987000 0.979543 -0.00316636 0.000973948
988000 1.00285 -0.00532792 0.000990597
989000 1.01216 -0.00407476 0.000999928
990000 1.0164 -0.00806232 0.00100032
991000 0.995972 -0.0115002 0.000978788
992000 0.996471 -0.00793444 0.00098355
993000 0.998948 -0.0109294 0.000985846
994000 1.02011 -0.0144167 0.00100361
995000 0.996282 -0.0122176 0.000981656
996000 1.00789 -0.0149686 0.000988984
997000 1.00844 -0.0154823 0.000990462
998000 0.979195 -0.0185238 0.000959475
999000 1.03911 -0.0215498 0.0010093
1000000 0.988512 -0.0165264 0.000969765
1001000 1.02764 -0.0114347 0.00101686
1002000 1.00816 -0.0149855 0.000990568
1003000 1.03172 -0.0121319 0.00101699
1004000 0.97763 -0.014181 0.000958488
1005000 1.00114 -0.0137391 0.000987201
1006000 1.03026 -0.00912823 0.00101491
1007000 0.978803 -0.007109 0.00096555
1008000 1.01091 -0.00230601 0.00100066
1009000 1.00086 -0.00867389 0.000989164
1010000 1.01949 -0.0051515 0.00100933
1011000 0.989341 -0.00225474 0.000979822
1012000 1.00588 -0.00329163 0.000993925
1013000 0.974539 -0.00545157 0.000959895
1014000 0.97085 -0.00101082 0.000962369
1015000 1.00326 -0.00418781 0.000987678
1016000 0.996332 -0.00743722 0.000985741
1017000 0.990861 -0.00634278 0.000977214
1018000 1.02592 -0.00270949 0.00101132
1019000 0.987533 -0.00952274 0.000969376
1020000 0.983513 -0.0114977 0.000966382
1021000 0.986154 -0.00981319 0.000971232
1022000 1.01508 -0.00628787 0.000998317
1023000 1.00029 -0.00551976 0.000987706
1024000 0.988942 -0.00452196 0.00097194
1025000 1.00746 -0.00563657 0.000993203
1026000 0.968834 -0.00600923 0.000956823
1027000 1.02831 -0.01218 0.00101011
1028000 0.988754 -0.0105821 0.000970922
1029000 0.982508 -0.0120604 0.000958389
1030000 1.01506 -0.0095943 0.000997734
1031000 1.0016 -0.00927879 0.000985347
1032000 0.96445 -0.00806648 0.00095212
1033000 1.00697 -0.00598654 0.000998028
1034000 1.01948 -0.00560819 0.00101051
1035000 1.0204 -0.00478621 0.00101274
1036000 1.0033 -0.0111453 0.000984113
1037000 0.985358 -0.00305388 0.000973335
1038000 1.00203 -0.00886381 0.000983714
1039000 0.98969 -0.00506896 0.000976037
1040000 1.00268 -0.0074888 0.000986829
1041000 0.991708 -0.0078926 0.000977095
1042000 0.98871 -0.00562749 0.000978074
1043000 1.01542 -0.00557394 0.00100442
1044000 0.970348 -0.00996377 0.000950727
1045000 0.998607 -0.005553 0.000984832
1046000 1.01754 -0.0045632 0.00100974
1047000 1.00359 -0.0051869 0.000990812
1048000 1.00196 -0.00645991 0.000988878
1049000 0.984059 -0.00543441 0.000971529
1050000 1.01948 -0.010706 0.00100211
1051000 0.982 -0.00756307 0.000965491
1052000 0.993831 -0.00457159 0.000983366
1053000 0.992785 -0.0052035 0.000979498
1054000 1.01305 -0.00668149 0.00100113
1055000 1.02574 -0.00605693 0.00100903
1056000 0.95988 -0.00404154 0.000954558
1057000 1.0223 -0.00785576 0.00100703
1058000 1.00782 -0.00860663 0.000994835
1059000 0.978666 -0.00672339 0.000960413
1060000 1.00517 -0.00723401 0.000991002
1061000 0.995189 -0.00696933 0.000981506
1062000 1.00851 -0.00446771 0.00100068
1063000 1.03619 -0.00538899 0.00102315
1064000 0.973352 -0.00406522 0.000958759
1065000 1.04169 -0.0094565 0.00102452
1066000 0.955255 -0.0078421 0.000939795
1067000 1.00074 -0.00657332 0.000984285
1068000 0.99368 -0.0118895 0.000975352
1069000 1.04444 -0.0107896 0.00102721
1070000 0.990321 -0.0160035 0.000968319
1071000 0.997604 -0.0210717 0.000967741
1072000 0.986072 -0.0183823 0.000965616
1073000 1.00994 -0.0153842 0.000996391
1074000 1.01245 -0.00963475 0.000999813
1075000 0.998186 -0.00987393 0.000982249
1076000 1.00012 -0.0079641 0.000988654
1077000 1.01709 -0.00986917 0.000999433
1078000 1.03053 -0.00856355 0.00101061
1079000 0.96831 -0.0082202 0.000954772
1080000 1.02819 -0.00602152 0.00101696
1081000 0.988078 -0.00440489 0.000979313
1082000 0.956931 -0.00573759 0.000943809
1083000 0.980779 -0.00795474 0.000963041
1084000 1.00817 -0.00836952 0.000993828
1085000 0.98062 -0.00297825 0.000966696
1086000 0.995229 -0.00576445 0.000978702
1087000 1.00141 -0.00418959 0.000986035
1088000 0.982701 -0.00260013 0.000975391
1089000 0.959682 -0.00798519 0.000938527
1090000 0.974776 -0.00937125 0.000958972
1091000 1.00748 -0.00515482 0.000992162
1092000 0.972617 -0.00690723 0.000961057
1093000 0.985406 -0.0098373 0.000972675
1094000 1.00035 -0.0128361 0.000979612
1095000 0.987576 -0.0163279 0.000979213
1096000 0.999122 -0.0165139 0.000978195
1097000 0.960075 -0.00797727 0.000944458
1098000 1.01167 -0.00830123 0.00100263
1099000 1.01756 -0.010125 0.0010002
1100000 0.992718 -0.0155275 0.000972687
