# Time-averaged data for fix 2
# TimeStep v_Temperature v_PotentialEnergy v_Pressure
1000 1.39432 -0.735362 0.101745
2000 1.41355 -0.715833 0.107835
3000 1.38717 -0.679095 0.111714
4000 1.41331 -0.728397 0.110689
5000 1.36993 -0.743718 0.102519
6000 1.39133 -0.723513 0.107871
7000 1.43134 -0.695844 0.113398
8000 1.40479 -0.741973 0.103858
9000 1.35393 -0.781416 0.100016
10000 1.35993 -0.707367 0.102722
11000 1.40588 -0.722523 0.102893
12000 1.36721 -0.753001 0.100214
13000 1.38111 -0.758182 0.10035
14000 1.37918 -0.758644 0.102764
15000 1.36801 -0.699077 0.0987877
16000 1.45145 -0.654032 0.109009
17000 1.43046 -0.785155 0.101974
18000 1.41919 -0.770515 0.10934
19000 1.3744 -0.806733 0.0963937
20000 1.41661 -0.761333 0.110185
21000 1.36318 -0.788884 0.096265
22000 1.37071 -0.798919 0.0939435
23000 1.41266 -0.734953 0.105533
24000 1.41634 -0.651394 0.10433
25000 1.40619 -0.702481 0.108417
26000 1.39564 -0.795068 0.0997067
27000 1.35631 -0.747229 0.100117
28000 1.38692 -0.722855 0.101051
29000 1.44663 -0.686972 0.110607
30000 1.35917 -0.745527 0.100054
31000 1.42937 -0.713159 0.10316
32000 1.34568 -0.705125 0.0945526
33000 1.40357 -0.687227 0.104483
34000 1.42281 -0.79777 0.11038
35000 1.39844 -0.751858 0.096929
36000 1.38098 -0.767825 0.0989374
37000 1.43163 -0.729543 0.106066
38000 1.37658 -0.775914 0.100989
39000 1.36759 -0.768807 0.0939679
40000 1.42596 -0.729358 0.102909
41000 1.39131 -0.750865 0.100984
42000 1.41346 -0.760475 0.105378
43000 1.40448 -0.763245 0.0989946
44000 1.42416 -0.75461 0.109424
45000 1.37429 -0.740534 0.10026
46000 1.40768 -0.72876 0.108188
47000 1.40895 -0.709519 0.107832
48000 1.41262 -0.73762 0.10575
49000 1.36465 -0.760097 0.0975099
50000 1.39784 -0.684367 0.102124
51000 1.35883 -0.705826 0.10079
52000 1.44794 -0.715723 0.108922
53000 1.38735 -0.684131 0.105579
54000 1.35939 -0.747411 0.103524
55000 1.42992 -0.754876 0.108025
56000 1.41855 -0.751122 0.111192
57000 1.3663 -0.817575 0.101102
58000 1.41297 -0.773649 0.0989711
59000 1.41011 -0.699421 0.105479
60000 1.38177 -0.74128 0.105352
61000 1.43524 -0.689761 0.11004
62000 1.43424 -0.704143 0.10988
63000 1.42868 -0.746976 0.104446
64000 1.35803 -0.811318 0.0947249
65000 1.41765 -0.829853 0.102494
66000 1.42081 -0.705759 0.108035
67000 1.41359 -0.773316 0.102854
68000 1.41412 -0.738515 0.102246
69000 1.39252 -0.775381 0.100783
70000 1.38585 -0.730335 0.101983
71000 1.3738 -0.787677 0.0971552
72000 1.35481 -0.831898 0.0938723
73000 1.40337 -0.731715 0.105311
74000 1.38534 -0.738724 0.102837
75000 1.43669 -0.732426 0.110072
76000 1.39688 -0.740112 0.103505
77000 1.38045 -0.804843 0.0911668
78000 1.41585 -0.746601 0.111838
79000 1.41227 -0.780721 0.104067
80000 1.41562 -0.764902 0.100382
81000 1.42781 -0.731925 0.110373
82000 1.41603 -0.717509 0.100389
83000 1.38307 -0.724026 0.104547
84000 1.41428 -0.719287 0.111275
85000 1.3907 -0.747734 0.0998059
86000 1.39478 -0.738397 0.102606
87000 1.37875 -0.743539 0.101127
88000 1.40736 -0.743636 0.111438
89000 1.38142 -0.735204 0.104655
90000 1.43867 -0.724908 0.104334
91000 1.36454 -0.756065 0.0946697
92000 1.36469 -0.767089 0.101151
93000 1.38647 -0.745116 0.104147
94000 1.4203 -0.72885 0.10829
95000 1.3543 -0.774165 0.0950638
96000 1.40424 -0.704409 0.100206
97000 1.41597 -0.74772 0.106615
98000 1.34697 -0.757714 0.101086
99000 1.41934 -0.747752 0.104536
100000 1.39485 -0.744665 0.100913
101000 1.41503 -0.771921 0.103478
102000 1.41585 -0.776638 0.10297
103000 1.4226 -0.747242 0.105245
104000 1.39763 -0.791477 0.0954313
105000 1.41863 -0.779934 0.108891
106000 1.43317 -0.72691 0.107267
107000 1.3645 -0.70051 0.104346
108000 1.42199 -0.714368 0.110256
109000 1.41649 -0.699299 0.1045
110000 1.37032 -0.731088 0.095327
111000 1.44182 -0.724212 0.111095
112000 1.39445 -0.729461 0.102726
113000 1.36178 -0.775399 0.0989048
114000 1.39387 -0.741844 0.0983749
115000 1.41934 -0.753343 0.102083
116000 1.42412 -0.728567 0.107252
117000 1.37945 -0.766547 0.100987
118000 1.41461 -0.785308 0.105483
119000 1.44969 -0.716824 0.109864
120000 1.3475 -0.726528 0.100253
121000 1.39621 -0.741177 0.105445
122000 1.41376 -0.788774 0.104745
123000 1.35789 -0.782578 0.100858
124000 1.42075 -0.77182 0.104802
125000 1.3858 -0.709722 0.10775
126000 1.43337 -0.738629 0.104349
127000 1.43473 -0.796395 0.102477
128000 1.38495 -0.75261 0.0976289
129000 1.39781 -0.800971 0.103825
130000 1.42028 -0.733647 0.108513
131000 1.41496 -0.732243 0.105961
132000 1.44617 -0.683707 0.108158
133000 1.3727 -0.721452 0.107013
134000 1.41117 -0.73797 0.102866
135000 1.38782 -0.767299 0.0966091
136000 1.36177 -0.779207 0.101961
137000 1.38571 -0.783362 0.101086
138000 1.35436 -0.774146 0.0975115
139000 1.44407 -0.69437 0.112884
140000 1.39839 -0.69466 0.102196
141000 1.38764 -0.703027 0.102849
142000 1.44214 -0.726683 0.111728
143000 1.3782 -0.771762 0.0981975
144000 1.36971 -0.715144 0.0971488
145000 1.44763 -0.661457 0.11259
146000 1.39664 -0.773441 0.100647
147000 1.40935 -0.699294 0.106668
148000 1.41673 -0.678954 0.107211
149000 1.41526 -0.747231 0.10576
150000 1.41612 -0.756188 0.102269
151000 1.39876 -0.755575 0.100681
152000 1.37964 -0.770779 0.0951432
153000 1.39106 -0.755685 0.106539
154000 1.42777 -0.733743 0.107446
155000 1.44219 -0.814479 0.111122
156000 1.41296 -0.801412 0.102202
157000 1.41634 -0.770671 0.105064
158000 1.43294 -0.715709 0.10468
159000 1.40749 -0.700281 0.106241
160000 1.39736 -0.762374 0.103504
161000 1.40815 -0.768045 0.105084
162000 1.37488 -0.73329 0.101211
163000 1.39177 -0.785527 0.10476
164000 1.40025 -0.733147 0.0988676
165000 1.38347 -0.745783 0.0977938
166000 1.36344 -0.716644 0.101336
167000 1.41135 -0.777256 0.102556
168000 1.40926 -0.737298 0.101927
169000 1.40242 -0.700338 0.108383
170000 1.39461 -0.722321 0.102235
171000 1.43195 -0.690918 0.110291
172000 1.39444 -0.795605 0.103109
173000 1.34549 -0.85289 0.0919878
174000 1.39743 -0.830148 0.0912243
175000 1.39456 -0.769452 0.101747
176000 1.41007 -0.737054 0.107907
177000 1.39132 -0.704183 0.109884
178000 1.37743 -0.836708 0.0990181
179000 1.41518 -0.68805 0.109334
180000 1.4056 -0.680223 0.106448
181000 1.36852 -0.712913 0.100285
182000 1.37713 -0.690381 0.103108
183000 1.37231 -0.717013 0.10486
184000 1.39588 -0.685934 0.103051
185000 1.38258 -0.732361 0.0998764
186000 1.39147 -0.745052 0.100405
187000 1.35759 -0.763275 0.102992
188000 1.42902 -0.719824 0.108302
189000 1.41611 -0.725516 0.102799
190000 1.39677 -0.727395 0.101115
191000 1.44112 -0.676403 0.10652
192000 1.42052 -0.745125 0.10861
193000 1.37012 -0.804684 0.0943326
194000 1.37481 -0.790192 0.095634
195000 1.44199 -0.81452 0.109241
196000 1.35797 -0.800718 0.0958973
197000 1.39085 -0.696206 0.104595
198000 1.42637 -0.727033 0.109017
199000 1.45209 -0.671749 0.114993
200000 1.38934 -0.786446 0.0983001
201000 1.39405 -0.707458 0.105709
202000 1.39656 -0.779489 0.105094
203000 1.39847 -0.740276 0.109611
204000 1.41532 -0.729176 0.105426
205000 1.40234 -0.769601 0.0991169
206000 1.35861 -0.799186 0.0927126
207000 1.37081 -0.765479 0.0970615
208000 1.37155 -0.805247 0.0975322
209000 1.41972 -0.712913 0.105923
210000 1.38335 -0.715339 0.0967649
211000 1.36498 -0.733829 0.0992914
212000 1.4088 -0.739351 0.104617
213000 1.45232 -0.784623 0.108078
214000 1.37429 -0.803969 0.100156
215000 1.45858 -0.777454 0.104846
216000 1.37108 -0.764503 0.0971807
217000 1.36545 -0.827072 0.0954929
218000 1.44149 -0.721716 0.109427
219000 1.39403 -0.752441 0.0989638
220000 1.43616 -0.760821 0.106023
221000 1.38837 -0.732454 0.104234
222000 1.3855 -0.793155 0.0936978
223000 1.4388 -0.729851 0.107431
224000 1.44694 -0.714183 0.108893
225000 1.41148 -0.692205 0.103165
226000 1.36144 -0.775293 0.0966554
227000 1.41582 -0.742946 0.102094
228000 1.40465 -0.804931 0.0999227
229000 1.42757 -0.83223 0.0991493
230000 1.36167 -0.750826 0.0982892
231000 1.43248 -0.777104 0.104719
232000 1.3999 -0.726749 0.104076
233000 1.39824 -0.773061 0.105492
234000 1.39777 -0.713729 0.108616
235000 1.38949 -0.720299 0.10327
236000 1.40211 -0.708753 0.104684
237000 1.39674 -0.657795 0.114473
238000 1.37661 -0.846084 0.0981585
239000 1.44658 -0.775388 0.102619
240000 1.37634 -0.739823 0.0971736
241000 1.38975 -0.806013 0.101829
242000 1.39722 -0.812191 0.0997377
243000 1.37507 -0.735413 0.102347
244000 1.35335 -0.775903 0.0933233
245000 1.42852 -0.742679 0.105962
246000 1.37513 -0.72564 0.0978425
247000 1.44164 -0.725651 0.105296
248000 1.37388 -0.787714 0.0968268
249000 1.4331 -0.754621 0.107457
250000 1.40039 -0.730089 0.104437
251000 1.35982 -0.724322 0.0902993
252000 1.40012 -0.87256 0.102433
253000 1.40902 -0.85382 0.097878
254000 1.3733 -0.761416 0.0984384
255000 1.42058 -0.839223 0.095615
256000 1.38495 -0.754374 0.1017
257000 1.38711 -0.768316 0.0988375
258000 1.44246 -0.729515 0.109979
259000 1.34723 -0.710077 0.0995085
260000 1.41687 -0.737587 0.100481
261000 1.41078 -0.801184 0.105621
262000 1.42296 -0.811807 0.102949
263000 1.43284 -0.83789 0.102955
264000 1.3941 -0.815876 0.106148
265000 1.35415 -0.732015 0.0981835
266000 1.4137 -0.715688 0.103276
267000 1.42689 -0.735881 0.104132
268000 1.37785 -0.74155 0.106146
269000 1.38234 -0.765503 0.0989312
270000 1.43142 -0.740593 0.107855
271000 1.41799 -0.724105 0.106825
272000 1.3775 -0.74761 0.105395
273000 1.42444 -0.768414 0.102411
274000 1.38863 -0.758382 0.100531
275000 1.36889 -0.748307 0.101015
276000 1.42798 -0.755745 0.105678
277000 1.39453 -0.740359 0.106711
278000 1.4129 -0.653684 0.108951
279000 1.37412 -0.77603 0.0971208
280000 1.39106 -0.771483 0.10228
281000 1.37825 -0.751279 0.0994905
282000 1.39271 -0.704668 0.101749
283000 1.39863 -0.706006 0.0999294
284000 1.42604 -0.744052 0.105325
285000 1.39874 -0.752522 0.105567
286000 1.38971 -0.788938 0.100616
287000 1.40554 -0.750657 0.107196
288000 1.37426 -0.714673 0.103042
289000 1.41747 -0.755138 0.101769
290000 1.42278 -0.716927 0.10336
291000 1.36041 -0.716361 0.100195
292000 1.37882 -0.686515 0.107049
293000 1.36869 -0.760431 0.101439
294000 1.37866 -0.844086 0.0950508
295000 1.45663 -0.882169 0.100961
296000 1.4199 -0.803251 0.103236
297000 1.43016 -0.714169 0.107868
298000 1.38512 -0.788914 0.102772
299000 1.40103 -0.770274 0.107818
300000 1.43155 -0.710817 0.110542
301000 1.35894 -0.77332 0.0990306
302000 1.39334 -0.783213 0.100903
303000 1.34942 -0.792243 0.0962903
304000 1.41272 -0.746275 0.100975
305000 1.42679 -0.714631 0.106078
306000 1.35554 -0.696306 0.101346
307000 1.40392 -0.761313 0.108697
308000 1.45768 -0.739869 0.111481
309000 1.33819 -0.775468 0.0896349
310000 1.45567 -0.670588 0.109581
311000 1.40077 -0.713225 0.10835
312000 1.41919 -0.723015 0.104892
313000 1.36107 -0.753798 0.0916244
314000 1.40057 -0.725249 0.101576
315000 1.42644 -0.710949 0.110495
316000 1.37295 -0.740312 0.101358
317000 1.45724 -0.739729 0.106755
318000 1.38298 -0.785762 0.0956427
319000 1.36273 -0.785141 0.100854
320000 1.43024 -0.729519 0.108892
321000 1.38112 -0.739652 0.0957397
322000 1.36272 -0.721497 0.0989324
323000 1.44527 -0.753373 0.110894
324000 1.34658 -0.766355 0.099369
325000 1.38352 -0.736589 0.104295
326000 1.39525 -0.796821 0.102114
327000 1.39045 -0.775114 0.10085
328000 1.37381 -0.857615 0.102106
329000 1.35382 -0.775594 0.0924374
330000 1.41434 -0.750461 0.103343
331000 1.37472 -0.734282 0.102262
332000 1.40104 -0.751065 0.106363
333000 1.38552 -0.698208 0.0993644
334000 1.4465 -0.690643 0.1119
335000 1.3373 -0.691152 0.101499
336000 1.3963 -0.744558 0.0998076
337000 1.39501 -0.697918 0.106966
338000 1.40655 -0.771157 0.100657
339000 1.39272 -0.800203 0.0954082
340000 1.3859 -0.747392 0.100139
341000 1.37777 -0.679987 0.102905
342000 1.3935 -0.679168 0.102646
343000 1.37837 -0.721664 0.102994
344000 1.41994 -0.687845 0.105241
345000 1.40391 -0.789799 0.102531
346000 1.42922 -0.69992 0.106904
347000 1.36125 -0.732225 0.103693
348000 1.38841 -0.76214 0.106399
349000 1.42171 -0.773702 0.103101
350000 1.39806 -0.864325 0.0987391
351000 1.38289 -0.841965 0.0969038
352000 1.35554 -0.74375 0.0956163
353000 1.41702 -0.769043 0.105228
354000 1.40591 -0.814913 0.109687
355000 1.43804 -0.799533 0.108519
356000 1.38331 -0.726051 0.0989908
357000 1.38456 -0.751184 0.10582
358000 1.45441 -0.761042 0.107566
359000 1.41454 -0.773811 0.104565
360000 1.38086 -0.811792 0.0972051
361000 1.42896 -0.801836 0.103301
362000 1.35765 -0.781203 0.0927585
363000 1.40391 -0.735191 0.10553
364000 1.40403 -0.70642 0.10423
365000 1.36515 -0.726859 0.0999257
366000 1.36969 -0.728723 0.102613
367000 1.42048 -0.721702 0.107403
368000 1.43591 -0.721339 0.10727
369000 1.37593 -0.7355 0.101008
370000 1.37894 -0.752425 0.100159
371000 1.37823 -0.758582 0.101306
372000 1.38878 -0.724008 0.105706
373000 1.37473 -0.758033 0.100499
374000 1.41549 -0.72392 0.106541
375000 1.40087 -0.797273 0.096055
376000 1.42313 -0.718646 0.110015
377000 1.42606 -0.708585 0.107722
378000 1.38768 -0.712637 0.101
379000 1.35936 -0.712838 0.0964373
380000 1.42019 -0.794201 0.107408
381000 1.40939 -0.799675 0.101566
382000 1.40179 -0.726602 0.10627
383000 1.45104 -0.76609 0.104729
384000 1.40089 -0.695486 0.101717
385000 1.39108 -0.753433 0.100314
386000 1.39119 -0.788253 0.0989296
387000 1.42332 -0.716332 0.103597
388000 1.39942 -0.710886 0.104863
389000 1.41488 -0.759852 0.105
390000 1.41012 -0.782918 0.104232
391000 1.42159 -0.802433 0.105629
392000 1.40171 -0.761545 0.107096
393000 1.41884 -0.72284 0.10595
394000 1.42307 -0.681462 0.10332
395000 1.38423 -0.731222 0.100044
396000 1.3745 -0.648391 0.104223
397000 1.45374 -0.670468 0.116225
398000 1.40737 -0.721231 0.105194
399000 1.40269 -0.723414 0.102192
400000 1.43512 -0.767047 0.109332
401000 1.41687 -0.776015 0.0949333
402000 1.40684 -0.704521 0.105436
403000 1.37906 -0.759094 0.105421
404000 1.43822 -0.740956 0.107916
405000 1.39916 -0.825909 0.102509
406000 1.44708 -0.739714 0.109477
407000 1.39753 -0.755793 0.099611
408000 1.37185 -0.714908 0.105349
409000 1.40639 -0.75317 0.103746
410000 1.39745 -0.692127 0.107309
411000 1.41645 -0.780694 0.10523
412000 1.4502 -0.824796 0.108775
413000 1.39105 -0.784545 0.0999445
414000 1.38509 -0.688911 0.103684
415000 1.39528 -0.721257 0.10713
416000 1.4068 -0.752949 0.102366
417000 1.40657 -0.769373 0.103469
418000 1.3921 -0.734993 0.101315
419000 1.3607 -0.747889 0.0981544
420000 1.43056 -0.776065 0.105036
421000 1.42895 -0.750393 0.101607
422000 1.3976 -0.785451 0.105596
423000 1.41698 -0.790269 0.102155
424000 1.42512 -0.720263 0.106569
425000 1.39604 -0.813072 0.097787
426000 1.40777 -0.842311 0.100229
427000 1.3962 -0.823388 0.100822
428000 1.35643 -0.733401 0.0968835
429000 1.44223 -0.676036 0.113931
430000 1.36731 -0.702007 0.102938
431000 1.37748 -0.742985 0.0979096
432000 1.43204 -0.747244 0.104997
433000 1.40403 -0.757064 0.104838
434000 1.45627 -0.74632 0.106611
435000 1.36019 -0.844695 0.0914907
436000 1.40333 -0.729904 0.103965
437000 1.38181 -0.759879 0.101371
438000 1.37309 -0.758005 0.104136
439000 1.40666 -0.722304 0.105894
440000 1.36284 -0.7719 0.0977889
441000 1.39666 -0.715862 0.102939
442000 1.44157 -0.730763 0.106174
443000 1.3619 -0.704521 0.104232
444000 1.4153 -0.76089 0.101676
445000 1.41301 -0.796936 0.104358
446000 1.37103 -0.799664 0.0994465
447000 1.38429 -0.729637 0.100668
448000 1.38458 -0.71387 0.106037
449000 1.42635 -0.750043 0.105147
450000 1.41534 -0.750295 0.103195
451000 1.38611 -0.875148 0.100101
452000 1.37097 -0.863485 0.0916298
453000 1.39532 -0.779884 0.102707
454000 1.41549 -0.730365 0.107258
455000 1.42244 -0.718954 0.108977
456000 1.37158 -0.737955 0.0983281
457000 1.40039 -0.733745 0.100803
458000 1.35493 -0.742026 0.0947905
459000 1.33814 -0.744178 0.094717
460000 1.42283 -0.694633 0.112178
461000 1.44335 -0.733107 0.11181
462000 1.39702 -0.728157 0.0986799
463000 1.40035 -0.767769 0.100297
464000 1.43104 -0.705973 0.105008
465000 1.40192 -0.724452 0.104327
466000 1.3646 -0.720219 0.099497
467000 1.43857 -0.757975 0.103471
468000 1.37369 -0.752941 0.0991669
469000 1.43459 -0.70023 0.112431
470000 1.36237 -0.73847 0.100849
471000 1.41639 -0.763018 0.104354
472000 1.37597 -0.813718 0.100925
473000 1.40824 -0.816518 0.101535
474000 1.41783 -0.770454 0.108069
475000 1.44098 -0.753564 0.106414
476000 1.37269 -0.743357 0.100506
477000 1.4247 -0.712124 0.107279
478000 1.41052 -0.810717 0.0983066
479000 1.42193 -0.73795 0.104741
480000 1.39317 -0.743752 0.101625
481000 1.36951 -0.757256 0.0993215
482000 1.40406 -0.791197 0.0994878
483000 1.43514 -0.802178 0.10605
484000 1.37359 -0.773835 0.104472
485000 1.38541 -0.885362 0.0942947
486000 1.41023 -0.866373 0.102962
487000 1.4283 -0.750091 0.105732
488000 1.41268 -0.711536 0.105687
489000 1.36663 -0.71308 0.0981858
490000 1.39621 -0.700554 0.102831
491000 1.41799 -0.80067 0.103984
492000 1.39372 -0.784701 0.0982504
493000 1.35637 -0.750343 0.0953799
494000 1.4299 -0.765258 0.103748
495000 1.38339 -0.79669 0.103351
496000 1.38423 -0.77575 0.100376
497000 1.39606 -0.743025 0.104249
498000 1.43657 -0.726917 0.104151
499000 1.39764 -0.794774 0.0952973
500000 1.39552 -0.742653 0.102363
501000 1.41361 -0.788545 0.105606
502000 1.41268 -0.771677 0.108934
503000 1.42327 -0.718503 0.107487
504000 1.38723 -0.824185 0.101276
505000 1.43732 -0.747523 0.103417
506000 1.38681 -0.72121 0.0985415
507000 1.4056 -0.791274 0.1005
508000 1.4113 -0.785868 0.099272
509000 1.35001 -0.798572 0.0962562
510000 1.40916 -0.699651 0.1054
511000 1.42619 -0.765909 0.105799
512000 1.38204 -0.714518 0.102901
513000 1.39155 -0.764097 0.103641
514000 1.37208 -0.758362 0.0963803
515000 1.4584 -0.698236 0.11326
516000 1.39471 -0.714671 0.105046
517000 1.40686 -0.782984 0.109879
518000 1.40701 -0.756545 0.102218
519000 1.35703 -0.757271 0.0984779
520000 1.45433 -0.732141 0.110589
521000 1.40584 -0.684818 0.107205
522000 1.3508 -0.69498 0.0963353
523000 1.43392 -0.699454 0.104512
524000 1.35686 -0.798453 0.0985516
525000 1.42901 -0.80134 0.106648
526000 1.38501 -0.750287 0.0979615
527000 1.40859 -0.699262 0.10495
528000 1.38988 -0.736912 0.102992
529000 1.40563 -0.680214 0.110455
530000 1.37783 -0.675059 0.105814
531000 1.39391 -0.748133 0.0991501
532000 1.45422 -0.708798 0.107116
533000 1.40161 -0.742901 0.103316
534000 1.43965 -0.700439 0.106598
535000 1.40745 -0.769285 0.0977833
536000 1.42846 -0.711487 0.112657
537000 1.4066 -0.694991 0.104787
538000 1.34181 -0.852489 0.0947245
539000 1.39294 -0.815694 0.0961436
540000 1.37383 -0.798644 0.100598
541000 1.37719 -0.726957 0.100804
542000 1.39876 -0.725307 0.108801
543000 1.39294 -0.739083 0.107065
544000 1.42284 -0.768147 0.102179
545000 1.42844 -0.757423 0.103117
546000 1.35673 -0.73947 0.10221
547000 1.41161 -0.717984 0.108068
548000 1.38206 -0.72097 0.102344
549000 1.41005 -0.715343 0.103863
550000 1.35871 -0.780066 0.0985579
551000 1.40072 -0.682814 0.108183
552000 1.367 -0.755644 0.100157
553000 1.42236 -0.777927 0.102986
554000 1.37414 -0.758464 0.102363
555000 1.33645 -0.817778 0.0962547
556000 1.36595 -0.728224 0.0976032
557000 1.42615 -0.747071 0.10788
558000 1.41382 -0.756167 0.103181
559000 1.40772 -0.834128 0.107135
560000 1.35926 -0.73416 0.0962003
561000 1.41044 -0.7353 0.107406
562000 1.40779 -0.703786 0.105844
563000 1.42633 -0.754979 0.107993
564000 1.40075 -0.73648 0.106498
565000 1.40966 -0.777179 0.0965867
566000 1.40348 -0.736234 0.104666
567000 1.39107 -0.830649 0.100552
568000 1.38527 -0.803224 0.101651
569000 1.38701 -0.762404 0.0982949
570000 1.40378 -0.758838 0.100555
571000 1.39266 -0.740111 0.0993705
572000 1.41472 -0.732184 0.10512
573000 1.35551 -0.788862 0.0993687
574000 1.39261 -0.756856 0.101364
575000 1.3684 -0.781509 0.0983093
576000 1.41293 -0.797818 0.107614
577000 1.36159 -0.771748 0.0921131
578000 1.43584 -0.793953 0.104161
579000 1.35746 -0.821349 0.0982823
580000 1.36605 -0.809724 0.100538
581000 1.39636 -0.800337 0.100941
582000 1.349 -0.821654 0.0943386
583000 1.3968 -0.765035 0.10021
584000 1.40664 -0.767773 0.105948
585000 1.41232 -0.80988 0.102312
586000 1.38151 -0.734131 0.106178
587000 1.39731 -0.728696 0.100202
588000 1.38516 -0.795738 0.102788
589000 1.38158 -0.749965 0.096802
590000 1.41934 -0.744339 0.10349
591000 1.39702 -0.726216 0.101138
592000 1.3646 -0.769992 0.0924719
593000 1.40727 -0.747279 0.097834
594000 1.40696 -0.74683 0.107032
595000 1.39771 -0.819369 0.100712
596000 1.4587 -0.764037 0.104157
597000 1.38206 -0.924199 0.0937898
598000 1.42915 -0.781382 0.104724
599000 1.37639 -0.78027 0.0975908
600000 1.38582 -0.769681 0.0998331
601000 1.38896 -0.752573 0.1021
602000 1.40973 -0.739134 0.107241
603000 1.38199 -0.720796 0.105843
604000 1.41069 -0.648053 0.11111
605000 1.42186 -0.711492 0.10972
606000 1.39868 -0.751108 0.109006
607000 1.4214 -0.746894 0.112691
608000 1.43375 -0.731863 0.106698
609000 1.37424 -0.771197 0.0977302
610000 1.43759 -0.728241 0.107773
611000 1.42575 -0.729739 0.112507
612000 1.38841 -0.796155 0.102126
613000 1.41772 -0.728946 0.106397
614000 1.40782 -0.744908 0.104121
615000 1.40061 -0.761082 0.0988943
616000 1.35735 -0.729344 0.0958374
617000 1.38708 -0.713379 0.104685
618000 1.40105 -0.702012 0.101684
619000 1.44044 -0.763608 0.110789
620000 1.38614 -0.760596 0.101726
621000 1.41111 -0.791264 0.10259
622000 1.4257 -0.746923 0.102642
623000 1.4029 -0.798064 0.103421
624000 1.41742 -0.764839 0.108299
625000 1.4502 -0.79664 0.103633
626000 1.39981 -0.796206 0.100171
627000 1.41385 -0.751944 0.100846
628000 1.40775 -0.781966 0.100529
629000 1.41402 -0.78754 0.0998994
630000 1.37768 -0.721376 0.106977
631000 1.40907 -0.743899 0.102604
632000 1.38915 -0.78224 0.100829
633000 1.445 -0.685969 0.111042
634000 1.36089 -0.711113 0.100608
635000 1.40896 -0.755889 0.103364
636000 1.37084 -0.817589 0.0993633
637000 1.42729 -0.752734 0.102893
638000 1.39234 -0.771446 0.0985279
639000 1.3917 -0.721513 0.102988
640000 1.41336 -0.73322 0.10906
641000 1.38796 -0.689705 0.101981
642000 1.42328 -0.751403 0.10136
643000 1.36789 -0.754748 0.0951217
644000 1.37702 -0.772965 0.101788
645000 1.41013 -0.769544 0.100511
646000 1.39965 -0.748384 0.108244
647000 1.36962 -0.745984 0.0991987
648000 1.39311 -0.82052 0.0923922
649000 1.36754 -0.754886 0.101143
650000 1.34483 -0.738778 0.100451
651000 1.38666 -0.687859 0.107937
652000 1.39804 -0.783592 0.100128
653000 1.40686 -0.736279 0.10153
654000 1.40151 -0.778496 0.103397
655000 1.34591 -0.820409 0.0968698
656000 1.42193 -0.663855 0.106533
657000 1.39986 -0.694758 0.105842
658000 1.42991 -0.744236 0.113042
659000 1.42946 -0.809294 0.108642
660000 1.3735 -0.712762 0.096852
661000 1.38305 -0.667749 0.103365
662000 1.43552 -0.682276 0.117175
663000 1.36129 -0.741892 0.0984622
664000 1.43586 -0.718463 0.107928
665000 1.38035 -0.712706 0.107345
666000 1.41046 -0.803302 0.103727
667000 1.42772 -0.728982 0.105635
668000 1.41034 -0.708562 0.103867
669000 1.38788 -0.647919 0.103823
670000 1.39601 -0.736771 0.103679
671000 1.34662 -0.82523 0.0951088
672000 1.37507 -0.792828 0.0979352
673000 1.3915 -0.816778 0.100936
674000 1.431 -0.684088 0.115587
675000 1.4169 -0.825092 0.10509
676000 1.39357 -0.724103 0.101109
677000 1.36556 -0.741979 0.0996481
678000 1.35997 -0.756253 0.0987716
679000 1.39572 -0.720523 0.100262
680000 1.40315 -0.689978 0.109541
681000 1.43477 -0.717758 0.111964
682000 1.3753 -0.749079 0.0940122
683000 1.40402 -0.741688 0.103009
684000 1.4373 -0.741709 0.103579
685000 1.40582 -0.737048 0.103005
686000 1.42516 -0.727456 0.107786
687000 1.4017 -0.715211 0.103012
688000 1.40527 -0.716574 0.106468
689000 1.40382 -0.760001 0.104083
690000 1.39 -0.790042 0.0947466
691000 1.38768 -0.769571 0.0970023
692000 1.40926 -0.729215 0.0974539
693000 1.40755 -0.782027 0.10706
694000 1.38464 -0.70158 0.102754
695000 1.42559 -0.747724 0.107749
696000 1.42575 -0.777276 0.104944
697000 1.40783 -0.715983 0.108698
698000 1.40786 -0.700264 0.110946
699000 1.37355 -0.773623 0.0972935
700000 1.39734 -0.735515 0.0984177
701000 1.4221 -0.739597 0.103777
702000 1.42041 -0.722776 0.108034
703000 1.39749 -0.733273 0.0999118
704000 1.39261 -0.835416 0.100453
705000 1.36832 -0.737618 0.105538
706000 1.38689 -0.692512 0.101513
707000 1.41675 -0.673095 0.108361
708000 1.39105 -0.754627 0.103285
709000 1.39138 -0.729085 0.101242
710000 1.39415 -0.741271 0.10042
711000 1.38024 -0.724093 0.0991227
712000 1.4302 -0.700178 0.108907
713000 1.38951 -0.721453 0.103489
714000 1.39348 -0.794606 0.102696
715000 1.41106 -0.811232 0.0983129
716000 1.41719 -0.724815 0.104979
717000 1.40638 -0.775769 0.102497
718000 1.3736 -0.803664 0.0996176
719000 1.40219 -0.695247 0.101509
720000 1.44026 -0.7704 0.109172
721000 1.39808 -0.745663 0.10367
722000 1.43569 -0.689188 0.116751
723000 1.39466 -0.773049 0.103378
724000 1.42714 -0.761261 0.105394
725000 1.3923 -0.73198 0.103302
726000 1.38153 -0.736082 0.100041
727000 1.36561 -0.756152 0.096917
728000 1.41575 -0.74524 0.102976
729000 1.37632 -0.73885 0.10059
730000 1.43162 -0.656239 0.105936
731000 1.38832 -0.70689 0.102798
732000 1.37571 -0.720246 0.102032
733000 1.37696 -0.740121 0.101201
734000 1.4418 -0.76623 0.107978
735000 1.36823 -0.74659 0.0961703
736000 1.38693 -0.78113 0.0985304
737000 1.44281 -0.759948 0.105268
738000 1.35576 -0.749928 0.0980046
739000 1.40506 -0.765756 0.101913
740000 1.34938 -0.784245 0.0965216
741000 1.40542 -0.721653 0.10377
742000 1.34947 -0.781784 0.0924796
743000 1.41431 -0.758365 0.101869
744000 1.40205 -0.748977 0.102625
745000 1.38005 -0.701477 0.105632
746000 1.38915 -0.694717 0.104136
747000 1.40357 -0.718944 0.102559
748000 1.42978 -0.727645 0.10789
749000 1.42346 -0.730021 0.102112
750000 1.33635 -0.746987 0.092962
751000 1.42093 -0.782287 0.103807
752000 1.40792 -0.744895 0.105636
753000 1.36347 -0.747427 0.10236
754000 1.43204 -0.702561 0.106745
755000 1.33719 -0.774907 0.0938895
756000 1.42352 -0.71276 0.105488
757000 1.40691 -0.737862 0.109578
758000 1.36384 -0.772316 0.101938
759000 1.39735 -0.826533 0.106471
760000 1.37982 -0.753637 0.104721
761000 1.39506 -0.699791 0.105012
762000 1.40946 -0.728174 0.108012
763000 1.4407 -0.728754 0.107907
764000 1.37974 -0.730592 0.104227
765000 1.38003 -0.766585 0.0973617
766000 1.35653 -0.783795 0.0939577
767000 1.39497 -0.790205 0.104282
768000 1.37396 -0.742697 0.0962923
769000 1.43638 -0.708816 0.106315
770000 1.37482 -0.763425 0.096403
771000 1.36855 -0.75936 0.104281
772000 1.40298 -0.733072 0.108624
773000 1.43822 -0.757313 0.10807
774000 1.42226 -0.758683 0.107475
775000 1.37825 -0.734767 0.104109
776000 1.44564 -0.668001 0.111475
777000 1.35191 -0.749326 0.0943858
778000 1.41111 -0.78214 0.103086
779000 1.43905 -0.753762 0.106893
780000 1.41238 -0.752018 0.107673
781000 1.39776 -0.903496 0.0957088
782000 1.3478 -0.81728 0.0950656
783000 1.42438 -0.744907 0.114456
784000 1.38244 -0.770795 0.101059
785000 1.41749 -0.728236 0.101314
786000 1.39956 -0.723871 0.106797
787000 1.3649 -0.799091 0.0945445
788000 1.41204 -0.784825 0.10255
789000 1.36904 -0.763825 0.0973085
790000 1.41132 -0.745755 0.107811
791000 1.44677 -0.723618 0.107816
792000 1.42852 -0.750386 0.10862
793000 1.36188 -0.739095 0.0999138
794000 1.45037 -0.734496 0.108841
795000 1.4403 -0.740268 0.106184
796000 1.36922 -0.762883 0.101103
797000 1.43343 -0.74624 0.112582
798000 1.40721 -0.918991 0.101438
799000 1.38581 -0.800995 0.099553
800000 1.42435 -0.733053 0.108229
801000 1.39859 -0.744063 0.0984819
802000 1.43233 -0.758609 0.103574
803000 1.36809 -0.723763 0.0979031
804000 1.4465 -0.732682 0.113923
805000 1.38284 -0.774603 0.0967356
806000 1.40243 -0.717468 0.107133
807000 1.44276 -0.731035 0.110108
808000 1.41894 -0.730184 0.109549
809000 1.38649 -0.734299 0.0997328
810000 1.37251 -0.726358 0.102027
811000 1.45642 -0.733538 0.110166
812000 1.38082 -0.719274 0.0971182
813000 1.4362 -0.697151 0.111569
814000 1.33487 -0.781732 0.0974387
815000 1.41781 -0.823448 0.0942599
816000 1.40733 -0.803432 0.102327
817000 1.42065 -0.670114 0.108637
818000 1.42117 -0.717817 0.107657
819000 1.39779 -0.730076 0.104691
820000 1.40441 -0.736915 0.105153
821000 1.37955 -0.703501 0.09841
822000 1.41845 -0.715547 0.112911
823000 1.37882 -0.742072 0.101022
824000 1.37991 -0.754529 0.103223
825000 1.37083 -0.735854 0.101242
826000 1.41528 -0.786788 0.102791
827000 1.36585 -0.77891 0.0952497
828000 1.4048 -0.724691 0.100307
829000 1.35002 -0.72776 0.0985663
830000 1.41091 -0.780281 0.105097
831000 1.41263 -0.856108 0.104071
832000 1.35412 -0.70145 0.0977887
833000 1.44544 -0.770387 0.108052
834000 1.37172 -0.764256 0.0998384
835000 1.39464 -0.736135 0.104432
836000 1.36845 -0.788769 0.100526
837000 1.39091 -0.778838 0.100317
838000 1.4079 -0.71066 0.105215
839000 1.4027 -0.707063 0.100787
840000 1.36061 -0.781686 0.103826
841000 1.41135 -0.741776 0.104694
842000 1.42463 -0.813345 0.104458
843000 1.40081 -0.765767 0.100623
844000 1.38197 -0.785911 0.0986746
845000 1.38392 -0.790773 0.0990629
846000 1.41801 -0.761464 0.104787
847000 1.39338 -0.734204 0.106818
848000 1.39898 -0.685048 0.112864
849000 1.36979 -0.7101 0.103006
850000 1.43428 -0.721338 0.107403
851000 1.37927 -0.738156 0.101393
852000 1.41045 -0.737702 0.101428
853000 1.38756 -0.733945 0.107372
854000 1.39644 -0.69246 0.101106
855000 1.45459 -0.738641 0.109663
856000 1.37939 -0.767502 0.0991195
857000 1.38493 -0.740939 0.100853
858000 1.41859 -0.695766 0.104413
859000 1.36002 -0.754456 0.0997222
860000 1.36983 -0.81385 0.0947387
861000 1.4324 -0.832348 0.104768
862000 1.38349 -0.762107 0.103832
863000 1.40111 -0.780027 0.102147
864000 1.42958 -0.75188 0.105025
865000 1.39499 -0.828154 0.0996024
866000 1.34471 -0.732143 0.0922058
867000 1.41861 -0.754274 0.102246
868000 1.42895 -0.768084 0.108991
869000 1.39829 -0.734312 0.0997387
870000 1.42532 -0.70568 0.10594
871000 1.4002 -0.780859 0.103035
872000 1.36784 -0.783038 0.0997835
873000 1.3633 -0.77265 0.0972827
874000 1.43344 -0.677049 0.110747
875000 1.43321 -0.707749 0.103089
876000 1.40666 -0.696983 0.106817
877000 1.42336 -0.724168 0.106426
878000 1.41239 -0.861085 0.0971242
879000 1.42824 -0.787358 0.107815
880000 1.39529 -0.71004 0.108479
881000 1.37663 -0.852547 0.0993103
882000 1.41778 -0.725093 0.109986
883000 1.38665 -0.781494 0.102624
884000 1.39782 -0.78488 0.103664
885000 1.39937 -0.743145 0.104386
886000 1.36478 -0.767476 0.0964873
887000 1.45398 -0.717699 0.108949
888000 1.41013 -0.728457 0.107049
889000 1.36697 -0.793901 0.0935245
890000 1.39589 -0.738336 0.105391
891000 1.34137 -0.762752 0.0932459
892000 1.41095 -0.790472 0.108407
893000 1.3991 -0.797019 0.103948
894000 1.35652 -0.736875 0.101066
895000 1.43328 -0.811918 0.104774
896000 1.44025 -0.756368 0.106347
897000 1.39414 -0.713333 0.096247
898000 1.42291 -0.766274 0.111487
899000 1.37705 -0.768757 0.0968277
900000 1.41789 -0.75935 0.0992239
901000 1.43091 -0.819566 0.100158
902000 1.40186 -0.790335 0.099217
903000 1.41853 -0.712831 0.10948
904000 1.36605 -0.760141 0.100155
905000 1.41039 -0.763216 0.104108
906000 1.38604 -0.82169 0.0998186
907000 1.43488 -0.74245 0.10712
908000 1.35962 -0.793523 0.0934073
909000 1.38196 -0.814994 0.100184
910000 1.41451 -0.740924 0.106143
911000 1.3721 -0.709057 0.0992918
912000 1.37813 -0.782063 0.0930626
913000 1.3774 -0.832498 0.096464
914000 1.43558 -0.746131 0.108194
915000 1.42952 -0.684206 0.105617
916000 1.37922 -0.779564 0.0942741
917000 1.39646 -0.803633 0.0958453
918000 1.4088 -0.763005 0.103757
919000 1.38051 -0.768656 0.0979727
920000 1.40053 -0.704796 0.106764
921000 1.37755 -0.678307 0.0993234
922000 1.37066 -0.701258 0.101311
923000 1.39639 -0.812121 0.102151
924000 1.4043 -0.728539 0.101599
925000 1.36831 -0.670658 0.105954
926000 1.37341 -0.689022 0.102449
927000 1.43026 -0.754089 0.0970381
928000 1.42397 -0.800801 0.101076
929000 1.42467 -0.796365 0.107715
930000 1.43243 -0.788611 0.107463
931000 1.44587 -0.820939 0.0992842
932000 1.37025 -0.783642 0.0982845
933000 1.42165 -0.74413 0.103751
934000 1.41043 -0.778412 0.104165
935000 1.39348 -0.791064 0.105892
936000 1.39474 -0.84577 0.0972203
937000 1.367 -0.813316 0.0945094
938000 1.42007 -0.810886 0.10492
939000 1.4288 -0.7221 0.112838
940000 1.38025 -0.744535 0.10234
941000 1.38205 -0.697119 0.108442
942000 1.39648 -0.768869 0.104529
943000 1.37668 -0.726785 0.0955608
944000 1.42953 -0.733026 0.103825
945000 1.36597 -0.786981 0.0916157
946000 1.456 -0.828997 0.107806
947000 1.391 -0.746423 0.101734
948000 1.41055 -0.765175 0.106968
949000 1.41695 -0.676816 0.105606
950000 1.40563 -0.760439 0.100551
951000 1.37093 -0.787172 0.103889
952000 1.36585 -0.795449 0.0969249
953000 1.43921 -0.806784 0.103126
954000 1.46071 -0.740552 0.105726
955000 1.37176 -0.726397 0.100993
956000 1.34804 -0.75556 0.0984426
957000 1.43811 -0.752147 0.110746
958000 1.42582 -0.72951 0.108037
959000 1.41973 -0.711813 0.107378
960000 1.40714 -0.744522 0.101062
961000 1.42439 -0.78382 0.102408
962000 1.3868 -0.946921 0.0980647
963000 1.37784 -0.838917 0.0978522
964000 1.37648 -0.764 0.102871
965000 1.39682 -0.774425 0.102888
966000 1.40891 -0.678629 0.107894
967000 1.41555 -0.725315 0.100633
968000 1.39567 -0.675755 0.111145
969000 1.39347 -0.66788 0.105986
970000 1.37303 -0.708367 0.105169
971000 1.3707 -0.670469 0.104291
972000 1.42775 -0.716417 0.109787
973000 1.39391 -0.749291 0.103357
974000 1.38472 -0.751032 0.101375
975000 1.41762 -0.755397 0.103407
976000 1.41164 -0.743145 0.101474
977000 1.42316 -0.787572 0.102365
978000 1.38067 -0.719849 0.101792
979000 1.41538 -0.729344 0.111036
980000 1.3905 -0.759452 0.104317
981000 1.43179 -0.728423 0.107139
982000 1.37421 -0.754844 0.10125
983000 1.41406 -0.775375 0.106692
984000 1.41243 -0.743743 0.104593
985000 1.37498 -0.746515 0.0988609
986000 1.44689 -0.741289 0.10728
987000 1.42183 -0.810034 0.104514
988000 1.38101 -0.778824 0.0977878
989000 1.38861 -0.78339 0.101071
990000 1.44363 -0.775335 0.103805
991000 1.36511 -0.735099 0.0940075
992000 1.40229 -0.757184 0.0997263
993000 1.36194 -0.754473 0.0963566
994000 1.42843 -0.726807 0.110714
995000 1.36206 -0.726275 0.095692
996000 1.43786 -0.698798 0.113436
997000 1.38655 -0.740719 0.100791
998000 1.39023 -0.792192 0.102319
999000 1.42314 -0.831799 0.102027
1000000 1.38623 -0.817415 0.0983058
1001000 1.43638 -0.813923 0.107555
1002000 1.41833 -0.757584 0.0962799
1003000 1.42436 -0.781278 0.105063
1004000 1.41781 -0.787127 0.106412
1005000 1.37964 -0.71707 0.104449
1006000 1.38369 -0.740631 0.0964114
1007000 1.42713 -0.805351 0.1049
1008000 1.43623 -0.791844 0.104094
1009000 1.39821 -0.697018 0.10692
1010000 1.35905 -0.715743 0.0986798
1011000 1.44658 -0.717266 0.105889
1012000 1.41518 -0.736994 0.105023
1013000 1.37164 -0.708687 0.100255
1014000 1.40701 -0.737071 0.109939
1015000 1.42416 -0.673479 0.107236
1016000 1.41035 -0.70343 0.104748
1017000 1.44251 -0.744175 0.11095
1018000 1.42633 -0.822177 0.0972185
1019000 1.38409 -0.751561 0.105436
1020000 1.37814 -0.68995 0.105155
1021000 1.39997 -0.712216 0.110113
1022000 1.38717 -0.766061 0.10137
1023000 1.4361 -0.738901 0.109575
1024000 1.39879 -0.764281 0.101744
1025000 1.37237 -0.731812 0.105325
1026000 1.3799 -0.698137 0.107608
1027000 1.41162 -0.766033 0.103871
1028000 1.40565 -0.746103 0.106113
1029000 1.34385 -0.701606 0.100111
1030000 1.44947 -0.717176 0.113342
1031000 1.42381 -0.700281 0.105425
1032000 1.45836 -0.735721 0.11429
1033000 1.34365 -0.807154 0.0914781
1034000 1.37834 -0.770556 0.101883
1035000 1.40317 -0.796038 0.10585
1036000 1.39989 -0.785654 0.102567
1037000 1.4039 -0.772856 0.100942
1038000 1.35314 -0.789369 0.0921417
1039000 1.39556 -0.786554 0.0999049
1040000 1.40786 -0.709416 0.108197
1041000 1.4088 -0.736233 0.0995575
1042000 1.40619 -0.745208 0.107789
1043000 1.40722 -0.774792 0.102056
1044000 1.42205 -0.700098 0.113796
1045000 1.42271 -0.793649 0.106425
1046000 1.38276 -0.737044 0.101683
1047000 1.38105 -0.820115 0.098203
1048000 1.39555 -0.787907 0.102981
1049000 1.45644 -0.687025 0.109827
1050000 1.41936 -0.735734 0.111652
1051000 1.36093 -0.744457 0.0999258
1052000 1.43277 -0.693845 0.108274
1053000 1.39177 -0.699937 0.105047
1054000 1.42444 -0.729621 0.105621
1055000 1.37527 -0.807399 0.101066
1056000 1.39603 -0.791138 0.102073
1057000 1.37901 -0.772587 0.101178
1058000 1.43501 -0.784491 0.103253
1059000 1.36237 -0.761444 0.100801
1060000 1.45171 -0.740925 0.109237
1061000 1.39892 -0.746203 0.0972721
1062000 1.37307 -0.745009 0.104358
1063000 1.41177 -0.778078 0.0988855
1064000 1.40943 -0.749063 0.100921
1065000 1.39709 -0.740836 0.101583
1066000 1.4179 -0.764069 0.101889
1067000 1.37055 -0.790456 0.0943464
1068000 1.3956 -0.781301 0.106375
1069000 1.38879 -0.747439 0.0989792
1070000 1.36846 -0.789123 0.0992747
1071000 1.36218 -0.799783 0.0954838
1072000 1.40358 -0.749076 0.102056
1073000 1.39704 -0.778565 0.102391
1074000 1.45173 -0.799148 0.104006
1075000 1.35092 -0.802879 0.0956197
1076000 1.38604 -0.756969 0.099871
1077000 1.42261 -0.742485 0.104297
1078000 1.39555 -0.762933 0.103609
1079000 1.4037 -0.757866 0.0980036
1080000 1.4052 -0.75359 0.104692
1081000 1.39086 -0.781798 0.0971034
1082000 1.41196 -0.709808 0.107067
1083000 1.43621 -0.685253 0.110925
1084000 1.40283 -0.722604 0.103039
1085000 1.34246 -0.763397 0.0935918
1086000 1.42962 -0.719277 0.108865
1087000 1.39612 -0.739363 0.104007
1088000 1.42759 -0.719428 0.100724
1089000 1.40303 -0.77753 0.0955415
1090000 1.37713 -0.796554 0.0973739
1091000 1.40756 -0.72123 0.106943
1092000 1.35743 -0.845728 0.097691
1093000 1.38111 -0.784422 0.093219
1094000 1.35765 -0.737068 0.101768
1095000 1.37871 -0.756232 0.104497
1096000 1.43926 -0.770339 0.102769
1097000 1.3727 -0.789268 0.0997461
1098000 1.42747 -0.826192 0.102656
1099000 1.40995 -0.781455 0.103458
1100000 1.42388 -0.716975 0.106331
