# Time-averaged data for fix 2
# TimeStep v_Temperature v_PotentialEnergy v_Pressure
1000 1.10072 -0.874334 0.0644331
2000 1.10345 -0.734619 0.0686918
3000 1.09037 -0.844718 0.0661942
4000 1.10922 -0.824701 0.0682609
5000 1.07926 -0.784932 0.0659714
6000 1.11893 -0.952621 0.0683377
7000 1.08507 -0.82075 0.0657999
8000 1.10464 -0.753378 0.0686493
9000 1.07853 -0.792074 0.0664984
10000 1.09647 -0.875044 0.0642338
11000 1.12827 -0.748875 0.0762328
12000 1.12743 -0.764332 0.0708389
13000 1.06098 -0.841151 0.0655976
14000 1.11833 -1.09122 0.056362
15000 1.0536 -1.30836 0.0499109
16000 1.11004 -1.06127 0.0625256
17000 1.08107 -0.942236 0.061292
18000 1.13812 -0.721886 0.0734914
19000 1.08533 -0.869324 0.0633758
20000 1.12022 -0.887063 0.0665968
21000 1.08174 -0.869268 0.0590045
22000 1.0694 -0.852653 0.065506
23000 1.10112 -0.892033 0.059536
24000 1.10699 -0.889607 0.0603885
25000 1.06963 -0.873143 0.0602752
26000 1.11787 -0.865092 0.0646058
27000 1.0748 -0.963811 0.0583961
28000 1.08088 -0.968814 0.0604292
29000 1.0848 -0.917332 0.0568283
30000 1.08185 -0.940833 0.058875
31000 1.12649 -0.835951 0.0604046
32000 1.0793 -0.875012 0.0610019
33000 1.09637 -0.839404 0.0638514
34000 1.07112 -0.900836 0.0563578
35000 1.13492 -0.858307 0.0713511
36000 1.078 -0.927439 0.0623703
37000 1.08951 -0.92203 0.0597146
38000 1.07674 -0.883005 0.0587819
39000 1.07767 -0.813069 0.0621371
40000 1.09553 -0.89975 0.0587554
41000 1.10373 -0.893541 0.0629486
42000 1.11669 -0.814498 0.0659518
43000 1.09177 -0.870285 0.0670775
44000 1.10097 -0.923842 0.0601923
45000 1.10232 -0.888368 0.059464
46000 1.09742 -0.875828 0.0651614
47000 1.13321 -0.891953 0.0661432
48000 1.08072 -0.850501 0.0641314
49000 1.13734 -0.813469 0.0659335
50000 1.07962 -0.881922 0.0619111
51000 1.11253 -0.91284 0.0622669
52000 1.08102 -0.815854 0.0617882
53000 1.09608 -0.850006 0.0627456
54000 1.10757 -0.839153 0.0634298
55000 1.10585 -0.899047 0.0624568
56000 1.08659 -0.867316 0.0580876
57000 1.12266 -0.829896 0.0729625
58000 1.06466 -0.831648 0.0631399
59000 1.09988 -0.817111 0.0644831
60000 1.12109 -0.813074 0.0706318
61000 1.09355 -0.913238 0.0548919
62000 1.1058 -0.811333 0.0688762
63000 1.11689 -0.818133 0.0656516
64000 1.10954 -0.751052 0.0675909
65000 1.06562 -0.828007 0.0635286
66000 1.09572 -0.763395 0.067794
67000 1.1213 -0.800763 0.0705725
68000 1.10645 -0.91093 0.0625956
69000 1.08084 -0.881428 0.0621977
70000 1.10273 -0.82437 0.0694356
71000 1.12839 -0.825448 0.067326
72000 1.10866 -0.800965 0.0653474
73000 1.06569 -0.813321 0.0654896
74000 1.09489 -0.819221 0.0660772
75000 1.06717 -0.74268 0.0677078
76000 1.11919 -0.746311 0.0705231
77000 1.09787 -0.822816 0.065028
78000 1.09644 -0.831269 0.0679813
79000 1.10309 -0.884499 0.0620515
80000 1.09292 -0.853883 0.0649405
81000 1.12636 -0.82937 0.0695176
82000 1.10493 -0.915565 0.0630261
83000 1.07516 -0.854246 0.0615494
84000 1.07802 -0.989091 0.0606267
85000 1.13002 -0.906551 0.0676114
86000 1.08026 -0.970877 0.0621206
87000 1.057 -0.966061 0.0524636
88000 1.09106 -1.14402 0.0521355
89000 1.12271 -1.00229 0.0623445
90000 1.1083 -1.32619 0.0575598
91000 1.10946 -1.13262 0.0656188
92000 1.10038 -0.896141 0.0641183
93000 1.08011 -0.844283 0.0647655
94000 1.09192 -0.963125 0.0603575
95000 1.07748 -0.781453 0.0680272
96000 1.11708 -0.89818 0.0641731
97000 1.13099 -0.961069 0.0648763
98000 1.0535 -0.949417 0.0535045
99000 1.09726 -0.831942 0.0631177
100000 1.07076 -0.914726 0.0581593
101000 1.11127 -0.941095 0.0613757
102000 1.05776 -0.94932 0.0520635
103000 1.1086 -0.974799 0.0604603
104000 1.10173 -0.908902 0.0597136
105000 1.13411 -0.982712 0.0652839
106000 1.08171 -0.856937 0.0605347
107000 1.11597 -0.964424 0.0632248
108000 1.11825 -0.968448 0.0613005
109000 1.09733 -0.877734 0.0578616
110000 1.09106 -0.952484 0.0604234
111000 1.13938 -1.09359 0.0592068
112000 1.12568 -0.982462 0.0622936
113000 1.08775 -0.926073 0.059828
114000 1.1198 -0.896386 0.0646537
115000 1.08011 -0.854911 0.0626709
116000 1.13456 -0.829284 0.0686567
117000 1.05208 -0.867452 0.0603525
118000 1.12964 -0.886991 0.0687984
119000 1.1343 -0.815419 0.0701318
120000 1.1254 -0.871785 0.0636141
121000 1.09532 -0.832914 0.0623677
122000 1.11082 -0.86775 0.0658721
123000 1.12004 -0.815733 0.0683898
124000 1.1077 -0.813848 0.067024
125000 1.09395 -0.88153 0.0664217
126000 1.10565 -0.86403 0.0646281
127000 1.08822 -0.872067 0.0620616
128000 1.11852 -0.797014 0.0701334
129000 1.10842 -0.778689 0.0663143
130000 1.09475 -0.879211 0.0635485
131000 1.08571 -0.84296 0.0603699
132000 1.10127 -0.827851 0.064106
133000 1.12105 -0.812267 0.0654991
134000 1.11683 -0.855551 0.0653376
135000 1.08232 -0.900209 0.0557063
136000 1.12965 -0.877206 0.0686804
137000 1.13829 -0.766785 0.065126
138000 1.08098 -0.775467 0.0671289
139000 1.08816 -0.746227 0.0664385
140000 1.15971 -0.911218 0.0660949
141000 1.04158 -0.881166 0.0573494
142000 1.11084 -0.864455 0.0708853
143000 1.11548 -0.854787 0.067066
144000 1.05827 -0.861678 0.0634031
145000 1.12009 -0.871453 0.0658896
146000 1.10541 -0.887841 0.0671848
147000 1.07627 -0.788672 0.0634229
148000 1.09944 -0.802823 0.0650724
149000 1.11588 -0.850991 0.0652228
150000 1.10354 -0.909487 0.0645133
151000 1.09292 -0.885624 0.0618782
152000 1.07604 -0.959106 0.0560523
153000 1.09513 -0.8827 0.0605213
154000 1.14291 -0.781159 0.0778305
155000 1.10289 -0.821379 0.0703319
156000 1.06316 -0.868286 0.064049
157000 1.12547 -0.900212 0.0651081
158000 1.1028 -0.905538 0.0655939
159000 1.07825 -0.899648 0.0634145
160000 1.08007 -0.946333 0.0596713
161000 1.11685 -0.974305 0.0600939
162000 1.11417 -0.853021 0.0653892
163000 1.10509 -0.89651 0.0624322
164000 1.11776 -0.829383 0.0678491
165000 1.11115 -0.756491 0.0665391
166000 1.07608 -0.870264 0.0562818
167000 1.08183 -0.932741 0.0664892
168000 1.07929 -0.857442 0.0619691
169000 1.12296 -0.885126 0.0675739
170000 1.0616 -0.868139 0.0593546
171000 1.14154 -0.78499 0.0736012
172000 1.07595 -0.854413 0.0640955
173000 1.0865 -0.790565 0.0675161
174000 1.05267 -0.797794 0.0613956
175000 1.08828 -0.86369 0.0571433
176000 1.14067 -0.814046 0.0713067
177000 1.1093 -0.8944 0.0674239
178000 1.10096 -0.934708 0.0650927
179000 1.10539 -0.8081 0.0657433
180000 1.07501 -0.861519 0.0565227
181000 1.09483 -0.910409 0.0634505
182000 1.06844 -0.881515 0.0617576
183000 1.11984 -0.92017 0.0616857
184000 1.09389 -0.941656 0.060545
185000 1.12576 -0.966004 0.0581923
186000 1.15947 -0.792272 0.0671845
187000 1.10538 -0.846262 0.0651406
188000 1.11689 -0.876209 0.0687393
189000 1.1146 -0.88245 0.066802
190000 1.08144 -0.849796 0.0652616
191000 1.08974 -0.833332 0.0701631
192000 1.12275 -0.841962 0.0724692
193000 1.09275 -0.795584 0.0655781
194000 1.07486 -0.859347 0.061874
195000 1.09259 -0.821956 0.0624396
196000 1.11427 -0.856064 0.067805
197000 1.11593 -0.840059 0.0643614
198000 1.10009 -0.807993 0.0633259
199000 1.09093 -0.891883 0.0624182
200000 1.10359 -0.849621 0.0677292
201000 1.08026 -0.851776 0.0629601
202000 1.13557 -0.897853 0.0650148
203000 1.11852 -0.921729 0.0663327
204000 1.09207 -0.931098 0.0609989
205000 1.11946 -0.969369 0.0620628
206000 1.07731 -0.882339 0.0595882
207000 1.08152 -0.855479 0.0672136
208000 1.10371 -0.900826 0.0640859
209000 1.11257 -0.95327 0.0615661
210000 1.14247 -0.916718 0.069391
211000 1.04888 -0.938513 0.0624783
212000 1.10972 -0.781074 0.0720572
213000 1.0976 -0.893913 0.063916
214000 1.10911 -0.971806 0.0656671
215000 1.09623 -0.964618 0.0594249
216000 1.0898 -0.929396 0.0614616
217000 1.08375 -0.880226 0.065546
218000 1.10492 -0.916517 0.0643276
219000 1.07128 -0.810913 0.0619899
220000 1.08777 -0.948163 0.0572369
221000 1.09074 -0.881286 0.0632437
222000 1.09098 -0.824104 0.0659908
223000 1.08942 -0.766655 0.0674757
224000 1.13068 -0.799208 0.0734165
225000 1.071 -0.808051 0.0600001
226000 1.09523 -0.824516 0.0664207
227000 1.11966 -0.86001 0.0643807
228000 1.08616 -0.926577 0.0580366
229000 1.10631 -0.862683 0.0625028
230000 1.07715 -0.910186 0.0570472
231000 1.09046 -0.852545 0.0669306
232000 1.13474 -0.820474 0.0655116
233000 1.10052 -0.843207 0.0675097
234000 1.08316 -0.880316 0.0597455
235000 1.06729 -0.860314 0.0599805
236000 1.13108 -0.811042 0.0740458
237000 1.09653 -0.947152 0.0589424
238000 1.10931 -0.910197 0.0634333
239000 1.07548 -0.951121 0.0624953
240000 1.0844 -0.881175 0.0665657
241000 1.08871 -0.87681 0.0631902
242000 1.09323 -0.806046 0.0677046
243000 1.08106 -0.825272 0.0677752
244000 1.10926 -0.753078 0.068098
245000 1.09338 -0.807042 0.0624259
246000 1.09206 -0.798516 0.0658036
247000 1.09832 -0.849824 0.0604544
248000 1.10569 -0.853847 0.0634089
249000 1.09703 -0.83979 0.0644398
250000 1.14519 -0.83644 0.0737274
251000 1.07732 -0.910848 0.0583915
252000 1.07462 -1.05904 0.0555881
253000 1.08244 -1.18737 0.0504687
254000 1.11554 -1.02907 0.0636843
255000 1.11481 -1.05078 0.0647815
256000 1.08238 -1.03561 0.0553144
257000 1.12642 -1.00218 0.0622201
258000 1.06592 -0.84942 0.057583
259000 1.08697 -0.888797 0.0647832
260000 1.13646 -0.871092 0.0651753
261000 1.1165 -0.930444 0.0619878
262000 1.08727 -1.02202 0.0572151
263000 1.06405 -0.852332 0.0627526
264000 1.14065 -0.770808 0.0696846
265000 1.08558 -0.788751 0.0654742
266000 1.06694 -0.923667 0.0621699
267000 1.09767 -0.871635 0.0670064
268000 1.10973 -0.821639 0.068023
269000 1.12951 -0.87942 0.069552
270000 1.11594 -0.915089 0.0633666
271000 1.11997 -0.864394 0.0662109
272000 1.09409 -0.88408 0.0663683
273000 1.11721 -0.892393 0.0606025
274000 1.12417 -0.845141 0.0719801
275000 1.07655 -0.863227 0.0612897
276000 1.12112 -0.870587 0.0697236
277000 1.11272 -0.815954 0.0663003
278000 1.09016 -0.86921 0.0593054
279000 1.1283 -0.87155 0.0576037
280000 1.13729 -0.868483 0.0657466
281000 1.0598 -0.817618 0.0671456
282000 1.09464 -0.907614 0.0654057
283000 1.09368 -0.747649 0.0652004
284000 1.13543 -0.776183 0.0752067
285000 1.10635 -0.897922 0.0678236
286000 1.14333 -0.876054 0.0685327
287000 1.10134 -0.983089 0.0590592
288000 1.1048 -0.982403 0.0537091
289000 1.10976 -1.04052 0.0570147
290000 1.05994 -0.91551 0.0575222
291000 1.08356 -0.882973 0.0650035
292000 1.12549 -0.938881 0.0657822
293000 1.13217 -0.818406 0.0661013
294000 1.12504 -0.930888 0.0697675
295000 1.07578 -0.952094 0.058993
296000 1.12231 -0.867235 0.0671241
297000 1.0939 -0.828625 0.0668802
298000 1.06639 -0.884936 0.0559621
299000 1.15 -0.888885 0.0663117
300000 1.09906 -0.972621 0.0601078
301000 1.09473 -0.937682 0.0593565
302000 1.13173 -0.7804 0.0722129
303000 1.0893 -0.897314 0.0591583
304000 1.08662 -0.954331 0.0611207
305000 1.12042 -0.825854 0.0687366
306000 1.07483 -0.828187 0.0652035
307000 1.14481 -0.897991 0.0680856
308000 1.13064 -0.899616 0.0693869
309000 1.10574 -0.919937 0.0653844
310000 1.06405 -0.938764 0.0611193
311000 1.11302 -0.949507 0.06011
312000 1.07445 -1.00801 0.0572084
313000 1.1151 -0.969702 0.0637905
314000 1.05807 -0.966535 0.0605438
315000 1.10756 -0.820019 0.0692361
316000 1.09876 -0.876752 0.0636632
317000 1.04957 -0.855533 0.0579607
318000 1.12251 -0.830251 0.0687112
319000 1.09314 -0.770919 0.0638854
320000 1.09693 -0.834969 0.0643229
321000 1.10675 -0.766083 0.0709717
322000 1.10548 -0.856671 0.067128
323000 1.06627 -1.02737 0.0559986
324000 1.0798 -0.981836 0.0564106
325000 1.12483 -0.859194 0.0659194
326000 1.09048 -0.790994 0.0675005
327000 1.07845 -0.823412 0.0605252
328000 1.10749 -0.910189 0.0625587
329000 1.08766 -1.0623 0.0584551
330000 1.10288 -1.04608 0.0574528
331000 1.10681 -0.921816 0.0606013
332000 1.0917 -0.824665 0.0629318
333000 1.111 -0.882531 0.066201
334000 1.08968 -0.921776 0.0607764
335000 1.1259 -0.829495 0.0664218
336000 1.10088 -0.833629 0.0614372
337000 1.0838 -0.850282 0.0634207
338000 1.1085 -0.816808 0.0649921
339000 1.11588 -0.909031 0.0610623
340000 1.08287 -1.02376 0.0519974
341000 1.09701 -1.03729 0.0620101
342000 1.09036 -0.984067 0.0614559
343000 1.07188 -0.888401 0.0609054
344000 1.09678 -0.892835 0.0625232
345000 1.09961 -0.888431 0.0639666
346000 1.13677 -0.873845 0.0680878
347000 1.08225 -0.880277 0.0581084
348000 1.09095 -0.848148 0.0647824
349000 1.10392 -0.911754 0.0599378
350000 1.06115 -0.866242 0.0578594
351000 1.12579 -0.883166 0.0634335
352000 1.09281 -0.796955 0.0607
353000 1.07105 -0.833367 0.0671859
354000 1.10959 -0.824791 0.0713315
355000 1.06776 -0.824141 0.0618379
356000 1.13553 -0.907481 0.0658845
357000 1.07213 -0.909182 0.0608837
358000 1.07693 -0.856711 0.0679863
359000 1.12545 -0.821289 0.0717024
360000 1.09211 -0.886479 0.0674932
361000 1.07149 -1.04068 0.0580846
362000 1.1466 -0.890234 0.0657367
363000 1.05581 -0.831473 0.0592999
364000 1.11365 -0.839829 0.0644556
365000 1.1094 -0.944614 0.0618685
366000 1.0966 -0.878479 0.0611989
367000 1.12911 -0.865061 0.0697556
368000 1.07281 -0.906278 0.0611875
369000 1.10815 -0.85842 0.0627248
370000 1.0873 -0.832165 0.0667081
371000 1.08623 -0.843105 0.0670668
372000 1.08917 -0.845316 0.0681634
373000 1.08899 -0.858883 0.0650161
374000 1.08652 -0.840155 0.0664897
375000 1.06442 -0.888455 0.0584381
376000 1.09705 -0.903685 0.0675461
377000 1.10035 -0.974099 0.0614929
378000 1.10699 -0.974998 0.062432
379000 1.10414 -0.917276 0.0657353
380000 1.1157 -0.882399 0.0662799
381000 1.08112 -0.892195 0.0634168
382000 1.11571 -1.01724 0.0623042
383000 1.06837 -0.866632 0.0597462
384000 1.11946 -0.911507 0.0627156
385000 1.11821 -0.990517 0.0597066
386000 1.10247 -0.949213 0.05923
387000 1.07881 -0.933693 0.0594527
388000 1.08603 -0.910551 0.0577886
389000 1.11374 -0.959899 0.0582235
390000 1.13448 -0.856331 0.0696361
391000 1.09663 -0.844542 0.0634985
392000 1.11771 -0.823017 0.0593305
393000 1.09357 -0.858798 0.0651122
394000 1.06728 -0.947236 0.0593635
395000 1.10124 -0.976887 0.0642422
396000 1.09464 -0.859308 0.0612396
397000 1.11667 -0.848943 0.0657874
398000 1.11539 -0.909906 0.0612766
399000 1.11418 -1.0244 0.0551001
400000 1.11341 -0.935668 0.0602913
401000 1.08382 -0.935909 0.0639708
402000 1.11797 -0.930881 0.0631756
403000 1.08279 -0.85462 0.0625252
404000 1.12108 -0.943121 0.0573758
405000 1.09454 -0.913044 0.0605449
406000 1.09789 -0.887903 0.0609381
407000 1.07825 -0.870819 0.0619724
408000 1.14389 -0.845944 0.0707933
409000 1.13427 -0.850095 0.0645867
410000 1.08505 -0.889334 0.0665382
411000 1.10072 -0.81225 0.0663575
412000 1.08569 -0.839206 0.0667009
413000 1.07743 -0.895073 0.0568257
414000 1.12088 -0.86805 0.069336
415000 1.09323 -0.83779 0.0663804
416000 1.10478 -0.79301 0.0680692
417000 1.10896 -0.96741 0.0628244
418000 1.07459 -0.951251 0.0613922
419000 1.11547 -0.95111 0.0644284
420000 1.11127 -0.816321 0.0700358
421000 1.11159 -0.781152 0.0765046
422000 1.0801 -0.824073 0.0602438
423000 1.10616 -1.01111 0.0680767
424000 1.07368 -0.993305 0.0575928
425000 1.11438 -0.859869 0.0697083
426000 1.10677 -0.75902 0.0693591
427000 1.07683 -0.859561 0.0619151
428000 1.09229 -0.814001 0.0647896
429000 1.12577 -0.928063 0.0646523
430000 1.06798 -0.980681 0.0551302
431000 1.0937 -1.00045 0.0579634
432000 1.08233 -1.02599 0.0580538
433000 1.08209 -0.977802 0.0553826
434000 1.08734 -0.970357 0.0612914
435000 1.09206 -0.981338 0.0573602
436000 1.11555 -0.916824 0.0641407
437000 1.08328 -0.933358 0.0611584
438000 1.12945 -0.903839 0.0631812
439000 1.10957 -0.998694 0.0643891
440000 1.08581 -0.928001 0.0612139
441000 1.09973 -0.805738 0.0663105
442000 1.07791 -0.729875 0.0663089
443000 1.13886 -0.869639 0.0684159
444000 1.067 -0.862157 0.0573665
445000 1.12059 -0.981751 0.0625523
446000 1.08914 -0.909291 0.0581316
447000 1.10454 -0.845724 0.067425
448000 1.12144 -0.919416 0.0676398
449000 1.07807 -0.859364 0.0596905
450000 1.11314 -0.883191 0.060361
451000 1.12715 -0.878273 0.0655202
452000 1.06427 -0.872917 0.058855
453000 1.09638 -0.766934 0.0638824
454000 1.10909 -0.809967 0.0660309
455000 1.10564 -0.884291 0.0643502
456000 1.08854 -0.892366 0.0588687
457000 1.08693 -0.876376 0.0589101
458000 1.06429 -0.994845 0.0528322
459000 1.10669 -0.9275 0.0647693
460000 1.11843 -0.82933 0.0639715
461000 1.06508 -0.952172 0.0576372
462000 1.10005 -0.924735 0.0599287
463000 1.09267 -0.907928 0.0602734
464000 1.0747 -0.88068 0.0616292
465000 1.09098 -0.875699 0.0635782
466000 1.08545 -0.915706 0.0595732
467000 1.10539 -0.794723 0.0680541
468000 1.1379 -0.791385 0.0699341
469000 1.10991 -0.796166 0.0717524
470000 1.1295 -0.819714 0.0695693
471000 1.11031 -0.837527 0.0654111
472000 1.07139 -0.848701 0.0603275
473000 1.08576 -0.791194 0.0630141
474000 1.07126 -0.965369 0.057986
475000 1.10379 -0.99233 0.0587491
476000 1.07338 -1.02767 0.0552001
477000 1.10661 -0.930013 0.0662061
478000 1.09138 -0.766624 0.0625185
479000 1.08466 -0.784063 0.0639622
480000 1.11991 -0.86017 0.0643752
481000 1.10386 -0.894467 0.0641429
482000 1.10311 -0.867342 0.0636161
483000 1.10896 -0.84309 0.0675658
484000 1.05916 -0.918057 0.061388
485000 1.09478 -0.897376 0.0639779
486000 1.08958 -0.877898 0.0595947
487000 1.09066 -0.838029 0.0654108
488000 1.12088 -0.839543 0.0687434
489000 1.06221 -0.858224 0.0560804
490000 1.07934 -0.890466 0.0605774
491000 1.09963 -0.876765 0.0696593
492000 1.11776 -0.880237 0.0584746
493000 1.06962 -0.937209 0.0574021
494000 1.11112 -0.914706 0.0699784
495000 1.09457 -0.862826 0.0670681
496000 1.08085 -0.949137 0.0594671
497000 1.11796 -1.05058 0.0624572
498000 1.07291 -1.02367 0.0540264
499000 1.10486 -0.849627 0.0681914
500000 1.11323 -0.839017 0.0715567
501000 1.12903 -0.897065 0.0634789
502000 1.0949 -0.843526 0.0674043
503000 1.08458 -0.889041 0.0661039
504000 1.09276 -0.862384 0.0644583
505000 1.05941 -0.900067 0.0579051
506000 1.09575 -0.863091 0.0683533
507000 1.09194 -0.795998 0.0718153
508000 1.15006 -0.846174 0.0693649
509000 1.09797 -0.893565 0.0665181
510000 1.07608 -0.892076 0.0585408
511000 1.10342 -0.787542 0.0696038
512000 1.08776 -0.955391 0.0635829
513000 1.08058 -0.940349 0.0559792
514000 1.13061 -0.874847 0.0651249
515000 1.09135 -1.01345 0.0575291
516000 1.11538 -0.900119 0.0635717
517000 1.10781 -0.820018 0.0649662
518000 1.12477 -0.919661 0.0604513
519000 1.09484 -0.920314 0.0570382
520000 1.10463 -0.982345 0.0565834
521000 1.11392 -1.01781 0.0594992
522000 1.08486 -1.05722 0.0608144
523000 1.12281 -0.982978 0.0634847
524000 1.1342 -0.839463 0.0672178
525000 1.07158 -0.911622 0.0590606
526000 1.10164 -0.946686 0.0583561
527000 1.09711 -1.00328 0.0643962
528000 1.09414 -0.845001 0.068501
529000 1.06908 -0.809507 0.0635269
530000 1.12384 -0.920967 0.0655442
531000 1.08684 -1.04359 0.0547423
532000 1.10908 -0.992516 0.0666105
533000 1.11664 -0.894525 0.0653054
534000 1.08407 -0.823882 0.0623039
535000 1.07804 -0.84834 0.0625327
536000 1.10381 -0.816059 0.068963
537000 1.12611 -0.855209 0.0643714
538000 1.10912 -0.815972 0.0685914
539000 1.10946 -0.820973 0.0647055
540000 1.11678 -0.726055 0.0663501
541000 1.13308 -0.942298 0.0667441
542000 1.08594 -0.951923 0.0613304
543000 1.1269 -0.934129 0.06467
544000 1.09695 -0.931301 0.0590483
545000 1.1099 -0.825639 0.0652779
546000 1.11155 -0.945 0.061564
547000 1.10456 -0.928125 0.0628934
548000 1.07054 -0.812253 0.0662728
549000 1.13323 -0.836005 0.0743047
550000 1.12149 -0.808532 0.0672128
551000 1.05875 -0.791104 0.0595941
552000 1.12359 -0.88503 0.0660529
553000 1.1291 -0.880184 0.072425
554000 1.09206 -0.873754 0.0654143
555000 1.12371 -0.861202 0.0647374
556000 1.09985 -0.928244 0.0660987
557000 1.11576 -0.887111 0.0614817
558000 1.0527 -0.943248 0.0595759
559000 1.10632 -0.88569 0.0664131
560000 1.11574 -0.771723 0.070331
561000 1.1067 -0.822454 0.0622962
562000 1.09418 -0.851722 0.0698712
563000 1.10174 -0.877311 0.0616257
564000 1.10761 -0.868532 0.063103
565000 1.11518 -0.814689 0.0640071
566000 1.10298 -0.854826 0.0663606
567000 1.07427 -0.833789 0.064718
568000 1.07311 -0.808777 0.0597573
569000 1.08881 -0.765875 0.0650835
570000 1.13945 -0.810482 0.070254
571000 1.07239 -0.845388 0.0612225
572000 1.12545 -0.847614 0.0693797
573000 1.09155 -0.957682 0.0624077
574000 1.07886 -0.872977 0.0655575
575000 1.07311 -0.890622 0.0606592
576000 1.10403 -0.883336 0.0652723
577000 1.11772 -0.934769 0.0652346
578000 1.06426 -0.848116 0.0617476
579000 1.09884 -0.962039 0.0687614
580000 1.07187 -0.990042 0.0560149
581000 1.08611 -0.895823 0.0637579
582000 1.10189 -0.879088 0.0633206
583000 1.12215 -0.882607 0.0700887
584000 1.10628 -0.90497 0.0658273
585000 1.10223 -0.848834 0.0665673
586000 1.11528 -0.850833 0.066644
587000 1.07141 -0.871718 0.0675604
588000 1.10525 -0.853184 0.0636604
589000 1.09659 -0.836142 0.0650813
590000 1.10368 -0.870935 0.0632898
591000 1.1189 -0.839118 0.0677818
592000 1.09134 -0.873568 0.0643513
593000 1.09046 -0.786745 0.0618017
594000 1.09744 -0.78038 0.063419
595000 1.13585 -0.819544 0.069295
596000 1.0846 -0.835418 0.0664523
597000 1.14053 -0.823463 0.0694944
598000 1.06923 -0.835716 0.0675867
599000 1.10031 -0.861572 0.0675214
600000 1.12682 -0.881766 0.069448
601000 1.09251 -0.888646 0.0646675
602000 1.11261 -0.883656 0.06695
603000 1.08363 -0.796877 0.0656124
604000 1.14413 -0.796198 0.0639078
605000 1.09551 -0.906989 0.0630763
606000 1.11692 -0.85389 0.0674047
607000 1.05299 -0.862966 0.0589974
608000 1.12681 -0.87527 0.0712301
609000 1.06587 -0.769809 0.0659341
610000 1.09653 -0.838196 0.0673371
611000 1.09221 -0.896204 0.0613183
612000 1.1079 -0.968509 0.0611089
613000 1.08042 -0.87529 0.0571065
614000 1.06799 -0.881605 0.0628017
615000 1.10012 -0.774242 0.0666434
616000 1.09532 -0.818729 0.0657001
617000 1.10983 -0.835451 0.0637314
618000 1.10144 -0.80921 0.0640524
619000 1.09674 -0.81681 0.0638509
620000 1.07362 -0.907713 0.0600842
621000 1.0839 -0.797603 0.0604957
622000 1.10653 -0.900929 0.0671287
623000 1.10539 -0.912987 0.0671151
624000 1.09468 -0.888271 0.0635316
625000 1.11918 -0.820687 0.0660446
626000 1.07325 -0.810853 0.0642481
627000 1.07514 -0.840525 0.0564796
628000 1.12579 -0.940372 0.0641643
629000 1.07881 -0.868894 0.0655555
630000 1.10567 -0.812114 0.0677881
631000 1.07213 -0.929521 0.063864
632000 1.10297 -0.806424 0.0680699
633000 1.09414 -0.872063 0.0650361
634000 1.11804 -0.826728 0.0658895
635000 1.09557 -0.814147 0.0644426
636000 1.09587 -0.84661 0.0682285
637000 1.11953 -0.776509 0.0643938
638000 1.06263 -0.925817 0.056087
639000 1.13984 -0.88584 0.0692527
640000 1.11634 -0.910965 0.0643165
641000 1.09193 -0.980111 0.0585908
642000 1.06446 -0.842331 0.0640177
643000 1.09874 -0.763957 0.0702467
644000 1.09781 -0.802453 0.0711718
645000 1.11585 -0.781512 0.068583
646000 1.08614 -0.953498 0.0568486
647000 1.08481 -1.03834 0.0561289
648000 1.10062 -0.9895 0.0655704
649000 1.09074 -1.03398 0.0617726
650000 1.12393 -0.955399 0.060693
651000 1.09088 -0.938005 0.0601579
652000 1.1086 -0.87801 0.0654869
653000 1.09861 -0.910644 0.0666786
654000 1.09445 -0.948127 0.0588549
655000 1.09183 -0.878795 0.0642041
656000 1.08867 -1.01336 0.0572484
657000 1.11353 -0.861626 0.0660453
658000 1.10961 -0.825326 0.0667817
659000 1.091 -0.815405 0.0674528
660000 1.13155 -0.828915 0.0702198
661000 1.10552 -0.816657 0.0659592
662000 1.08095 -0.819292 0.0606105
663000 1.07287 -0.847394 0.0629369
664000 1.06381 -0.766367 0.062817
665000 1.08835 -0.80884 0.0630524
666000 1.07726 -0.912543 0.0564898
667000 1.09136 -0.956084 0.0635341
668000 1.08037 -0.948381 0.0581089
669000 1.10361 -1.00638 0.0581555
670000 1.0604 -0.989015 0.0568539
671000 1.10909 -0.816215 0.0738144
672000 1.09087 -0.890619 0.0648375
673000 1.06977 -1.0152 0.0547156
674000 1.10242 -0.853476 0.0604959
675000 1.07347 -0.900794 0.0554487
676000 1.08712 -0.912114 0.0617575
677000 1.08516 -0.931757 0.0544164
678000 1.07214 -0.855687 0.0596142
679000 1.13006 -0.822247 0.0685568
680000 1.12673 -0.837705 0.0702162
681000 1.06135 -0.823777 0.0602343
682000 1.13337 -0.824349 0.073366
683000 1.09572 -0.83767 0.0637143
684000 1.08385 -0.918817 0.0632635
685000 1.12344 -0.894272 0.0650423
686000 1.12112 -0.902331 0.0639512
687000 1.12498 -0.766173 0.0712207
688000 1.10037 -0.768135 0.0673043
689000 1.09226 -0.871506 0.0646195
690000 1.09408 -0.882715 0.0614652
691000 1.12791 -0.858593 0.0669189
692000 1.06578 -0.903615 0.0622281
693000 1.08835 -0.892716 0.0630783
694000 1.11709 -0.888843 0.0674784
695000 1.09687 -0.856578 0.0638783
696000 1.13315 -0.881922 0.0695826
697000 1.08612 -0.85045 0.064801
698000 1.11457 -0.873602 0.0644007
699000 1.07445 -0.798743 0.0650364
700000 1.10619 -0.732493 0.0719087
701000 1.08744 -0.794189 0.062508
702000 1.10781 -0.929944 0.0631364
703000 1.10889 -0.948331 0.0679647
704000 1.10455 -1.05312 0.0540895
705000 1.0911 -0.913171 0.0579415
706000 1.1109 -1.09081 0.0602776
707000 1.0799 -1.1463 0.0520522
708000 1.08173 -1.02008 0.0547952
709000 1.11865 -1.00183 0.0646741
710000 1.08568 -0.903878 0.0641476
711000 1.10313 -0.766163 0.0644392
712000 1.13465 -0.779709 0.0705172
713000 1.07463 -0.878168 0.0606161
714000 1.12492 -0.786942 0.068641
715000 1.10146 -0.924561 0.0596169
716000 1.12219 -0.868376 0.0667309
717000 1.10907 -0.92476 0.0663755
718000 1.11199 -0.783993 0.0665073
719000 1.10055 -0.856293 0.0628976
720000 1.11477 -0.826053 0.068299
721000 1.05708 -0.932229 0.0596705
722000 1.09626 -0.974728 0.0544896
723000 1.13595 -0.966941 0.0645157
724000 1.07253 -0.929311 0.0554249
725000 1.10414 -0.903596 0.0660535
726000 1.10719 -0.831423 0.0648505
727000 1.09722 -0.975108 0.0643432
728000 1.08087 -0.929715 0.0620554
729000 1.11757 -0.907638 0.0656577
730000 1.10855 -0.928203 0.0639174
731000 1.09325 -0.896918 0.0614937
732000 1.1269 -0.910772 0.0624208
733000 1.09219 -0.878696 0.0672024
734000 1.10905 -0.879574 0.0631463
735000 1.12099 -0.872448 0.071307
736000 1.11836 -0.923774 0.0675761
737000 1.07379 -0.813942 0.0672847
738000 1.10744 -0.797065 0.0663385
739000 1.06911 -0.853495 0.0615425
740000 1.08065 -0.894829 0.0639208
741000 1.10305 -0.854101 0.0643043
742000 1.10254 -0.843815 0.0674433
743000 1.06703 -0.8672 0.0652942
744000 1.05857 -0.917149 0.0590122
745000 1.04926 -0.958491 0.057811
746000 1.06178 -0.830282 0.0628417
747000 1.10477 -0.895473 0.0630639
748000 1.11111 -0.86825 0.0677712
749000 1.10426 -0.828837 0.0617968
750000 1.08599 -0.848456 0.0696183
751000 1.11335 -0.798478 0.0669422
752000 1.09084 -0.734267 0.0696214
753000 1.10182 -0.794312 0.0694223
754000 1.10462 -0.815752 0.0648668
755000 1.08703 -0.89772 0.061391
756000 1.12772 -0.835265 0.0707841
757000 1.09299 -0.883474 0.0654506
758000 1.09211 -0.895346 0.058728
759000 1.12115 -0.904406 0.0715951
760000 1.06709 -0.841674 0.0577336
761000 1.11191 -0.814168 0.0692798
762000 1.10083 -0.865507 0.058476
763000 1.12889 -0.89343 0.0648565
764000 1.13481 -0.763551 0.0732866
765000 1.07523 -0.85092 0.0595623
766000 1.10038 -0.926319 0.0615655
767000 1.1019 -0.882748 0.0650471
768000 1.10397 -0.919174 0.0633738
769000 1.09434 -0.870333 0.0624093
770000 1.07629 -0.872071 0.0627503
771000 1.13942 -0.840753 0.068605
772000 1.10322 -0.912992 0.0631939
773000 1.07783 -0.957365 0.0611852
774000 1.11697 -0.881082 0.066261
775000 1.12679 -0.955756 0.0632248
776000 1.10531 -0.840783 0.064589
777000 1.09443 -0.940948 0.0630968
778000 1.0922 -0.823892 0.065433
779000 1.10111 -0.832365 0.0640811
780000 1.05646 -0.89122 0.0604165
781000 1.12315 -0.924184 0.0608091
782000 1.07579 -0.847637 0.0666201
783000 1.05916 -0.826513 0.0581499
784000 1.11243 -0.897497 0.0678837
785000 1.10788 -1.01717 0.0543441
786000 1.09719 -0.836984 0.0630351
787000 1.09928 -0.845497 0.0652385
788000 1.09917 -0.820788 0.0645169
789000 1.08151 -0.836072 0.0649289
790000 1.08783 -0.77862 0.0681935
791000 1.10267 -0.872375 0.0667488
792000 1.13179 -0.865209 0.0653758
793000 1.06684 -0.8939 0.0512806
794000 1.10039 -0.825382 0.0646775
795000 1.14392 -0.92138 0.0630774
796000 1.06317 -0.877066 0.0590015
797000 1.12683 -0.872715 0.0757394
798000 1.09783 -0.810756 0.0712732
799000 1.12369 -0.757487 0.0730497
800000 1.1072 -0.775936 0.0702071
801000 1.10933 -0.921001 0.0673306
802000 1.08533 -0.846341 0.0628376
803000 1.12523 -0.779015 0.073287
804000 1.09606 -0.829987 0.0635557
805000 1.06909 -0.908065 0.0568038
806000 1.06994 -0.965036 0.0603356
807000 1.11741 -0.926989 0.0656973
808000 1.09916 -0.81564 0.0592245
809000 1.10439 -0.864162 0.0629189
810000 1.07549 -0.868482 0.0663443
811000 1.05236 -0.844493 0.0691477
812000 1.13807 -0.791514 0.0682027
813000 1.11938 -0.845131 0.0655058
814000 1.09947 -0.94441 0.0597979
815000 1.10552 -0.873357 0.0645575
816000 1.07773 -0.865513 0.0616444
817000 1.11262 -0.826979 0.0720281
818000 1.06707 -0.916503 0.0554011
819000 1.0611 -0.831806 0.0635354
820000 1.0906 -0.731815 0.0673383
821000 1.08888 -0.811056 0.0656752
822000 1.08512 -0.821039 0.0573567
823000 1.11745 -0.790028 0.0707683
824000 1.08495 -0.804126 0.0684177
825000 1.10717 -0.912424 0.0669278
826000 1.0763 -0.903483 0.0628697
827000 1.13743 -0.918733 0.0629574
828000 1.07975 -0.829068 0.0635578
829000 1.10878 -0.840042 0.0660381
830000 1.127 -0.84808 0.0694129
831000 1.09679 -0.934092 0.0610518
832000 1.0922 -0.870493 0.0623391
833000 1.07325 -1.04805 0.0474282
834000 1.11703 -0.976395 0.0635718
835000 1.09124 -0.848104 0.0646825
836000 1.06329 -0.825226 0.0598087
837000 1.10918 -0.759116 0.068454
838000 1.09501 -0.882843 0.058863
839000 1.05082 -0.969393 0.0538432
840000 1.09697 -0.858881 0.0645534
841000 1.07225 -0.90071 0.0614204
842000 1.07822 -0.920568 0.0563237
843000 1.10106 -0.743601 0.0680912
844000 1.088 -0.829966 0.0620295
845000 1.09949 -0.841734 0.0690984
846000 1.10407 -0.862301 0.0672537
847000 1.10535 -0.822317 0.0668424
848000 1.10077 -0.856469 0.0641837
849000 1.08595 -0.884914 0.0609656
850000 1.09117 -0.860059 0.0637417
851000 1.14023 -0.742377 0.0735805
852000 1.10816 -0.814365 0.0689052
853000 1.07849 -0.785039 0.0679746
854000 1.10218 -0.877143 0.0616946
855000 1.09367 -0.995042 0.0624765
856000 1.08296 -0.859895 0.0560774
857000 1.0837 -0.885659 0.0672714
858000 1.12388 -0.883047 0.067265
859000 1.08719 -0.881325 0.0572472
860000 1.12978 -0.808366 0.0675113
861000 1.07788 -0.822042 0.0661305
862000 1.13716 -0.874096 0.0698263
863000 1.08295 -0.855639 0.0634707
864000 1.05838 -0.951049 0.0573253
865000 1.10844 -0.848316 0.0678272
866000 1.12803 -0.85232 0.0721576
867000 1.09238 -0.932447 0.0643458
868000 1.07828 -0.8544 0.0669914
869000 1.06245 -0.87545 0.056251
870000 1.11286 -0.874758 0.0676556
871000 1.12848 -0.896798 0.0604063
872000 1.07959 -0.901245 0.0652044
873000 1.10702 -0.912958 0.0647229
874000 1.11155 -0.949206 0.061458
875000 1.12131 -0.895308 0.0667674
876000 1.06909 -0.913441 0.0617666
877000 1.11576 -0.981631 0.0646726
878000 1.0818 -0.938765 0.0551582
879000 1.09539 -0.899763 0.0641149
880000 1.13971 -0.925925 0.0673435
881000 1.07011 -0.873086 0.0598914
882000 1.09445 -1.0226 0.0604306
883000 1.10044 -0.914414 0.0691296
884000 1.11527 -0.784526 0.0663456
885000 1.10503 -0.808547 0.0669395
886000 1.106 -0.919271 0.0641304
887000 1.11816 -0.826122 0.0681448
888000 1.08255 -0.868117 0.062926
889000 1.10967 -0.786699 0.0687676
890000 1.12076 -0.879301 0.0672044
891000 1.12777 -0.937288 0.0656015
892000 1.11282 -0.878687 0.0694341
893000 1.09762 -0.875878 0.0646338
894000 1.12713 -0.939057 0.0713841
895000 1.0611 -0.8764 0.0633943
896000 1.102 -0.796228 0.0638463
897000 1.08679 -0.836609 0.0636901
898000 1.0855 -1.00421 0.0593939
899000 1.10719 -0.961273 0.0604442
900000 1.08333 -0.974994 0.0543335
901000 1.089 -0.965492 0.0579385
902000 1.11727 -0.922921 0.0618469
903000 1.14236 -0.822352 0.0704963
904000 1.07491 -0.927685 0.0545567
905000 1.10974 -0.836888 0.0661488
906000 1.10551 -0.78054 0.0664883
907000 1.1261 -0.786963 0.068003
908000 1.08051 -0.858461 0.0601609
909000 1.13859 -0.770596 0.0707208
910000 1.10668 -0.811786 0.0659392
911000 1.08667 -0.786554 0.0673024
912000 1.08347 -0.880552 0.0666562
913000 1.10587 -0.880585 0.0639191
914000 1.09848 -0.884081 0.0609072
915000 1.10273 -0.863273 0.0663913
916000 1.10261 -0.917408 0.0634948
917000 1.12544 -0.878813 0.0704652
918000 1.10564 -0.750954 0.0667432
919000 1.08302 -0.809329 0.0673687
920000 1.09726 -0.908179 0.0681036
921000 1.10477 -0.941122 0.0592764
922000 1.10514 -0.917004 0.0659482
923000 1.12227 -0.942119 0.0643223
924000 1.05929 -0.992621 0.0530121
925000 1.10372 -0.929944 0.0627386
926000 1.1048 -0.90913 0.0657337
927000 1.0938 -0.910219 0.0684828
928000 1.10878 -0.956481 0.0575443
929000 1.12615 -0.82508 0.066229
930000 1.07765 -0.86776 0.0628802
931000 1.09318 -0.811488 0.0651656
932000 1.10892 -0.914404 0.0626975
933000 1.13711 -0.900509 0.0710404
934000 1.11643 -0.902035 0.0623252
935000 1.10971 -0.818406 0.0660852
936000 1.12176 -0.772935 0.0670247
937000 1.14634 -0.826344 0.068985
938000 1.10239 -0.840372 0.0651456
939000 1.1067 -0.79814 0.0646402
940000 1.10054 -0.827711 0.0678194
941000 1.09982 -0.758196 0.0667114
942000 1.11067 -0.840307 0.0634589
943000 1.11878 -0.754765 0.0755449
944000 1.12065 -0.803959 0.0700344
945000 1.10114 -0.864655 0.0672398
946000 1.09568 -0.906389 0.0679534
947000 1.13281 -0.81437 0.0673913
948000 1.10996 -0.81105 0.067706
949000 1.13447 -0.768755 0.0711953
950000 1.07518 -0.906857 0.0599712
951000 1.12612 -0.853996 0.067943
952000 1.10944 -0.912519 0.0693812
953000 1.07343 -0.856434 0.0655805
954000 1.08369 -0.837216 0.0679792
955000 1.12256 -0.826149 0.0677477
956000 1.10955 -0.86883 0.0658344
957000 1.12625 -0.95763 0.0645019
958000 1.10937 -0.995002 0.0612768
959000 1.0871 -0.843644 0.0656496
960000 1.06902 -0.88014 0.0668186
961000 1.1008 -0.928856 0.0636585
962000 1.07423 -1.02503 0.0535052
963000 1.09228 -1.02351 0.0604786
964000 1.10765 -0.939631 0.0580615
965000 1.06938 -0.881209 0.0583613
966000 1.11785 -0.770949 0.0698315
967000 1.12481 -0.776688 0.0704126
968000 1.08262 -0.860726 0.0624918
969000 1.12089 -0.961972 0.062267
970000 1.07182 -0.98881 0.0527861
971000 1.08047 -0.884419 0.0640581
972000 1.11824 -0.825567 0.0696692
973000 1.09131 -0.794726 0.0673581
974000 1.06644 -0.896244 0.0550147
975000 1.14885 -0.761703 0.0756103
976000 1.09537 -0.805996 0.0649679
977000 1.08368 -0.898837 0.062865
978000 1.11472 -0.962209 0.0680392
979000 1.07061 -1.00907 0.05519
980000 1.11214 -0.879807 0.0628372
981000 1.08555 -0.803439 0.0615326
982000 1.1086 -0.892071 0.0601387
983000 1.0986 -0.997573 0.059345
984000 1.09532 -0.898106 0.0621396
985000 1.10447 -0.845271 0.0653318
986000 1.11574 -0.854423 0.0651678
987000 1.07924 -0.933018 0.0583097
988000 1.1122 -0.895744 0.0673013
989000 1.07763 -0.869564 0.0604371
990000 1.08784 -0.846359 0.0646319
991000 1.07806 -0.868117 0.0611432
992000 1.12044 -0.802499 0.0679207
993000 1.07734 -0.810241 0.0628744
994000 1.1278 -0.775305 0.069308
995000 1.08167 -0.862775 0.066321
996000 1.10696 -0.871376 0.0640679
997000 1.08571 -0.841662 0.0632852
998000 1.08681 -0.861352 0.0631087
999000 1.0731 -0.957876 0.0587067
1000000 1.07434 -0.927192 0.0612626
1001000 1.07388 -0.999986 0.054906
1002000 1.08105 -0.880685 0.0669475
1003000 1.10143 -0.937784 0.0571506
1004000 1.12983 -0.877607 0.0648567
1005000 1.07619 -0.847853 0.0576573
1006000 1.13242 -0.914406 0.0665767
1007000 1.11307 -0.821857 0.065308
1008000 1.09856 -0.827758 0.0646989
1009000 1.07769 -0.887107 0.0637811
1010000 1.09057 -0.82401 0.0638348
1011000 1.12257 -0.783546 0.0701624
1012000 1.11579 -0.788082 0.0659791
1013000 1.12923 -0.857164 0.0690028
1014000 1.04737 -0.837564 0.0588973
1015000 1.1179 -0.777938 0.0692395
1016000 1.065 -0.842235 0.0611391
1017000 1.11685 -0.800038 0.0715098
1018000 1.092 -0.859117 0.0611643
1019000 1.0771 -0.869035 0.0642863
1020000 1.07429 -0.904653 0.0609257
1021000 1.10169 -0.878263 0.062601
1022000 1.09205 -0.951655 0.0583549
1023000 1.08158 -0.879734 0.0610426
1024000 1.1073 -0.900397 0.0648137
1025000 1.07241 -0.887262 0.0604501
1026000 1.13524 -0.940224 0.0728562
1027000 1.0779 -0.836984 0.0632371
1028000 1.07286 -0.882376 0.0617834
1029000 1.08053 -0.825065 0.0597139
1030000 1.10085 -0.796267 0.0699163
1031000 1.13355 -0.805745 0.0713856
1032000 1.06481 -0.83566 0.0590502
1033000 1.0941 -0.996936 0.064455
1034000 1.06757 -0.815774 0.0618404
1035000 1.11118 -0.852184 0.0685306
1036000 1.05757 -0.767787 0.0592712
1037000 1.13357 -0.829975 0.0731569
1038000 1.06157 -0.858553 0.0588061
1039000 1.10352 -0.861236 0.0692075
1040000 1.12891 -0.848326 0.0672042
1041000 1.08543 -0.861352 0.06782
1042000 1.10251 -0.797434 0.0659045
1043000 1.13931 -0.876491 0.0704226
1044000 1.10133 -0.971469 0.0594447
1045000 1.11957 -0.983632 0.0610439
1046000 1.08495 -1.01335 0.0577232
1047000 1.0639 -0.984191 0.057519
1048000 1.11259 -0.871879 0.0656852
1049000 1.09327 -0.889458 0.0607226
1050000 1.09528 -0.826705 0.0631412
1051000 1.12603 -0.755352 0.0720692
1052000 1.06363 -0.825113 0.0605619
1053000 1.09074 -0.844996 0.0645861
1054000 1.05829 -0.963461 0.0546838
1055000 1.09868 -1.09414 0.0610427
1056000 1.08566 -0.986149 0.0601936
1057000 1.08924 -0.891886 0.0596731
1058000 1.10718 -0.913654 0.0638234
1059000 1.10216 -0.859069 0.0637186
1060000 1.0918 -0.825067 0.061416
1061000 1.08367 -0.78569 0.0657269
1062000 1.07605 -0.816611 0.0583736
1063000 1.09266 -0.822683 0.0663302
1064000 1.11148 -0.780644 0.0654586
1065000 1.09132 -0.889402 0.0597501
1066000 1.08924 -0.79995 0.0599859
1067000 1.09443 -0.801705 0.0675763
1068000 1.11116 -0.841927 0.0645846
1069000 1.07968 -0.967667 0.0588321
1070000 1.07988 -0.866425 0.0657723
1071000 1.1206 -0.881024 0.0658086
1072000 1.07772 -0.805094 0.0589637
1073000 1.06226 -0.91266 0.0627036
1074000 1.08742 -0.891959 0.0628223
1075000 1.07776 -0.845127 0.0600699
1076000 1.11735 -0.768593 0.0676705
1077000 1.13537 -0.830739 0.067026
1078000 1.06006 -0.8339 0.0605061
1079000 1.08136 -0.88127 0.0614821
1080000 1.11102 -0.805987 0.061954
1081000 1.09045 -0.883003 0.0619725
1082000 1.08137 -0.87651 0.0589758
1083000 1.10414 -0.927221 0.0583877
1084000 1.1263 -0.823513 0.0662292
1085000 1.1019 -0.879652 0.0607989
1086000 1.08448 -0.901891 0.0653612
1087000 1.10694 -0.807638 0.0653546
1088000 1.05533 -0.953208 0.0575681
1089000 1.09813 -0.817391 0.0656549
1090000 1.11804 -0.798924 0.0725077
1091000 1.10502 -0.859622 0.0638187
1092000 1.1066 -0.974455 0.0612992
1093000 1.12492 -0.859863 0.0693686
1094000 1.0858 -0.885316 0.0588208
1095000 1.10547 -0.879869 0.064511
1096000 1.08815 -0.886616 0.0614851
1097000 1.108 -0.834913 0.0675173
1098000 1.11932 -0.806534 0.0662911
1099000 1.08905 -0.838046 0.0624665
1100000 1.10078 -0.836168 0.0645302
