# Time-averaged data for fix 2
# TimeStep v_Temperature v_PotentialEnergy v_Pressure
1000 1.15299 -0.102143 0.0110467
2000 1.18587 -0.083869 0.0112773
3000 1.18017 -0.0747549 0.0112149
4000 1.23711 -0.0820683 0.0117766
5000 1.15473 -0.0701916 0.0111444
6000 1.21888 -0.0654145 0.0116843
7000 1.22489 -0.0663709 0.0118511
8000 1.16149 -0.100509 0.0109579
9000 1.23561 -0.072632 0.0116704
10000 1.19935 -0.0608406 0.0114934
11000 1.15449 -0.0877186 0.0108642
12000 1.20876 -0.0860268 0.0115357
13000 1.25076 -0.0690358 0.0121876
14000 1.1928 -0.0563547 0.0115955
15000 1.17725 -0.0725121 0.0112392
16000 1.23253 -0.0707307 0.0119664
17000 1.21716 -0.0820298 0.0116285
18000 1.2165 -0.0675612 0.0115644
19000 1.16996 -0.0974042 0.0109328
20000 1.19094 -0.0966352 0.0112142
21000 1.23608 -0.106544 0.0115582
22000 1.15805 -0.0873744 0.0109246
23000 1.15303 -0.0778887 0.0110143
24000 1.22138 -0.0749315 0.0116604
25000 1.18592 -0.0865475 0.0113086
26000 1.17684 -0.0880204 0.0112673
27000 1.2474 -0.0867095 0.0119445
28000 1.16559 -0.0951926 0.0109452
29000 1.19929 -0.106003 0.0114022
30000 1.2366 -0.109487 0.0119093
31000 1.16977 -0.0943843 0.0109782
32000 1.20644 -0.104523 0.0114056
33000 1.21445 -0.0753495 0.0116688
34000 1.17382 -0.0737291 0.0112975
35000 1.17695 -0.0749809 0.0112655
36000 1.1921 -0.070548 0.0114429
37000 1.24234 -0.0734605 0.0119516
38000 1.22207 -0.0750359 0.0117462
39000 1.18565 -0.0708666 0.011256
40000 1.22146 -0.087752 0.0116407
41000 1.19324 -0.071489 0.0114412
42000 1.16593 -0.0805657 0.0110451
43000 1.20738 -0.0797816 0.011445
44000 1.19234 -0.0668414 0.0114951
45000 1.15237 -0.0763586 0.0109976
46000 1.18981 -0.0622962 0.011552
47000 1.17225 -0.0626655 0.011193
48000 1.18127 -0.0655623 0.0113696
49000 1.214 -0.0902071 0.011582
50000 1.19279 -0.0955035 0.0112711
51000 1.16794 -0.0602216 0.0113173
52000 1.23317 -0.0655115 0.0118792
53000 1.15776 -0.098629 0.0108176
54000 1.22275 -0.0836069 0.0115215
55000 1.20495 -0.0562388 0.0116659
56000 1.24279 -0.067502 0.0118612
57000 1.18114 -0.0894827 0.0112702
58000 1.18115 -0.0762492 0.011257
59000 1.19474 -0.0652529 0.0116064
60000 1.20621 -0.0707819 0.0114809
61000 1.19115 -0.0897478 0.0113159
62000 1.21154 -0.103156 0.0113966
63000 1.22473 -0.107385 0.0114684
64000 1.18178 -0.084367 0.0111508
65000 1.20469 -0.0884179 0.011279
66000 1.21867 -0.0807016 0.0116134
67000 1.23209 -0.0737977 0.0117828
68000 1.17308 -0.0898013 0.0111754
69000 1.20061 -0.109125 0.0113657
70000 1.2128 -0.120545 0.011181
71000 1.20985 -0.109924 0.0113769
72000 1.1491 -0.0911035 0.0108219
73000 1.234 -0.0975645 0.0117427
74000 1.18382 -0.108328 0.0111106
75000 1.22892 -0.0889195 0.011748
76000 1.22029 -0.0786465 0.0116273
77000 1.20827 -0.084012 0.0114891
78000 1.18169 -0.0711633 0.0113535
79000 1.18922 -0.0689862 0.0115095
80000 1.1809 -0.0874279 0.0113922
81000 1.19116 -0.0935406 0.0113967
82000 1.23092 -0.0998733 0.0114666
83000 1.1706 -0.094255 0.0109257
84000 1.19404 -0.0763972 0.011438
85000 1.24229 -0.0608347 0.0119416
86000 1.19789 -0.0716572 0.0114139
87000 1.16006 -0.0617643 0.0110685
88000 1.17918 -0.0658472 0.0113388
89000 1.23878 -0.0787288 0.0119869
90000 1.14255 -0.104413 0.0107625
91000 1.19297 -0.108595 0.0112691
92000 1.24532 -0.102661 0.0119477
93000 1.20461 -0.072666 0.0113859
94000 1.21422 -0.0809481 0.0117036
95000 1.19481 -0.0795072 0.011267
96000 1.23905 -0.0688467 0.0119457
97000 1.21437 -0.0880859 0.0116627
98000 1.22604 -0.0738967 0.0117555
99000 1.17783 -0.0905646 0.0111708
100000 1.2188 -0.0738868 0.0118839
101000 1.19304 -0.0973241 0.0113349
102000 1.22995 -0.104182 0.0116812
103000 1.19556 -0.102179 0.0111602
104000 1.19789 -0.0890892 0.0114634
105000 1.1983 -0.0772986 0.0115234
106000 1.20538 -0.0731664 0.0116583
107000 1.19681 -0.0788917 0.011475
108000 1.20487 -0.0912586 0.0113512
109000 1.20836 -0.0668915 0.0117356
110000 1.21364 -0.0514904 0.0117459
111000 1.19096 -0.0613327 0.0114431
112000 1.16411 -0.0768599 0.0112087
113000 1.1986 -0.0794598 0.0114816
114000 1.22801 -0.0813619 0.0117129
115000 1.17416 -0.0686419 0.0112501
116000 1.17823 -0.0813461 0.0112438
117000 1.2266 -0.10669 0.0116001
118000 1.21969 -0.0812041 0.0118471
119000 1.20836 -0.0636009 0.0115525
120000 1.19721 -0.0732218 0.0115227
121000 1.21575 -0.089509 0.0115027
122000 1.2172 -0.0610205 0.0117768
123000 1.15283 -0.0503022 0.0111587
124000 1.20946 -0.0584734 0.0116435
125000 1.19071 -0.0880791 0.0113686
126000 1.18031 -0.0707376 0.0111794
127000 1.17428 -0.0621328 0.0112143
128000 1.23569 -0.0888984 0.0117194
129000 1.20269 -0.0749004 0.0114583
130000 1.18455 -0.0936354 0.0112645
131000 1.18093 -0.104415 0.0110478
132000 1.18619 -0.116727 0.0112679
133000 1.16335 -0.108471 0.011041
134000 1.20356 -0.0750169 0.0116398
135000 1.20377 -0.0850232 0.0115116
136000 1.18076 -0.07473 0.0113244
137000 1.22884 -0.0812846 0.0117676
138000 1.17661 -0.111019 0.0109871
139000 1.20043 -0.0937532 0.0113402
140000 1.21638 -0.0792588 0.0115922
141000 1.18295 -0.0698455 0.0113221
142000 1.21948 -0.0676918 0.0116424
143000 1.20692 -0.0869186 0.0114542
144000 1.24417 -0.0842705 0.0118498
145000 1.17895 -0.104965 0.0111682
146000 1.21068 -0.102692 0.0114216
147000 1.21689 -0.104225 0.0115838
148000 1.24405 -0.0922584 0.011895
149000 1.17805 -0.0812493 0.0111768
150000 1.16738 -0.070874 0.011164
151000 1.21223 -0.0661557 0.0116929
152000 1.18122 -0.0625383 0.0113903
153000 1.19386 -0.0830219 0.0113427
154000 1.2184 -0.066681 0.011715
155000 1.22734 -0.0799622 0.0116302
156000 1.20512 -0.0835648 0.0115347
157000 1.17093 -0.0702468 0.0111327
158000 1.22708 -0.0702889 0.0118512
159000 1.21475 -0.0779368 0.0115144
160000 1.22216 -0.082813 0.0116573
161000 1.15352 -0.0674696 0.0110269
162000 1.23121 -0.0858222 0.0116268
163000 1.21191 -0.0756073 0.0115351
164000 1.20637 -0.0804179 0.011424
165000 1.16871 -0.0667714 0.0111755
166000 1.21061 -0.0531669 0.011706
167000 1.19607 -0.0546194 0.0117961
168000 1.20228 -0.0628694 0.0114939
169000 1.16408 -0.0803539 0.011123
170000 1.18961 -0.0744662 0.0112789
171000 1.19725 -0.0716682 0.0115568
172000 1.24413 -0.0935544 0.0119553
173000 1.17589 -0.0924145 0.0111632
174000 1.19377 -0.092008 0.0114065
175000 1.22312 -0.0988965 0.0116126
176000 1.2107 -0.0922573 0.0114438
177000 1.20125 -0.0886398 0.0114787
178000 1.20021 -0.0842026 0.0114389
179000 1.20254 -0.0956832 0.0112207
180000 1.22699 -0.09645 0.0116012
181000 1.20535 -0.0944721 0.0114385
182000 1.21999 -0.0794569 0.0116247
183000 1.17078 -0.0818693 0.011136
184000 1.20271 -0.0874862 0.0115077
185000 1.1786 -0.100174 0.0112374
186000 1.18119 -0.126312 0.0108662
187000 1.17258 -0.131347 0.010928
188000 1.24215 -0.0915019 0.0115858
189000 1.21858 -0.0994035 0.0116116
190000 1.16183 -0.110156 0.0110147
191000 1.24216 -0.0969981 0.012012
192000 1.22994 -0.0901577 0.0116954
193000 1.17891 -0.0855026 0.0113439
194000 1.15546 -0.0979982 0.0109348
195000 1.22455 -0.081506 0.0115367
196000 1.21708 -0.0809947 0.011443
197000 1.16501 -0.0573985 0.011325
198000 1.237 -0.0706518 0.0120757
199000 1.21845 -0.0912899 0.0115156
200000 1.1996 -0.0903412 0.0113099
201000 1.20022 -0.101988 0.0112066
202000 1.21217 -0.0967842 0.0114087
203000 1.20798 -0.101437 0.011545
204000 1.22655 -0.0658587 0.011874
205000 1.23708 -0.100291 0.0117562
206000 1.20197 -0.0879533 0.0115508
207000 1.2046 -0.0743323 0.011597
208000 1.21007 -0.077903 0.0115229
209000 1.19733 -0.0749959 0.0114586
210000 1.18635 -0.0526091 0.0115561
211000 1.20626 -0.0822836 0.011431
212000 1.18941 -0.0956636 0.0112556
213000 1.21832 -0.0998784 0.0116786
214000 1.18912 -0.105135 0.0113992
215000 1.20027 -0.0910638 0.0114494
216000 1.18675 -0.0704809 0.0114182
217000 1.18264 -0.0858242 0.0113693
218000 1.24002 -0.0812788 0.0118642
219000 1.17841 -0.0820997 0.01118
220000 1.15937 -0.0904646 0.0109083
221000 1.17603 -0.0721492 0.0111589
222000 1.17636 -0.102688 0.0111861
223000 1.15543 -0.0833709 0.0110655
224000 1.25302 -0.0659564 0.0122061
225000 1.17223 -0.0705506 0.0111768
226000 1.19285 -0.0759863 0.0113017
227000 1.22437 -0.0656341 0.0118533
228000 1.22179 -0.064355 0.0118116
229000 1.222 -0.0724103 0.0118062
230000 1.16965 -0.0581946 0.0111241
231000 1.21463 -0.0667866 0.011719
232000 1.19681 -0.0625234 0.0115
233000 1.19411 -0.0745413 0.0114008
234000 1.19607 -0.0717464 0.0113594
235000 1.18445 -0.0823801 0.0111794
236000 1.19338 -0.0719156 0.0113698
237000 1.21143 -0.0926851 0.0114089
238000 1.22225 -0.0959721 0.0114318
239000 1.21602 -0.0647259 0.0116443
240000 1.203 -0.055863 0.0115814
241000 1.1775 -0.0578436 0.0114258
242000 1.1937 -0.0544961 0.0114246
243000 1.19637 -0.0708146 0.0114391
244000 1.19204 -0.0804659 0.0113086
245000 1.20386 -0.0981417 0.0112518
246000 1.17578 -0.0926208 0.0111615
247000 1.23483 -0.0851045 0.0116302
248000 1.23956 -0.0910678 0.0116072
249000 1.16545 -0.0816159 0.0108521
250000 1.24182 -0.0707842 0.0117434
251000 1.16921 -0.0754399 0.0111124
252000 1.21191 -0.0685516 0.011531
253000 1.16473 -0.0815031 0.0110934
254000 1.21324 -0.0709946 0.0115804
255000 1.19586 -0.0733828 0.0115958
256000 1.213 -0.090982 0.011442
257000 1.19434 -0.124014 0.0112263
258000 1.2225 -0.078597 0.011639
259000 1.17626 -0.0785436 0.0110865
260000 1.23195 -0.0786078 0.0117515
261000 1.19769 -0.0831205 0.0113258
262000 1.23465 -0.0816563 0.0116527
263000 1.20032 -0.101472 0.0112675
264000 1.19977 -0.0799714 0.0115037
265000 1.20825 -0.108026 0.0114396
266000 1.21265 -0.091682 0.0117707
267000 1.22414 -0.0840133 0.0115893
268000 1.18535 -0.0794894 0.0114181
269000 1.16757 -0.0670576 0.0111856
270000 1.20989 -0.0818338 0.0115418
271000 1.23498 -0.0846633 0.0116942
272000 1.17718 -0.0810233 0.0111372
273000 1.1965 -0.0775739 0.0113085
274000 1.1943 -0.0922951 0.0112734
275000 1.22173 -0.0908682 0.0115746
276000 1.17098 -0.0949408 0.0109405
277000 1.25029 -0.0945181 0.011946
278000 1.1967 -0.0999335 0.0111311
279000 1.23278 -0.094261 0.0118502
280000 1.23081 -0.0738432 0.011651
281000 1.19526 -0.089213 0.0113682
282000 1.16876 -0.0882294 0.0111069
283000 1.22005 -0.0963182 0.0114922
284000 1.19434 -0.0727515 0.0115988
285000 1.15991 -0.0825139 0.0109189
286000 1.23383 -0.0814262 0.0117663
287000 1.18846 -0.073358 0.0113896
288000 1.24211 -0.077307 0.0119353
289000 1.15787 -0.0913269 0.0109245
290000 1.22029 -0.0992327 0.0117045
291000 1.18914 -0.0843363 0.0112492
292000 1.24288 -0.0841034 0.0118095
293000 1.21205 -0.0770538 0.0116096
294000 1.19153 -0.0723969 0.0114979
295000 1.17632 -0.0702366 0.0113559
296000 1.19942 -0.0752065 0.011496
297000 1.19073 -0.0783246 0.0112827
298000 1.19664 -0.0862431 0.0113177
299000 1.21176 -0.0845524 0.0115281
300000 1.19831 -0.0641434 0.0114973
301000 1.17053 -0.0824625 0.0110582
302000 1.17231 -0.0711434 0.0112257
303000 1.22708 -0.0639354 0.0117241
304000 1.19935 -0.0744985 0.0114539
305000 1.183 -0.0783175 0.0112991
306000 1.21897 -0.0844361 0.0116519
307000 1.19914 -0.0960897 0.0111816
308000 1.20018 -0.0691186 0.0114247
309000 1.21163 -0.0702498 0.0114912
310000 1.21906 -0.0643956 0.0115949
311000 1.21484 -0.0966897 0.0114528
312000 1.22236 -0.0745335 0.0117032
313000 1.19805 -0.0856605 0.0114831
314000 1.18931 -0.0835274 0.0112316
315000 1.20828 -0.0968318 0.011277
316000 1.20475 -0.0633682 0.0115554
317000 1.2035 -0.0714638 0.0116195
318000 1.16032 -0.0594781 0.011146
319000 1.22062 -0.0577865 0.0117993
320000 1.19332 -0.0608957 0.0113988
321000 1.18134 -0.0760621 0.0112197
322000 1.18291 -0.0768687 0.0113494
323000 1.2022 -0.0897704 0.0113675
324000 1.19705 -0.0721248 0.0114952
325000 1.18322 -0.0763855 0.0114077
326000 1.17188 -0.102642 0.0110387
327000 1.19623 -0.0961294 0.0115233
328000 1.23319 -0.0918748 0.011767
329000 1.16624 -0.0789316 0.011143
330000 1.17559 -0.0710102 0.0111431
331000 1.17583 -0.0688604 0.0114488
332000 1.19962 -0.0637243 0.0115343
333000 1.13673 -0.10751 0.0107095
334000 1.22857 -0.104577 0.0116174
335000 1.2164 -0.10379 0.0112924
336000 1.20568 -0.0905306 0.0114704
337000 1.1706 -0.077003 0.0111788
338000 1.2143 -0.0732833 0.011483
339000 1.20194 -0.0829806 0.0112844
340000 1.19432 -0.0844444 0.0113142
341000 1.19061 -0.091672 0.0113706
342000 1.22544 -0.0941763 0.0116907
343000 1.1965 -0.0737903 0.0114217
344000 1.21821 -0.0905053 0.0116028
345000 1.18992 -0.0758963 0.01143
346000 1.20687 -0.0862089 0.0115292
347000 1.20803 -0.0656674 0.0116436
348000 1.16842 -0.0685334 0.0112873
349000 1.20338 -0.0665763 0.0117255
350000 1.18433 -0.0614699 0.0114312
351000 1.18141 -0.0786319 0.0112375
352000 1.22859 -0.0763979 0.0116844
353000 1.23897 -0.0580502 0.0119252
354000 1.15392 -0.0551418 0.0111309
355000 1.21798 -0.0629237 0.0116098
356000 1.20916 -0.0737084 0.0116225
357000 1.16425 -0.0874864 0.0110635
358000 1.22771 -0.0933038 0.0116297
359000 1.18425 -0.0968962 0.011121
360000 1.18088 -0.0773869 0.0111774
361000 1.17225 -0.073328 0.011228
362000 1.21216 -0.0648542 0.0116279
363000 1.15777 -0.0969732 0.0108962
364000 1.20527 -0.0684202 0.011585
365000 1.23727 -0.0629922 0.011865
366000 1.15935 -0.077269 0.0110511
367000 1.24305 -0.0699376 0.0118841
368000 1.17003 -0.0664439 0.0111925
369000 1.19121 -0.084319 0.0113345
370000 1.18974 -0.0839045 0.0113615
371000 1.19359 -0.0767633 0.0113473
372000 1.20327 -0.0783393 0.0114929
373000 1.17547 -0.0941243 0.0110564
374000 1.24317 -0.0821325 0.0115811
375000 1.21208 -0.0765057 0.0116112
376000 1.17009 -0.0893191 0.0111967
377000 1.19505 -0.0527899 0.0114086
378000 1.22399 -0.0620453 0.0119281
379000 1.21973 -0.0708385 0.0117625
380000 1.16536 -0.0780081 0.0109932
381000 1.22416 -0.084486 0.0118116
382000 1.2051 -0.0761224 0.0114867
383000 1.16786 -0.0936598 0.0109866
384000 1.22821 -0.10405 0.0116569
385000 1.18343 -0.101744 0.0112133
386000 1.18547 -0.0901707 0.0112703
387000 1.24424 -0.087097 0.0119009
388000 1.17849 -0.0835288 0.0112206
389000 1.17188 -0.0903402 0.0111159
390000 1.18536 -0.077219 0.0111892
391000 1.19879 -0.0588909 0.0116681
392000 1.21896 -0.0691783 0.0118829
393000 1.19325 -0.0607502 0.0113188
394000 1.20671 -0.0619982 0.0115525
395000 1.24807 -0.0686448 0.0120156
396000 1.17285 -0.0715381 0.0111786
397000 1.17887 -0.0865221 0.0111933
398000 1.2011 -0.0851945 0.0113506
399000 1.22835 -0.0772166 0.0117709
400000 1.16592 -0.0845693 0.0112719
401000 1.21638 -0.068944 0.0116451
402000 1.19639 -0.0623372 0.0115301
403000 1.1744 -0.0913918 0.0113503
404000 1.15979 -0.100798 0.0107796
405000 1.21256 -0.107398 0.011504
406000 1.19445 -0.0950121 0.0112885
407000 1.21223 -0.0929097 0.0116492
408000 1.17298 -0.0738228 0.0111161
409000 1.20363 -0.0942438 0.0113792
410000 1.17048 -0.0760093 0.0112016
411000 1.18268 -0.078942 0.0112178
412000 1.23487 -0.0736459 0.0117754
413000 1.18889 -0.0742273 0.0113725
414000 1.18652 -0.0932156 0.0112936
415000 1.21801 -0.0875306 0.0115838
416000 1.18063 -0.115051 0.0110179
417000 1.22191 -0.102169 0.011516
418000 1.20654 -0.0895632 0.0114404
419000 1.20941 -0.0904904 0.0114002
420000 1.22371 -0.084136 0.011639
421000 1.20257 -0.0717827 0.0114222
422000 1.22615 -0.0808035 0.0116601
423000 1.22725 -0.0715552 0.0117507
424000 1.1631 -0.0645625 0.011103
425000 1.20771 -0.0547975 0.0115399
426000 1.22192 -0.0913504 0.0114986
427000 1.19209 -0.0851276 0.0113122
428000 1.19524 -0.0781965 0.0114704
429000 1.19399 -0.0847726 0.0114417
430000 1.21925 -0.103073 0.011457
431000 1.18008 -0.0925011 0.0112857
432000 1.19414 -0.0918701 0.0115057
433000 1.23567 -0.0968299 0.0116435
434000 1.15369 -0.112829 0.0107971
435000 1.20582 -0.0838183 0.0115032
436000 1.20857 -0.100395 0.0113615
437000 1.16008 -0.112131 0.0108329
438000 1.19261 -0.0912985 0.0113267
439000 1.22635 -0.0754488 0.0115724
440000 1.19799 -0.0800482 0.0113152
441000 1.20157 -0.0586558 0.0116135
442000 1.1998 -0.0778896 0.0114937
443000 1.21217 -0.0730074 0.0115573
444000 1.21157 -0.0691399 0.0115041
445000 1.20587 -0.0710126 0.0115042
446000 1.19516 -0.102493 0.0113245
447000 1.22409 -0.0728218 0.0116277
448000 1.18122 -0.0743888 0.0112308
449000 1.19205 -0.0848731 0.0113456
450000 1.23361 -0.0867129 0.0116985
451000 1.15276 -0.0905218 0.0108582
452000 1.21988 -0.0792467 0.011646
453000 1.19329 -0.0879478 0.0112763
454000 1.20188 -0.0655748 0.0115382
455000 1.17359 -0.0677376 0.0113768
456000 1.18752 -0.0605209 0.0114932
457000 1.16126 -0.0632596 0.0111009
458000 1.21829 -0.0769122 0.0115746
459000 1.23158 -0.0871417 0.0118464
460000 1.15861 -0.11574 0.010803
461000 1.18571 -0.0992873 0.011197
462000 1.20225 -0.0933972 0.0113207
463000 1.23212 -0.085247 0.0117972
464000 1.18525 -0.07822 0.0113077
465000 1.20895 -0.0683526 0.0115113
466000 1.21299 -0.07831 0.011448
467000 1.18902 -0.0931707 0.0112529
468000 1.22162 -0.0838756 0.0115997
469000 1.19019 -0.0880655 0.0112461
470000 1.21899 -0.074538 0.0116331
471000 1.19758 -0.0845045 0.0114126
472000 1.22349 -0.0787301 0.0119843
473000 1.22694 -0.0584278 0.0117456
474000 1.2252 -0.093283 0.0115957
475000 1.19819 -0.0803544 0.0114767
476000 1.16182 -0.0619003 0.0111463
477000 1.18902 -0.0582696 0.0113706
478000 1.1995 -0.0676395 0.0114889
479000 1.17453 -0.0745547 0.011288
480000 1.19442 -0.0787779 0.0114411
481000 1.1948 -0.0740609 0.011502
482000 1.19923 -0.0672036 0.0114442
483000 1.20025 -0.0724822 0.0114855
484000 1.20783 -0.0925253 0.0115577
485000 1.23333 -0.103087 0.0114502
486000 1.2107 -0.0997009 0.0113426
487000 1.22982 -0.0848201 0.0118892
488000 1.1518 -0.0804849 0.0109566
489000 1.18761 -0.0673097 0.011344
490000 1.23824 -0.0858697 0.011754
491000 1.20832 -0.0804658 0.0116332
492000 1.22566 -0.0767601 0.0116783
493000 1.207 -0.0713611 0.0116521
494000 1.20357 -0.0693309 0.0116367
495000 1.20099 -0.0728963 0.0114066
496000 1.2178 -0.0579742 0.0117412
497000 1.17506 -0.0703433 0.0111633
498000 1.16749 -0.060959 0.0112832
499000 1.21446 -0.0605919 0.0117196
500000 1.17686 -0.0560045 0.0114073
501000 1.2523 -0.0671707 0.0121084
502000 1.1752 -0.0701219 0.0113021
503000 1.1737 -0.0743753 0.0112379
504000 1.2282 -0.0676046 0.0118569
505000 1.19227 -0.0996193 0.0112783
506000 1.21028 -0.0582045 0.0116162
507000 1.21339 -0.081475 0.0115786
508000 1.15799 -0.0856812 0.0110508
509000 1.17138 -0.0697998 0.0112275
510000 1.20482 -0.0822666 0.0114806
511000 1.21475 -0.075107 0.0115678
512000 1.19306 -0.0893872 0.0112608
513000 1.17936 -0.0817888 0.011294
514000 1.19853 -0.0699007 0.0114176
515000 1.21488 -0.0702122 0.0116947
516000 1.23466 -0.0673939 0.0118022
517000 1.1758 -0.0770136 0.0112835
518000 1.1944 -0.0675463 0.0113443
519000 1.23848 -0.0755392 0.0119904
520000 1.22086 -0.061882 0.0118035
521000 1.17827 -0.0613256 0.0112228
522000 1.16903 -0.0575843 0.0113789
523000 1.20634 -0.0704456 0.0114086
524000 1.16978 -0.0678973 0.0111832
525000 1.21229 -0.0754323 0.0115839
526000 1.16955 -0.0724603 0.0112482
527000 1.23106 -0.0716001 0.0117677
528000 1.18201 -0.0826081 0.0112513
529000 1.22073 -0.0833729 0.0117149
530000 1.20457 -0.0887394 0.0113099
531000 1.21324 -0.0980933 0.0116288
532000 1.19609 -0.0677773 0.01154
533000 1.20107 -0.0691364 0.0114053
534000 1.20614 -0.0862868 0.0114783
535000 1.17821 -0.0834765 0.0112477
536000 1.20051 -0.0848807 0.0113041
537000 1.23054 -0.0797144 0.0119467
538000 1.18125 -0.0842307 0.0111709
539000 1.18197 -0.0839027 0.0113925
540000 1.18667 -0.0808125 0.0112292
541000 1.18542 -0.0835373 0.011443
542000 1.1829 -0.107196 0.0111651
543000 1.20326 -0.0869059 0.0115332
544000 1.18613 -0.088607 0.0112194
545000 1.24063 -0.0732855 0.012169
546000 1.20163 -0.0761186 0.0113274
547000 1.17321 -0.0822401 0.0110489
548000 1.21488 -0.0849183 0.0116559
549000 1.19007 -0.0759138 0.0113756
550000 1.20385 -0.0748821 0.0113494
551000 1.18731 -0.0824312 0.0113578
552000 1.20724 -0.0726983 0.0115386
553000 1.20933 -0.0787057 0.011544
554000 1.16523 -0.0699283 0.0111957
555000 1.18703 -0.0675797 0.0115878
556000 1.24294 -0.0679604 0.0118516
557000 1.16341 -0.0792623 0.0111474
558000 1.22499 -0.0674629 0.0118527
559000 1.21374 -0.107808 0.0115333
560000 1.22131 -0.108156 0.011565
561000 1.15947 -0.089518 0.0108814
562000 1.24498 -0.0925344 0.0119152
563000 1.21571 -0.0807716 0.0115932
564000 1.19685 -0.0946745 0.011372
565000 1.2392 -0.108825 0.0116138
566000 1.19364 -0.0773141 0.0114159
567000 1.20501 -0.0852607 0.0115681
568000 1.21369 -0.0854991 0.0115797
569000 1.16165 -0.0938839 0.0110652
570000 1.20675 -0.106298 0.0113758
571000 1.21195 -0.102175 0.0115681
572000 1.24241 -0.099364 0.0116862
573000 1.21558 -0.0912612 0.0113792
574000 1.15408 -0.0939051 0.0108607
575000 1.21329 -0.0790067 0.0115522
576000 1.2105 -0.0632443 0.0115115
577000 1.19817 -0.0625278 0.0114718
578000 1.19877 -0.0687358 0.0114829
579000 1.18902 -0.0756922 0.0113088
580000 1.18128 -0.0689532 0.0112756
581000 1.24606 -0.0714351 0.0119879
582000 1.15519 -0.0872038 0.0110532
583000 1.19491 -0.0736507 0.0115015
584000 1.18232 -0.0721867 0.0111753
585000 1.21688 -0.069539 0.0115801
586000 1.22843 -0.101418 0.0116074
587000 1.17131 -0.0797381 0.0111559
588000 1.17521 -0.0862965 0.0113152
589000 1.19861 -0.0789761 0.0115242
590000 1.16916 -0.0822201 0.0110343
591000 1.20022 -0.0922225 0.0113925
592000 1.2235 -0.109231 0.0116445
593000 1.21518 -0.0955709 0.011557
594000 1.22819 -0.0842113 0.0116941
595000 1.183 -0.0947139 0.0110141
596000 1.21107 -0.0831159 0.0117607
597000 1.20743 -0.0956763 0.0115045
598000 1.22201 -0.0971973 0.0116616
599000 1.21351 -0.0918337 0.0115953
600000 1.20291 -0.101592 0.0112539
601000 1.19032 -0.108362 0.0113213
602000 1.15797 -0.0981625 0.0110675
603000 1.19163 -0.0942011 0.011265
604000 1.18828 -0.0975519 0.0112456
605000 1.18464 -0.116578 0.0110426
606000 1.19196 -0.107258 0.011276
607000 1.2021 -0.0965754 0.0114646
608000 1.23064 -0.0935731 0.0114918
609000 1.15977 -0.0970708 0.0107933
610000 1.21809 -0.0784137 0.0116467
611000 1.22011 -0.0684583 0.0117561
612000 1.19383 -0.0706133 0.0113706
613000 1.22597 -0.0717224 0.0117967
614000 1.17957 -0.0632925 0.011286
615000 1.20506 -0.0628704 0.0116102
616000 1.20793 -0.0800341 0.0113341
617000 1.18391 -0.0735451 0.0112851
618000 1.17814 -0.0936745 0.0110265
619000 1.20398 -0.0742329 0.0114211
620000 1.21064 -0.0917168 0.0115179
621000 1.1896 -0.109079 0.0112832
622000 1.17969 -0.101178 0.01115
623000 1.20793 -0.0813233 0.0115898
624000 1.1712 -0.0851335 0.011156
625000 1.21711 -0.107312 0.0114166
626000 1.17443 -0.104806 0.0112186
627000 1.23121 -0.105551 0.0116272
628000 1.15938 -0.0963698 0.0110405
629000 1.22647 -0.0690946 0.0119593
630000 1.2165 -0.0707604 0.011786
631000 1.18522 -0.0757031 0.0113509
632000 1.20244 -0.0815826 0.0114549
633000 1.20049 -0.0676448 0.0115023
634000 1.20232 -0.0825963 0.0114642
635000 1.17197 -0.0761661 0.0112367
636000 1.20841 -0.0847229 0.0115612
637000 1.2014 -0.0667487 0.0115315
638000 1.23069 -0.0634112 0.0120386
639000 1.20978 -0.0736236 0.0116365
640000 1.1884 -0.0968076 0.0110343
641000 1.22168 -0.0747209 0.0116931
642000 1.18821 -0.0813709 0.0113521
643000 1.18701 -0.104224 0.0112482
644000 1.20927 -0.0774482 0.0115525
645000 1.23295 -0.0934004 0.0116288
646000 1.18345 -0.0877547 0.0111737
647000 1.20369 -0.101843 0.0114633
648000 1.17958 -0.0833265 0.011243
649000 1.16728 -0.0989345 0.0111852
650000 1.23175 -0.0745899 0.011797
651000 1.16868 -0.0835684 0.0111248
652000 1.20324 -0.0895785 0.0113375
653000 1.21441 -0.0837823 0.0117465
654000 1.19352 -0.0691838 0.0115893
655000 1.22451 -0.0734543 0.0116148
656000 1.1814 -0.0741297 0.0112298
657000 1.17412 -0.0803175 0.0111341
658000 1.17858 -0.0805647 0.0111513
659000 1.2089 -0.104677 0.0113069
660000 1.20767 -0.105873 0.0112552
661000 1.20055 -0.0911561 0.0114014
662000 1.19778 -0.0829331 0.011419
663000 1.2145 -0.0907791 0.0116288
664000 1.20037 -0.0927168 0.0112421
665000 1.20577 -0.093617 0.0112521
666000 1.18835 -0.0762502 0.0112358
667000 1.22149 -0.0804733 0.0115761
668000 1.19543 -0.113551 0.0113446
669000 1.18719 -0.0980867 0.0111146
670000 1.18881 -0.109885 0.0110315
671000 1.18486 -0.0924983 0.0112764
672000 1.18223 -0.096276 0.0111162
673000 1.20724 -0.106647 0.0113857
674000 1.15377 -0.0922231 0.0108368
675000 1.22862 -0.0927026 0.0116491
676000 1.18972 -0.0936472 0.0112537
677000 1.1537 -0.0793078 0.0111184
678000 1.23276 -0.0661617 0.0117098
679000 1.16734 -0.0654978 0.0112538
680000 1.2455 -0.0832904 0.0118685
681000 1.21158 -0.089507 0.0113732
682000 1.22116 -0.0957609 0.0116076
683000 1.20568 -0.0945675 0.0115522
684000 1.15657 -0.068742 0.0112283
685000 1.21248 -0.0783271 0.0115919
686000 1.22739 -0.0844115 0.0117766
687000 1.1821 -0.0820936 0.0113563
688000 1.19551 -0.0863526 0.011357
689000 1.18405 -0.0819031 0.0112766
690000 1.19844 -0.0730942 0.0113523
691000 1.2212 -0.0639745 0.0118076
692000 1.17619 -0.0809468 0.0113331
693000 1.17411 -0.086892 0.0111798
694000 1.18067 -0.10844 0.0111012
695000 1.20737 -0.101106 0.0115005
696000 1.2059 -0.0984357 0.0115801
697000 1.1751 -0.0946192 0.0109832
698000 1.2025 -0.0799454 0.0114935
699000 1.21583 -0.0754274 0.0117958
700000 1.19719 -0.0874444 0.0114512
701000 1.2146 -0.0780455 0.0116828
702000 1.20364 -0.0662771 0.0115028
703000 1.22151 -0.0592769 0.0116911
704000 1.20954 -0.0663898 0.0116511
705000 1.205 -0.0824588 0.0114965
706000 1.18126 -0.0852451 0.0113885
707000 1.17735 -0.102673 0.0110923
708000 1.23931 -0.107581 0.0116823
709000 1.16273 -0.0790889 0.0109232
710000 1.24942 -0.0721571 0.0119316
711000 1.18273 -0.0737261 0.0113016
712000 1.20074 -0.083363 0.0114669
713000 1.18157 -0.0849081 0.0112846
714000 1.18006 -0.0684686 0.0112966
715000 1.20598 -0.0692252 0.0114908
716000 1.21256 -0.0863718 0.0116997
717000 1.17477 -0.0876828 0.0110906
718000 1.1992 -0.0851821 0.0113672
719000 1.21343 -0.0732942 0.0115293
720000 1.21552 -0.0665939 0.0117279
721000 1.21389 -0.0687348 0.0114685
722000 1.17557 -0.0844896 0.011057
723000 1.19472 -0.0615828 0.0115045
724000 1.19979 -0.0869456 0.0115115
725000 1.20765 -0.0904898 0.0114047
726000 1.1905 -0.0691395 0.0113844
727000 1.22483 -0.0746161 0.0116545
728000 1.19797 -0.0776251 0.0113253
729000 1.17245 -0.0950112 0.0110635
730000 1.18529 -0.0895077 0.0111881
731000 1.1863 -0.110104 0.0110475
732000 1.18887 -0.0932238 0.0113879
733000 1.21016 -0.0909168 0.0115535
734000 1.21485 -0.0790505 0.0117232
735000 1.18628 -0.103781 0.0114209
736000 1.21057 -0.0887717 0.0114579
737000 1.21882 -0.0646408 0.011848
738000 1.18062 -0.0649127 0.0114038
739000 1.16991 -0.070204 0.0111096
740000 1.24152 -0.0616159 0.0119819
741000 1.17264 -0.0909761 0.0111344
742000 1.19782 -0.102656 0.0113474
743000 1.21665 -0.0656418 0.0116039
744000 1.21527 -0.0588511 0.0117693
745000 1.18909 -0.0757391 0.0112943
746000 1.18125 -0.0958372 0.0110877
747000 1.25138 -0.085017 0.0119748
748000 1.18378 -0.101929 0.0110924
749000 1.22002 -0.105942 0.0116838
750000 1.17838 -0.0933028 0.0110092
751000 1.23498 -0.0750576 0.0117465
752000 1.16863 -0.0709403 0.0112619
753000 1.24544 -0.0742042 0.0118345
754000 1.18246 -0.072075 0.0114672
755000 1.1705 -0.0910711 0.0112416
756000 1.21441 -0.0926136 0.011652
757000 1.18564 -0.087647 0.0112614
758000 1.17264 -0.0795819 0.0112823
759000 1.22884 -0.0581223 0.0117619
760000 1.16155 -0.068633 0.0112321
761000 1.21277 -0.0767665 0.0116914
762000 1.21036 -0.088615 0.0115923
763000 1.21632 -0.0903631 0.0114851
764000 1.16672 -0.0948459 0.0110496
765000 1.19146 -0.0906761 0.0113378
766000 1.23235 -0.0744248 0.0118385
767000 1.19345 -0.0844893 0.0114674
768000 1.21919 -0.0819802 0.0116793
769000 1.22786 -0.0796008 0.0117906
770000 1.22259 -0.0790807 0.0116182
771000 1.19454 -0.0676939 0.0114407
772000 1.17363 -0.0581951 0.0113173
773000 1.2025 -0.0869233 0.0114016
774000 1.1978 -0.0916978 0.0113394
775000 1.20494 -0.0962398 0.0112056
776000 1.17898 -0.090036 0.0110153
777000 1.20606 -0.104095 0.0112096
778000 1.22108 -0.106675 0.0114358
779000 1.20156 -0.0894889 0.0116062
780000 1.19762 -0.0878483 0.0114631
781000 1.18097 -0.0851722 0.0112538
782000 1.18621 -0.0921797 0.011239
783000 1.21517 -0.0646216 0.0116471
784000 1.18918 -0.0685769 0.0115423
785000 1.17758 -0.0738944 0.0111914
786000 1.17331 -0.0801753 0.0111059
787000 1.24787 -0.0753566 0.0119422
788000 1.18255 -0.0821899 0.0113112
789000 1.21052 -0.0768836 0.0115702
790000 1.21883 -0.0590838 0.0117887
791000 1.16673 -0.0796985 0.0111388
792000 1.15107 -0.085806 0.01077
793000 1.19439 -0.0701042 0.0114392
794000 1.20207 -0.0745373 0.0114686
795000 1.20067 -0.0606355 0.0115803
796000 1.20531 -0.0748648 0.0115595
797000 1.20665 -0.0782417 0.0115763
798000 1.18074 -0.0863156 0.0113345
799000 1.24147 -0.08417 0.0117655
800000 1.22551 -0.107205 0.0115583
801000 1.16387 -0.0813659 0.0109809
802000 1.21484 -0.0815393 0.0116733
803000 1.19987 -0.0725538 0.0116308
804000 1.20847 -0.0998006 0.0112082
805000 1.17231 -0.0715373 0.0112453
806000 1.19659 -0.0726341 0.0112734
807000 1.19808 -0.0729333 0.0113382
808000 1.19838 -0.0662906 0.011488
809000 1.23738 -0.0599918 0.012056
810000 1.18023 -0.0618172 0.0113607
811000 1.19589 -0.0666571 0.0115785
812000 1.21006 -0.0661252 0.0115712
813000 1.20552 -0.0597629 0.0116036
814000 1.18684 -0.0831277 0.0112821
815000 1.19962 -0.0777061 0.0114765
816000 1.20904 -0.0785129 0.0116071
817000 1.2128 -0.0763379 0.0115442
818000 1.18918 -0.0880352 0.0112161
819000 1.18234 -0.0731882 0.0114093
820000 1.18431 -0.0580265 0.0113805
821000 1.21274 -0.0732186 0.0116927
822000 1.20243 -0.0610938 0.0114092
823000 1.20135 -0.0930948 0.0113576
824000 1.18911 -0.08777 0.0113116
825000 1.17998 -0.116215 0.0110667
826000 1.1884 -0.0997416 0.0113724
827000 1.19846 -0.0695444 0.0112565
828000 1.20011 -0.0727634 0.0114065
829000 1.21206 -0.0600711 0.0116267
830000 1.20477 -0.0719542 0.0116787
831000 1.18316 -0.0644084 0.0113469
832000 1.19353 -0.072022 0.0114768
833000 1.24003 -0.0720009 0.0119633
834000 1.2298 -0.0838829 0.0116193
835000 1.20239 -0.0823597 0.0114829
836000 1.18084 -0.0874461 0.0113321
837000 1.21518 -0.0870219 0.0116254
838000 1.18204 -0.104041 0.0110962
839000 1.16881 -0.07532 0.0111549
840000 1.24681 -0.0808482 0.0120707
841000 1.15642 -0.0842982 0.0108516
842000 1.16576 -0.097263 0.0110707
843000 1.24005 -0.108768 0.0116106
844000 1.1696 -0.101816 0.0110255
845000 1.21484 -0.0874546 0.0115757
846000 1.17312 -0.10225 0.0111514
847000 1.22248 -0.0731404 0.0116853
848000 1.2091 -0.0668392 0.0117237
849000 1.17374 -0.0613664 0.0114221
850000 1.20181 -0.085703 0.0114109
851000 1.21574 -0.0965153 0.0113163
852000 1.1887 -0.0852413 0.0113815
853000 1.21582 -0.0867605 0.0116102
854000 1.21441 -0.073209 0.0116983
855000 1.19331 -0.085612 0.011409
856000 1.1638 -0.0613793 0.0112195
857000 1.22139 -0.0733269 0.0117823
858000 1.21722 -0.0662557 0.0117393
859000 1.18673 -0.0612768 0.0115838
860000 1.22129 -0.0765067 0.0117302
861000 1.22244 -0.0779666 0.0116197
862000 1.19527 -0.0922989 0.0114263
863000 1.22267 -0.0960568 0.0114836
864000 1.21129 -0.0991258 0.0114218
865000 1.22183 -0.0842064 0.0116195
866000 1.21354 -0.0784184 0.0115028
867000 1.19197 -0.103703 0.0112637
868000 1.1752 -0.124724 0.0108556
869000 1.23422 -0.109376 0.0117724
870000 1.20197 -0.0953069 0.0114217
871000 1.17078 -0.0952631 0.0111511
872000 1.1611 -0.108532 0.0109508
873000 1.19075 -0.11747 0.0111554
874000 1.1919 -0.132546 0.0109666
875000 1.23904 -0.0954542 0.0117363
876000 1.18919 -0.082096 0.0113412
877000 1.19971 -0.0890577 0.0112352
878000 1.21843 -0.0941252 0.0114375
879000 1.18748 -0.0957555 0.0111763
880000 1.2071 -0.0855234 0.0114261
881000 1.20058 -0.0782399 0.0114601
882000 1.21379 -0.0833407 0.0117146
883000 1.23604 -0.0886494 0.0117794
884000 1.18625 -0.0968662 0.0112879
885000 1.22262 -0.084077 0.0117908
886000 1.1826 -0.08211 0.0113198
887000 1.22949 -0.084852 0.0116764
888000 1.2126 -0.0897566 0.0115102
889000 1.21758 -0.101021 0.0115085
890000 1.17011 -0.106177 0.0107502
891000 1.21063 -0.0726882 0.0117404
892000 1.22695 -0.074829 0.0117459
893000 1.18775 -0.0540868 0.0114096
894000 1.2195 -0.063131 0.0116271
895000 1.17357 -0.065995 0.0112456
896000 1.20173 -0.074053 0.0114365
897000 1.18482 -0.0771864 0.0114557
898000 1.16966 -0.0889798 0.0110982
899000 1.19137 -0.0892484 0.011312
900000 1.16905 -0.100204 0.0111022
901000 1.19954 -0.088792 0.0113818
902000 1.20788 -0.0750185 0.0114788
903000 1.20072 -0.0741687 0.0115605
904000 1.20939 -0.0860137 0.0114196
905000 1.19079 -0.0706757 0.0112627
906000 1.23259 -0.0662593 0.0118225
907000 1.18048 -0.0753582 0.0113162
908000 1.20798 -0.0709121 0.0115582
909000 1.23465 -0.0716205 0.011896
910000 1.1593 -0.080522 0.0110084
911000 1.23686 -0.0873776 0.0117154
912000 1.1504 -0.103158 0.0108685
913000 1.23185 -0.0774798 0.0118803
914000 1.16185 -0.0760541 0.0111098
915000 1.24546 -0.114132 0.0116504
916000 1.22536 -0.0788502 0.0115925
917000 1.16125 -0.0849997 0.010961
918000 1.22628 -0.0847189 0.011649
919000 1.20068 -0.0784998 0.0115672
920000 1.1718 -0.0857775 0.011101
921000 1.18662 -0.0837939 0.0112389
922000 1.18457 -0.07616 0.0113178
923000 1.24744 -0.0848657 0.0118652
924000 1.20351 -0.0802481 0.0115664
925000 1.21921 -0.0866224 0.011511
926000 1.2313 -0.100119 0.0115789
927000 1.22702 -0.0835985 0.0116518
928000 1.18175 -0.089529 0.0110522
929000 1.21094 -0.0898255 0.011464
930000 1.20772 -0.0864246 0.0115641
931000 1.1806 -0.0857974 0.0111282
932000 1.18251 -0.0853327 0.0112142
933000 1.24025 -0.0670661 0.011741
934000 1.16089 -0.0589099 0.011183
935000 1.1969 -0.0564068 0.0115257
936000 1.22635 -0.072606 0.0117045
937000 1.16598 -0.0868775 0.0111164
938000 1.17684 -0.0878066 0.011217
939000 1.17931 -0.101086 0.0112177
940000 1.19953 -0.109018 0.0114615
941000 1.1758 -0.0960543 0.0111868
942000 1.22134 -0.0891307 0.0115757
943000 1.20887 -0.108458 0.0115794
944000 1.18998 -0.106651 0.0112745
945000 1.18593 -0.0974384 0.0114304
946000 1.19877 -0.0901895 0.011273
947000 1.18652 -0.0828043 0.0112585
948000 1.17991 -0.11708 0.0109956
949000 1.19135 -0.106055 0.0111769
950000 1.16541 -0.0972307 0.0110672
951000 1.24465 -0.0919651 0.0117688
952000 1.2063 -0.0805965 0.0115452
953000 1.15474 -0.100855 0.0109197
954000 1.22721 -0.106865 0.0117005
955000 1.16715 -0.113191 0.0109394
956000 1.26184 -0.105688 0.0119427
957000 1.21638 -0.0965674 0.0116631
958000 1.17424 -0.0851455 0.0111037
959000 1.17617 -0.0657952 0.0113147
960000 1.24001 -0.0814988 0.0118783
961000 1.19769 -0.0912009 0.0115548
962000 1.2142 -0.0769665 0.0117146
963000 1.21193 -0.0874696 0.0116223
964000 1.17363 -0.0815391 0.0112663
965000 1.1816 -0.082793 0.0111182
966000 1.20168 -0.0788734 0.011381
967000 1.21971 -0.0763971 0.0116619
968000 1.21856 -0.0750672 0.011702
969000 1.1469 -0.0800426 0.0109487
970000 1.18093 -0.0942992 0.011301
971000 1.1825 -0.102317 0.0111796
972000 1.15696 -0.0830328 0.010929
973000 1.18226 -0.0730048 0.0112018
974000 1.20135 -0.0786763 0.0113569
975000 1.20403 -0.0690617 0.0117552
976000 1.18599 -0.0775807 0.0112383
977000 1.19259 -0.0828626 0.0112512
978000 1.21016 -0.0708292 0.0116346
979000 1.19467 -0.0610752 0.0114129
980000 1.16374 -0.0654304 0.0111556
981000 1.22192 -0.0711822 0.0116943
982000 1.22467 -0.0906377 0.0116597
983000 1.22085 -0.077107 0.0117467
984000 1.17938 -0.0946391 0.0111321
985000 1.19184 -0.103664 0.0112047
986000 1.1896 -0.0937625 0.0115327
987000 1.21175 -0.110036 0.0113588
988000 1.18693 -0.110156 0.0111275
989000 1.21511 -0.0704721 0.0116422
990000 1.18723 -0.0882156 0.0112929
991000 1.21199 -0.0901607 0.0115022
992000 1.1754 -0.0804599 0.0113306
993000 1.23155 -0.0722311 0.0118171
994000 1.18705 -0.0647219 0.0113299
995000 1.19651 -0.0636853 0.0116315
996000 1.20644 -0.0728305 0.0115719
997000 1.2063 -0.0731129 0.0114759
998000 1.20012 -0.0790779 0.0114378
999000 1.17015 -0.0925151 0.0110146
1000000 1.18289 -0.0872749 0.0112072
1001000 1.2058 -0.0747724 0.0115115
1002000 1.16961 -0.089569 0.0109195
1003000 1.20635 -0.0924211 0.0114937
1004000 1.18491 -0.0743559 0.0111072
1005000 1.19733 -0.0721167 0.0113767
1006000 1.20679 -0.0632361 0.0116626
1007000 1.20034 -0.0782434 0.0115278
1008000 1.20014 -0.0737402 0.0115676
1009000 1.17833 -0.0793673 0.0111464
1010000 1.23836 -0.07708 0.0119771
1011000 1.19495 -0.0723105 0.0114512
1012000 1.18145 -0.0800631 0.0114585
1013000 1.19597 -0.0870665 0.0112987
1014000 1.2032 -0.0869366 0.011524
1015000 1.21052 -0.0973346 0.0114523
1016000 1.21832 -0.0965638 0.0114459
1017000 1.21209 -0.100609 0.0115832
1018000 1.23959 -0.0856706 0.0118233
1019000 1.20508 -0.0720291 0.0116357
1020000 1.20826 -0.0843135 0.0115224
1021000 1.19495 -0.10369 0.01119
1022000 1.21387 -0.106952 0.0114605
1023000 1.21892 -0.10707 0.0117423
1024000 1.21602 -0.0983259 0.0116693
1025000 1.16178 -0.104141 0.0109358
1026000 1.15224 -0.0999956 0.0109167
1027000 1.20302 -0.0840904 0.0112905
1028000 1.22881 -0.064517 0.0119199
1029000 1.18521 -0.0837425 0.0114385
1030000 1.18991 -0.0700904 0.0113165
1031000 1.25044 -0.0937783 0.0118766
1032000 1.16448 -0.0593355 0.0111045
1033000 1.20621 -0.0747756 0.0115672
1034000 1.19015 -0.0828084 0.011407
1035000 1.17731 -0.0738895 0.0112306
1036000 1.20047 -0.0602347 0.011495
1037000 1.2299 -0.0892489 0.011785
1038000 1.19406 -0.10083 0.0113654
1039000 1.23298 -0.0926782 0.0115873
1040000 1.18031 -0.0898834 0.0113099
1041000 1.19244 -0.067851 0.0114658
1042000 1.18757 -0.0740466 0.0114342
1043000 1.23338 -0.0877191 0.0117479
1044000 1.17425 -0.0590007 0.0112071
1045000 1.18494 -0.0603969 0.0114113
1046000 1.17977 -0.097204 0.0111718
1047000 1.2306 -0.105522 0.0115586
1048000 1.19422 -0.104951 0.0114104
1049000 1.18327 -0.102068 0.0110403
1050000 1.17778 -0.0655383 0.011322
1051000 1.20761 -0.0701481 0.0115841
1052000 1.20088 -0.100431 0.0112835
1053000 1.19269 -0.119033 0.0112785
1054000 1.16668 -0.124875 0.0107299
1055000 1.1834 -0.102787 0.0112566
1056000 1.2366 -0.100806 0.0114573
1057000 1.22212 -0.116432 0.0113958
1058000 1.16699 -0.146583 0.0107844
1059000 1.19139 -0.107437 0.0111758
1060000 1.23059 -0.0944569 0.011686
1061000 1.20151 -0.08792 0.0115027
1062000 1.20611 -0.0750497 0.0113993
1063000 1.1942 -0.0712812 0.0113693
1064000 1.22695 -0.0607785 0.011652
1065000 1.21047 -0.0804727 0.0115323
1066000 1.16928 -0.0731351 0.0111434
1067000 1.23018 -0.0630311 0.0117912
1068000 1.18478 -0.0602465 0.0113301
1069000 1.2147 -0.072566 0.0116429
1070000 1.17723 -0.0659439 0.0113977
1071000 1.22205 -0.0713002 0.0117304
1072000 1.2053 -0.0792987 0.0115167
1073000 1.21959 -0.0745597 0.0116524
1074000 1.19702 -0.0711974 0.0113149
1075000 1.17128 -0.0700859 0.0112069
1076000 1.17227 -0.0719143 0.0111426
1077000 1.21258 -0.0582845 0.011605
1078000 1.19766 -0.0656624 0.0114508
1079000 1.20661 -0.0724679 0.0114913
1080000 1.21146 -0.0704104 0.0115049
1081000 1.19926 -0.048547 0.0115266
1082000 1.17099 -0.0729849 0.0111307
1083000 1.15689 -0.0783511 0.0110678
1084000 1.17421 -0.0958415 0.0110526
1085000 1.20417 -0.0799761 0.0115363
1086000 1.1629 -0.078217 0.0109853
1087000 1.21559 -0.0894357 0.0114351
1088000 1.16481 -0.0947982 0.0111308
1089000 1.22871 -0.0852899 0.0116468
1090000 1.20479 -0.103276 0.0113532
1091000 1.19828 -0.0900725 0.0113067
1092000 1.21316 -0.078981 0.0114153
1093000 1.18991 -0.0558447 0.011368
1094000 1.22239 -0.0724724 0.0116306
1095000 1.15929 -0.0903723 0.0108824
1096000 1.22331 -0.0714409 0.0116077
1097000 1.20039 -0.0768286 0.0114495
1098000 1.19795 -0.0607267 0.0115803
1099000 1.15829 -0.0736737 0.0110325
1100000 1.22373 -0.0811543 0.0116284
