# Time-averaged data for fix 2
# TimeStep v_Temperature v_PotentialEnergy v_Pressure
1000 1.96684 -0.0857642 0.0192481
2000 2.01827 -0.0703835 0.0195832
3000 2.02685 -0.0833349 0.019697
4000 1.99034 -0.0645726 0.0195225
5000 1.99463 -0.0700031 0.0193226
6000 2.01123 -0.058571 0.019801
7000 2.01972 -0.0654763 0.0197465
8000 1.97172 -0.0554004 0.0192611
9000 2.03554 -0.0573336 0.0198635
10000 2.08209 -0.0685474 0.020269
11000 1.99785 -0.0669243 0.0195693
12000 1.95581 -0.0698464 0.0189563
13000 2.06168 -0.0700323 0.0201777
14000 1.91326 -0.0812698 0.0185283
15000 2.07174 -0.0678644 0.0201556
16000 1.96268 -0.0563877 0.0194661
17000 1.97301 -0.058556 0.019525
18000 1.96555 -0.0625904 0.019199
19000 1.96023 -0.0695876 0.0191216
20000 1.96004 -0.0611545 0.0192609
21000 2.08363 -0.0737968 0.0203522
22000 1.9637 -0.083796 0.0191657
23000 2.04526 -0.065123 0.0199575
24000 1.94418 -0.0618269 0.0188608
25000 2.03884 -0.0635159 0.0200016
26000 1.92628 -0.0621289 0.0186887
27000 2.00314 -0.0760537 0.0194339
28000 2.00654 -0.0622364 0.0196137
29000 2.0681 -0.077063 0.0202249
30000 1.99424 -0.0762063 0.0193068
31000 2.02364 -0.07242 0.01983
32000 1.96799 -0.0714974 0.0191078
33000 2.04248 -0.0568155 0.0199374
34000 2.00808 -0.0533861 0.0195628
35000 1.92739 -0.0744267 0.0188896
36000 2.00089 -0.0926764 0.0195068
37000 1.99834 -0.0884782 0.0195157
38000 2.02318 -0.0732843 0.0198211
39000 2.0347 -0.0700461 0.0198065
40000 1.99588 -0.058103 0.0195561
41000 1.98176 -0.058885 0.0197521
42000 1.97445 -0.0777665 0.0192793
43000 2.06607 -0.0588213 0.0201627
44000 2.02641 -0.0776434 0.0196449
45000 1.96633 -0.0848341 0.0190956
46000 1.99605 -0.0770081 0.0194292
47000 2.0063 -0.0654659 0.0196782
48000 1.98738 -0.0612537 0.0193452
49000 1.92654 -0.0729676 0.0187228
50000 2.07623 -0.0672254 0.0204278
51000 1.98464 -0.0662979 0.0193776
52000 1.98512 -0.0731004 0.0193104
53000 2.0235 -0.0585866 0.019972
54000 2.06481 -0.0685606 0.0201943
55000 2.00515 -0.0686518 0.0196461
56000 1.95212 -0.0620527 0.0190654
57000 2.05339 -0.0580445 0.0201453
58000 2.02308 -0.0686304 0.0199847
59000 1.9753 -0.0703629 0.0193979
60000 2.0147 -0.0789222 0.019748
61000 2.00448 -0.0708864 0.0194222
62000 1.99086 -0.083026 0.019335
63000 1.98661 -0.0864626 0.0193946
64000 1.97935 -0.0721495 0.0193629
65000 1.99482 -0.0807151 0.0195289
66000 1.99845 -0.0868202 0.0194143
67000 2.03787 -0.0778942 0.0199263
68000 1.97303 -0.0787305 0.0192938
69000 2.00375 -0.0620537 0.0197221
70000 2.03156 -0.0685403 0.0198419
71000 1.97039 -0.0639517 0.0192689
72000 1.99947 -0.0682065 0.0195153
73000 1.98116 -0.0765592 0.0193324
74000 2.00764 -0.0711554 0.0195703
75000 1.99465 -0.068125 0.0194904
76000 1.96016 -0.065536 0.0192662
77000 2.04152 -0.0733152 0.0198428
78000 1.98595 -0.0692663 0.0194625
79000 1.98401 -0.0634639 0.019336
80000 2.01695 -0.0664204 0.0195842
81000 1.99682 -0.07899 0.0194679
82000 1.97298 -0.0601241 0.0192103
83000 2.00528 -0.0569322 0.0198178
84000 2.0166 -0.0676475 0.0197029
85000 2.00645 -0.074262 0.0196648
86000 1.9506 -0.0703584 0.019094
87000 1.99757 -0.0701093 0.0194304
88000 1.95005 -0.0688639 0.0191651
89000 2.03689 -0.070437 0.0198323
90000 2.02982 -0.0691358 0.0196494
91000 2.02519 -0.0574678 0.0197362
92000 2.01821 -0.0639264 0.0199021
93000 1.98653 -0.0595627 0.0194454
94000 1.97287 -0.0741136 0.0194432
95000 2.00556 -0.0656527 0.0198204
96000 1.93786 -0.05428 0.0187998
97000 1.97371 -0.0723299 0.0192548
98000 2.07135 -0.10742 0.0199894
99000 1.99486 -0.0826038 0.0194653
100000 2.01648 -0.0717564 0.0198384
101000 2.00771 -0.0687848 0.019494
102000 1.96636 -0.0782558 0.0192375
103000 2.06723 -0.0635589 0.0201379
104000 2.02891 -0.0766894 0.0197854
105000 1.99527 -0.0674508 0.0193937
106000 1.99555 -0.0471474 0.0196409
107000 2.01964 -0.0745884 0.0196413
108000 1.96032 -0.0708018 0.0192429
109000 2.01942 -0.0573125 0.0197778
110000 2.02293 -0.0668601 0.0197979
111000 2.01743 -0.0572533 0.0198401
112000 2.07936 -0.0521578 0.0202363
113000 2.03139 -0.0724447 0.0198148
114000 1.96775 -0.0709238 0.0192263
115000 2.04491 -0.0643161 0.0201165
116000 2.09071 -0.0700466 0.0205573
117000 2.0287 -0.0717212 0.019877
118000 1.97907 -0.0694563 0.0192011
119000 2.02488 -0.077253 0.0197281
120000 1.99552 -0.0817079 0.0196314
121000 1.99138 -0.0792278 0.0195304
122000 1.95063 -0.0791156 0.019064
123000 1.96122 -0.069774 0.0190075
124000 2.01146 -0.0629826 0.0195456
125000 2.03788 -0.0543723 0.0199596
126000 2.06387 -0.0607486 0.0201985
127000 2.04328 -0.0738641 0.0198595
128000 1.97553 -0.0593696 0.0192403
129000 2.02855 -0.058829 0.0199447
130000 1.99209 -0.0628043 0.0195257
131000 1.98461 -0.0728942 0.019383
132000 1.95151 -0.0481406 0.0191702
133000 2.02631 -0.0505197 0.0199503
134000 2.00656 -0.0764854 0.0195806
135000 1.9741 -0.0779322 0.0192788
136000 1.96695 -0.0700524 0.0191019
137000 1.95937 -0.0759969 0.0192075
138000 2.05571 -0.0594255 0.0203372
139000 1.919 -0.0688807 0.0186639
140000 1.99086 -0.0866492 0.0192143
141000 2.06439 -0.0697947 0.0201256
142000 1.93934 -0.0654712 0.0187019
143000 1.96002 -0.0612449 0.0190379
144000 2.0312 -0.0602392 0.0198891
145000 1.96795 -0.0788317 0.0190671
146000 1.97919 -0.0647752 0.0195507
147000 1.98595 -0.0617477 0.0194266
148000 1.99263 -0.0777959 0.0193555
149000 2.01655 -0.0659706 0.0196434
150000 1.98457 -0.0536966 0.01946
151000 1.96819 -0.0653656 0.0192329
152000 2.05267 -0.0706347 0.0203036
153000 1.97877 -0.0538045 0.0193435
154000 1.96618 -0.0589657 0.019184
155000 1.99609 -0.0561607 0.0194594
156000 2.05686 -0.0537466 0.0204625
157000 1.96928 -0.057992 0.0191731
158000 2.01056 -0.0723735 0.0196872
159000 2.03221 -0.0898116 0.0197054
160000 2.02641 -0.0668422 0.0197121
161000 1.98209 -0.0728783 0.0193554
162000 2.06264 -0.074527 0.0200124
163000 1.95778 -0.0790912 0.0190747
164000 1.9691 -0.072107 0.0191695
165000 2.02903 -0.078433 0.0197857
166000 2.01463 -0.0644556 0.0199037
167000 2.04142 -0.0542052 0.0200466
168000 2.00876 -0.0643831 0.0195944
169000 2.01846 -0.0537834 0.0198073
170000 1.99102 -0.0741263 0.0196352
171000 1.96613 -0.0902562 0.0189889
172000 1.99568 -0.0886578 0.0194483
173000 1.95631 -0.0610338 0.0191214
174000 1.98792 -0.0633005 0.0195794
175000 2.06283 -0.0770081 0.020066
176000 1.94538 -0.0830216 0.0190221
177000 2.01229 -0.0545354 0.0198168
178000 2.01085 -0.0655679 0.0194121
179000 1.97016 -0.0916988 0.0189813
180000 1.96575 -0.0869123 0.0190084
181000 2.0432 -0.0667151 0.0201628
182000 2.00175 -0.0659852 0.0196956
183000 1.98883 -0.0566514 0.0193676
184000 2.01144 -0.0663605 0.0197292
185000 2.04364 -0.0601224 0.0199328
186000 1.99995 -0.0625864 0.0196156
187000 1.9771 -0.0708931 0.0192884
188000 1.98175 -0.0649877 0.0194012
189000 1.97014 -0.086963 0.0193023
190000 1.97074 -0.0761185 0.0191706
191000 1.98869 -0.0650282 0.019421
192000 2.01011 -0.0642933 0.0198066
193000 2.01195 -0.0575761 0.0196943
194000 1.98571 -0.057559 0.0193577
195000 2.00814 -0.0569717 0.0197891
196000 2.01248 -0.0510161 0.0198338
197000 1.99123 -0.0571161 0.0195027
198000 2.01758 -0.0644929 0.0196131
199000 2.00553 -0.0502889 0.0196641
200000 1.98494 -0.0635825 0.0196209
201000 2.00448 -0.0559398 0.0196778
202000 2.03811 -0.0521448 0.0200789
203000 2.04704 -0.0591045 0.0200474
204000 1.94297 -0.0818075 0.0188166
205000 2.04239 -0.0688896 0.0198991
206000 2.02775 -0.0713831 0.0199241
207000 2.04338 -0.0790876 0.0200285
208000 1.91903 -0.0696169 0.0186489
209000 2.04227 -0.0553712 0.0201224
210000 1.97685 -0.0620714 0.0192609
211000 1.94236 -0.0734373 0.0190849
212000 2.03515 -0.0767478 0.020014
213000 1.97538 -0.0715364 0.0191917
214000 1.95217 -0.062623 0.0190933
215000 2.0794 -0.0714018 0.0203243
216000 1.99614 -0.0710733 0.0192197
217000 1.98684 -0.0619322 0.0193166
218000 1.9732 -0.0564907 0.0193712
219000 2.05527 -0.057785 0.0201506
220000 2.03026 -0.0728131 0.0198588
221000 1.98565 -0.05765 0.0194671
222000 1.96176 -0.0608733 0.0192623
223000 2.01997 -0.0729947 0.0197598
224000 2.06364 -0.070586 0.0199699
225000 1.96503 -0.0756 0.0190252
226000 2.00586 -0.0736276 0.0195991
227000 1.97918 -0.0686703 0.0196645
228000 1.98942 -0.0612395 0.0196158
229000 1.96239 -0.0542803 0.0191519
230000 1.95162 -0.0597975 0.0191758
231000 1.97444 -0.0755937 0.0191395
232000 2.01609 -0.0841819 0.0196407
233000 1.96131 -0.0795021 0.01899
234000 1.94834 -0.0657652 0.0192222
235000 2.05367 -0.0766748 0.0200817
236000 1.96165 -0.0922406 0.0191087
237000 2.01456 -0.0779565 0.0194611
238000 1.96583 -0.0560135 0.0191984
239000 1.94229 -0.0524311 0.0189261
240000 2.00959 -0.0632566 0.0198181
241000 2.00431 -0.0585438 0.0197823
242000 1.97819 -0.056753 0.0195383
243000 2.00369 -0.0633591 0.0196963
244000 1.97882 -0.0708677 0.0191834
245000 1.98142 -0.0570495 0.0193383
246000 1.93326 -0.0730514 0.018939
247000 2.00306 -0.0595949 0.0195505
248000 2.06829 -0.0950426 0.0201369
249000 1.93568 -0.0853744 0.0189524
250000 2.06655 -0.0702947 0.0201473
251000 1.97309 -0.0778886 0.0192434
252000 1.94259 -0.0856511 0.0188055
253000 2.02295 -0.056761 0.0200058
254000 2.00185 -0.0662448 0.0195075
255000 1.99533 -0.0569736 0.0194934
256000 1.95353 -0.0570303 0.0190976
257000 2.03034 -0.0954353 0.0196175
258000 2.03859 -0.0740325 0.0199842
259000 1.9617 -0.0715952 0.0191861
260000 2.01224 -0.0742505 0.0196982
261000 2.02849 -0.0661063 0.0197398
262000 1.96958 -0.074964 0.0192524
263000 2.01907 -0.070833 0.0198702
264000 2.01926 -0.0819546 0.0198595
265000 2.01307 -0.0793167 0.019409
266000 1.97535 -0.0755851 0.019081
267000 2.01738 -0.0656449 0.0196721
268000 1.99581 -0.0703297 0.0195347
269000 2.0234 -0.0614466 0.0197951
270000 2.00577 -0.0657913 0.0195561
271000 1.95895 -0.0679925 0.0192115
272000 2.01897 -0.0512948 0.0199238
273000 1.94682 -0.0612268 0.0190167
274000 1.9256 -0.0719123 0.0188322
275000 2.025 -0.074039 0.0199426
276000 2.00011 -0.0721117 0.0193876
277000 1.98587 -0.0522991 0.0196762
278000 1.97618 -0.0651527 0.0194001
279000 1.97776 -0.0628503 0.0193859
280000 1.97483 -0.062791 0.0194387
281000 2.03827 -0.0699489 0.0197363
282000 1.95306 -0.0641664 0.0193035
283000 2.03727 -0.0589383 0.0199488
284000 2.01845 -0.0571305 0.0198883
285000 2.05674 -0.047229 0.020322
286000 1.98031 -0.0672067 0.0195175
287000 1.97982 -0.071509 0.0194739
288000 1.97926 -0.0631927 0.019293
289000 1.96412 -0.0638268 0.0192058
290000 2.01003 -0.0479568 0.0199074
291000 1.96745 -0.0679598 0.0191734
292000 2.03742 -0.049894 0.0200321
293000 1.96506 -0.0447444 0.0195445
294000 2.05076 -0.0478806 0.0202467
295000 1.95072 -0.0589711 0.0190324
296000 2.0742 -0.060156 0.0202304
297000 2.02754 -0.0685264 0.0198239
298000 1.98907 -0.0651476 0.0194591
299000 1.92525 -0.0772656 0.0188352
300000 2.04803 -0.0635994 0.0199507
301000 1.99808 -0.0726167 0.0194678
302000 2.0183 -0.0588197 0.0198303
303000 1.95997 -0.0614125 0.0191107
304000 1.97233 -0.0644156 0.0191718
305000 2.02029 -0.0730379 0.0196456
306000 1.98799 -0.0705566 0.0194447
307000 2.01282 -0.072824 0.0197442
308000 1.98687 -0.0732031 0.0192689
309000 2.00345 -0.0662791 0.0195655
310000 1.99545 -0.0701987 0.0195344
311000 1.98211 -0.0679491 0.0194349
312000 1.9623 -0.0623614 0.0191815
313000 1.9871 -0.0644199 0.0193344
314000 1.97102 -0.0644279 0.0193328
315000 2.00799 -0.0815441 0.0196207
316000 1.98792 -0.0717706 0.0193564
317000 1.98729 -0.0636489 0.0192468
318000 1.96466 -0.0697064 0.0194462
319000 1.98134 -0.072423 0.0192978
320000 1.98821 -0.0727073 0.0195047
321000 1.97575 -0.0812971 0.0190416
322000 1.99844 -0.0915791 0.0194057
323000 2.04004 -0.060123 0.0199317
324000 1.98962 -0.0448507 0.0194253
325000 1.9867 -0.056769 0.0197361
326000 1.94281 -0.0583667 0.0191729
327000 2.04665 -0.0730208 0.0201572
328000 1.98249 -0.08478 0.0192438
329000 1.94876 -0.0977349 0.0189283
330000 2.00914 -0.07727 0.0194619
331000 2.0058 -0.0654923 0.0196992
332000 1.96363 -0.0636018 0.0189757
333000 1.95046 -0.0652479 0.0188691
334000 2.03272 -0.0657831 0.0197804
335000 1.99924 -0.0512252 0.0195964
336000 1.97008 -0.0604074 0.0195182
337000 1.98894 -0.06987 0.0191678
338000 2.04775 -0.0680156 0.0199501
339000 1.97258 -0.0733726 0.0193587
340000 2.01171 -0.0807572 0.0195451
341000 2.02311 -0.0863413 0.019588
342000 1.96572 -0.0682692 0.0194127
343000 2.01725 -0.0535907 0.0198314
344000 2.03639 -0.0694682 0.0199589
345000 1.99761 -0.0582506 0.0195987
346000 1.94851 -0.0706818 0.0189137
347000 1.96238 -0.0709803 0.0190304
348000 1.99483 -0.0656246 0.0194274
349000 1.97062 -0.072869 0.0191135
350000 1.95317 -0.0698383 0.0191069
351000 2.03385 -0.0822204 0.0197486
352000 1.97919 -0.0663234 0.0192854
353000 1.99281 -0.0710217 0.0193684
354000 2.04717 -0.0783404 0.019754
355000 1.94695 -0.0624184 0.0188295
356000 2.0191 -0.0601311 0.0197106
357000 2.03858 -0.0669064 0.0200817
358000 1.94281 -0.0589248 0.0188434
359000 1.95249 -0.0621242 0.0192504
360000 2.00192 -0.066721 0.0195168
361000 1.97141 -0.0776884 0.0190971
362000 1.91757 -0.0656048 0.0188311
363000 2.04911 -0.0853127 0.0201441
364000 1.9418 -0.065483 0.0192199
365000 2.04318 -0.0693011 0.0199407
366000 2.00962 -0.0702532 0.0197025
367000 2.02951 -0.0671482 0.0199699
368000 1.98327 -0.0783974 0.0193197
369000 2.00939 -0.0738459 0.0193236
370000 1.99984 -0.0596803 0.0194208
371000 1.96228 -0.0641136 0.0194247
372000 2.0069 -0.0660327 0.0197864
373000 2.04426 -0.0669084 0.0198018
374000 1.98645 -0.0979153 0.0190482
375000 1.98756 -0.0604118 0.0193791
376000 2.04569 -0.0693288 0.0199072
377000 1.95784 -0.0619173 0.0191293
378000 2.00164 -0.0722412 0.0193181
379000 1.99767 -0.0751777 0.0195543
380000 1.9718 -0.0664629 0.0192799
381000 1.9929 -0.0659295 0.0193711
382000 1.97578 -0.0870835 0.0191824
383000 2.06185 -0.0798107 0.0200682
384000 1.97008 -0.0701772 0.0191162
385000 1.97408 -0.0688084 0.0192414
386000 2.0564 -0.0589942 0.020079
387000 2.04707 -0.0621222 0.0200096
388000 2.01322 -0.0565581 0.0197012
389000 1.99598 -0.0680343 0.0195425
390000 1.95858 -0.0567706 0.0191357
391000 2.01163 -0.058138 0.019741
392000 2.00604 -0.0633246 0.0195757
393000 2.03697 -0.0544898 0.0202118
394000 1.97112 -0.0629186 0.0193546
395000 1.99419 -0.0607606 0.0196561
396000 2.04423 -0.0627037 0.020125
397000 1.94542 -0.0704889 0.0188338
398000 2.04826 -0.0532788 0.0200131
399000 1.95551 -0.0761991 0.0191198
400000 1.96077 -0.0613039 0.0191748
401000 2.00596 -0.0577674 0.0197164
402000 1.94266 -0.0624355 0.0191942
403000 1.93014 -0.0619784 0.0188622
404000 2.02786 -0.0577168 0.019872
405000 1.98847 -0.0703304 0.0194272
406000 2.0733 -0.065215 0.0203729
407000 2.00575 -0.0689723 0.0193349
408000 2.01531 -0.0658967 0.0198784
409000 2.04578 -0.0556646 0.0200313
410000 2.03322 -0.0535168 0.0199875
411000 1.97803 -0.0629989 0.0192465
412000 1.95437 -0.079822 0.019006
413000 2.06163 -0.0590508 0.0201823
414000 1.98081 -0.0644363 0.0193116
415000 2.01975 -0.0747797 0.0195935
416000 1.98378 -0.0802362 0.0193339
417000 1.94147 -0.0668008 0.0188558
418000 2.06639 -0.0624244 0.020225
419000 2.02582 -0.0583251 0.0197512
420000 1.99692 -0.0596222 0.019636
421000 1.99003 -0.0723321 0.0194086
422000 2.00801 -0.0555379 0.0196032
423000 1.93812 -0.0598474 0.0189577
424000 1.97035 -0.0667747 0.0193235
425000 2.01467 -0.0930075 0.0194204
426000 1.93909 -0.100214 0.0190175
427000 1.99922 -0.0794087 0.0195412
428000 2.01163 -0.0767268 0.0196237
429000 2.01624 -0.0765748 0.0198848
430000 2.0191 -0.0651931 0.0197383
431000 2.00405 -0.0586061 0.0197398
432000 1.97894 -0.0610847 0.0193625
433000 1.9997 -0.0651658 0.0194465
434000 2.01733 -0.0612038 0.0198006
435000 2.0856 -0.0675176 0.0204056
436000 1.94405 -0.0785866 0.0187906
437000 2.06436 -0.0770016 0.0200689
438000 1.92198 -0.0813403 0.0188409
439000 2.03191 -0.0677488 0.0199817
440000 2.01818 -0.0660306 0.0198307
441000 1.96256 -0.0725169 0.0191727
442000 1.9412 -0.0730398 0.018976
443000 2.05258 -0.0609722 0.0200127
444000 1.99839 -0.0696995 0.0194002
445000 2.03129 -0.0538581 0.0200448
446000 2.02681 -0.0488325 0.0199038
447000 1.93542 -0.0601164 0.019048
448000 2.02085 -0.0663372 0.0196908
449000 1.98089 -0.0651628 0.0193192
450000 1.97629 -0.0893667 0.0193645
451000 1.95427 -0.0654201 0.019081
452000 1.97162 -0.0616331 0.0191209
453000 1.97216 -0.0749719 0.0191966
454000 1.96067 -0.0540998 0.0191817
455000 1.96123 -0.0681028 0.0190471
456000 2.02843 -0.062593 0.0199159
457000 2.05499 -0.0564283 0.0203867
458000 1.97558 -0.0581417 0.0190693
459000 2.05351 -0.049258 0.0201062
460000 2.08158 -0.0535157 0.0205393
461000 1.90791 -0.0659828 0.0186358
462000 2.00112 -0.0692847 0.0196448
463000 2.00063 -0.0586021 0.0195172
464000 1.98207 -0.0744991 0.0194894
465000 2.00116 -0.0586897 0.0194713
466000 2.04982 -0.0644491 0.0201432
467000 1.945 -0.0583778 0.0192154
468000 2.03168 -0.0740965 0.0197861
469000 1.97397 -0.0618365 0.0192401
470000 1.98226 -0.0574669 0.0193723
471000 1.95056 -0.0448061 0.0190321
472000 1.94299 -0.0589322 0.0190516
473000 1.93594 -0.0636842 0.0188359
474000 2.0094 -0.0662289 0.0195227
475000 1.96184 -0.0765598 0.0192335
476000 1.9912 -0.0930933 0.0191791
477000 1.9903 -0.0666312 0.0195199
478000 1.9598 -0.0502002 0.0191552
479000 1.99791 -0.0717251 0.0192359
480000 1.96972 -0.0743234 0.0193589
481000 2.0286 -0.064722 0.0197621
482000 1.97164 -0.0862693 0.0193034
483000 1.97217 -0.0780358 0.0193346
484000 2.06096 -0.0779313 0.0199937
485000 2.00186 -0.0620756 0.0195996
486000 2.00005 -0.0647699 0.0194619
487000 2.00042 -0.074404 0.0196203
488000 1.95123 -0.0716275 0.0190014
489000 1.97596 -0.0568622 0.0193299
490000 1.99039 -0.0743591 0.0193277
491000 1.97771 -0.0780412 0.0196324
492000 2.04158 -0.0682719 0.0197907
493000 2.00328 -0.0697032 0.0195177
494000 1.97161 -0.0716993 0.0191291
495000 2.0251 -0.0623 0.0199752
496000 1.98943 -0.063891 0.0193048
497000 1.97299 -0.065086 0.0194049
498000 2.0367 -0.0604982 0.0198508
499000 2.05018 -0.0482518 0.0201738
500000 1.92539 -0.0620976 0.0186906
501000 2.03561 -0.0885297 0.0198685
502000 2.04168 -0.0780504 0.0198013
503000 1.94255 -0.060242 0.0190779
504000 2.00867 -0.0629665 0.0196428
505000 1.97956 -0.0631428 0.0195112
506000 2.0602 -0.053209 0.0201347
507000 1.99508 -0.0554118 0.0197071
508000 1.97167 -0.06808 0.0193565
509000 2.00662 -0.0675982 0.0195914
510000 1.93633 -0.0572166 0.0190885
511000 2.00837 -0.0491868 0.0197644
512000 2.03935 -0.0538999 0.0199185
513000 1.99531 -0.0612047 0.0195692
514000 2.04625 -0.0536027 0.0200411
515000 1.97684 -0.0678392 0.0192112
516000 2.03723 -0.0832473 0.0196327
517000 1.96453 -0.0678527 0.0193865
518000 2.01395 -0.0776749 0.0197751
519000 2.00472 -0.0571511 0.0195514
520000 1.97421 -0.0562998 0.0193355
521000 2.05137 -0.0633118 0.0201814
522000 2.06365 -0.0682408 0.0202784
523000 2.01752 -0.0548521 0.0196584
524000 2.044 -0.0598679 0.0199417
525000 1.99471 -0.0590065 0.0196559
526000 1.9899 -0.067138 0.0194015
527000 2.02805 -0.0663213 0.0198108
528000 1.99541 -0.0747297 0.0193831
529000 1.99283 -0.0585544 0.0198172
530000 2.00614 -0.0664027 0.0195364
531000 1.99456 -0.0638559 0.0195173
532000 2.02094 -0.0571843 0.0197445
533000 1.96827 -0.0727453 0.019103
534000 1.97492 -0.070251 0.0192839
535000 2.01984 -0.0759099 0.0196068
536000 1.98459 -0.0621511 0.0194608
537000 2.04971 -0.0582655 0.0199441
538000 1.96292 -0.0628854 0.0190711
539000 1.96555 -0.0714647 0.019186
540000 2.06837 -0.100608 0.0198682
541000 1.95359 -0.10279 0.0188846
542000 1.98179 -0.0790861 0.0194947
543000 2.03555 -0.073528 0.0199419
544000 1.94551 -0.0738417 0.0189458
545000 2.00262 -0.0660329 0.0197013
546000 1.97958 -0.0502756 0.0194254
547000 2.06566 -0.0639197 0.0201563
548000 1.99319 -0.0501881 0.0197618
549000 1.9441 -0.0637826 0.018965
550000 2.05478 -0.0727941 0.0198604
551000 2.00432 -0.0738646 0.0194066
552000 2.00952 -0.0830658 0.0195185
553000 1.99404 -0.087126 0.0195411
554000 1.98564 -0.0770369 0.0194621
555000 2.02586 -0.076668 0.0196846
556000 1.9436 -0.0691043 0.0191189
557000 2.0134 -0.0671782 0.0197524
558000 2.00131 -0.0683615 0.0196937
559000 1.97351 -0.0656942 0.0193427
560000 2.02882 -0.0572832 0.019963
561000 2.02862 -0.0654846 0.0197693
562000 2.01479 -0.0638078 0.0198785
563000 1.99392 -0.056583 0.0194848
564000 1.99921 -0.0633815 0.0196147
565000 1.98767 -0.0725337 0.0193833
566000 2.00783 -0.0745528 0.0196035
567000 2.06095 -0.0765828 0.020015
568000 1.96257 -0.0694944 0.0190348
569000 2.01242 -0.0645137 0.0197429
570000 2.01633 -0.0672147 0.0197328
571000 2.01404 -0.048291 0.0199481
572000 1.99975 -0.0570188 0.0196229
573000 2.00175 -0.0552062 0.0196558
574000 1.99069 -0.0609774 0.0197384
575000 2.01541 -0.0530755 0.0198553
576000 1.99286 -0.0649961 0.0194545
577000 1.92654 -0.064066 0.0185812
578000 2.0459 -0.0670311 0.019954
579000 2.03539 -0.0700609 0.0197529
580000 2.01939 -0.0652158 0.0199011
581000 2.05428 -0.054687 0.0199739
582000 1.97877 -0.0664458 0.0193644
583000 1.99791 -0.0683487 0.0195195
584000 1.95866 -0.0744617 0.0190239
585000 1.97345 -0.063825 0.0193539
586000 2.04388 -0.0759499 0.0201293
587000 1.93169 -0.078939 0.0188705
588000 2.02008 -0.0830686 0.0196473
589000 2.03127 -0.0841443 0.0197131
590000 1.99132 -0.0763208 0.0197717
591000 2.06778 -0.0970489 0.0201942
592000 2.01587 -0.103405 0.0195321
593000 1.95766 -0.0777378 0.0189045
594000 1.98808 -0.0475598 0.0194934
595000 1.97116 -0.046197 0.0193717
596000 1.98508 -0.0603097 0.0194441
597000 1.97132 -0.0626044 0.0193418
598000 1.97421 -0.0578941 0.0192431
599000 1.98622 -0.042249 0.0194796
600000 1.91425 -0.050967 0.0187475
601000 2.07405 -0.0625268 0.0203538
602000 1.99114 -0.0601071 0.019456
603000 1.99508 -0.0622975 0.0195798
604000 1.95001 -0.0658014 0.0192549
605000 1.96331 -0.0702174 0.0190821
606000 1.9587 -0.0621613 0.019145
607000 1.92937 -0.0523426 0.0190345
608000 2.03621 -0.0481884 0.0200656
609000 1.97161 -0.0596663 0.0196032
610000 2.02249 -0.0801109 0.0197094
611000 1.93002 -0.0630436 0.0190305
612000 2.04487 -0.0734381 0.0200505
613000 2.03064 -0.0799811 0.0200577
614000 1.97838 -0.0690608 0.0193102
615000 2.02132 -0.0686552 0.01987
616000 2.01632 -0.0649031 0.0197659
617000 2.01483 -0.0555174 0.0196599
618000 1.96593 -0.074967 0.0191034
619000 1.99232 -0.0721152 0.0193501
620000 1.98916 -0.0887724 0.0193095
621000 2.02341 -0.0946458 0.0195041
622000 1.99942 -0.0932663 0.019534
623000 1.97505 -0.106821 0.0191008
624000 2.01005 -0.0879067 0.0195699
625000 1.99162 -0.0759981 0.0193111
626000 1.99657 -0.0621301 0.0194857
627000 2.03142 -0.059662 0.0197846
628000 1.93444 -0.051298 0.0189899
629000 2.04717 -0.0561503 0.0200271
630000 2.01884 -0.0646036 0.0198459
631000 2.0682 -0.0578142 0.0203175
632000 1.95481 -0.0668445 0.0190619
633000 1.9725 -0.0729937 0.0191179
634000 1.94824 -0.0672175 0.0188874
635000 2.09627 -0.0681796 0.0204066
636000 2.01886 -0.0663357 0.0195854
637000 1.95326 -0.0612314 0.019202
638000 2.03017 -0.0659894 0.0196812
639000 2.03899 -0.0612771 0.0199586
640000 2.01422 -0.0674187 0.0197028
641000 1.95481 -0.0666001 0.0191566
642000 2.05433 -0.0649646 0.0203423
643000 2.03295 -0.0732808 0.0197921
644000 1.99111 -0.0612442 0.0194072
645000 1.94881 -0.0652402 0.0189768
646000 2.05998 -0.0944128 0.0197697
647000 1.98361 -0.0785524 0.0193302
648000 2.04974 -0.0650791 0.0200267
649000 2.05087 -0.0601162 0.0200731
650000 2.00852 -0.0614528 0.0195946
651000 2.04423 -0.0650158 0.0199875
652000 1.92877 -0.0636601 0.0188525
653000 2.02007 -0.071087 0.019834
654000 1.98331 -0.0766535 0.0192844
655000 2.04375 -0.0732157 0.0200733
656000 1.96334 -0.0713737 0.0190584
657000 1.97077 -0.0657919 0.0194425
658000 1.97043 -0.0562035 0.0192099
659000 2.02523 -0.0725532 0.0198417
660000 1.98413 -0.0906731 0.0195364
661000 2.04837 -0.0833872 0.0198976
662000 1.98664 -0.0721077 0.0193264
663000 2.0288 -0.0687825 0.0198144
664000 2.02098 -0.078209 0.0198329
665000 2.00458 -0.0693073 0.0197638
666000 1.99017 -0.0652702 0.0194663
667000 1.95801 -0.0574419 0.019035
668000 1.99131 -0.0609603 0.0196359
669000 2.03024 -0.0626891 0.0198482
670000 2.02206 -0.0698128 0.019844
671000 2.02235 -0.0531244 0.0199899
672000 1.99135 -0.046945 0.0197945
673000 1.99286 -0.059389 0.0195539
674000 1.96311 -0.0526639 0.0191416
675000 2.05673 -0.0540531 0.020368
676000 1.98956 -0.0652652 0.0193101
677000 1.94551 -0.061143 0.0191266
678000 2.04097 -0.0564718 0.019929
679000 2.02828 -0.0566779 0.0201372
680000 2.03215 -0.0773125 0.0199207
681000 2.04877 -0.0805609 0.0200291
682000 1.95915 -0.0808684 0.0190763
683000 2.02669 -0.0672311 0.0198256
684000 2.04613 -0.0673162 0.0200207
685000 1.97367 -0.0671196 0.0191123
686000 1.9847 -0.058929 0.0197458
687000 1.9685 -0.0698185 0.019147
688000 1.97844 -0.0778673 0.0190525
689000 1.99615 -0.0733312 0.0196274
690000 2.033 -0.0906879 0.0197573
691000 1.99184 -0.0801785 0.0194399
692000 2.00873 -0.0956592 0.0194819
693000 2.00723 -0.0606651 0.0193624
694000 2.04168 -0.0598939 0.0201672
695000 1.99962 -0.0703703 0.0193875
696000 1.99092 -0.0676216 0.0193562
697000 1.9733 -0.0806052 0.0189859
698000 1.98732 -0.0771392 0.0194097
699000 2.05265 -0.0618889 0.0199456
700000 1.96366 -0.0627205 0.0191828
701000 2.00342 -0.0826608 0.0195634
702000 1.95408 -0.0885332 0.0189965
703000 2.06416 -0.0782608 0.0198949
704000 2.03491 -0.0692087 0.0197181
705000 1.98164 -0.061383 0.0193671
706000 2.03377 -0.0556793 0.0201896
707000 2.07773 -0.0528567 0.0204305
708000 1.98656 -0.0668882 0.0193869
709000 1.93737 -0.0596655 0.0188723
710000 2.06409 -0.0601726 0.0201599
711000 1.98651 -0.0551792 0.019487
712000 1.94091 -0.0820663 0.0187734
713000 1.97457 -0.0752186 0.0192762
714000 1.99318 -0.0459348 0.0200143
715000 1.94367 -0.0586037 0.0191287
716000 1.98368 -0.0543507 0.0197343
717000 1.97754 -0.0712855 0.0191536
718000 2.06556 -0.0713665 0.0201395
719000 2.05112 -0.0645484 0.0200196
720000 1.94861 -0.0560814 0.0191038
721000 2.00742 -0.0568344 0.0197691
722000 1.99542 -0.0635525 0.0196895
723000 1.9792 -0.0762906 0.0191183
724000 2.05815 -0.0617684 0.0202777
725000 1.93877 -0.0671605 0.0189117
726000 1.99676 -0.0610249 0.0194009
727000 2.08963 -0.0536153 0.0204981
728000 1.96793 -0.0500981 0.0193416
729000 2.02949 -0.0538096 0.0199784
730000 1.96167 -0.0544167 0.01926
731000 2.0384 -0.0665528 0.0200259
732000 1.96246 -0.0656373 0.0190916
733000 2.07744 -0.0835419 0.0199995
734000 1.98588 -0.0732732 0.0195022
735000 2.01772 -0.055877 0.0196153
736000 1.98367 -0.0720231 0.0194318
737000 1.97423 -0.0515893 0.0194045
738000 2.06312 -0.0489638 0.0202344
739000 1.952 -0.087233 0.0189826
740000 2.07813 -0.103546 0.0200393
741000 1.91573 -0.100575 0.0183661
742000 1.98727 -0.0870073 0.0194449
743000 2.00788 -0.0492205 0.0197631
744000 1.99765 -0.0589926 0.0195789
745000 2.05231 -0.0602679 0.0201285
746000 1.99626 -0.058001 0.0196205
747000 2.02431 -0.0701935 0.0196254
748000 1.94528 -0.0656977 0.018872
749000 1.93734 -0.0677415 0.0188309
750000 2.05199 -0.0529622 0.0201106
751000 2.01408 -0.0718463 0.0196568
752000 1.97261 -0.0580518 0.0192935
753000 2.00107 -0.0759898 0.0194234
754000 2.00634 -0.0874019 0.0195014
755000 2.0147 -0.0681379 0.019674
756000 1.96602 -0.0804714 0.0191945
757000 2.01092 -0.0661469 0.0197066
758000 2.02447 -0.0517952 0.0198478
759000 1.97447 -0.0614833 0.019316
760000 2.01144 -0.0622611 0.0198119
761000 1.98425 -0.0876038 0.0193113
762000 2.03495 -0.0786005 0.0200079
763000 1.99801 -0.069492 0.0193599
764000 1.97227 -0.068026 0.0193517
765000 1.96908 -0.0708606 0.0192931
766000 1.93101 -0.0841364 0.0185887
767000 2.01018 -0.078291 0.0195171
768000 2.01075 -0.0697403 0.0196895
769000 1.982 -0.0674447 0.019222
770000 1.96237 -0.0510307 0.0193518
771000 2.05266 -0.0666672 0.0199678
772000 2.03188 -0.0715475 0.0200383
773000 1.98184 -0.0601608 0.0195596
774000 1.97187 -0.0769549 0.0191421
775000 2.05507 -0.057315 0.0201354
776000 2.00731 -0.0582947 0.0196119
777000 1.9391 -0.0636062 0.018909
778000 2.02935 -0.0659298 0.0198548
779000 2.02494 -0.0640826 0.0197909
780000 2.01058 -0.0564991 0.0196076
781000 1.94514 -0.0597477 0.0190523
782000 2.00968 -0.059951 0.0195376
783000 1.99448 -0.0583679 0.019768
784000 2.05142 -0.0537323 0.0202267
785000 1.9781 -0.063097 0.0194087
786000 1.96292 -0.0808617 0.0189772
787000 1.98739 -0.0833209 0.0193972
788000 2.02203 -0.0840978 0.0196897
789000 2.04211 -0.0792484 0.0200695
790000 1.93442 -0.0627905 0.0189084
791000 2.05169 -0.0686119 0.0201243
792000 2.01847 -0.0501634 0.0197553
793000 1.9695 -0.0653622 0.0192457
794000 1.98576 -0.0570872 0.0194163
795000 2.0037 -0.0532875 0.0195267
796000 1.98016 -0.0822332 0.0191126
797000 1.974 -0.0609713 0.0195248
798000 1.92513 -0.0672768 0.0188476
799000 2.08279 -0.0588166 0.0203497
800000 2.01187 -0.0575156 0.0195434
801000 1.98336 -0.0670133 0.0193447
802000 1.99104 -0.0616072 0.0195249
803000 1.98155 -0.0794763 0.0193614
804000 2.01064 -0.0814432 0.0197663
805000 2.06395 -0.0660079 0.0200542
806000 1.9533 -0.0628066 0.018866
807000 2.01054 -0.059428 0.0195424
808000 2.02069 -0.0677807 0.0196055
809000 1.99561 -0.0608295 0.0195063
810000 2.00967 -0.0676185 0.0197042
811000 1.94364 -0.0532229 0.0189368
812000 2.0436 -0.0632466 0.0201095
813000 1.99934 -0.0618948 0.019439
814000 1.98472 -0.0583098 0.0193589
815000 2.0176 -0.0524072 0.0199581
816000 1.98137 -0.0576579 0.0193568
817000 2.02999 -0.0556073 0.0200053
818000 2.04547 -0.0932815 0.0201038
819000 2.05863 -0.0756148 0.0201851
820000 1.98221 -0.0779584 0.0193361
821000 2.00062 -0.0757666 0.019407
822000 1.94858 -0.0545695 0.0192686
823000 1.97682 -0.0604764 0.0194391
824000 1.95547 -0.0716408 0.0189848
825000 2.05027 -0.0739266 0.0198336
826000 1.97091 -0.0695694 0.0193341
827000 1.97759 -0.0643291 0.0192905
828000 2.01392 -0.0692006 0.0197756
829000 1.95497 -0.0700601 0.0188222
830000 2.00532 -0.079745 0.019834
831000 2.00407 -0.0639145 0.0195977
832000 1.98517 -0.0692109 0.0193608
833000 2.0003 -0.0654993 0.0194226
834000 1.98296 -0.0726199 0.01942
835000 2.01538 -0.0639272 0.019852
836000 2.00661 -0.081736 0.0195779
837000 2.01809 -0.089369 0.0195237
838000 1.98001 -0.0757772 0.0194851
839000 1.9649 -0.0628865 0.0191288
840000 2.06681 -0.0656057 0.0202025
841000 1.96091 -0.0612096 0.0190242
842000 1.98286 -0.0592933 0.0195175
843000 2.0509 -0.0628622 0.0200757
844000 1.9997 -0.0739913 0.0193988
845000 1.96319 -0.065793 0.0191996
846000 2.02992 -0.0610794 0.0197594
847000 2.02606 -0.0503655 0.0199205
848000 2.03241 -0.0580798 0.0199993
849000 1.9789 -0.0716922 0.0192115
850000 2.0574 -0.0557863 0.0201631
851000 2.07243 -0.0566371 0.0203587
852000 2.03991 -0.0616284 0.0201872
853000 1.99635 -0.0834995 0.0195016
854000 2.01432 -0.0682959 0.0199326
855000 2.01801 -0.0832251 0.0197059
856000 1.99957 -0.0748468 0.0194011
857000 1.93866 -0.0605679 0.0189876
858000 1.97584 -0.0615266 0.0193343
859000 2.0227 -0.0574294 0.0199535
860000 1.98968 -0.0613998 0.0194017
861000 2.02567 -0.0507888 0.0200367
862000 1.98561 -0.0674923 0.0192821
863000 2.00769 -0.0611358 0.0200157
864000 2.03302 -0.0591801 0.0198485
865000 1.97965 -0.0797637 0.0193885
866000 1.97826 -0.0533396 0.0194708
867000 2.03817 -0.0722457 0.019977
868000 2.02749 -0.0434296 0.0199966
869000 2.0175 -0.0500863 0.0197358
870000 1.92762 -0.065733 0.0187221
871000 2.00055 -0.0623379 0.0194506
872000 2.0312 -0.0643135 0.01983
873000 1.99539 -0.0712359 0.0194577
874000 2.00333 -0.0717029 0.0194678
875000 2.01475 -0.0529618 0.0197064
876000 2.04262 -0.0545136 0.0202435
877000 2.0209 -0.0638176 0.0199888
878000 2.06197 -0.0620602 0.0200935
879000 2.00729 -0.0574154 0.0198605
880000 1.98523 -0.0544984 0.0193737
881000 2.00747 -0.0513887 0.0196118
882000 1.99006 -0.0668939 0.0194027
883000 2.04921 -0.0615259 0.0199873
884000 2.04583 -0.0665281 0.0200028
885000 2.03349 -0.0591615 0.0202442
886000 1.93688 -0.0765359 0.018828
887000 2.05374 -0.0579857 0.0202808
888000 1.93567 -0.0572982 0.01887
889000 2.06331 -0.067806 0.0199891
890000 2.02051 -0.0426949 0.0197691
891000 1.99231 -0.0626363 0.0195331
892000 2.05237 -0.0684861 0.0200304
893000 1.99934 -0.0829364 0.0193531
894000 2.02346 -0.0736456 0.0196935
895000 1.9857 -0.0742884 0.019089
896000 1.97208 -0.0639676 0.0193464
897000 1.97174 -0.0656937 0.0192328
898000 2.01091 -0.0735405 0.0196575
899000 1.99104 -0.0765875 0.0193472
900000 1.92593 -0.0732382 0.0186317
901000 2.05619 -0.0813819 0.0200272
902000 1.96435 -0.0708275 0.0190612
903000 2.03772 -0.0550601 0.0202798
904000 1.96665 -0.0562935 0.0191997
905000 1.94764 -0.0636148 0.0190818
906000 1.99992 -0.0606558 0.0195561
907000 2.00528 -0.0633135 0.01948
908000 1.98824 -0.0749355 0.0193825
909000 2.02801 -0.0787473 0.0196488
910000 2.03668 -0.0801231 0.0200682
911000 2.01029 -0.0917752 0.0196981
912000 2.01599 -0.0774579 0.0196307
913000 2.04941 -0.0640564 0.0198591
914000 1.96354 -0.0630213 0.019374
915000 1.95581 -0.0838067 0.0190906
916000 2.0778 -0.0837288 0.0204336
917000 1.9686 -0.090569 0.0192336
918000 2.05047 -0.067503 0.020048
919000 1.98642 -0.0592552 0.0197769
920000 2.0457 -0.0852999 0.0199651
921000 1.91656 -0.0764506 0.018627
922000 2.06804 -0.0677109 0.0203077
923000 1.9647 -0.0574276 0.0193513
924000 1.93382 -0.0799599 0.0187497
925000 2.03053 -0.054283 0.020087
926000 1.99299 -0.0645283 0.0193785
927000 1.98243 -0.068466 0.0194044
928000 2.02065 -0.0742388 0.0197228
929000 1.9651 -0.0889201 0.0190492
930000 2.01712 -0.0669871 0.0196224
931000 2.02024 -0.0628067 0.0198413
932000 1.93638 -0.0538365 0.0191464
933000 2.04337 -0.0524843 0.0201152
934000 1.91469 -0.054725 0.0189361
935000 2.05332 -0.0695462 0.0199342
936000 2.02165 -0.0755862 0.0195017
937000 1.9651 -0.077895 0.0189907
938000 1.97566 -0.0848556 0.0190877
939000 2.08068 -0.0707714 0.0204401
940000 1.99365 -0.075537 0.0193856
941000 1.95519 -0.0651303 0.0188748
942000 2.0447 -0.0669964 0.0203087
943000 1.98858 -0.0572286 0.0194445
944000 2.03843 -0.0600553 0.020038
945000 1.96242 -0.0565554 0.0191265
946000 1.95536 -0.0591991 0.0189598
947000 1.99576 -0.058059 0.0195196
948000 1.97195 -0.0602712 0.0193612
949000 1.97953 -0.0624584 0.0192963
950000 1.98463 -0.0629254 0.0194177
951000 2.02049 -0.0578099 0.0198571
952000 2.00369 -0.0619816 0.0196038
953000 1.98702 -0.0549493 0.0198084
954000 2.00103 -0.0501993 0.0197023
955000 1.99417 -0.0640724 0.0192202
956000 1.96356 -0.055249 0.0193663
957000 1.98317 -0.0578731 0.0194569
958000 1.99211 -0.0500543 0.0197705
959000 2.04371 -0.0748083 0.0198444
960000 1.99191 -0.0736975 0.0192138
961000 2.00871 -0.062334 0.0196915
962000 2.03662 -0.0717302 0.0197955
963000 1.97179 -0.0744053 0.019219
964000 1.99293 -0.0760153 0.0195394
965000 2.0219 -0.0767551 0.019751
966000 1.98355 -0.0774442 0.0193177
967000 2.0112 -0.0604439 0.0197475
968000 2.04099 -0.0632635 0.0201183
969000 1.95868 -0.0705458 0.0190271
970000 2.03232 -0.0771273 0.0198987
971000 1.96115 -0.0630554 0.019161
972000 2.06708 -0.0578711 0.0205746
973000 1.95052 -0.0638997 0.0191074
974000 1.9311 -0.0463841 0.0191228
975000 1.98508 -0.060472 0.0195573
976000 1.99933 -0.0698674 0.0192926
977000 2.02819 -0.0579987 0.0197518
978000 2.05677 -0.0540923 0.0201962
979000 2.00352 -0.0579551 0.0196584
980000 1.98069 -0.0709891 0.0192345
981000 2.03375 -0.069643 0.0198311
982000 1.93838 -0.0631971 0.0188661
983000 1.99283 -0.0534426 0.0195558
984000 2.02675 -0.0679436 0.0197726
985000 2.0336 -0.0782873 0.0199266
986000 2.0366 -0.0746844 0.0198062
987000 1.9486 -0.0654746 0.0190018
988000 1.99627 -0.0611086 0.019541
989000 2.05483 -0.0588201 0.0202751
990000 1.97609 -0.0589009 0.0191376
991000 1.94183 -0.0845882 0.0188102
992000 2.00582 -0.0992039 0.019192
993000 1.99273 -0.0898211 0.0193435
994000 2.02982 -0.0705643 0.0199101
995000 2.00472 -0.0497996 0.0200466
996000 2.01824 -0.0529066 0.0198399
997000 1.98549 -0.0623884 0.0194769
998000 1.95934 -0.0673446 0.0191336
999000 2.03366 -0.0677271 0.0197423
1000000 1.97681 -0.0732062 0.0190344
1001000 2.01059 -0.0802545 0.0196317
1002000 2.02428 -0.0706739 0.0197187
1003000 2.02382 -0.069634 0.0196067
1004000 2.03133 -0.0591 0.0199332
1005000 2.01254 -0.0746147 0.0195394
1006000 2.03132 -0.0608992 0.0198098
1007000 1.97095 -0.063005 0.019303
1008000 1.98218 -0.078472 0.0193777
1009000 2.03147 -0.0694145 0.0199373
1010000 2.03558 -0.0636683 0.0198215
1011000 1.93799 -0.0778551 0.0188458
1012000 1.97495 -0.0676859 0.0194669
1013000 1.97043 -0.0615479 0.0194168
1014000 2.01928 -0.0765399 0.0198789
1015000 1.94078 -0.0717714 0.0189709
1016000 2.02113 -0.0740383 0.019742
1017000 1.96529 -0.0744815 0.0191604
1018000 2.05193 -0.0726535 0.0198571
1019000 2.0909 -0.064398 0.0203517
1020000 1.9674 -0.0632548 0.019389
1021000 1.97439 -0.0560296 0.019176
1022000 1.96689 -0.0555091 0.0192108
1023000 1.98958 -0.06135 0.0194914
1024000 2.06511 -0.0782926 0.0202926
1025000 1.95663 -0.0547646 0.0195307
1026000 1.92694 -0.0698095 0.0187309
1027000 1.96602 -0.0730225 0.0191511
1028000 1.97015 -0.0699853 0.0192326
1029000 2.02656 -0.071284 0.0198688
1030000 1.98507 -0.0791466 0.0193057
1031000 2.03613 -0.0691098 0.0199273
1032000 1.96926 -0.0717641 0.0192608
1033000 2.04474 -0.0711437 0.019816
1034000 1.99002 -0.0714589 0.0191978
1035000 1.98963 -0.0633707 0.0193419
1036000 2.01819 -0.0576112 0.019694
1037000 2.01846 -0.0755952 0.0197951
1038000 2.0068 -0.0720697 0.0195896
1039000 2.008 -0.0626142 0.0197039
1040000 1.97884 -0.062691 0.0193582
1041000 2.0403 -0.0715699 0.0199216
1042000 1.98234 -0.072069 0.0193281
1043000 2.00895 -0.0810886 0.0193593
1044000 1.99981 -0.0607593 0.0197455
1045000 1.97115 -0.0734089 0.0193416
1046000 1.93527 -0.0861537 0.0188425
1047000 1.97555 -0.0710625 0.0192601
1048000 2.04489 -0.0662662 0.0200423
1049000 1.96798 -0.0694339 0.0191471
1050000 1.98658 -0.068392 0.0193245
1051000 2.09095 -0.0630336 0.0204967
1052000 1.96688 -0.0714965 0.0192024
1053000 2.027 -0.0694712 0.0198191
1054000 1.99951 -0.0683117 0.0194474
1055000 1.92169 -0.0679634 0.0187307
1056000 2.01092 -0.072864 0.0196188
1057000 1.97213 -0.0672201 0.0193365
1058000 1.98212 -0.0606063 0.0194612
1059000 2.00382 -0.0684842 0.0196019
1060000 2.02626 -0.0811906 0.0196382
1061000 2.02167 -0.0877774 0.019785
1062000 2.04773 -0.0653039 0.0198863
1063000 2.00087 -0.0612901 0.019422
1064000 2.01453 -0.0577781 0.0197471
1065000 1.98235 -0.0619017 0.0192246
1066000 2.0128 -0.068059 0.0196889
1067000 1.97995 -0.059785 0.0194779
1068000 1.98026 -0.0702488 0.0192269
1069000 1.94298 -0.0499742 0.0190764
1070000 2.05707 -0.0606089 0.0202175
1071000 2.01015 -0.0672013 0.0197995
1072000 2.04472 -0.0647188 0.0199418
1073000 1.99804 -0.0639932 0.0195033
1074000 1.94218 -0.0664983 0.0189129
1075000 2.03951 -0.0639935 0.0200023
1076000 1.99469 -0.0559152 0.0196009
1077000 1.94405 -0.0640757 0.018932
1078000 2.019 -0.0515502 0.0197468
1079000 1.94716 -0.077325 0.0189027
1080000 1.92858 -0.0558492 0.018952
1081000 2.04081 -0.058706 0.0198695
1082000 2.01857 -0.058239 0.0198044
1083000 1.98957 -0.0737489 0.0193691
1084000 2.02075 -0.0660993 0.0196917
1085000 2.01806 -0.0645156 0.0198163
1086000 2.00512 -0.0562017 0.0196581
1087000 2.04693 -0.059041 0.0198931
1088000 2.02419 -0.0742643 0.0196663
1089000 2.01321 -0.084799 0.0196685
1090000 2.01861 -0.0736175 0.0197052
1091000 2.00202 -0.056781 0.0195483
1092000 1.99445 -0.0708934 0.0194788
1093000 2.04191 -0.0655317 0.0199229
1094000 1.95783 -0.0661963 0.0191295
1095000 2.02411 -0.0632875 0.0198812
1096000 2.07734 -0.067097 0.0201956
1097000 1.91514 -0.0558504 0.0187268
1098000 1.97742 -0.0718078 0.0191027
1099000 1.98053 -0.074841 0.0193959
1100000 1.96053 -0.0637461 0.0192011
