# Time-averaged data for fix 2
# TimeStep v_Temperature v_PotentialEnergy v_Pressure
1000 3.70503 -0.579755 0.37309
2000 3.88814 -0.520269 0.396551
3000 4.10715 -0.513646 0.416852
4000 3.96951 -0.553018 0.409605
5000 3.96859 -0.507331 0.411587
6000 3.95676 -0.546255 0.409516
7000 3.88075 -0.530946 0.398573
8000 4.06849 -0.542404 0.418184
9000 4.07203 -0.537355 0.424634
10000 3.9763 -0.553087 0.410573
11000 4.02624 -0.528326 0.411209
12000 4.02581 -0.546135 0.414838
13000 4.07112 -0.530748 0.418971
14000 3.85631 -0.537787 0.395442
15000 4.10956 -0.55006 0.423524
16000 4.04559 -0.557488 0.410397
17000 3.87922 -0.528878 0.398088
18000 4.13825 -0.524329 0.436654
19000 4.03999 -0.557184 0.416346
20000 3.96917 -0.531064 0.409649
21000 4.12013 -0.509472 0.433717
22000 3.91751 -0.564648 0.401758
23000 4.07778 -0.538274 0.425939
24000 4.06613 -0.531225 0.417138
25000 3.83335 -0.53443 0.408194
26000 3.89244 -0.56937 0.393531
27000 3.9953 -0.526646 0.417057
28000 3.946 -0.545611 0.40414
29000 3.97919 -0.557971 0.41522
30000 3.94082 -0.53581 0.40166
31000 4.03923 -0.501892 0.424057
32000 3.99742 -0.541369 0.416894
33000 3.94202 -0.530793 0.407117
34000 3.97322 -0.533029 0.414334
35000 3.98432 -0.548076 0.398439
36000 4.02806 -0.531985 0.42
37000 4.04952 -0.479698 0.429993
38000 3.99739 -0.516758 0.419826
39000 3.95446 -0.553168 0.419459
40000 4.0819 -0.553279 0.4192
41000 3.93977 -0.485524 0.423511
42000 3.93532 -0.509716 0.400971
43000 4.0958 -0.512887 0.428418
44000 3.94271 -0.534455 0.409313
45000 3.99796 -0.521315 0.414086
46000 3.94324 -0.547277 0.404132
47000 3.94264 -0.543353 0.415686
48000 4.09998 -0.521274 0.424001
49000 3.97493 -0.555377 0.416385
50000 4.02973 -0.54249 0.408148
51000 4.0101 -0.545487 0.412349
52000 4.05795 -0.528426 0.430655
53000 3.99783 -0.540042 0.412676
54000 3.9281 -0.541663 0.396322
55000 3.93954 -0.497819 0.416437
56000 4.05097 -0.53434 0.422852
57000 4.00681 -0.53415 0.411405
58000 3.94111 -0.535186 0.405773
59000 3.92342 -0.555091 0.402091
60000 4.0096 -0.518014 0.412703
61000 4.04307 -0.5509 0.41686
62000 3.97464 -0.562699 0.399608
63000 3.97353 -0.559742 0.409296
64000 4.0629 -0.533489 0.415784
65000 3.92708 -0.527202 0.411711
66000 3.85717 -0.559095 0.392388
67000 4.06802 -0.524664 0.426977
68000 3.91535 -0.537354 0.38965
69000 4.17845 -0.5563 0.427948
70000 3.93751 -0.559184 0.40542
71000 3.965 -0.544905 0.406778
72000 3.96838 -0.535036 0.410656
73000 4.09921 -0.520193 0.420842
74000 4.04879 -0.545268 0.420405
75000 4.06877 -0.543094 0.431067
76000 3.999 -0.546215 0.411842
77000 4.0267 -0.559515 0.413509
78000 4.03913 -0.527946 0.417126
79000 4.02227 -0.529203 0.418715
80000 3.9097 -0.569024 0.407633
81000 3.96588 -0.534364 0.408863
82000 4.00155 -0.548963 0.400883
83000 3.97395 -0.533887 0.410598
84000 4.00323 -0.526659 0.413586
85000 4.02688 -0.514277 0.418423
86000 3.85769 -0.536026 0.39452
87000 4.11619 -0.55658 0.425405
88000 4.00103 -0.530632 0.416929
89000 3.994 -0.544404 0.416739
90000 4.00585 -0.559589 0.397532
91000 3.92202 -0.525917 0.41168
92000 3.96552 -0.558906 0.403531
93000 3.94822 -0.541117 0.402577
94000 3.98153 -0.541546 0.407571
95000 3.9526 -0.513768 0.411552
96000 4.14622 -0.517276 0.439854
97000 4.09861 -0.547401 0.42389
98000 3.89878 -0.529223 0.403527
99000 4.00952 -0.529732 0.414377
100000 4.10356 -0.527493 0.421932
101000 3.88425 -0.569807 0.401098
102000 4.04632 -0.529752 0.420912
103000 3.95423 -0.517578 0.40978
104000 3.95173 -0.53323 0.405818
105000 4.0754 -0.552252 0.419037
106000 4.00223 -0.512468 0.420592
107000 4.11684 -0.590407 0.422138
108000 4.03226 -0.510611 0.417455
109000 3.89085 -0.515319 0.40924
110000 4.0855 -0.524873 0.426066
111000 4.01712 -0.556365 0.408803
112000 4.14201 -0.535585 0.420461
113000 3.94986 -0.554476 0.405248
114000 3.93965 -0.554463 0.407349
115000 4.17021 -0.55582 0.428969
116000 4.09663 -0.537082 0.422584
117000 3.95218 -0.525055 0.407913
118000 3.99364 -0.542228 0.409868
119000 4.02611 -0.549249 0.411947
120000 3.93164 -0.513581 0.408752
121000 4.01679 -0.547181 0.420329
122000 3.94188 -0.533198 0.401797
123000 4.09598 -0.559118 0.426063
124000 4.171 -0.536376 0.426183
125000 4.05011 -0.550596 0.423648
126000 3.97357 -0.585442 0.408421
127000 4.09912 -0.538043 0.41778
128000 3.93136 -0.538655 0.410524
129000 3.98638 -0.539767 0.421145
130000 4.07761 -0.545028 0.414804
131000 4.06956 -0.54955 0.427549
132000 3.99214 -0.523191 0.4119
133000 4 -0.578629 0.409691
134000 4.03603 -0.563881 0.408031
135000 4.02282 -0.57119 0.402904
136000 3.99803 -0.557428 0.40365
137000 4.06075 -0.552912 0.420779
138000 4.03217 -0.518696 0.424087
139000 3.96207 -0.512161 0.412635
140000 4.07553 -0.510913 0.422242
141000 4.04949 -0.53485 0.422864
142000 4.11097 -0.548148 0.422408
143000 4.0649 -0.542389 0.416092
144000 3.90616 -0.535637 0.409427
145000 3.99939 -0.569623 0.411202
146000 4.00878 -0.519632 0.422382
147000 3.88161 -0.554152 0.39698
148000 4.16372 -0.50058 0.437512
149000 3.88024 -0.536204 0.397107
150000 4.07552 -0.545123 0.424332
151000 3.95142 -0.514635 0.410042
152000 4.0255 -0.538448 0.416898
153000 3.96975 -0.532645 0.402851
154000 4.02892 -0.52937 0.422965
155000 3.96546 -0.512936 0.408812
156000 3.98435 -0.537535 0.40995
157000 4.04814 -0.508376 0.416876
158000 3.90662 -0.533392 0.398312
159000 4.12217 -0.597445 0.418417
160000 3.99599 -0.54395 0.409003
161000 4.03792 -0.563869 0.426091
162000 3.98818 -0.527077 0.421034
163000 4.00714 -0.570436 0.411172
164000 4.02028 -0.542016 0.414537
165000 4.12555 -0.508769 0.427862
166000 4.07262 -0.517118 0.42008
167000 3.86826 -0.543567 0.3909
168000 4.0201 -0.539456 0.42068
169000 3.95849 -0.536682 0.406522
170000 3.90796 -0.55627 0.404739
171000 4.01612 -0.531758 0.412595
172000 4.08775 -0.525957 0.419849
173000 4.07372 -0.55272 0.427643
174000 3.96689 -0.572343 0.402878
175000 3.90315 -0.542524 0.402938
176000 4.08433 -0.543691 0.430002
177000 3.96227 -0.552755 0.40559
178000 4.08664 -0.51526 0.425504
179000 3.99746 -0.530531 0.419078
180000 3.92949 -0.55519 0.410349
181000 4.09402 -0.547664 0.407029
182000 3.97747 -0.551577 0.406995
183000 3.88591 -0.515539 0.419195
184000 4.04469 -0.554596 0.420132
185000 3.94124 -0.529734 0.406234
186000 4.05914 -0.542559 0.412815
187000 4.01199 -0.525256 0.407639
188000 3.87363 -0.524625 0.398972
189000 4.07938 -0.560723 0.419092
190000 3.91601 -0.558019 0.403651
191000 4.10878 -0.495904 0.427502
192000 3.99779 -0.556766 0.404264
193000 4.0641 -0.484975 0.434742
194000 4.06228 -0.564865 0.417058
195000 4.03036 -0.511323 0.424776
196000 3.87724 -0.531977 0.392702
197000 4.0435 -0.557577 0.408044
198000 3.92563 -0.545419 0.406414
199000 4.02077 -0.54279 0.422702
200000 4.05138 -0.582384 0.414578
201000 3.97289 -0.552505 0.407646
202000 4.15575 -0.488312 0.428148
203000 4.10817 -0.518242 0.429944
204000 3.97772 -0.529476 0.407544
205000 4.09933 -0.559325 0.420588
206000 4.11223 -0.567932 0.424758
207000 3.95583 -0.526812 0.414135
208000 4.10005 -0.518841 0.426912
209000 3.90537 -0.533257 0.401499
210000 4.11233 -0.524728 0.416788
211000 3.94695 -0.538566 0.412412
212000 3.99042 -0.522082 0.417691
213000 3.83368 -0.586233 0.389015
214000 4.03695 -0.519904 0.427664
215000 4.08625 -0.513794 0.419958
216000 3.95787 -0.496094 0.409723
217000 4.05791 -0.538721 0.420007
218000 3.9761 -0.576776 0.409215
219000 4.0857 -0.534758 0.427822
220000 4.06631 -0.538665 0.41965
221000 4.04458 -0.543954 0.419325
222000 4.07758 -0.518188 0.432557
223000 3.89791 -0.514191 0.407923
224000 4.09383 -0.533431 0.426992
225000 3.92576 -0.53822 0.406766
226000 3.96471 -0.522636 0.406893
227000 4.09187 -0.518879 0.42163
228000 4.15919 -0.518987 0.43377
229000 3.8964 -0.521735 0.399752
230000 4.07252 -0.585875 0.40924
231000 4.10932 -0.537748 0.425237
232000 3.96081 -0.563914 0.407307
233000 3.97661 -0.550876 0.409899
234000 4.03699 -0.532548 0.420113
235000 4.063 -0.547116 0.4142
236000 4.06104 -0.541992 0.420097
237000 4.04289 -0.530755 0.413912
238000 3.95661 -0.519517 0.423614
239000 4.05429 -0.528127 0.417106
240000 3.98736 -0.546863 0.410396
241000 4.15303 -0.60358 0.426126
242000 4.00551 -0.551927 0.420989
243000 3.91299 -0.577414 0.398948
244000 3.94875 -0.538854 0.414224
245000 3.98301 -0.521195 0.40811
246000 4.10441 -0.550642 0.421923
247000 4.03656 -0.534304 0.416179
248000 3.96301 -0.532382 0.413582
249000 4.01353 -0.549776 0.409056
250000 4.01486 -0.574259 0.401729
251000 4.06277 -0.557681 0.419704
252000 3.91573 -0.552624 0.401698
253000 3.83664 -0.521599 0.392297
254000 4.03823 -0.516047 0.406004
255000 3.99459 -0.537887 0.416931
256000 4.00256 -0.506044 0.4124
257000 4.11254 -0.51381 0.42575
258000 3.85695 -0.512026 0.401841
259000 4.13317 -0.522832 0.423786
260000 4.05474 -0.541115 0.421427
261000 3.79819 -0.578689 0.374772
262000 4.13707 -0.513427 0.427261
263000 4.01002 -0.523102 0.404719
264000 3.86134 -0.542791 0.395002
265000 4.12482 -0.528821 0.428049
266000 3.9104 -0.557752 0.405038
267000 4.09728 -0.550367 0.423235
268000 3.91474 -0.542984 0.40786
269000 4.03437 -0.518539 0.417396
270000 3.96567 -0.554277 0.406548
271000 3.942 -0.544104 0.407995
272000 3.91715 -0.550183 0.402945
273000 4.17732 -0.568835 0.430477
274000 3.82589 -0.577609 0.392341
275000 3.97364 -0.547285 0.414598
276000 3.98327 -0.574964 0.406997
277000 3.96741 -0.598645 0.406834
278000 4.11128 -0.540826 0.432484
279000 3.8984 -0.558476 0.400356
280000 3.95678 -0.559785 0.40709
281000 4.00242 -0.529544 0.411111
282000 3.967 -0.53385 0.408495
283000 3.9522 -0.51107 0.411366
284000 3.97776 -0.518085 0.413869
285000 4.04045 -0.545743 0.420402
286000 4.06663 -0.564561 0.422639
287000 4.0955 -0.530348 0.421965
288000 3.9271 -0.537197 0.413886
289000 3.98961 -0.522467 0.406679
290000 3.98032 -0.520114 0.405689
291000 4.06064 -0.527533 0.41701
292000 4.09643 -0.530596 0.416429
293000 3.88457 -0.552655 0.393067
294000 3.98524 -0.558105 0.413827
295000 4.08621 -0.538039 0.433298
296000 4.03988 -0.54602 0.425438
297000 3.94986 -0.540557 0.398768
298000 4.03311 -0.518698 0.41473
299000 4.00802 -0.537505 0.41832
300000 4.04864 -0.524057 0.420582
301000 4.00203 -0.509164 0.417131
302000 3.8973 -0.568557 0.397375
303000 3.89921 -0.544277 0.401376
304000 3.88717 -0.554247 0.40957
305000 4.12367 -0.53423 0.421836
306000 3.94545 -0.53021 0.408398
307000 3.90511 -0.539147 0.395438
308000 3.97499 -0.505694 0.410998
309000 4.0468 -0.525997 0.418245
310000 4.00707 -0.534129 0.412161
311000 3.98412 -0.500008 0.413509
312000 4.10945 -0.499345 0.423476
313000 3.97932 -0.552769 0.410931
314000 4.09655 -0.527931 0.431744
315000 3.96174 -0.553723 0.405804
316000 4.00006 -0.535079 0.411327
317000 3.90261 -0.515558 0.39785
318000 3.99462 -0.542143 0.423519
319000 4.11956 -0.515856 0.436831
320000 3.96659 -0.5445 0.401909
321000 4.06515 -0.551961 0.417066
322000 4.02473 -0.537614 0.420813
323000 4.12112 -0.516368 0.427738
324000 4.09195 -0.505724 0.430218
325000 3.93129 -0.551823 0.403519
326000 4.09947 -0.50946 0.42496
327000 3.87352 -0.534083 0.400663
328000 3.93938 -0.533068 0.406219
329000 3.98667 -0.524254 0.411948
330000 3.96857 -0.547797 0.4025
331000 3.94283 -0.532685 0.4081
332000 4.00059 -0.551699 0.412655
333000 3.97202 -0.521212 0.409403
334000 4.08876 -0.54167 0.415802
335000 3.97821 -0.537456 0.410696
336000 4.00145 -0.563225 0.410452
337000 3.90293 -0.550471 0.399334
338000 4.0584 -0.564378 0.408041
339000 3.97687 -0.598032 0.395075
340000 3.83828 -0.539174 0.392003
341000 3.96201 -0.543705 0.409521
342000 4.0357 -0.540445 0.418866
343000 4.08433 -0.506618 0.434194
344000 3.9163 -0.543293 0.408391
345000 4.09814 -0.551617 0.421931
346000 4.08237 -0.55738 0.419838
347000 3.91272 -0.555527 0.394362
348000 4.11538 -0.503664 0.425692
349000 3.95523 -0.580174 0.408993
350000 3.92295 -0.530727 0.40514
351000 4.16267 -0.554252 0.437534
352000 4.07653 -0.514829 0.433627
353000 3.9726 -0.58212 0.409424
354000 4.08883 -0.505057 0.434907
355000 4.07531 -0.536212 0.420246
356000 3.88548 -0.537298 0.404226
357000 4.05414 -0.549213 0.414372
358000 3.89769 -0.510377 0.404362
359000 4.13419 -0.499563 0.437593
360000 3.88636 -0.547319 0.385349
361000 3.9909 -0.538728 0.41423
362000 3.98368 -0.547992 0.414352
363000 4.03621 -0.518842 0.42136
364000 3.99509 -0.536984 0.410655
365000 4.13591 -0.517584 0.432948
366000 4.00842 -0.54851 0.406298
367000 4.07597 -0.524506 0.425987
368000 4.05612 -0.562785 0.424218
369000 4.02897 -0.557164 0.415446
370000 4.08572 -0.530363 0.414858
371000 3.93385 -0.573255 0.403685
372000 3.94439 -0.521642 0.406731
373000 3.97491 -0.546558 0.403174
374000 4.05135 -0.518898 0.42049
375000 4.07337 -0.508462 0.425595
376000 4.01871 -0.526636 0.421342
377000 3.99051 -0.548423 0.407183
378000 4.05952 -0.555859 0.422967
379000 3.99744 -0.568639 0.40611
380000 4.04378 -0.514696 0.429362
381000 4.09997 -0.513682 0.423975
382000 4.03849 -0.560685 0.423656
383000 4.02129 -0.517355 0.423902
384000 4.00733 -0.509851 0.419221
385000 3.98838 -0.539903 0.407978
386000 3.912 -0.547019 0.39796
387000 3.92427 -0.537362 0.401781
388000 4.04477 -0.548648 0.423235
389000 4.02072 -0.51001 0.416125
390000 4.01799 -0.518863 0.424412
391000 3.87851 -0.527523 0.403596
392000 4.08896 -0.537278 0.423941
393000 3.98193 -0.556141 0.415062
394000 3.91518 -0.531614 0.399509
395000 3.95836 -0.527172 0.413501
396000 4.06212 -0.529447 0.420855
397000 3.93626 -0.539022 0.41376
398000 4.04084 -0.564057 0.409778
399000 4.05353 -0.547959 0.414591
400000 4.02228 -0.540872 0.423439
401000 3.88034 -0.52484 0.405412
402000 4.14448 -0.519197 0.428065
403000 3.91615 -0.516861 0.400953
404000 3.93043 -0.554699 0.396859
405000 3.98953 -0.543803 0.405963
406000 4.01841 -0.531949 0.419008
407000 3.97571 -0.553648 0.408538
408000 3.89183 -0.536933 0.401083
409000 3.93749 -0.551273 0.40538
410000 3.97452 -0.561934 0.411319
411000 3.93014 -0.523757 0.408437
412000 4.02862 -0.523443 0.425651
413000 3.89947 -0.558246 0.405244
414000 4.03049 -0.577444 0.405937
415000 3.99562 -0.552933 0.413741
416000 4.01047 -0.523799 0.412569
417000 3.94682 -0.550074 0.400417
418000 3.97232 -0.533561 0.411884
419000 3.90635 -0.564907 0.402615
420000 4.07199 -0.549249 0.417769
421000 4.15085 -0.56232 0.421528
422000 3.81753 -0.544611 0.393142
423000 3.98476 -0.532592 0.415067
424000 4.17179 -0.513382 0.42584
425000 3.99449 -0.574281 0.412476
426000 4.02195 -0.517782 0.422353
427000 4.01759 -0.546407 0.413355
428000 4.12168 -0.543728 0.422723
429000 3.90743 -0.527183 0.412564
430000 3.9709 -0.565616 0.403561
431000 3.93831 -0.532742 0.409736
432000 3.99831 -0.520827 0.412383
433000 4.02515 -0.503202 0.419186
434000 4.05579 -0.52332 0.423551
435000 3.98111 -0.554828 0.403105
436000 4.00499 -0.53331 0.417398
437000 4.06803 -0.55608 0.410015
438000 3.9531 -0.524161 0.400702
439000 4.07865 -0.521414 0.421413
440000 4.15317 -0.517939 0.426538
441000 3.85247 -0.535074 0.391853
442000 4.01299 -0.549686 0.40835
443000 3.90938 -0.508521 0.406699
444000 4.14069 -0.553408 0.425495
445000 4.01061 -0.534211 0.409317
446000 3.9136 -0.581574 0.397182
447000 4.03404 -0.52747 0.414283
448000 4.03484 -0.524063 0.416281
449000 4.06937 -0.529338 0.414759
450000 4.05262 -0.553557 0.424995
451000 4.0056 -0.533189 0.413518
452000 3.9919 -0.512179 0.417194
453000 4.01128 -0.556584 0.420353
454000 4.06227 -0.518086 0.427835
455000 4.13096 -0.540106 0.423173
456000 4.11739 -0.524889 0.42191
457000 3.97823 -0.571991 0.399604
458000 4.00729 -0.511315 0.417669
459000 3.99927 -0.533883 0.416315
460000 4.10332 -0.550443 0.420354
461000 3.83725 -0.554038 0.39896
462000 4.03787 -0.546748 0.416578
463000 4.04398 -0.489994 0.428287
464000 4.008 -0.537209 0.408407
465000 4.06161 -0.54409 0.420804
466000 3.86287 -0.526877 0.394735
467000 4.10971 -0.532307 0.423998
468000 3.94734 -0.547855 0.403303
469000 4.11148 -0.522462 0.431542
470000 4.09602 -0.567191 0.423611
471000 4.04379 -0.498398 0.430166
472000 3.99921 -0.546964 0.40909
473000 3.92201 -0.561846 0.393521
474000 4.15829 -0.507107 0.435228
475000 3.94436 -0.519936 0.413942
476000 3.85987 -0.515471 0.410969
477000 4.09469 -0.516822 0.424815
478000 3.92089 -0.512914 0.410748
479000 4.08071 -0.520089 0.426359
480000 4.11908 -0.50402 0.438228
481000 3.89383 -0.526195 0.397133
482000 4.04311 -0.524852 0.421411
483000 3.93263 -0.562759 0.397759
484000 3.95984 -0.525852 0.412587
485000 4.09195 -0.537164 0.416329
486000 3.95601 -0.543356 0.409469
487000 4.07577 -0.565736 0.404059
488000 3.90154 -0.559508 0.404389
489000 3.99591 -0.521346 0.41548
490000 3.92849 -0.5374 0.398245
491000 3.9923 -0.525795 0.418494
492000 3.98699 -0.560391 0.41114
493000 3.92636 -0.54157 0.414969
494000 3.87124 -0.505935 0.409611
495000 4.13821 -0.510069 0.434638
496000 3.87482 -0.556786 0.391593
497000 3.99246 -0.525307 0.409357
498000 4.01796 -0.592206 0.402701
499000 3.9937 -0.551123 0.422538
500000 4.06965 -0.550755 0.415165
501000 4.03807 -0.529231 0.414672
502000 3.87522 -0.584931 0.396962
503000 4.16191 -0.540348 0.42847
504000 3.92452 -0.54789 0.399439
505000 3.89793 -0.551284 0.406798
506000 3.96275 -0.530515 0.416564
507000 3.93035 -0.528843 0.419269
508000 4.11363 -0.558701 0.418201
509000 3.86489 -0.554213 0.396431
510000 4.0373 -0.536911 0.408507
511000 4.00767 -0.555524 0.408743
512000 4.00156 -0.539076 0.411109
513000 4.06091 -0.567753 0.419973
514000 4.05083 -0.569127 0.407618
515000 3.9999 -0.546623 0.411205
516000 3.93459 -0.540049 0.40614
517000 3.96198 -0.528361 0.406475
518000 3.9313 -0.569883 0.402963
519000 4.16664 -0.529323 0.429842
520000 3.93473 -0.506451 0.417529
521000 3.95309 -0.518949 0.409826
522000 4.05837 -0.535591 0.419998
523000 3.87694 -0.5218 0.406667
524000 4.10504 -0.536017 0.416054
525000 3.83726 -0.538212 0.396674
526000 4.06554 -0.515883 0.41567
527000 4.07916 -0.54685 0.413263
528000 4.0671 -0.547626 0.417051
529000 4.06766 -0.520518 0.4288
530000 4.12197 -0.532218 0.42182
531000 3.85572 -0.55539 0.406433
532000 4.14423 -0.526806 0.434605
533000 3.95346 -0.554208 0.400319
534000 3.92363 -0.534198 0.404589
535000 4.03261 -0.512504 0.42324
536000 3.97368 -0.557911 0.400435
537000 4.02607 -0.549951 0.408385
538000 3.9448 -0.489016 0.412305
539000 4.11284 -0.58192 0.419245
540000 3.92607 -0.559639 0.405363
541000 4.08125 -0.571879 0.425314
542000 4.06957 -0.548002 0.416717
543000 4.0356 -0.550475 0.412586
544000 3.97463 -0.5672 0.401448
545000 3.95251 -0.509289 0.417611
546000 4.03107 -0.515059 0.422322
547000 4.10208 -0.545269 0.427392
548000 3.86778 -0.547681 0.395298
549000 4.10405 -0.515736 0.426016
550000 3.89986 -0.533491 0.398402
551000 3.96111 -0.544817 0.40164
552000 4.04213 -0.519337 0.415478
553000 4.0814 -0.542197 0.422948
554000 3.99151 -0.530326 0.413471
555000 3.99158 -0.518794 0.409478
556000 4.01383 -0.527596 0.412839
557000 3.92001 -0.540461 0.39818
558000 4.06789 -0.566584 0.421618
559000 3.88845 -0.549487 0.39419
560000 4.0982 -0.551644 0.427377
561000 4.14949 -0.532285 0.427373
562000 3.83455 -0.561163 0.388525
563000 4.12676 -0.539917 0.423396
564000 3.98469 -0.578314 0.407837
565000 4.05036 -0.520771 0.418297
566000 4.08215 -0.517698 0.419731
567000 3.91921 -0.526622 0.400696
568000 4.039 -0.558815 0.407482
569000 3.89421 -0.54657 0.411897
570000 4.00375 -0.554279 0.404527
571000 3.93795 -0.541922 0.399505
572000 3.85418 -0.539581 0.389648
573000 3.88416 -0.541305 0.397026
574000 4.02209 -0.5516 0.409257
575000 4.05474 -0.529339 0.41845
576000 3.99248 -0.511202 0.413868
577000 3.90277 -0.549764 0.400138
578000 4.14738 -0.541222 0.432673
579000 3.91151 -0.545021 0.406398
580000 3.99034 -0.520288 0.419009
581000 4.12616 -0.522203 0.426785
582000 3.86246 -0.543722 0.40215
583000 4.04806 -0.531355 0.423397
584000 4.00108 -0.557331 0.402975
585000 4.06301 -0.534227 0.422769
586000 3.9083 -0.569376 0.40208
587000 4.05115 -0.543095 0.426776
588000 4.03195 -0.561273 0.418425
589000 4.07764 -0.534005 0.420629
590000 3.96426 -0.526646 0.409323
591000 4.0392 -0.525474 0.415892
592000 3.9711 -0.521007 0.411415
593000 4.03224 -0.539984 0.412267
594000 4.03963 -0.544725 0.416563
595000 3.95324 -0.551618 0.418326
596000 3.96317 -0.553441 0.40648
597000 4.03737 -0.54417 0.417323
598000 4.05099 -0.5074 0.430893
599000 4.05914 -0.522579 0.433197
600000 3.98987 -0.536471 0.414474
601000 4.06799 -0.526079 0.426753
602000 4.06276 -0.547246 0.412496
603000 3.98493 -0.533508 0.415178
604000 4.01661 -0.519408 0.417108
605000 3.92664 -0.550546 0.405787
606000 3.95263 -0.552071 0.404166
607000 3.98878 -0.52069 0.406352
608000 4.11993 -0.544554 0.423251
609000 4.02136 -0.531937 0.406764
610000 3.94161 -0.543017 0.40514
611000 4.02668 -0.552128 0.414774
612000 3.95394 -0.528855 0.406255
613000 4.07454 -0.516965 0.430169
614000 3.95315 -0.540401 0.401045
615000 3.93913 -0.557858 0.410453
616000 4.0169 -0.533641 0.424333
617000 3.88791 -0.514104 0.405487
618000 4.01729 -0.561463 0.41288
619000 4.0395 -0.544556 0.413442
620000 4.02462 -0.516109 0.422285
621000 4.08223 -0.507327 0.437187
622000 4.00551 -0.520554 0.418083
623000 3.93128 -0.537243 0.414183
624000 3.96985 -0.546683 0.418194
625000 3.97888 -0.512357 0.41243
626000 3.97252 -0.563621 0.396809
627000 4.03435 -0.516003 0.430211
628000 3.95089 -0.554565 0.41231
629000 3.96777 -0.576323 0.399135
630000 3.92996 -0.58056 0.39568
631000 3.96803 -0.522959 0.413619
632000 4.07393 -0.514763 0.419087
633000 4.02861 -0.521546 0.427888
634000 4.02591 -0.5523 0.416973
635000 3.99409 -0.541681 0.405233
636000 4.05783 -0.547837 0.417085
637000 4.05572 -0.524188 0.420497
638000 3.9666 -0.54766 0.408092
639000 4.00893 -0.531899 0.408155
640000 4.05893 -0.547848 0.419411
641000 3.945 -0.520635 0.406913
642000 4.0774 -0.55095 0.415599
643000 4.00564 -0.528849 0.415681
644000 3.94674 -0.51298 0.410171
645000 4.12962 -0.527971 0.422905
646000 4.0194 -0.560761 0.403568
647000 3.92816 -0.52497 0.411791
648000 3.93487 -0.541882 0.397794
649000 3.90287 -0.562736 0.393509
650000 3.85448 -0.531129 0.398316
651000 4.00542 -0.534957 0.405769
652000 3.92157 -0.543982 0.405798
653000 3.82845 -0.565978 0.387951
654000 3.93547 -0.52251 0.409625
655000 4.18365 -0.561172 0.42942
656000 3.93494 -0.542124 0.412198
657000 4.04269 -0.51415 0.42346
658000 3.90535 -0.532657 0.405261
659000 4.04221 -0.51755 0.412493
660000 3.91779 -0.533362 0.399431
661000 4.03542 -0.54928 0.413634
662000 3.95931 -0.527288 0.417914
663000 3.973 -0.524526 0.414979
664000 4.04174 -0.519216 0.414652
665000 4.06443 -0.511815 0.431609
666000 3.96808 -0.516668 0.408417
667000 3.89003 -0.500779 0.409524
668000 4.16247 -0.540617 0.432436
669000 4.07851 -0.500709 0.431196
670000 3.90226 -0.522895 0.405562
671000 4.00733 -0.537217 0.42233
672000 4.0784 -0.546595 0.420852
673000 3.84973 -0.529784 0.395613
674000 3.88302 -0.530724 0.405034
675000 4.0182 -0.527586 0.406237
676000 3.99022 -0.530203 0.411613
677000 4.00734 -0.529097 0.417074
678000 4.14283 -0.55398 0.420706
679000 3.92162 -0.53094 0.408033
680000 4.07274 -0.531215 0.416578
681000 3.91065 -0.541234 0.398895
682000 3.95589 -0.569369 0.402024
683000 3.94615 -0.515995 0.416621
684000 4.02342 -0.521325 0.42125
685000 3.95049 -0.543004 0.407049
686000 4.00772 -0.531827 0.413351
687000 4.06997 -0.557488 0.413279
688000 3.90729 -0.526787 0.394844
689000 3.9419 -0.542547 0.413958
690000 4.04353 -0.531818 0.417251
691000 4.09522 -0.5336 0.427912
692000 3.9453 -0.564611 0.408837
693000 3.99818 -0.521559 0.413978
694000 4.03916 -0.536289 0.417833
695000 4.07073 -0.51023 0.42283
696000 3.99561 -0.507781 0.416165
697000 4.01558 -0.556518 0.402428
698000 3.95397 -0.540099 0.407488
699000 4.06468 -0.531514 0.416173
700000 3.86548 -0.532962 0.400759
701000 4.03175 -0.512557 0.408156
702000 3.97761 -0.552792 0.395187
703000 3.96042 -0.523793 0.411238
704000 4.04111 -0.539632 0.419442
705000 3.97562 -0.496304 0.414903
706000 4.00027 -0.523651 0.415739
707000 4.06104 -0.523155 0.427082
708000 3.98578 -0.534472 0.410838
709000 3.91376 -0.580267 0.396723
710000 4.07722 -0.545659 0.414591
711000 3.94682 -0.538876 0.39814
712000 3.91524 -0.550975 0.411519
713000 3.97722 -0.557261 0.396954
714000 3.96099 -0.532007 0.404237
715000 3.94093 -0.546237 0.401773
716000 3.99373 -0.539369 0.419704
717000 3.97095 -0.519586 0.421518
718000 4.06162 -0.521142 0.408315
719000 4.00802 -0.549414 0.410065
720000 3.9562 -0.570673 0.396543
721000 4.08639 -0.534177 0.424621
722000 3.91434 -0.531241 0.40372
723000 4.03809 -0.537624 0.41819
724000 4.04912 -0.535698 0.425216
725000 4.04373 -0.558231 0.41306
726000 4.06478 -0.530072 0.421381
727000 3.99997 -0.566848 0.402773
728000 3.92742 -0.568924 0.394907
729000 4.10532 -0.521856 0.433738
730000 3.98072 -0.547179 0.416857
731000 3.95814 -0.518839 0.413314
732000 4.00432 -0.544566 0.408403
733000 3.94855 -0.507842 0.419733
734000 4.09612 -0.551426 0.412709
735000 4.06948 -0.509928 0.434496
736000 3.87691 -0.543896 0.40022
737000 4.02757 -0.539216 0.424457
738000 4.00151 -0.520444 0.415541
739000 3.89551 -0.546291 0.397743
740000 3.94413 -0.54903 0.409074
741000 3.98328 -0.526485 0.413179
742000 3.94733 -0.542261 0.413376
743000 4.09536 -0.5387 0.426671
744000 4.00497 -0.542638 0.412806
745000 3.93597 -0.517986 0.417654
746000 4.04467 -0.541192 0.413824
747000 4.04172 -0.53511 0.418818
748000 3.8996 -0.533434 0.404583
749000 4.14884 -0.516324 0.433391
750000 3.90341 -0.527654 0.394958
751000 4.0049 -0.543787 0.409479
752000 3.9539 -0.524193 0.410588
753000 4.04131 -0.514558 0.426811
754000 4.10197 -0.495923 0.435181
755000 3.88566 -0.52708 0.399672
756000 3.95753 -0.544378 0.408483
757000 3.94475 -0.533032 0.406844
758000 4.01872 -0.512485 0.421948
759000 4.08671 -0.541891 0.422487
760000 3.86327 -0.498194 0.407684
761000 4.00333 -0.514684 0.414258
762000 4.07875 -0.549188 0.428291
763000 3.96868 -0.559138 0.404718
764000 3.9484 -0.544735 0.413355
765000 4.0946 -0.54322 0.425269
766000 4.00143 -0.535928 0.408947
767000 4.04755 -0.560321 0.415653
768000 4.08139 -0.541109 0.422137
769000 4.03661 -0.535199 0.418061
770000 3.90637 -0.529571 0.403131
771000 4.08543 -0.520553 0.422543
772000 4.06383 -0.569392 0.42485
773000 3.89149 -0.562894 0.402915
774000 4.04182 -0.54912 0.410085
775000 4.04964 -0.567558 0.409253
776000 4.02648 -0.517568 0.421519
777000 4.02335 -0.521882 0.417954
778000 4.03048 -0.551776 0.426881
779000 4.18816 -0.559635 0.426995
780000 3.94898 -0.526182 0.396198
781000 4.02783 -0.525434 0.417969
782000 4.11654 -0.527851 0.422893
783000 4.02619 -0.542122 0.41169
784000 3.95163 -0.543532 0.409188
785000 4.08159 -0.54854 0.421986
786000 3.8517 -0.54488 0.395188
787000 4.0821 -0.497594 0.439392
788000 3.87378 -0.519334 0.401906
789000 4.11886 -0.559847 0.421239
790000 4.03428 -0.555146 0.417849
791000 4.042 -0.549639 0.4079
792000 4.0138 -0.530291 0.425489
793000 3.83518 -0.535039 0.389572
794000 3.93516 -0.542041 0.395182
795000 3.98602 -0.542635 0.409223
796000 4.05255 -0.52173 0.420513
797000 3.84036 -0.531235 0.384251
798000 3.94178 -0.534634 0.409897
799000 3.91963 -0.519731 0.412595
800000 4.07293 -0.566142 0.419688
801000 3.9631 -0.524492 0.403472
802000 3.91736 -0.53593 0.402143
803000 4.02993 -0.530874 0.416028
804000 3.91313 -0.529696 0.405891
805000 4.07306 -0.527515 0.42074
806000 3.94056 -0.517773 0.408806
807000 4.03467 -0.548967 0.414314
808000 3.89868 -0.506261 0.408483
809000 4.03206 -0.547424 0.411943
810000 4.08395 -0.518448 0.426949
811000 3.93315 -0.529244 0.408823
812000 4.18184 -0.553561 0.442341
813000 4.02221 -0.530038 0.411107
814000 3.82813 -0.545571 0.389648
815000 4.14615 -0.562144 0.421354
816000 3.87054 -0.555257 0.396665
817000 4.03243 -0.561916 0.415828
818000 4.13269 -0.525437 0.433893
819000 3.96419 -0.550681 0.401449
820000 3.94846 -0.548707 0.396209
821000 4.02919 -0.51326 0.416997
822000 3.98873 -0.508676 0.41717
823000 3.99095 -0.52344 0.428349
824000 3.94549 -0.530165 0.409646
825000 3.94649 -0.535929 0.400702
826000 3.99894 -0.501731 0.411354
827000 4.0586 -0.511286 0.418842
828000 3.85787 -0.553714 0.391254
829000 3.97163 -0.534848 0.409252
830000 4.06195 -0.563158 0.415794
831000 3.96371 -0.546514 0.416928
832000 4.10306 -0.537674 0.433663
833000 3.94062 -0.53734 0.398575
834000 3.94791 -0.556804 0.398195
835000 4.01789 -0.554124 0.406641
836000 4.11228 -0.536597 0.426013
837000 3.9489 -0.538949 0.402196
838000 3.98352 -0.534606 0.408773
839000 4.07899 -0.499298 0.43205
840000 4.02528 -0.516827 0.42058
841000 3.863 -0.546776 0.394927
842000 4.09278 -0.58765 0.411263
843000 4.08553 -0.545389 0.415275
844000 3.96579 -0.535431 0.413981
845000 4.04897 -0.559119 0.415084
846000 4.02155 -0.550506 0.409615
847000 4.07688 -0.525581 0.416091
848000 4.07632 -0.536767 0.426081
849000 3.90124 -0.542437 0.396743
850000 4.0324 -0.518173 0.405787
851000 4.0922 -0.540683 0.423369
852000 3.95959 -0.541633 0.408976
853000 4.04945 -0.565432 0.410613
854000 3.92327 -0.522239 0.399706
855000 4.1006 -0.549727 0.419172
856000 4.09255 -0.537672 0.428883
857000 3.93184 -0.514094 0.402839
858000 4.07767 -0.552824 0.426465
859000 3.99595 -0.564852 0.416989
860000 3.90642 -0.537538 0.399378
861000 4.00305 -0.513976 0.42089
862000 3.99981 -0.496969 0.417896
863000 3.99351 -0.502516 0.418947
864000 3.98299 -0.545192 0.409842
865000 4.18302 -0.529495 0.439751
866000 4.03943 -0.540685 0.410415
867000 3.85013 -0.558127 0.397245
868000 4.0982 -0.524168 0.422862
869000 3.86562 -0.510534 0.398493
870000 4.10192 -0.546449 0.418957
871000 3.97861 -0.514655 0.410526
872000 3.92915 -0.546564 0.400004
873000 3.9681 -0.515957 0.412627
874000 4.0105 -0.502308 0.406747
875000 4.02742 -0.523855 0.425379
876000 4.00665 -0.541399 0.409948
877000 4.07034 -0.538691 0.418462
878000 3.91918 -0.536228 0.400218
879000 3.96073 -0.549551 0.401196
880000 4.10454 -0.531626 0.415757
881000 3.99937 -0.547209 0.411334
882000 3.90208 -0.576345 0.403685
883000 3.94532 -0.554486 0.410883
884000 3.965 -0.552962 0.412229
885000 4.14099 -0.527022 0.426746
886000 3.89089 -0.535834 0.403896
887000 4.03915 -0.573698 0.415981
888000 4.07573 -0.523879 0.418733
889000 3.9706 -0.530917 0.413175
890000 4.10039 -0.533177 0.418265
891000 3.98452 -0.54687 0.413655
892000 4.03852 -0.535041 0.422143
893000 4.01631 -0.565811 0.401497
894000 4.10006 -0.526584 0.439502
895000 3.94835 -0.518531 0.409223
896000 4.11563 -0.516908 0.438288
897000 4.03379 -0.525241 0.419046
898000 3.85647 -0.520178 0.401065
899000 4.12941 -0.526213 0.432413
900000 3.88289 -0.550529 0.394613
901000 4.11159 -0.538977 0.436524
902000 3.95797 -0.533752 0.418158
903000 4.01836 -0.56047 0.418285
904000 3.96166 -0.520703 0.406855
905000 4.02478 -0.525623 0.414729
906000 4.02823 -0.539953 0.404052
907000 4.03663 -0.556363 0.407288
908000 4.1376 -0.544884 0.425423
909000 3.87751 -0.521828 0.403968
910000 3.99496 -0.538083 0.411068
911000 4.035 -0.539947 0.408884
912000 3.97816 -0.534869 0.411573
913000 3.91768 -0.5191 0.422117
914000 4.08708 -0.576704 0.416988
915000 3.90237 -0.54161 0.392677
916000 4.06771 -0.548907 0.421205
917000 4.08692 -0.510548 0.431284
918000 4.01459 -0.544948 0.404873
919000 3.91943 -0.552162 0.405625
920000 4.04985 -0.518323 0.420779
921000 4.03052 -0.524518 0.42484
922000 4.03554 -0.52021 0.418172
923000 3.90037 -0.49937 0.41466
924000 3.99556 -0.53146 0.415234
925000 4.08329 -0.571258 0.412352
926000 3.95439 -0.51922 0.40219
927000 3.93925 -0.536304 0.407029
928000 4.03821 -0.521425 0.426068
929000 4.02255 -0.493486 0.427506
930000 3.97166 -0.519 0.406845
931000 4.14872 -0.528515 0.426449
932000 4.00203 -0.563601 0.405684
933000 4.04655 -0.524507 0.410536
934000 3.8983 -0.521156 0.410724
935000 3.99001 -0.536941 0.409753
936000 3.98253 -0.534094 0.413582
937000 4.1202 -0.526794 0.429818
938000 3.89739 -0.537534 0.405074
939000 4.02345 -0.524544 0.415192
940000 4.05475 -0.525044 0.416244
941000 4.06855 -0.543501 0.425646
942000 3.99071 -0.522467 0.409745
943000 3.99029 -0.522187 0.418873
944000 3.96193 -0.528166 0.408235
945000 4.0057 -0.498456 0.418626
946000 3.87699 -0.545127 0.403712
947000 4.15146 -0.52019 0.436273
948000 3.86183 -0.563625 0.395606
949000 4.00338 -0.49024 0.428424
950000 4.1405 -0.540268 0.42383
951000 4.05306 -0.52425 0.419237
952000 4.01987 -0.536036 0.419678
953000 4.02121 -0.543094 0.40608
954000 3.98258 -0.550746 0.41116
955000 4.07854 -0.539927 0.420052
956000 4.02713 -0.541368 0.414911
957000 4.00551 -0.528437 0.41736
958000 3.98172 -0.517826 0.421335
959000 3.93843 -0.517665 0.409649
960000 4.08008 -0.50535 0.422285
961000 3.97845 -0.540634 0.416133
962000 4.00531 -0.555825 0.403501
963000 3.96997 -0.573871 0.407956
964000 4.05034 -0.53423 0.408058
965000 4.08776 -0.547006 0.417586
966000 3.96955 -0.544898 0.410827
967000 4.08082 -0.544986 0.42184
968000 4.15623 -0.544812 0.428811
969000 3.96529 -0.509824 0.419205
970000 4.05429 -0.531064 0.429882
971000 4.0277 -0.564256 0.416152
972000 3.89935 -0.572755 0.402688
973000 3.88452 -0.540442 0.398722
974000 4.08642 -0.549956 0.423228
975000 3.99088 -0.564377 0.405032
976000 3.86412 -0.551491 0.392085
977000 3.92643 -0.528768 0.403028
978000 4.06475 -0.543432 0.416814
979000 3.92444 -0.569112 0.40774
980000 4.02442 -0.539533 0.413937
981000 4.05299 -0.524921 0.41862
982000 3.88048 -0.540766 0.395786
983000 4.0825 -0.529897 0.425639
984000 3.99786 -0.526662 0.411097
985000 3.92033 -0.54748 0.398784
986000 4.09373 -0.524769 0.418987
987000 3.91403 -0.538253 0.403871
988000 3.93961 -0.560906 0.398362
989000 4.02025 -0.545465 0.403509
990000 3.98461 -0.546376 0.413569
991000 4.05498 -0.540961 0.416027
992000 3.96475 -0.519966 0.408455
993000 4.07331 -0.522039 0.422387
994000 4.03202 -0.53408 0.422181
995000 4.06895 -0.547549 0.418217
996000 3.99771 -0.568988 0.412954
997000 3.96166 -0.534676 0.407586
998000 4.04793 -0.554933 0.405718
999000 4.10506 -0.561545 0.423873
1000000 3.90498 -0.583047 0.394681
1001000 4.04852 -0.536156 0.419806
1002000 3.90724 -0.539318 0.405384
1003000 4.00168 -0.539495 0.418379
1004000 3.98749 -0.518013 0.41388
1005000 4.01301 -0.534918 0.416637
1006000 3.95748 -0.563816 0.401822
1007000 3.98895 -0.534964 0.410966
1008000 4.02516 -0.530888 0.416996
1009000 3.92432 -0.524693 0.41128
1010000 4.11817 -0.542103 0.417445
1011000 3.92926 -0.543848 0.405178
1012000 3.91803 -0.567518 0.407518
1013000 4.06787 -0.556261 0.42593
1014000 4.05472 -0.529678 0.42314
1015000 3.97201 -0.487277 0.410165
1016000 3.90769 -0.562491 0.399084
1017000 4.09183 -0.542993 0.411159
1018000 4.08296 -0.539919 0.421416
1019000 3.97814 -0.531436 0.416338
1020000 3.97086 -0.557343 0.408012
1021000 3.96758 -0.559073 0.409022
1022000 4.10366 -0.506715 0.43848
1023000 3.95093 -0.538093 0.408147
1024000 4.0599 -0.539377 0.416699
1025000 4.11422 -0.498926 0.436555
1026000 3.90973 -0.556751 0.398544
1027000 3.93245 -0.536931 0.408674
1028000 4.02102 -0.538687 0.414427
1029000 4.08445 -0.519195 0.436754
1030000 4.137 -0.535515 0.42883
1031000 3.83015 -0.511418 0.398501
1032000 4.06894 -0.512473 0.42095
1033000 4.06299 -0.477879 0.435729
1034000 3.99503 -0.536061 0.408455
1035000 4.12681 -0.567182 0.416067
1036000 3.8772 -0.512528 0.400899
1037000 4.08871 -0.53568 0.421989
1038000 4.12171 -0.52786 0.422245
1039000 3.95384 -0.532162 0.403943
1040000 4.07074 -0.544582 0.420494
1041000 3.97394 -0.547519 0.417849
1042000 3.98391 -0.516283 0.420666
1043000 3.95261 -0.547777 0.39922
1044000 3.94473 -0.545745 0.401606
1045000 3.9492 -0.537403 0.411009
1046000 3.98037 -0.52108 0.420148
1047000 3.95327 -0.542943 0.403664
1048000 4.13145 -0.579861 0.426634
1049000 3.87082 -0.551001 0.402786
1050000 4.13481 -0.503348 0.437612
1051000 3.89676 -0.535663 0.393598
1052000 4.07054 -0.529822 0.415154
1053000 4.10631 -0.555299 0.426368
1054000 3.85525 -0.532545 0.409177
1055000 4.04909 -0.54288 0.42027
1056000 4.06242 -0.495026 0.413723
1057000 4.07224 -0.51525 0.420311
1058000 3.98877 -0.524178 0.41185
1059000 3.94607 -0.533551 0.411768
1060000 4.00371 -0.573159 0.40352
1061000 3.96617 -0.544962 0.402111
1062000 4.0328 -0.528255 0.415978
1063000 3.98563 -0.527959 0.413195
1064000 4.03928 -0.541496 0.425727
1065000 3.99334 -0.560069 0.407226
1066000 4.11877 -0.601521 0.413455
1067000 4.10995 -0.528303 0.424187
1068000 4.05826 -0.556586 0.419907
1069000 4.0678 -0.545393 0.414292
1070000 4.04246 -0.546476 0.419586
1071000 4.06595 -0.542426 0.422245
1072000 4.05736 -0.55218 0.413289
1073000 3.98299 -0.517999 0.414413
1074000 4.0095 -0.593549 0.410462
1075000 3.9509 -0.526893 0.404558
1076000 3.96503 -0.551079 0.408497
1077000 4.03638 -0.524875 0.422091
1078000 4.07069 -0.513163 0.425408
1079000 3.97811 -0.531698 0.410498
1080000 4.03797 -0.507395 0.420113
1081000 4.14807 -0.517541 0.430923
1082000 4.00694 -0.549493 0.408156
1083000 3.95988 -0.52115 0.402458
1084000 3.90032 -0.558583 0.403592
1085000 3.87044 -0.535125 0.393365
1086000 3.96175 -0.515458 0.418467
1087000 4.1306 -0.527174 0.417581
1088000 3.9326 -0.52627 0.41034
1089000 4.04628 -0.516641 0.423803
1090000 4.0569 -0.510566 0.427418
1091000 4.09528 -0.511444 0.428916
1092000 3.903 -0.533157 0.395692
1093000 4.06089 -0.525139 0.417293
1094000 3.91446 -0.558359 0.404778
1095000 3.99533 -0.547032 0.407098
1096000 4.06843 -0.54452 0.431944
1097000 3.97495 -0.546311 0.412046
1098000 3.99212 -0.547211 0.409037
1099000 3.87323 -0.563672 0.400291
1100000 3.89561 -0.561762 0.400033
