# Time-averaged data for fix 2
# TimeStep v_Temperature v_PotentialEnergy v_Pressure
1000 0.95403 -0.0814113 0.00904534
2000 0.884001 -0.0978503 0.00813708
3000 0.909304 -0.115033 0.00847109
4000 0.879771 -0.121224 0.00791329
5000 0.934276 -0.0902119 0.00873248
6000 0.90464 -0.0971 0.00840257
7000 0.911361 -0.0978042 0.00838134
8000 0.919194 -0.096749 0.00857923
9000 0.910567 -0.0874348 0.00858477
10000 0.866204 -0.0843326 0.00822656
11000 0.920396 -0.0778026 0.00878874
12000 0.922471 -0.0776096 0.00864708
13000 0.873019 -0.106317 0.00813747
14000 0.886405 -0.114246 0.00797924
15000 0.904201 -0.0986046 0.00848033
16000 0.918048 -0.098619 0.00845809
17000 0.893346 -0.1033 0.00825445
18000 0.875521 -0.114371 0.00806447
19000 0.905231 -0.11384 0.0082125
20000 0.916481 -0.104109 0.0083677
21000 0.895692 -0.122932 0.0081212
22000 0.875089 -0.0931015 0.0081137
23000 0.921252 -0.0906465 0.00870024
24000 0.927437 -0.0816952 0.0086485
25000 0.893149 -0.0764773 0.00823214
26000 0.886095 -0.0798871 0.00833459
27000 0.915355 -0.0585899 0.0087233
28000 0.863086 -0.0680502 0.00801408
29000 0.91161 -0.0600311 0.00860596
30000 0.877821 -0.0658713 0.00829963
31000 0.92239 -0.10219 0.00863076
32000 0.89923 -0.100819 0.00827167
33000 0.896766 -0.104879 0.00835689
34000 0.865936 -0.0846145 0.00814524
35000 0.934512 -0.0974855 0.00874062
36000 0.865074 -0.0927546 0.00807259
37000 0.92078 -0.102355 0.00856558
38000 0.913375 -0.093336 0.00856557
39000 0.900314 -0.0889168 0.00822942
40000 0.919314 -0.093074 0.00847608
41000 0.913497 -0.108363 0.0084186
42000 0.881899 -0.0982341 0.00811733
43000 0.876233 -0.104609 0.00826356
44000 0.908651 -0.0805117 0.00854803
45000 0.890706 -0.0934838 0.00819827
46000 0.918311 -0.0934825 0.0085739
47000 0.887726 -0.087532 0.00829371
48000 0.914201 -0.0578696 0.00874001
49000 0.913256 -0.0702174 0.00860726
50000 0.907658 -0.0688748 0.00855904
51000 0.911016 -0.0614696 0.00864332
52000 0.903704 -0.0821362 0.00845076
53000 0.913657 -0.075008 0.00867646
54000 0.899117 -0.0774059 0.00837975
55000 0.909165 -0.0990936 0.00845171
56000 0.918904 -0.0981488 0.00848614
57000 0.891527 -0.097824 0.00830502
58000 0.928021 -0.104423 0.008633
59000 0.905095 -0.106698 0.00839278
60000 0.90076 -0.0858993 0.00826668
61000 0.926461 -0.0987024 0.008668
62000 0.897654 -0.119417 0.00810127
63000 0.885077 -0.0727722 0.00839932
64000 0.895499 -0.0944912 0.00818259
65000 0.916036 -0.088994 0.00851395
66000 0.889169 -0.0906006 0.00834305
67000 0.907549 -0.0667105 0.00848697
68000 0.904811 -0.0819817 0.00837744
69000 0.896095 -0.0668917 0.00831485
70000 0.901945 -0.0727043 0.00845402
71000 0.912841 -0.0737453 0.00850935
72000 0.889402 -0.0871741 0.00813558
73000 0.908391 -0.0835652 0.00849704
74000 0.918439 -0.0785149 0.00854734
75000 0.882642 -0.054508 0.00839259
76000 0.889239 -0.0778645 0.00836508
77000 0.903479 -0.0906584 0.00836114
78000 0.876336 -0.118199 0.00798059
79000 0.888702 -0.097554 0.00824021
80000 0.91733 -0.102651 0.00858413
81000 0.908228 -0.111843 0.00847282
82000 0.909909 -0.113232 0.00848407
83000 0.913293 -0.111136 0.00850921
84000 0.911106 -0.142711 0.00827192
85000 0.897536 -0.135943 0.00818389
86000 0.891931 -0.121662 0.0082373
87000 0.909078 -0.101448 0.00841433
88000 0.88639 -0.10111 0.00815497
89000 0.900035 -0.101966 0.00829359
90000 0.883747 -0.107455 0.00822052
91000 0.902878 -0.0969486 0.00846337
92000 0.872827 -0.0870248 0.00822252
93000 0.904973 -0.10049 0.00844982
94000 0.92809 -0.111526 0.00868333
95000 0.880051 -0.106926 0.00804038
96000 0.89008 -0.155293 0.00803781
97000 0.9109 -0.0803257 0.00856309
98000 0.886846 -0.10068 0.00817037
99000 0.91735 -0.0862691 0.00865474
100000 0.888559 -0.0900407 0.00833996
101000 0.918063 -0.0829271 0.00860709
102000 0.914616 -0.0681857 0.00868024
103000 0.89564 -0.0818091 0.00838703
104000 0.900314 -0.103472 0.00844938
105000 0.903648 -0.0919416 0.00837196
106000 0.909146 -0.0833637 0.00856632
107000 0.913342 -0.0859571 0.00841618
108000 0.899129 -0.118338 0.00838421
109000 0.897755 -0.113058 0.00822442
110000 0.919369 -0.102056 0.00831771
111000 0.915732 -0.072675 0.00876526
112000 0.898687 -0.108874 0.00830175
113000 0.865397 -0.123971 0.00787838
114000 0.892043 -0.114201 0.00824298
115000 0.888985 -0.126147 0.00811315
116000 0.917335 -0.120479 0.00849928
117000 0.911577 -0.113006 0.00841673
118000 0.90593 -0.132361 0.00839702
119000 0.896706 -0.121621 0.00818708
120000 0.895011 -0.108242 0.00823328
121000 0.902998 -0.109196 0.00841712
122000 0.912347 -0.10053 0.00854496
123000 0.887564 -0.0970233 0.00830088
124000 0.927185 -0.119494 0.00869117
125000 0.90607 -0.103039 0.00840998
126000 0.892839 -0.0938737 0.00829058
127000 0.886825 -0.0836762 0.00830723
128000 0.930416 -0.0940691 0.00864409
129000 0.92843 -0.09351 0.00858546
130000 0.871342 -0.116861 0.00793826
131000 0.896488 -0.0999265 0.00822671
132000 0.933376 -0.104406 0.00867966
133000 0.90084 -0.100531 0.00833294
134000 0.888319 -0.0926512 0.00833597
135000 0.922618 -0.0970147 0.00858208
136000 0.883865 -0.0903347 0.00823581
137000 0.876677 -0.113629 0.00795907
138000 0.887434 -0.121466 0.00812007
139000 0.877363 -0.124599 0.00810104
140000 0.927178 -0.14703 0.00838588
141000 0.92124 -0.120959 0.00855026
142000 0.888369 -0.123595 0.00804034
143000 0.915481 -0.0901703 0.0085033
144000 0.900784 -0.0764541 0.00847921
145000 0.897192 -0.0907936 0.00839656
146000 0.883554 -0.0743449 0.00832343
147000 0.898507 -0.0816415 0.00848923
148000 0.925185 -0.0806104 0.0085149
149000 0.908712 -0.0824128 0.00871193
150000 0.893859 -0.102337 0.00835875
151000 0.923855 -0.0980194 0.00880208
152000 0.917176 -0.101525 0.00852766
153000 0.874247 -0.117334 0.00787978
154000 0.927475 -0.100084 0.0085967
155000 0.87453 -0.104104 0.00818571
156000 0.913599 -0.123763 0.00824337
157000 0.867671 -0.0904951 0.0079876
158000 0.907074 -0.11674 0.00817305
159000 0.902931 -0.124554 0.00824511
160000 0.931854 -0.111305 0.00871741
161000 0.909627 -0.111246 0.00842391
162000 0.898989 -0.105399 0.00824755
163000 0.937709 -0.0887624 0.00864693
164000 0.871627 -0.0902199 0.00812577
165000 0.893785 -0.0741968 0.00847751
166000 0.903967 -0.0693513 0.00860109
167000 0.90991 -0.0780578 0.00866058
168000 0.923322 -0.0676305 0.00888663
169000 0.908156 -0.0757933 0.00840182
170000 0.877972 -0.0730158 0.00810721
171000 0.903185 -0.0681218 0.00860942
172000 0.915367 -0.0629605 0.00882403
173000 0.90011 -0.0695973 0.00853978
174000 0.899133 -0.104222 0.00817039
175000 0.877543 -0.120808 0.0080039
176000 0.893823 -0.0995034 0.00825115
177000 0.911203 -0.0863781 0.00857941
178000 0.898608 -0.107882 0.0083647
179000 0.892425 -0.124539 0.00812916
180000 0.884235 -0.130958 0.0080275
181000 0.936935 -0.121872 0.00860452
182000 0.87768 -0.124669 0.0078835
183000 0.883911 -0.106569 0.00816528
184000 0.910351 -0.118383 0.00834712
185000 0.897742 -0.134457 0.00830275
186000 0.88946 -0.124997 0.0081908
187000 0.927193 -0.117762 0.00858967
188000 0.905056 -0.0848211 0.00853057
189000 0.89772 -0.0928221 0.0082333
190000 0.910294 -0.0810258 0.00872484
191000 0.921859 -0.0731207 0.0087215
192000 0.936328 -0.0869736 0.00878868
193000 0.872012 -0.101724 0.00799688
194000 0.905718 -0.107647 0.00825714
195000 0.909777 -0.0890069 0.00849862
196000 0.914214 -0.0934756 0.00848517
197000 0.905402 -0.0914941 0.0085622
198000 0.891197 -0.0834507 0.0083134
199000 0.888404 -0.119606 0.00816993
200000 0.876149 -0.121312 0.00796661
201000 0.901945 -0.114748 0.00841053
202000 0.898194 -0.118809 0.00838475
203000 0.915613 -0.103867 0.00860272
204000 0.883654 -0.114663 0.00810224
205000 0.88299 -0.108308 0.00820897
206000 0.913435 -0.122245 0.00825585
207000 0.902572 -0.1107 0.00826571
208000 0.887346 -0.104811 0.0081254
209000 0.881669 -0.0713944 0.00831544
210000 0.913481 -0.0871043 0.00855958
211000 0.906385 -0.0722291 0.00857114
212000 0.890215 -0.0843515 0.00836636
213000 0.872747 -0.0879566 0.00804944
214000 0.920008 -0.108407 0.00839898
215000 0.914665 -0.122672 0.00822294
216000 0.893182 -0.112785 0.00826584
217000 0.887605 -0.110035 0.00834125
218000 0.92997 -0.103422 0.00855137
219000 0.889102 -0.0927655 0.00835185
220000 0.868351 -0.107761 0.00813186
221000 0.922481 -0.105314 0.00843324
222000 0.871611 -0.103826 0.0081712
223000 0.931995 -0.105931 0.0086153
224000 0.929626 -0.103098 0.00854771
225000 0.889139 -0.101394 0.00836873
226000 0.904399 -0.0807196 0.00866125
227000 0.912473 -0.100077 0.00855392
228000 0.902105 -0.106922 0.00831234
229000 0.907079 -0.108302 0.00839651
230000 0.899415 -0.116772 0.00835511
231000 0.906718 -0.126264 0.00833164
232000 0.912704 -0.112332 0.00863519
233000 0.932959 -0.113311 0.00847563
234000 0.906831 -0.0870104 0.00853332
235000 0.867005 -0.0862078 0.0080525
236000 0.911561 -0.0727275 0.00857042
237000 0.912434 -0.0840373 0.00862726
238000 0.869985 -0.0755334 0.00818443
239000 0.898311 -0.0866704 0.0083923
240000 0.923896 -0.0775057 0.00870405
241000 0.884252 -0.1008 0.00822142
242000 0.878712 -0.0910745 0.00821064
243000 0.901628 -0.0659234 0.00852249
244000 0.888298 -0.0820182 0.00840317
245000 0.906939 -0.102123 0.00836763
246000 0.910129 -0.104113 0.00834937
247000 0.891781 -0.09049 0.00824
248000 0.920834 -0.0845535 0.00865893
249000 0.897393 -0.0719578 0.0085153
250000 0.886185 -0.0867946 0.00818907
251000 0.90274 -0.128559 0.00816032
252000 0.896451 -0.123628 0.00809719
253000 0.91459 -0.104296 0.00841592
254000 0.864438 -0.0993769 0.00800701
255000 0.913155 -0.101697 0.00834092
256000 0.927584 -0.106761 0.00856519
257000 0.894705 -0.0875493 0.00831534
258000 0.904466 -0.0929787 0.0086006
259000 0.898501 -0.0908389 0.00843309
260000 0.894231 -0.109225 0.00823338
261000 0.888284 -0.121681 0.0084086
262000 0.913632 -0.118643 0.00840158
263000 0.908164 -0.115404 0.00847928
264000 0.879992 -0.16274 0.00791097
265000 0.901959 -0.124051 0.00812787
266000 0.886287 -0.124451 0.00792829
267000 0.89798 -0.134895 0.00803711
268000 0.919876 -0.103142 0.00842599
269000 0.90634 -0.101218 0.0082781
270000 0.915737 -0.0969926 0.00842571
271000 0.876093 -0.101904 0.00799492
272000 0.867308 -0.0899366 0.00805252
273000 0.874623 -0.0805128 0.00817806
274000 0.908658 -0.0896947 0.0083824
275000 0.891718 -0.0884712 0.00829886
276000 0.87224 -0.103464 0.00810771
277000 0.907749 -0.0887496 0.00848692
278000 0.898673 -0.111313 0.00826648
279000 0.87268 -0.11566 0.00796081
280000 0.896982 -0.131777 0.00805234
281000 0.880217 -0.113415 0.00796653
282000 0.906823 -0.103973 0.00865022
283000 0.875566 -0.121572 0.00805762
284000 0.910713 -0.103876 0.00842873
285000 0.898139 -0.111451 0.00823705
286000 0.903228 -0.120689 0.00830743
287000 0.910855 -0.0965366 0.008447
288000 0.903784 -0.0902462 0.00838202
289000 0.895734 -0.0891978 0.00844101
290000 0.879688 -0.115 0.00802205
291000 0.889554 -0.108582 0.00831367
292000 0.92151 -0.114307 0.00857079
293000 0.887699 -0.121163 0.00822457
294000 0.88044 -0.0973624 0.00809786
295000 0.915603 -0.0878565 0.00860206
296000 0.890084 -0.0806534 0.00825703
297000 0.913687 -0.105412 0.00854114
298000 0.872843 -0.10201 0.00804452
299000 0.896413 -0.105001 0.00827043
300000 0.906952 -0.103052 0.00840948
301000 0.892411 -0.119213 0.0081578
302000 0.898749 -0.124533 0.00824444
303000 0.936399 -0.099173 0.00864252
304000 0.891908 -0.0893222 0.00843553
305000 0.911506 -0.0955698 0.00851213
306000 0.864619 -0.0705689 0.00820859
307000 0.883924 -0.0753019 0.00829546
308000 0.889232 -0.0849621 0.00836087
309000 0.892871 -0.0909391 0.00834261
310000 0.90618 -0.0847976 0.00859971
311000 0.876563 -0.0751767 0.00818081
312000 0.898699 -0.0824354 0.00853056
313000 0.865156 -0.116325 0.00778924
314000 0.895218 -0.101928 0.00827427
315000 0.901271 -0.125942 0.00827539
316000 0.904367 -0.122484 0.00833911
317000 0.879813 -0.128464 0.00803627
318000 0.931056 -0.121501 0.00863494
319000 0.87061 -0.116226 0.00798523
320000 0.90282 -0.0975141 0.00852291
321000 0.902316 -0.103037 0.00832568
322000 0.897856 -0.103858 0.00829847
323000 0.903191 -0.131377 0.00803426
324000 0.914243 -0.0962341 0.00840728
325000 0.870001 -0.125164 0.007873
326000 0.921582 -0.0824724 0.00865432
327000 0.932873 -0.0819461 0.0086796
328000 0.885769 -0.0858388 0.00838117
329000 0.895972 -0.0825378 0.00841472
330000 0.899632 -0.0794331 0.00852401
331000 0.923282 -0.101683 0.00857939
332000 0.868032 -0.0969136 0.00798241
333000 0.899357 -0.0989513 0.00828947
334000 0.911177 -0.117983 0.00826425
335000 0.87701 -0.13745 0.00781575
336000 0.90839 -0.109607 0.00825842
337000 0.883993 -0.0990026 0.00817153
338000 0.903183 -0.0987285 0.00828074
339000 0.903728 -0.078228 0.00877082
340000 0.912533 -0.0716369 0.00864534
341000 0.871536 -0.0849597 0.00818358
342000 0.89066 -0.0829881 0.00828933
343000 0.918123 -0.0884531 0.00866256
344000 0.910845 -0.0846948 0.00842225
345000 0.864138 -0.10184 0.00798465
346000 0.884315 -0.0799563 0.00833565
347000 0.935562 -0.0951437 0.00879501
348000 0.899691 -0.0914886 0.00847803
349000 0.909281 -0.110398 0.00843843
350000 0.893638 -0.129806 0.00805274
351000 0.90794 -0.133109 0.00820884
352000 0.894701 -0.131355 0.00806259
353000 0.894072 -0.130865 0.00824855
354000 0.894108 -0.123027 0.00813373
355000 0.902463 -0.113929 0.00850496
356000 0.903807 -0.152786 0.00820035
357000 0.875589 -0.14188 0.00776757
358000 0.890051 -0.150269 0.0078449
359000 0.901748 -0.164998 0.00802185
360000 0.877169 -0.127262 0.00798956
361000 0.904652 -0.0980593 0.00842343
362000 0.885516 -0.0720402 0.00832619
363000 0.889561 -0.0894938 0.00837085
364000 0.894485 -0.0851681 0.00822762
365000 0.895738 -0.108268 0.00811645
366000 0.903535 -0.0783674 0.0085578
367000 0.8928 -0.0952576 0.00827422
368000 0.88761 -0.0862606 0.00822609
369000 0.893686 -0.107138 0.00835514
370000 0.924575 -0.0988968 0.00851648
371000 0.878955 -0.102936 0.00819855
372000 0.90088 -0.074535 0.0086501
373000 0.889676 -0.0784605 0.0083006
374000 0.897785 -0.088251 0.0083672
375000 0.896807 -0.0631315 0.00839265
376000 0.900499 -0.0505582 0.00860227
377000 0.896435 -0.068728 0.00846951
378000 0.896531 -0.0747589 0.00852185
379000 0.877799 -0.113084 0.00786614
380000 0.915598 -0.100949 0.00867563
381000 0.926005 -0.0974657 0.00868019
382000 0.895881 -0.120561 0.00817522
383000 0.907729 -0.109499 0.00857158
384000 0.903161 -0.0981892 0.00844716
385000 0.888772 -0.116118 0.0082834
386000 0.873468 -0.103979 0.00817282
387000 0.925011 -0.110311 0.0083053
388000 0.866151 -0.117231 0.00793965
389000 0.904968 -0.110649 0.00835804
390000 0.896549 -0.116032 0.00833941
391000 0.908902 -0.101419 0.00861523
392000 0.898783 -0.0971026 0.00839759
393000 0.899195 -0.101994 0.00827971
394000 0.913422 -0.0972513 0.00855327
395000 0.901248 -0.0773235 0.00861217
396000 0.877936 -0.0815728 0.00816304
397000 0.928766 -0.0695359 0.00874933
398000 0.904531 -0.0736967 0.00856442
399000 0.895946 -0.0919271 0.00820495
400000 0.913204 -0.0822505 0.00852134
401000 0.886265 -0.108962 0.00814394
402000 0.91232 -0.111871 0.00832657
403000 0.879541 -0.0963833 0.00817605
404000 0.912122 -0.109793 0.00839281
405000 0.872426 -0.0977214 0.00820963
406000 0.915856 -0.0821869 0.00853823
407000 0.893163 -0.104595 0.00827889
408000 0.90704 -0.094982 0.00848029
409000 0.868034 -0.088188 0.00824183
410000 0.921241 -0.0805148 0.00868915
411000 0.861864 -0.0719423 0.00815871
412000 0.937255 -0.0855636 0.00886381
413000 0.908864 -0.120562 0.0082716
414000 0.876735 -0.109408 0.00806535
415000 0.887533 -0.0999003 0.00825305
416000 0.886303 -0.0973523 0.0083282
417000 0.900317 -0.100386 0.00824056
418000 0.884968 -0.0875188 0.00832777
419000 0.878622 -0.0976407 0.00808685
420000 0.898999 -0.103579 0.00835549
421000 0.931084 -0.0993271 0.00872501
422000 0.877712 -0.105162 0.0081388
423000 0.924593 -0.0910847 0.0086981
424000 0.881709 -0.0866694 0.0082601
425000 0.913233 -0.100287 0.00843328
426000 0.904649 -0.0935553 0.00836399
427000 0.891238 -0.0682897 0.0084603
428000 0.897373 -0.0744244 0.00836643
429000 0.902019 -0.0912182 0.00824612
430000 0.875875 -0.0882853 0.00798821
431000 0.865842 -0.087867 0.00809501
432000 0.921155 -0.0928695 0.00860041
433000 0.901196 -0.0840348 0.00826533
434000 0.91546 -0.093366 0.00837452
435000 0.904673 -0.0815977 0.00854302
436000 0.902391 -0.0823358 0.00856121
437000 0.904925 -0.09894 0.00833281
438000 0.896749 -0.0938165 0.00831332
439000 0.907184 -0.102433 0.00848777
440000 0.913929 -0.0956055 0.00840772
441000 0.888975 -0.0999364 0.00813759
442000 0.909819 -0.0958725 0.00861163
443000 0.893537 -0.0752079 0.00836282
444000 0.879477 -0.0958109 0.0081636
445000 0.908305 -0.118181 0.00826453
446000 0.888074 -0.103107 0.00826438
447000 0.912571 -0.0883505 0.00852863
448000 0.915423 -0.0695392 0.0086197
449000 0.890908 -0.0781496 0.00819145
450000 0.907795 -0.0869386 0.00851726
451000 0.907306 -0.10858 0.00824474
452000 0.892524 -0.123461 0.00809631
453000 0.919492 -0.12206 0.00840463
454000 0.877595 -0.129168 0.00803629
455000 0.907716 -0.103532 0.00838766
456000 0.872767 -0.0854588 0.00826353
457000 0.886994 -0.0868369 0.00840179
458000 0.883555 -0.0670226 0.0083371
459000 0.904424 -0.0712014 0.00842186
460000 0.903779 -0.0611964 0.00862741
461000 0.883301 -0.0686574 0.00824504
462000 0.920982 -0.0783684 0.00869978
463000 0.90288 -0.0890174 0.00820388
464000 0.862194 -0.0818176 0.00804016
465000 0.92602 -0.0789143 0.00869941
466000 0.875719 -0.0956711 0.00826246
467000 0.92139 -0.0728368 0.00864879
468000 0.86751 -0.0670933 0.00824749
469000 0.908937 -0.0953511 0.00825583
470000 0.901303 -0.0821076 0.00843936
471000 0.923413 -0.0761678 0.00863378
472000 0.901194 -0.0692488 0.00842115
473000 0.907442 -0.0736992 0.00853306
474000 0.870423 -0.100578 0.00804898
475000 0.911558 -0.0818175 0.00865776
476000 0.90046 -0.090338 0.00851269
477000 0.910946 -0.0721636 0.00872594
478000 0.890585 -0.0955982 0.00822867
479000 0.874433 -0.0867058 0.00822169
480000 0.929305 -0.081315 0.00879675
481000 0.919349 -0.0963557 0.00868317
482000 0.916127 -0.0797698 0.00852899
483000 0.877351 -0.0880473 0.00815296
484000 0.898405 -0.0713887 0.00853769
485000 0.880024 -0.0593529 0.00828678
486000 0.915175 -0.0719855 0.00874121
487000 0.878549 -0.0899388 0.00814045
488000 0.92266 -0.0785542 0.00856559
489000 0.924364 -0.0699839 0.00876865
490000 0.880955 -0.0733393 0.00833695
491000 0.903106 -0.0607141 0.00850133
492000 0.931473 -0.0757947 0.00870075
493000 0.903366 -0.0734756 0.00841604
494000 0.892039 -0.0784298 0.00842581
495000 0.921043 -0.0692831 0.00863235
496000 0.869693 -0.0664169 0.00822028
497000 0.921374 -0.0833625 0.00865974
498000 0.904814 -0.0841606 0.00849803
499000 0.920677 -0.099842 0.00849277
500000 0.892808 -0.0867335 0.00822077
501000 0.922598 -0.0879226 0.00857039
502000 0.901883 -0.0843228 0.00842344
503000 0.887273 -0.0808336 0.00819944
504000 0.932635 -0.0839977 0.00879589
505000 0.88549 -0.104172 0.00817585
506000 0.888452 -0.111144 0.00814792
507000 0.908307 -0.088522 0.00871444
508000 0.907611 -0.0827479 0.00860763
509000 0.872549 -0.0857329 0.00826457
510000 0.919566 -0.0819081 0.00865018
511000 0.882095 -0.107651 0.00824213
512000 0.891852 -0.126582 0.0081718
513000 0.918917 -0.122843 0.00845118
514000 0.899922 -0.115651 0.0082871
515000 0.905706 -0.106971 0.00838355
516000 0.884805 -0.100944 0.00823817
517000 0.930355 -0.115574 0.00866635
518000 0.894537 -0.102854 0.00830057
519000 0.88642 -0.0915618 0.00833939
520000 0.933328 -0.100449 0.00867839
521000 0.891899 -0.132344 0.00813947
522000 0.91905 -0.137189 0.00845698
523000 0.907711 -0.133431 0.00819668
524000 0.89295 -0.133986 0.00831574
525000 0.903445 -0.112467 0.00853742
526000 0.917929 -0.138445 0.00817609
527000 0.91566 -0.100227 0.00856349
528000 0.882089 -0.0834908 0.00825743
529000 0.917098 -0.0871378 0.00856729
530000 0.903971 -0.0714411 0.00841695
531000 0.874377 -0.0752314 0.0082088
532000 0.9268 -0.0754014 0.00872683
533000 0.901539 -0.0873708 0.0083972
534000 0.87999 -0.0864852 0.00815385
535000 0.904919 -0.101717 0.00838261
536000 0.910881 -0.081319 0.00853971
537000 0.898264 -0.0859477 0.00851098
538000 0.888715 -0.104107 0.00831586
539000 0.88445 -0.113617 0.0081477
540000 0.903054 -0.105441 0.00853042
541000 0.887203 -0.0874258 0.00839378
542000 0.889638 -0.0991915 0.00825477
543000 0.882029 -0.071695 0.00833884
544000 0.886331 -0.0735787 0.00831755
545000 0.899067 -0.0736316 0.00839811
546000 0.870031 -0.0830885 0.0081705
547000 0.920307 -0.0929515 0.00851568
548000 0.881888 -0.117065 0.00815545
549000 0.935525 -0.0930551 0.0088313
550000 0.866792 -0.0773748 0.00816896
551000 0.909525 -0.090195 0.00847521
552000 0.903509 -0.11237 0.00817077
553000 0.886146 -0.117146 0.00819099
554000 0.893181 -0.0956885 0.00821778
555000 0.912589 -0.123318 0.0083734
556000 0.911625 -0.111984 0.00843187
557000 0.902194 -0.118403 0.0082814
558000 0.924302 -0.133772 0.00834875
559000 0.896809 -0.122142 0.00818087
560000 0.904939 -0.107369 0.00834664
561000 0.886877 -0.118792 0.00815008
562000 0.899659 -0.112018 0.00817362
563000 0.917294 -0.0915952 0.00837302
564000 0.914179 -0.0743243 0.00855989
565000 0.918666 -0.0996309 0.00828292
566000 0.86367 -0.0754794 0.00806363
567000 0.922822 -0.106256 0.00847723
568000 0.898182 -0.119112 0.00810568
569000 0.907673 -0.103787 0.00854336
570000 0.894413 -0.106353 0.00827499
571000 0.87047 -0.0989964 0.00813144
572000 0.924007 -0.0815315 0.00874726
573000 0.892426 -0.092859 0.00833124
574000 0.887891 -0.115094 0.00823349
575000 0.87619 -0.10297 0.00816093
576000 0.904718 -0.106941 0.00837592
577000 0.892416 -0.0992478 0.00823986
578000 0.906976 -0.0777302 0.00851581
579000 0.887675 -0.0879439 0.00819889
580000 0.930166 -0.109218 0.00849655
581000 0.88727 -0.103948 0.00832644
582000 0.896854 -0.0867242 0.00834277
583000 0.862256 -0.108104 0.00794367
584000 0.906906 -0.102319 0.00833222
585000 0.93256 -0.0782247 0.00881792
586000 0.914285 -0.0673514 0.00861355
587000 0.873338 -0.0683104 0.00814189
588000 0.923852 -0.0724968 0.0086945
589000 0.892882 -0.0654954 0.0085417
590000 0.906277 -0.0784399 0.00859259
591000 0.889756 -0.0758569 0.00844645
592000 0.928415 -0.0896538 0.00865042
593000 0.880373 -0.0955928 0.00815706
594000 0.908114 -0.0801086 0.00843415
595000 0.922487 -0.0738246 0.00859135
596000 0.890775 -0.066639 0.00864123
597000 0.887173 -0.0766507 0.00841632
598000 0.938741 -0.0835145 0.00872162
599000 0.883719 -0.089487 0.00811306
600000 0.902475 -0.11046 0.00837215
601000 0.90184 -0.094196 0.0084933
602000 0.890881 -0.0838428 0.00844684
603000 0.930546 -0.100769 0.00854791
604000 0.903218 -0.111402 0.00819021
605000 0.909628 -0.100606 0.00852064
606000 0.919848 -0.104719 0.00856925
607000 0.890741 -0.10331 0.0082122
608000 0.875938 -0.119049 0.00800932
609000 0.885279 -0.0903559 0.00818492
610000 0.879772 -0.0803424 0.00833996
611000 0.912604 -0.06745 0.00868346
612000 0.902133 -0.0779472 0.00851426
613000 0.894202 -0.093832 0.00828158
614000 0.884128 -0.102947 0.00805376
615000 0.886359 -0.127566 0.00796605
616000 0.917468 -0.114191 0.00860583
617000 0.889635 -0.115372 0.00824906
618000 0.919852 -0.093163 0.00856534
619000 0.929849 -0.10304 0.00872859
620000 0.918185 -0.0930017 0.00869003
621000 0.910172 -0.110736 0.00853834
622000 0.881732 -0.121667 0.00784866
623000 0.904124 -0.1102 0.00847473
624000 0.908164 -0.112875 0.00847243
625000 0.908462 -0.0818748 0.00839
626000 0.90665 -0.101669 0.00847841
627000 0.919263 -0.102606 0.00852291
628000 0.891872 -0.0867298 0.00834398
629000 0.921378 -0.077102 0.00883738
630000 0.927982 -0.0715222 0.008765
631000 0.875218 -0.0772067 0.00821413
632000 0.903295 -0.0888643 0.00844732
633000 0.901881 -0.0686485 0.00855925
634000 0.919006 -0.068081 0.00859148
635000 0.892835 -0.0691909 0.00842884
636000 0.887661 -0.0591497 0.00854372
637000 0.905542 -0.0831662 0.00829291
638000 0.917935 -0.0803795 0.00853008
639000 0.920476 -0.083629 0.00880788
640000 0.897008 -0.0889424 0.00848798
641000 0.920512 -0.076649 0.00863873
642000 0.907719 -0.0859441 0.00851549
643000 0.880872 -0.083614 0.0082265
644000 0.910932 -0.101253 0.00843694
645000 0.930587 -0.103184 0.00867128
646000 0.885176 -0.0937056 0.00820574
647000 0.885874 -0.116585 0.00805045
648000 0.901133 -0.0846584 0.0083595
649000 0.893298 -0.0898903 0.0084109
650000 0.889137 -0.10341 0.00835703
651000 0.90022 -0.10274 0.00854672
652000 0.872279 -0.121784 0.00802975
653000 0.879583 -0.142998 0.00789132
654000 0.915785 -0.10897 0.00854527
655000 0.927987 -0.0868124 0.00870474
656000 0.888894 -0.0784681 0.00849261
657000 0.891887 -0.0954457 0.0080522
658000 0.910099 -0.0702971 0.00856291
659000 0.91264 -0.0961516 0.00826419
660000 0.907618 -0.0970144 0.00836069
661000 0.884362 -0.104707 0.00823337
662000 0.916707 -0.109238 0.00845038
663000 0.885166 -0.123526 0.00798582
664000 0.870254 -0.124949 0.00815006
665000 0.930061 -0.11409 0.00875742
666000 0.898242 -0.0880731 0.00839897
667000 0.889897 -0.0955663 0.00840024
668000 0.883715 -0.0870371 0.00832768
669000 0.922172 -0.0910045 0.0084884
670000 0.890077 -0.112852 0.00808352
671000 0.911295 -0.0949511 0.00864875
672000 0.903566 -0.0802338 0.00848304
673000 0.903238 -0.0826639 0.00851463
674000 0.89039 -0.0995872 0.00822473
675000 0.883877 -0.0995031 0.00817398
676000 0.8941 -0.098376 0.00831467
677000 0.896293 -0.0970362 0.00831394
678000 0.895744 -0.0780791 0.00846126
679000 0.921922 -0.0906372 0.00866759
680000 0.884836 -0.0831923 0.00838377
681000 0.910541 -0.0977364 0.00850371
682000 0.908451 -0.10575 0.00844832
683000 0.929021 -0.114668 0.00856269
684000 0.913024 -0.112744 0.00821516
685000 0.897743 -0.0965801 0.00844032
686000 0.902064 -0.112416 0.0082993
687000 0.896641 -0.127795 0.00807316
688000 0.887775 -0.0878325 0.0082915
689000 0.887076 -0.0962209 0.00817921
690000 0.89183 -0.085545 0.00835561
691000 0.908511 -0.0760944 0.0084965
692000 0.892517 -0.0635222 0.00844659
693000 0.916855 -0.09257 0.00843498
694000 0.933251 -0.065823 0.00879848
695000 0.889009 -0.0614655 0.00839898
696000 0.899974 -0.0834169 0.00850476
697000 0.902564 -0.106802 0.00836286
698000 0.896511 -0.105878 0.00821451
699000 0.901933 -0.100687 0.00829201
700000 0.890217 -0.0947463 0.00822928
701000 0.89279 -0.0892241 0.00824574
702000 0.889573 -0.108687 0.00797912
703000 0.895401 -0.111783 0.00812056
704000 0.904951 -0.126036 0.00839489
705000 0.897934 -0.138034 0.00813743
706000 0.904227 -0.146529 0.00813997
707000 0.907576 -0.120348 0.00837018
708000 0.88775 -0.0939096 0.00821189
709000 0.903245 -0.108983 0.00831581
710000 0.906471 -0.117021 0.00817476
711000 0.915243 -0.0839327 0.00857198
712000 0.90312 -0.110515 0.00841721
713000 0.929727 -0.113718 0.00860854
714000 0.902328 -0.113041 0.00829148
715000 0.893873 -0.124962 0.00819845
716000 0.91324 -0.0771298 0.00855678
717000 0.910046 -0.0940419 0.0085554
718000 0.902377 -0.105162 0.00836156
719000 0.899754 -0.115308 0.00834057
720000 0.860817 -0.117554 0.00766975
721000 0.928881 -0.112843 0.00834307
722000 0.889637 -0.109935 0.00812638
723000 0.877715 -0.0840707 0.00818312
724000 0.910166 -0.096036 0.0086033
725000 0.891415 -0.0755929 0.00837748
726000 0.897197 -0.0841326 0.00836981
727000 0.883434 -0.106292 0.00815587
728000 0.868963 -0.0947285 0.00796542
729000 0.895604 -0.0961248 0.00842221
730000 0.886445 -0.0811757 0.00834199
731000 0.925643 -0.116041 0.00853878
732000 0.88778 -0.100528 0.00810415
733000 0.931972 -0.0968922 0.00868193
734000 0.868986 -0.10053 0.00801065
735000 0.904235 -0.0991751 0.00836206
736000 0.897491 -0.113559 0.0082338
737000 0.911502 -0.124505 0.00839033
738000 0.897734 -0.0941053 0.00846835
739000 0.902426 -0.072293 0.00848471
740000 0.90126 -0.102267 0.00821449
741000 0.884723 -0.0938778 0.00831517
742000 0.900091 -0.092123 0.00828398
743000 0.916165 -0.0897645 0.00844768
744000 0.895498 -0.0880128 0.00839935
745000 0.884483 -0.0975146 0.00825735
746000 0.883134 -0.0980352 0.00810943
747000 0.928265 -0.0846949 0.00873523
748000 0.874331 -0.114598 0.00808921
749000 0.877413 -0.123819 0.00790629
750000 0.903302 -0.0998173 0.00830965
751000 0.883947 -0.0832015 0.00821691
752000 0.881025 -0.102424 0.00804473
753000 0.888357 -0.0701244 0.0083503
754000 0.915734 -0.0976654 0.00846688
755000 0.901892 -0.075577 0.00846543
756000 0.901379 -0.0728393 0.00853343
757000 0.896292 -0.0765741 0.00857592
758000 0.917194 -0.0859407 0.0086161
759000 0.892274 -0.0774946 0.00846913
760000 0.875467 -0.087762 0.00810001
761000 0.918278 -0.0759306 0.00859715
762000 0.894184 -0.102988 0.00820854
763000 0.878644 -0.119877 0.00792812
764000 0.870038 -0.113397 0.00791561
765000 0.927505 -0.0941014 0.00852638
766000 0.890793 -0.0864155 0.00830537
767000 0.884545 -0.0734771 0.00825449
768000 0.887936 -0.0780336 0.00843114
769000 0.874052 -0.101674 0.00800947
770000 0.919819 -0.0882332 0.00849737
771000 0.886997 -0.0790152 0.00827394
772000 0.893715 -0.0821216 0.00844397
773000 0.894756 -0.0962056 0.00832778
774000 0.900112 -0.0800904 0.00864064
775000 0.912042 -0.0638284 0.00868704
776000 0.90749 -0.0860326 0.00842097
777000 0.887577 -0.0906024 0.0084074
778000 0.909625 -0.0946378 0.00832606
779000 0.880188 -0.0920668 0.00809581
780000 0.889278 -0.0805138 0.00826825
781000 0.911231 -0.0967481 0.00862138
782000 0.896292 -0.0968667 0.00821993
783000 0.885732 -0.0839375 0.00829594
784000 0.930516 -0.072409 0.00884257
785000 0.918348 -0.080389 0.00865141
786000 0.89763 -0.0789883 0.00839569
787000 0.871389 -0.0860726 0.00811584
788000 0.890538 -0.0882529 0.00837171
789000 0.916047 -0.117954 0.00831418
790000 0.883605 -0.091272 0.0083714
791000 0.889811 -0.0986296 0.0081666
792000 0.907829 -0.0832052 0.00847325
793000 0.880777 -0.110767 0.00819129
794000 0.893052 -0.0952006 0.00841684
795000 0.890926 -0.0860624 0.00814315
796000 0.935753 -0.0870144 0.00871457
797000 0.879798 -0.0893174 0.00811303
798000 0.885296 -0.0993689 0.00825562
799000 0.926918 -0.114406 0.00862023
800000 0.90335 -0.119731 0.00824954
801000 0.911319 -0.120451 0.00818283
802000 0.907825 -0.106665 0.00841374
803000 0.895748 -0.122234 0.00815022
804000 0.887434 -0.108695 0.00823136
805000 0.916151 -0.16842 0.00820762
806000 0.928112 -0.126276 0.00844379
807000 0.885357 -0.142353 0.007986
808000 0.877544 -0.126292 0.00802879
809000 0.900203 -0.132534 0.00821795
810000 0.924017 -0.138136 0.00829565
811000 0.874501 -0.109576 0.0081587
812000 0.893695 -0.103169 0.0083194
813000 0.892162 -0.111906 0.00840541
814000 0.914112 -0.109336 0.00859886
815000 0.880889 -0.102548 0.00818088
816000 0.904063 -0.0964696 0.00842423
817000 0.893609 -0.0940474 0.00827178
818000 0.892641 -0.0687271 0.00837481
819000 0.887564 -0.0575698 0.00860686
820000 0.933796 -0.0865651 0.00864088
821000 0.887065 -0.0746551 0.00833572
822000 0.88699 -0.0883155 0.0083053
823000 0.898477 -0.0777437 0.00854147
824000 0.892032 -0.0710213 0.008411
825000 0.919814 -0.0840687 0.00852799
826000 0.911415 -0.0940056 0.00846025
827000 0.882089 -0.112568 0.0081304
828000 0.911406 -0.105652 0.00846654
829000 0.907712 -0.0850843 0.00855208
830000 0.900043 -0.0858861 0.00845981
831000 0.891624 -0.103468 0.0082111
832000 0.910254 -0.0899919 0.00840479
833000 0.907667 -0.0882417 0.00853155
834000 0.887881 -0.0950538 0.00818693
835000 0.903659 -0.0782629 0.00843077
836000 0.898456 -0.0914923 0.0082856
837000 0.894645 -0.0844046 0.00843891
838000 0.877932 -0.0841784 0.00826519
839000 0.88689 -0.102935 0.00813356
840000 0.905193 -0.101141 0.0083479
841000 0.907435 -0.0798584 0.00852526
842000 0.902684 -0.0709873 0.00858419
843000 0.885676 -0.0822338 0.00824091
844000 0.906003 -0.0666765 0.00867633
845000 0.884989 -0.0826457 0.0083046
846000 0.911617 -0.0886395 0.0084996
847000 0.907173 -0.0920205 0.0084025
848000 0.888211 -0.0805957 0.00832802
849000 0.929339 -0.0810942 0.00879185
850000 0.900471 -0.0765683 0.00853881
851000 0.87414 -0.0880462 0.00820704
852000 0.891298 -0.0887064 0.00834339
853000 0.900231 -0.101921 0.00820665
854000 0.888185 -0.0889215 0.00817472
855000 0.86384 -0.095568 0.00801122
856000 0.931071 -0.0805318 0.00865888
857000 0.892477 -0.101495 0.00825095
858000 0.925032 -0.104414 0.00858985
859000 0.932979 -0.0957112 0.00875492
860000 0.903837 -0.0828934 0.00846627
861000 0.928757 -0.0646157 0.00867246
862000 0.876795 -0.0696799 0.00817027
863000 0.907117 -0.0880882 0.0084876
864000 0.8896 -0.0816614 0.00830865
865000 0.914856 -0.0798355 0.00862041
866000 0.883341 -0.0898696 0.0083321
867000 0.940444 -0.099422 0.00883693
868000 0.890292 -0.115942 0.00813775
869000 0.874356 -0.124855 0.00805201
870000 0.902977 -0.147238 0.00831265
871000 0.919313 -0.132842 0.00842826
872000 0.882531 -0.11933 0.00798512
873000 0.935339 -0.0954119 0.00869207
874000 0.906656 -0.0930536 0.00837287
875000 0.89606 -0.107593 0.00836925
876000 0.8916 -0.111161 0.00837638
877000 0.901901 -0.094585 0.00844809
878000 0.864113 -0.113702 0.00792206
879000 0.940876 -0.109209 0.00869305
880000 0.86758 -0.11231 0.00810317
881000 0.918506 -0.110405 0.00847799
882000 0.88788 -0.0867028 0.00828236
883000 0.887465 -0.103138 0.0081467
884000 0.92207 -0.0931316 0.00865924
885000 0.89531 -0.0983971 0.00832435
886000 0.896877 -0.0923523 0.0084969
887000 0.894886 -0.0803369 0.00840041
888000 0.8845 -0.0907634 0.00847982
889000 0.906029 -0.08311 0.00846603
890000 0.909006 -0.0874335 0.00848218
891000 0.902912 -0.0822049 0.00844115
892000 0.890997 -0.0970586 0.00819698
893000 0.89894 -0.106552 0.00819246
894000 0.909758 -0.102928 0.00832681
895000 0.902395 -0.10131 0.00849773
896000 0.897118 -0.127559 0.00820516
897000 0.922675 -0.109668 0.00860134
898000 0.92004 -0.108008 0.00851287
899000 0.882401 -0.0719235 0.0082575
900000 0.885209 -0.0837358 0.00825251
901000 0.917503 -0.0754579 0.00868501
902000 0.900386 -0.0859188 0.00849457
903000 0.887935 -0.0974131 0.00819092
904000 0.895891 -0.0955682 0.00829607
905000 0.919635 -0.119205 0.00850763
906000 0.873327 -0.101666 0.00812196
907000 0.911723 -0.116416 0.00857261
908000 0.931894 -0.127926 0.0084254
909000 0.879253 -0.103073 0.0081693
910000 0.891726 -0.0935324 0.00839741
911000 0.934036 -0.085173 0.00864574
912000 0.893831 -0.106327 0.00819403
913000 0.862623 -0.0889028 0.00799742
914000 0.903546 -0.0924968 0.00820828
915000 0.91886 -0.115514 0.00837894
916000 0.90713 -0.0941692 0.00843826
917000 0.899452 -0.0953181 0.0083361
918000 0.867183 -0.101528 0.00814081
919000 0.915972 -0.0983164 0.00846505
920000 0.928205 -0.0778533 0.00877962
921000 0.882778 -0.0777825 0.00835803
922000 0.92601 -0.082669 0.00885167
923000 0.914087 -0.0722713 0.00866549
924000 0.905825 -0.0594137 0.00859525
925000 0.88671 -0.0744206 0.00845385
926000 0.901707 -0.0745501 0.00838178
927000 0.90585 -0.0631892 0.00850299
928000 0.896865 -0.0677137 0.0083563
929000 0.879736 -0.0668163 0.00825489
930000 0.907313 -0.0832394 0.00848433
931000 0.898836 -0.0717831 0.0084788
932000 0.881757 -0.0896541 0.00821611
933000 0.882109 -0.0872366 0.00805607
934000 0.891173 -0.0670979 0.00838756
935000 0.922857 -0.0724555 0.00871848
936000 0.891254 -0.095363 0.00824869
937000 0.909027 -0.0851303 0.00867126
938000 0.912641 -0.0841401 0.00850986
939000 0.87847 -0.0711826 0.00823356
940000 0.902146 -0.126053 0.00817009
941000 0.90196 -0.0947355 0.0084828
942000 0.902832 -0.124177 0.00836923
943000 0.912634 -0.113092 0.00841074
944000 0.899403 -0.0946129 0.00830303
945000 0.897501 -0.0859368 0.00862763
946000 0.906567 -0.0921876 0.00842374
947000 0.891315 -0.115435 0.0081283
948000 0.90882 -0.118126 0.00843348
949000 0.890509 -0.112286 0.00820923
950000 0.884886 -0.105499 0.00815207
951000 0.93695 -0.100925 0.00865836
952000 0.917839 -0.0775881 0.00865939
953000 0.893701 -0.0824043 0.0083353
954000 0.919305 -0.0707736 0.00870619
955000 0.933722 -0.0661976 0.00878213
956000 0.883949 -0.0932073 0.00816336
957000 0.883354 -0.0634678 0.0083795
958000 0.893542 -0.0991479 0.008231
959000 0.90578 -0.108059 0.00828406
960000 0.907229 -0.114981 0.00812854
961000 0.892137 -0.0932496 0.00823979
962000 0.887368 -0.0921543 0.00836153
963000 0.876103 -0.0877178 0.00807701
964000 0.921194 -0.102985 0.00844125
965000 0.874497 -0.101442 0.00801743
966000 0.898457 -0.0913135 0.00847802
967000 0.883286 -0.0879432 0.00820172
968000 0.929744 -0.0780366 0.00879595
969000 0.889185 -0.115641 0.00821
970000 0.918449 -0.135302 0.0084041
971000 0.882024 -0.14249 0.00796908
972000 0.910241 -0.140101 0.00829216
973000 0.914999 -0.122851 0.00833233
974000 0.910611 -0.135056 0.00835231
975000 0.911284 -0.116389 0.00828956
976000 0.923121 -0.113851 0.00834291
977000 0.892723 -0.123167 0.00816589
978000 0.940738 -0.123878 0.00860186
979000 0.877035 -0.106382 0.00811796
980000 0.909948 -0.10916 0.00836191
981000 0.886824 -0.119178 0.0081851
982000 0.891242 -0.120188 0.00821836
983000 0.888493 -0.104454 0.00826117
984000 0.905992 -0.0909489 0.00845719
985000 0.887568 -0.104565 0.00817836
986000 0.909204 -0.106714 0.0083931
987000 0.9166 -0.101649 0.00844346
988000 0.87004 -0.11643 0.00811217
989000 0.913733 -0.116882 0.00851364
990000 0.876945 -0.13998 0.00792327
991000 0.893534 -0.152043 0.0079313
992000 0.90236 -0.128805 0.00811955
993000 0.921266 -0.137235 0.00827311
994000 0.877578 -0.127365 0.00816261
995000 0.906325 -0.118136 0.00839106
996000 0.908101 -0.125463 0.00837589
997000 0.913493 -0.10879 0.00851612
998000 0.90924 -0.128198 0.00837621
999000 0.890224 -0.121656 0.00802753
1000000 0.902206 -0.116908 0.00835845
1001000 0.911242 -0.117338 0.00828478
1002000 0.881796 -0.103113 0.00817805
1003000 0.916582 -0.0816754 0.00862476
1004000 0.869862 -0.0962381 0.00800934
1005000 0.924274 -0.0913787 0.00849804
1006000 0.877408 -0.0988648 0.00821505
1007000 0.920003 -0.0915777 0.00839687
1008000 0.897569 -0.0781429 0.00853312
1009000 0.881986 -0.0712283 0.00820881
1010000 0.903968 -0.0758306 0.00829126
1011000 0.915172 -0.077802 0.00859539
1012000 0.908275 -0.0832266 0.0086461
1013000 0.91457 -0.0950326 0.00851827
1014000 0.880124 -0.0975356 0.00818011
1015000 0.907907 -0.0989043 0.00842192
1016000 0.896706 -0.0976353 0.00838793
1017000 0.892358 -0.104049 0.00823834
1018000 0.905348 -0.101866 0.00844447
1019000 0.896426 -0.102381 0.00831225
1020000 0.894353 -0.0976825 0.00834284
1021000 0.920083 -0.117258 0.00861269
1022000 0.881056 -0.101951 0.0082788
1023000 0.860663 -0.0972511 0.00789593
1024000 0.898325 -0.082434 0.00842627
1025000 0.886374 -0.111885 0.00808946
1026000 0.899281 -0.100477 0.00825555
1027000 0.877072 -0.0836902 0.00810883
1028000 0.900154 -0.102028 0.00826142
1029000 0.888097 -0.0907996 0.008225
1030000 0.925466 -0.0809992 0.00854382
1031000 0.875417 -0.0713168 0.00822482
1032000 0.895023 -0.0951159 0.0082707
1033000 0.905392 -0.0983469 0.00846674
1034000 0.922123 -0.100759 0.00863582
1035000 0.909187 -0.110463 0.00839232
1036000 0.886224 -0.0835229 0.00835438
1037000 0.89358 -0.0749155 0.0084445
1038000 0.901598 -0.103117 0.00826435
1039000 0.88911 -0.121593 0.00809213
1040000 0.910425 -0.103721 0.00850313
1041000 0.88512 -0.103059 0.00828095
1042000 0.877866 -0.0876542 0.00823992
1043000 0.899428 -0.0946077 0.00828655
1044000 0.877541 -0.0979673 0.00796804
1045000 0.931946 -0.0969187 0.00870557
1046000 0.873133 -0.0787002 0.0083479
1047000 0.884623 -0.0848191 0.00830614
1048000 0.917718 -0.0897939 0.00857449
1049000 0.890548 -0.0828669 0.00834415
1050000 0.870439 -0.0895732 0.00808305
1051000 0.917917 -0.109124 0.00854796
1052000 0.913889 -0.0868288 0.00830514
1053000 0.907011 -0.0876844 0.00848543
1054000 0.886892 -0.0813296 0.00827928
1055000 0.923551 -0.0919142 0.00855198
1056000 0.884349 -0.0972538 0.00817962
1057000 0.921383 -0.0868528 0.00865639
1058000 0.880862 -0.115091 0.00813944
1059000 0.876035 -0.0904512 0.00828323
1060000 0.923636 -0.090142 0.00858807
1061000 0.90008 -0.10236 0.00826843
1062000 0.918416 -0.102597 0.00836485
1063000 0.908827 -0.122932 0.00817781
1064000 0.883567 -0.101384 0.00818057
1065000 0.897203 -0.0852415 0.0085542
1066000 0.921676 -0.100261 0.00858793
1067000 0.884458 -0.10108 0.00815694
1068000 0.912968 -0.0749614 0.00860682
1069000 0.920111 -0.0734947 0.00875558
1070000 0.884799 -0.0674443 0.00844766
1071000 0.90578 -0.0608526 0.00869502
1072000 0.922086 -0.0764308 0.00863158
1073000 0.867188 -0.0994503 0.00792778
1074000 0.912085 -0.0787042 0.00863396
1075000 0.910681 -0.0859165 0.00867662
1076000 0.898659 -0.0858417 0.00835545
1077000 0.910188 -0.0682377 0.00845102
1078000 0.900676 -0.0786271 0.00844396
1079000 0.886817 -0.0863302 0.00839051
1080000 0.919414 -0.109199 0.0085088
1081000 0.884445 -0.0978891 0.00819029
1082000 0.875525 -0.089071 0.00807231
1083000 0.922881 -0.103971 0.00861053
1084000 0.906153 -0.0948048 0.00840068
1085000 0.918607 -0.125167 0.00832727
1086000 0.894517 -0.100202 0.00817765
1087000 0.893743 -0.130056 0.00813847
1088000 0.887924 -0.12155 0.00801384
1089000 0.894671 -0.0971562 0.00830213
1090000 0.868049 -0.105287 0.00794066
1091000 0.882278 -0.0875048 0.0082445
1092000 0.932622 -0.108196 0.00867223
1093000 0.88706 -0.109569 0.00814482
1094000 0.884919 -0.0810199 0.00823613
1095000 0.908578 -0.0828522 0.00857813
1096000 0.906112 -0.0862247 0.00848556
1097000 0.908083 -0.101347 0.00827885
1098000 0.884332 -0.0902086 0.00825608
1099000 0.899092 -0.0917393 0.00832082
1100000 0.877394 -0.0920672 0.00829373
