# Time-averaged data for fix 2
# TimeStep v_Temperature v_PotentialEnergy v_Pressure
1000 0.99638 -0.0098297 0.000979882
2000 0.932089 -0.0137294 0.000916858
3000 0.947495 -0.0116241 0.000931031
4000 0.968013 -0.0111503 0.000955228
5000 0.935148 -0.0126187 0.000920201
6000 0.961544 -0.0147354 0.000941142
7000 0.952208 -0.00370279 0.000939967
8000 0.941623 -0.00428119 0.00092737
9000 0.962035 -0.00673326 0.000947166
10000 0.934283 -0.0154277 0.000919235
11000 0.959804 -0.0169139 0.000937489
12000 0.953894 -0.00973633 0.000934664
13000 0.931575 -0.00498772 0.000916339
14000 0.969267 -0.00772673 0.000952358
15000 0.955173 -0.00331439 0.00094758
16000 0.95884 -0.00354755 0.000948384
17000 0.93413 -0.00658502 0.000919159
18000 0.94473 -0.00291998 0.000936597
19000 0.989416 -0.00840686 0.000970961
20000 0.967929 -0.0100524 0.000951538
21000 0.951275 -0.00661873 0.000937438
22000 0.961546 -0.00422291 0.000949395
23000 0.964369 -0.00265763 0.000958243
24000 0.951912 -0.00366113 0.000938434
25000 0.939041 -0.0120325 0.00092258
26000 0.935789 -0.00259625 0.000923596
27000 0.941365 -0.00216974 0.000928537
28000 0.97071 -0.00813521 0.000960936
29000 0.920752 -0.00988936 0.000906029
30000 0.937107 -0.00370783 0.000926011
31000 0.935344 -0.00873112 0.00092298
32000 0.926799 -0.00338089 0.000919178
33000 0.982855 -0.00892743 0.000966365
34000 0.94146 -0.0158059 0.000920921
35000 0.938544 -0.0155611 0.000916449
36000 0.970757 -0.0174187 0.000946535
37000 0.979933 -0.0228522 0.000956285
38000 0.93814 -0.0246397 0.000912938
39000 0.943969 -0.0192984 0.000921325
40000 0.907319 -0.0236162 0.000886305
41000 0.951419 -0.0288667 0.000927653
42000 0.959863 -0.0263347 0.000936286
43000 0.954156 -0.0243154 0.000929562
44000 0.942503 -0.0250448 0.000919926
45000 0.980984 -0.0277361 0.000954354
46000 0.932458 -0.0274019 0.000907875
47000 0.962027 -0.0309332 0.000936189
48000 0.9368 -0.027713 0.0009165
49000 0.947872 -0.0241486 0.000928949
50000 0.97304 -0.0281754 0.000947354
51000 0.949502 -0.031057 0.000924721
52000 0.949181 -0.0297264 0.000929101
53000 0.9175 -0.0262787 0.000901583
54000 0.931974 -0.0230773 0.000913316
55000 0.979676 -0.0228686 0.000959687
56000 0.934367 -0.0249359 0.000913819
57000 0.956053 -0.0203724 0.000941014
58000 0.96433 -0.0163562 0.000947461
59000 0.934685 -0.0165895 0.000918048
60000 0.960948 -0.00896296 0.000945078
61000 0.972216 -0.00497986 0.000956115
62000 0.917389 -0.00905789 0.000899642
63000 0.959562 -0.00799699 0.000943318
64000 0.92519 -0.00660674 0.000912352
65000 0.99073 -0.0104384 0.000972515
66000 0.920838 -0.00673217 0.000909811
67000 0.952974 -0.00393103 0.00094113
68000 0.957436 -0.00728429 0.000942196
69000 0.946367 -0.00562149 0.00093116
70000 0.97474 -0.0121572 0.000962811
71000 0.939555 -0.00571428 0.000924754
72000 0.947154 -0.00646227 0.000934166
73000 0.959032 -0.00758947 0.00094542
74000 0.958926 -0.00699474 0.000941273
75000 0.944864 -0.0092438 0.000927745
76000 0.954457 -0.00520498 0.000941154
77000 0.953686 -0.00936102 0.000937436
78000 0.976941 -0.0103045 0.000954739
79000 0.93698 -0.00218913 0.000927375
80000 0.934433 -0.0033874 0.00092256
81000 0.940194 -0.0065197 0.000925926
82000 0.977 -0.00433685 0.000964117
83000 0.931766 -0.00623803 0.000917029
84000 0.952348 -0.00971154 0.000931868
85000 0.959262 -0.00488325 0.000949341
86000 0.951686 -0.00724756 0.000936088
87000 0.948247 -0.00501893 0.000936724
88000 0.95686 -0.00728704 0.000941973
89000 0.949622 -0.00828756 0.000931541
90000 0.947552 -0.00772347 0.000930099
91000 0.956995 -0.00783241 0.000944227
92000 0.945929 -0.00396567 0.000931998
93000 0.952379 -0.00503404 0.000940014
94000 0.951385 -0.0040112 0.00093697
95000 0.93222 -0.00493834 0.000914085
96000 0.941481 -0.00995057 0.000926961
97000 0.944318 -0.0061104 0.000931249
98000 0.951414 -0.00392182 0.000935309
99000 0.933129 -0.00786965 0.000924587
100000 0.936565 -0.00540974 0.000928401
101000 0.979355 -0.00691227 0.000969066
102000 0.97656 -0.00291323 0.000965651
103000 0.952543 -0.0053293 0.00094109
104000 0.96675 -0.00395752 0.000952138
105000 0.959357 -0.00501474 0.000947466
106000 0.955185 -0.00351704 0.000944804
107000 0.926176 -0.00598668 0.000914158
108000 0.950335 -0.00446599 0.000937538
109000 0.925362 -0.00828447 0.000911363
110000 0.928022 -0.0128244 0.000910261
111000 0.939761 -0.00623326 0.000924198
112000 0.933285 -0.00177098 0.000925213
113000 0.938168 -0.00766251 0.00092383
114000 0.961345 -0.00619305 0.000947354
115000 0.944048 -0.0120272 0.000925625
116000 0.970975 -0.00709779 0.000955058
117000 0.942523 -0.00617797 0.000929873
118000 0.952996 -0.00628082 0.000939601
119000 0.958124 -0.00375068 0.000946004
120000 0.957831 -0.0102425 0.000939859
121000 0.941923 -0.00246549 0.000928195
122000 0.952876 -0.00457851 0.000948635
123000 0.965618 -0.00815298 0.000951934
124000 0.939969 -0.00604263 0.000922854
125000 0.959733 -0.00939294 0.000943889
126000 0.99187 -0.0118685 0.000975075
127000 0.962073 -0.0155788 0.000946034
128000 0.943209 -0.015882 0.000922937
129000 0.967701 -0.0140975 0.000950801
130000 0.956984 -0.0115128 0.000944569
131000 0.956378 -0.0127077 0.000942604
132000 0.964143 -0.0148052 0.000948329
133000 0.966702 -0.0215172 0.000944522
134000 0.968971 -0.0141572 0.000952073
135000 0.937818 -0.0189565 0.000918723
136000 0.966666 -0.0222737 0.000946147
137000 0.928535 -0.0212509 0.000908826
138000 0.922283 -0.0216896 0.000909203
139000 0.966494 -0.0217188 0.000947686
140000 0.945017 -0.0225536 0.000928202
141000 0.946205 -0.0226236 0.000930201
142000 0.949898 -0.0192083 0.000931171
143000 0.954975 -0.0197594 0.000939813
144000 0.941526 -0.0220538 0.000921178
145000 0.950318 -0.0199701 0.000935645
146000 0.919991 -0.0180815 0.000906079
147000 0.907404 -0.0204751 0.000891911
148000 0.985359 -0.0215728 0.000968675
149000 0.924939 -0.0220092 0.000905969
150000 0.989668 -0.0196279 0.000975122
151000 0.936962 -0.0205849 0.000923852
152000 0.950504 -0.0249241 0.00093203
153000 0.91395 -0.0220125 0.000896911
154000 0.940457 -0.0223569 0.000920236
155000 0.948927 -0.0212224 0.000932179
156000 0.950557 -0.0193162 0.000934986
157000 0.941737 -0.021974 0.000931454
158000 0.96314 -0.0231372 0.000942875
159000 0.935135 -0.0183131 0.000920209
160000 0.932388 -0.020188 0.000914824
161000 0.950784 -0.0221261 0.000934132
162000 0.955155 -0.0187467 0.00093924
163000 0.943087 -0.022239 0.000923351
164000 0.939636 -0.030892 0.000913207
165000 0.948913 -0.0225534 0.000929672
166000 0.966596 -0.0209943 0.000948402
167000 0.924326 -0.0204455 0.000903787
168000 0.95195 -0.022181 0.000929522
169000 0.937848 -0.0187397 0.000916727
170000 0.970233 -0.0205436 0.000950772
171000 0.950214 -0.0204212 0.000927752
172000 0.976552 -0.0177586 0.000957419
173000 0.965052 -0.0191358 0.00094578
174000 0.947556 -0.00979041 0.00093374
175000 0.90999 -0.0116572 0.000895289
176000 0.971098 -0.0169571 0.00094614
177000 0.971964 -0.0162497 0.000953143
178000 0.919216 -0.0159786 0.000896672
179000 0.959293 -0.0139075 0.000941558
180000 0.966349 -0.00991655 0.000954468
181000 0.952543 -0.0141846 0.000936051
182000 0.948325 -0.0129974 0.0009341
183000 0.955736 -0.014724 0.000936165
184000 0.968454 -0.00920986 0.000950315
185000 0.961708 -0.00401111 0.000950564
186000 0.957745 -0.00856205 0.000938241
187000 0.935424 -0.0130849 0.000918213
188000 0.945488 -0.00626765 0.000933187
189000 0.940914 -0.00453348 0.000932342
190000 0.939961 -0.00678832 0.000929311
191000 0.965364 -0.00367557 0.000952354
192000 0.962577 -0.00752015 0.000946493
193000 0.96684 -0.00506425 0.000953108
194000 0.963499 -0.00660424 0.000949459
195000 0.93646 -0.00548614 0.000925677
196000 0.932691 -0.00310821 0.000922123
197000 0.928279 -0.00575169 0.000919318
198000 0.979033 -0.00437266 0.000966988
199000 0.921092 -0.00284821 0.000909865
200000 0.972088 -0.00266774 0.000962291
201000 0.968604 -0.00384171 0.000958143
202000 0.943329 -0.00720176 0.000928416
203000 0.920326 -0.00775589 0.000906796
204000 0.959221 -0.00425659 0.000947272
205000 0.950482 -0.00664557 0.000936641
206000 0.924473 -0.0049648 0.000916586
207000 0.959628 -0.00408512 0.000946067
208000 0.964128 -0.00543805 0.000953926
209000 0.938647 -0.00630433 0.000926051
210000 0.946635 -0.0068027 0.000932797
211000 0.96296 -0.0051647 0.000952215
212000 0.941191 -0.00558243 0.000933266
213000 0.954114 -0.00695378 0.000946398
214000 0.924532 -0.0072883 0.000908364
215000 0.968673 -0.00650052 0.000951281
216000 0.96354 -0.00377121 0.000950577
217000 0.969289 -0.00781091 0.000954418
218000 0.96702 -0.00465251 0.000952737
219000 0.962964 -0.00408954 0.000950953
220000 0.960413 -0.00481539 0.000945782
221000 0.912929 -0.00966984 0.000893735
222000 0.980828 -0.0116903 0.000963315
223000 0.938185 -0.0057034 0.000922146
224000 0.910216 -0.0036821 0.000899229
225000 0.939142 -0.0053384 0.000930028
226000 0.964085 -0.00403137 0.000950846
227000 0.922478 -0.00383899 0.00090989
228000 0.954825 -0.00488171 0.000940866
229000 0.969145 -0.00691118 0.000957205
230000 0.92951 -0.00451062 0.000916283
231000 0.957842 -0.0114492 0.00094044
232000 0.926503 -0.00322259 0.00091592
233000 0.953455 -0.00428629 0.000941279
234000 0.933431 -0.0100509 0.000917612
235000 0.953295 -0.00295347 0.000945699
236000 0.944004 -0.00903833 0.000928142
237000 0.96504 -0.00822799 0.000950276
238000 0.94356 -0.00630067 0.000930252
239000 0.967074 -0.00838963 0.000950011
240000 0.91603 -0.00667536 0.000898848
241000 0.963337 -0.0056116 0.00094846
242000 0.959172 -0.00236193 0.000946936
243000 0.939649 -0.00326408 0.000927786
244000 0.971991 -0.00868039 0.000960747
245000 0.926249 -0.00653199 0.000915835
246000 0.958145 -0.00716759 0.000941206
247000 0.958435 -0.00489234 0.000946337
248000 0.940726 -0.00714773 0.000927796
249000 0.966841 -0.00549986 0.000953538
250000 0.943363 -0.00346584 0.000932527
251000 0.934653 -0.00502291 0.000921482
252000 0.979364 -0.00667331 0.000965527
253000 0.938839 -0.00926941 0.000922018
254000 0.947277 -0.0105843 0.000930135
255000 0.943183 -0.00500316 0.000929297
256000 0.942082 -0.00619936 0.000926297
257000 0.954525 -0.00185389 0.000943529
258000 0.950299 -0.002055 0.00093949
259000 0.960494 -0.010575 0.000942339
260000 0.950688 -0.00820586 0.00093238
261000 0.949706 -0.0110739 0.000932019
262000 0.909363 -0.00941408 0.000891644
263000 0.958763 -0.00988797 0.000943438
264000 0.99402 -0.00853402 0.000982313
265000 0.959574 -0.00721672 0.000946225
266000 0.930067 -0.00445707 0.000913135
267000 0.922956 -0.0106627 0.000908643
268000 0.950101 -0.004826 0.000935141
269000 0.924228 -0.00561111 0.000912489
270000 0.941315 -0.0162049 0.000917696
271000 0.944946 -0.00871734 0.000927787
272000 0.951533 -0.00429592 0.000941517
273000 0.949663 -0.00567713 0.000936524
274000 0.94297 -0.00336848 0.000929363
275000 0.947099 -0.00326375 0.000933784
276000 0.944935 -0.00597204 0.000933335
277000 0.954361 -0.00367706 0.000944091
278000 0.943933 -0.00837127 0.000931356
279000 0.913092 -0.00447181 0.000903416
280000 0.970783 -0.00200126 0.000959022
281000 0.963853 -0.0112358 0.000949711
282000 0.926102 -0.0042527 0.000914071
283000 0.950784 -0.0077814 0.000936149
284000 0.961742 -0.00899831 0.000951301
285000 0.970614 -0.0137253 0.000955634
286000 0.929762 -0.0135481 0.000916734
287000 0.984522 -0.0112694 0.000966014
288000 0.952642 -0.0132657 0.000936372
289000 0.938182 -0.0113675 0.000920018
290000 0.973882 -0.00498571 0.000959676
291000 0.961842 -0.00767295 0.000947964
292000 0.907675 -0.00500041 0.000896089
293000 0.971825 -0.00365869 0.000957721
294000 0.91657 -0.00691017 0.000905592
295000 0.984182 -0.00693909 0.000969532
296000 0.97173 -0.00960449 0.000953979
297000 0.928952 -0.010889 0.000919306
298000 0.919744 -0.0194457 0.000903474
299000 0.974848 -0.0230239 0.000963479
300000 0.945937 -0.0236187 0.000931986
301000 0.935821 -0.0248002 0.000916439
302000 0.949581 -0.0209298 0.000936977
303000 0.931119 -0.0275399 0.000911738
304000 0.983703 -0.0361276 0.000954336
305000 0.927501 -0.0301295 0.000905033
306000 0.945758 -0.0305429 0.000925985
307000 0.921887 -0.0204152 0.000911564
308000 0.954674 -0.021009 0.000938735
309000 0.954359 -0.0214719 0.000938823
310000 0.943301 -0.0187385 0.000927605
311000 0.948839 -0.0228764 0.00092806
312000 0.966732 -0.0285041 0.000950975
313000 0.923714 -0.0267213 0.000907116
314000 0.965015 -0.0287919 0.00094834
315000 0.957911 -0.0249713 0.000933372
316000 0.943188 -0.0200952 0.000926106
317000 0.952565 -0.0232154 0.000930678
318000 0.948778 -0.0206323 0.000937905
319000 0.956422 -0.0203044 0.00093773
320000 0.944491 -0.0224941 0.000925962
321000 0.963102 -0.0261159 0.000942969
322000 0.932018 -0.0255823 0.000908694
323000 0.981716 -0.0223049 0.000961119
324000 0.916564 -0.025535 0.000890996
325000 0.965403 -0.0268716 0.000946779
326000 0.936516 -0.0241492 0.000915252
327000 0.962863 -0.0289154 0.000940171
328000 0.959186 -0.0268953 0.000934165
329000 0.939911 -0.0244288 0.000923009
330000 0.954222 -0.0231817 0.000931641
331000 0.955402 -0.0255767 0.000937411
332000 0.969967 -0.025946 0.000946874
333000 0.972476 -0.023097 0.000955493
334000 0.951739 -0.0269648 0.000932712
335000 0.946879 -0.0263383 0.000924827
336000 0.94216 -0.0241025 0.000921576
337000 0.962054 -0.0290425 0.000934251
338000 0.938737 -0.0162711 0.00092331
339000 0.930411 -0.0172278 0.000917375
340000 0.925329 -0.00966499 0.000913767
341000 0.932069 -0.00758522 0.000917108
342000 0.984713 -0.00371888 0.00097261
343000 0.921711 -0.00319757 0.000915127
344000 0.947883 -0.00312204 0.000936516
345000 0.975926 -0.00467383 0.000964878
346000 0.963744 -0.00797088 0.000950204
347000 0.96164 -0.00622516 0.000947239
348000 0.957286 -0.00581667 0.000947998
349000 0.945939 -0.00895752 0.000932097
350000 0.95189 -0.00314522 0.000936851
351000 0.965494 -0.00205626 0.000954671
352000 0.932158 -0.00797896 0.000921878
353000 0.978411 -0.00461787 0.000963054
354000 0.927347 -0.00593035 0.000915666
355000 0.965868 -0.00815734 0.000952104
356000 0.956192 -0.0022536 0.000943961
357000 0.927783 -0.00563762 0.000915198
358000 0.969059 -0.00387971 0.000957725
359000 0.953354 -0.00547741 0.000943114
360000 0.943808 -0.0112829 0.000931436
361000 0.95033 -0.0111676 0.000933775
362000 0.94917 -0.0081495 0.000933096
363000 0.96436 -0.00998395 0.00094837
364000 0.944759 -0.0130318 0.000925345
365000 0.935975 -0.0173269 0.000913879
366000 0.949712 -0.0151428 0.000925362
367000 0.976064 -0.0129999 0.00095522
368000 0.957646 -0.00770986 0.000941239
369000 0.930793 -0.00579973 0.000915627
370000 0.97596 -0.00419526 0.000961148
371000 0.927939 -0.00693992 0.000912305
372000 0.968785 -0.00697891 0.000961833
373000 0.959496 -0.00670407 0.000946791
374000 0.941516 -0.00702101 0.000927831
375000 0.941559 -0.00747114 0.000932446
376000 0.975562 -0.00394569 0.000962766
377000 0.95107 -0.00348159 0.000940026
378000 0.925311 -0.00347183 0.000914416
379000 0.938077 -0.0101016 0.000921839
380000 0.975978 -0.00849694 0.000965742
381000 0.943933 -0.0109972 0.000930549
382000 0.953021 -0.0056964 0.000939715
383000 0.961046 -0.00524809 0.000947307
384000 0.959471 -0.00931894 0.000944004
385000 0.961392 -0.0071248 0.000945216
386000 0.968261 -0.00752509 0.000956698
387000 0.96686 -0.0036669 0.000952242
388000 0.963227 -0.00722014 0.000950093
389000 0.957333 -0.0050465 0.000945133
390000 0.940599 -0.00884077 0.00092655
391000 0.93564 -0.00859335 0.000917916
392000 0.953417 -0.00612438 0.000941935
393000 0.94598 -0.00278836 0.000935426
394000 0.958352 -0.00574176 0.000945829
395000 0.943773 -0.00494263 0.00093123
396000 0.942207 -0.0100316 0.000924057
397000 0.944726 -0.00782126 0.000934941
398000 0.940868 -0.00821795 0.000925279
399000 0.97647 -0.00521772 0.000967643
400000 0.918315 -0.00648912 0.000902058
401000 0.934541 -0.00386216 0.000920983
402000 0.944483 -0.00841419 0.000928434
403000 0.936548 -0.00470308 0.000922433
404000 0.952176 -0.00252729 0.000940498
405000 0.943663 -0.00361166 0.000930825
406000 0.967478 -0.00497343 0.000955523
407000 0.959181 -0.0024946 0.000948866
408000 0.946958 -0.00833315 0.000935071
409000 0.949749 -0.00360747 0.000934981
410000 0.966735 -0.00574744 0.000952576
411000 0.973275 -0.00636056 0.00095714
412000 0.917358 -0.0049235 0.000901592
413000 0.976574 -0.00466571 0.000966452
414000 0.949766 -0.00657384 0.000939
415000 0.918332 -0.00224214 0.000906704
416000 0.961675 -0.011497 0.000944175
417000 0.977655 -0.00419211 0.000967097
418000 0.973575 -0.00537257 0.000963029
419000 0.952017 -0.011935 0.000934251
420000 0.974156 -0.0036579 0.000962255
421000 0.971696 -0.00482747 0.000958411
422000 0.963987 -0.0067245 0.000946807
423000 0.965963 -0.00813265 0.000947998
424000 0.931854 -0.0111931 0.000916473
425000 0.964527 -0.00569465 0.000956465
426000 0.966719 -0.00691674 0.000950064
427000 0.925508 -0.00512523 0.000910595
428000 0.935556 -0.00432361 0.000920445
429000 0.968821 -0.0072738 0.000956408
430000 0.965629 -0.00940011 0.000953224
431000 0.924185 -0.00307315 0.000911984
432000 0.949429 -0.00724284 0.000933029
433000 0.952843 -0.00522736 0.000940823
434000 0.964136 -0.00342088 0.000952711
435000 0.92442 -0.00278954 0.000911611
436000 0.986648 -0.00745924 0.00097026
437000 0.935277 -0.00655996 0.000922494
438000 0.935441 -0.00580972 0.000920641
439000 0.972081 -0.00902897 0.00095874
440000 0.979695 -0.00689847 0.000968136
441000 0.920902 -0.0044543 0.000911386
442000 0.94879 -0.00785081 0.000935156
443000 0.962514 -0.0109087 0.000944143
444000 0.952498 -0.0030215 0.000942542
445000 0.950281 -0.0038205 0.000942907
446000 0.931387 -0.00301652 0.000922786
447000 0.955419 -0.013542 0.000937616
448000 0.941516 -0.00728619 0.00092502
449000 0.96419 -0.00495097 0.000954566
450000 0.954033 -0.00771458 0.000935413
451000 0.934552 -0.0114368 0.000918614
452000 0.937168 -0.0133346 0.000913218
453000 0.951916 -0.0112781 0.000937295
454000 0.907822 -0.0115192 0.000885332
455000 0.962145 -0.00531422 0.000953015
456000 0.974531 -0.00601376 0.000957017
457000 0.916399 -0.00624112 0.000909553
458000 0.968878 -0.00921244 0.000950031
459000 0.954657 -0.0057493 0.000941095
460000 0.943283 -0.00600388 0.000928474
461000 0.965677 -0.00811801 0.00095336
462000 0.918826 -0.0113607 0.000908172
463000 0.972738 -0.0077948 0.000963304
464000 0.978486 -0.0120678 0.000956547
465000 0.926469 -0.00527803 0.000915054
466000 0.934803 -0.00501476 0.000919107
467000 0.984341 -0.00528262 0.000969699
468000 0.935504 -0.00578407 0.000924668
469000 0.931004 -0.00886996 0.000917888
470000 0.974713 -0.00914469 0.00095985
471000 0.943512 -0.0120269 0.000924988
472000 0.957776 -0.0116189 0.000938932
473000 0.960706 -0.00910433 0.000941571
474000 0.958421 -0.00173447 0.000945514
475000 0.942368 -0.00585617 0.000929236
476000 0.94997 -0.0102015 0.000932886
477000 0.952961 -0.012654 0.000936766
478000 0.955224 -0.00455656 0.000944272
479000 0.953371 -0.00565395 0.000938142
480000 0.952539 -0.0130569 0.000936358
481000 0.94771 -0.0171609 0.000921872
482000 0.954286 -0.00973086 0.000935751
483000 0.931293 -0.00853862 0.000922155
484000 0.973478 -0.00504153 0.000961951
485000 0.962426 -0.00524712 0.000950366
486000 0.936772 -0.00264422 0.000926257
487000 0.935673 -0.00438739 0.000923574
488000 0.962004 -0.00460966 0.000953263
489000 0.936315 -0.00545829 0.000925664
490000 0.926616 -0.00668599 0.0009132
491000 0.975495 -0.00564585 0.000961552
492000 0.953508 -0.00489774 0.000937847
493000 0.925271 -0.00648643 0.000910104
494000 0.983341 -0.00922119 0.000962918
495000 0.943322 -0.00811584 0.000928193
496000 0.932244 -0.0111237 0.000914763
497000 0.953333 -0.0137444 0.000936933
498000 0.946722 -0.0120034 0.000934763
499000 0.910694 -0.0161641 0.000893004
500000 0.94184 -0.0117736 0.000926249
501000 0.976627 -0.0203794 0.000955727
502000 0.934625 -0.0183495 0.000915501
503000 0.94138 -0.0219262 0.000914292
504000 0.943747 -0.0161914 0.000928278
505000 0.953758 -0.0130708 0.000941217
506000 0.92924 -0.0164679 0.000912023
507000 0.940214 -0.0159864 0.000925381
508000 0.974335 -0.0149205 0.000955974
509000 0.94368 -0.0185618 0.000928038
510000 0.91125 -0.0122129 0.000896181
511000 0.956267 -0.0171415 0.000933816
512000 0.968164 -0.0115427 0.00094826
513000 0.960622 -0.0120638 0.000945687
514000 0.940633 -0.0121965 0.000921766
515000 0.960593 -0.0124081 0.000939163
516000 0.916295 -0.0103183 0.000899995
517000 0.961936 -0.00337384 0.000949715
518000 0.970609 -0.0066242 0.000956677
519000 0.942228 -0.00333133 0.000929979
520000 0.941308 -0.00628917 0.000929053
521000 0.962384 -0.0146719 0.00094291
522000 0.945577 -0.0214674 0.000920847
523000 0.956967 -0.0168282 0.000934636
524000 0.948921 -0.0164443 0.000933749
525000 0.950053 -0.0121288 0.00093659
526000 0.952572 -0.0118549 0.000937451
527000 0.949672 -0.0144826 0.000931914
528000 0.948405 -0.0166495 0.000932279
529000 0.937898 -0.0167691 0.000918449
530000 0.939538 -0.0149982 0.000924158
531000 0.935153 -0.0134188 0.000921307
532000 0.917419 -0.0167683 0.000896738
533000 0.943587 -0.0146193 0.000928472
534000 0.965392 -0.0124362 0.000950402
535000 0.920148 -0.0144567 0.000904142
536000 0.985573 -0.0153653 0.000967047
537000 0.950578 -0.0152075 0.00093306
538000 0.940385 -0.0138969 0.000920644
539000 0.961073 -0.0123776 0.000942432
540000 0.971091 -0.00669409 0.000958163
541000 0.939754 -0.00500856 0.000924872
542000 0.959329 -0.00487623 0.000949633
543000 0.94473 -0.00564177 0.000931724
544000 0.945037 -0.00339228 0.000933169
545000 0.956466 -0.00541539 0.000943833
546000 0.949243 -0.00405374 0.000934235
547000 0.964561 -0.018794 0.000947319
548000 0.914856 -0.0203761 0.000894474
549000 0.959836 -0.0125172 0.000944427
550000 0.935647 -0.0157107 0.000914589
551000 0.973884 -0.0139568 0.000955559
552000 0.973128 -0.0148784 0.000955176
553000 0.980949 -0.0147833 0.000965641
554000 0.947625 -0.0127889 0.000931549
555000 0.955071 -0.016075 0.000931922
556000 0.989533 -0.00997409 0.000972849
557000 0.939382 -0.0204809 0.00091571
558000 0.956932 -0.0167615 0.000937995
559000 0.9273 -0.0133454 0.000911342
560000 0.955113 -0.0138012 0.00093831
561000 0.95159 -0.0142126 0.000937519
562000 0.925665 -0.0155567 0.000908882
563000 0.950958 -0.0138595 0.000935427
564000 0.942029 -0.0169177 0.000922229
565000 0.962955 -0.0156361 0.000947807
566000 0.979549 -0.0129332 0.000963853
567000 0.957902 -0.014133 0.000943827
568000 0.952326 -0.0143635 0.000936518
569000 0.95681 -0.017263 0.000939965
570000 0.956652 -0.0216092 0.000938758
571000 0.935246 -0.0178649 0.000919711
572000 0.969113 -0.0149533 0.000954896
573000 0.989426 -0.0131951 0.000976173
574000 0.935488 -0.0174458 0.000927777
575000 0.938453 -0.0147431 0.000925704
576000 0.956191 -0.0161808 0.000940252
577000 0.946367 -0.0141296 0.000933105
578000 0.961405 -0.0159495 0.000945254
579000 0.945131 -0.0188546 0.00092604
580000 0.922218 -0.0143848 0.000907627
581000 0.911132 -0.0141743 0.00089796
582000 0.949408 -0.0199039 0.000932244
583000 0.953268 -0.0156293 0.000935112
584000 0.963518 -0.0159106 0.000950905
585000 0.942285 -0.0195503 0.000926206
586000 0.971412 -0.0252176 0.000951394
587000 0.95176 -0.0140144 0.000938953
588000 0.930534 -0.0213364 0.000916713
589000 0.952458 -0.0228949 0.000934649
590000 0.948255 -0.0300108 0.000923198
591000 0.947222 -0.0264812 0.000921123
592000 0.94598 -0.0278225 0.000926223
593000 0.950216 -0.0318268 0.000930637
594000 0.937969 -0.0254601 0.000919307
595000 0.914667 -0.0249905 0.000891805
596000 0.947151 -0.027133 0.000930634
597000 0.946444 -0.0346933 0.000917261
598000 0.975732 -0.0355294 0.000952638
599000 0.965518 -0.0375859 0.000940317
600000 0.919412 -0.0304009 0.000899194
601000 0.966369 -0.0350728 0.000945416
602000 0.958499 -0.0344558 0.000929296
603000 0.91934 -0.0281326 0.000905537
604000 0.966422 -0.0267656 0.000945692
605000 0.989041 -0.0353952 0.000965097
606000 0.937738 -0.0341139 0.000912927
607000 0.962267 -0.035888 0.000938976
608000 0.941303 -0.0307789 0.000917211
609000 0.951702 -0.031521 0.000931565
610000 0.969939 -0.0228526 0.000952143
611000 0.947855 -0.0307779 0.000925483
612000 0.920859 -0.0323578 0.000903366
613000 0.92431 -0.0196466 0.000911726
614000 0.95587 -0.0289915 0.000934892
615000 0.9665 -0.0319764 0.000948984
616000 0.928519 -0.0271105 0.000910933
617000 0.979363 -0.0291985 0.000958384
618000 0.955923 -0.0224237 0.000941608
619000 0.96246 -0.0254553 0.000948185
620000 0.971022 -0.0268733 0.000950082
621000 0.948557 -0.0201947 0.000934458
622000 0.962413 -0.0227342 0.000946541
623000 0.966589 -0.0267775 0.000944068
624000 0.968233 -0.0253263 0.000946712
625000 0.916704 -0.0256473 0.000899096
626000 0.957531 -0.0257407 0.000942263
627000 0.957289 -0.031014 0.000936843
628000 0.941667 -0.0326384 0.000920723
629000 0.953354 -0.0271214 0.000934997
630000 0.946081 -0.0253255 0.000928
631000 0.950875 -0.0263983 0.000935432
632000 0.968497 -0.0284962 0.000948023
633000 0.960404 -0.0274186 0.000937797
634000 0.959807 -0.027019 0.000943371
635000 0.941445 -0.022585 0.000928063
636000 0.938731 -0.0251994 0.00092747
637000 0.957618 -0.029547 0.000936277
638000 0.945504 -0.0323594 0.000927273
639000 0.915799 -0.0263149 0.000899705
640000 0.970428 -0.0272659 0.000947869
641000 0.951805 -0.0251719 0.000932567
642000 0.951023 -0.0184505 0.000934419
643000 0.933707 -0.0197822 0.000922687
644000 0.960382 -0.0160055 0.00094573
645000 0.939196 -0.0208727 0.00092767
646000 0.910205 -0.0211536 0.00089452
647000 0.962301 -0.0169702 0.000945134
648000 0.948381 -0.0220512 0.000932228
649000 0.938364 -0.0212213 0.000920599
650000 0.961867 -0.020738 0.000940715
651000 0.943481 -0.0256795 0.000922132
652000 0.948209 -0.0215652 0.000929272
653000 0.925723 -0.0184076 0.000909736
654000 0.933077 -0.0169163 0.000913832
655000 0.969992 -0.0195417 0.000950005
656000 0.953903 -0.0151859 0.000936215
657000 0.942283 -0.0128153 0.000926067
658000 0.966092 -0.0129842 0.000952461
659000 0.914443 -0.0104715 0.00090254
660000 0.964191 -0.0139845 0.000948128
661000 0.948059 -0.0213127 0.00092993
662000 0.922794 -0.0176015 0.000904797
663000 0.974923 -0.0130924 0.000954281
664000 0.977083 -0.0127667 0.000960623
665000 0.917201 -0.0136696 0.000901274
666000 0.957823 -0.0166388 0.000943989
667000 0.991795 -0.0161917 0.000968891
668000 0.931292 -0.0212372 0.00090578
669000 0.935882 -0.0165767 0.000922632
670000 0.972536 -0.0143949 0.00096074
671000 0.955193 -0.0121104 0.000939752
672000 0.947938 -0.0151877 0.000933565
673000 0.935037 -0.0141418 0.00092145
674000 0.934763 -0.0159731 0.000916911
675000 0.911406 -0.0205116 0.000894564
676000 0.963228 -0.0283705 0.000938049
677000 0.934919 -0.00833459 0.000922538
678000 0.961767 -0.00819433 0.000947791
679000 0.954907 -0.00826009 0.000938872
680000 0.920512 -0.0101186 0.00090552
681000 0.978781 -0.00711312 0.000963713
682000 0.968959 -0.00578427 0.000954636
683000 0.95259 -0.00628179 0.000940414
684000 0.961979 -0.00272705 0.000951477
685000 0.963478 -0.00252601 0.00095376
686000 0.945325 -0.00418169 0.000933519
687000 0.939479 -0.0069469 0.000927573
688000 0.986589 -0.00894727 0.000968686
689000 0.927777 -0.00838655 0.000912669
690000 0.934934 -0.014162 0.000909958
691000 0.96602 -0.00446739 0.00095444
692000 0.923498 -0.00525826 0.000910225
693000 0.971407 -0.00972683 0.000956911
694000 0.935675 -0.00563966 0.000919621
695000 0.969714 -0.00556482 0.000954474
696000 0.949789 -0.00498724 0.000936573
697000 0.96332 -0.00595388 0.000948559
698000 0.942955 -0.00810071 0.000927937
699000 0.942974 -0.0087634 0.000925929
700000 0.966308 -0.00819232 0.000950008
701000 0.961169 -0.0137227 0.000941262
702000 0.950457 -0.00738686 0.000941322
703000 0.953168 -0.00346242 0.000940609
704000 0.964511 -0.0145493 0.00094697
705000 0.961733 -0.00752471 0.00094756
706000 0.961977 -0.00671447 0.000946547
707000 0.983066 -0.00323236 0.00097339
708000 0.944002 -0.0100946 0.000929801
709000 0.958727 -0.0140415 0.000941719
710000 0.950685 -0.00740947 0.000937912
711000 0.903921 -0.00756775 0.000888393
712000 0.980654 -0.00508346 0.00096616
713000 0.921672 -0.00485213 0.000911055
714000 0.991325 -0.00487807 0.000978656
715000 0.922305 -0.010795 0.000908583
716000 0.974792 -0.00462841 0.00096254
717000 0.909649 -0.00743542 0.000900258
718000 0.981918 -0.0054277 0.000969186
719000 0.924325 -0.00759598 0.000911004
720000 0.989506 -0.00364669 0.000978182
721000 0.940779 -0.003827 0.000938603
722000 0.934848 -0.0104947 0.000917362
723000 0.959856 -0.00746831 0.000945907
724000 0.927933 -0.0031637 0.000918833
725000 0.974836 -0.00666705 0.000960353
726000 0.969088 -0.00756763 0.000957591
727000 0.958013 -0.00675902 0.000944027
728000 0.965759 -0.0052824 0.000951877
729000 0.94339 -0.00587221 0.000928202
730000 0.953157 -0.00452495 0.000938032
731000 0.945714 -0.00255125 0.000931324
732000 0.937987 -0.00531239 0.000924997
733000 0.926475 -0.0025465 0.000914189
734000 0.961891 -0.00934243 0.000943718
735000 0.948081 -0.0102917 0.000931501
736000 0.940597 -0.00425522 0.000926824
737000 0.97788 -0.00808512 0.000960871
738000 0.958763 -0.00372326 0.000945841
739000 0.956486 -0.00631555 0.000940368
740000 0.934594 -0.00746288 0.000923894
741000 0.978805 -0.00757399 0.000965607
742000 0.943918 -0.00486549 0.000929845
743000 0.937073 -0.00377453 0.00092311
744000 0.934356 -0.00812995 0.000925633
745000 0.978843 -0.00393894 0.000964944
746000 0.942374 -0.00640889 0.000929242
747000 0.951349 -0.00432932 0.000937364
748000 0.947315 -0.00469445 0.000933974
749000 0.93982 -0.00863955 0.000920764
750000 0.951028 -0.0178008 0.00092729
751000 0.952299 -0.0144829 0.000935937
752000 0.942524 -0.0172998 0.000925479
753000 0.977466 -0.0126263 0.000960989
754000 0.934993 -0.0173513 0.000918524
755000 0.933333 -0.00909475 0.000919016
756000 0.949824 -0.012042 0.000934324
757000 0.955625 -0.0132399 0.000942067
758000 0.947814 -0.0117296 0.00093643
759000 0.955866 -0.0110187 0.000938615
760000 0.956872 -0.0133724 0.0009415
761000 0.93484 -0.0151435 0.000919753
762000 0.945678 -0.0105522 0.000932005
763000 0.937328 -0.0167611 0.000916254
764000 0.911457 -0.016548 0.00089508
765000 0.971759 -0.0148274 0.000957216
766000 0.914637 -0.0118681 0.000901495
767000 0.983549 -0.0125621 0.000966841
768000 0.933894 -0.0182772 0.000914322
769000 0.917521 -0.0220747 0.00089308
770000 0.96737 -0.0189517 0.000946309
771000 0.949994 -0.0260656 0.000921841
772000 0.947345 -0.0258464 0.00092004
773000 0.925724 -0.0167844 0.000907212
774000 0.982329 -0.00929861 0.000968183
775000 0.924757 -0.00712892 0.000910834
776000 0.96111 -0.00785156 0.000943811
777000 0.929636 -0.010065 0.000919564
778000 0.93423 -0.00440218 0.000919786
779000 0.978174 -0.0121135 0.000955645
780000 0.938667 -0.00968092 0.000924243
781000 0.934185 -0.0116357 0.000920778
782000 0.945403 -0.00537015 0.000935794
783000 0.957329 -0.00950666 0.000945599
784000 0.936968 -0.00478531 0.000924208
785000 0.962002 -0.00203947 0.000948943
786000 0.954444 -0.00956722 0.000938092
787000 0.959877 -0.00703122 0.000946241
788000 0.946267 -0.00513999 0.000933583
789000 0.959473 -0.00770503 0.000948291
790000 0.957768 -0.00581776 0.000945271
791000 0.952511 -0.00398826 0.000943892
792000 0.96843 -0.0069362 0.000954397
793000 0.961397 -0.00802836 0.000948459
794000 0.96462 -0.012164 0.000943994
795000 0.940798 -0.00402978 0.000930919
796000 0.958168 -0.00417408 0.000943716
797000 0.970435 -0.00817253 0.000952776
798000 0.915852 -0.00983516 0.000898692
799000 0.955257 -0.00487226 0.000942895
800000 0.983397 -0.00299688 0.000971481
801000 0.945974 -0.00630717 0.000936341
802000 0.914265 -0.0106375 0.000898953
803000 0.927213 -0.00649784 0.000910307
804000 0.97942 -0.00547999 0.000963198
805000 0.947931 -0.00973462 0.000931361
806000 0.969076 -0.0061236 0.000953083
807000 0.921728 -0.00674689 0.000909398
808000 0.960323 -0.0190639 0.000941604
809000 0.952036 -0.0130118 0.000931738
810000 0.908848 -0.0149711 0.000888325
811000 0.962297 -0.0149994 0.000940791
812000 0.932157 -0.0163548 0.000910134
813000 0.988144 -0.016961 0.000965758
814000 0.962837 -0.0160513 0.000943988
815000 0.918712 -0.0154312 0.000899941
816000 0.974002 -0.0144355 0.000954062
817000 0.96093 -0.019276 0.000939424
818000 0.915488 -0.0104984 0.000902357
819000 0.970562 -0.013607 0.000952436
820000 0.967902 -0.00752933 0.000955936
821000 0.962953 -0.00455311 0.000951724
822000 0.97295 -0.00608411 0.00095945
823000 0.912479 -0.00628483 0.000900387
824000 0.958192 -0.012841 0.000938332
825000 0.963665 -0.0206592 0.000940922
826000 0.956155 -0.0125101 0.000940259
827000 0.922764 -0.0130176 0.000905676
828000 0.972292 -0.0112277 0.000951365
829000 0.974298 -0.0107266 0.000955989
830000 0.945029 -0.00872341 0.000927722
831000 0.95046 -0.00416302 0.000943519
832000 0.972727 -0.00171274 0.000961496
833000 0.932752 -0.00250943 0.000921323
834000 0.940729 -0.00284058 0.000930233
835000 0.937982 -0.00577693 0.000923238
836000 0.937361 -0.00737728 0.00092247
837000 0.95179 -0.00691944 0.000939385
838000 0.963318 -0.00431946 0.0009504
839000 0.9414 -0.00451942 0.0009301
840000 0.950631 -0.00821728 0.000935004
841000 0.935312 -0.00271474 0.000922932
842000 0.933811 -0.00852577 0.00091749
843000 0.959502 -0.00832418 0.00094228
844000 0.960015 -0.0117431 0.000942729
845000 0.934498 -0.00720756 0.000920482
846000 0.943118 -0.00643195 0.000929696
847000 0.95141 -0.00890665 0.000939734
848000 0.936003 -0.00524552 0.00092536
849000 0.941643 -0.00405904 0.00093208
850000 0.965278 -0.00723954 0.000954372
851000 0.942476 -0.00528312 0.000929542
852000 0.933618 -0.00361512 0.000925412
853000 0.949732 -0.00719937 0.000937417
854000 0.954521 -0.00727216 0.000939953
855000 0.951321 -0.00661576 0.000937211
856000 0.96932 -0.0103924 0.000952948
857000 0.934968 -0.00839125 0.000917945
858000 0.94614 -0.00396376 0.000932845
859000 0.927661 -0.00721425 0.000912578
860000 0.95719 -0.0052831 0.000946231
861000 0.938134 -0.00273734 0.000927143
862000 0.949278 -0.0070304 0.000933371
863000 0.9733 -0.0057868 0.00095808
864000 0.939313 -0.00956654 0.000918989
865000 0.947083 -0.00892612 0.000928809
866000 0.971397 -0.0101938 0.000950737
867000 0.916466 -0.00948619 0.000898046
868000 0.976186 -0.013399 0.000957914
869000 0.950104 -0.00887126 0.00093352
870000 0.925463 -0.00460196 0.000914669
871000 0.968977 -0.00588981 0.000956666
872000 0.929014 -0.0120295 0.000909679
873000 0.940536 -0.0101026 0.000921744
874000 0.98036 -0.00494784 0.000966111
875000 0.918672 -0.0035963 0.000908857
876000 0.968361 -0.00991192 0.000957182
877000 0.954083 -0.0109632 0.000933826
878000 0.962223 -0.00928713 0.000947521
879000 0.970457 -0.00659346 0.000958497
880000 0.96724 -0.00211933 0.00095998
881000 0.971919 -0.00761121 0.000953038
882000 0.916728 -0.0131989 0.000901801
883000 0.947745 -0.00744404 0.000937561
884000 0.977631 -0.0066623 0.000966444
885000 0.927877 -0.00617114 0.000916215
886000 0.947939 -0.00641258 0.000934904
887000 0.960082 -0.00408798 0.000948088
888000 0.930419 -0.00148416 0.000920705
889000 0.958929 -0.00472483 0.000945778
890000 0.943212 -0.0056996 0.000929217
891000 0.96036 -0.0030075 0.000950314
892000 0.954431 -0.00248238 0.00094219
893000 0.930599 -0.00424822 0.000915742
894000 0.950341 -0.00963513 0.000930956
895000 0.961582 -0.013135 0.000940869
896000 0.955748 -0.00587991 0.000940509
897000 0.936145 -0.00888916 0.000920182
898000 0.940278 -0.0079112 0.000921435
899000 0.964533 -0.0023333 0.000952027
900000 0.933346 -0.00456607 0.000923843
901000 0.965278 -0.00371938 0.000955201
902000 0.953027 -0.00537573 0.000941151
903000 0.922941 -0.00148808 0.000910792
904000 0.971521 -0.00600592 0.000957595
905000 0.971893 -0.00692303 0.000962339
906000 0.911657 -0.0130758 0.000891602
907000 0.9811 -0.00862507 0.000963728
908000 0.978594 -0.00676461 0.000962447
909000 0.93942 -0.00916645 0.000924307
910000 0.948707 -0.017029 0.000925264
911000 0.966122 -0.0145288 0.00095061
912000 0.963384 -0.00604638 0.000953416
913000 0.940081 -0.00521313 0.000930661
914000 0.92954 -0.00543404 0.000917712
915000 0.982282 -0.00385585 0.000970418
916000 0.957141 -0.00861982 0.000946712
917000 0.938135 -0.00669863 0.000926773
918000 0.956555 -0.00743676 0.000943704
919000 0.922253 -0.00200185 0.000911009
920000 0.967722 -0.00821499 0.000952479
921000 0.968084 -0.00738465 0.000955397
922000 0.962781 -0.0123534 0.000943569
923000 0.935058 -0.0137323 0.0009183
924000 0.983263 -0.00690738 0.000968599
925000 0.92143 -0.00326607 0.000910472
926000 0.970888 -0.00823929 0.000955221
927000 0.945717 -0.00656632 0.000934204
928000 0.931019 -0.00339243 0.000919499
929000 0.960237 -0.00704649 0.000946148
930000 0.923355 -0.00870751 0.000915543
931000 0.932998 -0.00599115 0.000922483
932000 0.938766 -0.00584907 0.0009261
933000 0.963649 -0.00124101 0.000953604
934000 0.922642 -0.0123559 0.000900641
935000 0.928703 -0.0113035 0.000911227
936000 0.968127 -0.0105593 0.000952327
937000 0.978683 -0.0181445 0.000955726
938000 0.917116 -0.0225387 0.000897589
939000 0.971989 -0.0236742 0.000949334
940000 0.953731 -0.0227287 0.000940326
941000 0.968439 -0.0213565 0.000947239
942000 0.911634 -0.0213066 0.000893878
943000 0.938619 -0.0240786 0.000917129
944000 0.983164 -0.0205683 0.000963306
945000 0.915314 -0.0207066 0.00089103
946000 0.974847 -0.0217324 0.000954914
947000 0.934469 -0.0243722 0.000914156
948000 0.962597 -0.0183766 0.000944761
949000 0.938984 -0.021027 0.000919454
950000 0.968539 -0.0202938 0.000946314
951000 0.93815 -0.0198716 0.000923586
952000 0.949769 -0.0127811 0.000934761
953000 0.942114 -0.0157514 0.000930373
954000 0.960762 -0.0177989 0.000946171
955000 0.95938 -0.0148386 0.000943621
956000 0.963845 -0.0137215 0.00094843
957000 0.945672 -0.0182086 0.000924695
958000 0.944572 -0.0107069 0.000931958
959000 0.929021 -0.0154529 0.000912533
960000 0.981569 -0.0136385 0.000967794
961000 0.927423 -0.016734 0.00091653
962000 0.971735 -0.0173924 0.000952351
963000 0.957809 -0.0106099 0.000944282
964000 0.920051 -0.0156638 0.000904804
965000 0.974777 -0.0197304 0.000957523
966000 0.939947 -0.0159506 0.00092411
967000 0.933277 -0.0112703 0.000917151
968000 0.972064 -0.00947363 0.000957857
969000 0.965939 -0.0116751 0.000953412
970000 0.941811 -0.0121233 0.000931881
971000 0.927693 -0.0123717 0.000914643
972000 0.984542 -0.0110853 0.000969714
973000 0.92061 -0.00976964 0.000907102
974000 0.966122 -0.0133809 0.000953779
975000 0.96209 -0.0113243 0.000947657
976000 0.931096 -0.0147139 0.000916647
977000 0.926525 -0.0117797 0.000913523
978000 0.962037 -0.0121797 0.000949264
979000 0.937443 -0.0116196 0.000921191
980000 0.961238 -0.0112128 0.000948709
981000 0.963401 -0.00999391 0.00094766
982000 0.925107 -0.0138458 0.00090934
983000 0.961319 -0.0114414 0.000947568
984000 0.964762 -0.0112827 0.000955032
985000 0.968171 -0.014195 0.000949411
986000 0.96839 -0.0145584 0.000953565
987000 0.970149 -0.011518 0.000957133
988000 0.911002 -0.00953059 0.000898301
989000 0.969629 -0.0145108 0.000955629
990000 0.924083 -0.0133979 0.000910936
991000 0.987641 -0.0120732 0.000971283
992000 0.968319 -0.013255 0.000951024
993000 0.91779 -0.0299325 0.000895579
994000 0.954863 -0.0230926 0.000935498
995000 0.965734 -0.0253269 0.00094749
996000 0.921053 -0.0258068 0.000899732
997000 0.966406 -0.0246239 0.000941625
998000 0.925211 -0.0264137 0.000897721
999000 0.995417 -0.0132782 0.000979616
1000000 0.948572 -0.00684691 0.000933321
1001000 0.937934 -0.00596847 0.0009254
1002000 0.935939 -0.00529776 0.000923558
1003000 0.954631 -0.00621704 0.000938794
1004000 0.954012 -0.010257 0.000938178
1005000 0.94354 -0.00667262 0.000929109
1006000 0.950221 -0.00304008 0.000942066
1007000 0.967525 -0.00757932 0.000954299
1008000 0.917413 -0.00761511 0.000904642
1009000 0.959417 -0.00433785 0.000945987
1010000 0.94112 -0.0102764 0.000934066
1011000 0.950903 -0.00697092 0.000937228
1012000 0.95625 -0.00785831 0.000944583
1013000 0.934349 -0.00490264 0.000922552
1014000 0.978929 -0.00405094 0.000967903
1015000 0.939723 -0.0100105 0.00092471
1016000 0.963198 -0.00583882 0.000949694
1017000 0.948346 -0.0106922 0.000929799
1018000 0.96461 -0.00505978 0.000948778
1019000 0.949213 -0.00675769 0.000936146
1020000 0.935084 -0.00307418 0.000926054
1021000 0.962546 -0.00601293 0.000946064
1022000 0.942195 -0.0056357 0.00092726
1023000 0.951828 -0.00418684 0.000936454
1024000 0.966724 -0.0138324 0.00095563
1025000 0.912755 -0.00793459 0.000899004
1026000 0.968598 -0.00473972 0.00095979
1027000 0.954967 -0.00509713 0.00094363
1028000 0.974411 -0.00856456 0.000961168
1029000 0.926841 -0.0126166 0.000909543
1030000 0.951298 -0.0152235 0.000931294
1031000 0.954941 -0.0163169 0.000933715
1032000 0.957997 -0.0113476 0.000939161
1033000 0.941959 -0.00997827 0.000920398
1034000 0.971502 -0.00954714 0.00095554
1035000 0.927577 -0.00932721 0.000909438
1036000 0.946955 -0.010184 0.000932248
1037000 0.977143 -0.00772396 0.000961912
1038000 0.923122 -0.00576667 0.000908765
1039000 0.947012 -0.00867011 0.000932988
1040000 0.950334 -0.00719035 0.000937056
1041000 0.950247 -0.00893266 0.000937399
1042000 0.95233 -0.00692805 0.00094163
1043000 0.928768 -0.00788999 0.0009132
1044000 0.952242 -0.00608725 0.000937634
1045000 0.947809 -0.0115084 0.000930097
1046000 0.960556 -0.0116354 0.000941114
1047000 0.959907 -0.0161179 0.000941437
1048000 0.924807 -0.00136854 0.000912878
1049000 0.93727 -0.00354677 0.000928195
1050000 0.938245 -0.00778445 0.00092452
1051000 0.936506 -0.0145524 0.000915535
1052000 0.929007 -0.00413451 0.000915072
1053000 0.945758 -0.00797093 0.000926
1054000 0.948915 -0.00854618 0.000934549
1055000 0.922157 -0.00274769 0.000911339
1056000 0.921952 -0.00457026 0.000908421
1057000 0.95499 -0.00275278 0.000944386
1058000 0.940701 -0.00487515 0.000928078
1059000 0.94001 -0.00628342 0.00092635
1060000 0.96586 -0.0103026 0.000948021
1061000 0.962901 -0.0114296 0.000946014
1062000 0.938163 -0.00685508 0.000928257
1063000 0.966858 -0.00862126 0.000951335
1064000 0.984892 -0.00437399 0.000970964
1065000 0.959029 -0.000630049 0.000948196
1066000 0.943869 -0.00361672 0.000929913
1067000 0.969349 -0.00463575 0.000960155
1068000 0.964734 -0.00966916 0.0009497
1069000 0.919928 -0.00852737 0.000903206
1070000 0.957058 -0.00597257 0.000944173
1071000 0.970202 -0.00246364 0.000957605
1072000 0.936189 -0.00729111 0.000922478
1073000 0.957145 -0.00917194 0.000941004
1074000 0.962117 -0.00409013 0.00095075
1075000 0.950896 -0.00778571 0.000936793
1076000 0.943958 -0.00433072 0.000932784
1077000 0.928048 -0.0072438 0.000909152
1078000 0.938094 -0.00909839 0.000924875
1079000 0.932165 -0.00761154 0.000921888
1080000 0.94077 -0.00561823 0.000928258
1081000 0.949692 -0.00592824 0.000935892
1082000 0.962463 -0.00628243 0.000945028
1083000 0.941102 -0.0060914 0.000928384
1084000 0.926807 -0.00820549 0.00091054
1085000 0.95269 -0.00957616 0.000939858
1086000 0.949814 -0.0161009 0.000927947
1087000 0.936859 -0.0122972 0.000919705
1088000 0.938834 -0.00769817 0.000921715
1089000 0.959847 -0.00677243 0.000945642
1090000 0.971355 -0.00597425 0.00096105
1091000 0.965194 -0.00558349 0.000952388
1092000 0.946804 -0.00604764 0.000932516
1093000 0.934768 -0.00648147 0.000926156
1094000 0.970274 -0.00342025 0.000956683
1095000 0.955078 -0.00973277 0.000936289
1096000 0.957653 -0.00718933 0.000942765
1097000 0.957374 -0.00645243 0.000945995
1098000 0.977255 -0.00594839 0.000965034
1099000 0.923808 -0.00394354 0.00091302
1100000 0.94247 -0.00395321 0.0009322
