# Time-averaged data for fix 2
# TimeStep v_Temperature v_PotentialEnergy v_Pressure
1000 0.89634 -1.04136 0.0341209
2000 0.858537 -1.06309 0.0337869
3000 0.864475 -1.09849 0.0290399
4000 0.847023 -1.33259 0.0282125
5000 0.848202 -1.31966 0.0245159
6000 0.837846 -1.37798 0.0288088
7000 0.867339 -1.40533 0.0283893
8000 0.857248 -1.58541 0.0248681
9000 0.834598 -1.73054 0.0206044
10000 0.835337 -1.45664 0.0275917
11000 0.833635 -1.64006 0.0216912
12000 0.848755 -1.63532 0.0181699
13000 0.851948 -1.44931 0.0204498
14000 0.868002 -1.47336 0.0189706
15000 0.847027 -1.23437 0.0324927
16000 0.860235 -1.52172 0.0198411
17000 0.865117 -1.45404 0.0232896
18000 0.854107 -1.41213 0.0320234
19000 0.838838 -1.19053 0.0288381
20000 0.830531 -1.15313 0.0230901
21000 0.891169 -1.15489 0.0370236
22000 0.823196 -1.17869 0.0295036
23000 0.85682 -1.1096 0.0327753
24000 0.845383 -1.23885 0.0214175
25000 0.849822 -1.24287 0.0213165
26000 0.84341 -1.24753 0.029563
27000 0.836591 -1.40563 0.0224731
28000 0.824953 -1.68445 0.0212233
29000 0.86215 -1.69041 0.0244277
30000 0.838269 -1.55682 0.025196
31000 0.861768 -1.53115 0.0212856
32000 0.832502 -1.76999 0.0174501
33000 0.851994 -1.73135 0.0208863
34000 0.858625 -1.69073 0.0209365
35000 0.848996 -1.66347 0.0200785
36000 0.858473 -1.48679 0.0231359
37000 0.855175 -1.47648 0.0243606
38000 0.818734 -1.34826 0.0196047
39000 0.84369 -1.35495 0.0240693
40000 0.872678 -1.28273 0.029011
41000 0.854857 -1.25064 0.0291387
42000 0.856826 -1.43429 0.019857
43000 0.854084 -1.60304 0.0213969
44000 0.839626 -1.70405 0.0186485
45000 0.863077 -1.75338 0.0212994
46000 0.854393 -1.65931 0.020614
47000 0.844717 -1.71701 0.0169061
48000 0.845803 -1.96251 0.0129591
49000 0.864068 -1.92328 0.0231925
50000 0.85007 -1.89678 0.0237904
51000 0.845899 -2.0066 0.0163848
52000 0.860494 -2.08496 0.0209216
53000 0.81546 -2.09188 0.0152438
54000 0.881514 -1.7897 0.0338175
55000 0.827936 -1.90917 0.0111695
56000 0.840395 -1.91673 0.0209795
57000 0.852343 -1.82974 0.0188304
58000 0.838357 -2.16656 0.0116374
59000 0.864686 -1.92457 0.0134223
60000 0.840831 -2.10106 0.0225151
61000 0.859859 -1.97415 0.0284241
62000 0.869745 -1.89932 0.0186526
63000 0.858788 -2.08614 0.0125439
64000 0.842839 -2.17741 0.0148665
65000 0.831033 -2.01759 0.0136391
66000 0.861378 -2.07689 0.0204352
67000 0.843487 -1.90119 0.0141297
68000 0.846196 -2.03339 0.0208827
69000 0.870683 -1.84828 0.0183389
70000 0.837806 -1.85683 0.0258819
71000 0.859494 -1.87611 0.0202444
72000 0.849433 -1.81313 0.0231697
73000 0.857528 -1.78312 0.0191442
74000 0.860978 -1.87101 0.0288039
75000 0.844014 -2.05573 0.0163169
76000 0.857417 -2.09175 0.0167097
77000 0.845799 -2.00015 0.0213128
78000 0.82993 -2.08307 0.0214143
79000 0.874077 -2.26421 0.019665
80000 0.850965 -2.02909 0.0166415
81000 0.838497 -2.17923 0.0241225
82000 0.850277 -1.83897 0.02
83000 0.851217 -1.68766 0.0106266
84000 0.817029 -1.83967 0.0126032
85000 0.846386 -2.0291 0.0141154
86000 0.855339 -1.89006 0.0127547
87000 0.844201 -1.84904 0.0243928
88000 0.894197 -2.06052 0.0234392
89000 0.836409 -1.96257 0.0109944
90000 0.85594 -1.84682 0.0197988
91000 0.882997 -1.80912 0.0216446
92000 0.850038 -1.74217 0.025075
93000 0.86119 -1.63751 0.0212174
94000 0.87254 -1.67636 0.026124
95000 0.833712 -1.74842 0.0272262
96000 0.875585 -1.80113 0.0168492
97000 0.846463 -1.86873 0.0213882
98000 0.87027 -1.95412 0.0129075
99000 0.815917 -1.98824 0.0143097
100000 0.829631 -1.85382 0.0266344
101000 0.845086 -1.61018 0.0175794
102000 0.838454 -1.72679 0.0304107
103000 0.873346 -1.53428 0.0234391
104000 0.867454 -1.3012 0.0249063
105000 0.821084 -1.51014 0.0250825
106000 0.84185 -1.51317 0.0238954
107000 0.871629 -1.57663 0.0259341
108000 0.849069 -1.54514 0.0213956
109000 0.867391 -1.5539 0.0199335
110000 0.876527 -1.52361 0.0253812
111000 0.85705 -1.61199 0.024962
112000 0.855763 -1.48573 0.0211515
113000 0.848911 -1.71697 0.0246251
114000 0.836103 -1.80429 0.0247591
115000 0.86876 -1.82137 0.0207483
116000 0.831172 -1.9648 0.0171172
117000 0.879934 -1.9598 0.0266701
118000 0.85082 -1.65939 0.028139
119000 0.857347 -1.83971 0.0237854
120000 0.84146 -2.10533 0.016931
121000 0.852274 -2.05876 0.0167483
122000 0.827562 -1.79679 0.0160751
123000 0.840022 -1.79793 0.0246681
124000 0.845447 -1.84403 0.0208194
125000 0.868325 -1.77895 0.0252837
126000 0.821207 -1.84708 0.0175172
127000 0.83947 -1.9527 0.0197264
128000 0.863729 -1.61677 0.0234865
129000 0.836399 -1.56534 0.0249628
130000 0.838778 -1.523 0.0262741
131000 0.861942 -1.3824 0.0263782
132000 0.85873 -1.23008 0.0323139
133000 0.872815 -1.0037 0.0351146
134000 0.836923 -1.02518 0.0330213
135000 0.852902 -1.12162 0.032398
136000 0.87504 -1.18404 0.0281518
137000 0.841412 -1.44272 0.0278607
138000 0.847592 -1.29892 0.024677
139000 0.838266 -1.23802 0.0255715
140000 0.829445 -1.10598 0.0271233
141000 0.855478 -0.989202 0.0330658
142000 0.839897 -1.01635 0.0322381
143000 0.829508 -1.15044 0.028454
144000 0.870866 -1.0615 0.0382206
145000 0.875991 -1.06421 0.0301566
146000 0.831881 -1.19575 0.0231361
147000 0.833272 -1.33973 0.028236
148000 0.859063 -1.39958 0.0257765
149000 0.843846 -1.23091 0.0291341
150000 0.859535 -1.18593 0.0326143
151000 0.859166 -1.04388 0.0350132
152000 0.836152 -0.946202 0.0311387
153000 0.849883 -1.03348 0.0323626
154000 0.834791 -0.991245 0.0317685
155000 0.865214 -1.11422 0.0333982
156000 0.847947 -1.3357 0.0206715
157000 0.845823 -1.5136 0.0186032
158000 0.844485 -1.29753 0.0304476
159000 0.844028 -1.33028 0.029276
160000 0.85459 -1.20818 0.028692
161000 0.838082 -1.22034 0.0262628
162000 0.844488 -1.18332 0.0263367
163000 0.865211 -1.28278 0.0251471
164000 0.866206 -1.1187 0.0313862
165000 0.830504 -1.12438 0.0231777
166000 0.853084 -1.3895 0.0232424
167000 0.847109 -1.66869 0.011553
168000 0.818749 -1.57734 0.0184422
169000 0.84117 -1.81395 0.0191644
170000 0.839192 -1.71179 0.0179781
171000 0.87829 -1.64254 0.0226991
172000 0.856069 -1.43122 0.0236362
173000 0.852159 -1.30422 0.0245082
174000 0.819417 -1.65552 0.0178335
175000 0.861659 -1.55863 0.0179406
176000 0.859774 -1.71571 0.0221055
177000 0.886031 -1.82574 0.0211465
178000 0.857623 -1.55704 0.0204806
179000 0.844419 -1.8556 0.0197572
180000 0.857085 -1.82033 0.0206922
181000 0.857246 -1.95853 0.0194519
182000 0.839493 -2.03304 0.0203679
183000 0.840494 -2.12734 0.0153488
184000 0.86124 -2.06187 0.0170643
185000 0.848323 -1.89018 0.0258001
186000 0.834403 -1.77214 0.019291
187000 0.865534 -1.49894 0.0296139
188000 0.866348 -1.63751 0.032346
189000 0.851286 -1.74872 0.0221773
190000 0.870218 -1.67418 0.0234645
191000 0.863239 -1.76932 0.0183678
192000 0.829939 -1.92661 0.0187274
193000 0.846473 -1.99244 0.0187168
194000 0.876551 -2.09237 0.0272968
195000 0.838485 -1.93461 0.0228997
196000 0.869584 -1.52614 0.0318587
197000 0.863668 -1.31132 0.0270875
198000 0.83522 -1.28419 0.0273399
199000 0.86773 -1.48727 0.0252724
200000 0.836718 -1.40167 0.0186613
201000 0.852182 -1.53516 0.0239435
202000 0.86199 -1.58545 0.0251804
203000 0.845307 -1.59649 0.0220737
204000 0.842597 -1.48627 0.0148511
205000 0.827754 -1.27883 0.0239006
206000 0.845076 -1.16165 0.0255032
207000 0.847109 -0.991491 0.0364162
208000 0.852311 -1.00409 0.0307005
209000 0.853386 -1.06144 0.0336883
210000 0.872244 -1.15087 0.0292741
211000 0.868977 -1.25992 0.0307365
212000 0.853842 -1.28813 0.032897
213000 0.851725 -1.44871 0.0228895
214000 0.841121 -1.50425 0.0216738
215000 0.850144 -1.36203 0.029384
216000 0.872581 -1.48075 0.0326831
217000 0.865611 -1.47458 0.025298
218000 0.834951 -1.66191 0.0203516
219000 0.825988 -1.60813 0.0164542
220000 0.869173 -1.76131 0.0173293
221000 0.836879 -1.55645 0.02779
222000 0.826328 -1.43917 0.023689
223000 0.837059 -1.22586 0.0233699
224000 0.868649 -1.40321 0.0243326
225000 0.854883 -1.47575 0.027958
226000 0.833928 -1.52592 0.0268685
227000 0.868788 -1.63874 0.026007
228000 0.838542 -1.79511 0.0212371
229000 0.841351 -1.84331 0.0214527
230000 0.839985 -1.91269 0.0237384
231000 0.827112 -1.92075 0.0167209
232000 0.848926 -1.80214 0.0231961
233000 0.843918 -1.57328 0.0122076
234000 0.866833 -1.37821 0.0256684
235000 0.814393 -1.60021 0.0126213
236000 0.859135 -1.61212 0.0178184
237000 0.838462 -1.71356 0.0174795
238000 0.860834 -1.34176 0.0273303
239000 0.853405 -1.31683 0.0289395
240000 0.830005 -1.16928 0.0232032
241000 0.823164 -1.30234 0.0177875
242000 0.876325 -1.63977 0.0292418
243000 0.846191 -1.64787 0.020721
244000 0.82776 -1.80109 0.0216632
245000 0.849931 -1.78177 0.0256067
246000 0.862358 -1.86055 0.0271624
247000 0.838075 -1.76869 0.018476
248000 0.84851 -1.64936 0.0260448
249000 0.848436 -1.91036 0.0251467
250000 0.844456 -1.70008 0.0232784
251000 0.846017 -1.89573 0.0177429
252000 0.846694 -2.05026 0.0180656
253000 0.827726 -1.9358 0.0171413
254000 0.852901 -1.90363 0.0231528
255000 0.846357 -1.80279 0.0193641
256000 0.844537 -1.82831 0.0209402
257000 0.853849 -1.95625 0.0128295
258000 0.849175 -2.03481 0.0199459
259000 0.84351 -1.87151 0.0225116
260000 0.878371 -1.9689 0.0270315
261000 0.839953 -1.97879 0.0179249
262000 0.888731 -1.82707 0.0181525
263000 0.861602 -1.98472 0.020292
264000 0.832342 -1.93414 0.0191104
265000 0.877113 -1.8602 0.0164863
266000 0.870561 -1.63818 0.0221181
267000 0.860493 -1.52944 0.024575
268000 0.859576 -1.30353 0.0330255
269000 0.844191 -1.32646 0.0235744
270000 0.846327 -1.57002 0.0286146
271000 0.827403 -1.6295 0.0161159
272000 0.838332 -1.8396 0.0262483
273000 0.848718 -1.55368 0.0224387
274000 0.842519 -1.49827 0.0237425
275000 0.83554 -1.58159 0.0217841
276000 0.856193 -1.2285 0.0247686
277000 0.864133 -1.25856 0.0256258
278000 0.853951 -1.27572 0.0276101
279000 0.871099 -1.39883 0.0315884
280000 0.830603 -1.47297 0.018746
281000 0.856044 -1.36416 0.0274883
282000 0.842163 -1.37277 0.0221953
283000 0.846936 -1.37748 0.0228481
284000 0.854404 -1.43762 0.0227741
285000 0.832015 -1.59093 0.0221264
286000 0.843532 -1.68462 0.0275925
287000 0.858339 -1.6218 0.022683
288000 0.837608 -1.60779 0.0241334
289000 0.853219 -1.51145 0.0221651
290000 0.865113 -1.73461 0.0314036
291000 0.874477 -1.85843 0.0181979
292000 0.866819 -2.06462 0.0148021
293000 0.839055 -2.08896 0.0171475
294000 0.892275 -1.84284 0.0240094
295000 0.841771 -1.80033 0.0220065
296000 0.835031 -1.62009 0.025996
297000 0.871447 -1.57592 0.0227189
298000 0.842357 -1.59877 0.0194139
299000 0.829463 -1.56692 0.023147
300000 0.835927 -1.69626 0.0179746
301000 0.870538 -1.47904 0.0327998
302000 0.872641 -1.51512 0.0225072
303000 0.832631 -1.67071 0.021051
304000 0.853632 -1.58317 0.0239549
305000 0.833421 -1.47213 0.0219695
306000 0.899876 -1.52031 0.028592
307000 0.825765 -1.63032 0.0206504
308000 0.839985 -1.59032 0.0246949
309000 0.854257 -1.64396 0.0236616
310000 0.832433 -1.97501 0.016365
311000 0.860884 -2.27541 0.0175502
312000 0.842186 -2.25422 0.0187968
313000 0.850087 -1.98648 0.0143239
314000 0.842993 -1.94822 0.016038
315000 0.839079 -1.75067 0.0213477
316000 0.838461 -1.63243 0.0174584
317000 0.855902 -1.68115 0.0215364
318000 0.852794 -1.77102 0.0165425
319000 0.838651 -1.78488 0.0206215
320000 0.841339 -1.86681 0.0176224
321000 0.872627 -1.61377 0.018881
322000 0.838341 -1.78172 0.0159786
323000 0.83862 -1.6484 0.0261578
324000 0.857301 -1.59703 0.0151566
325000 0.864541 -1.79708 0.0239217
326000 0.84181 -1.95249 0.023964
327000 0.85312 -1.87322 0.0212678
328000 0.847592 -1.82108 0.0231697
329000 0.848689 -1.61909 0.0227649
330000 0.866052 -1.70235 0.0212961
331000 0.833941 -1.49293 0.0226752
332000 0.875638 -1.25712 0.0274968
333000 0.84738 -1.09951 0.0336475
334000 0.889715 -1.0722 0.0337065
335000 0.854739 -1.1456 0.0298798
336000 0.860311 -1.13342 0.0282307
337000 0.864345 -0.978001 0.0343951
338000 0.869314 -1.05393 0.029747
339000 0.839968 -1.15439 0.0253129
340000 0.865685 -1.14642 0.0268959
341000 0.829598 -0.983152 0.0311406
342000 0.837998 -1.04014 0.0307916
343000 0.831469 -1.24078 0.0229733
344000 0.836213 -1.40061 0.0246737
345000 0.859353 -1.56617 0.028105
346000 0.893792 -1.59156 0.0233018
347000 0.84084 -1.45997 0.0315817
348000 0.854839 -1.54276 0.0260206
349000 0.844857 -1.69697 0.0247053
350000 0.871202 -1.54949 0.0263364
351000 0.85914 -1.49993 0.0284923
352000 0.835069 -1.37427 0.0236046
353000 0.861815 -1.62495 0.0171531
354000 0.840072 -1.66307 0.0242114
355000 0.862893 -1.64567 0.0258595
356000 0.857821 -1.73812 0.0253841
357000 0.859516 -1.72163 0.0180713
358000 0.85661 -1.43711 0.0230389
359000 0.849299 -1.49855 0.0183389
360000 0.854311 -1.57435 0.0236249
361000 0.816408 -1.38594 0.0238596
362000 0.856374 -1.41399 0.0242111
363000 0.823949 -1.64649 0.0164278
364000 0.844833 -1.46338 0.0274598
365000 0.849892 -1.42505 0.0245264
366000 0.845075 -1.64429 0.0179775
367000 0.850963 -1.67179 0.0191667
368000 0.852642 -1.83255 0.0183532
369000 0.844801 -1.97445 0.0188577
370000 0.853032 -1.96986 0.0229365
371000 0.850535 -1.89532 0.0246389
372000 0.850682 -2.03584 0.025483
373000 0.858396 -1.9376 0.0188819
374000 0.838612 -1.84075 0.0219527
375000 0.833024 -1.97647 0.0153367
376000 0.848674 -1.94035 0.0123426
377000 0.859274 -1.87659 0.0146139
378000 0.858411 -1.95389 0.0165898
379000 0.812091 -1.98263 0.00973363
380000 0.857671 -1.92847 0.0169577
381000 0.827169 -2.00773 0.0155106
382000 0.835901 -1.78983 0.0175452
383000 0.859424 -1.68224 0.0213931
384000 0.846723 -2.14123 0.00879768
385000 0.858084 -1.75538 0.0182141
386000 0.854481 -1.55277 0.0200067
387000 0.84459 -1.69882 0.0212837
388000 0.854051 -1.66986 0.0204919
389000 0.861493 -1.53063 0.0239966
390000 0.872034 -1.50405 0.0246644
391000 0.847527 -1.58018 0.0242998
392000 0.840503 -1.47374 0.0241764
393000 0.82968 -1.601 0.0189051
394000 0.833728 -1.7741 0.0198567
395000 0.837749 -1.7432 0.0208783
396000 0.86534 -1.81243 0.0246485
397000 0.853227 -1.68007 0.0300418
398000 0.883632 -1.41445 0.0282091
399000 0.859753 -1.45816 0.0301548
400000 0.843748 -1.56452 0.0190588
401000 0.872157 -1.7415 0.0264398
402000 0.847346 -1.32078 0.0222991
403000 0.866552 -1.3779 0.0311386
404000 0.840107 -1.24455 0.0292263
405000 0.864852 -1.31718 0.0347931
406000 0.849152 -1.40224 0.0217017
407000 0.854001 -1.55615 0.0264578
408000 0.840904 -1.52956 0.0273513
409000 0.889655 -1.47421 0.027689
410000 0.868511 -1.82451 0.0254289
411000 0.84047 -1.76576 0.0212842
412000 0.864532 -1.8991 0.0193268
413000 0.85018 -1.97577 0.0109729
414000 0.870256 -1.77837 0.0167551
415000 0.842268 -1.80081 0.0237509
416000 0.848811 -1.80731 0.0244624
417000 0.834428 -1.68742 0.0209216
418000 0.831629 -1.72001 0.0216973
419000 0.820017 -1.57674 0.0120238
420000 0.841411 -1.52935 0.0189718
421000 0.845565 -1.43062 0.0265643
422000 0.858335 -1.51014 0.0289266
423000 0.853132 -1.49142 0.0272312
424000 0.836543 -1.57982 0.0237947
425000 0.865132 -1.61674 0.0221483
426000 0.867397 -1.52795 0.0221359
427000 0.852541 -1.61416 0.0252189
428000 0.844179 -1.70494 0.0281299
429000 0.826401 -1.82135 0.0196531
430000 0.836001 -1.80422 0.0208108
431000 0.867889 -1.95209 0.0201366
432000 0.85932 -1.87966 0.0177148
433000 0.85243 -1.84726 0.0142307
434000 0.856579 -1.93531 0.0155746
435000 0.848169 -1.96464 0.0178295
436000 0.843918 -1.72317 0.0160433
437000 0.858684 -1.66018 0.0209101
438000 0.852198 -1.56244 0.0267564
439000 0.866483 -1.59701 0.0242944
440000 0.849516 -1.54596 0.0261764
441000 0.801422 -1.92215 0.0201308
442000 0.812153 -1.83348 0.017174
443000 0.863557 -1.7481 0.0217679
444000 0.841536 -2.01821 0.0204773
445000 0.878362 -1.91648 0.0264672
446000 0.84258 -1.81065 0.0209856
447000 0.864411 -1.82559 0.015076
448000 0.861214 -1.85243 0.0210692
449000 0.85827 -1.7919 0.0188236
450000 0.842335 -1.86774 0.0169682
451000 0.857862 -1.94824 0.0247258
452000 0.866999 -1.89336 0.0209791
453000 0.834725 -1.69534 0.0252647
454000 0.859742 -1.90369 0.0170335
455000 0.866398 -2.15349 0.0223303
456000 0.865413 -2.02432 0.023235
457000 0.84436 -1.90607 0.0200591
458000 0.864772 -1.63652 0.0200293
459000 0.874692 -1.53521 0.0263176
460000 0.846678 -1.70154 0.0247423
461000 0.836133 -1.52159 0.0155515
462000 0.855889 -1.33923 0.0244335
463000 0.849794 -1.23499 0.0297914
464000 0.854106 -1.36598 0.0242065
465000 0.829979 -1.27528 0.0234587
466000 0.871709 -1.33881 0.029219
467000 0.836335 -1.33964 0.0242081
468000 0.862923 -1.04622 0.0325675
469000 0.869284 -1.19021 0.0258389
470000 0.848515 -1.2952 0.0275122
471000 0.853755 -1.09342 0.0330357
472000 0.856615 -1.19226 0.0341718
473000 0.877818 -1.15296 0.0306685
474000 0.852729 -1.06004 0.0315621
475000 0.8338 -1.19488 0.0259884
476000 0.871686 -1.13605 0.0269634
477000 0.844576 -1.19596 0.0250598
478000 0.855864 -1.30797 0.0236019
479000 0.863402 -1.20387 0.0280422
480000 0.846591 -1.27664 0.0239634
481000 0.877431 -1.23493 0.0320808
482000 0.865826 -1.14633 0.0314334
483000 0.837749 -1.1776 0.0250761
484000 0.882998 -1.23748 0.0246337
485000 0.855918 -1.50894 0.0251412
486000 0.84791 -1.44404 0.021328
487000 0.838689 -1.37881 0.0285478
488000 0.864815 -1.36833 0.0317748
489000 0.865342 -1.47244 0.0250332
490000 0.848392 -1.59794 0.0194195
491000 0.855726 -1.4296 0.0206916
492000 0.832666 -1.50825 0.017623
493000 0.836186 -1.70027 0.0221101
494000 0.85525 -1.8809 0.0200477
495000 0.866015 -1.93442 0.0216524
496000 0.832096 -1.99726 0.0227156
497000 0.866382 -1.78568 0.0225666
498000 0.846609 -2.04491 0.0127355
499000 0.847327 -1.98315 0.0150606
500000 0.834176 -2.12121 0.0135557
501000 0.827646 -1.84531 0.0149642
502000 0.882714 -1.64929 0.0217165
503000 0.837977 -1.65813 0.0210519
504000 0.854605 -1.53232 0.0195389
505000 0.828125 -1.65376 0.018088
506000 0.841891 -1.69856 0.0216341
507000 0.847117 -1.65022 0.0175657
508000 0.838687 -1.78752 0.0128041
509000 0.847684 -1.97935 0.0208329
510000 0.840775 -1.92064 0.0165368
511000 0.865908 -2.06692 0.0262512
512000 0.834098 -2.23279 0.0162729
513000 0.870825 -2.23323 0.0226205
514000 0.836392 -2.26655 0.0209429
515000 0.86532 -2.12956 0.0153802
516000 0.869865 -1.89451 0.02802
517000 0.820748 -1.95608 0.0191351
518000 0.852193 -1.8545 0.017709
519000 0.861136 -1.55374 0.0145045
520000 0.823305 -1.74413 0.0154223
521000 0.836823 -1.77437 0.0153017
522000 0.874973 -1.97337 0.0257451
523000 0.839249 -1.75636 0.0201748
524000 0.827945 -1.35757 0.0236599
525000 0.858423 -1.28945 0.0263997
526000 0.816762 -1.50641 0.0204339
527000 0.875664 -1.30528 0.0271509
528000 0.834893 -1.27079 0.0263333
529000 0.839155 -1.2268 0.0252895
530000 0.857916 -1.20507 0.0308896
531000 0.847829 -1.25383 0.0251502
532000 0.861968 -1.24285 0.0230685
533000 0.875651 -1.42946 0.0253778
534000 0.828781 -1.47933 0.0167177
535000 0.856922 -1.83626 0.0215583
536000 0.861398 -1.87662 0.0172555
537000 0.862279 -1.90771 0.0209775
538000 0.836384 -1.76203 0.0170481
539000 0.82933 -1.55099 0.0229371
540000 0.846781 -1.37197 0.0248005
541000 0.851662 -1.25674 0.0249437
542000 0.875013 -1.29647 0.0278867
543000 0.846512 -1.1782 0.0264967
544000 0.816145 -1.15951 0.0280889
545000 0.858574 -1.24411 0.0275106
546000 0.870223 -1.35864 0.024984
547000 0.848802 -1.40917 0.0220453
548000 0.863062 -1.62346 0.0228809
549000 0.852789 -1.55878 0.0190715
550000 0.863557 -1.7225 0.027639
551000 0.865309 -1.773 0.0219315
552000 0.846178 -1.83892 0.0162328
553000 0.860204 -2.01724 0.0269761
554000 0.867029 -1.89574 0.0148483
555000 0.86271 -1.89639 0.0186777
556000 0.848222 -1.85107 0.0281
557000 0.881953 -1.89163 0.0216489
558000 0.838846 -1.98097 0.0213565
559000 0.88353 -1.70097 0.0243294
560000 0.844061 -1.93074 0.0193617
561000 0.848102 -1.90891 0.0165407
562000 0.845944 -1.84328 0.0135827
563000 0.855573 -2.01468 0.0170027
564000 0.851119 -2.05663 0.0208098
565000 0.850411 -1.83193 0.024676
566000 0.850125 -1.7225 0.0186247
567000 0.834407 -1.81886 0.0197585
568000 0.847853 -1.76685 0.021505
569000 0.840675 -1.87665 0.0207035
570000 0.831783 -1.85454 0.0203964
571000 0.849529 -1.8704 0.0229368
572000 0.853647 -1.7948 0.0242873
573000 0.827032 -1.85623 0.0157491
574000 0.879565 -1.87808 0.0161795
575000 0.853474 -1.84753 0.0220219
576000 0.861624 -1.66491 0.0182985
577000 0.843308 -1.83084 0.021172
578000 0.860002 -1.66559 0.0202363
579000 0.856586 -1.7022 0.0301302
580000 0.850709 -1.84037 0.025853
581000 0.831761 -1.97947 0.0180597
582000 0.844123 -1.95621 0.016195
583000 0.860509 -1.82148 0.0203005
584000 0.855899 -1.8211 0.0182363
585000 0.853255 -2.05278 0.0293884
586000 0.866571 -2.06234 0.0288925
587000 0.831876 -1.70516 0.0227996
588000 0.829425 -1.65375 0.0250205
589000 0.83871 -1.70897 0.0212041
590000 0.871586 -1.53052 0.0292309
591000 0.857033 -1.54542 0.0208782
592000 0.853989 -1.60443 0.0148976
593000 0.867965 -1.69283 0.0281542
594000 0.858026 -1.75256 0.0162457
595000 0.821041 -2.07375 0.0182976
596000 0.808286 -2.26857 0.0148407
597000 0.86981 -1.89204 0.0262116
598000 0.860679 -1.85978 0.0162802
599000 0.856884 -1.79632 0.0228468
600000 0.863168 -1.77679 0.0206216
601000 0.823079 -1.80271 0.0147068
602000 0.874741 -1.53158 0.0256571
603000 0.866331 -1.39528 0.0259188
604000 0.859149 -1.16183 0.027044
605000 0.860027 -1.09443 0.030312
606000 0.835056 -1.14639 0.0308278
607000 0.833292 -1.12295 0.0260703
608000 0.862491 -1.19527 0.031674
609000 0.856033 -1.37949 0.0239815
610000 0.816181 -1.35328 0.0272835
611000 0.851233 -1.51544 0.0261767
612000 0.873534 -1.71624 0.0174022
613000 0.815812 -1.69513 0.0146243
614000 0.865855 -1.76795 0.0230217
615000 0.848304 -1.52938 0.0239125
616000 0.83496 -1.63583 0.0238865
617000 0.868125 -1.51615 0.0171801
618000 0.85693 -1.58671 0.0192229
619000 0.837972 -1.99228 0.0141101
620000 0.860869 -2.17247 0.0170145
621000 0.857157 -2.17862 0.0174279
622000 0.839962 -1.91094 0.0144614
623000 0.85739 -1.41689 0.0246143
624000 0.855815 -1.45417 0.0185372
625000 0.85608 -1.44801 0.0226013
626000 0.847979 -1.52597 0.0196378
627000 0.842743 -1.77409 0.0221162
628000 0.854378 -1.76858 0.0244468
629000 0.833951 -1.99403 0.02048
630000 0.848627 -1.82875 0.0197132
631000 0.846762 -1.94827 0.0189878
632000 0.833049 -1.8245 0.0190807
633000 0.852982 -1.85375 0.023753
634000 0.837751 -1.89703 0.0200151
635000 0.858622 -2.06144 0.0207351
636000 0.849122 -2.00664 0.0171233
637000 0.858529 -2.1115 0.0171176
638000 0.84852 -1.98012 0.0167225
639000 0.864826 -1.63852 0.0237243
640000 0.861464 -1.596 0.0278265
641000 0.834996 -1.6256 0.0179801
642000 0.863066 -1.83741 0.0181465
643000 0.848692 -2.0305 0.0184269
644000 0.854321 -1.88095 0.0195215
645000 0.841862 -2.10952 0.0106983
646000 0.844921 -1.89789 0.0204789
647000 0.829141 -2.08762 0.0140025
648000 0.848839 -2.12232 0.0216177
649000 0.866093 -1.96213 0.0248341
650000 0.850273 -1.86667 0.0215079
651000 0.856297 -1.73498 0.0217603
652000 0.866545 -1.76717 0.0268789
653000 0.866731 -1.69317 0.0258708
654000 0.879592 -1.55488 0.0246248
655000 0.852258 -1.74451 0.0182865
656000 0.864571 -1.82652 0.0172665
657000 0.868702 -1.95671 0.0173157
658000 0.855103 -1.7192 0.0198509
659000 0.8693 -1.49074 0.0275925
660000 0.866405 -1.67976 0.0267156
661000 0.852804 -1.82014 0.0199554
662000 0.833705 -1.73217 0.0197341
663000 0.823961 -1.78735 0.0161388
664000 0.845296 -1.83972 0.0249222
665000 0.824213 -1.97734 0.023595
666000 0.842931 -1.74566 0.0208153
667000 0.865535 -1.59358 0.0306834
668000 0.864506 -1.66588 0.0171119
669000 0.866198 -1.60103 0.0204185
670000 0.848704 -1.6022 0.0212254
671000 0.839554 -1.63381 0.0171697
672000 0.859413 -1.64971 0.02478
673000 0.823664 -1.4977 0.0238019
674000 0.834232 -1.31371 0.0247698
675000 0.876114 -1.12915 0.0293454
676000 0.859116 -1.18327 0.0293072
677000 0.825532 -1.30256 0.0216622
678000 0.858858 -1.39024 0.0251542
679000 0.868662 -1.27571 0.0313951
680000 0.854281 -1.2648 0.0205044
681000 0.845373 -1.26124 0.0253488
682000 0.879783 -1.1725 0.0371608
683000 0.858094 -1.20883 0.0304373
684000 0.862859 -1.36033 0.0276589
685000 0.855048 -1.51405 0.0237506
686000 0.835677 -1.54031 0.025714
687000 0.872187 -1.45153 0.023799
688000 0.863537 -1.39406 0.0292436
689000 0.86293 -1.35894 0.0286685
690000 0.830205 -1.32763 0.0195019
691000 0.843624 -1.04337 0.0322003
692000 0.850539 -1.12014 0.0311944
693000 0.842122 -1.27265 0.0306585
694000 0.845576 -1.18446 0.0247867
695000 0.859713 -1.35817 0.0254135
696000 0.85173 -1.6039 0.0131898
697000 0.853692 -1.61517 0.0156754
698000 0.865218 -1.70025 0.0220742
699000 0.842038 -1.48572 0.0183198
700000 0.835382 -1.32079 0.019756
701000 0.860268 -1.25356 0.0265155
702000 0.86831 -1.30818 0.0284516
703000 0.862645 -1.34817 0.0275301
704000 0.859783 -1.48255 0.0305973
705000 0.848712 -1.51622 0.0236126
706000 0.877318 -1.56904 0.0252243
707000 0.862549 -1.67918 0.0235017
708000 0.842778 -1.56491 0.0267388
709000 0.823533 -1.36425 0.0236011
710000 0.830667 -1.48855 0.0317671
711000 0.845584 -1.37065 0.0250293
712000 0.846971 -1.36414 0.0233763
713000 0.864386 -1.32906 0.0275954
714000 0.862336 -1.33808 0.0243084
715000 0.865615 -1.47689 0.0243424
716000 0.86164 -1.53341 0.025704
717000 0.841504 -1.66628 0.017639
718000 0.843984 -1.81207 0.0221662
719000 0.836544 -1.58 0.0207945
720000 0.835836 -1.31554 0.0210041
721000 0.841097 -1.27431 0.0267576
722000 0.842905 -1.24793 0.0270478
723000 0.853264 -1.26529 0.0250056
724000 0.854307 -1.37067 0.0224436
725000 0.831011 -1.28899 0.0236927
726000 0.863314 -1.53015 0.0236752
727000 0.852825 -1.7123 0.0213445
728000 0.846368 -1.86999 0.0273801
729000 0.873704 -1.79273 0.0206572
730000 0.86505 -1.8561 0.0267539
731000 0.874774 -1.77667 0.020894
732000 0.843022 -1.82072 0.0188403
733000 0.858029 -1.80312 0.0234719
734000 0.875145 -1.64495 0.0282259
735000 0.861323 -1.75566 0.019314
736000 0.873936 -2.01347 0.0202182
737000 0.833901 -2.11111 0.017049
738000 0.868402 -2.16871 0.019174
739000 0.844381 -2.26569 0.0174486
740000 0.850344 -2.06384 0.0228511
741000 0.850473 -1.83293 0.0231398
742000 0.847342 -1.77155 0.0198002
743000 0.831937 -2.00998 0.0105606
744000 0.866068 -2.12818 0.0190283
745000 0.842671 -2.09518 0.022985
746000 0.807174 -2.21956 0.017114
747000 0.841368 -2.08421 0.0249531
748000 0.854974 -1.80422 0.0216058
749000 0.861716 -1.7523 0.0234383
750000 0.856412 -1.60438 0.02674
751000 0.887559 -1.71099 0.0243359
752000 0.854008 -1.77326 0.019447
753000 0.834072 -1.66804 0.0221698
754000 0.849823 -1.49996 0.0180046
755000 0.848584 -1.58672 0.0176837
756000 0.837757 -1.35134 0.0258591
757000 0.864398 -1.19066 0.0328526
758000 0.848963 -1.44577 0.0210492
759000 0.828583 -1.45973 0.0171223
760000 0.843098 -1.43937 0.0245554
761000 0.857606 -1.35219 0.0269675
762000 0.888098 -1.51759 0.0213065
763000 0.829372 -1.66279 0.0284281
764000 0.863558 -1.68271 0.0222342
765000 0.838339 -1.88264 0.0193381
766000 0.861112 -2.04424 0.0214743
767000 0.840881 -2.01023 0.0167639
768000 0.833104 -2.15482 0.00970411
769000 0.843738 -1.98004 0.0140928
770000 0.84099 -1.89357 0.0106946
771000 0.852033 -1.70714 0.0133152
772000 0.864783 -1.79602 0.0249576
773000 0.861811 -1.65048 0.0208872
774000 0.863261 -1.81526 0.0257179
775000 0.857955 -1.77612 0.0263271
776000 0.859795 -1.88298 0.0225711
777000 0.822886 -1.76199 0.0197386
778000 0.833997 -1.77655 0.0171877
779000 0.849734 -1.96582 0.0197136
780000 0.846717 -1.76115 0.0255932
781000 0.866676 -1.83403 0.0225637
782000 0.812194 -2.0134 0.017675
783000 0.847926 -2.11904 0.0216347
784000 0.853428 -2.08304 0.0273783
785000 0.852126 -1.97674 0.0211228
786000 0.847466 -2.16744 0.0197559
787000 0.872418 -2.04799 0.0225012
788000 0.882466 -1.96092 0.023401
789000 0.865034 -2.11831 0.0222198
790000 0.843312 -2.02121 0.0270632
791000 0.855373 -2.13761 0.0168926
792000 0.859637 -2.0017 0.0208826
793000 0.828024 -1.93713 0.0183854
794000 0.85339 -1.9382 0.0131555
795000 0.855024 -1.75139 0.020301
796000 0.853439 -1.43952 0.0272973
797000 0.824702 -1.66002 0.0162147
798000 0.877847 -1.73952 0.0227601
799000 0.843355 -1.62574 0.0229915
800000 0.850186 -1.91323 0.021598
801000 0.852494 -2.02043 0.0221419
802000 0.841511 -1.8194 0.0198821
803000 0.841798 -1.58642 0.0189603
804000 0.835948 -1.67117 0.0184964
805000 0.829009 -1.79418 0.0227105
806000 0.878535 -1.82295 0.0262702
807000 0.848254 -1.6708 0.0218577
808000 0.853086 -1.65956 0.0272576
809000 0.850975 -1.72187 0.0267008
810000 0.847658 -1.81503 0.0228542
811000 0.861149 -1.73944 0.0215867
812000 0.879946 -1.71519 0.0261116
813000 0.877124 -1.72471 0.021553
814000 0.853905 -1.64134 0.0250796
815000 0.86633 -1.65225 0.0223994
816000 0.828187 -1.54178 0.020621
817000 0.876901 -1.42718 0.0334374
818000 0.845468 -1.46283 0.0199815
819000 0.831112 -1.64267 0.0235823
820000 0.845689 -1.55051 0.0224154
821000 0.842547 -1.57097 0.0272362
822000 0.855742 -1.4343 0.0250179
823000 0.850164 -1.73843 0.0182432
824000 0.85178 -1.71698 0.0235471
825000 0.835018 -1.87621 0.0202961
826000 0.831874 -1.76771 0.0206836
827000 0.839107 -1.74934 0.020791
828000 0.850554 -1.61093 0.0203386
829000 0.82022 -1.45428 0.0255203
830000 0.843005 -1.42165 0.0283933
831000 0.844841 -1.40396 0.0240644
832000 0.855961 -1.32897 0.0243434
833000 0.85218 -1.50537 0.0215986
834000 0.847992 -1.46923 0.0255194
835000 0.853968 -1.5436 0.0260544
836000 0.830571 -1.61758 0.0247234
837000 0.858942 -1.56511 0.0262254
838000 0.862269 -1.74008 0.0231884
839000 0.833186 -1.89085 0.0157661
840000 0.873004 -1.76404 0.0226154
841000 0.811141 -1.84848 0.0119909
842000 0.848346 -2.00871 0.0142915
843000 0.835262 -1.79576 0.0229245
844000 0.824966 -1.77991 0.0215565
845000 0.863931 -1.64111 0.0234799
846000 0.851187 -1.60855 0.0220958
847000 0.830594 -1.41713 0.0215685
848000 0.848887 -1.49426 0.0280167
849000 0.850072 -1.65891 0.0235147
850000 0.819871 -1.80694 0.0159705
851000 0.825952 -1.69011 0.017015
852000 0.840565 -1.74417 0.0161692
853000 0.838727 -1.76684 0.0193552
854000 0.861885 -1.7586 0.0257633
855000 0.853752 -1.86992 0.0256836
856000 0.816771 -1.88861 0.0174499
857000 0.848137 -1.75943 0.0184949
858000 0.85661 -1.70241 0.024385
859000 0.854245 -1.71321 0.0232538
860000 0.861708 -1.7566 0.0244514
861000 0.885807 -1.91344 0.0208216
862000 0.856818 -2.01495 0.0196122
863000 0.840742 -2.1 0.011306
864000 0.830036 -2.08843 0.0168852
865000 0.83268 -1.86936 0.022315
866000 0.856828 -1.40359 0.0291296
867000 0.863451 -1.23588 0.0258839
868000 0.842768 -1.28641 0.0312001
869000 0.848815 -1.19886 0.0256576
870000 0.85144 -1.35564 0.0228176
871000 0.865309 -1.47332 0.0257743
872000 0.870721 -1.44296 0.0302828
873000 0.838832 -1.19422 0.0247062
874000 0.859493 -1.18951 0.0308388
875000 0.849682 -1.38681 0.022973
876000 0.848264 -1.15895 0.022604
877000 0.861049 -1.08254 0.0299395
878000 0.82022 -1.15395 0.0275103
879000 0.843287 -1.13959 0.0305199
880000 0.871396 -1.26472 0.0308508
881000 0.840186 -1.39452 0.025374
882000 0.85257 -1.44814 0.0290213
883000 0.84679 -1.52096 0.0252611
884000 0.847542 -1.54603 0.0285107
885000 0.874024 -1.52082 0.0292481
886000 0.867366 -1.55781 0.0286566
887000 0.846723 -1.74496 0.0245855
888000 0.854796 -1.75246 0.0225344
889000 0.846833 -1.70151 0.0193834
890000 0.85002 -1.51796 0.0206147
891000 0.842253 -1.39272 0.018749
892000 0.872368 -1.58839 0.0239386
893000 0.85661 -1.57533 0.026722
894000 0.862105 -1.50657 0.0358352
895000 0.822146 -1.59128 0.0203424
896000 0.847237 -1.58192 0.0194283
897000 0.855057 -1.56585 0.0292102
898000 0.848015 -1.50584 0.0222155
899000 0.840186 -1.45504 0.0226654
900000 0.84535 -1.85619 0.0186135
901000 0.846058 -1.91664 0.0116192
902000 0.862227 -1.90662 0.0269383
903000 0.843603 -2.03055 0.01657
904000 0.831195 -1.79056 0.0169055
905000 0.846609 -1.75357 0.0229674
906000 0.859132 -1.74914 0.0165272
907000 0.864121 -1.84769 0.0208124
908000 0.838318 -1.79021 0.0170048
909000 0.850688 -1.90728 0.0117478
910000 0.870521 -2.00366 0.0264463
911000 0.831914 -1.90903 0.0171612
912000 0.830353 -1.6494 0.0208981
913000 0.84868 -1.61446 0.0183503
914000 0.855973 -1.53433 0.0160564
915000 0.861809 -1.43137 0.0226537
916000 0.888036 -1.41239 0.0300862
917000 0.838212 -1.27278 0.0218544
918000 0.82941 -1.4094 0.0233715
919000 0.842853 -1.3577 0.0229577
920000 0.851527 -1.29479 0.0280223
921000 0.862821 -1.1997 0.03066
922000 0.847528 -1.3826 0.0306915
923000 0.877577 -1.40703 0.0286922
924000 0.861452 -1.62106 0.0205186
925000 0.855278 -1.64811 0.0210311
926000 0.818842 -1.77194 0.0187932
927000 0.827787 -1.78317 0.0162914
928000 0.853532 -1.57975 0.0187707
929000 0.860909 -1.75536 0.0202294
930000 0.836982 -1.76369 0.0152917
931000 0.867385 -1.93072 0.0209339
932000 0.857595 -1.96266 0.0223613
933000 0.83964 -1.75323 0.0187667
934000 0.817339 -1.61093 0.0209684
935000 0.839986 -1.6985 0.0275742
936000 0.834184 -1.67031 0.0209243
937000 0.881511 -1.51781 0.0249831
938000 0.853669 -1.50308 0.0214098
939000 0.868854 -1.55584 0.0279614
940000 0.838946 -1.42352 0.0165732
941000 0.853789 -1.81274 0.0181196
942000 0.861425 -1.98911 0.0177552
943000 0.843629 -2.20991 0.0165109
944000 0.858333 -2.18337 0.021275
945000 0.849537 -2.20932 0.0281043
946000 0.837659 -2.04706 0.0215641
947000 0.868109 -1.83631 0.0252368
948000 0.838067 -1.67397 0.0231797
949000 0.857432 -1.47741 0.0210727
950000 0.843532 -1.93372 0.0150434
951000 0.86581 -1.92907 0.0228328
952000 0.875439 -1.87411 0.0213297
953000 0.836041 -1.80767 0.0199955
954000 0.824304 -1.86715 0.0198743
955000 0.866825 -1.71125 0.0204654
956000 0.847306 -1.61111 0.0228446
957000 0.861769 -1.67104 0.0237671
958000 0.822969 -1.92638 0.0145857
959000 0.830021 -1.9519 0.0103617
960000 0.858451 -2.00552 0.0154983
961000 0.827992 -1.78342 0.0152299
962000 0.837407 -1.73213 0.0225809
963000 0.886738 -1.75883 0.0272774
964000 0.840849 -1.86425 0.0138096
965000 0.836093 -1.8202 0.0189169
966000 0.844968 -1.74807 0.026096
967000 0.867187 -1.51788 0.0234964
968000 0.856657 -1.78618 0.0301051
969000 0.848615 -1.70441 0.0264124
970000 0.845553 -1.75339 0.021048
971000 0.856555 -1.66745 0.0212533
972000 0.835543 -1.75735 0.0228203
973000 0.835907 -1.8709 0.0173342
974000 0.846866 -1.63551 0.0179348
975000 0.870705 -1.69451 0.0221215
976000 0.883634 -1.64781 0.0322842
977000 0.860431 -1.77862 0.0192893
978000 0.830278 -1.84089 0.016141
979000 0.852451 -1.8861 0.0196684
980000 0.8818 -1.8107 0.0261692
981000 0.852299 -1.99254 0.019899
982000 0.842468 -2.0424 0.0231737
983000 0.824342 -1.99122 0.0158704
984000 0.857522 -2.04334 0.0209813
985000 0.863627 -1.86074 0.0188096
986000 0.860513 -1.83954 0.0168681
987000 0.858779 -2.26744 0.0156885
988000 0.85411 -2.01254 0.0150989
989000 0.873282 -1.85711 0.0173867
990000 0.82742 -1.98753 0.0190942
991000 0.857916 -1.91297 0.0163339
992000 0.838144 -1.75386 0.0155741
993000 0.840752 -1.77757 0.0224306
994000 0.85389 -1.59617 0.0194234
995000 0.852063 -1.81007 0.020581
996000 0.847586 -1.87773 0.0153723
997000 0.859014 -1.79314 0.0233217
998000 0.837652 -1.71705 0.0204531
999000 0.86829 -1.6732 0.0197736
1000000 0.854738 -1.8145 0.018351
1001000 0.854812 -1.89832 0.0243692
1002000 0.841058 -1.64555 0.0186591
1003000 0.884115 -1.47468 0.0287734
1004000 0.854448 -1.51014 0.0244047
1005000 0.850602 -1.91168 0.0216774
1006000 0.827572 -1.92254 0.0134854
1007000 0.836326 -1.88713 0.0225238
1008000 0.84534 -2.1904 0.0176472
1009000 0.831576 -1.90369 0.0175544
1010000 0.866059 -1.74928 0.0212577
1011000 0.836482 -1.66878 0.0217678
1012000 0.851202 -1.83454 0.0194372
1013000 0.859471 -1.90405 0.0156396
1014000 0.855168 -1.93703 0.0203633
1015000 0.825104 -2.03485 0.0190164
1016000 0.832686 -2.0904 0.0144942
1017000 0.842204 -2.08655 0.0147624
1018000 0.843921 -1.92608 0.0202998
1019000 0.850765 -1.82181 0.0249574
1020000 0.863802 -1.68432 0.0215693
1021000 0.843486 -1.64458 0.0207099
1022000 0.853374 -1.62057 0.0220822
1023000 0.860298 -1.71123 0.0246524
1024000 0.851324 -1.59803 0.0168172
1025000 0.844809 -1.36549 0.0262749
1026000 0.863513 -1.46504 0.0276836
1027000 0.862381 -1.52998 0.028295
1028000 0.848135 -1.68548 0.0196487
1029000 0.839474 -1.77889 0.0239156
1030000 0.846349 -1.96806 0.0124268
1031000 0.866337 -2.15837 0.0214548
1032000 0.869155 -2.02176 0.0281451
1033000 0.843567 -1.88431 0.0209038
1034000 0.851077 -1.8827 0.0201132
1035000 0.853192 -1.95826 0.0160626
1036000 0.880935 -1.80779 0.0239333
1037000 0.82971 -2.07977 0.0161765
1038000 0.827477 -2.04925 0.0159721
1039000 0.852758 -2.0861 0.0170986
1040000 0.851946 -1.7743 0.0158235
1041000 0.833343 -1.67755 0.0214651
1042000 0.817803 -1.8135 0.0239222
1043000 0.862001 -1.72778 0.0266976
1044000 0.842708 -1.8372 0.0227224
1045000 0.851126 -1.66547 0.0181205
1046000 0.849533 -1.72927 0.0162724
1047000 0.835576 -1.67364 0.0243855
1048000 0.839267 -1.75554 0.016975
1049000 0.841211 -1.91161 0.0204586
1050000 0.858802 -1.79433 0.0284746
1051000 0.82554 -1.7692 0.0235401
1052000 0.845555 -1.77164 0.0265576
1053000 0.832708 -1.51603 0.0186911
1054000 0.850179 -1.80446 0.0169512
1055000 0.860501 -2.09775 0.0123335
1056000 0.842404 -2.0059 0.0167086
1057000 0.857879 -1.84073 0.0210237
1058000 0.825076 -1.9485 0.0156722
1059000 0.836185 -1.58747 0.0191651
1060000 0.870682 -1.58489 0.0268414
1061000 0.86165 -1.5158 0.0253142
1062000 0.866488 -1.66486 0.0196001
1063000 0.852431 -2.00069 0.012169
1064000 0.849686 -2.06902 0.0207262
1065000 0.842704 -2.10938 0.0170313
1066000 0.87166 -1.93702 0.0228681
1067000 0.843837 -1.99085 0.0177969
1068000 0.83688 -1.86774 0.0208686
1069000 0.852342 -1.62397 0.0217625
1070000 0.847726 -1.56837 0.0258919
1071000 0.868996 -1.72862 0.0280627
1072000 0.858773 -1.70997 0.0214791
1073000 0.867079 -1.88314 0.0283193
1074000 0.842609 -1.89101 0.024815
1075000 0.839834 -1.79006 0.017607
1076000 0.834485 -1.81055 0.0203004
1077000 0.849058 -1.64608 0.0177114
1078000 0.853811 -1.95324 0.0203113
1079000 0.844345 -1.83591 0.0240409
1080000 0.849182 -1.69119 0.0222322
1081000 0.85346 -1.8394 0.0185508
1082000 0.825864 -1.78905 0.020889
1083000 0.856136 -1.74288 0.025291
1084000 0.824285 -1.59552 0.0289998
1085000 0.838184 -1.67054 0.0232477
1086000 0.858209 -1.75222 0.0194092
1087000 0.870085 -1.59426 0.0312855
1088000 0.846089 -1.68801 0.021763
1089000 0.84834 -1.69535 0.0245896
1090000 0.84926 -1.67376 0.0291289
1091000 0.861002 -1.62521 0.0228324
1092000 0.852732 -1.70001 0.014563
1093000 0.859723 -1.91447 0.0194904
1094000 0.864181 -1.97719 0.015436
1095000 0.871652 -1.85456 0.0233368
1096000 0.860585 -1.55819 0.0307627
1097000 0.862445 -1.65418 0.0229805
1098000 0.871568 -1.76611 0.0230462
1099000 0.859142 -1.60473 0.0271935
1100000 0.852557 -1.62864 0.0257557
