# Time-averaged data for fix 2
# TimeStep v_Temperature v_PotentialEnergy v_Pressure
1000 1.31172 -0.00933301 0.00129321
2000 1.29654 -0.00608723 0.00128113
3000 1.34069 -0.00286121 0.00132414
4000 1.33496 -0.00700337 0.00132337
5000 1.28896 -0.00501617 0.00127583
6000 1.29615 -0.0068508 0.0012895
7000 1.32112 -0.0089119 0.00130273
8000 1.30571 -0.0158757 0.00127966
9000 1.26905 -0.016323 0.00124336
10000 1.27526 -0.0152652 0.00125256
11000 1.35426 -0.0123246 0.00133409
12000 1.3014 -0.0160503 0.00128281
13000 1.32316 -0.0139222 0.0013019
14000 1.31678 -0.015285 0.00129852
15000 1.27472 -0.0138611 0.00125213
16000 1.3242 -0.0124109 0.00130666
17000 1.3196 -0.0139086 0.00130312
18000 1.24782 -0.0178442 0.00123472
19000 1.32186 -0.0127093 0.0013005
20000 1.30196 -0.0114533 0.001283
21000 1.24625 -0.0111309 0.0012272
22000 1.29557 -0.0114174 0.0012767
23000 1.28138 -0.0154338 0.0012587
24000 1.26443 -0.0173718 0.00124373
25000 1.33626 -0.0144088 0.00131655
26000 1.31355 -0.0127883 0.00129635
27000 1.28827 -0.0119304 0.00127403
28000 1.29021 -0.016759 0.0012658
29000 1.29662 -0.0122132 0.00127835
30000 1.31186 -0.0151872 0.00129389
31000 1.31503 -0.0139652 0.00129153
32000 1.31989 -0.0141649 0.00129675
33000 1.2961 -0.0108846 0.00127589
34000 1.27772 -0.0147381 0.00125639
35000 1.30017 -0.0125236 0.00127965
36000 1.2668 -0.0102371 0.00124752
37000 1.26244 -0.00995763 0.00124151
38000 1.3426 -0.00554229 0.00133018
39000 1.30761 -0.00668168 0.00129014
40000 1.28654 -0.00679958 0.00127419
41000 1.3279 -0.00875264 0.0013102
42000 1.3404 -0.0022346 0.00132269
43000 1.31369 -0.00540318 0.00130162
44000 1.30701 -0.00656905 0.00128773
45000 1.32482 -0.00601995 0.00130932
46000 1.30379 -0.00653264 0.00128246
47000 1.27868 -0.00302718 0.00126166
48000 1.28783 -0.00536723 0.00126892
49000 1.31794 -0.0129119 0.00129497
50000 1.31798 -0.0109562 0.00129758
51000 1.30311 -0.0137806 0.00128058
52000 1.27168 -0.00452399 0.00125805
53000 1.32788 -0.00633558 0.0013071
54000 1.34821 -0.00660701 0.00132947
55000 1.28863 -0.00570175 0.00127289
56000 1.28102 -0.00538565 0.00126332
57000 1.30127 -0.00625073 0.00128413
58000 1.30102 -0.00979692 0.00127885
59000 1.32482 -0.00574694 0.00131119
60000 1.26664 -0.00390198 0.00125082
61000 1.31286 -0.00521649 0.00129556
62000 1.3042 -0.00864003 0.00128714
63000 1.29788 -0.00887383 0.00127692
64000 1.31066 -0.00644344 0.00129187
65000 1.30073 -0.00889978 0.00128513
66000 1.28709 -0.0043159 0.00127946
67000 1.3068 -0.0039793 0.00129086
68000 1.29274 -0.00924129 0.00127433
69000 1.27845 -0.00920134 0.00126204
70000 1.29524 -0.00557696 0.00127985
71000 1.31659 -0.00504935 0.00130287
72000 1.26065 -0.00625841 0.00124312
73000 1.33065 -0.00618302 0.00131465
74000 1.35101 -0.0109656 0.00132598
75000 1.3025 -0.00985812 0.00128794
76000 1.27585 -0.0040193 0.00126232
77000 1.25627 -0.00715362 0.00124142
78000 1.34655 -0.0028493 0.00133596
79000 1.26045 -0.00512914 0.00124773
80000 1.30008 -0.00792268 0.00127847
81000 1.31573 -0.0100903 0.00129562
82000 1.26176 -0.00495366 0.00124557
83000 1.28215 -0.00589719 0.00126548
84000 1.32413 -0.00659817 0.0013047
85000 1.27764 -0.00905067 0.00125511
86000 1.24056 -0.0054172 0.0012244
87000 1.31992 -0.00353692 0.0013103
88000 1.31802 -0.00485196 0.00130382
89000 1.28527 -0.0109163 0.00126385
90000 1.32072 -0.00385976 0.00130708
91000 1.32013 -0.00754806 0.00130413
92000 1.29028 -0.0036543 0.00127327
93000 1.29126 -0.00606627 0.00127851
94000 1.32051 -0.0129249 0.0013001
95000 1.26559 -0.010414 0.00125153
96000 1.32555 -0.00320823 0.00130991
97000 1.31817 -0.0053314 0.00129896
98000 1.24414 -0.00619002 0.00122646
99000 1.35347 -0.00336708 0.00133479
100000 1.28477 -0.00588242 0.00127216
101000 1.29111 -0.00305147 0.00127676
102000 1.31146 -0.00641753 0.00129161
103000 1.26527 -0.00455797 0.00125314
104000 1.32891 -0.00483887 0.00131418
105000 1.29873 -0.00337858 0.00128155
106000 1.2685 -0.00705444 0.00125166
107000 1.34762 -0.00377262 0.00133339
108000 1.32826 -0.00552881 0.00131352
109000 1.25089 -0.00645368 0.0012316
110000 1.33601 -0.00593831 0.00131907
111000 1.26641 -0.00652114 0.00125712
112000 1.35965 -0.00457962 0.00134812
113000 1.32375 -0.00524914 0.00130575
114000 1.25514 -0.00684506 0.00123628
115000 1.3159 -0.0052783 0.00129887
116000 1.28247 -0.00514905 0.00126479
117000 1.32568 -0.00924694 0.0013085
118000 1.28216 -0.00533207 0.00126445
119000 1.28555 -0.0106601 0.00126159
120000 1.29678 -0.00568944 0.00128295
121000 1.29492 -0.00609907 0.00128011
122000 1.2927 -0.00736316 0.00128103
123000 1.30265 -0.0058306 0.00128341
124000 1.28892 -0.00339264 0.00127458
125000 1.28592 -0.0039492 0.00127991
126000 1.3025 -0.00595643 0.0012897
127000 1.29048 -0.00228182 0.00127459
128000 1.34424 -0.00591394 0.00132867
129000 1.28379 -0.00481973 0.0012679
130000 1.28429 -0.00495389 0.00127331
131000 1.31862 -0.00222432 0.00130593
132000 1.29839 -0.00104795 0.00128336
133000 1.30511 -0.00352352 0.00129275
134000 1.30424 -0.00764168 0.00130178
135000 1.27851 -0.0047866 0.00126268
136000 1.31802 -0.00428394 0.00130085
137000 1.3113 -0.00724996 0.00129671
138000 1.30013 -0.00501037 0.00128956
139000 1.28153 -0.00433503 0.0012644
140000 1.2842 -0.005189 0.0012738
141000 1.30406 -0.00482718 0.00128916
142000 1.33648 -0.00571674 0.00131921
143000 1.28083 -0.0071096 0.00126473
144000 1.29696 -0.00692425 0.00127898
145000 1.29983 -0.0154418 0.00128004
146000 1.31603 -0.0126683 0.00129349
147000 1.32338 -0.00691556 0.00130767
148000 1.28856 -0.00902551 0.00127098
149000 1.28596 -0.00803152 0.00126858
150000 1.29382 -0.00427787 0.00128187
151000 1.30285 -0.00546189 0.00128722
152000 1.31681 -0.00241167 0.00130172
153000 1.31322 -0.0138012 0.0012909
154000 1.26568 -0.0109557 0.00124233
155000 1.32943 -0.0103229 0.00131088
156000 1.32763 -0.0088107 0.00130822
157000 1.2965 -0.00722932 0.00127599
158000 1.30697 -0.0100246 0.00128764
159000 1.28846 -0.0108998 0.0012771
160000 1.3363 -0.00772382 0.00131653
161000 1.34999 -0.00815886 0.00133435
162000 1.31548 -0.00506506 0.00130442
163000 1.29962 -0.00814957 0.00128052
164000 1.33203 -0.00972709 0.00131768
165000 1.31282 -0.0106595 0.0012901
166000 1.31357 -0.0121158 0.00129206
167000 1.31117 -0.00920967 0.00128936
168000 1.2898 -0.00630388 0.00127699
169000 1.31638 -0.00819241 0.00129398
170000 1.29326 -0.00835663 0.00127783
171000 1.358 -0.00455281 0.00134371
172000 1.31871 -0.00758466 0.00129986
173000 1.29851 -0.0071356 0.00128168
174000 1.33325 -0.00387054 0.00131633
175000 1.33392 -0.00857011 0.001325
176000 1.27726 -0.00816598 0.00125844
177000 1.30564 -0.00543296 0.00128702
178000 1.32876 -0.0059815 0.00131325
179000 1.25465 -0.00812008 0.00123598
180000 1.35005 -0.00656831 0.00134086
181000 1.27091 -0.00231217 0.00125991
182000 1.27683 -0.00628959 0.00126191
183000 1.33377 -0.00905027 0.0013093
184000 1.29118 -0.0111743 0.0012699
185000 1.29517 -0.00930935 0.00127592
186000 1.2783 -0.0104783 0.00125858
187000 1.32897 -0.00255909 0.00131522
188000 1.25184 -0.00464345 0.00123714
189000 1.34967 -0.00642907 0.00133158
190000 1.26104 -0.00613622 0.00124324
191000 1.33054 -0.00530571 0.00131157
192000 1.31834 -0.00362791 0.00130426
193000 1.24819 -0.0065033 0.00123335
194000 1.34218 -0.00597439 0.00132196
195000 1.34169 -0.0097182 0.00132591
196000 1.29645 -0.00779055 0.0012713
197000 1.27649 -0.00327699 0.00126411
198000 1.32888 -0.00607974 0.00130637
199000 1.29268 -0.0108085 0.00126625
200000 1.30483 -0.00992658 0.00128415
201000 1.31079 -0.0140293 0.00129164
202000 1.30878 -0.0177808 0.00128669
203000 1.30014 -0.0110904 0.0012785
204000 1.31618 -0.0176466 0.00129875
205000 1.29076 -0.0122588 0.00127144
206000 1.28677 -0.00774068 0.0012722
207000 1.29977 -0.00499985 0.00129032
208000 1.27923 -0.00677603 0.00126538
209000 1.31492 -0.0054887 0.00129764
210000 1.31923 -0.00680832 0.00130196
211000 1.31938 -0.00345491 0.00130497
212000 1.25754 -0.00261737 0.00124754
213000 1.34454 -0.00806542 0.00132733
214000 1.25747 -0.00337769 0.00124307
215000 1.32997 -0.00166454 0.00131351
216000 1.28634 -0.00327132 0.00126974
217000 1.33698 -0.00665073 0.00132179
218000 1.31342 -0.00799123 0.00129674
219000 1.32724 -0.00543342 0.00131062
220000 1.30124 -0.00481684 0.00128725
221000 1.32206 -0.00670538 0.00130443
222000 1.27145 -0.00857649 0.00124807
223000 1.34705 -0.00567506 0.00132814
224000 1.26439 -0.00554172 0.0012491
225000 1.299 -0.00781381 0.00128248
226000 1.318 -0.00474647 0.00131072
227000 1.28954 -0.00604455 0.00127875
228000 1.2936 -0.00463423 0.00127422
229000 1.32017 -0.00414231 0.00130608
230000 1.32147 -0.00909384 0.00130036
231000 1.33628 -0.00958147 0.00131595
232000 1.31327 -0.0108079 0.00129528
233000 1.23183 -0.0111686 0.00121425
234000 1.31412 -0.0164531 0.00128635
235000 1.33668 -0.0123133 0.00131416
236000 1.27922 -0.0128249 0.00125704
237000 1.32244 -0.0111225 0.00130666
238000 1.26434 -0.0114906 0.00124679
239000 1.30288 -0.0117701 0.00128131
240000 1.33018 -0.00848142 0.00131202
241000 1.25282 -0.00779724 0.00123754
242000 1.31612 -0.00476933 0.00129883
243000 1.2984 -0.0124407 0.00127326
244000 1.24254 -0.00616266 0.00122655
245000 1.34084 -0.0063037 0.0013218
246000 1.2873 -0.00670777 0.00126739
247000 1.29216 -0.00972543 0.00127706
248000 1.28834 -0.0043489 0.00127033
249000 1.28983 -0.00870731 0.00127462
250000 1.31593 -0.00373059 0.00130571
251000 1.27628 -0.00449538 0.00126516
252000 1.28413 -0.00597203 0.00126296
253000 1.33422 -0.00621425 0.00132385
254000 1.26418 -0.0061562 0.00124499
255000 1.34867 -0.00562451 0.00133329
256000 1.30484 -0.00551045 0.00128783
257000 1.30216 -0.0108772 0.00128535
258000 1.27832 -0.00662602 0.0012607
259000 1.28011 -0.00150865 0.00126443
260000 1.30288 -0.00663728 0.00128374
261000 1.32653 -0.00886858 0.00130348
262000 1.29696 -0.00454218 0.00128303
263000 1.29783 -0.00627157 0.00127507
264000 1.28694 -0.00220404 0.00127201
265000 1.27916 -0.00974745 0.00126014
266000 1.3035 -0.00591427 0.00128478
267000 1.28046 -0.00690013 0.00126395
268000 1.27813 -0.00688211 0.00126245
269000 1.30854 -0.00523063 0.00129982
270000 1.30574 -0.00645466 0.00129139
271000 1.31722 -0.00516313 0.00130097
272000 1.31841 -0.00901324 0.00129582
273000 1.25878 -0.00609204 0.00124046
274000 1.34432 -0.00512568 0.00133116
275000 1.28885 -0.00545893 0.00127094
276000 1.31063 -0.0084742 0.00129691
277000 1.32066 -0.00976775 0.00130482
278000 1.32741 -0.00465501 0.00131258
279000 1.33555 -0.0048846 0.00132443
280000 1.27021 -0.00361656 0.00125909
281000 1.29714 -0.00411596 0.00128398
282000 1.2869 -0.00378864 0.00127315
283000 1.33189 -0.00704389 0.00131716
284000 1.27604 -0.00528863 0.00126222
285000 1.3023 -0.00700108 0.00128491
286000 1.30979 -0.006657 0.00129228
287000 1.30772 -0.00255919 0.0012921
288000 1.28861 -0.00414473 0.00127515
289000 1.34929 -0.00601876 0.00133318
290000 1.28933 -0.00422845 0.00127606
291000 1.29206 -0.00870791 0.00128471
292000 1.32835 -0.0076749 0.0013171
293000 1.26303 -0.00474035 0.00125016
294000 1.2921 -0.00624226 0.00127823
295000 1.28482 -0.00498838 0.00126989
296000 1.27444 -0.00554622 0.00125738
297000 1.34965 -0.00480271 0.0013372
298000 1.28301 -0.00677051 0.00126809
299000 1.27729 -0.00865876 0.00125658
300000 1.29023 -0.00837413 0.00128223
301000 1.32452 -0.00187539 0.0013078
302000 1.26151 -0.00871389 0.00124635
303000 1.29255 -0.00896298 0.00127381
304000 1.32195 -0.0112882 0.00129998
305000 1.3287 -0.00632067 0.00130887
306000 1.26524 -0.00511713 0.0012503
307000 1.34239 -0.00652015 0.00132724
308000 1.25225 -0.00625597 0.00123776
309000 1.30884 -0.0070056 0.00129141
310000 1.32519 -0.00543241 0.00130805
311000 1.26714 -0.0120956 0.00124592
312000 1.29938 -0.00597214 0.00128071
313000 1.32257 -0.00202563 0.00131063
314000 1.29315 -0.00468144 0.00127879
315000 1.31156 -0.00193297 0.00129651
316000 1.28502 -0.00202864 0.00127257
317000 1.3097 -0.00957949 0.0012886
318000 1.28798 -0.00693105 0.0012707
319000 1.29724 -0.00495319 0.00128211
320000 1.32674 -0.00447006 0.00131247
321000 1.25995 -0.00673965 0.00124667
322000 1.31638 -0.00524495 0.00130619
323000 1.32026 -0.00493876 0.00130694
324000 1.30134 -0.0105451 0.00128669
325000 1.34744 -0.00477445 0.00133161
326000 1.2764 -0.00209948 0.00126102
327000 1.2998 -0.00593286 0.00128073
328000 1.29775 -0.00644836 0.00127681
329000 1.2751 -0.0101528 0.00125971
330000 1.28087 -0.00280935 0.00126606
331000 1.30194 -0.0102412 0.00128334
332000 1.34603 -0.00579774 0.00132996
333000 1.25843 -0.00305636 0.00124376
334000 1.29248 -0.00249957 0.00127621
335000 1.32208 -0.00454656 0.00130499
336000 1.28623 -0.00386236 0.00126857
337000 1.31671 -0.00678617 0.00129935
338000 1.2783 -0.00773673 0.00126334
339000 1.28208 -0.00395929 0.0012657
340000 1.30031 -0.0097348 0.0012796
341000 1.33199 -0.00493997 0.0013146
342000 1.25677 -0.00422697 0.0012458
343000 1.3414 -0.00465595 0.00132512
344000 1.28378 -0.012038 0.00126793
345000 1.31749 -0.0128158 0.00129335
346000 1.3242 -0.0118286 0.00130093
347000 1.27599 -0.0146275 0.00125133
348000 1.29423 -0.0124253 0.00127434
349000 1.34794 -0.00400305 0.00133363
350000 1.26747 -0.0036402 0.00125034
351000 1.28937 -0.00450119 0.00127383
352000 1.29877 -0.00766014 0.00128445
353000 1.27579 -0.00418705 0.00125964
354000 1.26114 -0.00689419 0.00124731
355000 1.3028 -0.00770486 0.00128823
356000 1.27951 -0.00389265 0.00126167
357000 1.3313 -0.00294329 0.00131458
358000 1.29833 -0.00702936 0.00127802
359000 1.27663 -0.00592059 0.00126168
360000 1.31701 -0.00191744 0.00130489
361000 1.32242 -0.0108321 0.00129621
362000 1.31471 -0.00669389 0.001296
363000 1.30999 -0.00398424 0.00129382
364000 1.32095 -0.00704374 0.00130461
365000 1.28021 -0.00515596 0.00126733
366000 1.28148 -0.00522426 0.00126685
367000 1.31489 -0.00324626 0.00130163
368000 1.32487 -0.00447587 0.00130709
369000 1.31446 -0.00475439 0.00129814
370000 1.28832 -0.00570516 0.0012711
371000 1.28323 -0.00445494 0.00126744
372000 1.28923 -0.00841752 0.00127139
373000 1.30234 -0.010676 0.00127911
374000 1.3255 -0.00767341 0.00131022
375000 1.32187 -0.0043001 0.00130466
376000 1.29438 -0.00747489 0.00127827
377000 1.29274 -0.006764 0.00127546
378000 1.3306 -0.006616 0.00131408
379000 1.28953 -0.00690187 0.00127578
380000 1.27424 -0.00412968 0.00125898
381000 1.32741 -0.00682514 0.00131878
382000 1.35009 -0.00694115 0.00132879
383000 1.30104 -0.00392444 0.00128868
384000 1.30665 -0.00175745 0.00129286
385000 1.32399 -0.00909159 0.0013065
386000 1.34328 -0.00643829 0.00132518
387000 1.2666 -0.00399631 0.00125253
388000 1.32749 -0.00627755 0.00131666
389000 1.3183 -0.00289799 0.00130133
390000 1.30236 -0.00382774 0.00128626
391000 1.28472 -0.00458333 0.00126594
392000 1.28968 -0.00515899 0.0012743
393000 1.26455 -0.0109008 0.00123851
394000 1.34193 -0.00933531 0.00131801
395000 1.29413 -0.00263506 0.00128222
396000 1.31557 -0.00288933 0.00130164
397000 1.32252 -0.00563978 0.00130984
398000 1.29602 -0.00406723 0.00127539
399000 1.27068 -0.00423153 0.00125296
400000 1.32508 -0.00598825 0.00130771
401000 1.30709 -0.00580992 0.00128648
402000 1.31412 -0.00958418 0.00129708
403000 1.32491 -0.00576872 0.00130634
404000 1.31134 -0.00284624 0.00129367
405000 1.2972 -0.00405272 0.00128126
406000 1.28754 -0.00908387 0.00127681
407000 1.34215 -0.00468401 0.00132518
408000 1.3201 -0.00560925 0.00130474
409000 1.26164 -0.0109666 0.00124016
410000 1.32056 -0.00633225 0.00130414
411000 1.30755 -0.00663584 0.00129181
412000 1.26251 -0.00372534 0.00124674
413000 1.24845 -0.00550978 0.00123382
414000 1.27721 -0.00957752 0.00125851
415000 1.30223 -0.00677952 0.0012867
416000 1.26625 -0.00430565 0.00125903
417000 1.25484 -0.00462922 0.00124032
418000 1.31239 -0.00192758 0.00129626
419000 1.32472 -0.00450874 0.00130961
420000 1.34048 -0.00718069 0.00132512
421000 1.27794 -0.00325191 0.00125977
422000 1.30962 -0.0036758 0.00129267
423000 1.3288 -0.0059712 0.00130945
424000 1.2936 -0.00393919 0.00127848
425000 1.32013 -0.00217842 0.0013045
426000 1.30252 -0.00608246 0.00128533
427000 1.28712 -0.00656279 0.00126842
428000 1.32842 -0.00855605 0.00130525
429000 1.31141 -0.00796465 0.00129092
430000 1.29761 -0.00768407 0.00127608
431000 1.31577 -0.00528999 0.00129821
432000 1.25618 -0.00512944 0.00123895
433000 1.30306 -0.00702411 0.00128432
434000 1.26549 -0.00854148 0.00124644
435000 1.33519 -0.00422392 0.00132401
436000 1.32131 -0.00657506 0.00130784
437000 1.30252 -0.00751395 0.00128556
438000 1.29552 -0.00506164 0.0012785
439000 1.28213 -0.0054099 0.0012714
440000 1.279 -0.00836868 0.00126327
441000 1.33634 -0.00567605 0.00131789
442000 1.2767 -0.00598663 0.00126374
443000 1.29903 -0.00389229 0.00128932
444000 1.2838 -0.00744387 0.00126786
445000 1.282 -0.0058642 0.00126478
446000 1.2866 -0.0100698 0.00127386
447000 1.28125 -0.00517504 0.00126098
448000 1.29194 -0.0108422 0.00127067
449000 1.30785 -0.00722869 0.00128738
450000 1.28822 -0.00304988 0.00127423
451000 1.30154 -0.00575833 0.00129058
452000 1.30263 -0.0102713 0.00128448
453000 1.27614 -0.00612748 0.00125636
454000 1.32545 -0.00703676 0.00130533
455000 1.28335 -0.00145299 0.00126959
456000 1.32427 -0.00627198 0.00130808
457000 1.32121 -0.00822032 0.00130533
458000 1.25659 -0.00754057 0.0012428
459000 1.32875 -0.00675966 0.00131212
460000 1.31543 -0.00561455 0.00129779
461000 1.26854 -0.00817193 0.00124813
462000 1.30733 -0.00609594 0.00129097
463000 1.2778 -0.00527148 0.00126289
464000 1.29663 -0.00796371 0.00128073
465000 1.33401 -0.00402693 0.0013202
466000 1.2849 -0.00377535 0.00126871
467000 1.23633 -0.00565959 0.00121832
468000 1.33947 -0.00652944 0.00132578
469000 1.26129 -0.00627252 0.00124248
470000 1.35723 -0.00621834 0.00134113
471000 1.283 -0.00418264 0.00126459
472000 1.30541 -0.00743523 0.00128722
473000 1.32404 -0.00952373 0.00130897
474000 1.31689 -0.00422686 0.00130132
475000 1.27027 -0.00354987 0.00126155
476000 1.25673 -0.00544519 0.00123949
477000 1.3435 -0.00916963 0.00132845
478000 1.26271 -0.00526231 0.00125102
479000 1.35551 -0.00412453 0.00133931
480000 1.28136 -0.00769463 0.00126292
481000 1.29551 -0.00744147 0.00127658
482000 1.33856 -0.0127475 0.00131983
483000 1.29564 -0.0101068 0.00127515
484000 1.33853 -0.00784541 0.00132126
485000 1.24548 -0.00473634 0.00122913
486000 1.33009 -0.00505245 0.00131423
487000 1.30506 -0.00229928 0.00129089
488000 1.26318 -0.00624633 0.00124799
489000 1.33306 -0.00628807 0.0013178
490000 1.30048 -0.00546781 0.00128299
491000 1.26224 -0.0061536 0.00124745
492000 1.31952 -0.00683488 0.00129611
493000 1.33386 -0.00741363 0.00131331
494000 1.29146 -0.00515727 0.00127321
495000 1.32234 -0.00873585 0.00130377
496000 1.35738 -0.0038029 0.00134407
497000 1.30685 -0.00434935 0.00129563
498000 1.31108 -0.00617661 0.00129773
499000 1.32386 -0.00773913 0.00130285
500000 1.29255 -0.0068259 0.00128346
501000 1.2876 -0.0099192 0.00126501
502000 1.28654 -0.00934477 0.00126799
503000 1.26227 -0.00973038 0.00124359
504000 1.33708 -0.00513812 0.00131993
505000 1.30405 -0.00461027 0.00128809
506000 1.27459 -0.0116656 0.00125328
507000 1.32439 -0.00508945 0.00130986
508000 1.29158 -0.00657625 0.00127979
509000 1.29465 -0.00609505 0.00127768
510000 1.2769 -0.00846097 0.00125977
511000 1.29309 -0.00482089 0.00127731
512000 1.26653 -0.00824261 0.00124878
513000 1.32878 -0.00875882 0.00131174
514000 1.33153 -0.0066908 0.00131185
515000 1.26019 -0.00635356 0.00124435
516000 1.32404 -0.00556894 0.00131111
517000 1.28521 -0.00210079 0.0012685
518000 1.26951 -0.00445923 0.00125557
519000 1.35176 -0.00229366 0.00133416
520000 1.3218 -0.00450905 0.00130573
521000 1.27583 -0.0104567 0.00125588
522000 1.30208 -0.00785425 0.0012836
523000 1.33285 -0.0129019 0.00131405
524000 1.25165 -0.0124709 0.00123544
525000 1.33007 -0.00628525 0.00131215
526000 1.24696 -0.00654043 0.00122773
527000 1.3417 -0.00556543 0.00132742
528000 1.32807 -0.00232248 0.0013107
529000 1.27822 -0.00591068 0.0012635
530000 1.29676 -0.00463924 0.00128257
531000 1.33395 -0.00392643 0.00131633
532000 1.28215 -0.00423709 0.00126924
533000 1.30044 -0.00357731 0.00128443
534000 1.31998 -0.0088811 0.0012981
535000 1.29 -0.0166615 0.00126344
536000 1.31383 -0.0106473 0.00129699
537000 1.28483 -0.0063155 0.00126634
538000 1.28063 -0.00873747 0.00126486
539000 1.29605 -0.00184367 0.00128116
540000 1.326 -0.00886862 0.00130575
541000 1.30459 -0.0121866 0.00128701
542000 1.29764 -0.013287 0.00127759
543000 1.3201 -0.0140716 0.00129518
544000 1.29855 -0.0137227 0.00127738
545000 1.27893 -0.0158004 0.00125454
546000 1.32433 -0.0154737 0.00130092
547000 1.27821 -0.0168218 0.00125437
548000 1.30631 -0.0158373 0.00128276
549000 1.2791 -0.00666412 0.00126577
550000 1.27041 -0.00416671 0.00125961
551000 1.33352 -0.00445197 0.00131641
552000 1.29747 -0.00645302 0.00127954
553000 1.27823 -0.0035135 0.00126412
554000 1.32091 -0.00590615 0.0013026
555000 1.27435 -0.00349179 0.00126306
556000 1.31288 -0.00574385 0.0012915
557000 1.26998 -0.00553103 0.00125316
558000 1.33234 -0.00399312 0.00131517
559000 1.3397 -0.00596363 0.00132316
560000 1.28699 -0.00764693 0.00126495
561000 1.29977 -0.012879 0.00127695
562000 1.31307 -0.00784955 0.00129782
563000 1.26201 -0.00405956 0.00124347
564000 1.34184 -0.00674557 0.00132839
565000 1.27546 -0.00539827 0.00125961
566000 1.25686 -0.00938049 0.0012405
567000 1.31192 -0.0057406 0.00129502
568000 1.33538 -0.0064272 0.001319
569000 1.24538 -0.00518947 0.00122922
570000 1.33003 -0.00833682 0.00131128
571000 1.30603 -0.00305505 0.00129036
572000 1.28305 -0.0120985 0.00126724
573000 1.2914 -0.00762786 0.00127245
574000 1.32783 -0.00411704 0.00131221
575000 1.34647 -0.00326089 0.00133338
576000 1.28115 -0.00302642 0.0012644
577000 1.31062 -0.00247318 0.00129748
578000 1.26075 -0.00536659 0.00124644
579000 1.33242 -0.00608045 0.00131315
580000 1.31943 -0.00408841 0.00130252
581000 1.32299 -0.00528318 0.00130648
582000 1.32389 -0.0034478 0.00131116
583000 1.29547 -0.00866453 0.00127505
584000 1.26742 -0.00676846 0.00124884
585000 1.31282 -0.00394748 0.0012983
586000 1.27107 -0.00263306 0.00125514
587000 1.24693 -0.0083352 0.00122644
588000 1.27528 -0.00854919 0.00125988
589000 1.32059 -0.00712171 0.00130969
590000 1.26599 -0.00783193 0.00124822
591000 1.24441 -0.00779061 0.00123037
592000 1.34259 -0.00587369 0.00132232
593000 1.30181 -0.00727329 0.00128636
594000 1.27479 -0.00396719 0.00125778
595000 1.31986 -0.00970888 0.00129852
596000 1.30313 -0.00385371 0.00128785
597000 1.28587 -0.00897145 0.00126869
598000 1.3268 -0.0077294 0.00131358
599000 1.27968 -0.0121936 0.00125611
600000 1.30385 -0.0053454 0.00128439
601000 1.28822 -0.00586367 0.00126662
602000 1.31728 -0.00137181 0.00130645
603000 1.29503 -0.00489645 0.00127756
604000 1.31208 -0.00441277 0.00130353
605000 1.25634 -0.00401659 0.00124388
606000 1.25966 -0.00310675 0.00124691
607000 1.33073 -0.00614166 0.00131399
608000 1.31897 -0.00793176 0.001302
609000 1.29012 -0.00615306 0.00127255
610000 1.29048 -0.0050608 0.00127413
611000 1.32778 -0.00747661 0.00131089
612000 1.31023 -0.00404004 0.00129348
613000 1.29808 -0.00162725 0.00128541
614000 1.28457 -0.0045 0.00126869
615000 1.30509 -0.0030625 0.00128641
616000 1.30758 -0.00300447 0.00129958
617000 1.31542 -0.00490564 0.00130139
618000 1.29479 -0.00361298 0.00127765
619000 1.3208 -0.00505471 0.00130575
620000 1.31309 -0.00723074 0.00129366
621000 1.25657 -0.0108239 0.00124
622000 1.33372 -0.00641159 0.00131258
623000 1.32826 -0.0101173 0.00130973
624000 1.30763 -0.0040721 0.00129314
625000 1.32746 -0.00526936 0.00131325
626000 1.27721 -0.00622196 0.00126404
627000 1.31145 -0.00830761 0.00129573
628000 1.32402 -0.00419012 0.00131391
629000 1.26103 -0.00411422 0.00125111
630000 1.2932 -0.00449169 0.00127805
631000 1.2855 -0.00532026 0.00126978
632000 1.29996 -0.00389294 0.00128282
633000 1.31178 -0.00838676 0.00129851
634000 1.29933 -0.00840799 0.00128039
635000 1.29483 -0.00651383 0.00127931
636000 1.34134 -0.0122822 0.00131518
637000 1.28041 -0.0115669 0.00126077
638000 1.28173 -0.00382653 0.00127197
639000 1.34719 -0.00685705 0.00132921
640000 1.25295 -0.00241576 0.00124097
641000 1.32639 -0.00669586 0.00131639
642000 1.3292 -0.00549376 0.00131551
643000 1.27564 -0.005313 0.0012603
644000 1.31856 -0.0042979 0.00131444
645000 1.30734 -0.00640003 0.0012938
646000 1.25998 -0.00349024 0.00124384
647000 1.34022 -0.00268837 0.00132318
648000 1.32298 -0.00491075 0.00130476
649000 1.28613 -0.00496998 0.00127117
650000 1.30751 -0.00763363 0.00128731
651000 1.28602 -0.00650536 0.00126554
652000 1.31504 -0.00706395 0.00129757
653000 1.28312 -0.00787404 0.00126691
654000 1.33787 -0.00962847 0.00132127
655000 1.31455 -0.00945772 0.00129643
656000 1.28976 -0.00532884 0.00127357
657000 1.2862 -0.0062884 0.00127133
658000 1.26496 -0.00514576 0.00124901
659000 1.31685 -0.00585126 0.00130129
660000 1.30149 -0.0034009 0.00128304
661000 1.26215 -0.0134857 0.00124202
662000 1.3173 -0.00462868 0.00130388
663000 1.31246 -0.00567627 0.00129612
664000 1.30553 -0.00987056 0.00129065
665000 1.31834 -0.00454452 0.00130182
666000 1.25025 -0.00364607 0.0012363
667000 1.26322 -0.00582323 0.00124378
668000 1.29542 -0.00264922 0.00128578
669000 1.28187 -0.00368982 0.00126561
670000 1.25767 -0.00607363 0.00123708
671000 1.29132 -0.00780362 0.0012773
672000 1.31113 -0.010364 0.00129035
673000 1.31175 -0.00830882 0.00129186
674000 1.28132 -0.00675601 0.0012614
675000 1.30992 -0.00489383 0.00129308
676000 1.29016 -0.00279271 0.00127418
677000 1.26215 -0.00632438 0.00124576
678000 1.32963 -0.00727816 0.00131278
679000 1.31689 -0.00518027 0.00130159
680000 1.25584 -0.00599322 0.00124654
681000 1.32701 -0.00742002 0.00130981
682000 1.28481 -0.0092219 0.0012655
683000 1.30852 -0.00240474 0.00129266
684000 1.3136 -0.00326153 0.00130119
685000 1.33117 -0.00325151 0.00131564
686000 1.30575 -0.00357724 0.00129348
687000 1.27763 -0.00382727 0.00126124
688000 1.33622 -0.00786045 0.00131752
689000 1.30157 -0.00691164 0.00127925
690000 1.33615 -0.00989655 0.00131723
691000 1.25521 -0.006849 0.00123972
692000 1.31792 -0.006596 0.0012987
693000 1.32214 -0.00571826 0.00130489
694000 1.32903 -0.00544253 0.00131102
695000 1.32576 -0.00612494 0.00131165
696000 1.29764 -0.0029619 0.00128261
697000 1.2708 -0.00170698 0.00125672
698000 1.3084 -0.00523872 0.00129662
699000 1.30604 -0.00314014 0.00129041
700000 1.30279 -0.00713824 0.00128977
701000 1.30673 -0.00613586 0.00129086
702000 1.32871 -0.00511109 0.00131033
703000 1.26342 -0.00578647 0.00124456
704000 1.31062 -0.00484797 0.00129106
705000 1.30753 -0.00596838 0.00129278
706000 1.27955 -0.00650145 0.00125977
707000 1.34452 -0.00714915 0.00132542
708000 1.28052 -0.0088574 0.001267
709000 1.28858 -0.00886995 0.00127096
710000 1.30914 -0.0120563 0.00128588
711000 1.29972 -0.00605516 0.00128118
712000 1.30738 -0.00393289 0.00129091
713000 1.3005 -0.00699728 0.00128359
714000 1.28988 -0.00643147 0.00127389
715000 1.30305 -0.0143589 0.00128247
716000 1.2654 -0.00988499 0.00124648
717000 1.26198 -0.00955003 0.00124963
718000 1.3273 -0.0109243 0.00130582
719000 1.2948 -0.0118069 0.00127525
720000 1.31527 -0.0177415 0.00128425
721000 1.30509 -0.0169884 0.00127533
722000 1.29236 -0.0162834 0.00126913
723000 1.2772 -0.013905 0.00125539
724000 1.28901 -0.00875179 0.00126445
725000 1.3117 -0.00823928 0.00129173
726000 1.30257 -0.00540973 0.00129103
727000 1.29599 -0.00806534 0.00128108
728000 1.33723 -0.00453513 0.00132115
729000 1.31592 -0.00471285 0.00130152
730000 1.27527 -0.00928364 0.00125763
731000 1.30395 -0.0088252 0.00128676
732000 1.31551 -0.0054235 0.00130156
733000 1.31296 -0.00792081 0.0013018
734000 1.28807 -0.0108112 0.00126794
735000 1.29983 -0.00645279 0.00127926
736000 1.31067 -0.00598368 0.0012906
737000 1.32844 -0.00432704 0.00131447
738000 1.30277 -0.00632262 0.00128926
739000 1.32373 -0.0058313 0.00130667
740000 1.33868 -0.00334235 0.00132079
741000 1.27962 -0.00702322 0.00126025
742000 1.30025 -0.0052914 0.00128258
743000 1.30844 -0.00436446 0.00129249
744000 1.28512 -0.00701303 0.00126672
745000 1.3025 -0.0048957 0.00128728
746000 1.32325 -0.00204587 0.00130865
747000 1.30288 -0.00891295 0.00128492
748000 1.31092 -0.00681597 0.00129119
749000 1.27691 -0.0044029 0.00125926
750000 1.32706 -0.00524322 0.00131557
751000 1.34829 -0.00661038 0.00132749
752000 1.25104 -0.0106989 0.00123279
753000 1.33445 -0.0137363 0.00130973
754000 1.25279 -0.00576583 0.00123809
755000 1.27243 -0.00596203 0.00125321
756000 1.32284 -0.00831354 0.00130583
757000 1.28591 -0.00509896 0.00126669
758000 1.30394 -0.00721765 0.00128821
759000 1.32019 -0.00410026 0.00130625
760000 1.31402 -0.00485773 0.00129636
761000 1.30985 -0.00232193 0.00129417
762000 1.3367 -0.00814546 0.00132296
763000 1.3441 -0.00736074 0.00133017
764000 1.29029 -0.00423388 0.00127602
765000 1.28293 -0.00277855 0.00126833
766000 1.31393 -0.00565834 0.00129895
767000 1.31288 -0.00735869 0.00129533
768000 1.25645 -0.00425072 0.00123766
769000 1.3339 -0.00406769 0.00131655
770000 1.31375 -0.00359299 0.00130079
771000 1.2882 -0.00379062 0.00127353
772000 1.2868 -0.00380129 0.00127511
773000 1.27815 -0.0049026 0.00126454
774000 1.32109 -0.00491201 0.00130759
775000 1.30998 -0.00561056 0.00129455
776000 1.28406 -0.00595772 0.00127222
777000 1.29677 -0.00617029 0.00128061
778000 1.26985 -0.00721421 0.00124894
779000 1.26758 -0.00772382 0.00125095
780000 1.29536 -0.00579468 0.00127971
781000 1.26994 -0.00400568 0.00125335
782000 1.26471 -0.0055089 0.0012481
783000 1.3466 -0.00727918 0.00132593
784000 1.27173 -0.00882939 0.00124825
785000 1.27319 -0.00475188 0.00125951
786000 1.28953 -0.00370127 0.00127439
787000 1.26768 -0.00491531 0.00125604
788000 1.25508 -0.007069 0.0012354
789000 1.31929 -0.00799884 0.00130042
790000 1.31264 -0.00791278 0.00129353
791000 1.27873 -0.00842065 0.00126132
792000 1.28975 -0.00325886 0.0012782
793000 1.31928 -0.00331819 0.00130989
794000 1.29699 -0.00650175 0.00128211
795000 1.29549 -0.00938991 0.00128213
796000 1.31692 -0.0157755 0.00130494
797000 1.28143 -0.0130072 0.00126429
798000 1.29424 -0.0150728 0.00127346
799000 1.32168 -0.0135878 0.00129955
800000 1.30985 -0.0179253 0.00128539
801000 1.28168 -0.0123363 0.00126393
802000 1.28878 -0.0147115 0.00127842
803000 1.32939 -0.00994305 0.00131743
804000 1.28693 -0.0121271 0.00126753
805000 1.33411 -0.0124243 0.00132033
806000 1.33135 -0.0141256 0.00131431
807000 1.30587 -0.0125976 0.00128984
808000 1.25031 -0.0119892 0.00123671
809000 1.31281 -0.0100373 0.00130112
810000 1.32858 -0.013509 0.00130745
811000 1.2801 -0.0127041 0.00126598
812000 1.284 -0.0130685 0.00126522
813000 1.31456 -0.0152217 0.0012954
814000 1.29259 -0.0101975 0.00127784
815000 1.28913 -0.0121092 0.00127147
816000 1.31405 -0.0137541 0.00129456
817000 1.29185 -0.00883673 0.00127419
818000 1.32416 -0.00379169 0.00130999
819000 1.31635 -0.00698683 0.00129759
820000 1.2927 -0.00340941 0.00127512
821000 1.2799 -0.00938838 0.00126283
822000 1.29189 -0.0114178 0.00126905
823000 1.32037 -0.0120149 0.00129965
824000 1.3087 -0.0159701 0.0012826
825000 1.29348 -0.0148875 0.00127729
826000 1.27636 -0.0149523 0.00125163
827000 1.28306 -0.0157531 0.00125963
828000 1.29999 -0.0150176 0.0012746
829000 1.335 -0.0174356 0.00130774
830000 1.30722 -0.020326 0.00128254
831000 1.32708 -0.0135545 0.00130497
832000 1.34167 -0.0132291 0.00132005
833000 1.2997 -0.0147145 0.0012748
834000 1.3151 -0.0148394 0.00129244
835000 1.31175 -0.0149109 0.00128658
836000 1.28968 -0.0192708 0.00126297
837000 1.30186 -0.0208968 0.00127577
838000 1.32203 -0.0179851 0.00129846
839000 1.26953 -0.0204322 0.00124592
840000 1.2754 -0.0169219 0.00125409
841000 1.30602 -0.0163417 0.00128229
842000 1.34459 -0.0202969 0.00131993
843000 1.27143 -0.0149918 0.00125284
844000 1.29487 -0.0123979 0.00127665
845000 1.3134 -0.0151565 0.00129248
846000 1.31072 -0.00837159 0.00129223
847000 1.28524 -0.00422389 0.00127252
848000 1.33515 -0.00713256 0.00132054
849000 1.3421 -0.00824209 0.00132666
850000 1.31726 -0.00847981 0.00129912
851000 1.32025 -0.00939302 0.0013027
852000 1.26751 -0.00742494 0.00125165
853000 1.29214 -0.0054072 0.00127681
854000 1.32079 -0.00863544 0.00130403
855000 1.32205 -0.00463142 0.00130649
856000 1.2866 -0.00560976 0.00127539
857000 1.29287 -0.00207808 0.00127868
858000 1.30333 -0.00318959 0.0012876
859000 1.30807 -0.00516375 0.00129432
860000 1.32498 -0.00583957 0.00130821
861000 1.30228 -0.00565609 0.00128915
862000 1.30285 -0.00619155 0.00128702
863000 1.3142 -0.00687533 0.00129829
864000 1.3067 -0.0037732 0.0012917
865000 1.29762 -0.00533461 0.00128176
866000 1.28519 -0.00946309 0.0012709
867000 1.30959 -0.00255324 0.0012951
868000 1.28732 -0.00718501 0.00127136
869000 1.31465 -0.00443339 0.00130145
870000 1.31352 -0.00492566 0.00130203
871000 1.30273 -0.00491197 0.00128923
872000 1.3275 -0.00850607 0.00131098
873000 1.28752 -0.00597541 0.00127101
874000 1.29447 -0.0021315 0.00128056
875000 1.29208 -0.00319755 0.00127361
876000 1.32204 -0.00415657 0.00130535
877000 1.31381 -0.00209739 0.00130024
878000 1.28769 -0.00882935 0.00127613
879000 1.29262 -0.00622922 0.00127495
880000 1.26899 -0.00507505 0.00125263
881000 1.31536 -0.00397769 0.00129613
882000 1.31632 -0.0111291 0.00130024
883000 1.28101 -0.00447262 0.00127064
884000 1.29962 -0.0044261 0.00128072
885000 1.32803 -0.00461771 0.00130953
886000 1.25591 -0.00756166 0.00123642
887000 1.34204 -0.00915793 0.00132727
888000 1.30926 -0.00591428 0.00129362
889000 1.26788 -0.0042232 0.00125107
890000 1.3101 -0.00455193 0.00129419
891000 1.31357 -0.00892164 0.00128965
892000 1.24554 -0.00937004 0.00122314
893000 1.35258 -0.0117412 0.00133663
894000 1.26292 -0.00391606 0.00124778
895000 1.35391 -0.0061781 0.00133586
896000 1.23382 -0.00672236 0.00121945
897000 1.34185 -0.00978311 0.00132644
898000 1.26072 -0.00370672 0.00124614
899000 1.32201 -0.00329276 0.00130529
900000 1.258 -0.00776381 0.00124178
901000 1.34609 -0.00263215 0.00133279
902000 1.29112 -0.00784515 0.00127516
903000 1.24706 -0.00554898 0.00123312
904000 1.29447 -0.00579984 0.00127762
905000 1.36305 -0.00378964 0.00134856
906000 1.28942 -0.00761453 0.00127407
907000 1.30294 -0.0049204 0.00128434
908000 1.26467 -0.00409394 0.00125071
909000 1.316 -0.00573223 0.0013028
910000 1.27195 -0.013415 0.00124847
911000 1.29944 -0.00583874 0.00128234
912000 1.3096 -0.0028537 0.00129126
913000 1.29423 -0.00453499 0.00127829
914000 1.2686 -0.0109527 0.00125233
915000 1.29535 -0.0167023 0.00127511
916000 1.28653 -0.0153001 0.00127264
917000 1.30835 -0.0142367 0.00129036
918000 1.26551 -0.0149272 0.00124639
919000 1.33158 -0.0102689 0.00131302
920000 1.2866 -0.00883106 0.00126605
921000 1.32398 -0.0175979 0.00129473
922000 1.2941 -0.0118754 0.00127666
923000 1.3138 -0.00938811 0.00129461
924000 1.29643 -0.00578323 0.00127833
925000 1.2676 -0.00550711 0.00125654
926000 1.33174 -0.00719985 0.00131388
927000 1.28602 -0.00778716 0.00126586
928000 1.2873 -0.00571718 0.00126808
929000 1.33425 -0.00408073 0.00131794
930000 1.26252 -0.00371849 0.00124465
931000 1.32539 -0.00432433 0.00131051
932000 1.25055 -0.00365746 0.00123592
933000 1.33356 -0.0074315 0.00131638
934000 1.30814 -0.00517276 0.00129159
935000 1.29236 -0.00608134 0.0012776
936000 1.30354 -0.00723996 0.00128645
937000 1.31452 -0.00854259 0.00129449
938000 1.30234 -0.00811432 0.00128066
939000 1.27852 -0.00616861 0.00126357
940000 1.29084 -0.00579053 0.00127125
941000 1.31 -0.00512484 0.00129387
942000 1.29654 -0.00497812 0.00128148
943000 1.29317 -0.00515614 0.00127951
944000 1.30488 -0.00905794 0.00129045
945000 1.3175 -0.00759992 0.0013083
946000 1.26706 -0.00366705 0.00124998
947000 1.32212 -0.0044303 0.00131408
948000 1.28345 -0.0056744 0.0012686
949000 1.32651 -0.00585133 0.00130871
950000 1.32698 -0.00414425 0.0013116
951000 1.28783 -0.00558864 0.00127666
952000 1.28842 -0.00533138 0.00127488
953000 1.33237 -0.0121827 0.00131603
954000 1.28151 -0.00799838 0.00126572
955000 1.29226 -0.00534067 0.00127729
956000 1.34347 -0.0066554 0.00132497
957000 1.26034 -0.00651003 0.00124535
958000 1.3043 -0.0083778 0.00129064
959000 1.30763 -0.0076169 0.00129213
960000 1.29978 -0.00352362 0.00128489
961000 1.3322 -0.00726812 0.00131134
962000 1.25872 -0.010673 0.00124194
963000 1.32856 -0.0143488 0.00130639
964000 1.26648 -0.00986433 0.00124864
965000 1.3188 -0.00699261 0.0013037
966000 1.27416 -0.00338426 0.00125672
967000 1.35087 -0.00696671 0.00133279
968000 1.26943 -0.00564916 0.0012547
969000 1.35363 -0.00545351 0.00133792
970000 1.27101 -0.00433263 0.0012587
971000 1.29425 -0.00541742 0.00127965
972000 1.3138 -0.0114483 0.00128757
973000 1.29351 -0.0107032 0.00127693
974000 1.30544 -0.00613504 0.00129108
975000 1.30699 -0.00408179 0.0012917
976000 1.28321 -0.00503074 0.00126549
977000 1.30329 -0.00543246 0.00128575
978000 1.26851 -0.00577712 0.00125831
979000 1.29377 -0.00499294 0.00127916
980000 1.2829 -0.00504562 0.00126607
981000 1.33577 -0.00671752 0.00132097
982000 1.33188 -0.00351497 0.00131552
983000 1.25123 -0.00568825 0.0012316
984000 1.32094 -0.00973073 0.00129982
985000 1.35177 -0.00176998 0.0013367
986000 1.29303 -0.00527876 0.00127573
987000 1.26882 -0.00387448 0.00125322
988000 1.28356 -0.00335328 0.00126824
989000 1.29006 -0.00150014 0.00127435
990000 1.26918 -0.00813991 0.00124979
991000 1.32546 -0.0123863 0.00130307
992000 1.29643 -0.0058605 0.00128109
993000 1.31131 -0.00508267 0.00129379
994000 1.30691 -0.00587873 0.00129328
995000 1.28314 -0.00523713 0.00126907
996000 1.29182 -0.00598453 0.00127757
997000 1.31675 -0.00373333 0.00130251
998000 1.30929 -0.0126156 0.00129775
999000 1.25871 -0.00998139 0.00124279
1000000 1.31652 -0.0124494 0.00130012
1001000 1.28097 -0.0128057 0.00126041
1002000 1.34279 -0.0119385 0.00132844
1003000 1.25951 -0.0136925 0.00124172
1004000 1.26636 -0.0139308 0.00124582
1005000 1.28718 -0.0168395 0.00126719
1006000 1.28928 -0.0140185 0.00126938
1007000 1.31929 -0.016147 0.00129859
1008000 1.28953 -0.0129878 0.00127338
1009000 1.27546 -0.0131403 0.00126051
1010000 1.32013 -0.0113147 0.00130244
1011000 1.29681 -0.0106239 0.00127954
1012000 1.29091 -0.0159877 0.00127579
1013000 1.25762 -0.0134459 0.00123735
1014000 1.30301 -0.013668 0.00128457
1015000 1.28479 -0.011769 0.00126794
1016000 1.32662 -0.0128318 0.00131052
1017000 1.26556 -0.014664 0.00124911
1018000 1.27824 -0.00727223 0.00126048
1019000 1.28702 -0.00487513 0.00127239
1020000 1.35149 -0.00431377 0.00133748
1021000 1.26953 -0.00588434 0.0012512
1022000 1.28566 -0.00619345 0.0012724
1023000 1.26816 -0.0129229 0.00124218
1024000 1.28827 -0.00774486 0.00127218
1025000 1.32968 -0.00592648 0.00131379
1026000 1.28707 -0.00348261 0.00127576
1027000 1.28819 -0.00284938 0.00127361
1028000 1.32634 -0.00579276 0.0013126
1029000 1.2879 -0.0101696 0.00127283
1030000 1.32261 -0.00227423 0.00130555
1031000 1.2799 -0.00389436 0.00126484
1032000 1.33656 -0.00754827 0.00131758
1033000 1.31754 -0.00484786 0.00130027
1034000 1.29078 -0.00910005 0.00127136
1035000 1.31524 -0.00637829 0.0013014
1036000 1.32848 -0.00325995 0.00131401
1037000 1.26226 -0.00743571 0.00124587
1038000 1.30573 -0.00928853 0.00129394
1039000 1.32919 -0.00654497 0.00131098
1040000 1.26782 -0.00714806 0.00125272
1041000 1.29682 -0.00630557 0.00127998
1042000 1.31487 -0.0077587 0.00129794
1043000 1.28117 -0.00554862 0.0012657
1044000 1.29866 -0.00269716 0.00128873
1045000 1.28782 -0.00319794 0.00127084
1046000 1.30454 -0.00994744 0.00128634
1047000 1.29589 -0.00492082 0.00127758
1048000 1.34196 -0.00493766 0.0013248
1049000 1.28596 -0.00730826 0.00126981
1050000 1.30418 -0.0096287 0.00128792
1051000 1.30016 -0.0108197 0.00127871
1052000 1.29341 -0.00735574 0.00127671
1053000 1.29225 -0.00974346 0.00127069
1054000 1.2937 -0.00658692 0.00127552
1055000 1.31884 -0.00943298 0.00130026
1056000 1.30532 -0.00734593 0.00128788
1057000 1.3159 -0.0139104 0.00129182
1058000 1.29159 -0.0135803 0.00127059
1059000 1.32448 -0.00544011 0.00130499
1060000 1.27565 -0.00836053 0.00126035
1061000 1.29021 -0.00896296 0.00127358
1062000 1.31651 -0.00678818 0.0013059
1063000 1.31939 -0.00707228 0.00130476
1064000 1.25406 -0.00605905 0.00123551
1065000 1.33084 -0.011187 0.00130775
1066000 1.33688 -0.00327107 0.00132136
1067000 1.27377 -0.00422029 0.00126543
1068000 1.29812 -0.00357359 0.0012805
1069000 1.31717 -0.00470055 0.00130183
1070000 1.33505 -0.0034743 0.00131745
1071000 1.25528 -0.00352373 0.00124186
1072000 1.31616 -0.00847405 0.00130414
1073000 1.31248 -0.00799739 0.00129307
1074000 1.27862 -0.00643855 0.00125971
1075000 1.25212 -0.00211625 0.00123572
1076000 1.29524 -0.00471793 0.00127487
1077000 1.28101 -0.0113032 0.00126198
1078000 1.27776 -0.0177084 0.001254
1079000 1.31076 -0.0109999 0.00129389
1080000 1.27973 -0.0129986 0.00126307
1081000 1.33302 -0.0168993 0.00131411
1082000 1.29964 -0.0152311 0.00127678
1083000 1.29284 -0.0153466 0.00127159
1084000 1.30616 -0.0111882 0.00128581
1085000 1.29305 -0.00332179 0.00127561
1086000 1.30617 -0.00720078 0.00128658
1087000 1.26717 -0.0075574 0.0012474
1088000 1.27467 -0.00906797 0.00125724
1089000 1.27177 -0.0029 0.00125462
1090000 1.29988 -0.0050024 0.00128244
1091000 1.2996 -0.00602878 0.00128411
1092000 1.28263 -0.00439777 0.00126907
1093000 1.33964 -0.00576129 0.00132999
1094000 1.2608 -0.00960473 0.00124025
1095000 1.35232 -0.00780375 0.0013329
1096000 1.27656 -0.00838257 0.00125419
1097000 1.28571 -0.00340541 0.00127137
1098000 1.32361 -0.00525612 0.00130773
1099000 1.30034 -0.00833572 0.00128355
1100000 1.3335 -0.00361282 0.00131694
