# Time-averaged data for fix 2
# TimeStep v_Temperature v_PotentialEnergy v_Pressure
1000 0.901615 -0.0101139 0.000887464
2000 0.860069 -0.0137711 0.000846518
3000 0.817084 -0.0109272 0.00080205
4000 0.859379 -0.0184337 0.000839487
5000 0.890315 -0.0112226 0.00087433
6000 0.846663 -0.0134551 0.000836339
7000 0.813222 -0.0102192 0.000798429
8000 0.870688 -0.00926106 0.000858694
9000 0.821558 -0.00731916 0.000806987
10000 0.865598 -0.0112193 0.000849387
11000 0.850524 -0.00940844 0.000838836
12000 0.839283 -0.00661274 0.000825
13000 0.845443 -0.00418286 0.000834871
14000 0.842344 -0.011779 0.000831857
15000 0.851906 -0.0169549 0.000837815
16000 0.845265 -0.0165683 0.000827786
17000 0.839111 -0.0251265 0.000815132
18000 0.84918 -0.0347393 0.000816885
19000 0.852569 -0.0378247 0.000818898
20000 0.826664 -0.0159936 0.000812112
21000 0.873325 -0.0134558 0.000859108
22000 0.82307 -0.0147986 0.000807202
23000 0.876588 -0.0132472 0.000861718
24000 0.865064 -0.0142345 0.000852014
25000 0.845649 -0.0144667 0.000834232
26000 0.837305 -0.0263003 0.00081582
27000 0.877889 -0.0173949 0.000862077
28000 0.844528 -0.0193834 0.000826227
29000 0.852171 -0.0153547 0.000837506
30000 0.849201 -0.0142372 0.000835627
31000 0.866098 -0.014649 0.00085192
32000 0.869838 -0.0129511 0.000856958
33000 0.831162 -0.0153879 0.000819183
34000 0.851039 -0.0235603 0.000830724
35000 0.862199 -0.0143694 0.000849643
36000 0.867335 -0.0115348 0.000852852
37000 0.868834 -0.0111166 0.000857561
38000 0.857161 -0.0155337 0.000846228
39000 0.845371 -0.0120325 0.000828251
40000 0.856617 -0.014961 0.000839227
41000 0.845111 -0.0161607 0.000825965
42000 0.858926 -0.0126495 0.000841363
43000 0.850099 -0.0127007 0.000833839
44000 0.823967 -0.0117623 0.000807254
45000 0.873386 -0.0149023 0.000858594
46000 0.868799 -0.0134645 0.000849457
47000 0.842649 -0.00739734 0.000828961
48000 0.845423 -0.0104607 0.000829671
49000 0.853667 -0.010612 0.000835938
50000 0.862982 -0.0159398 0.000847746
51000 0.857032 -0.010147 0.000847172
52000 0.85859 -0.0235173 0.000833849
53000 0.820182 -0.0114317 0.000806159
54000 0.857666 -0.0150952 0.000836709
55000 0.874018 -0.00941553 0.00086146
56000 0.81808 -0.0111851 0.000802799
57000 0.867461 -0.0117506 0.000852799
58000 0.859622 -0.0112253 0.000841078
59000 0.855918 -0.00628699 0.000843693
60000 0.832293 -0.00419122 0.000820583
61000 0.84631 -0.00786686 0.000831452
62000 0.849889 -0.00589208 0.00083768
63000 0.843311 -0.00545544 0.000830836
64000 0.856926 -0.00666922 0.000841765
65000 0.826968 -0.00810327 0.000812463
66000 0.86108 -0.00696323 0.000845171
67000 0.868968 -0.0106702 0.000856126
68000 0.865863 -0.010001 0.000849707
69000 0.828182 -0.00828989 0.000810786
70000 0.878941 -0.0108424 0.000861105
71000 0.81854 -0.0109679 0.000803871
72000 0.835479 -0.0148626 0.000820926
73000 0.86087 -0.00806976 0.000846891
74000 0.847364 -0.0136853 0.000827092
75000 0.844105 -0.00784476 0.000830392
76000 0.868306 -0.00627668 0.000853805
77000 0.863693 -0.0027216 0.000851189
78000 0.836171 -0.00230282 0.000827173
79000 0.860661 -0.00815658 0.000847108
80000 0.861821 -0.0067914 0.000853047
81000 0.840778 -0.00405142 0.000829153
82000 0.831225 -0.00364186 0.000820251
83000 0.834708 -0.00840958 0.000823412
84000 0.870249 -0.00920691 0.000862931
85000 0.821941 -0.00942197 0.00080759
86000 0.879908 -0.0124942 0.000861915
87000 0.813246 -0.00828499 0.000798823
88000 0.876946 -0.00426351 0.00086362
89000 0.82968 -0.00378924 0.000818263
90000 0.841296 -0.00802043 0.00082595
91000 0.876068 -0.00629707 0.000860023
92000 0.830207 -0.0052187 0.000817137
93000 0.8547 -0.0119818 0.000834151
94000 0.857823 -0.0152897 0.00083297
95000 0.846517 -0.00916557 0.00083447
96000 0.864727 -0.0154949 0.000846868
97000 0.851209 -0.0140797 0.000835092
98000 0.867742 -0.0101923 0.000855958
99000 0.870451 -0.0143352 0.0008547
100000 0.827558 -0.0100413 0.000814933
101000 0.846319 -0.00746903 0.000836474
102000 0.86053 -0.0144441 0.000846312
103000 0.839404 -0.0136594 0.000823745
104000 0.859115 -0.00891095 0.000846227
105000 0.872605 -0.0158274 0.0008557
106000 0.820469 -0.0126394 0.000803918
107000 0.847616 -0.0117613 0.000836695
108000 0.83081 -0.0142893 0.000818291
109000 0.892195 -0.0119358 0.00088084
110000 0.836742 -0.0119821 0.000823997
111000 0.842465 -0.0197149 0.000825196
112000 0.835521 -0.0131764 0.000823112
113000 0.845852 -0.0168461 0.000829534
114000 0.838369 -0.020432 0.000819732
115000 0.820482 -0.0208184 0.000803002
116000 0.846345 -0.0184373 0.000827226
117000 0.877325 -0.0179447 0.000865118
118000 0.855079 -0.0141501 0.000841416
119000 0.843785 -0.0156568 0.000830016
120000 0.876063 -0.0121193 0.00086425
121000 0.835938 -0.0127672 0.000822315
122000 0.864239 -0.0129632 0.00084658
123000 0.842903 -0.0181843 0.000826963
124000 0.858254 -0.0140468 0.000843546
125000 0.816521 -0.0225858 0.000794352
126000 0.856699 -0.0165287 0.000834118
127000 0.842691 -0.00782676 0.000832937
128000 0.815279 -0.00746619 0.000805228
129000 0.845077 -0.011381 0.00083198
130000 0.831984 -0.0173799 0.000815887
131000 0.836753 -0.0100012 0.000823393
132000 0.870755 -0.00967209 0.000858771
133000 0.835564 -0.00946479 0.000827366
134000 0.827863 -0.014054 0.000816568
135000 0.86664 -0.0167681 0.000848141
136000 0.883775 -0.0119899 0.000868389
137000 0.82829 -0.00887511 0.000813246
138000 0.8604 -0.0104599 0.000846041
139000 0.827907 -0.0142827 0.000810058
140000 0.862771 -0.0156354 0.000850354
141000 0.849857 -0.0192819 0.000832331
142000 0.82704 -0.0209115 0.000806607
143000 0.852015 -0.0210267 0.000837156
144000 0.855082 -0.016491 0.000839967
145000 0.857534 -0.0207779 0.000850225
146000 0.853634 -0.0156955 0.000839432
147000 0.843675 -0.0188645 0.000825946
148000 0.876639 -0.0205557 0.000856414
149000 0.876514 -0.0115791 0.000864227
150000 0.838085 -0.0151662 0.000820565
151000 0.84228 -0.0201199 0.00082083
152000 0.84851 -0.0175241 0.000827861
153000 0.851339 -0.0138824 0.000833882
154000 0.837369 -0.025753 0.000813631
155000 0.891401 -0.0212934 0.00087657
156000 0.845217 -0.0139438 0.000835627
157000 0.862524 -0.0173865 0.000845471
158000 0.859062 -0.0133884 0.000844721
159000 0.850624 -0.0126831 0.000836661
160000 0.831923 -0.0190866 0.00081378
161000 0.859172 -0.0210323 0.000842778
162000 0.835874 -0.0251651 0.000820024
163000 0.891271 -0.0202975 0.000873283
164000 0.858109 -0.0176331 0.000841657
165000 0.81724 -0.0121945 0.000805649
166000 0.853085 -0.0148759 0.000841123
167000 0.853999 -0.0219289 0.00083798
168000 0.868239 -0.0140826 0.000851338
169000 0.861678 -0.0174479 0.000845356
170000 0.864848 -0.0207913 0.000841291
171000 0.860564 -0.0111007 0.000847573
172000 0.825168 -0.0127454 0.000813425
173000 0.857628 -0.0126446 0.000844821
174000 0.872601 -0.0137765 0.000858404
175000 0.822949 -0.0148623 0.000809631
176000 0.868322 -0.0179039 0.000849305
177000 0.847247 -0.0141479 0.00083572
178000 0.862185 -0.0154298 0.000846751
179000 0.859886 -0.0177431 0.000843084
180000 0.86916 -0.0160504 0.000852118
181000 0.827641 -0.0263087 0.000806096
182000 0.879562 -0.0219036 0.000861282
183000 0.821843 -0.0191447 0.00080348
184000 0.861608 -0.0169864 0.000845218
185000 0.860851 -0.0171614 0.000843684
186000 0.84271 -0.0166125 0.000830586
187000 0.847094 -0.0179074 0.00083046
188000 0.826299 -0.0156073 0.000809707
189000 0.849613 -0.0138919 0.000834478
190000 0.844514 -0.0133891 0.000831864
191000 0.856487 -0.0115492 0.000843355
192000 0.85197 -0.0155737 0.000841067
193000 0.83737 -0.0122978 0.000825553
194000 0.843907 -0.0147556 0.000830157
195000 0.869068 -0.0144193 0.000860301
196000 0.848267 -0.0148703 0.000836034
197000 0.828331 -0.0156333 0.000819108
198000 0.867133 -0.0142591 0.000856725
199000 0.862862 -0.0182107 0.000846184
200000 0.837721 -0.0152256 0.000822799
201000 0.834147 -0.0160453 0.000821274
202000 0.849057 -0.014562 0.000835488
203000 0.862258 -0.0112639 0.000850756
204000 0.859752 -0.0152991 0.00084443
205000 0.853008 -0.0169715 0.000843432
206000 0.833851 -0.0177545 0.000821763
207000 0.878559 -0.0142115 0.000866621
208000 0.860504 -0.014551 0.000847425
209000 0.821935 -0.0158115 0.000805344
210000 0.853833 -0.0171359 0.000837512
211000 0.830922 -0.0144825 0.000816938
212000 0.825033 -0.0158747 0.000807212
213000 0.865446 -0.0259271 0.000842245
214000 0.868052 -0.0269236 0.00084514
215000 0.820435 -0.0248173 0.000799407
216000 0.877991 -0.0216719 0.000861873
217000 0.841613 -0.0192662 0.000828195
218000 0.85158 -0.0232461 0.000832783
219000 0.822363 -0.0305821 0.000797566
220000 0.842199 -0.0271475 0.000819465
221000 0.840263 -0.0284611 0.000819129
222000 0.839893 -0.0319036 0.000819169
223000 0.886356 -0.0258809 0.000868313
224000 0.81297 -0.0172813 0.000800291
225000 0.853052 -0.0149292 0.000839999
226000 0.8557 -0.0153533 0.000841407
227000 0.835011 -0.0252491 0.000818713
228000 0.850715 -0.0230943 0.000833522
229000 0.841382 -0.0205777 0.000823085
230000 0.829301 -0.0243218 0.000810329
231000 0.850908 -0.0312288 0.000825346
232000 0.873456 -0.0256179 0.000852425
233000 0.848887 -0.0356176 0.000828943
234000 0.845745 -0.0278139 0.000825747
235000 0.8494 -0.0262602 0.000834288
236000 0.845524 -0.0245512 0.000827669
237000 0.84775 -0.0232645 0.000833862
238000 0.832805 -0.0259653 0.000816148
239000 0.856184 -0.0268159 0.000838829
240000 0.864159 -0.0325634 0.000836032
241000 0.860583 -0.0264763 0.000843741
242000 0.821084 -0.022575 0.000802262
243000 0.865813 -0.0257996 0.000844755
244000 0.822256 -0.0248719 0.000805498
245000 0.87575 -0.0218437 0.000861505
246000 0.853055 -0.0258594 0.000830099
247000 0.873038 -0.0226734 0.000856152
248000 0.860732 -0.0177488 0.000842444
249000 0.866327 -0.0155418 0.000851918
250000 0.832935 -0.0171698 0.000816357
251000 0.853863 -0.0159256 0.000838086
252000 0.854486 -0.0163978 0.000845024
253000 0.827081 -0.0136826 0.000811394
254000 0.81938 -0.0130199 0.000803867
255000 0.861258 -0.0188815 0.000839401
256000 0.851548 -0.0142591 0.00083555
257000 0.840216 -0.0130088 0.000827492
258000 0.868004 -0.0156833 0.000854123
259000 0.84137 -0.0191837 0.000823275
260000 0.833942 -0.0221466 0.000813214
261000 0.884601 -0.0177023 0.000865218
262000 0.855981 -0.0127725 0.000842534
263000 0.832983 -0.0127435 0.000817304
264000 0.854317 -0.0132655 0.000835318
265000 0.860447 -0.0116326 0.000849776
266000 0.847491 -0.0099667 0.000834598
267000 0.853874 -0.0127032 0.000839607
268000 0.861961 -0.0134666 0.000844962
269000 0.829774 -0.00695142 0.000815977
270000 0.870537 -0.00504219 0.000857244
271000 0.851772 -0.00462387 0.000838526
272000 0.837951 -0.00763682 0.00083084
273000 0.875192 -0.00741332 0.000860345
274000 0.854628 -0.00717402 0.000842151
275000 0.846831 -0.00949995 0.000829796
276000 0.87582 -0.0126081 0.000858766
277000 0.849488 -0.00551524 0.000835016
278000 0.862213 -0.00386728 0.000857378
279000 0.838358 -0.00627703 0.000825007
280000 0.852595 -0.00894731 0.000837671
281000 0.852312 -0.00297634 0.000840001
282000 0.856328 -0.0105343 0.000837219
283000 0.844763 -0.00943957 0.000836411
284000 0.874845 -0.00501721 0.000862407
285000 0.843899 -0.00309621 0.000831531
286000 0.830698 -0.0116777 0.000811511
287000 0.875479 -0.012458 0.000858102
288000 0.861996 -0.00770884 0.000849072
289000 0.837685 -0.00651705 0.000826706
290000 0.859931 -0.00777161 0.000841281
291000 0.837933 -0.0132976 0.000817711
292000 0.849553 -0.00842856 0.000832782
293000 0.843655 -0.00386803 0.000835345
294000 0.837325 -0.00380389 0.000826693
295000 0.823848 -0.00864213 0.00081445
296000 0.853174 -0.0136524 0.000838736
297000 0.858888 -0.00812549 0.000843072
298000 0.826094 -0.00985069 0.000809835
299000 0.861285 -0.00883399 0.000850952
300000 0.866845 -0.00603404 0.000854111
301000 0.834378 -0.00787521 0.00081621
302000 0.847148 -0.00497505 0.000833012
303000 0.843077 -0.00351701 0.000832097
304000 0.860684 -0.00696204 0.000846506
305000 0.843642 -0.0106252 0.000832895
306000 0.823623 -0.00512309 0.000812037
307000 0.831321 -0.00453732 0.000817946
308000 0.858532 -0.00716386 0.000846455
309000 0.82887 -0.00840202 0.000811862
310000 0.814228 -0.00760685 0.000797999
311000 0.85264 -0.0108411 0.00083505
312000 0.876871 -0.00576645 0.000867478
313000 0.818254 -0.0046421 0.000806968
314000 0.860028 -0.00385802 0.000852524
315000 0.871484 -0.00774911 0.000857629
316000 0.821786 -0.00706171 0.000806196
317000 0.88005 -0.0053268 0.000871031
318000 0.822485 -0.00325066 0.00080997
319000 0.853216 -0.00541861 0.000841008
320000 0.866091 -0.00620238 0.000853217
321000 0.837702 -0.00855871 0.000820426
322000 0.868575 -0.00652682 0.000855717
323000 0.835789 -0.00489272 0.000823923
324000 0.859093 -0.0120432 0.000840563
325000 0.85299 -0.012909 0.000830714
326000 0.864618 -0.00724512 0.000849973
327000 0.836566 -0.00429565 0.0008251
328000 0.860689 -0.00396758 0.000850684
329000 0.856726 -0.00452495 0.000847397
330000 0.843769 -0.00104051 0.000835601
331000 0.840367 -0.00561908 0.000829466
332000 0.834992 -0.00660286 0.000822835
333000 0.892298 -0.00593841 0.000878141
334000 0.835642 -0.00776414 0.000821799
335000 0.842778 -0.0068672 0.000827458
336000 0.866197 -0.00947933 0.00084784
337000 0.859417 -0.00468549 0.000846623
338000 0.850934 -0.0099901 0.000832929
339000 0.85271 -0.00640475 0.000839337
340000 0.884973 -0.00701454 0.000869963
341000 0.851841 -0.00312228 0.000843644
342000 0.820757 -0.00394856 0.000816766
343000 0.885725 -0.00971213 0.000871589
344000 0.823928 -0.00553268 0.000811268
345000 0.867146 -0.00542264 0.000855012
346000 0.86235 -0.00441746 0.000848656
347000 0.835113 -0.00547781 0.000829177
348000 0.862151 -0.00946094 0.000845496
349000 0.854556 -0.00361891 0.00084316
350000 0.814832 -0.0094205 0.000799343
351000 0.857394 -0.00588525 0.000843552
352000 0.858245 -0.00273674 0.000847884
353000 0.863918 -0.0151878 0.000845013
354000 0.83317 -0.013576 0.000817323
355000 0.87183 -0.0137372 0.000855048
356000 0.818084 -0.0125581 0.000804025
357000 0.848497 -0.0123687 0.000836838
358000 0.849643 -0.0174778 0.000831732
359000 0.832099 -0.0146586 0.000813551
360000 0.824429 -0.013887 0.00081213
361000 0.874992 -0.0183841 0.000860265
362000 0.848702 -0.0174135 0.000833986
363000 0.865449 -0.0203379 0.000843325
364000 0.820297 -0.019042 0.000805844
365000 0.862622 -0.0134083 0.000843543
366000 0.841566 -0.018331 0.000822381
367000 0.846805 -0.0214022 0.000821399
368000 0.826577 -0.0234505 0.000804301
369000 0.819278 -0.0232329 0.000797655
370000 0.833378 -0.0306634 0.000814329
371000 0.859248 -0.0188218 0.000839171
372000 0.835592 -0.0218815 0.000815587
373000 0.840076 -0.0217564 0.000824144
374000 0.87055 -0.0156579 0.000857051
375000 0.833673 -0.020177 0.000816206
376000 0.865203 -0.0185263 0.000847493
377000 0.846276 -0.0223043 0.000825738
378000 0.832717 -0.0219907 0.000817571
379000 0.848301 -0.0243568 0.000831226
380000 0.85276 -0.0199392 0.000834717
381000 0.840354 -0.0130655 0.000828683
382000 0.855675 -0.0134802 0.000839901
383000 0.856875 -0.0124869 0.000840676
384000 0.845972 -0.0152461 0.000828426
385000 0.863654 -0.0134678 0.000849535
386000 0.82781 -0.0218377 0.000804572
387000 0.846554 -0.0209917 0.000829332
388000 0.8627 -0.0157033 0.000842093
389000 0.863685 -0.0166772 0.000845631
390000 0.848404 -0.0105765 0.000833762
391000 0.845035 -0.00176705 0.000835074
392000 0.846771 -0.00452666 0.000838034
393000 0.830079 -0.00979008 0.000819362
394000 0.827644 -0.00362537 0.000815615
395000 0.837226 -0.00748398 0.000826356
396000 0.842606 -0.010463 0.000824614
397000 0.837568 -0.00912212 0.000822632
398000 0.860607 -0.0119737 0.000842838
399000 0.826926 -0.00574467 0.000817939
400000 0.873875 -0.00615418 0.000858235
401000 0.866536 -0.0064878 0.000858875
402000 0.839516 -0.00625736 0.000822938
403000 0.840988 -0.00407031 0.000831189
404000 0.851855 -0.00552104 0.000840969
405000 0.860981 -0.00184227 0.000849438
406000 0.855598 -0.00701528 0.000845835
407000 0.870905 -0.00579153 0.000861692
408000 0.853961 -0.00899235 0.000833964
409000 0.848846 -0.00637618 0.000832411
410000 0.874401 -0.00687273 0.00086133
411000 0.826255 -0.0101873 0.000809447
412000 0.830708 -0.00636784 0.00081878
413000 0.879887 -0.00892674 0.000869708
414000 0.872977 -0.00702582 0.000857205
415000 0.817959 -0.00883281 0.000807894
416000 0.866646 -0.00423723 0.000852264
417000 0.864423 -0.0119634 0.000842574
418000 0.85235 -0.00618816 0.000836398
419000 0.837208 -0.0034163 0.000824241
420000 0.836905 -0.0131028 0.000821511
421000 0.838704 -0.00804531 0.000820763
422000 0.839903 -0.00905483 0.000827578
423000 0.854325 -0.00826315 0.000840668
424000 0.836513 -0.00734675 0.000827131
425000 0.863118 -0.0106246 0.000846022
426000 0.85692 -0.0105446 0.000840681
427000 0.866357 -0.00594354 0.000853034
428000 0.873459 -0.009328 0.000862621
429000 0.830596 -0.00911478 0.000817254
430000 0.831278 -0.0104847 0.000819479
431000 0.844418 -0.0115063 0.000827839
432000 0.863927 -0.00531537 0.000849178
433000 0.839512 -0.00523075 0.000829398
434000 0.847557 -0.00880755 0.000832917
435000 0.85894 -0.0117316 0.000845843
436000 0.846193 -0.0131367 0.000829326
437000 0.835647 -0.011027 0.000821871
438000 0.853125 -0.0169497 0.00083554
439000 0.851833 -0.0121471 0.000836833
440000 0.877984 -0.00996109 0.000867701
441000 0.844158 -0.0136718 0.000831422
442000 0.848199 -0.00840711 0.00083002
443000 0.837048 -0.00260033 0.00082796
444000 0.853481 -0.0110601 0.000836711
445000 0.84951 -0.00489962 0.00083492
446000 0.869983 -0.00654821 0.000857265
447000 0.849004 -0.00575068 0.000833692
448000 0.835658 -0.00406222 0.000822792
449000 0.852512 -0.00446023 0.000840148
450000 0.864728 -0.00619191 0.000852535
451000 0.846975 -0.014491 0.000827018
452000 0.835073 -0.00465469 0.000821106
453000 0.853012 -0.00428669 0.000844339
454000 0.839808 -0.00925364 0.000826572
455000 0.847575 -0.00572269 0.000832024
456000 0.858069 -0.00290836 0.000853496
457000 0.834613 -0.00773932 0.000822265
458000 0.876802 -0.0013517 0.000867756
459000 0.851873 -0.0129353 0.000836031
460000 0.821965 -0.00475708 0.000806098
461000 0.836273 -0.00771438 0.000822657
462000 0.851764 -0.00732503 0.000841913
463000 0.865148 -0.00685541 0.000849105
464000 0.852666 -0.00752695 0.000835374
465000 0.841006 -0.00809749 0.000824027
466000 0.823582 -0.00780278 0.000810973
467000 0.86939 -0.00752761 0.00085549
468000 0.840396 -0.00561989 0.000829956
469000 0.863439 -0.00364632 0.000852649
470000 0.828523 -0.00234771 0.000819292
471000 0.878947 -0.00738785 0.000869632
472000 0.833709 -0.00494115 0.000820689
473000 0.837325 -0.00539658 0.000824529
474000 0.87083 -0.00281914 0.000859109
475000 0.879498 -0.00607817 0.000868752
476000 0.824297 -0.00382941 0.000812471
477000 0.849636 -0.00810085 0.000834348
478000 0.890842 -0.0103261 0.000875574
479000 0.871524 -0.00478689 0.000858827
480000 0.843881 -0.00835202 0.000827915
481000 0.871509 -0.00339482 0.000863125
482000 0.861414 -0.00485925 0.00085009
483000 0.821713 -0.00612292 0.00080855
484000 0.838706 -0.00697427 0.000826885
485000 0.859663 -0.00418903 0.000853567
486000 0.851809 -0.00797759 0.000841226
487000 0.887885 -0.00862372 0.000876875
488000 0.864873 -0.00530331 0.000853103
489000 0.833576 -0.00641743 0.000822521
490000 0.822209 -0.00897333 0.000809509
491000 0.866139 -0.00982313 0.000851176
492000 0.849119 -0.00555613 0.000834358
493000 0.841714 -0.00742173 0.000827929
494000 0.863017 -0.00922789 0.000845488
495000 0.84547 -0.00596952 0.000837884
496000 0.842275 -0.00918142 0.000831543
497000 0.836404 -0.00418256 0.000823708
498000 0.859784 -0.00423609 0.00084566
499000 0.875309 -0.00637925 0.000865276
500000 0.836604 -0.00800858 0.000823082
501000 0.846817 -0.0133145 0.00082866
502000 0.854693 -0.0133402 0.000839031
503000 0.858845 -0.012397 0.000844687
504000 0.843042 -0.0100201 0.000829128
505000 0.877221 -0.00709654 0.000862538
506000 0.867821 -0.00478637 0.000857989
507000 0.827176 -0.00932291 0.000810731
508000 0.825545 -0.0154174 0.000809337
509000 0.851364 -0.0105384 0.000831874
510000 0.865178 -0.01378 0.000849774
511000 0.820748 -0.0164988 0.000802645
512000 0.871832 -0.0104406 0.000859477
513000 0.867083 -0.00925506 0.000852782
514000 0.842222 -0.0130035 0.00082244
515000 0.832259 -0.01185 0.000822301
516000 0.837453 -0.012207 0.000823426
517000 0.861212 -0.00996467 0.000846512
518000 0.826373 -0.0189127 0.000807085
519000 0.839112 -0.0181261 0.000820154
520000 0.862695 -0.0173512 0.000844091
521000 0.843199 -0.0204596 0.000822261
522000 0.852516 -0.0147078 0.000835161
523000 0.856742 -0.0187563 0.000832855
524000 0.832688 -0.01019 0.000821496
525000 0.864357 -0.012331 0.000851772
526000 0.860303 -0.0128274 0.000845526
527000 0.85013 -0.0121117 0.000839408
528000 0.866003 -0.0135801 0.000848152
529000 0.845343 -0.0142467 0.000827091
530000 0.858391 -0.0133056 0.000841718
531000 0.857014 -0.0156995 0.000840676
532000 0.845723 -0.00985799 0.000836256
533000 0.855658 -0.0105631 0.000842873
534000 0.861693 -0.00983266 0.000848366
535000 0.858571 -0.00905357 0.000844587
536000 0.843662 -0.0114582 0.000825176
537000 0.82993 -0.0153218 0.000810526
538000 0.827874 -0.0154475 0.000809988
539000 0.839003 -0.0138254 0.000823623
540000 0.848537 -0.0115718 0.000837243
541000 0.849144 -0.0142846 0.000836617
542000 0.829039 -0.0114929 0.000813739
543000 0.845931 -0.0168717 0.000826571
544000 0.829295 -0.0097654 0.00081793
545000 0.83725 -0.0109809 0.000822278
546000 0.833892 -0.0134031 0.00082068
547000 0.864185 -0.0142723 0.000848362
548000 0.858763 -0.0137023 0.000842471
549000 0.83388 -0.00789138 0.000818223
550000 0.870971 -0.00782914 0.000857096
551000 0.832928 -0.00968876 0.000822263
552000 0.851699 -0.00634045 0.000840403
553000 0.845443 -0.00431681 0.000835043
554000 0.844975 -0.0046539 0.000833116
555000 0.859797 -0.00461473 0.00085049
556000 0.862187 -0.00778017 0.000853371
557000 0.834565 -0.00682393 0.000819808
558000 0.855778 -0.00654652 0.000845328
559000 0.852213 -0.00235277 0.000842564
560000 0.841137 -0.00758322 0.000828869
561000 0.848585 -0.0101103 0.000827634
562000 0.860958 -0.0120848 0.000846358
563000 0.861733 -0.00618785 0.000850948
564000 0.855244 -0.00631198 0.000843046
565000 0.840928 -0.0048465 0.000830806
566000 0.840868 -0.00782963 0.000832321
567000 0.874081 -0.00279632 0.000863926
568000 0.877867 -0.00465973 0.000862193
569000 0.817692 -0.00587799 0.000803589
570000 0.871363 -0.0073552 0.000858045
571000 0.820888 -0.00826186 0.00080544
572000 0.880247 -0.00291456 0.000869444
573000 0.839464 -0.00156592 0.000829738
574000 0.835905 -0.00738236 0.000820183
575000 0.82807 -0.00316706 0.000817516
576000 0.848524 -0.00677554 0.000835747
577000 0.827148 -0.0110427 0.000808066
578000 0.825975 -0.0077723 0.00081233
579000 0.862851 -0.00359054 0.000850984
580000 0.873792 -0.00636302 0.000862262
581000 0.816067 -0.00638554 0.000805877
582000 0.863603 -0.00440343 0.000848984
583000 0.853329 -0.00134993 0.000842235
584000 0.841881 -0.00289704 0.000834031
585000 0.838875 -0.00535975 0.00083239
586000 0.854997 -0.00990349 0.000840938
587000 0.855555 -0.00928514 0.000838842
588000 0.843001 -0.00329016 0.000836147
589000 0.832015 -0.0037212 0.000820018
590000 0.869243 -0.00282482 0.000857091
591000 0.854515 -0.00404339 0.000842646
592000 0.823669 -0.0112432 0.000809157
593000 0.860341 -0.00597304 0.000850051
594000 0.840397 -0.00743089 0.000826199
595000 0.832425 -0.00324263 0.000823796
596000 0.839641 -0.00686099 0.000829791
597000 0.828092 -0.0090815 0.000811097
598000 0.861191 -0.00900124 0.000846753
599000 0.871293 -0.00493839 0.000860596
600000 0.827955 -0.00572525 0.000821159
601000 0.842076 -0.00298008 0.000829863
602000 0.867654 -0.010777 0.000851767
603000 0.84655 -0.00596597 0.00083697
604000 0.84091 -0.00526823 0.000832088
605000 0.843656 -0.00810577 0.000835849
606000 0.835511 -0.00448885 0.000831241
607000 0.848404 -0.00445555 0.000838049
608000 0.835695 -0.00338489 0.000825209
609000 0.847039 -0.00335765 0.000835674
610000 0.844728 -0.00460817 0.000836119
611000 0.828845 -0.00505514 0.000817711
612000 0.878417 -0.00986723 0.000862631
613000 0.862521 -0.00649731 0.000851668
614000 0.838668 -0.0105241 0.000826119
615000 0.86323 -0.00959062 0.000851914
616000 0.875112 -0.00772023 0.000863781
617000 0.83195 -0.00466789 0.00082117
618000 0.872045 -0.0101713 0.000856148
619000 0.866905 -0.00684343 0.000855123
620000 0.822391 -0.00998201 0.000808249
621000 0.864564 -0.0110337 0.000849463
622000 0.850246 -0.00777815 0.000837685
623000 0.835941 -0.01086 0.000821188
624000 0.860759 -0.00835566 0.000843949
625000 0.843399 -0.00277381 0.000833505
626000 0.85339 -0.00791354 0.000837587
627000 0.848469 -0.00404797 0.000834762
628000 0.845186 -0.00583438 0.000835236
629000 0.852951 -0.00787532 0.000836461
630000 0.835448 -0.00687846 0.000822873
631000 0.868589 -0.00636493 0.000850754
632000 0.862609 -0.00948817 0.000853689
633000 0.833081 -0.00208385 0.000822952
634000 0.834285 -0.011978 0.000820815
635000 0.846418 -0.0047668 0.000832588
636000 0.858421 -0.0036105 0.000846549
637000 0.848587 -0.00325458 0.000836332
638000 0.855477 -0.00527654 0.000843631
639000 0.843241 -0.00317727 0.00083689
640000 0.857314 -0.00422662 0.000844188
641000 0.830325 -0.00722953 0.000817331
642000 0.863179 -0.00698995 0.000849319
643000 0.844997 -0.00758232 0.000829388
644000 0.833449 -0.00645541 0.000823166
645000 0.873489 -0.00420626 0.000858486
646000 0.842982 -0.00752478 0.000829501
647000 0.829049 -0.00737812 0.000816097
648000 0.870057 -0.00692222 0.000857299
649000 0.862274 -0.00424141 0.000849403
650000 0.83401 -0.00439837 0.000820758
651000 0.872956 -0.0047623 0.000859405
652000 0.833616 -0.00428219 0.000821416
653000 0.837308 -0.00549824 0.000826953
654000 0.887043 -0.00861906 0.000875641
655000 0.822245 -0.0128646 0.000805749
656000 0.867903 -0.00597026 0.00085953
657000 0.82991 -0.00443355 0.000818897
658000 0.864031 -0.00814849 0.000844666
659000 0.842041 -0.00745507 0.000827302
660000 0.843276 -0.00551079 0.000834391
661000 0.841397 -0.00466925 0.00083037
662000 0.86319 -0.00646426 0.00085319
663000 0.823386 -0.00811192 0.000809885
664000 0.84756 -0.00385725 0.000837517
665000 0.838279 -0.00221453 0.000826269
666000 0.820929 -0.0087255 0.000808926
667000 0.860624 -0.00595261 0.000848476
668000 0.841852 -0.007252 0.00082444
669000 0.835899 -0.0117762 0.000817953
670000 0.846764 -0.0133218 0.000827993
671000 0.84459 -0.0118811 0.000824347
672000 0.869408 -0.0144433 0.000843583
673000 0.855727 -0.0113615 0.000836677
674000 0.850218 -0.00804782 0.000831427
675000 0.839232 -0.00878239 0.000818916
676000 0.834932 -0.00470941 0.000822882
677000 0.849452 -0.00699201 0.000837796
678000 0.865878 -0.00990481 0.000853871
679000 0.852319 -0.00705056 0.000841095
680000 0.860499 -0.00669511 0.000847768
681000 0.845905 -0.00598372 0.000833508
682000 0.872612 -0.0109656 0.000858238
683000 0.849534 -0.010056 0.000833824
684000 0.827545 -0.00897038 0.000810878
685000 0.86113 -0.0108546 0.000845159
686000 0.844921 -0.00816351 0.000834425
687000 0.837075 -0.0107213 0.000817315
688000 0.853466 -0.00721653 0.000841967
689000 0.854283 -0.00536848 0.000841303
690000 0.846342 -0.00760664 0.000838538
691000 0.867605 -0.00344979 0.000853849
692000 0.835476 -0.00905593 0.000822504
693000 0.853723 -0.00800589 0.000842421
694000 0.836734 -0.00484135 0.000822975
695000 0.855844 -0.0085366 0.00083945
696000 0.855973 -0.0063443 0.000846427
697000 0.849245 -0.00585821 0.000837914
698000 0.839201 -0.00560653 0.000827896
699000 0.838512 -0.00558465 0.000825426
700000 0.838088 -0.00466612 0.000824493
701000 0.850934 -0.00758181 0.000839723
702000 0.858928 -0.00287383 0.000849506
703000 0.852494 -0.00684685 0.000842389
704000 0.830136 -0.00391663 0.000819319
705000 0.836474 -0.00262877 0.000826911
706000 0.86891 -0.00346075 0.000860134
707000 0.83155 -0.00414381 0.000818099
708000 0.828667 -0.00250111 0.00081745
709000 0.860063 -0.00834047 0.000846358
710000 0.838926 -0.00437462 0.000828586
711000 0.831477 -0.00396088 0.000820819
712000 0.866136 -0.00253088 0.000856027
713000 0.862664 -0.00972486 0.000844829
714000 0.846488 -0.00646703 0.000833133
715000 0.848204 -0.00697523 0.000833465
716000 0.850166 -0.0127729 0.000834203
717000 0.854002 -0.0236216 0.000829666
718000 0.853303 -0.0138012 0.000829527
719000 0.863049 -0.00554112 0.000848875
720000 0.854687 -0.0124077 0.000835972
721000 0.854274 -0.00534388 0.000844273
722000 0.852204 -0.0115824 0.000838834
723000 0.840148 -0.0102931 0.000821025
724000 0.858611 -0.00625155 0.00084543
725000 0.852019 -0.00798049 0.000841936
726000 0.847265 -0.0142935 0.000827252
727000 0.862004 -0.00511119 0.000848976
728000 0.862004 -0.00128021 0.000852523
729000 0.850917 -0.00379565 0.000837928
730000 0.844149 -0.00523825 0.000834556
731000 0.861847 -0.00676872 0.000846626
732000 0.840599 -0.0082516 0.000827254
733000 0.863516 -0.00419286 0.000850125
734000 0.842586 -0.0133247 0.000819081
735000 0.875068 -0.0102279 0.000863027
736000 0.838963 -0.0136145 0.000820102
737000 0.870534 -0.00773314 0.000855887
738000 0.829658 -0.00423719 0.000819602
739000 0.849559 -0.00875074 0.000838096
740000 0.833401 -0.00671878 0.000823642
741000 0.852566 -0.00624751 0.00083801
742000 0.848875 -0.00591323 0.000838358
743000 0.849444 -0.00450605 0.000839542
744000 0.868063 -0.00551293 0.000853586
745000 0.850932 -0.00116227 0.000840194
746000 0.834984 -0.00597861 0.000818498
747000 0.841054 -0.00272932 0.000834901
748000 0.835572 -0.00344141 0.000826499
749000 0.850396 -0.00343958 0.000840487
750000 0.85906 -0.010141 0.000843844
751000 0.854734 -0.00302734 0.000841978
752000 0.864908 -0.00369079 0.000852724
753000 0.855717 -0.00391606 0.000847407
754000 0.85584 -0.00440781 0.000847194
755000 0.850691 -0.00454529 0.000840505
756000 0.863298 -0.00987234 0.000852458
757000 0.840668 -0.00344281 0.000829134
758000 0.827044 -0.00394674 0.000815261
759000 0.872138 -0.0121571 0.000854794
760000 0.849149 -0.00376291 0.000833973
761000 0.855274 -0.00785987 0.00084085
762000 0.855727 -0.00482564 0.000843646
763000 0.835946 -0.00651973 0.00082327
764000 0.874328 -0.00529051 0.000861863
765000 0.881575 -0.00534176 0.000865819
766000 0.841856 -0.00646924 0.000831046
767000 0.811269 -0.00351826 0.000805012
768000 0.883395 -0.00987635 0.000868569
769000 0.827858 -0.00493706 0.000818171
770000 0.876534 -0.00587984 0.000864738
771000 0.855939 -0.00562249 0.000840642
772000 0.829937 -0.00963927 0.000817549
773000 0.870702 -0.00612355 0.000858539
774000 0.854074 -0.00716775 0.000849757
775000 0.851305 -0.00379601 0.000838047
776000 0.851502 -0.00534683 0.000841223
777000 0.854062 -0.00539664 0.000839622
778000 0.856321 -0.00544685 0.000845404
779000 0.864633 -0.00638076 0.000856055
780000 0.863387 -0.00397593 0.000855726
781000 0.842821 -0.00463168 0.000831104
782000 0.829098 -0.00381651 0.000818849
783000 0.87474 -0.00359335 0.000866864
784000 0.845431 -0.00912672 0.000829042
785000 0.837915 -0.00495912 0.000825173
786000 0.862705 -0.00623284 0.000849077
787000 0.847226 -0.00758064 0.000833555
788000 0.841901 -0.00247179 0.000835213
789000 0.836924 -0.00583781 0.000822942
790000 0.866954 -0.0092306 0.000852964
791000 0.842239 -0.00704053 0.000831267
792000 0.836036 -0.0090836 0.000820298
793000 0.877778 -0.0117994 0.000859677
794000 0.875774 -0.00722084 0.000863964
795000 0.816359 -0.00541204 0.000800158
796000 0.869202 -0.00543285 0.000856181
797000 0.854536 -0.00316638 0.000846707
798000 0.83527 -0.00878886 0.000818675
799000 0.85317 -0.00549673 0.000842734
800000 0.873806 -0.0074883 0.000858887
801000 0.854509 -0.00748042 0.000841794
802000 0.840287 -0.00295151 0.000828978
803000 0.859019 -0.009502 0.000846903
804000 0.856675 -0.00600859 0.000847241
805000 0.835337 -0.00500087 0.000823772
806000 0.847152 -0.0134414 0.000831023
807000 0.8749 -0.00548572 0.000862719
808000 0.83532 -0.00454414 0.000821488
809000 0.819424 -0.00288795 0.000809341
810000 0.833974 -0.00509066 0.00082499
811000 0.847817 -0.00256357 0.000836684
812000 0.865009 -0.00432848 0.000851654
813000 0.843789 -0.00310451 0.000833406
814000 0.838341 -0.0118642 0.00082303
815000 0.838296 -0.00771119 0.000828494
816000 0.869437 -0.00377164 0.000856768
817000 0.874983 -0.00668354 0.000859685
818000 0.81418 -0.00479179 0.000800267
819000 0.868246 -0.00698099 0.000849769
820000 0.846412 -0.0124031 0.000825684
821000 0.889196 -0.00503138 0.000877282
822000 0.84795 -0.00365187 0.000838306
823000 0.831714 -0.00499881 0.000823244
824000 0.862961 -0.00640989 0.00084931
825000 0.852182 -0.00862973 0.000838165
826000 0.855303 -0.00822857 0.000836067
827000 0.841763 -0.00838936 0.00082834
828000 0.840217 -0.00193475 0.000829597
829000 0.870217 -0.00819568 0.000857091
830000 0.856044 -0.00728322 0.000844187
831000 0.849639 -0.00711331 0.000836221
832000 0.8374 -0.00986134 0.000820571
833000 0.846769 -0.00346925 0.000834707
834000 0.860251 -0.00566391 0.00084776
835000 0.849654 -0.0106436 0.000831848
836000 0.845909 -0.0150175 0.00082649
837000 0.852853 -0.00760726 0.000842538
838000 0.853201 -0.00920887 0.000838425
839000 0.867809 -0.00363537 0.000855745
840000 0.867521 -0.00779987 0.000854868
841000 0.839388 -0.00354968 0.000828169
842000 0.856866 -0.00390797 0.000847445
843000 0.85788 -0.00603522 0.00084977
844000 0.844509 -0.00770742 0.000833422
845000 0.854311 -0.00256346 0.000844189
846000 0.862695 -0.00569374 0.000851998
847000 0.865851 -0.00515643 0.000856103
848000 0.847457 -0.00587868 0.000834665
849000 0.863434 -0.00749576 0.000857671
850000 0.830552 -0.00858776 0.000819855
851000 0.843232 -0.00415923 0.000831342
852000 0.839716 -0.00722429 0.000824499
853000 0.843259 -0.00574461 0.0008326
854000 0.854296 -0.00966624 0.000840899
855000 0.813926 -0.00432427 0.000799455
856000 0.857425 -0.00836428 0.000842831
857000 0.850008 -0.00923605 0.000837696
858000 0.845436 -0.00410528 0.000833575
859000 0.823263 -0.00492396 0.000812971
860000 0.860532 -0.00488533 0.000846341
861000 0.855186 -0.00508164 0.000844495
862000 0.837235 -0.00426095 0.000827112
863000 0.840672 -0.0026895 0.000829213
864000 0.848636 -0.00542526 0.00083452
865000 0.859443 -0.00280159 0.000847161
866000 0.84728 -0.00495857 0.000835308
867000 0.854725 -0.0146476 0.000830089
868000 0.843114 -0.0135479 0.000821668
869000 0.836912 -0.00871265 0.000820035
870000 0.881608 -0.0068823 0.000867973
871000 0.835588 -0.0106813 0.000818119
872000 0.85157 -0.0075514 0.000839159
873000 0.860808 -0.00987966 0.000847048
874000 0.854837 -0.0108605 0.000840821
875000 0.83566 -0.00978797 0.000825791
876000 0.836558 -0.0104926 0.000824366
877000 0.845045 -0.00992817 0.000835916
878000 0.872091 -0.011625 0.000859843
879000 0.842926 -0.0120702 0.000827577
880000 0.844622 -0.0143685 0.000827689
881000 0.866258 -0.00799656 0.000849302
882000 0.82933 -0.0049927 0.000820113
883000 0.865704 -0.00767691 0.00085166
884000 0.857448 -0.0047986 0.000843214
885000 0.843187 -0.00249495 0.000834393
886000 0.829809 -0.00595701 0.000814762
887000 0.862272 -0.00580439 0.000846519
888000 0.876786 -0.00225178 0.0008637
889000 0.823836 -0.00357815 0.000814736
890000 0.852612 -0.00763517 0.000842231
891000 0.873884 -0.00875681 0.000857616
892000 0.829181 -0.00686376 0.000813665
893000 0.831255 -0.00515055 0.000818756
894000 0.846401 -0.00875392 0.000834407
895000 0.832146 -0.00516415 0.000822216
896000 0.875701 -0.00418539 0.000862303
897000 0.829754 -0.0039885 0.000819693
898000 0.838778 -0.00877669 0.000822794
899000 0.837279 -0.0108518 0.000824433
900000 0.875712 -0.00395683 0.000863083
901000 0.874955 -0.0052403 0.000866663
902000 0.821483 -0.00179486 0.000811657
903000 0.852395 -0.0034178 0.000842884
904000 0.847917 -0.00508723 0.000834883
905000 0.855053 -0.00975015 0.000838055
906000 0.829883 -0.00928662 0.00081603
907000 0.860472 -0.00449151 0.000848992
908000 0.85699 -0.00646006 0.000843236
909000 0.831906 -0.00315938 0.000819571
910000 0.85663 -0.00707384 0.000845241
911000 0.864731 -0.00693032 0.000856787
912000 0.836725 -0.0076424 0.000821832
913000 0.868566 -0.0117263 0.000853434
914000 0.837678 -0.0112624 0.000824518
915000 0.860033 -0.0121392 0.000845598
916000 0.826994 -0.012774 0.000817376
917000 0.833021 -0.00408809 0.000819989
918000 0.874361 -0.00436481 0.000862587
919000 0.877948 -0.00561785 0.000867583
920000 0.813317 -0.00363801 0.00080233
921000 0.858797 -0.00747581 0.00084633
922000 0.881591 -0.003853 0.000872658
923000 0.853492 -0.00805677 0.000839057
924000 0.863953 -0.0043658 0.000854125
925000 0.843099 -0.0079469 0.000826681
926000 0.844834 -0.00493474 0.000833331
927000 0.866993 -0.00685142 0.000849554
928000 0.827387 -0.00337186 0.000817724
929000 0.838432 -0.00552046 0.000826662
930000 0.85405 -0.00807387 0.000836095
931000 0.841012 -0.0142478 0.000823782
932000 0.846673 -0.00933118 0.000829231
933000 0.858195 -0.0117412 0.000842272
934000 0.835523 -0.00273395 0.000826063
935000 0.848191 -0.0033433 0.000839405
936000 0.856548 -0.00586053 0.000844304
937000 0.83007 -0.00482485 0.000819615
938000 0.826375 -0.00806651 0.00081623
939000 0.866227 -0.010213 0.000846776
940000 0.85433 -0.00384335 0.000844544
941000 0.83648 -0.00801732 0.0008247
942000 0.852336 -0.00547768 0.000839302
943000 0.845939 -0.00666553 0.000833805
944000 0.858239 -0.00451527 0.000846608
945000 0.844687 -0.00642528 0.000828778
946000 0.853412 -0.00795234 0.000839939
947000 0.840602 -0.00350219 0.000831917
948000 0.860497 -0.00945795 0.000845693
949000 0.867357 -0.00381432 0.000860333
950000 0.82262 -0.0072718 0.000809626
951000 0.864268 -0.00884636 0.000849747
952000 0.857022 -0.00824075 0.000844348
953000 0.830837 -0.00436545 0.000817141
954000 0.865047 -0.00485471 0.000854307
955000 0.838934 -0.00388882 0.000827625
956000 0.846512 -0.00683266 0.000831021
957000 0.864117 -0.0090935 0.000854044
958000 0.849817 -0.00731274 0.000836369
959000 0.829485 -0.00820377 0.000814524
960000 0.859895 -0.00594944 0.000846428
961000 0.85986 -0.00808705 0.000846261
962000 0.872182 -0.00853291 0.000860536
963000 0.845852 -0.00616924 0.000835792
964000 0.861523 -0.00556141 0.000848906
965000 0.859203 -0.0056224 0.000845354
966000 0.847027 -0.00575692 0.000833887
967000 0.864751 -0.00412126 0.00085404
968000 0.845481 -0.00776432 0.00083579
969000 0.842842 -0.00651068 0.000828099
970000 0.846765 -0.00554048 0.000833326
971000 0.850542 -0.00408623 0.000838023
972000 0.865049 -0.010101 0.000847443
973000 0.863971 -0.00755868 0.000846814
974000 0.838292 -0.00545242 0.000826618
975000 0.842609 -0.00396698 0.000834658
976000 0.845325 -0.00603982 0.000833137
977000 0.862228 -0.00750482 0.000847193
978000 0.855394 -0.00609445 0.000840712
979000 0.825435 -0.00452405 0.000814286
980000 0.874997 -0.00266153 0.000868861
981000 0.83785 -0.00342612 0.000826885
982000 0.837986 -0.00685405 0.000825365
983000 0.860137 -0.00393298 0.000846293
984000 0.844542 -0.00565158 0.000832326
985000 0.835775 -0.00563836 0.000825261
986000 0.86846 -0.00513528 0.000854737
987000 0.864499 -0.00105595 0.000856933
988000 0.846242 -0.00512557 0.000836532
989000 0.84773 -0.00217561 0.000836563
990000 0.865518 -0.0078294 0.000850357
991000 0.854886 -0.00676932 0.000844656
992000 0.825466 -0.00635761 0.000814582
993000 0.842803 -0.00988485 0.000829323
994000 0.855483 -0.00764616 0.00083753
995000 0.81981 -0.00523067 0.000809692
996000 0.857925 -0.00362477 0.000846876
997000 0.851938 -0.00891311 0.000837548
998000 0.830413 -0.00723724 0.00081802
999000 0.827279 -0.00747152 0.000812841
1000000 0.876935 -0.00368753 0.000867339
1001000 0.845138 -0.00512956 0.000832974
1002000 0.858355 -0.00335752 0.000847137
1003000 0.822431 -0.00718549 0.000810127
1004000 0.846849 -0.00539858 0.00083229
1005000 0.836876 -0.0104258 0.000820748
1006000 0.87635 -0.0078604 0.000858364
1007000 0.866659 -0.0216724 0.000840444
1008000 0.844962 -0.019017 0.000818214
1009000 0.83986 -0.0106845 0.000820272
1010000 0.880886 -0.00465766 0.000869477
1011000 0.849854 -0.0048805 0.000837276
1012000 0.826573 -0.00679504 0.00081233
1013000 0.862261 -0.00673368 0.000847218
1014000 0.871665 -0.00469783 0.000858387
1015000 0.848388 -0.00345923 0.000834994
1016000 0.848186 -0.00659902 0.000836004
1017000 0.828438 -0.0084925 0.000814378
1018000 0.843729 -0.00872375 0.000830956
1019000 0.853997 -0.00229126 0.000841933
1020000 0.853934 -0.00660654 0.000848136
1021000 0.842003 -0.00653707 0.000827487
1022000 0.860546 -0.00725715 0.000846223
1023000 0.848032 -0.00344722 0.00083722
1024000 0.859919 -0.00651831 0.00085042
1025000 0.857559 -0.0128632 0.000840254
1026000 0.828853 -0.0107341 0.000816023
1027000 0.82571 -0.00652839 0.000811965
1028000 0.88346 -0.00514202 0.000867403
1029000 0.838823 -0.0100796 0.000817934
1030000 0.832624 -0.00540648 0.000819717
1031000 0.859117 -0.00669978 0.000846265
1032000 0.831814 -0.00819963 0.000823327
1033000 0.874135 -0.00435554 0.000860326
1034000 0.854426 -0.00460634 0.00084624
1035000 0.858357 -0.00576839 0.000846925
1036000 0.869087 -0.00432191 0.000855491
1037000 0.821354 -0.00636172 0.000809507
1038000 0.87371 -0.00593674 0.000864201
1039000 0.84297 -0.00425703 0.000830362
1040000 0.838368 -0.00573114 0.000826777
1041000 0.865839 -0.00915873 0.000850318
1042000 0.866128 -0.0126638 0.000849126
1043000 0.822903 -0.00972512 0.000807817
1044000 0.859697 -0.0140135 0.00084243
1045000 0.839511 -0.0105705 0.000821518
1046000 0.841413 -0.0195638 0.000816502
1047000 0.854935 -0.0203221 0.000827079
1048000 0.85158 -0.0235398 0.000832681
1049000 0.829518 -0.0292509 0.000802146
1050000 0.849133 -0.0284181 0.000823615
1051000 0.865127 -0.0287689 0.000834023
1052000 0.860713 -0.0178748 0.000839222
1053000 0.85052 -0.0200548 0.000829235
1054000 0.833597 -0.0120892 0.00081935
1055000 0.853191 -0.0116152 0.000839252
1056000 0.864391 -0.0136137 0.000850318
1057000 0.824071 -0.0181102 0.000804754
1058000 0.8569 -0.0190937 0.000838787
1059000 0.845072 -0.0131915 0.000832223
1060000 0.845034 -0.0115904 0.000830331
1061000 0.843486 -0.02157 0.000827432
1062000 0.84756 -0.0117868 0.000834451
1063000 0.856863 -0.0164878 0.000835864
1064000 0.853257 -0.0203419 0.00083242
1065000 0.864289 -0.0130129 0.000847875
1066000 0.862829 -0.0106402 0.000846355
1067000 0.867492 -0.0152457 0.000853283
1068000 0.839615 -0.0160885 0.000822134
1069000 0.843132 -0.0135332 0.00082765
1070000 0.855799 -0.0165342 0.000837615
1071000 0.841333 -0.0110956 0.000828066
1072000 0.877229 -0.0188873 0.000858748
1073000 0.836559 -0.0269666 0.000807651
1074000 0.843594 -0.0154735 0.000828523
1075000 0.878709 -0.016764 0.000866092
1076000 0.82967 -0.0161814 0.000812307
1077000 0.847014 -0.0198626 0.000826475
1078000 0.861361 -0.0189884 0.000840794
1079000 0.87226 -0.0115866 0.000855877
1080000 0.853393 -0.0134357 0.000839874
1081000 0.850674 -0.0120639 0.000832358
1082000 0.848625 -0.0144825 0.000833612
1083000 0.861697 -0.013068 0.000846122
1084000 0.84567 -0.0188706 0.0008262
1085000 0.870394 -0.0141949 0.000853916
1086000 0.881609 -0.0158799 0.000864635
1087000 0.865823 -0.0123778 0.000849951
1088000 0.839695 -0.0207113 0.000817833
1089000 0.871391 -0.00832999 0.00085758
1090000 0.859034 -0.00715652 0.000843395
1091000 0.856483 -0.00525818 0.000841922
1092000 0.847698 -0.00426933 0.000836709
1093000 0.850546 -0.00984211 0.000830821
1094000 0.860861 -0.00541663 0.000851889
1095000 0.83247 -0.0120796 0.000814873
1096000 0.87771 -0.00512734 0.000868641
1097000 0.855585 -0.0076185 0.000844155
1098000 0.83501 -0.00640108 0.000825156
1099000 0.825742 -0.00465754 0.000811951
1100000 0.871284 -0.00788522 0.000860021
