# Time-averaged data for fix 2
# TimeStep v_Temperature v_PotentialEnergy v_Pressure
1000 2.03237 -0.0088946 0.00200826
2000 2.06676 -0.00244177 0.00205043
3000 1.98245 -0.00481684 0.0019605
4000 1.94671 -0.00426174 0.00192536
5000 1.9969 -0.0047651 0.0019742
6000 2.01554 -0.00328624 0.00199221
7000 2.02145 -0.00384391 0.00199791
8000 2.00653 -0.00439067 0.00198549
9000 2.00931 -0.00380635 0.0019907
10000 1.97275 -0.00353396 0.00195343
11000 2.05297 -0.0024356 0.00203156
12000 2.01717 -0.00397345 0.00199294
13000 2.01149 -0.00370819 0.00199153
14000 1.96585 -0.00578462 0.00194095
15000 2.05054 -0.00725981 0.00202648
16000 1.95292 -0.00375286 0.00193148
17000 2.00509 -0.00822942 0.00197586
18000 2.01925 -0.00387658 0.00199983
19000 1.94045 -0.00695588 0.00191628
20000 1.9728 -0.00602638 0.00194746
21000 2.03238 -0.00569523 0.00201281
22000 1.98026 -0.00869389 0.00195726
23000 1.90839 -0.00864584 0.00187994
24000 2.01695 -0.00682992 0.00198969
25000 1.97114 -0.00807303 0.00195051
26000 2.08724 -0.00785546 0.00206404
27000 1.94446 -0.00457193 0.00192386
28000 2.06094 -0.00304637 0.00204303
29000 1.90764 -0.00540108 0.00188697
30000 1.98797 -0.0118546 0.00196628
31000 2.04355 -0.00516354 0.00201736
32000 1.99196 -0.0071263 0.00196671
33000 2.00387 -0.00659203 0.0019829
34000 1.97366 -0.0106167 0.0019505
35000 1.94334 -0.0139164 0.00191736
36000 2.05641 -0.0120475 0.00203786
37000 1.98435 -0.0115743 0.00195822
38000 2.01374 -0.00967752 0.00198713
39000 1.998 -0.00708794 0.0019779
40000 2.00321 -0.00496882 0.00197923
41000 2.04905 -0.00679052 0.00203112
42000 1.99743 -0.00443185 0.00197937
43000 1.97456 -0.00730207 0.00195795
44000 1.99411 -0.00692277 0.00196841
45000 1.99069 -0.00707192 0.00196651
46000 2.01412 -0.00544823 0.0019934
47000 1.96575 -0.00348189 0.0019464
48000 2.03289 -0.00433695 0.00200812
49000 2.00666 -0.00435575 0.00198606
50000 2.02624 -0.00333704 0.00200766
51000 2.07985 -0.00534971 0.00205755
52000 2.03195 -0.00457233 0.00201173
53000 1.96534 -0.00234099 0.00194279
54000 2.02735 -0.00804473 0.00200141
55000 1.98757 -0.00656813 0.00196086
56000 1.99227 -0.00698738 0.00196212
57000 2.04028 -0.00401297 0.00201912
58000 1.95732 -0.00583772 0.00193423
59000 2.0146 -0.00376277 0.00199981
60000 2.05419 -0.00318754 0.00202887
61000 1.99525 -0.00584717 0.00197058
62000 2.01678 -0.00224403 0.00199226
63000 2.08032 -0.00490102 0.00205328
64000 2.05262 -0.00337767 0.00203719
65000 1.97502 -0.00161661 0.00195223
66000 1.97983 -0.00511472 0.00195764
67000 2.07441 -0.00626503 0.00205098
68000 1.94271 -0.00461807 0.00192349
69000 1.95972 -0.00411435 0.00193634
70000 2.02663 -0.00586396 0.00200254
71000 2.00291 -0.00303237 0.00198093
72000 2.00227 -0.00667309 0.00197502
73000 1.99775 -0.00426517 0.00197407
74000 1.95814 -0.00859005 0.0019321
75000 2.01925 -0.0143373 0.00199036
76000 2.04504 -0.0055939 0.00201783
77000 1.93098 -0.00731786 0.00191285
78000 2.02357 -0.00539064 0.00199815
79000 1.98095 -0.00545835 0.00196079
80000 2.03441 -0.00312988 0.00200944
81000 1.93221 -0.00660215 0.00191264
82000 2.06345 -0.00745581 0.00204065
83000 1.95212 -0.00361642 0.00192978
84000 1.97208 -0.00868506 0.00195279
85000 2.00482 -0.00507704 0.00197959
86000 1.91498 -0.00709224 0.00188781
87000 2.02063 -0.00703346 0.00199754
88000 1.98703 -0.00486511 0.00196623
89000 1.9777 -0.00692829 0.00195447
90000 2.00492 -0.00590369 0.00198316
91000 2.01899 -0.00659457 0.00199205
92000 1.9887 -0.00266179 0.00196566
93000 2.01339 -0.00386791 0.0019953
94000 1.99069 -0.00436314 0.00197253
95000 2.01098 -0.00634952 0.00198558
96000 1.9839 -0.0125255 0.00195384
97000 2.01882 -0.0092939 0.00199061
98000 2.00815 -0.00375595 0.00199302
99000 1.99595 -0.00848578 0.00196696
100000 1.98783 -0.00720929 0.00196008
101000 2.01235 -0.00748542 0.00198948
102000 1.99714 -0.0038393 0.00197449
103000 1.97133 -0.00531791 0.00195742
104000 2.00341 -0.00331601 0.00198126
105000 2.04033 -0.00314995 0.00201722
106000 1.98741 -0.00229875 0.00196857
107000 2.00629 -0.00450556 0.00198609
108000 2.01021 -0.00612746 0.00198383
109000 1.98533 -0.00651251 0.00195974
110000 2.03553 -0.0049321 0.00201669
111000 1.94759 -0.00396048 0.00192455
112000 1.98957 -0.00649802 0.0019654
113000 1.9921 -0.0052057 0.00196841
114000 1.97441 -0.00678122 0.00195364
115000 1.99407 -0.00326771 0.00197435
116000 2.03676 -0.00716305 0.00201446
117000 2.01921 -0.00713849 0.00199485
118000 2.02912 -0.00730196 0.00200337
119000 2.02611 -0.00513644 0.00200232
120000 2.02932 -0.005531 0.0020053
121000 2.03052 -0.00629808 0.002009
122000 2.0261 -0.00569101 0.0019995
123000 2.03735 -0.00487827 0.00201537
124000 2.05242 -0.00690355 0.00203183
125000 1.93406 -0.00792178 0.00190727
126000 2.0577 -0.00666787 0.00203972
127000 1.92753 -0.0113403 0.00189851
128000 2.04281 -0.0157624 0.00200986
129000 2.03558 -0.0147485 0.00200563
130000 2.01941 -0.0147351 0.00198751
131000 1.99323 -0.00828458 0.00196757
132000 2.00471 -0.00438167 0.00198093
133000 1.9823 -0.00603685 0.00195799
134000 1.99878 -0.00606252 0.00198022
135000 1.9834 -0.00584036 0.00195825
136000 2.05398 -0.00460511 0.00203189
137000 2.0066 -0.00589524 0.00198816
138000 2.04435 -0.0103626 0.00201743
139000 1.98127 -0.00804677 0.00195663
140000 1.97822 -0.00869497 0.00196395
141000 2.02414 -0.00829019 0.00200374
142000 1.96538 -0.0055042 0.00195449
143000 1.99196 -0.00606974 0.00196236
144000 1.95367 -0.00758811 0.00193097
145000 1.93673 -0.0062406 0.00191023
146000 2.01342 -0.00510947 0.00199555
147000 2.00082 -0.00526846 0.00198198
148000 2.02238 -0.00514399 0.00200405
149000 1.98648 -0.00364108 0.00196414
150000 1.93666 -0.00359105 0.00191241
151000 2.07052 -0.00333746 0.00204767
152000 1.9844 -0.00865448 0.00196119
153000 1.95747 -0.00549748 0.00192915
154000 2.04921 -0.00708011 0.00203148
155000 1.97228 -0.00208024 0.00196245
156000 2.00647 -0.00523964 0.00198364
157000 2.01513 -0.00678281 0.00198973
158000 2.00601 -0.00287765 0.00198412
159000 1.98214 -0.00705654 0.00195646
160000 1.9812 -0.00581986 0.00195671
161000 2.05247 -0.00396757 0.00203232
162000 1.99324 -0.00502225 0.00197484
163000 1.94511 -0.0078411 0.00192141
164000 2.02651 -0.00750194 0.00200276
165000 2.03974 -0.00587822 0.00201491
166000 2.05261 -0.00386616 0.00203105
167000 2.01671 -0.00525256 0.00199054
168000 2.00968 -0.010235 0.00198147
169000 2.00778 -0.00539346 0.00197905
170000 2.06683 -0.00515193 0.00204043
171000 1.97623 -0.0043943 0.00195206
172000 1.9678 -0.00493225 0.00195289
173000 2.04067 -0.00310874 0.00202122
174000 2.01237 -0.00241585 0.00199659
175000 1.93845 -0.00179322 0.00191562
176000 2.05422 -0.00584406 0.00202911
177000 2.04413 -0.00456639 0.00202357
178000 2.00796 -0.00531923 0.0019866
179000 1.93591 -0.00353871 0.00191922
180000 2.01948 -0.0107556 0.00199237
181000 2.06036 -0.00414019 0.00203809
182000 1.98391 -0.00669872 0.00195882
183000 2.03114 -0.00616657 0.00200749
184000 2.00867 -0.0045186 0.00198229
185000 1.97175 -0.0072372 0.00195162
186000 1.99551 -0.00753976 0.00196535
187000 1.9891 -0.0040676 0.00197141
188000 1.98005 -0.00834936 0.00195727
189000 1.93378 -0.00536508 0.00191198
190000 1.96859 -0.00837747 0.00194228
191000 1.96582 -0.00229936 0.00194387
192000 2.00004 -0.00645832 0.00198714
193000 1.93838 -0.00510057 0.00192214
194000 2.02711 -0.00505431 0.00201295
195000 1.974 -0.00644221 0.00195132
196000 1.9658 -0.00666928 0.00194871
197000 2.03341 -0.00859431 0.00201163
198000 1.94335 -0.00839378 0.00191521
199000 2.03917 -0.0101406 0.00201197
200000 1.99038 -0.00623332 0.00196556
201000 2.01225 -0.00551703 0.0019982
202000 1.99521 -0.00483006 0.00197252
203000 2.03474 -0.00551619 0.00200861
204000 1.98621 -0.00329068 0.00196449
205000 2.03427 -0.00380916 0.00201065
206000 1.99192 -0.00863242 0.00196876
207000 1.92303 -0.00354797 0.00190103
208000 2.02553 -0.00695155 0.00199889
209000 2.01782 -0.00459337 0.00199343
210000 2.04987 -0.00970794 0.00202627
211000 1.93132 -0.0122814 0.00190474
212000 2.04478 -0.00393707 0.00202705
213000 1.96589 -0.00790183 0.00194508
214000 1.99459 -0.00770583 0.00197106
215000 2.00482 -0.00259751 0.00199039
216000 2.04779 -0.00662304 0.00202254
217000 2.01087 -0.00430943 0.00198642
218000 2.00972 -0.00347432 0.00198826
219000 2.0283 -0.0105953 0.00200288
220000 1.96002 -0.00471638 0.00194043
221000 2.00892 -0.00396518 0.00198483
222000 1.97375 -0.00575003 0.00195362
223000 2.05551 -0.00500872 0.00203569
224000 1.99145 -0.00427624 0.00196914
225000 2.01654 -0.00483775 0.00199606
226000 1.97445 -0.00538684 0.00195101
227000 1.93044 -0.00640683 0.00190987
228000 1.98749 -0.00435132 0.00196849
229000 2.08764 -0.00535607 0.00206807
230000 1.96706 -0.00440055 0.00194354
231000 1.95618 -0.00962485 0.00193531
232000 2.09048 -0.00640368 0.00206602
233000 1.91199 -0.00252346 0.00189005
234000 2.03921 -0.00859313 0.00201023
235000 2.01123 -0.00440979 0.00198871
236000 2.0258 -0.00457702 0.00200504
237000 2.04059 -0.0045941 0.00201746
238000 1.94346 -0.00908109 0.00191375
239000 2.06351 -0.00446179 0.00204037
240000 1.95707 -0.00451081 0.00193318
241000 1.98113 -0.00603077 0.00195653
242000 1.98513 -0.00544869 0.00196206
243000 2.03678 -0.0060335 0.0020216
244000 1.97829 -0.00977414 0.00194874
245000 1.98089 -0.00390217 0.00195865
246000 1.96856 -0.00732308 0.00194975
247000 2.02804 -0.00468122 0.00200747
248000 2.04203 -0.00898468 0.00202602
249000 1.9467 -0.00806135 0.00192697
250000 2.03344 -0.00735641 0.00201354
251000 2.0429 -0.00288507 0.00202456
252000 1.93815 -0.00739638 0.00191163
253000 2.07243 -0.00480346 0.0020511
254000 2.02932 -0.00388721 0.00200927
255000 1.92758 -0.00646832 0.00190504
256000 2.0415 -0.00715565 0.00201953
257000 1.97215 -0.00964454 0.00194709
258000 2.04398 -0.00868294 0.00203071
259000 1.96117 -0.00362107 0.00193683
260000 1.96458 -0.00883521 0.00194183
261000 2.06201 -0.0048363 0.00204047
262000 1.95879 -0.00681616 0.00194106
263000 1.95196 -0.0075772 0.00193123
264000 1.97969 -0.00973637 0.001957
265000 1.97368 -0.00753043 0.00194795
266000 1.95643 -0.00446194 0.00193007
267000 2.04993 -0.00749899 0.00202681
268000 1.95691 -0.00622932 0.00193394
269000 2.0202 -0.0066823 0.00199376
270000 1.99731 -0.00642408 0.00197165
271000 2.00579 -0.00667933 0.00198157
272000 2.00003 -0.00627238 0.0019719
273000 1.99501 -0.00479557 0.00197304
274000 2.01458 -0.00351046 0.00199202
275000 1.95542 -0.00390367 0.00193226
276000 2.05148 -0.00689203 0.00203054
277000 1.98877 -0.00261311 0.00196614
278000 1.96886 -0.00468967 0.00194811
279000 2.04599 -0.00310637 0.00202357
280000 1.96462 -0.00290789 0.00194549
281000 2.01184 -0.00512741 0.00199398
282000 2.06188 -0.00910256 0.00203997
283000 1.9397 -0.00558072 0.00191347
284000 1.95199 -0.00559345 0.00192941
285000 2.02835 -0.00372616 0.0020102
286000 2.00331 -0.00333223 0.00198271
287000 1.97263 -0.00370816 0.00195303
288000 1.96879 -0.00964306 0.00194139
289000 2.03776 -0.00371782 0.00202523
290000 2.01474 -0.00763131 0.0019905
291000 2.00972 -0.00828245 0.0019841
292000 1.98978 -0.00146203 0.00197083
293000 2.01716 -0.00500528 0.00199563
294000 1.98778 -0.00678103 0.00197077
295000 2.0219 -0.00525882 0.00199929
296000 2.01472 -0.00521473 0.00199372
297000 1.9651 -0.00379799 0.00194446
298000 1.97334 -0.0060066 0.00195422
299000 2.02054 -0.00867553 0.00199486
300000 2.05748 -0.0115386 0.00204292
301000 1.94157 -0.00530586 0.0019212
302000 1.97124 -0.00507539 0.00194616
303000 2.05886 -0.00655871 0.00203798
304000 2.01378 -0.00423899 0.00199156
305000 1.94092 -0.00751294 0.0019195
306000 2.02273 -0.00575285 0.00199941
307000 2.003 -0.00674133 0.00197888
308000 1.96589 -0.00853567 0.00194801
309000 1.92603 -0.00526096 0.00190148
310000 1.94095 -0.00729574 0.00191565
311000 1.99992 -0.0082234 0.00197598
312000 1.96437 -0.00388873 0.00194813
313000 1.92775 -0.00629794 0.00190067
314000 2.03151 -0.0064281 0.00200842
315000 1.97528 -0.00560977 0.00195424
316000 1.97229 -0.00293748 0.00194865
317000 2.07181 -0.00462337 0.00205399
318000 1.95217 -0.00598028 0.00193692
319000 2.03353 -0.00522289 0.00201374
320000 2.03393 -0.00577206 0.00200866
321000 1.93694 -0.00815452 0.00192421
322000 2.03554 -0.0036698 0.00201441
323000 1.98418 -0.00610487 0.00196472
324000 2.02031 -0.00493726 0.00200347
325000 1.99206 -0.0036842 0.00197884
326000 1.97931 -0.00634493 0.00196224
327000 2.02501 -0.00212896 0.00200506
328000 2.02128 -0.0051342 0.0019947
329000 1.94497 -0.0054003 0.0019203
330000 2.07354 -0.00804051 0.00205198
331000 1.91512 -0.00372981 0.00189759
332000 2.04343 -0.00880041 0.00201723
333000 2.03426 -0.00621027 0.00201189
334000 2.03091 -0.00446532 0.00200989
335000 2.00291 -0.00748417 0.00197415
336000 1.95685 -0.0109313 0.00192596
337000 2.00599 -0.00412217 0.00198226
338000 1.96941 -0.00458843 0.00194981
339000 1.97874 -0.0043169 0.0019589
340000 1.97851 -0.00339774 0.00195551
341000 2.03611 -0.00326291 0.00201416
342000 1.92925 -0.00565288 0.00191099
343000 2.05936 -0.00538733 0.00203019
344000 2.04135 -0.00716702 0.00201645
345000 1.96404 -0.00401797 0.00194946
346000 1.99704 -0.00539737 0.00197968
347000 2.01701 -0.00611726 0.00199479
348000 1.96459 -0.00670985 0.00193912
349000 2.04634 -0.00897797 0.00202245
350000 1.98775 -0.00349979 0.00196736
351000 1.97125 -0.00859681 0.0019538
352000 2.02315 -0.0168271 0.00199128
353000 1.99259 -0.0139048 0.00196837
354000 2.01539 -0.0120282 0.00198939
355000 1.98268 -0.0141105 0.00195456
356000 2.01416 -0.0156424 0.00198806
357000 2.00168 -0.0120802 0.00197757
358000 1.99076 -0.0116345 0.00196778
359000 2.04567 -0.012532 0.00203138
360000 1.9463 -0.0114116 0.00192109
361000 1.9913 -0.0136833 0.00197045
362000 2.05546 -0.0123596 0.00202742
363000 1.95274 -0.0137039 0.00192372
364000 1.99123 -0.0169693 0.00196392
365000 2.00808 -0.019535 0.00198138
366000 2.02922 -0.0195472 0.00199735
367000 2.05883 -0.0217248 0.00203517
368000 1.9794 -0.0236824 0.00194788
369000 2.02645 -0.0204759 0.0019947
370000 2.03163 -0.021937 0.00199802
371000 1.93777 -0.0183332 0.00190874
372000 2.07718 -0.0243542 0.00205147
373000 1.99035 -0.0202489 0.00196445
374000 2.03516 -0.0149967 0.00200601
375000 2.0585 -0.0104656 0.00203698
376000 1.94064 -0.00863668 0.00191942
377000 2.01195 -0.0163138 0.00198373
378000 2.02843 -0.0134021 0.00200778
379000 2.03819 -0.012454 0.0020083
380000 2.04903 -0.0110628 0.00203221
381000 1.96212 -0.0122694 0.0019425
382000 2.06329 -0.00817728 0.00203753
383000 1.96633 -0.00948287 0.0019407
384000 2.03101 -0.0095636 0.00200421
385000 2.00906 -0.0119768 0.00198428
386000 1.98554 -0.0146855 0.00195471
387000 1.97574 -0.00652866 0.0019532
388000 2.00304 -0.00871079 0.00197977
389000 2.01896 -0.00438237 0.00199577
390000 1.97687 -0.0055714 0.00195453
391000 2.0113 -0.00509922 0.00198702
392000 2.03351 -0.0054309 0.00201194
393000 1.96738 -0.00303453 0.00194638
394000 1.96888 -0.0089073 0.00194282
395000 1.97152 -0.00870035 0.00193965
396000 1.98267 -0.00521602 0.00196303
397000 2.03693 -0.00325832 0.00201708
398000 1.99631 -0.00672778 0.0019679
399000 1.95505 -0.00134688 0.00193286
400000 1.98973 -0.00592207 0.00196779
401000 2.01728 -0.00432815 0.00199738
402000 1.98454 -0.00281323 0.00196819
403000 2.03511 -0.00216259 0.00201265
404000 2.01577 -0.00292053 0.00199498
405000 2.00545 -0.0114095 0.00197918
406000 1.95582 -0.00516536 0.0019377
407000 1.94984 -0.00210369 0.00192941
408000 2.00497 -0.00369102 0.00197962
409000 1.99944 -0.00666771 0.00197359
410000 1.957 -0.00450911 0.0019374
411000 2.00985 -0.0062725 0.00198395
412000 2.00679 -0.00744572 0.0019772
413000 2.01353 -0.00452124 0.00199496
414000 1.98291 -0.00564904 0.00196064
415000 2.03546 -0.00834252 0.00200696
416000 1.93857 -0.00783699 0.00192041
417000 2.00874 -0.00298243 0.00198506
418000 1.99081 -0.00392017 0.00197301
419000 2.07403 -0.00647392 0.00205031
420000 1.99658 -0.00875255 0.00198074
421000 1.99201 -0.00335974 0.00196723
422000 2.05965 -0.00410958 0.00203985
423000 2.01573 -0.00715735 0.00199046
424000 2.01921 -0.01422 0.00199494
425000 1.95275 -0.0190029 0.0019269
426000 2.00959 -0.0152609 0.0019803
427000 2.04794 -0.0167071 0.00202152
428000 2.03768 -0.0170035 0.00201528
429000 2.0192 -0.0140137 0.00199532
430000 1.99713 -0.0120878 0.00196706
431000 1.93777 -0.0170934 0.0019121
432000 2.04887 -0.0180028 0.00202029
433000 1.92403 -0.0140393 0.00189537
434000 2.06577 -0.0124955 0.00203702
435000 2.03732 -0.0109387 0.00201095
436000 1.99937 -0.023269 0.00195947
437000 1.96071 -0.0216232 0.00193101
438000 2.04135 -0.0167249 0.00200613
439000 2.05139 -0.0123518 0.00202187
440000 1.98665 -0.0114435 0.00196666
441000 2.03178 -0.00832752 0.00200525
442000 2.00538 -0.013471 0.00198263
443000 2.00703 -0.00690633 0.00198199
444000 1.9586 -0.00580354 0.00194101
445000 2.01477 -0.00621022 0.00199683
446000 1.99252 -0.00551086 0.00196784
447000 2.03765 -0.00739304 0.00201466
448000 2.06425 -0.00648258 0.00204532
449000 2.06744 -0.00752116 0.00204741
450000 1.97707 -0.00456717 0.00196773
451000 1.97528 -0.00792828 0.00195382
452000 2.01411 -0.00391813 0.00199232
453000 1.98166 -0.00463913 0.00196618
454000 1.99575 -0.00749893 0.00196921
455000 2.01934 -0.00419281 0.00199444
456000 1.96944 -0.00446576 0.00195018
457000 2.037 -0.00495318 0.00201432
458000 1.98105 -0.00929094 0.00195946
459000 2.00078 -0.00483596 0.00197923
460000 2.05459 -0.00494475 0.00203283
461000 2.02529 -0.00620645 0.00200323
462000 1.95966 -0.0041993 0.00194331
463000 2.01126 -0.00522825 0.00199159
464000 1.96812 -0.00613873 0.00194559
465000 1.97851 -0.0059531 0.00195298
466000 2.01359 -0.00750556 0.00199731
467000 1.93966 -0.00455701 0.00191953
468000 2.01003 -0.00342706 0.00199234
469000 2.01397 -0.0094215 0.00199715
470000 1.99824 -0.00514538 0.00197248
471000 2.01055 -0.0040227 0.0019924
472000 2.03603 -0.00638775 0.0020164
473000 2.00034 -0.00962348 0.0019708
474000 1.99255 -0.00686677 0.00197421
475000 1.95748 -0.00484316 0.00193505
476000 2.039 -0.00193931 0.00202241
477000 1.9965 -0.00669199 0.0019752
478000 1.9395 -0.00372457 0.00191711
479000 2.03106 -0.00167355 0.00201225
480000 1.98276 -0.00649187 0.00196791
481000 1.97485 -0.0081279 0.00194704
482000 2.06243 -0.00713816 0.00204065
483000 2.04264 -0.00372757 0.00202968
484000 1.9345 -0.00331328 0.00191561
485000 2.02061 -0.00609126 0.00200178
486000 2.01285 -0.00934556 0.00199061
487000 1.95414 -0.00729502 0.00193591
488000 2.01502 -0.00795748 0.0019892
489000 2.02102 -0.00581093 0.00199667
490000 2.0322 -0.0125281 0.00200789
491000 1.97711 -0.0116984 0.0019503
492000 2.04377 -0.00713584 0.00202775
493000 2.0209 -0.00550287 0.00200136
494000 2.03538 -0.00805096 0.00201088
495000 2.01487 -0.00859219 0.00199252
496000 1.96376 -0.00768713 0.00194092
497000 2.01004 -0.00799837 0.00199314
498000 2.00619 -0.00464057 0.00198532
499000 2.06596 -0.00333098 0.00204126
500000 1.96602 -0.00569707 0.00194333
501000 1.99897 -0.00452189 0.00197541
502000 1.99954 -0.00480989 0.00197969
503000 2.02285 -0.00782717 0.00200007
504000 1.97773 -0.00947231 0.00195068
505000 1.96836 -0.00886113 0.00194556
506000 1.96127 -0.00434338 0.00194315
507000 1.97597 -0.00614325 0.00195321
508000 1.95831 -0.00442542 0.00193832
509000 2.0651 -0.00425709 0.0020468
510000 1.98061 -0.00496314 0.00195966
511000 1.93667 -0.0112079 0.00190784
512000 2.04374 -0.011576 0.00203139
513000 2.03288 -0.005616 0.00200742
514000 2.03756 -0.00699869 0.00201258
515000 2.04244 -0.0045477 0.00202686
516000 1.91233 -0.00860763 0.00189352
517000 2.03286 -0.00603891 0.00201242
518000 2.0165 -0.00534391 0.00199237
519000 2.02777 -0.00638072 0.00200525
520000 2.01961 -0.00672166 0.0019952
521000 2.04395 -0.00573358 0.00202204
522000 2.02991 -0.00375652 0.00200678
523000 1.97946 -0.00776299 0.00195186
524000 1.994 -0.00915508 0.00196917
525000 1.97689 -0.00554261 0.00195448
526000 2.053 -0.00968765 0.00202779
527000 1.97191 -0.00474858 0.00195409
528000 2.02353 -0.00359581 0.00199721
529000 2.02326 -0.00316467 0.00200077
530000 1.96481 -0.0107747 0.00194438
531000 1.97015 -0.00604221 0.00194619
532000 2.06551 -0.00796717 0.00203506
533000 1.96225 -0.00506142 0.0019359
534000 2.02597 -0.0078054 0.002
535000 2.03156 -0.00140786 0.00201128
536000 2.01975 -0.0075185 0.00199165
537000 2.02751 -0.00783738 0.00200099
538000 2.02718 -0.00806429 0.00200505
539000 2.03324 -0.00258033 0.00201176
540000 2.04615 -0.013126 0.00202418
541000 2.01094 -0.00895873 0.00198875
542000 1.95423 -0.0134507 0.00192821
543000 1.98984 -0.00989768 0.00196687
544000 2.00097 -0.0108894 0.00197855
545000 1.98446 -0.0052557 0.00196377
546000 1.93905 -0.0083151 0.00191291
547000 2.01475 -0.00368203 0.00199221
548000 2.0422 -0.00586378 0.00201807
549000 1.99463 -0.00401156 0.00196965
550000 2.0426 -0.00569766 0.00201711
551000 1.97396 -0.00662967 0.0019501
552000 2.06098 -0.00411541 0.00203857
553000 1.95544 -0.00473847 0.00193466
554000 2.00959 -0.00233431 0.00199426
555000 2.01458 -0.00387494 0.00199457
556000 1.95524 -0.00373961 0.00193109
557000 2.03854 -0.00445393 0.00201249
558000 1.99742 -0.00292116 0.00197415
559000 2.00298 -0.00579223 0.00197797
560000 1.99508 -0.00120158 0.00197285
561000 1.97686 -0.00468402 0.00195697
562000 2.02441 -0.00721675 0.0020007
563000 1.97315 -0.00286536 0.00194951
564000 2.03754 -0.00425203 0.00201678
565000 1.97797 -0.00547378 0.00196122
566000 1.99311 -0.00723816 0.00196693
567000 2.01167 -0.00602418 0.00198646
568000 1.98488 -0.00442062 0.00196127
569000 2.04486 -0.00514953 0.00202406
570000 1.96129 -0.00555564 0.00194906
571000 1.95384 -0.00218149 0.001937
572000 2.07353 -0.00299228 0.00204722
573000 1.94357 -0.00407629 0.00192778
574000 2.01733 -0.00606152 0.00199323
575000 1.98203 -0.0109704 0.00195606
576000 2.08068 -0.00594171 0.00205402
577000 1.96889 -0.00830899 0.00194872
578000 1.95072 -0.00628808 0.00192547
579000 2.06686 -0.00942896 0.00204615
580000 1.98878 -0.0133094 0.00196008
581000 2.06408 -0.00829723 0.00204122
582000 1.93252 -0.0044594 0.0019172
583000 1.94497 -0.00640524 0.00191866
584000 2.0401 -0.00614586 0.00201586
585000 2.00763 -0.00991687 0.00197904
586000 1.99641 -0.0162678 0.00197634
587000 2.05069 -0.000449994 0.00203342
588000 1.97906 -0.00609377 0.00196054
589000 2.02033 -0.00674391 0.00200165
590000 1.98169 -0.00396289 0.00196054
591000 1.97248 -0.00366011 0.00195069
592000 1.97297 -0.00793927 0.00194904
593000 2.04852 -0.0129504 0.00202962
594000 1.9912 -0.00998924 0.00197297
595000 1.96424 -0.00821114 0.00194181
596000 2.06654 -0.00670288 0.00204074
597000 2.00129 -0.00741968 0.00197563
598000 2.00537 -0.00576321 0.00198181
599000 1.98157 -0.00707979 0.00195933
600000 1.91931 -0.0110323 0.00188979
601000 2.0265 -0.00321959 0.00200237
602000 2.05329 -0.0075715 0.00202762
603000 1.96434 -0.00379776 0.00194388
604000 2.023 -0.00528991 0.00200376
605000 1.99881 -0.00621622 0.00198115
606000 2.04494 -0.0116999 0.00202146
607000 2.02302 -0.00913653 0.00199526
608000 2.00068 -0.00719034 0.00198143
609000 1.92899 -0.00483693 0.0019111
610000 2.01736 -0.00659507 0.00200027
611000 2.10058 -0.00537681 0.00207885
612000 1.93136 -0.00678944 0.00190547
613000 2.04942 -0.00184026 0.00203163
614000 1.92827 -0.00236638 0.00190988
615000 2.07522 -0.00351473 0.0020571
616000 2.00388 -0.00317579 0.00198125
617000 1.91786 -0.00987184 0.00188912
618000 1.99903 -0.0132027 0.00196666
619000 1.98216 -0.0123551 0.00195995
620000 1.9872 -0.0157128 0.00196602
621000 2.01905 -0.0141964 0.00199141
622000 1.96152 -0.0193969 0.00193699
623000 2.0168 -0.0118029 0.00199216
624000 1.99523 -0.01568 0.00197054
625000 1.97173 -0.0125613 0.00194756
626000 2.00336 -0.012675 0.0019804
627000 2.00521 -0.0170454 0.00197851
628000 2.00293 -0.0143479 0.00197827
629000 1.95575 -0.014953 0.00193257
630000 1.97875 -0.0142406 0.00195572
631000 1.98563 -0.0182516 0.00196878
632000 1.96951 -0.0149726 0.00194568
633000 1.94103 -0.0176236 0.00191607
634000 2.00082 -0.0176053 0.00197025
635000 1.97898 -0.0181523 0.00195142
636000 2.03337 -0.0135024 0.0020069
637000 2.00478 -0.0145879 0.00198391
638000 2.01959 -0.0135302 0.00199675
639000 2.01647 -0.0115997 0.00199302
640000 2.02197 -0.0150786 0.00199698
641000 2.03608 -0.0131863 0.0020116
642000 2.01385 -0.013564 0.00198966
643000 1.97199 -0.0136109 0.00194755
644000 2.06382 -0.016172 0.0020356
645000 2.0813 -0.0185723 0.00205419
646000 2.01494 -0.011475 0.0019892
647000 2.00057 -0.0141085 0.00197968
648000 2.05847 -0.0106446 0.00203746
649000 1.98409 -0.01563 0.00196097
650000 2.01207 -0.0113431 0.00198611
651000 1.97114 -0.0106969 0.00194757
652000 1.97356 -0.0135584 0.00195689
653000 1.97009 -0.0129656 0.00194542
654000 2.02242 -0.00599948 0.00200277
655000 2.0288 -0.00484593 0.0020108
656000 1.98956 -0.00566697 0.00197708
657000 1.98529 -0.00643173 0.00196066
658000 1.90712 -0.00277205 0.00188456
659000 2.01669 -0.00561755 0.00199574
660000 2.03672 -0.00568197 0.00201585
661000 1.92992 -0.00574697 0.00190849
662000 2.06481 -0.00812053 0.00203817
663000 1.94232 -0.00536165 0.00192034
664000 2.03291 -0.00564061 0.00201111
665000 2.01232 -0.0068797 0.00199494
666000 2.01682 -0.00640983 0.00199844
667000 1.95892 -0.00812041 0.00193329
668000 2.01006 -0.00413666 0.00198822
669000 1.98129 -0.00546568 0.00195613
670000 2.02386 -0.00501492 0.00200067
671000 2.02174 -0.00530167 0.00199762
672000 1.94733 -0.00650122 0.00192212
673000 2.02491 -0.00514546 0.00201016
674000 2.01246 -0.00493889 0.00199634
675000 1.97084 -0.00541568 0.00195157
676000 2.05372 -0.00831864 0.00202976
677000 1.96932 -0.00442535 0.0019588
678000 1.96024 -0.00702371 0.00193435
679000 2.03301 -0.00473922 0.0020125
680000 2.00705 -0.00440188 0.00198209
681000 2.00241 -0.00336104 0.00198214
682000 1.99775 -0.00517096 0.00197894
683000 2.05382 -0.0058057 0.0020301
684000 1.97762 -0.00681834 0.00195624
685000 1.98206 -0.00684167 0.00195736
686000 1.99859 -0.00342903 0.00197438
687000 2.01938 -0.00462928 0.00199514
688000 1.98931 -0.00634588 0.00196068
689000 1.96683 -0.00745114 0.00194157
690000 2.01711 -0.00356591 0.00200241
691000 2.01188 -0.00483964 0.00199075
692000 2.00284 -0.00463881 0.00197994
693000 1.97631 -0.00381066 0.00195376
694000 2.05572 -0.00681534 0.00203423
695000 1.95571 -0.00751611 0.00192759
696000 2.02422 -0.0051971 0.00200201
697000 2.01876 -0.00360239 0.00200028
698000 1.99466 -0.0100576 0.00197031
699000 1.99311 -0.00712263 0.00196522
700000 1.96884 -0.00572852 0.00195026
701000 2.04048 -0.00679407 0.00201732
702000 1.96273 -0.00791237 0.00194283
703000 2.03072 -0.0113828 0.00200125
704000 2.0162 -0.00776285 0.00198988
705000 1.93647 -0.00480341 0.00191321
706000 2.05225 -0.00278504 0.00204424
707000 2.05006 -0.0062051 0.0020302
708000 2.00201 -0.00563947 0.00197456
709000 1.98521 -0.00567897 0.00196266
710000 2.01571 -0.00610487 0.00198898
711000 1.99016 -0.00496831 0.00196284
712000 2.00303 -0.00752849 0.0019785
713000 2.07492 -0.00748228 0.00205107
714000 2.00899 -0.00658543 0.00198575
715000 1.95513 -0.00534601 0.0019364
716000 2.07019 -0.0043791 0.00205121
717000 1.97697 -0.0065087 0.00195668
718000 1.97497 -0.00273734 0.00196037
719000 2.02777 -0.00807016 0.00200092
720000 2.02209 -0.00657312 0.00199656
721000 1.97532 -0.00563767 0.00194944
722000 2.03717 -0.00234072 0.00201929
723000 1.94662 -0.00569412 0.00192493
724000 2.07195 -0.00374534 0.00204771
725000 1.93412 -0.00974417 0.00190865
726000 2.00957 -0.01136 0.00197823
727000 2.04783 -0.0142843 0.00201923
728000 1.93891 -0.0115594 0.00191332
729000 2.00554 -0.00755585 0.00197978
730000 2.00264 -0.0129225 0.00197131
731000 2.007 -0.0137197 0.00198373
732000 2.01027 -0.010877 0.00198596
733000 1.97246 -0.0123299 0.00194617
734000 2.0362 -0.0116784 0.00201413
735000 1.96561 -0.0162157 0.00193796
736000 1.97218 -0.00949552 0.00194725
737000 2.06987 -0.00836824 0.00204574
738000 1.95079 -0.0106414 0.00192501
739000 2.02223 -0.0108354 0.00199556
740000 2.03095 -0.0128413 0.00201017
741000 1.94482 -0.0107988 0.00193078
742000 1.9458 -0.00961672 0.00192564
743000 1.9941 -0.00853108 0.0019692
744000 1.97272 -0.00865279 0.00194865
745000 1.93134 -0.00992303 0.00190587
746000 1.97472 -0.010591 0.00195011
747000 1.96074 -0.0123695 0.00193779
748000 2.00492 -0.00933903 0.00198177
749000 2.0185 -0.0137823 0.00199394
750000 1.96451 -0.0101361 0.00194191
751000 2.05235 -0.0125703 0.0020413
752000 2.00426 -0.0163532 0.00197676
753000 1.94535 -0.00819562 0.00192316
754000 2.05106 -0.00815154 0.00202907
755000 1.9517 -0.00977599 0.00193101
756000 2.00603 -0.00644926 0.0019823
757000 2.01865 -0.00605555 0.00199679
758000 2.06536 -0.00772665 0.00203886
759000 1.99016 -0.00790444 0.00196668
760000 1.95258 -0.00653601 0.00193834
761000 1.98315 -0.00668958 0.00196202
762000 1.9982 -0.00993152 0.00197635
763000 2.0357 -0.00166113 0.00201984
764000 1.98135 -0.00640758 0.00195557
765000 1.96519 -0.00614441 0.00194406
766000 2.04146 -0.00577506 0.00201552
767000 1.95379 -0.00543413 0.00193557
768000 2.03388 -0.00581631 0.00200979
769000 2.02015 -0.0138908 0.00199724
770000 1.9603 -0.00408927 0.00194012
771000 2.0475 -0.00637015 0.00202695
772000 2.00351 -0.00581584 0.00197716
773000 1.92096 -0.00244194 0.00190168
774000 2.02629 -0.00990186 0.0020027
775000 1.98216 -0.00652106 0.00196428
776000 2.03357 -0.00468219 0.00201961
777000 2.03139 -0.00219483 0.00200939
778000 1.9866 -0.00462181 0.00196439
779000 1.96896 -0.0044033 0.00194787
780000 2.0942 -0.00609373 0.00206673
781000 1.9532 -0.00533169 0.00193143
782000 2.04856 -0.00363735 0.00202404
783000 2.02963 -0.00685904 0.00200803
784000 1.92364 -0.00797539 0.00189931
785000 2.05521 -0.00980793 0.00202828
786000 1.9398 -0.00867096 0.00191769
787000 1.9874 -0.00336139 0.00196438
788000 2.04038 -0.00251159 0.00201722
789000 1.94472 -0.00986127 0.00191806
790000 1.96079 -0.00327731 0.0019367
791000 2.02069 -0.00878037 0.00199493
792000 1.94645 -0.007147 0.00192557
793000 1.99251 -0.00710992 0.00196492
794000 2.02863 -0.00972472 0.00200211
795000 1.99707 -0.0145819 0.00196662
796000 1.99693 -0.0132354 0.00196637
797000 1.99042 -0.013099 0.00195826
798000 2.03019 -0.0132471 0.00200003
799000 2.01849 -0.0134903 0.00199046
800000 2.02677 -0.00838718 0.00200311
801000 2.00028 -0.0134912 0.00197168
802000 1.98277 -0.00358859 0.00196103
803000 1.97123 -0.00712613 0.00195114
804000 1.98744 -0.00867251 0.00196128
805000 2.02289 -0.00372054 0.00200028
806000 1.99962 -0.00547762 0.00197631
807000 1.94797 -0.00485995 0.00192321
808000 1.99279 -0.00660311 0.00196907
809000 1.99082 -0.00502831 0.00197062
810000 1.98135 -0.00567134 0.00196004
811000 1.9402 -0.003228 0.00192499
812000 2.00359 -0.00501071 0.00198528
813000 1.96424 -0.00578774 0.00194699
814000 1.92634 -0.00393916 0.00190787
815000 1.96283 -0.00444501 0.00193986
816000 1.99613 -0.00519613 0.0019736
817000 2.01853 -0.00407833 0.00199626
818000 2.00276 -0.00697975 0.00198022
819000 2.03662 -0.0057532 0.00201619
820000 2.05696 -0.0078198 0.00202981
821000 1.95266 -0.00419965 0.00193136
822000 2.07912 -0.00220176 0.00205465
823000 1.93472 -0.0106847 0.0019136
824000 2.00116 -0.00944106 0.00197983
825000 2.02858 -0.00881686 0.0020007
826000 1.94209 -0.009671 0.00191549
827000 2.01795 -0.00292033 0.0019929
828000 2.00558 -0.00628744 0.00198376
829000 1.93507 -0.00310907 0.00191755
830000 2.04316 -0.00625364 0.00201722
831000 1.98897 -0.00473429 0.00196376
832000 1.96195 -0.00813296 0.00194125
833000 2.05566 -0.00575869 0.00203015
834000 2.01282 -0.00727303 0.00198678
835000 2.01141 -0.00625438 0.00198643
836000 1.96245 -0.00275869 0.00193885
837000 2.01451 -0.00449597 0.0019886
838000 1.99541 -0.00482752 0.00197019
839000 2.01158 -0.00582011 0.00199417
840000 2.03349 -0.00718825 0.00201311
841000 1.95505 -0.0048315 0.00193224
842000 2.04003 -0.00390298 0.00201708
843000 1.97346 -0.00705152 0.00195044
844000 1.99087 -0.00330314 0.00196856
845000 2.03663 -0.00237813 0.00201939
846000 2.05517 -0.0115241 0.0020292
847000 2.0067 -0.0106897 0.00197742
848000 2.02572 -0.00730765 0.00200986
849000 2.01086 -0.0103509 0.00198109
850000 2.01665 -0.0108912 0.0019882
851000 1.99221 -0.00318964 0.00196989
852000 2.0067 -0.00539479 0.00198621
853000 1.97915 -0.00425169 0.00195614
854000 2.00912 -0.00839603 0.00198756
855000 2.02504 -0.00642791 0.00200244
856000 1.94539 -0.00948171 0.00192167
857000 2.01332 -0.0041847 0.00199154
858000 2.0331 -0.00618402 0.00201102
859000 1.99493 -0.00348275 0.00197098
860000 1.99435 -0.00566177 0.00197278
861000 1.95027 -0.00918934 0.00192551
862000 2.01282 -0.00684989 0.00199556
863000 2.07223 -0.0065267 0.00205398
864000 1.95679 -0.00609091 0.00194641
865000 2.05844 -0.00627847 0.00203247
866000 1.98792 -0.0113894 0.00196005
867000 2.014 -0.00606986 0.00198779
868000 2.00683 -0.00378015 0.0019871
869000 1.98248 -0.00614212 0.00196494
870000 1.94132 -0.0130433 0.00192389
871000 1.98639 -0.00619079 0.00196211
872000 2.00172 -0.00824573 0.00198188
873000 1.97459 -0.00649829 0.00195203
874000 1.95963 -0.00406975 0.00194147
875000 2.0719 -0.00350555 0.00205009
876000 1.92267 -0.00312961 0.00190628
877000 2.01937 -0.00535403 0.0019971
878000 1.98158 -0.00321285 0.00196973
879000 1.97615 -0.00770018 0.00195114
880000 2.05514 -0.00590373 0.00203015
881000 2.07148 -0.00286313 0.0020525
882000 1.96024 -0.00201928 0.00193887
883000 2.00673 -0.00558614 0.00198154
884000 2.00981 -0.00537645 0.00198362
885000 2.00142 -0.00869205 0.00197461
886000 2.00413 -0.00761226 0.00197666
887000 2.01764 -0.00963277 0.00199402
888000 1.9702 -0.00395318 0.00194828
889000 2.00426 -0.00655052 0.00197582
890000 2.02986 -0.00745338 0.00200384
891000 1.9158 -0.00570098 0.00189702
892000 2.08443 -0.00418172 0.0020675
893000 1.99847 -0.00744279 0.00198173
894000 2.01124 -0.00594355 0.00198978
895000 1.92512 -0.00521338 0.00191127
896000 1.98778 -0.00531281 0.00196267
897000 2.00911 -0.00534975 0.00198944
898000 2.01336 -0.00521402 0.00199497
899000 2.0121 -0.00709655 0.00198841
900000 2.00762 -0.00785587 0.00198332
901000 2.03744 -0.0103695 0.00200701
902000 1.92778 -0.0060347 0.00190575
903000 2.07936 -0.00501731 0.00206597
904000 1.96249 -0.00815036 0.00193589
905000 1.96361 -0.00179195 0.00194239
906000 2.03946 -0.00691975 0.00201945
907000 1.96357 -0.00298327 0.00194297
908000 1.94888 -0.00282289 0.0019266
909000 2.00784 -0.00296068 0.00198516
910000 1.96917 -0.00531241 0.00194962
911000 1.97246 -0.00158266 0.00195433
912000 2.0944 -0.00475848 0.00207456
913000 1.9385 -0.00843732 0.00191184
914000 2.05618 -0.00722693 0.00203476
915000 1.92224 -0.00435416 0.0019019
916000 2.05701 -0.00465048 0.00203631
917000 2.01262 -0.00777847 0.00198843
918000 1.99915 -0.0101238 0.00198112
919000 1.9542 -0.0106718 0.00193324
920000 1.9818 -0.00398139 0.00197023
921000 1.95476 -0.00461304 0.0019338
922000 1.93171 -0.00351958 0.00190973
923000 2.01835 -0.00590282 0.00200083
924000 2.0129 -0.00832465 0.0019954
925000 2.03468 -0.00437434 0.00200835
926000 1.97437 -0.00614381 0.00195668
927000 2.00058 -0.00642615 0.00197614
928000 1.97838 -0.00439924 0.00195523
929000 2.01126 -0.00518634 0.00198587
930000 2.02144 -0.00350063 0.00200597
931000 1.94093 -0.00502968 0.00191705
932000 1.97679 -0.00421959 0.0019538
933000 2.04552 -0.00288269 0.002025
934000 2.03169 -0.00375414 0.00200782
935000 1.97466 -0.00468108 0.0019512
936000 2.05226 -0.0049409 0.00203231
937000 2.01073 -0.00607295 0.00198741
938000 1.99062 -0.00470206 0.00196829
939000 1.9494 -0.0108911 0.00192608
940000 1.95169 -0.0117772 0.00192361
941000 1.98679 -0.0205092 0.00195842
942000 1.95155 -0.0105711 0.00192478
943000 2.00733 -0.00608621 0.00198045
944000 2.01852 -0.00720314 0.00199909
945000 1.97307 -0.00427269 0.00195453
946000 1.99867 -0.00773142 0.00197278
947000 1.97367 -0.00654487 0.00194641
948000 1.98258 -0.00733789 0.00195559
949000 2.00286 -0.00632459 0.00198204
950000 2.00892 -0.005073 0.00198938
951000 1.99061 -0.00636592 0.00197006
952000 1.99455 -0.00623412 0.00197415
953000 2.03153 -0.010636 0.00200356
954000 2.01611 -0.0136463 0.00198831
955000 1.94952 -0.0180593 0.00191725
956000 2.04461 -0.0129722 0.00201591
957000 2.03471 -0.015644 0.00200945
958000 2.0034 -0.0122512 0.00197481
959000 1.97494 -0.0123714 0.00194799
960000 2.06481 -0.0152127 0.0020406
961000 2.00304 -0.0156863 0.00197767
962000 2.02291 -0.0101954 0.00200056
963000 1.94494 -0.0134034 0.00191931
964000 1.98862 -0.0118696 0.00196493
965000 1.96406 -0.00939619 0.00194261
966000 1.97503 -0.0108536 0.001947
967000 1.96263 -0.00734192 0.0019452
968000 1.9838 -0.00392312 0.00196064
969000 2.01345 -0.00451021 0.00198995
970000 2.00739 -0.00792462 0.00199363
971000 1.92787 -0.00575695 0.00190508
972000 2.02434 -0.00481699 0.00199943
973000 2.03701 -0.00975393 0.00201279
974000 1.99223 -0.0144767 0.00196111
975000 2.04734 -0.0100228 0.00202423
976000 2.04817 -0.00588743 0.00202658
977000 2.01449 -0.00736862 0.00199275
978000 2.00659 -0.0101881 0.0019819
979000 1.95369 -0.00713451 0.00193044
980000 2.04151 -0.00728392 0.00201677
981000 2.01988 -0.00379564 0.00199621
982000 1.97811 -0.00271488 0.00195602
983000 2.03544 -0.00426286 0.00202093
984000 2.02964 -0.00541933 0.00200652
985000 2.06212 -0.00403697 0.00204188
986000 1.9693 -0.00379381 0.00194961
987000 2.03258 -0.00582116 0.00201069
988000 1.91279 -0.0012842 0.00190131
989000 2.05138 -0.00746056 0.00202905
990000 1.95609 -0.00758574 0.0019374
991000 2.01096 -0.00820689 0.00198971
992000 2.00177 -0.00825038 0.00197904
993000 1.93709 -0.00637211 0.00191087
994000 2.0374 -0.00682319 0.00201307
995000 1.97525 -0.00392954 0.00195634
996000 1.9657 -0.0075804 0.00194212
997000 1.96343 -0.00426821 0.00194213
998000 2.02268 -0.00585121 0.00199739
999000 2.0202 -0.00713444 0.00199723
1000000 1.96832 -0.00387011 0.00194757
1001000 1.98087 -0.00594864 0.00196
1002000 2.0022 -0.00581253 0.00198065
1003000 2.04022 -0.0068233 0.00201641
1004000 1.99161 -0.00735766 0.00196708
1005000 1.9971 -0.00730231 0.00197188
1006000 2.0113 -0.0053459 0.00198562
1007000 1.9992 -0.00527477 0.00197914
1008000 2.04026 -0.00400786 0.00202062
1009000 2.00413 -0.00778316 0.00198055
1010000 2.01225 -0.00442528 0.00198713
1011000 1.94681 -0.00595497 0.00192322
1012000 2.02019 -0.00331022 0.00199673
1013000 2.00754 -0.00139678 0.00198909
1014000 1.96666 -0.00370153 0.00195078
1015000 1.98478 -0.00316673 0.0019647
1016000 2.00338 -0.00861371 0.00197979
1017000 1.99287 -0.00447407 0.00197008
1018000 2.01956 -0.007826 0.00199214
1019000 2.02003 -0.00833775 0.00199634
1020000 2.06986 -0.00871265 0.00204375
1021000 2.03501 -0.00402792 0.00201325
1022000 1.94851 -0.00836472 0.00192197
1023000 1.95391 -0.00769574 0.00193073
1024000 2.07035 -0.00671742 0.00204785
1025000 1.96941 -0.00697212 0.00195074
1026000 1.94323 -0.00537595 0.00191749
1027000 2.07011 -0.00417451 0.00204515
1028000 2.05987 -0.00573589 0.00203956
1029000 1.96543 -0.00439941 0.0019415
1030000 1.9698 -0.00471613 0.00194685
1031000 2.0213 -0.00617392 0.00200451
1032000 2.00135 -0.00558419 0.00197725
1033000 1.98563 -0.00794381 0.00195845
1034000 2.00141 -0.00516259 0.00199003
1035000 1.99319 -0.0051013 0.00196958
1036000 2.01571 -0.00324856 0.00199191
1037000 1.94031 -0.0046545 0.00191842
1038000 1.9681 -0.00745217 0.00195302
1039000 1.98959 -0.0066474 0.001968
1040000 2.08408 -0.00826113 0.00206076
1041000 1.95558 -0.0069942 0.00193328
1042000 1.95846 -0.00400779 0.00193499
1043000 1.97002 -0.00875806 0.00195012
1044000 2.07983 -0.00739728 0.00205004
1045000 1.95391 -0.007086 0.00193316
1046000 1.99518 -0.00398483 0.00197516
1047000 2.04847 -0.00704098 0.00202658
1048000 1.94127 -0.00619772 0.00192799
1049000 1.99951 -0.00522727 0.00198345
1050000 2.05962 -0.00430614 0.00203402
1051000 1.98434 -0.00911394 0.00195472
1052000 1.99321 -0.00695948 0.00196739
1053000 2.02787 -0.00521408 0.00200837
1054000 2.04393 -0.00337055 0.00202135
1055000 1.92475 -0.00343717 0.00190481
1056000 2.05839 -0.00128036 0.00204196
1057000 1.94938 -0.00440931 0.00192688
1058000 1.97974 -0.00587273 0.00195708
1059000 2.08031 -0.0107384 0.00205417
1060000 2.04294 -0.0125066 0.00201692
1061000 1.98635 -0.0127087 0.00196331
1062000 2.03813 -0.0129108 0.00201387
1063000 2.08679 -0.0132177 0.00206513
1064000 1.99767 -0.0147287 0.00197306
1065000 1.93002 -0.0162627 0.00190533
1066000 2.07742 -0.0153441 0.00204685
1067000 1.95084 -0.0152 0.00192141
1068000 2.05965 -0.0161946 0.00203623
1069000 2.03082 -0.0122905 0.00200287
1070000 2.00831 -0.0140157 0.0019825
1071000 1.94939 -0.013152 0.00193163
1072000 2.05031 -0.0139879 0.00202797
1073000 1.9269 -0.0163449 0.00190272
1074000 2.05004 -0.00625674 0.00202359
1075000 2.04646 -0.000731339 0.00203574
1076000 1.96688 -0.00434209 0.00194361
1077000 1.98419 -0.00754913 0.00196006
1078000 2.05614 -0.00798719 0.0020312
1079000 1.93776 -0.00579842 0.00192089
1080000 2.03758 -0.00460492 0.00201483
1081000 2.01217 -0.00515991 0.00199179
1082000 2.03974 -0.0015528 0.00202543
1083000 1.92646 -0.00302747 0.00191037
1084000 2.08818 -0.00568057 0.00206419
1085000 1.94174 -0.0054227 0.00192608
1086000 2.06064 -0.00450806 0.00204159
1087000 1.90953 -0.00565728 0.00188658
1088000 2.00524 -0.0066428 0.00198083
1089000 2.00308 -0.00666941 0.00197831
1090000 2.10136 -0.00989034 0.00207839
1091000 1.94255 -0.00736694 0.00192113
1092000 2.04378 -0.00536055 0.00202387
1093000 1.94943 -0.00495466 0.00192872
1094000 2.04715 -0.00384009 0.00202105
1095000 1.9124 -0.0110493 0.00188444
1096000 2.04272 -0.00859412 0.00201916
1097000 1.97125 -0.00886598 0.00194806
1098000 2.01655 -0.0041461 0.00199928
1099000 2.04616 -0.00560302 0.0020258
1100000 1.95507 -0.00378607 0.00193208
