# Time-averaged data for fix 2
# TimeStep v_Temperature v_PotentialEnergy v_Pressure
1000 1.95666 -0.0639009 0.0190983
2000 1.92628 -0.0587441 0.0189675
3000 1.97861 -0.0548301 0.0194794
4000 2.00213 -0.0638602 0.0195919
5000 1.98956 -0.0643297 0.0194807
6000 2.03438 -0.053045 0.0199916
7000 1.96684 -0.0995065 0.0191047
8000 1.99286 -0.0671181 0.0195232
9000 2.02705 -0.0736754 0.0198653
10000 2.01309 -0.0746149 0.0196323
11000 1.98011 -0.0705715 0.0193265
12000 1.97721 -0.0602341 0.019427
13000 2.05571 -0.0753931 0.0199484
14000 2.06189 -0.0643039 0.0204726
15000 1.99607 -0.0612471 0.0195237
16000 2.02853 -0.0594625 0.0199126
17000 1.9476 -0.0596769 0.0190445
18000 1.96074 -0.0578112 0.0191182
19000 2.03288 -0.0839771 0.01971
20000 2.00236 -0.088064 0.0194349
21000 2.04481 -0.0733338 0.0200246
22000 2.00394 -0.073908 0.0196775
23000 1.97401 -0.0857404 0.0191053
24000 1.99767 -0.0752989 0.0194882
25000 2.04171 -0.0719679 0.0198414
26000 2.09425 -0.081214 0.020362
27000 1.97749 -0.0660263 0.0192341
28000 1.91873 -0.0649582 0.0188331
29000 2.05905 -0.0650893 0.0200971
30000 2.00605 -0.0695604 0.0196543
31000 2.06982 -0.0787402 0.0200832
32000 1.99703 -0.0844941 0.0196907
33000 2.0255 -0.077679 0.0197603
34000 1.99721 -0.055268 0.0196041
35000 2.00573 -0.0707264 0.0195979
36000 2.0049 -0.0609024 0.0195007
37000 2.01794 -0.0714406 0.019764
38000 1.92662 -0.0783852 0.0185661
39000 2.07046 -0.0764436 0.0201068
40000 1.99443 -0.0659548 0.01962
41000 1.96303 -0.0618692 0.0191563
42000 1.98989 -0.0697832 0.0193697
43000 2.03285 -0.0670914 0.0199208
44000 1.96278 -0.0646254 0.0191869
45000 2.0089 -0.0512651 0.0195527
46000 1.97435 -0.0673969 0.0194334
47000 2.02436 -0.0721077 0.0198633
48000 2.00572 -0.0590307 0.0197114
49000 2.01341 -0.052464 0.0197115
50000 1.95451 -0.049711 0.0193881
51000 2.06304 -0.0607919 0.0201992
52000 1.98359 -0.0655132 0.0193453
53000 1.93908 -0.0507832 0.0190704
54000 2.04695 -0.0448114 0.0200392
55000 2.06501 -0.0585992 0.0202105
56000 1.97305 -0.0558322 0.0192158
57000 1.97306 -0.0738535 0.019424
58000 1.98893 -0.0766078 0.0195542
59000 2.01641 -0.0844876 0.019555
60000 1.99303 -0.073673 0.0197067
61000 2.0397 -0.0731855 0.0198465
62000 2.01773 -0.0635206 0.0197668
63000 2.01753 -0.0664221 0.0197659
64000 2.03808 -0.0544846 0.020072
65000 1.999 -0.0771563 0.0196306
66000 1.97376 -0.0670412 0.0191797
67000 1.99061 -0.0600148 0.0196801
68000 1.98323 -0.0676029 0.0194946
69000 1.91412 -0.0756015 0.0185196
70000 1.97233 -0.0780835 0.0192504
71000 2.04241 -0.0809141 0.0199253
72000 1.98825 -0.0787562 0.0194383
73000 1.9334 -0.0783539 0.0188245
74000 2.0704 -0.0591295 0.0203524
75000 1.96112 -0.048202 0.0191609
76000 2.02684 -0.0456541 0.0199033
77000 1.99606 -0.0781768 0.0195985
78000 2.05629 -0.0607262 0.020068
79000 2.00431 -0.0616533 0.0197698
80000 1.94589 -0.0656519 0.0190014
81000 2.00493 -0.0715602 0.0194383
82000 2.03809 -0.08478 0.019741
83000 2.00676 -0.0714543 0.0196486
84000 1.97524 -0.0554698 0.0193893
85000 2.03893 -0.0615399 0.0201182
86000 1.9735 -0.065549 0.0192565
87000 1.97396 -0.0545983 0.0192334
88000 1.98942 -0.0512459 0.0195026
89000 2.01088 -0.0716796 0.0197671
90000 2.00968 -0.0530163 0.0195048
91000 1.98624 -0.0699446 0.0193629
92000 2.0318 -0.0897663 0.0196877
93000 2.00445 -0.0683574 0.0196797
94000 2.02346 -0.0626167 0.0197194
95000 1.9868 -0.052028 0.0193727
96000 1.97116 -0.0645483 0.0193429
97000 2.04977 -0.0791303 0.019825
98000 2.0486 -0.0799607 0.0200781
99000 1.97052 -0.0883248 0.0191648
100000 2.02559 -0.0609052 0.0198704
101000 2.02699 -0.0570217 0.0200339
102000 2.01797 -0.0572097 0.0198345
103000 2.01289 -0.0618128 0.0197707
104000 1.992 -0.0512067 0.0194168
105000 2.04416 -0.0721544 0.0198143
106000 1.98994 -0.0744138 0.0195162
107000 2.02757 -0.075587 0.0198837
108000 2.00896 -0.0912024 0.0193443
109000 1.9856 -0.083799 0.0192754
110000 2.05054 -0.09413 0.0200289
111000 1.95217 -0.0840505 0.0189896
112000 1.99742 -0.0597287 0.0195706
113000 2.04808 -0.0682009 0.0201308
114000 1.94722 -0.0735196 0.0190602
115000 1.98379 -0.0805694 0.0193305
116000 1.99976 -0.0638824 0.0194583
117000 2.02715 -0.0720073 0.0198114
118000 2.01638 -0.0688076 0.0196147
119000 2.03505 -0.0753991 0.0197467
120000 2.01992 -0.0713338 0.0199604
121000 2.01623 -0.0630012 0.0197725
122000 2.0116 -0.0687472 0.0195393
123000 1.94828 -0.0728402 0.0190207
124000 2.01915 -0.0734792 0.0197223
125000 2.0298 -0.0672087 0.0198844
126000 1.99996 -0.049723 0.0197026
127000 1.94354 -0.0727026 0.019027
128000 1.95717 -0.0679109 0.0191578
129000 1.99908 -0.0573218 0.0196844
130000 1.98676 -0.058307 0.0194397
131000 2.04957 -0.0505475 0.0201006
132000 1.94953 -0.0562981 0.0188916
133000 1.96426 -0.0679019 0.019144
134000 2.0625 -0.0712714 0.0202812
135000 1.95159 -0.0757046 0.0191572
136000 2.02725 -0.0585104 0.0201119
137000 2.01628 -0.0630326 0.0196689
138000 2.02859 -0.0584889 0.0197498
139000 2.04741 -0.06197 0.0200512
140000 2.02375 -0.0532362 0.0199682
141000 1.96522 -0.0632245 0.0190631
142000 2.02238 -0.0667931 0.0197717
143000 2.06003 -0.0712651 0.0200249
144000 1.95441 -0.0776098 0.0188382
145000 1.96897 -0.0701186 0.0191583
146000 1.93388 -0.0595288 0.0187444
147000 2.06579 -0.064929 0.0202043
148000 2.01784 -0.0710587 0.0198403
149000 1.94061 -0.0626472 0.0189998
150000 1.97912 -0.0625893 0.0192666
151000 2.03452 -0.0634994 0.0198715
152000 1.98782 -0.0757588 0.019537
153000 1.97914 -0.0715295 0.0191512
154000 2.03332 -0.0667888 0.019908
155000 2.02375 -0.0586124 0.0197552
156000 1.9312 -0.0586181 0.0189043
157000 2.01096 -0.0591371 0.0196542
158000 2.04448 -0.0628117 0.0199467
159000 1.98368 -0.0683471 0.019308
160000 1.99876 -0.0622964 0.0196561
161000 2.00963 -0.0556387 0.019605
162000 2.04814 -0.0608374 0.0201092
163000 1.9976 -0.048952 0.0196148
164000 1.94914 -0.0486934 0.0193877
165000 2.06777 -0.05606 0.0201979
166000 2.00377 -0.0652336 0.0197649
167000 1.96171 -0.0675575 0.01915
168000 2.00488 -0.0780023 0.0194237
169000 2.04057 -0.0735779 0.0200786
170000 1.93805 -0.0849467 0.0186935
171000 2.03917 -0.0769638 0.0198233
172000 1.93216 -0.0610306 0.0189374
173000 2.06887 -0.0665247 0.0203907
174000 1.98299 -0.0661738 0.0192332
175000 2.00912 -0.0774403 0.0198403
176000 1.98799 -0.0729294 0.0195864
177000 2.04072 -0.0626016 0.0198273
178000 2.04956 -0.080705 0.0199911
179000 2.03324 -0.0819355 0.0197003
180000 1.93599 -0.0696188 0.0189458
181000 2.02233 -0.072058 0.0196386
182000 2.05434 -0.0785943 0.0198369
183000 1.98536 -0.0731778 0.0193306
184000 1.97285 -0.0590874 0.01943
185000 2.0422 -0.0604786 0.0200211
186000 1.97816 -0.07168 0.0193153
187000 2.00278 -0.0734189 0.0195746
188000 2.01741 -0.0614905 0.0196811
189000 2.01616 -0.0639916 0.019768
190000 1.94157 -0.0814974 0.0192033
191000 1.94489 -0.0806546 0.0188982
192000 2.0007 -0.0634439 0.0198038
193000 1.99351 -0.0857451 0.019437
194000 2.02213 -0.0590858 0.0198687
195000 2.0189 -0.054229 0.0197894
196000 1.94889 -0.0490521 0.0192702
197000 2.07059 -0.0553513 0.0204097
198000 2.01967 -0.0483829 0.0199041
199000 1.93959 -0.0517577 0.0192659
200000 1.97781 -0.0632622 0.0192562
201000 2.01072 -0.0732303 0.0195999
202000 1.97841 -0.0732401 0.0192581
203000 2.0582 -0.076466 0.019999
204000 1.99782 -0.0691817 0.019588
205000 1.98455 -0.0682139 0.0196356
206000 2.0386 -0.0704427 0.0199018
207000 1.92701 -0.0624285 0.0186695
208000 2.0329 -0.071507 0.0197793
209000 2.04657 -0.0679762 0.0199704
210000 1.96519 -0.065487 0.0192374
211000 2.04528 -0.0589178 0.0201972
212000 2.0039 -0.0810705 0.0196713
213000 2.00812 -0.0567327 0.0197997
214000 1.98569 -0.0659014 0.0193277
215000 1.99073 -0.0587868 0.0194553
216000 2.04585 -0.0643915 0.0200158
217000 2.0694 -0.0623754 0.0202721
218000 1.94504 -0.0505023 0.0189887
219000 2.01828 -0.0571064 0.0198098
220000 2.02841 -0.0647942 0.0198772
221000 2.03273 -0.0680833 0.0198248
222000 1.99175 -0.072433 0.0193648
223000 1.9864 -0.0774618 0.0195008
224000 1.98432 -0.0752863 0.0193264
225000 2.01499 -0.0754122 0.0194602
226000 2.01243 -0.0663151 0.0198142
227000 1.96519 -0.0733529 0.019171
228000 2.05895 -0.0628326 0.0200718
229000 2.02544 -0.0718183 0.0198016
230000 2.04185 -0.0707065 0.0198345
231000 1.93074 -0.0728509 0.0187803
232000 1.98945 -0.0861163 0.0193242
233000 1.99733 -0.0649337 0.0196508
234000 2.0127 -0.0620303 0.0195887
235000 2.04224 -0.0756339 0.0201213
236000 1.91322 -0.0604863 0.0185801
237000 2.02477 -0.0847106 0.0195729
238000 2.01354 -0.0867394 0.0196558
239000 1.92702 -0.0690825 0.0187272
240000 2.05371 -0.0684727 0.0199529
241000 1.93143 -0.0766012 0.0187746
242000 2.05025 -0.0646714 0.0200295
243000 2.05015 -0.0759834 0.0199548
244000 1.97305 -0.0620835 0.0192668
245000 1.96369 -0.0560912 0.0193052
246000 2.07338 -0.0472926 0.0203532
247000 1.96573 -0.0473204 0.0193198
248000 1.97266 -0.0641262 0.0195529
249000 1.98895 -0.0704723 0.0192726
250000 1.95486 -0.0650276 0.0190369
251000 2.01967 -0.0545133 0.0200057
252000 2.05271 -0.0534804 0.0203953
253000 1.93272 -0.0628143 0.018771
254000 2.03646 -0.0525168 0.0199681
255000 1.93268 -0.05051 0.0189594
256000 2.0303 -0.0576662 0.0199289
257000 1.97453 -0.0536302 0.0193989
258000 1.90817 -0.0720404 0.0185102
259000 2.08557 -0.0587527 0.0206168
260000 1.98237 -0.0695338 0.0193135
261000 1.94696 -0.0536042 0.019201
262000 2.06422 -0.0705508 0.0202261
263000 1.91884 -0.0628109 0.0187341
264000 2.00398 -0.0674012 0.019644
265000 2.06006 -0.0626458 0.0201633
266000 2.03918 -0.0581185 0.0198735
267000 1.97421 -0.0650852 0.0193966
268000 2.02722 -0.0690999 0.0197237
269000 2.03477 -0.0716769 0.019777
270000 1.95515 -0.0736189 0.0190142
271000 2.04089 -0.0700373 0.0200271
272000 1.95056 -0.07101 0.0190544
273000 2.02399 -0.0694415 0.0197339
274000 2.03784 -0.0798617 0.0198506
275000 1.96961 -0.0478521 0.0194479
276000 1.98957 -0.0759887 0.0196395
277000 2.0078 -0.0700745 0.0195215
278000 1.94974 -0.0626553 0.0191074
279000 2.07189 -0.0657517 0.0203968
280000 1.96562 -0.0795921 0.0192582
281000 1.98613 -0.0804978 0.0192768
282000 1.97031 -0.0791447 0.0194289
283000 1.97839 -0.0677419 0.0193363
284000 2.02283 -0.0700467 0.0196031
285000 2.00215 -0.0673235 0.0195406
286000 1.97954 -0.060011 0.0193242
287000 2.0593 -0.0527054 0.0203569
288000 2.02773 -0.0623214 0.0199913
289000 1.98437 -0.0483728 0.0195442
290000 2.0345 -0.056108 0.020269
291000 2.02903 -0.0568606 0.0200195
292000 2.00665 -0.055596 0.0196653
293000 1.98664 -0.05771 0.0194262
294000 1.9651 -0.059751 0.0192257
295000 2.03457 -0.0647051 0.0196614
296000 1.99876 -0.0643869 0.0194696
297000 2.01337 -0.052151 0.019711
298000 2.00939 -0.0560055 0.0198105
299000 1.96519 -0.0748324 0.0192701
300000 2.05265 -0.0635163 0.0199841
301000 1.97002 -0.0675216 0.0193397
302000 2.01228 -0.066183 0.0198182
303000 1.98574 -0.0525302 0.0195105
304000 1.9566 -0.0636329 0.0193223
305000 1.95868 -0.0685577 0.0191244
306000 2.06989 -0.0553786 0.0204207
307000 1.99764 -0.0816817 0.0194634
308000 1.98251 -0.0716219 0.0195924
309000 1.98306 -0.0729921 0.0193582
310000 2.05248 -0.0658588 0.0201742
311000 1.98346 -0.0699265 0.0193136
312000 1.97953 -0.0625433 0.0193733
313000 2.01521 -0.0584709 0.0198276
314000 1.99437 -0.0495255 0.0195666
315000 2.03379 -0.0669375 0.0200327
316000 1.96199 -0.0565155 0.0192656
317000 2.05281 -0.075431 0.0199451
318000 2.0616 -0.0740341 0.0205033
319000 1.98066 -0.0587245 0.0195734
320000 1.98281 -0.0628869 0.0194185
321000 2.01804 -0.065694 0.0198552
322000 2.03317 -0.0722308 0.0196968
323000 2.02563 -0.0667773 0.0197256
324000 1.99829 -0.0591574 0.0193815
325000 1.94255 -0.0701201 0.0189865
326000 2.02904 -0.0621211 0.0199812
327000 1.99381 -0.0667961 0.0192895
328000 2.05894 -0.0656488 0.0201728
329000 1.92702 -0.0516716 0.0187421
330000 2.05026 -0.0570647 0.0200002
331000 1.94576 -0.0678802 0.0189809
332000 2.02665 -0.0596875 0.0197979
333000 1.96291 -0.0655286 0.0191229
334000 2.06207 -0.0527226 0.0203361
335000 1.98921 -0.0719473 0.0192317
336000 2.02913 -0.063954 0.0198601
337000 1.99822 -0.0582026 0.0195456
338000 2.0215 -0.0594935 0.0195942
339000 2.0143 -0.0552635 0.0199633
340000 1.99549 -0.0821073 0.0192596
341000 1.99561 -0.0870254 0.0192948
342000 1.94978 -0.0825969 0.0192753
343000 1.96601 -0.0766002 0.0191673
344000 2.01629 -0.0767167 0.0196907
345000 1.94115 -0.0529657 0.0191665
346000 1.96509 -0.0554595 0.0192249
347000 1.99423 -0.0639561 0.0196181
348000 2.00932 -0.0657284 0.0197281
349000 1.99525 -0.0701007 0.0195396
350000 2.00461 -0.0582478 0.0197502
351000 2.05652 -0.0557914 0.02017
352000 1.95418 -0.0624925 0.0190641
353000 2.0259 -0.0543576 0.0198503
354000 1.94978 -0.0642766 0.0190161
355000 2.00981 -0.0851199 0.0195145
356000 2.00476 -0.0736506 0.0195203
357000 2.04082 -0.06421 0.0199354
358000 2.01313 -0.0682399 0.0199232
359000 1.98771 -0.0622799 0.0195228
360000 2.02106 -0.0693308 0.0197431
361000 1.92779 -0.0577377 0.0188374
362000 1.99772 -0.0694523 0.019396
363000 2.02015 -0.065072 0.0197236
364000 1.99319 -0.0530626 0.0193904
365000 2.00997 -0.0545436 0.0198217
366000 2.00548 -0.0664566 0.0198243
367000 2.00161 -0.0934796 0.0195143
368000 2.02413 -0.0555308 0.0197687
369000 1.94897 -0.0643991 0.0190002
370000 2.01911 -0.0513117 0.0197843
371000 2.0033 -0.0580623 0.0196666
372000 1.964 -0.063375 0.0191416
373000 1.99732 -0.0453377 0.0196854
374000 1.94996 -0.0509226 0.019252
375000 2.00817 -0.0590239 0.0195547
376000 1.99228 -0.0608599 0.0194433
377000 1.96219 -0.0740772 0.0189248
378000 1.96785 -0.0851452 0.0191174
379000 2.0801 -0.0863232 0.0199942
380000 1.97519 -0.0733782 0.0192187
381000 1.96554 -0.0617378 0.019076
382000 1.98594 -0.0575989 0.0193681
383000 1.99066 -0.0484206 0.0198717
384000 2.02725 -0.0660515 0.0197352
385000 2.00444 -0.0652035 0.0196008
386000 1.97444 -0.0486964 0.0193539
387000 1.98156 -0.0589977 0.0193654
388000 2.02691 -0.0639397 0.0198887
389000 2.01811 -0.0623939 0.0197692
390000 1.91578 -0.0697045 0.0185207
391000 1.98608 -0.0872568 0.0193033
392000 2.04959 -0.076673 0.0199328
393000 1.98102 -0.0720573 0.0195527
394000 2.03116 -0.0616071 0.0198114
395000 1.93948 -0.071669 0.0191094
396000 2.01263 -0.0618092 0.0198321
397000 1.97979 -0.0569086 0.0193429
398000 1.94569 -0.061141 0.0193462
399000 2.01013 -0.0648455 0.0196219
400000 1.9998 -0.0630047 0.0196292
401000 2.00122 -0.0462751 0.0197451
402000 1.98259 -0.0657634 0.0194311
403000 2.04347 -0.0739162 0.0198241
404000 1.99246 -0.0644145 0.0195884
405000 2.00439 -0.0516786 0.0197244
406000 2.03325 -0.0624053 0.0199009
407000 1.99714 -0.0747978 0.0194803
408000 2.00658 -0.0679845 0.019707
409000 2.03204 -0.0629995 0.0199983
410000 1.92841 -0.0650546 0.0188837
411000 2.02007 -0.076956 0.019627
412000 1.97226 -0.0703565 0.0192191
413000 1.9929 -0.0661258 0.019545
414000 1.99168 -0.0588444 0.0194855
415000 2.01087 -0.0659448 0.0196303
416000 2.07262 -0.0543627 0.0205044
417000 1.95842 -0.0718935 0.0191758
418000 2.01714 -0.0643263 0.0196282
419000 1.98313 -0.060935 0.0193355
420000 2.0404 -0.0723511 0.0198588
421000 1.94239 -0.0626522 0.0188739
422000 1.93953 -0.0546924 0.0190341
423000 1.9833 -0.0626234 0.0192882
424000 1.99689 -0.0806724 0.0194211
425000 2.00539 -0.0761806 0.0194322
426000 1.99163 -0.0692977 0.019371
427000 1.99112 -0.087957 0.0191659
428000 2.00839 -0.0799914 0.0195339
429000 1.98037 -0.0793343 0.0193265
430000 2.0367 -0.0760355 0.0197785
431000 1.98868 -0.076081 0.0194957
432000 2.03719 -0.0766452 0.0199227
433000 1.9891 -0.0669317 0.0195769
434000 1.94213 -0.0724493 0.0190604
435000 2.05079 -0.0767777 0.0198469
436000 2.05228 -0.0767913 0.0200035
437000 2.01364 -0.0693558 0.0196648
438000 2.05367 -0.0620862 0.0203218
439000 2.00088 -0.0530596 0.0199703
440000 2.02637 -0.0668392 0.020011
441000 2.00654 -0.0732533 0.0196118
442000 1.99495 -0.0711117 0.0195011
443000 2.00549 -0.0644997 0.0196422
444000 1.99648 -0.0708938 0.0194455
445000 1.95882 -0.0620623 0.0191383
446000 2.05698 -0.0526306 0.0200163
447000 1.99373 -0.0749858 0.0194781
448000 1.96499 -0.079153 0.0190588
449000 2.02892 -0.0674331 0.0197597
450000 2.08706 -0.0674729 0.0204651
451000 2.02243 -0.0521011 0.0199049
452000 1.93768 -0.0672198 0.0188127
453000 2.04341 -0.0668047 0.0199374
454000 2.03899 -0.0531514 0.0200291
455000 1.9514 -0.061051 0.0190685
456000 1.98176 -0.0644892 0.0193334
457000 2.03921 -0.0690202 0.0198709
458000 1.97254 -0.0812483 0.0190736
459000 1.98285 -0.0529188 0.0195778
460000 2.03111 -0.0539941 0.0199805
461000 1.93647 -0.0666787 0.0190371
462000 1.95791 -0.0702349 0.0189919
463000 2.03185 -0.0660443 0.0198586
464000 1.96048 -0.0611075 0.0190703
465000 2.03972 -0.0779338 0.0199369
466000 1.97867 -0.0576372 0.0193484
467000 1.95584 -0.0501784 0.0192722
468000 2.03508 -0.0671832 0.0198823
469000 2.00614 -0.0557364 0.019573
470000 1.93208 -0.0478342 0.0191347
471000 2.0113 -0.060815 0.019704
472000 2.00928 -0.0822921 0.0195594
473000 2.03911 -0.0592293 0.0199708
474000 1.99415 -0.0693466 0.0192509
475000 2.04527 -0.0613824 0.0200514
476000 2.08877 -0.0640057 0.0202206
477000 1.95711 -0.062246 0.0191145
478000 1.9904 -0.072821 0.0192885
479000 1.96212 -0.0670422 0.0190817
480000 1.97597 -0.0791618 0.0193384
481000 2.05198 -0.0704663 0.0202031
482000 1.982 -0.0636392 0.0193634
483000 1.93487 -0.063952 0.0190418
484000 2.06006 -0.0518744 0.0201967
485000 1.92392 -0.0635839 0.0188118
486000 2.06838 -0.0540642 0.0200657
487000 1.92448 -0.0458005 0.0189709
488000 2.04481 -0.0639798 0.0198698
489000 2.04584 -0.071313 0.0199849
490000 1.93865 -0.0794001 0.0189373
491000 2.04409 -0.0964272 0.0197775
492000 1.93574 -0.0944572 0.0187915
493000 2.0811 -0.0623784 0.0203976
494000 1.93733 -0.0563501 0.0189269
495000 2.0394 -0.0450844 0.0201042
496000 1.94028 -0.0568639 0.0190478
497000 1.99614 -0.0577466 0.0195671
498000 1.99469 -0.0566261 0.0195974
499000 2.04505 -0.0555623 0.0200347
500000 1.9925 -0.056516 0.0195054
501000 1.93947 -0.0588927 0.0190051
502000 2.02624 -0.0586083 0.0199598
503000 2.02326 -0.0668906 0.0197819
504000 1.99897 -0.0840479 0.0193706
505000 1.96681 -0.076736 0.0190721
506000 1.97424 -0.0729337 0.019111
507000 1.97425 -0.0705627 0.0191295
508000 2.02521 -0.0556056 0.0198484
509000 1.99172 -0.0685767 0.0194565
510000 2.00668 -0.0689153 0.0196476
511000 1.98557 -0.0661936 0.0192953
512000 2.02238 -0.0675972 0.0196781
513000 1.97051 -0.0748533 0.0189456
514000 2.01326 -0.0817784 0.0195828
515000 1.9917 -0.0799241 0.0194428
516000 1.95749 -0.0646762 0.0192183
517000 2.04638 -0.0541753 0.0200483
518000 2.06641 -0.0523061 0.0202867
519000 1.95226 -0.0616306 0.019307
520000 2.00218 -0.0609669 0.0196421
521000 2.04223 -0.0474294 0.0202182
522000 1.94578 -0.0579164 0.0191257
523000 2.03157 -0.0636205 0.0198984
524000 1.95951 -0.0547429 0.0190407
525000 1.92959 -0.048182 0.0190793
526000 2.03834 -0.0576233 0.0198499
527000 1.99247 -0.0564399 0.0195726
528000 1.99349 -0.0650466 0.019486
529000 1.96431 -0.056669 0.0192713
530000 2.01501 -0.0633011 0.0196968
531000 1.93902 -0.0569994 0.0189853
532000 1.95595 -0.0487145 0.0191321
533000 2.0771 -0.0588291 0.0203464
534000 1.94266 -0.0643375 0.0189662
535000 1.96341 -0.0568684 0.0192355
536000 1.97761 -0.0663593 0.0191622
537000 2.00801 -0.067839 0.0196111
538000 1.99727 -0.0739776 0.0195052
539000 2.01514 -0.0571347 0.0198181
540000 2.00755 -0.0611793 0.0198046
541000 2.00375 -0.0740812 0.0194768
542000 2.03126 -0.065819 0.0198556
543000 1.96304 -0.0594152 0.0193232
544000 2.00959 -0.0638484 0.0196045
545000 2.03028 -0.0609831 0.0199017
546000 2.02303 -0.0628934 0.0196755
547000 2.03093 -0.0567207 0.0199156
548000 2.01328 -0.0583138 0.0196886
549000 1.99908 -0.0609276 0.0194036
550000 1.92276 -0.053785 0.0187262
551000 1.97754 -0.0691465 0.0192799
552000 2.04016 -0.0601893 0.0199269
553000 2.00866 -0.0652655 0.0196039
554000 1.98762 -0.0638545 0.0194955
555000 1.99548 -0.0795822 0.0195451
556000 1.98545 -0.0754577 0.0193751
557000 1.99014 -0.0650025 0.01952
558000 1.99587 -0.0614359 0.0194596
559000 1.99805 -0.0771192 0.0193076
560000 2.01322 -0.0704132 0.0197089
561000 1.98635 -0.0584387 0.0193933
562000 1.9801 -0.0776332 0.0192235
563000 1.98505 -0.0823119 0.019146
564000 2.06595 -0.0910987 0.0199354
565000 1.99038 -0.0781867 0.0194955
566000 1.93012 -0.0661116 0.018816
567000 2.02226 -0.0632533 0.0196149
568000 2.08567 -0.0640692 0.0203067
569000 2.00312 -0.0640473 0.0195166
570000 1.93308 -0.0606976 0.0189763
571000 2.07475 -0.0575941 0.0202754
572000 1.99085 -0.0537086 0.0194904
573000 1.95085 -0.0655621 0.0191774
574000 2.04352 -0.063103 0.019988
575000 1.9649 -0.0661157 0.0193728
576000 2.0317 -0.0678529 0.0198969
577000 2.0923 -0.0581327 0.020609
578000 1.99212 -0.0799065 0.0196139
579000 1.95034 -0.108938 0.0188139
580000 2.05688 -0.0855775 0.020114
581000 1.99496 -0.0834926 0.0195581
582000 1.91148 -0.0732286 0.0184426
583000 1.96388 -0.089112 0.0190326
584000 1.99651 -0.0705743 0.0195501
585000 1.98126 -0.0815559 0.019257
586000 1.92091 -0.0787533 0.0186056
587000 1.96825 -0.0586185 0.019318
588000 2.03937 -0.058885 0.0199347
589000 1.95866 -0.0558214 0.019043
590000 2.06318 -0.047229 0.0204427
591000 1.95375 -0.0441189 0.0192948
592000 2.05239 -0.0614711 0.0203302
593000 1.93028 -0.0531983 0.0189932
594000 2.05027 -0.0679708 0.0201589
595000 1.97026 -0.0717739 0.0193717
596000 2.03918 -0.0724836 0.0200159
597000 1.95634 -0.0623089 0.0191018
598000 2.06649 -0.0522428 0.0202932
599000 1.93593 -0.0518971 0.0188786
600000 1.93717 -0.0566889 0.0190845
601000 2.02476 -0.057938 0.0200279
602000 1.98187 -0.0562933 0.0195573
603000 2.05307 -0.0618634 0.0200423
604000 1.96707 -0.0671713 0.0191197
605000 1.99502 -0.0763518 0.0193875
606000 1.99689 -0.0759977 0.0192801
607000 2.03059 -0.0788248 0.019498
608000 1.97893 -0.0669977 0.0193853
609000 1.99774 -0.0696218 0.019506
610000 1.98036 -0.0799429 0.0192357
611000 1.99251 -0.063089 0.0197737
612000 1.98563 -0.0736041 0.0193292
613000 2.00977 -0.070423 0.0197149
614000 2.01108 -0.0879334 0.0195586
615000 1.98555 -0.0822709 0.0194603
616000 1.99876 -0.0763904 0.0196136
617000 2.0324 -0.0684834 0.0200324
618000 2.04302 -0.0710489 0.0199747
619000 2.02744 -0.0648903 0.019814
620000 1.98648 -0.0653652 0.0192888
621000 2.046 -0.0573504 0.020012
622000 1.92989 -0.0658681 0.0187305
623000 1.9786 -0.0570539 0.0194339
624000 2.02335 -0.0532937 0.0198296
625000 1.93963 -0.0659219 0.0188721
626000 1.95301 -0.0651516 0.0190942
627000 2.04343 -0.0639057 0.0199968
628000 2.00312 -0.0756916 0.0196793
629000 1.98359 -0.0648148 0.0192629
630000 1.99308 -0.0575707 0.0195157
631000 2.03083 -0.0624732 0.0198599
632000 1.96499 -0.068877 0.0191185
633000 1.98734 -0.0609605 0.0193341
634000 2.02596 -0.0618273 0.0199577
635000 1.97632 -0.0758352 0.0190629
636000 2.0565 -0.072663 0.0199585
637000 1.96965 -0.0729773 0.0191277
638000 1.94205 -0.0663516 0.0189098
639000 2.02069 -0.0782493 0.0198112
640000 2.02148 -0.0835306 0.0196759
641000 1.96096 -0.0649334 0.0194112
642000 2.02949 -0.0514271 0.0200924
643000 2.00658 -0.0620321 0.0196245
644000 1.97592 -0.0615199 0.0193574
645000 2.01004 -0.0499371 0.0197276
646000 1.97473 -0.0539185 0.0194228
647000 1.97051 -0.0502038 0.0191811
648000 2.02828 -0.0480988 0.0199517
649000 1.99779 -0.0614132 0.0195609
650000 1.94262 -0.0596537 0.0188514
651000 2.02808 -0.0532531 0.0198607
652000 2.00265 -0.0575932 0.0194717
653000 1.99467 -0.0620721 0.0196674
654000 2.05874 -0.0541825 0.0202215
655000 1.9899 -0.0699742 0.0193949
656000 1.99717 -0.0637951 0.0196829
657000 2.03619 -0.0996491 0.0199244
658000 1.99237 -0.0792693 0.0193343
659000 2.0215 -0.082935 0.0195907
660000 1.99829 -0.0763011 0.0193819
661000 2.03833 -0.0587771 0.0199928
662000 2.03283 -0.0749895 0.0198172
663000 1.97849 -0.057746 0.0192782
664000 1.99201 -0.0583733 0.0195369
665000 1.95254 -0.0670479 0.0190449
666000 2.01285 -0.0578844 0.01978
667000 2.043 -0.0542412 0.0201962
668000 1.93629 -0.0535768 0.0190113
669000 2.03967 -0.0580765 0.0199074
670000 2.01191 -0.0694435 0.0196566
671000 1.96942 -0.0869755 0.0190726
672000 2.03074 -0.0861261 0.019649
673000 1.98125 -0.0717943 0.0192587
674000 2.0003 -0.0595428 0.0195788
675000 2.04606 -0.0752691 0.0197517
676000 2.00454 -0.0671892 0.0196539
677000 2.02327 -0.0378216 0.0199187
678000 1.98586 -0.0616704 0.0193356
679000 2.02213 -0.0411451 0.0202444
680000 1.99576 -0.0579659 0.0193966
681000 1.95444 -0.0412209 0.0191711
682000 2.07842 -0.0489839 0.0203226
683000 1.97209 -0.0608046 0.0192843
684000 1.95593 -0.0591551 0.0192523
685000 2.04227 -0.0516578 0.0199966
686000 2.0124 -0.0761937 0.0196649
687000 2.00197 -0.0718592 0.0196458
688000 2.00914 -0.0760672 0.0196565
689000 2.05738 -0.0659061 0.0203138
690000 1.99834 -0.0694313 0.0194224
691000 1.98602 -0.0807417 0.0191574
692000 1.97252 -0.0731815 0.0191197
693000 1.96558 -0.0561414 0.0194078
694000 2.01426 -0.0555244 0.019767
695000 1.99832 -0.0627879 0.019582
696000 1.99304 -0.0605299 0.0195035
697000 1.98312 -0.0675582 0.0192822
698000 2.00868 -0.0703636 0.0194376
699000 2.03098 -0.0618626 0.0199092
700000 2.026 -0.0719506 0.0197621
701000 2.01619 -0.0669112 0.0196955
702000 2.01271 -0.0664458 0.0195424
703000 1.99465 -0.0940406 0.0194197
704000 1.93329 -0.0533396 0.0189117
705000 2.07559 -0.072288 0.0203465
706000 1.98783 -0.069503 0.0196197
707000 1.98262 -0.0709806 0.0195976
708000 2.00896 -0.0745783 0.0196609
709000 2.02122 -0.056603 0.019813
710000 1.99633 -0.070226 0.0197489
711000 1.96874 -0.0582377 0.0192105
712000 1.9783 -0.0549993 0.0195758
713000 2.02573 -0.0565771 0.0199471
714000 2.02931 -0.0726901 0.0196521
715000 1.99439 -0.0780843 0.0195103
716000 2.0237 -0.0680971 0.0197442
717000 1.96387 -0.0713489 0.0191152
718000 2.01131 -0.0712975 0.0196404
719000 1.9661 -0.0675577 0.0191528
720000 1.91953 -0.0675884 0.0186415
721000 2.04753 -0.0686443 0.0200239
722000 1.9402 -0.0579308 0.0188142
723000 2.06176 -0.0712753 0.0201776
724000 1.99996 -0.0838246 0.0195974
725000 1.92912 -0.0761956 0.0186596
726000 1.9504 -0.070278 0.0190784
727000 2.02713 -0.0510301 0.0197057
728000 2.0031 -0.0579496 0.0195126
729000 2.03301 -0.0703864 0.0199313
730000 1.99818 -0.0570982 0.0195459
731000 2.02862 -0.055778 0.0200357
732000 2.00047 -0.069436 0.0195436
733000 2.01004 -0.0713555 0.019821
734000 1.93921 -0.0649015 0.018788
735000 1.98417 -0.0512115 0.0194751
736000 2.05768 -0.0694861 0.0198305
737000 1.96199 -0.0802523 0.0191016
738000 2.02491 -0.0783222 0.0196875
739000 1.95868 -0.067787 0.0191752
740000 1.98492 -0.0661867 0.0193505
741000 2.03308 -0.0698247 0.0199787
742000 2.03067 -0.0610698 0.0200542
743000 1.96829 -0.0616419 0.0192948
744000 2.05768 -0.0712743 0.0200064
745000 2.04199 -0.0528921 0.020074
746000 1.94868 -0.0654608 0.0190887
747000 2.00674 -0.0564424 0.0194954
748000 1.95608 -0.0647025 0.0192695
749000 2.06292 -0.0602133 0.0202257
750000 1.99336 -0.0596619 0.0196067
751000 1.95855 -0.0507262 0.0193302
752000 2.07165 -0.0600221 0.0204262
753000 1.96861 -0.0689221 0.0192795
754000 1.99961 -0.0722373 0.0195782
755000 2.05013 -0.0797235 0.0200458
756000 1.99753 -0.0831028 0.0194233
757000 2.01184 -0.0594488 0.0198476
758000 2.06445 -0.0593081 0.0203021
759000 2.0071 -0.0548306 0.0196366
760000 2.00062 -0.0669716 0.0195382
761000 1.96692 -0.0651978 0.0192028
762000 1.99491 -0.0638866 0.0196287
763000 2.01389 -0.0648803 0.0196813
764000 1.97895 -0.0594646 0.0194718
765000 2.09149 -0.0719002 0.0203826
766000 1.98832 -0.057535 0.0195467
767000 2.0452 -0.0621094 0.0201269
768000 1.9219 -0.0519377 0.0189169
769000 2.0676 -0.0593788 0.0204514
770000 2.00008 -0.0628334 0.0194154
771000 1.92996 -0.0447562 0.018948
772000 1.98449 -0.067549 0.0193507
773000 1.95056 -0.0774454 0.0189523
774000 2.09521 -0.0822488 0.0206062
775000 2.02233 -0.0978982 0.0195745
776000 2.01778 -0.0871614 0.019689
777000 1.97027 -0.0945984 0.01915
778000 2.04177 -0.0826556 0.0199958
779000 2.04195 -0.0679956 0.0200216
780000 2.04434 -0.083918 0.0199591
781000 1.95306 -0.0628193 0.0191668
782000 2.05546 -0.0661488 0.0200248
783000 2.02649 -0.0628397 0.0198488
784000 1.9238 -0.0675553 0.0188489
785000 1.99975 -0.0756705 0.0194199
786000 2.05329 -0.089868 0.0198755
787000 1.9539 -0.0870479 0.0189033
788000 2.03316 -0.0895565 0.0197292
789000 2.01911 -0.0716409 0.0197036
790000 2.03022 -0.074023 0.0197744
791000 1.97105 -0.0703184 0.0193047
792000 2.02136 -0.0627976 0.0199163
793000 1.98653 -0.0599008 0.019223
794000 2.00964 -0.0598894 0.0197829
795000 2.01524 -0.0545917 0.0196808
796000 2.00281 -0.0599106 0.0197595
797000 2.02137 -0.0582884 0.0196272
798000 2.02538 -0.0486188 0.0197806
799000 1.99056 -0.0557554 0.0194372
800000 1.94453 -0.0549288 0.0189239
801000 2.02736 -0.0651713 0.0198186
802000 2.03504 -0.056547 0.0200123
803000 1.98838 -0.0503549 0.0195571
804000 1.99395 -0.0564072 0.0194301
805000 1.9385 -0.0610021 0.0187592
806000 2.02516 -0.0661563 0.0198337
807000 2.00419 -0.0734467 0.0195499
808000 2.00379 -0.0627431 0.0194761
809000 1.9982 -0.0682949 0.0194145
810000 1.99031 -0.0843128 0.0194292
811000 2.01923 -0.0754746 0.0196629
812000 2.00003 -0.0708188 0.0195658
813000 1.97414 -0.0773485 0.0192987
814000 2.07006 -0.0905396 0.0199636
815000 1.97713 -0.0663639 0.0193006
816000 2.04315 -0.0654622 0.0197896
817000 2.00964 -0.084027 0.0195356
818000 2.02422 -0.0846987 0.0196154
819000 1.96554 -0.0732916 0.0190931
820000 2.00049 -0.0634471 0.0195088
821000 1.91496 -0.0612449 0.018789
822000 2.02078 -0.0559588 0.0197233
823000 1.9864 -0.066421 0.0195948
824000 2.06055 -0.0650511 0.0201323
825000 2.05522 -0.069472 0.0201474
826000 1.95228 -0.0647867 0.0189548
827000 1.96881 -0.0633806 0.019206
828000 1.98659 -0.0796122 0.0194777
829000 1.94866 -0.0608453 0.0189382
830000 2.06961 -0.0665732 0.0203473
831000 2.01475 -0.0553633 0.0196682
832000 2.01743 -0.068747 0.0197179
833000 2.03466 -0.0708925 0.0198956
834000 2.00773 -0.0666875 0.0196089
835000 1.97364 -0.080373 0.019093
836000 2.0409 -0.0593567 0.0201085
837000 1.97742 -0.0570253 0.0196166
838000 2.00101 -0.0841685 0.0194164
839000 1.92544 -0.0859835 0.0184838
840000 2.02308 -0.092091 0.019541
841000 2.02718 -0.0758852 0.0197343
842000 2.01988 -0.0631247 0.0195917
843000 1.99705 -0.0588247 0.0195593
844000 1.97108 -0.0655367 0.0192125
845000 1.90599 -0.0489884 0.0188027
846000 2.08508 -0.0601958 0.0202868
847000 1.95388 -0.0683333 0.0192007
848000 2.00747 -0.0677903 0.0197202
849000 1.92403 -0.0640457 0.018887
850000 1.94846 -0.0710213 0.0191119
851000 2.07248 -0.0638942 0.0202659
852000 1.94314 -0.0733081 0.0189811
853000 2.0551 -0.0920133 0.0200942
854000 1.95286 -0.0842232 0.0188964
855000 1.95648 -0.0760829 0.019022
856000 2.06121 -0.0710298 0.0202534
857000 1.94708 -0.0698628 0.018879
858000 2.06453 -0.0733549 0.0201571
859000 2.0539 -0.0524801 0.020102
860000 1.93006 -0.0657881 0.0187881
861000 2.02577 -0.0683543 0.020058
862000 2.01579 -0.0830058 0.0196587
863000 1.99941 -0.0442064 0.0197442
864000 1.99045 -0.0498317 0.0194891
865000 2.00205 -0.0713873 0.0193852
866000 1.96405 -0.058818 0.0191881
867000 2.00316 -0.0557164 0.0196923
868000 2.01755 -0.0577897 0.0195862
869000 1.99032 -0.0580261 0.0195339
870000 1.92634 -0.0731736 0.0186988
871000 2.06752 -0.068368 0.0203439
872000 1.98445 -0.0688358 0.0193504
873000 1.95287 -0.0766913 0.0188995
874000 2.0359 -0.0729733 0.019967
875000 2.07316 -0.052658 0.0203129
876000 2.02421 -0.0718903 0.0198934
877000 1.95496 -0.0586544 0.0191855
878000 1.99329 -0.0484966 0.019722
879000 2.04958 -0.0575615 0.0201685
880000 1.944 -0.0847525 0.0189038
881000 1.95583 -0.0663209 0.019048
882000 2.00067 -0.0617917 0.0196851
883000 1.98743 -0.0736698 0.0193326
884000 2.00104 -0.0676266 0.0196342
885000 1.97587 -0.0595719 0.0193197
886000 2.01346 -0.0624655 0.0195752
887000 1.99549 -0.0693678 0.019528
888000 2.00252 -0.0502275 0.019646
889000 2.03361 -0.0589617 0.0197734
890000 1.98634 -0.0738106 0.019456
891000 1.99512 -0.0635002 0.0195434
892000 2.01912 -0.0511327 0.0197707
893000 2.0484 -0.0564065 0.0201153
894000 1.97689 -0.0559874 0.0193737
895000 2.02086 -0.081788 0.0196098
896000 1.98241 -0.0695529 0.0194666
897000 1.97113 -0.060201 0.0191738
898000 1.98325 -0.0626431 0.0195485
899000 1.96795 -0.0716467 0.0192809
900000 1.94684 -0.059562 0.0191076
901000 2.03476 -0.084197 0.0195481
902000 1.9848 -0.0798681 0.0192696
903000 2.0081 -0.0888084 0.0193481
904000 1.91896 -0.0710762 0.0186795
905000 1.99271 -0.0682061 0.0194307
906000 2.07572 -0.0615665 0.020215
907000 1.91503 -0.0611588 0.0186868
908000 1.97721 -0.0682123 0.0194172
909000 2.05737 -0.0672117 0.0201652
910000 2.00256 -0.0680441 0.0196261
911000 1.96125 -0.0719195 0.019031
912000 2.04492 -0.0641029 0.0201051
913000 2.00018 -0.0624527 0.019594
914000 1.96757 -0.0668269 0.0190763
915000 1.9928 -0.0627391 0.0193415
916000 2.05762 -0.0600695 0.0203858
917000 1.99745 -0.0731316 0.0193526
918000 2.00583 -0.0723426 0.0193871
919000 2.0116 -0.0662371 0.0194968
920000 2.03695 -0.0822766 0.0198349
921000 2.00697 -0.0650319 0.0196964
922000 1.96758 -0.0758938 0.0191168
923000 2.01979 -0.0539137 0.0197647
924000 1.9758 -0.0749608 0.0195439
925000 1.98076 -0.0728564 0.019206
926000 2.00023 -0.0776319 0.0193757
927000 1.9654 -0.0655954 0.0191039
928000 1.97029 -0.0696306 0.0192698
929000 2.06994 -0.053213 0.0201929
930000 2.06332 -0.0586073 0.0202598
931000 2.05468 -0.0591272 0.0199837
932000 1.96355 -0.0696957 0.0192587
933000 1.99858 -0.0765999 0.0196066
934000 1.98612 -0.061289 0.0195893
935000 1.99372 -0.073365 0.0193507
936000 2.02031 -0.0670566 0.0196547
937000 1.93491 -0.0761326 0.0189013
938000 2.01385 -0.0794495 0.0196073
939000 1.95787 -0.0861731 0.0190082
940000 2.06757 -0.0749327 0.0200913
941000 2.00989 -0.0610283 0.0195738
942000 2.00312 -0.0882982 0.019452
943000 2.03875 -0.0705443 0.0197058
944000 2.05927 -0.062811 0.0201481
945000 2.00376 -0.0706644 0.0196032
946000 1.99174 -0.0556412 0.0196301
947000 1.95497 -0.0604431 0.0193478
948000 1.99209 -0.0576532 0.019553
949000 1.97306 -0.0563221 0.0192042
950000 1.93306 -0.0707985 0.0190088
951000 1.99897 -0.0643967 0.0193472
952000 1.97026 -0.0706075 0.0192082
953000 2.07002 -0.0613713 0.0202477
954000 2.00406 -0.0825553 0.0195644
955000 1.98057 -0.067843 0.0193082
956000 1.98349 -0.0814669 0.0192285
957000 2.00645 -0.0778835 0.0197272
958000 1.98493 -0.0754642 0.0193212
959000 2.0021 -0.0664315 0.0194976
960000 1.9549 -0.0591382 0.0191135
961000 1.998 -0.0496009 0.0196464
962000 2.02412 -0.0551413 0.0196817
963000 2.0173 -0.0624792 0.0197812
964000 2.01086 -0.0605804 0.0197319
965000 2.02117 -0.0618805 0.0199017
966000 2.0212 -0.0768982 0.0194974
967000 2.04318 -0.0764728 0.0198337
968000 1.92628 -0.0569386 0.0192231
969000 2.07978 -0.0450667 0.02049
970000 1.93692 -0.0515037 0.0189252
971000 2.05132 -0.0504736 0.0201645
972000 1.94827 -0.058594 0.0190688
973000 2.01188 -0.0495354 0.019919
974000 1.9401 -0.0628414 0.0189069
975000 2.03323 -0.0698989 0.0197943
976000 1.94179 -0.0573153 0.0189516
977000 2.00711 -0.0589646 0.0195739
978000 2.05407 -0.057062 0.0202769
979000 1.90988 -0.0528422 0.0186791
980000 2.02578 -0.0614218 0.0202216
981000 2.04381 -0.0580784 0.0200511
982000 1.96634 -0.0561531 0.0193304
983000 2.02613 -0.0945875 0.0197041
984000 1.97339 -0.0805867 0.0190831
985000 1.93733 -0.0716081 0.0190809
986000 2.03043 -0.0666198 0.020029
987000 1.94266 -0.0695041 0.0187695
988000 2.04748 -0.0676036 0.0202093
989000 2.00305 -0.0645548 0.0195763
990000 1.96919 -0.05782 0.0192091
991000 2.02353 -0.0700983 0.0199513
992000 1.99936 -0.0833601 0.0193708
993000 1.98171 -0.0705216 0.0196216
994000 2.0152 -0.067277 0.0196255
995000 1.97961 -0.0885337 0.0192117
996000 2.01353 -0.0651927 0.0196837
997000 1.95289 -0.0674743 0.0190068
998000 1.96713 -0.0569919 0.019421
999000 1.97055 -0.0587138 0.0195302
1000000 1.98172 -0.0570657 0.0194248
1001000 1.97146 -0.0634764 0.0191251
1002000 2.04732 -0.0668295 0.0201793
1003000 2.00575 -0.0759866 0.0195549
1004000 2.01599 -0.0940669 0.0195675
1005000 2.02789 -0.0820303 0.0197024
1006000 1.95206 -0.0609205 0.0191902
1007000 1.98155 -0.0675617 0.0193061
1008000 2.05141 -0.0724585 0.0200402
1009000 2.0256 -0.0652957 0.0198855
1010000 2.00566 -0.0527656 0.019869
1011000 2.0445 -0.0624271 0.0201265
1012000 2.05059 -0.0582982 0.0202554
1013000 2.0289 -0.0727907 0.0198728
1014000 1.96233 -0.0687454 0.0190516
1015000 1.9642 -0.0691027 0.01927
1016000 2.0004 -0.0539447 0.0197205
1017000 1.96096 -0.0611463 0.0190826
1018000 2.0094 -0.0640541 0.0198486
1019000 1.99147 -0.0553105 0.0194876
1020000 2.04126 -0.061461 0.0199075
1021000 1.95478 -0.0652106 0.0194389
1022000 1.90913 -0.103062 0.0184633
1023000 1.95559 -0.0821774 0.0190567
1024000 2.01726 -0.0877787 0.0197875
1025000 1.93292 -0.0703766 0.0190745
1026000 2.05652 -0.0902864 0.0200707
1027000 1.96233 -0.0921909 0.0189559
1028000 2.01341 -0.0841739 0.0194513
1029000 1.92838 -0.0892866 0.0187073
1030000 2.04584 -0.0805745 0.0199543
1031000 1.94561 -0.0818572 0.0187868
1032000 2.00886 -0.0672125 0.0197759
1033000 2.03469 -0.0701738 0.0202882
1034000 1.94984 -0.0781932 0.0189138
1035000 1.91412 -0.0782785 0.018717
1036000 2.06554 -0.0555963 0.0202766
1037000 1.94033 -0.0707335 0.0189183
1038000 2.08065 -0.0584454 0.0205653
1039000 1.98162 -0.0615246 0.0191992
1040000 1.96854 -0.0564104 0.0192486
1041000 2.03662 -0.0587302 0.0197852
1042000 1.99818 -0.0650131 0.0195842
1043000 1.99201 -0.0724348 0.0194659
1044000 2.03213 -0.0556655 0.0198763
1045000 1.98337 -0.0575585 0.0194239
1046000 1.94609 -0.0685637 0.0188521
1047000 2.07049 -0.0592802 0.0204346
1048000 1.97896 -0.0727747 0.0193488
1049000 1.99838 -0.0752317 0.0195336
1050000 2.00158 -0.061027 0.0196777
1051000 2.04772 -0.0600573 0.0199415
1052000 2.01665 -0.0738941 0.0197687
1053000 2.03913 -0.0676752 0.0198203
1054000 1.97935 -0.0809054 0.0192992
1055000 1.95456 -0.0733489 0.0192907
1056000 2.05926 -0.0859376 0.0200258
1057000 2.04244 -0.0719387 0.0199623
1058000 1.98026 -0.105463 0.0190494
1059000 2.02471 -0.0878744 0.0194889
1060000 2.0239 -0.0872793 0.0197388
1061000 1.99761 -0.0773016 0.0195977
1062000 2.00441 -0.0747753 0.0196752
1063000 1.99586 -0.0788441 0.0194873
1064000 2.01839 -0.0587904 0.0197137
1065000 2.01265 -0.0481533 0.0200528
1066000 2.02027 -0.0554502 0.0197811
1067000 1.95804 -0.0668959 0.0190627
1068000 2.0696 -0.0724461 0.0201804
1069000 1.93446 -0.0738178 0.0189078
1070000 2.01562 -0.0843809 0.0195667
1071000 1.97135 -0.0835827 0.0193436
1072000 2.07177 -0.0581685 0.0202071
1073000 1.97772 -0.0694011 0.0191664
1074000 1.95985 -0.0749141 0.0192882
1075000 2.04851 -0.0767376 0.0198273
1076000 2.01116 -0.0610091 0.0196101
1077000 1.98534 -0.0710043 0.0196497
1078000 1.95587 -0.0627468 0.0191715
1079000 1.99631 -0.0701207 0.0195344
1080000 2.081 -0.0607763 0.0203998
1081000 2.05409 -0.0505967 0.0202435
1082000 1.98041 -0.0654397 0.0191223
1083000 1.97867 -0.0524496 0.0195698
1084000 2.03192 -0.0586256 0.0199052
1085000 1.99549 -0.0544827 0.0195258
1086000 1.96028 -0.0571202 0.0191271
1087000 2.04436 -0.0670593 0.0198679
1088000 2.02392 -0.0695817 0.0197104
1089000 2.01951 -0.0675494 0.0196436
1090000 1.99704 -0.060848 0.0195378
1091000 2.0172 -0.0615383 0.0198002
1092000 2.04216 -0.0603987 0.0199264
1093000 1.95522 -0.0719449 0.0190965
1094000 2.02182 -0.0751514 0.0197344
1095000 1.99622 -0.0578711 0.019522
1096000 2.04499 -0.0650148 0.0202228
1097000 1.98804 -0.067418 0.0196295
1098000 1.94729 -0.0765987 0.0190854
1099000 2.03778 -0.0737676 0.0201453
1100000 1.9345 -0.0830539 0.018741
