# Time-averaged data for fix 2
# TimeStep v_Temperature v_PotentialEnergy v_Pressure
1000 0.94881 -0.0100133 0.000933691
2000 0.881542 -0.0138017 0.000866124
3000 0.891196 -0.0110499 0.000874782
4000 0.890416 -0.0165298 0.000871984
5000 0.912783 -0.0136737 0.000893495
6000 0.909701 -0.0143993 0.000896737
7000 0.869898 -0.012359 0.000859127
8000 0.882631 -0.0137124 0.000871946
9000 0.91967 -0.0171844 0.000905919
10000 0.904087 -0.0188414 0.000886353
11000 0.892121 -0.0213406 0.000870412
12000 0.885958 -0.0176289 0.00087333
13000 0.923955 -0.0176131 0.000910182
14000 0.87771 -0.0129155 0.000867799
15000 0.896301 -0.014124 0.000884627
16000 0.910342 -0.0153099 0.000894249
17000 0.887464 -0.017971 0.000868416
18000 0.903113 -0.0171173 0.000884972
19000 0.917427 -0.0168029 0.000895489
20000 0.886691 -0.0182767 0.000871984
21000 0.92538 -0.0126973 0.00090235
22000 0.934137 -0.0171854 0.000908398
23000 0.872169 -0.0128196 0.000849183
24000 0.929773 -0.006459 0.000914917
25000 0.881269 -0.0134239 0.000865706
26000 0.892055 -0.00456884 0.00087824
27000 0.918936 -0.00518054 0.000908227
28000 0.890482 -0.00595597 0.000879369
29000 0.898321 -0.0058684 0.000884799
30000 0.909352 -0.00400894 0.000896576
31000 0.905624 -0.00494999 0.000892386
32000 0.878302 -0.00659847 0.000864623
33000 0.916969 -0.0156919 0.000900162
34000 0.892423 -0.0185684 0.000872498
35000 0.886562 -0.0129969 0.000868503
36000 0.913972 -0.00735036 0.000899063
37000 0.877011 -0.00775014 0.000863463
38000 0.908382 -0.00748857 0.000893334
39000 0.909143 -0.00504486 0.000895257
40000 0.890078 -0.00781086 0.000876707
41000 0.90337 -0.00495902 0.000889187
42000 0.906425 -0.00968132 0.000892603
43000 0.90776 -0.0191923 0.000894756
44000 0.883971 -0.0188128 0.000867818
45000 0.92231 -0.00874968 0.000906801
46000 0.884819 -0.0157994 0.000869128
47000 0.908751 -0.0116841 0.000896938
48000 0.894208 -0.00915756 0.000885089
49000 0.908251 -0.0122111 0.000894961
50000 0.882447 -0.0115586 0.000869937
51000 0.927745 -0.00958201 0.00090783
52000 0.85708 -0.0058876 0.000844345
53000 0.921316 -0.0017601 0.000908644
54000 0.86495 -0.00564414 0.000851291
55000 0.924316 -0.00617929 0.0009098
56000 0.901653 -0.00556302 0.00088917
57000 0.878065 -0.00443815 0.000866064
58000 0.921031 -0.00993255 0.000904715
59000 0.919347 -0.0120505 0.000904393
60000 0.87143 -0.00260592 0.00085907
61000 0.90819 -0.00337168 0.000898585
62000 0.89008 -0.00761613 0.000875352
63000 0.883697 -0.00728022 0.000869167
64000 0.910725 -0.00304624 0.000899899
65000 0.884519 -0.00625395 0.00086941
66000 0.91567 -0.00478535 0.000906217
67000 0.933749 -0.00716804 0.000920719
68000 0.902676 -0.00505614 0.000891587
69000 0.862041 -0.010729 0.000846474
70000 0.913744 -0.0051232 0.000902734
71000 0.908862 -0.00578709 0.000893299
72000 0.887714 -0.0137005 0.000866502
73000 0.886775 -0.011284 0.000868192
74000 0.909203 -0.0101928 0.000896118
75000 0.878228 -0.00846128 0.000865326
76000 0.899466 -0.00868275 0.000886835
77000 0.917127 -0.00486496 0.000903317
78000 0.871044 -0.00171711 0.000861197
79000 0.88707 -0.00486854 0.000875749
80000 0.928641 -0.0065405 0.000914457
81000 0.873258 -0.0061547 0.000862586
82000 0.920716 -0.00620409 0.000909377
83000 0.909078 -0.00862893 0.000895027
84000 0.905519 -0.0112788 0.000887271
85000 0.907391 -0.0127768 0.000892186
86000 0.909714 -0.015351 0.000889983
87000 0.904755 -0.0168345 0.000886576
88000 0.886135 -0.0121122 0.000871552
89000 0.892952 -0.013971 0.000877434
90000 0.904772 -0.0125527 0.000890153
91000 0.904565 -0.0121021 0.000888562
92000 0.901524 -0.0125791 0.000885157
93000 0.90456 -0.0134996 0.00088861
94000 0.904666 -0.0114007 0.000891433
95000 0.904767 -0.0184074 0.000881365
96000 0.882097 -0.0121012 0.000865859
97000 0.917758 -0.0135397 0.000903955
98000 0.889477 -0.0113522 0.000872159
99000 0.898993 -0.00582869 0.000884032
100000 0.901111 -0.00589502 0.000888332
101000 0.886761 -0.00901086 0.000867378
102000 0.90828 -0.00531164 0.000895408
103000 0.902132 -0.0037557 0.000894624
104000 0.913779 -0.00626247 0.000898748
105000 0.88327 -0.0049678 0.000871539
106000 0.890166 -0.00252005 0.000878339
107000 0.918824 -0.00687337 0.000903999
108000 0.885708 -0.00379458 0.00087235
109000 0.906914 -0.00623777 0.000893967
110000 0.897771 -0.0163686 0.000879972
111000 0.908018 -0.0100428 0.000891256
112000 0.903259 -0.00739833 0.000891435
113000 0.900983 -0.00482478 0.000885481
114000 0.876201 -0.0154149 0.000851918
115000 0.895282 -0.00509335 0.000880388
116000 0.891982 -0.00475553 0.00087985
117000 0.91798 -0.00751029 0.000905176
118000 0.882092 -0.00407795 0.000871416
119000 0.921057 -0.00486442 0.000912855
120000 0.896862 -0.00507518 0.000883865
121000 0.880746 -0.00557657 0.000866766
122000 0.915227 -0.00106188 0.000903996
123000 0.900582 -0.00754469 0.000888092
124000 0.895541 -0.00259324 0.000884621
125000 0.918337 -0.00686592 0.000901505
126000 0.892479 -0.00303014 0.000882634
127000 0.883925 -0.00938154 0.000867207
128000 0.919392 -0.00520005 0.000908678
129000 0.891539 -0.00345352 0.000877376
130000 0.904563 -0.00895723 0.000891215
131000 0.907063 -0.00656249 0.000893395
132000 0.895305 -0.00305039 0.00088523
133000 0.903309 -0.00485155 0.00089031
134000 0.89929 -0.00308112 0.000890622
135000 0.872186 -0.00659257 0.00085737
136000 0.918211 -0.00682158 0.000904422
137000 0.891315 -0.00948179 0.000877557
138000 0.933151 -0.00944005 0.000916018
139000 0.889765 -0.00282438 0.000877023
140000 0.901054 -0.00317061 0.000892701
141000 0.907312 -0.00131484 0.000897756
142000 0.902863 -0.00123269 0.00089171
143000 0.902173 -0.00807983 0.000888975
144000 0.903415 -0.00596161 0.000889935
145000 0.906134 -0.00626322 0.000894821
146000 0.912623 -0.00291848 0.000904512
147000 0.891775 -0.00432161 0.000881712
148000 0.87135 -0.00558783 0.000858497
149000 0.932066 -0.0146957 0.000914572
150000 0.89563 -0.00751659 0.000879848
151000 0.880359 -0.0111431 0.000864459
152000 0.920702 -0.0162187 0.000903542
153000 0.889469 -0.00290751 0.000879096
154000 0.888439 -0.00330847 0.000882329
155000 0.908979 -0.0118891 0.000893352
156000 0.895062 -0.00715065 0.000881469
157000 0.89667 -0.00409245 0.00088432
158000 0.914325 -0.00536396 0.000899896
159000 0.914582 -0.00574895 0.000908033
160000 0.871191 -0.00472128 0.000858971
161000 0.892605 -0.00138297 0.000880972
162000 0.903233 -0.0119491 0.0008845
163000 0.90171 -0.00950581 0.000889614
164000 0.886809 -0.0109199 0.000873951
165000 0.90227 -0.00195441 0.000891434
166000 0.921818 -0.00694833 0.000906614
167000 0.923278 -0.00786007 0.00090683
168000 0.864815 -0.00184258 0.000855566
169000 0.921112 -0.00903656 0.000911038
170000 0.921617 -0.00414632 0.000908864
171000 0.879626 -0.0087633 0.000870057
172000 0.929906 -0.00722927 0.000919402
173000 0.882388 -0.00755109 0.000868233
174000 0.869956 -0.00480561 0.000858144
175000 0.890954 -0.0087015 0.000876757
176000 0.92211 -0.00809815 0.00090686
177000 0.896732 -0.0117857 0.000882041
178000 0.885818 -0.00277893 0.000875168
179000 0.884184 -0.00826362 0.000871797
180000 0.878921 -0.0151704 0.000860651
181000 0.917409 -0.0128245 0.000900593
182000 0.887762 -0.00955464 0.000870599
183000 0.88397 -0.00544145 0.000872429
184000 0.899323 -0.00282324 0.000888372
185000 0.900012 -0.00507137 0.000888342
186000 0.884246 -0.00772556 0.000870528
187000 0.916023 -0.00242854 0.000906353
188000 0.877059 -0.00287201 0.000864596
189000 0.910523 -0.00385095 0.000899508
190000 0.922093 -0.00609202 0.000910269
191000 0.925176 -0.00468654 0.000913173
192000 0.880998 -0.0096858 0.000865704
193000 0.908555 -0.00335129 0.000900858
194000 0.914584 -0.00564216 0.000903499
195000 0.867146 -0.00808926 0.000852756
196000 0.917179 -0.0109397 0.000901349
197000 0.910132 -0.00701592 0.000894425
198000 0.89316 -0.00651033 0.000879775
199000 0.887733 -0.00618633 0.000876393
200000 0.899149 -0.00485616 0.000887254
201000 0.889765 -0.00990578 0.000873935
202000 0.900764 -0.0060653 0.000883885
203000 0.926095 -0.0056138 0.000917175
204000 0.885379 -0.00817564 0.00086682
205000 0.911441 -0.00472902 0.000900294
206000 0.901868 -0.00344508 0.000889277
207000 0.893489 -0.00624709 0.000881131
208000 0.884395 -0.00848482 0.000870051
209000 0.916368 -0.00816796 0.000901846
210000 0.89792 -0.0107732 0.00088262
211000 0.903474 -0.00609863 0.000887541
212000 0.909816 -0.00799496 0.000897226
213000 0.861723 -0.00811202 0.000847528
214000 0.887869 -0.0133474 0.00086748
215000 0.916735 -0.0110361 0.000903451
216000 0.875355 -0.00820866 0.00086223
217000 0.878057 -0.00475772 0.000865976
218000 0.935089 -0.00767638 0.000920487
219000 0.883984 -0.00355551 0.000873526
220000 0.861819 -0.0114258 0.000845724
221000 0.89434 -0.00100409 0.000883452
222000 0.887718 -0.00397539 0.000876627
223000 0.902468 -0.00300406 0.000891881
224000 0.891565 -0.00639994 0.000881428
225000 0.895498 -0.0103649 0.000874686
226000 0.918881 -0.0115389 0.000901196
227000 0.888648 -0.00268258 0.000876126
228000 0.919485 -0.00471808 0.00090629
229000 0.884968 -0.0132603 0.000866729
230000 0.910373 -0.00786145 0.000899096
231000 0.916227 -0.00939877 0.000901374
232000 0.878618 -0.0109258 0.000864825
233000 0.88184 -0.0161324 0.000861013
234000 0.897293 -0.0142696 0.000882165
235000 0.885707 -0.0153966 0.00087332
236000 0.865636 -0.0121989 0.000852198
237000 0.874024 -0.0162757 0.000858001
238000 0.904244 -0.017265 0.000895253
239000 0.91806 -0.0171374 0.000899271
240000 0.886072 -0.0122097 0.00086958
241000 0.8876 -0.0104368 0.000879528
242000 0.913382 -0.0119777 0.00089686
243000 0.893844 -0.0132697 0.000877323
244000 0.891783 -0.0187931 0.000876564
245000 0.899821 -0.0157276 0.000883283
246000 0.884166 -0.0142042 0.000870713
247000 0.895421 -0.0153309 0.000878797
248000 0.899861 -0.0202813 0.000878272
249000 0.882868 -0.0119077 0.000869516
250000 0.918519 -0.0105573 0.000906702
251000 0.890447 -0.0145044 0.000878175
252000 0.885698 -0.0183291 0.000868746
253000 0.903361 -0.0139628 0.000890433
254000 0.908397 -0.021485 0.000885384
255000 0.903952 -0.0223612 0.000882596
256000 0.898228 -0.0150006 0.000879337
257000 0.883364 -0.0144999 0.000867449
258000 0.91621 -0.0141528 0.000904068
259000 0.941482 -0.0149146 0.000925054
260000 0.865972 -0.0157344 0.000854238
261000 0.914466 -0.0141831 0.00089769
262000 0.89954 -0.0183629 0.000879429
263000 0.892424 -0.0124523 0.000879832
264000 0.912624 -0.0197088 0.000892498
265000 0.921343 -0.0165567 0.00090294
266000 0.8668 -0.012862 0.000859686
267000 0.928097 -0.011357 0.000909642
268000 0.923377 -0.0151553 0.000906536
269000 0.882614 -0.0208339 0.000862011
270000 0.913784 -0.0183389 0.000893302
271000 0.879854 -0.014545 0.000863424
272000 0.889202 -0.0169508 0.000867741
273000 0.929949 -0.0129841 0.000909362
274000 0.86711 -0.0102046 0.00085077
275000 0.920768 -0.0182208 0.000896143
276000 0.906817 -0.0225828 0.000881341
277000 0.893991 -0.0175637 0.000871514
278000 0.881805 -0.0168568 0.000859875
279000 0.918462 -0.0136407 0.000900178
280000 0.887932 -0.0120002 0.000870883
281000 0.909909 -0.0142205 0.000891558
282000 0.882926 -0.0114345 0.000865758
283000 0.898401 -0.00868432 0.000882276
284000 0.912793 -0.00984973 0.000894656
285000 0.882155 -0.0089946 0.000865928
286000 0.902206 -0.00486477 0.000894881
287000 0.891135 -0.00560189 0.000876918
288000 0.930383 -0.00499724 0.000915235
289000 0.898028 -0.00742029 0.000881933
290000 0.898602 -0.00502254 0.000888918
291000 0.927149 -0.00643179 0.000913569
292000 0.915798 -0.00363258 0.000903341
293000 0.902622 -0.0092182 0.000887875
294000 0.882914 -0.00620867 0.000869331
295000 0.883955 -0.00552241 0.000874379
296000 0.930565 -0.00508099 0.000920093
297000 0.904784 -0.00541704 0.000892416
298000 0.862509 -0.00382581 0.00085148
299000 0.903205 -0.00283191 0.000890571
300000 0.933166 -0.00399169 0.000923009
301000 0.87323 -0.00777738 0.0008579
302000 0.926932 -0.0145166 0.000909499
303000 0.889133 -0.00586615 0.000874507
304000 0.884772 -0.0109643 0.000868319
305000 0.911584 -0.00126702 0.000899968
306000 0.880439 -0.00353665 0.00086839
307000 0.90127 -0.00680043 0.000891452
308000 0.903087 -0.00925228 0.000896155
309000 0.888693 -0.00756179 0.000875031
310000 0.891828 -0.00532479 0.000883198
311000 0.885586 -0.00116348 0.000874425
312000 0.90648 -0.00788388 0.000895897
313000 0.908698 -0.00508286 0.000899965
314000 0.892995 -0.00730024 0.000876085
315000 0.906341 -0.00294169 0.000895759
316000 0.889659 -0.00723953 0.000871627
317000 0.888224 -0.00235359 0.00087668
318000 0.887119 -0.00516172 0.000873027
319000 0.918517 -0.00459013 0.000907971
320000 0.888489 -0.00602036 0.000875722
321000 0.924995 -0.00466195 0.000917728
322000 0.91527 -0.00725648 0.000901215
323000 0.88075 -0.00322409 0.00087072
324000 0.866613 -0.00957724 0.000853485
325000 0.922435 -0.00705304 0.000909746
326000 0.899092 -0.0033786 0.000885459
327000 0.892606 -0.00883925 0.000880086
328000 0.898566 -0.00492219 0.000885526
329000 0.920807 -0.00389042 0.0009109
330000 0.89144 -0.00509219 0.000879512
331000 0.904567 -0.00523312 0.000893692
332000 0.897498 -0.00786484 0.000883602
333000 0.893734 -0.00512719 0.000877893
334000 0.905198 -0.0097489 0.000889133
335000 0.904303 -0.0118173 0.000885012
336000 0.883278 -0.0045703 0.00087282
337000 0.921585 -0.00779691 0.000910952
338000 0.916033 -0.00309901 0.000902535
339000 0.914478 -0.00468943 0.000904128
340000 0.910978 -0.00225041 0.000901607
341000 0.913105 -0.00699581 0.000904655
342000 0.913063 -0.00606036 0.000899917
343000 0.89395 -0.00609913 0.000885129
344000 0.900585 -0.0040781 0.000887823
345000 0.919622 -0.00807263 0.000908517
346000 0.889405 -0.00891698 0.000870242
347000 0.906569 -0.00452507 0.000895549
348000 0.877628 -0.00687967 0.000862503
349000 0.898673 -0.00498511 0.000886376
350000 0.917871 -0.00730256 0.000905651
351000 0.866171 -0.00440986 0.000853209
352000 0.911036 -0.00295521 0.000900052
353000 0.923076 -0.00597668 0.000906622
354000 0.897027 -0.00647417 0.000882975
355000 0.920274 -0.00271929 0.000908508
356000 0.931541 -0.00702097 0.00091563
357000 0.911884 -0.00393593 0.000906295
358000 0.885343 -0.00177294 0.000875344
359000 0.902441 -0.0149631 0.000881167
360000 0.917152 -0.0107189 0.000901598
361000 0.896216 -0.00692246 0.000883723
362000 0.890346 -0.0098859 0.000877227
363000 0.899464 -0.0107867 0.000883461
364000 0.88935 -0.011909 0.000875303
365000 0.886807 -0.00234095 0.000873506
366000 0.887753 -0.01053 0.000868605
367000 0.887757 -0.00567613 0.000872536
368000 0.896181 -0.00705683 0.000883175
369000 0.884042 -0.00631619 0.000874773
370000 0.891411 -0.00636329 0.000880773
371000 0.891271 -0.00418226 0.000878983
372000 0.913879 -0.00504024 0.000900384
373000 0.913512 -0.00615289 0.000897836
374000 0.895184 -0.00190774 0.000884089
375000 0.887427 -0.00300987 0.000877366
376000 0.899428 -0.00266041 0.000887289
377000 0.939714 -0.00692104 0.000926283
378000 0.867473 -0.00519256 0.000857207
379000 0.91946 -0.00249664 0.00090904
380000 0.895237 -0.0059494 0.000885243
381000 0.893292 -0.00465616 0.000882142
382000 0.921274 -0.00457111 0.000905373
383000 0.893564 -0.00258007 0.000883998
384000 0.893491 -0.0110703 0.000884579
385000 0.910865 -0.00446454 0.000901422
386000 0.89877 -0.00573816 0.000885866
387000 0.882878 -0.0127411 0.000864691
388000 0.915981 -0.0149887 0.000890905
389000 0.90814 -0.0125617 0.000887057
390000 0.878897 -0.00898384 0.000872663
391000 0.907512 -0.0040433 0.000895467
392000 0.905789 -0.00562969 0.000892877
393000 0.894735 -0.00533559 0.000880026
394000 0.922608 -0.00448275 0.000908093
395000 0.90107 -0.00795322 0.000891881
396000 0.910599 -0.00516251 0.000896533
397000 0.878097 -0.00803246 0.000867674
398000 0.898046 -0.0058093 0.000884022
399000 0.894763 -0.00849601 0.000881239
400000 0.889891 -0.00657211 0.000873466
401000 0.888198 -0.00694895 0.000876481
402000 0.899292 -0.00607646 0.000889741
403000 0.919087 -0.00204677 0.000907181
404000 0.87533 -0.00657079 0.000864769
405000 0.910061 -0.0103468 0.000890099
406000 0.893377 -0.00458035 0.000879425
407000 0.916003 -0.00735514 0.000901117
408000 0.871312 -0.0054361 0.000863828
409000 0.921577 -0.00331351 0.000911771
410000 0.880608 -0.00578088 0.000870395
411000 0.885298 -0.00481751 0.000876873
412000 0.923858 -0.00663405 0.000909752
413000 0.920875 -0.00462742 0.000908931
414000 0.870604 -0.0067317 0.000859212
415000 0.93511 -0.00663433 0.000918702
416000 0.918668 -0.00695663 0.00090434
417000 0.886228 -0.00484912 0.000871763
418000 0.896119 -0.00853564 0.000883497
419000 0.930578 -0.00930833 0.000911034
420000 0.878807 -0.0102342 0.000860183
421000 0.932083 -0.0148179 0.000910453
422000 0.884371 -0.00411897 0.000871103
423000 0.909192 -0.00725262 0.000892908
424000 0.921938 -0.00889292 0.000905854
425000 0.867081 -0.00598343 0.000854308
426000 0.87253 -0.00470238 0.000862449
427000 0.926086 -0.00827989 0.00091445
428000 0.900111 -0.00597192 0.000884704
429000 0.893439 -0.0134602 0.000875347
430000 0.909338 -0.00441429 0.00090218
431000 0.901024 -0.00539086 0.000889193
432000 0.862236 -0.00880982 0.000851063
433000 0.928583 -0.00677581 0.00091416
434000 0.902787 -0.00370916 0.000891053
435000 0.888916 -0.00473419 0.000880849
436000 0.888881 -0.00834933 0.000874469
437000 0.908508 -0.0138363 0.000888402
438000 0.929011 -0.00992406 0.000909691
439000 0.895811 -0.00700773 0.000883416
440000 0.869236 -0.011708 0.000855613
441000 0.91755 -0.00816134 0.00090286
442000 0.903523 -0.00520657 0.000889109
443000 0.88765 -0.00225596 0.000874402
444000 0.909074 -0.00186068 0.000898454
445000 0.888171 -0.00530963 0.000873739
446000 0.904319 -0.0133292 0.000887604
447000 0.910584 -0.0033943 0.000897627
448000 0.865652 -0.00953847 0.000850891
449000 0.895632 -0.00221866 0.000884173
450000 0.919091 -0.0080009 0.000912531
451000 0.872197 -0.00453667 0.000859234
452000 0.928315 -0.00409724 0.000915779
453000 0.888755 -0.00770587 0.000876941
454000 0.913861 -0.00260642 0.000902952
455000 0.910029 -0.00994842 0.000891456
456000 0.900462 -0.00524391 0.00088703
457000 0.875967 -0.0157621 0.000856071
458000 0.868485 -0.00697682 0.000855903
459000 0.895062 -0.00883467 0.000880952
460000 0.892834 -0.004791 0.000884696
461000 0.889912 -0.00964784 0.000872272
462000 0.897887 -0.00488197 0.000883402
463000 0.90807 -0.000883764 0.000897241
464000 0.915024 -0.00786685 0.00090258
465000 0.907514 -0.00135362 0.00089598
466000 0.897213 -0.0167984 0.000873383
467000 0.905965 -0.00579987 0.00089262
468000 0.906926 -0.00652155 0.000891122
469000 0.895646 -0.0150825 0.000877358
470000 0.897984 -0.00854284 0.000885152
471000 0.88865 -0.00506953 0.000876658
472000 0.902169 -0.00980172 0.000884536
473000 0.896196 -0.00885841 0.000887578
474000 0.89863 -0.00580897 0.000882633
475000 0.896579 -0.0142097 0.000874701
476000 0.932435 -0.00574285 0.000920347
477000 0.878374 -0.0076975 0.000864056
478000 0.884908 -0.00456187 0.0008739
479000 0.928982 -0.00589457 0.000915613
480000 0.911825 -0.00377312 0.000899621
481000 0.895726 -0.00394857 0.000885549
482000 0.928135 -0.00208161 0.000916027
483000 0.912765 -0.00408986 0.000899816
484000 0.873668 -0.00704298 0.000861324
485000 0.923153 -0.00801828 0.000907858
486000 0.895945 -0.0105554 0.000877879
487000 0.898248 -0.00411419 0.000885398
488000 0.903099 -0.00627271 0.000890991
489000 0.897494 -0.00505127 0.000882156
490000 0.898931 -0.00593488 0.000885003
491000 0.893052 -0.00475965 0.000882405
492000 0.921183 -0.0153731 0.000902988
493000 0.893575 -0.00923432 0.00087988
494000 0.861041 -0.00627534 0.000851561
495000 0.888455 -0.00580879 0.000875244
496000 0.915544 -0.00743352 0.000900664
497000 0.882147 -0.00918728 0.000867071
498000 0.869423 -0.00504241 0.000854715
499000 0.935017 -0.0068127 0.00092058
500000 0.870116 -0.0043134 0.000862313
501000 0.925322 -0.00712213 0.000912282
502000 0.859941 -0.00657333 0.000852066
503000 0.916359 -0.00873612 0.000904579
504000 0.871007 -0.00552027 0.000864851
505000 0.918245 -0.00100889 0.000907117
506000 0.910752 -0.0052172 0.000897941
507000 0.8731 -0.0037812 0.000865122
508000 0.91421 -0.00300569 0.000904843
509000 0.918216 -0.00738743 0.000906865
510000 0.908177 -0.00622781 0.000897864
511000 0.907332 -0.012432 0.000892431
512000 0.88663 -0.00948597 0.000869618
513000 0.900186 -0.00891513 0.000891447
514000 0.905706 -0.00630867 0.000892369
515000 0.887251 -0.00647296 0.000876415
516000 0.919944 -0.00928782 0.000907806
517000 0.889921 -0.0123533 0.000869243
518000 0.8854 -0.0212825 0.000859944
519000 0.895355 -0.014226 0.000878105
520000 0.898387 -0.0148653 0.000882333
521000 0.91137 -0.00574584 0.000899487
522000 0.884965 -0.00821744 0.00086954
523000 0.863998 -0.00672485 0.000848251
524000 0.891868 -0.00571754 0.000877865
525000 0.898384 -0.0104328 0.000880879
526000 0.887307 -0.0128045 0.000871721
527000 0.919743 -0.00733472 0.000908376
528000 0.883656 -0.00791176 0.000865294
529000 0.892511 -0.00742007 0.00087701
530000 0.878071 -0.0107624 0.000863636
531000 0.899251 -0.00171367 0.00089268
532000 0.887573 -0.00416545 0.000878198
533000 0.865207 -0.00959678 0.000847404
534000 0.876901 -0.0173391 0.00085568
535000 0.903277 -0.00669197 0.000888547
536000 0.881962 -0.00417832 0.000866386
537000 0.901096 -0.00515228 0.000887091
538000 0.881743 -0.00809899 0.000870751
539000 0.919665 -0.00459999 0.000909291
540000 0.908683 -0.00231927 0.000901182
541000 0.897298 -0.00549469 0.000888563
542000 0.908201 -0.00826196 0.000892842
543000 0.92021 -0.00379599 0.000909627
544000 0.894365 -0.00533733 0.000882323
545000 0.899678 -0.00274715 0.000886678
546000 0.914393 -0.00404318 0.000905226
547000 0.885621 -0.00128058 0.000876635
548000 0.865269 -0.00855474 0.000852024
549000 0.912195 -0.00494015 0.000901376
550000 0.893558 -0.00706204 0.0008826
551000 0.898376 -0.00128171 0.000887147
552000 0.904376 -0.00264076 0.000891995
553000 0.902213 -0.00445066 0.000892501
554000 0.898371 -0.010905 0.000878858
555000 0.888506 -0.00765569 0.000871119
556000 0.916772 -0.0139108 0.000898177
557000 0.892308 -0.0079036 0.000877716
558000 0.902743 -0.00669414 0.000889195
559000 0.915191 -0.00528277 0.000901425
560000 0.900439 -0.00624763 0.000887501
561000 0.920189 -0.00767273 0.000905878
562000 0.902919 -0.00832598 0.000887791
563000 0.904718 -0.015246 0.000886077
564000 0.88247 -0.00405366 0.000870718
565000 0.904023 -0.00470483 0.000891705
566000 0.894211 -0.00347263 0.000881602
567000 0.890651 -0.00398595 0.00087742
568000 0.908048 -0.0129794 0.000883253
569000 0.88344 -0.00689282 0.000867036
570000 0.89723 -0.0182141 0.000875845
571000 0.909094 -0.012304 0.000889467
572000 0.924307 -0.00374143 0.000912213
573000 0.899092 -0.00410736 0.000886773
574000 0.907261 -0.00556288 0.000893176
575000 0.890258 -0.0129217 0.000872454
576000 0.932386 -0.00789192 0.000918791
577000 0.878148 -0.00765819 0.00086431
578000 0.881382 -0.00426111 0.000876743
579000 0.903362 -0.00898258 0.000882599
580000 0.915058 -0.0170485 0.000891654
581000 0.897729 -0.00946201 0.000881475
582000 0.9237 -0.00700083 0.000911622
583000 0.897704 -0.00526306 0.000884156
584000 0.913404 -0.00283314 0.00090256
585000 0.900615 -0.00699069 0.00088755
586000 0.889752 -0.00665592 0.000873687
587000 0.898753 -0.00484723 0.000886736
588000 0.90445 -0.00615019 0.000890529
589000 0.91455 -0.010381 0.000900234
590000 0.880144 -0.00979437 0.000866613
591000 0.913646 -0.009891 0.000901862
592000 0.901177 -0.00849639 0.000889534
593000 0.875061 -0.012369 0.000861886
594000 0.902801 -0.0141595 0.000886934
595000 0.896946 -0.00952747 0.000883152
596000 0.900625 -0.0110089 0.000889572
597000 0.892926 -0.00318711 0.000879858
598000 0.888787 -0.00695923 0.000877646
599000 0.908987 -0.00692014 0.000896088
600000 0.891498 -0.0150219 0.00087571
601000 0.897832 -0.00383274 0.000889249
602000 0.916514 -0.00340179 0.000903939
603000 0.882843 -0.00348117 0.000873066
604000 0.902424 -0.0028286 0.000891708
605000 0.904992 -0.00950057 0.000888887
606000 0.927198 -0.0074925 0.000912422
607000 0.903893 -0.00553449 0.000890366
608000 0.906615 -0.0103529 0.000894259
609000 0.879286 -0.0101255 0.000860464
610000 0.924031 -0.0168572 0.00090258
611000 0.865999 -0.00953635 0.000853188
612000 0.923677 -0.00433029 0.000909365
613000 0.895527 -0.00719695 0.000885265
614000 0.865266 -0.00541497 0.000856966
615000 0.892752 -0.00801517 0.000879304
616000 0.929268 -0.0133975 0.00091296
617000 0.901108 -0.00789524 0.000890313
618000 0.881763 -0.0054282 0.000869099
619000 0.881234 -0.00238909 0.000872113
620000 0.935922 -0.00597891 0.000920019
621000 0.871773 -0.0124575 0.000856074
622000 0.919595 -0.0181172 0.000901972
623000 0.907666 -0.011934 0.000891194
624000 0.887088 -0.0126653 0.00087547
625000 0.885391 -0.0100416 0.000869699
626000 0.894047 -0.00968136 0.000879474
627000 0.888046 -0.0122894 0.000874621
628000 0.892764 -0.0139642 0.000876326
629000 0.898087 -0.0119445 0.000883446
630000 0.895657 -0.0157551 0.000877037
631000 0.890313 -0.0146516 0.000872119
632000 0.922499 -0.00918375 0.000909578
633000 0.921229 -0.0119817 0.000906591
634000 0.885465 -0.0141194 0.000872388
635000 0.907414 -0.0131175 0.000890396
636000 0.871511 -0.0103771 0.000855489
637000 0.927241 -0.014343 0.000909273
638000 0.885472 -0.0141279 0.000866074
639000 0.899284 -0.0220436 0.000874692
640000 0.878197 -0.0108295 0.000862156
641000 0.920432 -0.0126099 0.00090385
642000 0.928205 -0.0200646 0.000906995
643000 0.87104 -0.012129 0.000856986
644000 0.901154 -0.0114716 0.000886473
645000 0.925311 -0.0138482 0.000909805
646000 0.884797 -0.0196984 0.000858258
647000 0.895221 -0.0108941 0.000882086
648000 0.914622 -0.0116598 0.000896823
649000 0.883803 -0.019291 0.0008615
650000 0.914232 -0.00640521 0.000898582
651000 0.897088 -0.00360847 0.00088641
652000 0.883281 -0.00649521 0.000872873
653000 0.912414 -0.00391745 0.000901313
654000 0.907766 -0.00813972 0.000889871
655000 0.908474 -0.00748703 0.000894604
656000 0.895898 -0.00502179 0.000886137
657000 0.882756 -0.00339265 0.000870548
658000 0.91409 -0.00415809 0.000900756
659000 0.881085 -0.00429058 0.000872026
660000 0.909993 -0.00204848 0.000899488
661000 0.898795 -0.00305609 0.000892332
662000 0.92805 -0.00678768 0.000910222
663000 0.887268 -0.0115531 0.000866797
664000 0.88295 -0.0136081 0.000866446
665000 0.903235 -0.00229803 0.000892213
666000 0.913049 -0.00818877 0.000899513
667000 0.894691 -0.00631494 0.000880667
668000 0.89505 -0.00463708 0.000887893
669000 0.912593 -0.00838853 0.000900888
670000 0.891885 -0.00387553 0.000880251
671000 0.893618 -0.00322759 0.000889272
672000 0.914048 -0.00619096 0.000901663
673000 0.909649 -0.0121291 0.000890781
674000 0.905533 -0.0121364 0.000885987
675000 0.883988 -0.0121814 0.000863015
676000 0.920896 -0.00862517 0.00090531
677000 0.927557 -0.0049309 0.000915829
678000 0.883751 -0.00315448 0.000876218
679000 0.908691 -0.00701425 0.000895366
680000 0.926298 -0.0124558 0.000904804
681000 0.88171 -0.00237036 0.000869132
682000 0.93464 -0.00667641 0.000923745
683000 0.871507 -0.00654444 0.000860197
684000 0.901292 -0.00666192 0.000888427
685000 0.917866 -0.0107551 0.000899175
686000 0.885505 -0.0104008 0.000869044
687000 0.889788 -0.00386021 0.000885013
688000 0.923176 -0.0070647 0.00090888
689000 0.889023 -0.00850811 0.000873402
690000 0.87661 -0.00662015 0.000868403
691000 0.899802 -0.00990588 0.000882869
692000 0.91094 -0.0114097 0.000893323
693000 0.911474 -0.00510908 0.000896081
694000 0.917193 -0.00450476 0.000903119
695000 0.890961 -0.00717331 0.000877442
696000 0.906026 -0.00731231 0.000892198
697000 0.894008 -0.00622491 0.000879701
698000 0.915247 -0.00679608 0.000902776
699000 0.91378 -0.00161351 0.000903329
700000 0.917309 -0.00821125 0.000901097
701000 0.924387 -0.00372419 0.000917583
702000 0.86856 -0.00495794 0.000861239
703000 0.901567 -0.0081974 0.000881296
704000 0.918186 -0.00119347 0.000909067
705000 0.883354 -0.00498117 0.000873361
706000 0.901713 -0.0048606 0.000887412
707000 0.899694 -0.00388418 0.000887092
708000 0.932194 -0.00495335 0.000921822
709000 0.874833 -0.00392436 0.000859957
710000 0.913273 -0.00713135 0.000898902
711000 0.906579 -0.00751367 0.000895975
712000 0.893749 -0.0061725 0.000879209
713000 0.934031 -0.00798425 0.000922747
714000 0.925776 -0.00436256 0.000911613
715000 0.890005 -0.00216411 0.000878258
716000 0.919362 -0.00538326 0.000908844
717000 0.923841 -0.00502557 0.000910449
718000 0.883518 -0.00523768 0.000872138
719000 0.896869 -0.00266577 0.000886451
720000 0.910855 -0.00407337 0.00089957
721000 0.887783 -0.00351461 0.000878515
722000 0.91622 -0.0053925 0.000903825
723000 0.891373 -0.00337148 0.000879757
724000 0.896959 -0.00914488 0.000877563
725000 0.87557 -0.00685778 0.000861862
726000 0.866123 -0.00835214 0.000854143
727000 0.906975 -0.00470746 0.000894892
728000 0.917972 -0.0110644 0.000899208
729000 0.903363 -0.00979164 0.000889976
730000 0.882679 -0.00568473 0.000872987
731000 0.894435 -0.00287036 0.000885944
732000 0.908857 -0.00531446 0.000897001
733000 0.887284 -0.0102182 0.000872248
734000 0.885516 -0.00122457 0.000874249
735000 0.887063 -0.00781508 0.000877024
736000 0.889077 -0.00282332 0.000876725
737000 0.907403 -0.00290636 0.000895163
738000 0.90106 -0.00235914 0.000889815
739000 0.907761 -0.0150861 0.000891167
740000 0.890954 -0.00877126 0.000876671
741000 0.89338 -0.00154862 0.000881678
742000 0.87061 -0.00592619 0.0008548
743000 0.893916 -0.00666164 0.000880915
744000 0.905743 -0.00934815 0.000891366
745000 0.890936 -0.00733036 0.000876863
746000 0.912959 -0.00370204 0.000904613
747000 0.888581 -0.00975676 0.000870439
748000 0.898851 -0.00365529 0.000889624
749000 0.872524 -0.00755984 0.000863189
750000 0.922549 -0.00905914 0.000906774
751000 0.893077 -0.0077218 0.000879969
752000 0.926856 -0.0100852 0.000905932
753000 0.878334 -0.0066453 0.000863853
754000 0.882846 -0.00678779 0.000869604
755000 0.893473 -0.0118642 0.00087498
756000 0.910292 -0.00806654 0.000893212
757000 0.910201 -0.00435308 0.000900124
758000 0.922109 -0.0079264 0.000908383
759000 0.881647 -0.00751728 0.000869344
760000 0.894476 -0.00595142 0.000880262
761000 0.926873 -0.00646311 0.000913402
762000 0.889926 -0.0102652 0.000874182
763000 0.889041 -0.00618299 0.000878214
764000 0.88549 -0.0135288 0.00086989
765000 0.898329 -0.0158602 0.000879529
766000 0.889025 -0.0126017 0.000876688
767000 0.927963 -0.00821844 0.00091491
768000 0.89202 -0.0071558 0.000880719
769000 0.904183 -0.0105588 0.00089817
770000 0.920052 -0.00446025 0.000908044
771000 0.881136 -0.00466546 0.000870322
772000 0.905536 -0.00498538 0.000894152
773000 0.919401 -0.00203087 0.000910236
774000 0.91331 -0.00878522 0.00090184
775000 0.915575 -0.00785088 0.000900496
776000 0.877235 -0.00970396 0.000857479
777000 0.903335 -0.00984128 0.000887442
778000 0.911865 -0.00900546 0.000894469
779000 0.875171 -0.00473288 0.000861875
780000 0.901548 -0.00589337 0.000889727
781000 0.929065 -0.00736551 0.000912691
782000 0.893753 -0.00439863 0.000878214
783000 0.895025 -0.00304414 0.000881324
784000 0.911589 -0.00806501 0.000894591
785000 0.914606 -0.00454456 0.000906278
786000 0.889849 -0.0113031 0.000878073
787000 0.910327 -0.00752115 0.000897281
788000 0.884259 -0.00404099 0.000872632
789000 0.921612 -0.00433633 0.000911876
790000 0.906869 -0.00906556 0.000892589
791000 0.924446 -0.00600262 0.000910378
792000 0.884877 -0.00213927 0.000872671
793000 0.903945 -0.008617 0.000887201
794000 0.904927 -0.00750339 0.000890346
795000 0.884323 -0.00307126 0.000871522
796000 0.924771 -0.00806093 0.000907811
797000 0.892628 -0.00986403 0.000880472
798000 0.910814 -0.00616572 0.000899445
799000 0.924353 -0.00575944 0.000913608
800000 0.880594 -0.00215514 0.000869109
801000 0.903813 -0.00387993 0.000895015
802000 0.896148 -0.0148077 0.000876366
803000 0.928962 -0.0116002 0.000914717
804000 0.888155 -0.0130436 0.000870222
805000 0.890945 -0.0106117 0.000877489
806000 0.893888 -0.00683578 0.000879007
807000 0.890936 -0.00915585 0.000877987
808000 0.891663 -0.00607495 0.000879386
809000 0.906147 -0.00789986 0.000892309
810000 0.913601 -0.00450494 0.000901022
811000 0.86912 -0.00827362 0.000856306
812000 0.897838 -0.00481513 0.000885147
813000 0.914281 -0.00397252 0.00090288
814000 0.906026 -0.00467118 0.000891289
815000 0.89793 -0.00426974 0.000884758
816000 0.903442 -0.00570997 0.000888935
817000 0.907968 -0.00966676 0.000893342
818000 0.896213 -0.00761244 0.000880218
819000 0.913791 -0.00640722 0.000902755
820000 0.909702 -0.0073443 0.000892869
821000 0.894118 -0.00926874 0.000878335
822000 0.918168 -0.00321308 0.000906222
823000 0.902142 -0.00427218 0.000889149
824000 0.90077 -0.00784414 0.000889005
825000 0.900664 -0.00936337 0.00088604
826000 0.887361 -0.00262091 0.000877775
827000 0.904069 -0.00329038 0.000891908
828000 0.922953 -0.00758173 0.000909217
829000 0.880051 -0.00495674 0.0008663
830000 0.87168 -0.0057333 0.00085754
831000 0.897905 -0.00836302 0.000887074
832000 0.898091 -0.00558278 0.000885292
833000 0.905377 -0.00695669 0.000888651
834000 0.915933 -0.00386282 0.000905802
835000 0.927144 -0.00695971 0.000912033
836000 0.896773 -0.00456853 0.000885102
837000 0.884884 -0.004046 0.000873612
838000 0.890691 -0.00549128 0.000875213
839000 0.897419 -0.00789684 0.00088236
840000 0.930825 -0.00719882 0.000916341
841000 0.873947 -0.0171114 0.000846325
842000 0.888454 -0.0117607 0.000872372
843000 0.913491 -0.0163481 0.000889566
844000 0.913782 -0.0220818 0.000884
845000 0.89996 -0.0154976 0.000880339
846000 0.896467 -0.0108941 0.000880732
847000 0.93734 -0.00954269 0.000923411
848000 0.928749 -0.00796357 0.000915992
849000 0.885923 -0.00755575 0.00087087
850000 0.91055 -0.00505746 0.000897391
851000 0.898295 -0.00439567 0.000884784
852000 0.891003 -0.0105235 0.000874959
853000 0.886267 -0.0145616 0.000862267
854000 0.906944 -0.0057056 0.000892083
855000 0.924783 -0.00841291 0.000908761
856000 0.901225 -0.00371874 0.000889671
857000 0.903826 -0.00719195 0.000894391
858000 0.893269 -0.00517617 0.000883238
859000 0.903262 -0.00398015 0.000890108
860000 0.880502 -0.0161987 0.000860969
861000 0.886519 -0.0156585 0.000872868
862000 0.925605 -0.0229094 0.000906301
863000 0.891529 -0.023346 0.000871684
864000 0.900641 -0.0206341 0.000879814
865000 0.871622 -0.0149393 0.000854095
866000 0.931914 -0.0206274 0.000913157
867000 0.879503 -0.0252615 0.000853924
868000 0.917094 -0.0182651 0.000902316
869000 0.88889 -0.0159603 0.000875
870000 0.940761 -0.0109516 0.000924003
871000 0.905161 -0.00654023 0.000889117
872000 0.912928 -0.00602458 0.000905221
873000 0.910869 -0.004852 0.000898175
874000 0.88473 -0.0117048 0.000867618
875000 0.909489 -0.0136663 0.000896172
876000 0.914711 -0.0124183 0.000896065
877000 0.912433 -0.0137456 0.000898762
878000 0.916349 -0.0171071 0.000897097
879000 0.857054 -0.0206129 0.000836237
880000 0.909329 -0.0173299 0.000886264
881000 0.910116 -0.011635 0.000889755
882000 0.903249 -0.00992006 0.00088956
883000 0.898974 -0.0107821 0.000884862
884000 0.90965 -0.0136384 0.000891742
885000 0.921868 -0.0105097 0.000905744
886000 0.890375 -0.0141937 0.000872462
887000 0.919282 -0.00787648 0.000905205
888000 0.889503 -0.00584398 0.000875826
889000 0.901485 -0.00616546 0.000887852
890000 0.938188 -0.00669255 0.000927149
891000 0.882161 -0.00923496 0.00086813
892000 0.906987 -0.00504385 0.000892504
893000 0.900593 -0.00666011 0.00088651
894000 0.898157 -0.00352962 0.000886364
895000 0.91896 -0.0073183 0.000907756
896000 0.868425 -0.00699053 0.000856251
897000 0.928594 -0.00585079 0.000912725
898000 0.906322 -0.00197733 0.000895323
899000 0.882785 -0.00653188 0.000869111
900000 0.897706 -0.00866376 0.000882075
901000 0.90725 -0.00842216 0.000894746
902000 0.891255 -0.00731019 0.000879149
903000 0.932272 -0.00404476 0.000921132
904000 0.876815 -0.00569013 0.000865932
905000 0.926793 -0.00899333 0.000906785
906000 0.893152 -0.00653788 0.000879912
907000 0.880544 -0.00708772 0.000868411
908000 0.926845 -0.0147081 0.000911123
909000 0.892284 -0.0182656 0.000875011
910000 0.889257 -0.018602 0.000871454
911000 0.895123 -0.0168448 0.000881758
912000 0.88675 -0.0114787 0.000871923
913000 0.877556 -0.0130756 0.000861599
914000 0.906329 -0.0153932 0.00089026
915000 0.914275 -0.0164428 0.000898299
916000 0.878934 -0.0207248 0.000860428
917000 0.907548 -0.0196281 0.000891529
918000 0.902184 -0.0120857 0.000891453
919000 0.891706 -0.00374934 0.000877352
920000 0.919774 -0.00905325 0.000903585
921000 0.882459 -0.00654969 0.000874595
922000 0.871329 -0.00549328 0.000863274
923000 0.906139 -0.00583023 0.000891692
924000 0.89196 -0.00637863 0.000879744
925000 0.865002 -0.0074247 0.000853645
926000 0.903307 -0.00531405 0.000888728
927000 0.912744 -0.00802077 0.00089728
928000 0.916223 -0.00823245 0.000901106
929000 0.887316 -0.00807602 0.000872959
930000 0.887593 -0.0108533 0.000867968
931000 0.927075 -0.00758226 0.000914892
932000 0.904997 -0.00365199 0.00089261
933000 0.911061 -0.00329932 0.000899554
934000 0.902539 -0.00949004 0.000885697
935000 0.901339 -0.00511961 0.000890523
936000 0.909366 -0.00737435 0.000898201
937000 0.901524 -0.00600112 0.000886651
938000 0.88054 -0.00642654 0.00086586
939000 0.887922 -0.00564138 0.000876113
940000 0.909353 -0.00315362 0.000903492
941000 0.906362 -0.00537107 0.000897807
942000 0.899612 -0.00316078 0.000889694
943000 0.886245 -0.00238368 0.000874728
944000 0.894506 -0.00853287 0.000878907
945000 0.86809 -0.00862031 0.000851512
946000 0.907734 -0.00580776 0.000893671
947000 0.913494 -0.0069812 0.000897827
948000 0.861253 -0.0101582 0.000848762
949000 0.91531 -0.00418069 0.000903631
950000 0.884858 -0.00335976 0.000873605
951000 0.92312 -0.0106521 0.000903554
952000 0.915786 -0.00840706 0.0008982
953000 0.867263 -0.00741383 0.000855732
954000 0.931627 -0.00807765 0.0009153
955000 0.865615 -0.0060661 0.000855458
956000 0.903522 -0.00699806 0.000893376
957000 0.920398 -0.00689568 0.000912515
958000 0.868371 -0.00315977 0.000857638
959000 0.912592 -0.00774802 0.000900177
960000 0.906569 -0.0131007 0.00088621
961000 0.892964 -0.00589573 0.000882601
962000 0.890621 -0.00472771 0.00088206
963000 0.888704 -0.00930214 0.000875312
964000 0.874767 -0.010451 0.000854588
965000 0.923444 -0.0120021 0.000905502
966000 0.872352 -0.010487 0.000855478
967000 0.940471 -0.00639141 0.000926816
968000 0.873929 -0.00631893 0.000861975
969000 0.937451 -0.0054069 0.00093033
970000 0.889341 -0.00540443 0.000879151
971000 0.886491 -0.00700118 0.000870115
972000 0.906121 -0.00540038 0.000894107
973000 0.896618 -0.00537101 0.000881583
974000 0.906033 -0.00290359 0.000896446
975000 0.917082 -0.00914669 0.000900877
976000 0.87796 -0.00400634 0.000866527
977000 0.907057 -0.00946426 0.00088631
978000 0.899562 -0.00494597 0.000883353
979000 0.901375 -0.00734881 0.000888844
980000 0.911895 -0.00396855 0.000898113
981000 0.892171 -0.0100012 0.000875765
982000 0.88436 -0.0027996 0.000874836
983000 0.8981 -0.00054805 0.000888029
984000 0.912748 -0.00801769 0.000896657
985000 0.890826 -0.00354109 0.000878958
986000 0.883175 -0.00614466 0.000871004
987000 0.939345 -0.019032 0.000926681
988000 0.86648 -0.0146701 0.000851509
989000 0.89103 -0.0158807 0.000876333
990000 0.927163 -0.011588 0.000914492
991000 0.912744 -0.0138269 0.000892301
992000 0.897214 -0.0132518 0.000879458
993000 0.901363 -0.0197592 0.000877155
994000 0.901382 -0.0124752 0.000882286
995000 0.897739 -0.0186998 0.0008782
996000 0.882737 -0.0111005 0.000867179
997000 0.925438 -0.0131127 0.000909123
998000 0.903704 -0.0144897 0.000886427
999000 0.87844 -0.017188 0.000854156
1000000 0.936017 -0.00824227 0.000927336
1001000 0.87763 -0.00634017 0.000867129
1002000 0.918747 -0.00518001 0.000905792
1003000 0.892966 -0.00662603 0.000880739
1004000 0.864142 -0.0126243 0.000845071
1005000 0.916297 -0.00609568 0.00090111
1006000 0.923385 -0.00861866 0.000912314
1007000 0.861957 -0.00839829 0.000848907
1008000 0.926487 -0.00935374 0.00091456
1009000 0.869402 -0.0034421 0.000855676
1010000 0.930108 -0.00613463 0.000918524
1011000 0.905344 -0.0054257 0.000891483
1012000 0.894558 -0.00874483 0.00087867
1013000 0.891052 -0.00423952 0.000880825
1014000 0.893678 -0.00879298 0.000877945
1015000 0.884884 -0.00785719 0.00087228
1016000 0.894199 -0.0123242 0.000882302
1017000 0.912926 -0.0101051 0.000895502
1018000 0.904263 -0.0212831 0.000879603
1019000 0.890053 -0.0211119 0.000865141
1020000 0.904832 -0.0242069 0.000876226
1021000 0.930068 -0.0191344 0.000902642
1022000 0.893046 -0.0127568 0.000874303
1023000 0.894856 -0.00568576 0.000881981
1024000 0.894281 -0.00364164 0.000881147
1025000 0.919509 -0.00786875 0.000906526
1026000 0.894305 -0.0128128 0.000876563
1027000 0.878409 -0.00525747 0.000866486
1028000 0.895194 -0.00465855 0.00088185
1029000 0.917703 -0.0025801 0.00090734
1030000 0.900281 -0.00226789 0.000888732
1031000 0.877587 -0.0049195 0.00086937
1032000 0.885357 -0.00429727 0.00087435
1033000 0.925731 -0.00227165 0.000918374
1034000 0.885031 -0.00948039 0.000871976
1035000 0.877243 -0.00792123 0.000862223
1036000 0.921993 -0.00676333 0.000911866
1037000 0.889807 -0.00746584 0.000874336
1038000 0.900225 -0.00690119 0.000887773
1039000 0.892758 -0.00497127 0.000879911
1040000 0.871325 -0.00419867 0.000860095
1041000 0.893863 -0.00655411 0.000878805
1042000 0.929907 -0.00652543 0.000918681
1043000 0.887311 -0.0100554 0.00087253
1044000 0.908732 -0.00111891 0.000899646
1045000 0.915544 -0.00344811 0.000910438
1046000 0.886219 -0.00444576 0.00087376
1047000 0.903061 -0.00588346 0.000888167
1048000 0.922912 -0.0113931 0.000909342
1049000 0.865785 -0.00944158 0.000854873
1050000 0.914299 -0.0102552 0.000901362
1051000 0.911717 -0.0092226 0.000895394
1052000 0.898001 -0.00907836 0.000883371
1053000 0.898355 -0.0112577 0.000887037
1054000 0.910215 -0.00964936 0.000894482
1055000 0.907936 -0.0114283 0.000889366
1056000 0.913647 -0.0124195 0.000895708
1057000 0.888619 -0.011459 0.000872559
1058000 0.906886 -0.0140421 0.000886757
1059000 0.910325 -0.0159882 0.000893122
1060000 0.907754 -0.0127011 0.000892752
1061000 0.912004 -0.0107572 0.000896947
1062000 0.894197 -0.00615961 0.000879583
1063000 0.865658 -0.013731 0.000848723
1064000 0.92916 -0.0114527 0.000911367
1065000 0.879186 -0.0116945 0.000857989
1066000 0.888625 -0.0099434 0.000870073
1067000 0.906717 -0.00879436 0.000889502
1068000 0.890695 -0.0057298 0.000877446
1069000 0.895583 -0.0160308 0.000883729
1070000 0.910362 -0.0189831 0.00089444
1071000 0.883986 -0.0159557 0.000866453
1072000 0.899685 -0.0151325 0.00088378
1073000 0.895221 -0.0168598 0.000880019
1074000 0.906491 -0.0104978 0.000894148
1075000 0.903912 -0.0153683 0.00089412
1076000 0.91265 -0.0139904 0.000894349
1077000 0.883795 -0.0149233 0.000866809
1078000 0.900344 -0.0153974 0.000892698
1079000 0.924387 -0.0167042 0.0009073
1080000 0.87934 -0.0150356 0.000860744
1081000 0.901846 -0.012548 0.000885032
1082000 0.910346 -0.0122457 0.000895204
1083000 0.901012 -0.0128293 0.000886577
1084000 0.897846 -0.0110801 0.000885128
1085000 0.887326 -0.0121611 0.000873293
1086000 0.921696 -0.0187923 0.000902918
1087000 0.884453 -0.0123177 0.000871535
1088000 0.914337 -0.016664 0.000899456
1089000 0.911816 -0.0127615 0.000899197
1090000 0.902883 -0.013244 0.000890688
1091000 0.904546 -0.0154953 0.00089123
1092000 0.904196 -0.0143758 0.000890318
1093000 0.86843 -0.0135795 0.00085484
1094000 0.921328 -0.017513 0.000906835
1095000 0.910604 -0.017039 0.00089148
1096000 0.888849 -0.0237901 0.000870267
1097000 0.880445 -0.0294222 0.000853988
1098000 0.86422 -0.0342244 0.000840713
1099000 0.94215 -0.0305791 0.000922014
1100000 0.913728 -0.0268545 0.000892414
