# Time-averaged data for fix 2
# TimeStep v_Temperature v_PotentialEnergy v_Pressure
1000 1.37649 -0.0102433 0.00135588
2000 1.38187 -0.00974704 0.00136063
3000 1.37999 -0.00878518 0.00136125
4000 1.37711 -0.00853618 0.00135782
5000 1.36525 -0.00481437 0.00135268
6000 1.41252 -0.00518343 0.00140057
7000 1.4022 -0.0071329 0.0013832
8000 1.39946 -0.00596003 0.00138149
9000 1.39945 -0.0128233 0.0013837
10000 1.41755 -0.00599238 0.00139861
11000 1.39156 -0.00540608 0.00137277
12000 1.41442 -0.00559035 0.00139571
13000 1.39171 -0.00343027 0.0013783
14000 1.4007 -0.00480009 0.00138366
15000 1.41692 -0.00467518 0.00139958
16000 1.38236 -0.00670055 0.00136483
17000 1.3803 -0.00738365 0.00136498
18000 1.35697 -0.00440301 0.00133728
19000 1.43327 -0.00426081 0.00141697
20000 1.40366 -0.00343854 0.00139109
21000 1.35425 -0.0141172 0.00133077
22000 1.41374 -0.012705 0.0013915
23000 1.40988 -0.00920255 0.00139186
24000 1.41669 -0.00627452 0.0014003
25000 1.34455 -0.00514172 0.00132552
26000 1.42868 -0.00933073 0.00141223
27000 1.41705 -0.00777091 0.00139242
28000 1.44458 -0.00693683 0.00142133
29000 1.35928 -0.00582269 0.0013445
30000 1.43772 -0.0051337 0.00142161
31000 1.35926 -0.0031306 0.00134658
32000 1.44416 -0.00588616 0.00142747
33000 1.34627 -0.00147386 0.00133002
34000 1.43167 -0.00432127 0.00141148
35000 1.38443 -0.0127321 0.0013558
36000 1.43156 -0.00794603 0.00141246
37000 1.44443 -0.00978648 0.00142571
38000 1.38092 -0.0044291 0.00136847
39000 1.40762 -0.00552178 0.00139218
40000 1.41913 -0.00282267 0.00140264
41000 1.34915 -0.00447474 0.00133673
42000 1.3852 -0.00635525 0.00136879
43000 1.40177 -0.00661488 0.00138291
44000 1.44768 -0.00692738 0.00142938
45000 1.36776 -0.00393905 0.00135193
46000 1.38317 -0.0044299 0.00136748
47000 1.41564 -0.00996849 0.00139639
48000 1.38739 -0.00328389 0.0013718
49000 1.43725 -0.00345865 0.00142405
50000 1.36614 -0.00784198 0.00135673
51000 1.38947 -0.0061231 0.0013706
52000 1.41114 -0.00511178 0.00139636
53000 1.38948 -0.00620697 0.0013723
54000 1.44826 -0.00793513 0.00142768
55000 1.38314 -0.00739178 0.00136447
56000 1.37041 -0.0122782 0.00134911
57000 1.42935 -0.00959393 0.00140754
58000 1.38765 -0.00635081 0.00137135
59000 1.36744 -0.00420951 0.00135096
60000 1.39185 -0.00323195 0.00137543
61000 1.39988 -0.00881292 0.00137434
62000 1.41644 -0.00876396 0.0014016
63000 1.37093 -0.00230654 0.0013568
64000 1.40637 -0.00968476 0.00138379
65000 1.41847 -0.0147864 0.00139599
66000 1.4294 -0.0042496 0.00141769
67000 1.42875 -0.00433805 0.0014146
68000 1.40636 -0.00620359 0.00138661
69000 1.36344 -0.0044771 0.00134534
70000 1.39779 -0.0149597 0.00137494
71000 1.39323 -0.00708536 0.00137328
72000 1.40469 -0.0056397 0.00139039
73000 1.41493 -0.00513129 0.00140167
74000 1.43405 -0.00440306 0.0014164
75000 1.35968 -0.00451176 0.00134609
76000 1.47158 -0.00669227 0.00145071
77000 1.38557 -0.0130834 0.00136285
78000 1.3634 -0.0183271 0.00134688
79000 1.42204 -0.0201352 0.00139127
80000 1.38531 -0.0148377 0.00136851
81000 1.38641 -0.0137418 0.00137126
82000 1.44954 -0.0137732 0.00142828
83000 1.37936 -0.0139901 0.00135842
84000 1.3859 -0.015042 0.00136712
85000 1.412 -0.0141476 0.00139589
86000 1.35138 -0.0125221 0.00133129
87000 1.416 -0.0126467 0.00139679
88000 1.43709 -0.0175417 0.00140921
89000 1.39322 -0.0122014 0.00137566
90000 1.40314 -0.0139371 0.00138348
91000 1.4075 -0.0148699 0.0013863
92000 1.39653 -0.0157665 0.00138154
93000 1.40169 -0.0156923 0.00138344
94000 1.39013 -0.0150887 0.00136755
95000 1.41312 -0.0142302 0.00139499
96000 1.41802 -0.0162155 0.00139989
97000 1.37407 -0.0143631 0.00135379
98000 1.42635 -0.0144433 0.00140739
99000 1.38248 -0.0234444 0.00135486
100000 1.38757 -0.0230874 0.00136713
101000 1.44527 -0.0123757 0.00142435
102000 1.36222 -0.0180944 0.00134399
103000 1.37593 -0.0220408 0.0013508
104000 1.38036 -0.0186558 0.00136363
105000 1.35567 -0.0193512 0.00133493
106000 1.36848 -0.0183542 0.00134768
107000 1.395 -0.0170454 0.00137497
108000 1.36289 -0.0147124 0.00134754
109000 1.39696 -0.0152392 0.00137173
110000 1.35702 -0.0170336 0.00133687
111000 1.41456 -0.0148298 0.00139489
112000 1.36901 -0.0146717 0.0013497
113000 1.34113 -0.0151062 0.00132446
114000 1.36253 -0.0127702 0.00134472
115000 1.40627 -0.00848433 0.00138571
116000 1.37492 -0.00852805 0.00135356
117000 1.36703 -0.00374923 0.00135192
118000 1.43924 -0.0114225 0.00141475
119000 1.39461 -0.00734951 0.00137334
120000 1.38939 -0.00481068 0.0013719
121000 1.38923 -0.00972742 0.00137435
122000 1.40108 -0.00599794 0.0013857
123000 1.41529 -0.00909839 0.00139557
124000 1.33856 -0.0091589 0.00131426
125000 1.40212 -0.00541535 0.00138486
126000 1.38028 -0.00449912 0.00137152
127000 1.46017 -0.00412752 0.00144596
128000 1.37954 -0.00579846 0.00136093
129000 1.39444 -0.00449449 0.0013761
130000 1.40881 -0.00691332 0.00139258
131000 1.37343 -0.00368156 0.00136006
132000 1.38343 -0.00644953 0.00136468
133000 1.38972 -0.00846691 0.00138003
134000 1.42159 -0.00653762 0.00140549
135000 1.4038 -0.00397344 0.00138584
136000 1.41521 -0.00314401 0.00139807
137000 1.39404 -0.00839379 0.00137426
138000 1.38738 -0.00448129 0.00137282
139000 1.44599 -0.00656904 0.00143248
140000 1.36483 -0.00249803 0.00135696
141000 1.40656 -0.00342802 0.00139624
142000 1.43069 -0.00660867 0.00140674
143000 1.36702 -0.00765957 0.00134704
144000 1.38635 -0.00662889 0.00137183
145000 1.42981 -0.00534268 0.00141466
146000 1.43479 -0.00443566 0.00141637
147000 1.41274 -0.0043802 0.0014006
148000 1.39292 -0.00256824 0.00137552
149000 1.37452 -0.00531838 0.00135732
150000 1.41318 -0.00318896 0.0013971
151000 1.38498 -0.00338086 0.00136885
152000 1.35733 -0.00489115 0.00134249
153000 1.39496 -0.00443689 0.00137892
154000 1.42182 -0.00478819 0.00140382
155000 1.39114 -0.00770353 0.00137207
156000 1.42206 -0.00596885 0.00140584
157000 1.3609 -0.00333135 0.00134594
158000 1.39991 -0.00498345 0.00138127
159000 1.44857 -0.00596725 0.00143267
160000 1.39695 -0.00371057 0.0013837
161000 1.39421 -0.00715497 0.00137602
162000 1.42616 -0.00403718 0.00141207
163000 1.42901 -0.00806591 0.00141678
164000 1.37916 -0.00621193 0.00136441
165000 1.37575 -0.0099128 0.0013489
166000 1.43797 -0.0093149 0.00141827
167000 1.43408 -0.00655748 0.00141563
168000 1.36648 -0.00863685 0.00134316
169000 1.39137 -0.00807829 0.00137971
170000 1.42135 -0.00526001 0.00140546
171000 1.41707 -0.00668592 0.00139659
172000 1.38556 -0.0037421 0.00136982
173000 1.377 -0.0046674 0.00135986
174000 1.40283 -0.00673599 0.00138433
175000 1.39112 -0.0112387 0.00136835
176000 1.41265 -0.0107392 0.00138759
177000 1.42314 -0.0133861 0.00139672
178000 1.41142 -0.0102679 0.00139034
179000 1.39724 -0.00676652 0.00138027
180000 1.41219 -0.0136796 0.00138986
181000 1.34746 -0.0128951 0.00132443
182000 1.37082 -0.0119514 0.00135162
183000 1.39638 -0.017962 0.00136705
184000 1.42313 -0.0204835 0.00139383
185000 1.3759 -0.0185196 0.00134859
186000 1.40827 -0.0186003 0.00138063
187000 1.40101 -0.0112099 0.00137715
188000 1.41486 -0.0125705 0.00139659
189000 1.37985 -0.015284 0.00135298
190000 1.41429 -0.0150486 0.00138749
191000 1.40683 -0.0104215 0.00138552
192000 1.3965 -0.0104359 0.00138243
193000 1.34759 -0.00726802 0.00133219
194000 1.37823 -0.00618384 0.00136496
195000 1.4604 -0.00665055 0.00143769
196000 1.38185 -0.00363181 0.00136686
197000 1.39283 -0.00950131 0.00137274
198000 1.46191 -0.0039251 0.00144328
199000 1.37302 -0.0038334 0.00135797
200000 1.34918 -0.0051576 0.00133359
201000 1.39933 -0.00261642 0.00138839
202000 1.39102 -0.00601459 0.00137171
203000 1.39773 -0.00480904 0.00137964
204000 1.37731 -0.00455613 0.00136032
205000 1.39452 -0.00731491 0.00138088
206000 1.42933 -0.00808003 0.00140678
207000 1.359 -0.0104159 0.00134241
208000 1.43607 -0.0130004 0.00141374
209000 1.39135 -0.0121827 0.00136915
210000 1.38637 -0.0117042 0.00136287
211000 1.42758 -0.0123205 0.00140347
212000 1.42601 -0.00984267 0.00140855
213000 1.36527 -0.0162216 0.00134446
214000 1.38968 -0.0131984 0.00136611
215000 1.46076 -0.0100643 0.00144411
216000 1.37032 -0.0192009 0.00133808
217000 1.38496 -0.0222938 0.00135555
218000 1.37477 -0.0247044 0.00133929
219000 1.4171 -0.0223133 0.00138668
220000 1.37422 -0.0248971 0.00134226
221000 1.37101 -0.0225139 0.00134297
222000 1.44042 -0.0214022 0.00140626
223000 1.3521 -0.0183003 0.0013258
224000 1.41877 -0.0212007 0.00139049
225000 1.45022 -0.0211843 0.0014178
226000 1.36077 -0.0195206 0.00133673
227000 1.45299 -0.017513 0.00142642
228000 1.36424 -0.0236604 0.00133993
229000 1.42009 -0.0218973 0.00139553
230000 1.36248 -0.0244922 0.00133915
231000 1.39819 -0.0191056 0.00137723
232000 1.40011 -0.0191049 0.00137984
233000 1.43878 -0.0231495 0.00141109
234000 1.4376 -0.0150882 0.00142023
235000 1.39162 -0.0156924 0.00136978
236000 1.37939 -0.0170144 0.00135442
237000 1.41205 -0.0166254 0.00138847
238000 1.40119 -0.0233006 0.00137382
239000 1.41067 -0.0191413 0.00138527
240000 1.37536 -0.0131097 0.00135648
241000 1.38854 -0.0151011 0.00137122
242000 1.38745 -0.0137121 0.00136897
243000 1.36981 -0.0133158 0.00135127
244000 1.40782 -0.0118301 0.00139075
245000 1.43769 -0.0106092 0.00141916
246000 1.43118 -0.0102093 0.00141131
247000 1.35338 -0.00327057 0.00133805
248000 1.43865 -0.00938474 0.00141557
249000 1.38861 -0.00448341 0.00137546
250000 1.40935 -0.0080627 0.00139064
251000 1.39117 -0.0110897 0.00136587
252000 1.38085 -0.00973319 0.00135895
253000 1.43857 -0.00378554 0.00141966
254000 1.33977 -0.00607409 0.00133314
255000 1.39766 -0.00578644 0.00138448
256000 1.38298 -0.00610903 0.0013656
257000 1.44893 -0.00524863 0.00143186
258000 1.3878 -0.00349894 0.0013722
259000 1.38827 -0.00324815 0.00137233
260000 1.40141 -0.00690972 0.00137977
261000 1.39788 -0.00776775 0.00137977
262000 1.40144 -0.00279843 0.00138752
263000 1.40446 -0.00714072 0.00139521
264000 1.41843 -0.0059878 0.00139851
265000 1.40232 -0.00444515 0.00138665
266000 1.36484 -0.00338304 0.00135195
267000 1.43141 -0.00258625 0.00141622
268000 1.40185 -0.00637442 0.00138523
269000 1.36292 -0.00719372 0.00134026
270000 1.39333 -0.010249 0.00137063
271000 1.39809 -0.0135327 0.00137346
272000 1.42939 -0.0193483 0.0014029
273000 1.37411 -0.0129978 0.00135553
274000 1.40588 -0.00709999 0.00138851
275000 1.38624 -0.00436836 0.00136901
276000 1.406 -0.00144068 0.00139808
277000 1.42928 -0.00765062 0.00141087
278000 1.39825 -0.0101498 0.00137674
279000 1.38794 -0.00539468 0.00137412
280000 1.42949 -0.0043462 0.00141604
281000 1.38152 -0.00424496 0.00136468
282000 1.4128 -0.00463557 0.0013922
283000 1.39148 -0.0069616 0.00137753
284000 1.39189 -0.00734098 0.00137712
285000 1.40226 -0.00191794 0.00138958
286000 1.3777 -0.003587 0.00136038
287000 1.42875 -0.00399604 0.00142023
288000 1.37241 -0.00455176 0.00135426
289000 1.4226 -0.00580585 0.00140463
290000 1.41217 -0.00812781 0.00138759
291000 1.35677 -0.0065858 0.00133766
292000 1.43663 -0.00622111 0.00142455
293000 1.37848 -0.00286448 0.00136154
294000 1.40698 -0.00515945 0.00138993
295000 1.42666 -0.00607631 0.00140827
296000 1.36049 -0.00693322 0.00134205
297000 1.42736 -0.00716658 0.00140721
298000 1.42741 -0.00698872 0.00141524
299000 1.34851 -0.00704617 0.00133423
300000 1.41474 -0.00885764 0.00139281
301000 1.44602 -0.00317865 0.00142721
302000 1.42532 -0.00874961 0.00140425
303000 1.37016 -0.00508623 0.00135872
304000 1.41763 -0.00246955 0.00139976
305000 1.34968 -0.00849794 0.00133671
306000 1.40225 -0.00704918 0.00138408
307000 1.40661 -0.00700497 0.00138717
308000 1.44173 -0.00395704 0.00142373
309000 1.38473 -0.00561077 0.00136859
310000 1.39296 -0.00205635 0.00137768
311000 1.38362 -0.00816292 0.00136537
312000 1.40306 -0.0137787 0.00138208
313000 1.39008 -0.0140594 0.00136484
314000 1.3845 -0.00921584 0.00136793
315000 1.39573 -0.00358485 0.0013785
316000 1.43021 -0.00568596 0.00141435
317000 1.41432 -0.0073702 0.0013958
318000 1.38134 -0.00413871 0.00136693
319000 1.39983 -0.00419496 0.00138775
320000 1.41902 -0.00402091 0.00140725
321000 1.39138 -0.00417431 0.00137538
322000 1.45743 -0.00592643 0.00144181
323000 1.38548 -0.00855461 0.00136441
324000 1.41019 -0.00592022 0.00139512
325000 1.38319 -0.00263494 0.00137185
326000 1.40001 -0.00623784 0.00138325
327000 1.38358 -0.00554057 0.00136676
328000 1.37433 -0.006863 0.001357
329000 1.45205 -0.00506843 0.00143443
330000 1.39084 -0.00554122 0.00137211
331000 1.3688 -0.00223334 0.0013585
332000 1.39836 -0.00942867 0.00138116
333000 1.42684 -0.0110292 0.00140718
334000 1.38834 -0.00978355 0.00137016
335000 1.42709 -0.00564766 0.00140768
336000 1.40088 -0.00584793 0.0013809
337000 1.39722 -0.00269347 0.00138511
338000 1.37263 -0.00406617 0.00135656
339000 1.4094 -0.00411176 0.00138868
340000 1.42893 -0.00413736 0.0014116
341000 1.42977 -0.00554644 0.00142036
342000 1.35127 -0.0101123 0.00133217
343000 1.44205 -0.00499977 0.00142725
344000 1.3982 -0.00674796 0.00138077
345000 1.3991 -0.0101017 0.00137788
346000 1.37349 -0.0033054 0.00135911
347000 1.43092 -0.00424352 0.0014149
348000 1.38472 -0.00915195 0.00136656
349000 1.38771 -0.007151 0.00136619
350000 1.41942 -0.00346301 0.00140023
351000 1.37143 -0.00662021 0.00135501
352000 1.42589 -0.00698037 0.00141075
353000 1.38648 -0.00363979 0.00136982
354000 1.40399 -0.00960378 0.00138167
355000 1.39466 -0.00780016 0.00137688
356000 1.39241 -0.0122328 0.00137088
357000 1.42614 -0.00847788 0.00140735
358000 1.38997 -0.00661762 0.00137711
359000 1.41531 -0.000934912 0.00139931
360000 1.38661 -0.00313402 0.00137324
361000 1.40548 -0.00730198 0.00138473
362000 1.43116 -0.00425609 0.00142313
363000 1.36591 -0.00565164 0.00135154
364000 1.35506 -0.00752075 0.00133994
365000 1.40641 -0.00418168 0.00138826
366000 1.43742 -0.00327731 0.00142054
367000 1.3786 -0.0033008 0.0013607
368000 1.40349 -0.00204297 0.00138743
369000 1.42539 -0.0120655 0.00140019
370000 1.36888 -0.00943165 0.00134481
371000 1.42579 -0.00552474 0.0014047
372000 1.38276 -0.00356096 0.0013675
373000 1.39367 -0.00460951 0.00137534
374000 1.42393 -0.00576183 0.00140721
375000 1.36728 -0.00295289 0.00135509
376000 1.38243 -0.00803655 0.00136263
377000 1.45499 -0.00829074 0.00143543
378000 1.36226 -0.00734512 0.00134369
379000 1.45692 -0.00584556 0.00143988
380000 1.35148 -0.00722945 0.00133437
381000 1.42729 -0.00222183 0.00140887
382000 1.40795 -0.0126619 0.00139036
383000 1.38391 -0.00876226 0.00136446
384000 1.39854 -0.00580395 0.00138302
385000 1.40239 -0.00648986 0.0013831
386000 1.42119 -0.00641717 0.00140702
387000 1.3556 -0.00271508 0.00134153
388000 1.40146 -0.00370032 0.00138694
389000 1.37485 -0.00651232 0.00136148
390000 1.44836 -0.00594766 0.00143307
391000 1.39046 -0.00346738 0.00137761
392000 1.4149 -0.00389039 0.00140126
393000 1.36614 -0.0073192 0.00134601
394000 1.41574 -0.00965134 0.0013972
395000 1.41988 -0.0148312 0.00139811
396000 1.39613 -0.00797796 0.00137327
397000 1.39279 -0.00682997 0.00137334
398000 1.42578 -0.010656 0.00140343
399000 1.412 -0.00621912 0.00138747
400000 1.41442 -0.00464582 0.00139821
401000 1.43088 -0.00626777 0.00141391
402000 1.38661 -0.00169374 0.00137309
403000 1.41709 -0.00410436 0.00139718
404000 1.39085 -0.00719506 0.00137683
405000 1.38388 -0.00476317 0.00136607
406000 1.40049 -0.0107525 0.00137561
407000 1.40685 -0.0100038 0.0013896
408000 1.41655 -0.00396794 0.00139888
409000 1.39794 -0.00939079 0.00137962
410000 1.37468 -0.00408243 0.00135745
411000 1.43726 -0.00653707 0.00141641
412000 1.37905 -0.00472637 0.00136589
413000 1.41077 -0.0114498 0.00139905
414000 1.39182 -0.00708953 0.00137146
415000 1.39487 -0.00539378 0.00138057
416000 1.43662 -0.0136892 0.00140992
417000 1.39385 -0.0135845 0.00136926
418000 1.41773 -0.00358541 0.00139965
419000 1.38985 -0.00421313 0.00137074
420000 1.40228 -0.0101543 0.00138444
421000 1.39349 -0.00376394 0.00137356
422000 1.39804 -0.00370613 0.00137801
423000 1.44373 -0.00482126 0.0014249
424000 1.3812 -0.00428861 0.00136632
425000 1.36484 -0.00606711 0.00135006
426000 1.44329 -0.00437618 0.00142657
427000 1.39147 -0.00330694 0.00137391
428000 1.41327 -0.00330483 0.00139597
429000 1.35676 -0.00784639 0.00133821
430000 1.44726 -0.00846723 0.00142334
431000 1.42024 -0.0117785 0.00139468
432000 1.42216 -0.0111813 0.0013965
433000 1.42271 -0.00735368 0.00140355
434000 1.32663 -0.00543946 0.00131145
435000 1.42042 -0.0062406 0.00140477
436000 1.42202 -0.00431336 0.00141144
437000 1.35517 -0.005108 0.00133986
438000 1.44945 -0.00838663 0.00143108
439000 1.37428 -0.00663964 0.00135514
440000 1.40888 -0.0104448 0.00138425
441000 1.39541 -0.00641495 0.00137765
442000 1.39014 -0.00600767 0.00136848
443000 1.4386 -0.00712406 0.00141769
444000 1.41717 -0.00553954 0.00140374
445000 1.3543 -0.0123214 0.00133811
446000 1.44573 -0.00755516 0.00142812
447000 1.38683 -0.007627 0.00136594
448000 1.39018 -0.00360317 0.00137575
449000 1.42042 -0.00289565 0.00140507
450000 1.37675 -0.00247485 0.00136154
451000 1.41486 -0.00250198 0.00140034
452000 1.41628 -0.015114 0.00139333
453000 1.39995 -0.00826749 0.00138432
454000 1.38074 -0.00601184 0.00136451
455000 1.38531 -0.00515134 0.00136638
456000 1.44804 -0.00703818 0.00142912
457000 1.36846 -0.00425577 0.0013505
458000 1.37873 -0.00748364 0.0013592
459000 1.43957 -0.00533762 0.00142822
460000 1.34154 -0.000866605 0.00132641
461000 1.42075 -0.00187159 0.00140458
462000 1.42721 -0.00529196 0.00140873
463000 1.42 -0.00297454 0.00140383
464000 1.36823 -0.0073056 0.0013556
465000 1.41619 -0.00608587 0.00139888
466000 1.43968 -0.00674425 0.00141746
467000 1.36444 -0.0046848 0.00134856
468000 1.43791 -0.00349806 0.0014256
469000 1.41814 -0.00187061 0.0014005
470000 1.34446 -0.00500101 0.00133498
471000 1.44746 -0.00570986 0.00142587
472000 1.38378 -0.00649771 0.00136816
473000 1.40929 -0.00774979 0.00139122
474000 1.42851 -0.00302703 0.00141148
475000 1.33685 -0.0074919 0.001324
476000 1.40644 -0.00768304 0.00138685
477000 1.42504 -0.00630579 0.00140304
478000 1.40876 -0.00588197 0.00139148
479000 1.44626 -0.00539019 0.00142571
480000 1.41655 -0.00837048 0.00140027
481000 1.41512 -0.00186125 0.00139838
482000 1.36359 -0.00289053 0.00135524
483000 1.38128 -0.00689139 0.0013645
484000 1.42028 -0.0083772 0.00140188
485000 1.37726 -0.00331634 0.00135953
486000 1.41851 -0.00372037 0.00140224
487000 1.42309 -0.00374242 0.00140774
488000 1.4204 -0.00477472 0.00140014
489000 1.42096 -0.00822072 0.00140548
490000 1.42244 -0.00349172 0.00140251
491000 1.35037 -0.00735811 0.00132759
492000 1.44413 -0.00792649 0.00142776
493000 1.45308 -0.00800954 0.00143249
494000 1.34475 -0.0059283 0.00133177
495000 1.42213 -0.0152312 0.00139895
496000 1.41365 -0.0131027 0.00138841
497000 1.41563 -0.0124983 0.00139569
498000 1.42322 -0.0109432 0.00140554
499000 1.37332 -0.0170726 0.00134644
500000 1.40857 -0.0079335 0.0013922
501000 1.45762 -0.0044486 0.00144167
502000 1.42322 -0.00870167 0.001405
503000 1.38295 -0.00703876 0.00136787
504000 1.42911 -0.00574668 0.00141589
505000 1.4512 -0.00466049 0.00143553
506000 1.39858 -0.00715616 0.00137954
507000 1.38434 -0.00468008 0.00137459
508000 1.4106 -0.00642277 0.00139174
509000 1.40884 -0.00256752 0.00139342
510000 1.3931 -0.00561457 0.00137668
511000 1.41884 -0.00739552 0.00140613
512000 1.41596 -0.0186437 0.00139738
513000 1.3563 -0.0134194 0.00134149
514000 1.40974 -0.0176204 0.00138995
515000 1.38102 -0.0180098 0.00136671
516000 1.40273 -0.0268354 0.00137031
517000 1.43041 -0.016627 0.00141416
518000 1.3627 -0.0155979 0.00134536
519000 1.41749 -0.0137947 0.00139644
520000 1.4185 -0.0110791 0.00140118
521000 1.41006 -0.0222471 0.00138439
522000 1.39598 -0.0176857 0.00137741
523000 1.39957 -0.0149067 0.00138225
524000 1.3985 -0.0111979 0.00137802
525000 1.38835 -0.0115926 0.00136804
526000 1.40075 -0.0116731 0.00138105
527000 1.4046 -0.0115535 0.00138502
528000 1.38456 -0.0071923 0.00137125
529000 1.38117 -0.0113919 0.00136872
530000 1.40285 -0.00794259 0.00138139
531000 1.41776 -0.00906006 0.00139581
532000 1.39098 -0.00261531 0.00137692
533000 1.3733 -0.00426596 0.00136232
534000 1.41675 -0.00828493 0.00139248
535000 1.3838 -0.00520128 0.00136776
536000 1.38921 -0.00493852 0.00137484
537000 1.35902 -0.00557424 0.00134648
538000 1.40664 -0.00721107 0.00139195
539000 1.37195 -0.0049953 0.0013592
540000 1.34968 -0.00350387 0.00133142
541000 1.36815 -0.0073238 0.00134449
542000 1.41229 -0.00622057 0.00139132
543000 1.40298 -0.00219245 0.00138839
544000 1.41091 -0.00506648 0.00139366
545000 1.41887 -0.0108516 0.00139617
546000 1.3854 -0.0091901 0.00136048
547000 1.41601 -0.00458139 0.00139759
548000 1.39504 -0.00965925 0.00137886
549000 1.40251 -0.0058897 0.00138595
550000 1.39915 -0.00975759 0.00138098
551000 1.42543 -0.00401076 0.00140521
552000 1.38216 -0.00887684 0.00136559
553000 1.4068 -0.0108508 0.00139111
554000 1.37973 -0.00770787 0.0013607
555000 1.3918 -0.00907699 0.00137095
556000 1.3914 -0.00519925 0.00137337
557000 1.40431 -0.0047276 0.00138812
558000 1.38665 -0.0087043 0.00136693
559000 1.3956 -0.0147693 0.00137213
560000 1.41664 -0.0101503 0.00139391
561000 1.4075 -0.00882172 0.00138846
562000 1.38705 -0.00606992 0.0013697
563000 1.41723 -0.00461524 0.00140516
564000 1.46599 -0.01066 0.00144803
565000 1.3606 -0.00896152 0.00134638
566000 1.42332 -0.00491127 0.00141111
567000 1.36189 -0.00529521 0.00135041
568000 1.43353 -0.0063161 0.00141805
569000 1.43229 -0.00528486 0.00142201
570000 1.37178 -0.00524055 0.00135313
571000 1.40894 -0.00440207 0.00139818
572000 1.38194 -0.00756917 0.00136572
573000 1.44806 -0.00692855 0.00142609
574000 1.38953 -0.00883413 0.00137149
575000 1.38645 -0.00668457 0.0013703
576000 1.43208 -0.00499109 0.001413
577000 1.36592 -0.00215705 0.00134991
578000 1.38945 -0.00712044 0.00137671
579000 1.38342 -0.0047019 0.00136615
580000 1.36636 -0.00776499 0.00134631
581000 1.40439 -0.00806564 0.00138718
582000 1.38258 -0.00538296 0.00136245
583000 1.39031 -0.00931708 0.00137225
584000 1.40273 -0.00485241 0.0013881
585000 1.40868 -0.00477425 0.00138933
586000 1.34646 -0.00910464 0.00133032
587000 1.39626 -0.00582448 0.00137623
588000 1.42528 -0.00581359 0.00140708
589000 1.36535 -0.00605797 0.00134752
590000 1.43633 -0.00766884 0.00141877
591000 1.38513 -0.005062 0.00136809
592000 1.38864 -0.0119412 0.00135981
593000 1.39669 -0.00689889 0.00137852
594000 1.36631 -0.0123941 0.00135263
595000 1.35533 -0.00851442 0.00134064
596000 1.43715 -0.00571709 0.00141708
597000 1.40561 -0.00783341 0.00138482
598000 1.34806 -0.00488892 0.00132753
599000 1.35698 -0.00531054 0.00133557
600000 1.40592 -0.0140193 0.00138043
601000 1.39867 -0.0111052 0.00137911
602000 1.36102 -0.00340377 0.00134921
603000 1.41452 -0.00919207 0.00139472
604000 1.43404 -0.0095095 0.00141638
605000 1.39584 -0.0106567 0.0013765
606000 1.40609 -0.00450343 0.00138764
607000 1.40346 -0.00386113 0.00138657
608000 1.40006 -0.00569657 0.00138493
609000 1.40152 -0.00509815 0.00138748
610000 1.40646 -0.00686032 0.00139354
611000 1.39911 -0.00418131 0.00138262
612000 1.3929 -0.00499024 0.00137709
613000 1.43226 -0.00767786 0.00141566
614000 1.36477 -0.00608733 0.00134598
615000 1.40738 -0.00863039 0.00138664
616000 1.42033 -0.00748623 0.00140064
617000 1.42094 -0.00381396 0.00140685
618000 1.38799 -0.00474332 0.00136848
619000 1.37355 -0.00554134 0.00136005
620000 1.39202 -0.00609871 0.00137432
621000 1.39128 -0.00633674 0.00137032
622000 1.4202 -0.00786646 0.00139995
623000 1.42961 -0.00817554 0.00141128
624000 1.39602 -0.00500044 0.00137701
625000 1.43024 -0.00606628 0.00141011
626000 1.40178 -0.00595676 0.00138715
627000 1.34603 -0.0067603 0.00133102
628000 1.41731 -0.00783137 0.00139671
629000 1.43425 -0.00314291 0.00141588
630000 1.38314 -0.00829588 0.00136264
631000 1.38546 -0.00209271 0.00137017
632000 1.39647 -0.00613555 0.00138011
633000 1.41115 -0.00546823 0.0013964
634000 1.38916 -0.00480761 0.00137317
635000 1.37715 -0.00871137 0.00135924
636000 1.37162 -0.00697485 0.00135612
637000 1.35326 -0.0055795 0.00133701
638000 1.39833 -0.0045555 0.00137795
639000 1.36316 -0.008609 0.00134511
640000 1.41735 -0.00495643 0.00139884
641000 1.38671 -0.0172616 0.0013635
642000 1.40375 -0.0143229 0.00137686
643000 1.40546 -0.0139545 0.00138631
644000 1.4033 -0.0113699 0.00137982
645000 1.41461 -0.0129421 0.00139507
646000 1.39192 -0.0121988 0.00137105
647000 1.37763 -0.017572 0.0013547
648000 1.40785 -0.014109 0.00138164
649000 1.44857 -0.0142799 0.00142988
650000 1.3512 -0.0161578 0.00132831
651000 1.43034 -0.0118661 0.00140633
652000 1.34914 -0.00938676 0.00133406
653000 1.43878 -0.00458571 0.00142187
654000 1.42665 -0.00324976 0.00141112
655000 1.42603 -0.00441176 0.00141678
656000 1.35181 -0.00832647 0.00133395
657000 1.40727 -0.012233 0.00138276
658000 1.41577 -0.0137854 0.00139448
659000 1.37543 -0.0117213 0.00135544
660000 1.34065 -0.0152787 0.00131794
661000 1.37026 -0.0127827 0.00134696
662000 1.41513 -0.0151494 0.00139374
663000 1.41462 -0.00970645 0.00139454
664000 1.35981 -0.0156048 0.00133674
665000 1.42424 -0.0125831 0.00140209
666000 1.39211 -0.0169148 0.00136469
667000 1.42602 -0.0145164 0.00140308
668000 1.40033 -0.00536576 0.0013824
669000 1.41389 -0.0138353 0.00139868
670000 1.41094 -0.00939957 0.00139158
671000 1.38734 -0.00784569 0.00137158
672000 1.39076 -0.0109886 0.00136946
673000 1.39378 -0.00886196 0.00138156
674000 1.41246 -0.00421657 0.0013959
675000 1.39024 -0.00464457 0.00137472
676000 1.36435 -0.0119185 0.00134601
677000 1.44636 -0.00802665 0.00142624
678000 1.40019 -0.0182585 0.00137579
679000 1.38302 -0.00716613 0.00136522
680000 1.37138 -0.00829306 0.00135117
681000 1.43168 -0.0122 0.00140951
682000 1.3719 -0.0129134 0.00134904
683000 1.39868 -0.00325486 0.00138199
684000 1.39296 -0.00474497 0.0013842
685000 1.40547 -0.0035975 0.00139316
686000 1.37979 -0.0152774 0.0013596
687000 1.42434 -0.00505542 0.0014065
688000 1.4336 -0.00416483 0.00141853
689000 1.40401 -0.00652363 0.001385
690000 1.40368 -0.00551365 0.00138894
691000 1.4044 -0.0104494 0.00138273
692000 1.41174 -0.00837869 0.00138934
693000 1.38901 -0.00339348 0.0013752
694000 1.39606 -0.00576785 0.0013809
695000 1.4116 -0.00530921 0.00139342
696000 1.36735 -0.00716248 0.00135417
697000 1.43117 -0.00787595 0.00141124
698000 1.40037 -0.00671103 0.00138359
699000 1.3688 -0.00456494 0.00135564
700000 1.42047 -0.00585018 0.00140921
701000 1.42229 -0.00629501 0.00140457
702000 1.40563 -0.00440251 0.00138736
703000 1.38465 -0.00303125 0.00137393
704000 1.39339 -0.0022988 0.00138624
705000 1.41427 -0.00805528 0.00139486
706000 1.35807 -0.00534643 0.00134629
707000 1.41411 -0.00364536 0.0013945
708000 1.42006 -0.00699425 0.00140306
709000 1.38917 -0.0125032 0.00137527
710000 1.39806 -0.00735856 0.00137704
711000 1.38285 -0.00769981 0.00136561
712000 1.35439 -0.00600627 0.00133622
713000 1.39964 -0.00713198 0.00137928
714000 1.38744 -0.00626277 0.00137129
715000 1.38222 -0.00604402 0.00136376
716000 1.40724 -0.00368108 0.00139394
717000 1.39535 -0.00876765 0.00137261
718000 1.38911 -0.00514883 0.00137097
719000 1.3966 -0.00752922 0.00137909
720000 1.42631 -0.00745993 0.00140415
721000 1.39955 -0.00673699 0.0013845
722000 1.41447 -0.00580613 0.00139832
723000 1.41574 -0.00549256 0.00139933
724000 1.3701 -0.00648461 0.00135472
725000 1.39807 -0.00534537 0.00137954
726000 1.45085 -0.0048718 0.00143249
727000 1.35871 -0.00865958 0.00134198
728000 1.37331 -0.00602121 0.00136282
729000 1.39867 -0.00720191 0.00137868
730000 1.39752 -0.00548851 0.00138254
731000 1.42195 -0.00476642 0.00140553
732000 1.40119 -0.00506496 0.00138498
733000 1.40323 -0.00541721 0.00138452
734000 1.40938 -0.0081705 0.0013977
735000 1.3995 -0.00911229 0.00138008
736000 1.38482 -0.0106706 0.00136698
737000 1.41315 -0.00385981 0.00139559
738000 1.40317 -0.00226446 0.00139192
739000 1.37872 -0.00928109 0.00135556
740000 1.37544 -0.0109529 0.00134755
741000 1.42992 -0.00340902 0.0014149
742000 1.39636 -0.00240326 0.00138417
743000 1.3449 -0.00403504 0.00133411
744000 1.42261 -0.00810828 0.00141
745000 1.41603 -0.00352902 0.00140151
746000 1.36291 -0.0055142 0.00134646
747000 1.43882 -0.00281968 0.00142096
748000 1.42101 -0.00411236 0.00140575
749000 1.36752 -0.00391189 0.00134959
750000 1.41927 -0.00581016 0.00139823
751000 1.41987 -0.00526743 0.00140122
752000 1.35519 -0.00529661 0.00134045
753000 1.3995 -0.00543735 0.00138087
754000 1.38468 -0.00822271 0.00136119
755000 1.37127 -0.00996249 0.00134578
756000 1.39985 -0.00727062 0.00137916
757000 1.37084 -0.00615739 0.00135142
758000 1.39434 -0.00261108 0.00138284
759000 1.36232 -0.0108838 0.00134292
760000 1.35799 -0.00711395 0.00133809
761000 1.41972 -0.00570051 0.00140005
762000 1.38784 -0.0037741 0.00137238
763000 1.37061 -0.00569779 0.00135502
764000 1.39763 -0.0066624 0.00137818
765000 1.40343 -0.00542095 0.00138234
766000 1.39089 -0.00543505 0.00137261
767000 1.40433 -0.0104674 0.00138402
768000 1.39178 -0.0130311 0.0013676
769000 1.39719 -0.0100667 0.0013787
770000 1.38975 -0.0139679 0.00136712
771000 1.43405 -0.00974165 0.00141493
772000 1.39254 -0.0115147 0.00136972
773000 1.37864 -0.0111377 0.00135675
774000 1.41288 -0.0112341 0.00139458
775000 1.4258 -0.00940967 0.00141283
776000 1.35069 -0.00994299 0.00133272
777000 1.41996 -0.0113675 0.00139969
778000 1.37325 -0.0130651 0.00135108
779000 1.4131 -0.0152049 0.00138818
780000 1.45812 -0.0138476 0.0014432
781000 1.39578 -0.0124096 0.00137597
782000 1.40643 -0.0143931 0.00139396
783000 1.40858 -0.00670774 0.00139453
784000 1.36556 -0.00540347 0.00134628
785000 1.44786 -0.00491576 0.00142945
786000 1.37143 -0.00598656 0.00135715
787000 1.35662 -0.0108269 0.00133603
788000 1.41257 -0.0052691 0.00139799
789000 1.38261 -0.00501505 0.00136705
790000 1.37465 -0.00569507 0.00135761
791000 1.4228 -0.00781099 0.00140151
792000 1.37991 -0.00675307 0.00136351
793000 1.37719 -0.00870585 0.00135346
794000 1.38724 -0.00588281 0.00136854
795000 1.36189 -0.00380825 0.00134595
796000 1.40431 -0.00780564 0.00138198
797000 1.4042 -0.00708174 0.00138588
798000 1.41805 -0.00279808 0.00140191
799000 1.37596 -0.00831731 0.00136045
800000 1.40961 -0.0146632 0.00138617
801000 1.42852 -0.0127049 0.00140645
802000 1.35683 -0.0126399 0.00133776
803000 1.40539 -0.0135614 0.0013818
804000 1.41366 -0.0115852 0.00139313
805000 1.42554 -0.012396 0.00140524
806000 1.35158 -0.00569849 0.0013354
807000 1.43741 -0.0103363 0.00141628
808000 1.38349 -0.00472887 0.00136285
809000 1.3925 -0.00790635 0.00137638
810000 1.42117 -0.00554965 0.00140696
811000 1.4047 -0.00334299 0.00138932
812000 1.38493 -0.00527737 0.00136683
813000 1.37041 -0.00504259 0.00135866
814000 1.35182 -0.00190283 0.00133847
815000 1.37547 -0.00134829 0.00136359
816000 1.39924 -0.00524673 0.00138014
817000 1.35769 -0.00577074 0.00134307
818000 1.39868 -0.00589423 0.00137927
819000 1.3917 -0.00363202 0.0013804
820000 1.38822 -0.00981564 0.00137058
821000 1.43485 -0.00511801 0.00141556
822000 1.37393 -0.0072344 0.00135355
823000 1.38325 -0.00317285 0.00136578
824000 1.39508 -0.00427898 0.00138021
825000 1.41244 -0.00296453 0.00139617
826000 1.3788 -0.00513621 0.00136526
827000 1.38576 -0.00389946 0.00136883
828000 1.40633 -0.00122234 0.00139262
829000 1.37959 -0.00819107 0.00136085
830000 1.38786 -0.0058222 0.00137107
831000 1.36773 -0.00242644 0.00135552
832000 1.3967 -0.00741931 0.00137687
833000 1.4233 -0.00595222 0.0014137
834000 1.38935 -0.00260039 0.00137765
835000 1.36466 -0.00829105 0.00134766
836000 1.45364 -0.00321774 0.00143879
837000 1.39444 -0.00601188 0.00137633
838000 1.36822 -0.00688042 0.00135102
839000 1.44241 -0.00660967 0.00142332
840000 1.3798 -0.00299158 0.00137175
841000 1.38979 -0.00515141 0.00137424
842000 1.4617 -0.00936707 0.00144267
843000 1.40102 -0.00251311 0.00138228
844000 1.40232 -0.00579708 0.00139193
845000 1.41846 -0.0045555 0.00141077
846000 1.34004 -0.00661917 0.00132189
847000 1.36593 -0.00337164 0.00135143
848000 1.42708 -0.00551347 0.00141151
849000 1.39855 -0.00691975 0.0013856
850000 1.41331 -0.00300023 0.00139751
851000 1.40572 -0.00679175 0.00139271
852000 1.4309 -0.00948331 0.00141062
853000 1.41347 -0.00796814 0.00139349
854000 1.38305 -0.00953706 0.00136098
855000 1.38323 -0.00810279 0.00136247
856000 1.39852 -0.00343137 0.00138719
857000 1.4302 -0.00311028 0.00141083
858000 1.36061 -0.00702665 0.00134318
859000 1.41043 -0.00651609 0.00139352
860000 1.41443 -0.00481976 0.00140178
861000 1.39826 -0.00666025 0.00138337
862000 1.41678 -0.00598483 0.00139983
863000 1.40622 -0.0112534 0.0013852
864000 1.37592 -0.0169797 0.00134887
865000 1.38375 -0.0215656 0.00135535
866000 1.41901 -0.0261342 0.00138619
867000 1.41184 -0.0209674 0.00138095
868000 1.37113 -0.0206518 0.00135234
869000 1.38921 -0.022834 0.00136509
870000 1.40014 -0.0275769 0.00137499
871000 1.42423 -0.0233056 0.00139808
872000 1.36222 -0.0231037 0.00133894
873000 1.43373 -0.024041 0.00140968
874000 1.39719 -0.0255865 0.00137393
875000 1.37442 -0.0258241 0.00134414
876000 1.35356 -0.0258307 0.00133022
877000 1.42055 -0.023721 0.00139233
878000 1.44284 -0.0185581 0.00142191
879000 1.35704 -0.0275277 0.00133409
880000 1.38548 -0.0310315 0.00136085
881000 1.40993 -0.0233876 0.00138989
882000 1.40843 -0.0243057 0.00138459
883000 1.3964 -0.021344 0.00137256
884000 1.41563 -0.0153006 0.00139359
885000 1.43436 -0.0200766 0.00140973
886000 1.39273 -0.0175811 0.00137322
887000 1.37775 -0.0171939 0.00135958
888000 1.39512 -0.0178555 0.00137473
889000 1.42819 -0.0117637 0.00141207
890000 1.40662 -0.0168544 0.001386
891000 1.38785 -0.0180444 0.00136511
892000 1.35576 -0.0130125 0.0013421
893000 1.42055 -0.0199342 0.00139945
894000 1.43059 -0.0177269 0.00141072
895000 1.37346 -0.01382 0.00136015
896000 1.38308 -0.0144442 0.00136363
897000 1.41736 -0.0100221 0.00140584
898000 1.39677 -0.00276669 0.00138302
899000 1.39369 -0.00750298 0.00137468
900000 1.40293 -0.00216778 0.00139136
901000 1.36522 -0.00313972 0.00135179
902000 1.42735 -0.00966596 0.00140883
903000 1.40773 -0.0101095 0.00138435
904000 1.40034 -0.0108378 0.00137434
905000 1.4406 -0.00832526 0.00141773
906000 1.41591 -0.00832618 0.00139633
907000 1.40849 -0.00734452 0.0013914
908000 1.36294 -0.00591977 0.0013486
909000 1.37199 -0.00707652 0.00135405
910000 1.39884 -0.0077258 0.00138037
911000 1.41867 -0.00413719 0.00140076
912000 1.40041 -0.0125227 0.00137878
913000 1.38828 -0.0105801 0.00136834
914000 1.40896 -0.00405882 0.00139392
915000 1.4248 -0.00224137 0.00140928
916000 1.41268 -0.00672623 0.00139924
917000 1.35997 -0.0110429 0.00133471
918000 1.42888 -0.0105707 0.00140433
919000 1.39619 -0.00774195 0.00137991
920000 1.37974 -0.00543109 0.00137294
921000 1.41685 -0.00403571 0.00140074
922000 1.38155 -0.00535236 0.00135993
923000 1.3991 -0.0101731 0.0013851
924000 1.3763 -0.00507325 0.00135864
925000 1.43715 -0.00728201 0.00141984
926000 1.40436 -0.00629981 0.00138717
927000 1.36143 -0.00876015 0.00134075
928000 1.435 -0.00515751 0.00141645
929000 1.41624 -0.00505944 0.00139896
930000 1.37261 -0.00420619 0.00135393
931000 1.35913 -0.00806862 0.00133973
932000 1.43845 -0.00344634 0.00142183
933000 1.40188 -0.00487259 0.00138596
934000 1.36914 -0.0045677 0.00136381
935000 1.43613 -0.00612365 0.0014155
936000 1.4507 -0.00505496 0.00143268
937000 1.40677 -0.0072678 0.00138543
938000 1.35167 -0.0038632 0.00133941
939000 1.44744 -0.00542818 0.00142994
940000 1.38281 -0.0068463 0.00136088
941000 1.35354 -0.00522804 0.00133634
942000 1.37988 -0.00883132 0.00135779
943000 1.39166 -0.00494315 0.00137372
944000 1.35425 -0.00752865 0.00133637
945000 1.37991 -0.00477271 0.00136308
946000 1.42361 -0.00920347 0.00140166
947000 1.40644 -0.00598097 0.00139044
948000 1.38147 -0.00790737 0.00136165
949000 1.40571 -0.00476433 0.00138727
950000 1.43972 -0.00433507 0.00142586
951000 1.38157 -0.00231533 0.0013662
952000 1.35108 -0.00918023 0.00133646
953000 1.37785 -0.00564402 0.001362
954000 1.40101 -0.00473658 0.00138377
955000 1.36007 -0.0116326 0.00133317
956000 1.34281 -0.0139406 0.00132248
957000 1.42645 -0.0109365 0.00140911
958000 1.38924 -0.0148977 0.00136322
959000 1.42846 -0.0162032 0.00140545
960000 1.37296 -0.0121907 0.00134832
961000 1.3992 -0.0093699 0.00137829
962000 1.41219 -0.00486035 0.00139886
963000 1.37897 -0.0057016 0.0013606
964000 1.40456 -0.00166248 0.00138817
965000 1.38646 -0.00238889 0.00136833
966000 1.41721 -0.00332382 0.00140004
967000 1.39723 -0.00437782 0.00138343
968000 1.38523 -0.00682922 0.00136458
969000 1.40653 -0.00903677 0.00139801
970000 1.40299 -0.00821212 0.00138231
971000 1.39866 -0.00754842 0.00137961
972000 1.42266 -0.00823088 0.00141045
973000 1.40897 -0.00186583 0.00139408
974000 1.37584 -0.00714324 0.00136051
975000 1.39484 -0.00508885 0.00137747
976000 1.43686 -0.00700214 0.00141807
977000 1.4261 -0.00399196 0.00140872
978000 1.3735 -0.00664176 0.00135605
979000 1.40909 -0.00524733 0.00139013
980000 1.43775 -0.00605754 0.00143101
981000 1.36472 -0.0140156 0.00134612
982000 1.40231 -0.0156931 0.00137594
983000 1.42885 -0.00883917 0.00141829
984000 1.37466 -0.00481916 0.00135698
985000 1.40029 -0.00641563 0.00138887
986000 1.42395 -0.00715361 0.00140205
987000 1.40232 -0.00456789 0.0013836
988000 1.38294 -0.00297609 0.00136391
989000 1.43422 -0.00306433 0.0014177
990000 1.37239 -0.00715107 0.00135492
991000 1.39594 -0.010496 0.00137704
992000 1.44194 -0.00791866 0.00142046
993000 1.36387 -0.00390505 0.00134583
994000 1.40277 -0.00406969 0.00138237
995000 1.39035 -0.00535451 0.00137095
996000 1.41698 -0.00499824 0.00140435
997000 1.3989 -0.00461163 0.00138065
998000 1.38312 -0.00747278 0.00136327
999000 1.4264 -0.00708645 0.00140758
1000000 1.36902 -0.00640398 0.0013514
1001000 1.39456 -0.00662949 0.00138248
1002000 1.43023 -0.00435239 0.00141312
1003000 1.38234 -0.00979434 0.00136919
1004000 1.38929 -0.00465447 0.00137196
1005000 1.42096 -0.00353284 0.00140905
1006000 1.38926 -0.00484948 0.0013732
1007000 1.41303 -0.00441301 0.00139654
1008000 1.38764 -0.00218169 0.00137352
1009000 1.39237 -0.00610423 0.00137736
1010000 1.40876 -0.0059473 0.00138997
1011000 1.39906 -0.00293737 0.00138637
1012000 1.4263 -0.00808095 0.00140531
1013000 1.35386 -0.00156682 0.00133728
1014000 1.40984 -0.00864556 0.00139446
1015000 1.42347 -0.00713776 0.00140027
1016000 1.38364 -0.00828839 0.00136439
1017000 1.37725 -0.00399206 0.00136263
1018000 1.35316 -0.00441674 0.00134497
1019000 1.41382 -0.00851464 0.00139688
1020000 1.36764 -0.00585624 0.00135472
1021000 1.41956 -0.00832511 0.00140273
1022000 1.42076 -0.00928213 0.00140077
1023000 1.38487 -0.00453202 0.00136935
1024000 1.4119 -0.00467467 0.00139634
1025000 1.40363 -0.0041191 0.00138917
1026000 1.3902 -0.00779179 0.00137419
1027000 1.39746 -0.00411049 0.00138395
1028000 1.43841 -0.00517308 0.00141885
1029000 1.39691 -0.00675921 0.00138175
1030000 1.38441 -0.00558641 0.00136913
1031000 1.42833 -0.00462992 0.00141413
1032000 1.35237 -0.00860143 0.00133653
1033000 1.44104 -0.00842364 0.00142344
1034000 1.38847 -0.00609558 0.00136914
1035000 1.37335 -0.00444471 0.00135622
1036000 1.40241 -0.00729157 0.00138603
1037000 1.39859 -0.00422533 0.00138147
1038000 1.4487 -0.00615528 0.00143311
1039000 1.39471 -0.00667706 0.00137399
1040000 1.39711 -0.002588 0.00138549
1041000 1.39405 -0.00368646 0.0013757
1042000 1.44752 -0.00801531 0.00143186
1043000 1.35862 -0.0134711 0.00133474
1044000 1.3865 -0.0158635 0.00136383
1045000 1.43207 -0.0117407 0.00140834
1046000 1.37989 -0.0149555 0.00136431
1047000 1.40106 -0.0194557 0.00138345
1048000 1.41558 -0.0181806 0.00139395
1049000 1.37202 -0.0149043 0.00135346
1050000 1.41881 -0.0149094 0.00140114
1051000 1.40683 -0.0134099 0.00138595
1052000 1.3756 -0.0090982 0.0013625
1053000 1.42092 -0.011023 0.00139731
1054000 1.37736 -0.0101589 0.00135413
1055000 1.40902 -0.00949703 0.00138772
1056000 1.40787 -0.0095812 0.00139096
1057000 1.40952 -0.011136 0.00138812
1058000 1.38518 -0.0110859 0.0013601
1059000 1.37811 -0.0100805 0.00135927
1060000 1.43946 -0.00396419 0.00142468
1061000 1.38618 -0.00276061 0.00137187
1062000 1.3968 -0.0025983 0.00138312
1063000 1.42704 -0.0066549 0.00140649
1064000 1.36982 -0.00682007 0.00135455
1065000 1.41778 -0.00529168 0.00140312
1066000 1.43468 -0.00630548 0.00141509
1067000 1.36926 -0.00327853 0.00135411
1068000 1.42153 -0.00830596 0.0013994
1069000 1.41267 -0.00417205 0.00139874
1070000 1.38601 -0.00769089 0.00136801
1071000 1.39034 -0.00975949 0.0013707
1072000 1.37903 -0.00486434 0.00137483
1073000 1.43898 -0.0101297 0.00141921
1074000 1.43021 -0.00405655 0.00141289
1075000 1.38638 -0.00481009 0.00136743
1076000 1.40334 -0.00787629 0.00138756
1077000 1.398 -0.0129471 0.00137732
1078000 1.36281 -0.00757816 0.00134849
1079000 1.36494 -0.0024418 0.00135303
1080000 1.36757 -0.00984083 0.00134519
1081000 1.42535 -0.0192936 0.00140201
1082000 1.42574 -0.01769 0.001399
1083000 1.34646 -0.0143486 0.00132499
1084000 1.43003 -0.0159095 0.00140607
1085000 1.42417 -0.0142451 0.00140488
1086000 1.4178 -0.0150806 0.0013957
1087000 1.3946 -0.0146844 0.00137778
1088000 1.40286 -0.0150276 0.00137979
1089000 1.42811 -0.0101623 0.00140986
1090000 1.39813 -0.00596231 0.00138036
1091000 1.38149 -0.00624529 0.00136414
1092000 1.40866 -0.00572067 0.00139172
1093000 1.362 -0.00824737 0.00133971
1094000 1.39662 -0.00578595 0.00138154
1095000 1.39951 -0.00849036 0.00138381
1096000 1.39065 -0.0042887 0.00137184
1097000 1.39116 -0.00474034 0.00137781
1098000 1.39847 -0.00292512 0.00138495
1099000 1.39336 -0.002862 0.00137627
1100000 1.39245 -0.00481827 0.00137322
