# Time-averaged data for fix 2
# TimeStep v_Temperature v_PotentialEnergy v_Pressure
1000 1.80548 -0.0683428 0.0175149
2000 1.80666 -0.0618988 0.0176625
3000 1.79498 -0.0683333 0.0173486
4000 1.8017 -0.0822798 0.0174611
5000 1.80189 -0.0778479 0.0174422
6000 1.83297 -0.0674834 0.0178539
7000 1.81763 -0.0714147 0.0177843
8000 1.79117 -0.0750318 0.017437
9000 1.81538 -0.0756149 0.0177558
10000 1.81197 -0.0674506 0.0176684
11000 1.82095 -0.0625342 0.0177893
12000 1.76187 -0.0615752 0.0171637
13000 1.81195 -0.0555545 0.0178095
14000 1.81691 -0.0562764 0.0178617
15000 1.80742 -0.0744793 0.0176135
16000 1.7983 -0.060358 0.0176287
17000 1.77688 -0.0555079 0.0173824
18000 1.80416 -0.0463849 0.0177296
19000 1.8295 -0.0596157 0.0178407
20000 1.75183 -0.0703945 0.0171804
21000 1.72348 -0.0426404 0.0169014
22000 1.81437 -0.0539839 0.0179172
23000 1.78805 -0.0569159 0.0174188
24000 1.75721 -0.0656057 0.0169784
25000 1.81516 -0.0748742 0.0177679
26000 1.81971 -0.0723657 0.0175258
27000 1.7751 -0.0661884 0.0172728
28000 1.77786 -0.0676968 0.0172358
29000 1.74801 -0.0822791 0.017009
30000 1.83112 -0.0643084 0.0179241
31000 1.81746 -0.0471039 0.0179526
32000 1.77388 -0.0690279 0.0172441
33000 1.7907 -0.0608678 0.0174639
34000 1.79287 -0.0512226 0.017576
35000 1.84631 -0.0528007 0.0178391
36000 1.77854 -0.0689308 0.0172906
37000 1.78065 -0.0747472 0.017243
38000 1.82617 -0.068487 0.0178076
39000 1.81872 -0.0549478 0.0179541
40000 1.80999 -0.0792688 0.017504
41000 1.82252 -0.0812055 0.0177343
42000 1.8032 -0.067422 0.017541
43000 1.80756 -0.0737115 0.0176279
44000 1.78188 -0.0688601 0.0172779
45000 1.84561 -0.0699077 0.0180679
46000 1.82516 -0.0719973 0.0178401
47000 1.82992 -0.0762662 0.0178523
48000 1.8056 -0.0618018 0.0175025
49000 1.77608 -0.0736683 0.0170488
50000 1.83765 -0.0799645 0.0177393
51000 1.80183 -0.0823913 0.017562
52000 1.83238 -0.0698033 0.0178714
53000 1.82643 -0.0692063 0.0175922
54000 1.79349 -0.075484 0.0174923
55000 1.73138 -0.0702046 0.0168956
56000 1.78326 -0.0776027 0.0173474
57000 1.80609 -0.070217 0.0175635
58000 1.75311 -0.0836 0.0169902
59000 1.76909 -0.068472 0.017505
60000 1.85615 -0.0602855 0.0182648
61000 1.81711 -0.0554574 0.0178175
62000 1.81444 -0.067172 0.0176632
63000 1.75883 -0.0685669 0.0170152
64000 1.75796 -0.0745892 0.0170038
65000 1.7467 -0.0648819 0.0169363
66000 1.82941 -0.0683252 0.0179633
67000 1.7833 -0.0563295 0.0173442
68000 1.77239 -0.0599247 0.0172969
69000 1.83267 -0.0569252 0.0179016
70000 1.79144 -0.0788383 0.0175905
71000 1.76027 -0.0771526 0.0170892
72000 1.86496 -0.0596984 0.0182555
73000 1.77232 -0.0554859 0.0175039
74000 1.7517 -0.0605919 0.0170516
75000 1.76881 -0.0664477 0.0172659
76000 1.79255 -0.0603815 0.0174101
77000 1.83816 -0.0745357 0.0177946
78000 1.81019 -0.0683195 0.0177426
79000 1.77506 -0.0664965 0.0174056
80000 1.86406 -0.0757078 0.0181328
81000 1.75891 -0.0599542 0.0171812
82000 1.83945 -0.0520738 0.0179453
83000 1.79675 -0.0577587 0.0175738
84000 1.75695 -0.052974 0.0170757
85000 1.72811 -0.0713012 0.0167304
86000 1.83145 -0.0700419 0.0178391
87000 1.77205 -0.061348 0.0173445
88000 1.82111 -0.0719124 0.0175861
89000 1.82179 -0.0791542 0.0177238
90000 1.7763 -0.0752808 0.0172626
91000 1.78803 -0.0739722 0.0174469
92000 1.80274 -0.0798264 0.0175765
93000 1.77428 -0.100157 0.0171138
94000 1.82557 -0.0798106 0.0176889
95000 1.78584 -0.0891045 0.0173132
96000 1.81229 -0.0837373 0.0174982
97000 1.79952 -0.0769612 0.0174384
98000 1.75466 -0.0549971 0.0172001
99000 1.79045 -0.0645232 0.0174299
100000 1.8125 -0.0847805 0.0176307
101000 1.81128 -0.0774314 0.0173795
102000 1.80708 -0.0770353 0.0176805
103000 1.81147 -0.0661322 0.0176222
104000 1.79267 -0.0603169 0.0175254
105000 1.77686 -0.0642168 0.0172859
106000 1.82306 -0.068568 0.0176583
107000 1.79728 -0.0652607 0.017483
108000 1.81499 -0.0659471 0.0178067
109000 1.77709 -0.065086 0.0173485
110000 1.84339 -0.0610476 0.0178284
111000 1.82708 -0.0637708 0.0178124
112000 1.83177 -0.0812677 0.0176667
113000 1.81496 -0.0535897 0.0177918
114000 1.78064 -0.0569408 0.0173947
115000 1.81823 -0.0614204 0.017794
116000 1.80289 -0.0564885 0.0177033
117000 1.79549 -0.0741697 0.0173938
118000 1.8261 -0.0496791 0.0180109
119000 1.82595 -0.0568353 0.0177283
120000 1.79887 -0.0599101 0.0175464
121000 1.79614 -0.0897763 0.0175959
122000 1.77196 -0.0744648 0.0172863
123000 1.85997 -0.0845975 0.0178637
124000 1.78906 -0.0836027 0.0175853
125000 1.7637 -0.116441 0.0168036
126000 1.86821 -0.0769295 0.0181892
127000 1.72893 -0.0798549 0.0169015
128000 1.83848 -0.0672242 0.0178896
129000 1.76481 -0.0675574 0.0172278
130000 1.84885 -0.0724789 0.0181705
131000 1.81076 -0.0897773 0.0174904
132000 1.77936 -0.0844622 0.0172849
133000 1.7932 -0.0792039 0.0174857
134000 1.75613 -0.0822928 0.0168797
135000 1.82075 -0.0701001 0.0176062
136000 1.778 -0.0433026 0.0172211
137000 1.72652 -0.059968 0.0168839
138000 1.82661 -0.05661 0.0177547
139000 1.77811 -0.0791371 0.0172729
140000 1.79847 -0.105634 0.0171257
141000 1.75972 -0.0986537 0.0168476
142000 1.79085 -0.094884 0.0173785
143000 1.79529 -0.0769585 0.0172867
144000 1.80398 -0.0855511 0.0174134
145000 1.77223 -0.0735778 0.0171099
146000 1.78449 -0.0573411 0.0173708
147000 1.79688 -0.0581178 0.0175061
148000 1.82553 -0.060395 0.0179005
149000 1.80071 -0.0618288 0.0175681
150000 1.80182 -0.0490117 0.017643
151000 1.84742 -0.059501 0.0180304
152000 1.77989 -0.0537049 0.0175724
153000 1.78956 -0.068031 0.0174803
154000 1.78606 -0.0650136 0.0174065
155000 1.77776 -0.064578 0.017344
156000 1.78621 -0.056503 0.0176082
157000 1.77228 -0.0539462 0.0173057
158000 1.78207 -0.078501 0.017262
159000 1.76967 -0.0790472 0.0171261
160000 1.80407 -0.0579264 0.0176299
161000 1.82716 -0.0758526 0.0178973
162000 1.80559 -0.0786217 0.0176113
163000 1.8026 -0.0592246 0.0176648
164000 1.76935 -0.0709354 0.0172586
165000 1.77973 -0.0703807 0.0171704
166000 1.82064 -0.0625756 0.0177496
167000 1.72566 -0.0673024 0.0167242
168000 1.86337 -0.0533161 0.0182173
169000 1.77694 -0.0527153 0.0174521
170000 1.80294 -0.0673173 0.0174738
171000 1.85794 -0.0502621 0.018157
172000 1.75557 -0.0493421 0.0172015
173000 1.78451 -0.064058 0.0173531
174000 1.81303 -0.0648551 0.0178561
175000 1.7759 -0.0635173 0.0173994
176000 1.72154 -0.053872 0.01678
177000 1.82895 -0.0591112 0.0180065
178000 1.75873 -0.0763447 0.0171596
179000 1.78244 -0.0806041 0.0172714
180000 1.77421 -0.070993 0.0174368
181000 1.81552 -0.0848949 0.0175043
182000 1.8418 -0.0981536 0.0178568
183000 1.75492 -0.0759797 0.0169738
184000 1.7879 -0.0682671 0.0173938
185000 1.81443 -0.0580107 0.0177944
186000 1.84136 -0.0642089 0.0178921
187000 1.76935 -0.0614862 0.0172421
188000 1.78743 -0.0719163 0.0173872
189000 1.83087 -0.0638149 0.0178375
190000 1.83876 -0.0813015 0.0178637
191000 1.80224 -0.076579 0.01746
192000 1.81656 -0.0690966 0.0177285
193000 1.76046 -0.0775215 0.0172182
194000 1.80872 -0.0645454 0.017643
195000 1.82968 -0.0732644 0.0178058
196000 1.84562 -0.0785967 0.0180239
197000 1.80323 -0.0783773 0.0174036
198000 1.81267 -0.0765332 0.0177107
199000 1.80104 -0.0633463 0.0173734
200000 1.82121 -0.0668662 0.0178536
201000 1.79819 -0.065674 0.017517
202000 1.76424 -0.0663752 0.0170768
203000 1.75095 -0.0630701 0.0171664
204000 1.85384 -0.0660501 0.0179726
205000 1.80032 -0.0606729 0.0175122
206000 1.78385 -0.0545764 0.0174254
207000 1.82776 -0.0596509 0.017905
208000 1.76707 -0.0713199 0.0173128
209000 1.76163 -0.0686151 0.0170258
210000 1.81564 -0.0707438 0.0178863
211000 1.76017 -0.0530123 0.017192
212000 1.73115 -0.068456 0.016787
213000 1.84501 -0.060922 0.0181481
214000 1.76128 -0.0736786 0.0171973
215000 1.85461 -0.0589619 0.018039
216000 1.83527 -0.0633379 0.018044
217000 1.72692 -0.0836968 0.0168696
218000 1.85477 -0.0832731 0.0180247
219000 1.78428 -0.0736997 0.0172788
220000 1.83655 -0.0657915 0.0178468
221000 1.75974 -0.0661376 0.0171681
222000 1.76929 -0.0831102 0.0170929
223000 1.865 -0.0688937 0.0180563
224000 1.76547 -0.0833615 0.0170721
225000 1.83643 -0.0697945 0.0179265
226000 1.73423 -0.0582286 0.0169295
227000 1.84475 -0.0707043 0.0177791
228000 1.75616 -0.0730632 0.0167735
229000 1.81631 -0.0656554 0.0177301
230000 1.80406 -0.0619391 0.0176387
231000 1.81125 -0.0805733 0.0176169
232000 1.79882 -0.0861931 0.0174596
233000 1.74786 -0.091271 0.016993
234000 1.85478 -0.0825217 0.0180342
235000 1.83074 -0.069363 0.0177536
236000 1.81771 -0.0812545 0.0177071
237000 1.79698 -0.0604026 0.0174866
238000 1.78739 -0.0561535 0.0174602
239000 1.78302 -0.0631525 0.0174912
240000 1.7663 -0.0583485 0.0173635
241000 1.83166 -0.0759416 0.0178093
242000 1.83599 -0.0660065 0.0177768
243000 1.7614 -0.0778023 0.0172358
244000 1.75421 -0.0767602 0.0169316
245000 1.8577 -0.0828539 0.0179185
246000 1.78167 -0.0618996 0.0174134
247000 1.77772 -0.0536802 0.0174834
248000 1.806 -0.0542356 0.0177872
249000 1.82787 -0.0625933 0.0178494
250000 1.80001 -0.0686689 0.0172791
251000 1.85093 -0.06579 0.0180345
252000 1.80405 -0.0755094 0.0176837
253000 1.78995 -0.0698226 0.0174916
254000 1.78657 -0.0662574 0.0172947
255000 1.80182 -0.0690306 0.017727
256000 1.76474 -0.0703209 0.0172316
257000 1.78927 -0.0719084 0.0173939
258000 1.80206 -0.0773071 0.0174963
259000 1.82885 -0.0829545 0.0176656
260000 1.76029 -0.0848698 0.0168861
261000 1.81496 -0.0658064 0.0178562
262000 1.79452 -0.06436 0.0172133
263000 1.80649 -0.0687777 0.0177243
264000 1.79143 -0.05603 0.0174822
265000 1.78186 -0.0712417 0.0174015
266000 1.79431 -0.0768001 0.0175299
267000 1.77216 -0.0958263 0.0171021
268000 1.8395 -0.0936341 0.0177241
269000 1.87324 -0.077195 0.0182946
270000 1.82663 -0.0944067 0.0176397
271000 1.78216 -0.106189 0.0173105
272000 1.8337 -0.0773396 0.0178488
273000 1.78783 -0.0781193 0.0175757
274000 1.80185 -0.0733674 0.0176075
275000 1.77985 -0.0730685 0.0174056
276000 1.78711 -0.0719383 0.0173121
277000 1.77821 -0.0736395 0.0172464
278000 1.80377 -0.0737257 0.0176849
279000 1.7382 -0.0816327 0.0168392
280000 1.82653 -0.0871803 0.0176677
281000 1.86578 -0.0933689 0.0183378
282000 1.765 -0.0723477 0.0171039
283000 1.79802 -0.0685971 0.0176905
284000 1.78814 -0.0721335 0.017323
285000 1.74848 -0.0745501 0.0169913
286000 1.82912 -0.0623684 0.0177484
287000 1.77869 -0.078449 0.0170994
288000 1.81122 -0.061063 0.0178345
289000 1.82698 -0.0783947 0.0176437
290000 1.82587 -0.0806784 0.0177947
291000 1.81671 -0.0943325 0.0175832
292000 1.78044 -0.083348 0.0173457
293000 1.77964 -0.0724938 0.0172364
294000 1.84381 -0.057601 0.017906
295000 1.87052 -0.0569161 0.0183261
296000 1.75319 -0.0524256 0.0172303
297000 1.86351 -0.0590082 0.0180355
298000 1.78848 -0.0633205 0.0176042
299000 1.77443 -0.060652 0.0176771
300000 1.82115 -0.0579994 0.0178413
301000 1.86067 -0.0732807 0.0179627
302000 1.75534 -0.0786872 0.0172433
303000 1.77017 -0.0847852 0.0172007
304000 1.80063 -0.0747956 0.0176719
305000 1.79551 -0.0653725 0.0176018
306000 1.85125 -0.0773779 0.0180271
307000 1.78009 -0.0600431 0.0173998
308000 1.82419 -0.0769026 0.0178872
309000 1.82319 -0.0861798 0.017678
310000 1.74471 -0.0733844 0.017038
311000 1.73529 -0.0857992 0.0168942
312000 1.77786 -0.0789526 0.0173293
313000 1.801 -0.0774754 0.0174739
314000 1.82546 -0.0668464 0.0177473
315000 1.80136 -0.0911302 0.017284
316000 1.84325 -0.067068 0.0181469
317000 1.77766 -0.0491051 0.0172975
318000 1.75678 -0.0705795 0.0169365
319000 1.80087 -0.0761783 0.0175637
320000 1.77466 -0.0809321 0.0171726
321000 1.79855 -0.0702722 0.0175298
322000 1.82058 -0.0711495 0.017573
323000 1.84695 -0.0610883 0.0182195
324000 1.80147 -0.0564864 0.0174913
325000 1.78491 -0.063581 0.0174195
326000 1.79009 -0.0579816 0.0174249
327000 1.82622 -0.0707214 0.0176594
328000 1.85415 -0.0579118 0.0181326
329000 1.82911 -0.0737513 0.0180932
330000 1.73728 -0.0610221 0.0168403
331000 1.807 -0.0683872 0.0175597
332000 1.83333 -0.072126 0.0178354
333000 1.8593 -0.0972863 0.0179471
334000 1.75869 -0.0562847 0.0173162
335000 1.7948 -0.0657533 0.0175277
336000 1.81028 -0.0660721 0.0177543
337000 1.79633 -0.0911143 0.0173539
338000 1.84951 -0.0603208 0.0179867
339000 1.74883 -0.0492416 0.0171115
340000 1.82286 -0.0492923 0.0178647
341000 1.81978 -0.0649243 0.0178803
342000 1.81318 -0.0595137 0.0177771
343000 1.80107 -0.0570555 0.0179269
344000 1.82174 -0.0575048 0.0177709
345000 1.81871 -0.0686424 0.0177602
346000 1.77475 -0.0695557 0.0174101
347000 1.81754 -0.0880817 0.0178642
348000 1.7446 -0.0801353 0.0170558
349000 1.75633 -0.0753837 0.0170345
350000 1.79285 -0.0668014 0.017465
351000 1.81631 -0.0717894 0.0177145
352000 1.76859 -0.0749838 0.0173575
353000 1.80906 -0.0774301 0.0176807
354000 1.81687 -0.0611079 0.0177895
355000 1.82969 -0.0746319 0.0176722
356000 1.81664 -0.0707605 0.0176868
357000 1.84524 -0.0626037 0.0179122
358000 1.80831 -0.0599294 0.0175919
359000 1.81574 -0.0645686 0.0176947
360000 1.74354 -0.0610117 0.0168752
361000 1.84345 -0.0558222 0.0180812
362000 1.80025 -0.0626842 0.0176142
363000 1.78201 -0.0553658 0.0173213
364000 1.83961 -0.0547458 0.0180339
365000 1.79197 -0.0609294 0.0174542
366000 1.84531 -0.0550429 0.0180533
367000 1.85634 -0.0756642 0.0180958
368000 1.81897 -0.0719998 0.017829
369000 1.74643 -0.0582774 0.0169243
370000 1.84444 -0.0654614 0.0179867
371000 1.7489 -0.0726032 0.0170125
372000 1.87511 -0.0621594 0.0182759
373000 1.76414 -0.0714393 0.0172722
374000 1.82317 -0.0637097 0.0178358
375000 1.8186 -0.0644994 0.0177506
376000 1.82995 -0.0590204 0.0179716
377000 1.82485 -0.0565589 0.0178957
378000 1.82312 -0.060627 0.0179591
379000 1.79981 -0.0626318 0.0174873
380000 1.7971 -0.0568812 0.0174102
381000 1.8024 -0.0666658 0.0176554
382000 1.80151 -0.0712939 0.0174812
383000 1.8242 -0.085834 0.0175853
384000 1.7546 -0.0816389 0.01695
385000 1.77405 -0.0625366 0.0173969
386000 1.75739 -0.0772155 0.0171185
387000 1.80575 -0.0788618 0.0175828
388000 1.8266 -0.0856737 0.0177567
389000 1.78124 -0.0624115 0.0173377
390000 1.80134 -0.0536853 0.0175682
391000 1.84348 -0.0663694 0.0178843
392000 1.76387 -0.0872803 0.0170018
393000 1.78781 -0.0932774 0.0174828
394000 1.82794 -0.09973 0.0175797
395000 1.7757 -0.0854435 0.0171566
396000 1.7907 -0.0792202 0.0172065
397000 1.84076 -0.0612215 0.0179159
398000 1.80755 -0.0588658 0.0176301
399000 1.83935 -0.0556139 0.0181294
400000 1.77567 -0.0612051 0.0173989
401000 1.75804 -0.0551441 0.0172603
402000 1.81594 -0.062397 0.0176488
403000 1.82434 -0.0643901 0.018011
404000 1.74821 -0.0681391 0.0170801
405000 1.81989 -0.0681582 0.0177046
406000 1.8205 -0.092052 0.0176396
407000 1.85061 -0.103915 0.0178113
408000 1.76806 -0.074853 0.0171943
409000 1.77502 -0.0773286 0.0172313
410000 1.81622 -0.0736362 0.0176284
411000 1.83693 -0.060791 0.0180009
412000 1.83254 -0.0683207 0.0179369
413000 1.78249 -0.0688282 0.017423
414000 1.83405 -0.0601044 0.0181141
415000 1.81836 -0.0963809 0.01755
416000 1.75277 -0.0719132 0.017104
417000 1.86179 -0.0792057 0.0180391
418000 1.7717 -0.0807597 0.01709
419000 1.73417 -0.068045 0.0168794
420000 1.79713 -0.0687492 0.0176068
421000 1.84824 -0.0787752 0.0180813
422000 1.78086 -0.0722787 0.0173205
423000 1.77569 -0.0668867 0.0174453
424000 1.75954 -0.0883836 0.0171955
425000 1.76979 -0.0820102 0.0171514
426000 1.88879 -0.0607035 0.0184594
427000 1.75519 -0.0743445 0.0169568
428000 1.86836 -0.0751008 0.018181
429000 1.80855 -0.0759259 0.0175857
430000 1.7662 -0.0765278 0.0170574
431000 1.87468 -0.0512204 0.0182903
432000 1.73568 -0.0620976 0.0169455
433000 1.76196 -0.0722283 0.0171012
434000 1.79 -0.0618498 0.0174071
435000 1.78625 -0.0563828 0.0176063
436000 1.7407 -0.0661267 0.0169978
437000 1.83701 -0.081248 0.0176575
438000 1.74845 -0.0665456 0.0171
439000 1.83376 -0.054649 0.0179642
440000 1.79385 -0.0643621 0.0174869
441000 1.81286 -0.0652606 0.0177097
442000 1.75538 -0.0737242 0.0170053
443000 1.84358 -0.0720114 0.0178566
444000 1.74947 -0.0577718 0.0169745
445000 1.74206 -0.0634587 0.0169424
446000 1.81214 -0.0626467 0.0175599
447000 1.74551 -0.0672007 0.0170198
448000 1.73737 -0.0723513 0.0169921
449000 1.75841 -0.0709881 0.0170412
450000 1.84998 -0.0753515 0.0181252
451000 1.78425 -0.087728 0.0171765
452000 1.8169 -0.0577824 0.0177449
453000 1.80922 -0.0704595 0.0175572
454000 1.83853 -0.0641629 0.0180095
455000 1.78991 -0.0686106 0.0174411
456000 1.78088 -0.0808078 0.017265
457000 1.83096 -0.0716154 0.017909
458000 1.80888 -0.0726685 0.017519
459000 1.7731 -0.0671263 0.0173373
460000 1.78107 -0.0922178 0.0172911
461000 1.85535 -0.0863832 0.0179769
462000 1.86414 -0.0593911 0.0181089
463000 1.76383 -0.0592185 0.0172555
464000 1.81413 -0.0685326 0.0176556
465000 1.84751 -0.0738969 0.0179665
466000 1.74614 -0.0572938 0.0172451
467000 1.8781 -0.0614732 0.0185166
468000 1.74025 -0.0546174 0.016949
469000 1.8275 -0.0664852 0.0179064
470000 1.81273 -0.0527872 0.0177196
471000 1.80472 -0.0640388 0.0175981
472000 1.77047 -0.0502467 0.0172545
473000 1.8077 -0.0689367 0.0175925
474000 1.81184 -0.0707908 0.0177099
475000 1.75477 -0.0578955 0.0172298
476000 1.85153 -0.0754669 0.0180668
477000 1.83525 -0.0766143 0.017953
478000 1.75528 -0.0630877 0.0171021
479000 1.76575 -0.0560146 0.0173368
480000 1.76798 -0.0610605 0.0171454
481000 1.72201 -0.0686996 0.0168341
482000 1.78477 -0.0678705 0.0174673
483000 1.85798 -0.0724328 0.017935
484000 1.73858 -0.06366 0.0170819
485000 1.81124 -0.0799376 0.0178328
486000 1.75547 -0.0751 0.0168577
487000 1.83055 -0.0737811 0.0178151
488000 1.82557 -0.0645039 0.0177952
489000 1.81305 -0.0725172 0.0176865
490000 1.7433 -0.0904346 0.0166442
491000 1.83134 -0.0912154 0.0177296
492000 1.7996 -0.0773244 0.0176198
493000 1.77513 -0.0902056 0.0171436
494000 1.77002 -0.0902117 0.0172193
495000 1.79022 -0.0837788 0.017328
496000 1.79438 -0.0719574 0.0175343
497000 1.76414 -0.0551052 0.0172747
498000 1.78434 -0.0664802 0.0173267
499000 1.78975 -0.0616969 0.0174365
500000 1.78843 -0.0718865 0.0175598
501000 1.80141 -0.0790693 0.0175979
502000 1.76588 -0.0723044 0.0170646
503000 1.86961 -0.0807201 0.0181708
504000 1.75371 -0.0765524 0.0170019
505000 1.81189 -0.079815 0.0177156
506000 1.817 -0.0817685 0.0175872
507000 1.85339 -0.0726411 0.0180958
508000 1.74179 -0.0586075 0.0169442
509000 1.85981 -0.0658571 0.0181924
510000 1.80415 -0.0718878 0.0175846
511000 1.73967 -0.0754671 0.0169746
512000 1.84524 -0.0604045 0.0179661
513000 1.85002 -0.0608303 0.0181101
514000 1.78011 -0.0607547 0.0173115
515000 1.82921 -0.0710849 0.0175431
516000 1.79309 -0.0687291 0.0173776
517000 1.83547 -0.0597607 0.0180801
518000 1.81176 -0.0531309 0.0176723
519000 1.79384 -0.0561077 0.0174899
520000 1.84432 -0.0448846 0.0180556
521000 1.85704 -0.0729956 0.0178807
522000 1.81077 -0.0599929 0.0175431
523000 1.8094 -0.0657718 0.0177423
524000 1.83255 -0.0587303 0.0178656
525000 1.76774 -0.0872111 0.0171191
526000 1.83955 -0.0814909 0.0179006
527000 1.75244 -0.0812209 0.0167873
528000 1.84673 -0.0796609 0.0180117
529000 1.77124 -0.0954012 0.0169539
530000 1.83592 -0.0780966 0.0177231
531000 1.79061 -0.0673832 0.0175533
532000 1.77073 -0.0730704 0.0172306
533000 1.85744 -0.0746186 0.0180676
534000 1.77284 -0.0564672 0.0171791
535000 1.80009 -0.061953 0.0176787
536000 1.79405 -0.0661985 0.0175621
537000 1.77836 -0.0506442 0.017429
538000 1.8036 -0.0673719 0.0174274
539000 1.82642 -0.0707972 0.0178211
540000 1.76526 -0.0677415 0.0172604
541000 1.81284 -0.0647954 0.0178167
542000 1.79782 -0.0613029 0.0175982
543000 1.76461 -0.0577269 0.0174387
544000 1.77924 -0.0855133 0.0172498
545000 1.81702 -0.0913178 0.0176302
546000 1.76179 -0.0706512 0.0172041
547000 1.8506 -0.0743815 0.0180029
548000 1.81141 -0.0680579 0.0176061
549000 1.77635 -0.0680649 0.0175
550000 1.82424 -0.0625297 0.0178361
551000 1.80469 -0.0718089 0.0175251
552000 1.73874 -0.0576306 0.0170197
553000 1.74653 -0.0538023 0.0170409
554000 1.81849 -0.04669 0.0177513
555000 1.80316 -0.0596526 0.0177467
556000 1.78841 -0.0838336 0.0172649
557000 1.85706 -0.0706068 0.0181978
558000 1.79572 -0.0626527 0.0174561
559000 1.81669 -0.0590174 0.0177389
560000 1.76414 -0.069391 0.0171516
561000 1.81655 -0.0714785 0.0178143
562000 1.80591 -0.0652466 0.0175206
563000 1.79813 -0.0737839 0.0175366
564000 1.78693 -0.0676733 0.0175181
565000 1.80429 -0.0576977 0.0177515
566000 1.78987 -0.0512938 0.017504
567000 1.80225 -0.0568024 0.0177107
568000 1.80041 -0.0630616 0.0174973
569000 1.77145 -0.0591152 0.01739
570000 1.83787 -0.0551639 0.0179168
571000 1.72156 -0.0610917 0.0168998
572000 1.83435 -0.0663485 0.0180211
573000 1.83203 -0.0512649 0.0181127
574000 1.82858 -0.0532051 0.018008
575000 1.84738 -0.0618579 0.0179132
576000 1.74012 -0.0661206 0.0170013
577000 1.79164 -0.0662782 0.0174612
578000 1.84909 -0.0730774 0.0178786
579000 1.76511 -0.0760539 0.0171022
580000 1.76383 -0.0570199 0.0171593
581000 1.81844 -0.0613424 0.0178295
582000 1.82934 -0.067979 0.017805
583000 1.75719 -0.0620989 0.0172541
584000 1.81398 -0.0659707 0.0177018
585000 1.80802 -0.0669124 0.0174404
586000 1.81542 -0.074953 0.0176171
587000 1.75356 -0.0764829 0.0169949
588000 1.80588 -0.0784438 0.0176681
589000 1.82299 -0.0593728 0.0176876
590000 1.78111 -0.0744818 0.0171458
591000 1.808 -0.0683605 0.0178125
592000 1.82049 -0.0525716 0.0178078
593000 1.822 -0.0705597 0.0177619
594000 1.78014 -0.0778899 0.0172039
595000 1.77884 -0.0481925 0.0174506
596000 1.75247 -0.0662997 0.0171388
597000 1.82069 -0.0841313 0.0176445
598000 1.77717 -0.0704025 0.0173232
599000 1.78024 -0.0701819 0.0172433
600000 1.80246 -0.0760484 0.0172826
601000 1.75248 -0.0736919 0.0169902
602000 1.8007 -0.058599 0.0175238
603000 1.80708 -0.0491727 0.0178308
604000 1.81796 -0.0566393 0.0178616
605000 1.80084 -0.0738499 0.017341
606000 1.79462 -0.0700896 0.0173534
607000 1.79397 -0.0712995 0.0175598
608000 1.77818 -0.0520212 0.017195
609000 1.81897 -0.0696342 0.0175897
610000 1.78314 -0.0632816 0.0176442
611000 1.76471 -0.0650332 0.0170728
612000 1.85188 -0.0873052 0.0180255
613000 1.87443 -0.0713487 0.0182598
614000 1.77815 -0.0640187 0.0173397
615000 1.81161 -0.057772 0.0176238
616000 1.80222 -0.060493 0.0176601
617000 1.881 -0.0677704 0.0184559
618000 1.80538 -0.0662759 0.0174932
619000 1.81267 -0.0612494 0.0175748
620000 1.83144 -0.0730121 0.0177724
621000 1.81844 -0.0948584 0.0175901
622000 1.76467 -0.0794271 0.0169922
623000 1.83311 -0.0815693 0.0177208
624000 1.75395 -0.101797 0.0169795
625000 1.82598 -0.0671338 0.0177086
626000 1.80473 -0.0744295 0.0176478
627000 1.77589 -0.0663143 0.0173872
628000 1.77945 -0.0662273 0.0174262
629000 1.78181 -0.0689968 0.0171405
630000 1.73509 -0.0684444 0.016831
631000 1.78854 -0.0651464 0.0173292
632000 1.80571 -0.0533548 0.0176995
633000 1.79572 -0.0642465 0.0175313
634000 1.7679 -0.0643692 0.0170064
635000 1.809 -0.0566354 0.0178247
636000 1.80247 -0.0766412 0.0173951
637000 1.81131 -0.0796849 0.0175099
638000 1.80038 -0.0925468 0.0174032
639000 1.81675 -0.0808951 0.0173965
640000 1.81435 -0.0810792 0.0175917
641000 1.83188 -0.0848713 0.0178199
642000 1.79087 -0.0990568 0.0173624
643000 1.85989 -0.0699667 0.0181188
644000 1.79428 -0.0672143 0.0175133
645000 1.78971 -0.0678595 0.0174149
646000 1.78524 -0.0760212 0.0173096
647000 1.81989 -0.080604 0.017752
648000 1.76998 -0.0677273 0.0171829
649000 1.78407 -0.0518159 0.0176537
650000 1.81836 -0.0411918 0.0179258
651000 1.82865 -0.0448327 0.0178562
652000 1.74214 -0.0685989 0.0169351
653000 1.72514 -0.0636831 0.0166053
654000 1.79937 -0.0490905 0.0176365
655000 1.78256 -0.0553729 0.0173855
656000 1.87641 -0.0635303 0.0182208
657000 1.80083 -0.0608912 0.0174871
658000 1.79849 -0.0593475 0.017544
659000 1.84337 -0.0692165 0.0178569
660000 1.82053 -0.0612024 0.0176431
661000 1.74961 -0.065924 0.0169313
662000 1.86899 -0.0587858 0.0183863
663000 1.77399 -0.0591885 0.0172016
664000 1.79451 -0.0721921 0.017286
665000 1.78563 -0.0591473 0.017364
666000 1.76511 -0.0650334 0.0173219
667000 1.81107 -0.0858329 0.0176717
668000 1.75188 -0.0688117 0.0169557
669000 1.73531 -0.0517129 0.0166894
670000 1.81665 -0.0611318 0.0177598
671000 1.85513 -0.0542983 0.0182241
672000 1.79863 -0.0522811 0.0177983
673000 1.79187 -0.0497477 0.0174613
674000 1.79665 -0.0497399 0.0175901
675000 1.80513 -0.0629605 0.0174207
676000 1.79246 -0.0566306 0.0173973
677000 1.80622 -0.0752316 0.0174757
678000 1.76651 -0.0792679 0.0172882
679000 1.85635 -0.0787901 0.0180737
680000 1.80663 -0.0656617 0.0176594
681000 1.75099 -0.07447 0.0168988
682000 1.84735 -0.0788208 0.0179536
683000 1.76939 -0.0836116 0.0170726
684000 1.7661 -0.0915126 0.0171802
685000 1.75157 -0.0854986 0.0169977
686000 1.78725 -0.0669938 0.0173327
687000 1.8281 -0.0738244 0.0179601
688000 1.80662 -0.0604382 0.017523
689000 1.81795 -0.0588387 0.0179686
690000 1.80138 -0.0596686 0.0174899
691000 1.7679 -0.0487427 0.0173952
692000 1.83208 -0.0509202 0.0178727
693000 1.82268 -0.0501131 0.0178185
694000 1.77303 -0.0502494 0.0174963
695000 1.79178 -0.0508463 0.0174433
696000 1.82984 -0.0539224 0.0179166
697000 1.82143 -0.0786109 0.0178884
698000 1.76779 -0.0781808 0.0173577
699000 1.79768 -0.0600012 0.0177359
700000 1.80935 -0.0692353 0.0176559
701000 1.79933 -0.0744861 0.0177385
702000 1.83033 -0.0660613 0.0178077
703000 1.80676 -0.0754408 0.0175673
704000 1.81601 -0.0523359 0.0178424
705000 1.8151 -0.0502734 0.0178054
706000 1.77939 -0.0617387 0.0174108
707000 1.76839 -0.0672154 0.0171274
708000 1.85118 -0.0752296 0.0181111
709000 1.72652 -0.0673983 0.0168098
710000 1.84823 -0.0594095 0.0181923
711000 1.76671 -0.0681771 0.017195
712000 1.83477 -0.0476747 0.017984
713000 1.8145 -0.0639143 0.0176809
714000 1.87178 -0.0626262 0.0184201
715000 1.74679 -0.0819838 0.016984
716000 1.86099 -0.0600598 0.0181175
717000 1.81708 -0.0680258 0.0179193
718000 1.74107 -0.0637611 0.016999
719000 1.7749 -0.0668682 0.0175408
720000 1.85447 -0.0826364 0.0181408
721000 1.83297 -0.0817423 0.0178917
722000 1.73427 -0.0734424 0.0169907
723000 1.83468 -0.072042 0.0179191
724000 1.7949 -0.0755723 0.0172489
725000 1.78809 -0.0713069 0.0172729
726000 1.78431 -0.0744598 0.017281
727000 1.8517 -0.0822274 0.0179249
728000 1.7746 -0.0632263 0.0170823
729000 1.79928 -0.0632779 0.0176895
730000 1.8303 -0.0786215 0.0179974
731000 1.75128 -0.0760524 0.0170568
732000 1.8434 -0.0776884 0.0179215
733000 1.8189 -0.0782093 0.0177344
734000 1.8334 -0.063169 0.0178945
735000 1.7283 -0.0718705 0.0167753
736000 1.86384 -0.0711529 0.0183209
737000 1.82876 -0.0836369 0.0177481
738000 1.79664 -0.0823604 0.0174816
739000 1.8113 -0.0572282 0.0177584
740000 1.80208 -0.055651 0.0178209
741000 1.81652 -0.0557237 0.017777
742000 1.81848 -0.071608 0.0177852
743000 1.83152 -0.0725249 0.0177348
744000 1.79146 -0.0801509 0.0172799
745000 1.78734 -0.062316 0.0174809
746000 1.79282 -0.07098 0.0172647
747000 1.8118 -0.0572099 0.0178428
748000 1.81445 -0.0667671 0.0177562
749000 1.83065 -0.0611918 0.0179684
750000 1.74876 -0.0631513 0.0170243
751000 1.86838 -0.0596509 0.0181963
752000 1.78156 -0.0597523 0.0171904
753000 1.74263 -0.0601319 0.0172505
754000 1.80721 -0.0561714 0.0177439
755000 1.80861 -0.0773574 0.0176318
756000 1.76577 -0.0797034 0.0171811
757000 1.81308 -0.0716496 0.0175315
758000 1.79196 -0.0592747 0.017515
759000 1.8162 -0.0688062 0.0177012
760000 1.77024 -0.0598656 0.0171542
761000 1.84826 -0.0718576 0.0180215
762000 1.78384 -0.0565911 0.017701
763000 1.79149 -0.0606414 0.0175307
764000 1.84772 -0.0534514 0.0179254
765000 1.79878 -0.0584967 0.0175526
766000 1.74653 -0.0596343 0.0170349
767000 1.81922 -0.0635897 0.0178655
768000 1.77413 -0.0625556 0.0173477
769000 1.85519 -0.0621392 0.0181644
770000 1.7983 -0.0746044 0.0175585
771000 1.77247 -0.05872 0.0172399
772000 1.84888 -0.0701839 0.0178131
773000 1.7403 -0.0627642 0.0169161
774000 1.79523 -0.0638875 0.017579
775000 1.79965 -0.0581551 0.0174731
776000 1.76205 -0.0666085 0.017141
777000 1.73813 -0.0605858 0.0169276
778000 1.80266 -0.0585585 0.0176519
779000 1.81256 -0.0608172 0.0176589
780000 1.79888 -0.0531307 0.0175736
781000 1.82296 -0.0471013 0.0177672
782000 1.76375 -0.0532823 0.0173352
783000 1.73218 -0.0653568 0.0168317
784000 1.81613 -0.0494551 0.017841
785000 1.85954 -0.0652567 0.0180747
786000 1.78003 -0.0738294 0.0172802
787000 1.76399 -0.0679178 0.0171829
788000 1.81764 -0.0872223 0.0174681
789000 1.82988 -0.0757308 0.0179468
790000 1.826 -0.0570234 0.0179674
791000 1.82312 -0.0506778 0.0178854
792000 1.74189 -0.0650639 0.0169124
793000 1.8571 -0.091772 0.0181011
794000 1.7525 -0.0922835 0.0168361
795000 1.77923 -0.0912338 0.0172732
796000 1.77646 -0.0850599 0.0173415
797000 1.81457 -0.0751935 0.0177128
798000 1.81264 -0.0729705 0.0176064
799000 1.81774 -0.0513334 0.0179193
800000 1.78114 -0.0614695 0.0175017
801000 1.75039 -0.0613554 0.0169913
802000 1.758 -0.057947 0.0170044
803000 1.84158 -0.0532917 0.0179592
804000 1.78453 -0.0718071 0.0172084
805000 1.75682 -0.0593011 0.0172898
806000 1.83856 -0.0611474 0.0179624
807000 1.79333 -0.0591526 0.0174075
808000 1.80175 -0.0533046 0.0177879
809000 1.79812 -0.0549142 0.0176504
810000 1.82956 -0.0526462 0.0179785
811000 1.7611 -0.0525888 0.0172482
812000 1.85407 -0.0586169 0.0180023
813000 1.81375 -0.058134 0.0176958
814000 1.7507 -0.0888702 0.0169859
815000 1.79344 -0.0860789 0.0172107
816000 1.80509 -0.0889404 0.017592
817000 1.81729 -0.0855036 0.017438
818000 1.78061 -0.0904467 0.0169756
819000 1.74841 -0.0691789 0.017003
820000 1.81098 -0.0812339 0.0174986
821000 1.77509 -0.0630816 0.0172435
822000 1.82758 -0.076983 0.0177772
823000 1.84816 -0.0676702 0.0182028
824000 1.75165 -0.0628416 0.017097
825000 1.78762 -0.07154 0.0172185
826000 1.80382 -0.0789597 0.0174945
827000 1.81869 -0.0636294 0.017745
828000 1.75213 -0.0651828 0.01704
829000 1.83282 -0.0612143 0.0179124
830000 1.80071 -0.0679712 0.0175906
831000 1.75897 -0.0761088 0.0170544
832000 1.74643 -0.0716735 0.016957
833000 1.85305 -0.0720512 0.0180327
834000 1.8476 -0.060922 0.0179692
835000 1.75552 -0.071738 0.0169407
836000 1.79429 -0.0752512 0.0175455
837000 1.78565 -0.0584167 0.0174819
838000 1.84596 -0.0586362 0.0179319
839000 1.79316 -0.0681437 0.017523
840000 1.8093 -0.0556866 0.0175122
841000 1.7892 -0.0710143 0.0174359
842000 1.76511 -0.076427 0.0170491
843000 1.79386 -0.0688232 0.0175953
844000 1.82729 -0.0608656 0.0179341
845000 1.77634 -0.0700741 0.0173108
846000 1.8102 -0.0686485 0.0176619
847000 1.79902 -0.0761287 0.0174533
848000 1.78791 -0.0716931 0.0174355
849000 1.78529 -0.0687492 0.017299
850000 1.76732 -0.0808494 0.0170029
851000 1.7963 -0.0651387 0.0176782
852000 1.81199 -0.0633677 0.0177913
853000 1.74698 -0.082963 0.0170501
854000 1.84354 -0.0579459 0.0180019
855000 1.77771 -0.0782341 0.0172307
856000 1.82388 -0.072646 0.0179282
857000 1.81138 -0.0613478 0.0177845
858000 1.79086 -0.0551288 0.0175466
859000 1.82049 -0.0656862 0.0178336
860000 1.77589 -0.0668884 0.0172524
861000 1.7746 -0.0566112 0.0172496
862000 1.81436 -0.0796555 0.017523
863000 1.75395 -0.0622687 0.017147
864000 1.77455 -0.0799545 0.0172074
865000 1.84019 -0.0856904 0.0177131
866000 1.77345 -0.100987 0.0169412
867000 1.86825 -0.085634 0.0181837
868000 1.75107 -0.0848994 0.0169222
869000 1.83439 -0.0803797 0.0177501
870000 1.7675 -0.0550243 0.0171293
871000 1.82681 -0.0689027 0.017726
872000 1.85841 -0.0627834 0.0181921
873000 1.76055 -0.0649249 0.0170756
874000 1.80188 -0.0645973 0.0176882
875000 1.79789 -0.0701249 0.0176412
876000 1.7549 -0.0763943 0.017054
877000 1.77418 -0.0589873 0.0173712
878000 1.8035 -0.0578651 0.0176985
879000 1.86341 -0.0649809 0.0181588
880000 1.77085 -0.0684459 0.0173294
881000 1.77427 -0.0661574 0.0174042
882000 1.79992 -0.0805979 0.0174844
883000 1.81193 -0.0691174 0.0175727
884000 1.80439 -0.082463 0.0177175
885000 1.78823 -0.0948003 0.0176712
886000 1.77967 -0.0671561 0.0173788
887000 1.8562 -0.0655888 0.0181699
888000 1.85484 -0.0718127 0.0179946
889000 1.77924 -0.0763136 0.0173042
890000 1.82714 -0.0902179 0.0179184
891000 1.81567 -0.0926206 0.0176377
892000 1.82397 -0.0774926 0.0176308
893000 1.78329 -0.0738254 0.0173674
894000 1.84233 -0.0832205 0.0179011
895000 1.77737 -0.0860601 0.017159
896000 1.81005 -0.0922542 0.0174399
897000 1.81876 -0.0835462 0.0176192
898000 1.82982 -0.0639959 0.0176781
899000 1.80502 -0.0582929 0.0178572
900000 1.7753 -0.0823022 0.0170706
901000 1.78271 -0.0655797 0.0174425
902000 1.81874 -0.0803897 0.0176971
903000 1.7738 -0.068225 0.0173188
904000 1.74464 -0.0671837 0.0170021
905000 1.81657 -0.0692691 0.0178084
906000 1.79204 -0.0648598 0.0175147
907000 1.81849 -0.0496585 0.0177753
908000 1.82667 -0.0607009 0.0180021
909000 1.78013 -0.0554923 0.0173989
910000 1.81082 -0.0752471 0.0174977
911000 1.74804 -0.0805302 0.0169255
912000 1.86172 -0.0641912 0.0181651
913000 1.80004 -0.0735559 0.0175163
914000 1.80695 -0.0739225 0.0176078
915000 1.75706 -0.072878 0.0168517
916000 1.85686 -0.0673511 0.0181164
917000 1.74124 -0.057661 0.0169586
918000 1.85672 -0.0623493 0.0179831
919000 1.81593 -0.0674645 0.0178055
920000 1.81895 -0.0682416 0.0176333
921000 1.83128 -0.0640273 0.0177301
922000 1.75835 -0.0596562 0.0172414
923000 1.82357 -0.0794527 0.0175931
924000 1.80927 -0.0483672 0.0177821
925000 1.78202 -0.0575191 0.0175905
926000 1.75129 -0.0554848 0.0172614
927000 1.81348 -0.072592 0.0177131
928000 1.80161 -0.061142 0.0176317
929000 1.82383 -0.0713125 0.0178017
930000 1.7661 -0.0456953 0.0174828
931000 1.79962 -0.0677383 0.0175663
932000 1.83841 -0.0864412 0.0177433
933000 1.78924 -0.075035 0.0173694
934000 1.83396 -0.0699095 0.0178788
935000 1.80819 -0.0837628 0.0176241
936000 1.82767 -0.0712989 0.017781
937000 1.82319 -0.0763867 0.0177393
938000 1.79307 -0.0754349 0.0174851
939000 1.84503 -0.0762371 0.0180005
940000 1.83141 -0.0479152 0.0179286
941000 1.8312 -0.0649596 0.017796
942000 1.75032 -0.0629995 0.0171236
943000 1.8536 -0.0686222 0.0180231
944000 1.76869 -0.061813 0.0172837
945000 1.84783 -0.0729202 0.0180589
946000 1.81758 -0.0710659 0.0175993
947000 1.82981 -0.0585032 0.0178416
948000 1.82321 -0.0836469 0.0177414
949000 1.72012 -0.0819388 0.0167979
950000 1.8167 -0.0795766 0.0177041
951000 1.82943 -0.0708401 0.0179038
952000 1.81324 -0.0661633 0.0177676
953000 1.79624 -0.0712798 0.0175027
954000 1.77874 -0.0743505 0.0173168
955000 1.84865 -0.0864615 0.0180643
956000 1.76209 -0.0729684 0.0171759
957000 1.74315 -0.0791586 0.016887
958000 1.74835 -0.0859047 0.0168949
959000 1.84902 -0.0753988 0.0179907
960000 1.79316 -0.073491 0.0175099
961000 1.81245 -0.061407 0.0174776
962000 1.74805 -0.0880555 0.0168831
963000 1.79559 -0.0885606 0.0172139
964000 1.78097 -0.0757639 0.0172383
965000 1.75547 -0.0658697 0.0174413
966000 1.78129 -0.0598163 0.0172722
967000 1.84185 -0.0637518 0.0180421
968000 1.81083 -0.0699587 0.0175659
969000 1.79773 -0.0655859 0.0176315
970000 1.80899 -0.0842451 0.0176455
971000 1.80661 -0.0841852 0.0176903
972000 1.81394 -0.0710212 0.0175036
973000 1.76755 -0.0710958 0.0172756
974000 1.80188 -0.071163 0.0176594
975000 1.78804 -0.0505599 0.017511
976000 1.78358 -0.0699363 0.0171934
977000 1.75785 -0.0611661 0.0171283
978000 1.79859 -0.0586176 0.0176571
979000 1.83348 -0.0634175 0.0177896
980000 1.79852 -0.0700936 0.0174572
981000 1.79752 -0.0585897 0.0176029
982000 1.8032 -0.0473053 0.0176423
983000 1.83979 -0.0553364 0.0180259
984000 1.78374 -0.075772 0.0172792
985000 1.8326 -0.0863899 0.0176693
986000 1.73797 -0.0902804 0.0168593
987000 1.83613 -0.0809608 0.0177025
988000 1.80911 -0.0742221 0.017497
989000 1.75393 -0.0895976 0.0171277
990000 1.83196 -0.0794746 0.0178104
991000 1.78136 -0.0772508 0.0172142
992000 1.82848 -0.0676451 0.0178389
993000 1.80474 -0.0734109 0.0174913
994000 1.75201 -0.0875655 0.0167736
995000 1.83964 -0.0673765 0.0181592
996000 1.83434 -0.0562511 0.0179444
997000 1.73179 -0.0536812 0.0169479
998000 1.84812 -0.0695126 0.0181823
999000 1.82151 -0.0732484 0.017652
1000000 1.75425 -0.0748085 0.0170792
1001000 1.83682 -0.0752161 0.017796
1002000 1.80987 -0.0716568 0.0176169
1003000 1.81668 -0.0686375 0.0175713
1004000 1.75121 -0.0621965 0.0168686
1005000 1.73635 -0.0606865 0.0170471
1006000 1.79611 -0.0740029 0.0173416
1007000 1.80289 -0.0551464 0.0178042
1008000 1.8193 -0.0647601 0.0177161
1009000 1.73989 -0.0640511 0.0169191
1010000 1.80575 -0.0569783 0.0177047
1011000 1.83449 -0.0732873 0.0179899
1012000 1.85437 -0.060431 0.0180582
1013000 1.76245 -0.0561063 0.0173056
1014000 1.77297 -0.0549846 0.0173115
1015000 1.83279 -0.0680103 0.0177986
1016000 1.79458 -0.0615873 0.0175144
1017000 1.81121 -0.0730287 0.0174134
1018000 1.80659 -0.0749035 0.0176842
1019000 1.78689 -0.0516065 0.0173907
1020000 1.80874 -0.0534697 0.0177338
1021000 1.78052 -0.0672303 0.0172617
1022000 1.7956 -0.071983 0.0174567
1023000 1.86497 -0.0618131 0.0183568
1024000 1.75613 -0.0468453 0.0172168
1025000 1.77492 -0.0603322 0.017497
1026000 1.81044 -0.077155 0.0176095
1027000 1.74375 -0.0658053 0.0167372
1028000 1.79084 -0.0729839 0.0174143
1029000 1.77714 -0.0696726 0.0175564
1030000 1.80819 -0.0752123 0.017513
1031000 1.80741 -0.0545188 0.017691
1032000 1.81036 -0.0666915 0.0177615
1033000 1.83431 -0.0778783 0.01791
1034000 1.81717 -0.0798118 0.017478
1035000 1.79244 -0.051591 0.0174264
1036000 1.78725 -0.0601507 0.017555
1037000 1.83143 -0.0564926 0.0177981
1038000 1.83932 -0.0771135 0.0178464
1039000 1.76099 -0.0860685 0.0170668
1040000 1.78198 -0.101296 0.0171087
1041000 1.78446 -0.112544 0.0171753
1042000 1.75343 -0.074709 0.0170657
1043000 1.84229 -0.0651089 0.0179757
1044000 1.81859 -0.0813061 0.0175124
1045000 1.78007 -0.0723347 0.017484
1046000 1.7983 -0.0883379 0.0174818
1047000 1.78833 -0.0809656 0.0174483
1048000 1.80138 -0.0734091 0.0173567
1049000 1.8163 -0.0564665 0.0179362
1050000 1.73055 -0.0702892 0.0168197
1051000 1.838 -0.0513868 0.0179381
1052000 1.75801 -0.0598347 0.0172229
1053000 1.80547 -0.0595256 0.0176783
1054000 1.74911 -0.0625959 0.0171475
1055000 1.77058 -0.0625774 0.0172502
1056000 1.77292 -0.0641196 0.0173208
1057000 1.85728 -0.0574106 0.0179521
1058000 1.76303 -0.0952442 0.0169183
1059000 1.76364 -0.0738793 0.0172271
1060000 1.79396 -0.0802498 0.0173796
1061000 1.81587 -0.0758265 0.0175512
1062000 1.81172 -0.0720929 0.0177011
1063000 1.72351 -0.0690851 0.016677
1064000 1.75814 -0.0678253 0.0170728
1065000 1.78493 -0.0671813 0.017438
1066000 1.78191 -0.0557632 0.0173093
1067000 1.86751 -0.0748138 0.0182179
1068000 1.73793 -0.0740018 0.0167624
1069000 1.82141 -0.0724497 0.017612
1070000 1.81663 -0.0684337 0.017495
1071000 1.78623 -0.082081 0.0171176
1072000 1.82914 -0.095475 0.0176272
1073000 1.75872 -0.0767812 0.0169094
1074000 1.73731 -0.0778901 0.0168293
1075000 1.8459 -0.0579375 0.0179996
1076000 1.74215 -0.06738 0.0167491
1077000 1.85985 -0.0911036 0.0179252
1078000 1.74808 -0.0549581 0.0170245
1079000 1.82383 -0.0629981 0.0179103
1080000 1.79554 -0.0640244 0.017479
1081000 1.81138 -0.0810606 0.0176665
1082000 1.78562 -0.073542 0.0173797
1083000 1.82901 -0.064868 0.0176947
1084000 1.79902 -0.0554307 0.0175232
1085000 1.78598 -0.0651335 0.0172693
1086000 1.85482 -0.0671085 0.0181168
1087000 1.80553 -0.0546903 0.0178448
1088000 1.86605 -0.0559557 0.0183176
1089000 1.73999 -0.071633 0.0168827
1090000 1.83817 -0.0626313 0.0180525
1091000 1.77796 -0.0576232 0.0174025
1092000 1.82152 -0.0716196 0.0177413
1093000 1.75296 -0.0807246 0.0167748
1094000 1.86628 -0.0684775 0.0181673
1095000 1.7687 -0.0760468 0.0172461
1096000 1.7661 -0.0708664 0.0170185
1097000 1.84799 -0.06531 0.0180613
1098000 1.78563 -0.0699518 0.0173537
1099000 1.80178 -0.0696807 0.0174045
1100000 1.79718 -0.0548565 0.0177024
