# Time-averaged data for fix 2
# TimeStep v_Temperature v_PotentialEnergy v_Pressure
1000 1.13855 -0.0696421 0.010996
2000 1.10869 -0.0657507 0.0105233
3000 1.07732 -0.068705 0.0104083
4000 1.12385 -0.0672539 0.0107759
5000 1.11038 -0.0680023 0.0106537
6000 1.07879 -0.0730466 0.0101984
7000 1.08652 -0.0707048 0.0104121
8000 1.08243 -0.0627362 0.0104019
9000 1.11196 -0.0616469 0.0106695
10000 1.10343 -0.0643737 0.0106759
11000 1.09161 -0.0875131 0.0103106
12000 1.05846 -0.0935637 0.00972048
13000 1.13029 -0.0694172 0.0106773
14000 1.11995 -0.0620834 0.0105748
15000 1.10793 -0.0559829 0.0105895
16000 1.10491 -0.0989504 0.0104101
17000 1.11398 -0.10786 0.0102413
18000 1.09269 -0.0995146 0.0100676
19000 1.10701 -0.0646722 0.0105459
20000 1.12025 -0.075673 0.0106886
21000 1.1064 -0.080129 0.010538
22000 1.12301 -0.107323 0.0105073
23000 1.07695 -0.0958378 0.0101411
24000 1.09658 -0.0862128 0.0103968
25000 1.1204 -0.0863024 0.0106846
26000 1.11765 -0.0674491 0.0107896
27000 1.07199 -0.0656194 0.0104353
28000 1.10672 -0.0636672 0.0106704
29000 1.07466 -0.0737067 0.0104469
30000 1.13245 -0.0590452 0.0108586
31000 1.06598 -0.0579856 0.0102215
32000 1.09259 -0.0737569 0.0103588
33000 1.09906 -0.0763125 0.0105031
34000 1.05416 -0.0776286 0.0100379
35000 1.13422 -0.0848326 0.0108732
36000 1.13929 -0.0833504 0.0108926
37000 1.12654 -0.0679759 0.0107552
38000 1.05917 -0.0695836 0.0101272
39000 1.14386 -0.0699833 0.0110526
40000 1.09697 -0.0637103 0.0104432
41000 1.12231 -0.086873 0.0106182
42000 1.06705 -0.0999289 0.0100834
43000 1.14226 -0.0857561 0.0109088
44000 1.08478 -0.0879337 0.0100843
45000 1.07961 -0.0923379 0.0102053
46000 1.12903 -0.087207 0.0107645
47000 1.12805 -0.0986927 0.0105044
48000 1.05778 -0.073337 0.0100922
49000 1.11624 -0.0778942 0.0107267
50000 1.10205 -0.0667197 0.0106013
51000 1.11713 -0.0686769 0.0106997
52000 1.08418 -0.075989 0.0103375
53000 1.12488 -0.0889602 0.0106389
54000 1.09249 -0.102769 0.0100184
55000 1.07096 -0.114604 0.0100156
56000 1.12044 -0.121346 0.010382
57000 1.11322 -0.101729 0.0105422
58000 1.10667 -0.117576 0.0102074
59000 1.08337 -0.10256 0.0102124
60000 1.07856 -0.0982245 0.0101213
61000 1.08629 -0.12258 0.010099
62000 1.12661 -0.0995345 0.0105607
63000 1.10153 -0.0720935 0.010467
64000 1.07973 -0.0705499 0.0104212
65000 1.07581 -0.0583324 0.0103446
66000 1.11372 -0.0845184 0.0106113
67000 1.09714 -0.0845262 0.0104291
68000 1.1309 -0.0657067 0.0111772
69000 1.09618 -0.0714177 0.0103782
70000 1.11112 -0.0852408 0.0104922
71000 1.09528 -0.0714713 0.0103996
72000 1.12699 -0.0695055 0.0108465
73000 1.06214 -0.0759124 0.0100286
74000 1.10664 -0.078388 0.0103699
75000 1.12615 -0.0778866 0.0107871
76000 1.09763 -0.0874488 0.0102532
77000 1.09496 -0.0855505 0.0103322
78000 1.10667 -0.0758108 0.0104293
79000 1.10138 -0.0883114 0.0103766
80000 1.09636 -0.0787819 0.0105414
81000 1.12924 -0.102116 0.0104896
82000 1.07088 -0.0739885 0.0100449
83000 1.10421 -0.0838031 0.0104138
84000 1.11534 -0.0795805 0.0105829
85000 1.14656 -0.0799917 0.0108366
86000 1.11999 -0.077655 0.0107047
87000 1.09782 -0.0817345 0.0103648
88000 1.11558 -0.0794732 0.0105963
89000 1.12254 -0.0724088 0.0106656
90000 1.12001 -0.0750063 0.0106433
91000 1.07655 -0.0984583 0.0101556
92000 1.09309 -0.0851559 0.0102542
93000 1.0926 -0.101517 0.0103168
94000 1.08916 -0.0818405 0.0103307
95000 1.10258 -0.0709599 0.0105249
96000 1.12887 -0.0964892 0.0107288
97000 1.11204 -0.083724 0.0104256
98000 1.09221 -0.0729474 0.010474
99000 1.11373 -0.0709293 0.0105343
100000 1.10562 -0.0612263 0.0105143
101000 1.0865 -0.0773958 0.0102677
102000 1.1005 -0.0823414 0.0103861
103000 1.1034 -0.0712882 0.0104485
104000 1.08656 -0.0577718 0.0104473
105000 1.09575 -0.054653 0.010576
106000 1.10349 -0.0632952 0.0104156
107000 1.14643 -0.0757197 0.0108585
108000 1.05538 -0.0921532 0.00978782
109000 1.09514 -0.0873819 0.0102905
110000 1.06793 -0.102571 0.00981598
111000 1.09636 -0.102059 0.0103355
112000 1.11779 -0.0785383 0.0106457
113000 1.10253 -0.0810365 0.0104248
114000 1.10527 -0.0983755 0.0103405
115000 1.12471 -0.107545 0.0105946
116000 1.0754 -0.0970418 0.0101895
117000 1.12596 -0.0858776 0.0108041
118000 1.11844 -0.0995494 0.0104276
119000 1.14354 -0.0878774 0.010884
120000 1.07239 -0.085848 0.0100737
121000 1.10126 -0.100357 0.0104866
122000 1.1039 -0.084219 0.0103874
123000 1.05437 -0.0794717 0.00990794
124000 1.10593 -0.0870509 0.0104215
125000 1.09369 -0.079293 0.0104368
126000 1.09582 -0.0946233 0.0103552
127000 1.09596 -0.0739468 0.0104787
128000 1.06953 -0.0955786 0.010061
129000 1.09615 -0.0714651 0.0105783
130000 1.1167 -0.0744506 0.0105014
131000 1.10543 -0.0895704 0.0103146
132000 1.09714 -0.0860247 0.010536
133000 1.0929 -0.0743332 0.0103912
134000 1.11012 -0.0736205 0.0105015
135000 1.11951 -0.0897577 0.0105643
136000 1.08702 -0.0982958 0.0102724
137000 1.13253 -0.137544 0.0104506
138000 1.11623 -0.151328 0.0102704
139000 1.086 -0.127803 0.010239
140000 1.07087 -0.127516 0.00982297
141000 1.15085 -0.0983013 0.0108729
142000 1.08138 -0.0993588 0.01026
143000 1.10744 -0.0725083 0.0106764
144000 1.10796 -0.0818714 0.0104633
145000 1.08706 -0.0766934 0.0103453
146000 1.10917 -0.0753627 0.0106414
147000 1.10662 -0.0882924 0.0105253
148000 1.09569 -0.0728263 0.0105799
149000 1.10719 -0.0723045 0.0104572
150000 1.09185 -0.0710726 0.0102828
151000 1.14114 -0.0748485 0.0109548
152000 1.06607 -0.0979066 0.00998135
153000 1.08473 -0.106112 0.0102637
154000 1.10676 -0.126921 0.0103114
155000 1.06473 -0.0829343 0.0101571
156000 1.05431 -0.0930421 0.00997561
157000 1.12304 -0.0957755 0.0107498
158000 1.09464 -0.103884 0.010065
159000 1.12709 -0.0841384 0.0106708
160000 1.06888 -0.0816535 0.0101755
161000 1.08712 -0.0885157 0.0102716
162000 1.11077 -0.0725051 0.0104076
163000 1.11936 -0.0841522 0.0106662
164000 1.05727 -0.0852849 0.00992329
165000 1.14135 -0.0789052 0.0109829
166000 1.07764 -0.0739391 0.0102748
167000 1.11954 -0.0761386 0.0105282
168000 1.08598 -0.0771754 0.0101927
169000 1.08312 -0.0945996 0.0101146
170000 1.14788 -0.0899282 0.0108021
171000 1.09307 -0.0851153 0.01038
172000 1.09836 -0.0740985 0.0104063
173000 1.08043 -0.0732414 0.0103017
174000 1.08632 -0.0729289 0.0104754
175000 1.09974 -0.0627221 0.0105387
176000 1.11523 -0.0930565 0.0104668
177000 1.08504 -0.0864318 0.0101421
178000 1.10262 -0.0905934 0.0105024
179000 1.10953 -0.105198 0.0105317
180000 1.10757 -0.0751236 0.0105658
181000 1.11339 -0.0850305 0.0105324
182000 1.07194 -0.108373 0.00993664
183000 1.11849 -0.108607 0.01039
184000 1.08984 -0.0955468 0.0103863
185000 1.11069 -0.0831523 0.0105195
186000 1.11916 -0.0903695 0.0105303
187000 1.05941 -0.0977813 0.00996151
188000 1.1203 -0.0840915 0.0107212
189000 1.11127 -0.0891318 0.0107122
190000 1.08668 -0.0994019 0.0103618
191000 1.09338 -0.0926853 0.0104417
192000 1.10536 -0.10019 0.0104216
193000 1.09388 -0.110058 0.0101658
194000 1.10633 -0.117197 0.0103764
195000 1.11039 -0.141342 0.0101667
196000 1.11116 -0.13174 0.0101375
197000 1.09973 -0.114769 0.0101706
198000 1.093 -0.0962513 0.0103131
199000 1.12139 -0.109357 0.010432
200000 1.07338 -0.12391 0.00998131
201000 1.1229 -0.124685 0.0103621
202000 1.09063 -0.130852 0.00994789
203000 1.09236 -0.107164 0.0100738
204000 1.11528 -0.0878585 0.0104789
205000 1.11117 -0.0745604 0.0104766
206000 1.07063 -0.0807447 0.010092
207000 1.13565 -0.0840456 0.0107855
208000 1.10553 -0.109412 0.0104065
209000 1.08777 -0.102273 0.0103057
210000 1.11924 -0.133375 0.0107256
211000 1.09804 -0.135016 0.0100427
212000 1.10005 -0.118979 0.0103069
213000 1.07744 -0.108942 0.0100778
214000 1.07943 -0.0931784 0.0103063
215000 1.15305 -0.0961162 0.0108376
216000 1.06777 -0.140062 0.00986972
217000 1.08839 -0.118839 0.0101831
218000 1.11269 -0.101531 0.0104724
219000 1.10162 -0.113861 0.0103683
220000 1.13129 -0.124248 0.010509
221000 1.07898 -0.119398 0.00992637
222000 1.0985 -0.0966632 0.0102784
223000 1.11528 -0.0875861 0.0105425
224000 1.07638 -0.100261 0.0101482
225000 1.11571 -0.117576 0.0104438
226000 1.12236 -0.130619 0.0102957
227000 1.06305 -0.112457 0.00988806
228000 1.07077 -0.0952848 0.0100465
229000 1.09178 -0.0886009 0.0103541
230000 1.1071 -0.092699 0.0104291
231000 1.10979 -0.108112 0.0103379
232000 1.07915 -0.0971983 0.010352
233000 1.15169 -0.07893 0.0109085
234000 1.05595 -0.0773243 0.0100641
235000 1.11772 -0.101572 0.0105963
236000 1.10335 -0.0657612 0.010508
237000 1.07728 -0.060544 0.010317
238000 1.13169 -0.0619742 0.0108255
239000 1.05175 -0.0761265 0.00997833
240000 1.10515 -0.0744376 0.0103101
241000 1.087 -0.0825686 0.0103488
242000 1.11274 -0.0742954 0.0107692
243000 1.06957 -0.0600362 0.0101908
244000 1.07233 -0.0650107 0.0101119
245000 1.12912 -0.0671565 0.0107679
246000 1.10016 -0.061001 0.0104994
247000 1.10894 -0.0954154 0.0103941
248000 1.11252 -0.102797 0.0103595
249000 1.05927 -0.0933937 0.00998061
250000 1.10632 -0.09284 0.010518
251000 1.12592 -0.108841 0.0106866
252000 1.06076 -0.0809187 0.00996325
253000 1.12245 -0.0655095 0.0106468
254000 1.08999 -0.0771141 0.0102837
255000 1.1257 -0.089343 0.0107857
256000 1.05265 -0.0915928 0.010125
257000 1.13302 -0.0896205 0.0107251
258000 1.07397 -0.0943877 0.0101742
259000 1.08635 -0.0953307 0.010304
260000 1.09817 -0.0910263 0.0104447
261000 1.07424 -0.104519 0.0100247
262000 1.07105 -0.103366 0.00999793
263000 1.12554 -0.0969362 0.0105438
264000 1.14878 -0.101998 0.010833
265000 1.08282 -0.0984778 0.0101771
266000 1.07997 -0.0971772 0.0101627
267000 1.13314 -0.0861285 0.0108513
268000 1.09285 -0.0962111 0.0101461
269000 1.12528 -0.0692463 0.0108403
270000 1.10922 -0.0715505 0.010583
271000 1.08983 -0.0752021 0.010304
272000 1.09412 -0.0846196 0.0105473
273000 1.12223 -0.0976544 0.0107336
274000 1.10519 -0.102778 0.010393
275000 1.10573 -0.0988858 0.0105042
276000 1.10562 -0.0836253 0.0104575
277000 1.11717 -0.0722552 0.0104952
278000 1.11272 -0.0852476 0.010743
279000 1.11627 -0.0870684 0.0105021
280000 1.1179 -0.107992 0.0105379
281000 1.115 -0.082658 0.0107797
282000 1.07611 -0.0741754 0.0101535
283000 1.11537 -0.0725628 0.0106163
284000 1.1179 -0.082948 0.0107183
285000 1.05867 -0.113103 0.0100659
286000 1.13848 -0.0906091 0.0109535
287000 1.09375 -0.0889217 0.010294
288000 1.11146 -0.0764342 0.0104901
289000 1.10667 -0.074579 0.0104923
290000 1.11793 -0.079333 0.0106316
291000 1.08803 -0.0806446 0.0105562
292000 1.10061 -0.0621114 0.0106089
293000 1.09848 -0.0937991 0.0104585
294000 1.10293 -0.0925879 0.0103645
295000 1.10726 -0.0988647 0.0103632
296000 1.09424 -0.110213 0.0102372
297000 1.1263 -0.108658 0.0105499
298000 1.09316 -0.115254 0.0102606
299000 1.06084 -0.0964448 0.0101525
300000 1.13864 -0.0870187 0.0107345
301000 1.06444 -0.111454 0.00985688
302000 1.13856 -0.101248 0.0107163
303000 1.0598 -0.0810374 0.00993389
304000 1.08613 -0.0956641 0.010285
305000 1.1113 -0.109125 0.0102768
306000 1.07948 -0.09506 0.0100691
307000 1.08594 -0.0717831 0.0103006
308000 1.11427 -0.0841807 0.0106385
309000 1.07342 -0.0864923 0.0102347
310000 1.09747 -0.0758185 0.0104177
311000 1.15811 -0.0990621 0.0108716
312000 1.1067 -0.0892239 0.0104933
313000 1.05749 -0.0832458 0.00998796
314000 1.09428 -0.0911926 0.0103148
315000 1.09788 -0.0939615 0.0102371
316000 1.0957 -0.0916223 0.0104092
317000 1.12698 -0.0764182 0.0107072
318000 1.08845 -0.0646518 0.0104552
319000 1.07921 -0.0518173 0.0105008
320000 1.13695 -0.0729794 0.0108076
321000 1.11713 -0.0581716 0.0107216
322000 1.10018 -0.0662218 0.0104505
323000 1.12 -0.0690569 0.0106563
324000 1.13275 -0.0759417 0.0107618
325000 1.05789 -0.0725344 0.00995213
326000 1.08992 -0.0859528 0.0102449
327000 1.12819 -0.0852207 0.0106168
328000 1.12617 -0.11184 0.0105132
329000 1.11027 -0.11357 0.0104784
330000 1.11277 -0.107861 0.0104327
331000 1.09013 -0.109362 0.0102192
332000 1.09235 -0.125048 0.0101656
333000 1.1051 -0.11235 0.0102619
334000 1.11531 -0.0816252 0.0107795
335000 1.08159 -0.096346 0.0101341
336000 1.09001 -0.117456 0.0104968
337000 1.10785 -0.0791883 0.0105882
338000 1.11518 -0.0736689 0.0106175
339000 1.08445 -0.0824363 0.010215
340000 1.10483 -0.0936383 0.0103604
341000 1.09248 -0.0877139 0.0103906
342000 1.10826 -0.0912677 0.0104839
343000 1.07236 -0.0707503 0.0100706
344000 1.11051 -0.0719366 0.0107533
345000 1.10226 -0.0933803 0.0105231
346000 1.07418 -0.0826928 0.0101097
347000 1.0906 -0.079313 0.0103756
348000 1.10853 -0.0865634 0.010573
349000 1.06652 -0.0927231 0.010032
350000 1.13255 -0.0764456 0.0106219
351000 1.11892 -0.0834109 0.0105805
352000 1.06803 -0.0711441 0.0101721
353000 1.14139 -0.0826191 0.0107408
354000 1.07007 -0.0865778 0.0102166
355000 1.094 -0.0971238 0.0103796
356000 1.09127 -0.0840131 0.0104609
357000 1.11859 -0.0790108 0.0105374
358000 1.14298 -0.0694838 0.0108612
359000 1.06448 -0.079857 0.00998477
360000 1.1311 -0.0864411 0.010681
361000 1.13288 -0.0918009 0.0107763
362000 1.07088 -0.100275 0.0100309
363000 1.14947 -0.0746114 0.0109535
364000 1.06797 -0.0796576 0.0101715
365000 1.09697 -0.062772 0.0105345
366000 1.11351 -0.0747811 0.0104672
367000 1.07009 -0.0792473 0.0100571
368000 1.09312 -0.0868907 0.0102966
369000 1.09383 -0.0858873 0.0103405
370000 1.08724 -0.111482 0.0102534
371000 1.09027 -0.105953 0.0102621
372000 1.08606 -0.123648 0.00994615
373000 1.09734 -0.0732613 0.0103686
374000 1.08972 -0.0749415 0.0102732
375000 1.12096 -0.0770293 0.0106151
376000 1.10041 -0.0740574 0.0105473
377000 1.08482 -0.0651363 0.0104793
378000 1.08563 -0.0721957 0.0102866
379000 1.12847 -0.0822453 0.0107102
380000 1.13762 -0.0723491 0.010827
381000 1.09218 -0.0934575 0.0102446
382000 1.09468 -0.109642 0.0102795
383000 1.144 -0.126579 0.0105643
384000 1.06484 -0.124253 0.00987202
385000 1.09777 -0.130589 0.0102652
386000 1.07615 -0.119984 0.00997953
387000 1.12313 -0.100327 0.0105593
388000 1.08816 -0.0942322 0.0102744
389000 1.09071 -0.101437 0.0101965
390000 1.08795 -0.0985504 0.0100667
391000 1.09074 -0.0981836 0.010269
392000 1.11011 -0.099776 0.0105162
393000 1.07351 -0.0938214 0.0101988
394000 1.11106 -0.0687485 0.0106247
395000 1.10966 -0.0838208 0.0107212
396000 1.13754 -0.109404 0.0106896
397000 1.10509 -0.110242 0.0104064
398000 1.09974 -0.0989738 0.0102676
399000 1.09812 -0.11438 0.0101358
400000 1.13814 -0.0818412 0.0108126
401000 1.08048 -0.0564031 0.0103098
402000 1.10086 -0.0653811 0.0106637
403000 1.1142 -0.0743341 0.0106684
404000 1.0921 -0.0703805 0.0105395
405000 1.11407 -0.0803438 0.0106438
406000 1.06896 -0.0860034 0.0100917
407000 1.08821 -0.0821352 0.0103027
408000 1.0932 -0.0889225 0.0102356
409000 1.1201 -0.0852115 0.0105104
410000 1.10383 -0.0751747 0.0105833
411000 1.0923 -0.0736698 0.0102609
412000 1.07821 -0.0638083 0.0102689
413000 1.05565 -0.0747105 0.0100673
414000 1.10792 -0.0551132 0.0105847
415000 1.11106 -0.0678418 0.0106113
416000 1.10455 -0.0841737 0.0104519
417000 1.08174 -0.0859964 0.0101326
418000 1.08209 -0.086457 0.0102112
419000 1.08629 -0.10659 0.0103776
420000 1.07846 -0.077075 0.010252
421000 1.11441 -0.0765317 0.0107708
422000 1.08574 -0.0783563 0.0102294
423000 1.1092 -0.10623 0.0104334
424000 1.11363 -0.116716 0.0103653
425000 1.0996 -0.102195 0.0103801
426000 1.08107 -0.0896518 0.0101998
427000 1.09511 -0.0924748 0.0105102
428000 1.05898 -0.104342 0.0100865
429000 1.11031 -0.118813 0.0104139
430000 1.07912 -0.131263 0.0100211
431000 1.07819 -0.132792 0.0101143
432000 1.06651 -0.14771 0.00970921
433000 1.09577 -0.128603 0.0102766
434000 1.11601 -0.100563 0.0106319
435000 1.15354 -0.0823896 0.0111912
436000 1.05656 -0.0826995 0.00989317
437000 1.10933 -0.0736471 0.0105496
438000 1.09337 -0.0800959 0.0103341
439000 1.12969 -0.0978712 0.0106011
440000 1.05535 -0.0900935 0.00989967
441000 1.07972 -0.0853276 0.0103117
442000 1.12368 -0.0852804 0.010718
443000 1.12591 -0.0816973 0.0104758
444000 1.09943 -0.0972579 0.0102998
445000 1.09555 -0.088803 0.0103054
446000 1.10651 -0.0790828 0.0104749
447000 1.07277 -0.0719199 0.0102115
448000 1.0788 -0.0832753 0.0101714
449000 1.12925 -0.0861437 0.010625
450000 1.08816 -0.0886026 0.0101789
451000 1.10387 -0.0869247 0.0104609
452000 1.10469 -0.0866913 0.0105121
453000 1.08772 -0.0947866 0.0102785
454000 1.10309 -0.0918075 0.0105445
455000 1.06244 -0.094311 0.00995081
456000 1.12019 -0.118333 0.0103492
457000 1.0902 -0.103469 0.0100596
458000 1.14114 -0.101334 0.0106003
459000 1.09624 -0.079373 0.0104165
460000 1.06297 -0.0717108 0.0100665
461000 1.07842 -0.0680258 0.0103009
462000 1.135 -0.0631804 0.0108721
463000 1.09764 -0.0686047 0.0105545
464000 1.09021 -0.0605038 0.0105203
465000 1.11781 -0.0650536 0.0107594
466000 1.09417 -0.0771962 0.0104743
467000 1.08706 -0.0936823 0.0103725
468000 1.09437 -0.0753299 0.0102614
469000 1.07417 -0.0778099 0.0101418
470000 1.09753 -0.0826311 0.010427
471000 1.11301 -0.0629068 0.0105773
472000 1.07635 -0.0613038 0.0103358
473000 1.12523 -0.0635891 0.0109775
474000 1.12498 -0.0668293 0.0106543
475000 1.07724 -0.0784221 0.0101604
476000 1.08416 -0.0582189 0.0104245
477000 1.10729 -0.0797916 0.0103871
478000 1.08154 -0.0770592 0.0104272
479000 1.10731 -0.0843298 0.0106485
480000 1.13519 -0.0758402 0.0107897
481000 1.08017 -0.0855006 0.0101783
482000 1.12123 -0.0862615 0.0105811
483000 1.08938 -0.076339 0.0103697
484000 1.11378 -0.0577297 0.0107745
485000 1.07332 -0.0823528 0.0101382
486000 1.13872 -0.093834 0.0107771
487000 1.10101 -0.0917572 0.0104485
488000 1.06967 -0.0950771 0.00998889
489000 1.09186 -0.0828357 0.0103645
490000 1.1165 -0.0825826 0.0105084
491000 1.08363 -0.0858532 0.0101554
492000 1.09645 -0.0819653 0.0103121
493000 1.11185 -0.0797862 0.0105525
494000 1.08929 -0.0825876 0.0103915
495000 1.05762 -0.0818662 0.00998133
496000 1.11978 -0.0985176 0.0106076
497000 1.06392 -0.104031 0.00983199
498000 1.09883 -0.062082 0.0104045
499000 1.12543 -0.0803469 0.0105607
500000 1.15077 -0.104383 0.0107811
501000 1.09814 -0.117003 0.0102809
502000 1.12156 -0.0998528 0.0105839
503000 1.11989 -0.0901478 0.0107998
504000 1.05615 -0.104625 0.00986895
505000 1.1256 -0.109038 0.0105907
506000 1.07531 -0.11059 0.0100268
507000 1.07216 -0.102677 0.0101339
508000 1.1304 -0.0917406 0.0107206
509000 1.11054 -0.0870493 0.0103918
510000 1.08428 -0.0880517 0.010267
511000 1.1099 -0.100736 0.010584
512000 1.11781 -0.0947736 0.0105925
513000 1.07 -0.0904393 0.0101225
514000 1.09531 -0.0783885 0.0105501
515000 1.09833 -0.0874269 0.0102782
516000 1.09078 -0.100704 0.0102065
517000 1.08742 -0.102915 0.0101161
518000 1.09329 -0.0981453 0.0104523
519000 1.12716 -0.107808 0.0105405
520000 1.07946 -0.0934591 0.0102725
521000 1.09932 -0.0844721 0.0103713
522000 1.0959 -0.0776565 0.0105548
523000 1.10431 -0.0775372 0.0103963
524000 1.0777 -0.0819889 0.0103274
525000 1.09162 -0.0949366 0.0102108
526000 1.08534 -0.0807156 0.0102576
527000 1.11846 -0.0835488 0.0107761
528000 1.09849 -0.0931014 0.0103772
529000 1.09308 -0.0967404 0.0103339
530000 1.11731 -0.105113 0.0103393
531000 1.1023 -0.0957491 0.0102881
532000 1.07034 -0.0782437 0.0103543
533000 1.13281 -0.0954856 0.0105541
534000 1.08384 -0.100916 0.0100716
535000 1.0991 -0.104473 0.0104667
536000 1.0951 -0.118036 0.0103225
537000 1.10504 -0.0978159 0.010419
538000 1.08686 -0.0963517 0.0101931
539000 1.07434 -0.0948576 0.0101377
540000 1.10167 -0.102589 0.0104878
541000 1.10232 -0.0827981 0.0105468
542000 1.12451 -0.0851409 0.0106641
543000 1.08362 -0.101668 0.0100907
544000 1.09961 -0.103501 0.010142
545000 1.09827 -0.096649 0.010219
546000 1.09556 -0.113706 0.0102813
547000 1.11528 -0.116108 0.0105285
548000 1.11587 -0.0908218 0.0106315
549000 1.06856 -0.0841928 0.0101244
550000 1.0968 -0.110889 0.0101709
551000 1.11044 -0.111374 0.0103705
552000 1.11155 -0.129976 0.0103382
553000 1.08169 -0.0950279 0.0101084
554000 1.13317 -0.0788392 0.0107304
555000 1.1189 -0.079345 0.0105943
556000 1.11424 -0.0769989 0.0105909
557000 1.11166 -0.0827163 0.0106077
558000 1.11792 -0.0687038 0.0107908
559000 1.09158 -0.0637971 0.010344
560000 1.10583 -0.0865399 0.0105265
561000 1.11696 -0.0821267 0.0106099
562000 1.07363 -0.114465 0.0100908
563000 1.11556 -0.101851 0.010251
564000 1.11106 -0.104468 0.0104503
565000 1.11151 -0.0869163 0.0105679
566000 1.08757 -0.109657 0.0102453
567000 1.08996 -0.0953165 0.0103527
568000 1.13233 -0.0956248 0.0107426
569000 1.11349 -0.0887575 0.0105344
570000 1.06811 -0.0895336 0.0101338
571000 1.10736 -0.0686341 0.0104913
572000 1.13397 -0.0888012 0.0107767
573000 1.06365 -0.0649353 0.0103215
574000 1.10204 -0.0593361 0.0106341
575000 1.14539 -0.0786171 0.010867
576000 1.09566 -0.0800236 0.0104798
577000 1.07789 -0.0983011 0.0101162
578000 1.12073 -0.0852218 0.0108372
579000 1.10556 -0.0730619 0.010502
580000 1.13568 -0.0786128 0.0108104
581000 1.09971 -0.0826265 0.0103592
582000 1.08824 -0.0795849 0.0102869
583000 1.12233 -0.100384 0.0103339
584000 1.12202 -0.104092 0.0105354
585000 1.10815 -0.0919082 0.0103676
586000 1.11281 -0.0864128 0.0106163
587000 1.10389 -0.0813264 0.010455
588000 1.10952 -0.0808879 0.0105025
589000 1.09171 -0.0846947 0.0103041
590000 1.11276 -0.101154 0.0104364
591000 1.0917 -0.0906465 0.010202
592000 1.08695 -0.0989334 0.0102965
593000 1.10464 -0.0793454 0.0105289
594000 1.12554 -0.0821413 0.0105699
595000 1.12044 -0.0759219 0.010742
596000 1.13053 -0.0762076 0.0108399
597000 1.10457 -0.0951192 0.0105542
598000 1.10184 -0.0889884 0.010449
599000 1.08689 -0.090278 0.0103454
600000 1.13276 -0.0733039 0.0109661
601000 1.09539 -0.0883405 0.0101904
602000 1.09145 -0.095674 0.010229
603000 1.11248 -0.0822707 0.0104407
604000 1.09015 -0.0890944 0.0101916
605000 1.1081 -0.0791549 0.0102906
606000 1.11405 -0.0657701 0.0106733
607000 1.10445 -0.0633915 0.0106485
608000 1.09758 -0.0610796 0.0103308
609000 1.09627 -0.0717365 0.0102796
610000 1.08989 -0.0734981 0.0102858
611000 1.11309 -0.0724103 0.0107881
612000 1.08483 -0.060891 0.0103864
613000 1.06867 -0.0772386 0.0101515
614000 1.1006 -0.0884029 0.0103359
615000 1.07865 -0.104426 0.0101414
616000 1.0878 -0.0973192 0.0102534
617000 1.08357 -0.0996606 0.0101809
618000 1.09135 -0.121627 0.0101622
619000 1.08873 -0.131953 0.0101373
620000 1.10074 -0.107088 0.01041
621000 1.07544 -0.114024 0.0101228
622000 1.14665 -0.0871352 0.010905
623000 1.07851 -0.100387 0.0100238
624000 1.07629 -0.0934942 0.0101229
625000 1.08425 -0.0821405 0.0103255
626000 1.11478 -0.0722883 0.0106445
627000 1.09572 -0.0823319 0.0103769
628000 1.09099 -0.0919104 0.010168
629000 1.10131 -0.0882419 0.0104178
630000 1.13569 -0.0863284 0.0107162
631000 1.08877 -0.0781191 0.0104047
632000 1.1021 -0.0668422 0.0104835
633000 1.0693 -0.0747168 0.0101077
634000 1.09053 -0.0848833 0.0104157
635000 1.13732 -0.0916715 0.0107087
636000 1.07763 -0.0918263 0.0102129
637000 1.07613 -0.125937 0.00988517
638000 1.10283 -0.123229 0.0103414
639000 1.13317 -0.124848 0.0105885
640000 1.06274 -0.120421 0.00994954
641000 1.11736 -0.0981354 0.0105926
642000 1.07888 -0.102153 0.0100955
643000 1.11718 -0.0932104 0.0106223
644000 1.13529 -0.11052 0.0105458
645000 1.05406 -0.110332 0.009582
646000 1.11598 -0.0964862 0.0105697
647000 1.11622 -0.0832314 0.0105414
648000 1.10912 -0.0912274 0.0104838
649000 1.10464 -0.109093 0.0103581
650000 1.08551 -0.130788 0.010094
651000 1.11499 -0.12391 0.0103559
652000 1.10945 -0.111428 0.0103446
653000 1.11231 -0.0949625 0.0106333
654000 1.12295 -0.105623 0.0105851
655000 1.08355 -0.101996 0.0100004
656000 1.05343 -0.115851 0.0098251
657000 1.10618 -0.110766 0.0102969
658000 1.07218 -0.094472 0.0100894
659000 1.13665 -0.0881561 0.0107559
660000 1.09541 -0.095133 0.0103533
661000 1.05313 -0.0799972 0.0102607
662000 1.11658 -0.0957547 0.0106424
663000 1.09121 -0.100893 0.0103723
664000 1.08695 -0.103197 0.0102701
665000 1.11598 -0.0991065 0.0106742
666000 1.09128 -0.0907821 0.0104135
667000 1.11527 -0.079598 0.0106757
668000 1.12369 -0.0746878 0.0106891
669000 1.10747 -0.0851342 0.0104475
670000 1.14078 -0.107414 0.0106951
671000 1.11761 -0.109187 0.0104574
672000 1.06995 -0.0689762 0.0102259
673000 1.08886 -0.070294 0.0104534
674000 1.0904 -0.0729818 0.0104034
675000 1.07114 -0.0854285 0.0100729
676000 1.13399 -0.0764964 0.0107662
677000 1.06493 -0.0815884 0.0101014
678000 1.11946 -0.0747101 0.0107405
679000 1.11617 -0.0716931 0.0107048
680000 1.10304 -0.0899126 0.0103595
681000 1.08052 -0.105745 0.0100897
682000 1.12386 -0.108921 0.01044
683000 1.0908 -0.104049 0.010104
684000 1.13027 -0.103174 0.0105875
685000 1.08177 -0.0891066 0.0103713
686000 1.08712 -0.0902493 0.0101501
687000 1.10727 -0.0819314 0.0103889
688000 1.13763 -0.0753433 0.0108056
689000 1.10799 -0.0703781 0.0105397
690000 1.07574 -0.0894917 0.0101265
691000 1.10743 -0.0896479 0.0104588
692000 1.11103 -0.0938359 0.010521
693000 1.13481 -0.0956349 0.010627
694000 1.07191 -0.078289 0.0101594
695000 1.10284 -0.0747459 0.010425
696000 1.12679 -0.0740065 0.0108811
697000 1.06661 -0.0763972 0.010189
698000 1.07276 -0.0642011 0.0101683
699000 1.12272 -0.064058 0.0106854
700000 1.07413 -0.079533 0.0103425
701000 1.1322 -0.0722501 0.0106104
702000 1.07385 -0.0540817 0.0102092
703000 1.11857 -0.0538554 0.0108872
704000 1.1143 -0.0633651 0.0107849
705000 1.06246 -0.0732959 0.0100828
706000 1.14194 -0.103072 0.0107818
707000 1.11387 -0.0755997 0.0106257
708000 1.07318 -0.0740355 0.0102568
709000 1.07119 -0.0745662 0.0103155
710000 1.11201 -0.0853462 0.0104739
711000 1.10692 -0.0651747 0.0105148
712000 1.09956 -0.0824613 0.0104183
713000 1.06217 -0.0770252 0.0100849
714000 1.13578 -0.0951911 0.0105307
715000 1.10047 -0.0558394 0.0105498
716000 1.10163 -0.0802545 0.0103597
717000 1.12629 -0.0669845 0.0107508
718000 1.1352 -0.079823 0.0107623
719000 1.06952 -0.0820493 0.0100936
720000 1.0975 -0.0739205 0.0104951
721000 1.09792 -0.0821102 0.0104971
722000 1.09981 -0.0773869 0.0104612
723000 1.09488 -0.0893609 0.0102612
724000 1.1146 -0.0896596 0.0103929
725000 1.09988 -0.0866839 0.0103433
726000 1.09116 -0.0789387 0.0104038
727000 1.10229 -0.0890286 0.0104347
728000 1.09991 -0.0971441 0.0105368
729000 1.1047 -0.0604312 0.0107757
730000 1.07637 -0.0566575 0.0104284
731000 1.09006 -0.0617658 0.0105227
732000 1.1104 -0.0764933 0.0105524
733000 1.09869 -0.0707859 0.0103986
734000 1.12808 -0.0577437 0.0108527
735000 1.10455 -0.0833527 0.0104543
736000 1.10624 -0.0795804 0.0104223
737000 1.10435 -0.0807387 0.0105456
738000 1.06792 -0.106095 0.0100369
739000 1.11337 -0.0979516 0.0104128
740000 1.07389 -0.103893 0.0100064
741000 1.10119 -0.0890566 0.0103754
742000 1.09948 -0.0889109 0.0105065
743000 1.06666 -0.0661286 0.0101192
744000 1.13455 -0.0659905 0.0107964
745000 1.11862 -0.0835485 0.0104622
746000 1.07383 -0.0571678 0.0104339
747000 1.09399 -0.0762583 0.0104136
748000 1.12264 -0.0783482 0.0105723
749000 1.07477 -0.0864692 0.0100799
750000 1.10511 -0.0971981 0.0102396
751000 1.0665 -0.0950433 0.0100665
752000 1.14399 -0.0764623 0.0107778
753000 1.11425 -0.0667961 0.0106316
754000 1.10594 -0.0942936 0.0103959
755000 1.10116 -0.0781963 0.010355
756000 1.1089 -0.0908368 0.0104359
757000 1.11034 -0.0828534 0.0103079
758000 1.09138 -0.0824049 0.0102925
759000 1.10071 -0.0887285 0.010364
760000 1.08862 -0.113016 0.0101762
761000 1.08825 -0.0974511 0.0102678
762000 1.12795 -0.0790941 0.0107034
763000 1.07745 -0.0782658 0.0102059
764000 1.10806 -0.0753695 0.0105769
765000 1.06829 -0.0833513 0.0102144
766000 1.11735 -0.0978618 0.0104597
767000 1.1 -0.0974603 0.0102584
768000 1.07044 -0.073836 0.0102638
769000 1.14873 -0.0792845 0.0109968
770000 1.11419 -0.0964538 0.0105177
771000 1.11279 -0.0783067 0.01084
772000 1.05873 -0.0910891 0.00998948
773000 1.10629 -0.0768675 0.0105447
774000 1.10545 -0.0926953 0.0105118
775000 1.12275 -0.0678412 0.0108544
776000 1.10754 -0.092021 0.0102674
777000 1.1147 -0.0898249 0.0104843
778000 1.12557 -0.0903264 0.0106604
779000 1.11899 -0.0803581 0.0105546
780000 1.06 -0.082995 0.0100911
781000 1.11977 -0.0931755 0.0105986
782000 1.09499 -0.0864356 0.0105256
783000 1.12253 -0.101778 0.0105815
784000 1.07825 -0.085724 0.010266
785000 1.10991 -0.0878808 0.0103577
786000 1.11008 -0.0740688 0.010536
787000 1.10677 -0.0896287 0.0105628
788000 1.11872 -0.126551 0.0104316
789000 1.06933 -0.12049 0.00999916
790000 1.10922 -0.106048 0.0104707
791000 1.11084 -0.114543 0.0105066
792000 1.12087 -0.0935032 0.010835
793000 1.1098 -0.114531 0.0104047
794000 1.12224 -0.102805 0.010648
795000 1.10557 -0.0936212 0.0104542
796000 1.07094 -0.0831003 0.0101713
797000 1.10591 -0.117546 0.0103752
798000 1.11637 -0.134494 0.0103404
799000 1.09995 -0.118598 0.0102272
800000 1.11804 -0.103368 0.0105691
801000 1.11702 -0.0984956 0.0107311
802000 1.09272 -0.10085 0.0103907
803000 1.0844 -0.094051 0.0102842
804000 1.08636 -0.0974997 0.0103259
805000 1.13036 -0.0849524 0.0106744
806000 1.09806 -0.0949457 0.0103104
807000 1.10643 -0.0937178 0.0102061
808000 1.09872 -0.0734832 0.0104063
809000 1.09439 -0.0769157 0.0102682
810000 1.10283 -0.0688365 0.0104512
811000 1.11051 -0.0935547 0.0103273
812000 1.10937 -0.0751704 0.0105299
813000 1.12363 -0.0680819 0.0107554
814000 1.12654 -0.0658097 0.0108261
815000 1.06437 -0.0556775 0.0101938
816000 1.09138 -0.0669263 0.0105483
817000 1.13214 -0.0844842 0.0107631
818000 1.1137 -0.0815045 0.0104484
819000 1.11869 -0.113404 0.0104638
820000 1.08527 -0.102873 0.010191
821000 1.08174 -0.109454 0.0100298
822000 1.07003 -0.0998208 0.00990948
823000 1.10178 -0.0813808 0.0104596
824000 1.09209 -0.0781525 0.0104156
825000 1.10991 -0.0911712 0.0103789
826000 1.10235 -0.0813429 0.0104636
827000 1.06265 -0.0823162 0.0102257
828000 1.1269 -0.0745215 0.0107666
829000 1.05643 -0.0852418 0.00987067
830000 1.1501 -0.0767727 0.0109085
831000 1.06503 -0.0813585 0.0101535
832000 1.13513 -0.0925104 0.0105865
833000 1.07646 -0.0775857 0.0102752
834000 1.09634 -0.0874058 0.0103079
835000 1.13158 -0.0921962 0.0107589
836000 1.0909 -0.10666 0.0102284
837000 1.10229 -0.0791857 0.0103945
838000 1.09334 -0.0661566 0.0103639
839000 1.12266 -0.0732508 0.0105808
840000 1.09123 -0.085812 0.0104788
841000 1.08573 -0.0882665 0.0103362
842000 1.08818 -0.0798841 0.0103207
843000 1.10503 -0.11084 0.0104383
844000 1.12962 -0.092068 0.0106239
845000 1.11331 -0.0951945 0.0105319
846000 1.06916 -0.088653 0.0102241
847000 1.14053 -0.0793399 0.0110158
848000 1.10923 -0.0845868 0.0105669
849000 1.11598 -0.0878029 0.0105764
850000 1.10675 -0.0716476 0.0106201
851000 1.06296 -0.0624457 0.0101825
852000 1.1296 -0.0716833 0.0108342
853000 1.08672 -0.0663594 0.0103169
854000 1.10764 -0.0873977 0.0105251
855000 1.09443 -0.0848545 0.010427
856000 1.09194 -0.079933 0.0104679
857000 1.09386 -0.0816739 0.0103466
858000 1.09168 -0.0837001 0.0103986
859000 1.09565 -0.077423 0.0104194
860000 1.08938 -0.0675771 0.0103747
861000 1.05594 -0.0752073 0.0100963
862000 1.10804 -0.0776528 0.0106391
863000 1.11236 -0.0769538 0.0105702
864000 1.10531 -0.0761702 0.010415
865000 1.1339 -0.095321 0.0106313
866000 1.07704 -0.0708538 0.0103748
867000 1.09137 -0.0691234 0.0104377
868000 1.07443 -0.0733768 0.0101536
869000 1.09477 -0.0838828 0.010184
870000 1.05878 -0.0845978 0.0101481
871000 1.08502 -0.0962717 0.0103164
872000 1.08667 -0.0932808 0.0101068
873000 1.14616 -0.0852218 0.010915
874000 1.06487 -0.0921108 0.0101466
875000 1.08588 -0.116687 0.0101636
876000 1.10339 -0.0926807 0.0105362
877000 1.1127 -0.0818027 0.0105873
878000 1.10053 -0.0860493 0.0105602
879000 1.06885 -0.092101 0.0101689
880000 1.08967 -0.0831776 0.0102613
881000 1.10274 -0.11733 0.0103412
882000 1.09387 -0.111687 0.0102787
883000 1.0938 -0.0919504 0.0102393
884000 1.08944 -0.103081 0.0102033
885000 1.10099 -0.103356 0.0103258
886000 1.1182 -0.0839589 0.0107374
887000 1.12879 -0.0806288 0.010656
888000 1.11412 -0.0613212 0.0107298
889000 1.09951 -0.0758818 0.0104877
890000 1.09091 -0.0992768 0.0103008
891000 1.08823 -0.0826822 0.0103978
892000 1.08286 -0.0648371 0.0102383
893000 1.11 -0.050974 0.0106618
894000 1.09356 -0.0643021 0.0106723
895000 1.10823 -0.074637 0.010501
896000 1.1053 -0.0769576 0.0103319
897000 1.06792 -0.0612176 0.0102711
898000 1.11357 -0.0871483 0.0105712
899000 1.11821 -0.0803326 0.0106666
900000 1.113 -0.0830187 0.0106284
901000 1.09714 -0.0712399 0.010441
902000 1.11442 -0.0668 0.0106518
903000 1.08794 -0.071533 0.0103012
904000 1.1074 -0.0701159 0.0106156
905000 1.1127 -0.0600763 0.0105561
906000 1.09797 -0.0688274 0.0104962
907000 1.11423 -0.0886219 0.0105876
908000 1.09973 -0.0872735 0.0103509
909000 1.13579 -0.0788255 0.0107643
910000 1.07785 -0.0824822 0.0102162
911000 1.11566 -0.0960637 0.0106949
912000 1.11576 -0.0951101 0.0103933
913000 1.06696 -0.0698499 0.0101096
914000 1.11574 -0.0869143 0.0104989
915000 1.13608 -0.0919595 0.0106876
916000 1.0744 -0.0765728 0.0101178
917000 1.10094 -0.0860666 0.0106216
918000 1.08068 -0.0613189 0.0104783
919000 1.1288 -0.0744747 0.010855
920000 1.10251 -0.0644609 0.0106703
921000 1.09013 -0.0719764 0.0103739
922000 1.1121 -0.0729583 0.0106293
923000 1.10876 -0.0947928 0.0103227
924000 1.04877 -0.0831508 0.00977827
925000 1.08666 -0.0778334 0.0102433
926000 1.13457 -0.0839799 0.0107005
927000 1.07644 -0.094188 0.0102471
928000 1.1348 -0.0974871 0.0106419
929000 1.06515 -0.0939297 0.010082
930000 1.12321 -0.0853351 0.0106476
931000 1.06733 -0.0798162 0.0101676
932000 1.12107 -0.0882236 0.0104724
933000 1.10739 -0.105659 0.0104813
934000 1.08806 -0.107129 0.0102196
935000 1.08154 -0.116937 0.0100606
936000 1.08339 -0.103196 0.0101384
937000 1.07733 -0.101182 0.01015
938000 1.1343 -0.0820537 0.0106431
939000 1.08893 -0.0773532 0.0102319
940000 1.12275 -0.0775127 0.0107204
941000 1.08293 -0.0878921 0.0102842
942000 1.09875 -0.11574 0.0103895
943000 1.0968 -0.0770397 0.0103189
944000 1.10672 -0.0712779 0.0106047
945000 1.05108 -0.0906069 0.0099109
946000 1.10388 -0.0965841 0.0104536
947000 1.09765 -0.0880719 0.0103353
948000 1.10578 -0.104402 0.0104934
949000 1.11608 -0.0946799 0.0106604
950000 1.11679 -0.0702331 0.0106286
951000 1.11374 -0.079242 0.0106259
952000 1.11123 -0.085448 0.0104964
953000 1.07595 -0.0945039 0.0100275
954000 1.11345 -0.0788925 0.0105157
955000 1.12766 -0.0769868 0.0107135
956000 1.06924 -0.0716866 0.0102433
957000 1.10819 -0.0840891 0.0104884
958000 1.12142 -0.117513 0.010635
959000 1.07826 -0.101569 0.0101377
960000 1.1408 -0.0968754 0.0106726
961000 1.10522 -0.0925819 0.0103398
962000 1.06515 -0.081769 0.010053
963000 1.09384 -0.0891554 0.0103048
964000 1.1325 -0.0897682 0.0108924
965000 1.07553 -0.0936139 0.0101845
966000 1.1045 -0.0912128 0.0104681
967000 1.1006 -0.09887 0.0102394
968000 1.09914 -0.100572 0.0102572
969000 1.12404 -0.101142 0.0106577
970000 1.07911 -0.0827245 0.0101998
971000 1.09768 -0.0591474 0.0105666
972000 1.09608 -0.0726006 0.0105294
973000 1.08479 -0.0698467 0.0103919
974000 1.06824 -0.065167 0.0101099
975000 1.13648 -0.0807997 0.0108011
976000 1.07554 -0.0727957 0.0101097
977000 1.08535 -0.075663 0.0103161
978000 1.11302 -0.0806607 0.0106136
979000 1.08735 -0.110928 0.010161
980000 1.1178 -0.094582 0.0106285
981000 1.11725 -0.0865364 0.0105467
982000 1.06166 -0.0812096 0.00996999
983000 1.11767 -0.0816796 0.0105425
984000 1.10956 -0.0733271 0.0105897
985000 1.07283 -0.0825878 0.010318
986000 1.06792 -0.0669556 0.0102664
987000 1.09816 -0.066918 0.0105537
988000 1.10602 -0.0725573 0.0105302
989000 1.06418 -0.0805674 0.00999122
990000 1.10975 -0.0860423 0.0104899
991000 1.091 -0.0837038 0.0103844
992000 1.08546 -0.0948958 0.0101321
993000 1.08538 -0.101681 0.0101527
994000 1.09336 -0.0824132 0.0106143
995000 1.10622 -0.059181 0.0107715
996000 1.07464 -0.08523 0.0102098
997000 1.05577 -0.0887959 0.00983125
998000 1.11106 -0.0865492 0.0105346
999000 1.15595 -0.0880727 0.0108431
1000000 1.08327 -0.0849705 0.0102547
1001000 1.09902 -0.0960756 0.0104504
1002000 1.08252 -0.0751217 0.0102642
1003000 1.12313 -0.0663451 0.0108868
1004000 1.09228 -0.0982624 0.0102884
1005000 1.12329 -0.0961937 0.0107776
1006000 1.06984 -0.0807614 0.010128
1007000 1.0654 -0.0809917 0.010242
1008000 1.12612 -0.0827854 0.0108388
1009000 1.10509 -0.0809713 0.0104539
1010000 1.08517 -0.127358 0.00999784
1011000 1.11791 -0.123251 0.0104799
1012000 1.13623 -0.114388 0.0106554
1013000 1.10509 -0.105134 0.0103563
1014000 1.11789 -0.099188 0.0106791
1015000 1.08556 -0.0865553 0.010333
1016000 1.1021 -0.0741982 0.0104604
1017000 1.08003 -0.0638862 0.0102691
1018000 1.11774 -0.0698887 0.0106235
1019000 1.12374 -0.0779047 0.0105958
1020000 1.08814 -0.0909032 0.0102313
1021000 1.09599 -0.0761927 0.0103494
1022000 1.08133 -0.0807884 0.0102228
1023000 1.09257 -0.0848188 0.0103808
1024000 1.09498 -0.0792918 0.0103815
1025000 1.09608 -0.0803541 0.0105151
1026000 1.11741 -0.0798996 0.0105981
1027000 1.09913 -0.0981017 0.0102699
1028000 1.07251 -0.0916721 0.010173
1029000 1.11867 -0.0947722 0.0106771
1030000 1.09469 -0.0990742 0.010341
1031000 1.09935 -0.0684681 0.0105747
1032000 1.10251 -0.0715341 0.010434
1033000 1.09163 -0.0735107 0.0104617
1034000 1.09316 -0.0818221 0.010289
1035000 1.11616 -0.0847717 0.0105022
1036000 1.06097 -0.103193 0.00986009
1037000 1.1273 -0.0990224 0.010636
1038000 1.10035 -0.08173 0.0105327
1039000 1.10111 -0.0687388 0.0104145
1040000 1.08189 -0.07248 0.0102389
1041000 1.09077 -0.0744375 0.0104859
1042000 1.12366 -0.090082 0.0106029
1043000 1.08407 -0.0875694 0.010302
1044000 1.13134 -0.0677573 0.0107371
1045000 1.09057 -0.0793229 0.01031
1046000 1.07191 -0.0920664 0.0102012
1047000 1.08816 -0.0820797 0.0103549
1048000 1.13032 -0.0897795 0.0107701
1049000 1.07548 -0.0803344 0.0101543
1050000 1.06991 -0.0749577 0.010192
1051000 1.10933 -0.0787208 0.0105712
1052000 1.07005 -0.0985422 0.00986904
1053000 1.09895 -0.0970495 0.0104449
1054000 1.10442 -0.0554669 0.0105616
1055000 1.11617 -0.0784236 0.0106606
1056000 1.10511 -0.0674716 0.0105291
1057000 1.12257 -0.0854693 0.0106217
1058000 1.06058 -0.0887914 0.00999161
1059000 1.10196 -0.101768 0.0104537
1060000 1.10453 -0.0873915 0.0104787
1061000 1.10005 -0.0774301 0.0103977
1062000 1.08581 -0.069294 0.0102233
1063000 1.10756 -0.0933741 0.0105529
1064000 1.09511 -0.117796 0.0101153
1065000 1.11703 -0.0947708 0.0106207
1066000 1.09938 -0.0986124 0.0102846
1067000 1.12939 -0.102309 0.0106275
1068000 1.12232 -0.113543 0.0107509
1069000 1.12145 -0.106527 0.0106789
1070000 1.08368 -0.126354 0.0100831
1071000 1.10612 -0.118075 0.0104708
1072000 1.09986 -0.116449 0.0103863
1073000 1.11769 -0.0753611 0.0107234
1074000 1.09722 -0.0742202 0.0105214
1075000 1.10122 -0.103259 0.0102354
1076000 1.09806 -0.0799681 0.0102974
1077000 1.10114 -0.0757154 0.0104463
1078000 1.09911 -0.0873621 0.0104537
1079000 1.06888 -0.0891235 0.0100709
1080000 1.13046 -0.115766 0.0106322
1081000 1.11645 -0.104787 0.010353
1082000 1.08808 -0.107919 0.0100772
1083000 1.09584 -0.100507 0.0103998
1084000 1.10181 -0.071358 0.0105945
1085000 1.1228 -0.0562472 0.0107004
1086000 1.06416 -0.0720958 0.0099148
1087000 1.11219 -0.0797139 0.0104956
1088000 1.09647 -0.0656125 0.0104631
1089000 1.11388 -0.0737567 0.0105751
1090000 1.07046 -0.0728924 0.0101559
1091000 1.1084 -0.0796619 0.0106069
1092000 1.09707 -0.075998 0.0103963
1093000 1.07877 -0.0875966 0.0102651
1094000 1.09227 -0.0921711 0.0102089
1095000 1.07595 -0.0956728 0.0101828
1096000 1.10353 -0.0793705 0.0104553
1097000 1.0844 -0.0728924 0.0103446
1098000 1.11262 -0.0856425 0.0107032
1099000 1.0626 -0.103007 0.0100295
1100000 1.0844 -0.0960787 0.0102297
