# Time-averaged data for fix 2
# TimeStep v_Temperature v_PotentialEnergy v_Pressure
1000 0.847626 -1.11399 0.0302346
2000 0.790542 -1.39334 0.0135605
3000 0.786099 -1.67484 0.0103225
4000 0.822081 -1.84347 0.0172185
5000 0.800297 -1.79426 0.0143197
6000 0.800775 -1.94286 0.0140168
7000 0.78465 -2.08243 0.0159614
8000 0.794581 -1.9947 0.0110543
9000 0.792648 -1.96751 0.0165733
10000 0.812402 -1.98366 0.0161861
11000 0.771404 -2.42586 0.00484163
12000 0.782907 -2.47009 0.00999962
13000 0.78515 -2.28609 0.00803615
14000 0.795099 -2.41493 0.00884392
15000 0.824011 -2.41346 0.0179113
16000 0.781457 -2.5909 0.0104156
17000 0.796203 -2.63204 0.0152943
18000 0.758736 -2.53818 0.0134853
19000 0.783562 -2.54689 0.0141548
20000 0.814287 -2.43587 0.0144983
21000 0.797914 -2.4598 0.0144836
22000 0.775987 -2.54778 0.00942447
23000 0.804196 -2.46805 0.0107722
24000 0.819102 -2.37583 0.0183555
25000 0.810508 -2.28292 0.0187429
26000 0.793747 -2.44616 0.0130456
27000 0.814685 -2.54072 0.0158393
28000 0.807701 -2.36583 0.00502874
29000 0.775838 -2.47074 0.0117392
30000 0.817697 -2.31297 0.0124629
31000 0.787608 -2.36852 0.0171525
32000 0.81463 -2.34352 0.0102742
33000 0.788429 -2.44291 0.0151534
34000 0.8087 -2.38421 0.00378696
35000 0.801141 -2.1406 0.0135739
36000 0.80794 -1.93861 0.0186023
37000 0.810468 -2.0549 0.0248124
38000 0.789854 -2.29287 0.011877
39000 0.816562 -2.19038 0.012573
40000 0.812566 -2.19852 0.0130197
41000 0.790454 -2.37983 0.00593676
42000 0.798866 -2.49322 0.0196609
43000 0.807097 -2.30769 0.0141501
44000 0.791001 -2.37366 0.0140587
45000 0.798583 -2.1082 0.0132792
46000 0.801388 -2.05607 0.0164568
47000 0.76941 -2.1688 0.0053684
48000 0.816363 -2.26274 0.00979829
49000 0.767462 -2.24226 0.0120818
50000 0.802481 -2.16893 0.0186012
51000 0.796495 -2.0998 0.0201002
52000 0.787164 -1.93708 0.016512
53000 0.804251 -1.97586 0.0184393
54000 0.793555 -2.1515 0.0101568
55000 0.811798 -2.22397 0.0191807
56000 0.79008 -2.23963 0.0147414
57000 0.813855 -2.09478 0.0168808
58000 0.834715 -1.99441 0.0257898
59000 0.811958 -1.91851 0.0172994
60000 0.79559 -1.95437 0.020269
61000 0.805725 -2.03781 0.0257694
62000 0.794646 -2.0868 0.0163796
63000 0.794712 -1.85522 0.0117571
64000 0.794545 -1.74541 0.0123379
65000 0.78357 -1.852 0.00553666
66000 0.793002 -1.89807 0.011839
67000 0.827329 -2.14971 0.0248537
68000 0.795104 -2.12414 0.0167088
69000 0.800813 -2.10026 0.0147319
70000 0.80248 -2.03318 0.012603
71000 0.803351 -2.01112 0.0154954
72000 0.81298 -2.04506 0.0105466
73000 0.783985 -2.08017 0.00983591
74000 0.816676 -2.02263 0.0186274
75000 0.799489 -1.96671 0.0114743
76000 0.828289 -2.16898 0.0220788
77000 0.807838 -2.32919 0.01165
78000 0.795441 -2.23915 0.0144533
79000 0.80522 -2.12753 0.00869029
80000 0.805905 -2.33895 0.0107008
81000 0.811291 -2.20893 0.0140667
82000 0.794423 -2.2225 0.0096575
83000 0.828636 -2.14518 0.0128544
84000 0.801641 -2.38361 0.0113492
85000 0.806036 -2.54348 0.0127896
86000 0.77955 -2.35337 0.0120955
87000 0.819212 -2.01554 0.016328
88000 0.792251 -1.94499 0.0170958
89000 0.778426 -1.87251 0.013245
90000 0.818395 -1.89561 0.0221609
91000 0.801638 -2.09515 0.019206
92000 0.804992 -1.96263 0.0102331
93000 0.813291 -2.19507 0.0164277
94000 0.817279 -2.30213 0.0136869
95000 0.790379 -2.1375 0.0132002
96000 0.798508 -1.99958 0.0190906
97000 0.779724 -2.06013 0.0137889
98000 0.777195 -2.03348 0.0117443
99000 0.8227 -2.09874 0.0192656
100000 0.809691 -1.76237 0.0158512
101000 0.814834 -1.87184 0.0200649
102000 0.790532 -1.94304 0.00785798
103000 0.804395 -2.09886 0.0143877
104000 0.819374 -2.25989 0.0137616
105000 0.780927 -2.04137 0.0117875
106000 0.818057 -1.96699 0.0138763
107000 0.777408 -2.08056 0.00916169
108000 0.799601 -2.05926 0.014181
109000 0.795489 -2.22905 0.0112173
110000 0.81827 -2.01481 0.0146767
111000 0.777697 -1.97862 0.0209302
112000 0.79343 -2.15187 0.0171956
113000 0.776035 -2.42093 0.0164882
114000 0.815492 -2.23813 0.0174529
115000 0.782554 -1.95796 0.0122869
116000 0.808329 -2.07646 0.0125426
117000 0.788702 -2.31154 0.00565439
118000 0.793942 -2.35797 0.0135704
119000 0.812085 -2.26875 0.0113097
120000 0.808547 -2.39168 0.0118069
121000 0.801936 -2.36827 0.0109422
122000 0.777316 -2.16551 0.0141811
123000 0.823568 -2.13147 0.0163
124000 0.791203 -2.22791 0.0160313
125000 0.825464 -2.02098 0.0195798
126000 0.7991 -2.49593 0.0144807
127000 0.800818 -2.26654 0.00887658
128000 0.827186 -2.33324 0.014276
129000 0.823154 -2.39239 0.0138671
130000 0.797036 -2.50713 0.0119716
131000 0.805548 -2.32871 0.0123561
132000 0.806325 -2.25851 0.0132284
133000 0.804117 -2.03857 0.00551687
134000 0.801922 -2.01586 0.011018
135000 0.79074 -2.09904 0.0118262
136000 0.819026 -1.97909 0.0150646
137000 0.769661 -2.30665 0.0125254
138000 0.799934 -2.21845 0.0126007
139000 0.80168 -2.24265 0.0138749
140000 0.797554 -2.23065 0.0110863
141000 0.779933 -2.11473 0.00772863
142000 0.809238 -1.75137 0.022541
143000 0.808271 -1.69884 0.0167289
144000 0.801615 -1.77955 0.0144255
145000 0.814213 -1.68108 0.0217749
146000 0.802094 -1.93061 0.0155566
147000 0.806809 -2.13957 0.00822705
148000 0.791777 -2.19735 0.0105984
149000 0.78569 -2.18482 0.0155034
150000 0.818393 -2.2141 0.0134716
151000 0.787767 -2.41648 0.00780038
152000 0.807427 -2.41726 0.0163585
153000 0.819227 -2.48571 0.014083
154000 0.802883 -2.59763 0.0195033
155000 0.786126 -2.53589 0.0131816
156000 0.808013 -2.52 0.0122541
157000 0.804147 -2.55329 0.0130744
158000 0.794293 -2.35103 0.0159435
159000 0.814347 -2.45732 0.0125892
160000 0.817776 -2.24359 0.014614
161000 0.778909 -2.26881 0.00992837
162000 0.799724 -2.29281 0.0143622
163000 0.807205 -2.57627 0.0122282
164000 0.783281 -2.19775 0.010766
165000 0.833755 -1.90088 0.01726
166000 0.794196 -1.87268 0.0149559
167000 0.776879 -2.02471 0.00537094
168000 0.794364 -2.03286 0.00674034
169000 0.791295 -2.17695 0.0077227
170000 0.787594 -2.22028 0.00339132
171000 0.795964 -1.99444 0.0107004
172000 0.81727 -1.72915 0.0169691
173000 0.805999 -1.79447 0.0167947
174000 0.814592 -2.0847 0.0163471
175000 0.823088 -2.10016 0.0170822
176000 0.793978 -2.05401 0.0144763
177000 0.792737 -2.1245 0.0129066
178000 0.773245 -2.11678 0.00785042
179000 0.809448 -1.86258 0.0169983
180000 0.774709 -1.4413 0.0104922
181000 0.797344 -1.41044 0.0217825
182000 0.797403 -1.40641 0.0239841
183000 0.782676 -1.6411 0.0133728
184000 0.779867 -1.71508 0.0240745
185000 0.792014 -1.6513 0.0124261
186000 0.79454 -1.9647 0.0121162
187000 0.805608 -1.88431 0.0207865
188000 0.794541 -1.76258 0.0144688
189000 0.812261 -1.71111 0.0208107
190000 0.788473 -1.93555 0.0153819
191000 0.798511 -2.46201 0.00640865
192000 0.790843 -2.55276 0.0139214
193000 0.821341 -2.35237 0.0230724
194000 0.795591 -2.20166 0.0147732
195000 0.800089 -2.20489 0.0103223
196000 0.797405 -2.22389 0.0162298
197000 0.814329 -2.0573 0.014397
198000 0.796337 -1.95199 0.00905996
199000 0.777961 -2.15067 0.00811701
200000 0.800916 -1.98281 0.0199854
201000 0.785366 -1.77095 0.011539
202000 0.823822 -1.61784 0.0158375
203000 0.789295 -1.99986 0.011025
204000 0.827812 -2.10313 0.0152764
205000 0.796612 -2.22257 0.0216752
206000 0.780694 -2.19856 0.0125551
207000 0.81825 -2.14002 0.0152452
208000 0.791852 -2.04331 0.0131727
209000 0.818054 -2.16004 0.015941
210000 0.810791 -1.86371 0.0170914
211000 0.777051 -1.93339 0.00521286
212000 0.8115 -1.83803 0.0104875
213000 0.786044 -2.24605 0.0112095
214000 0.826683 -2.171 0.0175592
215000 0.832337 -2.14858 0.0165065
216000 0.776634 -2.16877 0.0156893
217000 0.809579 -2.10498 0.0242578
218000 0.816807 -2.26305 0.0233322
219000 0.79887 -2.11755 0.00803336
220000 0.789671 -2.15405 0.0169173
221000 0.808341 -2.18223 0.0204093
222000 0.803305 -2.32519 0.00864464
223000 0.789075 -2.41069 0.0107235
224000 0.791603 -2.03888 0.012289
225000 0.791042 -1.84986 0.0133234
226000 0.803466 -1.95072 0.0180021
227000 0.796653 -1.88612 0.0171687
228000 0.822981 -2.12051 0.0193293
229000 0.766175 -2.2455 0.0125514
230000 0.802011 -2.12871 0.0128135
231000 0.819887 -1.93387 0.0229909
232000 0.799258 -2.07081 0.0182067
233000 0.779457 -2.26543 0.00548867
234000 0.781539 -2.22497 0.0130134
235000 0.817779 -2.07763 0.0109293
236000 0.800868 -2.29546 0.00837003
237000 0.78298 -2.26808 0.00561183
238000 0.804135 -2.16389 0.014338
239000 0.811716 -2.09428 0.0192515
240000 0.775449 -2.26804 0.0143366
241000 0.787143 -2.21845 0.0119301
242000 0.807062 -2.28671 0.0197006
243000 0.80704 -2.31485 0.0153604
244000 0.800565 -2.44132 0.012587
245000 0.803152 -2.0477 0.0152886
246000 0.801307 -2.06352 0.017249
247000 0.793088 -2.38399 0.00858721
248000 0.797275 -2.36064 0.012717
249000 0.809145 -1.95102 0.0193607
250000 0.798571 -1.91332 0.0198846
251000 0.790511 -1.75692 0.0158182
252000 0.800783 -1.91843 0.0138981
253000 0.811398 -1.93404 0.0170368
254000 0.781041 -2.07545 0.00896331
255000 0.806113 -2.19891 0.0166355
256000 0.813743 -2.18377 0.0140644
257000 0.791857 -2.34624 0.0149832
258000 0.799106 -2.37418 0.0129399
259000 0.786453 -2.41083 0.00571991
260000 0.814309 -2.18798 0.0119589
261000 0.798075 -2.34306 0.0124212
262000 0.793593 -2.50436 0.0148236
263000 0.8054 -2.43323 0.0169784
264000 0.798114 -2.28315 0.0207021
265000 0.799057 -1.99991 0.0154467
266000 0.830903 -2.17165 0.0164726
267000 0.820327 -2.11495 0.0175444
268000 0.794262 -2.30827 0.0112619
269000 0.765989 -2.47798 0.011551
270000 0.788804 -2.33189 0.0136277
271000 0.788451 -2.27587 0.0160347
272000 0.802562 -2.1382 0.0126948
273000 0.766235 -2.07343 0.0167124
274000 0.814672 -1.97831 0.021041
275000 0.820794 -1.77945 0.0110657
276000 0.810068 -1.96635 0.0146686
277000 0.777457 -2.05643 0.00891178
278000 0.806312 -1.96809 0.0107148
279000 0.80374 -2.1446 0.00952003
280000 0.773287 -2.23809 0.0111233
281000 0.792011 -2.06375 0.0139199
282000 0.808194 -2.26345 0.0145343
283000 0.807488 -2.266 0.00938786
284000 0.783533 -2.17796 0.0124304
285000 0.812575 -2.09422 0.0195511
286000 0.795859 -2.2532 0.0178394
287000 0.777058 -1.88407 0.00829081
288000 0.824525 -2.20934 0.0122023
289000 0.821191 -2.33919 0.0129518
290000 0.795173 -2.53753 0.00725299
291000 0.800829 -2.35637 0.0118058
292000 0.811416 -2.14095 0.0128339
293000 0.803045 -1.97886 0.0148583
294000 0.799987 -1.66506 0.0132238
295000 0.802644 -1.63765 0.01714
296000 0.795772 -1.834 0.0156831
297000 0.802662 -2.13638 0.0132256
298000 0.809117 -2.36516 0.0121077
299000 0.812828 -2.25381 0.0147061
300000 0.801919 -2.02214 0.0120593
301000 0.817218 -2.08502 0.0121783
302000 0.7977 -2.13325 0.0136731
303000 0.800347 -2.35926 0.0136114
304000 0.811892 -2.44367 0.0129692
305000 0.783454 -2.51028 0.00770189
306000 0.790977 -2.47992 0.0071075
307000 0.814958 -2.18727 0.0134682
308000 0.816118 -2.04198 0.0153958
309000 0.797995 -1.95498 0.0186756
310000 0.781417 -2.0407 0.0114344
311000 0.791415 -2.15939 0.0177444
312000 0.811894 -2.22596 0.0139199
313000 0.789117 -1.92075 0.0157106
314000 0.793849 -2.01559 0.00897549
315000 0.786769 -2.19223 0.0114575
316000 0.78981 -2.35084 0.00852012
317000 0.798797 -2.32994 0.00860685
318000 0.803085 -2.03826 0.00883372
319000 0.776567 -1.98385 0.0110329
320000 0.812565 -1.97523 0.0092287
321000 0.799454 -2.2778 0.00972983
322000 0.778569 -2.14332 0.00523211
323000 0.802039 -2.12247 0.0132964
324000 0.794931 -2.33603 0.0181434
325000 0.795205 -2.45795 0.00855102
326000 0.806132 -2.45205 0.0103679
327000 0.788221 -2.28749 0.0119334
328000 0.807218 -2.43038 0.0118113
329000 0.801135 -2.30579 0.0110056
330000 0.811794 -2.41562 0.0116746
331000 0.794358 -2.4449 0.0128727
332000 0.804465 -2.21302 0.016629
333000 0.795314 -2.31483 0.00860615
334000 0.78269 -2.23313 0.0121109
335000 0.81098 -2.11406 0.0143036
336000 0.798866 -2.06913 0.0201365
337000 0.794666 -2.03943 0.0119584
338000 0.804706 -2.08928 0.0163034
339000 0.830492 -1.94123 0.0235492
340000 0.794348 -2.15933 0.0155897
341000 0.79778 -2.25583 0.00914817
342000 0.770748 -2.24151 0.00785947
343000 0.788019 -2.29144 0.0124656
344000 0.810022 -2.01221 0.0113638
345000 0.806931 -2.03964 0.0180354
346000 0.821157 -2.08303 0.0166729
347000 0.813116 -1.9228 0.0129846
348000 0.79561 -1.98051 0.0150434
349000 0.799397 -2.26521 0.0119149
350000 0.806964 -2.11343 0.0111564
351000 0.798648 -2.07391 0.0148009
352000 0.78847 -2.23656 0.0190092
353000 0.813238 -2.30809 0.0190902
354000 0.795565 -2.15909 0.0142551
355000 0.790345 -2.04191 0.015759
356000 0.770696 -2.06687 0.0160649
357000 0.801108 -2.17623 0.00835095
358000 0.79448 -2.24787 0.0133978
359000 0.792194 -2.20661 0.0144222
360000 0.800029 -2.03592 0.0105862
361000 0.783015 -2.25052 0.0129365
362000 0.792296 -2.20431 0.0172135
363000 0.814347 -2.11824 0.0176569
364000 0.811292 -2.30582 0.0116177
365000 0.807802 -2.50839 0.0121928
366000 0.79708 -2.62463 0.0129397
367000 0.795594 -2.40858 0.0143235
368000 0.810469 -2.32231 0.0101116
369000 0.820943 -2.30462 0.0136205
370000 0.805794 -2.45174 0.0213462
371000 0.812081 -2.32089 0.013379
372000 0.799323 -2.2766 0.013558
373000 0.762646 -2.35611 0.0101484
374000 0.813512 -2.18734 0.012158
375000 0.815155 -2.06932 0.0224194
376000 0.788545 -2.11727 0.0191393
377000 0.830154 -2.00735 0.0183241
378000 0.817706 -2.07329 0.019309
379000 0.799555 -1.97436 0.0256603
380000 0.762647 -2.20603 0.0109542
381000 0.81328 -2.10899 0.0126472
382000 0.79201 -2.30282 0.0122662
383000 0.810985 -1.87259 0.0125801
384000 0.793422 -1.90789 0.0100074
385000 0.822623 -1.83878 0.0216992
386000 0.813913 -2.05754 0.0164198
387000 0.794171 -2.18861 0.0156929
388000 0.781982 -2.3607 0.0150731
389000 0.781173 -2.34941 0.0175965
390000 0.81099 -2.22372 0.0142755
391000 0.781772 -2.20881 0.0154162
392000 0.809903 -2.04373 0.0200564
393000 0.810423 -1.86004 0.0123469
394000 0.833402 -2.17987 0.0126444
395000 0.810981 -2.3887 0.0145266
396000 0.779265 -2.352 0.0127583
397000 0.777761 -2.31034 0.00759701
398000 0.801532 -2.41263 0.0136542
399000 0.791708 -2.39105 0.011736
400000 0.78435 -2.37277 0.0103174
401000 0.820066 -2.17338 0.014777
402000 0.799297 -2.03669 0.0142694
403000 0.821483 -1.99996 0.0118411
404000 0.784077 -2.01818 0.0183069
405000 0.811029 -2.03731 0.0173924
406000 0.796337 -1.92617 0.0160685
407000 0.799404 -2.07262 0.0187793
408000 0.791527 -2.00899 0.0155665
409000 0.809726 -2.20083 0.00668178
410000 0.783876 -2.39502 0.0134314
411000 0.807934 -2.07812 0.0145412
412000 0.824152 -2.10544 0.0126895
413000 0.788809 -2.16144 0.011183
414000 0.802604 -2.26932 0.0113495
415000 0.796689 -2.48102 0.0171291
416000 0.80051 -2.47585 0.0143288
417000 0.799178 -2.51451 0.00753158
418000 0.768208 -2.37093 0.0102874
419000 0.823564 -2.30174 0.0205358
420000 0.824837 -2.17697 0.016582
421000 0.793252 -2.01583 0.0169675
422000 0.817112 -2.04252 0.0156414
423000 0.793522 -2.28531 0.0168736
424000 0.811844 -2.29874 0.00300257
425000 0.781697 -2.54649 0.0102755
426000 0.796477 -2.36879 0.0150676
427000 0.777886 -2.38978 0.00952011
428000 0.761046 -2.25895 0.0126542
429000 0.800876 -2.14605 0.00882425
430000 0.825036 -1.96218 0.00653924
431000 0.83971 -2.20666 0.0115867
432000 0.787358 -1.89927 0.0127403
433000 0.791965 -1.87778 0.0145978
434000 0.813343 -2.1404 0.0173169
435000 0.81391 -1.91128 0.0173933
436000 0.792207 -1.81652 0.0204284
437000 0.800997 -1.81082 0.0182102
438000 0.781196 -2.14054 0.0186081
439000 0.804546 -1.97115 0.0143258
440000 0.786544 -2.22065 0.0140141
441000 0.790119 -2.23463 0.0140616
442000 0.787112 -2.3776 0.00551917
443000 0.809134 -2.49678 0.00916903
444000 0.82514 -2.38214 0.0122725
445000 0.80783 -2.36096 0.0137182
446000 0.79195 -2.39967 0.0106574
447000 0.777866 -2.38246 0.00631051
448000 0.813734 -2.22133 0.0138844
449000 0.785968 -2.44999 0.0123687
450000 0.803554 -2.11703 0.011272
451000 0.786604 -2.06683 0.0162712
452000 0.787578 -2.24 0.011376
453000 0.811795 -2.30082 0.0110254
454000 0.790227 -2.23598 0.0121229
455000 0.799957 -2.24816 0.0132357
456000 0.77228 -2.41479 0.0141778
457000 0.804156 -2.33185 0.0114988
458000 0.796468 -2.44845 0.0103772
459000 0.817337 -2.49739 0.0137818
460000 0.786511 -2.44577 0.0180386
461000 0.792422 -2.31302 0.018361
462000 0.793356 -2.22799 0.0192547
463000 0.819643 -2.08588 0.0145525
464000 0.793946 -2.12964 0.0052773
465000 0.789669 -2.25363 0.00658134
466000 0.807843 -2.24717 0.0128289
467000 0.814399 -2.27378 0.013459
468000 0.817 -2.10873 0.0195323
469000 0.791231 -1.99135 0.0174486
470000 0.810681 -1.92375 0.0182776
471000 0.805392 -1.93727 0.0144527
472000 0.783337 -2.10475 0.011994
473000 0.810702 -2.38033 0.0133288
474000 0.7823 -2.40509 0.0068907
475000 0.802569 -2.33978 0.0043926
476000 0.786454 -2.50487 0.0127134
477000 0.774201 -2.69489 0.0115469
478000 0.810308 -2.48552 0.0169612
479000 0.804241 -2.4332 0.0189854
480000 0.782842 -2.62288 0.0112663
481000 0.779339 -2.60728 0.0102094
482000 0.781533 -2.45792 0.0139063
483000 0.779807 -2.32953 0.0143746
484000 0.806302 -2.09711 0.018564
485000 0.8033 -2.00333 0.0149259
486000 0.798294 -1.7598 0.0178427
487000 0.810534 -1.91825 0.0169489
488000 0.790204 -2.1704 0.0117514
489000 0.794914 -2.17617 0.0114386
490000 0.817723 -2.2556 0.013562
491000 0.800536 -2.03986 0.0127524
492000 0.792696 -2.02818 0.0112641
493000 0.795743 -2.15534 0.00711261
494000 0.810237 -2.32531 0.0117162
495000 0.804494 -2.33058 0.0135538
496000 0.790564 -2.33782 0.0178946
497000 0.805096 -2.37248 0.0163793
498000 0.803639 -2.42169 0.014497
499000 0.805363 -2.39083 0.0175531
500000 0.788443 -2.28259 0.0125474
501000 0.799566 -2.18122 0.00412504
502000 0.784802 -2.07229 0.0110259
503000 0.8161 -1.90091 0.0145321
504000 0.787317 -2.29106 0.0056719
505000 0.808543 -2.51027 0.0105907
506000 0.804812 -2.31763 0.0171605
507000 0.78521 -2.20824 0.0136681
508000 0.793505 -2.3222 0.0158223
509000 0.78013 -2.32039 0.0194977
510000 0.813829 -2.40138 0.0163868
511000 0.77949 -2.47031 0.00981997
512000 0.788743 -2.34295 0.0162976
513000 0.813985 -2.12045 0.014016
514000 0.796531 -2.24622 0.0180669
515000 0.763261 -2.28512 0.00699281
516000 0.805056 -2.3573 0.0136517
517000 0.802378 -2.3884 0.0124778
518000 0.816102 -2.35304 0.0129544
519000 0.793888 -2.19756 0.0127081
520000 0.769816 -1.88703 0.0191715
521000 0.812296 -1.91516 0.0229615
522000 0.787211 -1.84739 0.0200229
523000 0.818282 -1.8698 0.022203
524000 0.788005 -1.98109 0.0191013
525000 0.806069 -1.99009 0.0204295
526000 0.816475 -2.03496 0.0109909
527000 0.827625 -2.24492 0.0236286
528000 0.811039 -2.39867 0.0126352
529000 0.811682 -2.36027 0.015582
530000 0.8008 -2.38443 0.0181024
531000 0.791545 -2.44289 0.0119427
532000 0.776409 -2.41536 0.0139765
533000 0.793597 -2.2829 0.010511
534000 0.799816 -2.31728 0.0145155
535000 0.797772 -2.37217 0.0211425
536000 0.797582 -2.17506 0.0117031
537000 0.784363 -2.04878 0.0143554
538000 0.786587 -2.04695 0.010577
539000 0.828076 -2.05908 0.0174082
540000 0.776699 -1.8853 0.0163349
541000 0.799916 -2.0703 0.0154035
542000 0.77725 -2.44296 0.00736371
543000 0.78752 -2.33059 0.00914679
544000 0.805592 -2.30687 0.0157509
545000 0.768435 -2.43317 0.0136745
546000 0.805352 -2.24463 0.0200242
547000 0.790632 -2.24295 0.013888
548000 0.788256 -2.3626 0.0115003
549000 0.802172 -2.15806 0.013123
550000 0.821709 -2.14582 0.0150829
551000 0.794386 -2.08251 0.0149841
552000 0.811386 -1.96183 0.00970254
553000 0.799963 -2.04746 0.017438
554000 0.794687 -2.38605 0.0109482
555000 0.774417 -2.64101 0.00762427
556000 0.78596 -2.57049 0.0161853
557000 0.787401 -2.49319 0.00889279
558000 0.794331 -2.53879 0.0168668
559000 0.789299 -2.41233 0.015828
560000 0.79072 -2.26807 0.0155692
561000 0.781762 -2.11994 0.0132308
562000 0.789789 -2.31874 0.00571473
563000 0.805378 -2.432 0.00776683
564000 0.797502 -2.18718 0.0168092
565000 0.793682 -2.04904 0.0113451
566000 0.795814 -1.98951 0.0143761
567000 0.788188 -2.14039 0.0120225
568000 0.77527 -2.11743 0.0104967
569000 0.814574 -2.07129 0.0135221
570000 0.804578 -1.81148 0.0259133
571000 0.82317 -1.68159 0.0226312
572000 0.797476 -1.83787 0.0143926
573000 0.818166 -2.04194 0.0180092
574000 0.777565 -2.24681 0.00814592
575000 0.79288 -2.21498 0.01166
576000 0.793412 -2.24149 0.0129476
577000 0.79588 -2.37973 0.0115448
578000 0.775207 -2.17141 0.0191229
579000 0.832136 -2.0557 0.0139613
580000 0.780585 -1.89742 0.0135262
581000 0.810033 -1.84665 0.0151207
582000 0.820387 -1.83371 0.016707
583000 0.798136 -1.78087 0.0113481
584000 0.80712 -1.95814 0.0213836
585000 0.784264 -1.98263 0.0161137
586000 0.802021 -2.04792 0.013425
587000 0.824854 -1.94438 0.0193618
588000 0.82255 -1.94118 0.0129728
589000 0.805478 -2.09561 0.0149375
590000 0.81317 -1.69572 0.0189408
591000 0.795078 -1.74339 0.0200705
592000 0.795111 -1.88894 0.0167764
593000 0.799282 -1.93555 0.0220872
594000 0.768217 -1.94751 0.00991376
595000 0.797719 -2.03095 0.02034
596000 0.823517 -2.06159 0.0157977
597000 0.834416 -1.98527 0.0128688
598000 0.800717 -2.01622 0.0212286
599000 0.814418 -2.26063 0.00832881
600000 0.748749 -2.56279 0.00930919
601000 0.800096 -2.3453 0.0153107
602000 0.800495 -2.12898 0.0157005
603000 0.781456 -2.27097 0.0111585
604000 0.785817 -2.32814 0.0114471
605000 0.800005 -2.36073 0.0240823
606000 0.816463 -2.19932 0.0139202
607000 0.794248 -2.19154 0.0112263
608000 0.778118 -2.22702 0.00986925
609000 0.811319 -2.31901 0.0110972
610000 0.796594 -2.19079 0.00797107
611000 0.774033 -2.29275 2.02617e-05
612000 0.796787 -2.27322 0.0119651
613000 0.774728 -2.34234 0.0123974
614000 0.819948 -2.0277 0.0170075
615000 0.811036 -1.93661 0.0153165
616000 0.799058 -2.14069 0.0151683
617000 0.800677 -2.03339 0.0147131
618000 0.803991 -2.12512 0.0120508
619000 0.829639 -2.15394 0.0178664
620000 0.807702 -2.04926 0.016429
621000 0.824086 -1.95231 0.0160343
622000 0.799621 -2.19094 0.0137669
623000 0.788976 -2.31371 0.00999247
624000 0.777051 -2.28855 0.00992829
625000 0.818127 -1.98652 0.0179162
626000 0.80879 -2.03719 0.0207538
627000 0.808971 -2.35436 0.0128159
628000 0.811876 -2.32084 0.00513413
629000 0.830347 -2.0642 0.0138479
630000 0.809063 -2.26342 0.00911887
631000 0.800238 -2.42027 0.00672143
632000 0.786136 -2.51284 0.0120323
633000 0.786461 -2.52504 0.00620718
634000 0.799286 -2.58421 0.00915154
635000 0.813438 -2.30225 0.0138337
636000 0.810293 -2.39403 0.015399
637000 0.814395 -2.13043 0.0107928
638000 0.784173 -2.45747 0.00934002
639000 0.787015 -2.4885 0.0100369
640000 0.796265 -2.35194 0.0135342
641000 0.810781 -2.3143 0.0159944
642000 0.782095 -2.10131 0.0129167
643000 0.777272 -2.24118 0.0154068
644000 0.809547 -2.09408 0.0122358
645000 0.783925 -2.25972 0.0123742
646000 0.782032 -2.21016 0.014059
647000 0.798984 -2.32973 0.0117932
648000 0.782998 -2.23394 0.0130887
649000 0.793476 -2.1379 0.0154628
650000 0.790988 -2.15912 0.011015
651000 0.783092 -2.20731 0.00949803
652000 0.796693 -1.9889 0.00763936
653000 0.815362 -1.96788 0.0169794
654000 0.793002 -2.25533 0.00969938
655000 0.800382 -2.11475 0.0108756
656000 0.803775 -2.38975 0.0209975
657000 0.789328 -2.3953 0.0173155
658000 0.79361 -2.37926 0.0162877
659000 0.815188 -2.31076 0.0140162
660000 0.799385 -2.20458 0.0184782
661000 0.814714 -2.02676 0.0136571
662000 0.79183 -2.10637 0.0171024
663000 0.837614 -2.05788 0.0185313
664000 0.805 -2.07218 0.0107584
665000 0.815691 -2.08574 0.0129033
666000 0.790073 -2.16892 0.0132806
667000 0.805174 -2.0784 0.0155473
668000 0.796897 -2.30256 0.0121625
669000 0.823586 -2.25849 0.0151179
670000 0.7865 -2.0816 0.00519559
671000 0.8005 -2.15288 0.0125323
672000 0.763201 -2.30009 0.0153737
673000 0.798978 -2.00499 0.0136343
674000 0.80537 -1.82136 0.0204179
675000 0.818534 -1.70565 0.0166663
676000 0.785101 -1.70693 0.0174626
677000 0.806449 -1.69931 0.0130898
678000 0.803666 -1.72618 0.0197041
679000 0.760726 -1.75851 0.0139801
680000 0.793968 -1.75439 0.0126736
681000 0.809951 -1.66049 0.018824
682000 0.820213 -1.53698 0.0259615
683000 0.787159 -1.77469 0.0171336
684000 0.800752 -1.90024 0.0155558
685000 0.804502 -2.17356 0.00876941
686000 0.831618 -2.22748 0.0145161
687000 0.810982 -2.05935 0.0195115
688000 0.820104 -1.6939 0.0159776
689000 0.812776 -2.08858 0.0160829
690000 0.778102 -2.21254 0.0118816
691000 0.810475 -2.51993 0.00878707
692000 0.785585 -2.65697 0.00793245
693000 0.806903 -2.30834 0.0144732
694000 0.796892 -2.57053 0.0143384
695000 0.774884 -2.50401 0.0096124
696000 0.805303 -2.30889 0.0180407
697000 0.795019 -2.25564 0.0175072
698000 0.784283 -2.37752 0.0141223
699000 0.794957 -2.50131 0.0120673
700000 0.773974 -2.20505 0.00547901
701000 0.790372 -2.17182 0.0178054
702000 0.802405 -2.18924 0.0152571
703000 0.810452 -2.17946 0.0138691
704000 0.810877 -2.20163 0.0168499
705000 0.794413 -2.47917 0.0209093
706000 0.810454 -2.35571 0.0144038
707000 0.825288 -2.28424 0.0178928
708000 0.782495 -2.34442 0.00912824
709000 0.778326 -2.42173 0.0112056
710000 0.805704 -2.43068 0.0177118
711000 0.774521 -2.33597 0.0185407
712000 0.801994 -2.30612 0.0192651
713000 0.782222 -2.05029 0.00665928
714000 0.805741 -2.23943 0.0150079
715000 0.795495 -2.16872 0.00552731
716000 0.779415 -2.37458 0.0152401
717000 0.818092 -2.19503 0.01493
718000 0.799981 -2.33216 0.01197
719000 0.795098 -2.40433 0.0100171
720000 0.825637 -2.47863 0.013081
721000 0.81817 -2.16948 0.0114107
722000 0.808891 -2.24826 0.0160005
723000 0.79074 -2.39437 0.00806141
724000 0.806216 -2.51385 0.011789
725000 0.775158 -2.62188 0.0152071
726000 0.805064 -2.30026 0.0146035
727000 0.792148 -2.34836 0.0079151
728000 0.772873 -2.58255 0.0153087
729000 0.794914 -2.3427 0.0111603
730000 0.783887 -2.19015 0.0127421
731000 0.829842 -1.98706 0.0204361
732000 0.804174 -1.91706 0.0124893
733000 0.794682 -2.16211 0.0136397
734000 0.828453 -2.02823 0.0227795
735000 0.789088 -2.07688 0.0156079
736000 0.806385 -2.13605 0.0125211
737000 0.795248 -2.00101 0.0135717
738000 0.808453 -1.86117 0.027557
739000 0.791403 -1.82324 0.0207597
740000 0.822605 -1.88194 0.0214977
741000 0.793899 -2.22596 0.0153636
742000 0.80745 -2.06604 0.012853
743000 0.782708 -2.11069 0.0115727
744000 0.79657 -2.08189 0.0103443
745000 0.79935 -2.17376 0.0175662
746000 0.795113 -2.06095 0.0144739
747000 0.811261 -2.11349 0.0128311
748000 0.795027 -2.0164 0.0175788
749000 0.794791 -2.14515 0.0150034
750000 0.764441 -2.05914 0.0132554
751000 0.8009 -2.02315 0.0104184
752000 0.79717 -1.75555 0.00388828
753000 0.805702 -1.69953 0.0111443
754000 0.826499 -1.58957 0.0245342
755000 0.782743 -1.68558 0.0123445
756000 0.807427 -1.87009 0.0161702
757000 0.834154 -1.90578 0.0157286
758000 0.790004 -2.03996 0.0120454
759000 0.782835 -2.07495 0.0112532
760000 0.810984 -2.21021 0.0109471
761000 0.819907 -2.19397 0.0160416
762000 0.802675 -2.28905 0.00755897
763000 0.806282 -2.34313 0.0171667
764000 0.827768 -2.24866 0.01795
765000 0.804147 -2.07039 0.0131979
766000 0.805916 -2.05504 0.0116154
767000 0.812 -2.0382 0.00962144
768000 0.792652 -1.89837 0.0156492
769000 0.803081 -1.78523 0.0172849
770000 0.810281 -1.7748 0.0169552
771000 0.777004 -1.83892 0.0148001
772000 0.78782 -1.86481 0.00840192
773000 0.808279 -1.93738 0.0170554
774000 0.784895 -1.99517 0.0225983
775000 0.809492 -1.94836 0.0183341
776000 0.790242 -2.20705 0.0111287
777000 0.800846 -2.22875 0.0100995
778000 0.800387 -2.27636 0.00974189
779000 0.78725 -2.196 0.0159598
780000 0.807703 -2.31175 0.0147916
781000 0.801978 -2.25607 0.0189116
782000 0.813496 -2.31219 0.022699
783000 0.804388 -2.26603 0.0123778
784000 0.815958 -2.25878 0.0139544
785000 0.791346 -2.17817 0.0119102
786000 0.787422 -2.3366 0.0105276
787000 0.82423 -2.48074 0.0121014
788000 0.802555 -2.47872 0.00760366
789000 0.772965 -2.44228 0.0151513
790000 0.813977 -2.13504 0.00983211
791000 0.783818 -2.26715 0.014926
792000 0.780641 -2.25664 0.0111772
793000 0.8094 -1.98907 0.0171154
794000 0.818895 -1.98021 0.0142729
795000 0.803745 -1.94737 0.0167626
796000 0.794425 -2.11681 0.00960884
797000 0.77435 -2.12842 0.0100224
798000 0.792891 -2.21314 0.0108074
799000 0.827835 -2.25006 0.0130681
800000 0.801235 -2.34788 0.012683
801000 0.788928 -2.23189 0.0149592
802000 0.833005 -2.13032 0.014668
803000 0.766421 -2.29564 0.014823
804000 0.797114 -2.13785 0.0184085
805000 0.795126 -2.05256 0.0200686
806000 0.808948 -2.32871 0.0169721
807000 0.791413 -2.21307 0.011768
808000 0.803544 -2.10439 0.0148956
809000 0.809583 -2.06667 0.0160019
810000 0.779585 -2.12874 0.0135249
811000 0.804765 -2.06814 0.0152399
812000 0.793178 -1.97306 0.0147335
813000 0.819719 -2.07121 0.0226882
814000 0.785274 -2.16896 0.0092098
815000 0.808757 -2.29836 0.0179965
816000 0.785039 -2.13355 0.0110358
817000 0.788663 -2.08843 0.0183926
818000 0.802796 -2.04188 0.00776868
819000 0.807506 -2.01492 0.0119518
820000 0.812315 -1.95055 0.0144058
821000 0.783715 -2.08219 0.016041
822000 0.804618 -2.02264 0.014043
823000 0.802382 -1.99897 0.0229337
824000 0.809831 -2.09491 0.0131908
825000 0.79555 -2.42527 0.00704911
826000 0.802251 -2.27088 0.0132058
827000 0.820316 -2.11821 0.0177407
828000 0.803752 -2.05426 0.0175744
829000 0.793783 -1.94683 0.0110813
830000 0.815516 -2.06899 0.0141314
831000 0.823748 -2.11709 0.0190384
832000 0.786304 -2.23837 0.0146108
833000 0.816881 -2.19856 0.0136554
834000 0.821087 -1.99331 0.0167466
835000 0.806966 -1.94608 0.0134997
836000 0.779696 -2.22923 0.0175199
837000 0.78078 -2.12178 0.0173518
838000 0.804475 -2.01705 0.0122835
839000 0.796784 -2.18177 0.00777681
840000 0.812313 -2.02647 0.0166997
841000 0.797502 -2.06541 0.0115392
842000 0.794733 -1.87978 0.0132461
843000 0.822739 -1.79854 0.0164502
844000 0.763921 -2.18332 0.0126581
845000 0.818701 -2.11883 0.0158326
846000 0.806536 -2.24381 0.0162266
847000 0.783887 -1.98579 0.0176346
848000 0.800374 -1.90804 0.0212248
849000 0.796354 -1.99347 0.0223056
850000 0.791399 -1.86292 0.0189242
851000 0.811152 -1.83736 0.0172667
852000 0.818923 -1.92127 0.0168357
853000 0.812057 -1.95132 0.0175429
854000 0.804502 -2.0962 0.0156878
855000 0.80147 -2.16637 0.010643
856000 0.804192 -2.14239 0.0161927
857000 0.816688 -2.09775 0.00859573
858000 0.795714 -2.44918 0.0119296
859000 0.82318 -2.40909 0.0216097
860000 0.800155 -2.26618 0.0140741
861000 0.791441 -2.34988 0.00854695
862000 0.78898 -2.48458 0.0155024
863000 0.829112 -2.15043 0.0128099
864000 0.804876 -1.99585 0.0158652
865000 0.797178 -1.94482 0.018134
866000 0.804703 -2.02852 0.0127572
867000 0.808041 -1.90184 0.0159663
868000 0.799125 -1.9619 0.0168752
869000 0.775978 -2.14971 0.00951401
870000 0.803275 -2.20016 0.00963875
871000 0.792386 -2.28286 0.0129961
872000 0.807742 -2.03164 0.0190459
873000 0.80577 -2.18884 0.0162598
874000 0.800259 -2.09706 0.00762793
875000 0.812752 -2.23289 0.0203012
876000 0.776665 -2.20558 0.00532204
877000 0.798368 -2.28443 0.0156766
878000 0.784168 -2.20793 0.0161232
879000 0.791927 -2.44387 0.0146369
880000 0.815738 -2.40829 0.0192913
881000 0.789824 -2.54911 0.0148693
882000 0.780931 -2.41525 0.0147122
883000 0.812143 -2.48513 0.0155039
884000 0.797686 -2.33382 0.00869719
885000 0.78547 -2.57969 0.0124992
886000 0.79344 -2.39166 0.0148524
887000 0.80946 -2.37503 0.0142909
888000 0.814809 -2.22009 0.0214772
889000 0.790397 -2.19508 0.0211405
890000 0.808213 -2.03987 0.0135685
891000 0.817152 -2.04756 0.0199546
892000 0.799302 -2.193 0.00931172
893000 0.77858 -2.25554 0.0162935
894000 0.796064 -2.12213 0.0108026
895000 0.796753 -2.38191 0.0126572
896000 0.816338 -2.23976 0.00772316
897000 0.799143 -2.32421 0.0186533
898000 0.778416 -2.37067 0.0165133
899000 0.814205 -2.47035 0.0129101
900000 0.793814 -2.54427 0.0163289
901000 0.804939 -2.48338 0.0178623
902000 0.815341 -2.46472 0.0144043
903000 0.787959 -2.39789 0.00263672
904000 0.794535 -2.45614 0.00302411
905000 0.804988 -2.34653 0.0191938
906000 0.811336 -1.99037 0.00960357
907000 0.81754 -2.18954 0.0183914
908000 0.804847 -2.06425 0.0212288
909000 0.804101 -1.91825 0.0194294
910000 0.829226 -1.94898 0.0165872
911000 0.796388 -2.07053 0.0187404
912000 0.814474 -2.15622 0.0156299
913000 0.803681 -2.07757 0.0138995
914000 0.803042 -2.29204 0.00845531
915000 0.792858 -2.27126 0.00937865
916000 0.780443 -2.092 0.0183862
917000 0.809628 -1.95245 0.0183946
918000 0.786313 -2.2325 0.0137774
919000 0.800133 -2.17178 0.01447
920000 0.818257 -2.21321 0.0149414
921000 0.780595 -2.21642 0.0146894
922000 0.817132 -2.19138 0.0162172
923000 0.789826 -2.3535 0.0158561
924000 0.809826 -2.14939 0.00908907
925000 0.792897 -2.19879 0.0124076
926000 0.813672 -2.29568 0.0113364
927000 0.781359 -2.37362 0.0199793
928000 0.787293 -2.58595 0.0105071
929000 0.78643 -2.60583 0.00521085
930000 0.782445 -2.40572 0.0146726
931000 0.79721 -2.2129 0.012816
932000 0.78294 -2.26598 0.0127785
933000 0.812153 -2.11907 0.0156584
934000 0.799093 -2.43655 0.00432
935000 0.808736 -2.69917 0.011382
936000 0.77806 -2.57587 0.0116724
937000 0.804364 -2.6339 0.0108624
938000 0.771229 -2.5332 0.00466844
939000 0.809171 -2.29888 0.011673
940000 0.824155 -2.43428 0.0111061
941000 0.778638 -2.2723 0.00650658
942000 0.810527 -2.09702 0.0141078
943000 0.78946 -1.92607 0.0166646
944000 0.792065 -2.22777 0.00795927
945000 0.78668 -2.3145 0.0159862
946000 0.781421 -2.35917 0.0174766
947000 0.780333 -2.02591 0.0141825
948000 0.83001 -2.04844 0.022559
949000 0.79256 -2.23205 0.0132898
950000 0.8029 -1.96176 0.018792
951000 0.816949 -2.00406 0.0154601
952000 0.806116 -2.2881 0.0130324
953000 0.779222 -2.09459 0.00777019
954000 0.788007 -2.04997 0.0128263
955000 0.795763 -2.0262 0.0150284
956000 0.807925 -2.05272 0.0152882
957000 0.802957 -1.95642 0.00967285
958000 0.796211 -1.98232 0.0126217
959000 0.802552 -1.77545 0.0156075
960000 0.821912 -1.81385 0.0151877
961000 0.819803 -2.04145 0.0185116
962000 0.799544 -2.23708 0.00967551
963000 0.803895 -1.87425 0.0136047
964000 0.799878 -2.07488 0.0103293
965000 0.811589 -2.38421 0.0144375
966000 0.789793 -2.19741 0.0142176
967000 0.814012 -2.17873 0.0132593
968000 0.798594 -2.10566 0.00847866
969000 0.822645 -1.98326 0.0179694
970000 0.797403 -1.83395 0.00858841
971000 0.788296 -1.58542 0.0164946
972000 0.789236 -1.9002 0.00894283
973000 0.804177 -2.18492 0.0134754
974000 0.778173 -2.29629 0.0162264
975000 0.806426 -2.33921 0.00648865
976000 0.820463 -2.13846 0.0192591
977000 0.78541 -2.02048 0.00827499
978000 0.817519 -1.82299 0.0180693
979000 0.802826 -2.04969 0.0136332
980000 0.799997 -1.93992 0.00946317
981000 0.820791 -2.00641 0.025337
982000 0.801106 -2.31733 0.013846
983000 0.806225 -2.46118 0.010403
984000 0.79039 -2.3877 0.0119389
985000 0.800536 -2.26059 0.0156367
986000 0.79698 -2.19594 0.00802752
987000 0.803649 -2.24322 0.0111899
988000 0.797684 -1.99675 0.0129443
989000 0.785448 -2.08642 0.00920836
990000 0.806071 -2.30975 0.00702799
991000 0.792425 -2.32566 0.0124073
992000 0.804149 -2.17192 0.0124319
993000 0.805581 -2.09224 0.0120153
994000 0.795986 -2.1781 0.0155091
995000 0.780943 -2.21643 0.00860197
996000 0.798352 -2.22814 0.0167245
997000 0.804476 -2.04165 0.0201382
998000 0.816164 -2.063 0.015961
999000 0.813099 -2.09752 0.0124378
1000000 0.809368 -2.57415 0.0127589
1001000 0.809627 -2.51179 0.0131385
1002000 0.79557 -2.29297 0.0164776
1003000 0.779139 -2.33991 0.0116394
1004000 0.822013 -2.30147 0.0124108
1005000 0.803759 -2.29853 0.0149931
1006000 0.792865 -2.45194 0.0113326
1007000 0.791212 -2.39603 0.0062786
1008000 0.785236 -2.30546 0.0120718
1009000 0.788519 -2.36955 0.00699051
1010000 0.800297 -2.40659 0.0156273
1011000 0.79832 -2.53639 0.0140702
1012000 0.791924 -2.34879 0.0116207
1013000 0.786847 -2.49625 0.00932748
1014000 0.78661 -2.40738 0.0120362
1015000 0.799117 -2.25435 0.00704968
1016000 0.788427 -2.28404 0.0134322
1017000 0.811926 -2.03362 0.0116027
1018000 0.802318 -2.18643 0.0213828
1019000 0.787545 -2.01567 0.0196266
1020000 0.831467 -2.07887 0.0246657
1021000 0.809465 -2.02536 0.00929108
1022000 0.795389 -2.42429 0.0131083
1023000 0.811075 -2.36211 0.0118826
1024000 0.79703 -2.49585 0.0106371
1025000 0.804395 -2.2835 0.0137738
1026000 0.795725 -2.27084 0.0127851
1027000 0.81628 -2.04107 0.00861541
1028000 0.806552 -2.09722 0.022444
1029000 0.812907 -2.11574 0.0149042
1030000 0.799356 -2.03765 0.0183828
1031000 0.826459 -1.80166 0.0204525
1032000 0.786135 -1.81601 0.0138508
1033000 0.799041 -2.00545 0.0104929
1034000 0.786592 -2.04488 0.0150757
1035000 0.818165 -2.00296 0.0197174
1036000 0.789851 -2.18315 0.0189485
1037000 0.797091 -2.34839 0.0149494
1038000 0.800912 -2.2969 0.0163612
1039000 0.795056 -2.23434 0.00498757
1040000 0.813568 -1.88808 0.00869277
1041000 0.822989 -1.54692 0.0224487
1042000 0.815527 -1.65859 0.0202763
1043000 0.803281 -1.7288 0.0196327
1044000 0.815749 -1.95568 0.01806
1045000 0.807501 -2.17334 0.0108862
1046000 0.795814 -2.20822 0.0184
1047000 0.78272 -2.23587 0.00802816
1048000 0.782657 -2.26432 0.011004
1049000 0.785907 -2.30486 0.008244
1050000 0.816555 -2.17739 0.0183354
1051000 0.793385 -2.25208 0.0187699
1052000 0.820201 -2.25349 0.0120063
1053000 0.802554 -2.55666 0.0172229
1054000 0.793 -2.52171 0.00723467
1055000 0.79711 -2.3318 0.00680559
1056000 0.793294 -2.41603 0.0165564
1057000 0.771757 -2.55177 0.0127459
1058000 0.790858 -2.5373 0.0110311
1059000 0.801255 -2.33918 0.0158038
1060000 0.78766 -2.2293 0.00739092
1061000 0.793836 -2.3476 0.0122903
1062000 0.824423 -2.4728 0.0158472
1063000 0.778908 -2.51707 0.0117675
1064000 0.781864 -2.31562 0.00876393
1065000 0.776903 -2.52261 0.00130961
1066000 0.800566 -2.58149 0.0149191
1067000 0.77784 -2.56261 0.0146277
1068000 0.800846 -2.47542 0.0145748
1069000 0.797691 -2.52713 0.00835724
1070000 0.816069 -2.50581 0.0195663
1071000 0.796997 -2.30341 0.0113898
1072000 0.788293 -2.45495 0.0172266
1073000 0.800653 -2.30836 0.0163972
1074000 0.803515 -2.35948 0.00995474
1075000 0.815095 -2.29046 0.0127699
1076000 0.814403 -2.20836 0.00827865
1077000 0.801761 -2.01355 0.0166479
1078000 0.797626 -2.04653 0.0214486
1079000 0.821614 -1.83529 0.0164048
1080000 0.806874 -2.19131 0.0212044
1081000 0.783762 -2.22408 0.0161109
1082000 0.803201 -2.168 0.0188793
1083000 0.785366 -2.09481 0.014169
1084000 0.79483 -2.08136 0.0207421
1085000 0.812463 -2.13133 0.0178714
1086000 0.774948 -2.11316 0.0160732
1087000 0.803591 -1.87512 0.0157019
1088000 0.802257 -2.05929 0.0108198
1089000 0.805384 -2.24216 0.00926965
1090000 0.802773 -2.13839 0.0165416
1091000 0.805115 -2.02915 0.0188569
1092000 0.790847 -2.01125 0.0167669
1093000 0.794711 -2.18823 0.00666996
1094000 0.802533 -2.33915 0.0113458
1095000 0.790216 -2.27492 0.0116341
1096000 0.796572 -2.22678 0.0107915
1097000 0.811904 -2.29957 0.0203565
1098000 0.805689 -2.52695 0.014445
1099000 0.828206 -2.4464 0.0137563
1100000 0.792534 -2.24664 0.00458526
