# Time-averaged data for fix 2
# TimeStep v_Temperature v_PotentialEnergy v_Pressure
1000 1.21433 -0.0776524 0.0117337
2000 1.21208 -0.0848428 0.0115641
3000 1.19442 -0.0681911 0.0114512
4000 1.23423 -0.0740157 0.0117889
5000 1.20639 -0.0541132 0.0116369
6000 1.17659 -0.0644619 0.0112796
7000 1.19201 -0.0600876 0.0115312
8000 1.20653 -0.0662364 0.0114646
9000 1.17894 -0.0524813 0.0113818
10000 1.22801 -0.0686474 0.0118472
11000 1.20512 -0.0782923 0.0115388
12000 1.18418 -0.096991 0.011306
13000 1.18447 -0.0911903 0.0111489
14000 1.1872 -0.0743511 0.0113155
15000 1.16771 -0.0659904 0.011246
16000 1.17604 -0.0544719 0.0113751
17000 1.20897 -0.0812894 0.0115641
18000 1.1769 -0.0884183 0.0112135
19000 1.1623 -0.0804525 0.0110501
20000 1.25502 -0.0732099 0.0119239
21000 1.176 -0.0933524 0.0110913
22000 1.19097 -0.0792893 0.0114594
23000 1.15196 -0.0577983 0.0111672
24000 1.16831 -0.0718899 0.0114055
25000 1.20348 -0.0797772 0.0114026
26000 1.23735 -0.102684 0.0116806
27000 1.21379 -0.071523 0.0115824
28000 1.17249 -0.0549949 0.011211
29000 1.19664 -0.0816921 0.011366
30000 1.17435 -0.0904815 0.0112279
31000 1.175 -0.0867851 0.0112069
32000 1.23078 -0.101276 0.0115091
33000 1.18054 -0.10292 0.0111383
34000 1.16279 -0.104447 0.0110462
35000 1.18241 -0.0803093 0.0113337
36000 1.18424 -0.0782541 0.0112661
37000 1.20191 -0.0933393 0.0113463
38000 1.17204 -0.101734 0.0111686
39000 1.20624 -0.0820247 0.0115485
40000 1.22523 -0.0809369 0.0115706
41000 1.21735 -0.0909813 0.011409
42000 1.23798 -0.076694 0.0117983
43000 1.15502 -0.0995082 0.0107345
44000 1.18194 -0.108799 0.0111188
45000 1.20122 -0.127117 0.0113244
46000 1.15588 -0.115728 0.0110376
47000 1.22166 -0.12471 0.0115149
48000 1.20127 -0.119055 0.0114265
49000 1.2094 -0.107025 0.0115397
50000 1.18217 -0.101271 0.0110943
51000 1.1874 -0.107094 0.0111748
52000 1.20412 -0.0946705 0.0114094
53000 1.21098 -0.0889519 0.0116376
54000 1.2476 -0.0957862 0.0120075
55000 1.19016 -0.0920213 0.0114227
56000 1.22672 -0.0815005 0.0117485
57000 1.19988 -0.0656785 0.0117145
58000 1.19616 -0.0847546 0.0113064
59000 1.17802 -0.0792022 0.0111075
60000 1.22602 -0.104644 0.011587
61000 1.19195 -0.104688 0.0112014
62000 1.16284 -0.0978285 0.0111004
63000 1.20982 -0.092551 0.0115251
64000 1.22554 -0.0912502 0.0116568
65000 1.21399 -0.0947762 0.0115514
66000 1.16786 -0.0571234 0.0112477
67000 1.22694 -0.0501928 0.0119656
68000 1.23526 -0.0641099 0.0119091
69000 1.19984 -0.0852368 0.0114943
70000 1.20658 -0.0886411 0.0113352
71000 1.18159 -0.0870636 0.0113754
72000 1.18744 -0.0750024 0.0112908
73000 1.23536 -0.080736 0.0117394
74000 1.22306 -0.0681869 0.0117418
75000 1.17822 -0.0754811 0.0112248
76000 1.18737 -0.0708011 0.0115221
77000 1.22084 -0.0833524 0.0116741
78000 1.23434 -0.0954303 0.0116474
79000 1.20116 -0.0821578 0.0113926
80000 1.19956 -0.088988 0.0114653
81000 1.19763 -0.0634466 0.0113167
82000 1.19626 -0.0702258 0.0113412
83000 1.18946 -0.0645614 0.0115342
84000 1.21056 -0.0696538 0.0116782
85000 1.21826 -0.075849 0.0116743
86000 1.18401 -0.106832 0.0111168
87000 1.20413 -0.0963634 0.0114288
88000 1.22855 -0.094873 0.0115846
89000 1.17458 -0.0839036 0.0111365
90000 1.18684 -0.0808941 0.01141
91000 1.21865 -0.0584295 0.0119046
92000 1.21707 -0.0731804 0.0117434
93000 1.20858 -0.0863987 0.0114081
94000 1.2202 -0.0789858 0.011742
95000 1.17584 -0.0843852 0.011035
96000 1.21818 -0.0937269 0.0112512
97000 1.20439 -0.0930634 0.0114593
98000 1.17574 -0.112919 0.0111043
99000 1.2073 -0.0928492 0.0114994
100000 1.19723 -0.101902 0.011433
101000 1.19421 -0.111137 0.0111644
102000 1.2464 -0.0924948 0.0119345
103000 1.16912 -0.100957 0.011013
104000 1.23144 -0.0902071 0.0116498
105000 1.21938 -0.088451 0.0117322
106000 1.16704 -0.0793479 0.0111278
107000 1.18083 -0.0713975 0.011298
108000 1.23642 -0.0501196 0.0118741
109000 1.19497 -0.058685 0.011561
110000 1.19281 -0.0749547 0.0113969
111000 1.19757 -0.085122 0.0114647
112000 1.21671 -0.0697856 0.0117002
113000 1.17137 -0.0737024 0.0112725
114000 1.20806 -0.0716199 0.011554
115000 1.18682 -0.106134 0.0110704
116000 1.23169 -0.0762337 0.0118438
117000 1.14499 -0.0801618 0.0108212
118000 1.19664 -0.0795812 0.011427
119000 1.18295 -0.0889471 0.0113056
120000 1.25059 -0.0818693 0.0119529
121000 1.15235 -0.0678272 0.0109322
122000 1.19649 -0.0706945 0.0116345
123000 1.22279 -0.0795506 0.0116432
124000 1.23725 -0.0861875 0.0116642
125000 1.19276 -0.0538776 0.0115036
126000 1.18585 -0.0606765 0.0112794
127000 1.2109 -0.0688525 0.0117408
128000 1.20578 -0.0507208 0.0116687
129000 1.21262 -0.0653362 0.0116723
130000 1.19475 -0.0635119 0.0115376
131000 1.23745 -0.0691453 0.0118045
132000 1.24128 -0.083717 0.0118987
133000 1.16728 -0.0687705 0.0111586
134000 1.19399 -0.0675669 0.011493
135000 1.14913 -0.0716753 0.0109337
136000 1.25376 -0.078788 0.0121187
137000 1.16214 -0.0609191 0.0111785
138000 1.20593 -0.0781673 0.0114635
139000 1.18975 -0.098417 0.0113877
140000 1.20471 -0.0837106 0.0116187
141000 1.21495 -0.0795248 0.0115984
142000 1.16867 -0.070869 0.0111566
143000 1.19391 -0.0778668 0.0114845
144000 1.20561 -0.0688278 0.0113126
145000 1.22285 -0.0704334 0.0116103
146000 1.21836 -0.077243 0.0116398
147000 1.22329 -0.101587 0.011677
148000 1.15853 -0.0925759 0.0108774
149000 1.19815 -0.0726197 0.011454
150000 1.20769 -0.0784277 0.0114441
151000 1.19897 -0.0649703 0.0116887
152000 1.20048 -0.0717197 0.0117105
153000 1.18723 -0.0917149 0.0113229
154000 1.16317 -0.088411 0.011002
155000 1.17229 -0.0859146 0.0111551
156000 1.20783 -0.0863091 0.0114357
157000 1.16277 -0.0872407 0.0109209
158000 1.17124 -0.0808407 0.0112438
159000 1.20134 -0.0801237 0.0115168
160000 1.20963 -0.0810126 0.0116516
161000 1.24388 -0.0808661 0.0117694
162000 1.1624 -0.0932511 0.0109942
163000 1.22254 -0.0874675 0.011548
164000 1.18287 -0.0770599 0.0113317
165000 1.19124 -0.0791314 0.0114958
166000 1.22942 -0.0837685 0.0117921
167000 1.177 -0.0856067 0.0110335
168000 1.19705 -0.0790237 0.0113339
169000 1.17704 -0.0875426 0.0111335
170000 1.22756 -0.0852564 0.0115784
171000 1.21759 -0.0663652 0.0116427
172000 1.16773 -0.0903208 0.0112188
173000 1.23171 -0.0682401 0.0118936
174000 1.18886 -0.0705359 0.011233
175000 1.23253 -0.063648 0.0117676
176000 1.20574 -0.0716206 0.0116783
177000 1.19078 -0.0632292 0.0114258
178000 1.17394 -0.0821234 0.0110484
179000 1.21583 -0.0830259 0.011545
180000 1.20487 -0.081585 0.0114086
181000 1.24469 -0.0811759 0.0118447
182000 1.16088 -0.0794828 0.011209
183000 1.17753 -0.0725878 0.0113022
184000 1.19204 -0.0750163 0.0112709
185000 1.23371 -0.0947406 0.0115011
186000 1.18907 -0.0849582 0.0113625
187000 1.22205 -0.0848403 0.0115607
188000 1.19039 -0.06947 0.0114277
189000 1.22718 -0.0559704 0.0120554
190000 1.18966 -0.0590767 0.0114912
191000 1.20521 -0.0733145 0.0116614
192000 1.19535 -0.0674633 0.0115474
193000 1.21888 -0.0537183 0.0118097
194000 1.19956 -0.0654579 0.0113343
195000 1.21889 -0.065962 0.0118522
196000 1.19769 -0.0699584 0.0115294
197000 1.18509 -0.0726059 0.0112553
198000 1.19651 -0.0780719 0.0113526
199000 1.1852 -0.0675102 0.0113645
200000 1.16528 -0.0752233 0.0112309
201000 1.18771 -0.0800367 0.011325
202000 1.19295 -0.0874318 0.0113194
203000 1.21609 -0.0890322 0.0116991
204000 1.1778 -0.0740485 0.0112721
205000 1.2293 -0.0698326 0.0118337
206000 1.17625 -0.060981 0.0112169
207000 1.19444 -0.0760131 0.0114325
208000 1.23351 -0.0734111 0.0119107
209000 1.21211 -0.0645089 0.0116265
210000 1.23828 -0.0682428 0.0117824
211000 1.17665 -0.0990152 0.0112029
212000 1.2093 -0.088514 0.0115326
213000 1.21846 -0.107503 0.0114317
214000 1.19011 -0.0920547 0.0112771
215000 1.21893 -0.0867487 0.0115515
216000 1.1697 -0.0777564 0.0112559
217000 1.20139 -0.0932086 0.011396
218000 1.22148 -0.0737721 0.0117683
219000 1.20863 -0.0652263 0.0116849
220000 1.2037 -0.0659464 0.011509
221000 1.18964 -0.0695295 0.0113953
222000 1.17134 -0.0842711 0.0110772
223000 1.19275 -0.0628389 0.0114717
224000 1.20137 -0.066148 0.0115059
225000 1.21937 -0.0617011 0.011725
226000 1.2212 -0.0560926 0.0116781
227000 1.16589 -0.0797631 0.0111127
228000 1.21755 -0.0797213 0.0117295
229000 1.22211 -0.0726787 0.0118061
230000 1.18473 -0.075901 0.0114096
231000 1.17782 -0.071003 0.0111684
232000 1.2366 -0.0824802 0.0117077
233000 1.18841 -0.0599082 0.0115406
234000 1.16556 -0.0754992 0.0111563
235000 1.20844 -0.0736978 0.0115061
236000 1.20469 -0.0861628 0.0114999
237000 1.15522 -0.115276 0.0110552
238000 1.20378 -0.0966502 0.0113496
239000 1.18629 -0.0987585 0.0113149
240000 1.1999 -0.0938127 0.0114272
241000 1.19333 -0.0993948 0.0112995
242000 1.18435 -0.0856364 0.0112972
243000 1.20356 -0.107689 0.0113044
244000 1.21362 -0.0984336 0.0115261
245000 1.21225 -0.0841311 0.0115783
246000 1.22324 -0.0744227 0.0117353
247000 1.20253 -0.067169 0.0115747
248000 1.18554 -0.0821815 0.0111656
249000 1.21267 -0.0747721 0.0116236
250000 1.23802 -0.0605896 0.0119002
251000 1.21919 -0.0820221 0.0116518
252000 1.19478 -0.0658967 0.0114282
253000 1.22855 -0.0656799 0.0117761
254000 1.18474 -0.0652368 0.0111959
255000 1.19892 -0.0764546 0.0113296
256000 1.18287 -0.0681468 0.0114157
257000 1.18548 -0.0762389 0.0113065
258000 1.18182 -0.0608856 0.0114304
259000 1.21136 -0.099359 0.0113403
260000 1.22065 -0.100583 0.0114659
261000 1.21034 -0.0944921 0.0114277
262000 1.20845 -0.0830041 0.0115286
263000 1.20902 -0.0870915 0.0114497
264000 1.18291 -0.0825493 0.0113061
265000 1.20027 -0.0893406 0.0113209
266000 1.22912 -0.0687723 0.0120873
267000 1.20434 -0.0572936 0.0116816
268000 1.18401 -0.0560746 0.0114254
269000 1.2273 -0.0806133 0.0115935
270000 1.18799 -0.101976 0.0110213
271000 1.21439 -0.0956912 0.0115179
272000 1.18707 -0.0936847 0.0111204
273000 1.1912 -0.0954815 0.0112874
274000 1.20952 -0.0804876 0.0116463
275000 1.18754 -0.0825457 0.0112966
276000 1.18463 -0.0793542 0.0114568
277000 1.20793 -0.097232 0.0115578
278000 1.20044 -0.103495 0.0111657
279000 1.19 -0.0971758 0.0112404
280000 1.20466 -0.104426 0.0114704
281000 1.17976 -0.108585 0.0111379
282000 1.15276 -0.108667 0.0108488
283000 1.17591 -0.0983318 0.0110667
284000 1.20037 -0.0869226 0.0116694
285000 1.21507 -0.0849196 0.0115429
286000 1.2206 -0.0786714 0.0117187
287000 1.20021 -0.0851342 0.0114051
288000 1.17727 -0.0966499 0.011093
289000 1.19043 -0.0893321 0.011257
290000 1.18867 -0.0660425 0.0114771
291000 1.17131 -0.0694985 0.0111847
292000 1.19785 -0.0762804 0.0114669
293000 1.19057 -0.0685074 0.0114556
294000 1.18486 -0.081668 0.0112592
295000 1.2075 -0.0907326 0.0116235
296000 1.19063 -0.0907991 0.0112274
297000 1.19765 -0.110716 0.0112788
298000 1.17911 -0.107213 0.0111807
299000 1.20956 -0.0852884 0.0115796
300000 1.20103 -0.0834388 0.0114007
301000 1.18364 -0.0777299 0.0113916
302000 1.25743 -0.0643708 0.0120632
303000 1.16163 -0.0797452 0.0110006
304000 1.20887 -0.0809514 0.0114248
305000 1.16928 -0.0907561 0.0110389
306000 1.21257 -0.0871623 0.0115359
307000 1.18866 -0.0914239 0.0113195
308000 1.18453 -0.0750227 0.0113299
309000 1.17138 -0.0763946 0.0111422
310000 1.20257 -0.0787637 0.0114192
311000 1.22169 -0.0801539 0.0117839
312000 1.19706 -0.0797902 0.0113673
313000 1.1882 -0.0757091 0.0113968
314000 1.1544 -0.0992991 0.0107839
315000 1.20075 -0.0746967 0.0114002
316000 1.20932 -0.0659071 0.0115475
317000 1.20935 -0.0724788 0.0116003
318000 1.21908 -0.0882614 0.0115467
319000 1.20535 -0.0805063 0.0114254
320000 1.19939 -0.0656144 0.0115374
321000 1.20744 -0.0695947 0.011559
322000 1.22562 -0.0594879 0.0117683
323000 1.17548 -0.081956 0.0111586
324000 1.23765 -0.061555 0.0119172
325000 1.17423 -0.0813207 0.011121
326000 1.18628 -0.0873206 0.0111197
327000 1.20005 -0.0948859 0.0113291
328000 1.2097 -0.0917231 0.0114837
329000 1.19725 -0.101827 0.0113299
330000 1.21019 -0.104458 0.0115566
331000 1.20164 -0.115137 0.011243
332000 1.22689 -0.0964089 0.0117361
333000 1.19104 -0.113635 0.0112525
334000 1.20139 -0.0955962 0.0116049
335000 1.19354 -0.0788002 0.0113441
336000 1.21114 -0.0744392 0.0114324
337000 1.21084 -0.0842579 0.0115343
338000 1.18477 -0.0708391 0.0112585
339000 1.22687 -0.0767714 0.011751
340000 1.21654 -0.0683327 0.0116665
341000 1.20616 -0.0632404 0.0116256
342000 1.16621 -0.0573474 0.0110683
343000 1.22097 -0.0916661 0.0116255
344000 1.21736 -0.102143 0.0114651
345000 1.20814 -0.067702 0.0115713
346000 1.1896 -0.0855048 0.0113193
347000 1.19741 -0.0945877 0.0113179
348000 1.20995 -0.0862929 0.0115627
349000 1.191 -0.0888452 0.0111628
350000 1.24005 -0.0933099 0.0116835
351000 1.23001 -0.105432 0.0116234
352000 1.21919 -0.0865829 0.0115722
353000 1.20763 -0.101308 0.0113832
354000 1.20591 -0.0914076 0.0116712
355000 1.17298 -0.107311 0.0111248
356000 1.22236 -0.102252 0.0114486
357000 1.13836 -0.126931 0.0105129
358000 1.23476 -0.105214 0.0116608
359000 1.19516 -0.0908376 0.0113619
360000 1.19992 -0.0802798 0.0114533
361000 1.20273 -0.0869338 0.0114571
362000 1.21989 -0.0882963 0.011731
363000 1.18898 -0.106517 0.011161
364000 1.21206 -0.109327 0.0113801
365000 1.17828 -0.118012 0.0111553
366000 1.20596 -0.0981486 0.0113898
367000 1.19299 -0.0964274 0.0114366
368000 1.17509 -0.0866426 0.011106
369000 1.19537 -0.0636275 0.0113983
370000 1.16111 -0.0965277 0.0109249
371000 1.19344 -0.0938422 0.0112184
372000 1.17785 -0.0950419 0.0111451
373000 1.20416 -0.0773489 0.0114864
374000 1.23316 -0.0698942 0.0117565
375000 1.15559 -0.0725767 0.0110731
376000 1.21006 -0.0592975 0.0116047
377000 1.17644 -0.0612807 0.0111809
378000 1.20588 -0.0772153 0.0117063
379000 1.19937 -0.0915505 0.0113539
380000 1.19733 -0.108925 0.0111065
381000 1.20578 -0.0776288 0.0114657
382000 1.18363 -0.0767743 0.0113045
383000 1.21581 -0.0643841 0.0116232
384000 1.20945 -0.0822988 0.011526
385000 1.20343 -0.0701046 0.0116356
386000 1.19944 -0.0608335 0.0116239
387000 1.23872 -0.0754923 0.0118996
388000 1.16218 -0.0859261 0.0109983
389000 1.24931 -0.0845691 0.0119674
390000 1.21869 -0.0668671 0.0116512
391000 1.1711 -0.0794054 0.0111115
392000 1.22042 -0.0742548 0.0116274
393000 1.22806 -0.0819417 0.0117845
394000 1.1897 -0.0887138 0.0112932
395000 1.21206 -0.0609759 0.0116348
396000 1.23808 -0.0799203 0.0118526
397000 1.16315 -0.0687431 0.0110998
398000 1.22481 -0.0770834 0.0118259
399000 1.18665 -0.064662 0.0114638
400000 1.20312 -0.0805465 0.0114213
401000 1.17 -0.0782162 0.0111905
402000 1.20758 -0.0641726 0.0117073
403000 1.21559 -0.0734792 0.0114682
404000 1.23629 -0.0543471 0.0119997
405000 1.18862 -0.0825434 0.0112954
406000 1.21525 -0.0794705 0.0115269
407000 1.18036 -0.102019 0.0111593
408000 1.24103 -0.109857 0.0118162
409000 1.21854 -0.0992223 0.0115315
410000 1.18741 -0.0957895 0.0111868
411000 1.24948 -0.0889579 0.011947
412000 1.20145 -0.0922887 0.0113975
413000 1.21432 -0.090673 0.0116906
414000 1.19733 -0.0875398 0.0114601
415000 1.19459 -0.0968959 0.0114443
416000 1.20653 -0.0993815 0.0111779
417000 1.19894 -0.11682 0.0111955
418000 1.20344 -0.0792281 0.0115987
419000 1.19812 -0.0885523 0.0113553
420000 1.20688 -0.0823585 0.0115837
421000 1.19848 -0.0869812 0.0114138
422000 1.21443 -0.0900842 0.0114781
423000 1.23456 -0.0809032 0.0118108
424000 1.20343 -0.0827652 0.0115102
425000 1.17079 -0.0764645 0.011131
426000 1.19208 -0.0824748 0.011259
427000 1.16527 -0.0935676 0.0109077
428000 1.25423 -0.0738349 0.0120923
429000 1.18406 -0.0753329 0.0114203
430000 1.18583 -0.0812276 0.0112658
431000 1.18798 -0.0772639 0.0114282
432000 1.1755 -0.0628809 0.0112606
433000 1.22088 -0.0722024 0.0117202
434000 1.18745 -0.0854834 0.0112291
435000 1.18487 -0.0920459 0.0111891
436000 1.18556 -0.0664054 0.0113794
437000 1.16646 -0.077154 0.0111456
438000 1.23248 -0.0718989 0.0118606
439000 1.20202 -0.0656262 0.0116276
440000 1.20912 -0.0924708 0.0114161
441000 1.21495 -0.0813194 0.011684
442000 1.21783 -0.0894312 0.0116709
443000 1.1944 -0.0826286 0.011275
444000 1.19221 -0.107415 0.0111629
445000 1.22358 -0.0930503 0.0116649
446000 1.22015 -0.0948643 0.0116055
447000 1.16624 -0.0811027 0.0111668
448000 1.20182 -0.0857418 0.0115411
449000 1.19677 -0.0970898 0.0113995
450000 1.17743 -0.0794949 0.0112439
451000 1.20617 -0.0682299 0.0115249
452000 1.15965 -0.0690989 0.0110996
453000 1.24247 -0.0748803 0.0118939
454000 1.17072 -0.078398 0.0110509
455000 1.20813 -0.0778611 0.0114313
456000 1.22818 -0.0892129 0.0116704
457000 1.20957 -0.0933088 0.0115215
458000 1.20663 -0.0773238 0.0115069
459000 1.22139 -0.0714169 0.011807
460000 1.19775 -0.062477 0.0116184
461000 1.23811 -0.0722599 0.0117552
462000 1.19924 -0.0899688 0.0114179
463000 1.17953 -0.0727697 0.0113816
464000 1.19649 -0.0866005 0.0113191
465000 1.20639 -0.0837137 0.0115335
466000 1.21571 -0.0915104 0.0117378
467000 1.17588 -0.0916763 0.0111977
468000 1.21185 -0.104403 0.0115021
469000 1.22641 -0.102572 0.0116704
470000 1.19138 -0.0910849 0.0113897
471000 1.2068 -0.0990185 0.0113843
472000 1.16814 -0.0810909 0.0111385
473000 1.19499 -0.073563 0.0113586
474000 1.20033 -0.0712593 0.0116375
475000 1.2091 -0.0852982 0.0115103
476000 1.19335 -0.114713 0.011084
477000 1.18061 -0.0887478 0.0111559
478000 1.20397 -0.088341 0.0113813
479000 1.21365 -0.0681129 0.0116278
480000 1.18476 -0.0988073 0.0111963
481000 1.19193 -0.0923677 0.0112109
482000 1.16668 -0.0951612 0.0110311
483000 1.21638 -0.0961111 0.0114896
484000 1.21926 -0.0769068 0.0115471
485000 1.17515 -0.0990265 0.0111153
486000 1.16808 -0.101546 0.010981
487000 1.20544 -0.140213 0.0111519
488000 1.17242 -0.0906936 0.0112791
489000 1.18644 -0.109327 0.0111968
490000 1.19582 -0.0852903 0.0114969
491000 1.21354 -0.0778352 0.011532
492000 1.20456 -0.0733284 0.0115629
493000 1.18251 -0.0863436 0.0112749
494000 1.18719 -0.0696224 0.0113261
495000 1.18523 -0.0763815 0.0114074
496000 1.20834 -0.0817839 0.0114251
497000 1.1789 -0.0667673 0.0112835
498000 1.18739 -0.0715289 0.0113145
499000 1.18027 -0.0819385 0.0112778
500000 1.18201 -0.0903357 0.0111671
501000 1.24282 -0.0914812 0.0118988
502000 1.16171 -0.0905633 0.0110384
503000 1.20702 -0.0844853 0.0114625
504000 1.21833 -0.077547 0.0114716
505000 1.16288 -0.0950206 0.0109615
506000 1.21672 -0.0719829 0.0115618
507000 1.23288 -0.0630225 0.0118338
508000 1.22794 -0.0728881 0.0119474
509000 1.20179 -0.0535096 0.0116988
510000 1.21307 -0.0757181 0.0115554
511000 1.18144 -0.0665013 0.0111846
512000 1.23406 -0.0808235 0.011778
513000 1.20182 -0.0988155 0.0111887
514000 1.17428 -0.0911007 0.0110564
515000 1.1903 -0.117487 0.011101
516000 1.19283 -0.0950739 0.0112465
517000 1.21328 -0.0860137 0.0114681
518000 1.21947 -0.0866741 0.011605
519000 1.17682 -0.0825072 0.0111529
520000 1.2184 -0.0761878 0.0116524
521000 1.16536 -0.0920838 0.0110025
522000 1.21171 -0.0886243 0.0114731
523000 1.21379 -0.0767983 0.0117913
524000 1.22287 -0.0721687 0.0118695
525000 1.20787 -0.0557004 0.011651
526000 1.19891 -0.0594018 0.0114019
527000 1.21315 -0.0660031 0.0115607
528000 1.26127 -0.0694416 0.0121669
529000 1.16062 -0.0854609 0.0110499
530000 1.24265 -0.0835545 0.0117421
531000 1.19857 -0.0761032 0.0113632
532000 1.2066 -0.0770542 0.011408
533000 1.19194 -0.0610372 0.0114133
534000 1.17515 -0.0757007 0.0111788
535000 1.18128 -0.0790046 0.0111352
536000 1.21763 -0.0588103 0.0116842
537000 1.19241 -0.0668998 0.0113911
538000 1.18082 -0.070324 0.0114879
539000 1.23995 -0.0751523 0.011772
540000 1.20918 -0.0620377 0.0116453
541000 1.15827 -0.0711404 0.0111806
542000 1.22758 -0.083452 0.0118439
543000 1.19634 -0.0970176 0.0112431
544000 1.17236 -0.112037 0.0109495
545000 1.19542 -0.0921416 0.0113698
546000 1.20776 -0.11871 0.0113113
547000 1.20237 -0.0960439 0.0113766
548000 1.18841 -0.0784917 0.0112423
549000 1.22502 -0.0695709 0.0116316
550000 1.15208 -0.0917799 0.0109593
551000 1.22528 -0.0710828 0.011674
552000 1.21354 -0.0883644 0.0114862
553000 1.1831 -0.088625 0.0112144
554000 1.16853 -0.104705 0.010888
555000 1.16888 -0.0869768 0.0112763
556000 1.20819 -0.0850619 0.0116131
557000 1.17359 -0.0706016 0.0112291
558000 1.1498 -0.0667823 0.010949
559000 1.16882 -0.0692405 0.0111377
560000 1.20199 -0.0786696 0.0115129
561000 1.18807 -0.0595226 0.0114127
562000 1.20281 -0.0686535 0.0115809
563000 1.20492 -0.074835 0.0117184
564000 1.21432 -0.0742641 0.0117483
565000 1.21383 -0.0868506 0.0115058
566000 1.21415 -0.103458 0.0114733
567000 1.18327 -0.0979094 0.0111755
568000 1.17216 -0.10626 0.0109421
569000 1.2406 -0.0961859 0.011906
570000 1.14175 -0.0871251 0.0107847
571000 1.21553 -0.0877172 0.0114833
572000 1.20258 -0.0949724 0.0113622
573000 1.22541 -0.103984 0.0116265
574000 1.20481 -0.092097 0.0113076
575000 1.23006 -0.0837336 0.0117296
576000 1.21871 -0.0847929 0.0114922
577000 1.16676 -0.0909841 0.011085
578000 1.19139 -0.1038 0.0111394
579000 1.20468 -0.082801 0.0114579
580000 1.15644 -0.110116 0.0109166
581000 1.17561 -0.125545 0.0108648
582000 1.21221 -0.101597 0.0115095
583000 1.21342 -0.114324 0.0115194
584000 1.206 -0.0753432 0.0114973
585000 1.17064 -0.0541006 0.0113712
586000 1.19368 -0.0711393 0.0114999
587000 1.15953 -0.061736 0.0111531
588000 1.2221 -0.0606837 0.0118625
589000 1.18068 -0.102641 0.0111143
590000 1.16668 -0.087446 0.0110465
591000 1.22505 -0.0741499 0.0117071
592000 1.185 -0.10242 0.0112127
593000 1.23849 -0.0739568 0.0118585
594000 1.18761 -0.0901894 0.0112196
595000 1.22165 -0.066275 0.0116371
596000 1.21849 -0.090476 0.0115277
597000 1.19136 -0.0894672 0.0113314
598000 1.21002 -0.0772339 0.0117375
599000 1.22681 -0.0671262 0.0118218
600000 1.15971 -0.106755 0.010927
601000 1.24635 -0.0779861 0.0120381
602000 1.18711 -0.0897827 0.0111497
603000 1.19629 -0.0962412 0.0112023
604000 1.19702 -0.0856375 0.0114183
605000 1.15842 -0.0897465 0.0109448
606000 1.21676 -0.0849981 0.0117192
607000 1.2053 -0.0745484 0.0115829
608000 1.19927 -0.076001 0.0116892
609000 1.20896 -0.0942252 0.0114683
610000 1.21296 -0.106522 0.0114551
611000 1.18723 -0.0879316 0.0113178
612000 1.16783 -0.0984378 0.0109954
613000 1.15479 -0.0780262 0.0110185
614000 1.19314 -0.0800397 0.0112772
615000 1.20381 -0.0844201 0.0114448
616000 1.1626 -0.0644525 0.0111295
617000 1.20953 -0.0766732 0.0115463
618000 1.1998 -0.0882904 0.0113834
619000 1.22586 -0.112024 0.0114595
620000 1.18814 -0.110516 0.0112151
621000 1.18992 -0.101094 0.0113057
622000 1.22659 -0.100649 0.0115682
623000 1.19175 -0.0971511 0.011448
624000 1.20202 -0.0974754 0.0113876
625000 1.1851 -0.121134 0.0111576
626000 1.2539 -0.122135 0.0119961
627000 1.14979 -0.140085 0.0105057
628000 1.17854 -0.0915336 0.0112435
629000 1.1868 -0.0917206 0.0112438
630000 1.20942 -0.0855087 0.0113979
631000 1.2363 -0.0914515 0.0116302
632000 1.17667 -0.071931 0.0112085
633000 1.21346 -0.0877655 0.0116944
634000 1.19369 -0.0807266 0.0113017
635000 1.2292 -0.0862162 0.0120161
636000 1.15234 -0.076017 0.0110882
637000 1.17152 -0.0891469 0.0110428
638000 1.18534 -0.0659286 0.0113192
639000 1.23866 -0.074236 0.0119058
640000 1.21225 -0.0778559 0.0116802
641000 1.21549 -0.0700903 0.0115606
642000 1.18396 -0.0845029 0.0112543
643000 1.20415 -0.0847099 0.0114017
644000 1.15931 -0.0970502 0.0109144
645000 1.20086 -0.0902315 0.0113664
646000 1.16851 -0.0943578 0.0110805
647000 1.22722 -0.0914039 0.0115775
648000 1.23453 -0.092605 0.0116122
649000 1.20401 -0.0892783 0.011479
650000 1.22662 -0.0975742 0.0116311
651000 1.14706 -0.082 0.010857
652000 1.24318 -0.0755075 0.0119534
653000 1.16721 -0.0796949 0.0112179
654000 1.19817 -0.0798733 0.0113559
655000 1.20654 -0.0659924 0.0116591
656000 1.16548 -0.0730066 0.0111842
657000 1.20713 -0.0721147 0.0116032
658000 1.2082 -0.0792306 0.0114138
659000 1.20951 -0.08742 0.0115813
660000 1.20016 -0.0909461 0.0113319
661000 1.16753 -0.0874831 0.0111108
662000 1.20519 -0.0784503 0.0115399
663000 1.16677 -0.0739402 0.0111399
664000 1.18707 -0.0590512 0.0115444
665000 1.18297 -0.0641693 0.0112335
666000 1.17418 -0.0799844 0.0111635
667000 1.22314 -0.0925723 0.0115459
668000 1.17545 -0.0858645 0.0112325
669000 1.21951 -0.0766869 0.0116689
670000 1.17558 -0.0896607 0.0112424
671000 1.20391 -0.102645 0.0114342
672000 1.17671 -0.0858537 0.0111942
673000 1.23007 -0.0849824 0.0117595
674000 1.21366 -0.0910826 0.0115144
675000 1.17359 -0.0796343 0.0111655
676000 1.18374 -0.0781546 0.0113191
677000 1.17401 -0.0872985 0.0111287
678000 1.22361 -0.0747098 0.0117221
679000 1.18467 -0.0921158 0.0112377
680000 1.18804 -0.0891872 0.0110789
681000 1.23814 -0.0672736 0.0118361
682000 1.19081 -0.0816759 0.0114223
683000 1.17028 -0.0600898 0.0112878
684000 1.24467 -0.0740693 0.01196
685000 1.17739 -0.0777976 0.0112911
686000 1.17337 -0.0869715 0.011207
687000 1.18305 -0.110694 0.0112218
688000 1.2488 -0.123994 0.011629
689000 1.19883 -0.115696 0.0114243
690000 1.21468 -0.112454 0.0113363
691000 1.15528 -0.0875587 0.0110174
692000 1.16142 -0.116843 0.0108947
693000 1.1901 -0.0899845 0.0114185
694000 1.20607 -0.0907872 0.011396
695000 1.23748 -0.0883657 0.0117371
696000 1.15198 -0.0958081 0.0107863
697000 1.20646 -0.106864 0.0113771
698000 1.17631 -0.102099 0.0110472
699000 1.17604 -0.0881791 0.011193
700000 1.24336 -0.0907367 0.0118138
701000 1.19296 -0.0833178 0.0113486
702000 1.16028 -0.0799062 0.0109696
703000 1.21287 -0.0800779 0.0116927
704000 1.24601 -0.077382 0.0119321
705000 1.19591 -0.0755987 0.0114241
706000 1.21778 -0.0720188 0.0115672
707000 1.18581 -0.0710463 0.0112968
708000 1.21938 -0.0724195 0.0117015
709000 1.15996 -0.0923678 0.0111174
710000 1.2146 -0.0739997 0.0115204
711000 1.214 -0.0831069 0.0117106
712000 1.21112 -0.0799911 0.0117127
713000 1.16785 -0.0574116 0.0112826
714000 1.23355 -0.072961 0.0116887
715000 1.16052 -0.0580087 0.0110941
716000 1.23328 -0.0656382 0.0119264
717000 1.20754 -0.0697182 0.0116604
718000 1.20972 -0.075109 0.0116013
719000 1.22213 -0.0823757 0.0116489
720000 1.20754 -0.0773019 0.0116028
721000 1.22231 -0.101144 0.0114335
722000 1.14752 -0.0995855 0.0107846
723000 1.20883 -0.0925586 0.0114985
724000 1.19198 -0.0823402 0.0112938
725000 1.1681 -0.0860571 0.010915
726000 1.21175 -0.0898637 0.0114982
727000 1.17324 -0.0936635 0.0110495
728000 1.21865 -0.0806728 0.0115804
729000 1.21871 -0.0454104 0.0118596
730000 1.24876 -0.0681165 0.0119711
731000 1.20195 -0.0626521 0.0116237
732000 1.20117 -0.0684568 0.0115182
733000 1.20051 -0.062049 0.0116313
734000 1.21665 -0.0545853 0.011771
735000 1.22134 -0.075002 0.0116935
736000 1.15146 -0.075529 0.0109586
737000 1.20943 -0.0703822 0.0115403
738000 1.19994 -0.0609048 0.0116399
739000 1.24793 -0.0763431 0.0118115
740000 1.22309 -0.0850417 0.0116274
741000 1.1543 -0.0790704 0.0111904
742000 1.23519 -0.0839965 0.0118644
743000 1.18008 -0.10487 0.0110547
744000 1.20681 -0.0986977 0.0114714
745000 1.2121 -0.102292 0.0115303
746000 1.15303 -0.10378 0.0109905
747000 1.18478 -0.0899224 0.0111788
748000 1.24317 -0.0967769 0.0118428
749000 1.16847 -0.114226 0.0110253
750000 1.23941 -0.0911618 0.0117659
751000 1.18189 -0.0957187 0.0110317
752000 1.20504 -0.0986551 0.0114544
753000 1.18988 -0.0701814 0.0114346
754000 1.19343 -0.0957987 0.0113246
755000 1.23432 -0.0920427 0.0118033
756000 1.2175 -0.0776766 0.0115897
757000 1.21987 -0.0906672 0.0115649
758000 1.20719 -0.0906346 0.0114103
759000 1.20191 -0.0744593 0.0113305
760000 1.22689 -0.0654273 0.0116217
761000 1.17405 -0.0878736 0.0111306
762000 1.19353 -0.0754528 0.0113916
763000 1.18719 -0.083704 0.0112721
764000 1.15192 -0.0795746 0.011018
765000 1.18726 -0.0853314 0.0113061
766000 1.23825 -0.0807336 0.0117831
767000 1.18356 -0.0736271 0.0112557
768000 1.20722 -0.0801107 0.0115638
769000 1.23502 -0.0754433 0.0119842
770000 1.21282 -0.0886315 0.011606
771000 1.21576 -0.0724069 0.0115885
772000 1.16177 -0.0792889 0.0112224
773000 1.21782 -0.0706204 0.0116021
774000 1.21115 -0.0855028 0.0115646
775000 1.18759 -0.0620678 0.0114688
776000 1.1922 -0.0626172 0.011374
777000 1.21505 -0.0616983 0.0116984
778000 1.22291 -0.0656408 0.0116462
779000 1.15455 -0.065947 0.0110495
780000 1.2399 -0.0588454 0.0119022
781000 1.23123 -0.0773268 0.0118586
782000 1.16912 -0.0698277 0.0112167
783000 1.25132 -0.0941567 0.0117569
784000 1.20417 -0.0816414 0.0114181
785000 1.22547 -0.0713764 0.0117839
786000 1.22109 -0.0771065 0.0119093
787000 1.21241 -0.0814008 0.0117165
788000 1.18109 -0.0890359 0.0112695
789000 1.19879 -0.0898054 0.0113701
790000 1.21622 -0.0968382 0.0116089
791000 1.16236 -0.0994284 0.0111693
792000 1.2209 -0.0997977 0.0117604
793000 1.19814 -0.0807515 0.0113101
794000 1.21243 -0.0805603 0.0115644
795000 1.15838 -0.0694045 0.0110359
796000 1.20597 -0.0631792 0.011618
797000 1.23165 -0.0758399 0.0116527
798000 1.17905 -0.0676057 0.0111647
799000 1.20576 -0.0829819 0.0117017
800000 1.21294 -0.0773347 0.0116028
801000 1.22275 -0.0724362 0.011739
802000 1.21698 -0.0771342 0.0116607
803000 1.17333 -0.0773362 0.0113054
804000 1.20943 -0.067686 0.0115868
805000 1.18707 -0.0714838 0.0113264
806000 1.20688 -0.075967 0.0115665
807000 1.19484 -0.0765336 0.0113187
808000 1.21131 -0.0790632 0.011587
809000 1.23761 -0.0746957 0.0118088
810000 1.20298 -0.0832709 0.0114102
811000 1.17099 -0.0814699 0.0112128
812000 1.22796 -0.102064 0.0115941
813000 1.19488 -0.0981097 0.0112771
814000 1.20111 -0.0866872 0.0112291
815000 1.19917 -0.0723739 0.0115377
816000 1.19311 -0.0750712 0.0114011
817000 1.23312 -0.0630231 0.0118944
818000 1.2052 -0.0747726 0.0116368
819000 1.16361 -0.0816656 0.011068
820000 1.22131 -0.0938496 0.011509
821000 1.24871 -0.103455 0.011598
822000 1.21181 -0.10385 0.0114137
823000 1.20366 -0.105349 0.0114718
824000 1.1979 -0.11053 0.0111911
825000 1.21227 -0.103361 0.0114801
826000 1.22195 -0.0948416 0.0116187
827000 1.16063 -0.088733 0.0111481
828000 1.18012 -0.0572909 0.011462
829000 1.19729 -0.0797406 0.0115472
830000 1.16121 -0.0985379 0.0109993
831000 1.15411 -0.0956026 0.0110084
832000 1.2043 -0.0814951 0.0114808
833000 1.21727 -0.0866633 0.0115047
834000 1.21391 -0.0707405 0.0118338
835000 1.17855 -0.0899189 0.0110982
836000 1.18807 -0.0579339 0.0113059
837000 1.1609 -0.0818942 0.0110294
838000 1.18472 -0.068094 0.0113037
839000 1.25038 -0.0645 0.0121992
840000 1.17048 -0.0713519 0.0114624
841000 1.20572 -0.0623966 0.0115079
842000 1.2015 -0.0806325 0.011338
843000 1.22342 -0.112458 0.0116063
844000 1.21647 -0.126184 0.0113243
845000 1.17747 -0.099649 0.0108242
846000 1.16283 -0.105055 0.0109368
847000 1.19623 -0.0989755 0.0114311
848000 1.23221 -0.0958649 0.0116251
849000 1.15664 -0.094017 0.0109731
850000 1.17487 -0.0912517 0.0111334
851000 1.24029 -0.0803203 0.0118218
852000 1.17035 -0.0706418 0.0112934
853000 1.19359 -0.084558 0.0115045
854000 1.18047 -0.0835611 0.011217
855000 1.15359 -0.0756345 0.0108225
856000 1.229 -0.0833953 0.0117031
857000 1.22738 -0.0762859 0.0117055
858000 1.15585 -0.0808608 0.0110537
859000 1.2012 -0.0824028 0.0115082
860000 1.17663 -0.07391 0.0110987
861000 1.23303 -0.0805828 0.0117233
862000 1.15499 -0.0897227 0.010988
863000 1.21988 -0.090068 0.0117031
864000 1.23022 -0.0909361 0.0117834
865000 1.17345 -0.0903572 0.0112341
866000 1.20919 -0.0868738 0.0115449
867000 1.2179 -0.0873134 0.0117682
868000 1.2201 -0.0910414 0.0117521
869000 1.16382 -0.0839193 0.0112813
870000 1.24654 -0.0944481 0.0117054
871000 1.23417 -0.0820491 0.0117241
872000 1.16596 -0.0798751 0.011069
873000 1.19685 -0.0727096 0.0113715
874000 1.21321 -0.074898 0.0115833
875000 1.18745 -0.0815073 0.0113093
876000 1.21867 -0.0893592 0.0115828
877000 1.19588 -0.089504 0.0112952
878000 1.18692 -0.0967434 0.0112378
879000 1.24119 -0.0959098 0.0118564
880000 1.19203 -0.0902287 0.0111894
881000 1.19914 -0.0959521 0.0114542
882000 1.23302 -0.0814905 0.0116749
883000 1.19386 -0.0893423 0.0115266
884000 1.19447 -0.0990105 0.0114489
885000 1.18447 -0.102002 0.0112192
886000 1.23643 -0.084172 0.0118139
887000 1.16756 -0.0881447 0.0111241
888000 1.1804 -0.0487788 0.011447
889000 1.15785 -0.0708493 0.0111031
890000 1.2233 -0.0505249 0.0118054
891000 1.2117 -0.0554563 0.0116041
892000 1.21475 -0.0643163 0.0116385
893000 1.20284 -0.0815356 0.0114623
894000 1.20505 -0.0685895 0.0115185
895000 1.20505 -0.0635999 0.0116313
896000 1.21347 -0.0729824 0.0115066
897000 1.19059 -0.0815848 0.0113607
898000 1.1915 -0.11099 0.011245
899000 1.22167 -0.0833247 0.0116204
900000 1.18792 -0.0887978 0.0111781
901000 1.2482 -0.080138 0.0118875
902000 1.15887 -0.0851719 0.0109231
903000 1.22948 -0.0754231 0.0118214
904000 1.1653 -0.0789332 0.0110741
905000 1.18151 -0.0734815 0.0113882
906000 1.18323 -0.0882854 0.0111523
907000 1.25273 -0.0924219 0.0120443
908000 1.16293 -0.0906083 0.0110468
909000 1.19502 -0.0864598 0.0113229
910000 1.17716 -0.0749923 0.011337
911000 1.22468 -0.0698913 0.0119272
912000 1.15698 -0.0853248 0.0109841
913000 1.23082 -0.0894475 0.0117079
914000 1.20059 -0.084122 0.0114922
915000 1.20258 -0.0772885 0.0114907
916000 1.19283 -0.0612726 0.0115079
917000 1.20431 -0.0780299 0.0115934
918000 1.19583 -0.0657259 0.0115325
919000 1.1958 -0.0909243 0.0114506
920000 1.23352 -0.101336 0.011566
921000 1.21188 -0.103964 0.0114714
922000 1.19651 -0.101256 0.0113265
923000 1.20119 -0.0790723 0.0115078
924000 1.2147 -0.0659215 0.0118312
925000 1.24213 -0.0541765 0.0121032
926000 1.23105 -0.0849476 0.0117156
927000 1.18765 -0.0834461 0.0113983
928000 1.16552 -0.0826072 0.01101
929000 1.21876 -0.0925754 0.0115696
930000 1.22073 -0.0791578 0.0116231
931000 1.16103 -0.0961233 0.0108821
932000 1.20658 -0.105285 0.0115146
933000 1.22448 -0.0996985 0.0116156
934000 1.24522 -0.0805819 0.0118671
935000 1.1769 -0.0739525 0.0110761
936000 1.17652 -0.0702089 0.0113396
937000 1.1866 -0.0808473 0.0112012
938000 1.23036 -0.0572305 0.0117797
939000 1.16202 -0.0744842 0.0111781
940000 1.22333 -0.0552951 0.011684
941000 1.20105 -0.0544804 0.0115772
942000 1.1695 -0.0760769 0.0111854
943000 1.20141 -0.0751024 0.0114386
944000 1.19676 -0.0737521 0.0114355
945000 1.20064 -0.0655369 0.011581
946000 1.15864 -0.0739234 0.0109435
947000 1.18617 -0.0781198 0.0114432
948000 1.19993 -0.0763058 0.0114321
949000 1.20302 -0.05092 0.0117026
950000 1.17413 -0.0690304 0.0113108
951000 1.19412 -0.0641728 0.0113622
952000 1.21616 -0.0591606 0.0116881
953000 1.1953 -0.073865 0.0113666
954000 1.21332 -0.0740626 0.0115675
955000 1.20661 -0.0899571 0.0113471
956000 1.19414 -0.0906868 0.0113738
957000 1.20447 -0.0900769 0.0115101
958000 1.19259 -0.098252 0.0112411
959000 1.21657 -0.0872505 0.011485
960000 1.19686 -0.0596237 0.0114469
961000 1.18066 -0.0682146 0.0113726
962000 1.18325 -0.0754365 0.0112041
963000 1.19422 -0.0836905 0.0114282
964000 1.18222 -0.0646668 0.0114994
965000 1.14897 -0.0693678 0.0109699
966000 1.22886 -0.0685135 0.0118301
967000 1.22472 -0.0698712 0.0117509
968000 1.1643 -0.0643548 0.0112365
969000 1.20557 -0.074856 0.0116597
970000 1.2234 -0.105156 0.0114615
971000 1.19057 -0.084221 0.0112777
972000 1.20322 -0.098052 0.0113311
973000 1.18159 -0.100863 0.0112252
974000 1.18652 -0.0897415 0.0111649
975000 1.2409 -0.0926898 0.0116995
976000 1.17267 -0.0680208 0.0113941
977000 1.21738 -0.0745506 0.0115879
978000 1.16718 -0.0851037 0.0110825
979000 1.2081 -0.089304 0.011533
980000 1.2456 -0.0943852 0.0119232
981000 1.19355 -0.102062 0.0113372
982000 1.21301 -0.111823 0.0113108
983000 1.22548 -0.14585 0.0114719
984000 1.15145 -0.124878 0.0107034
985000 1.19076 -0.102978 0.0112197
986000 1.23919 -0.113694 0.0118681
987000 1.20045 -0.0953023 0.0113939
988000 1.20917 -0.107499 0.0114638
989000 1.22085 -0.0959525 0.0115859
990000 1.21123 -0.0864181 0.0115066
991000 1.17908 -0.0907834 0.0112257
992000 1.19438 -0.0823056 0.0113412
993000 1.22064 -0.0832237 0.0115935
994000 1.20255 -0.0836398 0.0113726
995000 1.20336 -0.0816069 0.0115389
996000 1.20272 -0.0939977 0.0114495
997000 1.20228 -0.0785335 0.0114675
998000 1.22443 -0.106185 0.0117371
999000 1.16631 -0.0976256 0.0109548
1000000 1.21516 -0.0931736 0.0116107
1001000 1.19316 -0.0828512 0.0114009
1002000 1.2054 -0.0704312 0.0115912
1003000 1.23212 -0.0766423 0.0116828
1004000 1.20048 -0.0897202 0.0114713
1005000 1.20722 -0.0670245 0.0115994
1006000 1.19808 -0.0754403 0.0113743
1007000 1.15826 -0.0586427 0.0111761
1008000 1.23025 -0.0601341 0.0118534
1009000 1.18828 -0.0663128 0.0113462
1010000 1.21487 -0.0822614 0.011505
1011000 1.18272 -0.0780946 0.0114131
1012000 1.20631 -0.0984553 0.0115156
1013000 1.21113 -0.111025 0.0113401
1014000 1.18989 -0.0922745 0.01141
1015000 1.23232 -0.0949669 0.0116641
1016000 1.22343 -0.0989514 0.0117401
1017000 1.19858 -0.0839851 0.0114825
1018000 1.1744 -0.0837009 0.0111628
1019000 1.24129 -0.0980716 0.0118505
1020000 1.22595 -0.0880877 0.0115635
1021000 1.15539 -0.095993 0.0110285
1022000 1.22541 -0.0930669 0.0116941
1023000 1.16062 -0.115347 0.0108816
1024000 1.227 -0.114057 0.0115134
1025000 1.17938 -0.116065 0.0110167
1026000 1.18229 -0.112879 0.0111557
1027000 1.20338 -0.0987023 0.0112433
1028000 1.15874 -0.0838477 0.0112111
1029000 1.19851 -0.0841841 0.0113747
1030000 1.18592 -0.0716856 0.0112742
1031000 1.23027 -0.0796831 0.0117624
1032000 1.18043 -0.0826902 0.0114852
1033000 1.21285 -0.0514219 0.0117337
1034000 1.19635 -0.0737822 0.0115235
1035000 1.20071 -0.0622915 0.0117145
1036000 1.21187 -0.0600918 0.0116951
1037000 1.19585 -0.0791423 0.0113109
1038000 1.23059 -0.0800488 0.0116707
1039000 1.15119 -0.0874334 0.0110046
1040000 1.23566 -0.0754134 0.0118886
1041000 1.16183 -0.0783159 0.0110715
1042000 1.21704 -0.0836418 0.0115372
1043000 1.16491 -0.0708982 0.0111314
1044000 1.24534 -0.0610148 0.0119792
1045000 1.21754 -0.0764523 0.0116458
1046000 1.1444 -0.0740045 0.0108219
1047000 1.22218 -0.073495 0.0116786
1048000 1.22071 -0.0726993 0.011682
1049000 1.16139 -0.0732771 0.011158
1050000 1.20577 -0.0558896 0.0115905
1051000 1.20725 -0.0568888 0.0116834
1052000 1.20033 -0.0779212 0.0115195
1053000 1.20108 -0.0797126 0.0114409
1054000 1.20415 -0.0799931 0.0115924
1055000 1.20001 -0.0865792 0.0115217
1056000 1.18535 -0.0783777 0.0113295
1057000 1.20094 -0.0871019 0.0115102
1058000 1.17644 -0.0773399 0.0112093
1059000 1.23897 -0.0763659 0.0119698
1060000 1.17875 -0.0702158 0.0111779
1061000 1.194 -0.0748484 0.0112848
1062000 1.20652 -0.0742711 0.0115992
1063000 1.20122 -0.0762886 0.0114913
1064000 1.17004 -0.0837574 0.0110286
1065000 1.18329 -0.0902373 0.0112368
1066000 1.23047 -0.0957028 0.0118394
1067000 1.18066 -0.0655973 0.0112649
1068000 1.20725 -0.0743734 0.0114647
1069000 1.20264 -0.0794684 0.0114753
1070000 1.19502 -0.0565211 0.0115536
1071000 1.19346 -0.0646031 0.0115286
1072000 1.18459 -0.0592725 0.0114487
1073000 1.21029 -0.0635829 0.0115638
1074000 1.18876 -0.0744348 0.0112858
1075000 1.17424 -0.0780542 0.0110899
1076000 1.22029 -0.0754095 0.0116173
1077000 1.18934 -0.0960843 0.0112654
1078000 1.21183 -0.0796321 0.0114715
1079000 1.18916 -0.0660403 0.0114331
1080000 1.18248 -0.065188 0.011298
1081000 1.17096 -0.0783341 0.0113144
1082000 1.16451 -0.0832914 0.0110162
1083000 1.21389 -0.0896637 0.0115401
1084000 1.24197 -0.0924021 0.0117775
1085000 1.20411 -0.0913291 0.0114574
1086000 1.22018 -0.0812051 0.0117642
1087000 1.19902 -0.0700036 0.0113783
1088000 1.16398 -0.0862062 0.0110449
1089000 1.14951 -0.119232 0.0105562
1090000 1.18994 -0.111924 0.0112503
1091000 1.18683 -0.0831594 0.0113301
1092000 1.25675 -0.0663409 0.0121752
1093000 1.19865 -0.10129 0.0111965
1094000 1.22009 -0.10826 0.0114977
1095000 1.1982 -0.0943202 0.0115015
1096000 1.20545 -0.089648 0.0113822
1097000 1.18775 -0.101734 0.0112174
1098000 1.24595 -0.0771948 0.0118906
1099000 1.15152 -0.0861837 0.0110557
1100000 1.19944 -0.0733365 0.0115911
