# Time-averaged data for fix 2
# TimeStep v_Temperature v_PotentialEnergy v_Pressure
1000 4.51642 -0.55432 0.463632
2000 4.91543 -0.49106 0.53665
3000 4.90911 -0.489714 0.520358
4000 5.03494 -0.475643 0.532542
5000 4.87692 -0.486767 0.518569
6000 4.81821 -0.51226 0.511537
7000 4.999 -0.485934 0.529812
8000 4.93284 -0.506326 0.524251
9000 4.92957 -0.51968 0.511833
10000 4.88635 -0.542203 0.506896
11000 5.17067 -0.468098 0.552303
12000 4.8355 -0.517897 0.499525
13000 5.11166 -0.477626 0.547415
14000 4.97675 -0.50042 0.516581
15000 5.01912 -0.481665 0.530909
16000 5.13957 -0.496262 0.53441
17000 4.90601 -0.509782 0.508421
18000 4.94791 -0.510106 0.523263
19000 4.94918 -0.495864 0.519559
20000 4.90933 -0.48297 0.530844
21000 4.88323 -0.518996 0.506228
22000 5.19489 -0.473237 0.562183
23000 4.931 -0.525927 0.507366
24000 4.85359 -0.511074 0.507209
25000 5.12315 -0.519756 0.525415
26000 5.05778 -0.485181 0.541293
27000 5.11353 -0.469868 0.540555
28000 5.05196 -0.502988 0.533068
29000 5.0253 -0.462699 0.549368
30000 4.95231 -0.492031 0.527622
31000 4.96848 -0.484196 0.528848
32000 4.91679 -0.477386 0.527571
33000 5.04886 -0.533881 0.523137
34000 5.07902 -0.471266 0.537264
35000 4.9061 -0.508824 0.513484
36000 4.8914 -0.479105 0.520002
37000 4.92713 -0.5148 0.511226
38000 4.98438 -0.514513 0.5214
39000 4.87972 -0.506794 0.519473
40000 4.9658 -0.506213 0.52566
41000 5.11668 -0.525539 0.545454
42000 4.95436 -0.505312 0.515666
43000 4.9912 -0.479749 0.534924
44000 4.92847 -0.522448 0.516744
45000 5.0961 -0.497992 0.530038
46000 4.98561 -0.512688 0.526224
47000 4.94394 -0.517046 0.511573
48000 5.08948 -0.485852 0.534358
49000 4.95048 -0.552433 0.518224
50000 5.02715 -0.53295 0.520407
51000 4.99368 -0.522494 0.535552
52000 5.04591 -0.521098 0.534248
53000 4.90515 -0.514921 0.518784
54000 4.95219 -0.500126 0.518558
55000 5.12926 -0.48471 0.539661
56000 4.94988 -0.495151 0.530135
57000 5.04988 -0.507502 0.534875
58000 5.05742 -0.49837 0.532317
59000 5.03544 -0.513714 0.519256
60000 5.06235 -0.513354 0.540251
61000 5.02948 -0.499193 0.538459
62000 5.05797 -0.485672 0.534511
63000 5.03084 -0.484763 0.528937
64000 5.05784 -0.520936 0.53004
65000 5.18727 -0.510806 0.538716
66000 5.10875 -0.490271 0.540019
67000 4.93759 -0.503572 0.525924
68000 4.93957 -0.525198 0.522435
69000 5.19897 -0.496156 0.547354
70000 4.84965 -0.510703 0.507822
71000 5.03683 -0.484964 0.535916
72000 4.91916 -0.512284 0.513723
73000 5.00338 -0.504576 0.52658
74000 5.0519 -0.495187 0.539137
75000 4.99475 -0.472806 0.53306
76000 4.86672 -0.507333 0.518754
77000 5.14295 -0.483644 0.54395
78000 5.02801 -0.509484 0.528343
79000 4.87008 -0.490961 0.522947
80000 4.9611 -0.47607 0.530277
81000 4.86831 -0.500046 0.519622
82000 4.98326 -0.513779 0.518012
83000 4.89602 -0.504335 0.526777
84000 5.01707 -0.495353 0.538483
85000 5.04046 -0.488503 0.532333
86000 4.83646 -0.509186 0.514376
87000 5.08418 -0.52104 0.522605
88000 4.93757 -0.531451 0.522198
89000 5.12268 -0.481289 0.540475
90000 4.84509 -0.512661 0.501812
91000 5.17962 -0.465663 0.55893
92000 4.84438 -0.540662 0.520766
93000 5.11062 -0.525243 0.535574
94000 5.01474 -0.493627 0.547323
95000 5.00487 -0.484486 0.544431
96000 4.98234 -0.515269 0.522281
97000 4.86897 -0.520673 0.511965
98000 5.01491 -0.484993 0.533117
99000 5.02384 -0.505948 0.526518
100000 5.03072 -0.500317 0.53892
101000 4.9048 -0.517496 0.518867
102000 5.16451 -0.492528 0.550465
103000 5.13992 -0.444347 0.567977
104000 4.78304 -0.513496 0.508031
105000 5.05083 -0.512351 0.536644
106000 5.12867 -0.486874 0.54074
107000 4.89803 -0.526908 0.513343
108000 5.00901 -0.510772 0.523324
109000 4.98055 -0.489887 0.527157
110000 5.18699 -0.51036 0.532101
111000 4.88086 -0.487023 0.521569
112000 4.95903 -0.474117 0.530588
113000 5.05315 -0.489185 0.520839
114000 4.98503 -0.510753 0.534969
115000 4.99534 -0.50725 0.52818
116000 4.98144 -0.486982 0.527013
117000 5.18752 -0.501525 0.551027
118000 4.91663 -0.523751 0.511785
119000 4.82692 -0.486037 0.516814
120000 4.98931 -0.480675 0.529368
121000 4.98945 -0.499626 0.522818
122000 4.89239 -0.474767 0.516759
123000 5.16934 -0.500224 0.536236
124000 4.87622 -0.475898 0.505642
125000 5.04864 -0.489289 0.542566
126000 4.978 -0.50034 0.518888
127000 4.92491 -0.487541 0.531764
128000 4.9852 -0.51324 0.52429
129000 5.09239 -0.50798 0.543102
130000 4.8153 -0.511708 0.501719
131000 4.95759 -0.514739 0.520338
132000 5.01482 -0.50258 0.533692
133000 4.89257 -0.476494 0.515675
134000 5.04024 -0.489792 0.525174
135000 5.07501 -0.484922 0.554215
136000 4.88822 -0.525846 0.508352
137000 5.01628 -0.497468 0.526529
138000 5.09033 -0.500847 0.537444
139000 4.77537 -0.513931 0.49356
140000 5.10908 -0.519563 0.540348
141000 4.98065 -0.527332 0.531893
142000 5.18541 -0.51211 0.548859
143000 4.94687 -0.542536 0.517934
144000 5.04116 -0.470031 0.537275
145000 4.86429 -0.530965 0.507289
146000 5.01382 -0.500253 0.524335
147000 5.05584 -0.473002 0.53519
148000 5.01192 -0.484699 0.536773
149000 5.03215 -0.515866 0.529873
150000 5.02625 -0.510101 0.530894
151000 5.01133 -0.481027 0.531597
152000 4.95248 -0.504707 0.522756
153000 5.11336 -0.490607 0.536903
154000 4.94106 -0.515783 0.50465
155000 4.98929 -0.481812 0.528106
156000 5.13115 -0.475157 0.544964
157000 5.03269 -0.56375 0.524269
158000 5.06143 -0.521281 0.541427
159000 5.11903 -0.524258 0.527904
160000 5.03367 -0.527903 0.522291
161000 5.0164 -0.471239 0.539254
162000 5.04815 -0.500724 0.532311
163000 4.9902 -0.501922 0.529705
164000 5.00216 -0.514701 0.517262
165000 5.03765 -0.513877 0.531876
166000 5.08437 -0.48808 0.547443
167000 5.0177 -0.494 0.527431
168000 4.84298 -0.497267 0.508388
169000 5.04991 -0.510767 0.53897
170000 4.97518 -0.489372 0.524885
171000 5.15055 -0.516932 0.530908
172000 4.98965 -0.5292 0.525611
173000 4.91156 -0.501696 0.52033
174000 5.04301 -0.496829 0.527083
175000 5.14104 -0.48844 0.548909
176000 4.92302 -0.481566 0.524877
177000 4.99664 -0.482553 0.530844
178000 4.9989 -0.50299 0.527332
179000 4.92887 -0.500689 0.529911
180000 4.93163 -0.529525 0.515291
181000 4.98198 -0.470011 0.537404
182000 4.99982 -0.483955 0.539897
183000 5.0695 -0.480848 0.535143
184000 4.88875 -0.518837 0.507661
185000 5.01427 -0.474643 0.531361
186000 4.95339 -0.500616 0.524962
187000 5.1777 -0.496805 0.546136
188000 4.94648 -0.509549 0.514504
189000 5.01955 -0.451409 0.539699
190000 4.98509 -0.468574 0.538526
191000 4.9168 -0.502758 0.518808
192000 4.99652 -0.485108 0.528768
193000 5.1667 -0.491643 0.548068
194000 5.01242 -0.483009 0.528135
195000 5.02691 -0.478764 0.533322
196000 5.0254 -0.490172 0.529377
197000 5.01373 -0.534724 0.520041
198000 5.0317 -0.516431 0.535273
199000 4.98494 -0.465613 0.529288
200000 4.89265 -0.490047 0.529173
201000 4.89808 -0.505068 0.520959
202000 5.00518 -0.528598 0.529218
203000 5.13488 -0.507259 0.543241
204000 4.84232 -0.457573 0.521566
205000 5.1072 -0.47201 0.553932
206000 5.00562 -0.508311 0.52608
207000 5.12069 -0.525544 0.54782
208000 4.86523 -0.525112 0.499974
209000 5.11921 -0.525217 0.525297
210000 5.06021 -0.513426 0.526912
211000 5.05882 -0.521659 0.521967
212000 5.12009 -0.496717 0.532964
213000 4.90331 -0.530477 0.499193
214000 5.00483 -0.508087 0.529614
215000 5.02184 -0.496516 0.528857
216000 5.02555 -0.505923 0.526674
217000 5.04194 -0.488094 0.54057
218000 4.96899 -0.509656 0.518725
219000 4.93567 -0.513007 0.520918
220000 4.92988 -0.512987 0.520496
221000 5.02985 -0.502025 0.522595
222000 5.07928 -0.515871 0.535753
223000 4.93163 -0.481527 0.527402
224000 4.98524 -0.499169 0.527779
225000 5.08226 -0.514794 0.531333
226000 4.98475 -0.510291 0.523289
227000 5.03599 -0.478079 0.535406
228000 4.91231 -0.488174 0.516626
229000 5.14302 -0.518237 0.539179
230000 4.91655 -0.50939 0.510624
231000 5.14823 -0.502889 0.547916
232000 5.02901 -0.50382 0.529933
233000 4.91907 -0.509525 0.512012
234000 4.86628 -0.51753 0.508006
235000 4.9803 -0.515844 0.526025
236000 4.98176 -0.48953 0.528512
237000 5.12784 -0.490797 0.552747
238000 4.97938 -0.514154 0.52781
239000 5.06121 -0.496214 0.535473
240000 4.98338 -0.545521 0.525924
241000 5.12785 -0.474853 0.533778
242000 4.82766 -0.493678 0.508111
243000 5.07387 -0.523751 0.526975
244000 5.10991 -0.492042 0.541328
245000 4.8566 -0.511991 0.514168
246000 5.15508 -0.47765 0.550708
247000 5.0217 -0.51546 0.525257
248000 5.04024 -0.501917 0.532412
249000 4.95191 -0.532616 0.511412
250000 4.78998 -0.507529 0.511604
251000 4.90907 -0.503023 0.518286
252000 5.04748 -0.510321 0.53511
253000 4.82161 -0.486216 0.513897
254000 4.97354 -0.516504 0.523245
255000 5.00594 -0.463223 0.539131
256000 5.01186 -0.493277 0.530129
257000 5.05466 -0.476098 0.543791
258000 5.01559 -0.475135 0.537779
259000 4.79385 -0.516062 0.502801
260000 4.90984 -0.498538 0.528079
261000 4.9196 -0.478129 0.525519
262000 4.98097 -0.488594 0.530207
263000 4.92476 -0.485003 0.517082
264000 4.98002 -0.493971 0.528513
265000 4.82753 -0.501441 0.515756
266000 4.98673 -0.52117 0.522904
267000 5.00878 -0.488212 0.533176
268000 4.97987 -0.540555 0.51844
269000 4.90712 -0.525795 0.51881
270000 5.01318 -0.500405 0.530036
271000 5.11551 -0.478294 0.553551
272000 4.85092 -0.512329 0.50284
273000 4.87905 -0.525082 0.514208
274000 4.98909 -0.501861 0.533112
275000 4.87596 -0.509947 0.507652
276000 4.99458 -0.496783 0.534297
277000 4.95306 -0.493602 0.523388
278000 5.09973 -0.505045 0.535206
279000 5.01227 -0.531186 0.519916
280000 5.18789 -0.466421 0.557528
281000 5.02868 -0.513987 0.532071
282000 4.96516 -0.546311 0.522247
283000 5.04316 -0.499771 0.530679
284000 5.07007 -0.500028 0.538466
285000 4.93396 -0.502178 0.521287
286000 5.044 -0.502321 0.531879
287000 5.03762 -0.46456 0.539999
288000 4.89651 -0.502653 0.509803
289000 4.87534 -0.49074 0.518806
290000 5.16387 -0.515494 0.541635
291000 4.96987 -0.493699 0.524963
292000 5.05133 -0.533471 0.514082
293000 4.89501 -0.489244 0.524511
294000 5.02761 -0.504217 0.530525
295000 5.03065 -0.478439 0.543172
296000 5.11225 -0.540423 0.528382
297000 4.85272 -0.502219 0.50737
298000 4.85883 -0.505652 0.516793
299000 5.05453 -0.493464 0.523724
300000 4.96863 -0.51199 0.525323
301000 5.00816 -0.488014 0.529573
302000 4.90632 -0.493127 0.520257
303000 5.03554 -0.478387 0.543077
304000 4.95964 -0.49976 0.515799
305000 4.9157 -0.526302 0.513151
306000 4.95668 -0.51146 0.522595
307000 4.91484 -0.516602 0.515106
308000 4.94734 -0.499252 0.523066
309000 4.93763 -0.50739 0.516842
310000 4.90167 -0.48277 0.516572
311000 4.91879 -0.513249 0.516149
312000 4.99486 -0.501374 0.53329
313000 5.09531 -0.524578 0.543582
314000 4.82153 -0.519347 0.507084
315000 5.10052 -0.491578 0.550042
316000 4.85085 -0.475939 0.518798
317000 5.02392 -0.47166 0.538079
318000 5.01949 -0.532315 0.522671
319000 5.08699 -0.472946 0.532813
320000 5.12582 -0.50823 0.52605
321000 4.95403 -0.512193 0.527287
322000 5.01384 -0.492106 0.532176
323000 4.899 -0.497687 0.515124
324000 5.00667 -0.523119 0.519327
325000 5.04607 -0.528832 0.533935
326000 4.94154 -0.507718 0.52216
327000 5.01797 -0.488429 0.535081
328000 4.96175 -0.486724 0.524605
329000 5.20936 -0.516122 0.546343
330000 4.90874 -0.501744 0.529997
331000 4.96855 -0.49441 0.528184
332000 5.03076 -0.476064 0.540595
333000 4.99805 -0.483352 0.541518
334000 4.95795 -0.511015 0.523241
335000 4.87516 -0.490725 0.518502
336000 5.07823 -0.470985 0.548761
337000 4.94466 -0.497789 0.528195
338000 5.00906 -0.484182 0.528353
339000 5.1223 -0.49037 0.547225
340000 4.95618 -0.462315 0.524773
341000 4.97566 -0.483681 0.521189
342000 4.96921 -0.508349 0.532742
343000 5.10119 -0.479631 0.545559
344000 5.02941 -0.485243 0.536319
345000 4.98868 -0.531634 0.516354
346000 4.9394 -0.48777 0.520316
347000 4.98744 -0.515239 0.52276
348000 5.06946 -0.516606 0.537066
349000 4.91806 -0.509591 0.509551
350000 5.06983 -0.502925 0.541719
351000 5.13402 -0.518737 0.528062
352000 4.78586 -0.496698 0.507601
353000 5.012 -0.506145 0.534193
354000 5.02098 -0.509586 0.528093
355000 5.10286 -0.502276 0.534423
356000 5.06293 -0.493922 0.527645
357000 5.13977 -0.483224 0.545314
358000 4.89233 -0.476878 0.529277
359000 5.092 -0.497755 0.535998
360000 5.11396 -0.500459 0.544606
361000 4.94925 -0.524291 0.529148
362000 5.02359 -0.497895 0.532281
363000 4.97405 -0.48243 0.526746
364000 5.14787 -0.492735 0.542945
365000 5.1467 -0.508591 0.547476
366000 4.89118 -0.518504 0.515854
367000 4.96991 -0.529759 0.514715
368000 5.1188 -0.498177 0.546532
369000 4.89633 -0.487386 0.520038
370000 4.99802 -0.516616 0.533404
371000 5.11182 -0.517335 0.53357
372000 4.9682 -0.50087 0.522472
373000 4.92925 -0.488599 0.515006
374000 4.90916 -0.478146 0.521436
375000 4.90482 -0.512351 0.51261
376000 5.12147 -0.488005 0.534551
377000 4.99036 -0.49305 0.532124
378000 4.84427 -0.49962 0.504944
379000 5.11384 -0.508738 0.545633
380000 4.79417 -0.475691 0.517675
381000 5.13371 -0.514853 0.541979
382000 5.05192 -0.499313 0.546006
383000 5.16566 -0.460716 0.556603
384000 5.08677 -0.471851 0.548334
385000 4.97902 -0.495304 0.530452
386000 5.12658 -0.524085 0.534034
387000 5.18078 -0.516802 0.540392
388000 5.02806 -0.505642 0.551794
389000 4.86243 -0.519754 0.510752
390000 5.19274 -0.535805 0.546246
391000 4.83505 -0.479286 0.512534
392000 5.10414 -0.51145 0.540172
393000 5.06257 -0.499961 0.53035
394000 5.03717 -0.50405 0.527827
395000 5.09578 -0.500979 0.541182
396000 4.83831 -0.503989 0.510366
397000 5.06749 -0.519185 0.528251
398000 5.06903 -0.474419 0.542879
399000 4.79758 -0.504318 0.517648
400000 5.09738 -0.522957 0.54131
401000 5.05274 -0.487811 0.531584
402000 4.93705 -0.523629 0.527499
403000 4.93133 -0.491119 0.525152
404000 5.05414 -0.496916 0.536339
405000 4.9854 -0.452857 0.544123
406000 5.06143 -0.48375 0.541954
407000 5.07177 -0.482514 0.540088
408000 4.97381 -0.46205 0.54184
409000 4.94227 -0.536529 0.513703
410000 4.92126 -0.480678 0.524248
411000 5.08086 -0.497591 0.528629
412000 5.06948 -0.525952 0.530022
413000 4.87444 -0.531717 0.501589
414000 4.81562 -0.503047 0.510524
415000 4.90528 -0.529683 0.509216
416000 5.02859 -0.485776 0.524204
417000 4.95532 -0.485 0.527183
418000 5.07457 -0.493818 0.532502
419000 4.89081 -0.508551 0.512223
420000 5.17528 -0.5013 0.548086
421000 5.10555 -0.477175 0.543305
422000 4.84697 -0.533453 0.509514
423000 5.11723 -0.491237 0.542211
424000 5.13494 -0.501336 0.537085
425000 4.85055 -0.485841 0.518159
426000 4.9558 -0.517346 0.51267
427000 5.0615 -0.490062 0.538587
428000 4.8974 -0.516897 0.512101
429000 4.96113 -0.511003 0.519608
430000 5.01609 -0.494419 0.529211
431000 5.02513 -0.483266 0.536028
432000 5.02572 -0.517476 0.526329
433000 5.04446 -0.467581 0.545233
434000 5.05007 -0.489928 0.532877
435000 5.1674 -0.51787 0.54263
436000 4.89127 -0.474047 0.530239
437000 4.98282 -0.527713 0.514211
438000 4.94793 -0.491474 0.520679
439000 5.19366 -0.504605 0.552097
440000 4.86112 -0.468997 0.525523
441000 4.9447 -0.490166 0.525622
442000 4.90137 -0.500579 0.515383
443000 5.09466 -0.498076 0.54327
444000 5.11039 -0.514954 0.548523
445000 4.8855 -0.536997 0.507513
446000 5.06486 -0.531983 0.534677
447000 5.05511 -0.504936 0.540436
448000 4.91711 -0.489392 0.522976
449000 5.01096 -0.515992 0.517179
450000 4.92571 -0.485778 0.521097
451000 5.16035 -0.511624 0.543218
452000 4.90845 -0.482067 0.523115
453000 4.80254 -0.506609 0.499665
454000 4.87232 -0.486913 0.517107
455000 5.00657 -0.488974 0.539453
456000 4.91724 -0.468041 0.530817
457000 4.88681 -0.482151 0.518132
458000 5.11621 -0.511611 0.534863
459000 4.98141 -0.515851 0.534247
460000 5.02459 -0.498587 0.533734
461000 4.94701 -0.450634 0.537668
462000 5.13635 -0.494994 0.540245
463000 5.02381 -0.481652 0.53387
464000 5.01462 -0.491759 0.534733
465000 5.01432 -0.482145 0.530528
466000 5.08126 -0.514298 0.532858
467000 4.90073 -0.499046 0.527556
468000 5.01135 -0.526512 0.524247
469000 5.1778 -0.512499 0.551476
470000 5.06568 -0.527223 0.547907
471000 4.98048 -0.510737 0.530429
472000 4.88025 -0.517936 0.500681
473000 5.11685 -0.466493 0.555072
474000 4.93618 -0.46472 0.537064
475000 4.98154 -0.492894 0.526997
476000 4.97091 -0.500733 0.522196
477000 5.07873 -0.499982 0.533412
478000 5.06233 -0.497618 0.538225
479000 4.95341 -0.476937 0.527707
480000 4.95732 -0.506005 0.513729
481000 4.96559 -0.488064 0.526598
482000 5.0045 -0.48613 0.537122
483000 4.97715 -0.479299 0.531899
484000 4.92482 -0.530968 0.508281
485000 4.95171 -0.481339 0.526074
486000 5.18809 -0.503361 0.55316
487000 5.1492 -0.485153 0.546282
488000 4.87423 -0.516156 0.509219
489000 5.08795 -0.507401 0.539576
490000 4.83827 -0.49907 0.520006
491000 5.04939 -0.468337 0.542255
492000 5.07425 -0.529043 0.530944
493000 4.96121 -0.496545 0.516027
494000 5.08183 -0.51034 0.531794
495000 5.03318 -0.467379 0.53784
496000 5.05945 -0.485819 0.534637
497000 5.02258 -0.497949 0.533961
498000 5.00046 -0.494568 0.532787
499000 4.84632 -0.546866 0.503886
500000 4.84085 -0.484879 0.50827
501000 5.06513 -0.495318 0.535265
502000 4.95666 -0.473419 0.53438
503000 4.98288 -0.487586 0.526921
504000 5.04514 -0.483692 0.542612
505000 4.99196 -0.493691 0.536454
506000 4.80832 -0.536603 0.49718
507000 4.96146 -0.490595 0.542542
508000 5.21769 -0.494415 0.544232
509000 5.02826 -0.482143 0.533389
510000 4.91686 -0.509571 0.527849
511000 5.10982 -0.491907 0.535793
512000 5.0786 -0.479124 0.546437
513000 4.94462 -0.499164 0.529371
514000 4.84699 -0.503364 0.520578
515000 5.10271 -0.503238 0.538037
516000 5.0646 -0.482297 0.540581
517000 4.98359 -0.478195 0.531663
518000 4.92894 -0.483958 0.523722
519000 5.09783 -0.502257 0.539819
520000 4.99549 -0.446154 0.542283
521000 4.98976 -0.497255 0.523523
522000 4.93258 -0.500741 0.520449
523000 4.98654 -0.509743 0.519728
524000 5.09994 -0.469567 0.556629
525000 5.01826 -0.512626 0.523297
526000 5.03732 -0.505336 0.536071
527000 5.03725 -0.461622 0.541395
528000 5.06731 -0.48173 0.538994
529000 5.01672 -0.513738 0.531642
530000 5.0466 -0.494289 0.528151
531000 4.92259 -0.51675 0.514681
532000 5.09874 -0.514542 0.530305
533000 4.84622 -0.512925 0.521322
534000 5.00474 -0.545951 0.527338
535000 4.94743 -0.487049 0.538162
536000 4.92576 -0.533947 0.507104
537000 5.04087 -0.462626 0.548048
538000 4.7926 -0.489014 0.508789
539000 5.0073 -0.481495 0.540367
540000 4.9783 -0.509893 0.521801
541000 5.11834 -0.494466 0.55324
542000 4.89121 -0.515352 0.510993
543000 4.8766 -0.505454 0.512824
544000 5.06751 -0.503628 0.533338
545000 5.00472 -0.470181 0.539325
546000 4.95018 -0.494511 0.523776
547000 4.98312 -0.523572 0.517152
548000 4.99242 -0.506801 0.527242
549000 5.04994 -0.495283 0.54082
550000 4.96637 -0.483738 0.538084
551000 4.93696 -0.463882 0.523052
552000 5.17132 -0.510358 0.543411
553000 4.95739 -0.487219 0.544398
554000 4.98194 -0.507977 0.517332
555000 5.0165 -0.490351 0.529321
556000 4.99634 -0.518819 0.534073
557000 5.09199 -0.514529 0.541446
558000 4.9896 -0.520418 0.531214
559000 5.02297 -0.452471 0.551514
560000 4.95985 -0.498213 0.518305
561000 4.95968 -0.516262 0.527369
562000 4.90401 -0.521493 0.513038
563000 5.05451 -0.494191 0.537722
564000 4.86644 -0.471324 0.509605
565000 4.81053 -0.490274 0.50757
566000 4.8776 -0.516211 0.503286
567000 5.16822 -0.514436 0.540983
568000 4.93069 -0.484993 0.529861
569000 5.13324 -0.50637 0.545863
570000 4.84483 -0.481589 0.518174
571000 4.99443 -0.518824 0.532797
572000 4.96154 -0.501655 0.524561
573000 4.83209 -0.481526 0.508736
574000 5.13171 -0.49806 0.54102
575000 4.9864 -0.47764 0.53346
576000 5.06353 -0.50523 0.531939
577000 5.10764 -0.492096 0.548886
578000 4.99268 -0.495141 0.538221
579000 4.97934 -0.472464 0.527536
580000 5.05806 -0.520441 0.534246
581000 4.87925 -0.475432 0.535504
582000 4.89976 -0.45157 0.524324
583000 4.96286 -0.453539 0.52434
584000 4.92821 -0.519854 0.514667
585000 5.02321 -0.499455 0.522666
586000 5.01441 -0.506948 0.538232
587000 5.03087 -0.510695 0.529864
588000 4.94021 -0.490322 0.522902
589000 5.0495 -0.460213 0.543569
590000 4.99736 -0.491156 0.519189
591000 4.90163 -0.494018 0.523614
592000 4.87946 -0.51336 0.520584
593000 5.09985 -0.534995 0.528755
594000 5.03267 -0.510973 0.524948
595000 4.82453 -0.529042 0.510984
596000 5.15124 -0.489761 0.543037
597000 5.04179 -0.492404 0.533599
598000 4.89104 -0.50686 0.521172
599000 5.11752 -0.481145 0.552953
600000 4.89701 -0.511708 0.509025
601000 5.1107 -0.52416 0.534285
602000 5.09829 -0.486989 0.540964
603000 4.90385 -0.496756 0.511281
604000 4.98686 -0.503129 0.53105
605000 5.09592 -0.531098 0.520594
606000 4.98416 -0.492645 0.522182
607000 5.066 -0.522766 0.534424
608000 4.90075 -0.518713 0.522467
609000 4.97891 -0.486367 0.536515
610000 5.10234 -0.497566 0.537882
611000 4.86387 -0.511882 0.512374
612000 5.06324 -0.477564 0.538193
613000 5.01274 -0.48405 0.526213
614000 4.94113 -0.496857 0.525181
615000 4.92718 -0.514166 0.522732
616000 4.94151 -0.518966 0.527283
617000 4.92123 -0.500289 0.515014
618000 5.08844 -0.514577 0.535838
619000 4.98335 -0.480751 0.528008
620000 5.05898 -0.508445 0.53267
621000 5.09323 -0.46319 0.547036
622000 4.80045 -0.458403 0.516583
623000 5.03409 -0.481292 0.537898
624000 5.22114 -0.493049 0.556473
625000 4.95317 -0.486728 0.524733
626000 5.0084 -0.521708 0.521482
627000 4.98461 -0.520916 0.527346
628000 5.08878 -0.506693 0.528396
629000 4.90267 -0.540768 0.501426
630000 5.14435 -0.512178 0.537478
631000 5.03203 -0.527259 0.529097
632000 4.81292 -0.524171 0.500587
633000 5.08804 -0.518991 0.525644
634000 5.04117 -0.514669 0.529432
635000 4.90472 -0.4875 0.525362
636000 4.99955 -0.534144 0.5068
637000 5.05918 -0.479977 0.541599
638000 4.84523 -0.481092 0.519318
639000 5.08054 -0.506098 0.533947
640000 5.04323 -0.502472 0.532653
641000 5.10534 -0.497718 0.544463
642000 4.92517 -0.550315 0.513183
643000 5.02897 -0.475078 0.544305
644000 5.02222 -0.507634 0.536396
645000 5.00615 -0.501706 0.520794
646000 4.99466 -0.508631 0.527768
647000 5.18248 -0.489154 0.548799
648000 4.9164 -0.48778 0.518851
649000 5.15425 -0.4893 0.555731
650000 4.86355 -0.496227 0.510248
651000 4.93717 -0.498293 0.531569
652000 4.88404 -0.495537 0.521104
653000 5.13612 -0.479702 0.540755
654000 5.04943 -0.505359 0.529168
655000 4.94392 -0.486265 0.526998
656000 5.01902 -0.509776 0.532864
657000 5.13289 -0.486442 0.54919
658000 4.81464 -0.493488 0.500406
659000 5.02836 -0.50605 0.518523
660000 5.02913 -0.517681 0.523353
661000 5.04574 -0.488591 0.536594
662000 4.96101 -0.537814 0.514245
663000 5.16884 -0.527595 0.529322
664000 5.18122 -0.519533 0.54336
665000 4.92559 -0.510662 0.513924
666000 4.85942 -0.506241 0.512134
667000 4.99955 -0.497674 0.537056
668000 4.91915 -0.512416 0.52034
669000 4.95881 -0.502045 0.521766
670000 4.9957 -0.495857 0.531047
671000 5.06482 -0.531571 0.527957
672000 4.97408 -0.497789 0.520981
673000 4.98045 -0.465828 0.534943
674000 5.20726 -0.510502 0.556528
675000 4.94009 -0.480196 0.527343
676000 4.93641 -0.514544 0.523577
677000 4.84682 -0.502179 0.523761
678000 5.03858 -0.495632 0.531832
679000 4.98596 -0.488463 0.531329
680000 4.85705 -0.513534 0.496047
681000 5.1255 -0.47991 0.550737
682000 5.01071 -0.479145 0.522733
683000 4.78487 -0.490928 0.507507
684000 5.01512 -0.522237 0.525028
685000 5.2084 -0.470909 0.556617
686000 5.13 -0.502208 0.548031
687000 4.92061 -0.492848 0.516065
688000 4.97351 -0.494857 0.53442
689000 5.05912 -0.511017 0.520324
690000 4.97334 -0.48684 0.523834
691000 4.91561 -0.496277 0.525025
692000 5.04209 -0.484617 0.53337
693000 5.06635 -0.50752 0.536374
694000 4.9788 -0.530464 0.514559
695000 4.96778 -0.498179 0.528037
696000 5.10232 -0.493503 0.539443
697000 4.80119 -0.51105 0.512887
698000 5.16882 -0.488331 0.547435
699000 5.03169 -0.486994 0.533393
700000 5.09112 -0.520067 0.535202
701000 5.07599 -0.500867 0.531754
702000 4.92924 -0.513905 0.514389
703000 5.02233 -0.525127 0.520843
704000 4.99066 -0.499532 0.524822
705000 4.9706 -0.471678 0.539659
706000 4.77474 -0.510627 0.496618
707000 4.93039 -0.483772 0.525142
708000 4.98391 -0.496898 0.515905
709000 5.0567 -0.489231 0.539726
710000 5.04974 -0.463106 0.543103
711000 5.12099 -0.473986 0.544997
712000 4.82016 -0.501776 0.521217
713000 5.01211 -0.512265 0.525752
714000 5.08739 -0.495047 0.537706
715000 4.89573 -0.496047 0.51096
716000 4.91288 -0.518168 0.51507
717000 5.12048 -0.495176 0.547717
718000 5.05608 -0.497382 0.536785
719000 4.96893 -0.50152 0.537699
720000 4.92128 -0.491799 0.53173
721000 5.07613 -0.488429 0.553276
722000 4.90749 -0.485754 0.525787
723000 4.97714 -0.518929 0.534064
724000 5.0864 -0.474698 0.546366
725000 5.2023 -0.496992 0.558351
726000 5.0483 -0.478959 0.532893
727000 4.88479 -0.507755 0.517729
728000 4.99557 -0.498963 0.517512
729000 5.1744 -0.488285 0.548585
730000 4.83436 -0.501258 0.51755
731000 5.05566 -0.535961 0.531504
732000 5.02853 -0.518028 0.52998
733000 4.93079 -0.505139 0.515618
734000 5.08502 -0.523386 0.537288
735000 5.01219 -0.477731 0.529287
736000 4.87485 -0.505376 0.516143
737000 4.80578 -0.481526 0.514724
738000 4.89352 -0.501468 0.512933
739000 4.99358 -0.509992 0.523611
740000 5.101 -0.497901 0.529108
741000 5.04322 -0.496667 0.536419
742000 4.97331 -0.500261 0.52422
743000 4.94142 -0.515507 0.51625
744000 5.1178 -0.502535 0.54108
745000 4.93692 -0.525478 0.520923
746000 4.91028 -0.505677 0.519594
747000 5.07039 -0.503009 0.532958
748000 5.02071 -0.502528 0.540059
749000 5.10715 -0.500705 0.533147
750000 5.0083 -0.527043 0.526477
751000 4.92712 -0.523923 0.522036
752000 4.92667 -0.496785 0.513905
753000 5.10376 -0.501161 0.537203
754000 4.99728 -0.513136 0.528218
755000 4.90001 -0.499083 0.517649
756000 4.92599 -0.483264 0.522022
757000 4.89548 -0.497637 0.516674
758000 5.01133 -0.510863 0.532023
759000 4.95882 -0.502832 0.510689
760000 5.08111 -0.509644 0.532893
761000 4.98239 -0.498989 0.528372
762000 5.11648 -0.480358 0.543647
763000 5.11545 -0.514403 0.539005
764000 4.83941 -0.473699 0.515026
765000 5.06576 -0.520615 0.528631
766000 5.08456 -0.464832 0.545198
767000 4.87512 -0.484927 0.519868
768000 4.87441 -0.4972 0.508526
769000 5.03999 -0.49754 0.533218
770000 4.98761 -0.502136 0.518293
771000 4.89332 -0.522972 0.51449
772000 5.02759 -0.523673 0.526062
773000 5.12547 -0.480892 0.548976
774000 4.91296 -0.512864 0.516725
775000 4.92091 -0.466333 0.533076
776000 5.17865 -0.46341 0.551194
777000 4.93847 -0.507535 0.519889
778000 4.7773 -0.494405 0.501043
779000 5.05517 -0.502549 0.526776
780000 4.8973 -0.494175 0.523749
781000 4.93093 -0.509869 0.527828
782000 5.12834 -0.492132 0.551101
783000 4.9439 -0.510374 0.521911
784000 5.08969 -0.489303 0.538894
785000 5.03874 -0.504748 0.535513
786000 5.06311 -0.500375 0.532612
787000 4.94813 -0.484492 0.529082
788000 5.04384 -0.480188 0.536407
789000 4.96899 -0.476624 0.532232
790000 4.90273 -0.493342 0.511268
791000 4.97929 -0.491309 0.530671
792000 5.07382 -0.50169 0.529527
793000 4.93258 -0.521553 0.503695
794000 5.11897 -0.523378 0.528782
795000 4.81591 -0.484983 0.50206
796000 4.91351 -0.518534 0.516293
797000 4.94234 -0.514802 0.518428
798000 4.8903 -0.489644 0.529952
799000 5.15509 -0.521522 0.539721
800000 4.98198 -0.489015 0.527759
801000 4.94271 -0.496669 0.520864
802000 5.05347 -0.499353 0.529532
803000 4.83312 -0.493814 0.512621
804000 5.10596 -0.459458 0.544167
805000 4.99421 -0.508827 0.526007
806000 4.91441 -0.520582 0.513342
807000 4.78654 -0.516524 0.498772
808000 5.08785 -0.510357 0.534975
809000 5.06709 -0.484068 0.540373
810000 4.89614 -0.503535 0.522236
811000 4.98911 -0.502757 0.525023
812000 4.9978 -0.538273 0.524609
813000 4.9153 -0.50287 0.521517
814000 4.8988 -0.506324 0.515634
815000 4.99558 -0.487114 0.533159
816000 5.0457 -0.494307 0.531955
817000 5.00283 -0.514166 0.525012
818000 5.01474 -0.486044 0.532785
819000 4.91736 -0.531701 0.513743
820000 4.97381 -0.500598 0.528452
821000 4.96007 -0.515193 0.519534
822000 4.99685 -0.484624 0.538864
823000 5.0459 -0.491727 0.53124
824000 5.15227 -0.475223 0.549006
825000 4.9762 -0.492398 0.52388
826000 4.97332 -0.478672 0.531194
827000 5.03371 -0.473954 0.533971
828000 5.11184 -0.501196 0.533645
829000 4.92989 -0.498926 0.527577
830000 4.95909 -0.514025 0.506854
831000 5.10322 -0.506132 0.542315
832000 4.92735 -0.485875 0.523172
833000 5.04148 -0.512802 0.530933
834000 4.91667 -0.488299 0.52596
835000 4.97819 -0.495332 0.54011
836000 5.02477 -0.472911 0.541463
837000 5.00904 -0.495588 0.532481
838000 5.03621 -0.494506 0.536711
839000 4.85083 -0.469663 0.532922
840000 5.10333 -0.449729 0.544513
841000 4.94178 -0.525096 0.518066
842000 5.16723 -0.49501 0.546671
843000 5.04763 -0.499074 0.530963
844000 4.9192 -0.500994 0.512851
845000 5.08628 -0.488334 0.533739
846000 4.89301 -0.505719 0.508653
847000 4.92113 -0.525852 0.505979
848000 5.09503 -0.507733 0.540447
849000 4.94895 -0.484683 0.525623
850000 5.07506 -0.476879 0.542295
851000 4.91889 -0.512843 0.515536
852000 4.99542 -0.48241 0.535799
853000 5.09016 -0.489971 0.541044
854000 4.94943 -0.501442 0.515646
855000 5.05205 -0.488066 0.539535
856000 4.94921 -0.493911 0.518552
857000 5.12755 -0.495684 0.527233
858000 5.00352 -0.504578 0.52913
859000 5.01959 -0.480448 0.537511
860000 4.93255 -0.492064 0.516483
861000 5.15737 -0.505792 0.546908
862000 4.94991 -0.501816 0.521876
863000 5.05329 -0.499726 0.536766
864000 4.84423 -0.494464 0.527701
865000 5.05197 -0.494806 0.538007
866000 5.08934 -0.46735 0.547202
867000 5.11789 -0.510922 0.537775
868000 5.06404 -0.508348 0.531923
869000 5.07305 -0.487524 0.529979
870000 4.95991 -0.502519 0.534766
871000 4.93088 -0.522398 0.515985
872000 4.93397 -0.501989 0.522435
873000 4.94884 -0.486998 0.52764
874000 4.93019 -0.498664 0.518609
875000 5.05441 -0.543002 0.522502
876000 4.84432 -0.531847 0.504995
877000 5.14853 -0.501362 0.538702
878000 4.80854 -0.52785 0.490812
879000 4.93526 -0.471956 0.542317
880000 5.00848 -0.51339 0.52386
881000 4.8801 -0.521698 0.505389
882000 4.80689 -0.501024 0.50362
883000 4.8768 -0.483917 0.519514
884000 4.99262 -0.49037 0.524484
885000 5.01371 -0.5052 0.531424
886000 5.0615 -0.472815 0.539604
887000 4.93056 -0.47786 0.516585
888000 4.97044 -0.502274 0.521842
889000 5.02809 -0.489232 0.529097
890000 4.88223 -0.497906 0.521784
891000 4.91883 -0.503575 0.514785
892000 5.11968 -0.510018 0.53072
893000 4.84307 -0.49611 0.515359
894000 5.03442 -0.527139 0.533478
895000 5.16409 -0.523208 0.542835
896000 5.15249 -0.488903 0.546846
897000 4.99834 -0.496037 0.532382
898000 5.14032 -0.507151 0.543172
899000 4.79221 -0.517876 0.496744
900000 4.97302 -0.497957 0.533087
901000 5.06956 -0.466049 0.537267
902000 5.16992 -0.479111 0.54938
903000 5.13989 -0.522363 0.547979
904000 4.94128 -0.512834 0.516171
905000 4.92128 -0.48605 0.522608
906000 5.0561 -0.491488 0.536373
907000 5.07313 -0.512315 0.541605
908000 5.08979 -0.502754 0.53038
909000 4.85704 -0.522986 0.505048
910000 5.10961 -0.479047 0.555809
911000 4.98395 -0.479819 0.528436
912000 4.84139 -0.508517 0.5175
913000 5.06965 -0.487944 0.546888
914000 5.03903 -0.50992 0.514741
915000 4.8725 -0.463955 0.539112
916000 5.09858 -0.464927 0.547317
917000 4.98723 -0.470714 0.534227
918000 4.92829 -0.521357 0.517752
919000 5.19303 -0.485042 0.540291
920000 4.87791 -0.514218 0.504642
921000 4.92291 -0.484682 0.530138
922000 5.09342 -0.495916 0.541859
923000 4.83521 -0.524386 0.506473
924000 5.07022 -0.488296 0.538184
925000 5.20791 -0.494001 0.554448
926000 4.98788 -0.483812 0.529661
927000 5.05679 -0.526147 0.528211
928000 5.04631 -0.516025 0.533222
929000 5.14562 -0.513244 0.548318
930000 4.89453 -0.506892 0.520424
931000 5.03794 -0.482929 0.533673
932000 5.04404 -0.515592 0.532591
933000 5.01088 -0.50925 0.509474
934000 4.82058 -0.486534 0.512373
935000 4.88659 -0.512908 0.511131
936000 4.96957 -0.52173 0.517894
937000 4.84935 -0.517255 0.506483
938000 5.03071 -0.494359 0.532263
939000 4.97533 -0.496994 0.533878
940000 5.06429 -0.492388 0.532366
941000 4.83019 -0.511146 0.497217
942000 5.0265 -0.513207 0.530652
943000 5.03814 -0.491553 0.537147
944000 5.00711 -0.475099 0.534879
945000 4.91618 -0.501353 0.517014
946000 4.968 -0.492094 0.535978
947000 4.9375 -0.485215 0.537094
948000 4.94625 -0.485929 0.526252
949000 5.00993 -0.505902 0.538893
950000 4.94326 -0.524664 0.505773
951000 4.91626 -0.4826 0.523163
952000 5.08306 -0.522852 0.529517
953000 4.98748 -0.530035 0.518491
954000 4.93879 -0.500369 0.527563
955000 5.01732 -0.502038 0.538961
956000 5.07954 -0.488984 0.541284
957000 4.99828 -0.507029 0.518777
958000 4.98262 -0.49334 0.540272
959000 4.88504 -0.499762 0.500972
960000 5.08622 -0.456839 0.539685
961000 5.16091 -0.490172 0.546353
962000 4.91295 -0.516929 0.504686
963000 4.96885 -0.520375 0.531417
964000 5.1742 -0.506494 0.540423
965000 4.80864 -0.552052 0.490615
966000 5.12748 -0.456258 0.552656
967000 4.81467 -0.473173 0.51479
968000 5.17318 -0.519003 0.549336
969000 5.00562 -0.510347 0.53221
970000 4.93768 -0.485875 0.532869
971000 5.11943 -0.484774 0.546214
972000 5.03397 -0.50022 0.531282
973000 5.02553 -0.506097 0.519965
974000 4.83385 -0.465673 0.525355
975000 4.85515 -0.504309 0.514191
976000 5.1669 -0.456198 0.559122
977000 4.89713 -0.498896 0.516135
978000 5.15047 -0.511221 0.542462
979000 4.90871 -0.524596 0.507236
980000 4.82115 -0.470403 0.524733
981000 5.05208 -0.474662 0.53309
982000 4.98411 -0.531105 0.510974
983000 5.09134 -0.504126 0.545868
984000 4.90868 -0.490703 0.517934
985000 5.1176 -0.493109 0.545926
986000 4.84193 -0.484153 0.514601
987000 5.15102 -0.485702 0.546058
988000 4.98289 -0.489724 0.543894
989000 4.86582 -0.509007 0.510863
990000 5.04721 -0.526506 0.5189
991000 5.05074 -0.525405 0.533095
992000 5.02284 -0.509964 0.532064
993000 5.03018 -0.519678 0.537184
994000 5.14219 -0.510393 0.538122
995000 4.95389 -0.532525 0.511511
996000 4.85516 -0.498222 0.519548
997000 5.19501 -0.499011 0.549784
998000 4.86524 -0.505212 0.513049
999000 5.04318 -0.517829 0.521823
1000000 5.05759 -0.469876 0.544997
1001000 5.06876 -0.47679 0.538053
1002000 4.86663 -0.523065 0.513749
1003000 4.95768 -0.464318 0.52931
1004000 5.11821 -0.520876 0.546078
1005000 4.88214 -0.497913 0.517114
1006000 4.94802 -0.529313 0.51682
1007000 5.06656 -0.521155 0.539124
1008000 5.02499 -0.525702 0.52869
1009000 5.07564 -0.507261 0.534986
1010000 5.11978 -0.486448 0.538381
1011000 4.93487 -0.500672 0.524298
1012000 5.07351 -0.47446 0.542523
1013000 5.0373 -0.50304 0.524215
1014000 5.001 -0.537593 0.524627
1015000 4.84108 -0.531401 0.506542
1016000 5.02507 -0.514477 0.536626
1017000 5.06232 -0.505148 0.529599
1018000 5.03396 -0.457533 0.53142
1019000 4.97498 -0.495489 0.524289
1020000 5.03391 -0.508004 0.54251
1021000 5.00539 -0.524095 0.524362
1022000 4.9919 -0.500492 0.522014
1023000 5.08757 -0.493128 0.536436
1024000 5.08152 -0.465897 0.545138
1025000 5.01973 -0.51133 0.532138
1026000 4.90313 -0.523043 0.515876
1027000 5.00532 -0.486952 0.523925
1028000 5.06306 -0.488865 0.537865
1029000 4.98368 -0.5412 0.509832
1030000 4.95524 -0.494638 0.527233
1031000 4.95113 -0.474116 0.533319
1032000 4.96258 -0.509681 0.521524
1033000 4.91738 -0.530776 0.505543
1034000 5.17764 -0.514505 0.530688
1035000 4.84783 -0.485828 0.519143
1036000 5.19241 -0.503687 0.547945
1037000 4.96638 -0.500255 0.515542
1038000 4.85153 -0.488049 0.517664
1039000 5.11094 -0.493014 0.544202
1040000 4.93502 -0.508382 0.517275
1041000 5.08119 -0.473804 0.541709
1042000 4.89317 -0.506092 0.511452
1043000 4.99966 -0.501931 0.518711
1044000 4.90354 -0.515197 0.518224
1045000 5.01276 -0.482586 0.537138
1046000 4.83756 -0.511363 0.514188
1047000 4.97225 -0.50807 0.525874
1048000 5.03682 -0.485122 0.547675
1049000 5.00804 -0.490167 0.528068
1050000 5.0794 -0.468084 0.550077
1051000 5.15855 -0.473939 0.553672
1052000 5.03685 -0.49959 0.529288
1053000 4.95574 -0.498087 0.525716
1054000 4.94128 -0.500358 0.505453
1055000 4.93717 -0.488865 0.531509
1056000 5.08328 -0.49155 0.53631
1057000 4.91276 -0.502909 0.514033
1058000 5.13437 -0.508167 0.539603
1059000 4.84696 -0.481732 0.51562
1060000 5.08491 -0.525225 0.539651
1061000 5.05589 -0.507779 0.547383
1062000 4.92095 -0.495701 0.516938
1063000 4.8972 -0.49281 0.524778
1064000 5.024 -0.498233 0.536158
1065000 4.97581 -0.509916 0.521019
1066000 5.05966 -0.496001 0.526642
1067000 4.95014 -0.492636 0.513323
1068000 5.08644 -0.489273 0.545653
1069000 5.01839 -0.528508 0.522124
1070000 4.9431 -0.494342 0.521225
1071000 4.99028 -0.516298 0.519573
1072000 5.05822 -0.503266 0.543887
1073000 4.88211 -0.480046 0.528628
1074000 5.02095 -0.508858 0.535203
1075000 5.01322 -0.470767 0.527582
1076000 5.10315 -0.492448 0.544181
1077000 5.02246 -0.501269 0.525922
1078000 4.93099 -0.485074 0.533604
1079000 5.02626 -0.505355 0.521085
1080000 4.87565 -0.488378 0.522161
1081000 5.19758 -0.49193 0.5521
1082000 4.93091 -0.503811 0.52942
1083000 4.91212 -0.487437 0.512336
1084000 5.08979 -0.485819 0.54111
1085000 5.02634 -0.525036 0.522609
1086000 4.9681 -0.484927 0.525242
1087000 4.85166 -0.543465 0.497785
1088000 5.00588 -0.51286 0.524671
1089000 5.06119 -0.520335 0.522616
1090000 4.94927 -0.472305 0.530498
1091000 4.9416 -0.501139 0.525619
1092000 5.19919 -0.482298 0.553108
1093000 4.76191 -0.522836 0.504091
1094000 5.0232 -0.49596 0.526145
1095000 4.97398 -0.522686 0.513481
1096000 4.89343 -0.498079 0.514393
1097000 5.10825 -0.504061 0.538048
1098000 4.95136 -0.48433 0.517223
1099000 4.82513 -0.524233 0.497966
1100000 5.14727 -0.507927 0.534805
