# Time-averaged data for fix 2
# TimeStep v_Temperature v_PotentialEnergy v_Pressure
1000 1.14136 -0.009389 0.00112483
2000 1.10103 -0.0107638 0.00108804
3000 1.0741 -0.00947317 0.00105474
4000 1.10807 -0.0182775 0.00108316
5000 1.11097 -0.0181005 0.00109366
6000 1.11586 -0.0144714 0.00109319
7000 1.09205 -0.00952705 0.00107522
8000 1.13916 -0.00824636 0.00112189
9000 1.09983 -0.0104399 0.00108244
10000 1.08661 -0.0135308 0.00106671
11000 1.10237 -0.0143244 0.00108111
12000 1.08031 -0.0127363 0.00106118
13000 1.06079 -0.0102943 0.00104048
14000 1.11622 -0.0195058 0.00108851
15000 1.08635 -0.0165724 0.00106135
16000 1.0741 -0.0174399 0.00105372
17000 1.13644 -0.0266076 0.00110832
18000 1.10279 -0.0189347 0.00108223
19000 1.08753 -0.015728 0.00106751
20000 1.14288 -0.0192098 0.0011222
21000 1.12931 -0.023919 0.00110165
22000 1.08904 -0.0152387 0.00107063
23000 1.11312 -0.0145564 0.00109394
24000 1.09846 -0.0153843 0.00108013
25000 1.0739 -0.0111001 0.00106273
26000 1.10388 -0.0223139 0.00108402
27000 1.11165 -0.0143812 0.00108967
28000 1.09898 -0.0170208 0.00107846
29000 1.11154 -0.0113398 0.00109772
30000 1.14656 -0.0178315 0.00112633
31000 1.10237 -0.0108463 0.00108619
32000 1.08321 -0.0134349 0.00106571
33000 1.08795 -0.0100453 0.00107445
34000 1.1222 -0.0137615 0.00110501
35000 1.08057 -0.0121591 0.00106755
36000 1.07374 -0.00908278 0.00105921
37000 1.11376 -0.00621643 0.001098
38000 1.13008 -0.00389277 0.00111389
39000 1.05774 -0.00207596 0.00104507
40000 1.12163 -0.0044659 0.00111082
41000 1.11706 -0.0102276 0.00109712
42000 1.0963 -0.00798569 0.00108244
43000 1.08946 -0.00825578 0.00107715
44000 1.11381 -0.00450668 0.00110084
45000 1.08944 -0.00778795 0.00107172
46000 1.0927 -0.00690192 0.00107742
47000 1.11527 -0.00416605 0.0010995
48000 1.09062 -0.00428488 0.00107568
49000 1.08636 -0.00557608 0.0010711
50000 1.09313 -0.00645111 0.00107803
51000 1.12526 -0.00995331 0.00110809
52000 1.10076 -0.00663334 0.00108661
53000 1.08419 -0.00635134 0.00106822
54000 1.0986 -0.00662267 0.00108301
55000 1.11291 -0.00965176 0.00109314
56000 1.10478 -0.004351 0.00109455
57000 1.09766 -0.00846717 0.00107859
58000 1.09634 -0.00416557 0.00108006
59000 1.12747 -0.00345353 0.00111508
60000 1.06837 -0.00852658 0.00105651
61000 1.08436 -0.00758241 0.00107111
62000 1.12631 -0.00686432 0.00111073
63000 1.09301 -0.00479362 0.00108199
64000 1.09691 -0.00589263 0.00108269
65000 1.11384 -0.00433497 0.00110013
66000 1.07806 -0.0026657 0.00106589
67000 1.14293 -0.00788192 0.00112978
68000 1.14464 -0.00784016 0.00112576
69000 1.08001 -0.00714476 0.00106398
70000 1.08071 -0.00646768 0.00106362
71000 1.12212 -0.0191149 0.00110225
72000 1.06839 -0.0207287 0.00104788
73000 1.12384 -0.0190737 0.00110962
74000 1.09011 -0.0145222 0.00107189
75000 1.10664 -0.0147483 0.00109168
76000 1.10923 -0.0211097 0.00108901
77000 1.08001 -0.0203607 0.00105761
78000 1.09399 -0.0203856 0.00107594
79000 1.12437 -0.0293098 0.00110162
80000 1.12352 -0.0316408 0.00109964
81000 1.09304 -0.0301793 0.00107064
82000 1.12381 -0.0303943 0.00110764
83000 1.14313 -0.0209762 0.00112475
84000 1.05961 -0.0229313 0.00103859
85000 1.11842 -0.0174891 0.00110315
86000 1.09325 -0.0180415 0.00107574
87000 1.08758 -0.020182 0.00106959
88000 1.11512 -0.0131653 0.00110022
89000 1.08354 -0.0138692 0.00106753
90000 1.10037 -0.0126258 0.00109053
91000 1.12224 -0.0182142 0.00110194
92000 1.1002 -0.0126018 0.00108604
93000 1.14016 -0.0133413 0.00112504
94000 1.06123 -0.0145456 0.00104494
95000 1.1277 -0.0168063 0.00111042
96000 1.10095 -0.0114583 0.00108594
97000 1.08807 -0.00982311 0.00106943
98000 1.12035 -0.00988438 0.0011049
99000 1.09898 -0.00648381 0.00108479
100000 1.10676 -0.00927289 0.00109134
101000 1.11447 -0.0040804 0.00109981
102000 1.05939 -0.00600256 0.00104893
103000 1.10841 -0.00472424 0.00109685
104000 1.12254 -0.00561026 0.00110606
105000 1.10333 -0.0037281 0.00108621
106000 1.07581 -0.00766114 0.00106006
107000 1.12867 -0.00659565 0.00111774
108000 1.11329 -0.00575815 0.00109831
109000 1.08634 -0.00831178 0.00107715
110000 1.1251 -0.0113 0.00110502
111000 1.06211 -0.00682317 0.00104993
112000 1.1204 -0.00489307 0.00110826
113000 1.06438 -0.00860642 0.00105221
114000 1.1426 -0.00217608 0.00112963
115000 1.06871 -0.0100646 0.00105493
116000 1.12441 -0.00567327 0.00111036
117000 1.12194 -0.00236389 0.00110715
118000 1.05346 -0.00763022 0.00103593
119000 1.12595 -0.00600387 0.00111054
120000 1.11441 -0.00746296 0.0010994
121000 1.07545 -0.00415041 0.00106355
122000 1.11493 -0.00502098 0.00110236
123000 1.10081 -0.0107651 0.00108483
124000 1.09349 -0.0104802 0.0010734
125000 1.11172 -0.0112115 0.00109209
126000 1.08934 -0.0132829 0.0010681
127000 1.1026 -0.00949283 0.00108414
128000 1.08042 -0.00736063 0.00106659
129000 1.11822 -0.00445541 0.00110181
130000 1.10354 -0.0054539 0.00108961
131000 1.07157 -0.00466562 0.00105547
132000 1.12405 -0.00700642 0.00111396
133000 1.1302 -0.00530547 0.00112047
134000 1.06744 -0.00504486 0.00105173
135000 1.09445 -0.00389656 0.00108099
136000 1.12059 -0.00669317 0.00110722
137000 1.06458 -0.00714886 0.00105049
138000 1.07954 -0.00821347 0.00106348
139000 1.1171 -0.00470217 0.00110587
140000 1.10276 -0.0057612 0.00108759
141000 1.08529 -0.00903536 0.00106598
142000 1.10497 -0.00457236 0.00109636
143000 1.12563 -0.00568837 0.00110946
144000 1.09337 -0.0120362 0.00107737
145000 1.06077 -0.00630801 0.00105323
146000 1.0699 -0.0122232 0.00105695
147000 1.10663 -0.00668082 0.00109059
148000 1.08462 -0.00476523 0.00106999
149000 1.09297 -0.00906454 0.00107493
150000 1.14955 -0.00388107 0.00114438
151000 1.09695 -0.00725124 0.00107873
152000 1.11079 -0.00857739 0.00109934
153000 1.1152 -0.00391114 0.00110066
154000 1.06834 -0.00557168 0.00105399
155000 1.13099 -0.00708018 0.00111649
156000 1.11146 -0.00509669 0.00109639
157000 1.0681 -0.004312 0.00105574
158000 1.05492 -0.00590602 0.00103785
159000 1.08715 -0.0102871 0.00106768
160000 1.10287 -0.00352827 0.00109009
161000 1.06671 -0.00917273 0.00105286
162000 1.0578 -0.0120832 0.00103881
163000 1.10666 -0.00971115 0.00108785
164000 1.12429 -0.0147433 0.00110208
165000 1.12996 -0.00790063 0.00111332
166000 1.07067 -0.00334316 0.00105799
167000 1.08757 -0.00488658 0.00107451
168000 1.11698 -0.00665411 0.00110566
169000 1.09666 -0.0057698 0.00108296
170000 1.10232 -0.00534962 0.00108559
171000 1.10218 -0.0039392 0.00108838
172000 1.10801 -0.00645221 0.00109139
173000 1.07503 -0.00302919 0.00106206
174000 1.10696 -0.00715219 0.00109187
175000 1.09218 -0.00610697 0.0010735
176000 1.06153 -0.0123173 0.00103986
177000 1.07172 -0.00902837 0.00105753
178000 1.13037 -0.00421259 0.00111544
179000 1.09664 -0.00387938 0.00108136
180000 1.07641 -0.00570466 0.00106484
181000 1.12751 -0.0128004 0.00111029
182000 1.1059 -0.00547479 0.00109263
183000 1.11196 -0.00776383 0.00109515
184000 1.08506 -0.00458394 0.00106892
185000 1.12541 -0.0111197 0.00110245
186000 1.1025 -0.0082135 0.00108723
187000 1.1321 -0.011041 0.00110915
188000 1.06992 -0.00285135 0.00106218
189000 1.07708 -0.00665778 0.00106173
190000 1.09299 -0.011321 0.00107839
191000 1.1022 -0.00984357 0.00108338
192000 1.12321 -0.015084 0.00110377
193000 1.11131 -0.00934812 0.00109605
194000 1.08469 -0.00860118 0.00107153
195000 1.08973 -0.00770863 0.00107488
196000 1.11605 -0.00780124 0.0011045
197000 1.12726 -0.00461399 0.00111068
198000 1.07172 -0.00546344 0.00105428
199000 1.07938 -0.00541659 0.00106606
200000 1.08126 -0.00942201 0.00106592
201000 1.14198 -0.013217 0.00112298
202000 1.09468 -0.0123722 0.00107439
203000 1.12484 -0.00647969 0.00111033
204000 1.07944 -0.00348904 0.00106927
205000 1.1154 -0.00589265 0.00110117
206000 1.08496 -0.00536782 0.00107786
207000 1.09269 -0.00484783 0.00107808
208000 1.11008 -0.00826476 0.00109162
209000 1.08745 -0.00625049 0.00107745
210000 1.11067 -0.00450849 0.00110178
211000 1.11409 -0.00625306 0.0010984
212000 1.09544 -0.00471824 0.00108906
213000 1.09071 -0.00381061 0.00107542
214000 1.09361 -0.0111014 0.00107561
215000 1.11126 -0.0158959 0.00108848
216000 1.08594 -0.0147651 0.00106523
217000 1.08988 -0.0142977 0.00107546
218000 1.11508 -0.0112327 0.00109656
219000 1.11821 -0.013052 0.00110334
220000 1.10942 -0.0163727 0.00108799
221000 1.10436 -0.0102023 0.00108277
222000 1.09373 -0.00923181 0.00107474
223000 1.13032 -0.00920953 0.00110983
224000 1.11954 -0.0228985 0.00109162
225000 1.06313 -0.0143182 0.00104053
226000 1.12662 -0.0144621 0.00110841
227000 1.10557 -0.0154272 0.00108471
228000 1.09581 -0.0139518 0.00107405
229000 1.10696 -0.00610806 0.00108784
230000 1.12679 -0.015544 0.00110484
231000 1.10037 -0.00836324 0.00108335
232000 1.08256 -0.00716732 0.00106645
233000 1.10683 -0.00553456 0.00109259
234000 1.10243 -0.0133467 0.00108423
235000 1.12581 -0.00604307 0.00110968
236000 1.09096 -0.0100228 0.00107338
237000 1.13091 -0.00430176 0.00111352
238000 1.06157 -0.00369675 0.00104628
239000 1.13215 -0.00580163 0.00111771
240000 1.10378 -0.0050297 0.00109034
241000 1.09663 -0.00698616 0.00108407
242000 1.08078 -0.0084009 0.00106506
243000 1.10555 -0.0072048 0.00108664
244000 1.08753 -0.00451658 0.00107457
245000 1.13471 -0.00447974 0.00112241
246000 1.09512 -0.00375591 0.00108048
247000 1.10933 -0.00291232 0.00110241
248000 1.06434 -0.00341338 0.00105221
249000 1.07827 -0.00938593 0.00105998
250000 1.13398 -0.00964903 0.00112011
251000 1.0851 -0.0116412 0.00107151
252000 1.11748 -0.0158674 0.00109727
253000 1.07141 -0.0112381 0.0010537
254000 1.076 -0.0155389 0.0010576
255000 1.12956 -0.00627871 0.00111437
256000 1.09302 -0.00587038 0.00108555
257000 1.1206 -0.00635792 0.00110455
258000 1.06928 -0.0069582 0.00106108
259000 1.08411 -0.00249441 0.00107816
260000 1.12988 -0.00494016 0.00111918
261000 1.12222 -0.00368496 0.00110795
262000 1.06776 -0.00444117 0.0010566
263000 1.10271 -0.00893689 0.0010852
264000 1.08349 -0.00873188 0.00106367
265000 1.05417 -0.0121533 0.00103485
266000 1.14449 -0.0112536 0.00112543
267000 1.06665 -0.0066736 0.00104905
268000 1.13316 -0.00389524 0.00112316
269000 1.09164 -0.00286971 0.00108152
270000 1.08655 -0.0113813 0.00106811
271000 1.11837 -0.00947678 0.00110058
272000 1.08588 -0.0131706 0.00106127
273000 1.07617 -0.00573257 0.00106218
274000 1.08862 -0.00613689 0.00108115
275000 1.08167 -0.00432506 0.00106773
276000 1.09495 -0.00305604 0.00108437
277000 1.10511 -0.00538454 0.0010865
278000 1.15145 -0.00656103 0.00113722
279000 1.06958 -0.00859107 0.00105523
280000 1.13174 -0.00895007 0.00111955
281000 1.08058 -0.00569373 0.00106616
282000 1.10804 -0.00802309 0.00109505
283000 1.09283 -0.00829563 0.00107586
284000 1.09415 -0.00362605 0.0010822
285000 1.10434 -0.00732406 0.00108635
286000 1.06769 -0.00628296 0.0010495
287000 1.10179 -0.00586227 0.00108798
288000 1.12729 -0.00535328 0.00111501
289000 1.09193 -0.0108046 0.00107248
290000 1.10032 -0.00269443 0.00108625
291000 1.10112 -0.00809371 0.00108467
292000 1.12766 -0.0042182 0.00111264
293000 1.07605 -0.00445958 0.00106281
294000 1.11853 -0.00415897 0.00110479
295000 1.08974 -0.0036333 0.00107877
296000 1.111 -0.00497166 0.0010977
297000 1.09557 -0.00339717 0.00108035
298000 1.10132 -0.0106353 0.00108352
299000 1.10409 -0.00446887 0.00109185
300000 1.08876 -0.00708454 0.00107237
301000 1.11948 -0.00597554 0.00110679
302000 1.07691 -0.00244818 0.00106284
303000 1.12015 -0.0105194 0.00110316
304000 1.08636 -0.00589859 0.0010742
305000 1.09119 -0.00983971 0.00107672
306000 1.13809 -0.00914158 0.00112607
307000 1.07977 -0.0119649 0.0010587
308000 1.08254 -0.00340668 0.00106999
309000 1.07684 -0.00326066 0.00106839
310000 1.14193 -0.00814271 0.00112841
311000 1.06281 -0.0054974 0.00105369
312000 1.13778 -0.00511377 0.0011199
313000 1.08841 -0.0083112 0.00106507
314000 1.07997 -0.012463 0.00106668
315000 1.13642 -0.0139856 0.00111692
316000 1.13507 -0.00731506 0.00111862
317000 1.08864 -0.00448885 0.00107591
318000 1.08971 -0.00638238 0.00107324
319000 1.1057 -0.0128137 0.00108362
320000 1.10092 -0.00487066 0.00109399
321000 1.12329 -0.00532463 0.00110716
322000 1.08103 -0.00927245 0.00107164
323000 1.10096 -0.00472157 0.00109101
324000 1.1067 -0.00667922 0.00109273
325000 1.12319 -0.00180872 0.00111291
326000 1.10324 -0.00721695 0.00108934
327000 1.06597 -0.0020372 0.00105774
328000 1.10085 -0.00758565 0.00108356
329000 1.10502 -0.0124055 0.00108495
330000 1.11355 -0.0135561 0.00109561
331000 1.09746 -0.0174992 0.00107074
332000 1.07952 -0.017602 0.00105662
333000 1.10609 -0.013147 0.00108332
334000 1.11489 -0.00788133 0.00110002
335000 1.07708 -0.00635173 0.0010608
336000 1.12523 -0.00764229 0.00110837
337000 1.08326 -0.00310226 0.00106816
338000 1.12983 -0.0048854 0.00111863
339000 1.13696 -0.00186661 0.00112596
340000 1.05999 -0.00477373 0.00104604
341000 1.125 -0.00701938 0.00110942
342000 1.06043 -0.00705853 0.00104394
343000 1.10744 -0.00504673 0.00110063
344000 1.11755 -0.00700582 0.00110579
345000 1.11958 -0.0042896 0.00110651
346000 1.06228 -0.00418664 0.0010489
347000 1.15135 -0.00578785 0.0011371
348000 1.09519 -0.00300253 0.00108426
349000 1.12384 -0.00476928 0.00111074
350000 1.06538 -0.00298011 0.00105273
351000 1.11445 -0.00484868 0.00109752
352000 1.12597 -0.00914093 0.00110973
353000 1.06402 -0.00750836 0.00105284
354000 1.10196 -0.012489 0.00108562
355000 1.14625 -0.010883 0.00113479
356000 1.09856 -0.00838545 0.00108032
357000 1.10765 -0.00395149 0.00110009
358000 1.09775 -0.00845758 0.00108363
359000 1.08745 -0.017374 0.00105683
360000 1.11302 -0.0135997 0.00108448
361000 1.06221 -0.00581476 0.00105307
362000 1.11603 -0.00739603 0.00110296
363000 1.10108 -0.00718143 0.00108403
364000 1.11522 -0.00596334 0.00109983
365000 1.10313 -0.00630312 0.00109064
366000 1.11722 -0.00535826 0.00110078
367000 1.08868 -0.00623311 0.00107437
368000 1.10561 -0.00228893 0.00109141
369000 1.08686 -0.00475135 0.00107453
370000 1.09304 -0.0111669 0.00107171
371000 1.13218 -0.00986467 0.00111593
372000 1.0628 -0.010164 0.00104614
373000 1.10991 -0.00565043 0.00109603
374000 1.12901 -0.00696246 0.00110926
375000 1.09462 -0.00285863 0.00108051
376000 1.11171 -0.0077032 0.00109455
377000 1.1167 -0.00165891 0.00110401
378000 1.09989 -0.00573006 0.00108274
379000 1.10548 -0.00466925 0.00109742
380000 1.09346 -0.00656859 0.0010935
381000 1.14669 -0.00587759 0.0011307
382000 1.09428 -0.00226457 0.00108111
383000 1.08502 -0.00413168 0.00106954
384000 1.09757 -0.00832998 0.00107843
385000 1.09956 -0.00363107 0.00108637
386000 1.09903 -0.00409245 0.0010898
387000 1.08442 -0.00587174 0.00106974
388000 1.10476 -0.00653268 0.0010881
389000 1.11397 -0.00418865 0.00109805
390000 1.07153 -0.00610859 0.00105812
391000 1.12556 -0.00277952 0.00111285
392000 1.10248 -0.010159 0.00108396
393000 1.09595 -0.00676224 0.00108165
394000 1.11055 -0.00648569 0.00109919
395000 1.09194 -0.00622069 0.00107943
396000 1.08964 -0.00555902 0.00107576
397000 1.11175 -0.00837647 0.00109624
398000 1.06819 -0.00841735 0.00105341
399000 1.10115 -0.00740473 0.00108525
400000 1.09176 -0.00566366 0.00107783
401000 1.10523 -0.0059775 0.00109092
402000 1.11398 -0.00459469 0.00109738
403000 1.08442 -0.00495115 0.00106472
404000 1.11758 -0.00576945 0.00109979
405000 1.0928 -0.0047574 0.00108018
406000 1.08192 -0.00332202 0.00107254
407000 1.10727 -0.00571043 0.0010933
408000 1.06375 -0.00590887 0.00104903
409000 1.1009 -0.00338334 0.0010856
410000 1.10302 -0.00575968 0.00108858
411000 1.09809 -0.00499715 0.00109183
412000 1.05584 -0.0069375 0.0010416
413000 1.10525 -0.00505074 0.00109763
414000 1.12251 -0.00474513 0.00110787
415000 1.13115 -0.00392521 0.00111608
416000 1.06344 -0.00843615 0.00104628
417000 1.1262 -0.0112883 0.00110269
418000 1.09766 -0.00744709 0.00108181
419000 1.09148 -0.0116523 0.00106985
420000 1.11769 -0.0125996 0.0010967
421000 1.08708 -0.00726492 0.0010717
422000 1.13737 -0.00855861 0.00112293
423000 1.08364 -0.00490011 0.00107337
424000 1.08862 -0.00671677 0.001072
425000 1.11022 -0.0153155 0.00109023
426000 1.12393 -0.0146145 0.00110413
427000 1.10692 -0.0222475 0.00108013
428000 1.09188 -0.0151402 0.00107003
429000 1.07278 -0.0119106 0.00105593
430000 1.06612 -0.0132402 0.00104805
431000 1.07444 -0.0127876 0.0010571
432000 1.10483 -0.0168175 0.00108492
433000 1.07217 -0.0124106 0.00105611
434000 1.10315 -0.0144849 0.00108602
435000 1.1236 -0.0134698 0.00110561
436000 1.05592 -0.0195999 0.00103536
437000 1.14802 -0.0133414 0.00112781
438000 1.0811 -0.0162598 0.00106198
439000 1.06096 -0.0145342 0.00104137
440000 1.11619 -0.0123501 0.00109736
441000 1.11437 -0.0162119 0.00109579
442000 1.07099 -0.0215021 0.00104787
443000 1.1277 -0.0217195 0.00110393
444000 1.07932 -0.0145947 0.00106277
445000 1.13578 -0.0101726 0.00111872
446000 1.07147 -0.0147895 0.0010529
447000 1.10147 -0.00500301 0.00109048
448000 1.10556 -0.0075852 0.00108747
449000 1.09329 -0.00461553 0.00107881
450000 1.13682 -0.00207482 0.00112651
451000 1.08586 -0.00229079 0.00107415
452000 1.07097 -0.00527935 0.00105368
453000 1.14597 -0.00375544 0.00113121
454000 1.06699 -0.0069828 0.00105076
455000 1.12279 -0.00307633 0.00110754
456000 1.11757 -0.00515881 0.00110072
457000 1.05335 -0.00260885 0.00104174
458000 1.13648 -0.00588162 0.00111906
459000 1.10025 -0.00497902 0.00109006
460000 1.10689 -0.00615509 0.00108709
461000 1.0729 -0.00363696 0.00105706
462000 1.10819 -0.00335974 0.00109306
463000 1.12082 -0.00886399 0.00110501
464000 1.0612 -0.00422879 0.00104483
465000 1.11229 -0.00428503 0.0011014
466000 1.10498 -0.00557796 0.00109006
467000 1.05175 -0.0060438 0.00103722
468000 1.08316 -0.00440431 0.00107209
469000 1.12787 -0.00482821 0.00111272
470000 1.09171 -0.0065974 0.0010805
471000 1.07541 -0.00495054 0.00106345
472000 1.11373 -0.00848108 0.00109486
473000 1.10836 -0.0077381 0.00108821
474000 1.06911 -0.00211868 0.00105606
475000 1.13614 -0.00558213 0.00111829
476000 1.10724 -0.00550549 0.00109247
477000 1.091 -0.00858525 0.00107515
478000 1.12234 -0.0105387 0.0011119
479000 1.0826 -0.00543299 0.00106705
480000 1.14772 -0.00270879 0.00113296
481000 1.11221 -0.00405771 0.00109702
482000 1.08001 -0.00616811 0.00106338
483000 1.11355 -0.00642133 0.00109493
484000 1.0959 -0.00516048 0.00108284
485000 1.09628 -0.00568472 0.00108499
486000 1.11972 -0.00714516 0.00110671
487000 1.08521 -0.00505568 0.00107445
488000 1.09889 -0.00481055 0.00108521
489000 1.11498 -0.00475642 0.00109839
490000 1.14256 -0.00539292 0.00112831
491000 1.07674 -0.0034088 0.00106061
492000 1.07401 -0.00590126 0.00106199
493000 1.12909 -0.0111254 0.00110982
494000 1.10065 -0.0110479 0.00108145
495000 1.10243 -0.0138707 0.00107968
496000 1.08425 -0.00424121 0.00107028
497000 1.05303 -0.00893305 0.00103845
498000 1.13374 -0.00695722 0.00112035
499000 1.07841 -0.00674258 0.00106689
500000 1.0941 -0.00513054 0.00108266
501000 1.12207 -0.00409108 0.00110629
502000 1.06261 -0.00885685 0.0010497
503000 1.07549 -0.00627269 0.00106518
504000 1.10222 -0.00607433 0.00108728
505000 1.12055 -0.00516194 0.00110479
506000 1.08355 -0.0104853 0.00106416
507000 1.11014 -0.00525129 0.00109454
508000 1.10175 -0.00367029 0.00108793
509000 1.12052 -0.00720855 0.00110139
510000 1.09891 -0.00688193 0.00108352
511000 1.10659 -0.00919718 0.00109
512000 1.06541 -0.011266 0.00104376
513000 1.13023 -0.00366722 0.0011199
514000 1.139 -0.00723884 0.00112701
515000 1.07452 -0.0083425 0.00105827
516000 1.12844 -0.00593597 0.00111357
517000 1.05722 -0.0077312 0.00104308
518000 1.11096 -0.00360712 0.00109425
519000 1.14191 -0.00646845 0.00112997
520000 1.10344 -0.0105039 0.00108921
521000 1.10797 -0.00545624 0.00109354
522000 1.07402 -0.00392469 0.0010633
523000 1.10515 -0.00643172 0.00108792
524000 1.07117 -0.00203045 0.00106054
525000 1.07374 -0.00507178 0.00106049
526000 1.08551 -0.00810126 0.00106733
527000 1.11341 -0.00816422 0.00109576
528000 1.09475 -0.0041015 0.00108186
529000 1.09919 -0.0116916 0.00108069
530000 1.08393 -0.00709993 0.00106821
531000 1.09946 -0.00745582 0.00108455
532000 1.10745 -0.0105658 0.00109589
533000 1.09013 -0.0119715 0.0010702
534000 1.11573 -0.0171959 0.0010882
535000 1.10258 -0.0130784 0.00108259
536000 1.12234 -0.00794021 0.00110567
537000 1.08135 -0.0114315 0.00106745
538000 1.13364 -0.00531068 0.00112206
539000 1.09335 -0.00477734 0.00107843
540000 1.09487 -0.00580291 0.00108225
541000 1.08116 -0.00730093 0.0010682
542000 1.12146 -0.00569034 0.0011043
543000 1.08511 -0.00458028 0.00106973
544000 1.11065 -0.00552858 0.00109203
545000 1.09078 -0.00382481 0.00107898
546000 1.08087 -0.00566068 0.00106531
547000 1.15452 -0.00318738 0.00113977
548000 1.10727 -0.00601046 0.00109319
549000 1.05228 -0.00686686 0.00104974
550000 1.06759 -0.003023 0.00105888
551000 1.1007 -0.00588034 0.00109863
552000 1.09484 -0.00817435 0.00107703
553000 1.11034 -0.00878555 0.00109504
554000 1.08696 -0.00706551 0.00106837
555000 1.12315 -0.00769976 0.00111812
556000 1.09531 -0.00425396 0.00107981
557000 1.12747 -0.00320858 0.0011122
558000 1.12806 -0.00998942 0.00111872
559000 1.08568 -0.00435249 0.00107019
560000 1.11712 -0.010546 0.00109661
561000 1.10352 -0.00790085 0.00108574
562000 1.09127 -0.00962861 0.0010736
563000 1.12799 -0.0124189 0.00110857
564000 1.07259 -0.00722677 0.00105818
565000 1.08853 -0.00912612 0.00107571
566000 1.09777 -0.00421811 0.0010865
567000 1.07578 -0.00769109 0.00106274
568000 1.09812 -0.00909742 0.00108759
569000 1.0772 -0.00336042 0.00106729
570000 1.06179 -0.00380441 0.00105648
571000 1.11513 -0.00752473 0.00109966
572000 1.1111 -0.00868267 0.00109804
573000 1.09898 -0.00426819 0.00108218
574000 1.08636 -0.00773025 0.00106779
575000 1.09421 -0.00677405 0.0010804
576000 1.13476 -0.00764868 0.00111926
577000 1.11524 -0.00909419 0.0011037
578000 1.09368 -0.00663574 0.00107519
579000 1.06596 -0.0109871 0.00104487
580000 1.07837 -0.00927109 0.00105954
581000 1.1069 -0.00902366 0.00108874
582000 1.07792 -0.00848717 0.00106746
583000 1.07878 -0.00451707 0.0010626
584000 1.07554 -0.00759321 0.00106332
585000 1.12785 -0.00704022 0.0011108
586000 1.06066 -0.00743432 0.00104648
587000 1.13777 -0.0066852 0.00112161
588000 1.08437 -0.00381255 0.00107339
589000 1.10645 -0.0086183 0.0010891
590000 1.09253 -0.0139798 0.00107737
591000 1.11418 -0.013745 0.00109772
592000 1.09089 -0.0110646 0.00107612
593000 1.07233 -0.012842 0.00105366
594000 1.09219 -0.013719 0.00107537
595000 1.10074 -0.0140925 0.00108154
596000 1.06467 -0.0170071 0.00103946
597000 1.13384 -0.014907 0.00111261
598000 1.09308 -0.020144 0.00106889
599000 1.12839 -0.0163976 0.00110588
600000 1.12653 -0.0135123 0.00110616
601000 1.0583 -0.0167077 0.00103465
602000 1.13463 -0.0109696 0.00111782
603000 1.11442 -0.00942949 0.00109882
604000 1.10942 -0.00571957 0.00109223
605000 1.08114 -0.00609119 0.00106993
606000 1.0979 -0.00438375 0.0010847
607000 1.12759 -0.00599068 0.00111
608000 1.09396 -0.00478944 0.0010796
609000 1.10186 -0.00418409 0.00108963
610000 1.13604 -0.0074404 0.00112038
611000 1.07354 -0.00416984 0.00106326
612000 1.13072 -0.01155 0.00111651
613000 1.08886 -0.00891108 0.00107053
614000 1.10459 -0.0109614 0.00108554
615000 1.08719 -0.0104592 0.00106846
616000 1.08604 -0.0119243 0.00107001
617000 1.13671 -0.0110325 0.00111824
618000 1.09691 -0.0144578 0.00107919
619000 1.12842 -0.0131795 0.00110755
620000 1.08727 -0.0211031 0.00106298
621000 1.10755 -0.0216498 0.00107856
622000 1.10935 -0.0219216 0.00108339
623000 1.11253 -0.0182937 0.00108922
624000 1.08914 -0.0234402 0.00106157
625000 1.11173 -0.0147126 0.0010923
626000 1.1059 -0.00838673 0.00108665
627000 1.1162 -0.00854027 0.00110328
628000 1.11868 -0.0119242 0.00110187
629000 1.08591 -0.00521667 0.00107281
630000 1.09759 -0.00895307 0.00107998
631000 1.12422 -0.00518609 0.00111003
632000 1.07534 -0.00441348 0.00106231
633000 1.10901 -0.0063886 0.00110168
634000 1.10953 -0.00661965 0.00109231
635000 1.09839 -0.00787977 0.00107731
636000 1.08125 -0.0135478 0.00105927
637000 1.09355 -0.0134117 0.00107745
638000 1.10859 -0.0169148 0.00108499
639000 1.11433 -0.00912254 0.00109783
640000 1.10763 -0.00865798 0.00109239
641000 1.13567 -0.00488484 0.00111924
642000 1.07175 -0.00688742 0.00105783
643000 1.08434 -0.00296296 0.00107072
644000 1.09232 -0.00791835 0.00107381
645000 1.09778 -0.00875004 0.00108333
646000 1.09406 -0.00293475 0.00107966
647000 1.09405 -0.00833727 0.00107564
648000 1.09062 -0.00825694 0.00107835
649000 1.10227 -0.00536162 0.00108904
650000 1.1167 -0.00890244 0.00110279
651000 1.09025 -0.00905378 0.00107541
652000 1.12912 -0.00301157 0.0011163
653000 1.1432 -0.00641351 0.00112708
654000 1.08009 -0.00695411 0.00106252
655000 1.09084 -0.000588964 0.00107876
656000 1.10057 -0.0051903 0.0010871
657000 1.08293 -0.00448888 0.00106984
658000 1.09459 -0.00376978 0.00108461
659000 1.11865 -0.00630126 0.00110975
660000 1.0567 -0.010729 0.00103418
661000 1.06784 -0.00787798 0.00105064
662000 1.12541 -0.00327273 0.00111024
663000 1.10243 -0.00381386 0.00109038
664000 1.06612 -0.00574048 0.0010475
665000 1.12962 -0.00817531 0.00111251
666000 1.1262 -0.00535882 0.00110827
667000 1.07932 -0.00967714 0.00105954
668000 1.08785 -0.00933379 0.00107181
669000 1.13663 -0.00416604 0.00112074
670000 1.07959 -0.00925012 0.0010674
671000 1.11506 -0.0105717 0.0010996
672000 1.0975 -0.00871597 0.00108195
673000 1.11898 -0.00419111 0.00110171
674000 1.09489 -0.00486606 0.00108578
675000 1.09069 -0.00560243 0.00107514
676000 1.07626 -0.0113158 0.00105844
677000 1.12373 -0.00685114 0.00110487
678000 1.12675 -0.00972632 0.00111044
679000 1.07547 -0.00489795 0.00105863
680000 1.0939 -0.00481607 0.0010815
681000 1.10662 -0.00381464 0.00109178
682000 1.08077 -0.0044587 0.00106864
683000 1.09059 -0.00827835 0.00107449
684000 1.07745 -0.00923967 0.00106042
685000 1.09038 -0.00438818 0.00107315
686000 1.09539 -0.00596696 0.00108097
687000 1.11301 -0.00755672 0.00109356
688000 1.12279 -0.010879 0.00110624
689000 1.07045 -0.00855069 0.00105499
690000 1.09202 -0.00614108 0.00107331
691000 1.12517 -0.0146775 0.00110287
692000 1.07489 -0.0105816 0.00105549
693000 1.08431 -0.00290785 0.00107171
694000 1.12971 -0.00849314 0.00111622
695000 1.07018 -0.0077594 0.00105631
696000 1.12445 -0.00430586 0.00110739
697000 1.12309 -0.00218879 0.00110779
698000 1.10957 -0.00474824 0.00109467
699000 1.11581 -0.00416808 0.00110142
700000 1.1335 -0.00330599 0.00112
701000 1.07635 -0.00635253 0.0010631
702000 1.10552 -0.00538172 0.00109534
703000 1.1071 -0.00457906 0.00109035
704000 1.0632 -0.00897997 0.00104719
705000 1.09387 -0.00760532 0.0010795
706000 1.14803 -0.00589923 0.00113622
707000 1.1197 -0.00283674 0.00110718
708000 1.08802 -0.00952368 0.00107237
709000 1.14497 -0.0105998 0.0011263
710000 1.07918 -0.0107752 0.00106722
711000 1.13925 -0.00788639 0.00112338
712000 1.05728 -0.00507283 0.00104235
713000 1.09438 -0.0022886 0.0010808
714000 1.12521 -0.00259094 0.00111101
715000 1.1298 -0.00631264 0.00111592
716000 1.11671 -0.00509317 0.00111009
717000 1.0662 -0.0041433 0.00105525
718000 1.11161 -0.0032361 0.00109674
719000 1.12341 -0.0057472 0.00110419
720000 1.05281 -0.00551896 0.00104108
721000 1.08343 -0.00721419 0.00106672
722000 1.0963 -0.00791656 0.0010811
723000 1.10038 -0.00528541 0.00108873
724000 1.10594 -0.0114285 0.0010854
725000 1.06393 -0.001718 0.0010501
726000 1.11678 -0.0100037 0.00110175
727000 1.1051 -0.0146611 0.00107826
728000 1.08762 -0.0180723 0.00106071
729000 1.04952 -0.0159139 0.00102871
730000 1.08537 -0.0118619 0.0010709
731000 1.13804 -0.0153823 0.0011176
732000 1.06609 -0.0126829 0.00104544
733000 1.12483 -0.0143444 0.00111043
734000 1.0635 -0.0120667 0.0010451
735000 1.10467 -0.0117262 0.00109114
736000 1.10732 -0.0161044 0.00108312
737000 1.09139 -0.0128133 0.00107446
738000 1.13425 -0.00849924 0.00112014
739000 1.0776 -0.0113883 0.00105874
740000 1.12198 -0.0142545 0.00109909
741000 1.11134 -0.0114673 0.00109318
742000 1.11561 -0.0117406 0.00109417
743000 1.09046 -0.00943729 0.00107048
744000 1.0765 -0.00520606 0.00106338
745000 1.09618 -0.0100841 0.00107421
746000 1.11966 -0.00568764 0.00110604
747000 1.0983 -0.00517282 0.00108173
748000 1.0924 -0.00702531 0.00107604
749000 1.09138 -0.00273526 0.00108086
750000 1.08511 -0.00127346 0.00107179
751000 1.07737 -0.00754021 0.00105712
752000 1.09426 -0.00740151 0.00107856
753000 1.08132 -0.00510769 0.00107091
754000 1.1093 -0.00290723 0.0010942
755000 1.11217 -0.00696072 0.00109679
756000 1.1398 -0.00716098 0.0011241
757000 1.05949 -0.0113061 0.00103967
758000 1.12651 -0.0131907 0.00110697
759000 1.07586 -0.0052123 0.00106019
760000 1.07831 -0.00244355 0.00106448
761000 1.1443 -0.00443774 0.00112992
762000 1.06141 -0.00936368 0.00104461
763000 1.10462 -0.00687858 0.00108688
764000 1.12594 -0.00165536 0.00111143
765000 1.07406 -0.00577884 0.00106437
766000 1.12513 -0.00389021 0.00111164
767000 1.08753 -0.00452888 0.0010718
768000 1.13106 -0.00704724 0.00111206
769000 1.13075 -0.00922662 0.00111085
770000 1.10811 -0.00963276 0.00109129
771000 1.07052 -0.00664732 0.00105565
772000 1.11559 -0.00759699 0.00110585
773000 1.12557 -0.00288892 0.00110943
774000 1.08209 -0.00348566 0.00106721
775000 1.08394 -0.0217203 0.00106009
776000 1.10621 -0.0240067 0.00107817
777000 1.08869 -0.0204888 0.00106467
778000 1.1117 -0.0244611 0.00108464
779000 1.06701 -0.020706 0.00104522
780000 1.09087 -0.022108 0.00106996
781000 1.11324 -0.0294643 0.00108723
782000 1.13826 -0.0290336 0.00110869
783000 1.10381 -0.0205271 0.0010774
784000 1.11893 -0.029743 0.00108446
785000 1.0946 -0.0352175 0.00105823
786000 1.11687 -0.0207182 0.00108916
787000 1.11938 -0.015847 0.00109699
788000 1.09804 -0.0183755 0.00107125
789000 1.09669 -0.0192199 0.00107519
790000 1.09019 -0.0137371 0.00106808
791000 1.09511 -0.013754 0.0010786
792000 1.10366 -0.00543376 0.00108637
793000 1.09451 -0.00787989 0.00107813
794000 1.1167 -0.00600251 0.00109997
795000 1.1121 -0.0078711 0.00109769
796000 1.11599 -0.00734498 0.00109892
797000 1.11608 -0.00961515 0.00109435
798000 1.08202 -0.00853742 0.00106279
799000 1.09469 -0.00679842 0.00107664
800000 1.12198 -0.00367003 0.00110962
801000 1.06047 -0.00764044 0.00104526
802000 1.13154 -0.00843278 0.00111944
803000 1.08693 -0.00372044 0.00107703
804000 1.0894 -0.00452829 0.00107535
805000 1.11744 -0.00253353 0.00110137
806000 1.12849 -0.0118815 0.00111724
807000 1.0576 -0.00370613 0.00104211
808000 1.11288 -0.00604888 0.00110402
809000 1.1458 -0.00286881 0.00113245
810000 1.10471 -0.00554092 0.00108641
811000 1.10611 -0.0114702 0.00108951
812000 1.12265 -0.00916744 0.00110876
813000 1.05403 -0.00496228 0.00103766
814000 1.12363 -0.00236179 0.00111139
815000 1.07529 -0.00597744 0.00106192
816000 1.10648 -0.00581029 0.00109377
817000 1.10691 -0.00578888 0.00109789
818000 1.12074 -0.00651139 0.00110282
819000 1.07293 -0.00375815 0.00106098
820000 1.1028 -0.00284449 0.00108852
821000 1.13241 -0.002564 0.00111994
822000 1.06681 -0.00529852 0.00105295
823000 1.12164 -0.00335524 0.00110607
824000 1.11726 -0.00793237 0.00110369
825000 1.05835 -0.00536189 0.00104328
826000 1.15299 -0.00672404 0.00113662
827000 1.08265 -0.00943897 0.0010681
828000 1.08387 -0.0102898 0.00106507
829000 1.09643 -0.0123928 0.00107711
830000 1.09271 -0.0139488 0.00106824
831000 1.10189 -0.00843292 0.0010848
832000 1.08818 -0.0130867 0.00106893
833000 1.12492 -0.0132396 0.00110341
834000 1.08936 -0.01327 0.00107073
835000 1.0515 -0.0124443 0.00103614
836000 1.14462 -0.0157712 0.00112106
837000 1.06687 -0.0117788 0.00104977
838000 1.13277 -0.00981082 0.00111236
839000 1.11074 -0.00573022 0.00109134
840000 1.05376 -0.00672821 0.0010383
841000 1.14342 -0.0101819 0.00112481
842000 1.07695 -0.0177435 0.00105398
843000 1.13923 -0.00797868 0.00112435
844000 1.10987 -0.00398739 0.00109738
845000 1.08728 -0.0115791 0.00106639
846000 1.10033 -0.00599156 0.00108813
847000 1.08907 -0.00647027 0.00107192
848000 1.12733 -0.00567935 0.0011155
849000 1.07892 -0.00287832 0.00106449
850000 1.12994 -0.00671047 0.00111426
851000 1.09994 -0.00349561 0.00108565
852000 1.08814 -0.00977603 0.00106886
853000 1.10688 -0.00741548 0.00108946
854000 1.10067 -0.00828819 0.00109191
855000 1.10869 -0.0076533 0.00109111
856000 1.07749 -0.00397422 0.00106485
857000 1.12384 -0.00289356 0.00110888
858000 1.09059 -0.00342928 0.001078
859000 1.08991 -0.00806631 0.0010749
860000 1.12934 -0.00930781 0.00111358
861000 1.07563 -0.0158209 0.00105059
862000 1.0844 -0.00590465 0.00106562
863000 1.08239 -0.00236659 0.00107045
864000 1.11929 -0.00404374 0.0011078
865000 1.10639 -0.0147461 0.00108353
866000 1.08859 -0.00990842 0.00107539
867000 1.11506 -0.00716751 0.00109633
868000 1.10663 -0.00386041 0.00109199
869000 1.06241 -0.00797614 0.00104658
870000 1.11836 -0.00366322 0.00110211
871000 1.1188 -0.00722551 0.001103
872000 1.11556 -0.00559449 0.00110187
873000 1.09527 -0.005944 0.00108208
874000 1.06601 -0.00223718 0.0010526
875000 1.13046 -0.00546586 0.00111438
876000 1.11614 -0.00418888 0.00110564
877000 1.1102 -0.00452176 0.00109104
878000 1.10647 -0.00912783 0.00108747
879000 1.1039 -0.00759613 0.00108768
880000 1.12603 -0.0057166 0.0011095
881000 1.08899 -0.00421405 0.00107374
882000 1.10956 -0.00531986 0.00109582
883000 1.09559 -0.00460456 0.00108541
884000 1.09201 -0.00611455 0.0010768
885000 1.0928 -0.0037773 0.0010768
886000 1.09417 -0.00557873 0.00107801
887000 1.07611 -0.00625575 0.00106041
888000 1.09466 -0.00454458 0.00108507
889000 1.11606 -0.00307824 0.00110617
890000 1.1051 -0.00673777 0.00109091
891000 1.11135 -0.00334905 0.0010966
892000 1.10517 -0.00583885 0.0010885
893000 1.09938 -0.00505185 0.00108195
894000 1.11363 -0.00452107 0.0010989
895000 1.10108 -0.00787787 0.00108322
896000 1.1137 -0.0069833 0.0010992
897000 1.05932 -0.00732239 0.00104248
898000 1.0799 -0.00431544 0.0010668
899000 1.1265 -0.0135101 0.00110956
900000 1.11802 -0.01343 0.00109312
901000 1.08997 -0.0116273 0.0010746
902000 1.13108 -0.0117565 0.0011205
903000 1.10428 -0.00725696 0.00108605
904000 1.10665 -0.00163966 0.00109275
905000 1.09018 -0.00960913 0.00107565
906000 1.12318 -0.00314238 0.00111368
907000 1.05703 -0.00488788 0.00104893
908000 1.07942 -0.00575016 0.00106128
909000 1.1122 -0.00980616 0.00108946
910000 1.07304 -0.00185487 0.00106159
911000 1.05474 -0.00965071 0.00103678
912000 1.08084 -0.00651739 0.00106525
913000 1.09633 -0.00443201 0.00108219
914000 1.07987 -0.00933775 0.00106062
915000 1.11014 -0.00381479 0.00109416
916000 1.11045 -0.00603134 0.00109759
917000 1.08473 -0.00710653 0.00106713
918000 1.08236 -0.00665056 0.00106778
919000 1.09028 -0.00735233 0.00107784
920000 1.1018 -0.0090844 0.00108323
921000 1.09891 -0.00449048 0.00108812
922000 1.08385 -0.00560368 0.00107454
923000 1.07697 -0.00228143 0.00106387
924000 1.13499 -0.00998216 0.00111933
925000 1.10433 -0.00939976 0.00108836
926000 1.10622 -0.0123461 0.00109014
927000 1.08346 -0.0252525 0.00106281
928000 1.11979 -0.00572968 0.00110644
929000 1.10433 -0.00577804 0.00108571
930000 1.09151 -0.010894 0.00107466
931000 1.11271 -0.0029401 0.00110192
932000 1.07014 -0.00549315 0.00105387
933000 1.1091 -0.0125385 0.00108723
934000 1.10888 -0.0124348 0.00109062
935000 1.11265 -0.0107698 0.00108965
936000 1.1071 -0.011983 0.00108869
937000 1.10336 -0.00602162 0.00108856
938000 1.08212 -0.00486384 0.00106678
939000 1.13182 -0.00798744 0.00111242
940000 1.06467 -0.00601826 0.00105252
941000 1.12267 -0.0102371 0.00110842
942000 1.06625 -0.0124964 0.00104665
943000 1.11597 -0.00660883 0.00109776
944000 1.0986 -0.0021542 0.00108557
945000 1.09766 -0.00606842 0.0010815
946000 1.10893 -0.00671601 0.00109555
947000 1.11735 -0.00462342 0.00110221
948000 1.11886 -0.00849036 0.00110083
949000 1.11952 -0.00601676 0.00110482
950000 1.12023 -0.00517146 0.00110816
951000 1.12998 -0.00951415 0.00111237
952000 1.05796 -0.0111596 0.00103687
953000 1.12383 -0.0122939 0.00110585
954000 1.12512 -0.01124 0.00110981
955000 1.09644 -0.0104454 0.00108276
956000 1.10013 -0.00590264 0.00108756
957000 1.09973 -0.00739993 0.00108363
958000 1.11756 -0.00629156 0.0011027
959000 1.08811 -0.00572811 0.0010719
960000 1.09296 -0.0128123 0.00107576
961000 1.08847 -0.00915503 0.00106928
962000 1.12667 -0.0094768 0.00111189
963000 1.09137 -0.00527626 0.00107514
964000 1.09408 -0.00628849 0.00107886
965000 1.13111 -0.01284 0.00110955
966000 1.0692 -0.0100604 0.00105098
967000 1.11727 -0.005242 0.00110323
968000 1.10627 -0.00276324 0.00109496
969000 1.10076 -0.00573104 0.00108622
970000 1.10628 -0.00881234 0.00109481
971000 1.09045 -0.00618554 0.00107784
972000 1.12513 -0.00672713 0.0011106
973000 1.10038 -0.00422593 0.00108751
974000 1.09531 -0.00867334 0.00108035
975000 1.09116 -0.00544853 0.00107313
976000 1.11811 -0.00261271 0.00110808
977000 1.1145 -0.00803845 0.00110023
978000 1.05403 -0.00587774 0.00103867
979000 1.08676 -0.00751953 0.0010693
980000 1.11253 -0.0174471 0.0010851
981000 1.09257 -0.0121176 0.00107464
982000 1.07007 -0.00428366 0.00105712
983000 1.10674 -0.0144339 0.00108563
984000 1.07821 -0.0186021 0.00106209
985000 1.10438 -0.0164264 0.00107807
986000 1.12081 -0.0145798 0.00109974
987000 1.07535 -0.017347 0.00105247
988000 1.10442 -0.0118641 0.00108634
989000 1.1334 -0.0122586 0.0011144
990000 1.0676 -0.0149292 0.00104835
991000 1.07237 -0.0153887 0.00105144
992000 1.09784 -0.0187856 0.00107624
993000 1.07031 -0.0182907 0.00104911
994000 1.10735 -0.0158708 0.00108659
995000 1.09657 -0.0141062 0.00108194
996000 1.10096 -0.01566 0.00108301
997000 1.084 -0.0142579 0.00106438
998000 1.14432 -0.0146243 0.00111767
999000 1.11602 -0.0184043 0.00109025
1000000 1.06836 -0.0169855 0.00104053
1001000 1.10993 -0.0135569 0.001086
1002000 1.13043 -0.00811753 0.00111404
1003000 1.07603 -0.0118764 0.00105578
1004000 1.08485 -0.00797648 0.00106753
1005000 1.08666 -0.00976662 0.00106739
1006000 1.08259 -0.0045277 0.00106929
1007000 1.08954 -0.00744129 0.00107531
1008000 1.1214 -0.00558538 0.00110941
1009000 1.10374 -0.00343211 0.00108812
1010000 1.08832 -0.00772354 0.00107903
1011000 1.10413 -0.00452892 0.00109033
1012000 1.11997 -0.00408415 0.00110471
1013000 1.11082 -0.00433324 0.00109739
1014000 1.10043 -0.00297081 0.00108667
1015000 1.07737 -0.00789106 0.00106108
1016000 1.12857 -0.00366049 0.00111729
1017000 1.10125 -0.00824297 0.001082
1018000 1.09738 -0.00559227 0.00108838
1019000 1.08524 -0.00447274 0.00107041
1020000 1.1145 -0.00500191 0.00110074
1021000 1.08991 -0.00707633 0.00107224
1022000 1.09842 -0.00889348 0.0010788
1023000 1.11448 -0.00642944 0.00109849
1024000 1.07768 -0.00653388 0.00106179
1025000 1.09457 -0.00541544 0.00108241
1026000 1.09556 -0.00415255 0.00108198
1027000 1.0809 -0.00526914 0.00107053
1028000 1.07359 -0.00483427 0.00105801
1029000 1.13845 -0.00543379 0.00112477
1030000 1.08633 -0.0123443 0.00106894
1031000 1.09108 -0.013908 0.00107388
1032000 1.11293 -0.00779841 0.00109783
1033000 1.08162 -0.0107239 0.00106655
1034000 1.10494 -0.00782105 0.00109022
1035000 1.10754 -0.00436229 0.00109182
1036000 1.0804 -0.00609385 0.00106939
1037000 1.12124 -0.010728 0.00110667
1038000 1.14395 -0.00861125 0.00112893
1039000 1.07784 -0.00752825 0.00106098
1040000 1.09751 -0.00934929 0.00108532
1041000 1.08299 -0.00429576 0.00106975
1042000 1.11133 -0.00898943 0.0010967
1043000 1.11557 -0.00681449 0.00110242
1044000 1.0835 -0.00682888 0.00106885
1045000 1.13579 -0.0130654 0.00111261
1046000 1.10715 -0.0138182 0.00108558
1047000 1.09755 -0.0115693 0.00107407
1048000 1.06672 -0.00925674 0.00104881
1049000 1.11318 -0.00581065 0.00109851
1050000 1.0824 -0.0107445 0.00106322
1051000 1.15246 -0.00491716 0.00113759
1052000 1.11738 -0.00817227 0.00109562
1053000 1.08461 -0.00344934 0.00107108
1054000 1.11195 -0.00692437 0.0010937
1055000 1.10715 -0.0042892 0.00109204
1056000 1.12702 -0.00712239 0.00111004
1057000 1.10782 -0.00454192 0.00109518
1058000 1.06793 -0.0049401 0.00105194
1059000 1.13564 -0.00425709 0.00112439
1060000 1.08171 -0.00630133 0.00106811
1061000 1.09116 -0.00838322 0.0010732
1062000 1.10479 -0.00661352 0.00108697
1063000 1.05535 -0.00613852 0.00104347
1064000 1.10842 -0.00644595 0.0010929
1065000 1.09387 -0.0040743 0.0010767
1066000 1.14833 -0.00512867 0.00113059
1067000 1.11968 -0.00203117 0.00110455
1068000 1.08411 -0.00288009 0.00107396
1069000 1.1176 -0.00661361 0.00110039
1070000 1.09233 -0.00590291 0.00107901
1071000 1.09682 -0.0067188 0.00108075
1072000 1.12155 -0.00515817 0.00110718
1073000 1.07898 -0.00662219 0.00106614
1074000 1.10101 -0.00353989 0.00108828
1075000 1.11325 -0.00502328 0.00109877
1076000 1.10592 -0.00670524 0.00109272
1077000 1.10666 -0.013155 0.00109307
1078000 1.08322 -0.00547961 0.0010681
1079000 1.12446 -0.0126828 0.00110576
1080000 1.09462 -0.01433 0.00107305
1081000 1.08727 -0.00911077 0.00107026
1082000 1.09609 -0.00888383 0.00107971
1083000 1.11877 -0.00761104 0.0011035
1084000 1.11094 -0.00661592 0.00109613
1085000 1.07993 -0.00811177 0.00106382
1086000 1.1312 -0.0111807 0.00111305
1087000 1.13439 -0.011409 0.00111464
1088000 1.06679 -0.00561249 0.00105182
1089000 1.05746 -0.00446998 0.0010525
1090000 1.13169 -0.00468567 0.00111964
1091000 1.04515 -0.00945132 0.00103215
1092000 1.13025 -0.00607521 0.00111188
1093000 1.10758 -0.00727833 0.00109709
1094000 1.1458 -0.00540793 0.00113645
1095000 1.06801 -0.00379792 0.00105249
1096000 1.12634 -0.00509337 0.00111242
1097000 1.07069 -0.00849 0.00105577
1098000 1.10377 -0.00502673 0.00109137
1099000 1.09722 -0.00693576 0.00107835
1100000 1.13277 -0.00394108 0.00111965
