# Time-averaged data for fix 2
# TimeStep v_Temperature v_PotentialEnergy v_Pressure
1000 1.75896 -0.722515 0.1445
2000 1.70817 -0.726132 0.138749
3000 1.75075 -0.664726 0.146732
4000 1.74527 -0.686053 0.147018
5000 1.70107 -0.728354 0.136684
6000 1.68626 -0.746532 0.133288
7000 1.70419 -0.694791 0.144377
8000 1.73304 -0.678016 0.145791
9000 1.67065 -0.699475 0.139404
10000 1.70392 -0.662053 0.141424
11000 1.68979 -0.682121 0.138628
12000 1.68317 -0.649595 0.139702
13000 1.65987 -0.711059 0.134155
14000 1.71583 -0.726837 0.138558
15000 1.64445 -0.713144 0.127904
16000 1.66687 -0.735002 0.132956
17000 1.73213 -0.714474 0.142262
18000 1.69513 -0.697925 0.138412
19000 1.72658 -0.695774 0.14304
20000 1.64747 -0.729838 0.135332
21000 1.68906 -0.680011 0.141004
22000 1.66841 -0.767223 0.124417
23000 1.69037 -0.770753 0.141041
24000 1.66237 -0.70989 0.133904
25000 1.67359 -0.694187 0.133259
26000 1.70387 -0.692228 0.145477
27000 1.69087 -0.679078 0.137672
28000 1.70881 -0.664138 0.146109
29000 1.64136 -0.706679 0.133148
30000 1.66812 -0.697658 0.142663
31000 1.69525 -0.649055 0.145326
32000 1.67948 -0.676099 0.141444
33000 1.73492 -0.705394 0.144056
34000 1.74027 -0.631525 0.145853
35000 1.67059 -0.708131 0.136711
36000 1.67571 -0.753974 0.133667
37000 1.7162 -0.672475 0.141365
38000 1.69175 -0.717255 0.134799
39000 1.69763 -0.682189 0.144495
40000 1.66994 -0.662414 0.144511
41000 1.74304 -0.68533 0.140412
42000 1.66591 -0.713516 0.141316
43000 1.75377 -0.659439 0.146232
44000 1.64846 -0.668243 0.132993
45000 1.68947 -0.65312 0.142915
46000 1.70663 -0.694656 0.138011
47000 1.71752 -0.676505 0.139592
48000 1.67337 -0.736278 0.132621
49000 1.72179 -0.707402 0.149254
50000 1.73738 -0.689402 0.138451
51000 1.70201 -0.665565 0.142716
52000 1.66372 -0.657704 0.138298
53000 1.71181 -0.697688 0.139611
54000 1.64837 -0.703535 0.131959
55000 1.73426 -0.662263 0.150737
56000 1.66972 -0.659517 0.139205
57000 1.68589 -0.702179 0.135857
58000 1.72686 -0.657538 0.145336
59000 1.7264 -0.668034 0.142373
60000 1.71363 -0.675988 0.14212
61000 1.65093 -0.690487 0.133353
62000 1.71799 -0.656217 0.145577
63000 1.7008 -0.69871 0.14003
64000 1.63265 -0.688407 0.129009
65000 1.69258 -0.688295 0.140137
66000 1.7048 -0.749761 0.134572
67000 1.76433 -0.736104 0.142307
68000 1.68554 -0.692512 0.133948
69000 1.69406 -0.690271 0.145291
70000 1.75074 -0.743232 0.145244
71000 1.64516 -0.72954 0.139926
72000 1.71374 -0.700382 0.143916
73000 1.70116 -0.702227 0.143851
74000 1.7521 -0.647104 0.153439
75000 1.63401 -0.661918 0.134076
76000 1.666 -0.695851 0.139295
77000 1.67649 -0.694641 0.133759
78000 1.76039 -0.694144 0.14955
79000 1.70389 -0.694367 0.138832
80000 1.68106 -0.694145 0.13985
81000 1.74116 -0.674095 0.144656
82000 1.74029 -0.675391 0.150064
83000 1.70996 -0.690155 0.143677
84000 1.71235 -0.679908 0.141517
85000 1.66777 -0.739177 0.129441
86000 1.63293 -0.658702 0.135471
87000 1.72886 -0.637994 0.147106
88000 1.71988 -0.709525 0.142436
89000 1.72621 -0.703035 0.142673
90000 1.69402 -0.667695 0.141683
91000 1.74923 -0.632211 0.141163
92000 1.73539 -0.672878 0.148034
93000 1.71038 -0.693049 0.143561
94000 1.72027 -0.712255 0.146798
95000 1.69707 -0.717671 0.142196
96000 1.64332 -0.710683 0.136745
97000 1.67321 -0.677188 0.135578
98000 1.64769 -0.700687 0.135253
99000 1.7383 -0.713565 0.147962
100000 1.74503 -0.637324 0.152182
101000 1.66442 -0.672904 0.137316
102000 1.71769 -0.685281 0.142649
103000 1.71854 -0.66868 0.148156
104000 1.71811 -0.647811 0.142848
105000 1.64278 -0.643397 0.135821
106000 1.78203 -0.632075 0.153034
107000 1.68892 -0.636072 0.142088
108000 1.66163 -0.681864 0.137196
109000 1.68741 -0.723065 0.142006
110000 1.74059 -0.680547 0.146742
111000 1.66373 -0.647544 0.140261
112000 1.71 -0.660185 0.148411
113000 1.70172 -0.691984 0.142732
114000 1.66664 -0.722435 0.13733
115000 1.7153 -0.680482 0.143881
116000 1.72788 -0.657321 0.144031
117000 1.73616 -0.749606 0.141863
118000 1.73237 -0.78268 0.137396
119000 1.66495 -0.692881 0.131806
120000 1.7033 -0.636692 0.146796
121000 1.6678 -0.637206 0.141322
122000 1.63021 -0.715035 0.127893
123000 1.69495 -0.707418 0.142412
124000 1.6307 -0.713586 0.130456
125000 1.72276 -0.630167 0.149231
126000 1.76495 -0.636435 0.155286
127000 1.70476 -0.659936 0.142002
128000 1.73629 -0.723217 0.139171
129000 1.69474 -0.703624 0.144788
130000 1.68051 -0.711919 0.144899
131000 1.74392 -0.678272 0.14833
132000 1.69838 -0.654142 0.141019
133000 1.72709 -0.705973 0.143866
134000 1.64709 -0.642346 0.134999
135000 1.697 -0.650877 0.140207
136000 1.71883 -0.67915 0.141096
137000 1.69125 -0.635838 0.138786
138000 1.70622 -0.681045 0.133658
139000 1.71399 -0.735151 0.141291
140000 1.64742 -0.660304 0.133562
141000 1.70812 -0.658072 0.141309
142000 1.69821 -0.699457 0.141521
143000 1.73143 -0.642127 0.145832
144000 1.72037 -0.6834 0.142472
145000 1.73406 -0.682675 0.143293
146000 1.7552 -0.762646 0.143045
147000 1.70908 -0.691002 0.149298
148000 1.71996 -0.766988 0.133895
149000 1.75687 -0.692321 0.148593
150000 1.69213 -0.701489 0.136276
151000 1.69568 -0.71894 0.138105
152000 1.73213 -0.666681 0.145928
153000 1.68454 -0.665472 0.145922
154000 1.65697 -0.663346 0.132673
155000 1.74799 -0.729162 0.142647
156000 1.65306 -0.71296 0.129244
157000 1.66962 -0.705236 0.132519
158000 1.73266 -0.65693 0.145922
159000 1.71763 -0.643652 0.144275
160000 1.67693 -0.673679 0.141741
161000 1.6367 -0.672748 0.135967
162000 1.74243 -0.661953 0.150179
163000 1.65006 -0.664878 0.14022
164000 1.74414 -0.703481 0.145537
165000 1.66315 -0.669726 0.140503
166000 1.72228 -0.679114 0.145703
167000 1.70993 -0.683755 0.150524
168000 1.75993 -0.660661 0.149948
169000 1.665 -0.676539 0.137246
170000 1.6888 -0.683281 0.143431
171000 1.72197 -0.668427 0.144702
172000 1.68816 -0.677275 0.139815
173000 1.72892 -0.661186 0.14386
174000 1.70313 -0.676084 0.140099
175000 1.62899 -0.751297 0.131755
176000 1.74187 -0.636999 0.147773
177000 1.69122 -0.708262 0.13625
178000 1.66603 -0.679062 0.135335
179000 1.7263 -0.64002 0.147566
180000 1.66392 -0.673198 0.139434
181000 1.69651 -0.668806 0.142127
182000 1.7052 -0.700999 0.135968
183000 1.69212 -0.722803 0.133521
184000 1.75386 -0.624192 0.146578
185000 1.72481 -0.704178 0.146912
186000 1.66136 -0.699108 0.136967
187000 1.68903 -0.633722 0.14187
188000 1.67184 -0.659252 0.141131
189000 1.66621 -0.664659 0.143263
190000 1.71643 -0.678425 0.145562
191000 1.74368 -0.719614 0.1436
192000 1.73489 -0.650043 0.146798
193000 1.68837 -0.692097 0.142717
194000 1.6592 -0.650335 0.133301
195000 1.72658 -0.649842 0.144438
196000 1.68257 -0.698476 0.136319
197000 1.7401 -0.745452 0.140805
198000 1.72087 -0.671017 0.151878
199000 1.73697 -0.677392 0.140699
200000 1.70508 -0.779398 0.142314
201000 1.68701 -0.772177 0.127928
202000 1.66136 -0.694956 0.135623
203000 1.68205 -0.648325 0.140163
204000 1.69747 -0.72653 0.13465
205000 1.68402 -0.706101 0.136559
206000 1.69784 -0.682252 0.141954
207000 1.74689 -0.695515 0.149365
208000 1.65579 -0.741356 0.131462
209000 1.677 -0.747372 0.135015
210000 1.67862 -0.717192 0.136761
211000 1.74048 -0.63831 0.148951
212000 1.6753 -0.722203 0.136232
213000 1.71371 -0.719524 0.142162
214000 1.75438 -0.687829 0.144359
215000 1.67166 -0.653008 0.138025
216000 1.69572 -0.727312 0.139113
217000 1.68536 -0.678004 0.14178
218000 1.72137 -0.751011 0.145661
219000 1.64573 -0.699161 0.13678
220000 1.68895 -0.70597 0.13574
221000 1.72109 -0.692067 0.141865
222000 1.68726 -0.694052 0.138332
223000 1.75636 -0.673575 0.148068
224000 1.71359 -0.654302 0.143791
225000 1.63245 -0.679875 0.130531
226000 1.76192 -0.713937 0.144618
227000 1.62091 -0.666625 0.130713
228000 1.74759 -0.650231 0.148953
229000 1.68798 -0.651297 0.140784
230000 1.69797 -0.684257 0.139003
231000 1.66217 -0.658983 0.134291
232000 1.74864 -0.616174 0.147509
233000 1.71112 -0.726324 0.141696
234000 1.66963 -0.672349 0.130454
235000 1.74605 -0.69134 0.148547
236000 1.74601 -0.685623 0.143793
237000 1.70686 -0.662489 0.144735
238000 1.69572 -0.674801 0.139572
239000 1.73232 -0.708617 0.136411
240000 1.71045 -0.623223 0.139905
241000 1.75353 -0.683219 0.150429
242000 1.65255 -0.713426 0.13283
243000 1.6886 -0.681381 0.138488
244000 1.7085 -0.642786 0.144058
245000 1.69319 -0.687765 0.136904
246000 1.67146 -0.747733 0.137232
247000 1.69322 -0.74898 0.13648
248000 1.74902 -0.69012 0.14428
249000 1.67858 -0.701531 0.14616
250000 1.66326 -0.639102 0.138684
251000 1.69115 -0.702569 0.13769
252000 1.72544 -0.761193 0.144021
253000 1.69098 -0.702683 0.139348
254000 1.76289 -0.726063 0.144456
255000 1.68755 -0.65231 0.141789
256000 1.67481 -0.815896 0.140827
257000 1.77773 -0.757028 0.141674
258000 1.67994 -0.699401 0.137214
259000 1.65452 -0.661219 0.138653
260000 1.71714 -0.655551 0.144065
261000 1.65548 -0.702196 0.133345
262000 1.73122 -0.7437 0.144377
263000 1.61823 -0.703413 0.134435
264000 1.73244 -0.674243 0.143625
265000 1.74168 -0.643818 0.140616
266000 1.67677 -0.684257 0.138949
267000 1.77328 -0.704088 0.149205
268000 1.68413 -0.685536 0.139919
269000 1.7065 -0.664783 0.135752
270000 1.71799 -0.662558 0.14768
271000 1.72291 -0.672555 0.14575
272000 1.74131 -0.645717 0.147893
273000 1.6511 -0.64771 0.139112
274000 1.77555 -0.655587 0.153597
275000 1.73709 -0.66285 0.141175
276000 1.67535 -0.67572 0.136491
277000 1.72723 -0.715662 0.137589
278000 1.68243 -0.712619 0.138479
279000 1.69069 -0.682357 0.138263
280000 1.71675 -0.691579 0.144039
281000 1.71788 -0.673634 0.143894
282000 1.66937 -0.69978 0.13696
283000 1.68401 -0.704646 0.132617
284000 1.77815 -0.759077 0.149591
285000 1.75285 -0.692972 0.14845
286000 1.70136 -0.693621 0.147457
287000 1.70633 -0.717918 0.139877
288000 1.71801 -0.726982 0.135713
289000 1.69984 -0.658213 0.141537
290000 1.74542 -0.674878 0.14345
291000 1.72323 -0.687422 0.136108
292000 1.72918 -0.648994 0.144618
293000 1.71392 -0.682267 0.134489
294000 1.74267 -0.704783 0.144385
295000 1.74436 -0.720917 0.144652
296000 1.70307 -0.67867 0.139678
297000 1.69109 -0.720313 0.135439
298000 1.77121 -0.659082 0.149238
299000 1.71273 -0.69105 0.137966
300000 1.65766 -0.725945 0.13496
301000 1.67541 -0.687878 0.138577
302000 1.71974 -0.710229 0.138482
303000 1.69211 -0.696009 0.136117
304000 1.67501 -0.678877 0.141389
305000 1.70752 -0.687177 0.146981
306000 1.70345 -0.623233 0.142289
307000 1.65965 -0.678877 0.137281
308000 1.70129 -0.677799 0.136819
309000 1.64697 -0.738928 0.132482
310000 1.71507 -0.710514 0.138328
311000 1.70171 -0.706249 0.136623
312000 1.75116 -0.65106 0.148554
313000 1.69549 -0.712352 0.139809
314000 1.6987 -0.709901 0.139949
315000 1.72038 -0.657512 0.142742
316000 1.70934 -0.684578 0.142272
317000 1.68826 -0.673863 0.14191
318000 1.7829 -0.708967 0.146849
319000 1.66999 -0.733668 0.137842
320000 1.71183 -0.722972 0.141168
321000 1.75001 -0.696112 0.148883
322000 1.67691 -0.639567 0.142988
323000 1.74422 -0.618696 0.150847
324000 1.70749 -0.681602 0.146505
325000 1.71327 -0.715136 0.14051
326000 1.70794 -0.740146 0.140679
327000 1.74147 -0.710717 0.141043
328000 1.67227 -0.713468 0.130901
329000 1.72497 -0.647904 0.147209
330000 1.75509 -0.68819 0.150763
331000 1.69081 -0.691195 0.144972
332000 1.72672 -0.759147 0.137427
333000 1.69161 -0.701911 0.137723
334000 1.69495 -0.671728 0.142788
335000 1.65213 -0.718993 0.135065
336000 1.68304 -0.658823 0.134888
337000 1.72046 -0.6444 0.145263
338000 1.64681 -0.693713 0.132876
339000 1.72296 -0.674301 0.142844
340000 1.61906 -0.704319 0.130332
341000 1.72286 -0.686275 0.144346
342000 1.67514 -0.710707 0.136389
343000 1.74822 -0.684812 0.14947
344000 1.74719 -0.703666 0.148209
345000 1.71945 -0.664375 0.144495
346000 1.63477 -0.683138 0.13652
347000 1.70948 -0.777793 0.137125
348000 1.77778 -0.744464 0.141899
349000 1.71269 -0.697225 0.139895
350000 1.71686 -0.63908 0.144542
351000 1.65169 -0.655543 0.139762
352000 1.70825 -0.678183 0.144758
353000 1.73774 -0.734923 0.149943
354000 1.76466 -0.668259 0.147697
355000 1.67311 -0.698467 0.140856
356000 1.69777 -0.665396 0.138938
357000 1.70454 -0.665216 0.14429
358000 1.62975 -0.689327 0.13189
359000 1.72267 -0.699878 0.138213
360000 1.69019 -0.684139 0.138728
361000 1.6876 -0.657943 0.140852
362000 1.70708 -0.670441 0.139256
363000 1.7039 -0.645216 0.150309
364000 1.69712 -0.654641 0.143005
365000 1.72035 -0.688894 0.146193
366000 1.75855 -0.7009 0.14321
367000 1.6714 -0.670541 0.134837
368000 1.64641 -0.808425 0.134195
369000 1.72663 -0.683346 0.147288
370000 1.74387 -0.716767 0.140163
371000 1.65442 -0.708821 0.139029
372000 1.72993 -0.622767 0.144554
373000 1.73665 -0.696959 0.147353
374000 1.6555 -0.651921 0.138572
375000 1.77182 -0.676404 0.145298
376000 1.72001 -0.68016 0.142525
377000 1.67611 -0.68486 0.141095
378000 1.69254 -0.673497 0.137934
379000 1.67932 -0.715159 0.136836
380000 1.7208 -0.653796 0.141212
381000 1.70135 -0.700004 0.141673
382000 1.66599 -0.826255 0.130648
383000 1.65674 -0.834129 0.1325
384000 1.72732 -0.703014 0.139831
385000 1.72267 -0.701709 0.141452
386000 1.65718 -0.685637 0.132515
387000 1.72687 -0.724663 0.143459
388000 1.72318 -0.705046 0.140267
389000 1.74788 -0.690242 0.143724
390000 1.77086 -0.605975 0.151019
391000 1.67596 -0.633041 0.138961
392000 1.70681 -0.709644 0.139291
393000 1.7387 -0.700099 0.142322
394000 1.70969 -0.68617 0.141484
395000 1.68519 -0.666874 0.139471
396000 1.7133 -0.679785 0.137758
397000 1.6961 -0.669961 0.138389
398000 1.73047 -0.681639 0.142006
399000 1.72814 -0.64323 0.147872
400000 1.66709 -0.743852 0.13925
401000 1.64613 -0.706509 0.134764
402000 1.70055 -0.676657 0.137589
403000 1.74086 -0.639487 0.142072
404000 1.65815 -0.73199 0.134971
405000 1.70657 -0.700819 0.143585
406000 1.6627 -0.72598 0.136708
407000 1.64871 -0.803494 0.130232
408000 1.68236 -0.673364 0.141116
409000 1.74608 -0.717427 0.149061
410000 1.65085 -0.681261 0.13052
411000 1.68826 -0.66887 0.14026
412000 1.6512 -0.70578 0.132311
413000 1.70237 -0.733389 0.134995
414000 1.69522 -0.660539 0.137456
415000 1.71691 -0.713976 0.144626
416000 1.71503 -0.690664 0.147711
417000 1.711 -0.69505 0.144086
418000 1.66784 -0.687575 0.13319
419000 1.62802 -0.777983 0.128477
420000 1.72881 -0.665188 0.145152
421000 1.71621 -0.679931 0.143166
422000 1.68912 -0.715387 0.143263
423000 1.71154 -0.681529 0.138936
424000 1.66982 -0.65074 0.140829
425000 1.75032 -0.689512 0.150033
426000 1.72099 -0.716639 0.135052
427000 1.64303 -0.685038 0.135958
428000 1.74785 -0.670019 0.145122
429000 1.69147 -0.694999 0.138064
430000 1.69861 -0.657789 0.145076
431000 1.75543 -0.709969 0.146744
432000 1.64656 -0.705058 0.135663
433000 1.67062 -0.654841 0.136168
434000 1.72943 -0.71408 0.151118
435000 1.72864 -0.717158 0.146495
436000 1.68505 -0.66447 0.139448
437000 1.65386 -0.68373 0.136794
438000 1.70745 -0.693908 0.144139
439000 1.67334 -0.688774 0.138405
440000 1.68645 -0.702515 0.141874
441000 1.69174 -0.699181 0.145256
442000 1.74878 -0.680041 0.147799
443000 1.72529 -0.677813 0.145261
444000 1.6967 -0.711947 0.138234
445000 1.6876 -0.690104 0.136098
446000 1.74653 -0.730104 0.141215
447000 1.6392 -0.679484 0.133672
448000 1.75159 -0.743546 0.147742
449000 1.62192 -0.708025 0.131984
450000 1.68935 -0.691329 0.136464
451000 1.67406 -0.636373 0.139115
452000 1.67876 -0.689403 0.144624
453000 1.74784 -0.652239 0.148245
454000 1.70195 -0.66349 0.146345
455000 1.67834 -0.714005 0.137715
456000 1.70075 -0.677646 0.139322
457000 1.68048 -0.642701 0.144016
458000 1.72746 -0.662219 0.144828
459000 1.65042 -0.724007 0.131759
460000 1.71468 -0.686218 0.14592
461000 1.66603 -0.725232 0.132331
462000 1.72527 -0.714585 0.14437
463000 1.6984 -0.701539 0.142049
464000 1.76685 -0.654805 0.148487
465000 1.66668 -0.681517 0.141627
466000 1.7003 -0.666867 0.141644
467000 1.64843 -0.673518 0.138267
468000 1.68464 -0.631053 0.140153
469000 1.6601 -0.669984 0.130592
470000 1.72477 -0.680523 0.145228
471000 1.73513 -0.683185 0.141172
472000 1.64064 -0.693944 0.131652
473000 1.70237 -0.648398 0.141951
474000 1.64359 -0.704733 0.13807
475000 1.75472 -0.692114 0.145431
476000 1.66676 -0.639944 0.140318
477000 1.71624 -0.647405 0.149072
478000 1.72068 -0.682145 0.140593
479000 1.72357 -0.733348 0.143467
480000 1.67653 -0.686562 0.137691
481000 1.69746 -0.674178 0.1358
482000 1.72406 -0.692096 0.144351
483000 1.68329 -0.718797 0.13704
484000 1.71152 -0.684307 0.138948
485000 1.6878 -0.658478 0.141408
486000 1.65974 -0.671563 0.133614
487000 1.7299 -0.667352 0.141001
488000 1.71843 -0.635785 0.140774
489000 1.72932 -0.691254 0.145889
490000 1.63002 -0.698565 0.130589
491000 1.6913 -0.699599 0.1421
492000 1.72154 -0.759438 0.138986
493000 1.7331 -0.74568 0.139802
494000 1.65931 -0.692854 0.141857
495000 1.73262 -0.678033 0.150333
496000 1.63852 -0.711857 0.13167
497000 1.70067 -0.764886 0.140349
498000 1.64525 -0.635263 0.141822
499000 1.73781 -0.684778 0.144581
500000 1.66654 -0.703716 0.133071
501000 1.7027 -0.716802 0.136506
502000 1.71777 -0.620837 0.140194
503000 1.71202 -0.655586 0.145287
504000 1.69449 -0.67983 0.141053
505000 1.66698 -0.681025 0.137305
506000 1.71638 -0.694615 0.141313
507000 1.73212 -0.68549 0.144246
508000 1.72268 -0.653541 0.14668
509000 1.70389 -0.67793 0.141848
510000 1.66279 -0.659159 0.138463
511000 1.66788 -0.706443 0.133542
512000 1.68927 -0.701069 0.13599
513000 1.73662 -0.745225 0.140785
514000 1.70612 -0.662989 0.145856
515000 1.67085 -0.642084 0.141512
516000 1.6866 -0.610513 0.146414
517000 1.70213 -0.697721 0.137025
518000 1.6888 -0.710973 0.139064
519000 1.71371 -0.683379 0.140433
520000 1.75244 -0.664877 0.152134
521000 1.72305 -0.635358 0.142289
522000 1.6547 -0.637673 0.133723
523000 1.67998 -0.688726 0.138055
524000 1.70315 -0.718147 0.143774
525000 1.69242 -0.65994 0.141883
526000 1.71423 -0.658472 0.142874
527000 1.6281 -0.681734 0.133776
528000 1.74841 -0.70874 0.147986
529000 1.6992 -0.686045 0.137905
530000 1.70576 -0.724982 0.144787
531000 1.68442 -0.744258 0.138694
532000 1.64362 -0.703061 0.133568
533000 1.70963 -0.68873 0.141866
534000 1.70616 -0.666635 0.144522
535000 1.75109 -0.679322 0.14851
536000 1.67695 -0.74008 0.137738
537000 1.64582 -0.753781 0.133301
538000 1.68549 -0.669647 0.13586
539000 1.67148 -0.698151 0.141718
540000 1.67995 -0.719156 0.1338
541000 1.65557 -0.698131 0.132862
542000 1.68502 -0.686761 0.137512
543000 1.66779 -0.658891 0.135623
544000 1.67938 -0.653317 0.139175
545000 1.77941 -0.670435 0.155778
546000 1.65496 -0.686577 0.139566
547000 1.69627 -0.655405 0.136
548000 1.65853 -0.705664 0.138823
549000 1.67509 -0.718204 0.137996
550000 1.75538 -0.67737 0.152798
551000 1.67321 -0.722511 0.131405
552000 1.73532 -0.673683 0.146589
553000 1.67533 -0.687826 0.136473
554000 1.73455 -0.663383 0.146851
555000 1.63864 -0.730929 0.137702
556000 1.72565 -0.72587 0.147679
557000 1.70624 -0.751496 0.142472
558000 1.70242 -0.692315 0.143639
559000 1.68203 -0.656371 0.140376
560000 1.76299 -0.64239 0.150958
561000 1.69301 -0.714158 0.140478
562000 1.68244 -0.661264 0.137459
563000 1.66912 -0.674821 0.136541
564000 1.71106 -0.664474 0.141053
565000 1.64411 -0.688516 0.134431
566000 1.67209 -0.701976 0.138005
567000 1.70793 -0.656725 0.145944
568000 1.7191 -0.642836 0.141699
569000 1.69642 -0.651517 0.143846
570000 1.66674 -0.718028 0.133684
571000 1.74324 -0.682298 0.142477
572000 1.6322 -0.71342 0.131805
573000 1.72575 -0.709179 0.14295
574000 1.68001 -0.680564 0.137143
575000 1.70082 -0.718243 0.142444
576000 1.75778 -0.658438 0.147936
577000 1.73248 -0.694811 0.14667
578000 1.65872 -0.732847 0.134447
579000 1.66932 -0.737158 0.129416
580000 1.71369 -0.692343 0.142033
581000 1.69348 -0.723898 0.140594
582000 1.63826 -0.693531 0.130722
583000 1.77377 -0.704971 0.145195
584000 1.6446 -0.712247 0.1262
585000 1.70564 -0.685942 0.143327
586000 1.69591 -0.65815 0.145941
587000 1.63776 -0.7192 0.129242
588000 1.63566 -0.723187 0.135428
589000 1.69254 -0.692301 0.139141
590000 1.69363 -0.724062 0.145836
591000 1.72746 -0.726554 0.1356
592000 1.6848 -0.741946 0.135293
593000 1.7379 -0.737923 0.138938
594000 1.64914 -0.776081 0.133499
595000 1.71658 -0.707 0.139902
596000 1.68053 -0.652783 0.139907
597000 1.65576 -0.740166 0.134685
598000 1.75778 -0.685152 0.146189
599000 1.69019 -0.649421 0.136146
600000 1.733 -0.70174 0.147139
601000 1.72425 -0.660205 0.144598
602000 1.72104 -0.694476 0.137621
603000 1.70225 -0.760145 0.135811
604000 1.7009 -0.729092 0.143176
605000 1.75975 -0.684377 0.148589
606000 1.62468 -0.643834 0.130208
607000 1.77078 -0.676056 0.1493
608000 1.66719 -0.752833 0.13164
609000 1.67161 -0.801789 0.134174
610000 1.73345 -0.663184 0.148145
611000 1.72657 -0.711703 0.141976
612000 1.68689 -0.75089 0.135391
613000 1.68049 -0.667447 0.145339
614000 1.70814 -0.646201 0.143447
615000 1.66466 -0.696032 0.140104
616000 1.73241 -0.690003 0.144957
617000 1.6751 -0.74935 0.131467
618000 1.67595 -0.716861 0.142342
619000 1.6985 -0.73271 0.142785
620000 1.65083 -0.724365 0.130919
621000 1.69772 -0.662808 0.139804
622000 1.75274 -0.69249 0.14417
623000 1.66394 -0.693381 0.135968
624000 1.72896 -0.63322 0.144462
625000 1.73849 -0.680843 0.139053
626000 1.74618 -0.686291 0.147747
627000 1.72735 -0.653702 0.146519
628000 1.67172 -0.69971 0.143057
629000 1.68966 -0.68603 0.141446
630000 1.69531 -0.679118 0.135362
631000 1.71079 -0.685816 0.140583
632000 1.6504 -0.729625 0.136624
633000 1.74714 -0.745828 0.143458
634000 1.63885 -0.67697 0.13089
635000 1.72315 -0.702047 0.143285
636000 1.65045 -0.704044 0.134458
637000 1.67885 -0.743246 0.139599
638000 1.71404 -0.685286 0.143188
639000 1.771 -0.6958 0.146716
640000 1.66432 -0.673954 0.139892
641000 1.69927 -0.676867 0.13708
642000 1.70713 -0.713495 0.143219
643000 1.67872 -0.66597 0.140802
644000 1.6739 -0.699955 0.13841
645000 1.72692 -0.703872 0.149518
646000 1.67405 -0.725858 0.134901
647000 1.65296 -0.718351 0.130817
648000 1.72084 -0.675444 0.144375
649000 1.67597 -0.675194 0.137302
650000 1.70364 -0.693179 0.141306
651000 1.68239 -0.754536 0.136726
652000 1.69479 -0.664844 0.144846
653000 1.73837 -0.680278 0.143184
654000 1.66657 -0.698998 0.132377
655000 1.71845 -0.677467 0.150191
656000 1.67911 -0.691914 0.140683
657000 1.64857 -0.698116 0.136525
658000 1.69165 -0.652066 0.144076
659000 1.67677 -0.689618 0.13548
660000 1.70744 -0.743639 0.141135
661000 1.68412 -0.663053 0.138585
662000 1.67265 -0.629962 0.13583
663000 1.69243 -0.630227 0.144208
664000 1.63184 -0.683677 0.134349
665000 1.69059 -0.721624 0.13939
666000 1.73558 -0.678099 0.146005
667000 1.73018 -0.694251 0.146414
668000 1.6986 -0.70448 0.139561
669000 1.71931 -0.636741 0.145238
670000 1.72635 -0.715961 0.13856
671000 1.7089 -0.719543 0.150694
672000 1.67116 -0.691987 0.139943
673000 1.71104 -0.687297 0.13681
674000 1.70428 -0.676759 0.140004
675000 1.72862 -0.71833 0.138408
676000 1.64771 -0.677223 0.134181
677000 1.69457 -0.696026 0.139337
678000 1.72868 -0.748712 0.141294
679000 1.68825 -0.710195 0.14177
680000 1.67996 -0.689769 0.139389
681000 1.66177 -0.733954 0.13298
682000 1.73872 -0.704609 0.147121
683000 1.70001 -0.668524 0.139805
684000 1.73617 -0.641826 0.149578
685000 1.71575 -0.69158 0.145239
686000 1.71478 -0.708736 0.143566
687000 1.66443 -0.72558 0.138278
688000 1.69118 -0.661294 0.137913
689000 1.70798 -0.690718 0.13833
690000 1.72493 -0.619362 0.149469
691000 1.69463 -0.607036 0.141181
692000 1.67066 -0.670554 0.138952
693000 1.69387 -0.697882 0.140889
694000 1.66995 -0.67989 0.134258
695000 1.75443 -0.662646 0.154796
696000 1.64837 -0.709287 0.139947
697000 1.67845 -0.675235 0.133608
698000 1.6732 -0.667416 0.139232
699000 1.75979 -0.673847 0.146691
700000 1.68624 -0.718779 0.141364
701000 1.68071 -0.671371 0.140173
702000 1.64411 -0.647145 0.131146
703000 1.68595 -0.626603 0.141704
704000 1.71518 -0.720353 0.143079
705000 1.68496 -0.736543 0.136963
706000 1.70642 -0.679122 0.147069
707000 1.6568 -0.729273 0.131246
708000 1.67876 -0.692793 0.141179
709000 1.68663 -0.706293 0.136738
710000 1.65422 -0.708732 0.130246
711000 1.63207 -0.699892 0.134552
712000 1.72157 -0.722882 0.139199
713000 1.67403 -0.72097 0.138912
714000 1.68261 -0.698306 0.140057
715000 1.71928 -0.695418 0.139444
716000 1.69424 -0.663271 0.142858
717000 1.67718 -0.62521 0.140021
718000 1.71596 -0.650516 0.143103
719000 1.6526 -0.671752 0.133425
720000 1.69008 -0.650362 0.141011
721000 1.76969 -0.628219 0.149667
722000 1.71129 -0.642907 0.14177
723000 1.71318 -0.703608 0.141414
724000 1.66315 -0.697147 0.136902
725000 1.64579 -0.723235 0.134334
726000 1.72565 -0.664986 0.146995
727000 1.63643 -0.653096 0.138975
728000 1.76953 -0.721704 0.147788
729000 1.72883 -0.798849 0.136986
730000 1.68803 -0.647643 0.141126
731000 1.66363 -0.678779 0.135628
732000 1.70447 -0.723309 0.138486
733000 1.62618 -0.707042 0.12816
734000 1.75872 -0.674037 0.144053
735000 1.7049 -0.671238 0.144172
736000 1.72612 -0.705415 0.140673
737000 1.71668 -0.700104 0.143235
738000 1.73144 -0.683925 0.142809
739000 1.66391 -0.63887 0.139935
740000 1.65164 -0.739767 0.132151
741000 1.71086 -0.654698 0.145035
742000 1.66609 -0.659496 0.138965
743000 1.7171 -0.688878 0.143901
744000 1.65788 -0.681932 0.141122
745000 1.72028 -0.695831 0.139357
746000 1.7103 -0.714138 0.143325
747000 1.76167 -0.645727 0.151728
748000 1.61396 -0.754091 0.12184
749000 1.71554 -0.73219 0.139579
750000 1.71288 -0.73935 0.140759
751000 1.7038 -0.703436 0.14064
752000 1.73278 -0.698764 0.149408
753000 1.68915 -0.690363 0.144428
754000 1.66921 -0.680484 0.139407
755000 1.67344 -0.758212 0.131813
756000 1.77353 -0.708192 0.142246
757000 1.66629 -0.658369 0.140155
758000 1.69485 -0.663745 0.139352
759000 1.70521 -0.691331 0.143357
760000 1.7106 -0.683615 0.144521
761000 1.63255 -0.679903 0.135686
762000 1.71157 -0.677368 0.139344
763000 1.74202 -0.678139 0.145781
764000 1.71511 -0.663813 0.141801
765000 1.69642 -0.672823 0.140561
766000 1.68998 -0.757125 0.139343
767000 1.67423 -0.6622 0.136004
768000 1.7043 -0.6921 0.138683
769000 1.7228 -0.718758 0.142411
770000 1.65621 -0.750892 0.128717
771000 1.71403 -0.777204 0.133621
772000 1.65047 -0.666828 0.138053
773000 1.72557 -0.739013 0.14522
774000 1.74792 -0.702546 0.136771
775000 1.64524 -0.688329 0.12389
776000 1.71147 -0.672617 0.137883
777000 1.69924 -0.679917 0.148942
778000 1.69138 -0.745373 0.137579
779000 1.68977 -0.707917 0.140239
780000 1.68148 -0.708589 0.140725
781000 1.67102 -0.712797 0.144644
782000 1.71594 -0.68717 0.140083
783000 1.69208 -0.663778 0.137043
784000 1.72763 -0.693223 0.141433
785000 1.67027 -0.681069 0.141328
786000 1.69118 -0.677364 0.143587
787000 1.62608 -0.684363 0.130384
788000 1.71711 -0.697113 0.144815
789000 1.69355 -0.747285 0.133843
790000 1.73165 -0.641696 0.148181
791000 1.65359 -0.680652 0.137908
792000 1.70888 -0.646776 0.142339
793000 1.72127 -0.716511 0.13657
794000 1.71244 -0.675249 0.140573
795000 1.70873 -0.699737 0.143188
796000 1.63916 -0.641664 0.136789
797000 1.74059 -0.665767 0.148081
798000 1.67319 -0.695759 0.140944
799000 1.6902 -0.718113 0.139765
800000 1.66868 -0.713678 0.137423
801000 1.71128 -0.723369 0.141919
802000 1.67158 -0.722829 0.136314
803000 1.69135 -0.635915 0.141032
804000 1.67211 -0.671896 0.138617
805000 1.72205 -0.728559 0.144185
806000 1.7284 -0.697883 0.140648
807000 1.64469 -0.676198 0.132024
808000 1.65224 -0.699168 0.137367
809000 1.72824 -0.639365 0.146116
810000 1.73224 -0.73316 0.147755
811000 1.68556 -0.716132 0.139956
812000 1.65345 -0.7837 0.127919
813000 1.74307 -0.72544 0.14778
814000 1.7026 -0.697132 0.135314
815000 1.72442 -0.672054 0.145557
816000 1.69125 -0.685109 0.138122
817000 1.71953 -0.701421 0.13846
818000 1.68564 -0.611422 0.141192
819000 1.70512 -0.696765 0.13792
820000 1.72459 -0.693071 0.141063
821000 1.6477 -0.717242 0.135047
822000 1.71949 -0.72358 0.142295
823000 1.67381 -0.688031 0.135329
824000 1.7223 -0.664887 0.145284
825000 1.67261 -0.686869 0.141062
826000 1.69556 -0.666672 0.140198
827000 1.72898 -0.664316 0.145135
828000 1.68637 -0.730669 0.132502
829000 1.73755 -0.753305 0.141387
830000 1.69867 -0.717255 0.134609
831000 1.6536 -0.688768 0.13241
832000 1.69306 -0.674107 0.136464
833000 1.73605 -0.6895 0.148646
834000 1.64668 -0.70674 0.134093
835000 1.65621 -0.677506 0.133646
836000 1.6884 -0.678625 0.138893
837000 1.74355 -0.697215 0.143461
838000 1.71609 -0.712806 0.138485
839000 1.72878 -0.698176 0.141988
840000 1.6499 -0.694481 0.14108
841000 1.69553 -0.745133 0.129635
842000 1.68874 -0.63998 0.139341
843000 1.67652 -0.670835 0.138964
844000 1.71889 -0.71291 0.141392
845000 1.68083 -0.673864 0.134459
846000 1.70981 -0.712912 0.140825
847000 1.67339 -0.69991 0.136563
848000 1.74526 -0.723217 0.15148
849000 1.69425 -0.710479 0.139438
850000 1.73472 -0.683132 0.145288
851000 1.69675 -0.661282 0.144361
852000 1.71589 -0.65156 0.143121
853000 1.66098 -0.716225 0.135092
854000 1.67386 -0.694393 0.141413
855000 1.67566 -0.689799 0.142463
856000 1.68364 -0.737633 0.133016
857000 1.68796 -0.672223 0.142146
858000 1.72848 -0.63466 0.150626
859000 1.65917 -0.658317 0.137221
860000 1.693 -0.681956 0.140827
861000 1.69186 -0.702054 0.142232
862000 1.67004 -0.655554 0.137426
863000 1.67858 -0.669554 0.145004
864000 1.72494 -0.673701 0.145332
865000 1.72284 -0.649525 0.148368
866000 1.72256 -0.740084 0.143386
867000 1.72434 -0.661998 0.138089
868000 1.72117 -0.770871 0.142414
869000 1.75412 -0.725013 0.146962
870000 1.68418 -0.68634 0.141206
871000 1.69696 -0.676689 0.139524
872000 1.74015 -0.65472 0.145605
873000 1.71549 -0.6714 0.142745
874000 1.66775 -0.656391 0.136311
875000 1.77508 -0.696029 0.147665
876000 1.68729 -0.711889 0.130531
877000 1.67884 -0.695885 0.138363
878000 1.7447 -0.628189 0.150405
879000 1.64545 -0.699365 0.140713
880000 1.67402 -0.748665 0.127043
881000 1.6469 -0.743296 0.130472
882000 1.7588 -0.673521 0.145606
883000 1.64835 -0.712387 0.134718
884000 1.69578 -0.693262 0.138484
885000 1.74997 -0.673926 0.149822
886000 1.70321 -0.650392 0.141092
887000 1.73894 -0.654617 0.152859
888000 1.64952 -0.644972 0.133852
889000 1.71355 -0.662763 0.144824
890000 1.664 -0.742406 0.129125
891000 1.73289 -0.747698 0.139414
892000 1.74707 -0.678621 0.14248
893000 1.73777 -0.695014 0.146349
894000 1.6642 -0.698855 0.135115
895000 1.69233 -0.669469 0.142696
896000 1.72428 -0.653865 0.143298
897000 1.63413 -0.711702 0.134218
898000 1.68749 -0.687531 0.144436
899000 1.70209 -0.67582 0.146446
900000 1.67198 -0.74946 0.135589
901000 1.67075 -0.757282 0.139322
902000 1.71149 -0.637568 0.141694
903000 1.73802 -0.73762 0.142439
904000 1.71641 -0.660845 0.148268
905000 1.63658 -0.700306 0.129326
906000 1.72831 -0.721557 0.143372
907000 1.67634 -0.778254 0.1366
908000 1.66197 -0.66416 0.138448
909000 1.73431 -0.674049 0.144062
910000 1.6598 -0.685952 0.131786
911000 1.71558 -0.710968 0.147394
912000 1.68341 -0.710113 0.142305
913000 1.66296 -0.672086 0.132993
914000 1.74464 -0.678311 0.143323
915000 1.72133 -0.770033 0.143311
916000 1.63968 -0.689167 0.132723
917000 1.71275 -0.655522 0.141873
918000 1.74984 -0.668551 0.148906
919000 1.68334 -0.693211 0.144772
920000 1.69071 -0.73019 0.134408
921000 1.69192 -0.719472 0.138411
922000 1.67478 -0.650488 0.134067
923000 1.74442 -0.675893 0.15023
924000 1.67586 -0.696588 0.140604
925000 1.71079 -0.745655 0.139501
926000 1.68256 -0.706762 0.141108
927000 1.75505 -0.667532 0.15484
928000 1.65316 -0.74008 0.13453
929000 1.74537 -0.700807 0.149361
930000 1.66888 -0.699599 0.137775
931000 1.69227 -0.714538 0.138411
932000 1.7111 -0.677266 0.143231
933000 1.67171 -0.679011 0.139161
934000 1.74531 -0.680561 0.137974
935000 1.64948 -0.714205 0.135843
936000 1.71435 -0.693139 0.13902
937000 1.69322 -0.692246 0.135904
938000 1.67397 -0.683151 0.13055
939000 1.71242 -0.679273 0.142483
940000 1.69717 -0.680934 0.136727
941000 1.67283 -0.694495 0.132548
942000 1.75063 -0.695843 0.148419
943000 1.67049 -0.670342 0.138512
944000 1.63319 -0.702161 0.129477
945000 1.64051 -0.680817 0.129698
946000 1.6664 -0.705032 0.142132
947000 1.7428 -0.697818 0.14928
948000 1.68833 -0.667973 0.137742
949000 1.67429 -0.684574 0.139752
950000 1.69266 -0.690294 0.135648
951000 1.77015 -0.679386 0.151261
952000 1.69956 -0.708849 0.1475
953000 1.69353 -0.686362 0.140799
954000 1.64954 -0.715162 0.130012
955000 1.75915 -0.722309 0.146334
956000 1.65035 -0.730853 0.137783
957000 1.7311 -0.686031 0.137337
958000 1.66622 -0.68623 0.138772
959000 1.7337 -0.695922 0.14482
960000 1.7117 -0.691296 0.140786
961000 1.67927 -0.678399 0.140416
962000 1.67089 -0.662605 0.136348
963000 1.69666 -0.684219 0.146296
964000 1.72104 -0.644567 0.14444
965000 1.67329 -0.799855 0.131022
966000 1.71905 -0.687216 0.137207
967000 1.69496 -0.634916 0.147335
968000 1.72539 -0.731219 0.134506
969000 1.65742 -0.696184 0.138541
970000 1.70359 -0.710973 0.136874
971000 1.7227 -0.720217 0.14441
972000 1.66422 -0.757495 0.128009
973000 1.734 -0.691195 0.141084
974000 1.67204 -0.703825 0.137421
975000 1.74725 -0.702611 0.145406
976000 1.75158 -0.668045 0.144283
977000 1.70996 -0.725612 0.139909
978000 1.64433 -0.780604 0.125777
979000 1.68512 -0.75236 0.140091
980000 1.7433 -0.696752 0.144181
981000 1.7316 -0.674967 0.146094
982000 1.72601 -0.640861 0.147391
983000 1.70605 -0.661107 0.134008
984000 1.71675 -0.669056 0.139657
985000 1.70055 -0.697704 0.131774
986000 1.76329 -0.708764 0.149617
987000 1.70312 -0.663495 0.14096
988000 1.67374 -0.720061 0.132985
989000 1.63766 -0.732693 0.13566
990000 1.73936 -0.695367 0.145731
991000 1.75007 -0.697916 0.144629
992000 1.6998 -0.669708 0.145161
993000 1.7328 -0.72442 0.142122
994000 1.71903 -0.67285 0.142567
995000 1.70672 -0.609216 0.147589
996000 1.70446 -0.685038 0.144932
997000 1.7726 -0.672588 0.148882
998000 1.6875 -0.719555 0.132951
999000 1.71777 -0.702968 0.134066
1000000 1.6716 -0.680658 0.137377
1001000 1.74299 -0.697779 0.141259
1002000 1.67759 -0.676523 0.137879
1003000 1.6736 -0.70502 0.13622
1004000 1.72116 -0.698409 0.145391
1005000 1.73655 -0.715461 0.143579
1006000 1.6394 -0.722273 0.134745
1007000 1.75166 -0.675441 0.144021
1008000 1.67338 -0.706676 0.135683
1009000 1.67907 -0.668386 0.134507
1010000 1.74875 -0.707397 0.147493
1011000 1.68311 -0.711324 0.137376
1012000 1.71758 -0.748231 0.141819
1013000 1.65128 -0.699237 0.134831
1014000 1.73074 -0.667271 0.144866
1015000 1.74448 -0.702175 0.150931
1016000 1.68186 -0.749103 0.132033
1017000 1.69779 -0.717912 0.136757
1018000 1.64647 -0.768794 0.12655
1019000 1.71837 -0.781301 0.142047
1020000 1.66586 -0.656977 0.136898
1021000 1.70882 -0.705836 0.13781
1022000 1.65853 -0.729484 0.137371
1023000 1.69944 -0.6668 0.144883
1024000 1.70468 -0.691001 0.138836
1025000 1.7303 -0.697322 0.144754
1026000 1.72045 -0.695201 0.142071
1027000 1.69678 -0.732181 0.135594
1028000 1.7053 -0.763572 0.137335
1029000 1.69381 -0.684909 0.143825
1030000 1.7229 -0.688898 0.139976
1031000 1.66358 -0.700464 0.13405
1032000 1.74694 -0.696889 0.149064
1033000 1.71644 -0.698371 0.135065
1034000 1.68197 -0.704324 0.142385
1035000 1.72909 -0.722777 0.141373
1036000 1.70696 -0.746728 0.141601
1037000 1.70346 -0.751097 0.135946
1038000 1.75104 -0.686351 0.143526
1039000 1.71005 -0.727389 0.136558
1040000 1.70201 -0.684295 0.136795
1041000 1.70723 -0.70617 0.135006
1042000 1.71507 -0.64466 0.14006
1043000 1.66656 -0.626029 0.136644
1044000 1.68924 -0.640156 0.147159
1045000 1.73756 -0.657536 0.144419
1046000 1.67575 -0.653377 0.143257
1047000 1.62594 -0.741385 0.133971
1048000 1.72833 -0.655853 0.148472
1049000 1.72213 -0.737359 0.140334
1050000 1.70532 -0.704761 0.143127
1051000 1.65816 -0.689351 0.137157
1052000 1.67337 -0.738417 0.133293
1053000 1.73168 -0.711236 0.148766
1054000 1.73577 -0.677117 0.149165
1055000 1.64943 -0.678627 0.139911
1056000 1.70982 -0.697328 0.1434
1057000 1.73267 -0.741147 0.143609
1058000 1.67109 -0.716222 0.137541
1059000 1.69392 -0.682867 0.141444
1060000 1.68242 -0.681777 0.143894
1061000 1.7021 -0.639648 0.142275
1062000 1.73489 -0.63667 0.151967
1063000 1.66062 -0.702238 0.135428
1064000 1.67969 -0.735423 0.138597
1065000 1.7071 -0.698145 0.14091
1066000 1.74547 -0.718178 0.144781
1067000 1.76938 -0.67688 0.145656
1068000 1.65747 -0.700569 0.13512
1069000 1.75843 -0.627243 0.149936
1070000 1.64964 -0.613776 0.141723
1071000 1.74695 -0.725643 0.148774
1072000 1.68516 -0.637702 0.13675
1073000 1.66422 -0.685294 0.139084
1074000 1.70002 -0.664084 0.145376
1075000 1.72046 -0.715567 0.144656
1076000 1.72326 -0.676422 0.145126
1077000 1.69549 -0.692822 0.139607
1078000 1.7438 -0.660554 0.150494
1079000 1.72323 -0.733415 0.14539
1080000 1.70136 -0.69971 0.137732
1081000 1.67064 -0.720757 0.138451
1082000 1.68341 -0.670023 0.140155
1083000 1.6624 -0.698567 0.137652
1084000 1.67546 -0.734654 0.137107
1085000 1.73053 -0.632142 0.144531
1086000 1.72458 -0.666009 0.139081
1087000 1.68925 -0.686128 0.139864
1088000 1.70827 -0.632272 0.147286
1089000 1.75573 -0.692095 0.146131
1090000 1.65336 -0.672673 0.133959
1091000 1.69963 -0.661099 0.143023
1092000 1.71459 -0.672026 0.147525
1093000 1.70033 -0.624671 0.145851
1094000 1.65364 -0.658038 0.13327
1095000 1.72553 -0.709357 0.14207
1096000 1.68685 -0.681667 0.135535
1097000 1.64117 -0.642461 0.132902
1098000 1.71641 -0.672019 0.142677
1099000 1.654 -0.729971 0.129364
1100000 1.73798 -0.722613 0.138995
