# Time-averaged data for fix 2
# TimeStep v_Temperature v_PotentialEnergy v_Pressure
1000 4.50837 -0.0526848 0.0446903
2000 4.90531 -0.0576247 0.048536
3000 4.86374 -0.0452368 0.0484295
4000 5.01557 -0.0423524 0.0502352
5000 5.0315 -0.0527627 0.0499733
6000 4.90029 -0.0514882 0.0487515
7000 4.97998 -0.0524426 0.049688
8000 5.08255 -0.0477939 0.0508666
9000 5.03828 -0.0534129 0.050166
10000 4.90276 -0.0541116 0.0486516
11000 5.13386 -0.0629403 0.0510406
12000 5.09873 -0.0654414 0.0503982
13000 4.73338 -0.060176 0.0468031
14000 5.09011 -0.0499843 0.0506564
15000 5.05821 -0.0490548 0.0503497
16000 4.79485 -0.0452347 0.0475913
17000 5.15177 -0.0505866 0.0512579
18000 5.04918 -0.0518093 0.0502777
19000 4.95235 -0.0464506 0.0491324
20000 4.86918 -0.0418452 0.0487934
21000 4.98106 -0.045718 0.0496829
22000 4.86093 -0.0462817 0.048165
23000 4.88095 -0.0475008 0.0486196
24000 5.00801 -0.0499683 0.0500642
25000 4.90118 -0.0440934 0.0489572
26000 5.06204 -0.0624397 0.0502016
27000 5.11428 -0.0527215 0.0506798
28000 4.82244 -0.0522005 0.0479631
29000 5.09131 -0.0491642 0.0505669
30000 5.11758 -0.0482681 0.05105
31000 4.92788 -0.0524468 0.0486925
32000 5.03933 -0.0503694 0.0501909
33000 4.9974 -0.0491432 0.049751
34000 5.09838 -0.0482701 0.0510104
35000 5.05953 -0.0508146 0.0502721
36000 5.01049 -0.0531286 0.049685
37000 4.9156 -0.054367 0.0488332
38000 4.96821 -0.0473907 0.049608
39000 5.15753 -0.0436124 0.0515971
40000 5.09524 -0.0358367 0.0514129
41000 4.85524 -0.0448927 0.0482707
42000 5.01611 -0.044843 0.0500325
43000 5.0975 -0.0482507 0.0503598
44000 4.88437 -0.0539623 0.0483876
45000 4.90433 -0.0466857 0.0487652
46000 5.00805 -0.0580165 0.0498074
47000 5.13692 -0.0481475 0.0508617
48000 5.07524 -0.0522997 0.0505324
49000 4.97672 -0.0585495 0.0495437
50000 4.86269 -0.0502012 0.0483059
51000 5.14738 -0.0515697 0.0508159
52000 4.84663 -0.0490595 0.0481502
53000 5.22218 -0.0668511 0.051905
54000 4.94219 -0.0370258 0.0498093
55000 4.99755 -0.0529245 0.0496118
56000 5.06866 -0.0425603 0.0509195
57000 5.08553 -0.0506529 0.0509315
58000 4.84949 -0.048678 0.0486931
59000 4.98029 -0.0524658 0.0492807
60000 5.01709 -0.0605087 0.0497908
61000 4.99958 -0.049928 0.0499957
62000 5.23803 -0.0585117 0.0521325
63000 5.00332 -0.0472664 0.0499515
64000 5.00903 -0.0485176 0.0499416
65000 5.09779 -0.0490763 0.0504123
66000 4.80931 -0.0534338 0.0476532
67000 5.18179 -0.0465833 0.0516729
68000 4.91349 -0.0461547 0.0486701
69000 4.92014 -0.0458275 0.0486135
70000 5.10011 -0.0628307 0.0508544
71000 4.99348 -0.0449733 0.0496531
72000 4.82314 -0.0487097 0.0484421
73000 5.13302 -0.0447187 0.0509785
74000 5.0568 -0.0474504 0.0504776
75000 4.88236 -0.0463953 0.0484048
76000 5.07709 -0.042769 0.0507139
77000 5.12162 -0.0457622 0.0512155
78000 4.85075 -0.0498897 0.048172
79000 5.19416 -0.0464523 0.0519033
80000 4.9563 -0.0376778 0.0495599
81000 4.89706 -0.0474254 0.0488319
82000 5.12662 -0.0531744 0.0510244
83000 5.13552 -0.0460729 0.0510378
84000 4.83897 -0.0524525 0.0478085
85000 5.02317 -0.0421638 0.0504728
86000 5.09257 -0.0579971 0.0507679
87000 5.07444 -0.0422881 0.0504434
88000 4.97615 -0.0500617 0.0493853
89000 5.01317 -0.0517197 0.0499276
90000 5.03822 -0.0530617 0.0499766
91000 5.09031 -0.0531982 0.0505015
92000 5.05175 -0.0460619 0.0502654
93000 4.91437 -0.0454491 0.0489803
94000 4.90769 -0.0483151 0.0489058
95000 4.92931 -0.0627137 0.0488693
96000 4.85293 -0.0538266 0.0481872
97000 4.96813 -0.0470517 0.0492065
98000 4.89873 -0.0555342 0.0485147
99000 5.00402 -0.0570081 0.0502058
100000 5.0356 -0.0548474 0.0501134
101000 4.98507 -0.0440665 0.0496988
102000 4.94536 -0.0531192 0.0490592
103000 5.06298 -0.0519806 0.0506505
104000 4.97875 -0.0491695 0.0494886
105000 5.06015 -0.0521668 0.050406
106000 5.0193 -0.050817 0.0499268
107000 5.07076 -0.0415556 0.0505889
108000 4.85272 -0.0561962 0.0481874
109000 5.10823 -0.0716374 0.0505778
110000 5.20094 -0.0628909 0.0514978
111000 4.84948 -0.0562304 0.0480774
112000 5.12327 -0.0510229 0.0511742
113000 4.81158 -0.0610637 0.0477787
114000 5.0837 -0.0462196 0.0505879
115000 5.05204 -0.0540253 0.0501432
116000 4.87722 -0.0496756 0.0487844
117000 5.07724 -0.0508838 0.0502839
118000 5.15369 -0.0568135 0.0510964
119000 4.87171 -0.0403842 0.0488017
120000 5.17193 -0.0425601 0.0515793
121000 4.82528 -0.0484733 0.0479536
122000 5.12034 -0.0534158 0.0510813
123000 4.81801 -0.0467257 0.0475172
124000 5.19703 -0.0530877 0.0519167
125000 5.00506 -0.0431297 0.0503454
126000 4.97097 -0.0425521 0.0493521
127000 4.96162 -0.0634561 0.0495326
128000 4.90753 -0.0624622 0.0488192
129000 5.08695 -0.0567626 0.0503116
130000 4.97815 -0.0440996 0.0496531
131000 4.94389 -0.0416644 0.0494534
132000 4.97581 -0.0536578 0.0497072
133000 4.98213 -0.0480044 0.0493128
134000 5.08819 -0.0499563 0.0506636
135000 5.01534 -0.0522893 0.050106
136000 4.97661 -0.0591428 0.0493171
137000 5.02369 -0.0463037 0.0502989
138000 5.08518 -0.0553848 0.0500508
139000 5.08494 -0.0504421 0.050362
140000 5.11663 -0.0470747 0.0509839
141000 4.97877 -0.059376 0.0493303
142000 5.12422 -0.049039 0.0507822
143000 4.98304 -0.0411993 0.0497111
144000 5.07587 -0.047672 0.0504317
145000 4.87865 -0.0494676 0.0484565
146000 4.78233 -0.0400398 0.0479528
147000 4.84147 -0.037975 0.0487822
148000 5.02851 -0.040814 0.0502578
149000 4.97288 -0.0450133 0.0497655
150000 4.79448 -0.0589645 0.0475289
151000 5.03204 -0.0497324 0.0504025
152000 5.09385 -0.0430206 0.0510856
153000 5.02046 -0.044054 0.0500984
154000 4.9657 -0.0461604 0.0494729
155000 4.89624 -0.0416769 0.0489005
156000 4.89841 -0.0480378 0.0486967
157000 5.05452 -0.0462187 0.0498884
158000 4.9921 -0.0530199 0.0495265
159000 5.03848 -0.0454704 0.0503875
160000 4.99217 -0.0585421 0.0496418
161000 4.94195 -0.0558412 0.049108
162000 5.14218 -0.0299017 0.0516336
163000 5.02237 -0.0531818 0.0501543
164000 4.83687 -0.0505605 0.0484478
165000 5.00039 -0.0542879 0.0500063
166000 5.10061 -0.0521692 0.0504964
167000 4.90831 -0.0455038 0.0490341
168000 4.97743 -0.0563627 0.0495129
169000 5.0634 -0.0433051 0.0507946
170000 5.02703 -0.0474019 0.0498164
171000 4.90388 -0.0485909 0.048727
172000 5.11365 -0.0399157 0.0508979
173000 4.98901 -0.0415946 0.0500473
174000 4.83183 -0.0547184 0.0479547
175000 5.11504 -0.0448928 0.0511008
176000 5.06266 -0.0514608 0.0505958
177000 4.86709 -0.0532409 0.0484543
178000 5.0841 -0.0626012 0.0503187
179000 5.14015 -0.0496295 0.0507619
180000 4.85368 -0.0359877 0.048456
181000 5.21475 -0.046965 0.0519642
182000 4.80054 -0.0542969 0.0480282
183000 4.83746 -0.0525638 0.0486645
184000 5.06855 -0.0511933 0.050468
185000 4.92494 -0.0414127 0.0492481
186000 4.78243 -0.0498708 0.0478582
187000 5.01963 -0.0526601 0.0500934
188000 5.02787 -0.0474655 0.0502005
189000 5.02426 -0.0488706 0.0498773
190000 4.85764 -0.0429881 0.0487569
191000 5.05184 -0.0613733 0.049954
192000 4.98216 -0.0650857 0.0494979
193000 5.15669 -0.0424537 0.0516457
194000 4.90763 -0.0429515 0.0491482
195000 5.00482 -0.0549612 0.0499855
196000 5.13399 -0.0613656 0.0512697
197000 4.8646 -0.0571793 0.0485093
198000 4.88788 -0.0587273 0.0482751
199000 5.17565 -0.0445771 0.051391
200000 4.85293 -0.0544378 0.0487476
201000 5.18072 -0.0565191 0.0513304
202000 4.83916 -0.0423861 0.0485441
203000 5.05945 -0.0509776 0.0501704
204000 5.14542 -0.050688 0.0511759
205000 4.97807 -0.0479892 0.0494041
206000 5.04282 -0.0543518 0.0499391
207000 5.08881 -0.0434154 0.051439
208000 4.94595 -0.0518856 0.0492837
209000 4.97102 -0.0410677 0.0497881
210000 4.92345 -0.0549142 0.0487172
211000 5.00817 -0.0448918 0.0498411
212000 5.00654 -0.0462447 0.0496918
213000 5.01489 -0.0403783 0.0502518
214000 4.94844 -0.0439566 0.0494385
215000 4.9045 -0.0472262 0.0487793
216000 4.97222 -0.0606528 0.0492541
217000 4.91462 -0.055764 0.0485907
218000 5.1055 -0.054104 0.0504659
219000 5.10641 -0.0450523 0.0509676
220000 4.81567 -0.0444975 0.0480124
221000 5.08882 -0.0535486 0.0502556
222000 4.79485 -0.0469518 0.047728
223000 5.09914 -0.0493729 0.0506468
224000 5.11004 -0.0423965 0.05073
225000 5.01289 -0.0469805 0.0501715
226000 4.98815 -0.0545879 0.0494825
227000 5.03224 -0.0472281 0.0500589
228000 4.98163 -0.0521379 0.0496123
229000 5.08311 -0.0497087 0.0506313
230000 5.01377 -0.0406872 0.0501686
231000 4.86852 -0.0519138 0.048489
232000 4.95928 -0.0576607 0.0494918
233000 4.9512 -0.0628699 0.0491471
234000 5.13459 -0.0496414 0.0510853
235000 5.06206 -0.0412863 0.0501209
236000 5.04707 -0.0394128 0.050584
237000 4.92406 -0.0476882 0.0489926
238000 4.92541 -0.0529793 0.0488776
239000 4.89293 -0.042733 0.0488371
240000 5.16714 -0.055815 0.0513258
241000 5.00603 -0.0501212 0.0502948
242000 4.85073 -0.0551869 0.0483618
243000 4.95323 -0.0441665 0.0493499
244000 4.99689 -0.0415033 0.0499163
245000 5.0349 -0.052048 0.0501191
246000 5.01703 -0.0546321 0.0498553
247000 5.05181 -0.0504383 0.0499859
248000 4.93911 -0.0510573 0.0490246
249000 5.01615 -0.0524984 0.0496261
250000 5.00552 -0.0461317 0.0498408
251000 4.87274 -0.0559964 0.0481527
252000 5.15099 -0.051831 0.0514005
253000 5.15655 -0.051671 0.0511117
254000 4.92675 -0.042605 0.0490422
255000 5.05644 -0.0655223 0.0503984
256000 5.03815 -0.0622425 0.050237
257000 5.05195 -0.057977 0.0500086
258000 5.0477 -0.0549415 0.0500879
259000 5.19569 -0.0649225 0.0517971
260000 4.86396 -0.0666309 0.048343
261000 5.21099 -0.0583628 0.0517684
262000 4.84161 -0.0537056 0.0483417
263000 4.95668 -0.0375042 0.0496079
264000 5.14711 -0.0439822 0.0511034
265000 5.0104 -0.0534916 0.0499137
266000 4.99585 -0.0437582 0.0494792
267000 4.95205 -0.050937 0.0492814
268000 4.92198 -0.0559378 0.0490048
269000 5.04876 -0.0650177 0.0498526
270000 4.93549 -0.0431549 0.049665
271000 5.02975 -0.0592465 0.0500148
272000 5.04329 -0.0421289 0.0504908
273000 4.98291 -0.0551874 0.0493484
274000 5.02786 -0.0549525 0.0499224
275000 5.03105 -0.0469617 0.0503466
276000 4.99088 -0.0417784 0.049828
277000 5.03577 -0.0363268 0.0505274
278000 4.94354 -0.0478399 0.0493735
279000 4.90888 -0.0553001 0.0484127
280000 5.00702 -0.052553 0.0502869
281000 5.12119 -0.0489171 0.0512318
282000 4.87023 -0.0546437 0.0481642
283000 4.90952 -0.0464627 0.0489418
284000 4.92081 -0.0380847 0.0493926
285000 5.15762 -0.0446018 0.0514817
286000 5.02676 -0.0496362 0.0503708
287000 4.87069 -0.0493733 0.0483601
288000 5.07925 -0.0415451 0.0507628
289000 4.99281 -0.0458165 0.0501884
290000 4.88136 -0.0583595 0.0486413
291000 4.86745 -0.0590925 0.0480801
292000 4.96321 -0.0369318 0.0499728
293000 5.00491 -0.0492499 0.0497297
294000 5.05246 -0.0510147 0.0503446
295000 4.96928 -0.0409121 0.049222
296000 4.94167 -0.0487132 0.0488073
297000 5.122 -0.0455211 0.0509425
298000 5.05356 -0.0495351 0.0502764
299000 4.84646 -0.0401722 0.0483769
300000 5.18576 -0.0574565 0.0513449
301000 4.8639 -0.0565105 0.0480177
302000 4.92077 -0.0535606 0.0488039
303000 5.02623 -0.0464498 0.0498958
304000 5.22142 -0.0395886 0.0521604
305000 5.10489 -0.0516432 0.0504195
306000 4.90352 -0.0553529 0.0488364
307000 4.97269 -0.0591739 0.0493747
308000 5.01434 -0.0487986 0.0500457
309000 5.01007 -0.0571239 0.04978
310000 4.85381 -0.0596829 0.04845
311000 5.18496 -0.0463636 0.0520116
312000 4.88256 -0.044759 0.0489231
313000 5.0406 -0.0451508 0.0501566
314000 5.02793 -0.049339 0.0499557
315000 4.92755 -0.0543355 0.0490932
316000 4.99999 -0.0550684 0.0496011
317000 4.9927 -0.0444387 0.0500378
318000 4.90854 -0.0515668 0.049012
319000 4.93898 -0.0498095 0.0489699
320000 4.93098 -0.0430177 0.0494954
321000 5.17178 -0.038145 0.0522871
322000 4.91687 -0.0454091 0.0492392
323000 4.97162 -0.0556035 0.0490477
324000 4.76531 -0.0481959 0.0474474
325000 5.07968 -0.0430878 0.0506309
326000 4.95648 -0.0492043 0.0493529
327000 4.86934 -0.0375374 0.0490448
328000 4.98457 -0.05029 0.0497029
329000 4.94191 -0.0477449 0.0493978
330000 4.99617 -0.0476503 0.0498699
331000 5.00745 -0.0461609 0.049912
332000 5.03595 -0.0558963 0.0499684
333000 4.91528 -0.0460546 0.0491558
334000 5.10698 -0.0606385 0.0507181
335000 5.06186 -0.0537768 0.0505808
336000 4.96464 -0.0516929 0.0496857
337000 4.99114 -0.0510867 0.0496955
338000 5.01194 -0.0527291 0.0498659
339000 5.0284 -0.0560854 0.0496751
340000 5.03477 -0.0339961 0.0503269
341000 4.95776 -0.0395095 0.0494217
342000 4.97399 -0.0386025 0.0496535
343000 4.95429 -0.0513859 0.0492276
344000 5.04929 -0.0582916 0.0504258
345000 5.03084 -0.0529355 0.0499049
346000 4.81748 -0.0587343 0.0476606
347000 5.13578 -0.0568952 0.0513424
348000 5.1416 -0.0609293 0.0511824
349000 4.88563 -0.0485345 0.0492276
350000 5.14332 -0.0563946 0.0510295
351000 5.00589 -0.0435503 0.0498659
352000 5.0336 -0.0495439 0.0498914
353000 4.91246 -0.0538995 0.0487546
354000 4.9328 -0.0558052 0.0488488
355000 4.90687 -0.0475969 0.0490458
356000 5.12876 -0.0471737 0.0509573
357000 4.95197 -0.0547645 0.0491518
358000 5.03702 -0.0473954 0.0502552
359000 4.97924 -0.0485508 0.0495539
360000 4.94442 -0.0405933 0.0495479
361000 4.98459 -0.0624664 0.0493595
362000 4.91059 -0.0666857 0.0486432
363000 4.94025 -0.0538543 0.0492109
364000 5.03955 -0.0495288 0.0500409
365000 5.05174 -0.0582782 0.0500061
366000 5.0552 -0.0604974 0.050147
367000 5.08242 -0.0493446 0.0505776
368000 4.98626 -0.0449658 0.0499108
369000 4.9705 -0.0512021 0.0493129
370000 5.00373 -0.0584243 0.0495264
371000 5.09083 -0.0501306 0.05065
372000 5.19773 -0.0450307 0.0517042
373000 4.8973 -0.0459112 0.0485349
374000 5.07964 -0.0470854 0.0506593
375000 5.10172 -0.0492282 0.0506864
376000 4.86753 -0.0481114 0.048598
377000 4.93047 -0.0594191 0.0490395
378000 4.96941 -0.0484116 0.0498012
379000 5.00848 -0.0491244 0.0500602
380000 5.03891 -0.0494891 0.0499825
381000 4.84934 -0.040607 0.0484067
382000 5.06916 -0.0477238 0.0504981
383000 5.10981 -0.0448538 0.0510425
384000 4.83905 -0.0427887 0.0482293
385000 5.14418 -0.0528697 0.0511888
386000 4.83402 -0.0410696 0.0479138
387000 5.22838 -0.0472842 0.0521053
388000 4.98822 -0.0443877 0.049719
389000 4.87986 -0.0499531 0.0485072
390000 5.06088 -0.0465901 0.0503347
391000 5.1149 -0.0510095 0.0506206
392000 5.06689 -0.0491542 0.0507466
393000 4.97505 -0.0482234 0.0492649
394000 4.85336 -0.056383 0.0482366
395000 5.14316 -0.0454187 0.0514505
396000 5.00366 -0.047106 0.0497111
397000 4.97026 -0.0558371 0.0494406
398000 4.97202 -0.0479765 0.04946
399000 5.16722 -0.0460391 0.0518443
400000 4.95962 -0.0616196 0.0490982
401000 4.91652 -0.0447613 0.0485903
402000 5.07992 -0.0538924 0.0504099
403000 5.00752 -0.0383952 0.0502477
404000 5.01849 -0.0494523 0.0499203
405000 4.8898 -0.0432427 0.0485105
406000 4.95911 -0.0373216 0.049599
407000 4.99158 -0.0443953 0.0494979
408000 5.05407 -0.0446833 0.0503132
409000 5.05488 -0.0436849 0.0507424
410000 4.82988 -0.0537238 0.0479823
411000 5.17658 -0.0600283 0.0516429
412000 4.91638 -0.0461161 0.0489449
413000 4.84756 -0.0586706 0.0480763
414000 5.10534 -0.0457482 0.0511873
415000 4.83381 -0.048197 0.0481583
416000 4.90983 -0.0505332 0.0486189
417000 5.05566 -0.0461321 0.0505043
418000 4.98344 -0.0578886 0.0493411
419000 4.9268 -0.0458253 0.0491977
420000 5.12295 -0.0503382 0.0508816
421000 5.16707 -0.0558146 0.0512185
422000 4.87998 -0.0441785 0.0489797
423000 5.03623 -0.0432209 0.0502191
424000 4.8386 -0.0361208 0.0486526
425000 5.10144 -0.054269 0.050816
426000 5.05025 -0.0450727 0.0500306
427000 4.93101 -0.0385361 0.0490283
428000 5.16669 -0.0442055 0.051212
429000 4.98562 -0.0468599 0.0495167
430000 5.13755 -0.0539694 0.0511641
431000 4.9786 -0.039434 0.0502693
432000 4.91525 -0.0447959 0.0490269
433000 5.0357 -0.0403245 0.0505289
434000 5.08682 -0.0516786 0.0502554
435000 4.94853 -0.0575296 0.0492688
436000 5.03381 -0.0523466 0.0500633
437000 5.01878 -0.0479372 0.0501224
438000 5.0207 -0.0530494 0.0500796
439000 5.10026 -0.065147 0.0505919
440000 4.93505 -0.0579631 0.0490754
441000 4.95422 -0.056097 0.0493289
442000 5.07041 -0.0444696 0.0503467
443000 5.10521 -0.0435529 0.0506303
444000 4.83632 -0.0500547 0.0481553
445000 5.03226 -0.043912 0.0501425
446000 4.94599 -0.0322499 0.0502261
447000 4.91822 -0.0467748 0.0488616
448000 5.11425 -0.0497443 0.0508488
449000 4.97216 -0.0457135 0.049779
450000 4.92329 -0.0568339 0.0491709
451000 5.13566 -0.0553396 0.0508682
452000 5.04729 -0.0534192 0.0507456
453000 4.99313 -0.0445265 0.0499006
454000 4.84582 -0.0442884 0.0481452
455000 5.06363 -0.0438773 0.0502903
456000 5.14074 -0.043697 0.0511536
457000 4.81328 -0.0472363 0.0478384
458000 5.08473 -0.0404425 0.0511007
459000 5.06943 -0.0437676 0.0504215
460000 4.81373 -0.047494 0.0479293
461000 4.95516 -0.0391978 0.049686
462000 5.09357 -0.0398232 0.0506312
463000 4.96354 -0.0557587 0.0495866
464000 5.02986 -0.0419174 0.0504932
465000 5.01358 -0.0491633 0.0499927
466000 5.02719 -0.0385659 0.0501239
467000 5.01198 -0.0502277 0.049821
468000 4.98772 -0.0462245 0.0495452
469000 4.95514 -0.0479775 0.0490767
470000 4.97366 -0.0508764 0.0495477
471000 5.11676 -0.049828 0.0507415
472000 5.07914 -0.0369389 0.0510406
473000 5.03677 -0.0425731 0.050253
474000 5.03714 -0.0525689 0.049884
475000 4.99312 -0.0702837 0.0497063
476000 5.0771 -0.0539947 0.0508166
477000 5.07592 -0.0573315 0.050357
478000 5.01972 -0.0525166 0.0496981
479000 4.91335 -0.0585012 0.0487326
480000 4.92641 -0.0635375 0.0487999
481000 5.00562 -0.0586985 0.0497638
482000 5.09254 -0.0699949 0.0506665
483000 5.04222 -0.0579495 0.0500987
484000 5.03996 -0.0563328 0.0503828
485000 4.97856 -0.0531984 0.0492631
486000 5.05952 -0.0437524 0.050244
487000 5.02685 -0.0464695 0.0499967
488000 4.90665 -0.048434 0.0488604
489000 5.01333 -0.0406181 0.0501379
490000 5.05357 -0.0491887 0.0503583
491000 4.90581 -0.0668612 0.0486726
492000 5.1428 -0.0565667 0.0512007
493000 4.91747 -0.0531582 0.0488815
494000 4.99749 -0.0372331 0.0499032
495000 5.04471 -0.0455745 0.0502693
496000 5.08454 -0.0611052 0.0507636
497000 5.01571 -0.0508509 0.0505623
498000 5.00899 -0.0646114 0.0494179
499000 5.0422 -0.0512456 0.0499813
500000 4.95066 -0.0582653 0.049065
501000 5.01796 -0.0528223 0.0503194
502000 5.0134 -0.0509434 0.0501236
503000 4.97762 -0.0523375 0.0497305
504000 5.0942 -0.0413319 0.0508173
505000 5.07737 -0.0413973 0.0509028
506000 4.83506 -0.0409183 0.048091
507000 5.15695 -0.0522861 0.0512608
508000 4.92975 -0.0383909 0.0494056
509000 4.84865 -0.0557667 0.0481804
510000 4.93235 -0.0455284 0.0491046
511000 5.00618 -0.0390256 0.0498842
512000 4.96521 -0.0477678 0.0493367
513000 5.02083 -0.0633492 0.0498164
514000 4.86528 -0.0635336 0.0481619
515000 4.84801 -0.0467806 0.0481968
516000 5.04034 -0.0447659 0.0503585
517000 5.04237 -0.0487683 0.0498159
518000 5.0548 -0.0450838 0.0503639
519000 4.90811 -0.0492869 0.0486664
520000 5.15162 -0.0426411 0.0512133
521000 4.76125 -0.0455523 0.0474308
522000 4.93185 -0.0522893 0.04874
523000 5.15463 -0.0593264 0.0510914
524000 4.99426 -0.0443829 0.0498116
525000 4.9896 -0.0532302 0.0497135
526000 4.84028 -0.054834 0.047953
527000 5.02638 -0.0556541 0.0501295
528000 4.98398 -0.0515201 0.0497014
529000 5.09973 -0.0413116 0.050795
530000 4.91398 -0.0483535 0.0488924
531000 5.03824 -0.0429546 0.0500212
532000 4.98733 -0.0461498 0.0495241
533000 5.08578 -0.0507335 0.0506702
534000 4.98281 -0.0399364 0.0499648
535000 4.8756 -0.0492789 0.0484722
536000 4.8596 -0.0525323 0.0482219
537000 4.94938 -0.0443769 0.0492273
538000 5.10722 -0.0414668 0.0508323
539000 4.81063 -0.0489547 0.0477169
540000 5.0497 -0.057503 0.0505355
541000 4.91645 -0.0463726 0.0489591
542000 4.90631 -0.0444994 0.0490063
543000 5.06113 -0.0496616 0.0504347
544000 5.14368 -0.0554345 0.0508265
545000 4.84218 -0.04826 0.048317
546000 4.93106 -0.0514278 0.0490561
547000 4.91298 -0.0596773 0.0486328
548000 4.88162 -0.0542712 0.048431
549000 5.14628 -0.0459296 0.0512267
550000 4.97595 -0.046554 0.0494053
551000 4.93696 -0.0516803 0.0491911
552000 4.86992 -0.0434958 0.0486433
553000 4.98957 -0.060798 0.049364
554000 5.00665 -0.0516428 0.0498986
555000 5.01896 -0.0540721 0.0499659
556000 4.81345 -0.0497283 0.0478584
557000 4.95821 -0.0475178 0.0491784
558000 4.97373 -0.0501426 0.0495921
559000 4.9213 -0.0634376 0.0488103
560000 4.85622 -0.0437309 0.0488127
561000 4.8769 -0.0531578 0.0487928
562000 4.99342 -0.0584895 0.0493444
563000 4.87235 -0.0591291 0.0484577
564000 4.99856 -0.0546851 0.0494639
565000 4.99474 -0.0543366 0.0498339
566000 4.99981 -0.0465374 0.0496168
567000 4.90036 -0.0663452 0.0486568
568000 5.01932 -0.0538529 0.0499139
569000 5.02961 -0.0441788 0.0500894
570000 4.90195 -0.0515374 0.0490012
571000 5.02709 -0.0578893 0.0501209
572000 5.04525 -0.0549233 0.0501185
573000 5.11916 -0.0589266 0.0510149
574000 4.97838 -0.0683682 0.0495133
575000 5.10906 -0.0484961 0.050949
576000 4.97487 -0.0504244 0.0495607
577000 4.7843 -0.047011 0.0475444
578000 5.06757 -0.0514417 0.0502994
579000 5.03809 -0.0432508 0.0504437
580000 4.97078 -0.0478222 0.0493758
581000 5.08414 -0.039889 0.0508307
582000 4.99234 -0.0500131 0.0495099
583000 5.10984 -0.0494182 0.0507454
584000 5.10672 -0.0418497 0.050833
585000 4.90836 -0.0544921 0.0487544
586000 5.03868 -0.0580429 0.0498746
587000 5.12048 -0.0648329 0.0507877
588000 4.89933 -0.04461 0.0489487
589000 5.10066 -0.0544084 0.0505877
590000 4.96921 -0.0528803 0.0492988
591000 5.04529 -0.0557669 0.0501184
592000 4.97781 -0.0471327 0.0494093
593000 5.02679 -0.062627 0.0496757
594000 5.04788 -0.0557534 0.0501913
595000 4.86351 -0.0408263 0.0484415
596000 4.81443 -0.0538168 0.0476995
597000 4.90376 -0.049429 0.04897
598000 4.99502 -0.0459084 0.0496194
599000 5.07889 -0.0538835 0.0503187
600000 5.03126 -0.0440359 0.0499258
601000 4.85217 -0.0362181 0.0481474
602000 5.15474 -0.0481441 0.0509776
603000 4.9896 -0.0565537 0.0491674
604000 4.92787 -0.0570846 0.0489468
605000 5.07085 -0.0426735 0.0508758
606000 4.92619 -0.0560442 0.0489137
607000 4.98124 -0.0522159 0.0493108
608000 4.989 -0.0462893 0.0498826
609000 5.12613 -0.0436571 0.050951
610000 4.83578 -0.0535608 0.0478477
611000 4.87969 -0.0539962 0.0483879
612000 5.07442 -0.0439588 0.0506054
613000 5.03806 -0.0610822 0.0497194
614000 4.91734 -0.0531182 0.0490174
615000 5.00932 -0.0447862 0.0498165
616000 5.06311 -0.0521761 0.0504454
617000 5.01328 -0.058954 0.0500337
618000 5.00885 -0.0536306 0.0500461
619000 4.9431 -0.0524612 0.0491053
620000 5.14644 -0.0372705 0.0512474
621000 5.17632 -0.0454212 0.0514089
622000 4.93472 -0.046504 0.0490105
623000 4.93231 -0.0341147 0.0490431
624000 5.13214 -0.0330467 0.0513817
625000 4.88695 -0.0434587 0.048684
626000 4.90029 -0.0405373 0.0486458
627000 5.12322 -0.0478513 0.0510342
628000 5.14794 -0.0565744 0.0514971
629000 4.82062 -0.0483127 0.0480358
630000 5.12824 -0.0568053 0.050848
631000 4.93181 -0.0489035 0.0493282
632000 4.8639 -0.0437528 0.0486729
633000 4.93122 -0.0517636 0.0489533
634000 5.07378 -0.0546678 0.0504445
635000 4.89782 -0.0489108 0.048828
636000 4.94903 -0.0544063 0.0492552
637000 5.0364 -0.0499313 0.0498569
638000 5.22774 -0.0473617 0.0523167
639000 4.99716 -0.0594358 0.0495656
640000 4.827 -0.0529252 0.0481774
641000 5.06919 -0.0590562 0.0503931
642000 5.09471 -0.0515224 0.0506251
643000 4.89352 -0.0416244 0.0486947
644000 5.07979 -0.0427455 0.0511274
645000 5.04564 -0.0379621 0.0503447
646000 4.86315 -0.0508094 0.0482726
647000 5.15486 -0.0599412 0.0511627
648000 4.93541 -0.0558955 0.0492709
649000 5.07337 -0.0505789 0.0504442
650000 4.81777 -0.0522231 0.0477315
651000 5.09302 -0.0517737 0.0507008
652000 5.07134 -0.0519638 0.0503546
653000 4.87972 -0.0544081 0.0485697
654000 5.06924 -0.043355 0.0506687
655000 5.03546 -0.0517395 0.0499951
656000 4.9842 -0.0420402 0.0493844
657000 5.07395 -0.0472529 0.0503376
658000 5.082 -0.0464361 0.0506079
659000 5.01333 -0.0364121 0.0499636
660000 4.89768 -0.0460519 0.0489073
661000 5.12473 -0.0607833 0.0507378
662000 5.13242 -0.0517392 0.0511595
663000 4.97408 -0.0518602 0.0494205
664000 5.06252 -0.0543941 0.0504473
665000 4.99188 -0.0596707 0.0495569
666000 5.02196 -0.0628832 0.0495858
667000 5.0651 -0.0491485 0.0506408
668000 5.05511 -0.0488023 0.0501405
669000 4.95464 -0.0491341 0.0489218
670000 4.85991 -0.0613761 0.0484185
671000 5.17763 -0.0645234 0.0512788
672000 4.96704 -0.0587536 0.0494733
673000 4.8637 -0.05524 0.0485279
674000 5.09945 -0.0568699 0.0509139
675000 5.07129 -0.0524305 0.0506046
676000 4.83596 -0.058985 0.0479021
677000 5.11373 -0.0463694 0.0514552
678000 4.99802 -0.0587013 0.0495126
679000 5.0284 -0.0501 0.0503299
680000 5.02524 -0.0524361 0.0499922
681000 5.00049 -0.043926 0.0498849
682000 4.95498 -0.0490171 0.0492014
683000 4.80307 -0.0506697 0.047478
684000 4.89217 -0.0545124 0.0485669
685000 4.98425 -0.0546861 0.04955
686000 4.95196 -0.0550783 0.0492477
687000 4.84294 -0.0519896 0.0478968
688000 5.01904 -0.0529375 0.0504166
689000 5.15327 -0.049176 0.0512472
690000 4.9115 -0.0529246 0.0488813
691000 5.01355 -0.048654 0.0497528
692000 5.07709 -0.0283179 0.051131
693000 4.91215 -0.0567354 0.0487796
694000 4.87808 -0.0578002 0.0483681
695000 5.16335 -0.067824 0.0512083
696000 4.95532 -0.0485207 0.0493202
697000 5.03298 -0.0588869 0.050088
698000 4.88027 -0.0595961 0.0484984
699000 5.10454 -0.0484468 0.0507609
700000 4.94847 -0.0440602 0.0498398
701000 4.92177 -0.0417731 0.0491669
702000 4.94515 -0.0449036 0.0496132
703000 4.94666 -0.0475208 0.0491802
704000 4.9285 -0.0529517 0.0490243
705000 4.95366 -0.0526107 0.049074
706000 5.05812 -0.0484393 0.0504366
707000 5.02156 -0.0602805 0.0499063
708000 4.98022 -0.0686685 0.0494558
709000 5.13008 -0.0619375 0.0509198
710000 4.94485 -0.0462524 0.0493954
711000 4.89893 -0.0537164 0.0490808
712000 5.09866 -0.0557713 0.0505569
713000 5.01589 -0.0540443 0.0495445
714000 5.03393 -0.0432204 0.0503908
715000 5.02812 -0.0411242 0.050179
716000 4.96832 -0.0526423 0.0492859
717000 4.9483 -0.0389969 0.0493593
718000 4.9592 -0.0509431 0.0497017
719000 4.92625 -0.0581308 0.0489827
720000 5.23391 -0.0422097 0.0525765
721000 5.04575 -0.0490901 0.0502505
722000 4.94718 -0.0493952 0.0493999
723000 5.12808 -0.0547928 0.0508979
724000 5.19937 -0.0475672 0.0517164
725000 4.95865 -0.0466208 0.049383
726000 4.90822 -0.0415881 0.0490941
727000 5.08661 -0.0594902 0.0500575
728000 4.9603 -0.0506825 0.0489959
729000 4.96009 -0.0465598 0.0492244
730000 5.10067 -0.0540171 0.050462
731000 5.12652 -0.0480063 0.0511308
732000 4.86276 -0.0363758 0.0485458
733000 4.98072 -0.0509523 0.0491732
734000 5.08272 -0.0543783 0.050313
735000 5.07356 -0.0473949 0.0504267
736000 5.08382 -0.0464587 0.0505103
737000 4.82945 -0.0511821 0.04798
738000 5.10773 -0.0506158 0.0510981
739000 5.06679 -0.047296 0.050407
740000 4.86198 -0.0524536 0.0483698
741000 4.87186 -0.0513752 0.0487903
742000 5.01036 -0.0517748 0.0496213
743000 5.19925 -0.055376 0.0517355
744000 4.95186 -0.0419933 0.0494436
745000 4.95686 -0.0584479 0.0489421
746000 5.11761 -0.0480065 0.0508974
747000 4.9071 -0.0453914 0.0493148
748000 5.01287 -0.0494741 0.0496746
749000 5.03189 -0.0403094 0.0502634
750000 5.16372 -0.045113 0.0513074
751000 5.00587 -0.0465625 0.0501416
752000 4.81849 -0.0538845 0.0477555
753000 5.2006 -0.0495194 0.0520242
754000 4.84731 -0.0550178 0.0480287
755000 5.14408 -0.0466237 0.0515392
756000 5.10143 -0.0518139 0.0509944
757000 4.85496 -0.03589 0.048332
758000 5.14297 -0.0470523 0.0517868
759000 5.03818 -0.0549468 0.0500131
760000 5.07699 -0.0436073 0.0504983
761000 4.77577 -0.0462765 0.0475202
762000 5.21615 -0.0539108 0.0517543
763000 4.91452 -0.0643548 0.0484056
764000 4.93732 -0.0349312 0.0495298
765000 4.97132 -0.0422658 0.0496488
766000 4.9194 -0.0469042 0.0487826
767000 5.04874 -0.0474647 0.0504533
768000 4.84979 -0.0440285 0.0481568
769000 4.94119 -0.0504918 0.0492668
770000 5.15837 -0.0594163 0.0510684
771000 4.80329 -0.0621183 0.0474447
772000 5.09985 -0.0518596 0.0511198
773000 4.96693 -0.0579798 0.0492096
774000 5.22455 -0.042596 0.0519765
775000 4.9194 -0.0656455 0.0486275
776000 4.96228 -0.0619524 0.0495437
777000 5.05107 -0.049486 0.0501155
778000 4.9479 -0.0550786 0.0490346
779000 5.06641 -0.0357407 0.0507129
780000 4.90261 -0.0411008 0.0488742
781000 5.12503 -0.0519937 0.0510519
782000 4.924 -0.0481903 0.0488362
783000 4.99914 -0.0471598 0.0498007
784000 5.13233 -0.0511781 0.0509042
785000 4.79405 -0.0435105 0.0478543
786000 5.1173 -0.0347797 0.0512321
787000 5.03591 -0.0476981 0.0500981
788000 5.05951 -0.0567302 0.0501878
789000 4.98816 -0.0484239 0.049474
790000 4.7724 -0.0480886 0.0474185
791000 5.16507 -0.0533745 0.0516446
792000 4.86657 -0.0533278 0.0485667
793000 5.22267 -0.0442574 0.0517499
794000 4.94646 -0.0506026 0.0491145
795000 4.90663 -0.0438494 0.0489206
796000 4.91473 -0.0467124 0.0487632
797000 4.91347 -0.0558401 0.0486451
798000 4.90576 -0.0510029 0.0492953
799000 5.11723 -0.05708 0.0513102
800000 4.93292 -0.0451715 0.0492352
801000 4.96876 -0.054545 0.0495808
802000 5.04228 -0.0525373 0.0501856
803000 4.96482 -0.049663 0.0494004
804000 5.16082 -0.0464605 0.05124
805000 4.9541 -0.0478203 0.0491755
806000 5.04174 -0.0520868 0.0504916
807000 4.96039 -0.0560055 0.0495133
808000 4.98484 -0.0615408 0.0496199
809000 4.93805 -0.0535782 0.0489829
810000 4.85389 -0.0564512 0.0480535
811000 5.00875 -0.0531834 0.0499738
812000 4.98164 -0.0372185 0.0494434
813000 5.07311 -0.0411201 0.0503331
814000 5.02964 -0.0420187 0.0500165
815000 4.85533 -0.0558755 0.0480661
816000 5.17489 -0.0425466 0.0519558
817000 4.95663 -0.0464472 0.0495878
818000 4.96673 -0.0574229 0.049443
819000 5.11653 -0.0511256 0.0507836
820000 4.80504 -0.0417823 0.0478163
821000 5.17196 -0.0679664 0.0512051
822000 5.01934 -0.0531281 0.0501953
823000 4.91836 -0.0579643 0.0489799
824000 4.99581 -0.0391091 0.050162
825000 5.0514 -0.0547328 0.0500502
826000 4.99205 -0.0424699 0.0497848
827000 5.0088 -0.0448784 0.0499946
828000 4.86302 -0.0427374 0.0483082
829000 4.96783 -0.0624105 0.0492579
830000 5.15131 -0.0437155 0.051105
831000 5.13754 -0.0505186 0.0507366
832000 5.00888 -0.056965 0.0502124
833000 5.12069 -0.0446431 0.0511972
834000 5.05486 -0.0508444 0.0501275
835000 4.95004 -0.0471188 0.0492225
836000 5.02699 -0.0549165 0.0500932
837000 5.02875 -0.0455851 0.0503617
838000 5.03515 -0.0389539 0.0506584
839000 5.03823 -0.0537861 0.0498047
840000 4.98902 -0.0453268 0.0497564
841000 4.94479 -0.045447 0.049552
842000 5.10639 -0.0595615 0.0505229
843000 4.82991 -0.0448081 0.0482297
844000 5.12749 -0.0502913 0.0509876
845000 4.87704 -0.0549083 0.0482553
846000 5.14019 -0.07087 0.0510295
847000 5.09485 -0.0528123 0.050506
848000 4.915 -0.0480598 0.048813
849000 4.90129 -0.0441784 0.0490176
850000 5.23409 -0.0418827 0.0520116
851000 4.98524 -0.0435341 0.0497486
852000 4.87146 -0.038276 0.0484878
853000 4.96278 -0.0465975 0.0495024
854000 5.09152 -0.0531655 0.0505447
855000 4.85556 -0.0445579 0.0484814
856000 4.91664 -0.0420599 0.0491669
857000 4.93673 -0.0510831 0.0488919
858000 4.87303 -0.0481977 0.0482908
859000 5.04178 -0.0534255 0.0502799
860000 5.01339 -0.0496184 0.0501219
861000 5.08974 -0.0555537 0.0505947
862000 5.06448 -0.0574341 0.0507872
863000 5.04073 -0.0554559 0.0500056
864000 4.88522 -0.061928 0.0483647
865000 5.08325 -0.0615343 0.0502236
866000 4.98964 -0.0577278 0.0494985
867000 5.13535 -0.0465235 0.0510758
868000 4.96036 -0.0459847 0.0494019
869000 5.06627 -0.0490374 0.0504936
870000 5.00253 -0.0493903 0.0499089
871000 5.04765 -0.0553307 0.050224
872000 4.98512 -0.0491989 0.0494116
873000 5.04434 -0.0415517 0.0501256
874000 5.06208 -0.0449922 0.0504509
875000 5.05509 -0.0486106 0.0504025
876000 5.03668 -0.043975 0.0502564
877000 4.93649 -0.0476801 0.0494449
878000 4.93542 -0.0464729 0.0491207
879000 4.97094 -0.0495451 0.0495301
880000 4.97205 -0.0479971 0.0494149
881000 5.11903 -0.0492975 0.0505705
882000 4.92094 -0.0396778 0.0490066
883000 5.00826 -0.0538726 0.0495199
884000 5.07748 -0.0570081 0.0502222
885000 4.98744 -0.0385791 0.0494538
886000 5.00372 -0.0453949 0.0502975
887000 5.0664 -0.0552299 0.0500715
888000 4.85872 -0.0498612 0.0484914
889000 5.0638 -0.0494508 0.050619
890000 5.0713 -0.0484897 0.0505378
891000 4.98637 -0.0531435 0.0495695
892000 5.12031 -0.0569969 0.0506774
893000 4.99542 -0.0468122 0.0496464
894000 5.06758 -0.0545977 0.0501872
895000 4.95178 -0.0439227 0.0489124
896000 5.03363 -0.0437608 0.0502014
897000 5.03201 -0.0458118 0.0502261
898000 5.00049 -0.0477067 0.0498048
899000 5.10793 -0.0563723 0.0505252
900000 4.83242 -0.0451003 0.0479168
901000 4.8839 -0.0393305 0.0488188
902000 5.06871 -0.0540512 0.0503876
903000 5.131 -0.0626603 0.0513197
904000 4.80559 -0.0529662 0.0480832
905000 5.13421 -0.0478975 0.0511452
906000 5.0192 -0.0473533 0.0501404
907000 4.86853 -0.0447562 0.0485204
908000 5.04245 -0.0475877 0.0504677
909000 5.02687 -0.0437858 0.0498371
910000 4.94068 -0.0532402 0.049498
911000 5.09264 -0.0445081 0.0510252
912000 4.93158 -0.0540266 0.0488206
913000 4.97691 -0.0467613 0.049625
914000 4.94982 -0.0494543 0.0493291
915000 5.09995 -0.0456038 0.0509068
916000 5.00796 -0.0520625 0.0495791
917000 4.941 -0.0497211 0.0491425
918000 5.04598 -0.0527976 0.0501665
919000 5.0189 -0.0491915 0.049853
920000 4.91184 -0.050971 0.0489604
921000 4.99282 -0.0469521 0.049669
922000 4.87687 -0.0458418 0.0485651
923000 4.95045 -0.0592622 0.0493589
924000 4.99842 -0.0489575 0.049693
925000 4.87079 -0.0432031 0.0484865
926000 5.11274 -0.0390684 0.0514879
927000 5.1291 -0.0473063 0.0510236
928000 4.8452 -0.0478694 0.0480309
929000 5.03491 -0.0537145 0.0498735
930000 5.07188 -0.0576991 0.0503128
931000 4.92684 -0.0452259 0.0489286
932000 4.88585 -0.066981 0.0483036
933000 5.0534 -0.0486889 0.0504556
934000 4.92208 -0.0412885 0.049316
935000 4.78246 -0.0516 0.0476323
936000 4.89386 -0.0465356 0.0488957
937000 5.0104 -0.0520434 0.0497892
938000 5.01346 -0.0601045 0.049621
939000 5.12666 -0.0514673 0.0510033
940000 4.89118 -0.0485242 0.0487614
941000 4.98016 -0.050059 0.049542
942000 5.088 -0.0518443 0.0506948
943000 5.04253 -0.0490458 0.0503685
944000 4.93606 -0.046286 0.0489933
945000 4.91797 -0.0465423 0.0488652
946000 4.98136 -0.0408447 0.0498079
947000 4.9759 -0.0473094 0.049947
948000 5.13199 -0.0507326 0.0509792
949000 4.96078 -0.06103 0.0490389
950000 4.78557 -0.0471021 0.0476642
951000 5.0663 -0.0463847 0.0502617
952000 5.14269 -0.0487278 0.0513671
953000 4.8944 -0.0520934 0.0488571
954000 5.00566 -0.041663 0.0499444
955000 5.09827 -0.0434027 0.0512639
956000 5.01381 -0.0513962 0.0498444
957000 4.97951 -0.0531497 0.0492548
958000 5.05079 -0.0522789 0.0499489
959000 4.97894 -0.0512656 0.0495273
960000 4.95804 -0.0557392 0.0490555
961000 4.93515 -0.0373587 0.0492455
962000 5.06023 -0.0502223 0.0503561
963000 5.09617 -0.0422825 0.0508043
964000 4.85504 -0.0398912 0.0486734
965000 5.10751 -0.0639623 0.0506701
966000 5.01131 -0.0533894 0.0497109
967000 4.97015 -0.0465658 0.0493543
968000 5.02411 -0.0501969 0.0499809
969000 5.04927 -0.0470152 0.0503765
970000 4.96201 -0.0528169 0.0495879
971000 5.01915 -0.0454812 0.0502272
972000 4.97796 -0.0479961 0.0497518
973000 5.01879 -0.0565996 0.0497994
974000 5.06676 -0.0484243 0.0505567
975000 4.85325 -0.0515261 0.0480591
976000 5.11179 -0.0600114 0.0505787
977000 5.06295 -0.065279 0.0502563
978000 4.9609 -0.0436997 0.049972
979000 5.01891 -0.0494041 0.0497849
980000 5.05721 -0.0574168 0.0501995
981000 5.06827 -0.0590807 0.0504208
982000 5.09547 -0.0517137 0.0507029
983000 4.93508 -0.0429972 0.0493145
984000 4.90198 -0.0537441 0.0486257
985000 4.99992 -0.0559362 0.0496572
986000 4.9668 -0.0448648 0.0498292
987000 4.85736 -0.0478863 0.0482969
988000 5.03488 -0.0442011 0.050129
989000 5.0689 -0.0488309 0.0501307
990000 5.09178 -0.0415888 0.0509024
991000 4.83606 -0.0422031 0.0482441
992000 5.11536 -0.0375538 0.0515337
993000 5.00216 -0.0488614 0.0499106
994000 4.86585 -0.0427207 0.0484042
995000 5.10398 -0.0463772 0.0507216
996000 5.12791 -0.0524593 0.0508564
997000 4.91901 -0.0496215 0.0490844
998000 4.97745 -0.057908 0.0489483
999000 5.05774 -0.0524594 0.050521
1000000 4.99183 -0.0594393 0.0498449
1001000 5.00572 -0.0591251 0.0496834
1002000 5.01123 -0.0550715 0.0499163
1003000 4.97553 -0.0512288 0.0492853
1004000 4.99193 -0.0532086 0.0500184
1005000 5.00021 -0.0532571 0.0499697
1006000 4.99527 -0.0468853 0.04972
1007000 4.8047 -0.0509118 0.0475084
1008000 4.93626 -0.0428782 0.0490025
1009000 4.92729 -0.0469747 0.0488728
1010000 4.99783 -0.0618682 0.0501259
1011000 4.97825 -0.0544762 0.0496196
1012000 5.06696 -0.0497003 0.0501314
1013000 4.92286 -0.0545426 0.0490966
1014000 5.07502 -0.0524008 0.0503081
1015000 5.08007 -0.0468107 0.0510763
1016000 5.06174 -0.043653 0.0503756
1017000 5.07535 -0.0557868 0.0505909
1018000 4.96615 -0.0500301 0.0493462
1019000 4.97431 -0.0501435 0.049561
1020000 4.85159 -0.0418002 0.0483674
1021000 4.96018 -0.0427032 0.0495593
1022000 5.03215 -0.041867 0.0502616
1023000 5.00245 -0.0595526 0.0495194
1024000 4.96875 -0.0465337 0.049683
1025000 5.03496 -0.0520368 0.0503272
1026000 4.96807 -0.0411684 0.0495915
1027000 4.9709 -0.0550733 0.0493987
1028000 5.00321 -0.0386227 0.0500204
1029000 5.0219 -0.0518633 0.050468
1030000 4.94868 -0.0676469 0.0489544
1031000 5.04951 -0.0541863 0.0503123
1032000 5.09308 -0.0416859 0.0511959
1033000 4.98018 -0.0433297 0.0497611
1034000 5.01599 -0.0461782 0.0499307
1035000 5.05465 -0.0560945 0.0500591
1036000 4.99747 -0.0411588 0.0496958
1037000 4.99018 -0.054211 0.0494674
1038000 4.83541 -0.0410565 0.0486579
1039000 4.99766 -0.0616675 0.0496171
1040000 5.06933 -0.0525961 0.0505465
1041000 5.09029 -0.0627473 0.0505079
1042000 4.95282 -0.0520119 0.04962
1043000 4.94362 -0.0568892 0.0490761
1044000 5.00868 -0.0328074 0.0500747
1045000 4.91977 -0.0357591 0.0493283
1046000 4.90276 -0.0517381 0.0490459
1047000 5.07941 -0.0582137 0.0504877
1048000 4.94043 -0.0422055 0.0493354
1049000 4.95928 -0.0533294 0.049388
1050000 4.96514 -0.0499148 0.0492878
1051000 4.99027 -0.0435224 0.0496948
1052000 5.02028 -0.0426434 0.0502944
1053000 5.13701 -0.0475026 0.0508847
1054000 4.92725 -0.0503217 0.0490289
1055000 4.99953 -0.0467064 0.0498662
1056000 5.00788 -0.0539377 0.0499415
1057000 5.10523 -0.0491876 0.0509894
1058000 5.08432 -0.0511828 0.0506142
1059000 5.11819 -0.0589034 0.0507332
1060000 4.81302 -0.0588246 0.0477764
1061000 5.16754 -0.0512164 0.0514586
1062000 4.90159 -0.0501499 0.0487519
1063000 4.83963 -0.0541898 0.0482595
1064000 5.04149 -0.060307 0.0504038
1065000 5.06081 -0.0516306 0.0506407
1066000 4.99973 -0.0513714 0.0495622
1067000 4.96549 -0.0484094 0.0494417
1068000 5.04959 -0.0592465 0.0502197
1069000 5.07392 -0.0532864 0.0506633
1070000 5.02736 -0.0485429 0.0500669
1071000 4.99884 -0.058395 0.0496892
1072000 4.99266 -0.0430284 0.0497085
1073000 5.02306 -0.0565485 0.0499885
1074000 4.87758 -0.0496551 0.0487977
1075000 5.15256 -0.0659074 0.0511171
1076000 5.17249 -0.0387968 0.0518025
1077000 4.89103 -0.055761 0.0484457
1078000 4.98285 -0.0429106 0.0500903
1079000 5.02142 -0.0437138 0.0499928
1080000 5.08903 -0.0445661 0.0508431
1081000 4.86063 -0.0527597 0.0481091
1082000 4.9747 -0.0640053 0.0491975
1083000 5.03673 -0.0648166 0.0497467
1084000 4.99063 -0.0562048 0.0494638
1085000 5.06244 -0.0474191 0.050702
1086000 5.00283 -0.0604917 0.0496865
1087000 5.08865 -0.0622679 0.0505506
1088000 5.06002 -0.0492121 0.0502608
1089000 5.07785 -0.0536792 0.0507002
1090000 4.85688 -0.0653548 0.0481241
1091000 4.95574 -0.0561362 0.0493976
1092000 4.87854 -0.0739065 0.0484089
1093000 5.16156 -0.0495956 0.0511807
1094000 5.06051 -0.0517774 0.0503021
1095000 5.00513 -0.0409935 0.0500106
1096000 5.10101 -0.0700131 0.0506747
1097000 5.14994 -0.0477858 0.0510382
1098000 4.94051 -0.0593036 0.0492111
1099000 5.09302 -0.0409199 0.050646
1100000 4.78631 -0.0421032 0.047702
