# Time-averaged data for fix 2
# TimeStep v_Temperature v_PotentialEnergy v_Pressure
1000 1.05247 -0.0765184 0.0100837
2000 0.980486 -0.0791362 0.00922898
3000 1.00027 -0.097983 0.00923604
4000 1.00613 -0.0813511 0.00953785
5000 0.979815 -0.0998268 0.00919405
6000 0.991326 -0.0948092 0.00934704
7000 0.988744 -0.0771295 0.00936445
8000 0.98608 -0.0827714 0.00936578
9000 0.992235 -0.0756452 0.00925549
10000 1.00105 -0.0719996 0.00948929
11000 1.01075 -0.0808139 0.00965412
12000 0.998902 -0.0901885 0.00930107
13000 0.991088 -0.0887836 0.00927204
14000 1.01618 -0.0968832 0.00948925
15000 0.984648 -0.104839 0.00920342
16000 1.00695 -0.0907318 0.0092895
17000 1.00765 -0.11238 0.00919972
18000 0.980963 -0.0939191 0.00917162
19000 1.02763 -0.0916634 0.00980581
20000 0.994949 -0.111157 0.00931421
21000 0.977483 -0.125782 0.0088179
22000 1.01591 -0.131116 0.00923471
23000 1.00342 -0.099823 0.00924962
24000 0.959081 -0.0803961 0.00898212
25000 1.00848 -0.0975614 0.00951985
26000 1.02477 -0.08472 0.00973798
27000 1.00915 -0.076889 0.00965279
28000 1.02457 -0.0812068 0.00974519
29000 0.971441 -0.0796917 0.00923819
30000 1.0136 -0.0583668 0.00975159
31000 0.995717 -0.0802485 0.00941112
32000 0.98988 -0.0827703 0.00933624
33000 0.986559 -0.09571 0.00924887
34000 1.00915 -0.0937404 0.00949937
35000 1.00533 -0.081953 0.00963057
36000 1.02753 -0.0684264 0.00990699
37000 1.00758 -0.0801878 0.00964364
38000 0.963432 -0.0804416 0.00899407
39000 1.04101 -0.0763128 0.00981502
40000 0.980808 -0.0703008 0.00944477
41000 1.00542 -0.058576 0.00946545
42000 1.02523 -0.0702488 0.00980758
43000 0.997221 -0.0725971 0.00943572
44000 1.0068 -0.0636502 0.00962313
45000 1.01599 -0.0700585 0.00962077
46000 0.99481 -0.0727513 0.00956301
47000 1.012 -0.0847843 0.00960512
48000 0.986775 -0.0988921 0.00923904
49000 1.01184 -0.0958508 0.00939754
50000 1.01123 -0.0702544 0.00958289
51000 0.959386 -0.0826025 0.00902247
52000 0.98703 -0.0763119 0.00942159
53000 0.981238 -0.0747455 0.00922421
54000 1.02763 -0.0852241 0.00962019
55000 1.02975 -0.0750345 0.00971412
56000 0.975301 -0.0894733 0.00914616
57000 0.973002 -0.0996435 0.00905568
58000 1.0019 -0.102233 0.00927889
59000 1.0293 -0.0967674 0.00970613
60000 1.04036 -0.0729752 0.00994818
61000 0.993656 -0.0905871 0.00938902
62000 1.0035 -0.0920852 0.00937394
63000 0.996881 -0.0851859 0.00920066
64000 0.985098 -0.0757559 0.00934229
65000 0.995317 -0.0708853 0.00950964
66000 1.0053 -0.0702095 0.00961904
67000 1.00678 -0.0678809 0.00954678
68000 0.979388 -0.0720624 0.00919669
69000 0.978459 -0.0798861 0.00918254
70000 1.01029 -0.0890201 0.00957473
71000 0.998448 -0.0954994 0.00920387
72000 0.998394 -0.0991889 0.0093531
73000 0.984478 -0.109215 0.00907335
74000 1.02542 -0.0852638 0.00970462
75000 0.968327 -0.0860974 0.00906713
76000 0.980466 -0.0729888 0.00915404
77000 1.02813 -0.0667461 0.00985433
78000 0.977891 -0.0688346 0.00917019
79000 0.997166 -0.0734213 0.0094872
80000 0.999611 -0.0701028 0.00945366
81000 1.01107 -0.0820167 0.00949282
82000 0.976702 -0.0762872 0.00938674
83000 1.01323 -0.0764425 0.00959589
84000 1.00348 -0.0857031 0.00940647
85000 1.01436 -0.0763972 0.00952514
86000 0.988289 -0.0879984 0.00928684
87000 0.993619 -0.0833866 0.00943141
88000 0.984887 -0.0879726 0.00930655
89000 1.00253 -0.0956688 0.00962183
90000 0.988473 -0.0831536 0.00936081
91000 1.0103 -0.102622 0.00943602
92000 0.98647 -0.108962 0.00902707
93000 0.984721 -0.111267 0.00898026
94000 0.989863 -0.0915532 0.00928376
95000 1.01856 -0.0978109 0.00957104
96000 0.986742 -0.106505 0.0093322
97000 1.02248 -0.0997882 0.00938661
98000 1.00603 -0.0810822 0.00950499
99000 0.981537 -0.0683759 0.00934258
100000 1.0012 -0.086014 0.00927974
101000 0.980938 -0.10175 0.00909112
102000 1.01537 -0.095266 0.0094805
103000 1.00982 -0.109288 0.00948818
104000 0.977508 -0.128463 0.00900951
105000 1.02558 -0.123859 0.00946736
106000 0.974669 -0.0920048 0.00937374
107000 0.988675 -0.113196 0.00932552
108000 1.01342 -0.0863101 0.00956087
109000 0.972372 -0.0815118 0.00925164
110000 0.998887 -0.101251 0.00938751
111000 1.00912 -0.0790892 0.00951678
112000 1.00228 -0.0756806 0.00957318
113000 0.995503 -0.0860789 0.00942652
114000 1.01654 -0.0754825 0.00958553
115000 1.00802 -0.0860242 0.00946156
116000 0.987509 -0.105425 0.00910037
117000 1.00621 -0.108972 0.00928001
118000 1.00631 -0.0978355 0.0095309
119000 0.973378 -0.087606 0.00912378
120000 0.992951 -0.0896414 0.00925834
121000 1.01433 -0.0877759 0.00944394
122000 0.964746 -0.107449 0.00891493
123000 1.01645 -0.0883176 0.00951023
124000 1.0239 -0.0831216 0.0098504
125000 0.999452 -0.0765376 0.00948177
126000 0.99728 -0.0861104 0.00945875
127000 1.01291 -0.110607 0.00944319
128000 1.01808 -0.0719533 0.00972401
129000 0.989938 -0.0846623 0.00931802
130000 0.997521 -0.0933664 0.0093043
131000 0.970631 -0.0842588 0.00925414
132000 1.04221 -0.0706958 0.00995918
133000 0.999045 -0.0561208 0.00953964
134000 0.969608 -0.0839573 0.00911149
135000 1.01724 -0.0816126 0.00961832
136000 1.0062 -0.0670256 0.0095242
137000 0.991392 -0.0919369 0.00939124
138000 1.01048 -0.10385 0.00940899
139000 0.994174 -0.094491 0.00938136
140000 0.986239 -0.0927149 0.00922814
141000 1.00906 -0.0859583 0.00960187
142000 0.961439 -0.106472 0.00886644
143000 0.991544 -0.0807452 0.00927227
144000 1.02932 -0.0803566 0.00977408
145000 1.00664 -0.0747775 0.00951254
146000 1.00039 -0.0770402 0.00940882
147000 0.998268 -0.0757198 0.00940102
148000 0.995979 -0.0777351 0.00951491
149000 0.980509 -0.0701582 0.00936534
150000 1.02473 -0.0973606 0.00960026
151000 0.980413 -0.0945237 0.00905224
152000 1.02246 -0.0975026 0.0095383
153000 1.02661 -0.0698536 0.00972991
154000 0.966015 -0.0697086 0.00904275
155000 1.00449 -0.0792072 0.00940057
156000 1.0053 -0.0786089 0.00943332
157000 1.01983 -0.0850347 0.00962489
158000 1.00271 -0.0918033 0.00946822
159000 0.990891 -0.0628181 0.00938494
160000 1.0119 -0.0805243 0.00970197
161000 1.00592 -0.0684153 0.0096683
162000 1.01493 -0.089749 0.00955538
163000 0.976232 -0.117615 0.00912299
164000 0.998014 -0.0950352 0.00943151
165000 1.03117 -0.0774208 0.00988455
166000 0.977867 -0.0739044 0.00926249
167000 1.0077 -0.0739151 0.00945436
168000 1.01243 -0.100404 0.00952964
169000 1.01256 -0.0986703 0.00951038
170000 0.985511 -0.0758895 0.00943359
171000 0.991323 -0.128498 0.0089739
172000 0.985338 -0.121663 0.00905652
173000 0.988667 -0.109814 0.00915397
174000 0.999884 -0.105377 0.00925533
175000 0.985322 -0.0997835 0.00912425
176000 0.992332 -0.0945868 0.00939587
177000 0.996326 -0.0985549 0.00954782
178000 1.01685 -0.0965156 0.00952803
179000 0.984584 -0.097355 0.00925636
180000 1.01796 -0.0931286 0.00948881
181000 0.995293 -0.101476 0.00929843
182000 1.01541 -0.094772 0.00955359
183000 1.00013 -0.12464 0.0092559
184000 1.02379 -0.102063 0.00958925
185000 0.992616 -0.102649 0.00928712
186000 1.0166 -0.0967898 0.00944102
187000 1.04099 -0.082114 0.00987885
188000 1.00649 -0.0939171 0.00952342
189000 1.01647 -0.0824058 0.00965185
190000 0.960572 -0.0957834 0.00902753
191000 1.02181 -0.0845063 0.00960299
192000 0.993799 -0.0741297 0.00936156
193000 0.999755 -0.071035 0.00957726
194000 0.997578 -0.0744423 0.00939097
195000 0.974991 -0.0800486 0.00928942
196000 1.0311 -0.0750638 0.00977029
197000 0.968607 -0.0782771 0.00917832
198000 1.01957 -0.0836625 0.00963303
199000 1.02065 -0.0736293 0.00961039
200000 0.99008 -0.0637049 0.00944037
201000 1.00884 -0.0809944 0.00937156
202000 0.994257 -0.0883788 0.00921004
203000 1.0097 -0.0980635 0.00954893
204000 1.01051 -0.109064 0.00954692
205000 1.00363 -0.126596 0.0093002
206000 0.996159 -0.117966 0.00929411
207000 1.01248 -0.095442 0.00950601
208000 1.00087 -0.133438 0.00911524
209000 1.00293 -0.134556 0.0093767
210000 0.974229 -0.109023 0.00896624
211000 1.03718 -0.101589 0.00964409
212000 0.967542 -0.0908868 0.00902443
213000 1.03877 -0.0959281 0.00998987
214000 1.02002 -0.0905585 0.00941184
215000 0.997991 -0.105196 0.00916319
216000 0.983323 -0.112836 0.00926792
217000 0.991794 -0.0662257 0.00945067
218000 0.981505 -0.0876628 0.00915321
219000 0.974676 -0.101642 0.00911596
220000 1.03032 -0.0862452 0.00984786
221000 1.00549 -0.0918462 0.00946951
222000 1.02359 -0.1046 0.00943072
223000 0.979078 -0.0934199 0.00919416
224000 1.02291 -0.0832261 0.00970431
225000 0.967896 -0.0909043 0.00907267
226000 0.986035 -0.103933 0.00900673
227000 1.03525 -0.0949384 0.00968884
228000 0.969832 -0.091142 0.00904801
229000 1.00846 -0.0983692 0.00945084
230000 1.00448 -0.0920593 0.00941069
231000 0.996908 -0.0848224 0.00926156
232000 0.999845 -0.0846052 0.0094137
233000 1.00462 -0.0736884 0.0097139
234000 0.976663 -0.0894523 0.00918545
235000 0.972487 -0.0903802 0.00919106
236000 1.00444 -0.0899096 0.00960026
237000 0.967356 -0.0900258 0.00904384
238000 1.02602 -0.0998176 0.00978598
239000 0.984314 -0.106665 0.00907754
240000 0.989467 -0.125421 0.00893224
241000 0.987614 -0.122969 0.00906625
242000 0.996191 -0.124208 0.00926603
243000 1.01586 -0.127304 0.00940405
244000 0.984033 -0.112271 0.00921344
245000 1.00643 -0.122158 0.00937256
246000 0.993869 -0.125429 0.00924608
247000 1.0262 -0.0971348 0.00971385
248000 0.983984 -0.107277 0.00920931
249000 1.01995 -0.123659 0.00959353
250000 1.03076 -0.10483 0.00975585
251000 0.97345 -0.101898 0.00916261
252000 1.02992 -0.0923954 0.00967662
253000 0.984017 -0.0919506 0.00911531
254000 1.03175 -0.0744596 0.00976112
255000 1.00071 -0.0801859 0.00960073
256000 1.02507 -0.0959905 0.00963643
257000 0.992408 -0.107851 0.00918584
258000 1.01347 -0.103251 0.00948725
259000 1.00506 -0.1015 0.00942326
260000 1.00933 -0.0820508 0.00954811
261000 1.01048 -0.0891054 0.00942211
262000 0.990073 -0.0755054 0.00932408
263000 0.960658 -0.0793165 0.00911349
264000 0.993705 -0.088447 0.0093851
265000 1.02221 -0.0601403 0.00985885
266000 0.992558 -0.0675079 0.00950049
267000 0.986478 -0.0878973 0.00929625
268000 1.00968 -0.0972254 0.00944213
269000 0.987629 -0.106031 0.00916622
270000 0.991114 -0.101933 0.00913389
271000 1.01067 -0.102405 0.00957398
272000 1.01581 -0.0964857 0.00957177
273000 0.95751 -0.0992115 0.0089434
274000 1.02116 -0.0809194 0.00971111
275000 1.01836 -0.0914747 0.00955102
276000 1.00872 -0.0951941 0.0094508
277000 0.99596 -0.114834 0.00909597
278000 1.0002 -0.0854752 0.00945298
279000 0.981627 -0.0878044 0.00913138
280000 1.01723 -0.0885605 0.00944475
281000 1.01031 -0.0889656 0.00946589
282000 0.987273 -0.0897213 0.00944091
283000 0.996679 -0.111099 0.00919281
284000 0.997042 -0.113734 0.00934517
285000 0.998417 -0.107041 0.00948768
286000 0.997071 -0.119115 0.00917879
287000 1.01455 -0.0935134 0.00952588
288000 0.989234 -0.101091 0.00926547
289000 0.979074 -0.0949483 0.00940576
290000 0.980085 -0.101949 0.00925216
291000 1.02027 -0.0945867 0.00947825
292000 0.990567 -0.0836791 0.00937906
293000 1.0131 -0.0814978 0.00981088
294000 0.961391 -0.0803598 0.00902317
295000 1.01108 -0.0924865 0.00964214
296000 1.03986 -0.0863682 0.00989073
297000 0.958933 -0.0918333 0.00892751
298000 1.02178 -0.0868233 0.00961848
299000 0.956399 -0.0852317 0.00900146
300000 1.00867 -0.0855572 0.00950558
301000 0.995136 -0.0830511 0.0092053
302000 0.978601 -0.093823 0.00921366
303000 1.03947 -0.0788385 0.00975455
304000 1.01561 -0.096216 0.00955708
305000 0.989281 -0.116843 0.0091541
306000 1.02264 -0.11573 0.00967952
307000 1.00132 -0.097326 0.00946374
308000 0.967664 -0.135648 0.00882829
309000 1.00279 -0.116085 0.00932079
310000 0.974096 -0.0944762 0.00900008
311000 1.01187 -0.0949088 0.00943085
312000 0.992547 -0.105037 0.0092906
313000 1.01561 -0.102601 0.00934702
314000 0.965341 -0.124458 0.00891205
315000 1.02807 -0.102367 0.009717
316000 0.972595 -0.0940181 0.00925478
317000 0.99337 -0.11712 0.00933697
318000 1.01697 -0.115223 0.00941542
319000 1.02245 -0.0974901 0.00952643
320000 0.989504 -0.0813677 0.00935967
321000 0.995093 -0.11601 0.00927212
322000 1.03113 -0.108019 0.00961916
323000 0.98885 -0.111534 0.00932929
324000 0.9965 -0.0891732 0.00932445
325000 0.995229 -0.0841226 0.00931099
326000 1.01233 -0.0740335 0.0097394
327000 1.03193 -0.0720731 0.00979404
328000 0.991624 -0.0721595 0.00934787
329000 1.01571 -0.0877691 0.00947633
330000 0.958048 -0.0941159 0.00892864
331000 1.03711 -0.0957714 0.00963757
332000 0.987929 -0.0923008 0.00922802
333000 0.983978 -0.0840289 0.00929628
334000 1.04194 -0.0735606 0.00984817
335000 0.984732 -0.102636 0.00913988
336000 0.982326 -0.0749949 0.0091589
337000 0.999 -0.0874039 0.00947985
338000 1.01794 -0.0863289 0.00963922
339000 0.981399 -0.08267 0.00915196
340000 0.992577 -0.0865767 0.00935314
341000 0.994677 -0.0770627 0.00946072
342000 0.998131 -0.0884606 0.00937173
343000 0.974532 -0.0740816 0.00914931
344000 1.02427 -0.0663489 0.00982184
345000 1.00014 -0.0672803 0.00940445
346000 0.999989 -0.0704201 0.00946555
347000 1.00065 -0.0815708 0.00937597
348000 1.02759 -0.0764665 0.00980925
349000 0.988515 -0.0601253 0.00951718
350000 0.996297 -0.0738719 0.00936709
351000 0.989627 -0.067809 0.00931024
352000 1.00651 -0.0674554 0.00960578
353000 1.01572 -0.0579137 0.0097691
354000 1.01112 -0.0546782 0.00977047
355000 1.01434 -0.0594829 0.00969925
356000 0.997989 -0.0546503 0.00947169
357000 0.977576 -0.0678675 0.00914375
358000 0.985749 -0.0768083 0.00933774
359000 0.996689 -0.0754431 0.00933127
360000 0.984578 -0.0927877 0.00910234
361000 1.00638 -0.0891938 0.00944188
362000 1.03507 -0.121371 0.00946853
363000 1.00317 -0.134714 0.00926199
364000 0.992161 -0.138212 0.00903429
365000 0.982412 -0.0946998 0.0091489
366000 1.03958 -0.0809334 0.00983536
367000 0.99901 -0.0791488 0.0094959
368000 0.994578 -0.093386 0.00923544
369000 0.990876 -0.0989479 0.00936624
370000 0.968294 -0.0776257 0.0091993
371000 1.01461 -0.0996508 0.00941338
372000 1.01559 -0.0934637 0.00962883
373000 1.01701 -0.0877744 0.00958211
374000 1.01494 -0.0977314 0.00959113
375000 0.997736 -0.0889383 0.00940517
376000 1.00488 -0.0922214 0.00951388
377000 0.977124 -0.109625 0.00905489
378000 0.990478 -0.129461 0.0090202
379000 0.983544 -0.121796 0.00900168
380000 1.01776 -0.0955369 0.00957341
381000 0.993453 -0.0790455 0.00936941
382000 1.01343 -0.0778187 0.00951276
383000 0.99419 -0.0852392 0.0094305
384000 0.986341 -0.0860058 0.00929755
385000 0.987394 -0.0968428 0.00935542
386000 0.999543 -0.0882709 0.00943821
387000 1.0129 -0.0858276 0.00954444
388000 0.994814 -0.0765295 0.00936648
389000 1.02541 -0.0682028 0.00986355
390000 0.998611 -0.0870443 0.00944798
391000 1.00585 -0.096387 0.00928692
392000 0.992108 -0.0916592 0.00926261
393000 1.01763 -0.0805017 0.00955966
394000 0.991139 -0.0892237 0.00924553
395000 0.988413 -0.0922341 0.00931219
396000 1.02247 -0.0978788 0.00965936
397000 1.00729 -0.0767976 0.00950723
398000 1.00453 -0.0758636 0.00959218
399000 0.981666 -0.0920948 0.00920342
400000 1.02547 -0.0931491 0.00978195
401000 0.982382 -0.0901942 0.0092212
402000 1.03094 -0.0879385 0.00968549
403000 0.994486 -0.068116 0.00933719
404000 1.01427 -0.0853939 0.00942434
405000 0.978976 -0.0815051 0.0091204
406000 1.01518 -0.0925697 0.00956889
407000 1.00722 -0.106027 0.00950247
408000 0.977674 -0.117946 0.00906802
409000 1.0284 -0.12795 0.00951832
410000 1.02049 -0.111674 0.00951047
411000 0.998347 -0.0978584 0.00938944
412000 1.01962 -0.112243 0.00953409
413000 0.980973 -0.112648 0.00911052
414000 1.02302 -0.122827 0.00947685
415000 1.00399 -0.0874438 0.00938928
416000 0.971965 -0.0840867 0.00922853
417000 1.02617 -0.0778167 0.00964452
418000 0.97345 -0.098093 0.00898095
419000 1.04189 -0.0934093 0.0100016
420000 0.997403 -0.0818356 0.0093833
421000 0.995266 -0.0941895 0.00927015
422000 1.04039 -0.0713261 0.00974314
423000 0.998323 -0.0769218 0.00936878
424000 0.984841 -0.086738 0.00921253
425000 1.00593 -0.0822832 0.00938189
426000 0.987641 -0.0594414 0.00934763
427000 1.02602 -0.0900647 0.00966862
428000 1.00378 -0.072628 0.00945274
429000 0.986552 -0.0781118 0.00930097
430000 1.00332 -0.0872396 0.0093313
431000 0.983443 -0.0862926 0.00939169
432000 1.02966 -0.0975934 0.00968909
433000 0.983884 -0.0958113 0.00944001
434000 1.01705 -0.0995811 0.00962542
435000 0.977497 -0.095457 0.00911448
436000 1.00957 -0.125108 0.00924449
437000 0.985901 -0.123134 0.00915273
438000 0.99026 -0.135322 0.00906869
439000 0.995969 -0.105005 0.00933828
440000 0.985873 -0.11475 0.00907928
441000 1.0099 -0.113692 0.00938392
442000 0.993934 -0.102793 0.00921317
443000 1.02508 -0.0941921 0.00966712
444000 0.980443 -0.0823716 0.00914935
445000 1.00796 -0.0814838 0.00957256
446000 0.999708 -0.0635325 0.00963895
447000 1.00642 -0.0852324 0.00947836
448000 1.01139 -0.094747 0.00960544
449000 1.00972 -0.1127 0.00946674
450000 0.97484 -0.0985468 0.00917046
451000 1.01933 -0.0873072 0.00949104
452000 0.987844 -0.0933254 0.00931708
453000 0.988194 -0.0794817 0.00961773
454000 1.0048 -0.0893216 0.00963301
455000 1.02808 -0.116364 0.00958565
456000 1.03326 -0.0924138 0.00980576
457000 0.965573 -0.0816993 0.00898934
458000 1.00371 -0.0706126 0.00958167
459000 1.02358 -0.068234 0.0096852
460000 0.978259 -0.0840115 0.00909668
461000 1.03157 -0.0840475 0.00980772
462000 0.997448 -0.106007 0.00935501
463000 1.01826 -0.0906478 0.00964214
464000 0.962584 -0.103076 0.00895649
465000 0.99433 -0.11548 0.00925314
466000 0.975603 -0.0988459 0.00914444
467000 0.973215 -0.0808833 0.00914448
468000 1.00371 -0.0738495 0.00954501
469000 0.977481 -0.0842729 0.00923553
470000 1.00708 -0.103714 0.00939117
471000 1.01458 -0.121867 0.00945606
472000 1.00309 -0.110925 0.0094658
473000 0.961091 -0.0865563 0.00900085
474000 1.04754 -0.085358 0.00988558
475000 0.989294 -0.088882 0.00943579
476000 1.02962 -0.105827 0.00952569
477000 0.985736 -0.0813062 0.00941116
478000 0.994006 -0.0940979 0.00948166
479000 0.998739 -0.0983937 0.00958505
480000 0.996921 -0.112988 0.00917989
481000 0.960367 -0.107599 0.00885736
482000 0.981058 -0.106625 0.00892544
483000 1.03001 -0.101064 0.00968049
484000 0.979951 -0.0898339 0.00929415
485000 0.996891 -0.0844409 0.00952274
486000 1.00846 -0.0873922 0.00953815
487000 1.01012 -0.084757 0.00947064
488000 0.97744 -0.0864959 0.00921237
489000 1.00967 -0.0990793 0.00947772
490000 1.00111 -0.0877544 0.00930969
491000 1.0453 -0.0921725 0.00980677
492000 1.00427 -0.0770504 0.00949175
493000 0.989842 -0.0843398 0.00924488
494000 1.01668 -0.111716 0.00953246
495000 0.993975 -0.0900558 0.009396
496000 0.990531 -0.0909961 0.0092501
497000 0.99628 -0.103993 0.00916941
498000 0.999169 -0.0755646 0.00937717
499000 0.996369 -0.086308 0.00934735
500000 0.987016 -0.0967386 0.00924843
501000 1.03002 -0.103136 0.00955286
502000 0.96213 -0.0909836 0.00897279
503000 1.01023 -0.0797025 0.009502
504000 1.02909 -0.0951197 0.00970015
505000 1.00533 -0.0827887 0.0094413
506000 0.964984 -0.0888118 0.00909889
507000 1.00709 -0.105696 0.00949516
508000 0.986986 -0.0950317 0.00932421
509000 0.973527 -0.0973294 0.0090952
510000 1.00769 -0.114248 0.00942355
511000 1.01511 -0.114809 0.00955481
512000 0.95408 -0.104837 0.00914713
513000 0.997501 -0.0774413 0.00947381
514000 1.03203 -0.073517 0.00969037
515000 0.991956 -0.0904634 0.00921279
516000 1.00627 -0.0836017 0.00953642
517000 1.00016 -0.0807752 0.00939543
518000 0.985229 -0.0839096 0.00931085
519000 0.990342 -0.0712765 0.0094252
520000 1.008 -0.0727691 0.00960895
521000 0.9889 -0.0942791 0.00924307
522000 1.02193 -0.113199 0.0093755
523000 0.99 -0.109423 0.00899121
524000 0.982714 -0.112908 0.00902671
525000 1.01673 -0.130688 0.00940153
526000 1.02077 -0.102768 0.00960661
527000 0.962149 -0.132965 0.00880708
528000 1.01602 -0.134463 0.00937447
529000 0.998999 -0.145644 0.00918936
530000 0.997611 -0.13815 0.00919474
531000 0.978135 -0.12269 0.00890751
532000 1.00036 -0.0968995 0.00931374
533000 1.00213 -0.0918533 0.00937847
534000 1.0098 -0.0917772 0.00946231
535000 0.955544 -0.131267 0.00865682
536000 1.02119 -0.101863 0.00964264
537000 0.987033 -0.116247 0.00926924
538000 0.979973 -0.0989027 0.00921458
539000 1.01016 -0.0918 0.00942605
540000 1.01016 -0.115812 0.00945321
541000 1.01776 -0.10929 0.00921108
542000 1.01769 -0.0916317 0.00958167
543000 0.978454 -0.0964631 0.00922007
544000 0.977435 -0.115188 0.00896985
545000 1.02988 -0.110713 0.00964057
546000 0.997568 -0.105472 0.00924235
547000 0.970709 -0.111747 0.00897395
548000 1.00286 -0.0922891 0.00922655
549000 1.01812 -0.0953007 0.00946927
550000 0.980728 -0.0677315 0.0093316
551000 0.998653 -0.0663216 0.00959209
552000 1.02019 -0.0862993 0.00963734
553000 0.975177 -0.0810351 0.00911543
554000 1.00852 -0.0714524 0.00950239
555000 1.00934 -0.0721043 0.00957376
556000 0.981514 -0.0778428 0.0090987
557000 1.01576 -0.0863552 0.0095621
558000 0.999078 -0.0919078 0.00934802
559000 1.0079 -0.0816526 0.0095828
560000 1.04255 -0.104198 0.00980642
561000 0.954624 -0.106422 0.00897201
562000 1.01986 -0.0948614 0.00955517
563000 0.958083 -0.09621 0.00898112
564000 1.01628 -0.106079 0.00950765
565000 1.00968 -0.0849667 0.0095128
566000 1.013 -0.0742452 0.0094714
567000 1.0095 -0.0672342 0.00958707
568000 0.971255 -0.0863952 0.00922372
569000 1.00242 -0.101032 0.00929836
570000 0.992394 -0.0803458 0.00938274
571000 0.992045 -0.100107 0.00923916
572000 0.985808 -0.0838833 0.00917075
573000 1.01574 -0.0993255 0.0096159
574000 0.985295 -0.100178 0.00920074
575000 0.964771 -0.07895 0.0092709
576000 1.02231 -0.090891 0.00973254
577000 1.00395 -0.0866208 0.00938438
578000 0.98371 -0.0712342 0.00928641
579000 1.008 -0.0821518 0.00957924
580000 1.00378 -0.0907556 0.0092599
581000 1.03303 -0.0621899 0.00998863
582000 0.971917 -0.0922043 0.00894722
583000 0.986176 -0.0760282 0.00927654
584000 1.02013 -0.095049 0.00970476
585000 0.956977 -0.102266 0.00899427
586000 0.993252 -0.108377 0.00925414
587000 1.00567 -0.0890724 0.0095114
588000 1.00217 -0.0993388 0.00935188
589000 1.01378 -0.115002 0.00933574
590000 0.988615 -0.111015 0.00917338
591000 1.02393 -0.0999485 0.00963171
592000 0.992328 -0.0975935 0.00919332
593000 0.974076 -0.0877334 0.00921902
594000 0.989632 -0.0894385 0.00923549
595000 0.975593 -0.0934407 0.00917844
596000 1.02855 -0.104881 0.00951093
597000 1.00427 -0.116126 0.00930131
598000 1.00256 -0.125657 0.00927609
599000 0.971435 -0.103864 0.00906838
600000 1.04422 -0.0943169 0.00970718
601000 1.00256 -0.0772353 0.00951917
602000 1.01827 -0.074625 0.00975047
603000 0.963125 -0.095951 0.00902841
604000 0.98842 -0.115587 0.00910632
605000 1.03676 -0.114769 0.00953592
606000 0.964285 -0.123382 0.00886103
607000 1.01643 -0.110196 0.00958617
608000 0.958379 -0.110406 0.00895452
609000 0.974519 -0.097258 0.00908454
610000 1.00089 -0.0991017 0.00926425
611000 1.01673 -0.103691 0.00932782
612000 1.00747 -0.089749 0.00942871
613000 1.00518 -0.0734215 0.00958279
614000 1.01132 -0.0693474 0.00942609
615000 0.987057 -0.0963289 0.00910271
616000 0.999597 -0.0654079 0.00956722
617000 0.973727 -0.0933301 0.00919249
618000 0.972228 -0.0796434 0.00925141
619000 1.00002 -0.091863 0.00931824
620000 1.002 -0.0845162 0.00944558
621000 0.969571 -0.104978 0.00891886
622000 1.00878 -0.0710489 0.00940713
623000 0.994018 -0.084862 0.00927155
624000 0.971405 -0.0749235 0.00918852
625000 0.965001 -0.0886721 0.00915511
626000 1.01401 -0.101345 0.00964969
627000 0.984248 -0.103346 0.00933553
628000 0.984079 -0.101086 0.00920838
629000 0.995745 -0.107258 0.00923593
630000 1.00071 -0.0834949 0.0095418
631000 0.994576 -0.0919644 0.00935492
632000 1.00565 -0.0782758 0.00956653
633000 0.992228 -0.0828592 0.00940943
634000 1.02543 -0.101612 0.00968925
635000 0.979959 -0.0929843 0.00919074
636000 1.00564 -0.0920244 0.00941377
637000 0.961904 -0.0989586 0.00911487
638000 0.989972 -0.111775 0.00926786
639000 1.0021 -0.0767057 0.00939969
640000 1.01035 -0.0671403 0.00969538
641000 0.984109 -0.0762274 0.00925146
642000 1.03281 -0.0615193 0.00981339
643000 0.957841 -0.0784338 0.00902157
644000 0.98401 -0.0745797 0.0092899
645000 1.01287 -0.0692394 0.0096811
646000 0.994604 -0.0845196 0.00916908
647000 0.990565 -0.108091 0.00915135
648000 1.00873 -0.115238 0.00920289
649000 1.01387 -0.125391 0.00926778
650000 0.998666 -0.146023 0.0091939
651000 1.01387 -0.131664 0.00933464
652000 1.01444 -0.105584 0.00943088
653000 1.01419 -0.109775 0.0094336
654000 1.00067 -0.0974922 0.00948857
655000 1.00513 -0.0940682 0.00943854
656000 1.01099 -0.102935 0.00962886
657000 0.984422 -0.115582 0.00929287
658000 1.01298 -0.119697 0.00939943
659000 0.993542 -0.109138 0.00925338
660000 1.02513 -0.0988976 0.00973423
661000 1.01214 -0.112918 0.009369
662000 1.00843 -0.114688 0.00943329
663000 1.03186 -0.111693 0.00973064
664000 1.00969 -0.113338 0.00916069
665000 0.998816 -0.112959 0.00930679
666000 1.01016 -0.119085 0.00950981
667000 1.01009 -0.122647 0.00935834
668000 0.991829 -0.0831751 0.00935948
669000 1.02955 -0.0697913 0.00994429
670000 0.996595 -0.0914485 0.00941754
671000 1.01349 -0.125005 0.00940792
672000 0.989413 -0.113657 0.00919155
673000 1.0043 -0.0821761 0.00933936
674000 0.999403 -0.0798547 0.00929482
675000 1.01126 -0.0838823 0.00960004
676000 1.01188 -0.0896934 0.00949084
677000 1.01509 -0.0547237 0.00982086
678000 0.985074 -0.0681243 0.00947969
679000 0.982698 -0.0625749 0.00942142
680000 0.991061 -0.0649019 0.00943546
681000 1.01003 -0.0766948 0.00956059
682000 1.01698 -0.0960067 0.00946978
683000 1.00189 -0.0830019 0.00948348
684000 1.00585 -0.0785224 0.00956617
685000 0.990164 -0.0735454 0.00945753
686000 0.976502 -0.0747996 0.00922446
687000 1.00368 -0.0687229 0.00948933
688000 0.999352 -0.0902815 0.00926298
689000 0.990508 -0.12011 0.00901412
690000 0.969858 -0.106866 0.0089298
691000 1.02964 -0.0968155 0.00965406
692000 1.02134 -0.0691671 0.00975114
693000 0.994432 -0.0754392 0.0094301
694000 1.01677 -0.0797802 0.00965412
695000 0.956239 -0.0939579 0.00887058
696000 0.989502 -0.0759397 0.00932595
697000 1.03885 -0.081817 0.00980073
698000 0.998613 -0.0937523 0.00948324
699000 1.03054 -0.0647945 0.00982945
700000 0.969579 -0.0628936 0.00921383
701000 1.0218 -0.0678683 0.00977721
702000 0.977605 -0.068341 0.00922672
703000 1.02396 -0.0647305 0.00980944
704000 0.982477 -0.0686256 0.00938624
705000 0.987004 -0.0815759 0.0093863
706000 0.983728 -0.0929234 0.00931282
707000 0.977815 -0.0917882 0.00918484
708000 1.01957 -0.0894154 0.00949071
709000 0.9753 -0.123563 0.00890371
710000 1.01364 -0.103745 0.00959474
711000 0.995371 -0.0887663 0.00943504
712000 1.00565 -0.0917729 0.00947814
713000 0.973322 -0.0956529 0.00915351
714000 1.009 -0.120865 0.00939789
715000 1.00251 -0.100248 0.00933646
716000 0.993059 -0.0907463 0.00923768
717000 0.995906 -0.0837368 0.00937388
718000 1.02703 -0.0963531 0.00959409
719000 0.981381 -0.130153 0.00900959
720000 1.00647 -0.127293 0.0093502
721000 0.977501 -0.13065 0.00896418
722000 0.982443 -0.101379 0.00917017
723000 1.0321 -0.114341 0.00959292
724000 0.994204 -0.0896646 0.00936772
725000 0.989097 -0.0875617 0.00923745
726000 0.975764 -0.0708671 0.00921099
727000 1.00217 -0.084089 0.00934443
728000 1.01097 -0.0934232 0.00952135
729000 0.972625 -0.0666265 0.00903378
730000 0.989743 -0.0724612 0.00926293
731000 0.983209 -0.0768 0.00940022
732000 1.01725 -0.0712461 0.00961473
733000 0.989753 -0.0658544 0.0093857
734000 1.01007 -0.0695266 0.00946571
735000 1.00076 -0.0568226 0.00958169
736000 1.01767 -0.0712944 0.00966097
737000 0.977029 -0.0859759 0.00921291
738000 1.01156 -0.0955831 0.00949753
739000 1.01432 -0.100492 0.0095904
740000 1.00092 -0.126276 0.00922056
741000 0.969311 -0.121404 0.00883262
742000 0.981145 -0.0939923 0.00920625
743000 0.996095 -0.0834531 0.00956739
744000 0.996928 -0.0815571 0.00949598
745000 0.985335 -0.0838346 0.00930558
746000 0.982337 -0.0572421 0.00921873
747000 0.998438 -0.083883 0.00931938
748000 1.05015 -0.084922 0.00997118
749000 0.995907 -0.0831951 0.009369
750000 0.998473 -0.099652 0.009379
751000 0.997237 -0.0892672 0.00932865
752000 1.02425 -0.0875533 0.00966842
753000 1.00329 -0.0938575 0.00936317
754000 0.996151 -0.080818 0.00942722
755000 1.01902 -0.0804854 0.00955297
756000 0.995054 -0.0681429 0.00957591
757000 1.02882 -0.055512 0.00988392
758000 0.975315 -0.0786684 0.0091787
759000 1.02181 -0.0800063 0.00973679
760000 0.983876 -0.0750618 0.00945517
761000 1.01162 -0.0821764 0.00953755
762000 1.00294 -0.0956543 0.00935723
763000 1.0104 -0.0855557 0.00965095
764000 1.02094 -0.10383 0.00946721
765000 0.984888 -0.0920096 0.00925117
766000 1.00807 -0.0838316 0.00965185
767000 1.00955 -0.0891535 0.00944588
768000 0.985488 -0.100188 0.00929395
769000 1.0072 -0.10405 0.00931814
770000 1.01487 -0.138808 0.00917967
771000 0.978671 -0.138603 0.0088662
772000 1.00382 -0.109072 0.00933123
773000 0.989458 -0.0886891 0.0094451
774000 0.983606 -0.09086 0.00933855
775000 1.00966 -0.114368 0.00950932
776000 0.968403 -0.109161 0.00884644
777000 1.00527 -0.113449 0.00931287
778000 0.990056 -0.0880761 0.00927172
779000 0.985987 -0.0785355 0.00924712
780000 1.00454 -0.0610399 0.00959179
781000 0.984778 -0.0673489 0.00949839
782000 1.01793 -0.0880522 0.00947971
783000 0.992789 -0.0860527 0.00935054
784000 1.00734 -0.0839897 0.00948224
785000 0.987479 -0.068231 0.00945761
786000 0.970167 -0.0863893 0.00916055
787000 0.999329 -0.0824096 0.0094595
788000 0.99965 -0.075105 0.00941531
789000 0.976634 -0.0743067 0.00925339
790000 0.972463 -0.085007 0.0089843
791000 1.0181 -0.0803171 0.00965873
792000 1.01776 -0.0673667 0.00958894
793000 0.975757 -0.0590568 0.00933202
794000 1.01166 -0.0698563 0.00959595
795000 1.01351 -0.0711233 0.00951928
796000 1.01143 -0.0813351 0.00960045
797000 1.02439 -0.0738056 0.00973284
798000 0.967811 -0.065439 0.00922532
799000 1.00718 -0.0705061 0.00952249
800000 0.995899 -0.0471764 0.0095487
801000 0.956941 -0.0785559 0.00890559
802000 1.00609 -0.0766182 0.00952199
803000 0.995761 -0.0807238 0.00938916
804000 0.985171 -0.0798619 0.00922464
805000 1.02885 -0.0827076 0.00972875
806000 0.999398 -0.0621387 0.00964193
807000 0.982382 -0.086157 0.0092496
808000 1.0184 -0.0899263 0.00961041
809000 0.977021 -0.0884743 0.00923261
810000 1.01574 -0.0887316 0.00949175
811000 0.989013 -0.08354 0.00918999
812000 1.02571 -0.0736856 0.00986404
813000 0.966318 -0.0731192 0.00907709
814000 1.025 -0.0815864 0.00968872
815000 0.987138 -0.0611674 0.00939597
816000 1.02495 -0.0581436 0.00979444
817000 0.973197 -0.0840604 0.00914561
818000 0.981093 -0.0952451 0.00927185
819000 0.991108 -0.0752084 0.0093506
820000 1.00512 -0.064858 0.0096031
821000 0.996111 -0.0781492 0.00945247
822000 0.983317 -0.0869682 0.00932855
823000 1.00065 -0.0919703 0.00937557
824000 1.00831 -0.0873762 0.00946229
825000 1.0093 -0.0852876 0.0095323
826000 0.997454 -0.0676219 0.00949323
827000 1.01232 -0.0832971 0.00961133
828000 0.996997 -0.095238 0.00946138
829000 0.991783 -0.0878143 0.00928038
830000 0.970904 -0.0754189 0.00919044
831000 0.977328 -0.07575 0.00918277
832000 1.03847 -0.0777562 0.0099137
833000 0.98006 -0.0830528 0.00924156
834000 1.00397 -0.0830174 0.00948792
835000 1.00707 -0.0721145 0.00953888
836000 1.01551 -0.0647148 0.00980195
837000 0.992871 -0.0778327 0.00928484
838000 0.989048 -0.107322 0.00915914
839000 1.00246 -0.111304 0.0093235
840000 1.00774 -0.0911025 0.00943924
841000 0.98402 -0.085627 0.00916522
842000 0.968296 -0.101535 0.00882453
843000 0.998922 -0.092086 0.00954128
844000 0.985777 -0.11093 0.00911518
845000 1.01729 -0.101917 0.00962644
846000 0.981985 -0.116869 0.00905528
847000 0.974513 -0.102598 0.0091428
848000 0.991657 -0.0889013 0.00942436
849000 1.01289 -0.108227 0.00932995
850000 1.00353 -0.104703 0.00947232
851000 1.00897 -0.0944777 0.00950684
852000 0.972654 -0.104226 0.00889274
853000 1.01501 -0.112706 0.00934307
854000 1.03441 -0.0672543 0.00996615
855000 0.971159 -0.0951121 0.0091561
856000 1.00141 -0.110621 0.00947074
857000 1.01553 -0.128598 0.00921354
858000 0.976286 -0.171793 0.00876713
859000 1.01317 -0.125235 0.00937848
860000 1.0168 -0.106936 0.00955991
861000 0.964875 -0.0977543 0.00899246
862000 1.03823 -0.110349 0.00972694
863000 1.02299 -0.108826 0.00948625
864000 0.975867 -0.124288 0.00911995
865000 1.015 -0.123233 0.00935297
866000 1.00484 -0.107394 0.00938034
867000 1.01042 -0.110019 0.00925867
868000 1.01581 -0.104584 0.00947156
869000 1.00197 -0.102479 0.00943548
870000 0.995599 -0.0901387 0.00941919
871000 1.00487 -0.102477 0.00944803
872000 0.990971 -0.0826927 0.00952008
873000 1.01804 -0.0870016 0.00961079
874000 0.998634 -0.0747009 0.00941993
875000 1.01608 -0.076277 0.00962913
876000 0.974807 -0.0596721 0.00935174
877000 1.0057 -0.0638942 0.00968616
878000 0.987769 -0.054173 0.00952961
879000 0.979433 -0.0757742 0.0091319
880000 0.994606 -0.0838414 0.00930024
881000 1.00115 -0.0828398 0.00946342
882000 0.996926 -0.10109 0.0092243
883000 0.993874 -0.0836092 0.00948708
884000 0.985798 -0.107417 0.00923561
885000 0.995798 -0.0915139 0.00930372
886000 1.00444 -0.119238 0.00930954
887000 0.988062 -0.095998 0.00928551
888000 0.971705 -0.111379 0.00892606
889000 1.00086 -0.0916004 0.0095037
890000 1.0046 -0.0836897 0.00937168
891000 0.992912 -0.0661657 0.00936472
892000 1.00246 -0.0772139 0.009373
893000 0.99426 -0.0678476 0.00961292
894000 1.00822 -0.0695242 0.00957889
895000 0.96743 -0.094749 0.00915191
896000 1.01245 -0.118703 0.00924304
897000 0.972102 -0.0752239 0.00928545
898000 1.01442 -0.0795822 0.00955368
899000 1.00032 -0.103664 0.0093321
900000 0.988059 -0.080284 0.00923227
901000 0.990517 -0.0886222 0.00935282
902000 1.0017 -0.100406 0.00929573
903000 0.982219 -0.0855428 0.00921659
904000 0.995758 -0.0734479 0.00955265
905000 0.999341 -0.0805664 0.00954944
906000 1.02334 -0.0781775 0.00966165
907000 0.983765 -0.0837192 0.00941959
908000 1.01475 -0.082605 0.00957619
909000 0.986089 -0.0929839 0.00922379
910000 1.00164 -0.0799589 0.00932616
911000 1.01512 -0.0715235 0.00967075
912000 0.995536 -0.0786527 0.0093735
913000 0.972362 -0.0896185 0.00912328
914000 0.996313 -0.0706671 0.00944876
915000 1.01577 -0.0865059 0.0095625
916000 0.995306 -0.0925183 0.00922918
917000 0.97714 -0.0904218 0.00913395
918000 0.975756 -0.0811594 0.00929342
919000 0.981029 -0.0784884 0.0092549
920000 1.03058 -0.0728374 0.00978822
921000 0.978691 -0.0831802 0.00921308
922000 1.02084 -0.0878065 0.00958295
923000 0.981633 -0.0892649 0.00925205
924000 1.03299 -0.0748281 0.00968391
925000 1.01392 -0.0656371 0.00962886
926000 0.994387 -0.0650003 0.0094797
927000 0.988033 -0.0822845 0.00923365
928000 1.00984 -0.0962249 0.00948066
929000 1.02165 -0.0785928 0.0097169
930000 0.99613 -0.073083 0.0092591
931000 0.984422 -0.0733789 0.00923205
932000 1.01159 -0.0671689 0.00958856
933000 1.02004 -0.0865457 0.0095197
934000 1.00801 -0.0764568 0.00959716
935000 0.997745 -0.0644273 0.00958478
936000 0.983946 -0.0764009 0.00941015
937000 1.00698 -0.0822219 0.00955856
938000 1.02059 -0.0698956 0.00967142
939000 1.02997 -0.105223 0.00965221
940000 1.002 -0.09049 0.00935843
941000 0.984659 -0.0873293 0.00931121
942000 1.01321 -0.07743 0.00970889
943000 1.01628 -0.0948735 0.00942257
944000 0.992242 -0.0923291 0.00943048
945000 0.986442 -0.078776 0.00928191
946000 0.985343 -0.0761702 0.00921834
947000 1.01023 -0.0660711 0.00957279
948000 0.996408 -0.0766249 0.00935491
949000 0.975406 -0.0877718 0.00914752
950000 1.01721 -0.077088 0.00955921
951000 0.99284 -0.0735609 0.0091169
952000 1.01365 -0.100731 0.00946541
953000 0.995629 -0.0862377 0.00937348
954000 0.998661 -0.0916473 0.00934842
955000 1.02937 -0.0891412 0.00966087
956000 0.976618 -0.0815164 0.00908493
957000 0.985562 -0.0704426 0.00933893
958000 1.01197 -0.0724372 0.00960096
959000 0.959816 -0.0866122 0.00894494
960000 0.978349 -0.0697444 0.00920961
961000 0.993946 -0.0662583 0.00952789
962000 1.0244 -0.0766622 0.00981348
963000 0.985651 -0.0808541 0.00936583
964000 0.991715 -0.0728809 0.00949198
965000 0.998996 -0.0722693 0.00954744
966000 1.01768 -0.0969176 0.00958506
967000 0.99722 -0.0877972 0.00926353
968000 1.02031 -0.0668746 0.00971262
969000 0.988237 -0.0860767 0.00933103
970000 1.02882 -0.0847826 0.00969733
971000 0.986657 -0.0688154 0.00935172
972000 1.01709 -0.0819866 0.00958653
973000 0.967105 -0.0820084 0.00910096
974000 1.02187 -0.0794782 0.00969707
975000 1.02752 -0.0776914 0.00981996
976000 0.987985 -0.106757 0.00931193
977000 0.958673 -0.102652 0.00885335
978000 0.972887 -0.128771 0.00897114
979000 1.00516 -0.100942 0.00943753
980000 1.00218 -0.0795433 0.00948758
981000 0.957595 -0.0866456 0.0090678
982000 1.01649 -0.0749682 0.00944354
983000 1.03701 -0.0802954 0.00981935
984000 0.978729 -0.0932808 0.00927446
985000 0.999639 -0.118018 0.00918162
986000 0.984057 -0.0990598 0.00920184
987000 0.985453 -0.0846261 0.00903061
988000 1.01852 -0.0683161 0.0096812
989000 0.986773 -0.0877958 0.00927246
990000 0.984842 -0.0795831 0.00933259
991000 1.01609 -0.0756437 0.00961711
992000 1.04345 -0.100045 0.0096679
993000 0.972282 -0.0830725 0.00909195
994000 0.9772 -0.10881 0.0090211
995000 1.00733 -0.0962921 0.00938653
996000 0.994987 -0.108932 0.00927444
997000 1.00995 -0.105512 0.00945566
998000 1.02615 -0.0804633 0.0097557
999000 1.00048 -0.0811082 0.00952092
1000000 0.975782 -0.0575054 0.00938466
1001000 1.02639 -0.0759067 0.00972982
1002000 0.982029 -0.0872649 0.00933584
1003000 1.01319 -0.0738765 0.00971301
1004000 0.997784 -0.0752903 0.00937052
1005000 1.00004 -0.113077 0.00920346
1006000 1.01129 -0.092628 0.00951036
1007000 1.02841 -0.0788395 0.00965017
1008000 0.965593 -0.103911 0.00884916
1009000 1.03644 -0.111458 0.00981174
1010000 0.968892 -0.0985242 0.00897739
1011000 0.98857 -0.0965106 0.00926577
1012000 1.01592 -0.0894268 0.00962707
1013000 1.0001 -0.0741769 0.00953492
1014000 0.999952 -0.0930659 0.00945397
1015000 0.988674 -0.0814479 0.0093976
1016000 0.992042 -0.0777074 0.00940478
1017000 0.985709 -0.082368 0.00926246
1018000 0.985498 -0.0914445 0.00930139
1019000 0.986587 -0.082874 0.00930685
1020000 1.00468 -0.0829311 0.00963456
1021000 1.01334 -0.103302 0.00922124
1022000 1.00142 -0.0826872 0.00930775
1023000 0.9916 -0.0970819 0.00915606
1024000 1.00899 -0.0789089 0.00961406
1025000 1.01138 -0.072831 0.00966827
1026000 0.988478 -0.109031 0.00906266
1027000 1.00749 -0.0743957 0.00960492
1028000 1.02597 -0.1039 0.00964608
1029000 0.995482 -0.0802898 0.00932883
1030000 0.99042 -0.0652952 0.00932614
1031000 0.998037 -0.0789908 0.00935674
1032000 0.997552 -0.0903898 0.00960693
1033000 0.99259 -0.111196 0.00944078
1034000 0.997362 -0.0958109 0.00939685
1035000 1.00871 -0.108062 0.00951317
1036000 1.00607 -0.092027 0.00947091
1037000 1.00762 -0.0735342 0.0096374
1038000 0.992114 -0.0806104 0.00921997
1039000 0.973349 -0.119697 0.00892643
1040000 1.01969 -0.0951369 0.00947768
1041000 1.01565 -0.111464 0.00951627
1042000 1.01792 -0.100691 0.00944799
1043000 0.996494 -0.0817601 0.0092653
1044000 1.01143 -0.092258 0.00958971
1045000 1.01335 -0.0895312 0.0095953
1046000 0.987648 -0.119477 0.00907333
1047000 1.01528 -0.11366 0.00952055
1048000 1.01477 -0.102149 0.00955786
1049000 1.02014 -0.081353 0.00972797
1050000 0.969927 -0.0921674 0.00921339
1051000 1.02297 -0.0855771 0.00956879
1052000 1.0296 -0.110803 0.00945929
1053000 0.988723 -0.0888829 0.00926815
1054000 0.994053 -0.0808643 0.00921884
1055000 0.965106 -0.0853595 0.00912931
1056000 0.988811 -0.114405 0.00909741
1057000 1.00273 -0.0756535 0.00956658
1058000 0.982882 -0.067552 0.00921712
1059000 0.980836 -0.0814221 0.00921861
1060000 1.01308 -0.0786431 0.0095259
1061000 1.00929 -0.0765193 0.0095589
1062000 0.984476 -0.08443 0.00921084
1063000 0.990907 -0.0908538 0.00936254
1064000 0.983556 -0.0918326 0.00925377
1065000 0.997923 -0.0925247 0.00928742
1066000 1.03185 -0.0630488 0.00985844
1067000 0.979199 -0.0583328 0.0094687
1068000 0.999361 -0.0565824 0.00947645
1069000 1.01494 -0.083842 0.00958911
1070000 1.00403 -0.0676175 0.00954626
1071000 1.01146 -0.0875117 0.00947339
1072000 0.978499 -0.0878333 0.00914852
1073000 1.01858 -0.0687378 0.00979193
1074000 1.03112 -0.090984 0.0096333
1075000 0.964165 -0.0724421 0.00926465
1076000 0.997557 -0.0853972 0.0094331
1077000 1.00527 -0.0903014 0.00937701
1078000 1.00883 -0.0911247 0.00947244
1079000 0.992851 -0.0839075 0.00939744
1080000 1.02294 -0.0863736 0.00957553
1081000 1.00306 -0.0968569 0.00950359
1082000 1.00535 -0.0999879 0.00944747
1083000 0.989156 -0.110609 0.00902238
1084000 1.01157 -0.114731 0.00941475
1085000 0.975488 -0.104937 0.00920677
1086000 1.02495 -0.0950897 0.00974357
1087000 0.996121 -0.0920079 0.00941106
1088000 1.01101 -0.0912394 0.00944218
1089000 1.01263 -0.11432 0.00925614
1090000 0.970105 -0.111711 0.00917655
1091000 1.04669 -0.115333 0.00971315
1092000 1.00272 -0.0892595 0.0095173
1093000 0.964087 -0.116399 0.00891083
1094000 1.01991 -0.100585 0.00949561
1095000 1.01511 -0.104342 0.00940077
1096000 0.984238 -0.125 0.00911068
1097000 1.03415 -0.111371 0.00953413
1098000 0.959199 -0.105515 0.00899343
1099000 1.00895 -0.0843663 0.00945948
1100000 1.00685 -0.0707962 0.00968453
