# Time-averaged data for fix 2
# TimeStep v_Temperature v_PotentialEnergy v_Pressure
1000 1.04449 -0.00961939 0.00102768
2000 0.991631 -0.0130106 0.000976167
3000 1.00803 -0.0104615 0.000989648
4000 1.02071 -0.00865894 0.00100843
5000 0.979974 -0.00664773 0.00096662
6000 0.998949 -0.00577269 0.000986106
7000 1.01418 -0.00610545 0.00100042
8000 0.999642 -0.00520738 0.000982392
9000 1.01215 -0.00704835 0.000992742
10000 1.00232 -0.00959809 0.000984728
11000 1.02758 -0.0153611 0.00100023
12000 1.00052 -0.00629835 0.000987637
13000 0.982382 -0.00726583 0.00096266
14000 1.00258 -0.00727892 0.000991675
15000 1.00187 -0.00480478 0.000987733
16000 1.01365 -0.0073345 0.000997715
17000 0.965089 -0.00806564 0.000953005
18000 1.01551 -0.00503126 0.00100053
19000 1.01408 -0.00539339 0.00100072
20000 0.993757 -0.00779528 0.00097442
21000 1.00239 -0.00792499 0.000984896
22000 1.02715 -0.00476835 0.00101499
23000 1.00487 -0.00721005 0.00099102
24000 0.987208 -0.0061239 0.000972119
25000 1.00162 -0.00678659 0.000986525
26000 1.04227 -0.00443219 0.00102627
27000 0.983833 -0.00211582 0.000974558
28000 0.987167 -0.00551645 0.000971902
29000 1.01899 -0.00554986 0.00100707
30000 0.995614 -0.00379787 0.000986511
31000 0.989408 -0.00791086 0.000974314
32000 0.971922 -0.00291289 0.000958676
33000 1.00823 -0.00973087 0.000988877
34000 0.992097 -0.00597503 0.000982281
35000 1.0345 -0.00853478 0.00101651
36000 0.982165 -0.00628259 0.000966321
37000 1.00099 -0.00392955 0.000989735
38000 0.972339 -0.00696608 0.000956251
39000 1.03133 -0.00630306 0.00101836
40000 1.02816 -0.00593249 0.001014
41000 0.998146 -0.00745995 0.000977509
42000 1.01718 -0.00734117 0.00100791
43000 1.03196 -0.00400963 0.00102022
44000 0.999261 -0.0052178 0.00099352
45000 0.95919 -0.00960608 0.000946049
46000 1.03335 -0.00678342 0.00101895
47000 0.9756 -0.0108483 0.000956942
48000 1.02964 -0.00589672 0.00101281
49000 1.02065 -0.00464707 0.00100648
50000 0.961058 -0.00810581 0.000945828
51000 1.02658 -0.00606061 0.0010112
52000 1.02529 -0.00422498 0.00101244
53000 0.978724 -0.0054007 0.000964506
54000 0.993005 -0.00884911 0.000978317
55000 1.02662 -0.00590744 0.0010135
56000 0.975746 -0.00377612 0.00096441
57000 1.00656 -0.00871313 0.000984873
58000 0.999663 -0.00542097 0.00098666
59000 1.00359 -0.00667729 0.000986685
60000 1.02747 -0.00798161 0.0010182
61000 0.967823 -0.00796704 0.000952718
62000 1.02713 -0.00635897 0.00101096
63000 0.968398 -0.00309475 0.000957229
64000 1.01028 -0.0078126 0.000997221
65000 0.996667 -0.00692997 0.000981209
66000 1.00216 -0.0084964 0.000992667
67000 1.00542 -0.0051813 0.000991159
68000 1.00739 -0.00626198 0.000994296
69000 0.968629 -0.00478465 0.000954349
70000 1.00196 -0.00485863 0.000990657
71000 0.994417 -0.00486484 0.000988998
72000 1.02476 -0.00424274 0.00101274
73000 0.971122 -0.00588714 0.000955421
74000 1.01023 -0.00785516 0.000992141
75000 1.00991 -0.00360716 0.000995264
76000 1.0013 -0.00696975 0.00098463
77000 0.987304 -0.00968044 0.000968759
78000 0.992013 -0.00842182 0.000978354
79000 1.01955 -0.00287809 0.00100681
80000 0.996471 -0.00661942 0.00098179
81000 1.00847 -0.00593494 0.000999621
82000 0.997176 -0.00647671 0.000979572
83000 0.997463 -0.00903564 0.000981427
84000 1.0174 -0.00496006 0.00100387
85000 0.986395 -0.0040475 0.000973633
86000 0.987574 -0.00838326 0.000970048
87000 1.0086 -0.00465468 0.000996058
88000 0.995468 -0.0105015 0.000979868
89000 0.994864 -0.00835298 0.000980643
90000 0.966108 -0.00822507 0.000950884
91000 0.984286 -0.00670239 0.00096841
92000 1.01731 -0.00822825 0.001
93000 1.00017 -0.00724659 0.000981403
94000 1.00996 -0.00808152 0.000993107
95000 1.01748 -0.00346348 0.001005
96000 0.982423 -0.00874135 0.000972737
97000 0.977555 -0.00394305 0.000967975
98000 0.986223 -0.0064095 0.000974958
99000 0.989223 -0.00417617 0.00098054
100000 1.04842 -0.00375555 0.00103408
101000 0.97245 -0.00848318 0.000958869
102000 1.02438 -0.00376833 0.00100939
103000 0.961573 -0.00497384 0.000951425
104000 1.03065 -0.00568837 0.0010175
105000 1.00654 -0.00647377 0.000994536
106000 0.96672 -0.0130781 0.000948116
107000 0.979535 -0.0209131 0.000955069
108000 0.997196 -0.0170512 0.000972864
109000 0.985811 -0.0218489 0.000963267
110000 0.993355 -0.0177852 0.000979577
111000 0.987526 -0.0125045 0.000975648
112000 1.02585 -0.0157807 0.00101301
113000 1.03454 -0.0256272 0.00101782
114000 0.978783 -0.0292836 0.000950438
115000 1.00744 -0.0212585 0.00098443
116000 0.972246 -0.0183903 0.000952068
117000 1.02666 -0.0134249 0.00101097
118000 1.01659 -0.0141969 0.000999964
119000 1.01752 -0.0171185 0.000999167
120000 0.964654 -0.0154153 0.000952995
121000 1.02888 -0.014986 0.00100427
122000 1.02702 -0.014248 0.00100457
123000 0.977555 -0.0124582 0.000960868
124000 0.9882 -0.0201243 0.000964721
125000 1.03002 -0.016891 0.00100655
126000 0.993599 -0.0209058 0.0009759
127000 0.994456 -0.0185699 0.000985254
128000 1.00101 -0.0134411 0.000989077
129000 1.02107 -0.0134803 0.0010073
130000 0.952203 -0.0218169 0.00093229
131000 1.0429 -0.00857833 0.00103084
132000 0.978366 -0.00359035 0.000966213
133000 0.997501 -0.00710453 0.000981466
134000 1.01344 -0.00490775 0.00100289
135000 1.00124 -0.0136397 0.000985832
136000 1.00144 -0.0118737 0.000986171
137000 0.994564 -0.014041 0.000978615
138000 0.973466 -0.0151956 0.00095654
139000 0.992049 -0.0124711 0.000978086
140000 0.982863 -0.01385 0.000970864
141000 0.991889 -0.0134163 0.000976682
142000 0.998057 -0.0130961 0.000984285
143000 1.00907 -0.0130177 0.000994409
144000 0.983539 -0.0186792 0.000968615
145000 1.0042 -0.0133875 0.000987276
146000 1.01064 -0.00884624 0.000996746
147000 1.02655 -0.0117333 0.00101218
148000 0.982052 -0.0154605 0.00096579
149000 1.01312 -0.0147552 0.000997201
150000 0.990922 -0.0184038 0.000974788
151000 0.999848 -0.013408 0.00098717
152000 1.00321 -0.0168613 0.000979572
153000 0.986437 -0.0130457 0.000963654
154000 0.995413 -0.0125312 0.000976312
155000 1.0116 -0.0132814 0.000995302
156000 1.02916 -0.0113714 0.00101011
157000 0.979072 -0.0112802 0.000963754
158000 1.01169 -0.00895118 0.000994941
159000 0.995974 -0.011398 0.000976751
160000 0.998358 -0.00683544 0.00098338
161000 0.996683 -0.00228138 0.000989041
162000 1.01496 -0.00297696 0.0010035
163000 1.0303 -0.00351171 0.00101517
164000 1.02577 -0.00429813 0.00101725
165000 0.993579 -0.0082016 0.000974685
166000 1.0224 -0.00359292 0.00101104
167000 1.04196 -0.00605901 0.00102864
168000 1.01024 -0.0132542 0.000988872
169000 1.00507 -0.00749791 0.000990953
170000 1.01476 -0.0106075 0.000997879
171000 1.00713 -0.00551948 0.000995265
172000 1.00506 -0.00909656 0.000990031
173000 1.01018 -0.00520183 0.000996314
174000 0.988839 -0.0127832 0.000971506
175000 1.00815 -0.0082575 0.000991888
176000 1.01083 -0.00828904 0.000995956
177000 0.967513 -0.0170765 0.000949315
178000 1.02949 -0.006893 0.00101531
179000 1.01848 -0.0133016 0.000996333
180000 1.01328 -0.00378833 0.00099929
181000 0.956407 -0.00684303 0.000941663
182000 0.980244 -0.0055895 0.000964977
183000 1.00201 -0.0115519 0.000982585
184000 0.98155 -0.00649256 0.000967799
185000 1.01436 -0.00107222 0.00100211
186000 0.992494 -0.0039254 0.000980711
187000 0.981611 -0.00422285 0.000971607
188000 1.01097 -0.00977966 0.000994561
189000 0.991411 -0.00920131 0.000977673
190000 1.01493 -0.00400679 0.00100111
191000 1.00568 -0.00327348 0.000995262
192000 0.963117 -0.00373734 0.000951882
193000 0.994795 -0.00519037 0.000984047
194000 0.995687 -0.00617642 0.000980736
195000 1.01223 -0.0125238 0.000995594
196000 0.978154 -0.01242 0.000963002
197000 0.996433 -0.00780458 0.000981126
198000 1.00193 -0.00529519 0.0009857
199000 0.98654 -0.00756812 0.000973578
200000 0.998374 -0.00831394 0.000980345
201000 0.990279 -0.0128896 0.000968944
202000 0.986265 -0.00996818 0.000972346
203000 1.00535 -0.00796881 0.000989687
204000 0.990075 -0.002299 0.000978599
205000 0.979466 -0.0114048 0.00096346
206000 0.983507 -0.00858132 0.000972765
207000 1.04498 -0.00494801 0.00103184
208000 0.982161 -0.00950945 0.000963837
209000 0.974338 -0.00931051 0.000954076
210000 1.01101 -0.0147115 0.000988918
211000 0.991714 -0.00763881 0.000977973
212000 1.01556 -0.00788112 0.000998997
213000 0.992773 -0.0103848 0.000977571
214000 1.00564 -0.0203333 0.000983098
215000 0.982178 -0.0211078 0.000953036
216000 0.992068 -0.0109543 0.000974078
217000 0.981891 -0.0141556 0.000961307
218000 0.976256 -0.0150014 0.000950476
219000 1.02129 -0.0131664 0.00100533
220000 0.991851 -0.0139645 0.000970023
221000 0.986748 -0.0129088 0.000970347
222000 1.03563 -0.0140643 0.00101706
223000 0.961382 -0.0120359 0.000948064
224000 1.01239 -0.0189716 0.000992487
225000 1.02335 -0.0175227 0.00100697
226000 0.972771 -0.0208449 0.000953107
227000 1.03599 -0.0180174 0.00101388
228000 1.00742 -0.0107227 0.000988763
229000 0.966339 -0.0165932 0.000949821
230000 1.02666 -0.0140784 0.00100678
231000 1.00158 -0.00939952 0.000986432
232000 0.957978 -0.0149768 0.000940854
233000 1.00512 -0.0123543 0.000990125
234000 1.0159 -0.0151042 0.00099922
235000 0.984813 -0.0117202 0.000969529
236000 1.038 -0.0117256 0.00102987
237000 1.02669 -0.00869933 0.0010127
238000 0.991182 -0.0110471 0.000979719
239000 1.00654 -0.0112864 0.000992909
240000 1.00121 -0.0107773 0.000989527
241000 0.990709 -0.0133862 0.000979365
242000 1.0068 -0.0125916 0.000988263
243000 1.00064 -0.0176693 0.000982228
244000 0.994596 -0.0141475 0.000976172
245000 1.02653 -0.016566 0.00100397
246000 0.974971 -0.0127103 0.000956534
247000 0.998772 -0.0166176 0.00098514
248000 1.01855 -0.0141357 0.000999637
249000 0.993025 -0.0146292 0.000970898
250000 1.01194 -0.0238962 0.000990896
251000 0.982077 -0.0255159 0.000952777
252000 0.992442 -0.0283644 0.000963643
253000 1.01845 -0.018685 0.000997251
254000 0.986927 -0.017542 0.000966624
255000 0.984786 -0.0203315 0.000964837
256000 0.973958 -0.0159735 0.000956488
257000 0.975269 -0.0188586 0.000952554
258000 0.992008 -0.0171498 0.000971763
259000 0.985273 -0.0160233 0.000966701
260000 0.998159 -0.0162834 0.000976605
261000 1.02576 -0.0124735 0.00100518
262000 0.995247 -0.0136295 0.000977323
263000 0.994456 -0.0214167 0.000971664
264000 0.997286 -0.00897286 0.000980347
265000 1.00186 -0.00350664 0.000987922
266000 1.01415 -0.00740993 0.000997372
267000 0.977804 -0.00912723 0.000956927
268000 1.01666 -0.011416 0.00099694
269000 0.977748 -0.00361889 0.000965677
270000 1.00929 -0.0134343 0.000992871
271000 0.940422 -0.00759898 0.000930804
272000 1.00281 -0.00340601 0.000991474
273000 0.996399 -0.00696439 0.000981234
274000 0.984369 -0.00685436 0.000967946
275000 1.03065 -0.0098593 0.00101465
276000 1.01492 -0.0059381 0.00100583
277000 0.959273 -0.00518562 0.000945666
278000 1.03051 -0.00743072 0.00101252
279000 0.998569 -0.00618675 0.000984087
280000 0.969933 -0.00714384 0.000955216
281000 1.01379 -0.00839473 0.000998538
282000 1.02444 -0.006046 0.0010104
283000 1.02016 -0.0114087 0.00100404
284000 1.01186 -0.0154208 0.000995526
285000 0.997486 -0.017367 0.000980536
286000 1.01746 -0.0170433 0.000999894
287000 1.00087 -0.0100149 0.00098685
288000 1.00524 -0.013736 0.000988487
289000 0.992035 -0.0113348 0.000977369
290000 0.995383 -0.0129533 0.000981212
291000 1.00474 -0.00922116 0.00098958
292000 0.992795 -0.00914852 0.000975041
293000 0.988164 -0.00964675 0.000973109
294000 0.999652 -0.0072775 0.000981577
295000 0.999954 -0.0101223 0.000983497
296000 1.0308 -0.00722167 0.00101278
297000 0.979191 -0.00329364 0.000965487
298000 0.99451 -0.00644811 0.000982426
299000 1.02775 -0.0111255 0.00101453
300000 0.983025 -0.0107891 0.000969652
301000 0.990189 -0.00750405 0.000976678
302000 1.00864 -0.00821871 0.000991727
303000 1.01303 -0.00563607 0.00100154
304000 0.996905 -0.0037752 0.000987979
305000 0.984327 -0.00330717 0.000969831
306000 0.993749 -0.00273573 0.000981158
307000 1.0173 -0.00457377 0.00100322
308000 1.00795 -0.00276938 0.000996341
309000 0.970409 -0.0055161 0.000956166
310000 1.02333 -0.00582032 0.00101106
311000 0.996886 -0.00563332 0.000985093
312000 0.991186 -0.00501289 0.000981216
313000 1.00951 -0.00589334 0.000993652
314000 0.97846 -0.00356159 0.000969318
315000 1.02724 -0.0043538 0.00101617
316000 0.985005 -0.0071442 0.00097071
317000 1.00357 -0.00291501 0.000993341
318000 1.0152 -0.00881353 0.000996578
319000 0.99412 -0.0041955 0.000984136
320000 1.00663 -0.00796903 0.000993591
321000 1.01437 -0.00533704 0.00100118
322000 1.00793 -0.00278853 0.000994661
323000 0.998287 -0.00364244 0.000987171
324000 1.01457 -0.00883216 0.00100231
325000 1.00281 -0.00616809 0.000986246
326000 1.00086 -0.00318095 0.000988545
327000 0.998437 -0.00280761 0.000987763
328000 1.01342 -0.00387998 0.00100502
329000 1.01099 -0.00631921 0.000997813
330000 0.964831 -0.00418828 0.000955292
331000 0.979505 -0.00414348 0.000969835
332000 0.996758 -0.00606962 0.00098448
333000 1.00096 -0.0102894 0.000984499
334000 1.02332 -0.0138319 0.00100366
335000 0.974382 -0.0149404 0.000954912
336000 0.98717 -0.0166213 0.00096271
337000 0.982046 -0.0170799 0.000957957
338000 1.02314 -0.0132909 0.00100962
339000 0.974171 -0.0131065 0.00095807
340000 0.995871 -0.0120215 0.000977402
341000 1.02237 -0.0168637 0.00100428
342000 0.969938 -0.0180908 0.000949841
343000 0.997949 -0.0154478 0.000982681
344000 0.992882 -0.0201595 0.000965829
345000 0.993149 -0.0204493 0.000969253
346000 1.00799 -0.02498 0.000983457
347000 0.988503 -0.0202279 0.000961024
348000 0.984919 -0.0179766 0.000964528
349000 0.993248 -0.0176236 0.000977326
350000 0.978476 -0.0177476 0.00095711
351000 0.994723 -0.0191105 0.000970977
352000 1.00676 -0.0167431 0.000986363
353000 1.01818 -0.0172198 0.000999276
354000 1.00648 -0.0176073 0.000987236
355000 0.998314 -0.00915321 0.000983494
356000 0.985079 -0.00864625 0.000971825
357000 0.98486 -0.00640042 0.000969916
358000 1.01884 -0.00827053 0.00100426
359000 0.995098 -0.00511429 0.000981627
360000 0.995004 -0.0104368 0.000977728
361000 0.982194 -0.00838478 0.000969078
362000 1.02503 -0.0120986 0.00100029
363000 0.984118 -0.0224383 0.00095599
364000 0.993892 -0.0225916 0.000967136
365000 1.01876 -0.0133011 0.000999532
366000 0.988475 -0.00614445 0.000975437
367000 1.00961 -0.00712325 0.000995952
368000 0.996761 -0.0128086 0.000978559
369000 0.991311 -0.0057137 0.000980759
370000 0.974257 -0.00240988 0.000961775
371000 1.00924 -0.0106751 0.000995573
372000 1.00975 -0.00382312 0.000999508
373000 1.00436 -0.00243529 0.000991566
374000 0.989219 -0.00614173 0.00097787
375000 0.990051 -0.00511276 0.000977552
376000 1.00113 -0.00971285 0.000982328
377000 0.989808 -0.0116204 0.000972559
378000 0.998173 -0.0065815 0.000983853
379000 1.00517 -0.00650125 0.000993431
380000 0.989155 -0.00842357 0.000974492
381000 0.997825 -0.00585326 0.000984377
382000 1.03986 -0.00642574 0.0010266
383000 1.00438 -0.00853417 0.000987119
384000 1.01419 -0.0105489 0.0010008
385000 1.0174 -0.00781183 0.00100185
386000 0.980185 -0.00698315 0.000964335
387000 1.00948 -0.00517423 0.000997499
388000 1.02811 -0.00627383 0.001016
389000 1.00101 -0.0058693 0.000988105
390000 0.995401 -0.00333646 0.000985866
391000 1.01007 -0.00312038 0.000998294
392000 1.01332 -0.0109112 0.000992577
393000 0.971975 -0.00749576 0.000959543
394000 1.0038 -0.00932619 0.000982269
395000 1.01792 -0.00854229 0.00100449
396000 0.995725 -0.00901361 0.000981283
397000 1.00181 -0.00647477 0.000987369
398000 1.00972 -0.00205718 0.00100195
399000 0.999202 -0.00338131 0.000989119
400000 0.994543 -0.0047579 0.000980286
401000 1.01954 -0.00868969 0.00100867
402000 0.992604 -0.00809114 0.000976561
403000 1.01346 -0.00758397 0.000999765
404000 0.985039 -0.00412553 0.000975373
405000 0.988891 -0.00422262 0.000973558
406000 1.00469 -0.009266 0.000991905
407000 1.03498 -0.00585338 0.00102286
408000 0.964668 -0.00576966 0.000951927
409000 1.02466 -0.00819108 0.00100511
410000 1.01023 -0.00844621 0.000993425
411000 0.992741 -0.00832918 0.000983268
412000 0.992069 -0.00413091 0.000978945
413000 1.0136 -0.00479159 0.00100018
414000 1.00081 -0.00852303 0.00098535
415000 0.991171 -0.00325119 0.000978074
416000 0.975399 -0.00240577 0.000961338
417000 0.990685 -0.00599778 0.000974982
418000 0.974763 -0.00219538 0.000967135
419000 0.987321 -0.0047175 0.000978977
420000 0.985863 -0.0073457 0.000970867
421000 1.01923 -0.00740448 0.00100208
422000 1.00443 -0.00457176 0.000991247
423000 0.996583 -0.0139883 0.000978249
424000 0.994867 -0.0084789 0.000977211
425000 1.01604 -0.0074316 0.000998744
426000 1.01844 -0.00688645 0.00100693
427000 1.01144 -0.00596008 0.000997519
428000 0.989724 -0.00251293 0.00098373
429000 0.991064 -0.0102793 0.000976233
430000 1.03455 -0.00472157 0.00102154
431000 0.987672 -0.00489911 0.000978259
432000 0.993553 -0.00610214 0.000977465
433000 0.961295 -0.00845068 0.000946527
434000 1.00459 -0.0048347 0.000995852
435000 1.02808 -0.00679198 0.00101632
436000 0.98341 -0.00223658 0.000972546
437000 1.00425 -0.00903647 0.000988264
438000 1.02196 -0.00856754 0.00100578
439000 0.969785 -0.00670371 0.000956792
440000 1.01222 -0.00557581 0.000998002
441000 0.983081 -0.00440216 0.000970097
442000 1.00246 -0.00771714 0.000989432
443000 1.01955 -0.00358365 0.00100576
444000 0.9631 -0.00630892 0.000951989
445000 1.00693 -0.00603056 0.000991167
446000 0.986445 -0.00532755 0.000972539
447000 0.983852 -0.0113865 0.000966621
448000 1.03511 -0.00355351 0.00102109
449000 0.995594 -0.00626055 0.000978001
450000 1.00422 -0.00599922 0.000995394
451000 0.995849 -0.00504154 0.000980134
452000 0.980859 -0.00215108 0.000967244
453000 0.991774 -0.00544034 0.000977724
454000 1.00063 -0.00442387 0.000987473
455000 1.02282 -0.00976979 0.00100647
456000 1.01961 -0.00735472 0.00100565
457000 0.982382 -0.00600897 0.000967572
458000 1.00841 -0.0063007 0.000993802
459000 1.02589 -0.00673383 0.00101148
460000 0.97475 -0.00718723 0.000956591
461000 0.980847 -0.00664299 0.000968367
462000 0.987044 -0.00320006 0.000976284
463000 0.991181 -0.00684263 0.000978128
464000 1.03159 -0.00730269 0.00101298
465000 1.0124 -0.00297295 0.000997347
466000 1.01044 -0.00355145 0.000998046
467000 1.00014 -0.0049734 0.00098622
468000 0.981814 -0.00563733 0.000967879
469000 1.02823 -0.0123493 0.00100859
470000 1.00073 -0.0172377 0.00097953
471000 1.00371 -0.0158262 0.000984834
472000 1.00282 -0.00431811 0.000988902
473000 0.981799 -0.00341272 0.000973258
474000 1.00081 -0.00356737 0.000987871
475000 1.04087 -0.00702841 0.00102742
476000 0.97866 -0.00206576 0.000967663
477000 0.981548 -0.00537678 0.000968574
478000 1.01834 -0.00542736 0.00100393
479000 0.990665 -0.0034504 0.000977236
480000 0.971371 -0.00619652 0.000964798
481000 1.02174 -0.00572845 0.0010066
482000 0.972909 -0.0122062 0.000964423
483000 0.969136 -0.00331557 0.000959699
484000 1.00341 -0.00402671 0.000993718
485000 0.985993 -0.00699889 0.000968585
486000 1.00255 -0.00433235 0.000987346
487000 0.991439 -0.00549661 0.000979648
488000 1.01275 -0.00405773 0.000998475
489000 1.01582 -0.00654781 0.00100018
490000 0.980241 -0.00736447 0.000964319
491000 1.00167 -0.00632801 0.000990026
492000 1.00387 -0.010824 0.000989752
493000 1.02703 -0.00459056 0.00101734
494000 0.996114 -0.00457425 0.000988791
495000 0.996434 -0.00543112 0.000982053
496000 0.977961 -0.00428816 0.000965379
497000 0.963245 -0.0058618 0.000953493
498000 0.987896 -0.00206837 0.000976173
499000 1.00151 -0.00670112 0.000989178
500000 0.977896 -0.0030479 0.00096839
501000 1.00145 -0.00646783 0.000988358
502000 0.980822 -0.0112967 0.000964865
503000 1.02632 -0.00461816 0.00101565
504000 1.02028 -0.00653207 0.00100271
505000 0.963276 -0.00613705 0.000947608
506000 1.02014 -0.00605541 0.00100711
507000 1.02843 -0.00908411 0.00100969
508000 0.976173 -0.00626884 0.000965364
509000 1.00104 -0.00646451 0.000987256
510000 0.977655 -0.00726338 0.000965357
511000 1.0369 -0.00455205 0.00102384
512000 1.01642 -0.00288765 0.00100634
513000 0.960141 -0.00666012 0.000945523
514000 1.02358 -0.00988301 0.00100523
515000 1.01643 -0.00794874 0.00100425
516000 0.971446 -0.0145232 0.000951697
517000 1.01565 -0.0178111 0.00100165
518000 1.01545 -0.0112727 0.000999438
519000 0.981215 -0.0117595 0.000969262
520000 0.974252 -0.0120793 0.000962527
521000 0.967511 -0.0117615 0.000954649
522000 1.00325 -0.0198968 0.000980763
523000 0.969899 -0.023985 0.000950277
524000 0.990914 -0.0142465 0.000979308
525000 0.986678 -0.0167664 0.00097162
526000 0.998161 -0.0151011 0.00098222
527000 0.983762 -0.0172427 0.000967931
528000 0.996897 -0.0207277 0.000978061
529000 0.989154 -0.0226918 0.00096724
530000 1.02346 -0.0215433 0.0010017
531000 1.02683 -0.0193681 0.00100711
532000 1.01227 -0.022009 0.000993538
533000 1.028 -0.0146428 0.00100688
534000 0.986371 -0.015204 0.000968489
535000 1.0074 -0.0162609 0.000982847
536000 0.997062 -0.0167882 0.000977194
537000 1.01935 -0.0118171 0.00100177
538000 1.00276 -0.0112309 0.000983209
539000 0.96804 -0.00301994 0.000958359
540000 0.999201 -0.00361836 0.000985922
541000 1.03282 -0.00507035 0.0010155
542000 0.996283 -0.00484126 0.000989375
543000 0.989263 -0.00405465 0.000976532
544000 1.00967 -0.00545118 0.000994549
545000 0.965302 -0.00734535 0.000953943
546000 0.975427 -0.00734115 0.000961679
547000 1.02318 -0.00501892 0.00101047
548000 0.996833 -0.00772796 0.000981619
549000 0.98491 -0.00400142 0.000971055
550000 0.982185 -0.00852926 0.000969102
551000 0.983953 -0.00485041 0.000974269
552000 0.985795 -0.00545469 0.000969961
553000 0.978863 -0.00979979 0.000959082
554000 1.04533 -0.00431864 0.00103234
555000 0.959392 -0.0041468 0.000945243
556000 1.00634 -0.00489687 0.000994083
557000 0.99712 -0.00875079 0.000975886
558000 1.00209 -0.00544229 0.000987974
559000 0.97355 -0.00533518 0.000959472
560000 0.973626 -0.00472966 0.000958514
561000 1.01334 -0.00904409 0.000994195
562000 1.00685 -0.00514413 0.000993805
563000 0.977204 -0.00206194 0.000967574
564000 1.02492 -0.0065535 0.00100906
565000 0.990334 -0.0019376 0.000978371
566000 0.986548 -0.00989432 0.000969696
567000 1.03234 -0.00478655 0.00102139
568000 0.981694 -0.00517555 0.000971469
569000 1.02192 -0.0105297 0.00100831
570000 0.993687 -0.0134337 0.000974343
571000 1.00728 -0.00676183 0.000996141
572000 0.993796 -0.00337612 0.000982305
573000 0.973872 -0.00704536 0.000959219
574000 0.986871 -0.00550439 0.000973622
575000 1.01403 -0.00941878 0.000995732
576000 1.00119 -0.00778233 0.000986278
577000 0.993997 -0.00898915 0.000982481
578000 1.01811 -0.00204339 0.00100411
579000 0.962089 -0.0104238 0.000946359
580000 0.980847 -0.00309445 0.000967485
581000 0.999871 -0.00881212 0.000986233
582000 0.985684 -0.00901173 0.000967312
583000 1.01077 -0.0062039 0.000992962
584000 1.00572 -0.00403331 0.000991645
585000 0.97888 -0.00900559 0.000962449
586000 1.0355 -0.00461938 0.00102163
587000 1.00104 -0.00574637 0.000983725
588000 0.998386 -0.00752204 0.000984051
589000 1.01547 -0.00696988 0.00100437
590000 0.962542 -0.003372 0.00094789
591000 1.04051 -0.00415816 0.00103197
592000 1.03126 -0.00480184 0.00101583
593000 0.993793 -0.0038528 0.000978365
594000 1.01156 -0.00869693 0.000994954
595000 1.04473 -0.00351735 0.0010315
596000 1.01954 -0.00239845 0.00100878
597000 1.00028 -0.00490065 0.000986003
598000 0.993212 -0.0109331 0.000976725
599000 0.979875 -0.00877623 0.000964202
600000 1.03382 -0.00336588 0.0010229
601000 0.996536 -0.00302015 0.000982641
602000 0.968153 -0.00472945 0.000954529
603000 1.03375 -0.00608325 0.0010193
604000 1.0006 -0.00962111 0.000977775
605000 0.967692 -0.0032532 0.000957605
606000 1.01473 -0.0065851 0.00100343
607000 0.987766 -0.00855576 0.000973064
608000 1.02155 -0.00724596 0.0010049
609000 0.983744 -0.00429519 0.000969322
610000 1.01692 -0.00846362 0.000999243
611000 1.00807 -0.00842249 0.00098917
612000 0.999288 -0.00574962 0.000990172
613000 0.977318 -0.00437177 0.000969217
614000 1.02018 -0.00246345 0.00100706
615000 1.01232 -0.00904661 0.000994594
616000 1.02347 -0.00636209 0.00100986
617000 0.959567 -0.00442675 0.000947219
618000 1.02798 -0.00640326 0.00101459
619000 1.01284 -0.00382739 0.000996899
620000 1.00576 -0.00724067 0.000996776
621000 1.01306 -0.0125276 0.000989066
622000 0.998509 -0.00423993 0.000983493
623000 1.02751 -0.00586138 0.00101378
624000 1.0036 -0.00828944 0.000989194
625000 0.986749 -0.00896027 0.000975563
626000 1.01112 -0.0117476 0.000991063
627000 1.02 -0.00256592 0.00100855
628000 1.01631 -0.00511814 0.00100213
629000 0.973671 -0.00575103 0.000956433
630000 0.994733 -0.00493542 0.000984863
631000 0.978089 -0.00898696 0.000967377
632000 1.02796 -0.00912266 0.00100847
633000 0.994486 -0.0155832 0.00097301
634000 1.01712 -0.0185395 0.00098707
635000 1.01739 -0.01871 0.000989867
636000 1.00635 -0.0164887 0.000987516
637000 0.980898 -0.0145057 0.000959618
638000 0.930643 -0.0137722 0.000913882
639000 0.980311 -0.0135502 0.000961629
640000 1.01521 -0.014834 0.000992724
641000 1.02059 -0.0127056 0.00100334
642000 0.978373 -0.0117726 0.000959241
643000 1.02636 -0.0116466 0.0010048
644000 0.97166 -0.00298823 0.000961499
645000 1.01411 -0.00393438 0.00100009
646000 1.02284 -0.00800115 0.00101147
647000 0.964679 -0.007203 0.000948357
648000 0.984501 -0.0123088 0.000964417
649000 1.04321 -0.0114646 0.00102784
650000 0.976483 -0.00350038 0.000968462
651000 0.974667 -0.00673347 0.000962311
652000 1.0232 -0.00511741 0.00101388
653000 0.993132 -0.00622599 0.000978704
654000 0.984784 -0.00397398 0.000968917
655000 0.993947 -0.00347191 0.000978867
656000 1.00828 -0.00218667 0.000995572
657000 1.01325 -0.00525597 0.000997851
658000 0.976597 -0.00763029 0.0009596
659000 1.00676 -0.00731753 0.000991052
660000 1.0137 -0.00850076 0.00100254
661000 0.999634 -0.00674759 0.000986285
662000 1.00928 -0.00933188 0.000994623
663000 1.01632 -0.00748056 0.00100148
664000 0.972419 -0.0166575 0.000952418
665000 0.999513 -0.0125895 0.000982983
666000 1.04015 -0.009176 0.00102391
667000 1.02536 -0.0152619 0.00100463
668000 0.986681 -0.0141461 0.000970088
669000 1.01475 -0.0146345 0.000991872
670000 0.996108 -0.0218768 0.00097856
671000 0.982596 -0.0157978 0.000962665
672000 0.988915 -0.013151 0.00096968
673000 1.01665 -0.0194097 0.0010013
674000 1.00637 -0.0118123 0.000989047
675000 0.965594 -0.0154192 0.000948921
676000 0.987255 -0.0154689 0.000971626
677000 0.985952 -0.0143833 0.000968644
678000 0.958141 -0.0141596 0.000943954
679000 1.01727 -0.0137421 0.00100038
680000 0.990907 -0.0148765 0.000974578
681000 0.997573 -0.0172758 0.000979181
682000 1.01629 -0.0120399 0.000998961
683000 0.979385 -0.0162253 0.000957298
684000 1.03525 -0.0129012 0.00101457
685000 1.01234 -0.0170269 0.000993569
686000 0.987625 -0.0137525 0.000974363
687000 0.995312 -0.0151925 0.000976961
688000 1.04334 -0.0163423 0.00101746
689000 0.955774 -0.0133639 0.000938526
690000 1.01491 -0.0105153 0.00099855
691000 0.997342 -0.010221 0.000979957
692000 0.988046 -0.0131189 0.000972598
693000 1.0178 -0.0141253 0.00100128
694000 1.00857 -0.016825 0.000986897
695000 1.00625 -0.0149521 0.000984983
696000 0.986667 -0.0137263 0.000966081
697000 1.01644 -0.0224195 0.000990844
698000 0.96351 -0.0184654 0.000938701
699000 1.02278 -0.0142173 0.000998605
700000 1.02478 -0.010412 0.00100346
701000 0.975481 -0.0087683 0.000957177
702000 1.01359 -0.00439945 0.00100114
703000 0.994162 -0.00516141 0.00097814
704000 1.01967 -0.00361103 0.00100636
705000 0.994608 -0.00632708 0.000982515
706000 1.00819 -0.00333652 0.000995526
707000 0.989753 -0.00542218 0.000975878
708000 0.983852 -0.00892655 0.000961482
709000 0.989018 -0.01016 0.000973748
710000 0.992344 -0.0053282 0.000983059
711000 1.00116 -0.00364457 0.000987889
712000 1.00154 -0.00522906 0.000985679
713000 0.993915 -0.00919342 0.000975228
714000 1.00792 -0.00866897 0.000990602
715000 1.00314 -0.00580265 0.000993957
716000 0.983603 -0.00244538 0.000970745
717000 0.98446 -0.00879153 0.000968734
718000 0.986086 -0.0102682 0.000970087
719000 1.00032 -0.00634159 0.00098341
720000 1.00881 -0.00334363 0.000997748
721000 0.985218 -0.00633791 0.000972931
722000 0.986311 -0.00474741 0.000973587
723000 1.01061 -0.0052755 0.00100001
724000 1.01641 -0.00269913 0.00100487
725000 0.975279 -0.00345429 0.000964991
726000 0.96502 -0.00333197 0.000951261
727000 1.00429 -0.00297364 0.000991152
728000 1.03038 -0.0038485 0.00101908
729000 1.00206 -0.00534614 0.000988393
730000 0.982821 -0.00392684 0.000975814
731000 1.02553 -0.00307236 0.00101352
732000 1.02345 -0.00487929 0.00101801
733000 0.985254 -0.00777091 0.000970511
734000 0.996859 -0.00685387 0.000987161
735000 0.988816 -0.00948624 0.000969478
736000 1.01803 -0.0114901 0.00100041
737000 1.00897 -0.00762554 0.000996429
738000 0.986062 -0.00650791 0.000974107
739000 1.00677 -0.00788848 0.000992451
740000 1.00863 -0.00855026 0.000992852
741000 1.02601 -0.00266078 0.00101451
742000 1.01445 -0.00708749 0.000999955
743000 0.989086 -0.0106323 0.000974843
744000 1.02509 -0.0046799 0.0010094
745000 1.00376 -0.00459843 0.000989662
746000 0.97736 -0.00791398 0.000960365
747000 1.02406 -0.00386599 0.00101158
748000 1.00172 -0.00525863 0.000988241
749000 0.976493 -0.00647691 0.000963142
750000 1.00996 -0.00881371 0.000993115
751000 0.986414 -0.0135376 0.000967314
752000 1.02706 -0.0115549 0.00100849
753000 1.01822 -0.00953867 0.00100268
754000 1.01827 -0.0166281 0.000996796
755000 1.00953 -0.0141828 0.000984956
756000 0.988936 -0.0160445 0.000970621
757000 1.03443 -0.0120389 0.00101589
758000 0.98726 -0.0145645 0.000968063
759000 0.998607 -0.0135336 0.000986063
760000 1.01968 -0.0130198 0.00100269
761000 0.972334 -0.0172648 0.000953329
762000 0.965028 -0.0199 0.000947902
763000 1.00403 -0.0159261 0.000984644
764000 1.00928 -0.0128438 0.000992016
765000 0.999043 -0.0156363 0.000980652
766000 1.00368 -0.00686903 0.000988445
767000 0.986257 -0.00184769 0.000972879
768000 1.0152 -0.00651719 0.000999527
769000 1.01075 -0.00496463 0.000994756
770000 0.985075 -0.00329975 0.000969806
771000 1.0265 -0.0124279 0.00100327
772000 0.98379 -0.0119808 0.000962738
773000 0.96588 -0.0131076 0.000944701
774000 1.00924 -0.00837676 0.000995569
775000 0.99964 -0.00648679 0.000985706
776000 0.990379 -0.00890158 0.00097432
777000 1.02031 -0.00325474 0.00100599
778000 0.985739 -0.00755482 0.000971822
779000 0.988595 -0.00932683 0.000970082
780000 1.03772 -0.0132946 0.00102156
781000 1.00314 -0.0145729 0.000988486
782000 1.00547 -0.00747836 0.000992612
783000 0.97701 -0.0116362 0.000961698
784000 1.00628 -0.00849497 0.000994765
785000 0.976984 -0.00851535 0.000962672
786000 0.990935 -0.0114916 0.000980905
787000 1.00831 -0.0124889 0.000988637
788000 1.01661 -0.00998626 0.00100301
789000 0.981961 -0.0106426 0.000966835
790000 1.01255 -0.00448063 0.00100008
791000 1.02527 -0.00586353 0.00101449
792000 0.973452 -0.009048 0.000959384
793000 1.04155 -0.00694353 0.00103048
794000 0.96228 -0.00513568 0.000957423
795000 1.0086 -0.00212494 0.0009988
796000 1.00702 -0.00233002 0.000996497
797000 1.01297 -0.0058154 0.000996157
798000 1.01818 -0.00375398 0.00100544
799000 0.999794 -0.00321664 0.000991519
800000 1.03645 -0.00590564 0.00102242
801000 0.986809 -0.00761893 0.000973814
802000 1.01125 -0.00850883 0.000996856
803000 1.02026 -0.00401936 0.00100576
804000 1.0109 -0.00718988 0.000997384
805000 0.961593 -0.00729333 0.000945788
806000 0.984735 -0.0100021 0.000973637
807000 0.996893 -0.00949193 0.000979859
808000 0.995148 -0.00451328 0.000983131
809000 1.00154 -0.00564841 0.000987373
810000 0.990136 -0.0036553 0.000977271
811000 0.990005 -0.00671583 0.000971788
812000 1.02415 -0.00756169 0.00100962
813000 1.00555 -0.00524911 0.000991191
814000 0.982735 -0.011336 0.000965568
815000 1.03401 -0.00214326 0.00102189
816000 0.975408 -0.0055022 0.000959862
817000 1.01298 -0.0053367 0.000999169
818000 0.989903 -0.00644167 0.000977813
819000 1.00563 -0.00435169 0.00098943
820000 0.975249 -0.00882413 0.000963474
821000 1.01815 -0.00360851 0.00100955
822000 1.00875 -0.00788935 0.000995436
823000 0.978547 -0.00339979 0.000966345
824000 1.02695 -0.00656973 0.00101486
825000 0.983405 -0.0046717 0.000972937
826000 0.997015 -0.00583778 0.000983814
827000 0.986552 -0.00598674 0.000977257
828000 1.02309 -0.00849454 0.00100199
829000 0.983721 -0.00661192 0.000968538
830000 1.00765 -0.00510369 0.000993304
831000 1.00729 -0.00908858 0.000989597
832000 0.990084 -0.010279 0.000971262
833000 1.00446 -0.0106554 0.00098812
834000 0.982227 -0.0147685 0.000968069
835000 0.994079 -0.0131921 0.000975189
836000 1.01199 -0.0121906 0.000992684
837000 0.990681 -0.0162372 0.000965065
838000 1.02029 -0.0132628 0.00100233
839000 1.03503 -0.0138538 0.00101225
840000 0.97361 -0.00980841 0.000957679
841000 1.01967 -0.0107531 0.00100788
842000 0.970647 -0.0107601 0.000953851
843000 1.02552 -0.0116175 0.00100964
844000 0.99985 -0.015502 0.000980213
845000 0.976421 -0.0146151 0.000956302
846000 1.00352 -0.0122709 0.000980602
847000 1.01256 -0.00491991 0.000998403
848000 0.99566 -0.00976564 0.000980958
849000 1.00432 -0.00733957 0.000991116
850000 0.963494 -0.0104716 0.000948149
851000 0.977371 -0.0110965 0.000961824
852000 0.993916 -0.00532047 0.000977533
853000 0.990196 -0.0101031 0.000966996
854000 0.993655 -0.00940424 0.0009747
855000 1.01043 -0.00339515 0.000997195
856000 0.99645 -0.00447062 0.000984831
857000 0.992609 -0.00208499 0.000983344
858000 1.03226 -0.0073398 0.00101869
859000 1.00779 -0.00814713 0.000992308
860000 0.974763 -0.00513459 0.000962603
861000 1.01611 -0.0116741 0.000997159
862000 0.994451 -0.00723817 0.000976015
863000 0.99864 -0.00952628 0.000985462
864000 1.01678 -0.00423342 0.00100456
865000 0.997603 -0.00424961 0.000984579
866000 0.983138 -0.0027487 0.000967989
867000 1.03076 -0.0120994 0.00101108
868000 0.987999 -0.00914938 0.000969253
869000 0.98899 -0.0139481 0.000968337
870000 0.997106 -0.00292694 0.000986434
871000 1.0072 -0.0047914 0.000995311
872000 0.964734 -0.008006 0.000950667
873000 1.02568 -0.00866913 0.00101399
874000 0.980668 -0.00428926 0.000964463
875000 0.9907 -0.00361605 0.000978377
876000 1.01312 -0.00694503 0.00100272
877000 1.01584 -0.000473118 0.00100475
878000 0.987278 -0.00774199 0.000974444
879000 1.02539 -0.00615966 0.00101082
880000 1.02628 -0.00562734 0.00100932
881000 0.973898 -0.0104913 0.000960516
882000 0.982779 -0.00623163 0.000968914
883000 1.03374 -0.00362599 0.00102504
884000 0.980896 -0.00477604 0.000971732
885000 1.00476 -0.00656435 0.000991042
886000 0.984597 -0.0109032 0.000964304
887000 0.996442 -0.0149914 0.000976154
888000 1.00451 -0.00855335 0.000985062
889000 1.02551 -0.00435049 0.00101315
890000 1.01235 -0.00567048 0.00100101
891000 0.99777 -0.010021 0.000984553
892000 0.976832 -0.00721049 0.000958564
893000 1.02609 -0.0081182 0.0010101
894000 1.00373 -0.0113719 0.000983872
895000 0.974764 -0.012549 0.000953361
896000 1.02969 -0.010124 0.00101092
897000 1.01254 -0.0122762 0.000994009
898000 0.983 -0.00595521 0.000970369
899000 0.995717 -0.00919042 0.000981602
900000 1.04186 -0.00291 0.00103452
901000 1.00169 -0.00639446 0.000984103
902000 1.00808 -0.00786152 0.000987491
903000 1.00308 -0.00425813 0.000988565
904000 0.996436 -0.00361805 0.000983346
905000 0.975375 -0.00411469 0.000964337
906000 1.01877 -0.00391285 0.00100577
907000 0.981485 -0.011997 0.000963827
908000 1.01759 -0.00618549 0.00100166
909000 0.984565 -0.0129295 0.00096176
910000 1.0142 -0.0046444 0.00100441
911000 0.985627 -0.00788777 0.00096844
912000 1.01108 -0.00546545 0.0010015
913000 0.975323 -0.00872476 0.000967946
914000 1.0192 -0.00999563 0.0010018
915000 0.991744 -0.00717279 0.000980011
916000 0.973464 -0.0025833 0.000959454
917000 1.05019 -0.00347974 0.00103644
918000 0.985422 -0.0048482 0.000971425
919000 1.00514 -0.00348872 0.000991905
920000 0.993302 -0.0081262 0.000983795
921000 1.00362 -0.00649039 0.000994854
922000 1.01117 -0.00526917 0.000999681
923000 1.0147 -0.0111557 0.00100138
924000 1.02467 -0.00477012 0.0010109
925000 0.973987 -0.00224605 0.00096474
926000 1.01964 -0.0089477 0.00100173
927000 0.984012 -0.00904687 0.000963474
928000 0.980058 -0.00707191 0.000965502
929000 1.02144 -0.00429513 0.00100874
930000 0.995011 -0.00413722 0.000982287
931000 0.994813 -0.00872531 0.000973888
932000 0.971187 -0.00597316 0.000956223
933000 1.01917 -0.00688963 0.00100763
934000 0.977521 -0.00781001 0.000960891
935000 1.03237 -0.00772105 0.00101664
936000 1.01153 -0.00616503 0.000994464
937000 1.01364 -0.00769921 0.00099709
938000 0.997298 -0.0082675 0.000981659
939000 1.00049 -0.00442528 0.000987331
940000 1.01428 -0.00675117 0.00100231
941000 1.01851 -0.00932398 0.000998931
942000 1.01191 -0.00634302 0.000999811
943000 1.01621 -0.00695264 0.00100504
944000 0.974192 -0.0124996 0.000959124
945000 1.01599 -0.00520173 0.00100338
946000 1.00452 -0.00291101 0.000995901
947000 0.992574 -0.00363614 0.000979903
948000 0.981734 -0.00716773 0.000967844
949000 1.03059 -0.00459895 0.00101585
950000 0.975019 -0.00522506 0.00096649
951000 1.02946 -0.00471565 0.00101599
952000 0.995517 -0.00642561 0.000980035
953000 0.976648 -0.011577 0.000960021
954000 1.01441 -0.0099433 0.00099837
955000 1.03542 -0.00463339 0.00102043
956000 1.01546 -0.00544247 0.00100019
957000 0.99067 -0.0118575 0.000970035
958000 0.998042 -0.0096222 0.000981523
959000 0.98836 -0.00611601 0.000974399
960000 1.01255 -0.00257974 0.000998933
961000 0.992138 -0.00394908 0.000978526
962000 0.986276 -0.0102413 0.00096853
963000 1.01363 -0.00904735 0.000996682
964000 0.998483 -0.0108459 0.00098202
965000 0.987322 -0.0115285 0.000974059
966000 1.0014 -0.012708 0.000986347
967000 0.978729 -0.0142355 0.000959886
968000 1.01048 -0.0125922 0.000996276
969000 1.00634 -0.0129809 0.000990815
970000 0.982811 -0.0109576 0.00096535
971000 1.015 -0.0153446 0.000995755
972000 0.994259 -0.0134682 0.000976592
973000 0.998634 -0.0208097 0.000980643
974000 1.00285 -0.0200223 0.000985532
975000 0.99431 -0.0128576 0.000975452
976000 1.02504 -0.0124799 0.00100649
977000 1.03248 -0.0199527 0.00100989
978000 1.00482 -0.0175358 0.00098627
979000 0.994206 -0.0152485 0.000978519
980000 0.984074 -0.0139176 0.000967595
981000 1.02474 -0.0117691 0.00100511
982000 0.963659 -0.0120449 0.000947485
983000 1.00787 -0.0181206 0.000990583
984000 1.02734 -0.0129343 0.00100804
985000 0.984421 -0.012464 0.000968702
986000 0.997757 -0.0132 0.000982558
987000 1.01128 -0.0168143 0.000989878
988000 0.980507 -0.0170375 0.000962512
989000 1.03072 -0.0121165 0.00101631
990000 0.977071 -0.0144108 0.000957224
991000 0.991234 -0.0122309 0.00097405
992000 1.00909 -0.0121497 0.000991319
993000 0.996575 -0.0177213 0.000975648
994000 0.994137 -0.0180251 0.000973356
995000 0.981117 -0.0183254 0.000961687
996000 0.984391 -0.0158616 0.000967965
997000 0.997716 -0.00538784 0.000981139
998000 0.991423 -0.00564549 0.00097477
999000 1.02838 -0.00680587 0.00101777
1000000 0.987011 -0.00560061 0.00097295
1001000 0.996608 -0.00624296 0.000979809
1002000 1 -0.00484683 0.000989338
1003000 0.974901 -0.00468044 0.000962009
1004000 1.03059 -0.00374504 0.001016
1005000 0.985666 -0.00426883 0.000973546
1006000 0.991629 -0.00306067 0.000980199
1007000 1.0013 -0.00481335 0.000989565
1008000 0.962527 -0.00286423 0.000951142
1009000 1.00992 -0.00603266 0.00099329
1010000 0.995542 -0.00645944 0.000983333
1011000 0.983785 -0.00390612 0.000971727
1012000 1.0127 -0.00415517 0.000997946
1013000 0.994873 -0.0136341 0.000979505
1014000 1.00548 -0.0127789 0.000990756
1015000 0.96948 -0.00687014 0.000959106
1016000 1.00501 -0.00808198 0.000996264
1017000 0.983266 -0.00986654 0.00096489
1018000 0.968688 -0.0114396 0.000949177
1019000 1.00895 -0.0132934 0.000982273
1020000 1.00914 -0.0175661 0.000990295
1021000 0.997462 -0.0191611 0.000977796
1022000 0.98447 -0.0206431 0.000963464
1023000 0.987531 -0.0111214 0.000972799
1024000 0.983083 -0.0106742 0.000964801
1025000 1.03403 -0.0206686 0.00101162
1026000 0.977904 -0.023894 0.000949981
1027000 1.00961 -0.0118092 0.000991968
1028000 0.98103 -0.0147723 0.000961319
1029000 1.01227 -0.00927592 0.000997146
1030000 0.996121 -0.011472 0.000977849
1031000 0.991752 -0.00712119 0.000974206
1032000 1.0235 -0.00684115 0.00100663
1033000 0.991213 -0.0052044 0.000975765
1034000 0.975594 -0.0060305 0.000964316
1035000 1.03807 -0.00710295 0.00102886
1036000 0.952809 -0.00429242 0.000939905
1037000 1.03025 -0.0030368 0.00101776
1038000 0.967268 -0.00187187 0.000955469
1039000 1.00622 -0.00304463 0.000994487
1040000 1.02059 -0.00314694 0.00101278
1041000 0.970003 -0.00294855 0.000958748
1042000 1.02034 -0.0083148 0.00100882
1043000 1.02073 -0.00909851 0.00100974
1044000 0.984069 -0.00584953 0.00097383
1045000 1.01014 -0.00456259 0.000999677
1046000 1.02086 -0.00834756 0.00100535
1047000 0.999669 -0.00688076 0.000993073
1048000 1.0095 -0.00387925 0.00100002
1049000 0.996117 -0.00567096 0.000984179
1050000 0.997747 -0.00675585 0.000988021
1051000 0.993551 -0.0121098 0.00097235
1052000 0.974765 -0.00639972 0.000964069
1053000 0.965195 -0.00422435 0.000955819
1054000 0.999115 -0.00517355 0.000989173
1055000 1.00557 -0.00234239 0.000995738
1056000 1.02672 -0.00412896 0.00101272
1057000 0.984139 -0.0070637 0.000973338
1058000 1.00963 -0.00587576 0.00100225
1059000 0.993639 -0.00686418 0.000980703
1060000 1.03689 -0.00387967 0.0010247
1061000 1.02126 -0.00516514 0.00100795
1062000 1.00356 -0.00626221 0.00098845
1063000 1.02606 -0.00570202 0.00101114
1064000 0.994136 -0.00453011 0.00098758
1065000 1.03042 -0.00265447 0.00101826
1066000 0.970955 -0.00481582 0.00095972
1067000 1.01692 -0.00635551 0.00100519
1068000 0.983686 -0.0123661 0.000968429
1069000 0.974797 -0.0180255 0.000951292
1070000 1.01121 -0.0102272 0.000994036
1071000 0.99707 -0.0123551 0.000979831
1072000 1.00757 -0.00786138 0.000987923
1073000 0.982946 -0.0138012 0.000962463
1074000 1.0281 -0.0103849 0.00101114
1075000 0.961726 -0.0151726 0.000942226
1076000 0.990585 -0.017294 0.00097241
1077000 1.00991 -0.016471 0.000987639
1078000 0.979264 -0.0205243 0.000954696
1079000 1.00525 -0.0204106 0.000978422
1080000 0.987428 -0.0228069 0.000962567
1081000 1.00746 -0.0204361 0.000988727
1082000 1.00845 -0.0186707 0.00098796
1083000 0.993553 -0.0168313 0.000973457
1084000 0.976816 -0.0206945 0.000951905
1085000 1.02785 -0.0170255 0.00101243
1086000 1.00776 -0.0141642 0.000990618
1087000 0.991599 -0.0169737 0.000974794
1088000 0.979639 -0.0154822 0.000962601
1089000 1.00156 -0.0193341 0.000980756
1090000 1.00832 -0.0198519 0.000988706
1091000 1.01237 -0.0130886 0.00099308
1092000 1.03613 -0.0114564 0.00102301
1093000 1.00962 -0.0151137 0.000991855
1094000 0.972603 -0.0161861 0.000958082
1095000 1.01035 -0.014372 0.000989162
1096000 1.01849 -0.0154815 0.00100059
1097000 1.02231 -0.0143861 0.00101066
1098000 0.970683 -0.0129677 0.000956984
1099000 1.02061 -0.0139038 0.00100813
1100000 1.01157 -0.013051 0.000998005
