# Time-averaged data for fix 2
# TimeStep v_Temperature v_PotentialEnergy v_Pressure
1000 1.33129 -0.0699622 0.0128276
2000 1.31082 -0.0686585 0.0126298
3000 1.3217 -0.0657933 0.0126327
4000 1.29093 -0.0601832 0.0123779
5000 1.29518 -0.0646222 0.0125876
6000 1.35954 -0.0702022 0.0129598
7000 1.26755 -0.0991097 0.0119833
8000 1.30126 -0.0824854 0.0125634
9000 1.33342 -0.0784388 0.0128023
10000 1.26696 -0.0894384 0.0120579
11000 1.32023 -0.0890717 0.012728
12000 1.27743 -0.0843449 0.0121655
13000 1.26429 -0.0812685 0.0122091
14000 1.34367 -0.0808204 0.0129326
15000 1.26292 -0.0866507 0.0119761
16000 1.35669 -0.102394 0.0130305
17000 1.31845 -0.0789168 0.0126233
18000 1.25365 -0.0769934 0.0121448
19000 1.27301 -0.094944 0.0120603
20000 1.33833 -0.0934491 0.0128707
21000 1.28114 -0.109571 0.0123485
22000 1.28752 -0.12174 0.0121916
23000 1.33556 -0.0944115 0.0125815
24000 1.26595 -0.0905291 0.0122463
25000 1.32709 -0.0775261 0.0128586
26000 1.30518 -0.0797795 0.0124445
27000 1.26861 -0.078896 0.0121272
28000 1.29433 -0.0959326 0.0124503
29000 1.28102 -0.0867872 0.0121429
30000 1.26246 -0.0839738 0.0121353
31000 1.33986 -0.0845875 0.0126752
32000 1.34204 -0.0712322 0.0127519
33000 1.30298 -0.0699181 0.0125542
34000 1.28895 -0.0569453 0.0123482
35000 1.29847 -0.0601455 0.0126342
36000 1.32841 -0.0686017 0.0129535
37000 1.33607 -0.0734054 0.012876
38000 1.2674 -0.0749815 0.0119735
39000 1.35159 -0.0845892 0.0130211
40000 1.26209 -0.0896252 0.0121189
41000 1.29167 -0.0846616 0.0124426
42000 1.33406 -0.0819528 0.0129112
43000 1.24935 -0.0728382 0.0120097
44000 1.32934 -0.0699354 0.0126824
45000 1.25541 -0.0962666 0.011908
46000 1.35286 -0.0908591 0.0127751
47000 1.31546 -0.0777663 0.0126126
48000 1.26981 -0.0604771 0.0123841
49000 1.2889 -0.069412 0.0124157
50000 1.29926 -0.0769404 0.0125968
51000 1.28384 -0.086049 0.0121112
52000 1.32874 -0.0583803 0.0130759
53000 1.30731 -0.0676508 0.012652
54000 1.30718 -0.0926663 0.0126983
55000 1.30894 -0.0649668 0.0126874
56000 1.28893 -0.0854041 0.0124374
57000 1.29387 -0.0765688 0.0124104
58000 1.31334 -0.0854057 0.0126362
59000 1.31008 -0.0670024 0.0125669
60000 1.29791 -0.0919292 0.0124416
61000 1.33487 -0.0750945 0.0127817
62000 1.33956 -0.0674635 0.0127953
63000 1.32566 -0.0709949 0.0127163
64000 1.27623 -0.0685289 0.0121651
65000 1.27868 -0.0700978 0.0122955
66000 1.34954 -0.0688826 0.0130345
67000 1.26951 -0.0821798 0.0121904
68000 1.31627 -0.0721216 0.0125544
69000 1.27442 -0.0805758 0.0121611
70000 1.30846 -0.0810875 0.0125685
71000 1.28359 -0.0883293 0.0121011
72000 1.33876 -0.073686 0.0126809
73000 1.2885 -0.058623 0.0124591
74000 1.27449 -0.0788263 0.0121041
75000 1.34194 -0.0857121 0.0129977
76000 1.27365 -0.0979738 0.0119806
77000 1.27621 -0.105619 0.011998
78000 1.28285 -0.109858 0.0121526
79000 1.30849 -0.0816737 0.012544
80000 1.28229 -0.060688 0.0125297
81000 1.27667 -0.0848905 0.0121338
82000 1.29955 -0.0890376 0.0121905
83000 1.29879 -0.0910512 0.0124693
84000 1.29656 -0.0595043 0.0126101
85000 1.33124 -0.0588542 0.0129804
86000 1.27754 -0.0763524 0.0122434
87000 1.3307 -0.0655758 0.0129579
88000 1.25997 -0.0620568 0.0120748
89000 1.33212 -0.0841118 0.0126933
90000 1.32041 -0.0843581 0.0126415
91000 1.30399 -0.0999048 0.0124409
92000 1.26482 -0.0792266 0.0120715
93000 1.31952 -0.0675754 0.0126979
94000 1.29765 -0.0548198 0.012582
95000 1.30227 -0.0766909 0.0126359
96000 1.31282 -0.085838 0.0125217
97000 1.33259 -0.0735075 0.0129074
98000 1.27897 -0.0628016 0.0124542
99000 1.30517 -0.0752136 0.0125412
100000 1.29845 -0.0712581 0.0125531
101000 1.32002 -0.056612 0.0127682
102000 1.33997 -0.0605863 0.0128774
103000 1.2881 -0.0830938 0.0122615
104000 1.30849 -0.0849372 0.0125189
105000 1.26185 -0.0826334 0.0119558
106000 1.34942 -0.100065 0.0127618
107000 1.26687 -0.097818 0.0121359
108000 1.28897 -0.0785532 0.0124123
109000 1.31575 -0.072208 0.0125728
110000 1.31585 -0.0675113 0.012841
111000 1.28949 -0.0770301 0.0123688
112000 1.2877 -0.0722089 0.0124283
113000 1.30031 -0.0719823 0.0125727
114000 1.28926 -0.0792746 0.0122999
115000 1.30175 -0.0844471 0.0124476
116000 1.31377 -0.0897519 0.0125521
117000 1.30213 -0.0757438 0.0124792
118000 1.31131 -0.0588745 0.0127785
119000 1.32406 -0.0574152 0.0127027
120000 1.30601 -0.0637993 0.012498
121000 1.3008 -0.067583 0.0126205
122000 1.29361 -0.0516768 0.0124805
123000 1.26726 -0.0746844 0.0122481
124000 1.30384 -0.0747207 0.0126213
125000 1.33491 -0.0679654 0.0128142
126000 1.28547 -0.0763254 0.0123536
127000 1.27765 -0.0596393 0.0123074
128000 1.28878 -0.0669796 0.0123253
129000 1.32339 -0.0763265 0.0124372
130000 1.27368 -0.0867106 0.012067
131000 1.30962 -0.0968038 0.0125058
132000 1.3074 -0.11763 0.0123541
133000 1.30589 -0.121583 0.0124908
134000 1.2936 -0.135202 0.0122247
135000 1.31517 -0.12369 0.012471
136000 1.25914 -0.111338 0.012042
137000 1.29785 -0.0878081 0.0124227
138000 1.29075 -0.0696766 0.0127221
139000 1.2795 -0.0822252 0.0121142
140000 1.31496 -0.0966578 0.012393
141000 1.30485 -0.0743435 0.0123461
142000 1.35351 -0.0901265 0.0129075
143000 1.24322 -0.0818945 0.0117577
144000 1.33436 -0.0663644 0.0130095
145000 1.2477 -0.061885 0.0119989
146000 1.33086 -0.0801556 0.0127862
147000 1.30443 -0.0764262 0.0124756
148000 1.30478 -0.0758651 0.0124163
149000 1.27561 -0.0796846 0.0121026
150000 1.31887 -0.0679867 0.0126186
151000 1.30428 -0.0754244 0.0125709
152000 1.33493 -0.0881671 0.0127836
153000 1.24885 -0.0806004 0.0121568
154000 1.28517 -0.0737697 0.0124434
155000 1.30825 -0.0891143 0.0125441
156000 1.26979 -0.0868285 0.0122304
157000 1.29124 -0.0720765 0.0123933
158000 1.30119 -0.0947748 0.0124857
159000 1.28854 -0.0875433 0.0123456
160000 1.26025 -0.0737814 0.0121082
161000 1.29368 -0.091995 0.0124213
162000 1.30797 -0.0989221 0.0124294
163000 1.30598 -0.0595516 0.0125506
164000 1.32493 -0.0592485 0.0127341
165000 1.28044 -0.067247 0.0123117
166000 1.32423 -0.0733375 0.012687
167000 1.33764 -0.0741266 0.0128122
168000 1.25759 -0.100198 0.0118142
169000 1.33234 -0.133985 0.0124812
170000 1.25398 -0.119343 0.0116035
171000 1.34153 -0.113787 0.0126288
172000 1.32156 -0.0761325 0.0126844
173000 1.27546 -0.0677018 0.0123583
174000 1.30404 -0.0589802 0.012714
175000 1.26066 -0.0758363 0.0121337
176000 1.334 -0.0768233 0.0128065
177000 1.28456 -0.0870444 0.0123451
178000 1.27773 -0.0647016 0.0123012
179000 1.28265 -0.0558473 0.0123453
180000 1.31248 -0.0834495 0.0124948
181000 1.32271 -0.0700649 0.0127184
182000 1.30693 -0.0627513 0.012445
183000 1.26222 -0.0549321 0.0121465
184000 1.30983 -0.0625795 0.0126696
185000 1.32869 -0.0689672 0.0126222
186000 1.25695 -0.0645182 0.0120577
187000 1.26802 -0.0719797 0.0122438
188000 1.29729 -0.0739764 0.012459
189000 1.28864 -0.075132 0.0122947
190000 1.27385 -0.0745467 0.0121542
191000 1.28238 -0.0725749 0.0123871
192000 1.32822 -0.0674227 0.0128042
193000 1.28477 -0.0797931 0.0123318
194000 1.28739 -0.0527609 0.0125206
195000 1.29184 -0.0806162 0.0123479
196000 1.32199 -0.0822134 0.0127428
197000 1.27894 -0.0779992 0.0122694
198000 1.3136 -0.0778887 0.0124349
199000 1.3139 -0.0679553 0.0126343
200000 1.29386 -0.0593922 0.0126428
201000 1.28526 -0.050036 0.0125041
202000 1.29013 -0.0575498 0.0124982
203000 1.28439 -0.0611453 0.0125025
204000 1.31561 -0.0716919 0.0125269
205000 1.32223 -0.0731109 0.0127531
206000 1.30996 -0.0707261 0.0125444
207000 1.30937 -0.0765681 0.012516
208000 1.28243 -0.0744248 0.0122984
209000 1.31708 -0.0636884 0.0127821
210000 1.29862 -0.0669881 0.0126754
211000 1.26692 -0.0718456 0.0121907
212000 1.31656 -0.0460466 0.0128502
213000 1.29103 -0.0589463 0.0123572
214000 1.28497 -0.0599101 0.0123371
215000 1.34258 -0.0889811 0.0127796
216000 1.31525 -0.0703473 0.0127434
217000 1.28307 -0.0785019 0.0124249
218000 1.35033 -0.0562314 0.0131362
219000 1.34244 -0.0695955 0.0129679
220000 1.29023 -0.0773548 0.0123269
221000 1.27958 -0.0672243 0.0124009
222000 1.31043 -0.059282 0.0126593
223000 1.27937 -0.0512112 0.0123823
224000 1.31899 -0.0687722 0.0126612
225000 1.30041 -0.0687739 0.0124588
226000 1.32421 -0.0810464 0.0126822
227000 1.32453 -0.0756622 0.0126285
228000 1.27998 -0.0676552 0.0122923
229000 1.30247 -0.0797809 0.0124332
230000 1.29168 -0.0868331 0.0122076
231000 1.28793 -0.0792886 0.0124252
232000 1.30177 -0.0948584 0.0124862
233000 1.25558 -0.100952 0.0119554
234000 1.35154 -0.113875 0.0127806
235000 1.26199 -0.103218 0.0119982
236000 1.32347 -0.0922432 0.0127281
237000 1.2957 -0.0905728 0.0123256
238000 1.29448 -0.0885996 0.012562
239000 1.27902 -0.0831635 0.0122376
240000 1.26324 -0.0909999 0.0119895
241000 1.31936 -0.100271 0.012394
242000 1.32239 -0.0922614 0.0126174
243000 1.32235 -0.0942532 0.0125852
244000 1.33541 -0.0875266 0.0128199
245000 1.32416 -0.0852112 0.0126278
246000 1.25147 -0.0827766 0.0119685
247000 1.32212 -0.0886499 0.0126899
248000 1.32829 -0.0900413 0.0127105
249000 1.27248 -0.0874405 0.0120629
250000 1.27396 -0.0986306 0.0121302
251000 1.29687 -0.0838912 0.0124516
252000 1.32142 -0.0981257 0.0128261
253000 1.28299 -0.0800068 0.0122639
254000 1.3089 -0.0792336 0.0125368
255000 1.32708 -0.0862731 0.0125646
256000 1.28228 -0.0789661 0.0122619
257000 1.30385 -0.0712067 0.0126174
258000 1.29711 -0.0939468 0.0123611
259000 1.34167 -0.0922909 0.0128946
260000 1.31762 -0.0860646 0.0125661
261000 1.26443 -0.0957079 0.0119874
262000 1.35048 -0.101277 0.0129095
263000 1.29672 -0.100416 0.0125548
264000 1.28379 -0.0940591 0.012244
265000 1.273 -0.0938946 0.0122867
266000 1.28164 -0.0790882 0.0124152
267000 1.29063 -0.0794592 0.0125023
268000 1.28974 -0.0917173 0.0122967
269000 1.31917 -0.0772172 0.0128143
270000 1.29696 -0.0609887 0.0125282
271000 1.30599 -0.0699255 0.0124018
272000 1.31082 -0.0735035 0.0124666
273000 1.26667 -0.086726 0.0120363
274000 1.28193 -0.0891839 0.0121607
275000 1.27452 -0.088354 0.0122748
276000 1.26388 -0.108134 0.0121572
277000 1.31067 -0.130295 0.0123714
278000 1.29754 -0.0818069 0.0124109
279000 1.2925 -0.0787952 0.0123508
280000 1.33324 -0.0639203 0.0128238
281000 1.32027 -0.0683371 0.0126349
282000 1.27583 -0.0757063 0.012242
283000 1.35509 -0.0897857 0.0129939
284000 1.26803 -0.109666 0.0119574
285000 1.33154 -0.0772741 0.0129519
286000 1.33644 -0.0904221 0.0128516
287000 1.25516 -0.0869514 0.012127
288000 1.34271 -0.0812342 0.0128712
289000 1.29893 -0.0866306 0.0124058
290000 1.27337 -0.074935 0.0122065
291000 1.30704 -0.0777794 0.0125118
292000 1.31052 -0.0910357 0.0124669
293000 1.28723 -0.085189 0.0122617
294000 1.30191 -0.0881359 0.0124343
295000 1.29075 -0.0930599 0.0123946
296000 1.34109 -0.0666314 0.0129148
297000 1.29929 -0.0658987 0.0124613
298000 1.27086 -0.0606785 0.0123362
299000 1.31939 -0.0582623 0.012814
300000 1.28969 -0.0790353 0.0122382
301000 1.29695 -0.0661216 0.0126225
302000 1.29254 -0.0711351 0.0125566
303000 1.31574 -0.0735239 0.0126556
304000 1.30631 -0.060109 0.0126388
305000 1.29385 -0.0907588 0.0122791
306000 1.31494 -0.0877997 0.012789
307000 1.28123 -0.0772601 0.0121615
308000 1.33917 -0.082749 0.0129079
309000 1.32761 -0.0792623 0.0126719
310000 1.31359 -0.067772 0.0125886
311000 1.32017 -0.088255 0.0125726
312000 1.25199 -0.0604996 0.0120098
313000 1.28401 -0.0656224 0.0123625
314000 1.33263 -0.0827656 0.0128853
315000 1.33479 -0.0955627 0.0124962
316000 1.31044 -0.0834524 0.0125911
317000 1.27133 -0.0665063 0.0123681
318000 1.33467 -0.0784917 0.0127004
319000 1.32154 -0.0572597 0.0128796
320000 1.26184 -0.0658185 0.0120886
321000 1.33839 -0.0726752 0.0128241
322000 1.31988 -0.0919093 0.0123571
323000 1.3046 -0.0830242 0.0124508
324000 1.29936 -0.0724962 0.0125231
325000 1.32456 -0.0853967 0.0126502
326000 1.32217 -0.0753165 0.0128675
327000 1.33036 -0.0875872 0.0126696
328000 1.2541 -0.071202 0.0119849
329000 1.30426 -0.0789234 0.0125621
330000 1.33855 -0.0574345 0.0130194
331000 1.31351 -0.072304 0.0127187
332000 1.30561 -0.0631982 0.0125491
333000 1.2847 -0.0734646 0.012385
334000 1.28983 -0.0521423 0.012592
335000 1.28625 -0.0592724 0.0123091
336000 1.30395 -0.0612848 0.0125131
337000 1.30117 -0.0633024 0.0125167
338000 1.30311 -0.0766145 0.0125465
339000 1.29567 -0.0726592 0.0123476
340000 1.30683 -0.0720784 0.0125317
341000 1.29881 -0.0760428 0.0123858
342000 1.33519 -0.063283 0.0128136
343000 1.29803 -0.0774883 0.0126425
344000 1.28985 -0.0807539 0.0124489
345000 1.34903 -0.0890805 0.0128228
346000 1.26614 -0.0597724 0.0123198
347000 1.31757 -0.0739774 0.0127227
348000 1.31214 -0.08564 0.0123547
349000 1.31202 -0.0691846 0.0125908
350000 1.26676 -0.0750767 0.0120987
351000 1.26663 -0.0872313 0.012109
352000 1.34097 -0.0839213 0.0127119
353000 1.27273 -0.103199 0.0119207
354000 1.33007 -0.10225 0.0125464
355000 1.30619 -0.123572 0.0123346
356000 1.26627 -0.113884 0.0119458
357000 1.34252 -0.0890316 0.0127179
358000 1.32477 -0.0955795 0.0125993
359000 1.30805 -0.0754074 0.0125876
360000 1.28799 -0.0926163 0.012373
361000 1.3127 -0.0866474 0.0124751
362000 1.31022 -0.0665702 0.0125964
363000 1.31624 -0.0825573 0.0124586
364000 1.30277 -0.0756475 0.0126226
365000 1.30986 -0.0767492 0.0127007
366000 1.32791 -0.0769399 0.0128325
367000 1.24745 -0.0704702 0.0119442
368000 1.26907 -0.0840351 0.0121283
369000 1.33886 -0.093508 0.0126729
370000 1.33571 -0.0637241 0.0129898
371000 1.27639 -0.0702838 0.0123294
372000 1.29148 -0.0751744 0.0123984
373000 1.31414 -0.0736949 0.0125804
374000 1.31549 -0.0659316 0.012694
375000 1.32317 -0.0776799 0.0128136
376000 1.24973 -0.0852543 0.0119842
377000 1.33796 -0.0975539 0.0128277
378000 1.25325 -0.0876656 0.0118607
379000 1.31539 -0.0723835 0.0125534
380000 1.29861 -0.0723278 0.0125001
381000 1.29426 -0.0783283 0.0122985
382000 1.27043 -0.074862 0.0119775
383000 1.27243 -0.0506651 0.0123568
384000 1.33345 -0.0661956 0.0128141
385000 1.29836 -0.054507 0.0124448
386000 1.29125 -0.0619906 0.0124785
387000 1.30275 -0.0711273 0.0127669
388000 1.32231 -0.0883633 0.0127224
389000 1.3154 -0.0654701 0.0126438
390000 1.31165 -0.0656722 0.0126491
391000 1.26588 -0.0886147 0.0120519
392000 1.26473 -0.0576742 0.0121849
393000 1.34339 -0.0641456 0.0128675
394000 1.27496 -0.0726588 0.0123313
395000 1.31243 -0.0807911 0.0125653
396000 1.30426 -0.0762209 0.0124888
397000 1.28387 -0.0683618 0.0124441
398000 1.29279 -0.0738078 0.0124156
399000 1.28528 -0.0861817 0.0122753
400000 1.29204 -0.0585795 0.0125205
401000 1.27602 -0.0773515 0.0121688
402000 1.29437 -0.084443 0.0122008
403000 1.33921 -0.0954919 0.0126959
404000 1.25725 -0.0852117 0.0119548
405000 1.28607 -0.0639559 0.0122901
406000 1.32757 -0.0775891 0.0128983
407000 1.27282 -0.0727286 0.0122028
408000 1.2525 -0.0858341 0.0120147
409000 1.34715 -0.0617385 0.012973
410000 1.28091 -0.0505603 0.0125205
411000 1.33073 -0.0712899 0.0128542
412000 1.27512 -0.0739535 0.0122604
413000 1.3221 -0.0741064 0.012638
414000 1.24484 -0.0649918 0.0119978
415000 1.27368 -0.08782 0.0119703
416000 1.3006 -0.0715881 0.0124328
417000 1.25971 -0.0861047 0.0120723
418000 1.3002 -0.0864793 0.0125463
419000 1.2609 -0.0966056 0.0120476
420000 1.27439 -0.107653 0.0119544
421000 1.32543 -0.0761261 0.0127287
422000 1.30723 -0.0892568 0.0125091
423000 1.29901 -0.0794723 0.0123979
424000 1.27865 -0.0835711 0.0122234
425000 1.29247 -0.0959953 0.0123253
426000 1.28022 -0.0806151 0.0121065
427000 1.3172 -0.064303 0.0127438
428000 1.27576 -0.0762605 0.0121412
429000 1.28469 -0.0709616 0.0122921
430000 1.30861 -0.0752778 0.0125455
431000 1.31145 -0.0725289 0.0124034
432000 1.31269 -0.0735902 0.0126446
433000 1.32258 -0.105639 0.0126277
434000 1.31632 -0.0702592 0.0126867
435000 1.31075 -0.0711609 0.0126092
436000 1.27434 -0.0622765 0.0121936
437000 1.33445 -0.0813162 0.0128317
438000 1.2703 -0.0759159 0.0123334
439000 1.3 -0.0633599 0.0125064
440000 1.26875 -0.061074 0.012231
441000 1.29113 -0.065177 0.0123352
442000 1.31239 -0.0633107 0.0126686
443000 1.27164 -0.0609981 0.0122111
444000 1.34211 -0.0770625 0.0130461
445000 1.28779 -0.0953344 0.0122814
446000 1.29186 -0.0927531 0.0123535
447000 1.29322 -0.0688388 0.012746
448000 1.30078 -0.0606142 0.0125984
449000 1.3069 -0.0736845 0.0124233
450000 1.31149 -0.0619841 0.0126393
451000 1.29308 -0.076837 0.0123675
452000 1.30397 -0.0951899 0.0124672
453000 1.29637 -0.0719862 0.0124985
454000 1.30913 -0.0719181 0.0126985
455000 1.28934 -0.0544192 0.0124361
456000 1.31368 -0.0710308 0.0126733
457000 1.28291 -0.0912514 0.0120962
458000 1.27969 -0.0834398 0.0121945
459000 1.34255 -0.0828948 0.0127907
460000 1.30645 -0.0794945 0.0124886
461000 1.26505 -0.083984 0.0120835
462000 1.32211 -0.0823479 0.0126852
463000 1.32699 -0.0638186 0.012966
464000 1.31135 -0.0771766 0.012733
465000 1.32434 -0.0726216 0.0128084
466000 1.32344 -0.0626923 0.0128654
467000 1.32123 -0.049723 0.012796
468000 1.30241 -0.0667352 0.0124307
469000 1.26971 -0.0681379 0.0121595
470000 1.3027 -0.0754636 0.012537
471000 1.31161 -0.0682537 0.0127409
472000 1.29939 -0.0732252 0.0125783
473000 1.27454 -0.0783884 0.0121904
474000 1.33478 -0.0810942 0.0129137
475000 1.27799 -0.0796722 0.0121202
476000 1.29186 -0.0864897 0.0122724
477000 1.3237 -0.0682316 0.0127651
478000 1.28827 -0.0596862 0.0125104
479000 1.30177 -0.0764757 0.0125421
480000 1.32257 -0.0813389 0.0125531
481000 1.30394 -0.0604205 0.0126452
482000 1.3113 -0.0599232 0.0125215
483000 1.30289 -0.0695494 0.0124809
484000 1.29163 -0.0624646 0.0123892
485000 1.35564 -0.0848244 0.0129452
486000 1.25727 -0.0832187 0.012013
487000 1.3257 -0.0822901 0.0127113
488000 1.33207 -0.0734791 0.0127693
489000 1.26691 -0.0677777 0.0121498
490000 1.33101 -0.0868108 0.0128105
491000 1.33672 -0.097288 0.0127178
492000 1.31167 -0.0815912 0.0124712
493000 1.24692 -0.0779209 0.0121042
494000 1.2854 -0.0810849 0.0120796
495000 1.35179 -0.0832686 0.012912
496000 1.26134 -0.0753369 0.0121179
497000 1.29991 -0.0862942 0.0123714
498000 1.30299 -0.109972 0.0124403
499000 1.31815 -0.104174 0.0125617
500000 1.31371 -0.106062 0.0123001
501000 1.29769 -0.0873983 0.012443
502000 1.33551 -0.0955389 0.0127322
503000 1.28605 -0.0753385 0.0123184
504000 1.27632 -0.0617906 0.0123715
505000 1.3226 -0.0683633 0.012771
506000 1.29477 -0.0899188 0.0121905
507000 1.27297 -0.0764749 0.0122741
508000 1.33315 -0.0735229 0.0128732
509000 1.33306 -0.0893886 0.0128601
510000 1.28414 -0.0937962 0.0121192
511000 1.30331 -0.100495 0.0123187
512000 1.32513 -0.0922107 0.0126896
513000 1.29794 -0.095556 0.0125033
514000 1.31989 -0.0812182 0.0126518
515000 1.29864 -0.0660956 0.0124861
516000 1.27569 -0.0672602 0.0123939
517000 1.33546 -0.0935793 0.0127721
518000 1.30513 -0.0699871 0.012758
519000 1.29404 -0.0849225 0.0123098
520000 1.28348 -0.0719622 0.0121916
521000 1.28433 -0.0667616 0.0122887
522000 1.34986 -0.0935278 0.0129282
523000 1.2746 -0.0891591 0.0122075
524000 1.28952 -0.0807425 0.0123066
525000 1.24873 -0.0496284 0.0121366
526000 1.32912 -0.066805 0.0128692
527000 1.30294 -0.0628469 0.0124402
528000 1.33724 -0.0613612 0.0128487
529000 1.30579 -0.0690779 0.0126937
530000 1.24919 -0.0724737 0.0120917
531000 1.33543 -0.0742527 0.0127917
532000 1.30106 -0.0808674 0.0123837
533000 1.29613 -0.086706 0.0123441
534000 1.32715 -0.0811913 0.0127109
535000 1.31552 -0.0953598 0.0124253
536000 1.29732 -0.0965805 0.0123476
537000 1.2823 -0.0817216 0.0123165
538000 1.32187 -0.0827366 0.012585
539000 1.26532 -0.0838769 0.0120279
540000 1.27949 -0.0807218 0.0122471
541000 1.31915 -0.0807851 0.0125785
542000 1.30977 -0.0755412 0.0125434
543000 1.27628 -0.0898279 0.0121164
544000 1.33252 -0.0717116 0.0127654
545000 1.28175 -0.0720243 0.0122838
546000 1.30254 -0.0957706 0.0124827
547000 1.31149 -0.0748539 0.0125074
548000 1.2942 -0.0708186 0.0124868
549000 1.31325 -0.0671987 0.0126846
550000 1.30891 -0.0699787 0.0126748
551000 1.32634 -0.0753181 0.0127822
552000 1.2899 -0.0806493 0.0123877
553000 1.25811 -0.084973 0.0119948
554000 1.31329 -0.0885807 0.0125575
555000 1.30306 -0.0995493 0.0126353
556000 1.29449 -0.0950442 0.0124704
557000 1.29455 -0.0863421 0.0123397
558000 1.28767 -0.107939 0.0123307
559000 1.26393 -0.084118 0.0120527
560000 1.29736 -0.0770929 0.0125781
561000 1.32204 -0.0667319 0.0126536
562000 1.30769 -0.0674973 0.0125811
563000 1.30172 -0.0723171 0.0123011
564000 1.32445 -0.0474307 0.0129679
565000 1.29034 -0.0655044 0.0124583
566000 1.28972 -0.0815554 0.0122652
567000 1.30074 -0.0614206 0.0127517
568000 1.30762 -0.0778605 0.0125322
569000 1.31804 -0.0721896 0.012491
570000 1.34016 -0.0734918 0.0128007
571000 1.2691 -0.0809275 0.0121842
572000 1.31032 -0.0867212 0.0125457
573000 1.33199 -0.0739786 0.012832
574000 1.2494 -0.0586963 0.0120173
575000 1.31647 -0.0705763 0.0126626
576000 1.27301 -0.0612505 0.0122399
577000 1.34283 -0.0580582 0.0130451
578000 1.26572 -0.0576542 0.0122113
579000 1.30351 -0.050804 0.0127336
580000 1.32199 -0.0627557 0.0127151
581000 1.28279 -0.0795013 0.0121579
582000 1.29957 -0.0807806 0.0123553
583000 1.29501 -0.0787255 0.0124385
584000 1.32313 -0.0714743 0.0127571
585000 1.29009 -0.075422 0.0124459
586000 1.30561 -0.0646231 0.0124996
587000 1.34459 -0.0621697 0.0129899
588000 1.25548 -0.0599208 0.0120404
589000 1.31353 -0.0650337 0.012649
590000 1.30894 -0.0649686 0.012502
591000 1.30068 -0.0811086 0.0122458
592000 1.29309 -0.0789299 0.0124993
593000 1.29513 -0.0942221 0.0122843
594000 1.3149 -0.115842 0.0124077
595000 1.30943 -0.134365 0.0122062
596000 1.31498 -0.0849324 0.012483
597000 1.30184 -0.0532625 0.0125691
598000 1.29885 -0.07262 0.0125021
599000 1.31254 -0.0912069 0.0124879
600000 1.31657 -0.123676 0.012202
601000 1.31861 -0.0887779 0.0125263
602000 1.31746 -0.0725074 0.0127295
603000 1.31718 -0.0612308 0.0128677
604000 1.29858 -0.0775739 0.012611
605000 1.31766 -0.0669565 0.0127099
606000 1.31212 -0.0896185 0.0123692
607000 1.25953 -0.0763855 0.0121252
608000 1.27178 -0.0802007 0.0122199
609000 1.31437 -0.0820732 0.0125763
610000 1.31401 -0.0752375 0.0127441
611000 1.29267 -0.0794791 0.0123438
612000 1.30554 -0.0737748 0.0125619
613000 1.32172 -0.0742132 0.0126169
614000 1.29533 -0.086217 0.0124431
615000 1.3007 -0.0790612 0.0125003
616000 1.30859 -0.0927918 0.0125094
617000 1.32893 -0.0813781 0.0127001
618000 1.26298 -0.0786958 0.0120319
619000 1.33242 -0.0855729 0.0128346
620000 1.28674 -0.0822235 0.0123895
621000 1.2714 -0.0807968 0.0121917
622000 1.28355 -0.0894239 0.0120566
623000 1.28462 -0.0864557 0.0121262
624000 1.2874 -0.0777731 0.012396
625000 1.35181 -0.0706127 0.0129534
626000 1.30079 -0.0810971 0.0123176
627000 1.27905 -0.0689654 0.0121921
628000 1.29544 -0.0565849 0.0124711
629000 1.31058 -0.0740788 0.0126639
630000 1.31259 -0.100679 0.0125166
631000 1.34435 -0.0752835 0.0129989
632000 1.28441 -0.0725631 0.0123609
633000 1.31078 -0.0638523 0.0127243
634000 1.30373 -0.058087 0.0125809
635000 1.28559 -0.0757163 0.0120887
636000 1.27835 -0.079375 0.0120604
637000 1.28455 -0.0856319 0.0123857
638000 1.29969 -0.0799817 0.0125169
639000 1.28908 -0.0579468 0.0124021
640000 1.30253 -0.0951775 0.0122401
641000 1.27864 -0.0908848 0.0120731
642000 1.24721 -0.0654132 0.0119836
643000 1.31286 -0.0785873 0.0125029
644000 1.31838 -0.0854238 0.0126284
645000 1.28165 -0.0975641 0.0123956
646000 1.30351 -0.0718401 0.0125381
647000 1.32635 -0.0914338 0.0126399
648000 1.30315 -0.0844986 0.0123864
649000 1.28541 -0.0846972 0.0121888
650000 1.28057 -0.0911283 0.012254
651000 1.30924 -0.0771654 0.0125221
652000 1.31416 -0.0595664 0.0127024
653000 1.31824 -0.0862361 0.0127341
654000 1.28731 -0.0798653 0.0122909
655000 1.2994 -0.0688704 0.0125054
656000 1.31255 -0.0661514 0.0126368
657000 1.284 -0.0607875 0.0124001
658000 1.28484 -0.0720723 0.0122116
659000 1.2669 -0.0725627 0.0121517
660000 1.28814 -0.0645708 0.0125224
661000 1.29976 -0.0713961 0.0126731
662000 1.29081 -0.0656028 0.0125254
663000 1.30008 -0.0577147 0.0126663
664000 1.31239 -0.0702049 0.0126741
665000 1.33194 -0.0616122 0.0127754
666000 1.2938 -0.0526942 0.0126664
667000 1.29355 -0.0621059 0.0123454
668000 1.32843 -0.071908 0.0126111
669000 1.2974 -0.0620283 0.0124459
670000 1.31497 -0.0672045 0.0126303
671000 1.26471 -0.0773153 0.0120922
672000 1.30522 -0.0718683 0.0125136
673000 1.29955 -0.0823991 0.01237
674000 1.29737 -0.0783815 0.0124257
675000 1.28697 -0.072259 0.0123416
676000 1.28818 -0.0659761 0.0124322
677000 1.28605 -0.0926535 0.0122576
678000 1.31445 -0.0725323 0.0127093
679000 1.29328 -0.081092 0.0123829
680000 1.30286 -0.0894246 0.0124287
681000 1.29742 -0.083257 0.0124441
682000 1.30005 -0.0792971 0.0125996
683000 1.32934 -0.0694528 0.0127381
684000 1.25773 -0.0877363 0.0119413
685000 1.27969 -0.0618498 0.0123527
686000 1.3114 -0.0656722 0.012601
687000 1.27389 -0.0768432 0.0121988
688000 1.27492 -0.0798343 0.0121396
689000 1.30201 -0.0648076 0.012392
690000 1.31897 -0.0821975 0.0127082
691000 1.32013 -0.0925419 0.012867
692000 1.2673 -0.0912943 0.0121115
693000 1.30203 -0.0912964 0.0124603
694000 1.33494 -0.0951561 0.0127228
695000 1.25953 -0.0971384 0.0120866
696000 1.33696 -0.0941984 0.0127271
697000 1.34258 -0.0846261 0.012797
698000 1.29941 -0.0736791 0.0123513
699000 1.32676 -0.070366 0.0126848
700000 1.29325 -0.0760487 0.0123307
701000 1.31878 -0.0903481 0.0126514
702000 1.29211 -0.0566848 0.0125992
703000 1.30994 -0.0653456 0.0125504
704000 1.29442 -0.0680096 0.012458
705000 1.2879 -0.0599999 0.0124381
706000 1.30481 -0.0623989 0.012611
707000 1.34774 -0.0833412 0.0128782
708000 1.33351 -0.0693277 0.0128485
709000 1.27419 -0.0850891 0.0121003
710000 1.29974 -0.0942752 0.012258
711000 1.28381 -0.0556757 0.0124256
712000 1.3025 -0.065287 0.0124492
713000 1.27576 -0.0705818 0.0121311
714000 1.27667 -0.0750967 0.012319
715000 1.32808 -0.0700479 0.0129037
716000 1.28024 -0.0708915 0.0124448
717000 1.2528 -0.0682586 0.0120097
718000 1.32498 -0.0577006 0.0128039
719000 1.33546 -0.0743386 0.0129383
720000 1.30729 -0.0712783 0.0126009
721000 1.25808 -0.062191 0.0120503
722000 1.30903 -0.0922491 0.0123511
723000 1.28103 -0.0838706 0.0122847
724000 1.28478 -0.0918783 0.0123263
725000 1.27279 -0.089439 0.0120854
726000 1.28927 -0.073852 0.0123163
727000 1.33503 -0.0891716 0.0127875
728000 1.28807 -0.0826484 0.0123679
729000 1.28271 -0.0817624 0.0123734
730000 1.2859 -0.0779783 0.0123101
731000 1.30827 -0.0676775 0.0127091
732000 1.28856 -0.0648166 0.0125358
733000 1.28163 -0.0704159 0.012339
734000 1.30301 -0.076483 0.0126043
735000 1.33054 -0.0844708 0.0128433
736000 1.27382 -0.107866 0.0121308
737000 1.32363 -0.0916872 0.0125855
738000 1.31211 -0.0884038 0.0124564
739000 1.30185 -0.078719 0.0124012
740000 1.33521 -0.0567518 0.0129044
741000 1.2946 -0.0550525 0.0123972
742000 1.31568 -0.0605266 0.0127249
743000 1.33207 -0.0744198 0.0128353
744000 1.25355 -0.0824044 0.0118912
745000 1.32126 -0.0823633 0.0127579
746000 1.30473 -0.0842218 0.0124471
747000 1.27861 -0.0728319 0.0124518
748000 1.29009 -0.055733 0.0123778
749000 1.29931 -0.0688559 0.0125935
750000 1.30868 -0.0660594 0.0126757
751000 1.26643 -0.0745576 0.0120821
752000 1.27066 -0.0670651 0.0122654
753000 1.29514 -0.0715055 0.0125373
754000 1.30478 -0.0623914 0.0124052
755000 1.31237 -0.0732934 0.0125584
756000 1.27885 -0.0779645 0.0122478
757000 1.25822 -0.0934481 0.0120542
758000 1.32932 -0.0645189 0.0128423
759000 1.30948 -0.0927706 0.0123957
760000 1.27249 -0.0879345 0.0121011
761000 1.25293 -0.0907505 0.0117248
762000 1.28815 -0.0829371 0.0123046
763000 1.34354 -0.0722456 0.0127894
764000 1.28221 -0.0650728 0.012238
765000 1.2857 -0.078548 0.0122341
766000 1.33603 -0.0647607 0.01287
767000 1.32271 -0.0807878 0.012745
768000 1.27798 -0.0967964 0.0121455
769000 1.27422 -0.0897873 0.0120225
770000 1.33579 -0.0991734 0.0127599
771000 1.27779 -0.076508 0.0121869
772000 1.30635 -0.076978 0.0125248
773000 1.31605 -0.0776453 0.0126082
774000 1.31999 -0.0979359 0.0124998
775000 1.30073 -0.0976957 0.0123555
776000 1.27775 -0.100616 0.0120852
777000 1.27788 -0.0872952 0.0120702
778000 1.31157 -0.0774558 0.0125618
779000 1.32754 -0.0759077 0.0128155
780000 1.26709 -0.0680422 0.0123539
781000 1.28808 -0.0938178 0.0122854
782000 1.29621 -0.0928975 0.012223
783000 1.27825 -0.0690842 0.0120942
784000 1.30197 -0.0774192 0.0123192
785000 1.34109 -0.0932319 0.012655
786000 1.29326 -0.103991 0.0123124
787000 1.28977 -0.101495 0.0122024
788000 1.2776 -0.107446 0.0121965
789000 1.27714 -0.107349 0.0120533
790000 1.34777 -0.104729 0.012589
791000 1.24475 -0.0781469 0.0118348
792000 1.29388 -0.0721398 0.0126367
793000 1.29257 -0.0895966 0.0122891
794000 1.29407 -0.0790038 0.012321
795000 1.34431 -0.0755479 0.0128611
796000 1.25188 -0.0858586 0.011866
797000 1.30012 -0.0917904 0.0124025
798000 1.33645 -0.095381 0.0128152
799000 1.28268 -0.0706459 0.0122572
800000 1.29546 -0.0777515 0.0123856
801000 1.29431 -0.0655107 0.0124663
802000 1.28037 -0.0792634 0.0122886
803000 1.28113 -0.0750293 0.0122385
804000 1.35183 -0.0767851 0.0129858
805000 1.26385 -0.0742674 0.0121551
806000 1.32786 -0.0711955 0.0126679
807000 1.27777 -0.0554868 0.0123069
808000 1.25526 -0.0719972 0.0120501
809000 1.26854 -0.0877707 0.0120449
810000 1.28729 -0.101877 0.0121101
811000 1.30986 -0.0773541 0.0126708
812000 1.28793 -0.0740607 0.0122712
813000 1.33939 -0.0836547 0.0128107
814000 1.26835 -0.0666498 0.0121703
815000 1.26521 -0.0719208 0.0123028
816000 1.32187 -0.0663115 0.0126603
817000 1.33005 -0.0811571 0.0128263
818000 1.28667 -0.0855292 0.0123782
819000 1.32131 -0.0692542 0.0129042
820000 1.32109 -0.0958376 0.0126771
821000 1.29165 -0.0999403 0.0123754
822000 1.33609 -0.0906376 0.0127431
823000 1.27383 -0.0659076 0.0122731
824000 1.29636 -0.0768785 0.0124725
825000 1.27172 -0.0784963 0.01226
826000 1.35341 -0.077927 0.0130289
827000 1.26663 -0.0723523 0.0121927
828000 1.32066 -0.0742897 0.0127177
829000 1.29628 -0.0532537 0.0124491
830000 1.30329 -0.0518884 0.0126168
831000 1.30104 -0.0688526 0.012658
832000 1.29628 -0.0606509 0.0124476
833000 1.26529 -0.0740639 0.0121738
834000 1.26352 -0.0779203 0.0122099
835000 1.30973 -0.0672432 0.0126287
836000 1.31415 -0.0698962 0.0126959
837000 1.32759 -0.0660397 0.0128362
838000 1.29852 -0.0845742 0.0122584
839000 1.27892 -0.0678954 0.0122836
840000 1.29828 -0.0766198 0.0123258
841000 1.31274 -0.0693935 0.0125814
842000 1.30178 -0.0847084 0.0126365
843000 1.29397 -0.0674792 0.0124847
844000 1.3349 -0.0819432 0.012669
845000 1.27622 -0.079088 0.0122612
846000 1.31908 -0.0821074 0.0125354
847000 1.30221 -0.0893193 0.0124439
848000 1.29489 -0.0831341 0.0123393
849000 1.29795 -0.064549 0.0124256
850000 1.295 -0.0651799 0.0124948
851000 1.28914 -0.0675108 0.012377
852000 1.27433 -0.0631897 0.0124125
853000 1.28868 -0.0762855 0.0122815
854000 1.30463 -0.0713625 0.0124167
855000 1.31541 -0.0695934 0.0127144
856000 1.29222 -0.0599006 0.0124231
857000 1.2535 -0.0975927 0.0120019
858000 1.36073 -0.0795602 0.0132368
859000 1.26013 -0.0860708 0.011955
860000 1.30891 -0.0854274 0.0125481
861000 1.28309 -0.0850325 0.0123072
862000 1.28596 -0.0723448 0.0122974
863000 1.32018 -0.0910597 0.0124159
864000 1.28113 -0.0692044 0.0123476
865000 1.31426 -0.0725631 0.0126286
866000 1.28095 -0.0750273 0.0122622
867000 1.29421 -0.0703625 0.0123553
868000 1.29113 -0.0774568 0.0124097
869000 1.2981 -0.0771722 0.012499
870000 1.29744 -0.074824 0.0124897
871000 1.31672 -0.0695594 0.0126341
872000 1.30785 -0.0872998 0.0125175
873000 1.26182 -0.0722448 0.0120795
874000 1.32473 -0.0794908 0.0127395
875000 1.34107 -0.0750887 0.012984
876000 1.3033 -0.08684 0.0125003
877000 1.32094 -0.0770503 0.0126429
878000 1.27242 -0.065755 0.0121322
879000 1.31641 -0.0769265 0.0126056
880000 1.30459 -0.0806474 0.0124668
881000 1.32168 -0.0743103 0.0127986
882000 1.27288 -0.0763076 0.012111
883000 1.29341 -0.0720898 0.0124196
884000 1.3283 -0.0756147 0.0125874
885000 1.27501 -0.10069 0.012087
886000 1.29208 -0.122524 0.012279
887000 1.2951 -0.0988761 0.0124368
888000 1.30396 -0.0902905 0.0123081
889000 1.32016 -0.0810352 0.0125545
890000 1.30495 -0.0782647 0.0125336
891000 1.26476 -0.0828 0.0120261
892000 1.28533 -0.0702551 0.0124845
893000 1.29221 -0.0779245 0.0123322
894000 1.27559 -0.0605164 0.0123154
895000 1.302 -0.0610207 0.0125215
896000 1.32419 -0.0557306 0.0127947
897000 1.2981 -0.0746688 0.0124503
898000 1.2524 -0.0934067 0.0118325
899000 1.28606 -0.0834579 0.012036
900000 1.27521 -0.0750829 0.0122283
901000 1.2873 -0.0625498 0.0123273
902000 1.31458 -0.0722969 0.0126315
903000 1.28807 -0.0743183 0.0125129
904000 1.28925 -0.081977 0.0122421
905000 1.29968 -0.0812007 0.0124005
906000 1.29483 -0.0678473 0.0124652
907000 1.29757 -0.0646406 0.0126094
908000 1.31081 -0.0638055 0.0125972
909000 1.28044 -0.0686529 0.0123301
910000 1.31084 -0.0783426 0.0126025
911000 1.27266 -0.085968 0.0120138
912000 1.26641 -0.0666645 0.0121903
913000 1.35198 -0.0994236 0.0127946
914000 1.29159 -0.0811285 0.0122565
915000 1.33143 -0.0816375 0.0126859
916000 1.2572 -0.0638995 0.0122867
917000 1.25821 -0.0845851 0.0119576
918000 1.3323 -0.0756837 0.0127533
919000 1.33549 -0.0735131 0.0128695
920000 1.26779 -0.0672432 0.0121949
921000 1.30849 -0.0730511 0.0127439
922000 1.25543 -0.0627103 0.0120353
923000 1.33342 -0.0761688 0.0127417
924000 1.29171 -0.0856295 0.0122749
925000 1.30358 -0.0909709 0.0123488
926000 1.30058 -0.0944771 0.012248
927000 1.30836 -0.0795582 0.0123718
928000 1.25681 -0.0688961 0.0121778
929000 1.31391 -0.0744998 0.0125368
930000 1.35299 -0.0715049 0.0129922
931000 1.28948 -0.0683937 0.0123471
932000 1.27655 -0.0699787 0.0123121
933000 1.33398 -0.0715841 0.0127613
934000 1.27523 -0.0670565 0.0123652
935000 1.35221 -0.0520637 0.0131091
936000 1.31784 -0.0877747 0.0125562
937000 1.24866 -0.0699791 0.0120403
938000 1.33288 -0.0866213 0.0127429
939000 1.25646 -0.0709138 0.0121961
940000 1.35062 -0.0767948 0.0129509
941000 1.27744 -0.0880248 0.0122913
942000 1.27833 -0.0988414 0.0123165
943000 1.28741 -0.0802854 0.0123091
944000 1.2746 -0.0915914 0.0121199
945000 1.30918 -0.0897504 0.012504
946000 1.2998 -0.0700571 0.0125169
947000 1.25515 -0.0644671 0.0120994
948000 1.27443 -0.0669187 0.0122464
949000 1.3198 -0.080658 0.0126776
950000 1.29613 -0.0773381 0.0123978
951000 1.28922 -0.059707 0.0123529
952000 1.3149 -0.0695147 0.0125881
953000 1.31273 -0.0901718 0.0124428
954000 1.29914 -0.089301 0.012371
955000 1.27118 -0.0814602 0.0122379
956000 1.33947 -0.0931381 0.0128421
957000 1.30681 -0.0930277 0.0123711
958000 1.29079 -0.0854911 0.0122166
959000 1.3032 -0.09055 0.0122696
960000 1.3129 -0.0672513 0.0125643
961000 1.31966 -0.085967 0.0126369
962000 1.28687 -0.0845879 0.0123733
963000 1.29503 -0.082937 0.0122578
964000 1.29911 -0.0538683 0.0126019
965000 1.33799 -0.0486349 0.012972
966000 1.2594 -0.0662127 0.0121428
967000 1.25823 -0.0659116 0.012145
968000 1.33414 -0.0968413 0.01266
969000 1.32861 -0.133993 0.0122896
970000 1.29052 -0.119266 0.0122598
971000 1.28718 -0.13103 0.011989
972000 1.34214 -0.117065 0.0126864
973000 1.27919 -0.0980576 0.0120781
974000 1.30042 -0.0954085 0.0125132
975000 1.25408 -0.0536743 0.0121942
976000 1.34364 -0.0620199 0.0129609
977000 1.26864 -0.0677393 0.0121722
978000 1.36405 -0.0768254 0.0131134
979000 1.27789 -0.0798057 0.0122998
980000 1.30689 -0.0721532 0.0124044
981000 1.24753 -0.120779 0.0117391
982000 1.30995 -0.11677 0.0122694
983000 1.34056 -0.0919659 0.0126915
984000 1.31991 -0.0853131 0.0127175
985000 1.30191 -0.0855724 0.0124972
986000 1.33115 -0.109486 0.0125719
987000 1.35098 -0.0777566 0.0131798
988000 1.3047 -0.0811922 0.012379
989000 1.26617 -0.0770718 0.0120796
990000 1.34574 -0.0769001 0.0129208
991000 1.28857 -0.080484 0.0121984
992000 1.31527 -0.0860612 0.0123849
993000 1.28386 -0.0708495 0.0125872
994000 1.33412 -0.0794789 0.0127878
995000 1.29449 -0.0711141 0.012423
996000 1.28628 -0.0764388 0.0124382
997000 1.30117 -0.0717574 0.012477
998000 1.26978 -0.0906573 0.0120283
999000 1.29109 -0.0919969 0.0122867
1000000 1.33762 -0.0791969 0.0128595
1001000 1.34359 -0.0859413 0.0128285
1002000 1.34149 -0.0716555 0.0129994
1003000 1.27737 -0.064186 0.0122292
1004000 1.30443 -0.0588727 0.0125655
1005000 1.29131 -0.0573085 0.0125317
1006000 1.28849 -0.0617788 0.0123902
1007000 1.28864 -0.0663166 0.0122306
1008000 1.2874 -0.0864096 0.0122313
1009000 1.2904 -0.0826624 0.0121542
1010000 1.29142 -0.077926 0.0122913
1011000 1.31858 -0.084633 0.0125812
1012000 1.25466 -0.0706856 0.0119
1013000 1.32218 -0.0728677 0.0127365
1014000 1.34684 -0.0668065 0.012969
1015000 1.31611 -0.0585152 0.0127702
1016000 1.29927 -0.0650511 0.0126579
1017000 1.33834 -0.080185 0.0129364
1018000 1.33153 -0.100376 0.0126142
1019000 1.32264 -0.079779 0.0127134
1020000 1.31523 -0.0672727 0.0128118
1021000 1.29111 -0.0736761 0.0122629
1022000 1.27437 -0.0929102 0.0121172
1023000 1.259 -0.0771681 0.0119794
1024000 1.27608 -0.089037 0.0120797
1025000 1.31409 -0.0837208 0.0124677
1026000 1.27434 -0.0825247 0.0122461
1027000 1.24848 -0.0655438 0.0120162
1028000 1.29777 -0.0686433 0.0125872
1029000 1.29816 -0.0604801 0.0125339
1030000 1.25228 -0.0642258 0.0121291
1031000 1.31962 -0.0731134 0.0126641
1032000 1.31317 -0.0757962 0.012634
1033000 1.28339 -0.0675942 0.0123285
1034000 1.32248 -0.0747724 0.0126084
1035000 1.31166 -0.0809657 0.0125518
1036000 1.30274 -0.07769 0.0126018
1037000 1.33665 -0.0991783 0.0126083
1038000 1.26745 -0.0921592 0.0121652
1039000 1.31374 -0.0665602 0.0127113
1040000 1.26951 -0.0872137 0.0122117
1041000 1.33022 -0.0891213 0.0127534
1042000 1.30016 -0.0893281 0.012268
1043000 1.33425 -0.0983818 0.0127569
1044000 1.26627 -0.083772 0.0120724
1045000 1.26368 -0.112903 0.0119914
1046000 1.32856 -0.0890924 0.0126525
1047000 1.29153 -0.0829326 0.012297
1048000 1.35749 -0.0786672 0.0129235
1049000 1.27884 -0.08675 0.0121751
1050000 1.3225 -0.0705783 0.0127651
1051000 1.28262 -0.0806565 0.0123997
1052000 1.31049 -0.0829369 0.0128016
1053000 1.29957 -0.0791528 0.0122676
1054000 1.33904 -0.0874192 0.0127017
1055000 1.29851 -0.0846762 0.0122408
1056000 1.32527 -0.111815 0.012569
1057000 1.33224 -0.0791776 0.012792
1058000 1.29806 -0.071476 0.0126334
1059000 1.29552 -0.0989279 0.0124342
1060000 1.31733 -0.0949169 0.0126199
1061000 1.31027 -0.102588 0.0123945
1062000 1.34265 -0.0802468 0.0128563
1063000 1.32982 -0.0740177 0.0129101
1064000 1.27126 -0.091041 0.0121277
1065000 1.31183 -0.0973671 0.0124825
1066000 1.32033 -0.0989536 0.012762
1067000 1.31049 -0.0901374 0.0125931
1068000 1.31265 -0.0794325 0.0125532
1069000 1.29729 -0.0768313 0.0124843
1070000 1.32286 -0.0944253 0.0127031
1071000 1.26643 -0.0835748 0.0120333
1072000 1.30662 -0.091658 0.0125217
1073000 1.30168 -0.0783521 0.0125796
1074000 1.30406 -0.0758596 0.0126806
1075000 1.26602 -0.0710147 0.0121966
1076000 1.31002 -0.0779246 0.0125441
1077000 1.30769 -0.0883664 0.0123641
1078000 1.3031 -0.0807828 0.0124323
1079000 1.24987 -0.0939792 0.011858
1080000 1.32154 -0.104535 0.0126754
1081000 1.3286 -0.0783461 0.0127555
1082000 1.26491 -0.10025 0.0119684
1083000 1.34972 -0.0821823 0.0130455
1084000 1.28596 -0.0807361 0.0122199
1085000 1.32592 -0.0666029 0.0129229
1086000 1.29644 -0.0474798 0.0124855
1087000 1.29637 -0.0611859 0.0124876
1088000 1.30144 -0.0623604 0.012396
1089000 1.27244 -0.0710344 0.0122446
1090000 1.27635 -0.0664766 0.0121709
1091000 1.28693 -0.0954512 0.0120869
1092000 1.26865 -0.104575 0.011933
1093000 1.26275 -0.0976103 0.0119699
1094000 1.29333 -0.111447 0.012298
1095000 1.26628 -0.0834802 0.0120713
1096000 1.24299 -0.091698 0.0118384
1097000 1.3397 -0.0887107 0.0127702
1098000 1.26579 -0.101775 0.0118975
1099000 1.33545 -0.091426 0.0127279
1100000 1.31214 -0.0867009 0.0124546
