# Time-averaged data for fix 2
# TimeStep v_Temperature v_PotentialEnergy v_Pressure
1000 4.55346 -0.0046656 0.00451406
2000 4.89322 -0.00454314 0.00485109
3000 4.87854 -0.00247675 0.00484201
4000 5.07349 -0.00300225 0.00502657
5000 4.98679 -0.00199839 0.00494387
6000 4.9624 -0.00352169 0.00491983
7000 4.94813 -0.00546141 0.0049111
8000 5.12049 -0.00266956 0.00506753
9000 5.01593 -0.00661189 0.00497385
10000 4.96455 -0.00661208 0.00491476
11000 5.05495 -0.00403458 0.00500207
12000 5.09008 -0.00375161 0.00504836
13000 4.97694 -0.00458553 0.00493328
14000 4.91399 -0.00348643 0.00487995
15000 4.88194 -0.00478937 0.00483974
16000 5.01635 -0.00679884 0.004975
17000 5.10567 -0.00535679 0.00505205
18000 4.93664 -0.0036813 0.00489236
19000 4.99283 -0.0064528 0.00494431
20000 5.01492 -0.00550949 0.00496296
21000 5.01501 -0.00749517 0.00496806
22000 4.95907 -0.00602542 0.00491483
23000 5.08307 -0.00495218 0.00502759
24000 5.08464 -0.00646322 0.0050314
25000 5.06619 -0.00697706 0.00501484
26000 5.07097 -0.00319149 0.00501957
27000 4.90416 -0.00479805 0.00486734
28000 5.03739 -0.00406836 0.00498951
29000 5.01576 -0.00691272 0.00496527
30000 4.98819 -0.00467739 0.00493643
31000 4.87619 -0.000552267 0.00484809
32000 5.16073 -0.00129138 0.00512137
33000 4.93552 -0.00601366 0.00488099
34000 5.11756 -0.00528111 0.00506529
35000 4.97017 -0.00609306 0.0049159
36000 5.10539 -0.00214198 0.00506479
37000 5.13754 -0.00240606 0.00508467
38000 5.09398 -0.00799052 0.0050375
39000 5.03934 -0.00642179 0.00498431
40000 5.02256 -0.0104742 0.004961
41000 4.8707 -0.00366141 0.00483101
42000 5.08164 -0.00388044 0.00503026
43000 5.00286 -0.00316424 0.00495333
44000 5.05934 -0.0061302 0.00500372
45000 5.00676 -0.00348971 0.00496321
46000 5.03611 -0.00365676 0.00499456
47000 5.02225 -0.00280938 0.00498658
48000 5.04658 -0.00410623 0.00500314
49000 4.95966 -0.00427116 0.00491134
50000 5.05439 -0.00818465 0.00500861
51000 4.92972 -0.00180691 0.0048957
52000 4.97138 -0.00384462 0.00491747
53000 5.11594 -0.00179246 0.00508167
54000 4.8792 -0.00446155 0.00482577
55000 4.87958 -0.00667054 0.00482927
56000 5.20575 -0.00535937 0.00515334
57000 5.10397 -0.00464569 0.00505348
58000 4.81476 -0.00457584 0.00477184
59000 5.11162 -0.0042108 0.00505683
60000 5.08025 -0.00298901 0.00504239
61000 5.08685 -0.00380691 0.00504527
62000 5.04527 -0.00453677 0.00499145
63000 4.94681 -0.00341037 0.00489835
64000 5.05021 -0.00615285 0.00499987
65000 4.98231 -0.00406915 0.00492963
66000 5.08878 -0.00607473 0.00504202
67000 5.02438 -0.00572156 0.00497461
68000 4.78298 -0.00538563 0.00473798
69000 4.98741 -0.00519647 0.00495047
70000 5.20836 -0.00624219 0.00515633
71000 4.88119 -0.00761955 0.00483408
72000 5.19881 -0.00519637 0.0051578
73000 4.76722 -0.00598966 0.00472021
74000 5.00171 -0.0028294 0.00495457
75000 4.99286 -0.00401944 0.0049445
76000 4.96952 -0.00477025 0.00491737
77000 4.9838 -0.00589999 0.00493628
78000 5.15804 -0.00447168 0.00510619
79000 4.87766 -0.00547447 0.00482752
80000 5.1511 -0.00560426 0.00509363
81000 5.06599 -0.00659188 0.0050072
82000 4.95648 -0.00338654 0.00490631
83000 4.87272 -0.00717222 0.00482338
84000 5.01991 -0.00621068 0.00497364
85000 4.93208 -0.00285228 0.00488074
86000 4.78068 -0.0071733 0.00472439
87000 4.92043 -0.00338277 0.00487132
88000 5.14342 -0.00564388 0.00509607
89000 5.14062 -0.00678906 0.00508913
90000 4.89426 -0.00643193 0.00484301
91000 5.05348 -0.00420527 0.00501032
92000 4.96261 -0.0041675 0.00493596
93000 5.03132 -0.0052965 0.00497872
94000 4.90131 0.000895429 0.00487855
95000 5.1636 -0.00441439 0.00512239
96000 4.86109 -0.00279615 0.00481384
97000 5.07045 -0.00646956 0.00503362
98000 5.10268 -0.00375795 0.00505876
99000 4.86433 -0.00204697 0.00482907
100000 5.0899 -0.00624788 0.00504153
101000 4.94075 0.000601052 0.0049258
102000 4.97792 0.000745497 0.00495328
103000 4.97322 -0.00200767 0.00492495
104000 5.01201 -0.00298609 0.00496338
105000 5.09173 -0.00510205 0.00504814
106000 4.98066 -0.00338412 0.00492701
107000 4.92397 -0.00731905 0.00487432
108000 5.03639 -0.00410393 0.00498559
109000 5.04956 -0.00456668 0.00499819
110000 5.1594 -0.00608085 0.00511144
111000 4.85588 -0.00241107 0.00481138
112000 5.11961 -0.00634733 0.00508516
113000 4.88856 -0.00601813 0.00483491
114000 4.83746 -0.00506452 0.00478459
115000 5.06145 -0.00533128 0.00500502
116000 4.90928 -0.0094232 0.00485408
117000 4.9529 -0.00375718 0.00490439
118000 4.89571 -0.000773324 0.00485444
119000 4.91433 -0.0019645 0.00487352
120000 4.96736 -0.0102275 0.00491687
121000 4.9361 -0.00266206 0.00488492
122000 4.95276 -0.00487139 0.00491642
123000 5.01624 -0.0095165 0.00496011
124000 5.07939 -0.00791083 0.00502729
125000 5.10334 -0.00693108 0.00504927
126000 4.85154 -0.00608897 0.00479859
127000 5.16669 -0.00183155 0.00512633
128000 5.08923 -0.00364437 0.00503755
129000 4.8001 -0.00430388 0.00475949
130000 5.12285 -0.00422783 0.00506917
131000 4.90553 -0.00441982 0.00485624
132000 4.93474 -0.00572915 0.00488169
133000 4.99055 -0.00133898 0.00496056
134000 5.09834 -0.00603754 0.00505057
135000 5.14305 -0.00307317 0.0051018
136000 4.90966 -0.0068212 0.00485783
137000 4.8545 -0.0015959 0.00481426
138000 5.10766 -0.00363867 0.00507971
139000 5.05652 -0.00472554 0.00501612
140000 4.94254 -0.00120087 0.00490175
141000 5.03362 -0.00641692 0.00499191
142000 5.04569 -0.00317115 0.00500493
143000 5.05006 -0.00254477 0.00500853
144000 4.98219 -0.00267063 0.0049408
145000 4.94056 -0.00695055 0.00488697
146000 4.99217 -0.00586707 0.00494692
147000 5.02278 -0.00739071 0.00497366
148000 5.02756 -0.0138304 0.00497534
149000 5.05306 -0.0168844 0.00500121
150000 5.02276 -0.0135116 0.00497424
151000 4.91465 -0.0129257 0.0048628
152000 5.03981 -0.00974564 0.00499342
153000 5.13629 -0.0140739 0.00508357
154000 4.83672 -0.0133847 0.00479695
155000 5.03492 -0.0130611 0.00498048
156000 5.08722 -0.0134529 0.00503646
157000 4.91775 -0.0129438 0.00486586
158000 5.08294 -0.0136308 0.00502371
159000 4.97507 -0.0135368 0.00493006
160000 4.85608 -0.0137587 0.00480866
161000 4.9818 -0.00982174 0.00494702
162000 4.93847 -0.008775 0.00488115
163000 4.93841 -0.00579114 0.00488167
164000 5.08927 -0.00523822 0.00504944
165000 4.91048 -0.00594441 0.00485877
166000 5.01212 -0.00781059 0.0049567
167000 4.86206 -0.00682228 0.00481223
168000 4.89825 -0.00551779 0.00484748
169000 5.20327 -0.00703634 0.00514494
170000 4.83864 -0.00560318 0.00478817
171000 5.03336 -0.0028448 0.00498268
172000 5.03462 -0.00435089 0.0049827
173000 4.97779 -0.00307736 0.00492713
174000 5.10819 -0.00398817 0.00505893
175000 5.09212 -0.00328144 0.00505092
176000 4.80537 -0.00257518 0.00475449
177000 5.14061 -0.00455627 0.00508446
178000 5.13362 -0.00340573 0.00508031
179000 4.91017 -0.00500063 0.0048623
180000 4.95023 -0.00481398 0.00490857
181000 5.04768 -0.00354524 0.00501177
182000 4.98585 -0.00807745 0.00493047
183000 5.06036 -0.00359105 0.00502017
184000 4.9572 -0.00207829 0.00491095
185000 4.89336 -0.000450247 0.00487817
186000 5.10389 -0.00644499 0.00505513
187000 5.05402 -0.00896128 0.00501017
188000 4.94646 -0.00364957 0.00491079
189000 4.96388 -0.00594943 0.00492696
190000 5.15253 -0.00460938 0.00509807
191000 5.0433 -0.00558371 0.00500384
192000 4.8356 -0.0050383 0.00478896
193000 5.15338 -0.00444925 0.00509581
194000 5.03281 -0.00594368 0.00498121
195000 4.89867 -0.00626911 0.00484529
196000 5.02754 -0.00670056 0.00497263
197000 5.00989 -0.00477551 0.00495881
198000 4.80169 -0.00598779 0.00474714
199000 5.01348 -0.00673683 0.00495593
200000 5.10119 -0.00463973 0.0050479
201000 4.95016 -0.00286574 0.00490933
202000 5.16962 -0.00324559 0.00511381
203000 4.93695 -0.00410894 0.00488928
204000 4.95221 -0.00665354 0.00489662
205000 4.97191 -0.00298442 0.00492552
206000 5.00823 -0.00516328 0.00495776
207000 5.00551 -0.00165463 0.00496951
208000 4.97457 -0.00883638 0.00492063
209000 5.0873 -0.00677637 0.00503664
210000 4.96279 -0.00591807 0.00490636
211000 4.93225 -0.00450836 0.00488132
212000 5.12532 -0.00468014 0.00508533
213000 5.08308 -0.00426171 0.00503383
214000 4.93078 -0.00641683 0.00489922
215000 4.86007 -0.0055818 0.00481628
216000 5.18235 -0.0122146 0.00511795
217000 4.89576 -0.00394464 0.00485586
218000 5.05749 -0.000861006 0.00501535
219000 5.07366 -0.00319828 0.00502229
220000 4.99607 -0.00356243 0.00495417
221000 4.99821 -0.00528746 0.00494816
222000 5.01463 -0.00464389 0.0049681
223000 4.9676 -0.00437342 0.00492261
224000 5.13288 6.96311e-05 0.00509897
225000 4.98595 -0.00843352 0.00493309
226000 5.0688 -0.00413049 0.00501791
227000 5.04922 -0.00292865 0.00499378
228000 4.97478 -0.00593817 0.0049291
229000 5.0867 -0.00507963 0.00503394
230000 4.85713 -0.00400524 0.004806
231000 4.97656 -0.0049266 0.00492936
232000 5.17217 -0.00375622 0.00511966
233000 4.8585 -0.00272711 0.004811
234000 5.00508 -0.00540468 0.00495106
235000 5.06644 -0.00474828 0.00500967
236000 4.9965 -0.00637809 0.00494224
237000 4.94906 -0.00549138 0.00489674
238000 5.13246 -0.00245155 0.005091
239000 5.1857 -0.00555838 0.00515174
240000 5.05357 -0.00400441 0.00501033
241000 5.02859 -0.00229219 0.00499378
242000 5.08814 -0.00739138 0.00503518
243000 5.06613 -0.00678879 0.00501221
244000 5.12115 -0.00276665 0.005085
245000 5.00315 -0.000791381 0.00497616
246000 4.83526 -0.00266944 0.00479373
247000 5.19215 -0.00291578 0.0051434
248000 4.88223 -0.0030495 0.00483799
249000 5.12876 -0.00370877 0.00507911
250000 4.88366 -0.00420468 0.00484617
251000 5.04431 -0.00518519 0.00499762
252000 5.12546 -0.00169023 0.00508824
253000 4.95333 -0.00492198 0.00489952
254000 4.80432 -0.00904569 0.0047495
255000 4.88154 -0.00424742 0.00484048
256000 5.07401 -0.00705782 0.00501824
257000 4.96531 -0.00540372 0.00491453
258000 5.03593 -0.00496392 0.00498345
259000 5.05039 -0.00103421 0.00501837
260000 4.89688 -0.00214454 0.00486482
261000 5.07149 -0.00396801 0.00501943
262000 4.95201 -0.00625842 0.00490543
263000 4.98192 -0.00471799 0.00492886
264000 4.89398 -0.00335929 0.00484838
265000 4.94454 -0.00682009 0.00489174
266000 4.93624 -0.00355332 0.00489129
267000 4.92972 -0.00569557 0.00488564
268000 5.01513 -0.0064611 0.00496388
269000 5.08651 -0.00328293 0.00503979
270000 4.89952 -0.00575858 0.00485903
271000 5.07442 -0.00403524 0.0050238
272000 4.98347 -0.00824706 0.00493502
273000 5.03046 -0.00935389 0.0049758
274000 4.94686 -0.00232681 0.00490724
275000 4.94744 -0.00291503 0.00490128
276000 5.10074 -0.00546325 0.00505056
277000 4.91116 -0.00533861 0.00486039
278000 5.06801 -0.0034552 0.00502166
279000 5.01374 -0.00753439 0.00496683
280000 4.91267 -0.00490975 0.00486906
281000 5.02223 -0.00567619 0.00497386
282000 5.10548 -0.00485381 0.0050517
283000 4.83971 -0.00567222 0.00479269
284000 5.05072 -0.00540206 0.00500313
285000 5.04484 -0.00790206 0.00498667
286000 4.96813 -0.00600566 0.00491954
287000 4.91486 -0.00363158 0.00486463
288000 4.98179 -0.00622847 0.00492532
289000 4.96092 -0.00577318 0.00490676
290000 4.97337 -0.00171385 0.00492983
291000 4.94009 -0.00561752 0.00488466
292000 5.00691 -0.000765377 0.00497895
293000 4.97425 -0.0042709 0.00492264
294000 5.02389 -0.00828764 0.00497988
295000 5.07041 -0.00562092 0.00502052
296000 4.84719 -0.00189291 0.00481549
297000 5.11409 -0.00539863 0.0050612
298000 4.93737 -0.00415055 0.00488727
299000 5.1582 -0.00469827 0.0051093
300000 4.78494 0.000334161 0.00476536
301000 4.97101 -0.0089578 0.00492
302000 5.00395 -0.00678968 0.00494754
303000 4.94837 -0.00417423 0.00490099
304000 5.03426 -0.00412841 0.00498369
305000 5.09841 -0.00612727 0.00504215
306000 4.8143 -0.00345269 0.00476788
307000 5.02065 -0.00447342 0.00497141
308000 5.12908 -0.00491091 0.00507622
309000 4.79052 -0.00733596 0.00473815
310000 5.00721 -0.00376766 0.0049541
311000 5.22368 -0.00451147 0.00517751
312000 5.07636 -0.0041996 0.00503148
313000 4.90882 -0.00453341 0.00486132
314000 4.93238 -0.00484669 0.00488449
315000 5.17693 -0.00654554 0.00512153
316000 4.86042 -0.00354708 0.00481421
317000 5.05045 -0.00606618 0.0049997
318000 5.06018 -0.00249348 0.00501364
319000 5.07439 -0.00512097 0.00502944
320000 5.16147 -0.00519676 0.00510769
321000 4.95161 -0.00572745 0.00489974
322000 5.01768 -0.00628161 0.00496396
323000 4.83471 -0.00871018 0.00478189
324000 5.06715 -0.0024808 0.00501971
325000 5.04102 -0.0043372 0.00498783
326000 5.02327 -0.0060772 0.00496837
327000 4.99985 -0.00502401 0.00495261
328000 5.03122 -0.00801126 0.00497342
329000 5.00531 -0.0100764 0.00495079
330000 5.00861 -0.00219014 0.00497123
331000 4.92754 -0.00431805 0.0048869
332000 5.02918 -0.00240153 0.00498278
333000 5.02198 -0.00371354 0.00497164
334000 4.97238 -0.00281897 0.00493149
335000 5.11726 -0.00337785 0.00508546
336000 5.04816 -0.00526317 0.00499439
337000 4.81592 -0.00432071 0.00477356
338000 4.87949 -0.00658276 0.00482692
339000 5.01342 -0.00414638 0.00496535
340000 5.08278 -0.00399875 0.00502824
341000 4.96002 -0.00250035 0.00491632
342000 5.02576 -0.00489381 0.00497794
343000 4.98628 -0.00202644 0.00493425
344000 5.03271 -0.00734554 0.00498141
345000 4.93246 -0.00425719 0.00488396
346000 5.15752 -0.00450321 0.0051221
347000 4.93573 -0.00469336 0.00488235
348000 4.92546 -0.00504336 0.00488111
349000 5.05828 -0.00531931 0.00500984
350000 5.10998 -0.00540879 0.00505444
351000 5.07945 -0.00511647 0.00503059
352000 4.82034 -0.000174362 0.0047872
353000 5.09996 -0.00554856 0.00504365
354000 5.06002 -0.00539668 0.00500575
355000 4.90373 -0.00171818 0.00485939
356000 4.99473 -0.00421286 0.00495722
357000 5.07329 -0.00693331 0.00502598
358000 4.9012 -0.00338254 0.00485508
359000 5.20631 -0.00533199 0.00514885
360000 5.0525 -0.0039133 0.0050015
361000 4.94698 -0.00327125 0.00490051
362000 5.07441 -0.00757994 0.00502044
363000 4.98011 -0.0107329 0.00493263
364000 4.98738 -0.00432261 0.00494322
365000 4.97791 -0.005802 0.00492835
366000 5.00994 -0.00658049 0.00495069
367000 4.95694 -0.0038809 0.0049106
368000 5.07316 -0.00242517 0.0050289
369000 4.97363 -0.00350857 0.00492394
370000 5.10217 -0.00542103 0.00506628
371000 4.98429 -0.00289027 0.00494677
372000 4.79893 -0.0082037 0.00474357
373000 5.04446 -0.00351913 0.00499788
374000 4.98629 -0.00378822 0.00494056
375000 4.89994 -0.00708433 0.004845
376000 5.16961 -0.00502951 0.00512433
377000 4.9772 -0.00700601 0.00492401
378000 4.99243 -0.00487441 0.00495091
379000 5.08807 -0.0049027 0.00503247
380000 5.05575 -0.00399668 0.00500772
381000 4.90546 -0.00723782 0.00485418
382000 5.05285 -0.00378351 0.00501369
383000 5.16895 -0.00531822 0.00512749
384000 5.08928 -0.0014871 0.00504868
385000 4.93465 -0.00497091 0.00489003
386000 5.10115 -0.00581067 0.00504851
387000 5.22222 -0.00273016 0.00519683
388000 4.95909 -0.00436441 0.00492183
389000 5.05955 -0.00745136 0.00500465
390000 5.05146 -0.00364237 0.00501678
391000 4.91361 -0.00150403 0.00486908
392000 5.06599 -0.00508202 0.00502182
393000 5.03271 -0.00480444 0.00499247
394000 4.79038 -0.00633129 0.0047456
395000 5.15801 -0.00489313 0.00510308
396000 4.89173 0.00187646 0.00486337
397000 5.05729 -0.00531486 0.00500458
398000 5.14009 -0.00847827 0.00508638
399000 4.80607 -0.00660335 0.00476661
400000 5.10083 -0.00469781 0.00506005
401000 5.0124 -0.00549643 0.00496114
402000 4.99385 -0.00590467 0.0049433
403000 4.87617 -0.00783204 0.00482331
404000 5.14803 -0.00556395 0.00509144
405000 4.88375 -0.00551423 0.00484287
406000 5.11405 -0.00596991 0.00507005
407000 4.90392 -0.00427016 0.00485266
408000 5.0378 -0.00413634 0.00499998
409000 5.06594 -0.0031682 0.00501817
410000 5.10981 -0.00351324 0.00506132
411000 5.08233 -0.00498746 0.00504348
412000 4.76259 -0.00427434 0.0047169
413000 5.11877 -0.00505602 0.00507271
414000 4.81855 -0.00178972 0.00477075
415000 5.19674 -0.00537475 0.00514199
416000 5.09342 -0.00585495 0.00503768
417000 4.83986 -0.00754153 0.00479666
418000 5.0768 -0.00491558 0.00502742
419000 5.05289 -0.00552588 0.00499657
420000 4.86015 -0.0048761 0.00480753
421000 5.0987 -0.00647293 0.00504396
422000 5.14653 -0.00602579 0.00509748
423000 4.88259 -0.0034601 0.00483151
424000 4.99381 -0.00290143 0.00494186
425000 5.0624 -0.00451526 0.00501041
426000 4.9413 -0.00439972 0.00488899
427000 5.05372 -0.00713921 0.00499882
428000 4.98312 -0.00722095 0.00494214
429000 4.99605 -0.00265867 0.00495649
430000 5.05899 -0.0042143 0.00501642
431000 5.04619 -0.00703279 0.00499926
432000 4.87612 -0.00417966 0.00482237
433000 5.13818 -0.00581599 0.00509048
434000 4.92954 -0.00701419 0.00488595
435000 4.98184 -0.00463521 0.00494265
436000 5.12476 -0.00455571 0.00507627
437000 4.92003 -0.00535782 0.00487059
438000 5.00625 -0.00444918 0.00495572
439000 4.96726 -0.00686565 0.00491778
440000 5.05342 -0.00676009 0.00500059
441000 4.97373 -0.00630761 0.0049232
442000 5.00499 -0.00607263 0.00495275
443000 5.04122 -0.00346088 0.00499588
444000 4.9382 -0.00685593 0.00488771
445000 5.03885 -0.00485939 0.00499716
446000 5.05405 -0.00405504 0.0049992
447000 4.88231 -0.00558133 0.00483429
448000 5.08969 -0.00270217 0.0050366
449000 4.96989 -0.00759204 0.00492078
450000 4.99078 -0.00999813 0.00493031
451000 5.02896 -0.00582709 0.00497648
452000 4.99741 -0.00339405 0.00494272
453000 4.95811 0.00311334 0.00494233
454000 4.95923 -0.00627049 0.00490908
455000 5.11715 -0.00277569 0.00506815
456000 4.88947 -0.00484646 0.0048616
457000 4.86141 -0.00559321 0.00482615
458000 5.02542 -0.00366336 0.00498014
459000 5.03844 -0.00563989 0.00498163
460000 5.1012 -0.00489998 0.00505423
461000 4.8967 -0.00423417 0.00484773
462000 4.99646 -0.00495603 0.00494372
463000 5.14491 -0.00684892 0.00509109
464000 4.80705 -0.00762695 0.00475534
465000 5.09831 -0.00311645 0.00504259
466000 5.04214 -0.00232833 0.00500627
467000 5.07132 -0.00495819 0.00501812
468000 4.96617 -0.00866786 0.0049148
469000 5.01804 -0.00546591 0.00496629
470000 4.98931 0.000377955 0.00496543
471000 5.02639 -0.00915028 0.00497464
472000 4.94646 -0.00661325 0.00489269
473000 5.01872 -0.00539433 0.00496807
474000 5.01758 -0.00498942 0.00497323
475000 5.01131 -0.00404779 0.00496245
476000 5.08979 -0.00404642 0.00503843
477000 5.02417 -0.00488281 0.00498288
478000 4.99759 -0.00222071 0.0049543
479000 4.99509 -0.00284809 0.00495118
480000 5.09297 -0.00551595 0.00504137
481000 4.90603 -0.0070901 0.00484828
482000 5.07937 -0.00328856 0.00503483
483000 5.01644 -0.010296 0.00496554
484000 4.91754 -0.0060607 0.00486632
485000 5.20657 -0.00875988 0.00515308
486000 4.99559 -0.00587079 0.00494896
487000 4.91085 -0.00448698 0.00486761
488000 5.09437 -0.00331047 0.00504735
489000 5.09509 -0.00640866 0.00505169
490000 5.02661 -0.00626649 0.00497147
491000 5.03998 -0.0048033 0.0049864
492000 5.08101 -0.00302762 0.00504352
493000 5.00441 -0.00153402 0.00495436
494000 4.98319 -0.0100167 0.0049323
495000 5.10796 -0.00469289 0.0050677
496000 4.99708 -0.0028568 0.00495682
497000 4.99985 -0.00404336 0.00495554
498000 5.08256 -0.00317542 0.00504643
499000 4.87229 -0.00694817 0.00483449
500000 4.99441 -0.00365032 0.00494357
501000 5.13738 -0.00454224 0.00508336
502000 4.84574 -0.00775723 0.00479316
503000 4.83288 -0.00262636 0.00478182
504000 5.16187 -0.00541964 0.00510833
505000 4.85253 -0.00325275 0.00480362
506000 5.20144 -0.00441115 0.00515361
507000 4.95292 -0.00458233 0.00490959
508000 5.00288 -0.00952456 0.00495127
509000 4.80711 -0.00578223 0.00476787
510000 4.9416 -0.00516624 0.00489246
511000 5.00354 -0.00534166 0.00495288
512000 4.86564 -0.00329947 0.00481352
513000 4.83084 -0.00360652 0.00479477
514000 5.06238 -0.00749248 0.00501142
515000 5.0676 -0.00412149 0.00501618
516000 4.97864 -0.00506937 0.0049304
517000 5.0266 -0.00412753 0.00498113
518000 5.0101 -0.00582493 0.00495521
519000 4.93503 -0.0065758 0.00488538
520000 5.14498 -0.0047905 0.0050984
521000 4.90387 -0.0045687 0.00485628
522000 4.97205 -0.00344496 0.00492076
523000 5.08352 -0.00410481 0.00503242
524000 5.03597 -0.00336755 0.00499061
525000 5.02694 -0.00163561 0.00499939
526000 4.8424 -0.00634673 0.00478825
527000 4.96843 -0.00450161 0.00491611
528000 5.08943 -0.00504276 0.00504584
529000 4.92379 -0.00688013 0.00487373
530000 4.98264 -0.00480065 0.00493181
531000 5.06685 -0.00454836 0.00500923
532000 5.07861 -0.0021426 0.00504206
533000 5.09297 -0.00388688 0.00504353
534000 5.12191 -0.00812684 0.00506407
535000 4.77301 -0.00791602 0.00471874
536000 5.14185 -0.00263584 0.00508866
537000 4.83392 -0.00726508 0.00478477
538000 5.17994 -0.00603638 0.00512806
539000 5.104 -0.00384189 0.00505927
540000 5.01189 -0.00370039 0.00495727
541000 4.90844 -0.00311318 0.00487322
542000 4.96433 -0.00453033 0.00491875
543000 4.99311 -0.00515154 0.00494118
544000 5.0319 -0.0054309 0.00498051
545000 4.98059 -0.00690122 0.00492892
546000 5.0156 -0.0055884 0.00496813
547000 5.03306 -0.0104993 0.00497455
548000 5.07236 -0.00298506 0.00502135
549000 5.032 -0.00850009 0.00497844
550000 4.94036 -0.00796124 0.00489141
551000 5.15963 -0.00482753 0.00511434
552000 4.87243 -0.00494031 0.00483552
553000 5.00621 -0.00175594 0.00495959
554000 5.05947 -0.00470177 0.00501804
555000 5.065 -0.00438185 0.0050162
556000 5.15381 -0.00479336 0.00510811
557000 4.94121 -0.00356059 0.00489444
558000 5.06572 -0.00146007 0.00502222
559000 4.98154 -0.00426644 0.00494046
560000 5.07162 -0.00489665 0.00502851
561000 5.00211 -0.00415555 0.00496309
562000 4.87756 -0.004301 0.0048315
563000 5.16613 -0.00406924 0.00511425
564000 4.84245 -0.00346782 0.00481164
565000 5.11099 -0.00589384 0.00505171
566000 4.99629 -0.00602273 0.00494402
567000 4.89599 -0.00493759 0.0048429
568000 5.15461 -0.0048778 0.00510761
569000 5.05402 -0.00530733 0.00500306
570000 5.00328 -0.00311751 0.00497249
571000 4.89088 -0.00543262 0.00483934
572000 5.10114 -0.00639955 0.00504663
573000 4.93686 -0.00839044 0.00488657
574000 5.10224 -0.00531782 0.00505692
575000 4.82153 -0.00582663 0.00477695
576000 5.03274 -0.00842508 0.00498319
577000 5.13056 -0.00616348 0.00508179
578000 4.92625 -0.00315162 0.00488053
579000 4.99052 -0.00711151 0.00494694
580000 5.11056 -0.0029971 0.00507346
581000 4.95824 -0.00562872 0.00490817
582000 4.96042 -0.00801964 0.00490616
583000 5.03506 -0.000265912 0.00499724
584000 4.943 -0.0054423 0.00491074
585000 4.96774 -0.0047496 0.0049172
586000 5.06394 -0.00175206 0.00502329
587000 5.00271 -0.00603232 0.00495155
588000 4.95747 -0.00490887 0.00491282
589000 5.10694 -0.00452922 0.00506349
590000 5.02425 -0.00286653 0.00498781
591000 5.07125 -0.00434713 0.00503713
592000 4.88683 -0.00711009 0.00483469
593000 5.19273 -0.0062416 0.00513577
594000 4.88114 -0.00484667 0.00482978
595000 4.89345 -0.00398107 0.00484503
596000 5.08654 -0.00645747 0.00503215
597000 5.1395 -0.0059541 0.0050915
598000 5.08185 -0.00329368 0.00503067
599000 5.08157 -0.0045234 0.00503748
600000 4.97097 -0.00198848 0.00492441
601000 5.00172 -0.00629258 0.00495052
602000 5.03002 -0.00578364 0.00497457
603000 4.92592 -0.00219723 0.00489893
604000 5.00131 -0.00569268 0.0049438
605000 4.98412 -0.00158551 0.00494539
606000 4.89056 -0.00490601 0.0048429
607000 5.08723 -0.00410894 0.0050344
608000 4.94252 -0.00366873 0.00489594
609000 5.15422 -0.00297594 0.00510558
610000 4.92915 -0.00636854 0.00487921
611000 5.04224 -0.00371704 0.00500046
612000 5.01304 -0.00843054 0.0049592
613000 5.01215 -0.00254242 0.00495937
614000 4.86115 -0.00820543 0.00480476
615000 5.00331 -0.00146622 0.00496946
616000 5.16104 -0.00371583 0.00510935
617000 4.88333 -0.00463603 0.00484568
618000 5.00749 -0.00420265 0.00496261
619000 5.13182 -0.00563416 0.0050751
620000 4.93561 -0.00325501 0.00489865
621000 4.98252 -0.00380953 0.00493483
622000 5.08832 -0.00336933 0.00503257
623000 5.04239 -0.00763608 0.00499076
624000 5.02124 -0.00559949 0.00496622
625000 5.0999 -0.00516734 0.0050476
626000 5.04646 -0.00368144 0.00499165
627000 5.05729 -0.00310087 0.00500857
628000 4.89148 -0.0031166 0.00484205
629000 4.94501 -0.00497358 0.00489513
630000 5.12787 -0.00602817 0.00507355
631000 4.98915 -0.00607535 0.00495015
632000 4.86528 -0.00623967 0.00481933
633000 5.14411 -0.0023565 0.00509683
634000 5.08191 -0.00474499 0.00502771
635000 4.98583 -0.00408947 0.00493625
636000 4.90141 -0.00382584 0.00485236
637000 5.13664 -0.00433328 0.00507983
638000 4.95963 -0.00424077 0.00490853
639000 4.99589 -0.0028785 0.00495854
640000 4.79207 -0.0012826 0.00474762
641000 5.0335 -0.0048064 0.00498435
642000 5.25076 -0.00644777 0.00519841
643000 4.83057 -0.00526392 0.00478116
644000 5.07887 -0.00347121 0.00503636
645000 5.07204 -0.00767401 0.00501653
646000 5.01524 -0.00283429 0.00497551
647000 5.0226 -0.00294389 0.00498252
648000 4.9365 -0.00540946 0.00488374
649000 4.95945 -0.00636894 0.0049037
650000 5.16509 -0.00333432 0.00511367
651000 4.84686 -0.00498926 0.00479626
652000 5.05415 -0.00564281 0.00500044
653000 5.02894 -0.00661294 0.00498419
654000 5.00234 -0.00464078 0.00494735
655000 4.87742 -0.00215442 0.00482771
656000 5.03482 -0.00573537 0.00498589
657000 5.08984 -0.00665878 0.00504344
658000 5.09433 -0.0117954 0.0050373
659000 5.04567 -0.0121772 0.00499283
660000 5.09565 -0.0125519 0.00503649
661000 5.01647 -0.00760387 0.0049727
662000 4.9438 -0.00905366 0.00489313
663000 4.88291 -0.00530817 0.00483109
664000 4.91692 -0.00473793 0.00487257
665000 4.84586 -0.00737875 0.00480458
666000 4.99258 -0.00610728 0.00493877
667000 4.88323 -0.00416427 0.00484641
668000 4.81943 -0.00402811 0.00477148
669000 5.10956 -0.00539338 0.00506447
670000 4.9484 -0.00709284 0.00489478
671000 5.18636 -0.00512757 0.00513372
672000 4.88389 -0.00632991 0.00482746
673000 4.91328 -0.00447033 0.0048718
674000 4.90866 -0.00517654 0.004855
675000 4.91985 -0.00316129 0.00487886
676000 4.96367 -0.0101726 0.00491111
677000 5.13848 -0.00272783 0.00508889
678000 5.00697 -0.00643655 0.00495891
679000 4.89516 -0.00756024 0.00484946
680000 4.91363 -0.00694324 0.00485827
681000 4.92145 -0.00376566 0.00488563
682000 4.91916 -0.00733999 0.00486217
683000 4.92933 -0.00771153 0.0048773
684000 5.0529 -0.00431809 0.00500555
685000 5.06607 -0.0043469 0.00501442
686000 4.90254 -0.00386494 0.00485332
687000 4.92351 -0.00373814 0.00487324
688000 4.94769 -0.00476277 0.0048929
689000 5.04713 -0.00460254 0.00499466
690000 5.02771 -0.00727914 0.00498139
691000 5.1025 -0.00228758 0.00504934
692000 4.98407 -0.00171534 0.00494234
693000 5.0572 -0.0075001 0.00501989
694000 5.08775 -0.00445233 0.00503237
695000 5.01138 -0.00674024 0.00496575
696000 5.0644 -0.00704953 0.00500861
697000 5.08175 -0.00459195 0.00504218
698000 5.15385 -0.00492646 0.00510507
699000 4.94295 -0.00472763 0.00489508
700000 5.03166 -0.00521736 0.00499743
701000 5.01928 -0.00473375 0.00497181
702000 4.87698 -0.00324827 0.00484031
703000 5.06436 -0.00340095 0.00501037
704000 4.99521 -0.00292392 0.00494063
705000 4.93837 -0.00348598 0.00489058
706000 4.91151 -0.0057456 0.00487439
707000 5.02678 0.000167368 0.00500212
708000 5.02095 -0.00337977 0.00496638
709000 4.98708 -0.0110796 0.0049296
710000 5.07068 -0.010193 0.00501523
711000 4.97491 -0.00964009 0.00493326
712000 5.02969 -0.00412063 0.00497451
713000 4.99604 -0.00227696 0.0049576
714000 4.93837 -0.00222156 0.00488505
715000 5.01148 -0.00615961 0.004963
716000 4.93206 -0.00555833 0.00488076
717000 4.93727 -0.00596868 0.00488302
718000 5.01544 -0.00729862 0.00496688
719000 5.04224 -0.00694504 0.00499012
720000 5.04683 -0.00366614 0.0049915
721000 4.83201 -0.00261593 0.00479703
722000 4.85508 -0.00459469 0.00480274
723000 5.07478 -0.00524235 0.00501713
724000 4.91008 -0.0058328 0.00485942
725000 5.20582 -0.00313707 0.00515063
726000 5.13311 -0.00481403 0.00507633
727000 4.94551 -0.00641363 0.00490718
728000 5.02654 -0.00797307 0.00498575
729000 5.10208 -0.00459442 0.00505389
730000 4.8773 -0.00527936 0.00483367
731000 4.97512 -0.00447751 0.00492349
732000 5.1211 -0.000970166 0.00507727
733000 4.86741 -0.000851343 0.00483859
734000 5.05453 -0.00464428 0.00500466
735000 5.11812 -0.00692063 0.00506773
736000 4.91621 -0.00645063 0.00486226
737000 4.83922 -0.0028933 0.00480053
738000 4.88144 -0.0023569 0.00485125
739000 5.04449 -0.00559563 0.00501367
740000 4.90058 -0.00617736 0.00485445
741000 4.85319 -0.0052529 0.00480493
742000 5.02723 -0.00845841 0.00497081
743000 5.035 -0.00697808 0.00498842
744000 4.89945 -0.00209043 0.00487198
745000 5.16548 -0.00688683 0.0051096
746000 4.85798 -0.00333061 0.00482095
747000 5.05256 -0.00381384 0.00500308
748000 4.89589 -0.00343738 0.00484394
749000 5.06172 -0.00389999 0.00500914
750000 5.23761 -0.00529029 0.00520123
751000 5.05088 -0.00548447 0.00501418
752000 4.91535 -0.00614052 0.00486862
753000 5.03729 -0.00836104 0.00498975
754000 5.00732 -0.00420432 0.00495143
755000 5.04061 -0.00521761 0.00499243
756000 4.96068 -0.00518641 0.00491142
757000 4.98487 -0.00713331 0.00494379
758000 5.10269 -0.00311634 0.00507101
759000 5.11101 -0.00369358 0.00506145
760000 4.8631 -0.00363234 0.00481191
761000 5.06611 -0.00235651 0.00501803
762000 5.06783 -0.00429418 0.00501576
763000 4.9315 -0.00538719 0.00488953
764000 4.97022 -0.00746889 0.00492189
765000 5.12206 -0.00487422 0.00507751
766000 4.95158 -0.00836039 0.00489866
767000 5.05216 -0.00633516 0.00501109
768000 4.98346 -0.00327647 0.00492841
769000 4.93129 -0.00466196 0.0048788
770000 4.9548 -0.00407059 0.00490681
771000 5.1323 -0.00130411 0.00510298
772000 4.99954 -0.00640781 0.00494768
773000 4.99003 -0.0050608 0.00494427
774000 5.08534 -0.00576096 0.00503986
775000 4.98808 -0.00398818 0.00494591
776000 5.06907 -0.00144427 0.00502983
777000 4.96893 -0.00462719 0.00491447
778000 4.85207 -0.004769 0.00479877
779000 5.15131 -0.0030848 0.00510285
780000 5.06274 -0.00738488 0.00501766
781000 4.84577 -0.00420427 0.00479594
782000 5.13337 -0.00318264 0.00508029
783000 5.15349 -0.0031931 0.00512003
784000 4.83552 -0.00377392 0.00478328
785000 5.11091 -0.00416874 0.00505642
786000 5.03409 -0.00191099 0.00500007
787000 4.92557 -0.00232873 0.00488814
788000 5.05302 -0.00481629 0.00501562
789000 5.04271 -0.00522703 0.00498928
790000 4.77524 -0.00496891 0.00472358
791000 5.14274 -0.00332109 0.00508715
792000 4.87316 -0.00653593 0.00482652
793000 4.99919 -0.00280968 0.00495251
794000 5.09457 -0.00583096 0.00504402
795000 4.86907 -0.0046238 0.00481658
796000 5.04421 -0.00295513 0.00499291
797000 5.00849 -0.00666465 0.00496021
798000 4.95663 -0.00336247 0.00490785
799000 5.07434 -0.00488317 0.00503211
800000 4.96424 -0.00367764 0.00492288
801000 4.91476 -0.00420103 0.00486256
802000 5.13963 -0.00934911 0.0050858
803000 4.90555 -0.00361275 0.00486332
804000 5.041 -0.00536813 0.00499357
805000 5.03876 -0.00485507 0.0049922
806000 4.88835 -0.00445699 0.00483392
807000 5.03242 -0.00823597 0.00497374
808000 5.104 -0.00177023 0.00506363
809000 4.88925 -0.00444227 0.00484657
810000 5.06597 -0.00466564 0.0050247
811000 4.85849 -0.00236036 0.00482731
812000 5.13823 -0.00337605 0.00509218
813000 4.86534 -0.00487069 0.00481585
814000 4.97228 -0.00457211 0.00492306
815000 5.09903 -0.00296757 0.00505555
816000 5.01799 -0.00272438 0.00498307
817000 4.95226 -0.00929663 0.00490956
818000 5.02373 -0.0150165 0.00496446
819000 4.89146 -0.0132023 0.00485208
820000 5.08581 -0.00926604 0.00503947
821000 4.90719 -0.00901736 0.00485747
822000 5.08694 -0.00797388 0.00503467
823000 4.92386 -0.00967795 0.00486967
824000 5.03932 -0.00803714 0.00498736
825000 4.93562 -0.00753154 0.00489988
826000 5.03814 -0.00384112 0.00500682
827000 5.07989 -0.00565041 0.00503125
828000 4.99939 -0.00654935 0.00494674
829000 5.00376 -0.00856423 0.00495555
830000 4.85385 -0.00433905 0.00482774
831000 5.15214 -0.00234764 0.00510296
832000 5.13045 -0.00615519 0.005077
833000 4.96226 -0.00472515 0.0049173
834000 5.02612 -0.0043762 0.00498053
835000 5.0187 -0.00655176 0.00497772
836000 5.04067 -0.00503323 0.00499075
837000 4.97999 -0.00544152 0.00492953
838000 5.02919 -0.0050807 0.00498156
839000 4.97703 -0.00280469 0.00494151
840000 4.98776 -0.00903615 0.00493752
841000 5.04473 -0.00381027 0.00499773
842000 5.07531 -0.00235171 0.00502253
843000 4.94707 -0.00572906 0.00490822
844000 5.09701 -0.00458856 0.00504466
845000 5.22134 -0.00264873 0.00516872
846000 5.01616 -0.00294927 0.00496926
847000 4.84551 -0.00228178 0.00479517
848000 5.00215 -0.00354499 0.00495387
849000 5.12018 -0.00341626 0.00507077
850000 4.83272 -0.00332315 0.0047812
851000 5.17794 -0.00558021 0.00512289
852000 5.10032 -0.00636268 0.00504937
853000 4.88101 -0.00546816 0.00482571
854000 4.86026 -0.00805185 0.00480744
855000 5.02493 -0.00536469 0.00497382
856000 4.93218 -0.00645391 0.0048792
857000 4.91244 -0.00524063 0.00486733
858000 5.11284 -0.00432125 0.00506209
859000 4.9783 -0.00287817 0.00493401
860000 4.94561 -0.0110347 0.00489628
861000 5.10236 -0.0046926 0.00504695
862000 4.92444 -0.00594442 0.00487149
863000 5.03785 -0.00518147 0.00498368
864000 5.02872 -0.00616603 0.00497354
865000 4.99035 -0.00510827 0.00494671
866000 4.97293 -0.00524362 0.00491639
867000 4.91486 -0.00443783 0.00487286
868000 5.14706 -0.00587576 0.00509369
869000 4.92955 -0.00604919 0.00488424
870000 4.9936 -0.00650433 0.00494133
871000 5.03663 -0.00195786 0.00500092
872000 4.92853 -0.0118968 0.00487037
873000 5.03436 -0.00537777 0.00498132
874000 5.11123 -0.00504019 0.00505767
875000 4.89091 -0.00263151 0.00484901
876000 4.84902 -0.00513861 0.00479606
877000 5.04261 -0.00480765 0.00499482
878000 4.94838 -0.00578059 0.00490318
879000 4.91389 -0.00423685 0.00487082
880000 5.06559 -0.00186581 0.00503231
881000 5.13231 -0.00188606 0.00508414
882000 4.82366 -0.00289776 0.00478303
883000 5.15466 -0.0070259 0.00511249
884000 5.10125 -0.00687905 0.00505094
885000 4.90724 -0.00530078 0.00485719
886000 4.88719 -0.00351219 0.00483564
887000 4.99478 -0.0044389 0.00495274
888000 4.93817 -0.00450243 0.00489365
889000 5.09525 -0.00584765 0.00503955
890000 4.88201 -0.00425733 0.00483254
891000 5.04461 -0.00384862 0.00499993
892000 5.02293 -0.00799616 0.00497407
893000 4.88943 -0.0028404 0.00485391
894000 5.08559 -0.00489345 0.00503726
895000 4.97173 -0.00585736 0.0049204
896000 4.9532 -0.00211489 0.00492528
897000 4.98225 -0.00606965 0.00493886
898000 5.00881 -0.00523723 0.00495222
899000 5.06734 -0.0014548 0.00503033
900000 4.8421 -0.00468776 0.0047972
901000 5.05905 -0.00612155 0.00500289
902000 4.89411 -0.00328245 0.00485034
903000 5.15217 -0.0070048 0.00510062
904000 4.9356 -0.00069238 0.00490027
905000 4.92096 -0.00509645 0.00487671
906000 5.00947 -0.00637276 0.00495834
907000 5.06032 -0.00648092 0.00500497
908000 4.94172 -0.00635798 0.00489436
909000 5.02466 -0.00658329 0.0049679
910000 5.02934 -0.0039944 0.00499148
911000 4.97167 -0.00612533 0.00491899
912000 5.07811 -0.00607307 0.00502498
913000 5.0264 -0.00449659 0.00498167
914000 4.94335 -0.00210161 0.00489904
915000 4.85477 -0.00542769 0.00481164
916000 5.12941 -0.00596203 0.00508134
917000 5.07223 -0.007939 0.00501428
918000 4.79554 -0.00646849 0.00474929
919000 5.02051 -0.00382091 0.00497167
920000 4.94574 -0.00420091 0.00489364
921000 4.971 -0.00371992 0.00492226
922000 4.94824 -0.00310528 0.0049082
923000 4.94115 -0.00454028 0.00489393
924000 5.11033 -0.00686834 0.0050616
925000 4.92628 -0.00586819 0.00487061
926000 5.06292 -0.00886996 0.00500406
927000 5.19459 -0.00684239 0.00513964
928000 4.97269 -0.00432559 0.00494247
929000 5.00005 -0.00401791 0.00494889
930000 4.93305 -0.0031918 0.00488711
931000 5.13639 -0.00643462 0.00507967
932000 4.93222 -0.00599155 0.00489501
933000 4.99908 -0.00454463 0.00495344
934000 4.94617 -0.00604011 0.00489742
935000 4.96789 -0.00842629 0.00491451
936000 4.86012 -0.00843586 0.00480809
937000 5.0387 -0.00528468 0.00498049
938000 5.14803 -0.00692136 0.00510034
939000 4.87056 -0.00262147 0.00482625
940000 5.06388 -0.00521297 0.00501091
941000 5.07761 -0.00465339 0.00502589
942000 5.0183 -0.00547694 0.00496799
943000 4.9262 -0.00638564 0.00487341
944000 5.03774 -0.00785111 0.00498155
945000 5.01375 -0.00667086 0.00495998
946000 4.94094 -0.0067937 0.00488418
947000 4.92478 -0.00611549 0.00487713
948000 4.96002 -0.00507581 0.00490844
949000 5.05872 -0.00230504 0.00501711
950000 5.01183 -0.00483327 0.00496184
951000 4.92488 -0.00467392 0.0048842
952000 5.00847 -0.00709949 0.00496164
953000 5.07516 -0.00883269 0.00502813
954000 4.94522 -0.00759942 0.00489572
955000 4.90118 -0.00450863 0.004849
956000 5.12203 -0.00207061 0.00508076
957000 5.11112 -0.00341098 0.00505516
958000 4.93216 -0.00710293 0.00487722
959000 4.77273 -0.00420341 0.00472628
960000 4.93604 -0.00421741 0.00489194
961000 5.18408 -0.00434152 0.0051366
962000 5.18757 -0.00382709 0.00515066
963000 4.91666 -0.00443975 0.00487408
964000 4.96896 -0.00410431 0.00492285
965000 4.88381 -0.00772252 0.00483506
966000 5.10006 -0.00187491 0.00506025
967000 5.13313 -0.00589308 0.00509052
968000 4.92979 -0.00410747 0.00488034
969000 5.09174 -0.00115828 0.00505788
970000 4.95242 -0.00529749 0.00490331
971000 4.86302 -0.00419949 0.00481313
972000 5.03722 -0.00294405 0.00499311
973000 5.03697 -0.00527995 0.00498192
974000 5.00419 -0.00448691 0.00495773
975000 4.96109 0.000920309 0.00493599
976000 5.03913 -0.00538948 0.00499255
977000 4.99158 -0.00204658 0.0049457
978000 5.00446 -0.00166119 0.00496901
979000 4.89275 -0.00551832 0.00484756
980000 5.09558 -0.00374969 0.00504436
981000 5.00502 -0.00555257 0.00495682
982000 4.86102 -0.00742711 0.00481723
983000 5.07401 -0.00141518 0.00503738
984000 5.02281 -0.00690912 0.00496572
985000 5.16478 -0.00596045 0.00511226
986000 4.93516 -0.00347425 0.00488307
987000 4.96405 -0.00938867 0.00491642
988000 4.97552 -0.00406667 0.00492491
989000 5.05002 -0.00686139 0.00500284
990000 4.96045 -0.00276657 0.00491114
991000 4.9127 -0.00371928 0.00486689
992000 5.14512 -0.00448088 0.0050946
993000 4.90168 -0.00274123 0.00486064
994000 5.07331 -0.00414871 0.00501848
995000 4.97817 -0.00279786 0.00492968
996000 5.01689 -0.00562325 0.00496812
997000 5.06745 -0.00285825 0.00501419
998000 5.03191 -0.00264324 0.00499472
999000 4.96558 -0.00402572 0.00492713
1000000 4.9706 -0.0119568 0.00491219
1001000 4.88549 -0.00517287 0.00483319
1002000 5.03133 -0.00538586 0.00498418
1003000 5.02426 -0.00238173 0.00498953
1004000 5.03717 -0.00266023 0.00499115
1005000 4.96698 -0.00579745 0.00491327
1006000 4.93402 -0.00376527 0.00488213
1007000 5.00851 -0.00235695 0.00496245
1008000 4.80001 -0.00701299 0.00474929
1009000 5.05064 -0.00346142 0.00500185
1010000 4.90687 -0.00263536 0.00485828
1011000 5.05311 -0.00111985 0.00501739
1012000 5.08093 -0.00327853 0.00504235
1013000 4.92519 -0.00853839 0.00487628
1014000 5.11904 -0.00563869 0.00506569
1015000 5.10657 -0.00935232 0.00505121
1016000 4.93995 -0.00469826 0.00489886
1017000 5.0974 -0.00437915 0.00504784
1018000 4.79479 -0.00439483 0.00474667
1019000 5.10019 -0.00655398 0.0050456
1020000 4.91497 -0.00422539 0.00486513
1021000 5.22271 -0.00514473 0.00517135
1022000 5.04305 -0.000927914 0.00501508
1023000 4.98274 -0.00494633 0.00493509
1024000 4.95809 -0.00775879 0.00491097
1025000 4.93638 -0.00532331 0.00488964
1026000 4.98479 -0.005092 0.00494109
1027000 5.04784 -0.00531252 0.00499338
1028000 5.06933 -0.00943642 0.00501639
1029000 4.94267 -0.0123037 0.00489692
1030000 5.05933 -0.00547321 0.00501073
1031000 5.07661 -0.00548209 0.00502101
1032000 4.83597 -0.00422553 0.00478811
1033000 5.07245 -0.00281199 0.00502679
1034000 4.82388 -0.00712929 0.00477308
1035000 5.14808 -0.00452201 0.00509975
1036000 5.05271 -0.00489576 0.00500148
1037000 4.83893 -0.00833179 0.00478253
1038000 4.99178 -0.00505318 0.00493882
1039000 5.0447 -0.00521448 0.00499222
1040000 4.9968 -0.00758111 0.00494614
1041000 4.94649 -0.00697668 0.0048944
1042000 4.99665 -0.00259416 0.00495434
1043000 4.91985 -0.00114537 0.00489978
1044000 4.94984 -0.00624749 0.00489721
1045000 4.97762 -0.00333612 0.00492348
1046000 5.09637 -0.00457967 0.0050408
1047000 5.00582 -0.00304471 0.00496707
1048000 4.99112 -0.00418319 0.00494354
1049000 5.05986 -0.00116787 0.00502102
1050000 5.02335 -0.00159792 0.00498091
1051000 4.90922 -0.00504585 0.00486265
1052000 4.94362 -0.00541994 0.00488853
1053000 5.00073 -0.00649902 0.00494873
1054000 5.10338 -0.00359162 0.00506819
1055000 4.94765 -0.000603816 0.00491357
1056000 4.88164 -0.00589055 0.00482664
1057000 5.15962 -0.00492847 0.00511256
1058000 5.17408 -0.0046981 0.00512637
1059000 4.90833 -0.00264969 0.00486963
1060000 4.94157 -0.00476875 0.00490026
1061000 5.13426 -0.00543351 0.0050801
1062000 4.78728 -0.00726976 0.00474286
1063000 5.07918 -0.00159441 0.00503733
1064000 5.13154 -0.00367967 0.00509452
1065000 5.0395 -0.00312122 0.00499027
1066000 4.91367 -0.00682902 0.00486679
1067000 5.05955 -0.00854001 0.00500842
1068000 5.08536 -0.00547169 0.00503616
1069000 4.89046 -0.00493593 0.00484645
1070000 4.88954 -0.0085341 0.00483722
1071000 5.09885 -0.00601875 0.00504473
1072000 4.96862 -0.0077047 0.0049126
1073000 4.96422 -0.00372032 0.00491781
1074000 5.11073 -0.000756617 0.00508203
1075000 5.16081 -0.00354179 0.00510889
1076000 5.062 -0.0052803 0.0050186
1077000 4.9456 -0.00436338 0.00490404
1078000 5.134 -0.00579162 0.00509132
1079000 5.05159 -0.00356562 0.00500016
1080000 4.8622 -0.00252869 0.00481565
1081000 5.14885 -0.00340421 0.00510868
1082000 4.93154 -0.0023816 0.00489877
1083000 4.85989 -0.00830138 0.00480831
1084000 4.99495 -0.00710219 0.00494606
1085000 5.0906 -0.0034768 0.00504565
1086000 4.89879 -0.00539065 0.00484526
1087000 4.99182 -0.00430401 0.00494443
1088000 4.94155 -0.00696314 0.00489845
1089000 4.96949 -0.00371129 0.00492433
1090000 4.85972 -0.00277644 0.00480749
1091000 4.95367 -0.00278905 0.00491157
1092000 5.04857 -0.00177489 0.00501575
1093000 5.06925 -0.00545471 0.00501362
1094000 4.84655 -0.00573123 0.0047967
1095000 5.10348 -0.00559617 0.00505637
1096000 5.02423 -0.00686711 0.00497303
1097000 5.02038 -0.004977 0.00497076
1098000 5.22885 -0.00640142 0.00516991
1099000 5.04168 -0.00319993 0.00500827
1100000 4.89759 -0.00399975 0.00484589
