# Time-averaged data for fix 2
# TimeStep v_Temperature v_PotentialEnergy v_Pressure
1000 1.94147 -0.00909247 0.00191685
2000 1.85169 -0.003596 0.00183323
3000 1.9504 -0.00545144 0.00192943
4000 1.9228 -0.00825271 0.00189672
5000 1.93092 -0.00425699 0.00190767
6000 1.88816 -0.00810342 0.00186117
7000 1.89232 -0.00452719 0.0018791
8000 1.92122 -0.00589392 0.00189702
9000 1.9185 -0.00659665 0.00189758
10000 1.82451 -0.00660943 0.00179998
11000 1.8863 -0.00398036 0.00187345
12000 1.91686 -0.00543949 0.00189395
13000 1.8923 -0.00493295 0.0018722
14000 1.93574 -0.0035008 0.00191309
15000 1.84468 -0.00373605 0.0018271
16000 1.85863 -0.00516093 0.00183906
17000 1.97733 -0.00670735 0.00195416
18000 1.82997 -0.0117553 0.00180313
19000 1.90435 -0.00783798 0.00188333
20000 1.86972 -0.0124362 0.00184257
21000 1.97591 -0.0125082 0.00194873
22000 1.83032 -0.0105063 0.00180408
23000 1.9298 -0.0139681 0.00190387
24000 1.89939 -0.0128363 0.00186886
25000 1.86826 -0.0158384 0.00183811
26000 1.94777 -0.0148491 0.00191716
27000 1.92155 -0.0157965 0.00189282
28000 1.90944 -0.0118163 0.00188132
29000 1.93691 -0.0119201 0.0019074
30000 1.94638 -0.00745255 0.00192555
31000 1.95519 -0.00735251 0.00192897
32000 1.84535 -0.00873521 0.0018167
33000 1.98083 -0.00567499 0.00196604
34000 1.84114 -0.00803712 0.00181492
35000 1.88542 -0.0123339 0.00185862
36000 1.96725 -0.00725245 0.00194538
37000 1.84156 -0.00236561 0.00182019
38000 1.96487 -0.00686597 0.00194416
39000 1.88974 -0.00277196 0.00186552
40000 1.83974 -0.0028959 0.00182071
41000 1.92769 -0.00465748 0.00190428
42000 1.9469 -0.00787546 0.00192752
43000 1.89388 -0.00420934 0.00187515
44000 1.93553 -0.00696707 0.00191154
45000 1.93837 -0.00435611 0.00191662
46000 1.84554 -0.00597999 0.0018285
47000 1.9328 -0.00272129 0.00190989
48000 1.90381 -0.00609977 0.00187998
49000 1.88958 -0.00328794 0.00186549
50000 1.85035 -0.0054244 0.00183012
51000 1.90722 -0.00926102 0.00188716
52000 1.91984 -0.00393773 0.00190264
53000 1.90965 -0.0027007 0.00188986
54000 1.90967 -0.00407175 0.0018869
55000 1.89262 -0.00624968 0.00187051
56000 1.94633 -0.00533728 0.0019258
57000 1.91734 -0.00745694 0.00189489
58000 1.93055 -0.00425932 0.00191213
59000 1.88898 -0.00748613 0.00186318
60000 1.86543 -0.0139988 0.00183987
61000 1.97287 -0.0102817 0.0019418
62000 1.95103 -0.00494735 0.00193182
63000 1.87884 -0.00624006 0.00185761
64000 1.83322 -0.00545706 0.00181048
65000 1.91028 -0.00960827 0.00188806
66000 1.9 -0.0059012 0.00187514
67000 1.92622 -0.0107419 0.00190725
68000 1.86546 -0.0079359 0.00184202
69000 1.90409 -0.00698828 0.00188226
70000 1.96767 -0.005031 0.00194927
71000 1.84222 -0.00550406 0.00182286
72000 1.87915 -0.00293975 0.00186563
73000 1.95324 -0.00478359 0.00194083
74000 1.85105 -0.00515274 0.00183275
75000 1.90806 -0.00612622 0.00188835
76000 1.93652 -0.00578655 0.00191195
77000 1.84805 -0.00664255 0.00182576
78000 1.90974 -0.00281556 0.00189212
79000 1.94578 -0.00202007 0.00192727
80000 1.94898 -0.00306236 0.00192601
81000 1.82968 -0.00457352 0.00181044
82000 1.9182 -0.00318274 0.00189479
83000 1.9274 -0.0067131 0.00191011
84000 1.82772 -0.00814929 0.00181029
85000 1.87633 -0.00742045 0.00185207
86000 1.94185 -0.010039 0.00192113
87000 1.94098 -0.00673548 0.00192002
88000 1.89214 -0.00361273 0.00187239
89000 1.93377 -0.00800432 0.00190851
90000 1.88073 -0.00370106 0.00185921
91000 1.90393 -0.00124819 0.00189486
92000 1.86606 -0.00791357 0.00184751
93000 1.92484 -0.00363283 0.0019029
94000 1.9364 -0.00783699 0.00191417
95000 1.87957 -0.00764502 0.00185873
96000 1.87838 -0.00572034 0.00185145
97000 1.87691 -0.00527959 0.00185924
98000 1.94991 -0.00643934 0.00192749
99000 1.86974 -0.0077493 0.00184313
100000 1.9133 -0.00346926 0.00189394
101000 1.90209 -0.0158303 0.0018749
102000 1.89276 -0.0149174 0.00185991
103000 1.91726 -0.0120989 0.00188985
104000 1.88938 -0.0069867 0.00186614
105000 1.92326 -0.00973795 0.00189813
106000 1.90763 -0.00953052 0.00188292
107000 1.88498 -0.00438673 0.00186498
108000 1.87806 -0.00406374 0.00185652
109000 1.94834 -0.00574121 0.00192877
110000 1.86862 -0.00170518 0.00185472
111000 1.89935 -0.00282778 0.00187807
112000 1.91029 -0.00630299 0.00188408
113000 1.8846 -0.00216688 0.00186351
114000 1.88372 -0.0132771 0.00185569
115000 1.90565 -0.00746932 0.00187923
116000 1.88683 -0.00874693 0.00186622
117000 1.8929 -0.00706609 0.00187537
118000 1.86238 -0.00923296 0.00183578
119000 1.91681 -0.00540918 0.0019021
120000 1.88989 -0.00558468 0.00186814
121000 1.92746 -0.00439382 0.00190615
122000 1.90519 -0.0112877 0.00188216
123000 1.91261 -0.00710609 0.00188821
124000 1.87276 -0.00453117 0.00185265
125000 1.94427 -0.00567133 0.00192344
126000 1.88661 -0.00482252 0.00186317
127000 1.87096 -0.0098875 0.00184944
128000 1.84341 -0.00809002 0.00182223
129000 1.93025 -0.00882712 0.00190532
130000 1.99397 -0.0110794 0.00196927
131000 1.83716 -0.0085488 0.00182083
132000 1.9471 -0.00351217 0.00193018
133000 1.83779 -0.00696474 0.00182451
134000 1.85566 -0.00668659 0.00183675
135000 1.91977 -0.0081549 0.00189352
136000 1.85302 -0.00761789 0.00183518
137000 1.95047 -0.0108602 0.00192295
138000 1.89042 -0.00640075 0.00186657
139000 1.86269 -0.00598437 0.00183545
140000 1.96877 -0.00666386 0.00194331
141000 1.88685 -0.00707828 0.00186812
142000 1.83741 -0.00999935 0.00180962
143000 1.8624 -0.00930896 0.00183527
144000 1.90037 -0.00476767 0.00188497
145000 1.84866 -0.00453305 0.0018338
146000 1.82305 -0.00554688 0.0017997
147000 1.85843 -0.00261259 0.00184221
148000 1.90298 -0.00408785 0.00187834
149000 1.87499 -0.00388766 0.00185878
150000 1.91906 -0.00279406 0.00190132
151000 1.85046 -0.00492734 0.00182613
152000 1.94195 -0.0056879 0.00192468
153000 1.90516 -0.00871078 0.00187664
154000 1.89702 -0.0133742 0.00186566
155000 1.92354 -0.00342966 0.00190622
156000 1.85653 -0.0042733 0.00183656
157000 1.89226 -0.00465063 0.00187251
158000 1.90107 -0.00447478 0.00187905
159000 1.91133 -0.00612604 0.00188962
160000 1.87766 -0.0023174 0.00185758
161000 1.87963 -0.0127819 0.00185308
162000 1.86931 -0.00369027 0.00185421
163000 1.91193 -0.00608047 0.00188769
164000 1.95471 -0.00620723 0.0019366
165000 1.81113 -0.00713929 0.00179401
166000 1.95827 -0.00583415 0.00193532
167000 1.8431 -0.00483767 0.00183034
168000 1.90741 -0.00619797 0.00188518
169000 1.93904 -0.00633074 0.00191571
170000 1.84615 -0.00864771 0.00182393
171000 1.92834 -0.00285181 0.00191247
172000 1.9083 -0.00408115 0.00188367
173000 1.88025 -0.0109217 0.00185534
174000 1.9241 -0.0134808 0.0018948
175000 1.8908 -0.00941437 0.00186817
176000 1.89289 -0.0065463 0.00186723
177000 1.89487 -0.00466671 0.00187905
178000 1.9372 -0.00922289 0.00191123
179000 1.83683 -0.00626938 0.0018151
180000 1.92182 -0.0104633 0.00189979
181000 1.88876 -0.00696224 0.00187293
182000 1.91629 -0.0086983 0.00189245
183000 1.86873 -0.00585581 0.00184715
184000 1.87972 -0.00609569 0.00186296
185000 1.92259 -0.00453535 0.00189921
186000 1.93182 -0.0172881 0.00189948
187000 1.93164 -0.00591148 0.00190896
188000 1.92286 -0.00650378 0.0018966
189000 1.8813 -0.00476651 0.00186097
190000 1.93963 -0.00365371 0.00191941
191000 1.93509 -0.00290268 0.00191441
192000 1.91205 -0.00687855 0.00189283
193000 1.90999 -0.00989046 0.00188371
194000 1.85864 -0.00494173 0.00183844
195000 1.92519 -0.00435754 0.00190306
196000 1.90515 -0.00307126 0.00188464
197000 1.86814 -0.00405709 0.0018458
198000 1.90493 -0.00493392 0.00188092
199000 1.9138 -0.00915203 0.00188853
200000 1.89078 -0.00400598 0.00187213
201000 1.93633 -0.0087825 0.00191643
202000 1.91503 -0.0102638 0.00190374
203000 1.87486 -0.00588358 0.00185169
204000 1.93514 -0.00435166 0.00191511
205000 1.83145 -0.00684066 0.00180754
206000 1.89206 -0.00517335 0.00187041
207000 1.92621 -0.00805673 0.00190812
208000 1.90077 -0.00351673 0.00188131
209000 1.91066 -0.00220616 0.00189645
210000 1.89409 -0.0063369 0.0018704
211000 1.89406 -0.00359909 0.0018709
212000 1.967 -0.00830462 0.0019412
213000 1.82273 -0.00540324 0.00180194
214000 1.94783 -0.0107989 0.00191965
215000 1.83396 -0.00818755 0.00181661
216000 1.9881 -0.00592277 0.0019701
217000 1.85672 -0.0102383 0.00183151
218000 1.90134 -0.00416876 0.00188113
219000 1.94331 -0.0054777 0.00192233
220000 1.86858 -0.00460061 0.00184607
221000 1.93679 -0.0086944 0.00191522
222000 1.89698 -0.00805653 0.00187271
223000 1.87778 -0.00433639 0.00186182
224000 1.96106 -0.00380967 0.00194642
225000 1.82936 -0.00510423 0.0018066
226000 1.92554 -0.00438377 0.00190596
227000 1.94878 -0.00359003 0.00193334
228000 1.87555 -0.00520329 0.00186266
229000 1.9006 -0.0041687 0.00188298
230000 1.93896 -0.00517009 0.00191394
231000 1.83898 -0.00957991 0.00181308
232000 1.90035 -0.00506408 0.00187851
233000 1.95634 -0.00244711 0.00193833
234000 1.88272 -0.00491596 0.00186035
235000 1.88701 -0.00410388 0.00186587
236000 1.89903 -0.00190971 0.00188304
237000 1.93162 -0.00660184 0.0019111
238000 1.92343 -0.00329283 0.00190497
239000 1.92939 -0.00371949 0.00191074
240000 1.92462 -0.00804395 0.00191026
241000 1.92485 -0.0188727 0.00190669
242000 1.93013 -0.0104212 0.00190529
243000 1.94343 -0.0133746 0.00191921
244000 1.92207 -0.0134727 0.00190103
245000 1.89235 -0.0138205 0.0018879
246000 1.89564 -0.0157097 0.00186778
247000 1.90372 -0.0180181 0.00187584
248000 1.90088 -0.0141634 0.00187594
249000 1.93641 -0.0166919 0.00191242
250000 1.89157 -0.0105232 0.00187136
251000 1.94324 -0.0158593 0.00191889
252000 1.91929 -0.0166098 0.00189171
253000 1.84066 -0.0133112 0.001828
254000 1.87503 -0.0165406 0.00184939
255000 1.92868 -0.0140393 0.00190236
256000 1.89597 -0.0148943 0.00187848
257000 1.97692 -0.0159705 0.00195512
258000 1.92355 -0.0105239 0.00191627
259000 1.88115 -0.0183776 0.00185592
260000 1.91419 -0.0104071 0.00189619
261000 1.85946 -0.0100975 0.0018408
262000 1.8951 -0.00988196 0.00187044
263000 1.92347 -0.00979198 0.0018995
264000 1.9063 -0.0110195 0.00188516
265000 1.91311 -0.0117863 0.0018874
266000 1.8362 -0.0127407 0.00180997
267000 1.87811 -0.0107704 0.00185489
268000 1.95085 -0.0140862 0.00192475
269000 1.96747 -0.0105491 0.00194688
270000 1.83461 -0.0107374 0.00181098
271000 1.94029 -0.0080367 0.00192466
272000 1.88629 -0.00498303 0.00186307
273000 1.87453 -0.00602202 0.0018558
274000 1.90838 -0.00472288 0.00188582
275000 1.97584 -0.00443578 0.00195635
276000 1.92678 -0.00695766 0.00190433
277000 1.88666 -0.00885637 0.00186555
278000 1.94599 -0.00480323 0.0019228
279000 1.97689 -0.00523062 0.0019557
280000 1.83142 -0.00771945 0.0018086
281000 1.94152 -0.00607215 0.00191766
282000 1.81714 -0.00492757 0.0017939
283000 1.95668 -0.00778655 0.00193463
284000 1.9081 -0.004541 0.00188852
285000 1.85452 -0.0036422 0.00184737
286000 1.91302 -0.00254536 0.00188953
287000 1.86967 -0.00931277 0.00184535
288000 1.94989 -0.0130447 0.00191885
289000 1.87027 -0.00641938 0.00185074
290000 1.92296 -0.00420711 0.00190072
291000 1.91292 -0.00678822 0.00189543
292000 1.90982 -0.00836827 0.00188639
293000 1.84181 -0.00272527 0.00182177
294000 1.8971 -0.00429106 0.00187862
295000 1.91782 -0.00606516 0.00189592
296000 1.87535 -0.00884003 0.00185262
297000 1.81653 -0.00633228 0.00179045
298000 1.90191 -0.0152739 0.00186805
299000 1.9359 -0.0116927 0.00191353
300000 1.90179 -0.00699729 0.00188443
301000 1.8783 -0.00758651 0.00185519
302000 1.89097 -0.00897714 0.00186876
303000 1.93798 -0.00234431 0.00192429
304000 1.89197 -0.0076825 0.00186869
305000 1.89052 -0.0119182 0.00186088
306000 1.92418 -0.0160147 0.00189485
307000 1.89992 -0.00788594 0.00187378
308000 1.84613 -0.0056519 0.00182732
309000 1.84213 -0.00458249 0.00182789
310000 1.95672 -0.00845227 0.00193104
311000 1.85149 -0.00394015 0.00183854
312000 1.98345 -0.0055624 0.0019613
313000 1.84336 -0.00427069 0.0018265
314000 1.94737 -0.00562842 0.00192432
315000 1.96068 -0.00642758 0.00193724
316000 1.88415 -0.00828815 0.00185856
317000 1.86756 -0.00287579 0.00184956
318000 1.88555 -0.00322582 0.00186327
319000 1.92212 -0.00933734 0.00189693
320000 1.85697 -0.00455441 0.0018352
321000 1.86069 -0.00809665 0.00184891
322000 1.95357 -0.0093905 0.00193615
323000 1.8699 -0.00304433 0.00185119
324000 1.86431 -0.00419696 0.001843
325000 1.98128 -0.00475379 0.00196713
326000 1.89093 -0.00843834 0.0018758
327000 1.85807 -0.00407748 0.00183995
328000 1.91832 -0.00494971 0.00189926
329000 1.92925 -0.00849791 0.00190606
330000 1.90289 -0.00531077 0.00188342
331000 1.91306 -0.00393372 0.00189077
332000 1.89746 -0.00918927 0.00187468
333000 1.92196 -0.00952582 0.00189742
334000 1.93293 -0.00512061 0.0019135
335000 1.83783 -0.00372322 0.00181788
336000 1.86345 -0.00547949 0.00183959
337000 1.96054 -0.00837238 0.00193613
338000 1.8616 -0.0122208 0.00184511
339000 1.89056 -0.0114757 0.00186982
340000 1.9365 -0.00515757 0.00191484
341000 1.87997 -0.0037248 0.00185766
342000 1.86741 -0.00468564 0.00184982
343000 1.8345 -0.00819039 0.00180903
344000 1.88296 -0.0065957 0.00186452
345000 1.89431 -0.0030433 0.00188106
346000 1.92481 -0.00281709 0.00191264
347000 1.89819 -0.00676518 0.00187462
348000 1.8831 -0.00848486 0.0018625
349000 1.88428 -0.00976705 0.0018566
350000 1.96911 -0.00635774 0.00195221
351000 1.87786 -0.00911796 0.00185229
352000 1.88056 -0.00507775 0.00186288
353000 1.92856 -0.00154142 0.00191566
354000 1.88949 -0.00719098 0.00187252
355000 1.90354 -0.00217812 0.00188038
356000 1.91251 -0.0059907 0.00188793
357000 1.85629 -0.0059244 0.00183785
358000 1.83512 -0.00642635 0.00181571
359000 1.93833 -0.00494335 0.00191371
360000 1.90131 -0.00816571 0.00187436
361000 1.90356 -0.00750468 0.00188105
362000 1.85352 -0.00658118 0.00183552
363000 1.88044 -0.00540178 0.00186074
364000 1.84578 -0.00508817 0.00182761
365000 1.86266 -0.00624414 0.00183726
366000 1.87847 -0.00514682 0.00186849
367000 1.91254 -0.00404029 0.00189226
368000 1.90264 -0.00270671 0.00188625
369000 1.89694 -0.00701512 0.00187647
370000 1.89711 -0.00505948 0.00187647
371000 1.90054 -0.00489069 0.00188373
372000 1.92543 -0.00605999 0.00190495
373000 1.93257 -0.00589073 0.0019101
374000 1.9217 -0.00601932 0.00189847
375000 1.88274 -0.00455587 0.00186252
376000 1.88613 -0.00835687 0.00186382
377000 1.92721 -0.00715193 0.001908
378000 1.84932 -0.00762004 0.00183074
379000 1.85026 -0.00238068 0.00182904
380000 1.90466 -0.00407686 0.00188491
381000 1.89264 -0.00691154 0.00186889
382000 1.85978 -0.00508407 0.00184254
383000 1.89957 -0.00632101 0.00187788
384000 1.9212 -0.00234095 0.00190337
385000 1.91051 -0.00645976 0.00189001
386000 1.90112 -0.00720444 0.00187642
387000 1.91906 -0.00667185 0.00189623
388000 1.84886 -0.00599989 0.00182584
389000 1.83831 -0.00463939 0.00181956
390000 1.86077 -0.00491078 0.00183674
391000 1.9098 -0.0085449 0.00189474
392000 1.90076 -0.00706841 0.00188134
393000 1.88811 -0.0114453 0.00186022
394000 1.90882 -0.00477681 0.00188738
395000 1.93281 -0.00548462 0.00191726
396000 1.85284 -0.00933892 0.00183105
397000 1.85891 -0.00435812 0.00184583
398000 1.91387 -0.0102848 0.00188783
399000 1.8464 -0.00306585 0.00182579
400000 1.8277 -0.0121915 0.00180014
401000 1.90514 -0.0101532 0.00187677
402000 1.90513 -0.00455045 0.00188207
403000 1.89239 -0.00541333 0.00186758
404000 1.83767 -0.00330023 0.00181634
405000 1.88775 -0.00970279 0.00186592
406000 1.8977 -0.00390604 0.00187784
407000 1.90356 -0.0103482 0.00188381
408000 1.93357 -0.00932711 0.00190415
409000 1.93955 -0.0120456 0.00190852
410000 1.82833 -0.0140111 0.00179489
411000 1.93798 -0.00507544 0.00191566
412000 1.97248 -0.00677101 0.00195017
413000 1.91376 -0.0121949 0.00188668
414000 1.93024 -0.00209936 0.00191383
415000 1.83861 -0.011827 0.00181623
416000 1.95251 -0.00882033 0.00193421
417000 1.95281 -0.0068059 0.00192963
418000 1.88673 -0.00703107 0.00186643
419000 1.91886 -0.00502497 0.00190098
420000 1.9102 -0.00418292 0.00188956
421000 1.9301 -0.00482587 0.00191197
422000 1.88229 -0.00730137 0.00186209
423000 1.91671 -0.00834742 0.00189292
424000 1.88998 -0.00587522 0.00186645
425000 1.88258 -0.00749113 0.00186213
426000 1.87349 -0.00740023 0.00185427
427000 1.87533 -0.00438532 0.00185628
428000 1.90039 -0.00740033 0.00187998
429000 1.90745 -0.0106417 0.00188653
430000 1.86768 -0.0117153 0.00184062
431000 1.87926 -0.00827157 0.00185909
432000 1.95324 -0.00884451 0.00193313
433000 1.92934 -0.00771574 0.00191065
434000 1.85114 -0.0131684 0.00182817
435000 1.91057 -0.0161509 0.00188677
436000 1.97876 -0.0137703 0.00195032
437000 1.93704 -0.013316 0.00191946
438000 1.84943 -0.019022 0.00181876
439000 1.91916 -0.0162496 0.00188824
440000 1.89582 -0.0124928 0.00187204
441000 1.87442 -0.0156589 0.00184986
442000 1.90408 -0.0119173 0.00188693
443000 1.92761 -0.0117519 0.00191266
444000 1.86252 -0.0155285 0.00184161
445000 1.90944 -0.0153717 0.00188615
446000 1.88248 -0.0131183 0.00185999
447000 1.9075 -0.0121252 0.0018845
448000 1.91332 -0.0148269 0.00188945
449000 1.88398 -0.0128269 0.00186049
450000 1.91529 -0.014869 0.00189562
451000 1.86611 -0.0144108 0.00185002
452000 1.94191 -0.0150286 0.0019202
453000 1.891 -0.0142817 0.00187862
454000 1.87587 -0.0164599 0.0018545
455000 1.93668 -0.0119641 0.00192131
456000 1.87875 -0.0121543 0.00185811
457000 1.91976 -0.0163245 0.00189461
458000 1.91895 -0.0130113 0.0019025
459000 1.9035 -0.0123057 0.00188165
460000 1.88647 -0.0116819 0.00186378
461000 1.92077 -0.00752551 0.00190947
462000 1.90508 -0.00469889 0.00188319
463000 1.86844 -0.0102378 0.00184664
464000 1.94711 -0.00606416 0.00192135
465000 1.89968 -0.00652981 0.00188278
466000 1.85735 -0.00762331 0.00183868
467000 1.93058 -0.00607803 0.00192261
468000 1.93567 -0.00565132 0.00191487
469000 1.92956 -0.0074125 0.00190305
470000 1.91497 -0.00275032 0.00189395
471000 1.83937 -0.00688886 0.00181557
472000 1.90155 -0.00467966 0.00188037
473000 1.92996 -0.00697569 0.00190606
474000 1.94759 -0.00477258 0.00192698
475000 1.84826 -0.00648706 0.00182669
476000 1.96175 -0.00529873 0.00194149
477000 1.85889 -0.00467464 0.00184261
478000 1.85165 -0.00427076 0.00183156
479000 1.96572 -0.00543553 0.0019463
480000 1.90575 -0.00440493 0.00188619
481000 1.88837 -0.00965386 0.00185851
482000 1.91787 -0.00568191 0.00189871
483000 1.89478 -0.00752428 0.00187568
484000 1.91322 -0.00777613 0.00189088
485000 1.90303 -0.0133852 0.00187971
486000 1.9409 -0.0133059 0.00191528
487000 1.85239 -0.0162931 0.00182819
488000 1.95945 -0.0165039 0.00192996
489000 1.88032 -0.0171507 0.00185914
490000 1.88274 -0.0191241 0.00185198
491000 1.94168 -0.0249187 0.00190886
492000 1.96984 -0.0219007 0.00193874
493000 1.93744 -0.0226462 0.00191883
494000 1.88923 -0.0221227 0.00186832
495000 1.93479 -0.0250076 0.00190089
496000 1.89535 -0.0211052 0.00186998
497000 1.87843 -0.0230105 0.00185141
498000 1.957 -0.0199186 0.00192807
499000 1.86841 -0.0236834 0.00184265
500000 1.90163 -0.0178092 0.00187256
501000 1.94539 -0.0175733 0.00191929
502000 1.88791 -0.0156185 0.00185746
503000 1.9275 -0.0158529 0.00189979
504000 1.97787 -0.0133381 0.00194838
505000 1.9248 -0.0148638 0.00190556
506000 1.88956 -0.0165521 0.00186259
507000 1.92446 -0.012772 0.00189959
508000 1.8628 -0.0108705 0.00183425
509000 1.91231 -0.00375439 0.0018929
510000 1.90467 -0.00351234 0.00188534
511000 1.93056 -0.00518659 0.00190696
512000 1.90836 -0.00534106 0.00188586
513000 1.91994 -0.0122331 0.00189655
514000 1.91328 -0.0112686 0.00188907
515000 1.93173 -0.00972394 0.00190977
516000 1.91867 -0.00399292 0.0019059
517000 1.8946 -0.00778826 0.00187353
518000 1.87714 -0.00973796 0.00185118
519000 1.90139 -0.00227301 0.00187947
520000 1.95463 -0.00715169 0.00193117
521000 1.86761 -0.00447858 0.00184495
522000 1.89628 -0.00601734 0.00187057
523000 1.91148 -0.00374744 0.00188841
524000 1.88885 -0.00649386 0.00187169
525000 1.90484 -0.00324954 0.00188379
526000 1.91214 -0.00634914 0.00189013
527000 1.88551 -0.00497 0.00186101
528000 1.88344 -0.00687092 0.00185842
529000 1.88092 -0.00551024 0.00185711
530000 1.92219 -0.00789058 0.00189574
531000 1.90032 -0.00914873 0.00187452
532000 1.86793 -0.00585638 0.00184167
533000 1.88024 -0.00447022 0.00186526
534000 1.91771 -0.00820455 0.00189725
535000 1.86871 -0.00307823 0.00184597
536000 1.95369 -0.00678723 0.00192785
537000 1.88239 -0.00657777 0.00186204
538000 1.923 -0.00549344 0.00190182
539000 1.91326 -0.00453461 0.00189129
540000 1.88384 -0.00411989 0.00186316
541000 1.87897 -0.00726825 0.00185995
542000 1.95199 -0.00361542 0.00192978
543000 1.85878 -0.00354863 0.00183997
544000 1.92568 -0.00782434 0.00190354
545000 1.89076 -0.00426259 0.00186998
546000 1.90027 -0.00304956 0.00188094
547000 1.86907 -0.00940138 0.00185154
548000 1.95555 -0.00489462 0.0019327
549000 1.90139 -0.0043219 0.00188222
550000 1.8686 -0.00815799 0.00184286
551000 1.89656 -0.0134277 0.0018741
552000 1.88677 -0.00516492 0.0018691
553000 1.90942 -0.00688633 0.00189031
554000 1.90556 -0.00801623 0.00188305
555000 1.90423 -0.00550397 0.00188839
556000 1.95384 -0.0151329 0.00192478
557000 1.92645 -0.00859756 0.00189573
558000 1.93689 -0.00329269 0.00191395
559000 1.93806 -0.00304022 0.00192318
560000 1.90718 -0.0085394 0.00188401
561000 1.90905 -0.0117845 0.00187993
562000 1.8571 -0.00891924 0.00183362
563000 1.8883 -0.00651741 0.00186199
564000 1.91185 -0.00889003 0.00188968
565000 1.86322 -0.00632636 0.00184624
566000 1.92173 -0.00504911 0.00189753
567000 1.90845 -0.00646405 0.00188573
568000 1.91741 -0.00691409 0.00189484
569000 1.86097 -0.00402522 0.00183871
570000 1.93134 -0.00531917 0.00191364
571000 1.93574 -0.00240861 0.00191462
572000 1.89847 -0.00630033 0.00188234
573000 1.90975 -0.00135592 0.00188801
574000 1.85233 -0.00641361 0.00182604
575000 1.906 -0.00471252 0.00188784
576000 1.88788 -0.00455403 0.00186904
577000 1.86061 -0.00676045 0.00184457
578000 1.927 -0.00362812 0.00190593
579000 1.90889 -0.00929035 0.00188683
580000 1.87012 -0.0087907 0.00184222
581000 1.8325 -0.00650787 0.00181689
582000 1.85124 -0.00500017 0.00183803
583000 1.93124 -0.00517552 0.0019114
584000 1.92775 -0.00569566 0.00190363
585000 1.83961 -0.00640497 0.00181604
586000 1.90861 -0.0109238 0.00188814
587000 1.89615 -0.012053 0.00187224
588000 1.93117 -0.00785663 0.00190618
589000 1.90895 -0.0063236 0.00189287
590000 1.91489 -0.00449715 0.00189206
591000 1.89849 -0.00928149 0.00187362
592000 1.91797 -0.00540189 0.00189753
593000 1.89955 -0.00509459 0.00187552
594000 1.87011 -0.00364893 0.00185506
595000 1.98778 -0.00668145 0.00196165
596000 1.85904 -0.00120563 0.00184214
597000 1.92498 -0.00471249 0.00190827
598000 1.89097 -0.00863851 0.00186562
599000 1.87502 -0.00852787 0.00185344
600000 1.84597 -0.0046018 0.00183155
601000 1.89293 -0.0040015 0.00186842
602000 1.94466 -0.00846156 0.00191753
603000 1.85292 -0.00994452 0.00183152
604000 1.87321 -0.00595225 0.0018603
605000 1.89564 -0.0089009 0.00187541
606000 1.87381 -0.00767839 0.00185417
607000 1.83888 -0.00543712 0.00181791
608000 1.86875 -0.0065776 0.00184534
609000 1.88782 -0.00949615 0.00186127
610000 1.85147 -0.00328518 0.00183101
611000 1.82283 -0.00425749 0.0018036
612000 1.95629 -0.00905324 0.00193902
613000 1.94081 -0.00166069 0.00192371
614000 1.8469 -0.00269197 0.00183342
615000 1.95397 -0.00607976 0.00193435
616000 1.91151 -0.00543717 0.00189176
617000 1.91315 -0.00680103 0.00189618
618000 1.86856 -0.00621125 0.00184945
619000 1.93285 -0.00652643 0.00191579
620000 1.84891 -0.00373874 0.00183171
621000 1.88745 -0.00489695 0.00186971
622000 1.88192 -0.00630837 0.00186609
623000 1.84475 -0.0039521 0.00183005
624000 1.93349 -0.00668582 0.00190738
625000 1.89673 -0.00724899 0.00187443
626000 1.8525 -0.00389791 0.00184057
627000 1.95221 -0.00584764 0.00193556
628000 1.86852 -0.00555228 0.00184824
629000 1.87975 -0.00355569 0.00186149
630000 1.88565 -0.007244 0.00186147
631000 1.93726 -0.00372981 0.00191684
632000 1.8468 -0.00459133 0.00182208
633000 1.88557 -0.00754294 0.00186114
634000 1.90609 -0.00740812 0.00188132
635000 1.94842 -0.0029798 0.00192381
636000 1.84489 -0.0037309 0.00182347
637000 1.9004 -0.00601539 0.00188573
638000 1.94472 -0.00708703 0.00192418
639000 1.83702 -0.00621426 0.00181623
640000 1.92332 -0.0132386 0.00189613
641000 1.98013 -0.0147583 0.00195154
642000 1.93421 -0.0101835 0.0019094
643000 1.88743 -0.0117766 0.00186514
644000 1.94897 -0.0125354 0.00192815
645000 1.95407 -0.00790457 0.00192908
646000 1.83757 -0.0083425 0.00181169
647000 1.91319 -0.0140936 0.00188886
648000 1.94503 -0.00953318 0.00191665
649000 1.85468 -0.00571219 0.00184295
650000 1.92071 -0.00505832 0.0019024
651000 1.88696 -0.00511485 0.00187863
652000 1.89937 -0.00552133 0.00187656
653000 1.9111 -0.0107348 0.00188321
654000 1.85891 -0.00260427 0.00184571
655000 1.96121 -0.00912853 0.00193396
656000 1.87134 -0.00471338 0.00185149
657000 1.87977 -0.00806498 0.00185111
658000 1.93844 -0.00367024 0.00191503
659000 1.87943 -0.00426687 0.00185997
660000 1.909 -0.00424491 0.00188773
661000 1.89848 -0.00500762 0.00187633
662000 1.90839 -0.0055549 0.00190247
663000 1.89518 -0.00382321 0.001883
664000 1.88497 -0.00598317 0.00185832
665000 1.94495 -0.0079038 0.00192723
666000 1.84691 -0.00631801 0.00183018
667000 1.91088 -0.00356243 0.00189047
668000 1.97345 -0.00537413 0.0019537
669000 1.86664 -0.00600817 0.00184856
670000 1.85752 -0.00602576 0.00183396
671000 1.86852 -0.00283478 0.00185322
672000 1.95341 -0.00390513 0.00194047
673000 1.896 -0.00512993 0.00187106
674000 1.87808 -0.00461532 0.00185741
675000 1.89159 -0.00588767 0.00186801
676000 1.92075 -0.00443721 0.00190297
677000 1.94812 -0.00682229 0.00193203
678000 1.9056 -0.00685312 0.00188535
679000 1.93194 -0.00543544 0.00191166
680000 1.87375 -0.003307 0.00185118
681000 1.87973 -0.00860418 0.00185275
682000 1.96261 -0.00612812 0.00194085
683000 1.86594 -0.00347606 0.001844
684000 1.88935 -0.00688573 0.00187416
685000 1.9217 -0.00294381 0.00190159
686000 1.87657 -0.00479123 0.00185697
687000 1.92147 -0.00548929 0.00190263
688000 1.89115 -0.00833714 0.00186932
689000 1.90511 -0.00787722 0.00187716
690000 1.89017 -0.00825711 0.00186388
691000 1.89666 -0.00903178 0.00186997
692000 1.94733 -0.00658037 0.00192529
693000 1.85998 -0.00589919 0.00183579
694000 1.86581 -0.00669175 0.00184437
695000 1.97183 -0.00576097 0.00194942
696000 1.83437 -0.00648638 0.00181354
697000 1.95198 -0.00544136 0.00192805
698000 1.9413 -0.00160992 0.0019226
699000 1.86076 -0.00663083 0.00183896
700000 1.95165 -0.00624684 0.00193163
701000 1.8851 -0.00456128 0.00186217
702000 1.88551 -0.00496067 0.00186702
703000 1.8862 -0.00449416 0.00186607
704000 1.81443 -0.0120284 0.00179257
705000 1.96461 -0.00539166 0.00194294
706000 1.8644 -0.007357 0.00184943
707000 1.87063 -0.00590616 0.00185197
708000 1.97134 -0.00441043 0.00194945
709000 1.81601 -0.00445155 0.00179899
710000 1.91529 -0.00941206 0.00189208
711000 1.90599 -0.00899066 0.0018812
712000 1.89427 -0.00555128 0.00187211
713000 1.95491 -0.00520256 0.00193305
714000 1.90127 -0.00329689 0.00188653
715000 1.84166 -0.00689233 0.00182576
716000 1.91466 -0.00697314 0.00189134
717000 1.91993 -0.00580924 0.001899
718000 1.88531 -0.00737114 0.00186114
719000 1.87715 -0.00512693 0.00185604
720000 1.91822 -0.00736807 0.00189697
721000 1.93508 -0.00762776 0.00190955
722000 1.93863 -0.00321495 0.0019154
723000 1.86714 -0.00285977 0.0018473
724000 1.92551 -0.00445706 0.00190851
725000 1.81165 -0.00675459 0.00179156
726000 1.9394 -0.00494177 0.00191558
727000 1.86934 -0.0127748 0.00184276
728000 1.92087 -0.0145853 0.00189952
729000 1.96764 -0.0117379 0.00193921
730000 1.86905 -0.0131027 0.00184332
731000 1.91495 -0.0115492 0.00189035
732000 1.9021 -0.0144377 0.00187339
733000 1.81278 -0.0116863 0.00178743
734000 1.97316 -0.0118165 0.00194262
735000 1.85591 -0.00991965 0.00183052
736000 1.98877 -0.0105021 0.00196593
737000 1.91333 -0.00242274 0.00189219
738000 1.86267 -0.00574293 0.00183974
739000 1.92558 -0.00334862 0.00190126
740000 1.88772 -0.00243405 0.00187689
741000 1.88189 -0.00799918 0.00186286
742000 1.84821 -0.00466575 0.00182692
743000 1.89315 -0.00725792 0.00187335
744000 1.89043 -0.00637133 0.00187871
745000 1.94052 -0.00718433 0.00191791
746000 1.89358 -0.00469734 0.00187425
747000 1.86489 -0.00581579 0.00184551
748000 1.88871 -0.00347947 0.00186977
749000 1.88423 -0.00362402 0.00186416
750000 1.90549 -0.00273433 0.00188947
751000 1.87409 -0.00532317 0.00185942
752000 1.87275 -0.00506669 0.00185838
753000 1.92064 -0.00410252 0.00190368
754000 1.85819 -0.0111049 0.00183722
755000 1.86125 -0.00916642 0.00183525
756000 1.92179 -0.00607055 0.00190021
757000 1.87817 -0.000999635 0.00186185
758000 1.88449 -0.00351415 0.00186407
759000 1.99005 -0.0058834 0.00196402
760000 1.92507 -0.0106034 0.0018969
761000 1.82882 -0.00932838 0.00180804
762000 1.93364 -0.00696421 0.00190829
763000 1.93188 -0.00462375 0.00191183
764000 1.92689 -0.00295518 0.00190294
765000 1.90001 -0.0059888 0.00188118
766000 1.86742 -0.005941 0.00184478
767000 1.98205 -0.00485595 0.00196407
768000 1.83952 -0.0081448 0.00181342
769000 1.91515 -0.00309701 0.00189411
770000 1.91529 -0.0016613 0.00189498
771000 1.85655 -0.00809027 0.00183044
772000 1.96869 -0.00262403 0.0019458
773000 1.94645 -0.00263694 0.00192422
774000 1.88602 -0.00690525 0.00186252
775000 1.94472 -0.00430865 0.00191998
776000 1.96776 -0.00863167 0.00194115
777000 1.91339 -0.00238379 0.00189361
778000 1.91881 -0.00862916 0.00189239
779000 1.92888 -0.00692361 0.00190496
780000 1.91281 -0.00651041 0.00188849
781000 1.88487 -0.00422853 0.00186624
782000 1.93795 -0.00694744 0.0019127
783000 1.88639 -0.00514641 0.00186325
784000 1.92728 -0.00346583 0.00190959
785000 1.81886 -0.00691622 0.0017986
786000 1.97061 -0.0100399 0.00194689
787000 1.84576 -0.00375167 0.0018242
788000 1.97978 -0.00637172 0.00196043
789000 1.81855 -0.00537202 0.00179613
790000 1.87805 -0.00467399 0.00185585
791000 1.95727 -0.00494139 0.00193347
792000 1.94352 -0.00471673 0.0019233
793000 1.88332 -0.004076 0.00186172
794000 1.89109 -0.00947498 0.0018679
795000 1.94267 -0.0140835 0.00191896
796000 1.8615 -0.0113608 0.00183675
797000 1.96127 -0.0105842 0.00193686
798000 1.87174 -0.00818532 0.00184516
799000 1.86385 -0.008987 0.00183994
800000 1.89352 -0.00550973 0.00187393
801000 1.93239 -0.00457162 0.00190917
802000 1.919 -0.00733534 0.00189518
803000 1.91249 -0.00441558 0.00188847
804000 1.9138 -0.00408636 0.00189365
805000 1.91179 -0.00537397 0.00189127
806000 1.89717 -0.00655582 0.0018734
807000 1.94295 -0.00472588 0.0019292
808000 1.92468 -0.00692896 0.00190141
809000 1.87546 -0.00398849 0.00185663
810000 1.8873 -0.00455038 0.00186604
811000 1.90229 -0.00145223 0.00188209
812000 1.91843 -0.00594016 0.00189452
813000 1.8928 -0.00839987 0.00186274
814000 1.87017 -0.00803382 0.00184611
815000 1.87745 -0.00507777 0.0018522
816000 1.94112 -0.0031385 0.00191808
817000 1.8623 -0.00436221 0.00183919
818000 1.87382 -0.00247483 0.00185422
819000 1.95049 -0.00482299 0.00193499
820000 1.81494 -0.00626664 0.00179359
821000 1.98089 -0.00591031 0.00195665
822000 1.84113 -0.00574391 0.00182277
823000 1.95759 -0.00728258 0.00193926
824000 1.81416 -0.00845443 0.00179233
825000 1.89905 -0.00728204 0.00188188
826000 1.88892 -0.00870809 0.00186536
827000 1.96502 -0.00905776 0.00194104
828000 1.9294 -0.00678221 0.00190212
829000 1.82269 -0.00649612 0.00179916
830000 1.9505 -0.00634566 0.00193003
831000 1.861 -0.00649727 0.00184336
832000 1.90817 -0.00371981 0.00188806
833000 1.89145 -0.0045027 0.00187128
834000 1.91555 -0.00274211 0.00189232
835000 1.88168 -0.0113027 0.00185038
836000 1.93525 -0.0135204 0.00190961
837000 1.91112 -0.00983943 0.00189007
838000 1.91791 -0.0122428 0.00188729
839000 1.87457 -0.0149915 0.00184618
840000 1.93878 -0.01125 0.00191383
841000 1.89995 -0.0114605 0.00187925
842000 1.90095 -0.0084468 0.00187756
843000 1.88769 -0.0120249 0.00186368
844000 1.88533 -0.011575 0.0018605
845000 1.91344 -0.00876414 0.00188902
846000 1.90579 -0.00861277 0.00188088
847000 1.85327 -0.00953174 0.00182851
848000 1.90702 -0.0144823 0.00187976
849000 1.90235 -0.00924566 0.00188983
850000 1.93674 -0.00985564 0.00191113
851000 1.85371 -0.010406 0.00183319
852000 1.90114 -0.0143898 0.00187194
853000 1.86219 -0.0111915 0.00183905
854000 1.952 -0.00727602 0.00193191
855000 1.95488 -0.0107333 0.00192769
856000 1.8484 -0.00633191 0.0018276
857000 1.95008 -0.00414795 0.0019305
858000 1.88007 -0.00684504 0.00185678
859000 1.92526 -0.00646823 0.00190203
860000 1.8599 -0.00455669 0.0018411
861000 1.88263 -0.00721164 0.00185919
862000 1.85921 -0.00661219 0.00184007
863000 1.84496 -0.00186372 0.00182462
864000 1.96061 -0.00441703 0.00193549
865000 1.89098 -0.00569353 0.00186736
866000 1.85248 -0.00345445 0.00183258
867000 1.88314 -0.00568056 0.00186428
868000 1.97507 -0.00476256 0.00194936
869000 1.83766 -0.0056264 0.00181891
870000 1.94641 -0.00494482 0.00192247
871000 1.82989 -0.00412584 0.00180677
872000 1.96758 -0.00253126 0.00195691
873000 1.92293 -0.0108063 0.00189998
874000 1.87863 -0.00459175 0.00185691
875000 1.88365 -0.00656565 0.00185948
876000 1.88598 -0.00646236 0.0018666
877000 1.87847 -0.0067433 0.0018528
878000 1.90332 -0.00351087 0.0018797
879000 1.8907 -0.0110185 0.00186435
880000 1.91057 -0.00567934 0.00188752
881000 1.89031 -0.00786056 0.00186968
882000 1.88355 -0.0079888 0.00186182
883000 1.92592 -0.0118774 0.00190623
884000 1.88849 -0.00806081 0.0018642
885000 1.8895 -0.0033071 0.00186607
886000 1.90547 -0.00389255 0.00188578
887000 1.90303 -0.0142554 0.00187315
888000 1.91857 -0.00557072 0.00190183
889000 1.9014 -0.00387184 0.00187962
890000 1.92915 -0.00535369 0.00190674
891000 1.90477 -0.00483151 0.00188442
892000 1.89473 -0.00633828 0.00187403
893000 1.9001 -0.00587758 0.00188088
894000 1.8945 -0.00534981 0.00187899
895000 1.92697 -0.00721736 0.00190408
896000 1.87355 -0.00341377 0.00185373
897000 1.91922 -0.00744938 0.001897
898000 1.8807 -0.00208641 0.00186648
899000 1.92079 -0.00395234 0.00189919
900000 1.89439 -0.00423523 0.00188136
901000 1.87497 -0.00548037 0.00185127
902000 1.96127 -0.0102021 0.00192956
903000 1.86547 -0.00772346 0.00184555
904000 1.87237 -0.00467482 0.00185704
905000 1.96965 -0.0068058 0.00194425
906000 1.85948 -0.00410947 0.00183814
907000 1.8368 -0.0071245 0.0018137
908000 1.88551 -0.00392656 0.00186391
909000 1.93456 -0.00432976 0.00191508
910000 1.891 -0.00995417 0.00186534
911000 1.90674 -0.0112752 0.0018815
912000 1.86125 -0.00220307 0.00184166
913000 1.93674 -0.00499571 0.00191621
914000 1.90585 -0.0053354 0.00188481
915000 1.82239 -0.00276133 0.0018096
916000 1.91542 -0.0101751 0.00189237
917000 1.91074 -0.00426255 0.00189692
918000 1.8733 -0.00487596 0.00185859
919000 1.91108 -0.00719486 0.00189444
920000 1.91222 -0.00158745 0.00189031
921000 1.9013 -0.00709302 0.00187875
922000 1.91397 -0.00310793 0.00189171
923000 1.90887 -0.00566071 0.00188794
924000 1.89766 -0.00515164 0.00187838
925000 1.92831 -0.0057123 0.00190837
926000 1.92813 -0.00122446 0.00190645
927000 1.90446 -0.00889156 0.00188659
928000 1.91128 -0.00409826 0.00188967
929000 1.89494 -0.0115632 0.00186741
930000 1.88585 -0.00148704 0.00187017
931000 1.92581 -0.00364676 0.00190474
932000 1.92939 -0.00409577 0.00190814
933000 1.8422 -0.0066586 0.00183015
934000 1.94346 -0.00657373 0.00192057
935000 1.96065 -0.00764869 0.00193355
936000 1.92371 -0.00338792 0.00190137
937000 1.89595 -0.00516692 0.00187316
938000 1.93485 -0.00704996 0.00191205
939000 1.89134 -0.0095206 0.00187081
940000 1.93926 -0.00574451 0.00192303
941000 1.84197 -0.00743868 0.00181597
942000 1.87462 -0.00914573 0.00185459
943000 1.91225 -0.00818949 0.00188521
944000 1.95882 -0.00524516 0.0019368
945000 1.88769 -0.00586847 0.00186702
946000 1.89669 -0.00829667 0.00187208
947000 1.90282 -0.00537079 0.00188384
948000 1.92825 -0.00350509 0.00190448
949000 1.94451 -0.00583788 0.00191894
950000 1.84167 -0.00448182 0.00181894
951000 1.97896 -0.00407609 0.00195348
952000 1.84292 -0.00684405 0.00182067
953000 1.87939 -0.00515474 0.00185784
954000 1.92096 -0.00577841 0.0018969
955000 1.93833 -0.00322688 0.00191979
956000 1.88813 -0.00733441 0.00186654
957000 1.9468 -0.00622248 0.00192904
958000 1.88589 -0.00628282 0.00186519
959000 1.93071 -0.00772915 0.00190539
960000 1.85367 -0.00489248 0.00183365
961000 1.90546 -0.00647631 0.00188259
962000 1.88607 -0.00465966 0.00186459
963000 1.88634 -0.00480144 0.00186563
964000 1.92332 -0.00352428 0.0019041
965000 1.88625 -0.00377308 0.00186448
966000 1.8776 -0.00429689 0.00185829
967000 1.95346 -0.00834252 0.0019296
968000 1.90114 -0.00433227 0.00187944
969000 1.8469 -0.00332836 0.00182334
970000 1.93681 -0.00644647 0.00191752
971000 1.81946 -0.00520452 0.00179719
972000 1.9388 -0.00417759 0.0019203
973000 1.93883 -0.00552344 0.0019165
974000 1.93741 -0.00428501 0.00191741
975000 1.92976 -0.00952627 0.00190638
976000 1.92159 -0.00692515 0.00189983
977000 1.93142 -0.00346223 0.00191147
978000 1.91889 -0.00444963 0.00189334
979000 1.89456 -0.00690683 0.0018703
980000 1.88716 -0.00325493 0.0018656
981000 1.85858 -0.00709294 0.00183535
982000 1.89866 -0.00579908 0.00187614
983000 1.87209 -0.0123407 0.00184614
984000 1.98261 -0.00398559 0.00196042
985000 1.91709 -0.00468227 0.00190088
986000 1.87293 -0.0085483 0.00184685
987000 1.92181 -0.00735951 0.00189797
988000 1.90602 -0.00617609 0.00188754
989000 1.89304 -0.00896421 0.00187446
990000 1.87989 -0.00510192 0.00186273
991000 1.96546 -0.00880544 0.00194302
992000 1.85832 -0.00558252 0.00183956
993000 1.85543 -0.00292657 0.00183366
994000 1.92017 -0.00553289 0.00190124
995000 1.88173 -0.00648426 0.00186515
996000 1.87365 -0.00340739 0.00185559
997000 1.92829 -0.0050851 0.00190486
998000 1.89807 -0.00597782 0.00187692
999000 1.92691 -0.00289308 0.00190573
1000000 1.87635 -0.00791384 0.00184963
1001000 1.87132 -0.00153539 0.0018514
1002000 1.96991 -0.0116161 0.00194291
1003000 1.86157 -0.0116447 0.00183732
1004000 1.88521 -0.00816352 0.00186634
1005000 1.94705 -0.0112865 0.00191784
1006000 1.86768 -0.0157356 0.00183651
1007000 1.90687 -0.0168924 0.00187881
1008000 1.89791 -0.0135668 0.00186824
1009000 1.89767 -0.0217327 0.00186622
1010000 1.91954 -0.0145111 0.00188963
1011000 1.86044 -0.0121356 0.00183715
1012000 1.86263 -0.0179774 0.00183245
1013000 1.84334 -0.0152737 0.00182512
1014000 1.9171 -0.0159616 0.00189785
1015000 1.8716 -0.0190841 0.00183814
1016000 1.85092 -0.0148411 0.00181678
1017000 1.89893 -0.0137821 0.00187177
1018000 1.88659 -0.0139102 0.00187291
1019000 1.87756 -0.0101822 0.00185729
1020000 1.87314 -0.00367184 0.00185434
1021000 1.87211 -0.00552005 0.00186074
1022000 1.91346 -0.00602908 0.00189267
1023000 1.91733 -0.00493869 0.00189824
1024000 1.87796 -0.0102419 0.00185332
1025000 1.8754 -0.00899679 0.00184712
1026000 1.87097 -0.00951762 0.00184237
1027000 1.87481 -0.00956862 0.00184949
1028000 1.87865 -0.00864289 0.00185968
1029000 1.91501 -0.00635833 0.00189765
1030000 1.91151 -0.00993492 0.00188867
1031000 1.87913 -0.00837145 0.0018591
1032000 1.93954 -0.00436507 0.00192152
1033000 1.85953 -0.00507349 0.0018368
1034000 1.88135 -0.00724301 0.00186133
1035000 1.91393 -0.00486084 0.00189033
1036000 1.95827 -0.00433131 0.00193536
1037000 1.89506 -0.00665408 0.00187681
1038000 1.85304 -0.00458037 0.00183559
1039000 1.89412 -0.00376776 0.00187199
1040000 1.90909 -0.0105993 0.00188752
1041000 1.94282 -0.0102714 0.00191515
1042000 1.89717 -0.00581088 0.00187897
1043000 1.92042 -0.00855574 0.00189592
1044000 1.85529 -0.00411565 0.00183753
1045000 1.89156 -0.0050095 0.00186893
1046000 1.8476 -0.00553757 0.00183169
1047000 1.8593 -0.00372199 0.00184114
1048000 1.87885 -0.00548611 0.00185642
1049000 1.85861 -0.00383855 0.00184427
1050000 1.82699 -0.00606582 0.00180135
1051000 1.88681 -0.00893966 0.00186147
1052000 1.90889 -0.00937559 0.00188518
1053000 1.95168 -0.0106182 0.00192735
1054000 1.85499 -0.00526237 0.00183183
1055000 1.98211 -0.00385608 0.00196275
1056000 1.94071 -0.00940675 0.00191145
1057000 1.86685 -0.00373393 0.00184803
1058000 1.89299 -0.0040487 0.001875
1059000 1.88839 -0.00317062 0.00186947
1060000 1.9328 -0.00214956 0.00191093
1061000 1.91481 -0.00485092 0.00189177
1062000 1.83477 -0.00794993 0.00181972
1063000 1.92916 -0.00518609 0.00190711
1064000 1.89726 -0.00580387 0.00187729
1065000 1.88482 -0.00259178 0.00186417
1066000 1.90577 -0.00521763 0.00188316
1067000 1.88825 -0.00942308 0.00186141
1068000 1.92193 -0.00506925 0.00190503
1069000 1.85775 -0.00238952 0.00183809
1070000 1.83761 -0.00480484 0.00182166
1071000 1.88489 -0.00595152 0.00186202
1072000 1.95898 -0.00349825 0.00193977
1073000 1.88598 -0.00691867 0.00186425
1074000 1.86004 -0.00912649 0.00183919
1075000 1.93356 -0.00513286 0.00191369
1076000 1.90641 -0.00542483 0.00188361
1077000 1.863 -0.00464907 0.00184129
1078000 1.92795 -0.00887909 0.00190098
1079000 1.95335 -0.00543813 0.00192924
1080000 1.92325 -0.00362466 0.00190437
1081000 1.94551 -0.00407672 0.0019249
1082000 1.89584 -0.0072452 0.00187051
1083000 1.88455 -0.00366079 0.0018626
1084000 1.89164 -0.0021451 0.00187114
1085000 1.90107 -0.00654912 0.00187793
1086000 1.92623 -0.00962809 0.0019115
1087000 1.83816 -0.00378889 0.00181394
1088000 1.90385 -0.0082231 0.00187892
1089000 1.93744 -0.00347905 0.00191351
1090000 1.9056 -0.00345027 0.00188005
1091000 1.92396 -0.0105288 0.00189669
1092000 1.90922 -0.00988444 0.00189429
1093000 1.90892 -0.00558584 0.00188959
1094000 1.90199 -0.00434902 0.00188157
1095000 1.89664 -0.00478086 0.00187034
1096000 1.91666 -0.00895445 0.00189353
1097000 1.89964 -0.00256352 0.00188129
1098000 1.84959 -0.00762652 0.00182702
1099000 1.90023 -0.00227595 0.00188577
1100000 1.918 -0.00560847 0.00189301
