# Time-averaged data for fix 2
# TimeStep v_Temperature v_PotentialEnergy v_Pressure
1000 1.02268 -0.922621 0.0564062
2000 1.03142 -0.785586 0.0599214
3000 0.980995 -0.919716 0.0462044
4000 1.00901 -0.958472 0.0494972
5000 0.961274 -1.16054 0.0379439
6000 0.995558 -1.10566 0.0480116
7000 0.977161 -1.07385 0.0433851
8000 1.01973 -1.00852 0.0487859
9000 0.96569 -0.984604 0.0473887
10000 1.02617 -0.950033 0.0534983
11000 0.984398 -0.922316 0.0545721
12000 1.00318 -0.903557 0.0540492
13000 1.01511 -0.87573 0.0556626
14000 0.98617 -0.904078 0.0536975
15000 0.988653 -0.99445 0.0504445
16000 1.00034 -1.04728 0.0493151
17000 1.01663 -1.00089 0.052513
18000 1.00386 -1.05951 0.0447546
19000 1.0308 -0.962221 0.0524546
20000 1.01064 -1.06723 0.0498438
21000 0.982474 -0.986841 0.0452199
22000 0.987882 -0.894638 0.0519472
23000 1.0152 -0.891046 0.0499028
24000 0.998052 -1.01963 0.0454708
25000 1.02766 -1.03171 0.0497765
26000 0.985189 -0.970515 0.0448351
27000 0.990048 -0.851105 0.0531143
28000 0.979187 -0.855048 0.0535103
29000 0.997529 -0.855375 0.055859
30000 0.95674 -0.910738 0.0487785
31000 1.00013 -0.840986 0.0535228
32000 0.993104 -0.852877 0.0499386
33000 0.976743 -0.941106 0.0414431
34000 1.01651 -0.891391 0.0539786
35000 0.996462 -0.967367 0.0489536
36000 1.00544 -0.998143 0.0496253
37000 0.998926 -0.970149 0.0536174
38000 1.01328 -0.924569 0.0520127
39000 1.00087 -0.904162 0.0511471
40000 0.983673 -1.05366 0.0453696
41000 0.975991 -1.05818 0.0456878
42000 0.974342 -1.0663 0.0430435
43000 0.972388 -1.16811 0.0405712
44000 0.995265 -0.998635 0.0467859
45000 1.01619 -0.927035 0.0525721
46000 0.980218 -0.9579 0.0541802
47000 1.00361 -1.00406 0.0528136
48000 0.997792 -1.07967 0.0438515
49000 0.991097 -1.09834 0.0424582
50000 0.998813 -1.02735 0.0473769
51000 0.99339 -0.895195 0.0510521
52000 1.02811 -0.841046 0.0550753
53000 0.952028 -0.943366 0.0406529
54000 1.01134 -0.943409 0.0503722
55000 1.01347 -0.812556 0.059267
56000 1.00891 -0.847506 0.0556583
57000 1.02345 -0.87925 0.0557868
58000 0.982864 -0.857314 0.0557854
59000 1.01947 -0.911838 0.0549691
60000 1.01922 -0.847748 0.055526
61000 0.967858 -1.03206 0.0468896
62000 1.01212 -1.03634 0.0424819
63000 1.02019 -0.935757 0.0548218
64000 0.99926 -1.03942 0.0454719
65000 0.999153 -1.15232 0.0481254
66000 0.975724 -1.02904 0.0490705
67000 0.990505 -0.952891 0.051336
68000 0.965256 -0.931187 0.0514238
69000 0.976475 -0.932836 0.0504474
70000 1.02 -0.880696 0.0547189
71000 1.00848 -0.923446 0.0551714
72000 1.01592 -0.959253 0.0530031
73000 1.00744 -0.933623 0.0502448
74000 0.972775 -0.917418 0.0452121
75000 0.996391 -0.905675 0.0507045
76000 1.02061 -0.939433 0.0512624
77000 1.01575 -0.822765 0.0552721
78000 1.02207 -0.826442 0.051672
79000 0.990338 -0.900083 0.0542748
80000 0.968882 -0.982335 0.0450647
81000 0.991723 -0.911335 0.0492737
82000 1.00743 -0.897247 0.0546226
83000 0.962436 -1.03022 0.047107
84000 1.02751 -0.954893 0.0532515
85000 0.974913 -0.920502 0.0457795
86000 0.990423 -1.08998 0.043664
87000 0.995392 -1.00279 0.0517685
88000 0.990458 -0.8465 0.0520622
89000 0.993618 -0.865068 0.0495185
90000 1.03849 -0.846995 0.0563925
91000 0.99241 -0.842571 0.0556456
92000 0.987758 -0.769683 0.0551743
93000 1.02122 -0.901646 0.0534254
94000 1.00528 -1.01381 0.0525363
95000 0.986083 -1.07988 0.038669
96000 0.974986 -1.09824 0.0395818
97000 0.977015 -1.01413 0.0490515
98000 1.00304 -0.908175 0.0498921
99000 1.0274 -0.906814 0.0555876
100000 0.991213 -0.855974 0.0533883
101000 0.959858 -0.917511 0.0527209
102000 1.03493 -0.980415 0.054527
103000 0.998855 -0.907209 0.0539133
104000 1.00469 -0.910168 0.0568705
105000 1.01047 -0.842591 0.0563568
106000 1.01577 -0.907887 0.0548603
107000 0.976939 -0.901798 0.0550505
108000 0.997799 -0.950096 0.0519381
109000 1.00419 -0.990884 0.0504217
110000 0.999343 -0.918517 0.0514904
111000 0.986732 -0.843232 0.0490994
112000 0.989618 -0.940887 0.0557804
113000 0.973268 -0.97853 0.0412236
114000 1.01264 -0.993635 0.0507401
115000 1.01579 -0.930317 0.0543243
116000 0.99555 -1.01829 0.0477644
117000 0.997006 -0.961841 0.0507586
118000 1.00936 -0.927282 0.0533767
119000 1.02136 -0.970842 0.046777
120000 0.982664 -0.885223 0.0499779
121000 0.996935 -0.899799 0.0506759
122000 0.976868 -0.982591 0.0502348
123000 0.998357 -1.03025 0.0479701
124000 1.01437 -1.09754 0.0458379
125000 0.985416 -0.957375 0.0485304
126000 1.02176 -0.949129 0.0553322
127000 1.00549 -0.974842 0.0489403
128000 0.991373 -0.910184 0.0498831
129000 1.01879 -0.886248 0.0538922
130000 0.975789 -0.938963 0.0466852
131000 1.00707 -1.01859 0.0501239
132000 0.985667 -0.889975 0.0521049
133000 1.00724 -0.930196 0.0528758
134000 1.01491 -0.823925 0.0516532
135000 0.962665 -0.820085 0.0506312
136000 1.0085 -0.81764 0.053827
137000 0.992081 -0.903893 0.0453449
138000 1.01235 -0.839406 0.0579298
139000 0.988791 -0.943017 0.052902
140000 1.00761 -0.917654 0.0520255
141000 1.02119 -0.891617 0.0559865
142000 1.02242 -0.907504 0.0580377
143000 0.985155 -0.949735 0.0474463
144000 1.01614 -1.12048 0.0462624
145000 0.99795 -1.18869 0.0460144
146000 0.985129 -1.0062 0.0486772
147000 1.01947 -0.897166 0.0597802
148000 0.990894 -0.971608 0.0514347
149000 1.01461 -0.999442 0.0533491
150000 0.998285 -1.03464 0.0458777
151000 1.00444 -0.977302 0.0506661
152000 1.0067 -1.04115 0.0473377
153000 0.984783 -1.05404 0.0469105
154000 1.03754 -0.88752 0.0597434
155000 1.00955 -0.952393 0.0497989
156000 0.996503 -0.919814 0.0485993
157000 1.03269 -0.804459 0.0608364
158000 1.00167 -0.91999 0.0537395
159000 1.02246 -0.845482 0.0548291
160000 0.993617 -0.952422 0.0557132
161000 0.98909 -0.868147 0.0499858
162000 1.00407 -0.942393 0.0487666
163000 0.98571 -0.890111 0.048721
164000 1.01072 -0.962987 0.0518014
165000 0.996099 -0.866478 0.0528009
166000 1.01837 -0.948272 0.0527202
167000 1.00975 -0.917412 0.0538075
168000 0.960675 -0.852065 0.0485093
169000 0.994426 -0.871578 0.0577178
170000 0.998782 -0.886698 0.0535426
171000 1.00802 -0.839391 0.0531015
172000 0.973263 -0.999675 0.0506651
173000 1.02533 -0.895388 0.0562846
174000 0.999783 -0.817639 0.0569317
175000 0.986534 -0.961281 0.0494799
176000 0.984699 -0.979464 0.049635
177000 1.00908 -0.898058 0.0542798
178000 1.02266 -0.868721 0.0581927
179000 1.00288 -0.929477 0.0487717
180000 0.992712 -0.955204 0.0543122
181000 0.988137 -1.00385 0.0444543
182000 1.00172 -0.877883 0.0513661
183000 1.00271 -0.84495 0.052353
184000 1.00413 -0.891297 0.0522759
185000 0.999199 -0.908415 0.0550716
186000 1.01035 -0.973926 0.047969
187000 1.01042 -0.897353 0.0587929
188000 1.01107 -0.869381 0.0579812
189000 1.00063 -0.897213 0.0573137
190000 0.978782 -0.924252 0.0536587
191000 0.991364 -0.892639 0.0540153
192000 0.982595 -0.862102 0.0515892
193000 1.01716 -0.893478 0.0514807
194000 0.999176 -0.872066 0.0512134
195000 0.995131 -0.8396 0.0607181
196000 1.02107 -0.908274 0.0564876
197000 1.00021 -0.898113 0.0503256
198000 1.01192 -0.899167 0.0535392
199000 0.978455 -0.875923 0.0525565
200000 1.01015 -0.847301 0.0562995
201000 0.991867 -0.984429 0.0528502
202000 1.01631 -0.939974 0.0553699
203000 1.00043 -1.09776 0.0449752
204000 0.971074 -1.14349 0.0427092
205000 0.97974 -1.00461 0.0442496
206000 1.02247 -1.05443 0.0525251
207000 1.00754 -1.0703 0.0441996
208000 1.00984 -0.959081 0.0511071
209000 0.992023 -0.841267 0.0544626
210000 0.985436 -0.90951 0.0504154
211000 1.01724 -1.08602 0.0450359
212000 1.00097 -1.1379 0.0483663
213000 1.01398 -1.01072 0.0511101
214000 1.01129 -0.87502 0.0572274
215000 1.01637 -0.956156 0.0525306
216000 1.00501 -0.970222 0.0542166
217000 1.01551 -0.941593 0.0501234
218000 1.02267 -1.02069 0.0500702
219000 0.980215 -1.07448 0.0462347
220000 1.01025 -1.15264 0.0466064
221000 0.976032 -1.08449 0.0386189
222000 1.01278 -0.995611 0.0504456
223000 1.0182 -1.04009 0.0522203
224000 1.0098 -1.02359 0.0479116
225000 0.982942 -1.00618 0.052092
226000 1.00491 -1.06859 0.0483191
227000 1.01092 -0.900235 0.0537721
228000 0.993722 -0.905995 0.0497809
229000 0.969834 -0.916485 0.0501095
230000 0.994574 -0.908436 0.0484572
231000 0.959675 -1.03905 0.0437263
232000 0.98777 -1.03291 0.0450917
233000 0.998363 -0.930735 0.0539486
234000 1.00764 -0.858838 0.0587859
235000 0.990089 -0.908685 0.0479351
236000 1.01965 -0.852429 0.0583592
237000 0.994335 -0.879616 0.0554412
238000 0.996329 -0.859314 0.0537875
239000 1.01381 -0.855734 0.0528927
240000 0.987283 -0.968233 0.0477882
241000 0.983626 -0.939267 0.0517727
242000 1.04434 -0.900774 0.0598237
243000 1.01808 -0.921909 0.057259
244000 0.976903 -0.930748 0.0450007
245000 0.992732 -1.05695 0.0478707
246000 1.00984 -0.993022 0.0509819
247000 0.978497 -0.93403 0.0494402
248000 1.03618 -0.886038 0.0519844
249000 1.00897 -0.986994 0.0548037
250000 0.987304 -0.97044 0.0506211
251000 1.00793 -0.841385 0.0567979
252000 1.03599 -0.865759 0.0569009
253000 1.01063 -0.949821 0.0512321
254000 1.01501 -0.968486 0.0519518
255000 1.01749 -0.981793 0.0559568
256000 0.991194 -0.916139 0.0480325
257000 1.02047 -0.835494 0.0574402
258000 0.979954 -0.954533 0.0505847
259000 1.01151 -0.827874 0.0572167
260000 1.01146 -0.927058 0.0535346
261000 0.98237 -1.05915 0.0444187
262000 1.00053 -1.01333 0.0500184
263000 0.979307 -1.06545 0.0458434
264000 1.00024 -0.998558 0.0513245
265000 0.970065 -1.02084 0.0430334
266000 1.01083 -1.15121 0.0472787
267000 0.978634 -1.1881 0.0417032
268000 1.01708 -0.862104 0.0552756
269000 1.00196 -0.915494 0.0504288
270000 0.999393 -0.889537 0.0490039
271000 0.995434 -0.851746 0.0542264
272000 0.981553 -1.00293 0.0505425
273000 1.02418 -0.945153 0.0532758
274000 1.01622 -0.912876 0.0527886
275000 0.971275 -0.972365 0.0486846
276000 0.983385 -1.03172 0.0492862
277000 1.02059 -1.09404 0.046761
278000 1.00649 -1.00556 0.0513122
279000 0.991276 -0.950515 0.0469739
280000 0.981625 -1.00634 0.0499547
281000 1.01109 -0.983805 0.0513521
282000 0.997611 -1.14469 0.043661
283000 1.03484 -1.15825 0.0521736
284000 0.996276 -1.01838 0.0515784
285000 0.983545 -1.05065 0.0460539
286000 1.00395 -0.949251 0.053601
287000 1.02408 -0.908944 0.058488
288000 0.956216 -0.949642 0.0422503
289000 0.993782 -1.03845 0.0409128
290000 1.0251 -0.942403 0.0519982
291000 1.00148 -0.864161 0.0580945
292000 0.983656 -0.961412 0.0466669
293000 0.999313 -0.851202 0.0537539
294000 1.02332 -0.855445 0.0600238
295000 0.967019 -0.845283 0.056263
296000 1.01695 -0.88854 0.0595752
297000 1.03204 -0.879096 0.0566502
298000 1.00075 -0.972475 0.0492948
299000 1.01132 -0.946181 0.0536381
300000 1.00429 -0.988567 0.0464762
301000 1.0147 -0.925094 0.0573244
302000 0.986039 -1.03892 0.0502981
303000 1.03604 -1.08557 0.0502069
304000 1.04845 -1.01755 0.0577144
305000 0.991533 -1.01276 0.0454125
306000 0.9643 -1.11831 0.0415016
307000 1.01462 -1.04738 0.0472808
308000 1.01437 -0.823424 0.0513649
309000 1.00713 -0.938451 0.0521778
310000 0.969064 -1.20417 0.0374867
311000 0.996349 -1.03589 0.0497106
312000 0.973498 -0.982685 0.0433848
313000 1.01049 -1.05925 0.0482831
314000 1.01006 -1.05195 0.0483607
315000 1.01553 -0.958702 0.0541811
316000 1.01518 -0.848095 0.0593176
317000 1.0042 -0.911721 0.0552967
318000 0.979613 -0.924991 0.0514189
319000 0.996564 -0.900751 0.0513047
320000 0.977249 -1.02989 0.0458746
321000 1.00583 -1.02414 0.0493945
322000 0.991733 -0.905442 0.0495733
323000 1.0047 -0.863021 0.0536953
324000 1.01088 -0.865464 0.0556647
325000 1.00942 -0.980699 0.0481859
326000 1.00745 -0.958258 0.0524156
327000 0.991075 -0.943272 0.0502624
328000 1.03272 -0.807482 0.0574754
329000 0.959583 -0.919768 0.0422538
330000 0.967221 -0.909639 0.0509114
331000 1.03057 -0.890391 0.0510242
332000 0.990875 -1.00954 0.0482485
333000 0.96832 -0.968174 0.0427094
334000 1.01304 -0.835233 0.0549924
335000 1.00232 -0.767586 0.0582754
336000 1.02165 -0.806827 0.0599512
337000 0.971298 -0.758787 0.0531001
338000 1.00072 -0.920549 0.0471503
339000 0.974281 -0.972069 0.0477087
340000 1.00386 -1.02581 0.0489208
341000 0.996919 -1.0596 0.0498207
342000 1.00885 -1.09152 0.0464585
343000 1.02695 -1.06036 0.0533805
344000 0.992475 -1.18665 0.0482109
345000 0.996873 -1.06659 0.0461659
346000 0.992276 -0.929854 0.0503359
347000 1.00514 -1.00291 0.050732
348000 1.00029 -1.05272 0.0435193
349000 0.98941 -1.1135 0.0456766
350000 0.995313 -0.984674 0.0497985
351000 0.988042 -0.849418 0.0515028
352000 1.03399 -0.80461 0.0656624
353000 0.986471 -0.979421 0.0466478
354000 1.00288 -1.03166 0.0448054
355000 1.01514 -0.923844 0.0550336
356000 0.995118 -1.04708 0.0507804
357000 0.992474 -0.928489 0.0530901
358000 1.00643 -0.885865 0.0509469
359000 1.0168 -1.00694 0.0546832
360000 1.0124 -0.994732 0.0487555
361000 0.96525 -1.19449 0.0405549
362000 0.99797 -1.05558 0.0455996
363000 0.990187 -0.978047 0.0459776
364000 0.980944 -0.943455 0.0476256
365000 1.02041 -1.11767 0.0503737
366000 0.996886 -1.11094 0.046125
367000 0.97595 -1.05875 0.0489433
368000 1.0094 -1.10898 0.0500493
369000 1.02411 -0.995602 0.0446988
370000 0.991788 -0.967234 0.0492438
371000 1.0022 -0.868132 0.0560844
372000 1.00021 -0.927519 0.0485076
373000 1.00723 -0.94132 0.0567646
374000 1.02779 -1.02218 0.0500934
375000 0.996408 -1.07353 0.0483336
376000 1.0069 -0.962225 0.0508872
377000 0.990465 -0.991185 0.0499848
378000 1.01102 -0.916817 0.0477476
379000 0.991318 -1.14859 0.0424495
380000 1.0169 -1.08194 0.0500842
381000 0.993906 -1.0991 0.0518248
382000 0.99705 -1.10927 0.0459782
383000 1.00636 -0.977832 0.0482236
384000 0.988423 -0.973124 0.0494595
385000 0.986295 -0.894859 0.0516658
386000 0.992138 -1.01417 0.0473536
387000 0.982451 -1.04601 0.0454571
388000 1.02749 -0.920351 0.0507501
389000 1.03326 -0.82356 0.060341
390000 0.963673 -0.793254 0.055073
391000 0.994202 -0.812069 0.0531856
392000 0.998499 -0.856584 0.0513077
393000 1.01092 -0.911405 0.0502895
394000 0.982394 -0.881664 0.0537966
395000 0.983408 -0.828433 0.0512889
396000 0.99269 -0.87581 0.0489469
397000 0.96794 -0.9655 0.0482174
398000 0.97192 -0.8701 0.0549596
399000 1.00583 -0.994377 0.0537234
400000 0.978272 -0.981574 0.0419897
401000 0.996878 -0.97618 0.0506284
402000 0.993193 -0.822827 0.0526892
403000 0.97586 -0.818543 0.0548998
404000 1.00641 -0.94457 0.0565361
405000 1.00729 -1.1921 0.0468353
406000 1.00057 -1.17329 0.0444705
407000 1.00568 -0.891633 0.0524193
408000 1.01713 -0.990716 0.0467839
409000 1.01105 -1.06994 0.0504385
410000 1.01176 -0.964239 0.0541443
411000 1.03952 -0.905733 0.061878
412000 1.00566 -0.988069 0.0531811
413000 0.9598 -1.05502 0.0437487
414000 1.01507 -1.17215 0.0462486
415000 0.997101 -1.09282 0.0431146
416000 1.01458 -1.05938 0.0496587
417000 0.995771 -0.971508 0.0518514
418000 0.971486 -0.877808 0.0484298
419000 1.00716 -0.942519 0.0515505
420000 0.993552 -0.951258 0.0441454
421000 1.01039 -1.08464 0.0484765
422000 1.02773 -1.09837 0.0501886
423000 0.976413 -1.15156 0.0371249
424000 1.02813 -1.12119 0.0536375
425000 0.992761 -0.948856 0.0502681
426000 0.961026 -0.879843 0.0481079
427000 1.03832 -0.933914 0.0557064
428000 0.982235 -0.968104 0.0461803
429000 1.00778 -0.860431 0.056293
430000 1.03573 -0.8712 0.0593642
431000 1.00697 -0.955691 0.0493566
432000 1.01153 -0.873632 0.0534862
433000 0.9876 -0.857784 0.0524901
434000 0.996761 -0.886367 0.0524461
435000 0.990319 -0.993876 0.0491279
436000 1.02515 -0.921782 0.0535899
437000 0.978344 -1.09092 0.0506015
438000 1.01286 -1.10559 0.0521479
439000 1.02014 -1.02397 0.0565757
440000 1.01816 -0.907494 0.0550349
441000 1.0137 -0.847731 0.0549615
442000 0.994089 -1.0831 0.0424097
443000 0.981625 -1.10383 0.0435401
444000 1.00137 -0.980113 0.0533138
445000 0.972688 -0.908616 0.052501
446000 1.01351 -0.971902 0.0530717
447000 0.966836 -0.968236 0.0476906
448000 1.00015 -0.973802 0.0528078
449000 1.00204 -1.02216 0.0518599
450000 0.978407 -0.975604 0.045874
451000 1.02415 -0.892527 0.0540754
452000 1.03387 -0.955082 0.0526056
453000 1.00805 -1.04206 0.0518354
454000 0.99719 -0.967892 0.0456875
455000 0.978921 -1.00785 0.0488569
456000 0.992668 -0.975167 0.0479893
457000 0.972141 -0.982754 0.0458967
458000 0.998022 -0.888724 0.0539899
459000 1.03036 -0.803463 0.0594037
460000 1.01642 -0.843788 0.0610365
461000 0.993755 -0.958926 0.0517012
462000 0.997044 -1.00429 0.0508671
463000 0.983979 -1.03124 0.0437877
464000 0.988683 -0.987282 0.0458603
465000 1.00968 -1.01233 0.0493145
466000 1.01716 -0.942518 0.0546761
467000 1.02469 -0.948581 0.0547481
468000 1.00533 -0.915362 0.0536151
469000 1.01641 -1.02774 0.0493211
470000 0.984927 -1.03594 0.0545877
471000 0.993877 -1.03761 0.0501705
472000 0.982107 -1.09104 0.042013
473000 0.988108 -1.04901 0.0482629
474000 1.00601 -1.14268 0.0452885
475000 1.00044 -1.27007 0.0434768
476000 0.995061 -1.35505 0.0352527
477000 0.984596 -1.23119 0.0432017
478000 0.982304 -1.02142 0.0455289
479000 1.0076 -0.827888 0.0550972
480000 0.984821 -0.858321 0.0514142
481000 1.00334 -0.891705 0.0528416
482000 1.02307 -0.901247 0.0500094
483000 1.01976 -0.966357 0.0528786
484000 0.968075 -0.985514 0.045955
485000 1.0266 -1.05863 0.0513541
486000 0.956699 -0.970062 0.0446523
487000 0.959294 -1.16809 0.0394002
488000 1.00357 -1.24643 0.0392784
489000 0.995573 -1.08982 0.048481
490000 1.00625 -1.07015 0.0474902
491000 1.02223 -1.02921 0.0483283
492000 0.964819 -1.08834 0.0444371
493000 1.02021 -0.966217 0.0482943
494000 0.996636 -0.985864 0.0474111
495000 0.985881 -1.05445 0.0410716
496000 1.0137 -1.00576 0.0539652
497000 1.00558 -1.04746 0.0554644
498000 0.993319 -0.98965 0.0495844
499000 1.02227 -1.15646 0.0473179
500000 0.986392 -1.13597 0.046906
501000 0.968122 -1.03129 0.0460229
502000 1.0064 -0.99923 0.0467478
503000 1.02644 -1.00726 0.0546458
504000 0.995004 -1.03471 0.0468547
505000 0.986893 -0.989302 0.0482603
506000 1.00637 -0.876378 0.0570918
507000 0.973675 -0.879965 0.0514947
508000 1.02542 -0.952909 0.0540774
509000 0.989605 -0.943016 0.0480544
510000 1.039 -1.02717 0.0523702
511000 1.00438 -0.936739 0.0549708
512000 0.989469 -0.895086 0.0493359
513000 1.02941 -0.891597 0.0599587
514000 1.0143 -0.827599 0.056506
515000 1.0064 -0.843503 0.0516352
516000 0.987732 -0.846344 0.0468569
517000 0.995217 -0.804921 0.0520716
518000 0.987733 -0.876973 0.0536233
519000 0.966694 -0.951172 0.0529779
520000 1.02605 -0.996161 0.0516793
521000 0.997298 -0.919646 0.0499491
522000 1.00421 -0.871195 0.0518235
523000 0.97136 -0.910748 0.0488183
524000 1.01001 -1.12804 0.0466322
525000 1.00459 -1.03863 0.0495722
526000 0.991394 -1.08219 0.0476728
527000 0.941754 -1.20842 0.0362089
528000 0.9861 -1.1132 0.0463645
529000 0.995079 -0.995741 0.0511108
530000 0.98299 -0.954579 0.0507583
531000 1.00857 -0.967228 0.0497697
532000 0.990032 -0.800584 0.0551716
533000 1.00619 -0.839377 0.0565058
534000 0.9941 -0.951476 0.0514002
535000 0.979917 -1.00428 0.048252
536000 1.0031 -0.960603 0.0470172
537000 1.01397 -0.92703 0.0505021
538000 0.98801 -1.07924 0.0504186
539000 1.02933 -1.00588 0.0538853
540000 0.985166 -0.990127 0.0432675
541000 1.0349 -0.968618 0.053086
542000 1.00858 -0.929504 0.0518223
543000 0.99296 -0.946358 0.0516126
544000 1.02219 -0.898164 0.0540788
545000 0.982941 -1.04281 0.0505481
546000 0.98476 -1.11881 0.0463434
547000 0.996288 -0.975291 0.0523831
548000 0.970646 -0.849148 0.0534416
549000 0.988657 -0.798365 0.0567359
550000 1.02843 -0.861808 0.0540888
551000 1.00043 -0.818346 0.0560218
552000 1.01356 -0.878122 0.0536895
553000 0.972521 -0.884558 0.053701
554000 0.981161 -0.89146 0.0502023
555000 1.03921 -0.900875 0.0575157
556000 1.00206 -0.861523 0.0540816
557000 0.979648 -0.918607 0.052975
558000 0.996881 -0.820987 0.0567817
559000 1.01463 -0.89967 0.058293
560000 0.985025 -0.940697 0.0551588
561000 0.975569 -1.17576 0.0446908
562000 1.02846 -1.12806 0.0464202
563000 0.958931 -1.0637 0.0495661
564000 0.989661 -0.884997 0.0561599
565000 1.02256 -0.764199 0.0563802
566000 0.982592 -0.781809 0.0546963
567000 1.03448 -0.891587 0.0578355
568000 0.993324 -0.948509 0.0499612
569000 1.03034 -0.932079 0.0520838
570000 0.977251 -0.972974 0.0515191
571000 1.00041 -0.85048 0.0583902
572000 1.02301 -0.846797 0.0620697
573000 0.999507 -0.983192 0.0517048
574000 0.994182 -0.942079 0.0522651
575000 0.994153 -0.931146 0.0466923
576000 1.00987 -1.01925 0.0478586
577000 0.968618 -1.18682 0.0458594
578000 1.01919 -1.11128 0.0510357
579000 0.979172 -1.01776 0.0449737
580000 0.998143 -0.977523 0.0496107
581000 1.01067 -0.835959 0.0558698
582000 0.99068 -0.901125 0.0496396
583000 0.992968 -0.850748 0.0505891
584000 0.987876 -0.929236 0.0540255
585000 1.00689 -1.01281 0.0535583
586000 1.0079 -0.937353 0.0529705
587000 0.967825 -0.954458 0.045205
588000 1.01985 -0.90912 0.0558382
589000 0.973441 -0.986256 0.0461213
590000 0.999025 -0.947206 0.054123
591000 0.99032 -1.01018 0.04167
592000 1.0296 -0.898101 0.0574768
593000 0.985434 -0.912795 0.0551544
594000 1.04244 -0.895419 0.0593552
595000 0.995271 -0.913541 0.0504384
596000 1.01037 -0.914051 0.0564362
597000 1.00949 -0.93543 0.0541423
598000 0.977682 -0.938549 0.0477183
599000 0.96698 -0.923356 0.0456833
600000 1.02882 -0.945548 0.0581797
601000 1.01694 -1.03889 0.0505022
602000 0.978155 -1.10809 0.046752
603000 0.982764 -0.961711 0.0517651
604000 1.01961 -1.01087 0.0528224
605000 1.02018 -0.905788 0.0551443
606000 0.997765 -0.832798 0.0558778
607000 1.01782 -0.853859 0.05868
608000 0.985737 -0.849384 0.0523943
609000 0.971273 -0.851775 0.0500013
610000 1.03812 -0.854328 0.0575378
611000 0.980961 -0.915129 0.0523406
612000 1.02398 -0.890494 0.0579452
613000 0.972261 -0.914061 0.047834
614000 1.00889 -0.861614 0.0502216
615000 1.00817 -0.888429 0.0548617
616000 1.0271 -0.878437 0.0520321
617000 0.999883 -0.869694 0.0506359
618000 0.996518 -0.965526 0.0480978
619000 0.986734 -0.950052 0.051689
620000 0.980219 -1.0414 0.0441424
621000 0.993361 -0.954904 0.0506143
622000 0.979137 -0.926898 0.0494476
623000 0.989933 -1.04344 0.0516035
624000 0.997398 -0.995452 0.0485972
625000 0.976021 -0.998376 0.051112
626000 1.04269 -0.917164 0.0543368
627000 1.00138 -1.00638 0.0532631
628000 1.01341 -0.91519 0.0522655
629000 0.976073 -0.926827 0.0494969
630000 1.01718 -0.941419 0.0531515
631000 0.988223 -0.775237 0.0584653
632000 0.970868 -0.811479 0.0525294
633000 0.99071 -0.803367 0.0536803
634000 1.00675 -1.06062 0.0473418
635000 0.97935 -1.07634 0.0478221
636000 0.986327 -1.07256 0.0463111
637000 1.0104 -0.906491 0.0510743
638000 1.02263 -0.953284 0.0528568
639000 0.996141 -1.02957 0.0457535
640000 0.968968 -0.908561 0.0470365
641000 0.982568 -0.923403 0.0528409
642000 1.00957 -0.889806 0.0541088
643000 1.01205 -1.04619 0.0442367
644000 1.045 -1.0138 0.0526565
645000 1.01557 -0.899144 0.0582995
646000 0.997909 -0.960625 0.0533914
647000 0.97724 -0.970482 0.0475542
648000 0.988211 -0.934357 0.0475931
649000 1.00122 -1.05093 0.048584
650000 0.979782 -1.00766 0.0431145
651000 0.971494 -0.981777 0.0511565
652000 1.00487 -0.935319 0.0528406
653000 0.983483 -0.953446 0.0525455
654000 0.9705 -1.10595 0.045616
655000 1.01252 -0.940776 0.0534714
656000 1.02047 -0.938116 0.0593436
657000 0.990592 -1.02691 0.0511171
658000 0.971858 -0.947817 0.047821
659000 1.02442 -0.957624 0.0531586
660000 1.03111 -0.94978 0.0572839
661000 0.986896 -0.952543 0.0554116
662000 1.02191 -0.953082 0.0503931
663000 1.01363 -0.919443 0.052653
664000 1.00183 -1.03062 0.0486472
665000 0.957431 -1.20136 0.0444799
666000 0.970501 -1.03594 0.0402642
667000 1.01299 -0.873453 0.0518229
668000 0.988256 -0.938297 0.0518108
669000 1.02287 -0.981826 0.0492554
670000 0.972191 -1.03531 0.039789
671000 1.00058 -1.00874 0.047368
672000 0.971458 -0.932769 0.0468006
673000 1.01252 -0.865971 0.0529498
674000 1.01341 -0.90437 0.0537623
675000 1.01526 -0.97203 0.0519472
676000 0.986816 -0.894566 0.0493877
677000 1.00368 -0.87469 0.0571492
678000 0.979102 -0.844454 0.0469878
679000 1.00914 -0.989849 0.0495718
680000 0.988907 -0.999003 0.0477077
681000 1.00156 -1.13115 0.0473103
682000 0.994169 -1.02957 0.0435654
683000 0.995443 -0.886663 0.0503289
684000 1.03775 -0.891377 0.0599883
685000 1.00175 -0.979255 0.0487512
686000 1.0242 -1.01861 0.0490828
687000 0.96526 -0.91962 0.046395
688000 1.00639 -0.97876 0.0592386
689000 0.982835 -0.912049 0.0489666
690000 0.977041 -0.924903 0.053804
691000 1.00537 -0.992171 0.0493644
692000 0.998988 -0.910171 0.0534687
693000 0.998786 -0.959169 0.0526065
694000 1.00332 -0.872267 0.0517274
695000 1.00329 -0.81057 0.0587582
696000 0.988943 -0.91492 0.0533142
697000 1.04562 -0.944417 0.0540061
698000 0.986084 -1.02188 0.0458357
699000 0.978666 -0.99027 0.048997
700000 1.02942 -0.906211 0.0566844
701000 1.0097 -0.928697 0.0532693
702000 0.973172 -0.852222 0.0548954
703000 1.00628 -0.872672 0.0547637
704000 0.99849 -0.985562 0.0519056
705000 0.972576 -1.08008 0.0431107
706000 1.01465 -0.989494 0.0501828
707000 1.01164 -0.928125 0.0547872
708000 0.982916 -0.967751 0.0531048
709000 1.00521 -0.979112 0.0504913
710000 0.944844 -0.961831 0.0509373
711000 0.995915 -0.824819 0.0510934
712000 0.990276 -0.836524 0.0519479
713000 0.992949 -0.973942 0.0506599
714000 0.980062 -1.06746 0.0417536
715000 0.993632 -1.04559 0.0533904
716000 1.01651 -1.00238 0.0506575
717000 1.02625 -0.915333 0.0569766
718000 0.993064 -0.810484 0.0506027
719000 1.01243 -0.929788 0.0558989
720000 0.981403 -0.902202 0.0557747
721000 0.978713 -0.962344 0.0501
722000 1.01909 -0.950287 0.0521699
723000 0.993665 -0.878011 0.0516791
724000 1.0021 -1.05256 0.0487832
725000 0.959913 -1.16608 0.0408296
726000 1.02955 -1.05732 0.0487579
727000 1.01333 -1.10682 0.0533097
728000 0.984307 -1.00344 0.0485299
729000 1.01218 -1.0372 0.0481247
730000 0.991244 -0.978715 0.0442837
731000 1.01192 -0.987695 0.0505358
732000 1.00271 -0.930079 0.0519401
733000 0.977007 -0.916108 0.0490055
734000 1.00051 -0.945021 0.0545321
735000 0.980489 -0.938729 0.047321
736000 0.997833 -0.968231 0.0431707
737000 1.00934 -1.16542 0.0440784
738000 0.987958 -1.09409 0.0469863
739000 1.00669 -1.16134 0.0486227
740000 1.00798 -1.07269 0.0453822
741000 1.00771 -0.987689 0.0528106
742000 1.01171 -0.958209 0.0518157
743000 0.963128 -0.950372 0.0458159
744000 0.995906 -0.923265 0.0429674
745000 0.992973 -0.932849 0.0514841
746000 0.959967 -0.894149 0.0471099
747000 1.03572 -0.895043 0.05402
748000 0.976698 -0.946888 0.0485313
749000 1.04459 -0.954193 0.0567705
750000 1.02204 -0.997505 0.0550534
751000 0.997801 -1.02846 0.0462294
752000 0.969396 -1.06713 0.042138
753000 0.993748 -0.913691 0.0446408
754000 1.00989 -0.896516 0.0539087
755000 1.00473 -0.961874 0.0468451
756000 0.982891 -1.0319 0.0443568
757000 1.01825 -1.05531 0.0492108
758000 1.0006 -0.94271 0.0518219
759000 1.01167 -0.988153 0.0532839
760000 0.978156 -1.06454 0.0458821
761000 1.00697 -0.967284 0.0534365
762000 0.988218 -0.8579 0.0548217
763000 0.98665 -0.894503 0.0491688
764000 0.985904 -1.03273 0.0424886
765000 1.00877 -1.02146 0.0474943
766000 1.00008 -0.871687 0.0519611
767000 0.981164 -0.852542 0.0517818
768000 0.978889 -0.908598 0.0484097
769000 1.0294 -0.932294 0.0532731
770000 0.981448 -0.993706 0.042907
771000 1.01342 -1.1365 0.0521855
772000 0.991488 -1.09247 0.0478702
773000 1.00401 -1.0243 0.0510475
774000 1.00118 -0.872461 0.057732
775000 0.966617 -0.941155 0.0501016
776000 1.0014 -1.04442 0.0471978
777000 1.00529 -1.12087 0.0475051
778000 1.01692 -1.02739 0.0462824
779000 1.01221 -0.992201 0.0551785
780000 0.96613 -1.06305 0.0461045
781000 1.01266 -0.972804 0.0536865
782000 1.00554 -0.957656 0.0513845
783000 0.989384 -0.972838 0.0529127
784000 1.01845 -0.877005 0.0569334
785000 0.987787 -0.922237 0.0550654
786000 0.97813 -0.892949 0.0561663
787000 1.00599 -0.869644 0.0525467
788000 1.04169 -0.87109 0.0568441
789000 1.03781 -0.829354 0.0599953
790000 0.992546 -0.870707 0.0549624
791000 0.991575 -0.912585 0.0534247
792000 1.01939 -0.811498 0.0585106
793000 1.01859 -0.821603 0.0566829
794000 0.9647 -0.942861 0.049676
795000 1.03276 -0.981798 0.0568287
796000 1.03363 -0.875528 0.0574524
797000 0.982365 -0.885584 0.0531154
798000 1.01533 -0.958161 0.0547719
799000 0.990684 -1.08293 0.0438298
800000 1.00046 -1.03318 0.0448365
801000 1.0165 -1.05168 0.0532419
802000 0.968906 -0.976783 0.0453722
803000 1.01613 -0.985217 0.0502249
804000 0.999658 -0.913751 0.0519538
805000 0.990605 -0.855934 0.0556653
806000 1.01384 -0.802656 0.0577141
807000 0.992131 -0.862179 0.0478827
808000 1.00647 -0.871512 0.0550995
809000 1.00451 -0.951452 0.0543114
810000 0.977289 -0.895456 0.0495689
811000 0.999144 -0.826603 0.0527749
812000 1.01487 -0.963531 0.0494976
813000 1.01459 -0.987322 0.0509152
814000 1.00552 -0.937753 0.0514117
815000 1.01985 -0.864345 0.0530892
816000 0.987553 -0.87173 0.0495755
817000 0.997884 -1.01599 0.047203
818000 1.00739 -1.00894 0.0476196
819000 1.0008 -1.2165 0.0420657
820000 0.983593 -1.20511 0.0421601
821000 0.988243 -1.28144 0.0394715
822000 1.01408 -1.11589 0.0507564
823000 0.992768 -1.01516 0.0484684
824000 1.04742 -0.981422 0.0514145
825000 0.964124 -0.941889 0.0442606
826000 1.00414 -0.854254 0.0496282
827000 1.00746 -0.796509 0.0576852
828000 1.03558 -0.947745 0.0573618
829000 0.976232 -1.05449 0.0475161
830000 1.01616 -0.937641 0.0545329
831000 1.01087 -0.89245 0.0546883
832000 0.962881 -0.973815 0.0408589
833000 0.972574 -1.02726 0.04694
834000 0.975642 -1.07487 0.0465223
835000 1.01449 -1.03416 0.0531302
836000 0.989381 -0.956384 0.0493829
837000 0.956223 -0.997632 0.0487827
838000 1.0403 -0.932032 0.0553112
839000 0.982146 -0.9827 0.0489906
840000 0.959268 -0.948646 0.0432694
841000 1.01268 -0.991729 0.0499603
842000 1.00366 -0.960052 0.0485701
843000 1.00344 -0.964628 0.0544436
844000 0.977033 -0.988006 0.0478758
845000 1.00713 -1.00563 0.0543703
846000 1.00288 -0.970457 0.0463514
847000 0.991946 -0.861948 0.0557844
848000 0.972582 -0.805403 0.0568309
849000 1.02173 -0.838304 0.0552424
850000 0.971474 -0.801678 0.0502399
851000 1.02178 -0.99075 0.0531637
852000 0.994834 -1.0096 0.0504187
853000 1.00381 -0.942544 0.0504105
854000 1.01436 -0.835602 0.0534043
855000 0.992886 -0.798574 0.0535951
856000 1.02409 -0.938409 0.0490489
857000 0.988566 -1.07407 0.0468325
858000 0.997944 -1.10631 0.0480498
859000 0.994927 -1.03636 0.0454741
860000 0.999038 -1.04647 0.0525871
861000 0.994502 -0.86831 0.0538913
862000 0.998084 -0.866745 0.0565366
863000 0.995566 -0.898656 0.0541801
864000 1.00253 -0.957086 0.0523894
865000 1.02355 -0.876094 0.0541128
866000 1.00979 -0.887846 0.0528991
867000 0.97454 -1.06842 0.0456363
868000 0.983692 -1.07779 0.0458375
869000 0.991077 -1.07145 0.0380915
870000 1.01219 -0.965996 0.0612779
871000 0.976398 -0.988038 0.0501608
872000 1.03437 -0.95019 0.0565833
873000 0.994271 -1.1298 0.0442025
874000 1.01042 -1.1219 0.0467094
875000 1.01623 -1.09171 0.0464219
876000 1.01177 -0.964 0.0553056
877000 0.990656 -0.962068 0.0530413
878000 1.03737 -0.859444 0.0595821
879000 1.0372 -0.983375 0.0547026
880000 0.986621 -1.02912 0.0481108
881000 1.00248 -1.06845 0.0487127
882000 0.973439 -1.079 0.046075
883000 1.02393 -1.07179 0.0515343
884000 1.02815 -1.00998 0.0484718
885000 1.02782 -0.998759 0.0503578
886000 1.00781 -0.901346 0.0506809
887000 0.988711 -0.924357 0.0474685
888000 1.00375 -0.868669 0.0480496
889000 0.978373 -0.943395 0.0512753
890000 0.9759 -1.02438 0.0460439
891000 0.977004 -1.01818 0.0471803
892000 0.974699 -1.0907 0.0437093
893000 1.01372 -0.925239 0.0504258
894000 0.999196 -0.954719 0.049867
895000 1.0287 -0.938604 0.0562223
896000 0.964862 -0.983598 0.0441234
897000 0.971905 -1.02391 0.0496969
898000 0.980211 -0.986799 0.0527921
899000 1.00301 -1.06085 0.0517997
900000 0.978773 -1.1219 0.0424696
901000 0.987047 -0.970767 0.0451614
902000 1.01852 -0.92867 0.0546621
903000 0.986183 -0.979959 0.0498144
904000 0.991637 -1.09924 0.0456582
905000 1.00506 -0.923978 0.0521077
906000 1.002 -0.841288 0.0521482
907000 1.00378 -0.880823 0.0550731
908000 1.02142 -0.912998 0.0507588
909000 0.999783 -0.877444 0.0539259
910000 1.02523 -0.903709 0.0509364
911000 0.988308 -0.870792 0.0550551
912000 1.02092 -0.955647 0.0559599
913000 1.01006 -0.850154 0.0592456
914000 0.99003 -0.982523 0.049459
915000 1.03898 -0.985585 0.0488658
916000 1.00973 -0.98454 0.0510828
917000 0.990095 -0.976932 0.048736
918000 1.00177 -0.998919 0.0438868
919000 1.02161 -1.09947 0.0485105
920000 1.04435 -0.962433 0.0581191
921000 0.965655 -0.913962 0.043639
922000 1.00737 -0.926289 0.049612
923000 0.989577 -0.993925 0.0524209
924000 1.02654 -0.97768 0.0516951
925000 1.00424 -0.926958 0.0531634
926000 0.99611 -0.965333 0.0548526
927000 0.983265 -0.966777 0.0468431
928000 0.963239 -1.00668 0.0417931
929000 1.00491 -0.955291 0.0507384
930000 1.01396 -1.00457 0.0516359
931000 1.01488 -0.966014 0.0579415
932000 1.00346 -1.07583 0.0508277
933000 0.990899 -0.954154 0.0510461
934000 0.995534 -0.86785 0.053904
935000 0.975015 -0.883764 0.0499356
936000 1.01862 -0.95569 0.0495185
937000 1.02101 -0.981218 0.0515113
938000 1.00522 -0.94446 0.0514384
939000 0.983145 -0.878522 0.0533445
940000 0.985239 -0.882293 0.0509207
941000 1.01238 -0.886706 0.0587363
942000 0.989475 -0.946403 0.0510368
943000 0.984586 -0.872903 0.0503019
944000 0.985391 -0.854165 0.0497829
945000 1.03013 -0.856052 0.055935
946000 0.984379 -1.03257 0.0457632
947000 0.987083 -0.899865 0.0524983
948000 0.981938 -0.877563 0.0511244
949000 0.977997 -0.938689 0.0507273
950000 1.03195 -0.924204 0.0564816
951000 1.01107 -1.08653 0.0427117
952000 1.01557 -1.07428 0.0498617
953000 1.01359 -1.21947 0.044589
954000 0.971599 -1.245 0.0337193
955000 0.994086 -1.128 0.0468598
956000 1.03341 -1.10317 0.0521635
957000 0.989958 -1.17836 0.0462489
958000 0.998633 -1.20513 0.0472549
959000 1.01167 -1.14388 0.0499507
960000 1.00846 -1.10459 0.0495711
961000 1.00007 -1.02721 0.053874
962000 1.00011 -1.00893 0.0475824
963000 1.00038 -0.952454 0.0505993
964000 0.99097 -0.947361 0.0501235
965000 0.990982 -0.852367 0.0551644
966000 0.997584 -0.924509 0.0487441
967000 1.025 -0.963894 0.0447191
968000 0.971315 -0.943687 0.0524937
969000 1.02596 -0.909477 0.055639
970000 0.97989 -0.841656 0.0537954
971000 1.02312 -0.853034 0.0548155
972000 1.00461 -1.0115 0.0476481
973000 1.04351 -0.90194 0.0570462
974000 0.992505 -0.917647 0.0512409
975000 1.00798 -0.852228 0.0527157
976000 1.00508 -0.918445 0.056964
977000 0.952478 -0.915494 0.0496287
978000 1.03838 -1.01405 0.05381
979000 1.00339 -0.962462 0.0482811
980000 1.01652 -0.969421 0.0510167
981000 0.991556 -1.06713 0.0462794
982000 0.972659 -1.10774 0.0445925
983000 0.984501 -1.12132 0.0456696
984000 0.96842 -1.18377 0.0412719
985000 1.02326 -1.1131 0.0511407
986000 0.968929 -1.04239 0.0396516
987000 0.991894 -0.949479 0.0487547
988000 1.00477 -0.885146 0.0522909
989000 1.00602 -1.02615 0.0499267
990000 0.990397 -1.01077 0.0509855
991000 0.975225 -0.943737 0.0499773
992000 0.981337 -0.876065 0.0496655
993000 1.00169 -0.877871 0.0544284
994000 0.989245 -0.92808 0.0467609
995000 1.01531 -0.954791 0.0539159
996000 0.986635 -1.04911 0.0442674
997000 1.012 -0.932508 0.0577442
998000 0.992725 -0.816539 0.0501915
999000 1.04078 -0.940225 0.0545611
1000000 0.971375 -0.964781 0.0456947
1001000 0.989291 -0.862916 0.0558094
1002000 0.985572 -0.867985 0.054303
1003000 1.0067 -0.996789 0.0463605
1004000 0.997882 -1.04654 0.0476238
1005000 0.996513 -1.02263 0.0483897
1006000 0.97093 -0.957378 0.0438883
1007000 1.02249 -0.847597 0.0547842
1008000 1.00061 -0.850792 0.0562039
1009000 1.0198 -0.940969 0.0463934
1010000 1.00736 -0.970985 0.0513399
1011000 0.985656 -0.843675 0.0546047
1012000 1.00203 -0.969808 0.0485262
1013000 1.01604 -1.08269 0.0441468
1014000 0.983264 -1.1497 0.0463302
1015000 0.973916 -1.16149 0.0424554
1016000 0.960377 -0.97849 0.0415786
1017000 1.03341 -0.820648 0.0562448
1018000 0.999362 -0.943766 0.0555753
1019000 0.99762 -0.887404 0.0500405
1020000 0.970286 -0.862414 0.0520779
1021000 0.994926 -0.794593 0.0519373
1022000 0.995667 -0.875356 0.0561482
1023000 1.01737 -0.938971 0.0567775
1024000 1.00191 -0.898306 0.0545888
1025000 1.03632 -0.85909 0.0589888
1026000 0.962945 -0.843999 0.0445279
1027000 0.97984 -0.817045 0.0533094
1028000 1.019 -0.783138 0.0589582
1029000 0.979873 -0.852932 0.0534727
1030000 1.03828 -0.853769 0.0569194
1031000 0.988044 -0.986347 0.0496024
1032000 0.981899 -1.0427 0.0414636
1033000 1.02115 -0.889898 0.0543758
1034000 1.01706 -0.896969 0.0540028
1035000 1.00895 -0.819674 0.0542973
1036000 0.979655 -0.895974 0.0507863
1037000 1.02964 -0.932891 0.0583663
1038000 0.985998 -0.974314 0.0453461
1039000 1.01992 -1.03104 0.0484056
1040000 0.995415 -1.03222 0.0463594
1041000 1.01125 -1.00172 0.0496582
1042000 1.00534 -1.09638 0.0491551
1043000 0.967262 -1.00367 0.0447709
1044000 0.984187 -0.900203 0.0523603
1045000 1.01224 -0.96816 0.053648
1046000 0.95902 -1.05624 0.0406387
1047000 1.01713 -1.07298 0.046773
1048000 0.986326 -1.12476 0.0476665
1049000 0.987155 -1.15179 0.0424786
1050000 0.998354 -1.01359 0.0485471
1051000 0.990531 -1.01032 0.0484326
1052000 1.00343 -1.02196 0.0509615
1053000 0.968838 -1.06806 0.0446904
1054000 0.975772 -0.95582 0.0487166
1055000 0.964981 -1.01189 0.0482785
1056000 1.04315 -1.02741 0.0554028
1057000 1.00727 -0.92863 0.0489751
1058000 1.01932 -0.902808 0.0514917
1059000 0.976303 -0.899423 0.0451897
1060000 0.997679 -0.828381 0.0553131
1061000 1.02998 -0.872481 0.0576229
1062000 0.983629 -1.02445 0.046838
1063000 0.987715 -1.0184 0.0469583
1064000 1.02051 -1.02515 0.0513222
1065000 1.03445 -0.920328 0.053827
1066000 0.971502 -0.880983 0.0484952
1067000 1.00764 -0.759737 0.0559625
1068000 1.01432 -0.856502 0.0542537
1069000 1.0139 -0.867621 0.0551998
1070000 1.00566 -0.868795 0.0532186
1071000 0.994029 -0.836737 0.0570473
1072000 0.963525 -0.827979 0.0525844
1073000 1.02919 -0.904075 0.0502065
1074000 1.0085 -0.806502 0.0547406
1075000 1.03647 -0.958698 0.0550033
1076000 1.00704 -0.930855 0.0575232
1077000 1.03767 -0.854415 0.0553283
1078000 1.00464 -0.901476 0.0528116
1079000 0.964573 -0.969663 0.0435962
1080000 0.993241 -0.975302 0.0475074
1081000 0.965678 -1.02825 0.0402671
1082000 0.989173 -1.15124 0.0401542
1083000 0.967716 -1.08681 0.0392136
1084000 0.991825 -0.955076 0.0495701
1085000 0.971904 -0.911747 0.0458613
1086000 1.00195 -1.03102 0.0438887
1087000 0.994088 -1.05093 0.0482672
1088000 1.00408 -0.920666 0.0496639
1089000 0.974949 -0.871994 0.0516331
1090000 0.966555 -0.862696 0.0447482
1091000 1.00334 -0.907154 0.051565
1092000 0.989805 -0.839411 0.0547876
1093000 0.980937 -0.921843 0.0496566
1094000 1.00957 -0.921611 0.0511534
1095000 0.999215 -0.941492 0.0492224
1096000 0.993862 -1.09724 0.0462826
1097000 0.972607 -0.989756 0.0463166
1098000 1.0203 -0.913208 0.0584922
1099000 0.968315 -0.954712 0.0453555
1100000 1.03308 -0.810233 0.0602992
