# Time-averaged data for fix 2
# TimeStep v_Temperature v_PotentialEnergy v_Pressure
1000 2.82303 -0.00439616 0.0027942
2000 3.02992 -0.00863656 0.00299457
3000 2.95185 -0.00686834 0.00291869
4000 2.9919 -0.00564383 0.00295571
5000 3.04156 -0.00350778 0.00300934
6000 3.10325 -0.0074093 0.00307212
7000 3.04584 -0.00636702 0.0030164
8000 2.89984 -0.0069562 0.00286534
9000 2.99793 -0.00615584 0.00296872
10000 3.0939 -0.00269942 0.00306711
11000 2.8941 -0.00569997 0.00286916
12000 3.01182 -0.00361016 0.00298232
13000 3.03545 -0.00632021 0.00300938
14000 2.95087 -0.00541673 0.00291493
15000 3.02272 -0.00445607 0.00298761
16000 3.09774 -0.00544358 0.00305965
17000 2.99581 -0.00259246 0.00297308
18000 3.05714 -0.00476914 0.0030261
19000 3.05556 -0.00595518 0.0030252
20000 2.88041 -0.0059994 0.00285836
21000 3.04561 -0.00701749 0.00301103
22000 3.05393 -0.00746619 0.00301768
23000 2.8914 -0.00288668 0.0028604
24000 3.02842 -0.00508074 0.00300474
25000 3.14245 -0.0105999 0.00311195
26000 2.9938 -0.00765311 0.00296341
27000 2.86889 -0.00162572 0.00283889
28000 3.03017 -0.00472105 0.0030077
29000 3.08992 -0.00661272 0.00305371
30000 2.91392 -0.00595767 0.00288522
31000 3.03304 -0.00589115 0.00300209
32000 2.98073 -0.00415579 0.00294881
33000 3.07563 -0.00554494 0.00304278
34000 2.96971 -0.00650338 0.00293798
35000 2.98544 -0.00627884 0.00295982
36000 3.03234 -0.00760749 0.00300408
37000 2.97358 -0.00444984 0.00294044
38000 3.0652 -0.00293998 0.00303262
39000 2.94646 -0.00629212 0.00292014
40000 2.89851 -0.00626151 0.00287453
41000 3.0202 -0.00455295 0.00299611
42000 3.09627 -0.00872266 0.00306353
43000 2.98168 -0.00502278 0.00296064
44000 3.04247 -0.00632391 0.00300822
45000 2.90756 -0.00142612 0.00289553
46000 3.02613 -0.00699476 0.00299345
47000 3.05407 -0.00480501 0.00302165
48000 2.94932 -0.00564536 0.00291898
49000 3.07184 -0.00470464 0.00304003
50000 2.92206 -0.00179689 0.00290572
51000 2.92959 -0.00527184 0.00290478
52000 3.04872 -0.00459769 0.00301569
53000 2.97054 -0.00877116 0.0029437
54000 2.96583 -0.00722241 0.00293824
55000 3.03767 -0.00406339 0.00301122
56000 2.99367 -0.00593562 0.00296445
57000 2.98826 -0.00401219 0.00296283
58000 3.00987 -0.00252809 0.00298788
59000 2.98655 -0.00371778 0.00295665
60000 2.94753 0.00256913 0.00294997
61000 3.10625 -0.00701594 0.00306936
62000 3.0114 -0.00492606 0.00297798
63000 3.02513 -0.00746448 0.00299193
64000 2.9746 -0.00384735 0.00294529
65000 3.03915 -0.00669079 0.00301032
66000 2.9692 -0.00403579 0.00293838
67000 2.98296 -0.00454662 0.00295137
68000 3.06283 -0.00388816 0.00302853
69000 2.94133 -0.0049892 0.00291879
70000 3.02473 -0.00528077 0.00299939
71000 2.95956 -0.00446126 0.00292774
72000 3.01363 -0.0102421 0.0029808
73000 3.01008 -0.00416237 0.0029767
74000 2.98213 -0.00186756 0.0029521
75000 3.05452 -0.00389544 0.00302723
76000 2.92578 -0.00411935 0.00289459
77000 2.98779 -0.00725498 0.00295228
78000 3.09089 -0.00326245 0.00306513
79000 2.93085 -0.00404287 0.00290157
80000 3.01641 -0.00646382 0.00298783
81000 3.03431 -0.00535406 0.00299981
82000 2.96544 -0.00381441 0.00294349
83000 3.03525 -0.00476563 0.00300694
84000 2.96532 -0.00543622 0.00293835
85000 3.03472 -0.00365194 0.00300395
86000 2.94313 -0.00545234 0.00291523
87000 3.02923 -0.00786443 0.00299438
88000 3.0621 -0.00280865 0.00303572
89000 2.88875 -0.00368739 0.00285549
90000 3.08266 -0.00743587 0.00305642
91000 2.89391 -0.0035605 0.00286179
92000 3.04578 -0.00441178 0.00301824
93000 2.96582 -0.0073543 0.00293688
94000 3.07292 -0.00474215 0.00304407
95000 2.89629 -0.00498814 0.00286795
96000 3.07218 -0.00522457 0.00304431
97000 3.06352 -0.00718671 0.00302905
98000 3.03947 -0.00954027 0.00300368
99000 2.98834 -0.00892777 0.00295705
100000 2.95357 -0.00414395 0.00292259
101000 2.96853 -0.00336125 0.00294419
102000 3.01184 -0.00437052 0.00298015
103000 3.02097 -0.00658864 0.00298541
104000 2.95046 -0.0137523 0.00290946
105000 2.96985 -0.00352223 0.00294172
106000 3.02844 -0.00544127 0.00299404
107000 3.03699 -0.00243759 0.00300744
108000 2.91948 -0.00526448 0.00289018
109000 2.91077 -0.0048761 0.00287959
110000 3.0754 -0.00494221 0.00304212
111000 3.00274 -0.00373294 0.0029763
112000 2.95658 -0.0070337 0.00292923
113000 3.08058 -0.00547373 0.00304351
114000 2.87857 -0.00546215 0.00284516
115000 3.04549 -0.00679939 0.00301127
116000 3.00376 -0.00338639 0.00297271
117000 2.96941 -0.00425264 0.00293591
118000 3.04707 -0.00254644 0.00301432
119000 2.97281 -0.00728812 0.002949
120000 3.00888 -0.00285416 0.00297758
121000 3.03357 -0.00595209 0.00300375
122000 2.86945 -0.00924324 0.00283769
123000 3.03173 -0.00639072 0.00299784
124000 3.0193 -0.0109939 0.00298202
125000 2.99309 -0.00310642 0.00295995
126000 2.9811 -0.00197939 0.00295718
127000 2.98436 -0.00532396 0.00295659
128000 2.94045 -0.00655429 0.00290861
129000 3.09941 -0.00531668 0.00307012
130000 3.07383 -0.00564599 0.00304044
131000 2.91558 -0.00118504 0.00289655
132000 3.05106 -0.00536069 0.00302135
133000 2.89811 -0.00946191 0.00286226
134000 3.06342 -0.00576791 0.00303382
135000 3.01754 -0.00531054 0.00298305
136000 2.93367 -0.00390721 0.00290325
137000 3.0372 -0.00672261 0.00300643
138000 3.03692 -0.00379026 0.00300901
139000 3.01095 -0.00661257 0.00297868
140000 3.08812 -0.00892162 0.00304909
141000 2.9071 -0.00601924 0.00287374
142000 3.02607 -0.0052013 0.00299995
143000 3.05617 -0.00577965 0.0030234
144000 2.88771 -0.00456638 0.00285897
145000 3.04934 -0.00429567 0.00301412
146000 3.09416 -0.00404856 0.00305934
147000 2.94703 -0.00299139 0.00291585
148000 2.97897 -0.00576195 0.00295007
149000 3.04148 -0.00360651 0.00301545
150000 2.94826 -0.00430122 0.00291192
151000 2.96854 -0.00619801 0.00293452
152000 2.98735 -0.0032832 0.00295189
153000 3.00442 -0.0036194 0.00297526
154000 2.87999 -0.00582878 0.00284593
155000 3.05016 -0.0015513 0.00302734
156000 2.96573 -0.00233692 0.00293948
157000 3.14853 -0.00222107 0.00311351
158000 3.00229 -0.00512672 0.00297153
159000 2.87137 -0.0047505 0.00285235
160000 3.00332 -0.00480156 0.0029682
161000 3.05088 -0.00299931 0.00301839
162000 3.04873 -0.00279162 0.00301632
163000 2.9873 -0.00484874 0.00295603
164000 3.02203 -0.00643973 0.00298722
165000 2.95203 -0.00858405 0.00291341
166000 3.09182 -0.00449445 0.00305635
167000 2.91115 -0.0039805 0.00287701
168000 3.1241 -0.00450801 0.00309466
169000 2.93847 -0.00396234 0.00290466
170000 3.01427 -0.00594888 0.00298046
171000 2.94659 -0.00482577 0.0029139
172000 3.02797 -0.00221793 0.00299519
173000 2.97642 -0.00222748 0.00294794
174000 2.92971 -0.00337807 0.00290179
175000 2.96956 -0.00362147 0.00293977
176000 3.05914 -0.00411988 0.00302679
177000 2.9719 -0.0047007 0.00294909
178000 2.91581 -0.00433891 0.00288641
179000 3.04223 -0.0090082 0.00301261
180000 3.08504 -0.00782244 0.00305511
181000 2.93307 -0.00516576 0.00289682
182000 2.98569 -0.00743002 0.00294805
183000 3.06977 -0.00405117 0.00303323
184000 2.96056 -0.00318158 0.00294169
185000 2.96091 -0.00455253 0.00292492
186000 3.02461 -0.00487602 0.00299933
187000 3.01728 -0.00597037 0.00298164
188000 3.01815 -0.00609928 0.00298547
189000 3.03568 -0.00461649 0.00300812
190000 2.89274 -0.00575383 0.00286841
191000 2.96306 -0.00518298 0.00292703
192000 2.98297 -0.00164704 0.00295455
193000 2.99342 -0.00431474 0.00296951
194000 3.11636 -0.00363974 0.00308526
195000 2.98184 -0.00425092 0.00295264
196000 3.00701 -0.00433805 0.00298099
197000 2.87059 -0.00210113 0.00285635
198000 2.98143 -0.0071647 0.00294916
199000 3.04592 -0.00708621 0.00301678
200000 2.96498 -0.00234481 0.00293338
201000 3.0169 -0.004193 0.00299144
202000 2.95895 -0.00601168 0.00292692
203000 2.99874 -0.0049059 0.00296651
204000 3.05745 -0.00369954 0.00302811
205000 2.95026 -0.00362515 0.00292107
206000 3.01052 -0.00504724 0.00297968
207000 2.99864 -0.00514751 0.00296797
208000 3.01299 -0.00288343 0.00299045
209000 2.98241 -0.00872088 0.00295784
210000 3.04998 -0.00584036 0.0030173
211000 2.92003 -0.00528042 0.00289091
212000 3.02939 -0.00120106 0.00300434
213000 2.96466 -0.00435602 0.00293241
214000 2.99124 -0.00619528 0.0029579
215000 3.03939 -0.00503184 0.00300419
216000 2.95059 -0.00699669 0.00291771
217000 2.96497 -0.00668467 0.00292938
218000 3.01142 -0.00682694 0.00297368
219000 3.06971 -0.00704359 0.00303427
220000 2.91436 -0.00547587 0.00288089
221000 3.01259 -0.00501534 0.00298926
222000 2.98425 -0.00572524 0.00295731
223000 2.97879 -0.00809821 0.00294919
224000 3.03142 -0.00604843 0.00300159
225000 2.98408 -0.00638284 0.0029538
226000 2.88972 -0.00494567 0.0028722
227000 3.01481 -0.00345042 0.00299362
228000 2.98993 -0.00386005 0.00296185
229000 2.94545 -0.0048276 0.00291818
230000 3.12948 -0.00801095 0.00310303
231000 2.96329 -0.00630756 0.00294083
232000 3.01808 -0.00626424 0.00298434
233000 3.11386 -0.00426615 0.00308339
234000 2.93561 -0.00944709 0.00290255
235000 2.92861 -0.00328424 0.00289544
236000 2.96166 -0.00411793 0.00293785
237000 3.12213 -0.004824 0.00309002
238000 2.96525 -0.00554277 0.00294243
239000 2.96047 -0.00402415 0.00292751
240000 2.99374 -0.00341399 0.00296462
241000 2.88978 -0.00495689 0.00286265
242000 2.95454 -0.00362238 0.00292888
243000 3.11764 -0.00586273 0.00308742
244000 2.91774 -0.00109657 0.00288857
245000 3.046 -0.0050425 0.00301091
246000 3.0468 -0.00442524 0.00301935
247000 2.94444 -0.00676006 0.00291479
248000 3.01168 -0.00936178 0.00298052
249000 3.06289 -0.00510799 0.00303193
250000 2.91763 -0.00786943 0.00289927
251000 2.93928 -0.00315222 0.00290751
252000 3.13027 -0.00415967 0.00309305
253000 2.89946 -0.0034933 0.00287507
254000 3.08724 -0.00738969 0.00305368
255000 2.8942 -0.00518012 0.00286776
256000 3.05466 -0.004362 0.0030195
257000 3.02876 -0.00425861 0.00299581
258000 2.90829 -0.00507165 0.00287728
259000 3.04422 -0.00455914 0.00301741
260000 3.02865 -0.00422244 0.00299235
261000 3.00487 -0.00584179 0.00296891
262000 2.99485 -0.00695658 0.00295746
263000 3.02321 -0.00743043 0.00299211
264000 2.90074 -0.00825504 0.00286286
265000 3.09415 -0.00481388 0.0030824
266000 3.06766 -0.00739829 0.00304077
267000 2.98102 -0.00537055 0.00295474
268000 3.06033 -0.00973315 0.00302146
269000 3.04127 -0.00838777 0.00300748
270000 3.06485 -0.00611243 0.00303743
271000 3.07598 -0.00580014 0.00304424
272000 3.01014 -0.00549935 0.00298364
273000 2.97536 -0.005569 0.00294243
274000 2.91883 -0.00618989 0.00288513
275000 2.98782 -0.00221687 0.00295791
276000 2.92365 -0.005574 0.0028957
277000 2.92404 -0.0116012 0.0028892
278000 2.95904 -0.00712205 0.00293704
279000 2.94623 -0.00425457 0.00291832
280000 2.90573 -0.00766506 0.00287762
281000 3.03144 -0.00535638 0.0029965
282000 3.03257 -0.00430369 0.0029985
283000 2.9764 -0.00891746 0.00294467
284000 2.97362 -0.00818877 0.00294128
285000 2.98382 -0.00368024 0.00295118
286000 3.15149 -0.00270518 0.0031181
287000 2.90562 -0.00385332 0.00287115
288000 3.06129 -0.0043087 0.00302708
289000 3.00042 -0.00467186 0.00296933
290000 2.95192 -0.00230109 0.00292399
291000 3.0789 -0.0034455 0.0030479
292000 3.08754 -0.00683257 0.00305624
293000 2.94731 -0.00329838 0.00292539
294000 2.95658 -0.00935241 0.00292379
295000 3.03476 -0.00422514 0.00300599
296000 3.01109 -0.00475757 0.00298657
297000 2.97851 -0.00355054 0.00295186
298000 3.00525 -0.00815568 0.00297711
299000 3.00629 -0.0126268 0.00297806
300000 2.98379 -0.0136131 0.00294594
301000 3.04073 -0.0137842 0.00300488
302000 2.95098 -0.00558878 0.00293026
303000 2.98407 -0.00909438 0.00295214
304000 3.0376 -0.00556225 0.00301266
305000 2.98684 -0.00742215 0.002954
306000 3.00503 -0.0113819 0.00296986
307000 3.01282 -0.00747804 0.00298736
308000 2.99822 -0.0107417 0.00297018
309000 2.96493 -0.0084146 0.00293164
310000 3.04105 -0.00825367 0.00301104
311000 3.01779 -0.00741082 0.00298782
312000 2.9452 -0.00388664 0.00291539
313000 3.0379 -0.00288579 0.00300331
314000 2.95037 -0.00484789 0.00291906
315000 3.03761 -0.0109353 0.0030099
316000 2.9994 -0.0126222 0.00296376
317000 3.02674 -0.0173673 0.00298853
318000 2.95418 -0.0158585 0.00292012
319000 3.08555 -0.0124748 0.00305361
320000 2.86216 -0.0010651 0.00283735
321000 2.95803 -0.0044682 0.00293308
322000 3.04186 -0.00527265 0.00301291
323000 2.92205 -0.00795948 0.0028941
324000 2.99946 -0.0095759 0.00297884
325000 2.95936 -0.00516659 0.00292485
326000 3.12779 -0.00941701 0.00309262
327000 2.9128 -0.0111048 0.00287583
328000 3.14273 -0.0126809 0.00309995
329000 2.93867 -0.0135244 0.00290151
330000 2.94508 -0.0037115 0.00292213
331000 2.94357 -0.00524756 0.0029126
332000 2.95482 -0.00537159 0.00293772
333000 2.96125 -0.00369254 0.00292912
334000 2.95664 -0.0042924 0.00292142
335000 2.96112 -0.00300876 0.00292803
336000 2.99412 -0.00893343 0.00296295
337000 3.02319 -0.00489143 0.00298994
338000 2.94883 -0.006318 0.00291609
339000 3.00551 -0.00788237 0.00297211
340000 3.08433 -0.00485833 0.00306058
341000 3.00407 -0.00480473 0.0029732
342000 2.90939 -0.00382472 0.00287771
343000 3.04867 -0.00320618 0.00302357
344000 2.98858 -0.010678 0.00294779
345000 2.95172 -0.00721171 0.00291883
346000 3.06079 -0.0054165 0.00302826
347000 3.02469 -0.00582096 0.00299542
348000 3.02139 -0.00456567 0.00298667
349000 2.99558 -0.00439506 0.00296643
350000 3.04349 -0.00283759 0.00302364
351000 2.97266 -0.00471612 0.00294362
352000 2.99681 -0.00345032 0.00296263
353000 3.06397 -0.00606797 0.00302886
354000 3.00805 -0.00573267 0.00297653
355000 2.90388 -0.00274744 0.00287479
356000 2.99406 -0.00649689 0.00297672
357000 2.94089 -0.0080199 0.00290893
358000 3.02417 -0.0045849 0.00298856
359000 2.9229 -0.00374861 0.002889
360000 2.88451 -0.00207116 0.00286183
361000 2.95397 -0.00336326 0.00292277
362000 3.02153 -0.0107491 0.00298235
363000 2.98016 -0.00297464 0.00295196
364000 3.04968 -0.0144039 0.00301832
365000 2.97918 -0.00528556 0.00294532
366000 3.00851 -0.00491422 0.00297998
367000 3.0189 -0.00289226 0.0029912
368000 3.02501 -0.0060961 0.00299221
369000 2.96857 -0.00662273 0.00293451
370000 3.0155 -0.0055408 0.00297978
371000 2.94854 -0.00785822 0.00291441
372000 2.97101 -0.0020999 0.00294421
373000 3.01457 -0.00318931 0.00299141
374000 3.11468 -0.00421053 0.00307984
375000 2.94887 -0.00285658 0.00292853
376000 3.01493 -0.00471052 0.0029882
377000 3.08783 -0.0037338 0.00305744
378000 2.95184 -0.00382624 0.00291964
379000 3.04297 -0.00722129 0.00300781
380000 2.95681 -0.00336571 0.00292995
381000 2.97093 -0.00675797 0.00294213
382000 2.98622 -0.00645115 0.00295543
383000 3.04002 -0.00891678 0.00300897
384000 2.93867 -0.00617713 0.00290655
385000 2.98746 -0.00730814 0.00295143
386000 3.05919 -0.0037474 0.00302409
387000 2.90447 -0.0079621 0.00287763
388000 2.92207 -0.00593128 0.00289347
389000 3.00834 -0.00509975 0.00297118
390000 3.06687 -0.00409754 0.00303539
391000 2.95347 -0.00692677 0.00292426
392000 2.9841 -0.00956733 0.00295698
393000 2.99263 -0.00887305 0.00295984
394000 3.03673 -0.00488157 0.00300387
395000 3.02534 -0.00734569 0.00299876
396000 3.00418 -0.00191455 0.00298121
397000 2.94866 -0.00597369 0.00292003
398000 3.08194 -0.00788533 0.00305426
399000 2.98669 -0.00398838 0.00296176
400000 2.95503 -0.00345447 0.00292059
401000 3.04189 -0.00438601 0.00300735
402000 3.01515 -0.00811181 0.00298086
403000 3.05465 -0.00575698 0.00303211
404000 3.01422 -0.00597111 0.00299967
405000 3.04075 -0.00421744 0.0030089
406000 3.06883 -0.00519578 0.00303733
407000 2.91363 -0.0031425 0.00288854
408000 2.95672 -0.00430235 0.00292438
409000 3.07443 -0.00500646 0.00305044
410000 2.99222 -0.005675 0.00295799
411000 2.92542 -0.00651761 0.00289618
412000 3.05116 -0.00414244 0.00302902
413000 2.9789 -0.00408725 0.00294747
414000 2.9737 -0.00495647 0.00294616
415000 2.97521 -0.00827189 0.0029464
416000 3.0541 -0.00496732 0.00303058
417000 2.95043 -0.00573536 0.00292422
418000 3.04698 -0.00583309 0.00301616
419000 2.98808 -0.00717195 0.0029551
420000 2.95745 -0.0071696 0.00292451
421000 3.00377 -0.00712384 0.0029715
422000 3.03958 -0.00500682 0.00300766
423000 3.04316 -0.00489683 0.00301449
424000 2.91835 -0.00364103 0.00290126
425000 3.00471 -0.0050742 0.00296803
426000 3.05435 -0.00671232 0.0030254
427000 2.93027 -0.00955434 0.00289719
428000 3.06755 -0.0060284 0.00303486
429000 2.99113 -0.00656581 0.00295529
430000 2.93708 -0.00574833 0.00290669
431000 3.02983 -0.00736527 0.00299845
432000 3.02654 -0.00633213 0.00299195
433000 2.99546 -0.00611545 0.00296692
434000 3.01952 -0.00729929 0.00298905
435000 2.90051 -0.00259063 0.00288012
436000 3.1118 -0.0073875 0.0030818
437000 2.96848 -0.00382598 0.00294402
438000 2.89877 -0.00577823 0.0028666
439000 3.05678 -0.00871306 0.00302064
440000 3.11202 -0.00625996 0.00308041
441000 2.89764 -0.00781801 0.0028652
442000 3.07843 -0.00681664 0.00304534
443000 2.8944 -0.00453895 0.00286689
444000 3.07205 -0.00641464 0.00303974
445000 2.94043 -0.00447553 0.0029079
446000 3.07198 -0.00612222 0.00303779
447000 2.9507 -0.00494256 0.00292338
448000 2.99558 -0.00515657 0.00297181
449000 2.99501 -0.0036046 0.00296199
450000 3.03891 -0.0054231 0.00300909
451000 3.13049 -0.00235047 0.00309826
452000 3.04361 -0.00596356 0.0030082
453000 2.95494 -0.00663163 0.00292286
454000 3.06383 -0.00560792 0.00302639
455000 3.09417 -0.00545555 0.00306341
456000 2.97221 -0.00534899 0.00294498
457000 2.99082 -0.00685115 0.00295619
458000 3.06634 -0.00540464 0.00303079
459000 2.93533 -0.00926015 0.00290078
460000 2.90492 -0.00689851 0.00287771
461000 3.05414 -0.00490607 0.00301902
462000 2.99989 -0.00606204 0.00297184
463000 2.93669 -0.0019268 0.00290618
464000 3.07746 -0.00662244 0.00304089
465000 3.00873 -0.00648253 0.00297822
466000 2.98335 -0.00470564 0.00295051
467000 3.05049 -0.00746994 0.00302268
468000 3.06271 -0.00457494 0.00302822
469000 3.06888 -0.0074945 0.00303732
470000 2.89771 -0.00654455 0.00286386
471000 2.98295 -0.00756904 0.00294852
472000 3.07936 -0.00612717 0.0030446
473000 2.96046 -0.00539065 0.00292939
474000 2.95407 -0.00226584 0.00292629
475000 3.03021 -0.00555752 0.00299392
476000 2.90976 -0.0059589 0.00288613
477000 3.07589 -0.00474491 0.00304581
478000 2.8828 -0.00412162 0.00285826
479000 3.02294 -0.00632806 0.00299903
480000 3.05599 -0.00660307 0.0030301
481000 3.01982 -0.00733417 0.00298997
482000 3.03885 -0.00589147 0.00300154
483000 2.96336 -0.00589339 0.00293238
484000 2.98646 -0.00476444 0.00295093
485000 3.02278 -0.00613148 0.00299213
486000 2.96686 -0.00672957 0.00293367
487000 3.01418 -0.00787164 0.00297925
488000 3.03872 -0.00288964 0.00301296
489000 2.98906 -0.00365129 0.00296606
490000 2.98234 -0.00303603 0.00295925
491000 2.95989 -0.0053703 0.0029306
492000 3.08243 -0.00368587 0.00304792
493000 2.96212 -0.00543773 0.00292656
494000 2.9887 -0.00598358 0.00295099
495000 3.05001 -0.00632165 0.00302164
496000 2.91793 -0.00675604 0.00288005
497000 3.02714 -0.00495632 0.0029982
498000 3.04217 -0.00562231 0.00300564
499000 2.99591 -0.0042431 0.00296308
500000 2.96751 -0.00411013 0.00293909
501000 2.96393 -0.00262052 0.00293296
502000 3.07682 -0.00397061 0.00304872
503000 2.98693 -0.0074602 0.00295959
504000 2.99395 -0.00592325 0.00296832
505000 2.97065 -0.00610159 0.00294288
506000 2.97862 -0.00434597 0.00294993
507000 2.94353 -0.00531301 0.0029124
508000 3.04358 -0.00610533 0.00301075
509000 3.00857 -0.00596716 0.002971
510000 2.92364 -0.00425943 0.00289169
511000 3.07716 -0.00277257 0.00304992
512000 2.89872 -0.00482959 0.00286974
513000 3.03056 -0.00366268 0.00299572
514000 3.08235 -0.0089001 0.00304259
515000 2.97557 -0.00379415 0.00294229
516000 3.05785 -0.00342334 0.00303411
517000 3.06418 -0.00911889 0.00303023
518000 2.92713 -0.00576588 0.0028966
519000 3.02714 -0.00582571 0.00299594
520000 2.98793 -0.00542393 0.00296563
521000 3.04981 -0.00268755 0.00302525
522000 2.98181 -0.00405337 0.00295484
523000 2.9538 -0.00333061 0.00292386
524000 2.97438 -0.00827868 0.00294488
525000 3.05333 -0.0042486 0.00302223
526000 2.91863 -0.00606968 0.00288506
527000 3.06842 -0.0054184 0.00303533
528000 2.87928 -0.00686561 0.00284212
529000 3.07485 -0.00294228 0.00304173
530000 2.9883 -0.00692753 0.0029531
531000 3.02313 -0.00818558 0.00298927
532000 2.97106 -0.00345309 0.0029455
533000 2.95095 -0.00792489 0.00292356
534000 2.96772 -0.00550233 0.00294275
535000 2.98993 -0.0051854 0.00295775
536000 2.99548 -0.00535224 0.00296102
537000 3.02223 -0.00976467 0.00298629
538000 2.90242 -0.00766113 0.00286869
539000 3.04623 -0.00446861 0.00301108
540000 3.08093 -0.00531945 0.00304429
541000 2.98352 -0.000607881 0.00297604
542000 3.00965 -0.00102833 0.00299905
543000 3.03511 -0.00577854 0.00300817
544000 2.92375 -0.00362993 0.00289611
545000 3.00945 -0.00435053 0.00298222
546000 3.01052 -0.00531014 0.00297681
547000 3.03766 -0.00680391 0.0030137
548000 3.01126 -0.00481363 0.00298182
549000 3.05583 -0.00435704 0.0030252
550000 2.93665 -0.00597127 0.00291587
551000 2.90655 -0.00643932 0.00287108
552000 3.04065 -0.00349305 0.00300965
553000 2.9728 -0.0047781 0.00294148
554000 2.95355 -0.00340519 0.00292688
555000 3.10119 -0.00484182 0.00306694
556000 2.92278 -0.00323829 0.00289082
557000 2.90811 -0.00494179 0.00287273
558000 3.11929 -0.00266933 0.00308705
559000 2.99734 -0.00593482 0.00296314
560000 2.96731 -0.00466963 0.00293645
561000 2.96332 -0.00213603 0.00293479
562000 2.98314 -0.00631459 0.00295901
563000 3.05973 -0.00777962 0.00302929
564000 2.99166 -0.00472466 0.00296077
565000 2.98314 -0.00479622 0.0029521
566000 3.02147 -0.00565239 0.00299407
567000 2.94793 -0.00995061 0.00291082
568000 2.99808 -0.00297124 0.00296959
569000 2.93414 -0.00808509 0.00290514
570000 2.95815 -0.00632172 0.00292491
571000 2.97528 -0.00219563 0.00295591
572000 3.01806 -0.00619392 0.00298657
573000 3.01508 -0.00497489 0.00298732
574000 3.01881 -0.00196743 0.00298676
575000 3.00029 -0.00582699 0.00297245
576000 2.96966 -0.00711556 0.00293217
577000 2.94997 -0.00442661 0.00292706
578000 3.01205 -0.00346032 0.00298078
579000 3.02888 -0.00564448 0.00299927
580000 2.90536 -0.00443287 0.00286906
581000 3.0239 -0.00908332 0.00298681
582000 2.97852 -0.00554199 0.00294498
583000 3.08546 -0.00476434 0.00305698
584000 2.99523 -0.00544183 0.00296159
585000 3.05611 -0.00356851 0.00302678
586000 2.92368 -0.00413704 0.00289903
587000 3.01454 -0.00527383 0.00298982
588000 3.08021 -0.00324315 0.00305933
589000 3.01027 -0.00319052 0.00298051
590000 2.94714 -0.00531841 0.00291237
591000 2.96117 -0.00322286 0.00292887
592000 3.02562 -0.00412876 0.00299134
593000 3.07071 -0.00421244 0.00304687
594000 3.01517 -0.00318912 0.0029833
595000 2.96448 -0.00553053 0.00293038
596000 2.96486 -0.00692547 0.00293314
597000 3.04257 -0.00842355 0.00300887
598000 3.06271 -0.0130332 0.00302888
599000 2.90659 -0.0120172 0.00287138
600000 2.96165 -0.00798516 0.00293153
601000 3.12841 -0.0114373 0.00310332
602000 2.93795 -0.00964751 0.0029041
603000 2.97818 -0.00553045 0.00294451
604000 3.07891 -0.00442502 0.0030469
605000 2.92136 -0.00461101 0.00290352
606000 2.98933 -0.00345784 0.00295626
607000 3.01 -0.00742638 0.00297377
608000 3.01776 -0.00334922 0.00299285
609000 2.87994 -0.0103359 0.00285081
610000 2.99214 -0.00334031 0.00295932
611000 3.05448 -0.00804701 0.00301643
612000 2.97819 -0.00437431 0.00294575
613000 2.98264 -0.00555062 0.00295497
614000 3.02641 -0.00405354 0.00299306
615000 3.02121 -0.00516001 0.00298859
616000 3.04347 -0.00361286 0.00301187
617000 3.00466 -0.00544592 0.00297039
618000 2.91785 -0.00470253 0.00288599
619000 3.01641 -0.00524247 0.00298504
620000 2.99047 -0.00353558 0.00295796
621000 3.04484 -0.00361343 0.0030157
622000 3.01097 -0.00220372 0.00298011
623000 2.96736 -0.0072851 0.00293324
624000 3.06273 -0.00528124 0.0030276
625000 2.91837 -0.0061955 0.00288687
626000 2.99803 -0.00842124 0.00296234
627000 3.0421 -0.00361233 0.00300734
628000 3.00116 -0.00353747 0.00297802
629000 3.03475 -0.00453724 0.00300493
630000 3.01148 -0.00520364 0.00298234
631000 3.00768 -0.0059156 0.00297846
632000 3.0967 -0.00777136 0.00306374
633000 2.96192 -0.00187133 0.00293278
634000 2.96279 -0.00465847 0.00293089
635000 3.02138 -0.00732685 0.00298134
636000 2.97168 -0.00530484 0.00293681
637000 2.97338 -0.00654652 0.00294273
638000 2.96605 -0.00472362 0.0029399
639000 2.963 -0.00288199 0.00292894
640000 2.94216 -0.00619481 0.00291539
641000 2.9647 -0.00655091 0.0029294
642000 2.97945 -0.0079515 0.00294616
643000 2.99211 -0.00440307 0.00296066
644000 2.94447 -0.00342646 0.00291662
645000 3.07606 -0.00299609 0.00304331
646000 3.00011 -0.00366811 0.00296372
647000 3.06817 -0.00428617 0.00304225
648000 2.95289 -0.00831335 0.00291659
649000 3.05519 -0.00224298 0.00303046
650000 3.13689 -0.00983491 0.00310299
651000 2.95577 -0.00629203 0.00291737
652000 3.01216 -0.00579594 0.00297884
653000 2.89302 -0.0073527 0.00285808
654000 2.96299 -0.00586333 0.00292827
655000 3.06336 -0.0069807 0.00302728
656000 2.9561 -0.0038664 0.00292066
657000 2.95804 -0.00644426 0.00292312
658000 2.95198 -0.00668887 0.00291883
659000 2.96027 -0.00118809 0.00293699
660000 3.05085 -0.00564415 0.00302254
661000 2.95294 -0.00330151 0.00292493
662000 2.9646 -0.00674685 0.00293079
663000 2.98447 -0.00765261 0.00294956
664000 3.02539 -0.00554199 0.00299585
665000 2.9881 -0.00252105 0.00295825
666000 3.00421 -0.00316982 0.00296875
667000 3.00709 -0.00501654 0.00297857
668000 3.10821 -0.00647527 0.00307473
669000 2.91844 -0.00752675 0.00288594
670000 3.01945 -0.00222869 0.00300307
671000 3.12672 -0.00607742 0.00310159
672000 2.94377 -0.00593735 0.00291741
673000 3.02894 -0.0049983 0.0030016
674000 3.02584 -0.0046751 0.00299286
675000 3.00047 -0.00565212 0.00296655
676000 3.04886 -0.00543835 0.00302624
677000 3.02791 -0.00441675 0.00299437
678000 3.07358 -0.00622541 0.00304315
679000 2.99901 -0.00442974 0.00297949
680000 3.06073 -0.00449929 0.00303041
681000 2.91024 -0.00753271 0.00287491
682000 3.11276 -0.00729601 0.00307741
683000 2.95135 -0.00608093 0.00291893
684000 2.91969 -0.00554196 0.00288841
685000 3.0636 -0.00420888 0.00303673
686000 3.11531 -0.00542171 0.00309041
687000 2.89823 -0.00509793 0.00286747
688000 3.07871 -0.00461356 0.00305315
689000 2.88822 -0.0057432 0.00285209
690000 3.10891 -0.0045723 0.00307764
691000 3.00712 -0.00393541 0.00298453
692000 3.01161 -0.00279173 0.00298304
693000 2.89761 -0.00261815 0.00287294
694000 3.08713 -0.00377512 0.00305386
695000 3.07134 -0.00487494 0.00303959
696000 2.92096 -0.00635299 0.00289283
697000 2.93433 -0.00438724 0.00290752
698000 3.12227 -0.00444142 0.00308828
699000 2.98188 -0.00408786 0.00294975
700000 2.93491 -0.00460395 0.00290244
701000 3.06885 -0.0060974 0.0030369
702000 3.05509 -0.012013 0.0030211
703000 2.99891 -0.0050181 0.00297088
704000 2.97549 -0.00392025 0.002942
705000 2.98407 -0.00557818 0.0029512
706000 3.05291 -0.00853978 0.00301703
707000 3.03909 -0.00505303 0.00300424
708000 2.89728 -0.00712084 0.00286895
709000 3.03028 -0.00579985 0.00299305
710000 2.93042 -0.0035057 0.00290298
711000 3.07728 -0.00527891 0.00304143
712000 2.95788 -0.00477937 0.00293186
713000 3.01336 -0.00277203 0.00298038
714000 3.02451 -0.00637087 0.00298703
715000 3.04981 -0.00459044 0.00302051
716000 3.10157 -0.00600749 0.00306807
717000 2.97168 -0.00945416 0.00294005
718000 3.01267 -0.00806224 0.00297696
719000 2.9937 -0.0054194 0.00295889
720000 2.99774 -0.00559516 0.00297257
721000 2.97081 -0.003799 0.00294009
722000 3.01623 -0.00623497 0.00298298
723000 3.0235 -6.23119e-05 0.00300361
724000 3.00517 -0.00273171 0.00298518
725000 2.92819 -0.00659231 0.00289993
726000 2.88265 -0.00549997 0.002853
727000 2.93971 -0.00423674 0.00291182
728000 3.01725 -0.010445 0.00301023
729000 2.91139 -0.00966484 0.00287953
730000 2.99525 -0.0137022 0.00296092
731000 3.01231 -0.0141639 0.00297034
732000 3.04274 -0.00780563 0.00301286
733000 2.98736 -0.0112709 0.00295453
734000 3.02766 -0.00645761 0.00300202
735000 2.89735 -0.0142348 0.00286192
736000 2.91971 -0.0127279 0.00288493
737000 3.01065 -0.00838292 0.00299263
738000 2.94627 -0.0110974 0.00291265
739000 2.98326 -0.0102105 0.00294945
740000 2.99003 -0.0111344 0.00295642
741000 3.02914 -0.00702285 0.00299622
742000 2.97988 -0.00586544 0.00294729
743000 2.94099 -0.00668975 0.00291025
744000 3.02023 -0.00586797 0.00299296
745000 3.01027 -0.00548959 0.00297936
746000 3.04168 -0.00650406 0.00300453
747000 3.0414 -0.00337018 0.00301846
748000 3.00067 -0.0041077 0.00296809
749000 3.04176 -0.0080088 0.00300934
750000 3.00707 -0.00923477 0.00297234
751000 3.03627 -0.00535916 0.0030104
752000 3.00014 -0.0048136 0.00296431
753000 2.96605 -0.00730782 0.00293703
754000 3.07153 -0.00494135 0.00304013
755000 2.93686 -0.00828246 0.00290643
756000 2.99451 -0.00302237 0.00296275
757000 3.06407 -0.00567542 0.00303323
758000 2.98291 -0.00745833 0.00295955
759000 3.04253 -0.00335208 0.00301614
760000 2.91557 -0.00821925 0.00289161
761000 2.93109 -0.00871431 0.00290286
762000 3.03897 -0.00615667 0.00300369
763000 2.99385 -0.00551128 0.00296578
764000 3.06872 -0.00544682 0.00303723
765000 2.98412 -0.00581481 0.00294673
766000 3.01305 -0.00571406 0.00298024
767000 2.99162 -0.00685089 0.00295777
768000 3.02227 -0.00410503 0.00299788
769000 3.00777 -0.00480584 0.00297469
770000 3.02468 -0.00128641 0.00300402
771000 3.04629 -0.000723669 0.00302386
772000 2.98083 -0.0020162 0.00295146
773000 2.9333 -0.00710783 0.00290059
774000 2.99534 -0.00606828 0.00296603
775000 2.96921 -0.00452021 0.00293369
776000 2.96888 -0.00312573 0.00293958
777000 3.1203 -0.00769568 0.00309171
778000 2.96823 -0.00631045 0.00294277
779000 2.9339 -0.00384199 0.00290641
780000 3.07685 -0.00970743 0.00304169
781000 3.02075 -0.00431789 0.0029904
782000 3.01001 -0.00388738 0.00297796
783000 2.95736 -0.00450843 0.00293053
784000 3.01221 -0.00488827 0.00299056
785000 3.02514 -0.00607693 0.00299108
786000 2.93862 -0.00647009 0.00290767
787000 3.10611 -0.00428182 0.00307281
788000 2.99577 -0.00595859 0.0029597
789000 2.97625 -0.00383126 0.00294449
790000 3.06591 -0.00453641 0.00303971
791000 2.90024 -0.00490295 0.00286996
792000 3.03367 -0.00243921 0.00300462
793000 3.05926 -0.00570936 0.00303417
794000 2.90764 -0.00765593 0.00287479
795000 2.98558 -0.00461225 0.00295338
796000 3.04199 -0.00667549 0.00300894
797000 2.95599 -0.0064616 0.00291979
798000 3.06689 -0.0054061 0.0030327
799000 2.905 -0.00498322 0.00287265
800000 3.10891 -0.00726357 0.00307383
801000 3.07831 -0.00470295 0.00304595
802000 2.95056 -0.00624756 0.00291247
803000 3.01571 -0.00658887 0.00297652
804000 3.05391 -0.00624506 0.00301983
805000 2.9971 -0.00337902 0.00296432
806000 3.02385 -0.00480314 0.00299206
807000 2.92494 -0.00427699 0.00289813
808000 3.03546 -0.00199735 0.00300595
809000 3.09049 -0.00585881 0.00306025
810000 2.88394 -0.00702659 0.00285022
811000 3.03827 -0.00187821 0.00300426
812000 3.09295 -0.008021 0.00305796
813000 2.92127 -0.00523277 0.00289466
814000 3.10705 -0.00333521 0.00308148
815000 2.86518 -0.00422855 0.00283318
816000 2.97348 -0.00645284 0.00293729
817000 3.09857 -0.00261497 0.00306734
818000 2.97429 -0.00481121 0.00294624
819000 2.99702 -0.00574674 0.00296181
820000 2.91153 -0.00527946 0.00290099
821000 2.92282 -0.00601169 0.00288955
822000 3.01023 -0.00331696 0.00298448
823000 2.92462 -0.00785495 0.0028888
824000 2.99548 -0.00409084 0.00296701
825000 2.98376 -0.00673402 0.00295215
826000 2.95921 -0.00678194 0.00293046
827000 2.99673 -0.00532915 0.00296675
828000 2.96339 -0.00805269 0.00293067
829000 2.93986 -0.0041783 0.00291069
830000 3.10004 -0.0104364 0.0030654
831000 2.99695 -0.0105139 0.00296947
832000 3.00791 -0.00356765 0.00297531
833000 2.97063 -0.00415602 0.00294521
834000 3.06521 -0.00439302 0.00303481
835000 2.9917 -0.00540979 0.00296161
836000 2.9303 -0.0106302 0.00290106
837000 3.05803 -0.00524334 0.00302424
838000 3.00538 -0.00903635 0.00296944
839000 3.04412 -0.00400986 0.00301073
840000 2.93034 -0.00470461 0.00290298
841000 3.00941 -0.00344648 0.00297564
842000 3.03517 -0.00448901 0.00300578
843000 2.94604 -0.00600673 0.00292065
844000 3.07137 -0.00665625 0.00304302
845000 2.9974 -0.00991641 0.00296646
846000 2.90821 -0.0045356 0.00288035
847000 3.09155 -0.0083364 0.00305967
848000 3.06851 -0.00244949 0.00304547
849000 2.91332 -0.0072737 0.00287644
850000 2.99326 -0.00344216 0.002962
851000 3.06658 -0.00606262 0.00304111
852000 2.91943 -0.00427808 0.00288637
853000 3.09879 -0.00288983 0.00307851
854000 2.92999 -0.00291575 0.00290619
855000 3.03293 -0.00472506 0.00299771
856000 2.89619 -0.00586028 0.00286723
857000 3.04221 -0.00411285 0.00301989
858000 3.01379 -0.00448543 0.00297937
859000 2.94674 -0.00659349 0.00292262
860000 3.0285 -0.0065278 0.00300157
861000 3.03803 -0.00688505 0.00300636
862000 2.97656 -0.0045079 0.00294324
863000 3.04039 -0.00413869 0.00300989
864000 2.9645 -0.00314507 0.00293828
865000 2.95495 -0.00343548 0.00292452
866000 2.99795 -0.00546601 0.00296994
867000 2.97936 -0.00302782 0.00295201
868000 2.93409 -0.007825 0.00289748
869000 3.02492 -0.00369063 0.00299103
870000 2.96875 -0.00469166 0.00293896
871000 3.01078 -0.00820469 0.00297972
872000 3.02752 -0.004742 0.00299722
873000 2.96058 -0.00525056 0.00292384
874000 3.0527 -0.00766851 0.00302748
875000 2.88503 -0.00554235 0.0028558
876000 3.03774 -0.00675628 0.00300687
877000 3.01454 -0.00717586 0.00298167
878000 2.97911 -0.00316294 0.00294729
879000 2.91188 -0.00716963 0.00287951
880000 2.95772 -0.00608647 0.00292037
881000 2.99027 -0.00506522 0.0029582
882000 2.96083 -0.00566264 0.00292843
883000 3.01635 -0.00737954 0.00298563
884000 3.00168 -0.0102343 0.00296911
885000 2.95206 -0.00921836 0.00292837
886000 2.97169 -0.0141055 0.00293913
887000 3.07386 -0.0122923 0.00305312
888000 2.97516 -0.0114809 0.00294021
889000 3.08377 -0.0143714 0.00305515
890000 3.01057 -0.011054 0.00297546
891000 3.02475 -0.0104392 0.00298757
892000 3.05285 -0.0121903 0.00301439
893000 3.03022 -0.00728022 0.00300467
894000 2.99441 -0.00905776 0.00296691
895000 3.0319 -0.0122467 0.00299295
896000 3.01773 -0.0122256 0.00297626
897000 3.03008 -0.0120074 0.00300174
898000 2.96457 -0.0103799 0.00292854
899000 3.09326 -0.0147637 0.00305034
900000 2.92984 -0.0176602 0.00288802
901000 2.95043 -0.0138569 0.00291128
902000 3.06726 -0.00621342 0.00303425
903000 3.12182 -0.00711376 0.00308447
904000 2.98918 -0.00531578 0.00295725
905000 2.91635 -0.00409051 0.00288525
906000 2.96499 -0.000677921 0.00294651
907000 3.0724 -0.00396459 0.00303817
908000 2.88726 -0.00663197 0.00285579
909000 3.10571 -0.0113666 0.00307056
910000 3.01666 -0.0103575 0.0029794
911000 2.9549 -0.0124105 0.00291624
912000 2.96762 -0.017904 0.00293312
913000 3.03224 -0.0117991 0.00299768
914000 3.05258 -0.0137885 0.00301425
915000 2.96865 -0.0157482 0.00292888
916000 2.96514 -0.0124845 0.00293075
917000 3.002 -0.0173894 0.00296414
918000 3.00018 -0.010433 0.00297489
919000 3.02257 -0.0134869 0.00298559
920000 3.00558 -0.00991082 0.00297977
921000 2.92172 -0.00947487 0.00288655
922000 3.07172 -0.00217609 0.00304224
923000 3.08306 -0.0094701 0.00304755
924000 2.9259 -0.00480753 0.00289587
925000 3.00653 -0.00405364 0.00297823
926000 3.09924 -0.00748588 0.0030635
927000 2.95732 -0.00789623 0.00292369
928000 2.96559 -0.00342512 0.00293586
929000 3.00213 -0.00650104 0.00297011
930000 2.97359 -0.00706563 0.00294148
931000 3.06417 -0.0094951 0.00303034
932000 2.93735 -0.00753704 0.00290953
933000 3.00718 -0.00560476 0.00298242
934000 3.02725 -0.00517088 0.00299318
935000 2.98816 -0.00511754 0.00295541
936000 3.01892 -0.00512075 0.00298857
937000 3.0192 -0.00414054 0.0029844
938000 2.95652 -0.0034661 0.00292874
939000 2.95465 -0.0096223 0.00292271
940000 2.97301 -0.0110766 0.00293592
941000 2.9565 -0.00843055 0.00292182
942000 3.0258 -0.0114052 0.00300294
943000 3.00454 -0.00915282 0.00297155
944000 2.98533 -0.00681603 0.00295105
945000 2.97302 -0.016497 0.0029323
946000 3.00963 -0.00873162 0.00297417
947000 3.0358 -0.00914802 0.00300618
948000 3.02837 -0.00634936 0.00299843
949000 2.99965 -0.00585486 0.00296484
950000 3.0346 -0.00555791 0.00300076
951000 3.00413 -0.00676293 0.00297548
952000 3.02271 -0.00891405 0.00298936
953000 2.93294 -0.00721814 0.00290967
954000 3.10741 -0.00557809 0.00307448
955000 2.91808 -0.00730699 0.00289114
956000 2.88748 -0.00882724 0.00285646
957000 3.05471 -0.00901495 0.00302163
958000 3.04668 -0.00612883 0.00301853
959000 2.89011 -0.00508455 0.0028644
960000 2.99311 -0.00598891 0.0029575
961000 3.02259 -0.0115351 0.00298904
962000 3.04969 -0.00739865 0.00301847
963000 2.98268 -0.00221557 0.00295047
964000 3.00619 -0.00656276 0.0029716
965000 2.93662 -0.00550098 0.00290043
966000 3.02246 -0.00436066 0.00300363
967000 2.98366 -0.00369552 0.00295615
968000 2.97553 -0.00501696 0.00293996
969000 3.02354 -0.0043602 0.00300187
970000 2.99088 -0.00715411 0.00296181
971000 3.00844 -0.00548451 0.00297475
972000 2.93457 -0.00437934 0.00290772
973000 3.05241 -0.00719494 0.00301804
974000 2.89173 -0.00876453 0.00286217
975000 3.08351 -0.0029494 0.00305428
976000 3.00236 -0.00453111 0.00297115
977000 2.93981 -0.00301663 0.00290972
978000 3.04536 -0.00520821 0.00301133
979000 2.9889 -0.00432084 0.00296408
980000 3.0061 -0.00436634 0.00298031
981000 2.91281 -0.0113127 0.00288376
982000 3.04399 -0.0048257 0.0030133
983000 2.95139 -0.00452339 0.00292547
984000 2.94254 -0.00258025 0.00291418
985000 2.98906 -0.00544064 0.0029548
986000 2.91825 -0.00432948 0.00288477
987000 2.99417 -0.00595099 0.00296333
988000 2.97227 -0.00210367 0.00294402
989000 2.96535 -0.00596785 0.00293199
990000 2.99497 -0.00378039 0.00296276
991000 2.97139 -0.00525487 0.0029547
992000 3.03137 -0.00598931 0.00299853
993000 2.94345 -0.00534013 0.00291207
994000 3.06571 -0.00531295 0.00303043
995000 2.98643 -0.00561878 0.00295649
996000 2.94242 -0.00371492 0.00291387
997000 3.03645 -0.00733141 0.00300099
998000 3.01868 -0.00878403 0.00298806
999000 3.01553 -0.00683923 0.00297624
1000000 2.98176 -0.00314359 0.00296085
1001000 2.99855 -0.00725177 0.00296363
1002000 3.0174 -0.00644512 0.00297894
1003000 2.95428 -0.00893501 0.00292006
1004000 3.06257 -0.00563495 0.00303705
1005000 2.94321 -0.00553631 0.0029089
1006000 2.99964 -0.0060968 0.00296926
1007000 3.0359 -0.00573456 0.0030091
1008000 2.99422 -0.00266176 0.00296573
1009000 2.98848 -0.00451072 0.00295532
1010000 3.05841 -0.0046332 0.00303448
1011000 2.91227 -0.00218379 0.00288254
1012000 2.88611 -0.00679362 0.00285401
1013000 2.9025 -0.00725621 0.00287095
1014000 3.02303 -0.00563987 0.00299275
1015000 3.03658 -0.00245195 0.00300724
1016000 2.99862 -0.00288219 0.00297085
1017000 2.95139 -0.00655486 0.00292281
1018000 2.99357 -0.00419891 0.00295915
1019000 3.06556 -0.00824558 0.00303258
1020000 3.04317 -0.00246274 0.00301139
1021000 2.9479 -0.00686141 0.00292292
1022000 3.06061 -0.00529032 0.00302885
1023000 3.11931 -0.00249314 0.0030854
1024000 2.97076 -0.00401424 0.00293821
1025000 3.02159 -0.00525297 0.00298928
1026000 2.88243 -0.00387359 0.00284996
1027000 3.06275 -0.00366698 0.00303066
1028000 3.03072 -0.00534227 0.00300282
1029000 2.94872 -0.00579757 0.00291522
1030000 3.0851 -0.00601499 0.00305571
1031000 2.96256 -0.00355935 0.00293241
1032000 3.05384 -0.00575697 0.00302492
1033000 2.99592 -0.0107814 0.00296139
1034000 3.02061 -0.0144513 0.00298411
1035000 2.91677 -0.0032343 0.00289478
1036000 3.09782 -0.00354697 0.00306563
1037000 3.05274 -0.0109635 0.00300976
1038000 2.9363 -0.00766397 0.00290249
1039000 2.93322 -0.00648086 0.00289988
1040000 3.04724 -0.00922173 0.0030167
1041000 2.88981 -0.0059614 0.00285965
1042000 3.08908 -0.00707076 0.00306118
1043000 3.04841 -0.00989461 0.00301141
1044000 2.89689 -0.00871431 0.00286241
1045000 2.94979 -0.0036079 0.00291408
1046000 3.00574 -0.00181773 0.00298548
1047000 3.09487 -0.00572801 0.00307532
1048000 2.88716 -0.00673016 0.00285187
1049000 3.04868 -0.00468058 0.00303032
1050000 3.08409 -0.00705673 0.00305042
1051000 2.91799 -0.00831 0.00288273
1052000 3.10272 -0.00533915 0.00306768
1053000 2.97985 -0.0069661 0.00294022
1054000 2.96824 -0.00408719 0.00294063
1055000 3.08222 -0.00414299 0.00305343
1056000 2.93469 -0.00957914 0.00290404
1057000 2.97223 -0.00596726 0.00294316
1058000 3.0005 -0.00569033 0.002972
1059000 3.0441 -0.0116985 0.00300136
1060000 3.09609 -0.0099584 0.00305689
1061000 2.96098 -0.00784917 0.00293141
1062000 3.01762 -0.0089076 0.00298448
1063000 3.02493 -0.00228091 0.00299268
1064000 2.88904 -0.00101443 0.00286373
1065000 2.96106 -0.00210097 0.00293858
1066000 3.00216 -0.00437881 0.00297332
1067000 3.09438 -0.00764378 0.00306027
1068000 2.93504 -0.00731109 0.00289786
1069000 2.9958 -0.00484873 0.00296623
1070000 3.04546 -0.00613037 0.00301617
1071000 3.01122 -0.00748592 0.00298851
1072000 2.95442 -0.0104345 0.00292411
1073000 2.98127 -0.00654617 0.00294819
1074000 3.02826 -0.00374835 0.00299466
1075000 3.01576 -0.00599097 0.00298564
1076000 2.9647 -0.00772743 0.00294124
1077000 2.95846 -0.00379659 0.00292336
1078000 2.99132 -0.00414533 0.00295946
1079000 3.0384 -0.0017635 0.00302111
1080000 3.05 -0.008339 0.00301461
1081000 3.09442 -0.00157435 0.0030817
1082000 2.92965 -0.00206216 0.00289921
1083000 2.9595 -0.00506602 0.0029405
1084000 3.02324 -0.00665596 0.00299578
1085000 2.97385 -0.00489479 0.00294431
1086000 2.96386 -0.00383915 0.00293075
1087000 3.02383 -0.00373343 0.00299085
1088000 2.97183 -0.00525236 0.0029476
1089000 3.05768 -0.00497183 0.00302681
1090000 3.00767 -0.00386652 0.00297483
1091000 2.91106 -0.00410097 0.0028794
1092000 3.07238 -0.00919963 0.00303727
1093000 3.02339 -0.00716799 0.00299323
1094000 2.99578 -0.00731733 0.0029691
1095000 3.07835 -0.00190356 0.00304716
1096000 3.0878 -0.00473434 0.00305514
1097000 3.01281 -0.00203021 0.00299004
1098000 3.01427 -0.00379184 0.00299782
1099000 2.921 -0.00428731 0.00288607
1100000 2.94051 -0.0040854 0.00292036
