# Time-averaged data for fix 2
# TimeStep v_Temperature v_PotentialEnergy v_Pressure
1000 0.89404 -0.00866355 0.000881686
2000 0.836007 -0.00613433 0.000821559
3000 0.859047 -0.00564466 0.000846227
4000 0.886731 -0.0104624 0.000873013
5000 0.83832 -0.00340678 0.000826942
6000 0.847631 -0.00128205 0.000836926
7000 0.845081 -0.00691999 0.000833927
8000 0.857026 -0.0134 0.000841332
9000 0.815084 -0.0077792 0.000799707
10000 0.864298 -0.00972701 0.000845998
11000 0.835058 -0.0115657 0.000816627
12000 0.868485 -0.0144583 0.000851573
13000 0.850559 -0.0121046 0.000835626
14000 0.846822 -0.0159347 0.000827131
15000 0.869615 -0.0159363 0.000854131
16000 0.871311 -0.0150354 0.000851196
17000 0.831718 -0.00987044 0.000818751
18000 0.859166 -0.0104461 0.000850044
19000 0.841244 -0.00578451 0.000829149
20000 0.846031 -0.00432371 0.000833875
21000 0.85617 -0.0080631 0.000840962
22000 0.856228 -0.00689053 0.000849224
23000 0.836348 -0.00697382 0.000823698
24000 0.862456 -0.008972 0.000848169
25000 0.844677 -0.00859082 0.000829409
26000 0.836954 -0.00798742 0.000820715
27000 0.860552 -0.00808372 0.000845498
28000 0.854512 -0.00797414 0.000842621
29000 0.859205 -0.00627938 0.000845449
30000 0.834302 -0.00589821 0.00081984
31000 0.853461 -0.0052895 0.000839392
32000 0.84329 -0.00988844 0.000829007
33000 0.848079 -0.00255802 0.000839154
34000 0.860154 -0.0124694 0.000840871
35000 0.849209 -0.0133154 0.000829494
36000 0.829439 -0.0134481 0.000812468
37000 0.882501 -0.0128266 0.000868643
38000 0.821404 -0.0167293 0.000801637
39000 0.836734 -0.0144198 0.000813237
40000 0.871048 -0.00988203 0.000854369
41000 0.840146 -0.0036183 0.000830133
42000 0.853081 -0.00492885 0.000843051
43000 0.862019 -0.00104686 0.000851384
44000 0.822453 -0.00684762 0.000809527
45000 0.859072 -0.0109047 0.000842333
46000 0.828013 -0.00583307 0.000814616
47000 0.850151 -0.00624834 0.000835849
48000 0.85034 -0.00764198 0.000836904
49000 0.839899 -0.00692394 0.00082381
50000 0.813988 -0.0103493 0.000801977
51000 0.855955 -0.00497742 0.000843173
52000 0.846958 -0.00622577 0.000834177
53000 0.84052 -0.0069852 0.000822238
54000 0.820351 -0.00743526 0.000807095
55000 0.831781 -0.00632802 0.000819756
56000 0.846027 -0.00911379 0.000831752
57000 0.845771 -0.00571911 0.000836985
58000 0.855764 -0.00104801 0.000845134
59000 0.860586 -0.00970909 0.000848387
60000 0.849434 -0.0059066 0.000837764
61000 0.867552 -0.00641911 0.000853813
62000 0.845278 -0.00664411 0.000832151
63000 0.842551 -0.0133147 0.000821194
64000 0.842467 -0.0169491 0.000823864
65000 0.865567 -0.0125826 0.000845473
66000 0.844343 -0.014713 0.000830995
67000 0.860266 -0.0102314 0.000843871
68000 0.853014 -0.0127772 0.00083946
69000 0.840631 -0.0113985 0.000827368
70000 0.836985 -0.0119512 0.000821488
71000 0.842774 -0.00826011 0.000832063
72000 0.84565 -0.0146626 0.000827899
73000 0.856653 -0.0128793 0.000841424
74000 0.85324 -0.0119828 0.000841543
75000 0.860611 -0.0114144 0.000853025
76000 0.853127 -0.00724068 0.000838718
77000 0.861993 -0.00417003 0.000848774
78000 0.846655 -0.00893508 0.000829749
79000 0.837009 -0.00621355 0.000823513
80000 0.851648 -0.00199108 0.000841973
81000 0.853021 -0.00700002 0.000841527
82000 0.862934 -0.00515208 0.000852584
83000 0.821654 -0.0089935 0.000804126
84000 0.841641 -0.0127602 0.000826572
85000 0.835942 -0.00715134 0.000823547
86000 0.874335 -0.0043599 0.000862328
87000 0.869604 -0.0101445 0.00085144
88000 0.821833 -0.0110315 0.000810652
89000 0.848578 -0.0096936 0.0008419
90000 0.847586 -0.00949028 0.000832451
91000 0.835413 -0.0145053 0.00081713
92000 0.863775 -0.0154611 0.000848223
93000 0.864023 -0.0157296 0.000849267
94000 0.85552 -0.0149277 0.000837973
95000 0.828831 -0.0112147 0.000812431
96000 0.853246 -0.01511 0.000841479
97000 0.867804 -0.00934817 0.000858651
98000 0.845104 -0.0134109 0.000826018
99000 0.834766 -0.0144817 0.000817891
100000 0.86594 -0.0139333 0.000850384
101000 0.875206 -0.0111572 0.000864195
102000 0.859756 -0.00932716 0.000846733
103000 0.866111 -0.00309943 0.000855927
104000 0.847159 -0.00578972 0.000833862
105000 0.858469 -0.00900019 0.000846138
106000 0.85461 -0.00921435 0.00083807
107000 0.853166 -0.00431958 0.00084013
108000 0.864465 -0.00669112 0.000850385
109000 0.851301 -0.00517989 0.000845548
110000 0.841138 -0.00639971 0.000826549
111000 0.8439 -0.00622221 0.000830965
112000 0.858211 -0.00960921 0.00084302
113000 0.861512 -0.0113526 0.000842851
114000 0.869042 -0.00914217 0.000853291
115000 0.837257 -0.0120807 0.000824941
116000 0.856966 -0.00926703 0.000843689
117000 0.856525 -0.0139208 0.000845354
118000 0.8254 -0.0118182 0.000814243
119000 0.854265 -0.0127927 0.000842469
120000 0.867502 -0.00279514 0.000856213
121000 0.826067 -0.00471106 0.000815817
122000 0.844896 -0.0060991 0.00083346
123000 0.870799 -0.00533434 0.000855361
124000 0.820867 -0.00283743 0.000810317
125000 0.835521 -0.0053707 0.000821708
126000 0.878895 -0.00946798 0.000862365
127000 0.826346 -0.0142787 0.000813284
128000 0.870327 -0.0204899 0.000851572
129000 0.823208 -0.0217582 0.000798331
130000 0.864773 -0.0203186 0.000842322
131000 0.853454 -0.0206696 0.000831873
132000 0.835329 -0.0176165 0.000815945
133000 0.852324 -0.0198146 0.000827901
134000 0.823844 -0.0234096 0.00080228
135000 0.85512 -0.00511137 0.000844111
136000 0.846107 -0.010469 0.000832514
137000 0.816744 -0.00954988 0.0008015
138000 0.830686 -0.00518077 0.000817924
139000 0.869105 -0.00803931 0.000856421
140000 0.853195 -0.00924205 0.000839915
141000 0.846238 -0.00813652 0.000829744
142000 0.854509 -0.00511888 0.00084071
143000 0.843809 -0.00515715 0.000830319
144000 0.860994 -0.00293982 0.000850562
145000 0.829338 -0.00732757 0.000816458
146000 0.881746 -0.0124895 0.000864207
147000 0.836389 -0.00271418 0.000826645
148000 0.862888 -0.00499471 0.000852776
149000 0.872866 -0.00569336 0.000860698
150000 0.823456 -0.00465345 0.000811768
151000 0.88031 -0.00652928 0.000871013
152000 0.827685 -0.00938561 0.000814721
153000 0.834793 -0.00728123 0.000816439
154000 0.837894 -0.00381298 0.000828187
155000 0.837504 -0.00353357 0.000828874
156000 0.875293 -0.00328854 0.000866634
157000 0.84069 -0.00499469 0.000834614
158000 0.811767 -0.00281542 0.000801473
159000 0.849884 -0.00255817 0.000838214
160000 0.8521 -0.00641708 0.000834811
161000 0.845993 -0.0081619 0.000829484
162000 0.848828 -0.00757943 0.000833213
163000 0.85542 -0.00471908 0.000840952
164000 0.8143 -0.00466366 0.000801678
165000 0.855975 -0.00601734 0.00084372
166000 0.850637 -0.00517146 0.000838287
167000 0.846181 -0.00865913 0.000831822
168000 0.84104 -0.00521244 0.000828581
169000 0.872355 -0.00813229 0.000858354
170000 0.837732 -0.00549275 0.000824475
171000 0.838239 -0.00254639 0.000826676
172000 0.862903 -0.00453725 0.000851577
173000 0.849015 -0.00175558 0.000838973
174000 0.856829 -0.00344762 0.000845541
175000 0.850952 -0.00317442 0.000846601
176000 0.849439 -0.00884416 0.000836175
177000 0.869107 -0.00887962 0.000858993
178000 0.837586 -0.00508302 0.000828016
179000 0.843804 -0.00600934 0.00083588
180000 0.854995 -0.00651443 0.000837214
181000 0.860392 -0.00573313 0.000845765
182000 0.843191 -0.00689619 0.000833012
183000 0.846297 -0.00258975 0.000835161
184000 0.868007 -0.00687499 0.000851495
185000 0.837518 -0.00450186 0.000824624
186000 0.851923 -0.00643892 0.000838588
187000 0.833529 -0.00819999 0.000817245
188000 0.861036 -0.00667803 0.000853916
189000 0.884382 -0.00541609 0.000872472
190000 0.813901 -0.00691292 0.000801037
191000 0.859352 -0.0019128 0.00084702
192000 0.842788 -0.00630033 0.000831182
193000 0.886493 -0.00396498 0.000877585
194000 0.86204 -0.00864716 0.000850809
195000 0.820154 -0.007014 0.000807736
196000 0.882101 -0.00915883 0.000868795
197000 0.866805 -0.0104411 0.000849928
198000 0.846581 -0.015759 0.000825537
199000 0.841669 -0.0116428 0.000826599
200000 0.859075 -0.00938424 0.00084942
201000 0.864264 -0.00724478 0.000851255
202000 0.81973 -0.00838275 0.000803495
203000 0.864957 -0.00418701 0.000854957
204000 0.863287 -0.0119534 0.000847201
205000 0.872329 -0.0141999 0.000852084
206000 0.817736 -0.0110457 0.000801163
207000 0.878622 -0.00520211 0.00086887
208000 0.825436 -0.00411041 0.000812748
209000 0.861111 -0.00697726 0.000851861
210000 0.857773 -0.00599755 0.000842859
211000 0.854819 -0.00605885 0.000841268
212000 0.852585 -0.00323513 0.000846083
213000 0.853877 -0.00818606 0.000844591
214000 0.856008 -0.0096613 0.000843425
215000 0.8427 -0.0122027 0.000822746
216000 0.862375 -0.0138689 0.000843672
217000 0.860801 -0.00919702 0.000843809
218000 0.824287 -0.0103982 0.000808827
219000 0.825173 -0.00681942 0.000811988
220000 0.848368 -0.0151035 0.00082634
221000 0.838136 -0.0150825 0.000822804
222000 0.821259 -0.0148958 0.00080074
223000 0.840641 -0.0138971 0.000822018
224000 0.856339 -0.0155569 0.0008347
225000 0.831387 -0.0140297 0.000818196
226000 0.876145 -0.0101941 0.000861741
227000 0.863888 -0.0149217 0.000847784
228000 0.845382 -0.0120611 0.000828062
229000 0.851056 -0.0106422 0.000832713
230000 0.866987 -0.00686475 0.000851953
231000 0.850003 -0.00434369 0.00083803
232000 0.835541 -0.00408795 0.000823584
233000 0.850214 -0.00394803 0.000842259
234000 0.851085 -0.00537267 0.000839326
235000 0.855567 -0.0121029 0.000839782
236000 0.854611 -0.0128429 0.00084357
237000 0.858571 -0.00403712 0.000846719
238000 0.861241 -0.00470101 0.000848841
239000 0.855492 -0.00611069 0.000843838
240000 0.855166 -0.00238817 0.000844131
241000 0.836987 -0.00344496 0.000826585
242000 0.844321 -0.00552958 0.00083253
243000 0.844064 -0.00675239 0.000830055
244000 0.844417 -0.0130666 0.000825269
245000 0.838714 -0.0104543 0.000819813
246000 0.874564 -0.00486575 0.000864144
247000 0.829376 -0.00399626 0.000817119
248000 0.85411 -0.0113569 0.000836883
249000 0.847841 -0.00803227 0.000834371
250000 0.877129 -0.00507515 0.000864738
251000 0.824028 -0.00204132 0.000814026
252000 0.851206 -0.00588388 0.000841936
253000 0.877794 -0.00519454 0.000866115
254000 0.842495 -0.00570517 0.000828284
255000 0.832393 -0.00612896 0.00081818
256000 0.827037 -0.00610201 0.000814075
257000 0.864185 -0.00863983 0.000848312
258000 0.853026 -0.00651012 0.000843031
259000 0.845434 -0.00706182 0.000832456
260000 0.861627 -0.00439384 0.000848355
261000 0.84779 -0.00724688 0.000836412
262000 0.851693 -0.00812377 0.000834813
263000 0.864654 -0.00740833 0.000847551
264000 0.837861 -0.00276059 0.000825969
265000 0.856657 -0.00250441 0.000843528
266000 0.890347 -0.00665215 0.000874588
267000 0.847311 -0.0129953 0.000834278
268000 0.849539 -0.00417797 0.000841498
269000 0.858734 -0.0042068 0.000851208
270000 0.836926 -0.00735493 0.000825414
271000 0.869922 -0.00690609 0.000854641
272000 0.836665 -0.00580194 0.000823856
273000 0.843448 -0.00375742 0.000833648
274000 0.863515 -0.00611078 0.000847618
275000 0.819234 -0.0110869 0.000797297
276000 0.840304 -0.00463092 0.000830744
277000 0.831099 -0.00908114 0.000819033
278000 0.821519 -0.00444468 0.0008099
279000 0.83915 -0.0167433 0.00081646
280000 0.846536 -0.0135802 0.00082996
281000 0.855298 -0.010077 0.000838052
282000 0.872303 -0.00624752 0.000859865
283000 0.819088 -0.0143175 0.000805992
284000 0.861067 -0.0170765 0.000848704
285000 0.875384 -0.0122466 0.000859497
286000 0.827668 -0.0125248 0.000813282
287000 0.85667 -0.0109455 0.000841394
288000 0.858977 -0.0121524 0.000846049
289000 0.845581 -0.0160361 0.000827874
290000 0.842594 -0.0113743 0.000824781
291000 0.821793 -0.00823601 0.000807959
292000 0.825707 -0.0164319 0.000805631
293000 0.839945 -0.0135179 0.00082588
294000 0.853134 -0.0218961 0.000831566
295000 0.867785 -0.024389 0.000846888
296000 0.844832 -0.0200529 0.000826116
297000 0.84883 -0.0223692 0.000835776
298000 0.82948 -0.0219422 0.000813306
299000 0.851522 -0.0233438 0.000833374
300000 0.863738 -0.025437 0.000844991
301000 0.863739 -0.0221793 0.000852507
302000 0.856953 -0.0302402 0.000830721
303000 0.842609 -0.0267101 0.000820721
304000 0.870613 -0.020874 0.000849653
305000 0.878645 -0.0200446 0.000862529
306000 0.827691 -0.0185061 0.000809713
307000 0.852405 -0.0171903 0.000840335
308000 0.852333 -0.0173564 0.000836533
309000 0.838494 -0.0183485 0.00082289
310000 0.840626 -0.0254838 0.00081617
311000 0.835795 -0.022619 0.000817233
312000 0.833251 -0.0220256 0.000809346
313000 0.862807 -0.0196667 0.000841046
314000 0.858617 -0.0144742 0.000848054
315000 0.835891 -0.0136638 0.000818491
316000 0.847434 -0.00967008 0.000832386
317000 0.825049 -0.0142767 0.000809273
318000 0.873473 -0.0115048 0.000853368
319000 0.845199 -0.0116889 0.000829109
320000 0.848799 -0.00789575 0.000832586
321000 0.859715 -0.0135729 0.000841533
322000 0.843938 -0.0120166 0.00082812
323000 0.844522 -0.0168225 0.000821014
324000 0.842918 -0.0114052 0.000823655
325000 0.839235 -0.00326867 0.000828642
326000 0.852173 -0.00920187 0.000840177
327000 0.867831 -0.0120764 0.000854367
328000 0.846124 -0.00418299 0.000838487
329000 0.851197 -0.00374229 0.000840028
330000 0.843722 -0.0210103 0.000816693
331000 0.891158 -0.0261083 0.000858488
332000 0.844414 -0.0185716 0.000823336
333000 0.84689 -0.013192 0.000834404
334000 0.862906 -0.0135061 0.00085313
335000 0.870192 -0.0175898 0.000851592
336000 0.826841 -0.0151155 0.000809959
337000 0.863715 -0.0119203 0.000850062
338000 0.87135 -0.0151396 0.000854705
339000 0.823851 -0.0125145 0.000810488
340000 0.880281 -0.0152197 0.00085878
341000 0.863942 -0.013617 0.000847442
342000 0.820359 -0.0181165 0.000801367
343000 0.856727 -0.0280461 0.000830576
344000 0.863534 -0.02967 0.000841882
345000 0.874839 -0.0318439 0.000846964
346000 0.84452 -0.0268161 0.000823016
347000 0.866835 -0.0337813 0.000840161
348000 0.841065 -0.0285604 0.000818907
349000 0.845574 -0.0268171 0.000832203
350000 0.833628 -0.0258616 0.000821816
351000 0.871422 -0.0264434 0.000852474
352000 0.847102 -0.0217316 0.000833448
353000 0.81998 -0.0250654 0.000802583
354000 0.862664 -0.0246843 0.000841153
355000 0.852357 -0.0244918 0.000836646
356000 0.867917 -0.0194135 0.000852857
357000 0.847791 -0.0229252 0.000827098
358000 0.860903 -0.0203812 0.000845036
359000 0.845914 -0.0273854 0.000820016
360000 0.848877 -0.0274007 0.000824232
361000 0.841397 -0.0212874 0.000826355
362000 0.846594 -0.022692 0.000830901
363000 0.841742 -0.0193128 0.000827634
364000 0.861512 -0.0206733 0.000844133
365000 0.857697 -0.0239272 0.000839332
366000 0.84917 -0.0232109 0.000828279
367000 0.848285 -0.0154836 0.000836006
368000 0.828636 -0.0124311 0.000816038
369000 0.821086 -0.0166105 0.000805539
370000 0.829403 -0.0121057 0.000819439
371000 0.870055 -0.0142475 0.000854668
372000 0.843411 -0.0176584 0.000826433
373000 0.864201 -0.0119738 0.000851282
374000 0.85284 -0.0172898 0.000839662
375000 0.865272 -0.0158665 0.000849594
376000 0.845777 -0.0128715 0.000831109
377000 0.83931 -0.0124755 0.000833157
378000 0.888713 -0.0164795 0.000870318
379000 0.84046 -0.0269256 0.000816351
380000 0.826525 -0.0235199 0.000808517
381000 0.86072 -0.0275229 0.00084476
382000 0.820288 -0.0144268 0.000806986
383000 0.881689 -0.0125194 0.000869664
384000 0.82851 -0.018096 0.000814241
385000 0.873135 -0.0155274 0.000859813
386000 0.858367 -0.0130158 0.000845676
387000 0.847406 -0.0143882 0.000834869
388000 0.862494 -0.0128467 0.000849346
389000 0.8431 -0.019428 0.000830158
390000 0.823673 -0.0156038 0.000811139
391000 0.869087 -0.0148129 0.000857567
392000 0.860072 -0.0172321 0.00084461
393000 0.820516 -0.0226338 0.0008084
394000 0.866076 -0.0226142 0.000850035
395000 0.83482 -0.0281192 0.00081797
396000 0.87649 -0.0244918 0.000857458
397000 0.869416 -0.0206134 0.000851113
398000 0.837144 -0.0226214 0.000819998
399000 0.854548 -0.0199121 0.00083783
400000 0.834375 -0.0238699 0.000814756
401000 0.838402 -0.0216084 0.000820331
402000 0.832827 -0.0182371 0.00081621
403000 0.82462 -0.0264918 0.000803863
404000 0.848996 -0.0164185 0.000825009
405000 0.834982 -0.0167919 0.000817521
406000 0.814261 -0.0086978 0.000801805
407000 0.872421 -0.00990677 0.000855739
408000 0.85658 -0.0135078 0.000842835
409000 0.822092 -0.0143232 0.000803149
410000 0.834784 -0.0232427 0.000813818
411000 0.848025 -0.0149531 0.000835267
412000 0.856311 -0.0220131 0.000831471
413000 0.832488 -0.0188144 0.000814319
414000 0.84802 -0.018293 0.000830228
415000 0.885651 -0.0167586 0.000867142
416000 0.823594 -0.020814 0.000807466
417000 0.877225 -0.0182491 0.000859637
418000 0.820966 -0.013416 0.000808182
419000 0.866361 -0.0144077 0.000850349
420000 0.861746 -0.0155232 0.000843192
421000 0.869207 -0.010809 0.000857513
422000 0.87133 -0.0153046 0.000856553
423000 0.846815 -0.00523085 0.000838759
424000 0.831513 -0.00626572 0.000823407
425000 0.86491 -0.00444398 0.000853361
426000 0.881134 -0.00423403 0.000870636
427000 0.840762 -0.00478293 0.000829051
428000 0.845231 -0.00551395 0.000830688
429000 0.854282 -0.0139189 0.000841562
430000 0.865883 -0.00888765 0.000849683
431000 0.839321 -0.00870187 0.000826695
432000 0.849216 -0.0133418 0.000835004
433000 0.837185 -0.00476954 0.000825535
434000 0.861395 -0.00698603 0.000847684
435000 0.837505 -0.0050739 0.000824544
436000 0.856716 -0.0059391 0.000844579
437000 0.865519 -0.00390307 0.000855257
438000 0.82863 -0.0048552 0.000816476
439000 0.860249 -0.00809274 0.000845308
440000 0.847535 -0.00998395 0.0008324
441000 0.8433 -0.00733451 0.000835033
442000 0.870837 -0.00825333 0.000858503
443000 0.835253 -0.00503468 0.000820665
444000 0.843935 -0.00509274 0.000831106
445000 0.848415 -0.00165903 0.000838582
446000 0.84172 -0.00508038 0.000829911
447000 0.831393 -0.00907132 0.000825588
448000 0.8344 -0.00970229 0.000818978
449000 0.880364 -0.0134435 0.000861882
450000 0.811688 -0.00831929 0.000794036
451000 0.845191 -0.0115899 0.000827108
452000 0.890134 -0.00805471 0.000874246
453000 0.839703 -0.00770657 0.000830757
454000 0.859198 -0.00559859 0.000846967
455000 0.822674 -0.00566014 0.000811762
456000 0.859725 -0.0110282 0.000849787
457000 0.852934 -0.00641507 0.000835322
458000 0.856476 -0.00493503 0.000844143
459000 0.860197 -0.00523599 0.000846324
460000 0.83184 -0.00458354 0.000818701
461000 0.844909 -0.00722105 0.000837647
462000 0.866356 -0.0116785 0.000850642
463000 0.811041 -0.00952833 0.000798123
464000 0.882663 -0.00379235 0.000872287
465000 0.830591 -0.00206816 0.000820611
466000 0.840325 -0.00840853 0.000828713
467000 0.84135 -0.0101118 0.000824036
468000 0.829822 -0.0101994 0.000820999
469000 0.853238 -0.00831573 0.000838804
470000 0.847435 -0.0156826 0.000828843
471000 0.834785 -0.0114866 0.00081627
472000 0.886071 -0.00415263 0.000876062
473000 0.864738 -0.00472188 0.000852002
474000 0.840856 -0.0132743 0.000823892
475000 0.834257 -0.00812855 0.000823035
476000 0.845973 -0.00265308 0.000833787
477000 0.86488 -0.00522138 0.000852066
478000 0.860413 -0.00689501 0.000850178
479000 0.84585 -0.00521941 0.000833585
480000 0.860516 -0.00294949 0.000849599
481000 0.85793 -0.00274064 0.000849499
482000 0.83517 -0.00372808 0.000824487
483000 0.845819 -0.0046758 0.000836505
484000 0.829207 -0.0109074 0.000812928
485000 0.827762 -0.0104661 0.000811255
486000 0.846559 -0.00369319 0.000837803
487000 0.840615 -0.00843362 0.000828609
488000 0.861207 -0.00242163 0.000848414
489000 0.86326 -0.0113979 0.000848795
490000 0.830264 -0.0109341 0.000818553
491000 0.860207 -0.006076 0.00084965
492000 0.856216 -0.00305582 0.000845558
493000 0.834787 -0.00851262 0.000821513
494000 0.841029 -0.0121751 0.000825409
495000 0.835151 -0.00659182 0.000821396
496000 0.863365 -0.00684703 0.000851863
497000 0.835974 -0.00516995 0.000827497
498000 0.86934 -0.0105581 0.000856119
499000 0.828491 -0.00206747 0.000816508
500000 0.870587 -0.00921218 0.00085579
501000 0.871093 -0.0109155 0.000854628
502000 0.818258 -0.00312656 0.000806514
503000 0.864791 -0.00229381 0.000853778
504000 0.870923 -0.00445961 0.000859393
505000 0.830407 -0.00963311 0.000813217
506000 0.869942 -0.00716104 0.000856796
507000 0.846508 -0.00238291 0.000837695
508000 0.858023 -0.00610929 0.000845173
509000 0.835487 -0.00248729 0.000825071
510000 0.867935 -0.0133813 0.000855134
511000 0.864199 -0.00664676 0.00085149
512000 0.864811 -0.00851078 0.000845643
513000 0.851429 -0.00778872 0.000838321
514000 0.830795 -0.00590518 0.000819065
515000 0.871781 -0.00794338 0.000857558
516000 0.885505 -0.00601294 0.000870206
517000 0.868198 -0.00687184 0.000856289
518000 0.844132 -0.00519355 0.000833978
519000 0.858096 -0.00527345 0.000849864
520000 0.848372 -0.00425417 0.000838759
521000 0.836262 -0.00567911 0.000821517
522000 0.858199 -0.00502222 0.000847748
523000 0.845032 -0.00557131 0.000833955
524000 0.867295 -0.00577926 0.000852924
525000 0.850511 -0.00872465 0.000837905
526000 0.849263 -0.00283104 0.000838618
527000 0.842671 -0.013032 0.000829322
528000 0.845803 -0.00364476 0.000835555
529000 0.861465 -0.00691085 0.00084568
530000 0.836608 -0.00599265 0.000824009
531000 0.840408 -0.00474134 0.000828755
532000 0.864968 -0.0031399 0.000853814
533000 0.847894 -0.00312511 0.000837745
534000 0.864618 -0.00611411 0.000853555
535000 0.850932 -0.00343301 0.000838259
536000 0.85785 -0.00570722 0.000846788
537000 0.844383 -0.0067396 0.000834718
538000 0.859191 -0.0114919 0.000844828
539000 0.852064 -0.014827 0.000837955
540000 0.830111 -0.0138139 0.000818201
541000 0.847045 -0.0147128 0.000833554
542000 0.841631 -0.015558 0.000831351
543000 0.853649 -0.0195703 0.000835024
544000 0.825771 -0.0121222 0.000807991
545000 0.868459 -0.0181263 0.000846435
546000 0.844913 -0.0181556 0.00082319
547000 0.843871 -0.0184616 0.000829427
548000 0.867503 -0.0166592 0.000841915
549000 0.828887 -0.0199218 0.00080666
550000 0.850636 -0.0193895 0.00082554
551000 0.886988 -0.01566 0.000865079
552000 0.863299 -0.0239514 0.000835057
553000 0.820374 -0.0138307 0.000800053
554000 0.874318 -0.00976052 0.000861654
555000 0.855318 -0.00561192 0.000840363
556000 0.869196 -0.00343949 0.000862946
557000 0.84936 -0.00844371 0.000835572
558000 0.841315 -0.00500139 0.000829679
559000 0.857443 -0.004946 0.000847643
560000 0.862344 -0.0101905 0.000850148
561000 0.849993 -0.00598521 0.000840567
562000 0.839413 -0.00789465 0.000823969
563000 0.847611 -0.0067494 0.000832748
564000 0.854674 -0.00924609 0.000840558
565000 0.844382 -0.0217092 0.000824721
566000 0.849901 -0.0154049 0.000828791
567000 0.86085 -0.00816336 0.000846325
568000 0.859583 -0.00613521 0.000848242
569000 0.837971 -0.00405076 0.000827851
570000 0.889554 -0.0107449 0.000871762
571000 0.835111 -0.00548635 0.000826468
572000 0.847212 -0.00667977 0.000832573
573000 0.862871 -0.00855789 0.000846278
574000 0.842535 -0.00706184 0.000834755
575000 0.842525 -0.00383233 0.000834534
576000 0.85429 -0.00480135 0.000846087
577000 0.813243 -0.00110702 0.000802981
578000 0.837208 -0.00642881 0.000832299
579000 0.854809 -0.00615188 0.000840118
580000 0.866471 -0.00893734 0.000857766
581000 0.850166 -0.00573839 0.000837268
582000 0.837198 -0.00454499 0.000823115
583000 0.8707 -0.00512211 0.00085567
584000 0.852909 -0.00506003 0.000839637
585000 0.841775 -0.00374939 0.000833569
586000 0.8546 -0.00342116 0.000847237
587000 0.845509 -0.00779754 0.000832709
588000 0.852798 -0.00694207 0.000838621
589000 0.847318 -0.00293323 0.000834785
590000 0.846088 -0.00202223 0.00083791
591000 0.822736 -0.00451493 0.000810131
592000 0.838932 -0.00214146 0.000829417
593000 0.849623 -0.00527125 0.000838592
594000 0.879308 -0.00750423 0.000868495
595000 0.822356 -0.00680752 0.000804031
596000 0.861581 -0.006308 0.000848847
597000 0.835056 -0.0047122 0.000822646
598000 0.837126 -0.00303974 0.000829325
599000 0.82518 -0.00510385 0.000809616
600000 0.868253 -0.00814896 0.000854063
601000 0.852329 -0.00658396 0.000836289
602000 0.832729 -0.00592325 0.000820731
603000 0.864594 -0.00439722 0.000854069
604000 0.855264 -0.0112892 0.000840815
605000 0.852333 -0.0086918 0.000836463
606000 0.867378 -0.00650293 0.000857724
607000 0.865417 -0.00841187 0.000851444
608000 0.868904 -0.00462276 0.000859523
609000 0.843956 -0.00319101 0.00083314
610000 0.853879 -0.00350472 0.000845098
611000 0.864889 -0.00297313 0.000852484
612000 0.830287 -0.00486622 0.000818435
613000 0.828134 -0.0063728 0.000811214
614000 0.874482 -0.0046597 0.000864414
615000 0.861697 -0.00601983 0.000848006
616000 0.814739 -0.00216265 0.000804181
617000 0.84084 -0.00755237 0.000828405
618000 0.881431 -0.0116203 0.000861709
619000 0.84838 -0.0104383 0.000825299
620000 0.860691 -0.00518168 0.000849878
621000 0.849068 -0.00996986 0.000834147
622000 0.856213 -0.00700472 0.000843809
623000 0.854757 -0.0026531 0.000846993
624000 0.846333 -0.00584518 0.000832964
625000 0.839702 -0.00237887 0.000829504
626000 0.877797 -0.00518254 0.000867241
627000 0.86949 -0.00256509 0.000857568
628000 0.846974 -0.00635133 0.000833741
629000 0.871813 -0.00581781 0.000860166
630000 0.883098 -0.00811943 0.000869833
631000 0.842344 -0.00343083 0.000829615
632000 0.850431 -0.0058268 0.000835823
633000 0.854105 -0.00427624 0.00084227
634000 0.865149 -0.0109443 0.000853276
635000 0.858052 -0.0168729 0.00083856
636000 0.82579 -0.0132015 0.000812307
637000 0.875687 -0.0167752 0.000862354
638000 0.851058 -0.0193124 0.000836509
639000 0.848028 -0.0126174 0.000830666
640000 0.852419 -0.0206659 0.000828182
641000 0.846695 -0.0140306 0.00083111
642000 0.833752 -0.0138979 0.000816821
643000 0.860883 -0.0144215 0.000845351
644000 0.831949 -0.0135965 0.000815247
645000 0.861452 -0.0146494 0.000843671
646000 0.867237 -0.0177986 0.000853501
647000 0.822219 -0.0235697 0.000799148
648000 0.865565 -0.0161594 0.000848446
649000 0.855449 -0.0210248 0.00083448
650000 0.828059 -0.0247844 0.00080307
651000 0.862547 -0.0189215 0.000846586
652000 0.8568 -0.0228493 0.000835456
653000 0.839568 -0.023646 0.000819832
654000 0.812561 -0.019466 0.000795616
655000 0.860442 -0.020855 0.000841963
656000 0.844968 -0.0171496 0.000829599
657000 0.858812 -0.0155375 0.000839487
658000 0.827 -0.0168394 0.000807941
659000 0.856892 -0.0114151 0.000839993
660000 0.870239 -0.014208 0.000847986
661000 0.841923 -0.0168421 0.0008263
662000 0.862014 -0.0162955 0.000847848
663000 0.851598 -0.0160825 0.00083537
664000 0.858664 -0.0127352 0.000844466
665000 0.851532 -0.0163867 0.00083132
666000 0.854698 -0.015177 0.000840742
667000 0.855998 -0.0110939 0.000835547
668000 0.875332 -0.00910616 0.000857195
669000 0.825114 -0.00439712 0.000812468
670000 0.840299 -0.00263326 0.000829933
671000 0.87563 -0.0108801 0.000858796
672000 0.829413 -0.0129285 0.000809679
673000 0.859649 -0.00666365 0.000843365
674000 0.841429 -0.00423177 0.000830644
675000 0.841664 -0.00541128 0.000829612
676000 0.844149 -0.00367652 0.000833841
677000 0.833529 -0.00625908 0.000820752
678000 0.845562 -0.00650583 0.00083912
679000 0.861318 -0.00208569 0.000852877
680000 0.862555 -0.00546539 0.000852546
681000 0.818517 -0.00770036 0.00080595
682000 0.876603 -0.00425323 0.000865525
683000 0.838433 -0.00675434 0.000826276
684000 0.859404 -0.00764221 0.000844084
685000 0.844942 -0.00526637 0.000836333
686000 0.874092 -0.00308918 0.000864738
687000 0.873737 -0.00857262 0.000857338
688000 0.821156 -0.00527566 0.000810583
689000 0.871852 -0.00531121 0.000860155
690000 0.818614 -0.00176127 0.00080713
691000 0.832406 -0.00488592 0.000817652
692000 0.850329 -0.0056779 0.000840759
693000 0.827393 -0.011245 0.000809448
694000 0.834415 -0.00528766 0.000828623
695000 0.840823 -0.0108065 0.00082522
696000 0.86713 -0.00560147 0.000855173
697000 0.841102 -0.0126404 0.000822588
698000 0.84669 -0.00859456 0.000830541
699000 0.852598 -0.0068744 0.000840645
700000 0.861318 -0.00579112 0.000852019
701000 0.845577 -0.00662926 0.000831541
702000 0.826804 -0.00648069 0.000815172
703000 0.860521 -0.00238495 0.000850961
704000 0.841162 -0.00941965 0.000824091
705000 0.877206 -0.00526465 0.000862848
706000 0.816045 -0.0027397 0.000808253
707000 0.865872 -0.00374046 0.00085455
708000 0.868528 -0.00441952 0.000855071
709000 0.829148 -0.004123 0.000815508
710000 0.880612 -0.00406044 0.000866311
711000 0.839282 -0.00811891 0.000828379
712000 0.829091 -0.00718607 0.000816349
713000 0.857773 -0.0024936 0.000845821
714000 0.863673 -0.00560854 0.000853792
715000 0.848385 -0.00786052 0.000833025
716000 0.858878 -0.00671004 0.000845231
717000 0.887129 -0.00388099 0.000876787
718000 0.858328 -0.00358444 0.00084689
719000 0.81479 -0.00566994 0.00079913
720000 0.872476 -0.00937137 0.000857358
721000 0.85986 -0.00252013 0.000850615
722000 0.817765 -0.00732243 0.000802103
723000 0.840785 -0.00635618 0.000828002
724000 0.841567 -0.00291004 0.000833898
725000 0.871876 -0.00249386 0.000859903
726000 0.833177 -0.0046364 0.000823267
727000 0.838377 -0.00709182 0.000821969
728000 0.842975 -0.0130012 0.000824764
729000 0.859072 -0.00607027 0.000846757
730000 0.847639 -0.00623549 0.000834661
731000 0.862724 -0.00399882 0.00085132
732000 0.83397 -0.00988826 0.000822024
733000 0.86053 -0.00246835 0.000849028
734000 0.863355 -0.00878329 0.000846166
735000 0.869034 -0.0132095 0.000848068
736000 0.825661 -0.00828798 0.000807541
737000 0.843592 -0.00707061 0.000832444
738000 0.829386 -0.00420764 0.000820549
739000 0.853378 -0.0049859 0.000845749
740000 0.836004 -0.000732413 0.000826194
741000 0.835938 -0.00842143 0.000821951
742000 0.849789 -0.00392137 0.000838488
743000 0.851611 -0.00683532 0.00083891
744000 0.85811 -0.0047499 0.000844255
745000 0.840425 -0.00642283 0.000827857
746000 0.855811 -0.00546831 0.000846027
747000 0.847458 -0.00215931 0.000838388
748000 0.843986 -0.00974608 0.000825938
749000 0.852 -0.00536964 0.000836064
750000 0.869874 -0.00668427 0.000853741
751000 0.874266 -0.00686117 0.000866589
752000 0.858517 -0.00729912 0.000842759
753000 0.858557 -0.00701467 0.000842909
754000 0.832584 -0.0107907 0.000817281
755000 0.860775 -0.0118142 0.000843325
756000 0.889498 -0.0115388 0.00087539
757000 0.825415 -0.00468072 0.000813461
758000 0.873562 -0.00467125 0.000861164
759000 0.844572 -0.00732815 0.000832623
760000 0.824132 -0.00699103 0.000815587
761000 0.860767 -0.00757447 0.00084768
762000 0.829712 -0.00884561 0.000811797
763000 0.814328 -0.00294011 0.000804861
764000 0.832717 -0.0151454 0.000812177
765000 0.85343 -0.000419112 0.00084407
766000 0.83267 -0.00499298 0.000821445
767000 0.839766 -0.00175931 0.000829491
768000 0.867049 -0.00686184 0.000851255
769000 0.829117 -0.00418543 0.000814918
770000 0.850423 -0.00532434 0.00084498
771000 0.843069 -0.00942161 0.000831465
772000 0.850524 -0.00666049 0.000836639
773000 0.849598 -0.00590622 0.000839928
774000 0.844761 -0.00559749 0.000833445
775000 0.848573 -0.00797824 0.000833954
776000 0.868592 -0.00547823 0.00085825
777000 0.837371 -0.00754137 0.000825747
778000 0.867595 -0.0108955 0.000848739
779000 0.878556 -0.0062506 0.000869249
780000 0.815545 -0.00793392 0.000801004
781000 0.867408 -0.00496857 0.000854397
782000 0.855284 -0.00210179 0.000844707
783000 0.834369 -0.00478091 0.000824129
784000 0.850513 -0.00367597 0.000838093
785000 0.83868 -0.00450444 0.000829358
786000 0.864203 -0.00347115 0.000852695
787000 0.86141 -0.00486746 0.000849465
788000 0.845347 -0.00646311 0.000830191
789000 0.819527 -0.00493043 0.000812108
790000 0.849938 -0.00691935 0.000837972
791000 0.848902 -0.00434589 0.000838069
792000 0.822202 -0.00605088 0.000809815
793000 0.866552 -0.00572675 0.000856083
794000 0.838874 -0.00659842 0.000826215
795000 0.83611 -0.00707429 0.000823046
796000 0.840855 -0.00301866 0.000828066
797000 0.849968 -0.00366209 0.000839377
798000 0.855009 -0.0045769 0.000842458
799000 0.830147 -0.00356374 0.000822857
800000 0.836905 -0.00653757 0.000824966
801000 0.845328 -0.0109994 0.000833652
802000 0.873896 -0.00443941 0.000860486
803000 0.830201 -0.0164431 0.000813981
804000 0.829843 -0.0150066 0.000811163
805000 0.881653 -0.0128854 0.000863088
806000 0.827121 -0.0149383 0.000807616
807000 0.874212 -0.0156096 0.000850897
808000 0.881871 -0.0114988 0.000868705
809000 0.831198 -0.0183824 0.000810294
810000 0.856498 -0.00689606 0.000844998
811000 0.851844 -0.00578172 0.000838141
812000 0.843076 -0.00859529 0.000828507
813000 0.849333 -0.00501868 0.000839478
814000 0.844842 -0.00893068 0.00083352
815000 0.839633 -0.00175945 0.000829652
816000 0.834397 -0.00930738 0.000819982
817000 0.858296 -0.00480927 0.000842665
818000 0.892105 -0.00530107 0.000878214
819000 0.815948 -0.00244833 0.000806639
820000 0.868498 -0.00860479 0.000851887
821000 0.820703 -0.00730622 0.000808988
822000 0.868409 -0.00355608 0.000858018
823000 0.857322 -0.00542311 0.00084337
824000 0.832895 -0.011697 0.00081336
825000 0.832182 -0.00346167 0.000818822
826000 0.841428 -0.00205539 0.000830894
827000 0.826975 -0.00607716 0.000813474
828000 0.853331 -0.00330811 0.000840268
829000 0.860063 -0.00558935 0.000850466
830000 0.816804 -0.00600418 0.000804868
831000 0.868091 -0.00676944 0.00085793
832000 0.844043 -0.00578043 0.000833474
833000 0.86815 -0.00592452 0.000856039
834000 0.873152 -0.00530924 0.000860098
835000 0.872944 -0.00335649 0.0008649
836000 0.848073 -0.00861717 0.000833752
837000 0.852469 -0.00934199 0.000845713
838000 0.841305 -0.00285393 0.000831853
839000 0.850987 -0.00169262 0.000841115
840000 0.865786 -0.00521631 0.000853905
841000 0.850034 -0.00714401 0.000843214
842000 0.857499 -0.00901004 0.000840762
843000 0.85293 -0.00896108 0.000837193
844000 0.859841 -0.00778764 0.000844191
845000 0.854472 -0.00766186 0.000842221
846000 0.864022 -0.00738102 0.000850102
847000 0.845378 -0.00578087 0.000832066
848000 0.855917 -0.00441634 0.000845253
849000 0.845334 -0.00734808 0.000833683
850000 0.858577 -0.00615919 0.000844993
851000 0.86066 -0.00413379 0.000849506
852000 0.819915 -0.00366716 0.000806567
853000 0.873487 -0.00644892 0.000863999
854000 0.833893 -0.00431271 0.000822156
855000 0.84379 -0.0037127 0.000832005
856000 0.860751 -0.00824911 0.000848631
857000 0.860269 -0.0062117 0.000849222
858000 0.851396 -0.00511699 0.000838136
859000 0.876948 -0.0122292 0.000856437
860000 0.830493 -0.0150076 0.000811791
861000 0.835433 -0.0115217 0.000816874
862000 0.887933 -0.0128178 0.000867055
863000 0.832707 -0.011334 0.00081703
864000 0.843402 -0.00691658 0.000829855
865000 0.861705 -0.0162856 0.000838218
866000 0.853896 -0.007932 0.000838025
867000 0.84742 -0.0156504 0.00082834
868000 0.854853 -0.0179998 0.000835959
869000 0.853945 -0.0142583 0.000836597
870000 0.816251 -0.0123327 0.000805594
871000 0.857119 -0.0119878 0.000846595
872000 0.882453 -0.0125756 0.000869439
873000 0.866434 -0.0148365 0.000851959
874000 0.851563 -0.016658 0.000839634
875000 0.803559 -0.0178933 0.000787138
876000 0.867114 -0.0154709 0.000851907
877000 0.857277 -0.0109895 0.000844879
878000 0.839992 -0.0168454 0.000823028
879000 0.849612 -0.0221025 0.000832605
880000 0.862058 -0.0257903 0.000840512
881000 0.870079 -0.0247722 0.000850312
882000 0.84185 -0.0249332 0.000817349
883000 0.854388 -0.0248497 0.000831829
884000 0.863137 -0.0226712 0.000844318
885000 0.834012 -0.0225063 0.00081703
886000 0.840966 -0.0204282 0.000820979
887000 0.832219 -0.019861 0.000814916
888000 0.843413 -0.02016 0.000826305
889000 0.85235 -0.0202677 0.000833208
890000 0.843068 -0.0200788 0.000823891
891000 0.846024 -0.0261025 0.000831324
892000 0.855627 -0.0226763 0.000839965
893000 0.846938 -0.0224826 0.000831966
894000 0.838371 -0.0198351 0.000823706
895000 0.812245 -0.020891 0.000797102
896000 0.85369 -0.0193786 0.000837513
897000 0.850234 -0.0222874 0.000833758
898000 0.845856 -0.0229512 0.000819691
899000 0.822623 -0.0149434 0.000806171
900000 0.850413 -0.0205943 0.000831235
901000 0.862104 -0.0104301 0.000851926
902000 0.849763 -0.0089121 0.00083779
903000 0.836678 -0.0133267 0.000819596
904000 0.859116 -0.0165206 0.000839001
905000 0.861988 -0.0130485 0.000845742
906000 0.861299 -0.0159453 0.000843256
907000 0.859932 -0.0200676 0.000838781
908000 0.849055 -0.0169194 0.000832146
909000 0.838091 -0.00823303 0.000829977
910000 0.814459 -0.00247702 0.000805245
911000 0.825217 -0.0131082 0.000809154
912000 0.846864 -0.00619542 0.000842728
913000 0.852442 -0.00531386 0.000838454
914000 0.881162 -0.00222581 0.00087165
915000 0.841161 -0.0103385 0.000824241
916000 0.810648 -0.00626948 0.000797237
917000 0.82994 -0.00983662 0.000817451
918000 0.857344 -0.00963068 0.000843652
919000 0.84779 -0.00394984 0.000837229
920000 0.868244 -0.00482607 0.00086133
921000 0.853606 -0.0109602 0.000838445
922000 0.852312 -0.00749552 0.000842032
923000 0.855804 -0.0107047 0.00083721
924000 0.839776 -0.00630359 0.000827841
925000 0.850454 -0.00388399 0.000842286
926000 0.841812 -0.00657869 0.00082808
927000 0.86571 -0.00620138 0.000853684
928000 0.855545 -0.00827064 0.000841433
929000 0.871975 -0.00690362 0.000867504
930000 0.851293 -0.00675244 0.000838696
931000 0.83065 -0.00510081 0.000825013
932000 0.863363 -0.0120559 0.00084348
933000 0.859238 -0.00414798 0.000851081
934000 0.858943 -0.00421298 0.00085085
935000 0.836911 -0.00831147 0.000820339
936000 0.849624 -0.0074804 0.000831832
937000 0.843119 -0.00839958 0.000826987
938000 0.849119 -0.00554443 0.000833815
939000 0.857661 -0.0106432 0.000840796
940000 0.831029 -0.00878201 0.000819623
941000 0.876078 -0.00340115 0.000864804
942000 0.84027 -0.00336268 0.000829631
943000 0.844328 -0.00618822 0.000837583
944000 0.872933 -0.00540584 0.000859721
945000 0.831872 -0.00169825 0.000822012
946000 0.854012 -0.0137557 0.000830194
947000 0.840037 -0.011386 0.000825307
948000 0.863669 -0.00649614 0.000851032
949000 0.84828 -0.00609303 0.00084005
950000 0.84875 -0.00854126 0.000833503
951000 0.851045 -0.0114304 0.000838063
952000 0.848007 -0.00845662 0.000833595
953000 0.86785 -0.00527427 0.000858383
954000 0.851668 -0.00448615 0.000838189
955000 0.859751 -0.00767126 0.000844116
956000 0.828211 -0.00513309 0.000817236
957000 0.855491 -0.00734022 0.000844047
958000 0.854152 -0.00578255 0.000843524
959000 0.843935 -0.00517578 0.000834863
960000 0.869496 -0.00693268 0.00085766
961000 0.822784 -0.0155011 0.000805127
962000 0.858032 -0.00977306 0.000842864
963000 0.84438 -0.00817962 0.000832234
964000 0.840244 -0.0170679 0.000821387
965000 0.843546 -0.0148732 0.000825587
966000 0.867083 -0.0125106 0.000848371
967000 0.851805 -0.00944027 0.000836625
968000 0.827498 -0.0141106 0.000811707
969000 0.84713 -0.0167866 0.00083109
970000 0.886996 -0.0146871 0.000867185
971000 0.823119 -0.0166272 0.000807035
972000 0.869953 -0.0137211 0.000851645
973000 0.860004 -0.015646 0.000842655
974000 0.857262 -0.0115657 0.000840076
975000 0.866167 -0.0164225 0.000843355
976000 0.825969 -0.0144575 0.000813479
977000 0.836093 -0.0149424 0.000817406
978000 0.870173 -0.0148039 0.000853292
979000 0.823647 -0.0186016 0.000800259
980000 0.868024 -0.0166831 0.000851491
981000 0.847368 -0.00786325 0.000836016
982000 0.853848 -0.00314452 0.00084326
983000 0.841279 -0.00895488 0.000828969
984000 0.846282 -0.0032877 0.000835855
985000 0.866986 -0.00741628 0.000855577
986000 0.841263 -0.00835616 0.000826146
987000 0.847394 -0.00979377 0.000837059
988000 0.852789 -0.010887 0.000835268
989000 0.844903 -0.0104098 0.000832416
990000 0.852856 -0.0153224 0.000834807
991000 0.853885 -0.00887297 0.000840348
992000 0.857349 -0.00733472 0.000843261
993000 0.82752 -0.00651301 0.000812413
994000 0.857218 -0.00696902 0.000848995
995000 0.884885 -0.00711691 0.000872178
996000 0.869925 -0.00835584 0.000856561
997000 0.834589 -0.00995207 0.000816813
998000 0.854801 -0.00487475 0.000843872
999000 0.846342 -0.00394314 0.000837981
1000000 0.839584 -0.00146584 0.00083096
1001000 0.838458 -0.00389445 0.000826306
1002000 0.851159 -0.00512318 0.000840078
1003000 0.841333 -0.00722118 0.000828502
1004000 0.840288 -0.00941943 0.000825331
1005000 0.84548 -0.0115315 0.000830438
1006000 0.874664 -0.0159806 0.000856711
1007000 0.807596 -0.0172109 0.000791674
1008000 0.858548 -0.0191667 0.000839519
1009000 0.831922 -0.019477 0.000817273
1010000 0.876558 -0.0156199 0.000861848
1011000 0.87526 -0.0176529 0.000858922
1012000 0.841005 -0.0170193 0.000825948
1013000 0.855323 -0.0179299 0.000841482
1014000 0.8708 -0.0218573 0.000850196
1015000 0.853414 -0.0256125 0.00083238
1016000 0.844442 -0.022185 0.000824952
1017000 0.847558 -0.0203733 0.000832519
1018000 0.864983 -0.0202337 0.000849192
1019000 0.838336 -0.0219465 0.000819244
1020000 0.855423 -0.0186361 0.00083911
1021000 0.861972 -0.0220343 0.000841134
1022000 0.838423 -0.0203411 0.000818511
1023000 0.861897 -0.0209858 0.00084392
1024000 0.838705 -0.0248814 0.000817641
1025000 0.844821 -0.0151432 0.000832009
1026000 0.880406 -0.0200442 0.000861004
1027000 0.811936 -0.0200123 0.000795843
1028000 0.864132 -0.0232091 0.000841706
1029000 0.859743 -0.0139203 0.000847035
1030000 0.806235 -0.020729 0.000792021
1031000 0.870982 -0.0242307 0.000848521
1032000 0.816799 -0.0277691 0.000794124
1033000 0.878673 -0.0221913 0.000861662
1034000 0.842045 -0.0217274 0.000823969
1035000 0.831231 -0.0198877 0.000813236
1036000 0.844593 -0.0198096 0.000823831
1037000 0.842509 -0.0135385 0.00083311
1038000 0.844302 -0.0121044 0.000831764
1039000 0.8621 -0.00639708 0.000851596
1040000 0.821018 -0.00343767 0.000809785
1041000 0.852858 -0.00225786 0.000844163
1042000 0.845836 -0.00524962 0.000833124
1043000 0.860629 -0.0030112 0.000847942
1044000 0.854187 -0.0110582 0.000837642
1045000 0.856011 -0.00480404 0.000842198
1046000 0.858298 -0.00792001 0.000851249
1047000 0.85101 -0.00703351 0.00083687
1048000 0.862482 -0.013718 0.000846486
1049000 0.854356 -0.00953904 0.000840011
1050000 0.837695 -0.0107495 0.000823527
1051000 0.839738 -0.0172408 0.000825848
1052000 0.836991 -0.0118242 0.000824376
1053000 0.830146 -0.0211895 0.000815196
1054000 0.851832 -0.0161485 0.00083642
1055000 0.8458 -0.0109279 0.000827794
1056000 0.841637 -0.0104604 0.000827611
1057000 0.851076 -0.0190137 0.000829908
1058000 0.848037 -0.0156587 0.000829674
1059000 0.840561 -0.00422108 0.000826765
1060000 0.849946 -0.00542947 0.000841553
1061000 0.839479 -0.00899099 0.000825665
1062000 0.833185 -0.0110681 0.000815084
1063000 0.849514 -0.0132096 0.000834732
1064000 0.854474 -0.00932262 0.000840615
1065000 0.860106 -0.0129397 0.000847235
1066000 0.821674 -0.0163896 0.000806693
1067000 0.854591 -0.0159017 0.000839308
1068000 0.886291 -0.0216149 0.000868325
1069000 0.856134 -0.0177589 0.000835553
1070000 0.841186 -0.0203827 0.000818359
1071000 0.868753 -0.0191672 0.000847212
1072000 0.874589 -0.0214925 0.000850366
1073000 0.828592 -0.0183295 0.000809234
1074000 0.846393 -0.0151091 0.000834198
1075000 0.851057 -0.017935 0.000837567
1076000 0.85146 -0.0154495 0.000836687
1077000 0.868397 -0.0190166 0.000851552
1078000 0.815237 -0.0160313 0.000804482
1079000 0.854736 -0.0193835 0.000835725
1080000 0.868358 -0.0172435 0.000849239
1081000 0.835985 -0.0118704 0.000823486
1082000 0.837152 -0.0103327 0.000826129
1083000 0.867593 -0.00742991 0.000853568
1084000 0.820851 -0.0060023 0.000806243
1085000 0.86582 -0.0104373 0.000848545
1086000 0.858239 -0.00562535 0.000844867
1087000 0.84685 -0.00704293 0.000835756
1088000 0.852783 -0.00278388 0.000844774
1089000 0.869437 -0.00872996 0.000855485
1090000 0.83316 -0.00329028 0.000823676
1091000 0.833215 -0.00820808 0.000820025
1092000 0.857102 -0.00820295 0.000839838
1093000 0.845974 -0.0078727 0.000826982
1094000 0.840122 -0.00383149 0.000829757
1095000 0.871718 -0.00148746 0.000863826
1096000 0.848528 -0.00651846 0.000835174
1097000 0.837354 -0.00595459 0.000827018
1098000 0.861907 -0.00658729 0.000856389
1099000 0.857333 -0.0169547 0.00083517
1100000 0.855469 -0.00567383 0.000845915
