# Time-averaged data for fix 2
# TimeStep v_Temperature v_PotentialEnergy v_Pressure
1000 1.02905 -0.0813006 0.00968491
2000 0.994075 -0.0750622 0.0095041
3000 0.988124 -0.0758513 0.00934796
4000 1.0277 -0.0772391 0.00984018
5000 1.00254 -0.0733955 0.00957457
6000 0.981396 -0.0657164 0.0092962
7000 0.996614 -0.0980748 0.00930206
8000 0.972119 -0.121879 0.00887509
9000 0.997515 -0.122854 0.00924986
10000 0.988841 -0.0956896 0.00932064
11000 1.0019 -0.0803222 0.00943389
12000 0.9727 -0.071087 0.00924437
13000 1.00061 -0.0776006 0.00940666
14000 1.00605 -0.111524 0.00930587
15000 0.999548 -0.103826 0.00920695
16000 1.00101 -0.0787877 0.00939337
17000 0.983824 -0.0853376 0.00919889
18000 0.992874 -0.0804007 0.00917849
19000 1.01548 -0.0707802 0.00957856
20000 1.00359 -0.0820987 0.00939031
21000 1.01373 -0.117097 0.00934256
22000 0.986423 -0.103981 0.00935665
23000 0.990623 -0.094956 0.00919888
24000 1.01079 -0.0921398 0.0095013
25000 0.987718 -0.0849214 0.00927147
26000 0.968995 -0.0731933 0.00921569
27000 1.0326 -0.0708846 0.00974843
28000 0.966823 -0.0824783 0.00912268
29000 1.00396 -0.0811648 0.0094258
30000 1.01939 -0.0916865 0.00958422
31000 0.967209 -0.116712 0.00894468
32000 1.00501 -0.0993413 0.00931299
33000 1.02271 -0.087103 0.00981369
34000 0.976029 -0.0763835 0.00915194
35000 1.02918 -0.081312 0.00983485
36000 0.974169 -0.0898943 0.00913672
37000 1.02914 -0.109667 0.00956041
38000 1.0056 -0.112105 0.00929269
39000 0.997499 -0.0911002 0.00933924
40000 1.00586 -0.111369 0.0093017
41000 1.0292 -0.114019 0.00949431
42000 0.974331 -0.12862 0.00917295
43000 1.00259 -0.11078 0.00942047
44000 1.01421 -0.105134 0.00961622
45000 0.995099 -0.0968053 0.00950234
46000 0.98826 -0.097951 0.00925477
47000 1.03099 -0.0970862 0.0097625
48000 0.9937 -0.0971909 0.00936655
49000 1.00417 -0.115266 0.00935055
50000 0.968433 -0.109123 0.00911074
51000 1.03071 -0.123755 0.00958819
52000 0.973682 -0.112976 0.00908198
53000 1.01872 -0.0954478 0.0095357
54000 1.00462 -0.113452 0.00929939
55000 0.990904 -0.0859515 0.00922355
56000 0.98141 -0.0898462 0.0091619
57000 0.98131 -0.0848051 0.0093325
58000 0.981172 -0.086174 0.00934511
59000 0.954384 -0.102013 0.00889303
60000 1.04381 -0.114032 0.00989977
61000 1.02086 -0.085159 0.0097167
62000 1.00868 -0.0887599 0.00945437
63000 1.00847 -0.0899691 0.00936693
64000 1.0237 -0.0924524 0.00951798
65000 0.962602 -0.063544 0.00908001
66000 1.00504 -0.0790316 0.00946639
67000 0.985631 -0.0935903 0.00936425
68000 1.01445 -0.0967942 0.00964127
69000 0.997024 -0.0891741 0.00954279
70000 0.994274 -0.0817217 0.00938817
71000 1.00766 -0.10376 0.00945986
72000 0.990996 -0.127889 0.00919791
73000 1.01331 -0.135797 0.00938372
74000 0.984354 -0.100869 0.0091576
75000 0.992439 -0.126651 0.00920941
76000 1.01248 -0.111784 0.00933398
77000 1.0123 -0.113971 0.00952911
78000 0.984432 -0.113879 0.00919199
79000 0.992354 -0.0944147 0.00938164
80000 1.00597 -0.0885365 0.00936915
81000 0.985383 -0.11222 0.00919671
82000 1.00312 -0.110545 0.00936323
83000 1.00064 -0.12593 0.00921632
84000 0.981408 -0.118729 0.00902333
85000 0.971436 -0.128178 0.00899895
86000 1.02678 -0.114366 0.00951982
87000 1.03791 -0.0950471 0.0097944
88000 0.965502 -0.101014 0.00901987
89000 1.02803 -0.107888 0.00951603
90000 1.0034 -0.0887728 0.0093662
91000 0.982222 -0.100618 0.00903761
92000 1.02756 -0.0896686 0.00953399
93000 1.00736 -0.089678 0.00953559
94000 1.01883 -0.0819485 0.00957514
95000 0.994661 -0.0900006 0.00932938
96000 1.01193 -0.0759423 0.00954257
97000 1.03285 -0.0776104 0.00993461
98000 1.003 -0.0944197 0.00939462
99000 1.02614 -0.0874535 0.00958329
100000 0.998869 -0.115097 0.00923032
101000 1.00813 -0.116148 0.00939709
102000 1.00943 -0.109987 0.0093579
103000 1.01666 -0.0676326 0.00968031
104000 0.980139 -0.0763337 0.00929578
105000 0.980468 -0.0745545 0.00927851
106000 1.03066 -0.0775929 0.00990201
107000 0.973576 -0.0843197 0.00913368
108000 0.99613 -0.0796699 0.00941854
109000 0.99832 -0.0726662 0.00955838
110000 0.98017 -0.0774006 0.00926992
111000 1.00116 -0.075384 0.00947341
112000 1.01976 -0.0568721 0.00967169
113000 0.983879 -0.0853451 0.00948799
114000 0.975355 -0.0910619 0.00933455
115000 1.03153 -0.0839833 0.00965948
116000 1.02634 -0.0951892 0.00952541
117000 0.98873 -0.104671 0.00919162
118000 0.991911 -0.0917007 0.00931129
119000 0.99484 -0.07923 0.0093627
120000 0.993391 -0.087658 0.00935497
121000 0.986469 -0.0835132 0.00932008
122000 1.00872 -0.0939595 0.00935353
123000 1.01616 -0.0822534 0.00970426
124000 0.990984 -0.0830621 0.00935282
125000 0.976212 -0.0816083 0.00900507
126000 0.971901 -0.0822754 0.00922919
127000 1.00187 -0.0953345 0.00947688
128000 0.984272 -0.0989964 0.00927183
129000 0.990933 -0.0864297 0.00944439
130000 1.02772 -0.0750051 0.00978111
131000 0.977073 -0.0848212 0.00914873
132000 1.00771 -0.0690469 0.00960156
133000 0.985894 -0.0832872 0.009371
134000 0.960849 -0.100128 0.0088913
135000 1.04085 -0.09692 0.0098767
136000 0.960645 -0.077474 0.00897684
137000 0.998336 -0.0686598 0.00947772
138000 1.00757 -0.0791527 0.00947465
139000 1.00617 -0.0745075 0.00960915
140000 1.00405 -0.0890268 0.00935358
141000 1.01821 -0.0963627 0.0095755
142000 1.0087 -0.0896359 0.00947042
143000 0.972076 -0.0838653 0.00928698
144000 1.01665 -0.0981787 0.00961133
145000 1.00137 -0.102417 0.00930603
146000 0.974906 -0.0766718 0.00921728
147000 0.981323 -0.0872316 0.00951296
148000 0.992884 -0.0761168 0.00934476
149000 0.964774 -0.0947998 0.00893334
150000 1.0412 -0.0933253 0.00976217
151000 0.968515 -0.0894453 0.0090699
152000 1.0047 -0.0887436 0.00948207
153000 0.984613 -0.0843785 0.00926438
154000 1.00222 -0.0719963 0.00944689
155000 0.995359 -0.0666226 0.00948111
156000 0.989898 -0.081765 0.00937227
157000 0.997079 -0.0744118 0.00953518
158000 1.00313 -0.0934054 0.00952005
159000 1.00714 -0.0930004 0.0093899
160000 0.986715 -0.0920226 0.00916582
161000 0.967666 -0.0921467 0.00915038
162000 1.00849 -0.0699773 0.00961466
163000 0.972596 -0.0853386 0.0091881
164000 0.988736 -0.0858887 0.00937128
165000 1.01287 -0.0849732 0.0094992
166000 0.983686 -0.0840659 0.00922511
167000 0.979047 -0.0803759 0.00929501
168000 1.01387 -0.0925332 0.00947484
169000 1.01235 -0.0809064 0.00952179
170000 0.98644 -0.0631836 0.00938813
171000 1.03313 -0.0664688 0.0100872
172000 0.993643 -0.0878104 0.00916584
173000 0.987218 -0.0991442 0.0091402
174000 0.999993 -0.098187 0.00935853
175000 1.00607 -0.0893385 0.00937694
176000 1.01586 -0.100398 0.0095343
177000 0.996838 -0.0884937 0.00912214
178000 1.00445 -0.0819405 0.00941741
179000 1.02959 -0.0797903 0.0094987
180000 0.969376 -0.0887825 0.00920224
181000 0.986427 -0.0827151 0.00930494
182000 0.993224 -0.0805085 0.00936027
183000 1.02153 -0.0968172 0.00950882
184000 0.995381 -0.0862662 0.00935594
185000 0.97655 -0.084454 0.00925432
186000 1.01806 -0.107373 0.00953463
187000 0.997411 -0.0839733 0.00938469
188000 1.01358 -0.113516 0.00951121
189000 1.01161 -0.123698 0.0094961
190000 0.979716 -0.104705 0.00927152
191000 1.03074 -0.0918689 0.00985345
192000 0.993029 -0.106372 0.00923927
193000 0.995595 -0.0979879 0.00918945
194000 1.01191 -0.0849638 0.00957963
195000 1.00647 -0.0898274 0.00948734
196000 1.00338 -0.0657259 0.00950934
197000 0.982535 -0.0861429 0.00911618
198000 0.985554 -0.0730529 0.00926583
199000 1.01008 -0.0878233 0.00949815
200000 1.01005 -0.0886398 0.00953127
201000 1.01912 -0.0901214 0.00953323
202000 1.00232 -0.0857218 0.00946245
203000 1.00905 -0.0875749 0.00945026
204000 0.991318 -0.0867377 0.0093921
205000 1.00007 -0.0881284 0.00937987
206000 0.975619 -0.0886033 0.00921893
207000 1.02791 -0.0897529 0.00959786
208000 0.993757 -0.0723566 0.00951703
209000 1.02569 -0.0722114 0.00977701
210000 1.01196 -0.0583716 0.0097728
211000 0.969257 -0.0732283 0.00931509
212000 1.02301 -0.0564738 0.00991802
213000 1.01259 -0.0637281 0.00964915
214000 1.01042 -0.0722382 0.00969688
215000 1.00215 -0.0743094 0.00950365
216000 1.00098 -0.0812284 0.00930777
217000 1.01124 -0.0922021 0.00954185
218000 0.996318 -0.0975084 0.00947147
219000 1.01562 -0.0783135 0.00960584
220000 1.00578 -0.0717436 0.00956399
221000 0.992459 -0.0753059 0.00952028
222000 1.02554 -0.0797539 0.00964133
223000 0.972824 -0.0725728 0.00914356
224000 0.997803 -0.0915731 0.00936111
225000 0.973427 -0.0917139 0.0091847
226000 1.02177 -0.0800712 0.00963287
227000 1.01082 -0.0648935 0.0095978
228000 0.986272 -0.0759472 0.00938771
229000 0.940167 -0.0834115 0.00889051
230000 1.02284 -0.0856369 0.00963996
231000 1.03049 -0.0853363 0.00963892
232000 0.996385 -0.122237 0.00917509
233000 0.980363 -0.0929746 0.00908239
234000 0.997037 -0.107845 0.0091604
235000 1.01812 -0.108423 0.00940852
236000 0.992466 -0.12979 0.00905009
237000 1.00186 -0.123452 0.00930803
238000 1.00521 -0.140533 0.00917428
239000 1.00987 -0.132834 0.00938597
240000 1.00832 -0.0983698 0.00956169
241000 1.00399 -0.0944935 0.00942212
242000 1.0171 -0.0974517 0.00959455
243000 0.989609 -0.0811197 0.00926177
244000 1.01383 -0.0573173 0.00973001
245000 0.990886 -0.0662669 0.00946987
246000 0.99174 -0.0584422 0.00955953
247000 1.03505 -0.0743555 0.00993515
248000 0.95695 -0.0964616 0.00913273
249000 1.00767 -0.0794175 0.00959254
250000 0.994381 -0.0970677 0.00921631
251000 1.00694 -0.104229 0.00946486
252000 1.02873 -0.10958 0.00956564
253000 0.996676 -0.095411 0.00942045
254000 1.0189 -0.0868909 0.00969118
255000 0.993223 -0.0939114 0.00945737
256000 1.0078 -0.090564 0.00934969
257000 1.00169 -0.0765329 0.00943555
258000 1.00079 -0.0663661 0.00960181
259000 0.976735 -0.0646525 0.00928409
260000 1.00726 -0.0609185 0.00973029
261000 1.02697 -0.0699648 0.00992138
262000 1.01598 -0.0597987 0.00968045
263000 1.00188 -0.0633623 0.00960209
264000 0.986317 -0.0895281 0.00929072
265000 1.00052 -0.0768621 0.00951234
266000 0.994671 -0.0922975 0.00949564
267000 1.00452 -0.0917847 0.00948223
268000 0.977391 -0.0999291 0.00906601
269000 0.997427 -0.0980835 0.00936799
270000 1.01453 -0.0904083 0.00961488
271000 0.992099 -0.104409 0.00928245
272000 1.01758 -0.0896209 0.00966328
273000 1.00842 -0.104674 0.00941606
274000 1.01031 -0.093851 0.00945843
275000 0.980609 -0.10455 0.00914841
276000 1.02242 -0.0770368 0.00964365
277000 0.988501 -0.0960807 0.0092177
278000 1.00278 -0.0965872 0.0094888
279000 0.974378 -0.0831817 0.00925594
280000 0.985534 -0.105449 0.00914683
281000 0.969498 -0.0807451 0.00919483
282000 0.985127 -0.0818777 0.0092955
283000 1.01592 -0.0648695 0.0097171
284000 1.00709 -0.0504289 0.00974418
285000 0.976348 -0.0753859 0.00925325
286000 1.00139 -0.092461 0.00937818
287000 0.987693 -0.0883499 0.00933284
288000 0.990655 -0.0900995 0.00922858
289000 1.00657 -0.0764432 0.00959349
290000 1.01594 -0.08174 0.00964986
291000 0.989818 -0.0871758 0.0094484
292000 0.99965 -0.0831727 0.00939732
293000 0.988296 -0.0787685 0.00928257
294000 1.02603 -0.078068 0.00959052
295000 0.983588 -0.0737407 0.00938875
296000 0.993108 -0.081731 0.00943712
297000 0.994389 -0.0883206 0.00930391
298000 0.960231 -0.123239 0.00869936
299000 1.01313 -0.10234 0.00950515
300000 0.975882 -0.100194 0.00903058
301000 0.996634 -0.0946646 0.00957032
302000 1.00051 -0.0763326 0.00938727
303000 1.00029 -0.0762976 0.00932598
304000 0.993318 -0.0864204 0.00929658
305000 0.9978 -0.0807727 0.00950756
306000 0.970779 -0.100574 0.00894081
307000 0.989669 -0.116905 0.00916789
308000 0.984037 -0.110041 0.00924759
309000 1.02103 -0.10075 0.00978319
310000 0.969004 -0.0959019 0.009095
311000 0.999927 -0.0969978 0.00937057
312000 1.02042 -0.0894533 0.0095594
313000 1.00032 -0.0796265 0.00941369
314000 0.995403 -0.0806314 0.00930839
315000 1.00408 -0.0668469 0.00935297
316000 0.990011 -0.0805045 0.00921626
317000 0.982014 -0.108589 0.00921777
318000 1.00981 -0.0919721 0.00959234
319000 0.997359 -0.125779 0.00910563
320000 0.970936 -0.108848 0.00905382
321000 1.03002 -0.118302 0.00970719
322000 1.01398 -0.131621 0.00928129
323000 0.974807 -0.13465 0.00897736
324000 0.987547 -0.122306 0.00907094
325000 0.993987 -0.112129 0.0093723
326000 0.985897 -0.112082 0.00937333
327000 1.02728 -0.148934 0.00955473
328000 0.97009 -0.1467 0.00880818
329000 1.00204 -0.0959715 0.0094504
330000 1.01645 -0.103309 0.00936262
331000 1.02154 -0.109571 0.00972151
332000 1.00469 -0.108491 0.00951982
333000 1.03322 -0.0908885 0.00991151
334000 0.965848 -0.0885384 0.00894735
335000 1.00462 -0.087703 0.00949725
336000 1.01873 -0.0713153 0.00967684
337000 1.01576 -0.0857813 0.00951394
338000 1.01633 -0.103744 0.00950178
339000 0.984327 -0.100113 0.00905017
340000 1.02023 -0.0959349 0.00953838
341000 0.996259 -0.0892004 0.0093561
342000 1.02175 -0.0731718 0.00970508
343000 1.00871 -0.0866033 0.00963999
344000 1.01903 -0.0828558 0.00971423
345000 0.978082 -0.0839044 0.00932889
346000 1.00631 -0.0929323 0.00947858
347000 1.02486 -0.0950376 0.00945378
348000 0.977628 -0.0815869 0.00933707
349000 0.973133 -0.0813256 0.0092642
350000 1.03111 -0.08535 0.00965636
351000 0.98979 -0.0851669 0.00931123
352000 1.00786 -0.0994015 0.00953664
353000 0.990365 -0.105959 0.00923848
354000 1.00496 -0.0777478 0.00949856
355000 0.990297 -0.0576474 0.00949641
356000 0.979184 -0.080202 0.00935932
357000 0.995097 -0.077414 0.00943308
358000 0.984252 -0.0833269 0.00932361
359000 1.00571 -0.0576813 0.00954874
360000 0.979423 -0.062857 0.00930545
361000 1.00991 -0.0600401 0.00966667
362000 0.988425 -0.0648942 0.00929291
363000 1.01517 -0.0599686 0.00981949
364000 1.00825 -0.0758377 0.00947305
365000 1.01821 -0.0725296 0.00970173
366000 0.991394 -0.0652174 0.009352
367000 1.04037 -0.073097 0.010008
368000 1.00956 -0.0668359 0.00967943
369000 0.997935 -0.0822776 0.00945705
370000 0.97845 -0.0968981 0.00926629
371000 1.01607 -0.0883682 0.00959285
372000 0.997817 -0.0843864 0.00963128
373000 1.00946 -0.0743281 0.00958833
374000 1.02582 -0.0900316 0.00969555
375000 0.993273 -0.100935 0.00914093
376000 0.989273 -0.0890558 0.00934088
377000 1.01323 -0.0819574 0.00963204
378000 1.00167 -0.0971384 0.00931312
379000 0.986731 -0.0865493 0.00934492
380000 0.995272 -0.0759708 0.00944392
381000 0.991704 -0.0602866 0.00938589
382000 1.01681 -0.0572552 0.00963624
383000 0.999661 -0.0863366 0.00930557
384000 1.01132 -0.0960689 0.0095624
385000 1.00033 -0.0776756 0.00950316
386000 0.994703 -0.0716979 0.00948757
387000 1.01782 -0.0812179 0.00965809
388000 1.01886 -0.0782645 0.0096298
389000 1.0005 -0.0795279 0.00962254
390000 0.964827 -0.0740905 0.00911761
391000 0.993786 -0.0876168 0.00942847
392000 0.998175 -0.0869674 0.00939851
393000 1.01908 -0.0707457 0.00964859
394000 0.97974 -0.0651219 0.00925439
395000 1.0042 -0.0547724 0.0095935
396000 0.981225 -0.0710457 0.00934643
397000 0.997629 -0.0694126 0.0093594
398000 1.00555 -0.0635478 0.00950122
399000 0.988902 -0.0758087 0.00951089
400000 0.998119 -0.0966067 0.00927954
401000 1.00996 -0.0801224 0.00968043
402000 0.976401 -0.0926759 0.00911254
403000 0.980422 -0.0725389 0.00918195
404000 1.00294 -0.0885299 0.00940498
405000 0.999085 -0.070009 0.00944984
406000 0.984466 -0.0749782 0.00938665
407000 0.98762 -0.0712303 0.00944382
408000 1.01317 -0.116093 0.00928288
409000 0.999731 -0.103316 0.0095727
410000 0.978933 -0.105982 0.00913957
411000 1.02154 -0.0734915 0.00959498
412000 1.00584 -0.0717333 0.00948054
413000 0.984725 -0.0794655 0.00936362
414000 0.993587 -0.053472 0.00942479
415000 1.04098 -0.0619104 0.0099971
416000 1.00108 -0.0726848 0.00965687
417000 0.961023 -0.0619712 0.00931152
418000 1.01444 -0.0704463 0.00951206
419000 0.974721 -0.0687788 0.00930742
420000 0.996361 -0.0725203 0.0094971
421000 1.0126 -0.0856386 0.0096216
422000 0.966269 -0.0876224 0.00896319
423000 1.02404 -0.0950649 0.00957665
424000 0.982083 -0.0987811 0.00916665
425000 1.01597 -0.0870567 0.00956106
426000 1.02822 -0.0939483 0.00963223
427000 0.993588 -0.108126 0.00945054
428000 1.0224 -0.108192 0.00961204
429000 0.997438 -0.100895 0.00919894
430000 1.00337 -0.110448 0.0092374
431000 0.987133 -0.111821 0.00917468
432000 1.0066 -0.102125 0.00927338
433000 0.966997 -0.111484 0.00901304
434000 1.03062 -0.0918032 0.00976631
435000 0.965655 -0.0906122 0.00905013
436000 1.01414 -0.0865181 0.00946433
437000 1.01016 -0.0845523 0.00948546
438000 1.00982 -0.091066 0.00944928
439000 1.00278 -0.0993081 0.00948742
440000 0.992553 -0.0987433 0.00919766
441000 1.02133 -0.0942026 0.00981931
442000 1.01051 -0.0734307 0.00959431
443000 0.975114 -0.106519 0.00897546
444000 0.983658 -0.105886 0.00922936
445000 1.02952 -0.0989605 0.00969751
446000 1.00113 -0.111343 0.0091506
447000 0.9979 -0.0960972 0.00930567
448000 1.02938 -0.075668 0.00989779
449000 1.02571 -0.0688651 0.00989415
450000 0.982565 -0.0754696 0.00924446
451000 0.978674 -0.0807432 0.00922836
452000 1.02976 -0.0853161 0.00970512
453000 0.986666 -0.0736324 0.00929815
454000 0.996321 -0.0927709 0.00927459
455000 1.01508 -0.0903927 0.0095136
456000 0.955117 -0.0976317 0.00891107
457000 1.00227 -0.0902556 0.00927277
458000 0.983749 -0.106846 0.00925661
459000 1.00847 -0.108602 0.00930403
460000 0.95584 -0.0991287 0.00888446
461000 0.992923 -0.0853577 0.00941409
462000 1.00168 -0.0941031 0.00945856
463000 1.00329 -0.104117 0.00935922
464000 1.01174 -0.0981969 0.00930195
465000 1.03174 -0.0741458 0.00983197
466000 0.992026 -0.0833331 0.00950914
467000 0.992328 -0.0718825 0.00945671
468000 1.00082 -0.082115 0.00934269
469000 1.01124 -0.0763527 0.00943939
470000 1.00101 -0.0909752 0.00952052
471000 0.987322 -0.10263 0.00917979
472000 0.992199 -0.0984226 0.00926325
473000 1.01649 -0.104333 0.00956239
474000 0.991913 -0.0765882 0.00932493
475000 1.02515 -0.079505 0.00977004
476000 0.967359 -0.0689465 0.00912813
477000 0.984952 -0.0719099 0.00940502
478000 1.00811 -0.0845838 0.00945991
479000 0.998636 -0.0616049 0.00955477
480000 1.01563 -0.0603386 0.00977696
481000 1.01338 -0.0688942 0.00955758
482000 0.989602 -0.0795866 0.00937858
483000 1.0089 -0.0807206 0.0094917
484000 1.01363 -0.092537 0.00948546
485000 1.03241 -0.0967559 0.0095806
486000 0.979106 -0.0916782 0.00933291
487000 1.03918 -0.0773678 0.00986532
488000 1.01913 -0.0785963 0.00948724
489000 0.992745 -0.0951373 0.0090165
490000 1.00803 -0.0869963 0.00945016
491000 1.00215 -0.0840091 0.0093739
492000 1.0218 -0.0869936 0.00964903
493000 0.991692 -0.088357 0.00928295
494000 0.972392 -0.0632638 0.00930071
495000 0.967388 -0.0610065 0.00923738
496000 0.997338 -0.0523419 0.00960072
497000 0.987059 -0.0496803 0.00956425
498000 0.960957 -0.0621117 0.00922073
499000 1.02814 -0.0796441 0.0097039
500000 0.982274 -0.085039 0.00925388
501000 0.97584 -0.0694408 0.00945793
502000 1.0329 -0.0625785 0.0100012
503000 0.993181 -0.0892652 0.00922277
504000 0.98077 -0.101964 0.00911758
505000 1.0307 -0.110584 0.00948508
506000 1.0001 -0.0924695 0.00947114
507000 0.996889 -0.101584 0.00935599
508000 0.981118 -0.097116 0.00905046
509000 0.972598 -0.100437 0.00903157
510000 1.0021 -0.115062 0.00934555
511000 0.983768 -0.113253 0.00917195
512000 1.00867 -0.109074 0.00950872
513000 0.98089 -0.102659 0.00923991
514000 1.03571 -0.107467 0.0096994
515000 0.973946 -0.0920661 0.00922954
516000 0.987811 -0.100112 0.00935404
517000 1.00975 -0.11875 0.00936109
518000 0.990313 -0.0860428 0.00931746
519000 1.04366 -0.100973 0.00968091
520000 1.00914 -0.113647 0.00935878
521000 1.01735 -0.115973 0.00949699
522000 1.00975 -0.116448 0.00953132
523000 0.996958 -0.112286 0.00922694
524000 1.02526 -0.0876981 0.00975104
525000 1.00792 -0.0750983 0.00963534
526000 0.99126 -0.0761296 0.00948668
527000 1.0068 -0.0911539 0.00943604
528000 0.990585 -0.0708047 0.00945294
529000 1.02492 -0.086768 0.00968283
530000 0.987133 -0.086201 0.00947572
531000 0.986252 -0.0935658 0.00926611
532000 0.991408 -0.0903635 0.00932312
533000 0.985523 -0.0857866 0.00932067
534000 0.999536 -0.0836827 0.00941993
535000 0.977883 -0.089397 0.00920196
536000 0.998837 -0.061036 0.00942057
537000 0.960024 -0.0830068 0.00895162
538000 1.03675 -0.0707815 0.00981011
539000 0.984882 -0.0646333 0.00936736
540000 0.9919 -0.0789279 0.00946357
541000 1.03145 -0.0622879 0.00989225
542000 0.96647 -0.0715086 0.00911749
543000 1.0182 -0.084411 0.0096157
544000 1.00938 -0.0881694 0.00958003
545000 0.991299 -0.0844227 0.00929449
546000 1.02266 -0.0834022 0.00954042
547000 1.015 -0.0738772 0.00969209
548000 1.00808 -0.0908692 0.00953864
549000 1.01231 -0.074832 0.00951478
550000 0.996499 -0.0723992 0.0095136
551000 0.999612 -0.0757723 0.00953182
552000 0.972751 -0.0713861 0.00915089
553000 1.00567 -0.101573 0.00953471
554000 1.01888 -0.0667622 0.00969733
555000 0.999255 -0.0736837 0.00940222
556000 1.00183 -0.0829298 0.00947746
557000 0.965892 -0.0976393 0.00897178
558000 1.0049 -0.103509 0.00956963
559000 0.992457 -0.0824127 0.00925803
560000 1.02277 -0.0998328 0.00964194
561000 1.04288 -0.0934401 0.00984756
562000 1.01394 -0.0781593 0.009591
563000 0.965956 -0.0805707 0.00904875
564000 1.00919 -0.0854323 0.0095451
565000 0.986111 -0.108097 0.00913447
566000 1.00803 -0.122625 0.00939905
567000 0.998625 -0.121694 0.00927006
568000 1.00434 -0.118547 0.00934476
569000 0.996198 -0.109193 0.00927231
570000 1.02027 -0.100271 0.00943092
571000 1.00176 -0.10144 0.00940583
572000 1.00252 -0.104353 0.00944406
573000 0.988045 -0.103599 0.00925022
574000 0.992608 -0.109622 0.00934446
575000 0.995668 -0.111182 0.00934983
576000 1.00853 -0.0843205 0.00948995
577000 1.00085 -0.104671 0.00946534
578000 0.971123 -0.134712 0.00892432
579000 1.02789 -0.110187 0.00957309
580000 0.985805 -0.117213 0.00907313
581000 1.01333 -0.120017 0.00936087
582000 1.00736 -0.124521 0.00945183
583000 1.02587 -0.111897 0.00970938
584000 0.9741 -0.102281 0.00903699
585000 1.01534 -0.0886532 0.00970852
586000 1.01934 -0.064745 0.00993194
587000 0.980919 -0.0867795 0.00921497
588000 1.00361 -0.108053 0.0093683
589000 0.985413 -0.110445 0.00914853
590000 1.01236 -0.101746 0.00943738
591000 1.00955 -0.109982 0.00935078
592000 0.980265 -0.123993 0.00898258
593000 0.982573 -0.105893 0.00898192
594000 1.02009 -0.0896245 0.00950701
595000 0.977714 -0.0789029 0.00920545
596000 0.993577 -0.0851916 0.00927219
597000 0.980771 -0.0732779 0.00926869
598000 0.972234 -0.052439 0.0093765
599000 0.991648 -0.0759445 0.00943635
600000 0.984715 -0.0840633 0.00937665
601000 0.995674 -0.0983557 0.00924667
602000 0.978458 -0.103255 0.00911845
603000 1.01453 -0.0854939 0.00942063
604000 0.990018 -0.0851877 0.00920729
605000 1.02395 -0.0820847 0.00950936
606000 0.997501 -0.107663 0.00943549
607000 1.00807 -0.111271 0.00933749
608000 0.999487 -0.105296 0.00927662
609000 1.00697 -0.116908 0.00927128
610000 0.999413 -0.0770002 0.00945294
611000 0.986323 -0.0801786 0.00945884
612000 1.01376 -0.0879383 0.00959531
613000 0.988128 -0.0832615 0.0093011
614000 1.02087 -0.0939421 0.00956772
615000 0.990209 -0.124918 0.00918913
616000 0.986429 -0.102722 0.00917238
617000 1.01261 -0.0796406 0.00956833
618000 1.00629 -0.080998 0.00938298
619000 0.983704 -0.0617575 0.00948927
620000 0.981763 -0.0630388 0.00934106
621000 0.997857 -0.0608772 0.00953906
622000 0.98093 -0.0908818 0.00919622
623000 0.966276 -0.0751738 0.00905306
624000 1.01393 -0.0741218 0.00968625
625000 0.992081 -0.0671657 0.00952864
626000 1.0236 -0.0638403 0.00980933
627000 0.994192 -0.0760628 0.00945184
628000 1.00144 -0.0921476 0.00931672
629000 1.00398 -0.101295 0.00941752
630000 0.98891 -0.0666118 0.00944487
631000 0.998077 -0.0831083 0.0093005
632000 0.962991 -0.11578 0.00880734
633000 1.03184 -0.101729 0.00952716
634000 1.02221 -0.0892442 0.00942344
635000 1.00727 -0.104382 0.00946483
636000 1.00259 -0.0825325 0.00945543
637000 1.02984 -0.086148 0.00991583
638000 0.98335 -0.0933084 0.00919753
639000 0.998554 -0.0796663 0.0095539
640000 1.01256 -0.0601438 0.00985591
641000 0.978339 -0.0736095 0.00933084
642000 0.961807 -0.0811123 0.00909541
643000 1.01558 -0.0658124 0.00966494
644000 1.00452 -0.0667715 0.00956908
645000 0.988523 -0.0846321 0.00931485
646000 1.00594 -0.085131 0.00944059
647000 1.03269 -0.0936599 0.00975087
648000 0.969951 -0.11283 0.00907373
649000 1.00923 -0.123682 0.00936684
650000 1.0202 -0.1031 0.0095429
651000 0.979732 -0.0944874 0.00923287
652000 0.99199 -0.087952 0.00939793
653000 0.995038 -0.0983986 0.00943893
654000 0.972438 -0.132729 0.00885532
655000 1.01616 -0.105366 0.00951574
656000 1.01361 -0.0971197 0.00961503
657000 0.992748 -0.0568486 0.00943435
658000 1.01971 -0.0794056 0.00965222
659000 1.00419 -0.0872795 0.00955453
660000 1.01809 -0.0899875 0.00960281
661000 1.01836 -0.0830431 0.00969355
662000 0.991645 -0.0995688 0.00942558
663000 1.02694 -0.0899947 0.00988443
664000 0.976819 -0.085976 0.00904848
665000 0.979971 -0.0850805 0.00906342
666000 1.00002 -0.0949233 0.00946187
667000 0.97368 -0.113343 0.0090372
668000 0.996539 -0.105154 0.00943407
669000 1.02187 -0.121453 0.00962681
670000 0.996813 -0.144361 0.00928145
671000 0.987397 -0.122615 0.00927932
672000 0.991771 -0.129607 0.00922327
673000 0.999 -0.123528 0.00916769
674000 1.00333 -0.122332 0.00947499
675000 1.006 -0.116348 0.00932934
676000 0.971601 -0.112967 0.0091092
677000 0.990794 -0.118109 0.00915301
678000 0.981486 -0.104419 0.00909844
679000 0.96144 -0.123037 0.00892755
680000 0.971281 -0.11495 0.00901556
681000 1.00235 -0.103534 0.00933963
682000 0.975155 -0.0890485 0.0092386
683000 0.968665 -0.0978969 0.00908037
684000 1.01583 -0.0939948 0.00964749
685000 1.00702 -0.0940701 0.00945608
686000 1.02308 -0.104428 0.0096275
687000 0.997528 -0.107784 0.00932557
688000 0.992538 -0.0792444 0.00936171
689000 1.00684 -0.096847 0.00949837
690000 0.996897 -0.0844607 0.0093689
691000 0.995643 -0.0899633 0.00946581
692000 0.966771 -0.0670792 0.0092255
693000 1.01226 -0.0844136 0.00963224
694000 1.0269 -0.0783676 0.00968884
695000 0.960235 -0.0573748 0.00913388
696000 1.01654 -0.0782191 0.00949346
697000 0.978358 -0.0827724 0.00914148
698000 0.997264 -0.0763249 0.00949817
699000 0.99271 -0.065756 0.00946915
700000 0.991678 -0.0653158 0.00975883
701000 1.02984 -0.0762823 0.0098028
702000 1.00954 -0.0704093 0.00969965
703000 1.00072 -0.0966613 0.00938525
704000 0.975806 -0.0935177 0.00912171
705000 1.041 -0.0840899 0.00985237
706000 0.975329 -0.0831128 0.00929864
707000 0.995715 -0.0799417 0.00961656
708000 0.974807 -0.0573038 0.00943642
709000 1.03495 -0.0906508 0.00985675
710000 0.987717 -0.0955415 0.0093667
711000 1.05178 -0.08603 0.00984624
712000 0.98642 -0.0984437 0.00919552
713000 1.01634 -0.119383 0.00943133
714000 0.976319 -0.124144 0.00898574
715000 1.0152 -0.128226 0.00926476
716000 1.01829 -0.112482 0.00950662
717000 0.994806 -0.118063 0.0091841
718000 0.995852 -0.136211 0.00942309
719000 0.994062 -0.148373 0.00905008
720000 1.0029 -0.160406 0.00920775
721000 0.978488 -0.129493 0.00906029
722000 1.01315 -0.121726 0.00936064
723000 1.00877 -0.115374 0.00946939
724000 0.959502 -0.11892 0.0088229
725000 1.01568 -0.131148 0.00928024
726000 1.00613 -0.121992 0.00933724
727000 0.971692 -0.141372 0.00879247
728000 1.00464 -0.11592 0.00944948
729000 0.981321 -0.0981783 0.00908321
730000 1.00292 -0.0829063 0.00941041
731000 1.00623 -0.0840664 0.00958898
732000 0.995152 -0.08581 0.00938585
733000 1.00378 -0.10176 0.00946684
734000 1.00047 -0.10146 0.00943894
735000 1.01015 -0.0888538 0.00952276
736000 1.00814 -0.108668 0.00930886
737000 1.01408 -0.059661 0.00979763
738000 1.02118 -0.0684739 0.00973499
739000 0.983559 -0.067791 0.00926571
740000 0.993762 -0.0735382 0.00954811
741000 0.986892 -0.0670696 0.0093385
742000 1.01807 -0.0784996 0.00972605
743000 0.976901 -0.105343 0.00903735
744000 0.991592 -0.102885 0.00927159
745000 1.00552 -0.10103 0.00951093
746000 0.979596 -0.113207 0.00915662
747000 0.993236 -0.142693 0.00926995
748000 1.00183 -0.11933 0.00928994
749000 1.0154 -0.111807 0.00958865
750000 0.992526 -0.0914535 0.00932711
751000 1.0052 -0.0890329 0.00945416
752000 1.00652 -0.087701 0.00946922
753000 0.988304 -0.100768 0.00931658
754000 1.02536 -0.109998 0.0095717
755000 1.01773 -0.100706 0.00937385
756000 1.01042 -0.0892908 0.00946833
757000 0.960876 -0.077097 0.00909972
758000 1.01236 -0.0760745 0.00975726
759000 1.01913 -0.0774322 0.00967191
760000 0.985285 -0.0874018 0.0092947
761000 0.997246 -0.0979639 0.00944727
762000 1.00144 -0.112197 0.00922812
763000 0.9804 -0.111785 0.00919602
764000 1.01412 -0.0977695 0.00962257
765000 0.990996 -0.0939721 0.0092712
766000 0.992392 -0.112383 0.0092363
767000 1.01892 -0.108121 0.00962305
768000 0.991013 -0.110119 0.00920118
769000 0.993316 -0.0990646 0.0093154
770000 1.00039 -0.0888256 0.00930392
771000 0.991435 -0.0922734 0.009259
772000 0.995701 -0.0697327 0.00946912
773000 1.00177 -0.0874739 0.00951151
774000 0.99305 -0.0776859 0.00934664
775000 0.96848 -0.0804791 0.00910388
776000 0.987479 -0.0858248 0.00930176
777000 0.97399 -0.0876842 0.00918802
778000 0.9613 -0.0656516 0.00917063
779000 0.989977 -0.0683866 0.00940264
780000 1.03253 -0.0757699 0.00977426
781000 0.978778 -0.0793652 0.00923039
782000 1.00824 -0.0724081 0.00943918
783000 1.00904 -0.0626173 0.00955815
784000 1.00199 -0.0798314 0.00941454
785000 1.025 -0.0822428 0.00964717
786000 1.0042 -0.0592301 0.00954487
787000 1.01266 -0.0810935 0.00964493
788000 1.00366 -0.0910452 0.00949602
789000 0.997113 -0.0807069 0.00939921
790000 0.961511 -0.0831143 0.0090927
791000 1.00841 -0.088707 0.00941785
792000 0.983127 -0.0773512 0.00926868
793000 1.02463 -0.07284 0.00979296
794000 1.00574 -0.104978 0.00941376
795000 1.02868 -0.110226 0.00957391
796000 0.984057 -0.104842 0.00919829
797000 1.02137 -0.0848165 0.00968817
798000 0.964497 -0.0804522 0.00905952
799000 1.00511 -0.101689 0.00943232
800000 0.987547 -0.128702 0.00914038
801000 1.00692 -0.112982 0.00941234
802000 0.982868 -0.112588 0.00921802
803000 0.965427 -0.0893352 0.00908006
804000 1.00181 -0.0934827 0.00931101
805000 1.01252 -0.100126 0.00961849
806000 1.00548 -0.0889229 0.00960402
807000 1.00641 -0.0894668 0.00957568
808000 1.01583 -0.0747135 0.00966306
809000 1.00652 -0.0841904 0.0094647
810000 1.02494 -0.072501 0.00993949
811000 0.979203 -0.0671602 0.00939473
812000 1.00335 -0.0822189 0.00945397
813000 0.986882 -0.0763169 0.00944155
814000 1.01259 -0.0870863 0.00971819
815000 0.999623 -0.0869372 0.00929766
816000 0.990756 -0.0962003 0.00930287
817000 1.02119 -0.0862186 0.00978648
818000 0.990918 -0.101383 0.00913615
819000 1.02216 -0.0973361 0.00972407
820000 0.969499 -0.0787862 0.00917395
821000 1.0127 -0.0915356 0.00952705
822000 0.979367 -0.0913824 0.00921386
823000 1.01535 -0.104197 0.00943477
824000 1.02746 -0.107545 0.00956973
825000 0.987918 -0.0903489 0.00926517
826000 1.03003 -0.0956923 0.00989334
827000 0.989757 -0.115916 0.00918015
828000 0.992562 -0.079554 0.00926082
829000 1.01419 -0.0912066 0.00953441
830000 1.01121 -0.0830495 0.00960322
831000 0.968716 -0.115111 0.00903027
832000 1.01746 -0.0859636 0.00959658
833000 1.01378 -0.0801981 0.00945279
834000 0.983485 -0.0852018 0.00914418
835000 1.02956 -0.0720812 0.00981257
836000 1.03641 -0.0716492 0.00998047
837000 0.994743 -0.0914977 0.00928854
838000 0.965339 -0.101356 0.00900654
839000 0.991948 -0.099629 0.00913436
840000 1.03142 -0.0969343 0.00970627
841000 0.973095 -0.127614 0.00898137
842000 1.00998 -0.133662 0.00939739
843000 0.998738 -0.130094 0.00931213
844000 0.979061 -0.134495 0.00904499
845000 1.01051 -0.123968 0.00938676
846000 0.993464 -0.117711 0.0090597
847000 0.996068 -0.0915376 0.00925719
848000 1.03207 -0.0838793 0.00975748
849000 0.991867 -0.11785 0.00900363
850000 1.00854 -0.0862931 0.00944344
851000 1.00485 -0.0902025 0.00954641
852000 1.00042 -0.0866123 0.00937403
853000 1.00733 -0.0860922 0.00934663
854000 1.01656 -0.114376 0.00922969
855000 0.999358 -0.110592 0.00924335
856000 0.996032 -0.0928165 0.00932292
857000 0.990442 -0.0955874 0.00926608
858000 1.00598 -0.0660004 0.00944766
859000 0.997708 -0.0638141 0.00956306
860000 1.00901 -0.10404 0.00948872
861000 0.995295 -0.087819 0.00916563
862000 1.00336 -0.0852005 0.0094707
863000 1.01514 -0.108561 0.00947686
864000 1.03068 -0.0923884 0.00968853
865000 1.02222 -0.0996419 0.00955044
866000 1.00967 -0.0995613 0.0094934
867000 1.01291 -0.0733665 0.00969105
868000 0.985022 -0.0670333 0.00940381
869000 0.996749 -0.0901252 0.00937332
870000 1.02199 -0.0813702 0.0097476
871000 0.998938 -0.0961439 0.00946239
872000 0.992231 -0.0983154 0.00924777
873000 1.00867 -0.105977 0.00934594
874000 1.0078 -0.0814603 0.00962905
875000 0.994455 -0.080601 0.00947847
876000 0.992342 -0.074426 0.00949306
877000 0.990614 -0.0856087 0.00944791
878000 0.999334 -0.0860378 0.00950476
879000 0.981325 -0.0877479 0.00913438
880000 1.00368 -0.0982532 0.0091774
881000 1.02116 -0.108369 0.00948466
882000 0.981763 -0.108912 0.00905999
883000 1.0166 -0.105593 0.00943287
884000 1.00542 -0.0952519 0.00946647
885000 0.979695 -0.0863384 0.00927456
886000 1.00436 -0.0963835 0.00945329
887000 1.0279 -0.0993058 0.00962502
888000 1.00483 -0.11199 0.00936407
889000 1.01813 -0.0899647 0.00946401
890000 1.0013 -0.0703618 0.00949194
891000 1.02051 -0.0855355 0.00965115
892000 1.01612 -0.0536587 0.0097117
893000 1.02684 -0.0825073 0.00973413
894000 0.975675 -0.0686011 0.00928529
895000 1.01298 -0.0867888 0.00948441
896000 0.988761 -0.0813728 0.00944163
897000 1.00879 -0.072268 0.00966645
898000 0.986045 -0.0866967 0.00916978
899000 1.01058 -0.073919 0.00960237
900000 0.973474 -0.0877844 0.00906811
901000 0.997829 -0.0765777 0.0093915
902000 0.9853 -0.0703115 0.00931166
903000 1.00005 -0.078665 0.00954939
904000 0.976218 -0.077106 0.00919234
905000 0.993878 -0.0875127 0.00927417
906000 1.03652 -0.0926717 0.00982232
907000 0.983204 -0.08136 0.00938453
908000 1.0306 -0.0778663 0.00983063
909000 1.0148 -0.0799691 0.00968163
910000 0.970243 -0.0654744 0.0091872
911000 1.01994 -0.0881255 0.00956775
912000 1.0314 -0.0834067 0.00958403
913000 0.995722 -0.0784927 0.00940408
914000 1.00445 -0.0738199 0.00957868
915000 1.02198 -0.0818252 0.00965049
916000 0.970439 -0.0701473 0.00914427
917000 0.992115 -0.0769378 0.00937904
918000 0.963445 -0.0926685 0.00918603
919000 0.976087 -0.100632 0.00924422
920000 0.995063 -0.0921441 0.00923267
921000 0.996873 -0.0721956 0.00944312
922000 1.0038 -0.0594449 0.00962257
923000 0.997673 -0.0769028 0.00935304
924000 1.02542 -0.0734632 0.0097507
925000 0.991609 -0.0733578 0.00936346
926000 0.987718 -0.0783293 0.00939924
927000 0.991906 -0.080161 0.00950398
928000 0.983284 -0.0876742 0.00934849
929000 0.990071 -0.101644 0.00941413
930000 0.981072 -0.117992 0.00904022
931000 1.00351 -0.115417 0.0092537
932000 0.978248 -0.089944 0.00926827
933000 0.989065 -0.0945814 0.00941347
934000 1.00374 -0.0877741 0.00949464
935000 1.01092 -0.0897965 0.00956499
936000 0.987173 -0.111313 0.00912158
937000 1.01547 -0.0752431 0.00976113
938000 1.01188 -0.0637014 0.00958717
939000 1.00656 -0.0840952 0.00951868
940000 0.988433 -0.0874402 0.00930716
941000 0.964231 -0.0916775 0.00894115
942000 0.99425 -0.0974924 0.00943683
943000 1.04338 -0.0832021 0.00982643
944000 0.986305 -0.0698652 0.00931099
945000 0.999335 -0.0833159 0.00944802
946000 1.0065 -0.085083 0.00941337
947000 1.01715 -0.0751082 0.0096749
948000 0.97412 -0.071146 0.00925791
949000 1.01798 -0.0708607 0.00970609
950000 1.00503 -0.0827716 0.00953648
951000 1.02355 -0.0933448 0.00959741
952000 0.976637 -0.108261 0.00911844
953000 0.998278 -0.0979446 0.00942791
954000 0.996536 -0.0890244 0.00938232
955000 1.01479 -0.0888021 0.00950544
956000 1.01777 -0.0827011 0.00953336
957000 0.975891 -0.0722237 0.00920245
958000 0.992129 -0.0655237 0.00955173
959000 1.01277 -0.0610831 0.00971351
960000 0.979503 -0.0802823 0.0092384
961000 0.992965 -0.0845205 0.00936682
962000 1.00731 -0.0849055 0.0095218
963000 1.01079 -0.0971738 0.00949136
964000 1.04756 -0.102331 0.00970767
965000 0.985116 -0.107121 0.00917534
966000 0.961181 -0.109936 0.00910537
967000 1.01724 -0.0909471 0.0095638
968000 0.965343 -0.0908984 0.00911419
969000 1.02795 -0.105914 0.00971111
970000 1.01382 -0.10551 0.00937679
971000 1.00215 -0.0942953 0.00928501
972000 0.996305 -0.0993833 0.00936132
973000 0.967553 -0.097279 0.00905405
974000 1.02423 -0.0789875 0.00983591
975000 0.987786 -0.0882289 0.00938171
976000 0.990674 -0.090348 0.00929913
977000 0.991201 -0.100974 0.00922274
978000 1.02738 -0.0796113 0.00993283
979000 0.994807 -0.0914626 0.00939591
980000 0.976941 -0.0930298 0.00909326
981000 1.01354 -0.0990365 0.00967142
982000 1.00012 -0.0897277 0.00958307
983000 1.0229 -0.0972886 0.00968797
984000 1.02504 -0.117637 0.00960313
985000 0.978308 -0.127188 0.00915143
986000 1.00796 -0.144504 0.00934225
987000 0.989795 -0.142107 0.00894919
988000 1.00448 -0.115036 0.00929273
989000 0.973092 -0.123679 0.00890217
990000 1.03154 -0.0975241 0.00969808
991000 0.962049 -0.0910137 0.00883326
992000 1.01085 -0.100067 0.00933647
993000 1.02078 -0.0753829 0.00968804
994000 0.998881 -0.0942828 0.0091674
995000 0.988635 -0.0945198 0.00935988
996000 0.999391 -0.0932457 0.00937916
997000 1.00813 -0.0674151 0.00957032
998000 1.00126 -0.0683101 0.0096257
999000 1.00472 -0.0665527 0.00954657
1000000 0.981998 -0.0673257 0.00945324
1001000 1.00581 -0.0803567 0.00965684
1002000 1.05136 -0.0670824 0.0100193
1003000 0.987168 -0.075377 0.00925096
1004000 0.993396 -0.089828 0.00932532
1005000 1.01974 -0.0960609 0.00933611
1006000 0.970016 -0.0958727 0.00890125
1007000 1.00213 -0.098246 0.00940912
1008000 1.0081 -0.0932548 0.00938761
1009000 1.01286 -0.0863874 0.00952133
1010000 1.02637 -0.10027 0.00966528
1011000 1.01421 -0.102551 0.00952103
1012000 0.984912 -0.102135 0.00922509
1013000 1.03243 -0.0980699 0.00961468
1014000 1.01132 -0.116171 0.00942713
1015000 1.02489 -0.0806364 0.00986336
1016000 0.976543 -0.0916048 0.00911347
1017000 1.01754 -0.0978417 0.00944683
1018000 0.988193 -0.0835077 0.00925765
1019000 1.01509 -0.087018 0.00957817
1020000 1.00952 -0.0748092 0.0095917
1021000 1.02611 -0.0810615 0.00971017
1022000 0.967485 -0.0945821 0.0091456
1023000 0.981075 -0.0981434 0.00919376
1024000 1.0202 -0.0943315 0.00947976
1025000 0.993001 -0.0990731 0.00921508
1026000 0.990746 -0.102606 0.00923443
1027000 1.01513 -0.103302 0.00951007
1028000 1.00111 -0.103949 0.00933983
1029000 0.99358 -0.085547 0.00941652
1030000 1.01387 -0.0800619 0.00967431
1031000 1.0108 -0.0639184 0.0096708
1032000 0.981074 -0.0750537 0.00918193
1033000 0.973231 -0.0814472 0.00935192
1034000 1.02214 -0.111699 0.00964035
1035000 0.999082 -0.102112 0.00928372
1036000 0.999436 -0.103348 0.00920246
1037000 0.99405 -0.0982188 0.00938656
1038000 1.00674 -0.093713 0.0095427
1039000 1.01398 -0.0816441 0.00965327
1040000 0.980829 -0.0987343 0.00922641
1041000 0.989168 -0.103976 0.00940273
1042000 1.0135 -0.112325 0.00941052
1043000 1.00267 -0.108328 0.00955101
1044000 0.989299 -0.113374 0.00925352
1045000 1.00693 -0.10226 0.00941521
1046000 0.986207 -0.0982989 0.00918355
1047000 0.980607 -0.0708231 0.00933815
1048000 0.990605 -0.0867369 0.00918246
1049000 1.00305 -0.0871564 0.00946167
1050000 0.995395 -0.0754219 0.00956597
1051000 1.00713 -0.0678396 0.00964422
1052000 1.01515 -0.0885706 0.00960778
1053000 1.03819 -0.0953917 0.00979265
1054000 0.975358 -0.100836 0.00921521
1055000 0.993112 -0.0885649 0.00949526
1056000 1.00107 -0.102155 0.00937356
1057000 1.03425 -0.0957215 0.00974047
1058000 1.02136 -0.0810197 0.00973744
1059000 0.999529 -0.0761899 0.00952268
1060000 0.999356 -0.097088 0.00933099
1061000 0.984692 -0.100004 0.00910804
1062000 1.03046 -0.0881677 0.00952336
1063000 1.0137 -0.105884 0.0095514
1064000 0.983584 -0.0893789 0.00913072
1065000 0.99595 -0.0953045 0.00936005
1066000 1.0009 -0.125688 0.00917289
1067000 0.993252 -0.104454 0.00908712
1068000 1.008 -0.0883292 0.00944915
1069000 0.990175 -0.0707734 0.00936558
1070000 0.983275 -0.0700625 0.00930746
1071000 1.00354 -0.0937174 0.00951761
1072000 1.01738 -0.0869283 0.0096825
1073000 0.970978 -0.0793702 0.00917859
1074000 1.01506 -0.0874555 0.00959148
1075000 0.97907 -0.0755997 0.00931994
1076000 1.01707 -0.0963315 0.00957618
1077000 0.999913 -0.0764172 0.00962165
1078000 0.997884 -0.0835971 0.00961729
1079000 1.0078 -0.0693823 0.00963272
1080000 1.04176 -0.0583937 0.00996239
1081000 0.958515 -0.0718574 0.00901717
1082000 0.991996 -0.0910579 0.00942894
1083000 1.00033 -0.0800552 0.00945335
1084000 1.00419 -0.0948301 0.00937447
1085000 0.999712 -0.105914 0.00937613
1086000 0.981174 -0.0972488 0.0093432
1087000 0.999631 -0.0830372 0.00940675
1088000 1.00496 -0.0988651 0.00940827
1089000 0.980709 -0.0755831 0.00922549
1090000 0.998641 -0.0784917 0.00936506
1091000 1.01721 -0.0807573 0.00970731
1092000 0.958216 -0.0729799 0.00915932
1093000 1.02838 -0.0630281 0.00986021
1094000 0.999699 -0.0705323 0.00937406
1095000 0.985003 -0.0747828 0.00924269
1096000 1.02909 -0.0810936 0.00957274
1097000 1.02653 -0.0881403 0.00979773
1098000 0.991792 -0.0830865 0.00929789
1099000 1.02297 -0.11536 0.00952961
1100000 1.03739 -0.10987 0.00970109
