# Time-averaged data for fix 2
# TimeStep v_Temperature v_PotentialEnergy v_Pressure
1000 1.47365 -0.00491775 0.00145829
2000 1.53932 -0.00542071 0.00152135
3000 1.48532 -0.0132167 0.00146294
4000 1.49075 -0.00712425 0.0014687
5000 1.50313 -0.00615793 0.00148258
6000 1.4521 -0.0060301 0.00143365
7000 1.46328 -0.0077257 0.00144247
8000 1.53037 -0.0056284 0.00151581
9000 1.48756 -0.00645292 0.00146956
10000 1.49146 -0.00331088 0.00148462
11000 1.50162 -0.00318121 0.00148343
12000 1.43829 -0.0044107 0.00141716
13000 1.4897 -0.00547582 0.00147555
14000 1.50528 -0.00601481 0.00148957
15000 1.45083 -0.00152166 0.00143639
16000 1.49796 -0.00541435 0.0014789
17000 1.47598 -0.00273232 0.00146315
18000 1.52421 -0.00390068 0.00150799
19000 1.45908 -0.00347412 0.00144349
20000 1.485 -0.00227954 0.00146986
21000 1.49842 -0.0039279 0.00147972
22000 1.48287 -0.00834601 0.00146687
23000 1.56515 -0.00396265 0.00154542
24000 1.52327 -0.00353351 0.00150768
25000 1.48983 -0.00365468 0.00147209
26000 1.52673 -0.0071811 0.00150949
27000 1.50912 -0.00622371 0.00149393
28000 1.48803 -0.00507383 0.00146795
29000 1.51065 -0.0042803 0.00149106
30000 1.49642 -0.0105256 0.00147607
31000 1.48325 -0.00530466 0.0014711
32000 1.5158 -0.00788166 0.0014929
33000 1.5047 -0.00310479 0.00148677
34000 1.50097 -0.0080042 0.00148473
35000 1.48577 -0.00467915 0.00146615
36000 1.52946 -0.00626456 0.00151072
37000 1.541 -0.00569193 0.00152939
38000 1.50043 -0.00127286 0.00149037
39000 1.52608 -0.00721151 0.00150634
40000 1.49464 -0.00370926 0.00147747
41000 1.51641 -0.00582506 0.00149712
42000 1.52156 -0.00843923 0.00149835
43000 1.47309 -0.0056638 0.00145368
44000 1.50267 -0.00593835 0.00148232
45000 1.50044 -0.00777414 0.001484
46000 1.49734 -0.0116343 0.00147431
47000 1.45795 -0.00714845 0.00143627
48000 1.50051 -0.00898182 0.00148193
49000 1.51609 -0.00476366 0.00149834
50000 1.48917 -0.00631194 0.00147074
51000 1.49964 -0.00604923 0.00148168
52000 1.48547 -0.010715 0.00146308
53000 1.52667 -0.0043705 0.0015089
54000 1.4753 -0.00648905 0.00145878
55000 1.53133 -0.00822016 0.00151313
56000 1.48689 -0.00549802 0.00146823
57000 1.47 -0.00549938 0.00145066
58000 1.54215 -0.00602322 0.00152602
59000 1.54446 -0.00973449 0.00152329
60000 1.44695 -0.00637206 0.0014285
61000 1.51691 -0.00729459 0.00150081
62000 1.53468 -0.00560812 0.0015149
63000 1.46945 -0.00838602 0.00144618
64000 1.48099 -0.00726145 0.00146122
65000 1.4738 -0.00469575 0.00145195
66000 1.48602 -0.0104722 0.00146331
67000 1.47989 -0.00976454 0.00146177
68000 1.51448 -0.0112676 0.00149358
69000 1.48807 -0.00455752 0.00147127
70000 1.48204 -0.00595893 0.0014677
71000 1.50791 -0.00359936 0.00148963
72000 1.46402 -0.00669453 0.00144421
73000 1.53681 -0.00693598 0.0015198
74000 1.49367 -0.00511718 0.00147868
75000 1.49399 -0.00430054 0.00147878
76000 1.52766 -0.00327746 0.0015081
77000 1.49858 -0.00551654 0.00148231
78000 1.49279 -0.00685038 0.00147939
79000 1.50423 -0.00375954 0.00148591
80000 1.48913 -0.00661929 0.00146543
81000 1.55622 -0.00495463 0.00153867
82000 1.48872 -0.00465635 0.00147057
83000 1.5108 -0.00759809 0.00149092
84000 1.51024 -0.00674797 0.0014911
85000 1.45773 -0.014602 0.00143946
86000 1.55118 -0.00791005 0.00153737
87000 1.47988 -0.00605076 0.00146963
88000 1.49577 -0.00873677 0.00147832
89000 1.50503 -0.00469788 0.00148543
90000 1.47247 -0.00418561 0.0014599
91000 1.50971 -0.00267764 0.00149295
92000 1.54176 -0.0103263 0.00153233
93000 1.44723 -0.00399305 0.0014309
94000 1.46433 -0.0118413 0.00144259
95000 1.50432 -0.0072632 0.00148451
96000 1.51263 -0.00179736 0.00149846
97000 1.44601 -0.00461523 0.00142822
98000 1.49335 -0.00807999 0.00147173
99000 1.50759 -0.00894672 0.00148389
100000 1.54306 -0.0163351 0.00151696
101000 1.48687 -0.00727397 0.00146805
102000 1.4792 -0.00653197 0.00146488
103000 1.54279 -0.0128478 0.00152418
104000 1.47137 -0.00871637 0.00145572
105000 1.46176 -0.0127107 0.00144184
106000 1.53432 -0.0145273 0.00151356
107000 1.49351 -0.00822969 0.00147096
108000 1.51777 -0.00902433 0.00149563
109000 1.4879 -0.00434773 0.00146924
110000 1.48444 -0.00597647 0.00146796
111000 1.52764 -0.00542058 0.00151076
112000 1.50185 -0.00519876 0.00148505
113000 1.45839 -0.00931705 0.00143527
114000 1.5467 -0.00853833 0.00152284
115000 1.52411 -0.00634865 0.00150752
116000 1.43416 -0.00675918 0.00142217
117000 1.4885 -0.00350657 0.00147475
118000 1.56331 -0.00457386 0.00154592
119000 1.49574 -0.00186874 0.001482
120000 1.51132 -0.00540135 0.00149278
121000 1.4524 -0.0026195 0.00143852
122000 1.47748 -0.00530416 0.0014639
123000 1.49424 -0.011269 0.00147087
124000 1.49114 -0.00629566 0.00147625
125000 1.50091 -0.00553442 0.00148831
126000 1.48906 -0.00814985 0.00147162
127000 1.5166 -0.00383207 0.00149989
128000 1.51033 -0.00395716 0.0014944
129000 1.47864 -0.00871198 0.00145716
130000 1.47433 -0.00437265 0.00145886
131000 1.54848 -0.00526382 0.00153226
132000 1.50752 -0.00412929 0.00149917
133000 1.53541 -0.00864167 0.00151288
134000 1.46303 -0.00310443 0.00145199
135000 1.44997 -0.00324272 0.00143738
136000 1.53992 -0.00530896 0.00152239
137000 1.49379 -0.00691958 0.00147277
138000 1.4832 -0.00577377 0.00146291
139000 1.49317 -0.00426312 0.00147407
140000 1.54725 -0.00544096 0.00152565
141000 1.45996 -0.00494835 0.00144449
142000 1.53833 -0.00575762 0.00152219
143000 1.46192 -0.00366978 0.00144637
144000 1.45402 -0.00966712 0.00143369
145000 1.51721 -0.00596816 0.00149693
146000 1.51211 -0.00438888 0.00149553
147000 1.46091 -0.00173364 0.00144485
148000 1.54701 -0.00572711 0.0015253
149000 1.48867 -0.00363713 0.00147137
150000 1.46091 -0.00408293 0.00144077
151000 1.53834 -0.00857177 0.00152107
152000 1.51896 -0.00781947 0.00150377
153000 1.5037 -0.00305676 0.00148525
154000 1.5229 -0.00548771 0.00150325
155000 1.50405 -0.00588669 0.00148541
156000 1.50669 -0.00587465 0.00149532
157000 1.45306 -0.00598277 0.00143779
158000 1.50517 -0.00408032 0.00148429
159000 1.4786 -0.00432473 0.00146246
160000 1.53568 -0.00727625 0.00151522
161000 1.55529 -0.00635005 0.00153327
162000 1.46813 -0.00957596 0.00144684
163000 1.49677 -0.0049599 0.00147576
164000 1.51303 -0.00253791 0.00149494
165000 1.52376 -0.00428314 0.00150911
166000 1.48453 -0.0110245 0.00146867
167000 1.5188 -0.00339119 0.00150086
168000 1.47235 -0.0114073 0.00144677
169000 1.5331 -0.00837954 0.001514
170000 1.50436 -0.00909701 0.00148568
171000 1.46518 -0.00585597 0.0014498
172000 1.53897 -0.00676562 0.00152321
173000 1.50721 -0.00820899 0.00149385
174000 1.46935 -0.0102514 0.00144839
175000 1.47191 -0.0056293 0.00145502
176000 1.47684 -0.00277252 0.00145879
177000 1.46849 -0.00352405 0.00145338
178000 1.55249 -0.00523711 0.00153647
179000 1.46446 -0.00459362 0.00145041
180000 1.54451 -0.00509109 0.00153372
181000 1.44638 -0.00642665 0.00142817
182000 1.51164 -0.0061896 0.00149178
183000 1.53428 -0.00794023 0.00151471
184000 1.47038 -0.00439787 0.00145223
185000 1.51134 -0.00510223 0.00149198
186000 1.50163 -0.00355462 0.00148788
187000 1.48486 -0.00698231 0.00146538
188000 1.51736 -0.00954181 0.00149637
189000 1.48949 -0.00561769 0.00146987
190000 1.51626 -0.0106489 0.00149669
191000 1.47191 -0.0037338 0.00145788
192000 1.52869 -0.00383718 0.00151203
193000 1.49003 -0.0045704 0.0014747
194000 1.49695 -0.00186608 0.00148052
195000 1.5117 -0.00391066 0.001497
196000 1.50972 -0.00332231 0.00149302
197000 1.52226 -0.00830297 0.00150209
198000 1.50672 -0.00598557 0.00148909
199000 1.51219 -0.00472179 0.00149403
200000 1.52657 -0.00241691 0.00150854
201000 1.49425 -0.00609106 0.00147634
202000 1.44126 -0.00829455 0.00142499
203000 1.52107 -0.0063842 0.0015031
204000 1.53008 -0.00337546 0.00151003
205000 1.43816 -0.00502418 0.00142166
206000 1.52412 -0.00476087 0.00150853
207000 1.52961 -0.00862127 0.00150855
208000 1.45094 -0.00216512 0.00143578
209000 1.51435 -0.00824098 0.00149501
210000 1.53602 -0.0096382 0.00151921
211000 1.46081 -0.0072876 0.00144986
212000 1.52319 -0.00634088 0.00150217
213000 1.51608 -0.00806166 0.0014953
214000 1.5015 -0.00758058 0.00147967
215000 1.47843 -0.010117 0.00145597
216000 1.50959 -0.00781892 0.00148661
217000 1.55964 -0.00212417 0.00154289
218000 1.52702 -0.00481778 0.00151349
219000 1.49046 -0.00617896 0.00147302
220000 1.53319 -0.00814663 0.00151952
221000 1.50671 -0.00662919 0.00148787
222000 1.50513 -0.00610339 0.00148901
223000 1.47682 -0.00326233 0.00145977
224000 1.47607 -0.00736087 0.00146059
225000 1.54366 -0.00289622 0.00153023
226000 1.48287 -0.00308034 0.00147081
227000 1.47077 -0.00562344 0.00145392
228000 1.52223 -0.00410403 0.00150146
229000 1.55918 -0.010144 0.0015316
230000 1.46694 -0.00675342 0.00144858
231000 1.49111 -0.0051241 0.00147352
232000 1.5207 -0.00430879 0.00151197
233000 1.50391 -0.00620824 0.00148993
234000 1.49337 -0.00799683 0.00148046
235000 1.47979 -0.00623318 0.0014644
236000 1.53556 -0.00773787 0.00151131
237000 1.49193 -0.00623975 0.00147436
238000 1.46074 -0.00313667 0.00144573
239000 1.51162 -0.00206128 0.0014993
240000 1.47188 -0.00480758 0.00145214
241000 1.46129 -0.0115999 0.00144417
242000 1.52171 -0.00594697 0.00150433
243000 1.52121 -0.0106839 0.00150226
244000 1.47437 -0.00850029 0.00145961
245000 1.50617 -0.00471731 0.0014891
246000 1.50901 -0.0055587 0.00148873
247000 1.49034 -0.00761123 0.00147095
248000 1.50482 -0.00581848 0.00149022
249000 1.52728 -0.00902695 0.00150547
250000 1.46488 -0.00333482 0.00144798
251000 1.50454 -0.0032008 0.00148706
252000 1.52061 -0.00735289 0.00150274
253000 1.51038 -0.0172382 0.00148232
254000 1.52326 -0.0115216 0.00150052
255000 1.46837 -0.00919647 0.00144751
256000 1.49079 -0.0188712 0.0014704
257000 1.51513 -0.0198446 0.00148804
258000 1.51767 -0.010084 0.0014945
259000 1.48605 -0.00902148 0.0014665
260000 1.50866 -0.00555222 0.00148985
261000 1.49707 -0.005743 0.00147954
262000 1.53283 -0.0058352 0.0015111
263000 1.4818 -0.00545539 0.00146689
264000 1.48691 -0.00495558 0.00147303
265000 1.52711 -0.00967523 0.00150807
266000 1.44014 -0.00284873 0.00142086
267000 1.52309 -0.00660494 0.00150641
268000 1.5049 -0.00460583 0.00149383
269000 1.47744 -0.008058 0.00145441
270000 1.54099 -0.00701095 0.00153149
271000 1.54296 -0.00852014 0.00151728
272000 1.47131 -0.00999175 0.00144989
273000 1.51549 -0.014704 0.00148955
274000 1.53605 -0.00885067 0.00151396
275000 1.48257 -0.00648972 0.00146157
276000 1.47194 -0.00722389 0.00145207
277000 1.53997 -0.00723085 0.00152581
278000 1.50855 -0.0116362 0.00148671
279000 1.4562 -0.00803142 0.00143977
280000 1.55476 -0.0055683 0.00154534
281000 1.46371 -0.0110318 0.00144339
282000 1.51728 -0.0078423 0.00149786
283000 1.47925 -0.00702443 0.00146104
284000 1.53318 -0.00675792 0.00151231
285000 1.45243 -0.00658666 0.00143004
286000 1.51928 -0.00470552 0.00150605
287000 1.4818 -0.00984261 0.00146114
288000 1.50003 -0.00675373 0.00148185
289000 1.52574 -0.00853051 0.00150551
290000 1.48024 -0.00449858 0.00146855
291000 1.54323 -0.00789691 0.00152768
292000 1.50236 -0.0128829 0.00148247
293000 1.5165 -0.0151836 0.00148605
294000 1.49769 -0.00531132 0.00148168
295000 1.50884 -0.00347177 0.00149761
296000 1.49544 -0.00248102 0.0014857
297000 1.50526 -0.00830424 0.00148154
298000 1.51551 -0.00543043 0.00149753
299000 1.46285 -0.00333473 0.0014467
300000 1.52969 -0.00864202 0.00150867
301000 1.49249 -0.00488977 0.00147116
302000 1.52038 -0.00423041 0.00150502
303000 1.48608 -0.0071629 0.00146166
304000 1.47281 -0.00378734 0.00145693
305000 1.55631 -0.00533019 0.00154083
306000 1.46476 -0.0126006 0.00144535
307000 1.46677 -0.00686238 0.00144788
308000 1.53004 -0.00565018 0.00151377
309000 1.55405 -0.00639563 0.00153367
310000 1.49041 -0.00600805 0.00147432
311000 1.46778 -0.0125139 0.00144317
312000 1.50927 -0.0064236 0.00148794
313000 1.50325 -0.0048702 0.00148424
314000 1.49079 -0.00483909 0.00147252
315000 1.50197 -0.00376801 0.00148654
316000 1.49647 -0.00958104 0.00147711
317000 1.54151 -0.00354954 0.00152507
318000 1.51748 -0.00805526 0.00149845
319000 1.49633 -0.00510046 0.00147515
320000 1.54218 -0.00891119 0.00152032
321000 1.51882 -0.00484053 0.00150206
322000 1.4949 -0.00425306 0.00147558
323000 1.46946 -0.00642022 0.00145011
324000 1.50535 -0.00382207 0.00148621
325000 1.54389 -0.0072778 0.00153032
326000 1.4632 -0.0101238 0.00144268
327000 1.50529 -0.00819098 0.00148514
328000 1.47451 -0.00899257 0.00145957
329000 1.48518 -0.00401358 0.00146684
330000 1.53529 -0.0105456 0.00151729
331000 1.45446 -0.013748 0.00142823
332000 1.51739 -0.00570837 0.00149706
333000 1.54223 -0.00789487 0.00151998
334000 1.49752 -0.00270401 0.00148058
335000 1.50896 -0.00263273 0.001494
336000 1.51778 -0.00755631 0.00149509
337000 1.53874 -0.00856024 0.00151808
338000 1.48928 -0.00536337 0.0014722
339000 1.51424 -0.00376322 0.00150512
340000 1.54953 -0.00618038 0.00153154
341000 1.45085 -0.00952732 0.00143496
342000 1.53763 -0.00989533 0.00151876
343000 1.44077 -0.00666608 0.00142362
344000 1.55615 -0.00490266 0.00153515
345000 1.49641 -0.0029551 0.00148156
346000 1.48639 -0.00512883 0.00147291
347000 1.52767 -0.006442 0.00150845
348000 1.44556 -0.0107209 0.00142508
349000 1.55024 -0.00771088 0.00153271
350000 1.5406 -0.00644694 0.00152143
351000 1.49015 -0.00475774 0.00147364
352000 1.52235 -0.00359052 0.00150244
353000 1.51347 -0.00703805 0.00149426
354000 1.53295 -0.0090946 0.00150851
355000 1.53568 -0.00479462 0.00151576
356000 1.46532 -0.00966002 0.00144502
357000 1.51544 -0.00478729 0.00149487
358000 1.48207 -0.00810901 0.00146461
359000 1.53016 -0.00401678 0.00150921
360000 1.51579 -0.00633505 0.00150777
361000 1.52918 -0.00426247 0.00152246
362000 1.52321 -0.00586515 0.0015044
363000 1.44346 -0.00546795 0.00142719
364000 1.54744 -0.00404585 0.00153089
365000 1.54324 -0.0109925 0.00151664
366000 1.44453 -0.00886421 0.00142389
367000 1.53928 -0.00307147 0.00152341
368000 1.52422 -0.00292626 0.00150869
369000 1.49624 -0.00389027 0.00148021
370000 1.49864 -0.00783531 0.0014852
371000 1.47457 -0.00647617 0.00145547
372000 1.49216 -0.00503 0.00147269
373000 1.48117 -0.0120059 0.00146332
374000 1.50874 -0.0128531 0.00148907
375000 1.52241 -0.0107106 0.00150086
376000 1.51558 -0.00748371 0.00149554
377000 1.51024 -0.00545846 0.00149399
378000 1.49879 -0.00429911 0.00147937
379000 1.54115 -0.00508629 0.00152957
380000 1.48728 -0.00350198 0.00147142
381000 1.50185 -0.00498646 0.00148792
382000 1.50153 -0.00556264 0.00148325
383000 1.4933 -0.00545055 0.00148534
384000 1.50734 -0.00612983 0.00149213
385000 1.51926 -0.00394993 0.00150348
386000 1.45007 -0.00603459 0.00143204
387000 1.53481 -0.00446274 0.00152128
388000 1.45593 -0.00331669 0.0014464
389000 1.50787 -0.00232802 0.00149036
390000 1.47512 -0.0082314 0.00145443
391000 1.45039 -0.00666337 0.00143227
392000 1.52734 -0.0116149 0.00151213
393000 1.50258 -0.020936 0.00147517
394000 1.52736 -0.0115079 0.00150259
395000 1.45119 -0.0151971 0.00143238
396000 1.54569 -0.00902139 0.00152397
397000 1.47961 -0.00476818 0.00145964
398000 1.5058 -0.00563311 0.00148808
399000 1.52039 -0.00683333 0.00150724
400000 1.4748 -0.0083725 0.00145372
401000 1.51494 -0.00567217 0.00150021
402000 1.52562 -0.00449999 0.00150849
403000 1.44258 -0.0073899 0.00142552
404000 1.54275 -0.00970958 0.00152158
405000 1.43168 -0.00887448 0.00140862
406000 1.53293 -0.0102879 0.00151645
407000 1.52703 -0.0115406 0.00150579
408000 1.50304 -0.00797243 0.00148281
409000 1.46038 -0.00880205 0.00143932
410000 1.52401 -0.00696083 0.00150586
411000 1.49269 -0.00646241 0.00147123
412000 1.51837 -0.00218191 0.0014991
413000 1.44551 -0.00400728 0.0014274
414000 1.49096 -0.00570442 0.00147523
415000 1.51632 -0.00576373 0.00150477
416000 1.51877 -0.00572754 0.00150579
417000 1.48522 -0.00590947 0.00146967
418000 1.4515 -0.00318345 0.00143482
419000 1.53816 -0.00758148 0.00151738
420000 1.49572 -0.00354967 0.001477
421000 1.53199 -0.00692877 0.00151341
422000 1.51571 -0.00502462 0.0014984
423000 1.5024 -0.00476773 0.0014839
424000 1.52732 -0.00719027 0.00151013
425000 1.55361 -0.0103081 0.00152892
426000 1.53201 -0.00245923 0.0015191
427000 1.46989 -0.00231725 0.00145165
428000 1.50812 -0.00614811 0.00148724
429000 1.51919 -0.00808414 0.00149943
430000 1.50336 -0.00385029 0.00148502
431000 1.55178 -0.00486235 0.00152993
432000 1.4825 -0.00428232 0.00146371
433000 1.49107 -0.00680253 0.00147463
434000 1.51287 -0.00840482 0.00149573
435000 1.52111 -0.0107131 0.00150308
436000 1.51771 -0.00457812 0.00150376
437000 1.50759 -0.00476712 0.0014903
438000 1.50586 -0.00697211 0.00148858
439000 1.49347 -0.00305102 0.00148096
440000 1.5447 -0.00455349 0.00152957
441000 1.47429 -0.0027711 0.0014587
442000 1.46203 -0.00560087 0.00144674
443000 1.52024 -0.00517441 0.00150014
444000 1.4865 -0.00503545 0.00147018
445000 1.48302 -0.00685941 0.00146402
446000 1.48631 -0.00436864 0.0014652
447000 1.47147 -0.00504513 0.00145499
448000 1.53949 -0.00520551 0.00151748
449000 1.45778 -0.00739066 0.00144415
450000 1.54183 -0.00605853 0.00152291
451000 1.44435 -0.00894068 0.00142068
452000 1.44684 -0.0113719 0.00141878
453000 1.53295 -0.00714983 0.00151542
454000 1.53818 -0.00537147 0.0015186
455000 1.4623 -0.00867237 0.0014398
456000 1.49567 -0.00859173 0.00148603
457000 1.53357 -0.0055083 0.00151557
458000 1.47273 -0.00547005 0.00145524
459000 1.48966 -0.00610677 0.00147172
460000 1.54587 -0.0076783 0.00152878
461000 1.50775 -0.0050815 0.00149319
462000 1.50674 -0.00677135 0.00149155
463000 1.49893 -0.00350081 0.00148287
464000 1.53246 -0.0064795 0.00151552
465000 1.54608 -0.00539547 0.00152926
466000 1.49888 -0.00524061 0.00148309
467000 1.5332 -0.00510431 0.00152429
468000 1.44079 -0.00370624 0.00142693
469000 1.47385 -0.00247968 0.00146312
470000 1.54618 -0.00565815 0.00153622
471000 1.49032 -0.00419435 0.00147324
472000 1.48163 -0.00689926 0.00145861
473000 1.48154 -0.00718708 0.00146493
474000 1.52306 -0.00925811 0.0015067
475000 1.52239 -0.00669733 0.00150321
476000 1.51007 -0.00722186 0.0014902
477000 1.48811 -0.00347185 0.00147401
478000 1.45576 -0.00474401 0.00143812
479000 1.50228 -0.0049705 0.00148445
480000 1.50837 -0.00396057 0.00148846
481000 1.5458 -0.00338027 0.00152921
482000 1.50555 -0.00329885 0.00148639
483000 1.52757 -0.00494016 0.00150901
484000 1.50725 -0.0057047 0.0014917
485000 1.45678 -0.000966384 0.00144407
486000 1.52707 -0.00582682 0.00151017
487000 1.52297 -0.00463529 0.00150625
488000 1.43448 -0.00472709 0.00142175
489000 1.53553 -0.00797581 0.00151462
490000 1.45218 -0.00520334 0.00143773
491000 1.56184 -0.00245089 0.00154541
492000 1.50246 -0.00519575 0.00148019
493000 1.49122 -0.00313253 0.00147216
494000 1.52024 -0.00920872 0.00150077
495000 1.45981 -0.00247991 0.00144122
496000 1.50493 -0.00531327 0.00148708
497000 1.49431 -0.00405207 0.00147699
498000 1.51904 -0.00575571 0.00150144
499000 1.49769 -0.00676888 0.00147916
500000 1.51263 -0.00828815 0.00149064
501000 1.50213 -0.00367841 0.00148415
502000 1.50052 -0.00311947 0.00149252
503000 1.51523 -0.00835823 0.00148992
504000 1.47053 -0.00810977 0.00145126
505000 1.53986 -0.00744656 0.00151801
506000 1.517 -0.00452352 0.00149894
507000 1.51831 -0.0043235 0.00150546
508000 1.51706 -0.00698857 0.00149803
509000 1.47297 -0.0120965 0.00144985
510000 1.51017 -0.00447426 0.00149331
511000 1.53873 -0.00454023 0.00152394
512000 1.44788 -0.00733917 0.00143035
513000 1.52862 -0.0060176 0.00151111
514000 1.53844 -0.00495258 0.00151846
515000 1.48846 -0.00734625 0.00147039
516000 1.45421 -0.00508732 0.00143661
517000 1.53287 -0.00744386 0.00151163
518000 1.45005 -0.00910941 0.00143295
519000 1.56904 -0.00790925 0.00155148
520000 1.49397 -0.00472274 0.00147436
521000 1.51117 -0.00549393 0.00148976
522000 1.45682 -0.00306553 0.00144117
523000 1.5332 -0.00887184 0.00150714
524000 1.46794 -0.00575086 0.00145105
525000 1.48483 -0.00984432 0.00146335
526000 1.53145 -0.00695677 0.00151243
527000 1.44755 -0.0047434 0.0014328
528000 1.45819 -0.00665936 0.00143873
529000 1.49891 -0.00689826 0.00148237
530000 1.45875 -0.00527511 0.00144067
531000 1.46735 -0.00705672 0.00144693
532000 1.49766 -0.00673669 0.00148219
533000 1.49198 -0.0063211 0.0014743
534000 1.56721 -0.00707031 0.00154525
535000 1.47323 -0.00397823 0.00145882
536000 1.48367 -0.0040921 0.00146608
537000 1.51903 -0.00291749 0.0015041
538000 1.4298 -0.00580137 0.00141452
539000 1.53534 -0.00902338 0.00151572
540000 1.5322 -0.0130572 0.0015154
541000 1.4477 -0.00543465 0.00142857
542000 1.55129 -0.00412379 0.00153412
543000 1.53012 -0.00533641 0.00151658
544000 1.50431 -0.00237381 0.00148684
545000 1.44191 -0.00641425 0.00142491
546000 1.49897 -0.00505731 0.00148082
547000 1.52811 -0.00521894 0.0015064
548000 1.48319 -0.00738296 0.00146324
549000 1.47902 -0.0130874 0.00145546
550000 1.51202 -0.00831431 0.00149907
551000 1.50332 -0.00311305 0.00148672
552000 1.51887 -0.00621992 0.00149711
553000 1.50644 -0.00950603 0.00148603
554000 1.52582 -0.00360216 0.00150416
555000 1.51765 -0.00535302 0.00149936
556000 1.51563 -0.00439109 0.00149668
557000 1.52295 -0.00519254 0.00150459
558000 1.4627 -0.00228699 0.00144527
559000 1.50844 -0.0050915 0.00148935
560000 1.53316 -0.00802932 0.00151081
561000 1.48989 -0.00430228 0.00147639
562000 1.49561 -0.00441652 0.00147827
563000 1.50652 -0.00348294 0.00149049
564000 1.49696 -0.00731529 0.00148173
565000 1.4885 -0.00559884 0.00147501
566000 1.51591 -0.00874804 0.00149281
567000 1.47491 -0.00427529 0.0014667
568000 1.52011 -0.00908717 0.00149665
569000 1.52873 -0.00625642 0.00150779
570000 1.49661 -0.00791964 0.00147482
571000 1.53218 -0.0040435 0.00151253
572000 1.52766 -0.00736951 0.00150974
573000 1.45255 -0.00588678 0.00143227
574000 1.47763 -0.00643921 0.00146179
575000 1.48983 -0.00877284 0.0014666
576000 1.56503 -0.0026935 0.00154642
577000 1.47442 -0.00326099 0.00145796
578000 1.47442 -0.00776022 0.00145716
579000 1.4754 -0.00895451 0.00146391
580000 1.52747 -0.00505586 0.00151189
581000 1.47591 -0.00479684 0.0014622
582000 1.48252 -0.00416755 0.00146606
583000 1.48627 -0.00508918 0.00146745
584000 1.50607 -0.00763721 0.00148503
585000 1.4495 -0.00451198 0.00143702
586000 1.47851 -0.00949348 0.00146106
587000 1.53048 -0.0106544 0.00151224
588000 1.45139 -0.00286865 0.00143911
589000 1.57036 -0.00775928 0.00155305
590000 1.50241 -0.0054577 0.00148621
591000 1.48197 -0.00602043 0.00146259
592000 1.45365 -0.00334087 0.00143569
593000 1.51719 -0.00421897 0.00150404
594000 1.52042 -0.0045714 0.00150129
595000 1.49933 -0.00200013 0.00148244
596000 1.47917 -0.0146455 0.00145551
597000 1.4872 -0.013097 0.0014573
598000 1.51229 -0.00800348 0.00149432
599000 1.46953 -0.00393688 0.00145219
600000 1.53786 -0.00219075 0.00152794
601000 1.46003 -0.00453078 0.00144573
602000 1.52192 -0.00590288 0.00150245
603000 1.48014 -0.00486053 0.00146644
604000 1.47628 -0.010095 0.00146207
605000 1.54511 -0.00383696 0.00152548
606000 1.54228 -0.00591918 0.00152084
607000 1.47726 -0.00638038 0.00146572
608000 1.51279 -0.00510381 0.0014952
609000 1.47383 -0.00315413 0.00145673
610000 1.54053 -0.00587864 0.00152096
611000 1.54163 -0.00209698 0.00152232
612000 1.48998 -0.00308728 0.00147591
613000 1.5112 -0.00354107 0.00149355
614000 1.53611 -0.00339031 0.00151915
615000 1.48473 -0.00723226 0.001465
616000 1.48634 -0.00328449 0.0014734
617000 1.51233 -0.00393837 0.0014954
618000 1.50273 -0.00386277 0.00148614
619000 1.47648 -0.00691981 0.00145799
620000 1.52919 -0.00748812 0.0015058
621000 1.51828 -0.0137719 0.00150366
622000 1.51966 -0.0123065 0.00149677
623000 1.51833 -0.0133028 0.00149281
624000 1.52172 -0.0154444 0.00150103
625000 1.49434 -0.0197959 0.00146968
626000 1.4932 -0.012602 0.00146626
627000 1.46069 -0.0177568 0.00143985
628000 1.51767 -0.0132245 0.00149237
629000 1.54931 -0.00951515 0.00152521
630000 1.4413 -0.0107255 0.00142684
631000 1.54169 -0.00983732 0.00151969
632000 1.45176 -0.0110954 0.00143185
633000 1.55422 -0.00727793 0.00154151
634000 1.52326 -0.00391225 0.00150609
635000 1.46168 -0.00333706 0.00144768
636000 1.45948 -0.00984294 0.00143791
637000 1.52128 -0.0100834 0.00149944
638000 1.47705 -0.0138796 0.00146004
639000 1.48906 -0.0142212 0.0014666
640000 1.51497 -0.0154577 0.00148998
641000 1.52381 -0.0124382 0.00150274
642000 1.50704 -0.012383 0.00148327
643000 1.48144 -0.00838512 0.00146101
644000 1.48041 -0.005082 0.00146527
645000 1.47752 -0.00414249 0.00146217
646000 1.50855 -0.00567641 0.0014936
647000 1.49814 -0.00323015 0.0014814
648000 1.52194 -0.00367513 0.0015056
649000 1.4978 -0.00573406 0.00147948
650000 1.52302 -0.0024916 0.00150545
651000 1.45471 -0.0076974 0.00143522
652000 1.48571 -0.00597668 0.00146863
653000 1.5155 -0.00644777 0.00149664
654000 1.52569 -0.00785313 0.00150611
655000 1.54288 -0.00314538 0.00152737
656000 1.52648 -0.00640307 0.00151798
657000 1.4667 -0.0033967 0.0014497
658000 1.49924 -0.0125224 0.00147014
659000 1.50878 -0.00581638 0.00149563
660000 1.50391 -0.00594025 0.00148391
661000 1.51689 -0.00907584 0.00149896
662000 1.46902 -0.00817015 0.00144783
663000 1.53253 -0.00476444 0.00151808
664000 1.53116 -0.00908903 0.00150715
665000 1.49014 -0.00415882 0.00147273
666000 1.50965 -0.00495611 0.00150149
667000 1.48229 -0.00420773 0.00146286
668000 1.49654 -0.00176721 0.0014783
669000 1.51445 -0.00318594 0.00149538
670000 1.51274 -0.00466471 0.00149379
671000 1.49398 -0.00610445 0.00147651
672000 1.47856 -0.00942014 0.00146136
673000 1.49314 -0.0070886 0.00147196
674000 1.53723 -0.00517473 0.00152172
675000 1.51738 -0.00721622 0.00150132
676000 1.49044 -0.00607802 0.00147625
677000 1.5203 -0.00606829 0.00149857
678000 1.50392 -0.00636016 0.00148658
679000 1.44927 -0.00595337 0.00143244
680000 1.47787 -0.00806075 0.00145773
681000 1.49371 -0.00677073 0.00148192
682000 1.51756 -0.00466205 0.00150099
683000 1.48149 -0.00338332 0.00146648
684000 1.47263 -0.00470838 0.0014529
685000 1.52064 -0.00462492 0.00150365
686000 1.48361 -0.00452889 0.00147243
687000 1.50785 -0.00592671 0.00149019
688000 1.49016 -0.0103913 0.00147085
689000 1.47597 -0.00433014 0.00145762
690000 1.49741 -0.00670159 0.00148503
691000 1.50866 -0.00882316 0.00148764
692000 1.45555 -0.0164838 0.00143209
693000 1.54368 -0.00442425 0.00152507
694000 1.54207 -0.00478307 0.0015245
695000 1.4637 -0.00575506 0.0014459
696000 1.49547 -0.00793196 0.00147137
697000 1.54381 -0.00766893 0.00152825
698000 1.47321 -0.00750379 0.00145081
699000 1.51537 -0.00311443 0.00149594
700000 1.51456 -0.00614422 0.00149794
701000 1.45587 -0.00941358 0.00143617
702000 1.53401 -0.00489089 0.00151857
703000 1.51184 -0.00797713 0.0014905
704000 1.49576 -0.00415037 0.00147505
705000 1.48625 -0.00495352 0.00146997
706000 1.49022 -0.0063093 0.00147403
707000 1.53601 -0.00778347 0.00152293
708000 1.4847 -0.00954128 0.00146449
709000 1.50419 -0.00848141 0.00148153
710000 1.48946 -0.00612825 0.00146746
711000 1.49069 -0.00669611 0.00147131
712000 1.50229 -0.00495465 0.0014827
713000 1.50221 -0.00803138 0.00148505
714000 1.53395 -0.0023267 0.00152055
715000 1.44968 -0.00699776 0.00143819
716000 1.53299 -0.00548778 0.00152041
717000 1.49175 -0.00255486 0.00147524
718000 1.47174 -0.00770323 0.00146111
719000 1.52149 -0.00686802 0.0015019
720000 1.54395 -0.00761975 0.00152362
721000 1.47849 -0.00534427 0.00145703
722000 1.52715 -0.00538039 0.00150738
723000 1.4621 -0.00476416 0.00144676
724000 1.49021 -0.0104053 0.00147019
725000 1.48056 -0.00556787 0.00146411
726000 1.46307 -0.0119233 0.00144383
727000 1.50542 -0.00347941 0.00149037
728000 1.45847 -0.00550529 0.00144585
729000 1.44004 -0.00210594 0.00142404
730000 1.46015 -0.00262527 0.00144444
731000 1.51231 -0.00424732 0.00149399
732000 1.46799 -0.00339337 0.00145129
733000 1.48683 -0.00931398 0.00147311
734000 1.52343 -0.0105636 0.00149959
735000 1.44466 -0.00736102 0.00142932
736000 1.52048 -0.0123528 0.00150186
737000 1.49132 -0.00733107 0.00147673
738000 1.47225 -0.00632632 0.0014575
739000 1.51037 -0.0045637 0.00149176
740000 1.49147 -0.00365429 0.00147188
741000 1.49263 -0.0084739 0.00147416
742000 1.51295 -0.00459611 0.00149594
743000 1.49682 -0.00828237 0.0014818
744000 1.47736 -0.00594411 0.0014659
745000 1.51043 -0.00707966 0.0014863
746000 1.50226 -0.00586163 0.00148471
747000 1.51595 -0.00552509 0.00149809
748000 1.49666 -0.0104458 0.00147164
749000 1.49799 -0.00367381 0.00148099
750000 1.51941 -0.00424507 0.00150217
751000 1.49128 -0.00344904 0.00147407
752000 1.5022 -0.00530264 0.00148354
753000 1.51259 -0.00547972 0.0014977
754000 1.50184 -0.00478249 0.00148536
755000 1.50817 -0.00882361 0.0014853
756000 1.47631 -0.00490504 0.00145809
757000 1.49099 -0.00116699 0.00147608
758000 1.52362 -0.00538315 0.00150659
759000 1.48225 -0.00599916 0.00146604
760000 1.50968 -0.00355286 0.00149
761000 1.48195 -0.00732105 0.00146421
762000 1.49169 -0.00805433 0.0014702
763000 1.53541 -0.00754524 0.00151585
764000 1.52798 -0.00515441 0.0015123
765000 1.51864 -0.00609363 0.00150377
766000 1.48796 -0.00443587 0.00146934
767000 1.47466 -0.00376254 0.00145605
768000 1.5539 -0.00586823 0.00153635
769000 1.52035 -0.0127521 0.00150127
770000 1.47306 -0.00624534 0.00145739
771000 1.47349 -0.00373486 0.00145396
772000 1.48414 -0.00474447 0.00146641
773000 1.56027 -0.00677694 0.0015433
774000 1.48941 -0.00721197 0.00147293
775000 1.43412 -0.00432676 0.00141846
776000 1.51017 -0.00773053 0.00149084
777000 1.5147 -0.00708648 0.00150024
778000 1.55329 -0.00849362 0.00152921
779000 1.46808 -0.00498734 0.00145833
780000 1.5032 -0.00839816 0.00149079
781000 1.51782 -0.00843246 0.00149642
782000 1.51721 -0.0102635 0.00149317
783000 1.51635 -0.00772985 0.00149945
784000 1.50393 -0.00829272 0.00148216
785000 1.51833 -0.00684393 0.00149576
786000 1.50364 -0.0043803 0.00148959
787000 1.46041 -0.00567746 0.0014404
788000 1.51098 -0.0107552 0.00148734
789000 1.50206 -0.0134547 0.00147676
790000 1.49886 -0.0077624 0.00147753
791000 1.49651 -0.00064402 0.00148453
792000 1.54771 -0.00220014 0.00152912
793000 1.53941 -0.00456078 0.00152416
794000 1.52855 -0.00281165 0.00151061
795000 1.51742 -0.00580894 0.00150057
796000 1.50887 -0.0022226 0.00149495
797000 1.50515 -0.00699837 0.0014893
798000 1.54586 -0.00517512 0.00152278
799000 1.46543 -0.00536401 0.00144613
800000 1.48364 -0.00407667 0.00146538
801000 1.54226 -0.00749714 0.00152244
802000 1.47593 -0.00400392 0.00146163
803000 1.47879 -0.00440322 0.0014734
804000 1.5244 -0.00604639 0.00150378
805000 1.51356 -0.00527555 0.00149512
806000 1.54367 -0.00664674 0.00152111
807000 1.45067 -0.0029327 0.00143143
808000 1.53589 -0.00829425 0.00151391
809000 1.49832 -0.00533268 0.00148069
810000 1.50064 -0.0064408 0.00149122
811000 1.50891 -0.0107095 0.00148801
812000 1.48829 -0.00397397 0.0014765
813000 1.53018 -0.00600536 0.00151299
814000 1.49067 -0.00642549 0.0014746
815000 1.48444 -0.00784968 0.00146349
816000 1.50844 -0.00747144 0.00148832
817000 1.5326 -0.00699891 0.00151547
818000 1.49141 -0.00264707 0.00147489
819000 1.50039 -0.00561109 0.00147903
820000 1.50901 -0.00608722 0.00148815
821000 1.49915 -0.00610624 0.00148496
822000 1.51084 -0.00483203 0.00149226
823000 1.50023 -0.00869186 0.00148832
824000 1.50486 -0.00861872 0.00148524
825000 1.49502 -0.0180394 0.00147011
826000 1.49591 -0.00919298 0.00147798
827000 1.52098 -0.00255515 0.00151025
828000 1.47364 -0.0074075 0.001454
829000 1.51502 -0.00462887 0.00149477
830000 1.47783 -0.00681209 0.00146113
831000 1.49389 -0.006137 0.00147595
832000 1.52714 -0.00379078 0.00151101
833000 1.47648 -0.00488598 0.00146333
834000 1.49798 -0.00621343 0.00147945
835000 1.50426 -0.00604715 0.00149036
836000 1.51704 -0.0040105 0.00150191
837000 1.46881 -0.00604873 0.00145042
838000 1.52977 -0.00747424 0.0015108
839000 1.51976 -0.00659136 0.00150229
840000 1.47343 -0.00737848 0.00145483
841000 1.53465 -0.00705311 0.00152033
842000 1.56414 -0.0124084 0.00154329
843000 1.44867 -0.0162471 0.00142354
844000 1.53761 -0.012246 0.0015157
845000 1.46413 -0.00847558 0.00144125
846000 1.49724 -0.0048696 0.00147906
847000 1.52843 -0.00356628 0.00150995
848000 1.53733 -0.0059596 0.00152461
849000 1.52766 -0.00554112 0.00150916
850000 1.51354 -0.00666017 0.00150305
851000 1.5159 -0.00704765 0.00149982
852000 1.5546 -0.00663798 0.00153257
853000 1.52971 -0.00822191 0.00150671
854000 1.46133 -0.0130677 0.00144129
855000 1.51663 -0.00623122 0.00149945
856000 1.49488 -0.00391109 0.00147842
857000 1.4895 -0.00343229 0.00147346
858000 1.50844 -0.00435611 0.00149002
859000 1.52426 -0.00288284 0.00150578
860000 1.49071 -0.00697126 0.00147661
861000 1.5343 -0.00960131 0.00151579
862000 1.54501 -0.00394833 0.0015284
863000 1.48274 -0.0043018 0.00146599
864000 1.50879 -0.004041 0.00148997
865000 1.5039 -0.0075113 0.00148278
866000 1.49439 -0.00590903 0.00147387
867000 1.51614 -0.0075184 0.00150373
868000 1.50703 -0.00667869 0.001486
869000 1.51532 -0.0133582 0.00149427
870000 1.46489 -0.00720362 0.00144752
871000 1.50373 -0.00224206 0.00149329
872000 1.50586 -0.00342148 0.00148904
873000 1.46878 -0.0039536 0.00145067
874000 1.46871 -0.00743896 0.00144785
875000 1.54535 -0.00490036 0.00152755
876000 1.47711 -0.00446838 0.00146144
877000 1.5095 -0.0111107 0.00148952
878000 1.48536 -0.00649352 0.00146739
879000 1.50167 -0.00403897 0.00148743
880000 1.51954 -0.0106994 0.00150066
881000 1.53049 -0.00483011 0.00151316
882000 1.45138 -0.00940778 0.00143751
883000 1.55041 -0.00558574 0.00153304
884000 1.4889 -0.00773449 0.00146805
885000 1.46647 -0.00573579 0.00145181
886000 1.51074 -0.00420693 0.00149305
887000 1.51034 -0.00196394 0.00149176
888000 1.47395 -0.0067989 0.00145565
889000 1.5139 -0.0033739 0.00150321
890000 1.52262 -0.00899368 0.00150424
891000 1.50162 -0.00510199 0.00148661
892000 1.47277 -0.00851578 0.00145015
893000 1.5331 -0.00247084 0.00152313
894000 1.46264 -0.00709062 0.00143893
895000 1.51473 -0.00458091 0.00149447
896000 1.53809 -0.00550606 0.00152207
897000 1.52926 -0.0044064 0.00151088
898000 1.50356 -0.00240343 0.00149245
899000 1.46759 -0.00533324 0.00145257
900000 1.52655 -0.00671159 0.00151203
901000 1.4464 -0.00295314 0.00143116
902000 1.51993 -0.0035526 0.00150338
903000 1.53188 -0.00598479 0.00151841
904000 1.45791 -0.00246629 0.0014525
905000 1.49985 -0.00618346 0.00148497
906000 1.54383 -0.00756007 0.00152926
907000 1.43399 -0.00683797 0.00141764
908000 1.52883 -0.00669462 0.00150623
909000 1.42777 -0.00203976 0.00141544
910000 1.52743 -0.00610723 0.00150639
911000 1.51736 -0.0121769 0.00149084
912000 1.53144 -0.0175008 0.00150548
913000 1.53378 -0.011049 0.00150793
914000 1.45662 -0.00858739 0.00143984
915000 1.51146 -0.00710975 0.00149248
916000 1.4813 -0.00542231 0.00145872
917000 1.47953 -0.00552639 0.0014611
918000 1.5384 -0.00673285 0.00151999
919000 1.48717 -0.00342973 0.00146717
920000 1.46757 -0.00403619 0.00144889
921000 1.53946 -0.00603187 0.00151825
922000 1.55452 -0.00956953 0.00153318
923000 1.51932 -0.0150511 0.00149289
924000 1.49785 -0.00727012 0.00147913
925000 1.51999 -0.0100601 0.00149524
926000 1.48968 -0.00949365 0.00146431
927000 1.49483 -0.00929195 0.00147628
928000 1.49473 -0.00668852 0.00147805
929000 1.50503 -0.00914484 0.00147945
930000 1.49838 -0.0106255 0.00147911
931000 1.50631 -0.0120681 0.00148404
932000 1.49888 -0.00657534 0.00148283
933000 1.48809 -0.00653603 0.00147074
934000 1.5433 -0.00494816 0.00152439
935000 1.46032 -0.00608014 0.00143907
936000 1.52592 -0.0129186 0.00149546
937000 1.47188 -0.0174571 0.00144493
938000 1.47621 -0.0133569 0.00145828
939000 1.48017 -0.0128356 0.00145995
940000 1.50565 -0.0102161 0.00149045
941000 1.47621 -0.011348 0.00145432
942000 1.53267 -0.00936539 0.00151641
943000 1.44148 -0.00470765 0.00142479
944000 1.52425 -0.00643682 0.00151122
945000 1.5577 -0.00533085 0.00154013
946000 1.49744 -0.00555636 0.00147801
947000 1.52158 -0.00874409 0.00150599
948000 1.52876 -0.00522718 0.00151251
949000 1.45031 -0.00308153 0.00143455
950000 1.5305 -0.00869673 0.00150598
951000 1.53398 -0.00681706 0.00151427
952000 1.47709 -0.009779 0.00145458
953000 1.51016 -0.00377806 0.00149661
954000 1.48696 -0.00291761 0.00147163
955000 1.45235 -0.0068308 0.00143399
956000 1.53703 -0.00142449 0.00152062
957000 1.50401 -0.00699964 0.00148713
958000 1.47019 -0.00580055 0.00145251
959000 1.52893 -0.00426538 0.00151352
960000 1.51784 -0.00404739 0.00150575
961000 1.50989 -0.00684004 0.00149399
962000 1.52699 -0.00461963 0.00150937
963000 1.50019 -0.0101553 0.00148295
964000 1.48897 -0.00719779 0.00146626
965000 1.48705 -0.00454698 0.00147189
966000 1.51251 -0.0163527 0.00149333
967000 1.45048 -0.0186156 0.00142993
968000 1.51316 -0.0172966 0.00149174
969000 1.50586 -0.0113951 0.00148479
970000 1.48085 -0.0150735 0.00146264
971000 1.50991 -0.011947 0.00149393
972000 1.5002 -0.014319 0.00147787
973000 1.52514 -0.0122631 0.00150602
974000 1.5209 -0.0113116 0.0015028
975000 1.49061 -0.013547 0.00147134
976000 1.50271 -0.0124874 0.00148749
977000 1.48436 -0.0117426 0.00146587
978000 1.47571 -0.0115144 0.00145617
979000 1.48283 -0.0165503 0.00146139
980000 1.54024 -0.0147734 0.00152214
981000 1.46413 -0.0132746 0.00144839
982000 1.50497 -0.0125189 0.00148789
983000 1.48581 -0.01795 0.00146409
984000 1.4602 -0.0185879 0.0014436
985000 1.53485 -0.0117238 0.00151552
986000 1.4997 -0.0133534 0.00148225
987000 1.46373 -0.0141065 0.00144444
988000 1.54209 -0.0153646 0.00151899
989000 1.54915 -0.0163165 0.00152383
990000 1.46833 -0.0211318 0.00143941
991000 1.53287 -0.0231529 0.00150013
992000 1.47126 -0.0128876 0.00144997
993000 1.51072 -0.0128584 0.0014873
994000 1.49452 -0.0141953 0.00147068
995000 1.43811 -0.0129728 0.00142764
996000 1.52594 -0.0143072 0.00150344
997000 1.54036 -0.0114835 0.00152101
998000 1.44071 -0.0145644 0.0014182
999000 1.51627 -0.0121966 0.00149664
1000000 1.53951 -0.0123839 0.00151724
1001000 1.48342 -0.0188759 0.00145611
1002000 1.51703 -0.01373 0.00150099
1003000 1.4801 -0.0136324 0.00146369
1004000 1.49868 -0.016203 0.0014792
1005000 1.46491 -0.0115183 0.00144511
1006000 1.45606 -0.00991669 0.00143805
1007000 1.49715 -0.0145262 0.00147572
1008000 1.4917 -0.0143524 0.00147002
1009000 1.45936 -0.0162878 0.00144365
1010000 1.45894 -0.0175159 0.00144024
1011000 1.54392 -0.0137873 0.00152089
1012000 1.4794 -0.00367082 0.00146335
1013000 1.53899 -0.0043997 0.00152003
1014000 1.47493 -0.00431398 0.00146371
1015000 1.52771 -0.00684779 0.00151185
1016000 1.47788 -0.00239574 0.00145906
1017000 1.51298 -0.00417236 0.00149556
1018000 1.52904 -0.00519987 0.00151187
1019000 1.46649 -0.00420307 0.00145211
1020000 1.49424 -0.00729198 0.00147732
1021000 1.54757 -0.00487587 0.00153249
1022000 1.47272 -0.00519967 0.00145641
1023000 1.44291 -0.00683114 0.00142273
1024000 1.48342 -0.00567779 0.00146735
1025000 1.50029 -0.00750597 0.00148211
1026000 1.45564 -0.00960287 0.00143492
1027000 1.43968 -0.00828164 0.00142592
1028000 1.46849 -0.00457903 0.00145113
1029000 1.50216 -0.00633113 0.00148141
1030000 1.49448 -0.0108363 0.0014737
1031000 1.53485 -0.00317821 0.00151923
1032000 1.5177 -0.00176948 0.00150743
1033000 1.45423 -0.00571635 0.001437
1034000 1.49244 -0.00503849 0.00147153
1035000 1.52328 -0.00492335 0.00150869
1036000 1.52098 -0.0132425 0.00150582
1037000 1.48211 -0.00740032 0.00146444
1038000 1.48395 -0.0115574 0.00146165
1039000 1.49981 -0.00711265 0.00148294
1040000 1.48183 -0.0028793 0.00147819
1041000 1.501 -0.00559017 0.00148006
1042000 1.47362 -0.00672882 0.00145878
1043000 1.53938 -0.0116816 0.00152408
1044000 1.47922 -0.00684435 0.00146025
1045000 1.49833 -0.0127545 0.00147552
1046000 1.52614 -0.0184274 0.00150814
1047000 1.47046 -0.0192775 0.0014446
1048000 1.5112 -0.0113726 0.0014928
1049000 1.482 -0.0151451 0.00146128
1050000 1.50675 -0.0136081 0.00149012
1051000 1.51477 -0.0143026 0.00149461
1052000 1.49325 -0.0146421 0.00147501
1053000 1.48327 -0.0177397 0.0014674
1054000 1.48879 -0.0136285 0.0014702
1055000 1.53163 -0.0128714 0.00151388
1056000 1.50251 -0.0118241 0.00148171
1057000 1.47412 -0.0167095 0.00144999
1058000 1.52808 -0.0136968 0.0015055
1059000 1.48078 -0.0155773 0.00145831
1060000 1.48236 -0.0143982 0.00146412
1061000 1.55334 -0.0135805 0.00152701
1062000 1.46557 -0.0125861 0.00144326
1063000 1.47409 -0.015232 0.00145595
1064000 1.52153 -0.0162582 0.00150159
1065000 1.54717 -0.0165408 0.00152519
1066000 1.47528 -0.0146471 0.00145266
1067000 1.50541 -0.0116799 0.00148214
1068000 1.44823 -0.0113242 0.00142293
1069000 1.5125 -0.012257 0.00149064
1070000 1.48184 -0.015199 0.0014574
1071000 1.50719 -0.0100445 0.00148776
1072000 1.50461 -0.0100802 0.0014824
1073000 1.46488 -0.0124208 0.0014455
1074000 1.51957 -0.0148968 0.0014934
1075000 1.52511 -0.0119258 0.00150302
1076000 1.49789 -0.00913017 0.00148431
1077000 1.47449 -0.0169669 0.00144315
1078000 1.51725 -0.0175175 0.00149037
1079000 1.45523 -0.00800594 0.00143805
1080000 1.54159 -0.00255602 0.00152753
1081000 1.49159 -0.00558185 0.00147573
1082000 1.46747 -0.0071065 0.00144908
1083000 1.5567 -0.00579649 0.00153899
1084000 1.50011 -0.00877027 0.0014794
1085000 1.46944 -0.00674432 0.00145304
1086000 1.50618 -0.00331841 0.00148675
1087000 1.5046 -0.00666705 0.00148772
1088000 1.51162 -0.00266144 0.00149313
1089000 1.51963 -0.0061114 0.00150671
1090000 1.47873 -0.0064471 0.00146057
1091000 1.51452 -0.0052749 0.00149874
1092000 1.53605 -0.00595455 0.00151836
1093000 1.44235 -0.00566362 0.0014274
1094000 1.5617 -0.00779825 0.00154382
1095000 1.52156 -0.00411704 0.00150382
1096000 1.48387 -0.00468346 0.00146445
1097000 1.49572 -0.00363234 0.00147744
1098000 1.52422 -0.00687638 0.00150586
1099000 1.52325 -0.00531423 0.001505
1100000 1.47878 -0.00651659 0.00146204
