# Time-averaged data for fix 2
# TimeStep v_Temperature v_PotentialEnergy v_Pressure
1000 1.89798 -0.0713298 0.0184723
2000 1.95445 -0.0746402 0.0191769
3000 1.86277 -0.063162 0.0182254
4000 1.89743 -0.0549046 0.0186397
5000 1.88152 -0.0604505 0.0184959
6000 1.91555 -0.0536913 0.0186653
7000 1.92552 -0.0580267 0.0188677
8000 1.88003 -0.0584568 0.0182613
9000 1.90491 -0.0626371 0.0185259
10000 1.9082 -0.0628814 0.0186882
11000 1.92785 -0.0536076 0.0188312
12000 1.87178 -0.056639 0.0182828
13000 1.87897 -0.0674163 0.018405
14000 1.95418 -0.0748047 0.0191545
15000 1.90203 -0.063933 0.0187263
16000 1.89229 -0.0734104 0.0182863
17000 1.95073 -0.0799928 0.0191339
18000 1.87663 -0.0799035 0.0181663
19000 1.9173 -0.0677425 0.0187672
20000 1.92045 -0.0759374 0.0188136
21000 1.90228 -0.067445 0.0184699
22000 1.89435 -0.0971354 0.0183237
23000 1.85449 -0.0834963 0.0179089
24000 1.96952 -0.0665689 0.0192467
25000 1.89121 -0.0537785 0.0187331
26000 1.87933 -0.0656509 0.0183341
27000 1.93174 -0.0671486 0.0189834
28000 1.8886 -0.0736713 0.0182437
29000 1.90964 -0.0818655 0.0184925
30000 1.90161 -0.0702825 0.0185901
31000 1.92708 -0.0671564 0.018869
32000 1.89807 -0.0654377 0.0184824
33000 1.91458 -0.0514664 0.0189488
34000 1.87511 -0.065458 0.0182657
35000 1.88248 -0.0589598 0.0183393
36000 1.92155 -0.0480596 0.0189534
37000 1.85435 -0.0725295 0.0179319
38000 1.88055 -0.0759014 0.018252
39000 1.8819 -0.0748476 0.0187878
40000 1.89424 -0.0767566 0.0184599
41000 1.85299 -0.0737885 0.0180487
42000 1.9157 -0.048833 0.0188207
43000 1.93764 -0.0632538 0.0190839
44000 1.92697 -0.0618395 0.018767
45000 1.88615 -0.0693658 0.0183882
46000 1.85596 -0.0726132 0.0180904
47000 1.9865 -0.0579999 0.0195366
48000 1.84199 -0.0705194 0.0177198
49000 1.92707 -0.0662715 0.0188243
50000 1.86437 -0.0737789 0.0182127
51000 1.9341 -0.0627619 0.0189968
52000 1.95625 -0.0658412 0.0191157
53000 1.89028 -0.0553348 0.0185335
54000 1.88726 -0.0544684 0.0187225
55000 1.94614 -0.0636157 0.0190004
56000 1.86263 -0.059391 0.0181844
57000 1.88538 -0.0601948 0.0185275
58000 1.9538 -0.0652583 0.0191932
59000 1.83996 -0.0566385 0.017928
60000 1.88459 -0.0713454 0.0183986
61000 1.94527 -0.0625019 0.018782
62000 1.83544 -0.0624 0.018021
63000 1.93401 -0.0625 0.0187924
64000 1.86917 -0.0651751 0.01826
65000 1.94224 -0.0633583 0.0190043
66000 1.92154 -0.0704068 0.0186166
67000 1.9247 -0.0650375 0.0188302
68000 1.84729 -0.0711107 0.0180144
69000 1.93856 -0.053172 0.0191045
70000 1.89874 -0.0592322 0.0186718
71000 1.88443 -0.072552 0.0183863
72000 1.88607 -0.0772075 0.0183235
73000 1.92157 -0.0517542 0.0188583
74000 1.91898 -0.058552 0.018682
75000 1.85763 -0.0726125 0.0179645
76000 1.91469 -0.0649576 0.0186971
77000 1.96329 -0.0596049 0.0193482
78000 1.86985 -0.0604445 0.0183172
79000 1.94423 -0.0506653 0.0190857
80000 1.86624 -0.0629277 0.0182043
81000 1.94207 -0.0574996 0.0190672
82000 1.89689 -0.095929 0.0184361
83000 1.91614 -0.070085 0.0185074
84000 1.91745 -0.0790513 0.0185983
85000 1.94684 -0.0872938 0.018865
86000 1.84386 -0.0757343 0.0179742
87000 1.96243 -0.0601703 0.019303
88000 1.93484 -0.0831511 0.0188396
89000 1.86349 -0.0847933 0.0182649
90000 1.92876 -0.078553 0.0186668
91000 1.85842 -0.0644188 0.0181899
92000 1.96703 -0.0707977 0.0191296
93000 1.86512 -0.0676816 0.0183966
94000 1.88222 -0.0599395 0.0183795
95000 1.88438 -0.0789926 0.0183695
96000 1.90794 -0.0702247 0.0186087
97000 1.93451 -0.0640636 0.0191665
98000 1.86336 -0.0589172 0.0183166
99000 1.89147 -0.0686363 0.0184671
100000 1.87916 -0.0640499 0.018219
101000 1.8436 -0.0702827 0.0178372
102000 1.88868 -0.0540677 0.0186145
103000 1.86676 -0.0527718 0.0184381
104000 1.90493 -0.0660493 0.018469
105000 1.88967 -0.07737 0.0183712
106000 1.93264 -0.0681293 0.0188452
107000 1.83607 -0.0683772 0.0178249
108000 1.90586 -0.0620796 0.0187193
109000 1.94956 -0.0655549 0.0189373
110000 1.88036 -0.0688833 0.0184088
111000 1.88877 -0.077374 0.0184273
112000 1.8549 -0.0781674 0.0180212
113000 1.94637 -0.0485683 0.0191195
114000 1.83273 -0.0498395 0.0179795
115000 1.92549 -0.0638938 0.0191196
116000 1.94102 -0.0623025 0.0190475
117000 1.89339 -0.0664287 0.0182774
118000 1.87998 -0.0818853 0.0182207
119000 1.92402 -0.0711465 0.0190104
120000 1.89864 -0.068391 0.0187089
121000 1.87184 -0.0550645 0.0184373
122000 1.89108 -0.0609951 0.0186807
123000 1.92772 -0.085578 0.0188802
124000 1.88207 -0.0645661 0.018272
125000 1.87645 -0.058492 0.0183755
126000 1.94373 -0.0622322 0.0190062
127000 1.8762 -0.0531494 0.0185904
128000 1.83728 -0.0682425 0.017879
129000 1.95699 -0.0542478 0.0192421
130000 1.90508 -0.0673835 0.018456
131000 1.95488 -0.0748795 0.0191425
132000 1.83667 -0.0718407 0.0178335
133000 1.93775 -0.0701247 0.0189344
134000 1.87688 -0.07295 0.018272
135000 1.91236 -0.0789772 0.0185845
136000 1.89099 -0.0631818 0.0184603
137000 1.8807 -0.0584093 0.0187339
138000 1.92401 -0.0621531 0.0187258
139000 1.86934 -0.0756251 0.0183711
140000 1.96213 -0.0522804 0.0193179
141000 1.8623 -0.0651021 0.0181829
142000 1.93681 -0.0538743 0.0190067
143000 1.87962 -0.0506257 0.0184459
144000 1.90528 -0.0620572 0.0186925
145000 1.88238 -0.0551904 0.0184048
146000 1.9104 -0.0619569 0.018672
147000 1.84489 -0.0695581 0.0178905
148000 1.87206 -0.0686518 0.018247
149000 1.92671 -0.070394 0.0188195
150000 1.84251 -0.0734263 0.0179043
151000 1.96847 -0.060101 0.0192197
152000 1.85568 -0.0440896 0.0181895
153000 1.89784 -0.0624561 0.0185203
154000 1.9343 -0.0706708 0.0188858
155000 1.8564 -0.062257 0.0180663
156000 1.96138 -0.066642 0.0192077
157000 1.81938 -0.0723949 0.0176674
158000 1.9478 -0.0638241 0.0190448
159000 1.86316 -0.0647903 0.0180607
160000 1.91338 -0.0602715 0.0186885
161000 1.9538 -0.061089 0.0191587
162000 1.88587 -0.0579181 0.0184017
163000 1.86304 -0.0779422 0.018129
164000 1.96313 -0.105076 0.0190204
165000 1.93257 -0.0999042 0.018717
166000 1.89382 -0.109795 0.018107
167000 1.91812 -0.11429 0.0182639
168000 1.90084 -0.102571 0.0183985
169000 1.91067 -0.0868454 0.0186217
170000 1.84151 -0.0749712 0.0177682
171000 1.93964 -0.0729046 0.0190779
172000 1.93581 -0.0530649 0.0189565
173000 1.91988 -0.069825 0.0188215
174000 1.8604 -0.0544303 0.0180761
175000 1.92927 -0.0648049 0.0189152
176000 1.94484 -0.0578254 0.0192413
177000 1.86797 -0.0648945 0.0182952
178000 1.90375 -0.058898 0.0186615
179000 1.92866 -0.0630877 0.0187779
180000 1.9069 -0.0552472 0.0186296
181000 1.92145 -0.048509 0.018769
182000 1.95598 -0.0636277 0.0192216
183000 1.94459 -0.0688439 0.0188983
184000 1.84771 -0.0603362 0.0180123
185000 1.9374 -0.0683695 0.0188025
186000 1.93681 -0.0656671 0.0189108
187000 1.84842 -0.0658004 0.0179779
188000 1.88361 -0.0669153 0.0182365
189000 1.93173 -0.0686162 0.0189609
190000 1.92071 -0.0746386 0.0187734
191000 1.89204 -0.0649586 0.0185028
192000 1.89795 -0.0832509 0.0186126
193000 1.85632 -0.0887489 0.0182289
194000 1.90677 -0.113086 0.018473
195000 1.87789 -0.0860823 0.0182033
196000 1.87651 -0.0795939 0.0183228
197000 1.91955 -0.091053 0.0186346
198000 1.94409 -0.0629978 0.0189216
199000 1.84965 -0.0792651 0.0178938
200000 1.91148 -0.0604554 0.0188868
201000 1.83195 -0.057985 0.0179154
202000 1.91762 -0.0658627 0.0189626
203000 1.96792 -0.0649918 0.0192964
204000 1.9091 -0.0732488 0.0188407
205000 1.8682 -0.0696197 0.0183838
206000 1.95476 -0.0654613 0.0193158
207000 1.91611 -0.0680978 0.0186858
208000 1.84659 -0.0552584 0.0180187
209000 1.90293 -0.0501025 0.0187585
210000 1.93779 -0.0605556 0.0189381
211000 1.84191 -0.0802002 0.018005
212000 1.86032 -0.076919 0.0180195
213000 1.91853 -0.0823253 0.0186334
214000 1.85151 -0.0726834 0.0181968
215000 1.81258 -0.0667807 0.0176524
216000 1.91776 -0.0703742 0.0189306
217000 1.92462 -0.066506 0.0189111
218000 1.84429 -0.0650855 0.0178555
219000 1.93493 -0.0545837 0.0189501
220000 1.92816 -0.0677556 0.0187832
221000 1.94097 -0.0627264 0.0190934
222000 1.92502 -0.051827 0.0188627
223000 1.91694 -0.0659357 0.0188463
224000 1.90925 -0.0774072 0.0186199
225000 1.92449 -0.0712727 0.0189121
226000 1.90904 -0.075847 0.0184717
227000 1.87922 -0.0676327 0.0183814
228000 1.8694 -0.0643752 0.0180522
229000 1.90408 -0.0658564 0.0185234
230000 1.88142 -0.0616842 0.0183576
231000 1.92205 -0.0531334 0.0187894
232000 1.89334 -0.0639109 0.0183602
233000 1.86021 -0.086211 0.0181883
234000 1.95616 -0.0582801 0.0191901
235000 1.96008 -0.0698304 0.0189844
236000 1.85831 -0.0635619 0.018168
237000 1.88922 -0.062118 0.0185029
238000 1.91232 -0.0629638 0.0187788
239000 1.92823 -0.0693742 0.0187856
240000 1.88231 -0.061681 0.0183903
241000 1.91679 -0.0584714 0.0189214
242000 1.90525 -0.074313 0.0185517
243000 1.88844 -0.0553914 0.0185306
244000 1.94475 -0.0757877 0.0190018
245000 1.86986 -0.0539387 0.0183661
246000 1.92846 -0.0571967 0.018961
247000 1.96214 -0.0582046 0.0192406
248000 1.86712 -0.0570739 0.018234
249000 1.89819 -0.0584657 0.0185961
250000 1.86677 -0.0704607 0.0180537
251000 1.89302 -0.0597778 0.0184951
252000 1.9124 -0.0607793 0.0186597
253000 1.86258 -0.0539366 0.018151
254000 1.9155 -0.0653899 0.0188934
255000 1.89674 -0.0667112 0.0184021
256000 1.90316 -0.0818342 0.0184433
257000 1.83803 -0.0802284 0.0178228
258000 1.94304 -0.084009 0.0188092
259000 1.95755 -0.053182 0.0191114
260000 1.89548 -0.0682909 0.0183599
261000 1.91392 -0.058252 0.0189991
262000 1.95361 -0.0570355 0.0190334
263000 1.84518 -0.0601662 0.0179083
264000 1.91381 -0.0519079 0.0187823
265000 1.91077 -0.0578498 0.0187064
266000 1.85808 -0.0687252 0.018454
267000 1.93009 -0.0596983 0.0188361
268000 1.8758 -0.0789683 0.0182526
269000 1.95051 -0.0634692 0.0191908
270000 1.85566 -0.0834196 0.0179455
271000 1.94208 -0.0655979 0.0188745
272000 1.87172 -0.0772499 0.0182429
273000 1.88017 -0.062978 0.0182412
274000 1.85404 -0.0576484 0.0182616
275000 1.89908 -0.0664145 0.0185461
276000 1.93578 -0.0786057 0.0187778
277000 1.88737 -0.0683142 0.0184296
278000 1.8966 -0.0686301 0.0184377
279000 1.9081 -0.0724682 0.0185968
280000 1.87086 -0.0619655 0.0184475
281000 1.88957 -0.0527885 0.0185505
282000 1.92953 -0.0559354 0.0189595
283000 1.89575 -0.053982 0.0184674
284000 1.88745 -0.0832638 0.0183362
285000 1.88048 -0.0810206 0.0183041
286000 1.8789 -0.0745703 0.0182157
287000 1.87547 -0.0564205 0.0183856
288000 1.87244 -0.0647873 0.0181977
289000 1.90698 -0.0481174 0.0188214
290000 1.91282 -0.0582 0.0186768
291000 1.93042 -0.0713653 0.018762
292000 1.89249 -0.0851281 0.0185966
293000 1.85891 -0.0730746 0.0179717
294000 1.9285 -0.0564603 0.0189673
295000 1.91967 -0.0676709 0.018849
296000 1.83713 -0.0632387 0.0180873
297000 1.93724 -0.0521546 0.0191127
298000 1.94209 -0.0672266 0.019118
299000 1.84935 -0.0577565 0.0179352
300000 1.90501 -0.0692252 0.0185981
301000 1.90681 -0.0741773 0.0185118
302000 1.88759 -0.0746207 0.0185434
303000 1.91597 -0.0697297 0.0187266
304000 1.86275 -0.044783 0.018302
305000 1.89697 -0.0566571 0.018597
306000 1.92969 -0.0545943 0.0192147
307000 1.89202 -0.0724177 0.0183413
308000 1.90464 -0.0833645 0.0184571
309000 1.87564 -0.0574207 0.018407
310000 1.90982 -0.0705621 0.0185233
311000 1.8885 -0.0652174 0.018593
312000 1.95692 -0.0611898 0.0191473
313000 1.96282 -0.0634788 0.0192853
314000 1.82989 -0.0778756 0.0177432
315000 1.94188 -0.0558786 0.019049
316000 1.8232 -0.0622757 0.0178673
317000 1.87178 -0.0693208 0.0182503
318000 1.93987 -0.0670518 0.0188558
319000 1.85462 -0.107747 0.0177959
320000 1.90391 -0.107931 0.0181986
321000 1.95618 -0.0893226 0.0192918
322000 1.86809 -0.069686 0.018444
323000 1.89702 -0.0559738 0.0184092
324000 1.95405 -0.0547512 0.019103
325000 1.91 -0.0633084 0.0189475
326000 1.92369 -0.0671831 0.0185816
327000 1.85055 -0.0856732 0.0180761
328000 1.89192 -0.0799739 0.0185836
329000 1.95599 -0.0598491 0.0190498
330000 1.95406 -0.0668503 0.0189958
331000 1.84758 -0.0724693 0.0179998
332000 1.87021 -0.0896314 0.0181465
333000 1.86716 -0.0765765 0.0179022
334000 1.87867 -0.069112 0.01845
335000 1.87308 -0.0545491 0.0183469
336000 1.93096 -0.0549465 0.0188593
337000 1.9329 -0.0454147 0.0191841
338000 1.82991 -0.0780339 0.0178751
339000 1.84715 -0.0692804 0.0181409
340000 1.92492 -0.0685109 0.0187743
341000 1.87503 -0.0846058 0.0183527
342000 1.87411 -0.0750916 0.0182612
343000 1.88932 -0.0661591 0.0184852
344000 1.90698 -0.0581788 0.0185614
345000 1.86952 -0.0617626 0.0182756
346000 1.88726 -0.0749294 0.0184488
347000 1.91391 -0.0676167 0.0185478
348000 1.95053 -0.0637572 0.019181
349000 1.81989 -0.0723315 0.0177885
350000 1.94077 -0.055119 0.0190984
351000 1.90151 -0.073513 0.01834
352000 1.87093 -0.0612248 0.0180861
353000 1.93303 -0.0609367 0.0189805
354000 1.94614 -0.0549123 0.0191829
355000 1.90196 -0.0632991 0.0186555
356000 1.82833 -0.0700868 0.0178731
357000 1.94542 -0.0629404 0.0191345
358000 1.85284 -0.0619515 0.0182006
359000 1.86812 -0.0773903 0.0181569
360000 1.86681 -0.0812866 0.0180833
361000 1.98797 -0.0601855 0.0193647
362000 1.8778 -0.0659549 0.0183089
363000 1.91113 -0.0522696 0.0187266
364000 1.91514 -0.0514474 0.0187453
365000 1.87523 -0.0581192 0.0185111
366000 1.95661 -0.0638361 0.0190216
367000 1.89055 -0.0662498 0.018648
368000 1.92632 -0.0575213 0.0190981
369000 1.93812 -0.073415 0.0190552
370000 1.93898 -0.0709879 0.0188746
371000 1.86612 -0.0593888 0.0182792
372000 1.8657 -0.0561985 0.0183856
373000 1.9716 -0.0519892 0.0194961
374000 1.85333 -0.0459043 0.0183041
375000 1.87968 -0.0530112 0.0184146
376000 1.91762 -0.0470635 0.0189332
377000 1.89726 -0.0626275 0.018599
378000 1.87021 -0.0657598 0.0181574
379000 1.86149 -0.0644683 0.0180777
380000 1.90198 -0.061432 0.0188851
381000 1.88955 -0.0750387 0.0183274
382000 1.9113 -0.0718344 0.0185238
383000 1.9302 -0.0708268 0.0188169
384000 1.89735 -0.0537017 0.0185441
385000 1.90828 -0.059227 0.0188438
386000 1.8605 -0.0728722 0.0179831
387000 1.91223 -0.0630496 0.0188112
388000 1.88236 -0.0736797 0.0184691
389000 1.89811 -0.070863 0.0184747
390000 1.91321 -0.0844815 0.0185519
391000 1.86286 -0.0897532 0.018161
392000 1.89158 -0.0890171 0.0183544
393000 1.85475 -0.0705484 0.0181565
394000 1.97394 -0.0743588 0.0191529
395000 1.86201 -0.0574284 0.0182544
396000 1.84308 -0.0756715 0.017879
397000 1.89681 -0.0758003 0.0183544
398000 1.92695 -0.0536865 0.0189478
399000 1.87948 -0.0577645 0.018306
400000 1.91524 -0.0507474 0.0187814
401000 1.9001 -0.0520721 0.0185925
402000 1.87456 -0.0621298 0.0182805
403000 1.9561 -0.0605606 0.0190809
404000 1.85337 -0.0584407 0.0182159
405000 1.92399 -0.0771078 0.0188163
406000 1.84342 -0.08772 0.0179262
407000 1.8159 -0.0821794 0.0175909
408000 1.89121 -0.0757955 0.0185061
409000 1.94913 -0.0616954 0.0192003
410000 1.92379 -0.0699959 0.0187455
411000 1.83949 -0.0809997 0.0178153
412000 1.95259 -0.0882493 0.0191089
413000 1.9566 -0.100331 0.0189028
414000 1.84341 -0.0953363 0.0179088
415000 1.87862 -0.0766553 0.0181612
416000 1.9157 -0.0851483 0.018562
417000 1.88197 -0.0737714 0.0183817
418000 1.96945 -0.0715528 0.0195553
419000 1.86177 -0.0745352 0.0183446
420000 1.89414 -0.0687912 0.0185752
421000 1.84265 -0.069337 0.0179268
422000 1.87707 -0.0555839 0.0184125
423000 1.89058 -0.0645035 0.0185892
424000 1.84798 -0.060012 0.018146
425000 1.94242 -0.0590636 0.0190372
426000 1.93011 -0.0504811 0.0190338
427000 1.84197 -0.0685966 0.0180617
428000 1.96813 -0.0591805 0.0193137
429000 1.91347 -0.0575431 0.018851
430000 1.87595 -0.0629671 0.018339
431000 1.94685 -0.0560465 0.0188522
432000 1.93375 -0.0666474 0.018992
433000 1.8602 -0.0720779 0.0180817
434000 1.93686 -0.0558776 0.0190239
435000 1.90208 -0.0728968 0.0185691
436000 1.85631 -0.0618475 0.0180679
437000 1.90592 -0.0585832 0.0187134
438000 1.92994 -0.0541595 0.0187645
439000 1.93355 -0.0725119 0.0187658
440000 1.92545 -0.0749361 0.0188321
441000 1.86113 -0.0885413 0.0180283
442000 1.94486 -0.0889145 0.0189383
443000 1.85858 -0.0895614 0.0180286
444000 1.97382 -0.081296 0.0195359
445000 1.83393 -0.0826715 0.0177814
446000 1.94937 -0.0714644 0.0191068
447000 1.88193 -0.0550342 0.0183404
448000 1.85218 -0.0486047 0.0182074
449000 1.97691 -0.0715115 0.019302
450000 1.8249 -0.0649308 0.0179747
451000 1.92334 -0.0670437 0.0188054
452000 1.91863 -0.0540202 0.0188361
453000 1.91096 -0.0755095 0.0185411
454000 1.93862 -0.0855267 0.0186933
455000 1.90327 -0.069461 0.0183777
456000 1.87625 -0.0635542 0.0184541
457000 1.87933 -0.0591815 0.0184063
458000 1.89387 -0.065166 0.0186104
459000 1.92353 -0.0578046 0.0186945
460000 1.9214 -0.0663802 0.0188202
461000 1.83637 -0.0751146 0.0178598
462000 1.94925 -0.0650805 0.0189069
463000 1.87348 -0.0689347 0.0182638
464000 1.90153 -0.0863902 0.0184507
465000 1.94278 -0.0578477 0.0189067
466000 1.85617 -0.0549413 0.0182884
467000 1.89955 -0.0681293 0.0187078
468000 1.90751 -0.0642357 0.0187146
469000 1.91853 -0.0623157 0.0187099
470000 1.89528 -0.0544235 0.0186355
471000 1.88646 -0.0595881 0.0185076
472000 1.91323 -0.0526943 0.0187285
473000 1.95161 -0.061825 0.0190077
474000 1.85213 -0.0602077 0.018292
475000 1.98892 -0.0510308 0.0195137
476000 1.91727 -0.0725508 0.0188562
477000 1.87576 -0.0718053 0.0182661
478000 1.88453 -0.0647937 0.0184422
479000 1.88905 -0.0625469 0.0184873
480000 1.90887 -0.0543965 0.0187913
481000 1.89423 -0.0766196 0.0186323
482000 1.8889 -0.0868682 0.0182845
483000 1.92034 -0.0887546 0.0188746
484000 1.91957 -0.08646 0.0186477
485000 1.923 -0.0818065 0.0187324
486000 1.92635 -0.0786063 0.0188521
487000 1.88495 -0.0667722 0.0185037
488000 1.85043 -0.0769875 0.0179198
489000 1.93431 -0.0681615 0.0189739
490000 1.90646 -0.0776156 0.0185737
491000 1.86076 -0.0719407 0.0181785
492000 1.84666 -0.0590982 0.0181859
493000 1.9235 -0.059173 0.0189811
494000 1.86747 -0.0718824 0.0180799
495000 1.89233 -0.0718884 0.0184517
496000 1.91384 -0.0661399 0.0187853
497000 1.88487 -0.0708832 0.0183722
498000 1.91735 -0.0731755 0.0186128
499000 1.91353 -0.0612148 0.018769
500000 1.90565 -0.0614594 0.0186248
501000 1.92108 -0.067677 0.0188788
502000 1.93376 -0.0738576 0.0187267
503000 1.92422 -0.0696452 0.0187034
504000 1.91491 -0.067967 0.0186238
505000 1.87919 -0.070737 0.0183461
506000 1.90274 -0.0596018 0.0186624
507000 1.92358 -0.0432969 0.0188354
508000 1.84532 -0.063613 0.0181326
509000 1.907 -0.0803957 0.018663
510000 1.91004 -0.0812374 0.018602
511000 1.90322 -0.0576613 0.0186501
512000 1.89599 -0.0725638 0.0186472
513000 1.89495 -0.0696893 0.0185774
514000 1.96313 -0.0536358 0.0193456
515000 1.89196 -0.051926 0.0184716
516000 1.92834 -0.0803058 0.0188062
517000 1.84799 -0.0654643 0.0179617
518000 1.90496 -0.0677345 0.0186309
519000 1.9132 -0.0714101 0.0190083
520000 1.89414 -0.0524269 0.0186029
521000 1.93395 -0.0660636 0.0189074
522000 1.86976 -0.0687836 0.0180907
523000 1.90009 -0.0709205 0.0184067
524000 1.92708 -0.0641934 0.0187242
525000 1.8335 -0.062683 0.0179213
526000 1.95951 -0.0602128 0.0193052
527000 1.91455 -0.0741744 0.0186948
528000 1.85066 -0.0703442 0.0181541
529000 1.88629 -0.0685126 0.0184969
530000 1.86262 -0.0716756 0.0180272
531000 1.89251 -0.0498481 0.0186854
532000 1.84105 -0.0401633 0.0182134
533000 1.91842 -0.0488167 0.0188751
534000 1.87343 -0.05446 0.0183285
535000 1.91777 -0.0690855 0.0187213
536000 1.93728 -0.0691025 0.0190209
537000 1.92885 -0.072502 0.018795
538000 1.91328 -0.083912 0.0185777
539000 1.88295 -0.0655069 0.0182639
540000 1.9185 -0.0787366 0.0185292
541000 1.91272 -0.0642382 0.0185954
542000 1.89997 -0.0719849 0.0183165
543000 1.91157 -0.0656305 0.0186866
544000 1.87076 -0.0602976 0.0182675
545000 1.90478 -0.068167 0.0186787
546000 1.88428 -0.0647454 0.0183906
547000 1.92045 -0.0623406 0.0188495
548000 1.86925 -0.0856083 0.0182589
549000 1.93445 -0.0738182 0.0188707
550000 1.96254 -0.0836372 0.0190428
551000 1.95007 -0.0744732 0.0189989
552000 1.87962 -0.0626208 0.0185378
553000 1.93653 -0.0523627 0.0189817
554000 1.88545 -0.0706863 0.0183246
555000 1.87105 -0.0676259 0.0182545
556000 1.87355 -0.0755941 0.0182301
557000 1.88537 -0.0519723 0.0185958
558000 1.85402 -0.0761 0.0180923
559000 1.87229 -0.080446 0.0180442
560000 1.95997 -0.0819709 0.0191297
561000 1.87698 -0.0805406 0.0181855
562000 1.92739 -0.0561379 0.0188359
563000 1.96308 -0.0716705 0.019125
564000 1.85459 -0.0711546 0.0182013
565000 1.94593 -0.0755943 0.0189772
566000 1.83472 -0.0589619 0.0179542
567000 1.93324 -0.0624721 0.0190194
568000 1.98298 -0.0603477 0.0195103
569000 1.91637 -0.0573385 0.018674
570000 1.88339 -0.0601649 0.0184289
571000 1.93162 -0.070114 0.0190139
572000 1.90619 -0.0598942 0.0186053
573000 1.88662 -0.0622742 0.0184428
574000 1.91484 -0.0565449 0.0188499
575000 1.89576 -0.0619324 0.018479
576000 1.85627 -0.0635827 0.0182478
577000 1.93425 -0.086399 0.0187352
578000 1.87933 -0.0854152 0.0181546
579000 1.95523 -0.0504347 0.0190485
580000 1.90946 -0.0711063 0.0188619
581000 1.92726 -0.0700226 0.0189493
582000 1.86837 -0.0464421 0.0182247
583000 1.92492 -0.0630505 0.0186137
584000 1.88545 -0.0624023 0.018592
585000 1.96837 -0.0562376 0.0192938
586000 1.8323 -0.0613812 0.0179256
587000 1.9145 -0.0695912 0.0186966
588000 1.97055 -0.0597281 0.0191742
589000 1.91868 -0.0612712 0.0187411
590000 1.91898 -0.0607797 0.0188448
591000 1.88725 -0.05313 0.0185531
592000 1.8888 -0.0699141 0.0182802
593000 1.98132 -0.0604803 0.0195375
594000 1.89866 -0.0636525 0.0186105
595000 1.85932 -0.052083 0.0183241
596000 1.93564 -0.0855106 0.0188626
597000 1.89796 -0.0674766 0.0186662
598000 1.87401 -0.0643294 0.0184642
599000 1.93185 -0.0620654 0.0190198
600000 1.86231 -0.0665057 0.0180813
601000 1.87206 -0.0676753 0.0183674
602000 1.92408 -0.0813256 0.018723
603000 1.9163 -0.0527903 0.0189997
604000 1.91892 -0.0581018 0.0186397
605000 1.83578 -0.0548866 0.0179827
606000 1.83382 -0.0500844 0.0179869
607000 1.87484 -0.0558934 0.0182366
608000 1.89531 -0.0589401 0.0187111
609000 1.85942 -0.0637439 0.0182069
610000 1.86328 -0.057637 0.0182591
611000 1.93353 -0.0610331 0.0192012
612000 1.8922 -0.0713569 0.0185045
613000 1.83114 -0.070087 0.0177736
614000 1.9202 -0.057274 0.0188567
615000 1.90576 -0.0682587 0.0185914
616000 1.87237 -0.0805366 0.0182429
617000 1.87994 -0.0716184 0.0183506
618000 1.85904 -0.07388 0.0181235
619000 1.97308 -0.071327 0.0191676
620000 1.86469 -0.0692124 0.0181579
621000 1.91132 -0.0607777 0.0188246
622000 1.91204 -0.0551624 0.0188369
623000 1.84347 -0.0574076 0.0179691
624000 1.90229 -0.0547752 0.0187485
625000 1.89795 -0.0519589 0.0187661
626000 1.89432 -0.0568767 0.0186577
627000 1.88328 -0.0675268 0.0184404
628000 1.94387 -0.0544838 0.0190035
629000 1.86672 -0.065497 0.0180421
630000 1.84498 -0.0544666 0.0179619
631000 1.88847 -0.0724881 0.0182382
632000 1.82856 -0.0612178 0.0178905
633000 1.95581 -0.0654937 0.0191638
634000 1.86937 -0.0642798 0.0183475
635000 1.8841 -0.0750455 0.0183011
636000 1.95594 -0.0732105 0.0190213
637000 1.89729 -0.0742304 0.0185365
638000 1.87622 -0.0764631 0.0183286
639000 1.9284 -0.0645724 0.0191622
640000 1.84456 -0.071781 0.0180244
641000 1.89456 -0.0583851 0.0186414
642000 1.93163 -0.0644247 0.0188298
643000 1.88695 -0.0440159 0.0184127
644000 1.88931 -0.0594732 0.0183391
645000 1.92438 -0.0541901 0.0189359
646000 1.92403 -0.0910039 0.0187909
647000 1.89078 -0.0673013 0.0184671
648000 1.86522 -0.0687881 0.0179315
649000 1.91785 -0.0870605 0.0185855
650000 1.90685 -0.0899102 0.0184005
651000 1.93986 -0.0677752 0.0190855
652000 1.89625 -0.0575077 0.0186952
653000 1.94733 -0.0483724 0.0192647
654000 1.85876 -0.0615512 0.0181651
655000 1.94963 -0.07715 0.018901
656000 1.93242 -0.066527 0.0189522
657000 1.91553 -0.0941352 0.0183042
658000 1.9054 -0.0797465 0.0184701
659000 1.90301 -0.0838787 0.0184419
660000 1.92019 -0.0931904 0.0186697
661000 1.93451 -0.064724 0.0188935
662000 1.91766 -0.0650517 0.0184907
663000 1.86995 -0.093175 0.0182336
664000 1.87676 -0.0740248 0.0182677
665000 1.87174 -0.0487758 0.0182983
666000 1.87995 -0.0541617 0.0183936
667000 1.92297 -0.0528579 0.0187044
668000 1.93126 -0.0652476 0.0188693
669000 1.92639 -0.0643051 0.0187807
670000 1.89018 -0.0654542 0.0186225
671000 1.88359 -0.0574275 0.018339
672000 1.8895 -0.0765427 0.018299
673000 1.87601 -0.0688493 0.0181021
674000 1.95719 -0.0659578 0.0190557
675000 1.92536 -0.0652981 0.0188791
676000 1.87497 -0.0597954 0.0184865
677000 1.87864 -0.0625354 0.0184493
678000 1.96871 -0.0697966 0.0193359
679000 1.85848 -0.0584298 0.0183165
680000 1.86868 -0.0498692 0.0183196
681000 1.93737 -0.059852 0.0189196
682000 1.88354 -0.0635481 0.0182841
683000 1.95804 -0.0510768 0.019302
684000 1.88494 -0.0640094 0.018379
685000 1.87643 -0.0630945 0.0180669
686000 1.88183 -0.0558743 0.0184261
687000 1.93142 -0.0640382 0.0189775
688000 1.90857 -0.0701769 0.0185024
689000 1.89036 -0.0877632 0.0183578
690000 1.83342 -0.0699932 0.0178411
691000 1.93523 -0.0433219 0.0191056
692000 1.9404 -0.0565939 0.0189572
693000 1.93732 -0.0962324 0.0188518
694000 1.92769 -0.0829939 0.0187335
695000 1.93064 -0.0863523 0.0188847
696000 1.88664 -0.0755855 0.0183478
697000 1.87374 -0.0643712 0.0183467
698000 1.86816 -0.0472495 0.0183076
699000 1.89775 -0.0604534 0.0186906
700000 1.89431 -0.0440519 0.0185338
701000 1.84865 -0.0670336 0.0179685
702000 1.95646 -0.0568788 0.0192799
703000 1.97974 -0.058858 0.0192532
704000 1.91188 -0.0656547 0.0188507
705000 1.89553 -0.0563396 0.0185948
706000 1.84483 -0.048505 0.018061
707000 1.94205 -0.049221 0.01911
708000 1.94606 -0.0689117 0.0188596
709000 1.84652 -0.0665204 0.0180726
710000 1.85729 -0.0607496 0.0180581
711000 1.94381 -0.0706907 0.0188798
712000 1.89499 -0.0581448 0.0184124
713000 1.92824 -0.0683054 0.0188363
714000 1.83805 -0.0823253 0.0179803
715000 1.90654 -0.072751 0.0186352
716000 1.92563 -0.0763389 0.0187331
717000 1.86941 -0.0825276 0.0180358
718000 1.91475 -0.0710151 0.018476
719000 1.85197 -0.0681513 0.0179878
720000 1.90903 -0.0584353 0.01857
721000 1.93749 -0.0742429 0.0189587
722000 1.88455 -0.0535166 0.0184488
723000 1.8615 -0.0537239 0.0183018
724000 1.89291 -0.0622287 0.0186852
725000 1.91617 -0.0859723 0.0185713
726000 1.9528 -0.0630948 0.0190368
727000 1.93192 -0.0627068 0.0190809
728000 1.85624 -0.0664515 0.0180423
729000 1.93546 -0.0501117 0.0192165
730000 1.85802 -0.0685693 0.0183008
731000 1.87411 -0.0551006 0.0185093
732000 1.90087 -0.0706128 0.0185711
733000 1.89146 -0.0855788 0.0184389
734000 1.9127 -0.0637098 0.0188247
735000 1.9069 -0.0833933 0.0184997
736000 1.91319 -0.0683407 0.0185815
737000 1.89967 -0.0684471 0.0186862
738000 1.90939 -0.0703129 0.0186444
739000 1.88117 -0.0655805 0.0183057
740000 1.90777 -0.0510582 0.0187631
741000 1.9164 -0.0664541 0.0187328
742000 1.85534 -0.0584899 0.0182427
743000 1.93254 -0.0652887 0.019175
744000 1.90973 -0.0639684 0.0187691
745000 1.87279 -0.0644478 0.0183085
746000 1.92287 -0.0601435 0.0186332
747000 1.97229 -0.0607022 0.0192286
748000 1.88686 -0.0624409 0.0185232
749000 1.90151 -0.0494124 0.0186937
750000 1.91686 -0.0463872 0.0188152
751000 1.9243 -0.057224 0.0187791
752000 1.90433 -0.0503463 0.0186256
753000 1.89261 -0.0606711 0.0184614
754000 1.92617 -0.070029 0.0188353
755000 1.94569 -0.0591434 0.0191497
756000 1.90248 -0.0754745 0.0187536
757000 1.86898 -0.0698764 0.018169
758000 1.88977 -0.0908083 0.0182055
759000 1.88576 -0.0689962 0.0182691
760000 1.91037 -0.0623644 0.0186092
761000 1.87268 -0.0673112 0.0183616
762000 1.89144 -0.0620491 0.018402
763000 1.87879 -0.0630302 0.0182953
764000 1.81279 -0.0635527 0.0177149
765000 1.88619 -0.0695549 0.0186738
766000 1.94718 -0.0533731 0.0191261
767000 1.83023 -0.0768993 0.0177147
768000 1.91129 -0.0619703 0.0187053
769000 1.95571 -0.0504233 0.0192477
770000 1.89623 -0.0544775 0.0186022
771000 1.87918 -0.0596979 0.0184703
772000 1.85431 -0.0823145 0.0180258
773000 1.88187 -0.0838201 0.0183739
774000 1.9349 -0.0708777 0.0189348
775000 1.89245 -0.0629856 0.0185608
776000 1.85028 -0.0581175 0.018148
777000 1.87869 -0.0500238 0.0184284
778000 1.88017 -0.0516157 0.0184948
779000 1.86698 -0.0648646 0.0181675
780000 1.89549 -0.0723186 0.0185057
781000 1.90397 -0.0516777 0.0187831
782000 1.85013 -0.0532801 0.0180538
783000 1.88933 -0.0536965 0.0185016
784000 1.87467 -0.064549 0.0183716
785000 1.89747 -0.0532201 0.0185678
786000 1.89476 -0.0745564 0.0188367
787000 1.82549 -0.071332 0.017778
788000 1.85904 -0.0521624 0.0182136
789000 1.9568 -0.0675398 0.0190699
790000 1.88734 -0.0473541 0.0185771
791000 1.93824 -0.0577493 0.0187818
792000 1.91682 -0.059314 0.0187127
793000 1.87036 -0.0639126 0.0182634
794000 1.91456 -0.0605129 0.0187518
795000 1.95272 -0.0618119 0.0190613
796000 1.82654 -0.0710246 0.0177657
797000 1.92864 -0.0681875 0.0188684
798000 1.93341 -0.0656153 0.0188851
799000 1.86896 -0.0611338 0.0184565
800000 1.91253 -0.0665768 0.0187694
801000 1.87316 -0.0770867 0.0182763
802000 1.93306 -0.0698952 0.0190145
803000 1.88593 -0.081493 0.0183681
804000 1.87429 -0.0962807 0.0181026
805000 1.91971 -0.0901317 0.0185533
806000 1.88955 -0.0811486 0.0183822
807000 1.85303 -0.0763999 0.0182065
808000 1.89294 -0.0733595 0.0184259
809000 1.8967 -0.0805311 0.018444
810000 1.93967 -0.069203 0.0189997
811000 1.87839 -0.0641132 0.0185851
812000 1.87712 -0.0770399 0.0183433
813000 1.86582 -0.0765968 0.0182063
814000 1.86554 -0.0777519 0.0182957
815000 1.94157 -0.0595609 0.0190513
816000 1.92315 -0.0628652 0.0190574
817000 1.93303 -0.0594929 0.0190827
818000 1.89734 -0.0685544 0.0186049
819000 1.87023 -0.0493648 0.0183554
820000 1.87993 -0.0597591 0.0185671
821000 1.91618 -0.0747802 0.0187626
822000 1.918 -0.0743716 0.0186554
823000 1.87707 -0.0641144 0.0182218
824000 1.92656 -0.0717229 0.0189156
825000 1.86797 -0.0465324 0.0181475
826000 1.92822 -0.0571123 0.0188471
827000 1.90424 -0.0660984 0.0184547
828000 1.91373 -0.0577513 0.0185346
829000 1.87894 -0.0613755 0.0184815
830000 1.87155 -0.0686498 0.018294
831000 1.92965 -0.0685162 0.0189896
832000 1.84994 -0.0814176 0.0180194
833000 1.94523 -0.0935549 0.0188362
834000 1.89722 -0.0666608 0.0184109
835000 1.81823 -0.060078 0.0178793
836000 1.93169 -0.0583776 0.0189295
837000 1.88816 -0.0466055 0.0184759
838000 1.84519 -0.063357 0.0181364
839000 1.93417 -0.0682087 0.0187406
840000 1.89494 -0.064314 0.0184832
841000 1.8881 -0.0887175 0.0182181
842000 1.88665 -0.0725572 0.0184196
843000 1.92577 -0.0562257 0.0191018
844000 1.90506 -0.0682776 0.0186853
845000 1.88439 -0.0649168 0.0184601
846000 1.95754 -0.0665754 0.0192077
847000 1.93186 -0.0596971 0.0190307
848000 1.84478 -0.0611762 0.0181705
849000 1.88889 -0.0633663 0.0185348
850000 1.89121 -0.0806654 0.0184766
851000 1.87517 -0.0663325 0.0184286
852000 1.90573 -0.056947 0.0186994
853000 1.89776 -0.0677757 0.0185583
854000 1.96719 -0.0820272 0.0190226
855000 1.9533 -0.0582325 0.0191118
856000 1.85619 -0.0410536 0.0182083
857000 1.96415 -0.0630294 0.0193534
858000 1.85408 -0.0660403 0.0182354
859000 1.85431 -0.0604899 0.0179924
860000 1.96774 -0.0597973 0.0193515
861000 1.89852 -0.0589568 0.018568
862000 1.87586 -0.0539369 0.0183602
863000 1.8771 -0.0529511 0.018531
864000 1.93005 -0.042753 0.0190044
865000 1.90601 -0.0591231 0.0186246
866000 1.88448 -0.0513538 0.0185779
867000 1.92937 -0.0752158 0.01888
868000 1.84431 -0.0626553 0.0179552
869000 1.92137 -0.0691759 0.0186627
870000 1.86293 -0.056793 0.0182788
871000 1.94698 -0.0645089 0.0191515
872000 1.88205 -0.0660796 0.0184589
873000 1.84879 -0.0458196 0.0180454
874000 1.94717 -0.0514886 0.0191245
875000 1.86771 -0.0691492 0.0182077
876000 1.89883 -0.0604741 0.0185912
877000 1.88749 -0.0648411 0.018471
878000 1.91242 -0.0747502 0.0186221
879000 1.89348 -0.0612861 0.0185339
880000 1.91795 -0.062517 0.0188466
881000 1.83495 -0.0588934 0.01797
882000 1.86262 -0.0575424 0.0182706
883000 1.92538 -0.0656792 0.0186458
884000 1.8641 -0.0563334 0.0182983
885000 1.94234 -0.076391 0.0189884
886000 1.8456 -0.066873 0.018064
887000 1.92467 -0.0746993 0.0186352
888000 1.90877 -0.07464 0.0187318
889000 1.87036 -0.0578839 0.0182095
890000 1.97522 -0.0685883 0.0191227
891000 1.86331 -0.0683331 0.0180175
892000 1.88293 -0.0745501 0.0184547
893000 1.89995 -0.0672096 0.0186436
894000 1.90079 -0.0599666 0.0187486
895000 1.92398 -0.0581105 0.0189615
896000 1.91498 -0.0590918 0.0188667
897000 1.85553 -0.0598658 0.0181828
898000 1.95095 -0.0613899 0.0190469
899000 1.91799 -0.0536188 0.0188708
900000 1.9232 -0.075279 0.0187126
901000 1.86514 -0.0738481 0.0182989
902000 1.89564 -0.0825041 0.0183991
903000 1.92801 -0.0532738 0.0188422
904000 1.92509 -0.0591138 0.018791
905000 1.90282 -0.0894435 0.0185591
906000 1.92825 -0.0587146 0.0187928
907000 1.8668 -0.0535011 0.0182385
908000 1.89569 -0.0770667 0.0183897
909000 1.93094 -0.0632864 0.0188758
910000 1.89735 -0.0580739 0.0185975
911000 1.91807 -0.0694897 0.0186069
912000 1.83684 -0.0787343 0.0179343
913000 1.87388 -0.0744249 0.0184095
914000 1.88445 -0.0658331 0.0182322
915000 1.86503 -0.0500827 0.0182362
916000 1.8634 -0.0484404 0.0182019
917000 1.89615 -0.0507195 0.0185686
918000 1.88864 -0.0673412 0.0184184
919000 1.89586 -0.0743513 0.0185492
920000 1.92131 -0.051212 0.0186801
921000 1.91851 -0.0534371 0.0187415
922000 1.89925 -0.0529346 0.0185246
923000 1.88974 -0.06147 0.0185541
924000 1.91196 -0.0475876 0.0186772
925000 1.87118 -0.0738235 0.0181885
926000 1.89685 -0.0775907 0.0183847
927000 1.89759 -0.0612918 0.0185943
928000 1.8473 -0.0584937 0.0181214
929000 1.90979 -0.0525837 0.0188413
930000 1.92588 -0.0649852 0.0187105
931000 1.87077 -0.0558186 0.0183913
932000 1.91841 -0.0639235 0.0186714
933000 1.90916 -0.0660622 0.0187609
934000 1.92673 -0.069329 0.0187324
935000 1.90805 -0.069161 0.018575
936000 1.89423 -0.0537056 0.0186415
937000 1.86817 -0.0664642 0.0183158
938000 1.88526 -0.0671155 0.0185505
939000 1.89619 -0.055408 0.0185946
940000 1.88455 -0.0613053 0.018529
941000 1.91318 -0.0587773 0.0186229
942000 1.89326 -0.0662652 0.0185642
943000 1.92499 -0.0706575 0.0189646
944000 1.91003 -0.0648289 0.0187263
945000 1.86822 -0.0568183 0.0182332
946000 1.82937 -0.0600138 0.0179273
947000 1.89763 -0.0542546 0.0186629
948000 1.88539 -0.0643425 0.0184985
949000 1.91513 -0.0804373 0.018711
950000 1.88324 -0.0715609 0.0183628
951000 1.91304 -0.0764489 0.0185731
952000 1.88619 -0.0733772 0.0181786
953000 1.88331 -0.051303 0.0183511
954000 1.83385 -0.0610645 0.0178926
955000 1.88857 -0.060685 0.0186475
956000 1.8983 -0.056395 0.0187042
957000 1.88716 -0.0710043 0.0185953
958000 1.90775 -0.0694396 0.0185606
959000 1.84714 -0.0660048 0.0179163
960000 1.9219 -0.0677707 0.0187088
961000 1.9089 -0.0626046 0.0185326
962000 1.85704 -0.0519092 0.018175
963000 1.89486 -0.0553383 0.0186897
964000 1.9612 -0.0528709 0.0192977
965000 1.87631 -0.0465555 0.0183543
966000 1.81876 -0.064488 0.0177272
967000 1.90007 -0.0466625 0.0185154
968000 1.89067 -0.0573781 0.0185057
969000 1.89934 -0.0753297 0.0185312
970000 1.88973 -0.0740642 0.0185734
971000 1.87679 -0.0772049 0.0184482
972000 1.93456 -0.0905431 0.019003
973000 1.97505 -0.0828613 0.019304
974000 1.88777 -0.102103 0.0182323
975000 1.83105 -0.0765112 0.0179635
976000 1.97879 -0.0757143 0.0193182
977000 1.92827 -0.0719475 0.0189486
978000 1.884 -0.0593852 0.0184549
979000 1.93173 -0.06704 0.0187555
980000 1.89984 -0.0741338 0.0184929
981000 1.86646 -0.0600505 0.0182438
982000 1.87664 -0.0704842 0.0185193
983000 1.85759 -0.0681027 0.0182049
984000 1.90671 -0.0652737 0.0185343
985000 1.90076 -0.0462357 0.0187379
986000 1.92191 -0.0606709 0.0189637
987000 1.95489 -0.0720748 0.0190739
988000 1.8463 -0.0704527 0.0178811
989000 1.91699 -0.0663687 0.0186757
990000 1.88357 -0.0640359 0.0183186
991000 1.88556 -0.0545345 0.0186967
992000 1.92513 -0.058528 0.0187867
993000 1.88906 -0.053231 0.0185654
994000 1.93059 -0.0542484 0.0189275
995000 1.84962 -0.0668874 0.0181827
996000 1.91493 -0.0719176 0.018959
997000 1.96309 -0.0721405 0.0191701
998000 1.84014 -0.0590751 0.0181459
999000 1.949 -0.0658883 0.0191126
1000000 1.85494 -0.068425 0.0181166
1001000 1.89481 -0.0551071 0.0187308
1002000 1.90692 -0.0503927 0.0187833
1003000 1.87429 -0.0682344 0.0184817
1004000 1.89039 -0.0686494 0.0184092
1005000 1.86357 -0.0654371 0.0183118
1006000 1.84613 -0.0689543 0.0180321
1007000 1.91307 -0.0635947 0.0185243
1008000 1.87207 -0.0586794 0.0183653
1009000 1.87983 -0.057225 0.0183601
1010000 1.90936 -0.062706 0.0186271
1011000 1.92531 -0.0817592 0.0187087
1012000 1.89076 -0.0778643 0.0182376
1013000 1.93078 -0.0696762 0.0189426
1014000 1.90663 -0.0487676 0.0186266
1015000 1.90151 -0.0631799 0.0184594
1016000 1.8878 -0.0603405 0.0184842
1017000 1.91615 -0.0659923 0.0187956
1018000 1.91886 -0.0661829 0.0188686
1019000 1.96943 -0.064315 0.0192615
1020000 1.85428 -0.0826576 0.0179978
1021000 1.93361 -0.0695774 0.0188119
1022000 1.82185 -0.0646535 0.0179568
1023000 1.93323 -0.0654315 0.0191018
1024000 1.91043 -0.0544318 0.0186927
1025000 1.9378 -0.0684812 0.0188659
1026000 1.90618 -0.0671643 0.0188198
1027000 1.86463 -0.0573177 0.018313
1028000 1.96254 -0.0598537 0.0191009
1029000 1.86755 -0.0519468 0.0182545
1030000 1.90687 -0.0463046 0.0186183
1031000 1.88597 -0.0469381 0.0186506
1032000 1.94532 -0.0561871 0.0189626
1033000 1.8515 -0.0566614 0.0179627
1034000 1.89588 -0.0701276 0.0184154
1035000 1.94183 -0.0753561 0.0189547
1036000 1.88216 -0.070203 0.0184212
1037000 1.90041 -0.0700544 0.0184936
1038000 1.9105 -0.062344 0.0187255
1039000 1.88154 -0.0948675 0.0180177
1040000 1.87742 -0.0938332 0.0181948
1041000 1.88028 -0.103661 0.0181419
1042000 1.89697 -0.102943 0.0181654
1043000 1.89601 -0.0818066 0.0182416
1044000 1.92058 -0.0558716 0.0188807
1045000 1.91001 -0.075866 0.018718
1046000 1.8817 -0.0675241 0.0185027
1047000 1.93076 -0.076365 0.0186368
1048000 1.86512 -0.0775483 0.0182839
1049000 1.88209 -0.0725155 0.0185048
1050000 1.93625 -0.0687994 0.0187143
1051000 1.92053 -0.0524276 0.0188046
1052000 1.86736 -0.0736888 0.0182781
1053000 1.90551 -0.0757507 0.0185866
1054000 1.89135 -0.07437 0.0183943
1055000 1.95256 -0.0642258 0.01915
1056000 1.90566 -0.0711324 0.0185467
1057000 1.84082 -0.070128 0.0179064
1058000 1.95969 -0.0648879 0.019228
1059000 1.94125 -0.0467707 0.0191285
1060000 1.853 -0.0632786 0.0180333
1061000 1.92301 -0.0691167 0.0188729
1062000 1.94363 -0.0635146 0.0189573
1063000 1.82002 -0.0601303 0.0178241
1064000 1.94052 -0.0605344 0.0189201
1065000 1.9093 -0.051892 0.0186129
1066000 1.84086 -0.0902043 0.0179236
1067000 1.91145 -0.0624182 0.0188241
1068000 1.85076 -0.0757258 0.0178855
1069000 1.89725 -0.0614645 0.0186733
1070000 1.9436 -0.0635812 0.0189379
1071000 1.85234 -0.066916 0.0179369
1072000 1.8336 -0.066221 0.0178456
1073000 1.9077 -0.0632086 0.0185669
1074000 1.88851 -0.0643351 0.0183406
1075000 1.96163 -0.0627634 0.0192268
1076000 1.87649 -0.0652369 0.0182493
1077000 1.89981 -0.0532342 0.0186939
1078000 1.87734 -0.071731 0.0182748
1079000 1.90014 -0.0592317 0.0185284
1080000 1.86765 -0.0518109 0.0182525
1081000 1.91151 -0.0603669 0.0186487
1082000 1.85189 -0.0618626 0.0180357
1083000 1.9587 -0.0733574 0.0189003
1084000 1.94284 -0.0699339 0.0190576
1085000 1.83707 -0.0708015 0.018009
1086000 1.92384 -0.0851026 0.0186868
1087000 1.84124 -0.0829078 0.0178449
1088000 1.9414 -0.0872409 0.0186942
1089000 1.96025 -0.0605096 0.019212
1090000 1.90044 -0.0682393 0.0187533
1091000 1.92286 -0.0807918 0.0186495
1092000 1.81736 -0.0746092 0.0177734
1093000 1.92358 -0.0915831 0.0185876
1094000 1.92986 -0.0695483 0.0187542
1095000 1.8648 -0.0795977 0.0181826
1096000 1.91762 -0.0771465 0.0187212
1097000 1.8789 -0.0770807 0.0182588
1098000 1.86914 -0.0913017 0.0182804
1099000 1.86838 -0.0690577 0.0182071
1100000 1.90001 -0.0741994 0.0185504
