# Time-averaged data for fix 2
# TimeStep v_Temperature v_PotentialEnergy v_Pressure
1000 1.60035 -0.0765324 0.0153595
2000 1.60169 -0.0693858 0.0156239
3000 1.60907 -0.0655537 0.0156263
4000 1.57274 -0.0880208 0.0151901
5000 1.62817 -0.0719349 0.0157815
6000 1.59601 -0.0768099 0.0156509
7000 1.57715 -0.0774762 0.0152516
8000 1.58023 -0.0731599 0.0150894
9000 1.5885 -0.0689076 0.0152428
10000 1.59423 -0.0686646 0.0154819
11000 1.62728 -0.0690597 0.0158695
12000 1.60444 -0.0884716 0.0155413
13000 1.61247 -0.0690487 0.0157358
14000 1.63463 -0.0682023 0.0159049
15000 1.56988 -0.0685211 0.015302
16000 1.59805 -0.0618979 0.0156109
17000 1.64842 -0.0737661 0.0159904
18000 1.58166 -0.0826796 0.0151641
19000 1.62098 -0.0786625 0.0156829
20000 1.59773 -0.0873307 0.0153877
21000 1.59744 -0.0672058 0.0154962
22000 1.61108 -0.0743263 0.0156676
23000 1.58071 -0.0818816 0.0153561
24000 1.60765 -0.0684452 0.015534
25000 1.57813 -0.0788128 0.0153546
26000 1.59529 -0.0956541 0.0152682
27000 1.64299 -0.0899844 0.0158624
28000 1.60489 -0.0783784 0.0155734
29000 1.57151 -0.0869649 0.0151081
30000 1.58188 -0.0773697 0.0153344
31000 1.54692 -0.0674206 0.0149881
32000 1.59789 -0.0624358 0.0157507
33000 1.64579 -0.0551065 0.016006
34000 1.55109 -0.0658175 0.0151102
35000 1.62528 -0.0621786 0.0157573
36000 1.61043 -0.0758073 0.0156042
37000 1.5927 -0.0642713 0.0154723
38000 1.62966 -0.0888564 0.0156483
39000 1.5795 -0.0681721 0.0152806
40000 1.61855 -0.059345 0.0158885
41000 1.53746 -0.0743578 0.014934
42000 1.62638 -0.0923835 0.0156715
43000 1.58231 -0.0710148 0.0153133
44000 1.6063 -0.0823112 0.0155501
45000 1.62954 -0.0807608 0.0156727
46000 1.60875 -0.0674065 0.0156332
47000 1.63207 -0.0702214 0.0159125
48000 1.61089 -0.057957 0.0157663
49000 1.61323 -0.0797678 0.0156065
50000 1.64413 -0.0895042 0.0156826
51000 1.55983 -0.112998 0.014948
52000 1.61667 -0.0857813 0.0157337
53000 1.55124 -0.077157 0.0148791
54000 1.56944 -0.067197 0.0150543
55000 1.58773 -0.0532833 0.0154889
56000 1.64509 -0.0564835 0.0161951
57000 1.5953 -0.069178 0.0154975
58000 1.63613 -0.0613271 0.0159247
59000 1.58079 -0.0689672 0.0155532
60000 1.62729 -0.05135 0.0158299
61000 1.60167 -0.0788942 0.0156475
62000 1.62281 -0.0685336 0.0155936
63000 1.58311 -0.068113 0.0154231
64000 1.61151 -0.0708706 0.0157686
65000 1.62359 -0.0716961 0.015706
66000 1.61821 -0.0710593 0.0155461
67000 1.57482 -0.0690925 0.0153482
68000 1.57551 -0.071111 0.0152925
69000 1.65564 -0.0889806 0.0159177
70000 1.62438 -0.107752 0.0155515
71000 1.61817 -0.0978704 0.0154368
72000 1.58704 -0.0865945 0.0153347
73000 1.61732 -0.0972014 0.0155974
74000 1.621 -0.0835979 0.0156694
75000 1.64367 -0.0810671 0.0158594
76000 1.55761 -0.0695111 0.0151427
77000 1.62959 -0.0711716 0.0157706
78000 1.59419 -0.0741941 0.0156691
79000 1.6415 -0.0715214 0.0160158
80000 1.6254 -0.0873687 0.0155939
81000 1.58668 -0.0698946 0.0154225
82000 1.6689 -0.0566721 0.016354
83000 1.56047 -0.0820247 0.0149384
84000 1.60783 -0.0621342 0.0156518
85000 1.63041 -0.0711285 0.0158357
86000 1.58715 -0.0791857 0.0154672
87000 1.62602 -0.0800506 0.0158972
88000 1.60454 -0.0809297 0.0155417
89000 1.52638 -0.0783799 0.0147619
90000 1.63929 -0.0838294 0.0159892
91000 1.59716 -0.0752092 0.0156145
92000 1.63541 -0.0714134 0.015978
93000 1.56608 -0.0820893 0.0152762
94000 1.62359 -0.0820699 0.0157102
95000 1.57859 -0.0602321 0.0154296
96000 1.62564 -0.0900556 0.0157495
97000 1.62076 -0.0632051 0.0157624
98000 1.57265 -0.0659474 0.015305
99000 1.54771 -0.0763282 0.0149352
100000 1.62351 -0.0711415 0.0158794
101000 1.59763 -0.0657074 0.0154518
102000 1.58025 -0.0529543 0.0154739
103000 1.60928 -0.0780782 0.0156718
104000 1.64621 -0.0732905 0.0161159
105000 1.58949 -0.0748423 0.0153117
106000 1.55567 -0.0776665 0.0149783
107000 1.56131 -0.0625097 0.0150355
108000 1.63037 -0.0606031 0.0159832
109000 1.58678 -0.0711946 0.0153519
110000 1.56893 -0.0781807 0.0151939
111000 1.58593 -0.0514662 0.0156156
112000 1.67172 -0.0805119 0.0160927
113000 1.59242 -0.0817289 0.0152861
114000 1.59519 -0.0821707 0.0153495
115000 1.60751 -0.0531159 0.0155918
116000 1.54074 -0.0681254 0.015004
117000 1.60775 -0.0721054 0.0157393
118000 1.63815 -0.0830769 0.0159148
119000 1.54497 -0.0832309 0.0147829
120000 1.60268 -0.0765035 0.0156561
121000 1.64734 -0.0658826 0.015932
122000 1.55376 -0.0716404 0.0149489
123000 1.60176 -0.079078 0.0154025
124000 1.61477 -0.0617289 0.0157981
125000 1.60223 -0.065423 0.015428
126000 1.55023 -0.0807848 0.0148245
127000 1.61265 -0.0783082 0.0155042
128000 1.58079 -0.0669869 0.0153715
129000 1.54179 -0.0715087 0.0150647
130000 1.56614 -0.08248 0.0152585
131000 1.61023 -0.0897778 0.0154069
132000 1.60334 -0.0807864 0.0154023
133000 1.57792 -0.082787 0.0151406
134000 1.6336 -0.0600588 0.016081
135000 1.56776 -0.0683934 0.0151211
136000 1.60122 -0.0755561 0.0155227
137000 1.57572 -0.0783817 0.015344
138000 1.57358 -0.0692359 0.0151576
139000 1.57541 -0.0749197 0.0153721
140000 1.64958 -0.0746964 0.0160556
141000 1.56446 -0.0816335 0.0152318
142000 1.5967 -0.090397 0.0154477
143000 1.60675 -0.0703911 0.0154671
144000 1.5641 -0.0626302 0.015162
145000 1.65114 -0.0683636 0.0162322
146000 1.54472 -0.074687 0.0149746
147000 1.60396 -0.0740367 0.0156496
148000 1.65565 -0.0807093 0.0161927
149000 1.63469 -0.0567579 0.0158546
150000 1.61587 -0.0489484 0.0157272
151000 1.632 -0.0593147 0.0159144
152000 1.58438 -0.0677158 0.0153441
153000 1.64991 -0.0455758 0.0161897
154000 1.54707 -0.0747591 0.0150067
155000 1.63773 -0.0774161 0.0157349
156000 1.58004 -0.0693432 0.0153551
157000 1.62377 -0.0717022 0.0158264
158000 1.58427 -0.0572673 0.0154289
159000 1.66384 -0.0660151 0.0163601
160000 1.61787 -0.0629692 0.0155977
161000 1.6 -0.0892343 0.0153537
162000 1.64877 -0.0761942 0.0158605
163000 1.56049 -0.0717651 0.0152229
164000 1.60821 -0.0649442 0.0157544
165000 1.59705 -0.076382 0.0153312
166000 1.59881 -0.0873372 0.0154549
167000 1.63282 -0.085985 0.0156347
168000 1.5838 -0.089095 0.0150943
169000 1.59697 -0.0793909 0.0154952
170000 1.65804 -0.064207 0.0161216
171000 1.56101 -0.0571038 0.0153031
172000 1.5757 -0.0489297 0.0155612
173000 1.60458 -0.0701416 0.0158494
174000 1.55214 -0.0727665 0.0148914
175000 1.61858 -0.0807049 0.0156767
176000 1.5754 -0.0562363 0.015446
177000 1.60128 -0.0870538 0.0153871
178000 1.60526 -0.0744229 0.0155472
179000 1.58795 -0.0764589 0.0153053
180000 1.59135 -0.0573397 0.0155871
181000 1.63712 -0.0596399 0.0160145
182000 1.57805 -0.0589503 0.0153871
183000 1.62146 -0.0632387 0.0157411
184000 1.58849 -0.069067 0.0154404
185000 1.62444 -0.0611795 0.0157121
186000 1.55634 -0.0764315 0.0150172
187000 1.57937 -0.0572804 0.0155637
188000 1.65267 -0.076828 0.016118
189000 1.56279 -0.0745744 0.01506
190000 1.60902 -0.0727354 0.0154877
191000 1.57694 -0.076468 0.0153006
192000 1.60979 -0.0644276 0.0155858
193000 1.61096 -0.073945 0.0156962
194000 1.58464 -0.075382 0.0153916
195000 1.60546 -0.0737581 0.0156598
196000 1.59144 -0.0869013 0.0152858
197000 1.61063 -0.091229 0.0154183
198000 1.56195 -0.0776676 0.0149618
199000 1.59641 -0.0876141 0.0152999
200000 1.58614 -0.0797156 0.0154279
201000 1.59494 -0.100084 0.0151857
202000 1.56361 -0.0874885 0.0151137
203000 1.634 -0.0833309 0.0157678
204000 1.56423 -0.0634282 0.0151548
205000 1.61235 -0.0625038 0.0157401
206000 1.62631 -0.0630781 0.015791
207000 1.59808 -0.0626353 0.0158116
208000 1.55972 -0.0731874 0.015105
209000 1.64534 -0.0635207 0.0159652
210000 1.57667 -0.0604442 0.0153846
211000 1.66845 -0.0713021 0.0161415
212000 1.54635 -0.0661244 0.0148633
213000 1.63061 -0.0779994 0.0156576
214000 1.64179 -0.0640755 0.0159897
215000 1.56352 -0.071693 0.0151558
216000 1.614 -0.0656081 0.0157309
217000 1.64725 -0.0673006 0.01605
218000 1.5959 -0.0717195 0.0154813
219000 1.61844 -0.0541834 0.0158616
220000 1.66122 -0.0573607 0.0162183
221000 1.61853 -0.0705207 0.0157703
222000 1.53725 -0.0668451 0.0149149
223000 1.63128 -0.0701114 0.0158343
224000 1.61337 -0.0673302 0.0158877
225000 1.58882 -0.0803451 0.0153553
226000 1.64055 -0.0690787 0.0157993
227000 1.657 -0.0617823 0.0160959
228000 1.60336 -0.0625952 0.0156116
229000 1.60648 -0.0484095 0.0156965
230000 1.57844 -0.065415 0.0155881
231000 1.54158 -0.0684866 0.0150302
232000 1.62549 -0.0513205 0.0158094
233000 1.59917 -0.0764195 0.0156416
234000 1.58517 -0.0770472 0.0155006
235000 1.58123 -0.0819862 0.0152738
236000 1.5997 -0.0694159 0.0156198
237000 1.62453 -0.0720659 0.0157338
238000 1.62166 -0.0750101 0.0156872
239000 1.64136 -0.0694104 0.01582
240000 1.56266 -0.0801417 0.0149899
241000 1.62074 -0.0759484 0.0157188
242000 1.59768 -0.0778263 0.0154482
243000 1.57775 -0.0705901 0.0152272
244000 1.57454 -0.0666443 0.0152157
245000 1.60075 -0.0704739 0.0156287
246000 1.61247 -0.107239 0.0155283
247000 1.64013 -0.111277 0.0156588
248000 1.5896 -0.108686 0.0153933
249000 1.55708 -0.0876378 0.0149794
250000 1.64643 -0.0829926 0.0161384
251000 1.59469 -0.0748361 0.0153339
252000 1.5771 -0.0704047 0.0153076
253000 1.6132 -0.0654703 0.0158153
254000 1.58713 -0.0628867 0.015385
255000 1.62958 -0.0520409 0.016108
256000 1.60544 -0.0818645 0.0154188
257000 1.56711 -0.0795812 0.0151657
258000 1.58702 -0.064939 0.0152949
259000 1.57253 -0.058838 0.0153505
260000 1.61203 -0.0845384 0.0155998
261000 1.60155 -0.0788335 0.0155716
262000 1.55025 -0.0810219 0.0150373
263000 1.62022 -0.0689647 0.0157627
264000 1.57611 -0.0546525 0.0153703
265000 1.66158 -0.0650156 0.0162581
266000 1.5702 -0.0524 0.0152633
267000 1.57681 -0.0735362 0.0152348
268000 1.56553 -0.0669631 0.0151418
269000 1.65156 -0.0710534 0.0159844
270000 1.59735 -0.0637426 0.0156337
271000 1.67123 -0.0555528 0.0162733
272000 1.5385 -0.0631989 0.015137
273000 1.59426 -0.0704958 0.0155614
274000 1.60762 -0.0620604 0.0156305
275000 1.60108 -0.0586254 0.0155113
276000 1.59744 -0.0859831 0.0153785
277000 1.57478 -0.0778315 0.0151733
278000 1.64513 -0.0616133 0.0160421
279000 1.54148 -0.0583602 0.0149545
280000 1.64943 -0.0666631 0.0160234
281000 1.55622 -0.0733738 0.0150124
282000 1.63856 -0.0629464 0.0159704
283000 1.64948 -0.0638021 0.0161928
284000 1.62487 -0.0655431 0.0158823
285000 1.60223 -0.090846 0.0152777
286000 1.54686 -0.0515272 0.0151349
287000 1.63634 -0.061921 0.0158059
288000 1.5871 -0.0672018 0.0155867
289000 1.65646 -0.066378 0.0159796
290000 1.62641 -0.0978123 0.0155101
291000 1.62753 -0.10477 0.0156207
292000 1.58647 -0.0859637 0.015377
293000 1.63101 -0.0988313 0.0155637
294000 1.56985 -0.0917977 0.015061
295000 1.63513 -0.0663239 0.0157434
296000 1.55182 -0.0804273 0.0149652
297000 1.55601 -0.0828356 0.0150561
298000 1.56256 -0.0885168 0.0150631
299000 1.61184 -0.0890491 0.0154332
300000 1.59169 -0.0878549 0.0153822
301000 1.60523 -0.0758718 0.0154362
302000 1.5699 -0.077783 0.0154668
303000 1.57763 -0.0905351 0.0152363
304000 1.59252 -0.0800727 0.0155034
305000 1.56045 -0.083945 0.0150846
306000 1.5536 -0.0730611 0.0150806
307000 1.59959 -0.078766 0.0155034
308000 1.55449 -0.0575174 0.0151338
309000 1.58081 -0.0645592 0.0154526
310000 1.61349 -0.0713414 0.015592
311000 1.55763 -0.0618943 0.0152195
312000 1.64169 -0.0710898 0.0159009
313000 1.56749 -0.0568075 0.0151963
314000 1.5414 -0.0597164 0.0150006
315000 1.62673 -0.0976019 0.0155959
316000 1.61389 -0.0943649 0.0155435
317000 1.5518 -0.0844374 0.0149459
318000 1.6384 -0.0582472 0.0159642
319000 1.64937 -0.0592162 0.0161284
320000 1.55321 -0.0668819 0.0151847
321000 1.6016 -0.0694449 0.0154274
322000 1.65862 -0.0808578 0.0160203
323000 1.60853 -0.108787 0.0152854
324000 1.63173 -0.0865946 0.0158179
325000 1.57243 -0.0546137 0.0153253
326000 1.61221 -0.0688486 0.0156777
327000 1.62587 -0.0865186 0.0156652
328000 1.6029 -0.0816387 0.0153896
329000 1.57137 -0.0712152 0.0150919
330000 1.59514 -0.0760157 0.0155656
331000 1.59659 -0.0675253 0.0154471
332000 1.6088 -0.0565728 0.015833
333000 1.60985 -0.0585592 0.0157147
334000 1.60719 -0.0552284 0.0157873
335000 1.5973 -0.0522234 0.0155653
336000 1.60468 -0.0658257 0.0157385
337000 1.54465 -0.0701924 0.0149341
338000 1.6071 -0.0663246 0.0155082
339000 1.63889 -0.0614788 0.0159564
340000 1.54199 -0.0645836 0.0149378
341000 1.62711 -0.0572663 0.0159771
342000 1.60041 -0.0803692 0.0154865
343000 1.5748 -0.0578121 0.0152763
344000 1.64765 -0.0661312 0.0160532
345000 1.61994 -0.083011 0.0156603
346000 1.60802 -0.0876419 0.0155274
347000 1.63655 -0.0809728 0.015754
348000 1.54756 -0.0806098 0.0150021
349000 1.57746 -0.0668904 0.0153784
350000 1.60348 -0.0979115 0.0154911
351000 1.61236 -0.0862352 0.0158473
352000 1.62577 -0.0761818 0.0156471
353000 1.60113 -0.0684195 0.0155325
354000 1.628 -0.0742445 0.0160161
355000 1.56216 -0.0662776 0.0151281
356000 1.58711 -0.0587885 0.0155229
357000 1.61794 -0.0719096 0.0156155
358000 1.55237 -0.0873883 0.0147377
359000 1.5581 -0.0696393 0.0150884
360000 1.65109 -0.0857143 0.0160389
361000 1.58939 -0.0735218 0.0154414
362000 1.63652 -0.076524 0.0159214
363000 1.52712 -0.083592 0.0149871
364000 1.62946 -0.0875393 0.0156824
365000 1.54595 -0.074584 0.0149056
366000 1.67223 -0.0566087 0.0161716
367000 1.61047 -0.056346 0.0157656
368000 1.53867 -0.0569343 0.0151104
369000 1.66449 -0.058378 0.0160969
370000 1.5795 -0.0699967 0.0153014
371000 1.59991 -0.0962969 0.0155219
372000 1.60517 -0.0638798 0.0156118
373000 1.61455 -0.0707486 0.0156989
374000 1.6165 -0.0652852 0.0155549
375000 1.62331 -0.0676316 0.015912
376000 1.61232 -0.079877 0.0157833
377000 1.61771 -0.0821097 0.0157368
378000 1.58517 -0.0887439 0.015336
379000 1.6059 -0.0792187 0.0155703
380000 1.61924 -0.0723236 0.01556
381000 1.57969 -0.0767081 0.0151944
382000 1.63778 -0.0749636 0.0161218
383000 1.6585 -0.076022 0.0160324
384000 1.57733 -0.0841637 0.0151475
385000 1.62792 -0.0811279 0.0157071
386000 1.52326 -0.0678968 0.0148098
387000 1.65677 -0.0674703 0.0160208
388000 1.56236 -0.0630807 0.0152095
389000 1.59269 -0.0959724 0.0152298
390000 1.60927 -0.0839014 0.0156613
391000 1.61213 -0.0737618 0.0156209
392000 1.58835 -0.0562177 0.0154375
393000 1.58205 -0.0802003 0.0151398
394000 1.57671 -0.0954778 0.0151402
395000 1.59789 -0.0762644 0.0154926
396000 1.60331 -0.0681521 0.0155896
397000 1.61808 -0.0710644 0.0158146
398000 1.6149 -0.0717446 0.0157339
399000 1.62422 -0.0805117 0.0155204
400000 1.6119 -0.0745133 0.0155963
401000 1.64751 -0.0623247 0.0159789
402000 1.56856 -0.0549835 0.0153371
403000 1.58511 -0.0647432 0.015439
404000 1.56568 -0.0782274 0.0151556
405000 1.64696 -0.0735121 0.0158948
406000 1.57772 -0.0812335 0.0152974
407000 1.60725 -0.0724911 0.0156412
408000 1.63614 -0.0660821 0.0160495
409000 1.59559 -0.0873205 0.0152146
410000 1.53713 -0.110513 0.0148379
411000 1.64394 -0.0855884 0.0160699
412000 1.59252 -0.0739378 0.0154429
413000 1.55769 -0.0750985 0.0149114
414000 1.57862 -0.066038 0.0153625
415000 1.61422 -0.0824637 0.0157712
416000 1.5915 -0.0704997 0.0154515
417000 1.61659 -0.0744889 0.0157681
418000 1.6096 -0.0846397 0.0153845
419000 1.58686 -0.0728025 0.0155037
420000 1.55509 -0.0736346 0.0151569
421000 1.59497 -0.0580415 0.0154892
422000 1.6179 -0.0687635 0.0156606
423000 1.57052 -0.0641358 0.0151048
424000 1.56853 -0.0481812 0.0154785
425000 1.59345 -0.0595473 0.0155658
426000 1.6043 -0.0702867 0.0153887
427000 1.59075 -0.0746236 0.0153346
428000 1.59848 -0.0717397 0.015534
429000 1.63479 -0.0658437 0.0158378
430000 1.55197 -0.0752824 0.0148767
431000 1.62269 -0.0611453 0.0157039
432000 1.62039 -0.0583307 0.0157355
433000 1.58229 -0.070065 0.0152592
434000 1.58486 -0.068141 0.015307
435000 1.64918 -0.0680513 0.0160884
436000 1.62335 -0.0649198 0.0156915
437000 1.59031 -0.0521136 0.015567
438000 1.63786 -0.0506964 0.0158678
439000 1.54874 -0.0788046 0.0148794
440000 1.65903 -0.0734481 0.0161101
441000 1.60724 -0.0712002 0.0155254
442000 1.58002 -0.0561239 0.0153939
443000 1.58504 -0.0672252 0.0152573
444000 1.6174 -0.070917 0.0156842
445000 1.5765 -0.0742849 0.0152742
446000 1.56845 -0.078444 0.0150112
447000 1.60747 -0.0689619 0.0157368
448000 1.6341 -0.0717648 0.0158083
449000 1.57273 -0.0649867 0.0152789
450000 1.59842 -0.0700114 0.015617
451000 1.64558 -0.06041 0.0160162
452000 1.57418 -0.0854346 0.0151754
453000 1.59267 -0.0697749 0.015532
454000 1.61488 -0.106251 0.0154998
455000 1.59882 -0.0622058 0.0154271
456000 1.59188 -0.0590123 0.0155162
457000 1.58807 -0.0625755 0.0155593
458000 1.57978 -0.0590877 0.0153531
459000 1.56536 -0.06745 0.015144
460000 1.65484 -0.0755601 0.0160166
461000 1.61253 -0.0610008 0.0158352
462000 1.57175 -0.0575235 0.0153139
463000 1.62569 -0.072195 0.0157222
464000 1.62881 -0.0766794 0.0157183
465000 1.61204 -0.067203 0.0156181
466000 1.61874 -0.0854671 0.0154948
467000 1.61498 -0.0659536 0.0156292
468000 1.58102 -0.0741035 0.0152748
469000 1.62135 -0.0783051 0.0156235
470000 1.58574 -0.0788363 0.0154716
471000 1.63392 -0.0556112 0.0159796
472000 1.66304 -0.0589209 0.0161064
473000 1.61719 -0.0599341 0.0156819
474000 1.55417 -0.0655323 0.0150512
475000 1.61987 -0.0856587 0.0156163
476000 1.59725 -0.0908495 0.015347
477000 1.62235 -0.0862807 0.0154841
478000 1.61087 -0.0965712 0.015558
479000 1.61401 -0.105272 0.0154286
480000 1.63743 -0.0679072 0.015995
481000 1.57808 -0.0659871 0.0154047
482000 1.59729 -0.0559625 0.0157374
483000 1.64074 -0.0766974 0.015925
484000 1.57156 -0.071301 0.015267
485000 1.62152 -0.0615782 0.0157271
486000 1.60875 -0.0670448 0.0156359
487000 1.60346 -0.0689286 0.0155852
488000 1.59701 -0.065027 0.0155535
489000 1.58953 -0.0673179 0.015281
490000 1.5873 -0.078638 0.0153918
491000 1.60018 -0.0766587 0.0154714
492000 1.61247 -0.0734724 0.0155268
493000 1.59697 -0.0804812 0.0152535
494000 1.55689 -0.0670677 0.0150954
495000 1.58462 -0.077448 0.0153041
496000 1.68233 -0.067528 0.0164378
497000 1.63938 -0.0782711 0.0158215
498000 1.58245 -0.0755207 0.0152642
499000 1.60613 -0.0784436 0.0156838
500000 1.6253 -0.0744724 0.0158525
501000 1.58247 -0.0930257 0.0151444
502000 1.58667 -0.0785302 0.0152883
503000 1.58909 -0.0774411 0.0152542
504000 1.5633 -0.0841668 0.0150555
505000 1.54989 -0.0798222 0.0149981
506000 1.60819 -0.0951239 0.0155738
507000 1.59026 -0.068956 0.0156961
508000 1.5841 -0.0751788 0.0154164
509000 1.63631 -0.0561294 0.0158381
510000 1.57569 -0.060653 0.0153086
511000 1.60015 -0.0644288 0.015426
512000 1.61632 -0.0651048 0.0155743
513000 1.62133 -0.0653825 0.0157853
514000 1.59564 -0.0574871 0.0156404
515000 1.55341 -0.0589553 0.0150109
516000 1.55276 -0.0584289 0.0151296
517000 1.61924 -0.0661904 0.0157989
518000 1.65462 -0.0796405 0.0158676
519000 1.58598 -0.0696919 0.0154203
520000 1.5655 -0.0596371 0.0153461
521000 1.60356 -0.070451 0.0155086
522000 1.62463 -0.0824661 0.0157531
523000 1.58695 -0.103722 0.0153107
524000 1.5953 -0.0781665 0.0155007
525000 1.56432 -0.0919432 0.0152512
526000 1.55518 -0.0808666 0.0149338
527000 1.66293 -0.0751182 0.0160185
528000 1.55061 -0.0652627 0.0151652
529000 1.63266 -0.0635944 0.0158698
530000 1.60438 -0.086497 0.015457
531000 1.64447 -0.0680491 0.0162928
532000 1.65239 -0.0677575 0.015935
533000 1.55439 -0.089284 0.0148977
534000 1.59038 -0.0746924 0.0154048
535000 1.63391 -0.0676398 0.0159113
536000 1.58162 -0.067939 0.0154852
537000 1.60913 -0.0674058 0.0155343
538000 1.63966 -0.0696238 0.0159838
539000 1.5873 -0.0918931 0.0151568
540000 1.52733 -0.10414 0.0147591
541000 1.64353 -0.0673212 0.016064
542000 1.57053 -0.0845931 0.0152157
543000 1.608 -0.0734421 0.0155525
544000 1.61339 -0.0717476 0.0155342
545000 1.56183 -0.0720726 0.0150907
546000 1.6149 -0.0731344 0.0156357
547000 1.59367 -0.0664835 0.0155433
548000 1.62529 -0.0680558 0.0159242
549000 1.65945 -0.0865254 0.0161314
550000 1.61535 -0.069835 0.0157394
551000 1.58062 -0.0565488 0.0154418
552000 1.59484 -0.0748337 0.0152678
553000 1.60928 -0.0648254 0.0156521
554000 1.59993 -0.0706698 0.0154992
555000 1.55652 -0.0581486 0.0152011
556000 1.64509 -0.053796 0.0159742
557000 1.58478 -0.0638772 0.0153805
558000 1.65269 -0.0512435 0.016104
559000 1.62253 -0.0654907 0.015939
560000 1.55813 -0.0704875 0.0150553
561000 1.61719 -0.0605982 0.0156802
562000 1.61064 -0.0740918 0.0155508
563000 1.60526 -0.0865135 0.0154467
564000 1.62119 -0.0795509 0.0156986
565000 1.61419 -0.0818227 0.0156034
566000 1.55814 -0.0724542 0.0150606
567000 1.60822 -0.0772094 0.0158249
568000 1.60538 -0.0862543 0.0155744
569000 1.59448 -0.0803334 0.0153924
570000 1.55895 -0.0910634 0.0151907
571000 1.6346 -0.105627 0.0155863
572000 1.67311 -0.095388 0.016286
573000 1.53707 -0.0836407 0.0147485
574000 1.6459 -0.0929938 0.0158333
575000 1.54376 -0.0731731 0.0148263
576000 1.57361 -0.0706392 0.0151733
577000 1.68206 -0.0731408 0.016277
578000 1.613 -0.0750656 0.0155314
579000 1.6197 -0.0712672 0.0156788
580000 1.54181 -0.0973262 0.0149122
581000 1.6121 -0.0958528 0.0155213
582000 1.5979 -0.108835 0.0155597
583000 1.55409 -0.0996323 0.0148224
584000 1.60369 -0.0942102 0.0154147
585000 1.651 -0.0703613 0.0161261
586000 1.5415 -0.0783866 0.0149745
587000 1.63714 -0.0974409 0.0159369
588000 1.63271 -0.0841745 0.0157475
589000 1.57134 -0.0780907 0.0151929
590000 1.5902 -0.0711398 0.0153139
591000 1.59987 -0.0688499 0.0155992
592000 1.62088 -0.0814412 0.0156193
593000 1.6223 -0.0609428 0.0159953
594000 1.56298 -0.0840506 0.0149786
595000 1.57497 -0.0537864 0.0154067
596000 1.61171 -0.0596319 0.015805
597000 1.6143 -0.0619287 0.0157327
598000 1.60271 -0.066085 0.0154696
599000 1.56371 -0.0774012 0.0153142
600000 1.63018 -0.0678222 0.0158662
601000 1.5671 -0.0760617 0.0151484
602000 1.66452 -0.0952929 0.0162277
603000 1.59439 -0.0853447 0.0154673
604000 1.62599 -0.086857 0.0156982
605000 1.59823 -0.101871 0.0153863
606000 1.60489 -0.0778201 0.0154618
607000 1.59197 -0.0648782 0.0155767
608000 1.62444 -0.0593762 0.0158386
609000 1.60823 -0.0665362 0.0157471
610000 1.53981 -0.0671778 0.0147534
611000 1.63644 -0.0727597 0.0157266
612000 1.54118 -0.0720888 0.0147929
613000 1.61798 -0.0810985 0.0156077
614000 1.59341 -0.0727532 0.0154383
615000 1.62257 -0.0638544 0.0156908
616000 1.58699 -0.0738139 0.0154219
617000 1.62476 -0.0722458 0.0159409
618000 1.62029 -0.0645644 0.0157453
619000 1.61977 -0.0532938 0.0158557
620000 1.57262 -0.0487795 0.0152436
621000 1.64222 -0.060236 0.0159223
622000 1.60448 -0.08284 0.0155181
623000 1.5875 -0.0672422 0.0153729
624000 1.59265 -0.0763139 0.0153367
625000 1.55665 -0.0785153 0.0150205
626000 1.58438 -0.070647 0.0152198
627000 1.59146 -0.0453663 0.0154484
628000 1.63064 -0.0575009 0.0161322
629000 1.57933 -0.0552778 0.0154705
630000 1.53766 -0.0441817 0.0150351
631000 1.6179 -0.0546133 0.0157686
632000 1.60817 -0.07902 0.0156322
633000 1.60676 -0.0719734 0.0156503
634000 1.65408 -0.0824492 0.0159099
635000 1.54879 -0.0656718 0.0150118
636000 1.64761 -0.0654145 0.016091
637000 1.63701 -0.0755841 0.016106
638000 1.55821 -0.0803299 0.0149523
639000 1.65871 -0.071071 0.0160444
640000 1.58683 -0.061029 0.015389
641000 1.57326 -0.0708418 0.0151368
642000 1.56152 -0.0788876 0.0150861
643000 1.61744 -0.0784801 0.0158193
644000 1.64907 -0.0696385 0.0159858
645000 1.5763 -0.0689456 0.0152992
646000 1.60003 -0.0744801 0.0156506
647000 1.59551 -0.0616787 0.0154194
648000 1.60411 -0.0696585 0.0154518
649000 1.61746 -0.0756237 0.0157828
650000 1.5448 -0.0592396 0.0152234
651000 1.65649 -0.0672255 0.0159783
652000 1.56946 -0.0640686 0.0151956
653000 1.60082 -0.0788974 0.015521
654000 1.60752 -0.0757225 0.0156403
655000 1.60022 -0.0928352 0.0152366
656000 1.63161 -0.0815856 0.0158818
657000 1.61978 -0.0634438 0.0157795
658000 1.60717 -0.0526911 0.0157247
659000 1.59713 -0.0732176 0.0153668
660000 1.61138 -0.0902826 0.0154217
661000 1.66342 -0.0801835 0.0163649
662000 1.58415 -0.0658011 0.0155571
663000 1.5888 -0.0678471 0.0154237
664000 1.61633 -0.064494 0.0157648
665000 1.61699 -0.0707074 0.0155841
666000 1.61868 -0.0814284 0.0155295
667000 1.61161 -0.0526941 0.0160041
668000 1.60658 -0.0679476 0.0154912
669000 1.6277 -0.0741732 0.0155745
670000 1.58455 -0.0553169 0.0153141
671000 1.62674 -0.0745423 0.0158651
672000 1.59569 -0.0790753 0.015399
673000 1.6144 -0.0670602 0.0157245
674000 1.59502 -0.0631133 0.015421
675000 1.63676 -0.0540192 0.0160392
676000 1.60372 -0.0715087 0.0154875
677000 1.57178 -0.0684466 0.0151746
678000 1.61368 -0.0698008 0.0154561
679000 1.60469 -0.0623863 0.0157847
680000 1.62736 -0.0736606 0.0157854
681000 1.59472 -0.060606 0.0155527
682000 1.56327 -0.062949 0.0153831
683000 1.53146 -0.0724625 0.0147432
684000 1.58178 -0.0597198 0.0153423
685000 1.6224 -0.0674344 0.0157416
686000 1.61282 -0.0564151 0.0155614
687000 1.60285 -0.0659992 0.0156136
688000 1.60804 -0.0831239 0.0156107
689000 1.63838 -0.0814357 0.0158716
690000 1.59937 -0.0830505 0.0155915
691000 1.55916 -0.0794314 0.015139
692000 1.66234 -0.0688249 0.0162085
693000 1.57039 -0.0515719 0.0154716
694000 1.54947 -0.0503822 0.0153254
695000 1.63022 -0.047261 0.0160906
696000 1.58994 -0.0751335 0.0153952
697000 1.60579 -0.0791329 0.0156506
698000 1.59905 -0.0680225 0.0156158
699000 1.5676 -0.0615145 0.0153325
700000 1.6638 -0.0732993 0.0161025
701000 1.58086 -0.0859695 0.0153164
702000 1.58731 -0.0854219 0.0154152
703000 1.61238 -0.0907886 0.0155275
704000 1.6025 -0.0886614 0.0154702
705000 1.60446 -0.074971 0.0155481
706000 1.60558 -0.0710758 0.0154569
707000 1.57919 -0.0697232 0.015207
708000 1.65849 -0.0790547 0.0159419
709000 1.54034 -0.0685588 0.0148635
710000 1.62095 -0.0687314 0.0158778
711000 1.61278 -0.0970697 0.0155725
712000 1.5708 -0.0953318 0.0152772
713000 1.65857 -0.0910888 0.0160104
714000 1.56175 -0.0687626 0.0153407
715000 1.617 -0.085586 0.0155047
716000 1.58186 -0.0663431 0.0153453
717000 1.66495 -0.0517939 0.0162176
718000 1.57963 -0.0701065 0.0153973
719000 1.62991 -0.0841489 0.0158449
720000 1.60982 -0.0895584 0.0154245
721000 1.59791 -0.0849949 0.0155918
722000 1.58182 -0.0874284 0.0151618
723000 1.58128 -0.0945133 0.015172
724000 1.64292 -0.0785938 0.015856
725000 1.60366 -0.0799468 0.0155398
726000 1.57741 -0.100455 0.0152214
727000 1.58274 -0.0715203 0.0152949
728000 1.64638 -0.0678143 0.0158541
729000 1.57636 -0.0612029 0.0152459
730000 1.53185 -0.0538965 0.0151256
731000 1.55545 -0.0616166 0.01517
732000 1.59822 -0.070417 0.0156311
733000 1.5444 -0.0837065 0.0147669
734000 1.60582 -0.0689303 0.0157583
735000 1.62083 -0.0755436 0.0156795
736000 1.60391 -0.0753402 0.0154899
737000 1.59699 -0.0938619 0.0155057
738000 1.55795 -0.0794329 0.0148645
739000 1.62279 -0.0653823 0.0158242
740000 1.58168 -0.0622714 0.0153528
741000 1.63125 -0.0703191 0.0159162
742000 1.60787 -0.0705958 0.0155604
743000 1.63372 -0.0605008 0.0160214
744000 1.61433 -0.0861553 0.0157166
745000 1.56368 -0.0746617 0.0152216
746000 1.64548 -0.0649846 0.0157672
747000 1.61438 -0.0811034 0.0155033
748000 1.58872 -0.0729076 0.0154652
749000 1.58977 -0.0584212 0.0154078
750000 1.55868 -0.0687746 0.0151108
751000 1.63982 -0.0632978 0.015948
752000 1.5836 -0.0675442 0.0152421
753000 1.5696 -0.0549642 0.0152534
754000 1.61002 -0.0606894 0.0155365
755000 1.5396 -0.0685492 0.0149253
756000 1.65135 -0.0777797 0.0160639
757000 1.57338 -0.069376 0.015417
758000 1.53764 -0.073392 0.0148563
759000 1.58545 -0.0610733 0.0153358
760000 1.59215 -0.0696961 0.0154394
761000 1.5725 -0.0833909 0.0151631
762000 1.65949 -0.0640606 0.0163564
763000 1.56711 -0.0583988 0.0152724
764000 1.55665 -0.0731235 0.0151224
765000 1.61285 -0.0709007 0.0156676
766000 1.63825 -0.0722228 0.0158059
767000 1.57724 -0.0809546 0.0152868
768000 1.63554 -0.0880669 0.0158849
769000 1.60341 -0.0664686 0.0157932
770000 1.63422 -0.0759642 0.0157659
771000 1.59654 -0.0635975 0.0155722
772000 1.64632 -0.0520776 0.0160378
773000 1.59764 -0.050299 0.0155955
774000 1.62591 -0.059006 0.01573
775000 1.58787 -0.0723438 0.0154788
776000 1.58984 -0.0876063 0.0153458
777000 1.54689 -0.0814605 0.0148642
778000 1.64696 -0.0628556 0.0160331
779000 1.54748 -0.0766084 0.0148402
780000 1.63178 -0.0738883 0.0158049
781000 1.60297 -0.0748574 0.015488
782000 1.5935 -0.0779662 0.0153763
783000 1.60651 -0.0792548 0.0157357
784000 1.62896 -0.0536348 0.015906
785000 1.59754 -0.0591714 0.0156017
786000 1.60604 -0.0590312 0.015662
787000 1.62756 -0.0601741 0.0159743
788000 1.59033 -0.0687971 0.0154815
789000 1.65229 -0.078215 0.0162113
790000 1.60019 -0.0756196 0.0154192
791000 1.60242 -0.0662642 0.0154848
792000 1.57446 -0.0799657 0.0152858
793000 1.59797 -0.0753702 0.015492
794000 1.62925 -0.0632303 0.015927
795000 1.60219 -0.0520669 0.0156721
796000 1.57843 -0.0426556 0.0155015
797000 1.58874 -0.0661254 0.0153298
798000 1.58154 -0.0689954 0.0154262
799000 1.61066 -0.04666 0.0158082
800000 1.58541 -0.0568148 0.0154682
801000 1.58431 -0.0609179 0.0154427
802000 1.59269 -0.0568193 0.0155136
803000 1.60131 -0.0742431 0.0155307
804000 1.56366 -0.0647969 0.0151767
805000 1.58801 -0.0709238 0.015243
806000 1.60156 -0.0778421 0.0153422
807000 1.57586 -0.0639807 0.0152744
808000 1.61295 -0.0745113 0.0156315
809000 1.58084 -0.0686975 0.01539
810000 1.54706 -0.0771398 0.0150513
811000 1.57874 -0.0765846 0.0153807
812000 1.67058 -0.0701996 0.0161836
813000 1.5614 -0.0783151 0.0150197
814000 1.65221 -0.0682339 0.0160744
815000 1.55121 -0.0586872 0.0151522
816000 1.63309 -0.0681629 0.015836
817000 1.64044 -0.0726194 0.0158665
818000 1.60559 -0.0877103 0.0154239
819000 1.62704 -0.0808651 0.0158949
820000 1.59522 -0.0673895 0.0155335
821000 1.57199 -0.0651732 0.0154077
822000 1.54972 -0.0711222 0.0151865
823000 1.63839 -0.0532571 0.0161718
824000 1.57283 -0.0861309 0.0151235
825000 1.59368 -0.0692602 0.0154548
826000 1.64514 -0.0791306 0.0159771
827000 1.54611 -0.0621206 0.0149794
828000 1.62647 -0.0620792 0.0156781
829000 1.5963 -0.052725 0.0157987
830000 1.58998 -0.0696637 0.0153552
831000 1.63279 -0.0628552 0.0161212
832000 1.63141 -0.0759431 0.0159963
833000 1.54239 -0.0851029 0.0148461
834000 1.62953 -0.0899392 0.0158495
835000 1.59833 -0.0945294 0.0154864
836000 1.65385 -0.0773473 0.0160754
837000 1.54794 -0.0600533 0.0149854
838000 1.6365 -0.0492367 0.0162006
839000 1.61492 -0.067341 0.0156194
840000 1.62363 -0.0576624 0.015805
841000 1.61673 -0.0516355 0.0160049
842000 1.6024 -0.0660558 0.015547
843000 1.60795 -0.052626 0.0158657
844000 1.62203 -0.0624269 0.0157346
845000 1.63371 -0.0696021 0.0158309
846000 1.55651 -0.0582006 0.0152074
847000 1.64386 -0.0624331 0.0160808
848000 1.54076 -0.0671559 0.0147816
849000 1.55789 -0.0561369 0.0151598
850000 1.61195 -0.0680202 0.015656
851000 1.54948 -0.071482 0.0152839
852000 1.5899 -0.0716666 0.0153675
853000 1.59388 -0.0596499 0.0157559
854000 1.56961 -0.0734196 0.0153078
855000 1.65573 -0.0867846 0.0159752
856000 1.5459 -0.0770214 0.0149327
857000 1.62438 -0.0728002 0.0159425
858000 1.65158 -0.0825461 0.0159902
859000 1.56628 -0.0780535 0.0152811
860000 1.59827 -0.0791967 0.0154341
861000 1.64165 -0.0678414 0.01598
862000 1.59685 -0.0614674 0.0154869
863000 1.60854 -0.0732741 0.015627
864000 1.57866 -0.0728433 0.0153163
865000 1.64872 -0.0627619 0.0160249
866000 1.52829 -0.0783322 0.0150723
867000 1.62198 -0.0820325 0.015585
868000 1.60196 -0.0804503 0.0155694
869000 1.5671 -0.0735067 0.0153478
870000 1.64345 -0.0750168 0.0160137
871000 1.58211 -0.0771928 0.0153783
872000 1.60432 -0.0915146 0.0153696
873000 1.62953 -0.0856226 0.0157925
874000 1.58278 -0.0838158 0.0156828
875000 1.6546 -0.0786277 0.016064
876000 1.56906 -0.0427352 0.015323
877000 1.58309 -0.0572057 0.015515
878000 1.6505 -0.0580583 0.0161204
879000 1.57766 -0.0459484 0.0154566
880000 1.61562 -0.0606578 0.0158345
881000 1.6418 -0.0529162 0.016089
882000 1.59996 -0.0528836 0.0156142
883000 1.55578 -0.0654008 0.0151642
884000 1.57951 -0.061854 0.0155257
885000 1.67791 -0.0834386 0.0163699
886000 1.62738 -0.105908 0.0157111
887000 1.56497 -0.0937225 0.0149214
888000 1.62065 -0.0985569 0.0155526
889000 1.62664 -0.103685 0.0155532
890000 1.58951 -0.0830316 0.0152387
891000 1.5962 -0.0700369 0.0153991
892000 1.59495 -0.0813844 0.0154607
893000 1.59194 -0.0731753 0.0154928
894000 1.60097 -0.0947474 0.0153349
895000 1.61812 -0.0754534 0.0156235
896000 1.62235 -0.0711931 0.0155472
897000 1.59807 -0.0630903 0.0156603
898000 1.60067 -0.0592906 0.0157252
899000 1.6536 -0.0783703 0.0160097
900000 1.59984 -0.0724351 0.0156698
901000 1.62873 -0.0742951 0.015868
902000 1.62503 -0.0584579 0.0158957
903000 1.53866 -0.058521 0.0150486
904000 1.64848 -0.0728136 0.0159559
905000 1.61242 -0.0662284 0.0156459
906000 1.62041 -0.064348 0.0157824
907000 1.63449 -0.0774724 0.0158286
908000 1.57676 -0.0702369 0.0154928
909000 1.63217 -0.0717653 0.0158718
910000 1.57826 -0.080535 0.015291
911000 1.55681 -0.0647303 0.0150774
912000 1.61944 -0.0685765 0.0155849
913000 1.60721 -0.0629349 0.0157546
914000 1.57843 -0.0594996 0.0153453
915000 1.58083 -0.0637908 0.0152606
916000 1.57763 -0.056167 0.0152829
917000 1.62675 -0.0754023 0.0155468
918000 1.58837 -0.0595659 0.0153922
919000 1.63095 -0.0738918 0.0159444
920000 1.56159 -0.0769089 0.0150589
921000 1.61218 -0.0735332 0.0156538
922000 1.61964 -0.0783665 0.015541
923000 1.57412 -0.0717076 0.0152942
924000 1.60412 -0.0703385 0.0155172
925000 1.55842 -0.0581295 0.0153727
926000 1.54919 -0.0775777 0.0150022
927000 1.61127 -0.0821594 0.0157081
928000 1.57175 -0.067412 0.0155241
929000 1.59457 -0.0605753 0.0156314
930000 1.57843 -0.0680424 0.0152296
931000 1.58212 -0.0756976 0.0152951
932000 1.58888 -0.0762607 0.0154341
933000 1.60035 -0.070998 0.015514
934000 1.602 -0.0512587 0.0157021
935000 1.59785 -0.0619304 0.0155031
936000 1.59875 -0.0795165 0.0153626
937000 1.60925 -0.066482 0.0156582
938000 1.60321 -0.0569807 0.015551
939000 1.55271 -0.0752666 0.0150237
940000 1.64726 -0.0500007 0.0161056
941000 1.60246 -0.0874931 0.0153537
942000 1.63628 -0.0658734 0.0158191
943000 1.52803 -0.0706477 0.0147657
944000 1.60007 -0.0754761 0.0156566
945000 1.61128 -0.085362 0.0156011
946000 1.57679 -0.0707678 0.0152675
947000 1.58514 -0.0641471 0.01528
948000 1.58293 -0.0624932 0.0153656
949000 1.58355 -0.0523515 0.0154036
950000 1.59276 -0.0571706 0.0155154
951000 1.5992 -0.0597715 0.0155318
952000 1.60189 -0.0656807 0.0156449
953000 1.64146 -0.0570325 0.0160104
954000 1.57426 -0.068327 0.0153222
955000 1.59306 -0.0615623 0.0156572
956000 1.64634 -0.0687133 0.0161946
957000 1.6244 -0.0648337 0.0157685
958000 1.57085 -0.0777885 0.0151335
959000 1.61642 -0.0694043 0.0154817
960000 1.66702 -0.0596342 0.0162039
961000 1.59327 -0.0643797 0.0154453
962000 1.54076 -0.0708546 0.0150454
963000 1.65092 -0.070631 0.0159924
964000 1.61048 -0.0690165 0.0157789
965000 1.60935 -0.0663518 0.0157997
966000 1.5574 -0.079021 0.0150192
967000 1.56688 -0.0490836 0.0155053
968000 1.65534 -0.0596364 0.0161113
969000 1.6412 -0.0663442 0.0161236
970000 1.56471 -0.0662156 0.0150825
971000 1.63402 -0.0897496 0.0159494
972000 1.59203 -0.0685312 0.0156346
973000 1.60056 -0.0524801 0.0154857
974000 1.65256 -0.0687225 0.016084
975000 1.56349 -0.0781127 0.0152993
976000 1.60075 -0.0552766 0.0155696
977000 1.61055 -0.0688926 0.0156948
978000 1.60218 -0.0789564 0.0154909
979000 1.55863 -0.0774119 0.0148812
980000 1.64339 -0.0804671 0.0159446
981000 1.6154 -0.0617686 0.0156769
982000 1.59319 -0.079257 0.015475
983000 1.6032 -0.0788577 0.0157852
984000 1.57677 -0.102988 0.0150018
985000 1.59265 -0.0680046 0.0154504
986000 1.61546 -0.074187 0.0157257
987000 1.6316 -0.0660304 0.0158961
988000 1.57845 -0.0532163 0.0154193
989000 1.58967 -0.0770353 0.0154493
990000 1.57976 -0.0668292 0.0153477
991000 1.6758 -0.0710712 0.0162259
992000 1.58474 -0.0667037 0.0152683
993000 1.57814 -0.0517248 0.0155529
994000 1.61596 -0.075934 0.0155198
995000 1.67062 -0.0577741 0.0163899
996000 1.56999 -0.0690477 0.0152235
997000 1.60882 -0.0737141 0.0157574
998000 1.52566 -0.0833636 0.0146981
999000 1.60691 -0.0713174 0.0155762
1000000 1.63773 -0.0971009 0.0155583
1001000 1.57535 -0.0915541 0.0150008
1002000 1.62875 -0.0882198 0.015991
1003000 1.63341 -0.0753739 0.0158612
1004000 1.62444 -0.0792312 0.0156459
1005000 1.61561 -0.0618786 0.0155934
1006000 1.55662 -0.0601826 0.0152095
1007000 1.59779 -0.0714588 0.0154218
1008000 1.63521 -0.0584287 0.0158926
1009000 1.59738 -0.0752593 0.0155126
1010000 1.56684 -0.0741637 0.0151144
1011000 1.61106 -0.0866923 0.0155629
1012000 1.58792 -0.059739 0.0152685
1013000 1.55819 -0.0739058 0.015168
1014000 1.57973 -0.0912375 0.0152581
1015000 1.62787 -0.0778806 0.0158661
1016000 1.60891 -0.0739699 0.0155567
1017000 1.62525 -0.0679406 0.015851
1018000 1.65155 -0.0752462 0.0160049
1019000 1.58443 -0.0592683 0.0154703
1020000 1.57407 -0.0525051 0.0153129
1021000 1.5875 -0.0472866 0.0156768
1022000 1.59415 -0.0590026 0.0155105
1023000 1.58355 -0.0632745 0.0154007
1024000 1.59328 -0.0622399 0.0153947
1025000 1.61756 -0.0528627 0.0157437
1026000 1.55579 -0.0560396 0.0151181
1027000 1.64212 -0.0797643 0.0158662
1028000 1.61068 -0.0790542 0.0156272
1029000 1.55664 -0.0872561 0.0151304
1030000 1.6202 -0.0780708 0.0156474
1031000 1.53522 -0.0729614 0.0147227
1032000 1.62601 -0.0670573 0.0159259
1033000 1.59698 -0.0544879 0.0156092
1034000 1.65429 -0.0633091 0.0161762
1035000 1.62858 -0.0692855 0.0159353
1036000 1.61378 -0.0787769 0.0156169
1037000 1.63965 -0.0747035 0.015787
1038000 1.63133 -0.074203 0.0158374
1039000 1.61295 -0.0763879 0.0155692
1040000 1.60392 -0.0888486 0.0155745
1041000 1.58562 -0.0897838 0.0152127
1042000 1.60114 -0.0726618 0.0154105
1043000 1.61979 -0.0588803 0.0158304
1044000 1.5449 -0.0581014 0.0149673
1045000 1.64334 -0.0642117 0.0159076
1046000 1.62771 -0.0516863 0.0159886
1047000 1.54841 -0.0548935 0.015035
1048000 1.60987 -0.0698881 0.015686
1049000 1.60566 -0.0883075 0.0155164
1050000 1.61514 -0.0866837 0.0156434
1051000 1.61433 -0.0719171 0.0157698
1052000 1.62299 -0.0630322 0.015751
1053000 1.62828 -0.0546151 0.0157899
1054000 1.54467 -0.0625587 0.0151224
1055000 1.65491 -0.0739776 0.0162789
1056000 1.59991 -0.0876989 0.0154953
1057000 1.58021 -0.0722547 0.0153335
1058000 1.58956 -0.0754621 0.0154628
1059000 1.59312 -0.0581848 0.0154858
1060000 1.61462 -0.0689082 0.0158112
1061000 1.61448 -0.0562061 0.0156762
1062000 1.56188 -0.0864597 0.0150206
1063000 1.60999 -0.0859053 0.0156198
1064000 1.60057 -0.0837086 0.0154055
1065000 1.59239 -0.0495953 0.0156403
1066000 1.60714 -0.0529541 0.0157649
1067000 1.61136 -0.0600788 0.0158039
1068000 1.6504 -0.0831051 0.0159007
1069000 1.58805 -0.0903376 0.015291
1070000 1.56533 -0.0630697 0.0151604
1071000 1.58284 -0.0617058 0.0154057
1072000 1.59277 -0.0583561 0.0153766
1073000 1.55531 -0.0459847 0.0153842
1074000 1.5813 -0.0551925 0.0155229
1075000 1.55287 -0.0571916 0.0151871
1076000 1.61466 -0.0715365 0.0157653
1077000 1.58004 -0.0721654 0.0152409
1078000 1.60247 -0.0616406 0.0155216
1079000 1.61704 -0.0696148 0.0157233
1080000 1.5936 -0.0651441 0.0153648
1081000 1.64254 -0.0703637 0.0158946
1082000 1.58109 -0.0692951 0.0155396
1083000 1.61433 -0.0633273 0.0157406
1084000 1.56659 -0.0474943 0.0152085
1085000 1.64933 -0.0645172 0.0160747
1086000 1.66553 -0.0805869 0.0160296
1087000 1.64091 -0.0840989 0.0156838
1088000 1.58609 -0.0859388 0.0153329
1089000 1.64203 -0.0731236 0.016152
1090000 1.64303 -0.0728349 0.0161135
1091000 1.58669 -0.0616645 0.0155485
1092000 1.57442 -0.0691667 0.0152204
1093000 1.5841 -0.068627 0.0155131
1094000 1.60893 -0.0610617 0.0155333
1095000 1.57246 -0.0663835 0.0152492
1096000 1.59858 -0.0623042 0.0154233
1097000 1.63072 -0.0587085 0.016089
1098000 1.58758 -0.0536098 0.0154492
1099000 1.58673 -0.0766935 0.0154206
1100000 1.59588 -0.0742811 0.0154336
