# Time-averaged data for fix 2
# TimeStep v_Temperature v_PotentialEnergy v_Pressure
2000 1.4843 -0.0923529 0.0141835
3000 1.56145 -0.0623098 0.0151184
4000 1.54647 -0.0708454 0.0150041
5000 1.49471 -0.0646707 0.0145023
6000 1.48741 -0.0682868 0.0143857
7000 1.51158 -0.0733635 0.0145962
8000 1.48733 -0.0736793 0.0145864
9000 1.49375 -0.0867612 0.0143119
10000 1.54856 -0.0800456 0.0152235
11000 1.45346 -0.0920074 0.0140363
12000 1.52005 -0.0817421 0.0147198
13000 1.51661 -0.0850263 0.0145648
14000 1.44332 -0.0841647 0.0139205
15000 1.53392 -0.0893833 0.0148498
16000 1.45591 -0.0933233 0.0140648
17000 1.53194 -0.0899094 0.0147616
18000 1.51351 -0.0728932 0.0147413
19000 1.53476 -0.0820971 0.0147431
20000 1.43879 -0.0735196 0.0139909
21000 1.52471 -0.0701871 0.0148554
22000 1.46001 -0.0811036 0.0140671
23000 1.50753 -0.0879556 0.0146008
24000 1.50425 -0.0849165 0.0145293
25000 1.52623 -0.0780351 0.0148693
26000 1.44846 -0.0583826 0.0141189
27000 1.53458 -0.0718964 0.0148961
28000 1.45163 -0.0802665 0.0140875
29000 1.53577 -0.0841854 0.0147962
30000 1.50829 -0.0481404 0.014834
31000 1.50309 -0.0588924 0.0148177
32000 1.53131 -0.072957 0.0145908
33000 1.44605 -0.0625875 0.0142233
34000 1.54441 -0.0512326 0.0153316
35000 1.45978 -0.0755744 0.0140504
36000 1.54591 -0.0718686 0.0149668
37000 1.53439 -0.0826671 0.0150521
38000 1.46808 -0.0695022 0.014252
39000 1.45501 -0.057242 0.0142566
40000 1.53683 -0.057891 0.0149134
41000 1.51641 -0.0618209 0.014786
42000 1.48437 -0.0548289 0.0144999
43000 1.47031 -0.0684179 0.0142525
44000 1.54346 -0.0586987 0.0149828
45000 1.49139 -0.0802623 0.0143757
46000 1.47693 -0.0848818 0.0142716
47000 1.53137 -0.0795761 0.0148217
48000 1.47903 -0.0828026 0.0143513
49000 1.5227 -0.101561 0.0145512
50000 1.49427 -0.0682389 0.0144265
51000 1.50946 -0.068033 0.0145661
52000 1.50037 -0.0580699 0.0147381
53000 1.51984 -0.0785168 0.0148338
54000 1.47313 -0.0613242 0.0143258
55000 1.52395 -0.0680344 0.0146814
56000 1.45956 -0.0715304 0.0141705
57000 1.49281 -0.0821631 0.0142934
58000 1.43899 -0.0728173 0.0139708
59000 1.47713 -0.0612588 0.0143177
60000 1.49295 -0.0647647 0.0143486
61000 1.50731 -0.0745272 0.0146022
62000 1.49987 -0.0717307 0.0146374
63000 1.53151 -0.0800395 0.014714
64000 1.49138 -0.076888 0.0142872
65000 1.52252 -0.0906784 0.0145425
66000 1.5088 -0.0972421 0.014579
67000 1.46387 -0.111874 0.0141826
68000 1.46776 -0.108256 0.0139088
69000 1.50498 -0.0901413 0.0144376
70000 1.51687 -0.101995 0.0144944
71000 1.45516 -0.0859631 0.0140448
72000 1.50739 -0.0811985 0.0147721
73000 1.44453 -0.0913764 0.0136874
74000 1.54507 -0.0813035 0.0147832
75000 1.47695 -0.0877009 0.0140164
76000 1.50269 -0.0899761 0.0145005
77000 1.50722 -0.0821561 0.0142758
78000 1.48739 -0.0806587 0.0144183
79000 1.54188 -0.0774639 0.0148097
80000 1.46009 -0.0645912 0.0142009
81000 1.536 -0.0778265 0.0148814
82000 1.52247 -0.0758351 0.0146746
83000 1.49943 -0.0679495 0.0146807
84000 1.50169 -0.0739057 0.0145146
85000 1.4824 -0.0847975 0.0142857
86000 1.53178 -0.0723542 0.0149147
87000 1.45415 -0.0721461 0.0139903
88000 1.48734 -0.0896568 0.0145224
89000 1.52312 -0.0787525 0.0144683
90000 1.51964 -0.0709952 0.0148508
91000 1.50354 -0.0814904 0.0145994
92000 1.48362 -0.0818873 0.0142456
93000 1.50686 -0.0938854 0.0144949
94000 1.47365 -0.102248 0.0142127
95000 1.4906 -0.0795985 0.0143355
96000 1.48147 -0.0870527 0.0141666
97000 1.51433 -0.0689721 0.0148154
98000 1.50428 -0.0731491 0.0146077
99000 1.49327 -0.0758948 0.0143971
100000 1.52318 -0.078469 0.0144995
101000 1.52412 -0.0707875 0.0147426
102000 1.52423 -0.0652942 0.0147961
103000 1.45497 -0.0585509 0.0140901
104000 1.52766 -0.0546793 0.0148905
105000 1.53917 -0.0584635 0.0148285
106000 1.44726 -0.0815115 0.0138534
107000 1.53767 -0.0651013 0.0147909
108000 1.42981 -0.0713538 0.0137023
109000 1.49199 -0.0838391 0.0143544
110000 1.57377 -0.0781543 0.0153708
111000 1.497 -0.0756778 0.0143084
112000 1.44071 -0.0542805 0.0139127
113000 1.53856 -0.0533739 0.0148964
114000 1.45023 -0.0875008 0.0138874
115000 1.54426 -0.0730041 0.0148327
116000 1.51017 -0.0529903 0.0145811
117000 1.51794 -0.061779 0.0148692
118000 1.53143 -0.0655382 0.0148402
119000 1.51292 -0.0842873 0.014551
120000 1.52005 -0.0947028 0.0145742
121000 1.51208 -0.0836981 0.0145257
122000 1.48504 -0.105964 0.0142937
123000 1.50156 -0.0994741 0.0143903
124000 1.47219 -0.0702072 0.0142392
125000 1.4718 -0.0762809 0.0142472
126000 1.43196 -0.0771956 0.013724
127000 1.53698 -0.0672086 0.0148098
128000 1.53066 -0.0736106 0.0148927
129000 1.44249 -0.0823867 0.0139323
130000 1.48579 -0.0835323 0.0143204
131000 1.49173 -0.079074 0.014363
132000 1.51551 -0.0696955 0.014679
133000 1.49144 -0.0671818 0.0143566
134000 1.47108 -0.0720646 0.0140873
135000 1.47588 -0.0679511 0.0143248
136000 1.52243 -0.0806836 0.0145352
137000 1.47306 -0.0619957 0.0143799
138000 1.51737 -0.0690017 0.0148026
139000 1.51602 -0.0718519 0.0145497
140000 1.51001 -0.0701043 0.0147971
141000 1.49666 -0.073249 0.0142563
142000 1.51625 -0.0787694 0.0146225
143000 1.46694 -0.0627918 0.0143971
144000 1.48098 -0.0679142 0.0144213
145000 1.48978 -0.0509203 0.0146815
146000 1.52428 -0.0781809 0.0147741
147000 1.55565 -0.0657155 0.0153155
148000 1.50163 -0.0646988 0.014668
149000 1.45952 -0.0727024 0.0142641
150000 1.54519 -0.0601521 0.0150687
151000 1.52144 -0.0795253 0.014951
152000 1.47493 -0.0709926 0.0142251
153000 1.53705 -0.0661529 0.0149384
154000 1.45931 -0.0657379 0.0142002
155000 1.56146 -0.0552171 0.0151524
156000 1.50535 -0.0667241 0.0145346
157000 1.45558 -0.0841474 0.0137805
158000 1.56911 -0.0634268 0.0152112
159000 1.45935 -0.0832936 0.0140004
160000 1.49586 -0.0810561 0.0143685
161000 1.50906 -0.0764128 0.0145073
162000 1.49495 -0.0735718 0.0143765
163000 1.48425 -0.0662553 0.0142688
164000 1.55701 -0.0791133 0.0150335
165000 1.43305 -0.0811717 0.0138989
166000 1.49158 -0.0828498 0.014295
167000 1.5537 -0.0621182 0.0151016
168000 1.45196 -0.0617704 0.0142047
169000 1.53797 -0.0698022 0.0148337
170000 1.45049 -0.0780622 0.0139705
171000 1.5129 -0.0894212 0.0145255
172000 1.50223 -0.0618809 0.0148461
173000 1.53379 -0.0710891 0.0148765
174000 1.53296 -0.0642472 0.0148571
175000 1.44536 -0.0748695 0.0138943
176000 1.53502 -0.060926 0.0149134
177000 1.48865 -0.0729231 0.0144642
178000 1.54205 -0.0769013 0.0147606
179000 1.48364 -0.0747738 0.0141629
180000 1.51145 -0.0744658 0.0145464
181000 1.54447 -0.0783737 0.0149185
182000 1.52375 -0.0895099 0.0147039
183000 1.52998 -0.0791157 0.0148504
184000 1.45193 -0.0564141 0.0141308
185000 1.53159 -0.0611979 0.0149937
186000 1.50407 -0.0786804 0.0145452
187000 1.44796 -0.0655532 0.0138955
188000 1.51847 -0.0559656 0.01481
189000 1.47388 -0.0662485 0.0143383
190000 1.52175 -0.0523655 0.0149396
191000 1.48144 -0.0565433 0.0143208
192000 1.46712 -0.0746026 0.014141
193000 1.50078 -0.0525418 0.0145241
194000 1.51721 -0.0602924 0.0150363
195000 1.50015 -0.077561 0.0145055
196000 1.44894 -0.0690436 0.0140426
197000 1.46103 -0.0663917 0.0141165
198000 1.50067 -0.0767047 0.0146038
199000 1.5072 -0.0832698 0.0144862
200000 1.50535 -0.0802302 0.014648
201000 1.48344 -0.0761276 0.0143112
202000 1.48594 -0.0840381 0.014301
203000 1.45766 -0.0606573 0.0142171
204000 1.47279 -0.0519919 0.0143967
205000 1.48705 -0.0554205 0.0144274
206000 1.50458 -0.0482223 0.0146524
207000 1.48427 -0.061138 0.0144158
208000 1.53985 -0.0722184 0.0147935
209000 1.48829 -0.0730249 0.0142403
210000 1.48229 -0.055926 0.0144012
211000 1.50959 -0.062961 0.0145626
212000 1.45851 -0.0712969 0.0139762
213000 1.46046 -0.0775636 0.0139695
214000 1.47731 -0.0673719 0.014307
215000 1.51171 -0.0659208 0.0146146
216000 1.52373 -0.0798092 0.0146948
217000 1.48623 -0.0747248 0.0141943
218000 1.50695 -0.0787616 0.0145431
219000 1.47161 -0.0719328 0.0142379
220000 1.54393 -0.0786339 0.0148828
221000 1.55737 -0.0679701 0.0150562
222000 1.46689 -0.0713106 0.0142526
223000 1.49019 -0.0636185 0.014287
224000 1.50212 -0.0877505 0.0144364
225000 1.50551 -0.0869094 0.0145007
226000 1.45966 -0.0632141 0.0142848
227000 1.47295 -0.0724732 0.0143788
228000 1.52262 -0.0705359 0.0145043
229000 1.45646 -0.0645628 0.0141294
230000 1.55135 -0.0659977 0.0152078
231000 1.52339 -0.07944 0.0147153
232000 1.49797 -0.0626458 0.0147086
233000 1.51758 -0.0690472 0.0146666
234000 1.49396 -0.071573 0.0144371
235000 1.51782 -0.0540155 0.0148784
236000 1.52186 -0.0801661 0.0148149
237000 1.50217 -0.058527 0.0146239
238000 1.4729 -0.0515586 0.0144036
239000 1.45249 -0.0538489 0.0139232
240000 1.50736 -0.0706469 0.0146383
241000 1.56112 -0.0690565 0.0149657
242000 1.45983 -0.0818132 0.0140061
243000 1.52631 -0.0697596 0.0147589
244000 1.45645 -0.068778 0.014086
245000 1.54006 -0.0844815 0.0148342
246000 1.5063 -0.0610186 0.0147803
247000 1.50142 -0.0702831 0.0145264
248000 1.52213 -0.0634804 0.0147214
249000 1.51015 -0.0562835 0.0146482
250000 1.5081 -0.0617243 0.0147427
251000 1.49194 -0.0807356 0.0142248
252000 1.4828 -0.0736979 0.0144014
253000 1.55344 -0.0759286 0.0150664
254000 1.47072 -0.0805 0.0143005
255000 1.49583 -0.0674076 0.0144736
256000 1.52644 -0.0923299 0.0146946
257000 1.46782 -0.0968413 0.0139343
258000 1.45433 -0.0942391 0.0139402
259000 1.53619 -0.0733235 0.0150094
260000 1.44576 -0.0617577 0.0142118
261000 1.55504 -0.0622579 0.0152749
262000 1.48829 -0.05463 0.0143697
263000 1.43299 -0.0809008 0.013728
264000 1.47852 -0.0629464 0.0143746
265000 1.4982 -0.0713373 0.0144415
266000 1.50431 -0.0707252 0.0146474
267000 1.49198 -0.065725 0.0144798
268000 1.47975 -0.0499098 0.0144077
269000 1.49355 -0.0666118 0.014476
270000 1.51374 -0.0617259 0.0147073
271000 1.52949 -0.078036 0.0147223
272000 1.43982 -0.0845224 0.0140561
273000 1.51345 -0.0638004 0.0145744
274000 1.48947 -0.0493364 0.0146929
275000 1.50747 -0.0485509 0.0146691
276000 1.48609 -0.0633282 0.0144356
277000 1.49251 -0.0657965 0.0144229
278000 1.53029 -0.0659561 0.014849
279000 1.47178 -0.0527922 0.0142528
280000 1.51214 -0.0509026 0.0148163
281000 1.53345 -0.0577199 0.0149014
282000 1.49197 -0.0534271 0.0145736
283000 1.45306 -0.0584798 0.0140885
284000 1.46873 -0.069445 0.0141662
285000 1.50458 -0.0600704 0.0144896
286000 1.46766 -0.0725295 0.0142585
287000 1.48277 -0.062664 0.014405
288000 1.49904 -0.0838781 0.0145491
289000 1.46509 -0.0792749 0.0142598
290000 1.50772 -0.087405 0.0144616
291000 1.45557 -0.0793931 0.0140971
292000 1.45087 -0.0542591 0.014118
293000 1.54294 -0.0624249 0.0148529
294000 1.49499 -0.0559522 0.0145988
295000 1.46342 -0.0650151 0.0142037
296000 1.54283 -0.0662652 0.0150644
297000 1.5191 -0.0754078 0.0145243
298000 1.48247 -0.0600482 0.0143129
299000 1.46717 -0.0642904 0.0142857
300000 1.55973 -0.0678337 0.0151404
301000 1.45244 -0.0740624 0.013862
302000 1.49209 -0.075329 0.0144631
303000 1.49311 -0.0604302 0.0145227
304000 1.4999 -0.0642142 0.0144728
305000 1.4755 -0.0726893 0.0143724
306000 1.49416 -0.0585981 0.0145639
307000 1.50204 -0.0811706 0.0144053
308000 1.50286 -0.0541377 0.0146459
309000 1.51598 -0.0809306 0.014637
310000 1.43996 -0.072686 0.0140677
311000 1.5578 -0.0789724 0.0151629
312000 1.49304 -0.0845167 0.0143285
313000 1.44701 -0.0900859 0.014093
314000 1.56049 -0.0864944 0.0149925
315000 1.48414 -0.074486 0.0141947
316000 1.4795 -0.0700624 0.0142803
317000 1.49906 -0.055435 0.0146383
318000 1.48148 -0.0602063 0.0143968
319000 1.48491 -0.0819278 0.0144833
320000 1.53004 -0.067986 0.0148029
321000 1.45637 -0.06964 0.0141876
322000 1.52627 -0.0810095 0.0148556
323000 1.44117 -0.0981336 0.0136821
324000 1.54826 -0.0836551 0.0148756
325000 1.46288 -0.0548599 0.0141786
326000 1.48328 -0.0717504 0.0144158
327000 1.46956 -0.0548203 0.0141995
328000 1.53136 -0.0708421 0.0149677
329000 1.45292 -0.0590346 0.0140413
330000 1.5457 -0.0574607 0.0151718
331000 1.45505 -0.056786 0.0144936
332000 1.48291 -0.0781622 0.0141714
333000 1.476 -0.0814149 0.0142741
334000 1.44255 -0.084144 0.0136714
335000 1.50615 -0.0787742 0.0143567
336000 1.48016 -0.0868306 0.0142791
337000 1.47495 -0.0931908 0.0140315
338000 1.52254 -0.0987563 0.0149183
339000 1.48477 -0.107807 0.01424
340000 1.48753 -0.0722648 0.0143593
341000 1.54227 -0.0596493 0.0149786
342000 1.484 -0.0642741 0.0142352
343000 1.46868 -0.0656057 0.0142089
344000 1.55163 -0.0711691 0.0150816
345000 1.54221 -0.0511349 0.0150433
346000 1.48909 -0.0624095 0.0145027
347000 1.53088 -0.0546176 0.0148445
348000 1.54084 -0.0720879 0.0146691
349000 1.50272 -0.0645985 0.014619
350000 1.45315 -0.0789855 0.0139222
351000 1.53239 -0.077963 0.0146881
352000 1.49084 -0.0707862 0.0144248
353000 1.49817 -0.0658753 0.0143512
354000 1.50863 -0.0704496 0.0147121
355000 1.49044 -0.0643906 0.0144814
356000 1.49494 -0.0669587 0.0145001
357000 1.50987 -0.0685677 0.014618
358000 1.55401 -0.0703427 0.0149988
359000 1.45436 -0.0591997 0.0140805
360000 1.53644 -0.0678139 0.0148609
361000 1.46926 -0.0702132 0.0141201
362000 1.5056 -0.0516182 0.014598
363000 1.51322 -0.0722488 0.014668
364000 1.50304 -0.073984 0.0144197
365000 1.52266 -0.0734441 0.0145691
366000 1.48196 -0.080365 0.0143848
367000 1.51766 -0.0658387 0.0147837
368000 1.45416 -0.0752431 0.0141494
369000 1.45351 -0.0873033 0.0141055
370000 1.51386 -0.0588389 0.01473
371000 1.48199 -0.0595121 0.0143655
372000 1.50337 -0.0644823 0.0146546
373000 1.50494 -0.073207 0.0145194
374000 1.49315 -0.0766884 0.0145646
375000 1.49409 -0.0697623 0.0145064
376000 1.47018 -0.0752169 0.0141537
377000 1.50164 -0.0667744 0.0146716
378000 1.53477 -0.0604767 0.0148921
379000 1.51608 -0.0713388 0.0147537
380000 1.49807 -0.0720418 0.0145113
381000 1.51198 -0.0699187 0.0146905
382000 1.4865 -0.0836066 0.0143376
383000 1.53548 -0.0599851 0.0147779
384000 1.45257 -0.0605284 0.0140715
385000 1.48786 -0.0614958 0.0145547
386000 1.47104 -0.0536394 0.0142791
387000 1.56347 -0.0504554 0.0154407
388000 1.53912 -0.0478519 0.0150153
389000 1.49929 -0.0633104 0.014646
390000 1.47148 -0.0879373 0.0140104
391000 1.51342 -0.0894625 0.0144682
392000 1.52715 -0.0725219 0.0146798
393000 1.50796 -0.0640755 0.0146011
394000 1.50961 -0.0567842 0.0147575
395000 1.50678 -0.0519025 0.0145892
396000 1.50336 -0.0860221 0.0144109
397000 1.52752 -0.0957561 0.0148208
398000 1.5224 -0.0871262 0.0146728
399000 1.44398 -0.0812923 0.0136881
400000 1.4893 -0.0731373 0.0142539
401000 1.4635 -0.0580014 0.0140348
402000 1.45815 -0.0790223 0.0139979
403000 1.49399 -0.0725117 0.0144875
404000 1.5481 -0.080822 0.0148926
405000 1.4925 -0.0473058 0.0145882
406000 1.50939 -0.0700214 0.0145315
407000 1.48558 -0.0797427 0.0144061
408000 1.50374 -0.0701216 0.0145866
409000 1.55698 -0.0715694 0.0150668
410000 1.46411 -0.0846473 0.0139881
411000 1.5163 -0.0777798 0.0145717
412000 1.51405 -0.0615241 0.0147735
413000 1.51837 -0.0757481 0.0146568
414000 1.51699 -0.0535556 0.0147273
415000 1.51863 -0.0603227 0.0147709
416000 1.49966 -0.088651 0.014418
417000 1.43869 -0.0821466 0.0138117
418000 1.53319 -0.0677052 0.0148431
419000 1.53824 -0.0663055 0.0149374
420000 1.46558 -0.0706684 0.0141335
421000 1.50669 -0.0683054 0.0145948
422000 1.55068 -0.0716363 0.0150025
423000 1.45859 -0.0916489 0.0140661
424000 1.47231 -0.0973324 0.0140319
425000 1.49228 -0.0817102 0.0144027
426000 1.52142 -0.0809238 0.0146088
427000 1.49206 -0.100457 0.0143456
428000 1.51874 -0.0999368 0.0145495
429000 1.51622 -0.0837686 0.0145085
430000 1.54254 -0.0960448 0.0146638
431000 1.53454 -0.113005 0.0147614
432000 1.4894 -0.0977395 0.0141772
433000 1.51673 -0.0843934 0.0145935
434000 1.49128 -0.0910652 0.0142
435000 1.5397 -0.0803983 0.01496
436000 1.45177 -0.0524373 0.0141024
437000 1.51156 -0.0588985 0.0147908
438000 1.5631 -0.0608417 0.0152974
439000 1.51438 -0.0695262 0.0147356
440000 1.46813 -0.0819404 0.0139447
441000 1.55689 -0.0604655 0.0151663
442000 1.49105 -0.0657557 0.014323
443000 1.45489 -0.0723391 0.014395
444000 1.50733 -0.0619433 0.0146457
445000 1.47931 -0.0680265 0.0145784
446000 1.50267 -0.06289 0.0145347
447000 1.5012 -0.0771345 0.0143798
448000 1.46632 -0.085526 0.0142201
449000 1.53361 -0.084657 0.0149983
450000 1.47692 -0.0984483 0.0141892
451000 1.46184 -0.087131 0.0140725
452000 1.52866 -0.100215 0.0146457
453000 1.4748 -0.122866 0.0139095
454000 1.50615 -0.098963 0.0142926
455000 1.52197 -0.101224 0.0146282
456000 1.47091 -0.112283 0.0139776
457000 1.53496 -0.0987667 0.0146996
458000 1.48544 -0.080414 0.0143775
459000 1.4766 -0.083977 0.0141679
460000 1.52963 -0.0621406 0.0150673
461000 1.569 -0.0504775 0.0155169
462000 1.49409 -0.0597016 0.0147643
463000 1.51482 -0.060865 0.014688
464000 1.49585 -0.0604602 0.0145834
465000 1.45685 -0.0654638 0.0142454
466000 1.51471 -0.0596681 0.0148163
467000 1.5107 -0.0718214 0.0145451
468000 1.49646 -0.0661834 0.0145173
469000 1.5068 -0.0939511 0.0144919
470000 1.50912 -0.0749201 0.0146101
471000 1.47885 -0.0791651 0.0142437
472000 1.50187 -0.0658564 0.0146778
473000 1.52051 -0.0850072 0.0146145
474000 1.48816 -0.0800678 0.0143378
475000 1.51669 -0.0628832 0.0146985
476000 1.50495 -0.0750664 0.0144754
477000 1.48725 -0.0773376 0.0143477
478000 1.48369 -0.070816 0.0143132
479000 1.47806 -0.0705852 0.0143174
480000 1.46299 -0.0764235 0.0140197
481000 1.4981 -0.067844 0.0143177
482000 1.46644 -0.0772215 0.0143806
483000 1.47474 -0.0707325 0.0142309
484000 1.54238 -0.0605174 0.0150073
485000 1.48703 -0.0536257 0.0147136
486000 1.44909 -0.0706486 0.0140395
487000 1.49192 -0.059808 0.0143597
488000 1.48732 -0.0716129 0.0144168
489000 1.53217 -0.0699821 0.0149107
490000 1.4822 -0.0903772 0.0141927
491000 1.51254 -0.0828616 0.0146906
492000 1.4619 -0.0606171 0.0142922
493000 1.5332 -0.0640911 0.0148265
494000 1.51664 -0.0924051 0.0144485
495000 1.52681 -0.0789516 0.0148202
496000 1.52255 -0.0827842 0.0148183
497000 1.48777 -0.0830997 0.0143636
498000 1.51691 -0.0952185 0.0146355
499000 1.49888 -0.102517 0.0144449
500000 1.51817 -0.0843288 0.0146024
501000 1.44702 -0.0661339 0.0139541
502000 1.50799 -0.0799859 0.0146858
503000 1.50889 -0.0664141 0.0147022
504000 1.51234 -0.0838456 0.0146561
505000 1.53457 -0.0777274 0.0149882
506000 1.52945 -0.068281 0.0147792
507000 1.47238 -0.06443 0.0142979
508000 1.52768 -0.0740891 0.0147961
509000 1.48622 -0.06064 0.0144502
510000 1.50064 -0.0676374 0.0145639
511000 1.51164 -0.0783214 0.0146156
512000 1.52901 -0.0757002 0.0149391
513000 1.50782 -0.0827507 0.0147151
514000 1.47426 -0.0592534 0.0143908
515000 1.52791 -0.0561592 0.0148519
516000 1.52232 -0.0631128 0.0147192
517000 1.50183 -0.0576304 0.0145477
518000 1.46804 -0.0719289 0.014369
519000 1.4649 -0.0666348 0.0141862
520000 1.54986 -0.066326 0.0150636
521000 1.50662 -0.0695425 0.0146752
522000 1.46553 -0.0729272 0.014311
523000 1.54216 -0.0720137 0.0149761
524000 1.53933 -0.0771421 0.0148273
525000 1.46003 -0.0822387 0.0140835
526000 1.5102 -0.0668683 0.0147389
527000 1.55069 -0.0545477 0.015231
528000 1.51433 -0.063145 0.0147823
529000 1.49683 -0.0547762 0.0146557
530000 1.53741 -0.0646409 0.015053
531000 1.47153 -0.0559829 0.0142641
532000 1.53881 -0.0725142 0.0149939
533000 1.49979 -0.0695859 0.0146
534000 1.45577 -0.0576372 0.0140073
535000 1.44676 -0.0704912 0.0138465
536000 1.52586 -0.0655208 0.0148249
537000 1.5044 -0.0809968 0.0145228
538000 1.47906 -0.081283 0.0142977
539000 1.51387 -0.0852842 0.0145991
540000 1.51753 -0.0872393 0.0146964
541000 1.52437 -0.0889241 0.0146551
542000 1.49323 -0.104074 0.0142513
543000 1.4982 -0.116742 0.014213
544000 1.51752 -0.0990855 0.0146233
545000 1.52849 -0.111359 0.0146413
546000 1.51032 -0.111484 0.0143612
547000 1.47491 -0.089325 0.0142773
548000 1.43952 -0.0690284 0.0137964
549000 1.48111 -0.090687 0.0142321
550000 1.54508 -0.07375 0.0148378
551000 1.49019 -0.0908383 0.0143235
552000 1.466 -0.0774927 0.0141358
553000 1.54036 -0.076943 0.0149306
554000 1.53073 -0.0694568 0.0149497
555000 1.48481 -0.0754714 0.0143366
556000 1.51802 -0.0682835 0.0147462
557000 1.48375 -0.0817684 0.0141507
558000 1.50697 -0.098868 0.0144871
559000 1.48917 -0.0766727 0.0143413
560000 1.48871 -0.0813756 0.0144453
561000 1.51277 -0.0834327 0.014858
562000 1.47301 -0.0808158 0.014253
563000 1.49646 -0.0697812 0.0144582
564000 1.48775 -0.0726387 0.0144111
565000 1.48063 -0.0866193 0.0141556
566000 1.55033 -0.0727404 0.0151624
567000 1.44252 -0.0793115 0.013859
568000 1.5283 -0.063493 0.0149675
569000 1.50897 -0.0740422 0.0146599
570000 1.53307 -0.0763626 0.0148042
571000 1.5065 -0.0831454 0.0143731
572000 1.49091 -0.0837758 0.0143005
573000 1.50992 -0.069371 0.0145993
574000 1.52403 -0.0751977 0.0147238
575000 1.46788 -0.061693 0.0142487
576000 1.51496 -0.0685181 0.0147622
577000 1.46232 -0.0719295 0.0143087
578000 1.55077 -0.0672963 0.0150893
579000 1.45526 -0.0793735 0.0139339
580000 1.53088 -0.0873443 0.0147548
581000 1.52364 -0.0838924 0.0147665
582000 1.52983 -0.096652 0.014829
583000 1.50935 -0.0813999 0.014555
584000 1.49401 -0.0955223 0.0142481
585000 1.49284 -0.0893316 0.0142525
586000 1.48612 -0.0706494 0.0144742
587000 1.50054 -0.0685785 0.0145635
588000 1.52424 -0.0539228 0.0149738
589000 1.47211 -0.0516641 0.01436
590000 1.51721 -0.0708937 0.0146643
591000 1.49853 -0.0665136 0.0146814
592000 1.53519 -0.0621332 0.0149525
593000 1.42601 -0.0539588 0.0139582
594000 1.49384 -0.0618384 0.0145886
595000 1.51894 -0.0511991 0.0148303
596000 1.47709 -0.0534957 0.0144834
597000 1.48734 -0.0712037 0.0144922
598000 1.48313 -0.0759049 0.014334
599000 1.49219 -0.0887167 0.0142788
600000 1.49426 -0.0939131 0.0142871
601000 1.49467 -0.101648 0.0142994
602000 1.47567 -0.0696032 0.0142601
603000 1.48433 -0.0787202 0.0143552
604000 1.4919 -0.0816494 0.0144584
605000 1.51304 -0.0731444 0.014668
606000 1.52324 -0.0719398 0.0146743
607000 1.45443 -0.0795687 0.0140354
608000 1.52837 -0.0684589 0.0146908
609000 1.51703 -0.082789 0.0146885
610000 1.50286 -0.0670018 0.0145363
611000 1.4322 -0.0665592 0.0137715
612000 1.56051 -0.0740787 0.0150376
613000 1.5454 -0.0840843 0.0149075
614000 1.46988 -0.0927601 0.0142017
615000 1.51044 -0.0850501 0.0143949
616000 1.50452 -0.080046 0.0145841
617000 1.54795 -0.0805866 0.0150633
618000 1.48119 -0.087649 0.0141409
619000 1.47489 -0.0795933 0.0144087
620000 1.45476 -0.0861091 0.0139146
621000 1.51311 -0.0822515 0.0145769
622000 1.48788 -0.073521 0.0144656
623000 1.51757 -0.0635048 0.0147463
624000 1.46463 -0.0616737 0.0142317
625000 1.47291 -0.0593097 0.0142273
626000 1.51859 -0.0726834 0.0147183
627000 1.48379 -0.0748443 0.0145604
628000 1.55138 -0.0765331 0.0150886
629000 1.47603 -0.0686013 0.0142806
630000 1.49823 -0.0740978 0.0143478
631000 1.47754 -0.0601705 0.0143462
632000 1.52964 -0.0539698 0.0149757
633000 1.50707 -0.0453812 0.0147491
634000 1.51652 -0.0620426 0.0146918
635000 1.48542 -0.076448 0.0143761
636000 1.54533 -0.0616645 0.0149289
637000 1.49541 -0.0848451 0.0145403
638000 1.52361 -0.0624949 0.0147818
639000 1.53603 -0.0700082 0.0148855
640000 1.45796 -0.0787524 0.0141432
641000 1.55495 -0.0744772 0.0151401
642000 1.4726 -0.0714477 0.0143111
643000 1.48243 -0.0683292 0.0143723
644000 1.56056 -0.0658573 0.0152801
645000 1.50195 -0.0657825 0.0145218
646000 1.45085 -0.0572768 0.0141031
647000 1.4743 -0.0677845 0.0143023
648000 1.51797 -0.0815684 0.0146563
649000 1.51865 -0.068641 0.0146544
650000 1.45332 -0.0646173 0.0140874
651000 1.51365 -0.0737046 0.0147236
652000 1.49623 -0.0755676 0.0145286
653000 1.48319 -0.0596135 0.0145545
654000 1.54673 -0.0923586 0.0149991
655000 1.51994 -0.0931927 0.0146784
656000 1.51599 -0.0967477 0.0145038
657000 1.49468 -0.0938414 0.0144123
658000 1.49483 -0.0678848 0.0146051
659000 1.51258 -0.0759679 0.0146338
660000 1.46952 -0.0703377 0.0142085
661000 1.48568 -0.0649312 0.0144259
662000 1.44788 -0.0846695 0.0140845
663000 1.48415 -0.0935221 0.0142976
664000 1.55493 -0.0825438 0.0150749
665000 1.45453 -0.0844068 0.0139844
666000 1.45077 -0.0755191 0.0140768
667000 1.52165 -0.0849916 0.0145928
668000 1.47347 -0.0873821 0.0140635
669000 1.49564 -0.0698683 0.0145006
670000 1.51633 -0.0802175 0.0144505
671000 1.4787 -0.0680785 0.0142507
672000 1.52636 -0.0661552 0.0147057
673000 1.45864 -0.0587492 0.0142109
674000 1.46901 -0.0636473 0.0141859
675000 1.53461 -0.065171 0.0150497
676000 1.51418 -0.0743644 0.0146891
677000 1.46464 -0.0863627 0.014016
678000 1.53517 -0.074351 0.014955
679000 1.46945 -0.0675422 0.0142443
680000 1.52107 -0.0703438 0.0146633
681000 1.50398 -0.0608312 0.0146405
682000 1.48652 -0.0624341 0.0144585
683000 1.56557 -0.0524965 0.0153445
684000 1.52572 -0.0538686 0.0147998
685000 1.47135 -0.071522 0.0142533
686000 1.48176 -0.0784218 0.0142399
687000 1.46199 -0.06093 0.0141277
688000 1.53077 -0.0662974 0.0150102
689000 1.49929 -0.0646054 0.0146881
690000 1.47743 -0.0587462 0.0143127
691000 1.53445 -0.0826483 0.0148825
692000 1.50498 -0.0793515 0.0144032
693000 1.52968 -0.0779834 0.0149771
694000 1.47738 -0.0775825 0.0141988
695000 1.5111 -0.0788498 0.0145273
696000 1.50953 -0.0792676 0.0147138
697000 1.49911 -0.0815179 0.014549
698000 1.50016 -0.0857737 0.0145383
699000 1.47165 -0.0785161 0.0143776
700000 1.4681 -0.0925574 0.0143933
701000 1.51046 -0.06269 0.0144881
702000 1.50529 -0.0567819 0.0145758
703000 1.49491 -0.0823973 0.0142578
704000 1.51785 -0.0679076 0.0145547
705000 1.49783 -0.0843507 0.0145833
706000 1.5278 -0.0796412 0.0147161
707000 1.49811 -0.0915089 0.0143116
708000 1.44454 -0.0578807 0.0140851
709000 1.48692 -0.0765273 0.0145672
710000 1.52024 -0.0744476 0.0147121
711000 1.50476 -0.0814061 0.0144008
712000 1.48925 -0.0625233 0.0144252
713000 1.48985 -0.0689023 0.0144011
714000 1.51518 -0.0704266 0.0146167
715000 1.48283 -0.0728241 0.0144512
716000 1.51917 -0.0779227 0.0147891
717000 1.49475 -0.0767794 0.0144086
718000 1.5136 -0.0743485 0.0145666
719000 1.51521 -0.0868096 0.0146338
720000 1.4821 -0.0712923 0.0142456
721000 1.53567 -0.0961749 0.0147048
722000 1.5094 -0.0756711 0.0144466
723000 1.51965 -0.0686086 0.0148528
724000 1.50066 -0.0749243 0.0144454
725000 1.52665 -0.0817982 0.014705
726000 1.46066 -0.0858841 0.0141236
727000 1.5443 -0.0976004 0.014978
728000 1.50706 -0.0758949 0.0145722
729000 1.55219 -0.0720758 0.0150655
730000 1.46598 -0.0599902 0.0142308
731000 1.47929 -0.0561455 0.0143161
732000 1.50552 -0.0541164 0.0145091
733000 1.44966 -0.0619539 0.0140421
734000 1.50923 -0.0490548 0.0149835
735000 1.46114 -0.0610189 0.0140257
736000 1.50054 -0.0695558 0.0145896
737000 1.47426 -0.0736114 0.0142041
738000 1.53723 -0.0747353 0.0149276
739000 1.5307 -0.0660488 0.0148743
740000 1.45646 -0.0791197 0.0140501
741000 1.55444 -0.0697347 0.0150718
742000 1.50023 -0.0849984 0.0143847
743000 1.46598 -0.0726352 0.0141188
744000 1.50474 -0.0994532 0.0144134
745000 1.50322 -0.0691709 0.01479
746000 1.45348 -0.0662526 0.0139903
747000 1.53772 -0.0713082 0.0149368
748000 1.50114 -0.0522901 0.0146627
749000 1.50243 -0.0461363 0.0147859
750000 1.51287 -0.0598835 0.0146766
751000 1.49161 -0.0604252 0.0145745
752000 1.54174 -0.0541037 0.0150222
753000 1.53094 -0.0559427 0.0149507
754000 1.51914 -0.062953 0.0148636
755000 1.4895 -0.0649462 0.0143318
756000 1.49249 -0.0564677 0.0145449
757000 1.45504 -0.0598165 0.0141414
758000 1.54739 -0.0689575 0.0150764
759000 1.5016 -0.0635998 0.0144672
760000 1.46474 -0.0786482 0.0142536
761000 1.48397 -0.0799333 0.0142399
762000 1.52536 -0.0813512 0.0147875
763000 1.51335 -0.0953929 0.0145394
764000 1.51884 -0.0810236 0.0148093
765000 1.48948 -0.0739553 0.0144768
766000 1.51708 -0.0760732 0.0146847
767000 1.50422 -0.0778474 0.0144725
768000 1.46536 -0.0785782 0.0139998
769000 1.46286 -0.0828261 0.0139705
770000 1.50605 -0.0745217 0.014526
771000 1.48809 -0.0645352 0.0143543
772000 1.50339 -0.0588271 0.0146684
773000 1.52242 -0.0724368 0.014677
774000 1.48239 -0.0648646 0.0144239
775000 1.48568 -0.0741151 0.014314
776000 1.47787 -0.0530621 0.0142616
777000 1.48247 -0.0630426 0.0142718
778000 1.47913 -0.0732177 0.0143594
779000 1.47288 -0.059065 0.014282
780000 1.50773 -0.0560825 0.0145589
781000 1.494 -0.0766159 0.0144752
782000 1.45722 -0.0793861 0.0139631
783000 1.49989 -0.0821141 0.0145259
784000 1.54812 -0.0586801 0.015096
785000 1.50166 -0.0539026 0.0147359
786000 1.47853 -0.0781148 0.0142171
787000 1.48988 -0.0666408 0.0143033
788000 1.51907 -0.0658051 0.0148129
789000 1.52074 -0.0820312 0.0148399
790000 1.48284 -0.0764022 0.0143735
791000 1.49815 -0.0650603 0.0146075
792000 1.50586 -0.0589742 0.0146649
793000 1.46628 -0.0614458 0.0140101
794000 1.49783 -0.0707619 0.0148531
795000 1.50795 -0.073613 0.0146423
796000 1.50851 -0.0855806 0.0145438
797000 1.49973 -0.0610608 0.0146579
798000 1.50403 -0.0518762 0.0145371
799000 1.47054 -0.0644602 0.0141579
800000 1.55319 -0.0636454 0.0150624
801000 1.47439 -0.0682054 0.0142711
802000 1.45295 -0.0649531 0.0140327
803000 1.53683 -0.0742346 0.0148557
804000 1.51563 -0.0831834 0.014551
805000 1.43659 -0.060687 0.0139106
806000 1.52871 -0.0631743 0.014868
807000 1.50954 -0.0524188 0.0146824
808000 1.50098 -0.0673117 0.0146181
809000 1.51269 -0.0700226 0.0146075
810000 1.50208 -0.0752406 0.0146212
811000 1.51934 -0.0914673 0.014695
812000 1.49932 -0.0911757 0.0144782
813000 1.55615 -0.0872899 0.0150954
814000 1.48524 -0.116566 0.0142662
815000 1.52672 -0.110988 0.0146086
816000 1.4795 -0.124351 0.0141602
817000 1.46143 -0.086964 0.0139744
818000 1.48369 -0.0929392 0.0144506
819000 1.48386 -0.0630482 0.0143915
820000 1.45039 -0.0873394 0.0138831
821000 1.56217 -0.0775927 0.0152596
822000 1.47268 -0.0761471 0.014185
823000 1.44448 -0.0873753 0.0140206
824000 1.50124 -0.0998922 0.0144776
825000 1.54677 -0.0986164 0.0148407
826000 1.49235 -0.126974 0.0143462
827000 1.50194 -0.094602 0.0145813
828000 1.54827 -0.081002 0.014998
829000 1.5241 -0.0866569 0.0147787
830000 1.50748 -0.100825 0.0146658
831000 1.46516 -0.110387 0.0141554
832000 1.49969 -0.107787 0.014415
833000 1.5171 -0.0970539 0.0145827
834000 1.4811 -0.106422 0.01415
835000 1.52137 -0.0885214 0.0147188
836000 1.49956 -0.0780775 0.0146499
837000 1.49354 -0.0795676 0.0144681
838000 1.52642 -0.0686077 0.0147946
839000 1.51487 -0.0534596 0.0148416
840000 1.46947 -0.0725316 0.0141975
841000 1.55324 -0.0662583 0.0152076
842000 1.45194 -0.0675857 0.014024
843000 1.56553 -0.0825027 0.01501
844000 1.45153 -0.0658457 0.0140617
845000 1.53051 -0.0850533 0.0146587
846000 1.48982 -0.0755512 0.0145106
847000 1.55652 -0.0711347 0.0150082
848000 1.53805 -0.0579022 0.014899
849000 1.49439 -0.0774749 0.0143295
850000 1.51338 -0.0763641 0.0145195
851000 1.48416 -0.104794 0.0141327
852000 1.52912 -0.09143 0.0149445
853000 1.50239 -0.0880182 0.0145446
854000 1.48054 -0.0815345 0.0143281
855000 1.55495 -0.0706998 0.0149836
856000 1.45089 -0.0821513 0.013738
857000 1.52508 -0.0774997 0.0145641
858000 1.49456 -0.0676473 0.0144574
859000 1.4785 -0.0679527 0.014304
860000 1.49577 -0.0772365 0.0142944
861000 1.50878 -0.0739111 0.0146483
862000 1.54459 -0.0837399 0.0149753
863000 1.47453 -0.0618999 0.0144371
864000 1.51016 -0.0749419 0.0146805
865000 1.44427 -0.0820449 0.0140086
866000 1.5518 -0.0676098 0.01503
867000 1.47216 -0.0706116 0.0141704
868000 1.5084 -0.080743 0.0145636
869000 1.47547 -0.0657602 0.0143456
870000 1.51143 -0.063548 0.0146319
871000 1.45645 -0.0572631 0.0141653
872000 1.45482 -0.0828487 0.0141291
873000 1.46665 -0.0803097 0.0142977
874000 1.49582 -0.0781888 0.014561
875000 1.47735 -0.0626106 0.0143899
876000 1.46797 -0.0689447 0.014212
877000 1.49324 -0.0702742 0.014357
878000 1.55409 -0.0671286 0.0149951
879000 1.47984 -0.0611776 0.0141875
880000 1.4787 -0.0576858 0.0143554
881000 1.53775 -0.05122 0.0150313
882000 1.54073 -0.0523961 0.0148545
883000 1.52977 -0.0545631 0.0148626
884000 1.44761 -0.0527146 0.0139269
885000 1.50028 -0.067229 0.0146064
886000 1.5502 -0.0544047 0.0151274
887000 1.46155 -0.0642836 0.0141204
888000 1.52757 -0.0702219 0.0149191
889000 1.46078 -0.0734302 0.0139193
890000 1.52836 -0.0741397 0.0148335
891000 1.49535 -0.0702589 0.0147361
892000 1.46258 -0.0734581 0.014173
893000 1.5204 -0.0617898 0.0148019
894000 1.52508 -0.0731936 0.0148321
895000 1.49895 -0.0606034 0.0146058
896000 1.5187 -0.0571246 0.0146163
897000 1.4519 -0.0567259 0.0141021
898000 1.52454 -0.0562394 0.0148471
899000 1.5154 -0.055692 0.0148087
900000 1.50089 -0.0594026 0.0145725
901000 1.51191 -0.065001 0.0146472
902000 1.50734 -0.0673007 0.0144368
903000 1.54798 -0.0587028 0.0150864
904000 1.51708 -0.0746881 0.0149218
905000 1.48462 -0.0909286 0.0143269
906000 1.50726 -0.0609625 0.014797
907000 1.53111 -0.075342 0.0149621
908000 1.52718 -0.0719551 0.0149266
909000 1.44495 -0.0612391 0.013928
910000 1.57314 -0.0537377 0.0154277
911000 1.48634 -0.0514859 0.0146022
912000 1.52585 -0.0618302 0.0147393
913000 1.43946 -0.0692463 0.0138583
914000 1.53305 -0.0816967 0.0149421
915000 1.49024 -0.0857838 0.0142821
916000 1.49992 -0.0881994 0.014389
917000 1.49055 -0.0738649 0.0143815
918000 1.51243 -0.0788518 0.0147238
919000 1.48957 -0.082949 0.0145344
920000 1.50167 -0.0859072 0.0144893
921000 1.49168 -0.0622591 0.0146031
922000 1.4828 -0.0709527 0.014411
923000 1.5342 -0.0863273 0.014757
924000 1.51713 -0.0802148 0.0147387
925000 1.47723 -0.0803268 0.014442
926000 1.52342 -0.0759982 0.0146905
927000 1.50595 -0.09433 0.0145647
928000 1.52479 -0.0691299 0.014963
929000 1.52015 -0.0739908 0.0148262
930000 1.48702 -0.0739568 0.0144609
931000 1.47291 -0.0572284 0.0143677
932000 1.51284 -0.0699418 0.0147025
933000 1.51926 -0.0719594 0.0147179
934000 1.50349 -0.0703436 0.0147151
935000 1.51841 -0.0699236 0.014669
936000 1.48471 -0.0673295 0.0142795
937000 1.49496 -0.0658725 0.0143603
938000 1.46703 -0.0667896 0.0141459
939000 1.53683 -0.0673418 0.0149164
940000 1.56896 -0.0663247 0.0154229
941000 1.50281 -0.0815076 0.014549
942000 1.53591 -0.0766102 0.0148256
943000 1.45638 -0.0835764 0.0140361
944000 1.50959 -0.0938467 0.0144395
945000 1.51052 -0.0693587 0.0145435
946000 1.49611 -0.068009 0.0145513
947000 1.50279 -0.0629893 0.014844
948000 1.46432 -0.083281 0.0140548
949000 1.5378 -0.0764538 0.0148813
950000 1.45068 -0.0790429 0.0141017
951000 1.53815 -0.0811213 0.0147953
952000 1.44586 -0.0755624 0.0140582
953000 1.51624 -0.0703692 0.0147495
954000 1.50466 -0.0876113 0.0145678
955000 1.49374 -0.0687848 0.0144803
956000 1.51442 -0.0616667 0.0147906
957000 1.44124 -0.0658782 0.0140628
958000 1.51974 -0.0774583 0.0146109
959000 1.50575 -0.0791237 0.0143947
960000 1.46165 -0.078042 0.014043
961000 1.52018 -0.0837568 0.0146359
962000 1.47787 -0.0714534 0.014289
963000 1.46387 -0.0709164 0.0141265
964000 1.52377 -0.0778686 0.0148327
965000 1.50022 -0.0680907 0.0145183
966000 1.46112 -0.0591516 0.0141616
967000 1.54022 -0.0730006 0.0149154
968000 1.45361 -0.0996221 0.0140401
969000 1.51664 -0.0968838 0.0145291
970000 1.46763 -0.0699899 0.0141165
971000 1.50777 -0.0752957 0.0145711
972000 1.50104 -0.0516942 0.0147947
973000 1.49804 -0.0627938 0.0144819
974000 1.45393 -0.0798617 0.0142361
975000 1.5244 -0.0553414 0.0148695
976000 1.52916 -0.0757914 0.0146719
977000 1.49469 -0.075899 0.0143177
978000 1.49345 -0.0858362 0.0143345
979000 1.52943 -0.085591 0.0147301
980000 1.48277 -0.0974829 0.0141672
981000 1.4775 -0.0989479 0.0141887
982000 1.49222 -0.079088 0.0143905
983000 1.48261 -0.0838076 0.0142613
984000 1.52055 -0.0801766 0.0145875
985000 1.50067 -0.0712002 0.0144389
986000 1.52748 -0.0751197 0.0147777
987000 1.44296 -0.0737708 0.0138572
988000 1.53134 -0.072312 0.0148116
989000 1.51334 -0.0679549 0.0146212
990000 1.55554 -0.0594333 0.015236
991000 1.49531 -0.0599493 0.0145312
992000 1.48992 -0.0619083 0.0143964
993000 1.49708 -0.0519771 0.0147504
994000 1.51026 -0.0756615 0.0146044
995000 1.48027 -0.0747068 0.0143266
996000 1.50566 -0.0770018 0.0146664
997000 1.4735 -0.081721 0.0141542
998000 1.50883 -0.0696842 0.0145724
999000 1.52931 -0.0923094 0.0147129
1000000 1.48836 -0.103895 0.0143612
