# Time-averaged data for fix 2
# TimeStep v_Temperature v_PotentialEnergy v_Pressure
1000 4.4744 -0.00518459 0.00443009
2000 4.96414 -0.00776766 0.00490963
3000 4.92284 -0.00165968 0.00488435
4000 5.01348 -0.00193764 0.00498135
5000 4.91095 -0.00704493 0.00485955
6000 4.95058 -0.00644295 0.00489553
7000 4.83326 -0.00311487 0.00479147
8000 4.9658 -0.0023654 0.00492432
9000 4.89182 -0.00110974 0.0048513
10000 4.79197 -0.00394156 0.00475472
11000 5.18047 -0.00260601 0.00514234
12000 4.88609 -0.00437149 0.00483969
13000 4.98974 -0.00439952 0.00494252
14000 5.08338 -0.00788869 0.00503547
15000 4.9811 -0.00345207 0.00493545
16000 4.95773 -0.00373908 0.00491483
17000 5.08514 -0.00724706 0.00504236
18000 4.86875 -0.00351308 0.0048218
19000 5.05241 -0.00523329 0.0050075
20000 5.0483 -0.00580931 0.00499855
21000 4.95639 -0.0033717 0.00491494
22000 5.0292 -0.00714991 0.00497352
23000 4.98159 -0.00620463 0.0049345
24000 5.0089 -0.00300487 0.00496525
25000 5.00699 -0.00730215 0.00495279
26000 5.01044 -0.00307133 0.00497056
27000 5.00652 -0.00943641 0.00495179
28000 4.90105 -0.00239535 0.00485604
29000 5.16044 -0.00520363 0.00511712
30000 4.96627 -0.00886868 0.00491202
31000 4.89374 -0.00458953 0.0048409
32000 5.09154 -0.00319924 0.00505934
33000 4.94339 -0.00328663 0.00490904
34000 5.0467 -0.00662606 0.00500021
35000 4.97187 -0.00359532 0.00492541
36000 5.0269 -0.0057597 0.00497505
37000 5.03326 -0.0015593 0.00498787
38000 4.8579 -0.00244671 0.00481536
39000 5.09703 -0.00293677 0.0050467
40000 5.02768 -0.00372658 0.00498096
41000 4.88106 -0.00448923 0.00483268
42000 5.12185 -0.00398694 0.00507286
43000 4.94735 -0.00157914 0.00490834
44000 5.12868 -0.00233324 0.00508512
45000 4.8551 -0.00693485 0.00480707
46000 4.85536 -0.00742147 0.00480348
47000 5.00419 -0.00467106 0.00495657
48000 4.96592 -0.00294545 0.00491339
49000 5.01876 -0.00238293 0.00497058
50000 4.91166 -0.0031389 0.00485913
51000 5.04245 -0.00768023 0.00498544
52000 4.98736 -0.000350858 0.00495311
53000 5.01581 -0.00731198 0.00496897
54000 5.09638 -0.008963 0.0050399
55000 5.06566 -0.00638376 0.00500806
56000 4.91585 -0.00454166 0.00487298
57000 5.05241 -0.00654504 0.0050026
58000 5.11368 -0.00528081 0.00506464
59000 4.8618 -0.00258436 0.00481476
60000 5.02085 -0.00470262 0.00496871
61000 4.96102 -0.00619309 0.00491647
62000 4.98925 -0.00454731 0.00493859
63000 4.97669 -0.00558588 0.00493604
64000 4.98356 -0.0010433 0.00494486
65000 4.91232 -0.00820303 0.00485954
66000 5.07146 -0.00315758 0.00502764
67000 5.03353 -0.00446565 0.00498675
68000 5.05525 -0.00371461 0.00500726
69000 4.92366 -0.00211164 0.0048845
70000 4.92052 -0.00412136 0.00487343
71000 4.93349 -0.00432171 0.00487954
72000 4.9982 -0.0072624 0.00494355
73000 5.06396 -0.00489804 0.0050189
74000 4.95404 -0.00601992 0.00491065
75000 4.89069 -0.00357399 0.00484455
76000 5.19539 -0.00407107 0.00515052
77000 5.0618 -0.00319347 0.00501299
78000 4.91719 -0.00392225 0.00487497
79000 5.14239 -0.00441994 0.00509757
80000 5.13947 -0.00343653 0.00508672
81000 4.8929 -0.00535932 0.0048501
82000 5.07964 -0.00510427 0.00502758
83000 4.91612 -0.00363489 0.00487686
84000 5.18118 -0.00989282 0.00512334
85000 4.84542 -0.00302667 0.00481255
86000 5.16507 -0.00543682 0.00512002
87000 4.87323 -0.00614938 0.00483919
88000 4.91581 -0.00604359 0.00486172
89000 5.18446 -0.00576202 0.00514113
90000 4.96283 -0.00305682 0.00491202
91000 4.89628 -0.00583756 0.00484376
92000 4.91988 -0.00339056 0.00487762
93000 5.16989 -0.0116783 0.00510726
94000 4.82349 -0.00657796 0.00477596
95000 5.00776 -0.00431634 0.00495669
96000 5.05982 -0.00137322 0.00502185
97000 4.87681 -0.00271209 0.0048296
98000 5.09586 -0.00187004 0.00505639
99000 5.05673 -0.00542868 0.00500115
100000 4.99976 -0.00477527 0.00494987
101000 4.93127 -0.00633671 0.00488331
102000 5.0352 -0.00386083 0.00499784
103000 4.97683 -0.00595283 0.00492842
104000 4.97838 -0.00345625 0.00492711
105000 4.8544 -0.00407129 0.00480418
106000 5.08437 -0.00694053 0.00503982
107000 4.97303 -0.00380238 0.00491987
108000 5.07347 -0.00619785 0.00501936
109000 4.89293 -0.00334563 0.00484601
110000 4.95473 -0.00234943 0.00491288
111000 4.99278 -0.00205844 0.00493948
112000 5.00293 -0.00516078 0.00495339
113000 4.94166 -0.00472046 0.00489198
114000 5.13754 -0.00423892 0.00509255
115000 5.05769 -0.00426386 0.00501279
116000 4.83238 -0.00418191 0.00478864
117000 4.96585 -0.00486105 0.00491775
118000 5.16899 -0.00954142 0.00511346
119000 4.83172 -0.00576091 0.00477924
120000 5.12427 -0.0053316 0.00506895
121000 5.0428 -0.00169386 0.0050047
122000 5.04883 -0.00438254 0.00500074
123000 5.01024 -0.00521421 0.00495808
124000 5.11032 -0.00519781 0.00505852
125000 4.95651 -0.00566167 0.00490596
126000 4.87162 -0.00486655 0.00482323
127000 5.13581 -0.0022323 0.00508427
128000 5.02932 -0.00349214 0.00497747
129000 4.84314 -0.00662947 0.00480294
130000 5.12859 -0.00464966 0.00509005
131000 5.16766 -0.0048341 0.0051199
132000 4.82113 -0.00373563 0.00478229
133000 5.10857 -0.00343592 0.00505174
134000 4.82883 -0.00331209 0.00478848
135000 5.02073 -0.0049454 0.00496838
136000 5.05525 -0.00223767 0.00501964
137000 4.99635 -0.00306687 0.0049466
138000 5.03308 -0.00442536 0.00497862
139000 5.04772 -0.00276211 0.00500382
140000 4.98724 -0.00309955 0.00494247
141000 4.92397 -0.00283288 0.00487789
142000 4.99342 -0.0069669 0.00494281
143000 5.0786 -0.00603884 0.00502345
144000 5.0335 -0.00459677 0.00498456
145000 4.98912 -0.00557959 0.00494167
146000 4.93335 -0.00283405 0.00488618
147000 5.10351 -0.00293959 0.00506377
148000 4.96283 -0.00488409 0.00491393
149000 4.90643 -0.00312548 0.00486313
150000 5.05047 -0.00537657 0.00500028
151000 5.07488 -0.00181783 0.00503557
152000 5.11896 -0.005754 0.00506561
153000 4.95627 -0.00655324 0.00490294
154000 5.06655 -0.00683798 0.00501828
155000 5.13 -0.00836226 0.00507942
156000 4.85113 -0.00728575 0.00480068
157000 4.98276 -0.0057877 0.00493907
158000 5.08196 -0.0070745 0.00503153
159000 4.82883 -0.00577607 0.00477898
160000 5.16745 -0.00548527 0.00511046
161000 4.85568 -0.0043204 0.00480983
162000 5.12981 -0.00456946 0.00508951
163000 4.84447 -0.00279652 0.00480406
164000 5.16258 -0.00393113 0.00511158
165000 5.04406 -0.0049697 0.0049906
166000 4.86466 -0.00824157 0.00480679
167000 5.03581 -0.00529667 0.00498909
168000 5.03808 -0.00597379 0.00499152
169000 4.87928 -0.00533781 0.00483014
170000 5.07776 -0.00714866 0.00502386
171000 5.12883 -0.00394349 0.00507541
172000 4.97963 -0.00383461 0.00493379
173000 4.98425 -0.00384705 0.00493554
174000 4.86507 -0.00330843 0.0048239
175000 5.00365 -0.00396456 0.00496229
176000 5.01777 -0.000395272 0.00497989
177000 5.04364 -0.00547144 0.00499122
178000 5.03479 -0.00594316 0.00499045
179000 5.01025 -0.00327153 0.00496532
180000 4.93058 -0.00714804 0.00487631
181000 5.12175 -0.00576602 0.00506916
182000 4.90456 -0.00666891 0.00485001
183000 5.05015 -0.00484532 0.00500661
184000 5.05458 -0.00388538 0.00500477
185000 4.96995 -0.00262579 0.00492715
186000 4.98892 -0.00324172 0.00493948
187000 4.91317 -0.00387759 0.00486639
188000 5.13104 0.000239529 0.005099
189000 4.9258 -0.00318067 0.00487385
190000 5.00832 -0.00560412 0.00495089
191000 5.0792 -0.00717294 0.0050265
192000 4.87082 -0.00392451 0.00481939
193000 5.0922 -0.00286482 0.00505207
194000 4.82958 -0.00352983 0.00478334
195000 5.06769 -0.0074628 0.0050165
196000 5.07749 -0.00563776 0.00502428
197000 5.00989 -0.005659 0.00495574
198000 5.00561 -0.00534542 0.00495122
199000 5.09328 -0.00639792 0.00504229
200000 4.82143 -0.00474413 0.00477374
201000 5.03993 -0.00464261 0.00500257
202000 4.92399 -0.00566967 0.00487886
203000 4.85044 -0.00309226 0.00481408
204000 5.07287 -0.00518144 0.00501715
205000 4.94874 -0.00924255 0.00489415
206000 4.9576 -0.00385603 0.00490403
207000 4.9915 -0.00429565 0.00494081
208000 5.02664 -0.00439062 0.00498634
209000 4.91606 -0.00254845 0.0048646
210000 4.95957 -0.00359046 0.00491654
211000 4.98562 -0.00594189 0.00493631
212000 5.00729 -0.00443156 0.00495588
213000 4.98823 -0.00516713 0.00494066
214000 5.09389 -0.00533077 0.00505457
215000 4.95864 -0.00561016 0.00490658
216000 4.9584 -0.00483321 0.00491206
217000 4.98637 -0.00434452 0.00494638
218000 5.13121 -0.00436016 0.005081
219000 4.93414 -0.00429314 0.0048882
220000 4.92276 -0.00539487 0.00487359
221000 4.98446 -0.000231629 0.00495236
222000 5.00826 -0.00486706 0.00495635
223000 4.81745 -0.00400248 0.0047662
224000 5.12114 -0.00660804 0.00506942
225000 4.96673 -0.00794784 0.00491061
226000 5.00498 -0.00507188 0.00495581
227000 4.93591 -0.00594054 0.00489351
228000 4.90592 -0.00417229 0.00486057
229000 5.08485 -0.00466531 0.00504021
230000 4.95477 -0.00525196 0.00491511
231000 5.02142 -0.00333018 0.00496791
232000 4.99418 -0.00450879 0.00495209
233000 4.8993 -0.00422932 0.00485184
234000 5.13826 -0.00814768 0.0050809
235000 5.01068 -0.00505785 0.00495718
236000 4.84849 -0.00454317 0.00479632
237000 5.13532 -0.00319568 0.00509692
238000 5.06908 -0.00415173 0.00502422
239000 5.02122 -0.013867 0.00496655
240000 4.97787 -0.00496553 0.00492116
241000 4.89514 -0.00373142 0.00484613
242000 4.9599 -0.00529928 0.00490691
243000 5.06963 -0.00645383 0.0050203
244000 4.88022 -0.00943841 0.00482653
245000 4.91195 -0.00731758 0.00487339
246000 4.98691 -0.00738714 0.00493418
247000 5.01972 -0.00687092 0.00496876
248000 5.04203 -0.00293582 0.00498997
249000 4.89723 -0.00423392 0.00486062
250000 4.95892 -0.00747643 0.00491427
251000 5.16457 -0.00850799 0.00511554
252000 4.90074 -0.00751444 0.00485323
253000 4.84486 -0.00466343 0.0047994
254000 5.02954 -0.00850141 0.00497394
255000 4.9836 -0.00319827 0.00493857
256000 4.95537 -0.00489191 0.00490602
257000 4.93312 -0.00349941 0.00488696
258000 5.08928 -0.000503405 0.00507036
259000 4.94906 -0.00385461 0.00489798
260000 4.91663 -0.00747703 0.0048615
261000 5.22502 -0.00592591 0.00517243
262000 5.04497 -0.00365471 0.00498983
263000 4.80493 -0.00639217 0.00476375
264000 5.01071 -0.00349568 0.00497784
265000 5.1405 -0.0028251 0.00508993
266000 4.89949 -0.00454372 0.00485412
267000 4.82077 -0.00492349 0.00477166
268000 5.07823 -0.00634701 0.0050215
269000 4.98712 -0.0027609 0.004951
270000 5.08304 -0.00604636 0.00503038
271000 5.00383 -0.00550907 0.00495484
272000 4.94726 -0.00314558 0.00490518
273000 5.05565 -0.00424983 0.00500754
274000 4.93051 -0.00634314 0.00488531
275000 4.96497 -0.00553932 0.00491377
276000 5.08431 -0.00456068 0.00503441
277000 4.90391 -0.00543446 0.00485567
278000 5.02973 -0.00777577 0.004976
279000 5.15769 -0.00337666 0.00511217
280000 4.83367 -0.00446586 0.00479375
281000 5.12199 -0.00322408 0.00507015
282000 5.1181 0.000645779 0.00509564
283000 4.99512 -0.00292159 0.00495482
284000 4.93226 -0.00336583 0.00488683
285000 5.07101 -0.00401286 0.00503709
286000 4.83274 -0.00586053 0.00478594
287000 5.04955 -0.00365053 0.00499409
288000 5.06078 -0.00509523 0.00501249
289000 4.9747 -0.00757614 0.00492429
290000 5.05873 -0.00357018 0.00501094
291000 5.0343 -0.00602529 0.0049778
292000 5.00269 -0.00484764 0.00495547
293000 5.05631 -0.00807994 0.00500472
294000 4.98107 -0.00476224 0.00493002
295000 4.98443 -0.00517403 0.00493476
296000 4.99367 -0.00124709 0.00495733
297000 5.12879 -0.00618888 0.00507789
298000 4.94828 -0.00109497 0.00491021
299000 4.96028 -0.00391816 0.00490872
300000 4.98062 -0.00342617 0.00492804
301000 4.94722 -0.00484117 0.00489847
302000 5.00431 -0.00567568 0.00494913
303000 4.92533 -0.00537398 0.00487046
304000 4.94414 -0.00245874 0.00490284
305000 4.9073 -0.00539281 0.00485913
306000 4.9949 -0.00272353 0.00494983
307000 5.00618 -0.00116707 0.0049625
308000 4.96178 -0.00702743 0.00490802
309000 5.19791 -0.00420274 0.00515484
310000 4.94985 -0.0036193 0.00489818
311000 4.99081 -0.00372556 0.00495243
312000 5.02257 -0.00452905 0.00497505
313000 4.92389 -0.00339839 0.00488146
314000 5.01008 -0.00703787 0.00495818
315000 5.03995 -6.78672e-05 0.00500806
316000 5.02225 -0.00150528 0.00498241
317000 4.99826 -0.00338179 0.00495072
318000 4.90978 -0.00603645 0.00485624
319000 5.16304 -0.00257927 0.00512698
320000 4.98844 -0.00664375 0.00493845
321000 4.92066 -0.00730494 0.00486677
322000 5.01373 -0.0090854 0.00497177
323000 5.05914 -0.00262046 0.00502752
324000 4.96477 -0.00383502 0.00491645
325000 5.02911 -0.00480083 0.00497953
326000 4.93734 -0.00397342 0.00488423
327000 4.93643 -0.0101103 0.00488096
328000 4.92086 -0.00382182 0.00487195
329000 5.12725 -0.00459791 0.00506967
330000 4.97825 -0.00288287 0.004936
331000 4.84396 -0.00505003 0.00479317
332000 4.99644 -0.00373477 0.0049437
333000 5.15001 -0.00620155 0.00511628
334000 5.00171 -0.0096856 0.00495221
335000 4.89736 -0.00200852 0.00485794
336000 5.10295 -0.00763301 0.00505274
337000 5.11043 -0.00489404 0.00506635
338000 4.7942 -0.00464259 0.00474478
339000 5.15151 -0.00469145 0.00509491
340000 5.00386 -0.00605254 0.00494982
341000 4.94161 -0.00476504 0.00488743
342000 5.03155 -0.00490274 0.0049756
343000 4.95321 -0.00607054 0.0049019
344000 5.0788 -0.00428408 0.00503602
345000 4.94061 -0.0038728 0.00489753
346000 5.05119 -0.00509978 0.00500306
347000 4.97535 -0.0109636 0.00494131
348000 4.91352 -0.0138799 0.00486183
349000 5.10205 -0.0157527 0.00505511
350000 4.96366 -0.0166275 0.00490639
351000 4.96757 -0.0116366 0.00492185
352000 5.08715 -0.0134648 0.00503365
353000 4.92445 -0.0131499 0.00487385
354000 5.00663 -0.0108954 0.0049585
355000 4.9161 -0.0178881 0.00486306
356000 4.8273 -0.0155242 0.00478326
357000 4.87633 -0.0192574 0.00482622
358000 4.9991 -0.0143699 0.00494915
359000 4.92097 -0.014075 0.00486646
360000 4.80316 -0.0151832 0.00474832
361000 4.86304 -0.0123834 0.00480944
362000 5.06216 -0.00514095 0.00501837
363000 5.12995 -0.0040857 0.00508572
364000 4.85929 -0.00593615 0.00480686
365000 5.05933 -0.00317745 0.00500378
366000 5.08612 -0.00472234 0.00503935
367000 4.98538 -0.0043221 0.00493509
368000 5.00846 -0.00350835 0.00495645
369000 5.03155 -0.00358757 0.00498573
370000 5.05623 -0.00480996 0.00500637
371000 5.12763 -0.00498805 0.00507315
372000 4.98766 -0.00283442 0.00493684
373000 5.02757 -0.000521273 0.00499988
374000 5.1019 -0.00337308 0.00504982
375000 4.85897 -0.00430933 0.00480898
376000 4.98382 -0.00251736 0.00494195
377000 5.11097 -0.00539077 0.00505792
378000 4.88956 -0.00168295 0.00484569
379000 5.06833 -0.00604751 0.00501783
380000 4.99245 -0.00823142 0.00494595
381000 4.8948 -0.00225927 0.00485736
382000 5.0761 -0.00360099 0.00502209
383000 5.06989 -0.0041234 0.00502422
384000 4.91228 -0.00410441 0.00486933
385000 4.89544 -0.00430867 0.00484719
386000 5.18835 -0.00520111 0.00513182
387000 4.8562 -0.00725681 0.00480358
388000 4.95758 -0.00409655 0.00490529
389000 5.05805 -0.00667726 0.0050041
390000 5.05517 -0.00515773 0.00501231
391000 5.08726 -0.00585108 0.00502865
392000 4.97882 -0.00409811 0.0049268
393000 5.09496 -0.00390995 0.0050496
394000 5.17732 0.000403565 0.005147
395000 5.07811 -0.00172091 0.0050458
396000 4.97585 -0.00517311 0.00493274
397000 5.13659 -0.00415928 0.00508532
398000 5.07434 -0.00311277 0.00502395
399000 5.03688 -0.0062361 0.00499014
400000 5.02843 -0.00571116 0.00497469
401000 5.01713 -0.00024478 0.0049763
402000 5.08461 -0.00388619 0.0050321
403000 5.06352 -0.0031194 0.00502368
404000 4.99158 -0.00503453 0.00493743
405000 4.91983 -0.00540908 0.00487826
406000 4.97618 -0.00497532 0.00493481
407000 5.17894 -0.00518638 0.00512703
408000 4.92385 -0.00432453 0.00488732
409000 4.77562 -0.00602777 0.0047267
410000 4.9009 -0.0043688 0.00485089
411000 5.04925 -0.00293601 0.00500193
412000 4.99059 -0.00548315 0.00494339
413000 5.01992 -0.00375097 0.00498374
414000 4.97529 -0.00675251 0.00492321
415000 5.0556 -0.00217317 0.00502501
416000 5.01905 -0.00151678 0.00498937
417000 4.86413 -0.00573059 0.00482241
418000 5.01892 -0.00983084 0.0049638
419000 5.13225 -0.00281086 0.00508117
420000 4.8614 -0.00299424 0.00480972
421000 5.17197 -0.0055152 0.0051179
422000 5.08079 -0.0031813 0.00503733
423000 4.81457 -0.00293698 0.00476962
424000 5.09383 -0.00422697 0.00504213
425000 5.07424 -0.00668656 0.00502351
426000 4.81621 -0.00429704 0.00478333
427000 5.04424 -0.002838 0.00499171
428000 5.13412 -0.0051467 0.00509091
429000 4.93637 -0.00401421 0.00488786
430000 4.99951 -0.00579874 0.00494618
431000 5.01368 -0.00364183 0.00497432
432000 5.00374 -0.00311155 0.00496416
433000 4.92544 -0.00269566 0.00487584
434000 5.11165 -0.00860708 0.00506365
435000 5.18271 -0.0045038 0.00512923
436000 5.04724 -0.00284688 0.00500091
437000 5.05367 -0.00360757 0.00500837
438000 5.06778 -0.00533473 0.00502358
439000 5.01389 -0.00637337 0.00495919
440000 5.11525 -0.00379751 0.00506429
441000 4.80272 -0.00305086 0.00475415
442000 5.16054 -0.00284701 0.00510698
443000 4.86299 -0.00391402 0.00481486
444000 4.94096 -0.00571092 0.00488859
445000 4.93762 -0.00449525 0.00489967
446000 5.01221 -0.00642445 0.00495723
447000 4.85903 -0.00189473 0.00481018
448000 4.99093 -0.00792844 0.00493679
449000 4.98323 -0.00668055 0.00493751
450000 5.16957 -0.00439728 0.00511977
451000 4.89705 -0.0030276 0.00484481
452000 4.90304 -0.00379301 0.00484883
453000 4.98525 -0.00518967 0.00494671
454000 4.96919 -0.00254621 0.00492849
455000 4.94929 -0.00684955 0.00490129
456000 4.95919 -0.00392146 0.00490605
457000 5.02248 -0.00410526 0.00497516
458000 4.94036 -0.00398205 0.00488741
459000 5.17587 -0.00379674 0.005122
460000 4.99161 -0.00201499 0.00495055
461000 4.98711 -0.00295382 0.00494025
462000 5.04952 -0.0035544 0.0049956
463000 4.9923 -0.00250899 0.00494739
464000 4.99678 -0.00374287 0.00495418
465000 4.98372 -0.00447021 0.00493518
466000 4.98545 -0.0104623 0.00493688
467000 4.9157 -0.0148681 0.00485985
468000 5.1526 -0.0156216 0.00508926
469000 5.14873 -0.0139128 0.00508972
470000 4.79455 -0.0102579 0.00475149
471000 5.13086 -0.0165664 0.00507071
472000 4.81534 -0.00721945 0.00476394
473000 5.08055 -0.000857668 0.00505448
474000 4.98586 -0.00522184 0.00493586
475000 5.17568 -0.00597921 0.00512676
476000 5.12605 -0.00538303 0.00507196
477000 4.84671 -0.00525619 0.00479776
478000 5.23825 -0.00415092 0.00518396
479000 5.10556 -0.00581192 0.00505401
480000 4.90591 -0.00358925 0.00486247
481000 5.11462 -0.00553909 0.0050631
482000 4.94149 -0.00481886 0.0048934
483000 5.01084 -0.0040836 0.00496223
484000 5.01534 -0.00733157 0.00496289
485000 5.06849 -0.00498009 0.00502274
486000 4.99059 -0.00668164 0.00493533
487000 5.03385 -0.00434374 0.00497985
488000 5.07798 -0.00413561 0.00502806
489000 4.97394 -0.00521948 0.00493439
490000 4.88535 -0.00459773 0.00483864
491000 4.99193 -0.00608654 0.00494054
492000 4.96775 -0.00264971 0.0049389
493000 5.05502 -0.0063135 0.00499884
494000 5.00671 -0.00216742 0.00495769
495000 4.97902 -0.00382369 0.00493976
496000 4.92533 -0.00400435 0.00487452
497000 5.04986 -0.001351 0.00501727
498000 4.83672 -0.00536278 0.00479103
499000 5.10673 -0.00497713 0.0050546
500000 5.07552 -0.00324281 0.00503179
501000 5.04758 -0.00229045 0.00500165
502000 4.93547 -0.00570825 0.00489285
503000 5.17797 -0.00519319 0.00513364
504000 5.11497 -0.00530186 0.00506447
505000 4.93378 0.00173333 0.00491496
506000 5.00489 -0.00739303 0.00495877
507000 5.02698 -0.00560089 0.00497379
508000 5.00913 -0.00207666 0.00496716
509000 5.10706 -0.00420484 0.00505623
510000 4.871 -0.00414308 0.00482203
511000 5.00707 -0.00530212 0.00495919
512000 5.09847 -0.0054803 0.0050496
513000 5.11663 -0.00475275 0.00507689
514000 4.84976 -0.00687509 0.00479617
515000 5.09952 -0.00699179 0.00504179
516000 4.87416 0.0029249 0.00485035
517000 4.92906 -0.00561291 0.00487522
518000 5.20119 -0.00462221 0.00514594
519000 4.93862 -0.00279518 0.00489815
520000 4.88272 -0.00403534 0.00483809
521000 5.12156 -0.00649518 0.00506518
522000 5.08128 -0.0046638 0.00503642
523000 5.05037 -0.00902828 0.00500379
524000 5.1522 -0.00626544 0.0050963
525000 4.90497 -0.00355592 0.00485766
526000 5.02256 -0.00314866 0.0049696
527000 5.09864 -0.00456388 0.00504871
528000 4.9186 -0.00239872 0.0048675
529000 5.02611 -0.0051775 0.00497501
530000 5.10581 -0.00561086 0.00505452
531000 4.83694 -0.000959243 0.00480534
532000 5.00283 -0.00413636 0.00496015
533000 5.23755 -0.00573168 0.00518995
534000 4.96777 -0.00545047 0.00491827
535000 4.97847 -0.00359756 0.00492599
536000 5.0186 -0.00469091 0.0049636
537000 4.88807 -0.00436596 0.00484776
538000 5.16608 -0.00602615 0.00511151
539000 4.87396 -0.0142537 0.00482254
540000 5.16346 -0.00968686 0.00510002
541000 4.88974 -0.00382265 0.00483533
542000 4.91935 -0.0042364 0.00488064
543000 4.90952 -0.00637969 0.00486285
544000 5.17473 -0.0135096 0.00511441
545000 5.01076 -0.00407586 0.00496794
546000 4.82703 -0.00292412 0.00477554
547000 5.05183 -0.00188145 0.00500339
548000 5.05593 -0.00248647 0.00501474
549000 4.9215 -0.00524194 0.00487524
550000 5.00664 -0.00348849 0.00495792
551000 5.12565 -0.00306426 0.00508269
552000 5.11913 -0.00980669 0.0050838
553000 4.99853 -0.00547739 0.0049544
554000 4.98281 -0.00608571 0.00493514
555000 5.01171 -0.00254566 0.00497251
556000 4.92605 -0.00353636 0.00488396
557000 4.99727 -0.00717821 0.00494665
558000 4.92517 -0.00220676 0.00488007
559000 5.15119 -0.00458518 0.00510209
560000 5.01601 -0.00406409 0.00496635
561000 4.90931 -0.00286847 0.00486976
562000 5.02581 -0.00337306 0.00498099
563000 4.77196 -0.0051011 0.00472227
564000 5.19577 -0.00488277 0.00513861
565000 4.8473 -0.00638246 0.00480611
566000 5.11811 -0.00353116 0.00506753
567000 5.06557 -0.00512936 0.00501302
568000 4.84158 -0.00109966 0.00479606
569000 5.15303 -0.00187735 0.00510963
570000 5.02485 -0.00370719 0.00498064
571000 4.85242 -0.00693981 0.00480593
572000 5.02539 -0.00470194 0.00498051
573000 5.03556 -0.00414085 0.00498517
574000 5.15271 -0.00282647 0.00509882
575000 5.09043 -0.00205226 0.00505827
576000 4.94492 -0.00632568 0.00489924
577000 4.98288 -0.00151077 0.00493651
578000 5.03919 -0.00565581 0.00498525
579000 4.97354 -0.0056933 0.00491866
580000 5.02658 -0.00290439 0.00497627
581000 4.90294 -0.00941438 0.00485421
582000 4.93307 -0.00892704 0.00487707
583000 5.14324 -0.0105238 0.00508773
584000 4.93755 -0.0105933 0.0048854
585000 4.92525 -0.00588294 0.00489767
586000 5.13151 -0.012033 0.00508428
587000 4.85227 -0.0125793 0.0047983
588000 5.25952 -0.00312745 0.00522478
589000 4.93897 -0.00543705 0.00489087
590000 4.90881 -0.00296359 0.00485997
591000 4.93569 -0.00578563 0.00489007
592000 5.0639 -0.00454362 0.00502025
593000 4.80945 -0.0120751 0.00475664
594000 5.03606 -0.00481184 0.00499071
595000 5.0972 -0.00203712 0.00504869
596000 4.9776 -0.0036322 0.00492689
597000 5.004 -0.00527829 0.00494852
598000 5.0796 -0.00599559 0.00503831
599000 4.96965 -0.00362944 0.00491621
600000 4.92076 -0.00332792 0.00487544
601000 4.932 -0.00415442 0.00488986
602000 5.0533 -0.00364915 0.00500202
603000 5.01978 -0.00255971 0.00498465
604000 5.06879 -0.00483231 0.00502012
605000 4.99249 -0.00673213 0.00494705
606000 4.86068 -0.00376015 0.00481023
607000 5.01001 -0.00527432 0.00495955
608000 4.96578 -0.00545107 0.00492889
609000 5.06043 -0.00619783 0.0050143
610000 4.84494 -0.00482476 0.00479308
611000 4.85789 -0.00507005 0.00481093
612000 4.9893 -0.00611774 0.00493682
613000 5.02901 -0.00293539 0.00497606
614000 5.1372 -0.00269201 0.00508802
615000 4.9164 -0.00271661 0.00486934
616000 4.89918 -0.00391843 0.00486153
617000 5.0053 -0.00472075 0.00495338
618000 4.92597 -0.00381299 0.00488377
619000 4.98943 -0.00379648 0.00493747
620000 5.03205 -0.00490053 0.00497951
621000 5.05817 -0.00463787 0.00501077
622000 4.9637 -0.0051561 0.00490742
623000 5.0711 -0.00501714 0.00502069
624000 4.89802 -0.00469784 0.00484781
625000 4.81041 -0.00547032 0.0047612
626000 4.9078 -0.00263435 0.00486702
627000 5.03158 -0.00452696 0.00499174
628000 4.85327 -0.00673816 0.00479908
629000 4.98326 -0.00287257 0.00493514
630000 5.01558 -0.00402641 0.00496137
631000 4.97992 -0.00746888 0.00492841
632000 5.14244 -0.00552038 0.00508928
633000 4.94165 -0.00382144 0.00490266
634000 4.91351 -0.00441052 0.00486221
635000 5.07485 -0.00421994 0.00503358
636000 5.04617 -0.00345467 0.00501194
637000 5.03444 -0.00428795 0.00498591
638000 4.81091 -0.00476069 0.00475735
639000 4.92563 -0.00829314 0.00487173
640000 4.95989 -0.00383705 0.00491819
641000 4.81455 -0.00535666 0.00477223
642000 4.87906 -0.00697835 0.00483033
643000 5.17968 -0.00783842 0.00512623
644000 4.83488 -0.00561029 0.00478878
645000 5.0226 -0.00605472 0.00497238
646000 5.10768 -0.00396981 0.00505524
647000 4.86114 -0.0035341 0.00481531
648000 4.98456 -0.00337571 0.00493407
649000 5.0986 -0.00163477 0.00505137
650000 4.98184 -0.00655272 0.00493223
651000 4.99696 -0.00464527 0.00494861
652000 4.86342 -0.0046596 0.0048096
653000 4.95906 -0.00683742 0.00490879
654000 5.07755 -0.00324815 0.00502423
655000 5.0238 -0.00587141 0.00497259
656000 4.93921 -0.0036481 0.00489461
657000 5.01709 -0.00631235 0.00496433
658000 4.9233 -0.00257795 0.00487761
659000 4.9767 -0.00155903 0.00493928
660000 4.91451 -0.00804288 0.00486235
661000 5.13288 -0.00877933 0.00507827
662000 4.89054 -0.00434848 0.00485011
663000 5.0003 -0.00637181 0.00494655
664000 5.07551 -0.00190634 0.00503707
665000 4.89766 -0.00851816 0.00485016
666000 5.08448 -0.00288037 0.00503325
667000 4.97628 -0.00505815 0.00492212
668000 4.9731 -0.00276424 0.00492669
669000 4.96802 -0.00508217 0.00491889
670000 4.92444 -0.00471136 0.00487194
671000 4.97381 -0.00484139 0.0049202
672000 4.99303 -0.00314538 0.00495243
673000 5.0658 -0.0013305 0.00503579
674000 4.91286 -0.000635118 0.0048751
675000 5.0604 -0.00374085 0.00500547
676000 5.07125 -0.0049106 0.00502174
677000 5.08309 -0.00620954 0.00503563
678000 4.97546 -0.00391719 0.00492208
679000 4.91779 -0.00757065 0.0048625
680000 4.92942 -0.004892 0.0048818
681000 5.164 -0.00549695 0.0051143
682000 4.95543 -0.00536162 0.00489963
683000 5.05905 0.000584603 0.00503082
684000 4.86941 -0.00371782 0.00482917
685000 4.80016 -0.00275321 0.00475163
686000 4.85287 -0.00174668 0.00481246
687000 5.01084 -0.00381309 0.0049594
688000 4.9291 -0.00498791 0.00487869
689000 4.82092 -0.00707921 0.00476902
690000 5.04944 -0.00448108 0.00500534
691000 4.91501 -0.00736788 0.00486244
692000 5.21898 -0.00612178 0.00516561
693000 5.08847 -0.00636883 0.00503827
694000 4.83861 -0.00759895 0.00479229
695000 4.99793 -0.00225725 0.00496153
696000 5.03219 -0.004909 0.00497683
697000 4.98618 -0.00292557 0.00494732
698000 4.94186 -0.0035831 0.00488771
699000 5.00855 -0.00238385 0.00498916
700000 5.0226 -0.00299323 0.00498107
701000 5.02167 -0.0117428 0.00496197
702000 5.05215 -0.000231861 0.00501676
703000 4.83189 -0.00472473 0.00478814
704000 4.85393 -0.00547372 0.00480224
705000 4.8721 -0.00526803 0.00482271
706000 5.02111 -0.00543522 0.00496553
707000 4.90038 -0.00298075 0.00486306
708000 4.77764 -0.00514438 0.00472772
709000 5.12542 -0.00363231 0.00507791
710000 4.89589 -0.00631763 0.0048501
711000 5.08829 -0.00294695 0.00504279
712000 4.98184 -0.00579204 0.00493761
713000 5.0351 -0.00394079 0.00498176
714000 4.94492 -0.00545892 0.00489518
715000 5.03665 -0.00281556 0.00498664
716000 4.97797 -0.00431825 0.0049239
717000 4.94662 -0.00398877 0.00490017
718000 5.13541 -0.00476935 0.00508879
719000 4.93567 -0.0019384 0.00489462
720000 4.96196 -0.00204523 0.00493418
721000 5.01009 -0.00596107 0.00496185
722000 5.02569 -0.00638668 0.00497511
723000 4.96374 -0.00350803 0.00491141
724000 5.10711 -0.00251618 0.0050687
725000 4.8399 -0.00485014 0.00480365
726000 5.10228 -0.00984483 0.00504584
727000 5.0303 -0.00419817 0.00497866
728000 4.82698 -0.00429633 0.0047865
729000 5.01635 -0.00552488 0.0049638
730000 5.00688 -0.00322683 0.00496344
731000 5.03525 -0.00705276 0.00498337
732000 5.08115 -0.0109518 0.00502768
733000 4.83785 -0.00691916 0.00479366
734000 4.97449 -0.00889457 0.00492125
735000 5.13397 -0.00904589 0.00507892
736000 4.84234 -0.00399289 0.00479375
737000 5.19891 -0.00224808 0.00515303
738000 5.00969 -0.00397858 0.00496324
739000 4.96083 -0.000923318 0.00491188
740000 4.81726 -0.00266907 0.00478264
741000 5.0062 -0.00295813 0.00495982
742000 4.97654 -0.00431015 0.00492606
743000 5.00297 -0.00862708 0.00495713
744000 4.9522 -0.00915914 0.00491702
745000 4.98649 -0.00748649 0.00492904
746000 5.03034 -0.00715013 0.0049894
747000 4.99262 -0.00713811 0.00494008
748000 4.98362 -0.00981598 0.00492594
749000 5.15578 -0.00625063 0.00511064
750000 4.85028 -0.00676964 0.00479546
751000 5.08653 -0.00328538 0.00503316
752000 4.93 -0.00740968 0.00488179
753000 5.05567 -0.00387661 0.00501654
754000 5.06412 -0.00438049 0.00502949
755000 5.09139 -0.00245812 0.00504725
756000 4.97196 -0.00158489 0.0049347
757000 4.90979 -0.00450238 0.00486319
758000 5.15556 -0.00279195 0.00511667
759000 4.90185 -0.0050513 0.00484767
760000 5.09561 -0.00424925 0.00505497
761000 4.83885 -0.00749777 0.0047871
762000 5.17267 -0.00181696 0.0051177
763000 4.90731 -0.0034228 0.0048618
764000 4.92183 -0.00497629 0.00487514
765000 5.03117 0.000915103 0.00499745
766000 5.22723 -0.00408362 0.00519251
767000 5.05497 -0.0025524 0.00501023
768000 4.90504 -0.00173932 0.00486345
769000 4.98717 -0.00232221 0.00495107
770000 4.97453 -0.000641974 0.0049394
771000 5.04887 -0.00265889 0.00501755
772000 4.87068 -0.00362124 0.00483631
773000 5.1827 -0.00519032 0.00513486
774000 4.8304 -0.00407094 0.00478994
775000 5.04778 -0.00535144 0.00499448
776000 5.04008 -0.00181207 0.00500847
777000 4.78631 -0.00508313 0.00473663
778000 4.94414 -0.00673883 0.0048904
779000 5.00973 -0.00566555 0.00495326
780000 4.86033 -0.00166051 0.00483083
781000 4.8852 -0.00679719 0.0048316
782000 5.1031 -0.00232729 0.00506571
783000 5.04288 -0.00551249 0.0049926
784000 4.8725 -0.0057959 0.00482274
785000 5.04314 -0.00369157 0.00498806
786000 5.18111 -0.00203848 0.00512917
787000 4.84942 -0.00247737 0.00480862
788000 5.19926 -0.0053144 0.0051487
789000 4.8364 -0.00150457 0.00479352
790000 4.86508 -0.00557477 0.00482372
791000 5.13915 -0.00257839 0.00509033
792000 5.06237 -0.00229727 0.00501787
793000 4.97408 -0.00221688 0.00493918
794000 4.94523 -0.00455138 0.00489117
795000 5.09898 -0.00386023 0.00504636
796000 4.91285 0.00459286 0.00493444
797000 4.93089 -0.0029416 0.00488756
798000 4.98353 -0.00300537 0.00493815
799000 5.10509 -0.0020181 0.00506665
800000 4.87894 -0.00561918 0.00483247
801000 5.18675 -0.00332397 0.00513674
802000 4.83497 -0.00418708 0.00478121
803000 5.0615 -0.00613255 0.00500408
804000 5.11785 -0.00663015 0.00507033
805000 4.87322 -0.0036603 0.0048254
806000 4.94792 -0.00505655 0.00489866
807000 5.02203 -0.00798284 0.00496795
808000 4.86767 -0.00605412 0.00482814
809000 4.80397 -0.00553381 0.00475956
810000 5.00342 -0.00371726 0.00495229
811000 5.12716 -0.00466663 0.00508267
812000 5.10434 -0.00491074 0.00505648
813000 4.83576 -0.00598584 0.004786
814000 5.1555 -0.00262394 0.0051008
815000 4.95235 -0.00339502 0.00490201
816000 4.91343 -0.00554085 0.00485933
817000 5.15757 -0.00992134 0.00510388
818000 5.08665 -0.00595525 0.00502994
819000 4.97115 -0.00414374 0.00491579
820000 5.125 -0.00438087 0.00507047
821000 5.14576 -0.00899476 0.00509144
822000 5.03254 0.00152213 0.00499995
823000 5.01261 -0.00317284 0.00495823
824000 5.03621 -0.00864442 0.00498127
825000 5.14911 -0.00396227 0.00510159
826000 4.89875 -0.00358974 0.00484684
827000 5.02443 -0.00400015 0.0049757
828000 5.02413 -0.00524978 0.00498093
829000 5.05793 -0.00450527 0.00501398
830000 5.04761 -0.00302015 0.00501307
831000 5.12058 -0.00438991 0.00506482
832000 4.85359 -0.00337161 0.00481044
833000 4.98562 -0.00628137 0.00494111
834000 5.15503 -0.00640871 0.00509929
835000 4.92342 -0.00601552 0.00487844
836000 4.91903 -0.00683653 0.00486389
837000 5.05376 -0.0051422 0.00500847
838000 4.85718 -0.00656803 0.00481334
839000 5.14836 -0.00482581 0.00509267
840000 4.9341 -0.00785353 0.0048911
841000 4.98428 -0.00256437 0.00495187
842000 5.09041 -0.00488727 0.00503981
843000 4.96001 -0.00344111 0.00491139
844000 4.90152 -0.00581036 0.00486003
845000 5.07686 -0.00631813 0.00502429
846000 4.90792 -0.00504701 0.00486037
847000 4.78595 -0.00685347 0.00474123
848000 4.90259 -0.00353547 0.00486004
849000 5.04329 -0.00285387 0.00499086
850000 4.85919 -0.00363597 0.00481369
851000 5.05983 -0.00812934 0.00501902
852000 4.84643 -0.00310414 0.00480334
853000 5.10606 -0.00350001 0.00507307
854000 5.01088 -0.00594335 0.00496131
855000 4.9428 -0.00543554 0.00488752
856000 5.12089 -0.00427814 0.00508192
857000 4.97803 -0.00418126 0.00492601
858000 4.99846 -0.00288941 0.00495298
859000 5.08397 -0.00490002 0.00503319
860000 4.78294 -0.00493127 0.00473229
861000 5.17929 -0.00162412 0.00514059
862000 4.88427 -0.00421091 0.00483688
863000 4.99999 -0.00749599 0.00494886
864000 5.12528 -0.00575663 0.00507498
865000 4.91394 -0.00277497 0.00486554
866000 4.90701 -0.00388689 0.00486029
867000 4.98607 -0.00469915 0.00493461
868000 5.01089 -0.00335612 0.00496932
869000 4.97417 -0.00482512 0.00492818
870000 4.85099 -0.00346246 0.00480691
871000 5.16785 -0.00519137 0.00512617
872000 5.11811 -0.00291074 0.00507992
873000 4.89788 -0.00855739 0.00484305
874000 4.97054 -0.00884661 0.00492581
875000 5.13998 -0.00727942 0.00509098
876000 4.87431 -0.00671101 0.00482559
877000 4.97223 -0.00483337 0.0049263
878000 5.16063 -0.00427979 0.00511004
879000 5.03642 -0.0031626 0.00501099
880000 5.02339 -0.00525393 0.00498172
881000 5.11444 -0.00140639 0.00508839
882000 5.08274 -0.00252013 0.00503532
883000 5.10134 -0.00841313 0.00504858
884000 5.14956 -0.00469523 0.00509678
885000 4.95194 -0.00482769 0.0049006
886000 5.07276 -0.000544386 0.00504381
887000 4.97875 -0.00515 0.00493287
888000 4.95334 -0.0078537 0.00489759
889000 4.83618 -0.00716011 0.00478335
890000 5.01044 -0.00527996 0.00496341
891000 4.97924 -0.00632739 0.00492668
892000 4.86024 -0.00472157 0.00481149
893000 5.11282 -0.00560089 0.00506414
894000 4.94193 -0.00964974 0.00489464
895000 5.1747 -0.00253978 0.00513865
896000 4.94778 -0.00627258 0.00491174
897000 5.11324 -0.0031861 0.00507997
898000 4.88035 -0.00923459 0.00482335
899000 4.97197 -0.00562892 0.00491818
900000 4.94175 -0.00726395 0.00488877
901000 5.07664 -0.0113248 0.00503978
902000 4.98979 -0.0101418 0.00496444
903000 5.03325 -0.0150979 0.00498808
904000 4.98994 -0.0128015 0.00495815
905000 5.06728 -0.0145873 0.00501113
906000 4.88343 -0.00472785 0.00483371
907000 4.88683 -0.00527826 0.00484088
908000 5.1417 -0.00626598 0.00509665
909000 5.04767 -0.00742874 0.00499853
910000 4.82633 -0.00459179 0.00477995
911000 5.17446 -0.00580154 0.00512934
912000 4.93847 -0.00370853 0.00488617
913000 4.88274 -0.000867662 0.00485336
914000 5.04215 -0.00738566 0.00499212
915000 5.17712 -0.00603116 0.00513202
916000 5.10034 -0.00447711 0.00505351
917000 4.98177 -0.00379934 0.00493408
918000 5.09306 -0.00622327 0.00504156
919000 5.09324 -0.00300598 0.00504071
920000 5.13332 -0.00268801 0.00508511
921000 4.97361 -0.00226955 0.0049405
922000 5.14337 -0.0036391 0.00508675
923000 4.81483 -0.00275895 0.00476995
924000 4.9872 -0.00550492 0.00493589
925000 5.00989 -0.00639684 0.00495872
926000 5.03927 -2.68082e-05 0.00501159
927000 5.00911 -0.00512312 0.00496233
928000 4.90333 -0.00250909 0.00485539
929000 5.13973 -0.00556669 0.00508893
930000 5.05229 -0.00434939 0.00501418
931000 4.79687 -0.00445029 0.00474975
932000 5.18868 -0.00280526 0.00514824
933000 5.03456 -0.00363081 0.00498821
934000 4.77288 -0.000559242 0.00473606
935000 4.9362 -0.00265181 0.00489315
936000 5.20241 -0.00393145 0.005152
937000 4.8544 -0.00441302 0.00479969
938000 5.10451 -0.00532942 0.00504735
939000 4.97519 -0.00462472 0.00493192
940000 4.8371 -0.00519172 0.00478831
941000 5.11567 0.000559277 0.00508734
942000 5.06639 -0.0049017 0.00501858
943000 5.02473 -0.00479818 0.00498572
944000 4.91571 -0.0108062 0.00486754
945000 5.0124 -0.0124926 0.00495761
946000 5.0368 -0.0119909 0.0049852
947000 5.15076 -0.0124697 0.00509827
948000 4.8995 -0.00494929 0.0048566
949000 4.95551 -0.00562278 0.00490034
950000 5.06698 -0.00389015 0.00501816
951000 5.13667 -0.00549018 0.00508132
952000 5.00691 -0.00610305 0.00496327
953000 5.04716 -0.000316945 0.00501867
954000 5.18113 -0.00585678 0.00513226
955000 5.07673 -0.0050359 0.00503181
956000 4.98291 -0.00409624 0.00493352
957000 5.12331 -0.00873306 0.00507188
958000 5.0972 -0.00666124 0.00504493
959000 4.97107 -0.005323 0.0049226
960000 4.98199 -0.00248305 0.00493542
961000 5.06671 -0.00686395 0.00500918
962000 4.89007 -0.0065568 0.00484186
963000 5.11297 -0.00297965 0.00506591
964000 5.11669 -0.00492667 0.00507146
965000 4.92813 -0.00435492 0.00488274
966000 4.80381 -0.00823799 0.00475504
967000 4.93607 -0.00310925 0.00488931
968000 5.19529 -0.0016191 0.00516467
969000 4.82372 -0.00434871 0.00477804
970000 5.08498 -0.0057525 0.00503364
971000 5.06745 -0.00196433 0.00503428
972000 4.86103 -0.00479902 0.00482267
973000 5.15943 -0.00461509 0.00510746
974000 4.92726 -0.006204 0.00487803
975000 4.79779 -0.00927474 0.00474925
976000 4.96491 -0.00239941 0.0049284
977000 5.23032 -0.00247998 0.00517681
978000 4.82407 -0.00558296 0.00477311
979000 5.07654 -0.00915106 0.00502404
980000 4.97851 -0.00572778 0.00493078
981000 4.90393 -0.00393369 0.0048573
982000 5.13059 -0.00562415 0.00508001
983000 5.13368 -0.00498438 0.00508729
984000 4.91668 -0.00435832 0.00487305
985000 5.01643 -0.000405155 0.00498751
986000 4.90831 -0.00164411 0.00486237
987000 5.00013 -0.0047133 0.00494676
988000 5.03162 -0.00252659 0.00498241
989000 5.00575 -0.00263207 0.00495699
990000 4.86675 -0.00425721 0.0048161
991000 5.01419 -0.00305 0.00496062
992000 5.15081 -0.00247516 0.00510327
993000 4.89281 -0.00303929 0.00484884
994000 5.02728 -0.00378056 0.00498146
995000 5.02938 -0.00618653 0.00497268
996000 5.04996 -0.00408163 0.00500792
997000 4.97991 -0.00618468 0.00492943
998000 5.04003 -0.00608632 0.00499051
999000 5.0662 -0.00528231 0.00501397
1000000 5.01321 -0.00430388 0.00496779
1001000 5.12913 -0.0056241 0.00508459
1002000 4.99333 -0.00331391 0.00494979
1003000 5.09555 -0.00588276 0.0050425
1004000 4.90008 -0.00278377 0.00484713
1005000 5.18469 -0.00219354 0.00515757
1006000 4.91229 -0.00511661 0.00486117
1007000 4.93771 -0.00342554 0.00488927
1008000 5.14086 -0.00334877 0.00509986
1009000 5.19819 -0.00258008 0.00515111
1010000 4.92644 -0.00700101 0.0048746
1011000 5.02215 -0.00682032 0.00497685
1012000 5.07624 -0.0064996 0.00502566
1013000 5.09069 -0.00520199 0.00504969
1014000 5.07436 -0.00603411 0.00502156
1015000 5.03645 -0.002152 0.00499169
1016000 4.83735 -0.0012985 0.0047948
1017000 5.08921 -0.00430073 0.00503465
1018000 5.01121 -0.00713005 0.00496317
1019000 4.99672 -0.00513411 0.00494804
1020000 4.96278 -0.00494791 0.00492128
1021000 5.01356 -0.00424796 0.00497494
1022000 5.10082 -0.00485862 0.00506702
1023000 5.03166 -0.00597196 0.00498192
1024000 5.05437 -0.00641505 0.00500981
1025000 5.09762 -0.00478194 0.00504603
1026000 5.01729 -0.00241715 0.00496677
1027000 4.84804 -0.00473894 0.00480899
1028000 4.99538 -0.00514325 0.00494553
1029000 5.07001 -0.00306449 0.00501794
1030000 4.9372 -0.00404709 0.00488612
1031000 5.09238 -0.00599636 0.00504495
1032000 4.97594 -4.09815e-06 0.00493788
1033000 4.96649 -0.00330269 0.00491584
1034000 5.01361 -0.00207823 0.00497352
1035000 5.05475 -0.00133081 0.0050084
1036000 5.04183 -0.0057627 0.00499268
1037000 4.88835 -0.00323874 0.00483983
1038000 4.93367 -0.00521622 0.00488131
1039000 5.13399 -0.00291413 0.00507943
1040000 4.92109 -0.00458277 0.00487386
1041000 4.8786 -0.00458391 0.00483954
1042000 5.06999 -0.00292254 0.00502579
1043000 4.86924 -0.00378637 0.00482056
1044000 5.12211 -0.00508216 0.00506756
1045000 5.1225 -0.00555143 0.00506615
1046000 4.8086 -0.00593663 0.00477026
1047000 5.08239 -0.00118345 0.00504417
1048000 5.16566 -0.00649231 0.00510938
1049000 4.89274 -0.00958024 0.00484375
1050000 4.8623 -0.0112775 0.00480715
1051000 5.12776 -0.00797073 0.00507922
1052000 4.81554 -0.00336946 0.00477446
1053000 5.12313 -0.0032225 0.005079
1054000 5.09258 -0.00828695 0.00503761
1055000 5.06876 -0.00350084 0.00501575
1056000 5.082 -0.00364749 0.00503536
1057000 4.92943 -0.0101915 0.00487496
1058000 4.94185 -0.00559046 0.00488993
1059000 5.05868 -0.00398141 0.00501646
1060000 4.96593 -0.00273068 0.00492391
1061000 4.9141 -0.00296884 0.00487213
1062000 4.98231 -0.00601437 0.00493404
1063000 4.92743 -0.00476046 0.00488156
1064000 4.958 -0.00494879 0.00491319
1065000 4.96798 -0.00540182 0.00491874
1066000 5.16563 -0.00555358 0.00511638
1067000 4.97946 -0.00367771 0.00492615
1068000 4.88722 -0.00388428 0.00484598
1069000 4.82012 -0.00272588 0.00478663
1070000 5.11533 -0.00575872 0.00505775
1071000 5.00341 -0.00719566 0.00495045
1072000 4.99895 -0.00462288 0.00495006
1073000 5.02544 -0.0040339 0.00498141
1074000 4.99704 -0.00345294 0.00495129
1075000 5.00586 -0.00643011 0.00495475
1076000 4.99866 -0.00721697 0.00496159
1077000 5.1209 -0.00702976 0.00508097
1078000 4.85372 -0.00370284 0.00481079
1079000 5.0057 -0.00317993 0.00496701
1080000 5.16637 -0.00424086 0.00511035
1081000 4.90157 -0.00381667 0.00484907
1082000 5.0073 -0.0054203 0.00496393
1083000 5.10364 -0.00150392 0.00506388
1084000 5.14274 -0.00502241 0.00509015
1085000 4.90593 -0.00394249 0.00485684
1086000 5.02545 -0.00342314 0.00497448
1087000 4.84055 -0.00265589 0.00480374
1088000 5.03257 -0.00668667 0.00498777
1089000 5.13283 -0.00282218 0.00508485
1090000 5.0092 -0.00371413 0.00496265
1091000 5.03015 0.00167608 0.00501767
1092000 5.05241 -0.00361836 0.00500549
1093000 4.93919 -0.00400016 0.00490247
1094000 5.00336 -0.00315825 0.00495145
1095000 4.8971 -0.00550912 0.00484976
1096000 5.14971 -0.00452609 0.00509747
1097000 5.15368 0.000244427 0.0051308
1098000 4.82892 -0.0071431 0.0047818
1099000 5.09728 -0.00538844 0.0050409
1100000 4.79295 -0.00432591 0.00474089
