# Time-averaged data for fix 2
# TimeStep v_Temperature v_PotentialEnergy v_Pressure
1000 0.905243 -0.820496 0.0493095
2000 0.842484 -1.06917 0.0300559
3000 0.881666 -1.09689 0.0332457
4000 0.850633 -1.09535 0.0387466
5000 0.835808 -1.0889 0.0300431
6000 0.845216 -1.16837 0.0237681
7000 0.852536 -1.11328 0.0338788
8000 0.833896 -1.10289 0.0359026
9000 0.840494 -1.31814 0.0283251
10000 0.840086 -1.30304 0.0295455
11000 0.854234 -1.1343 0.0346225
12000 0.84814 -1.21954 0.0386569
13000 0.848204 -1.20703 0.02916
14000 0.855568 -1.19005 0.0300128
15000 0.842569 -1.36381 0.0271131
16000 0.84931 -1.31057 0.0270425
17000 0.854501 -1.56274 0.023873
18000 0.862264 -1.34768 0.0258121
19000 0.846374 -1.45959 0.0225366
20000 0.856346 -1.62238 0.020787
21000 0.861363 -1.71292 0.0277062
22000 0.871507 -1.70891 0.0273098
23000 0.835843 -1.82676 0.0249578
24000 0.834026 -1.85583 0.0180082
25000 0.863141 -1.76804 0.0197902
26000 0.871521 -1.67619 0.0237114
27000 0.845537 -1.82533 0.0271281
28000 0.864585 -1.76515 0.027278
29000 0.826306 -1.52438 0.0311988
30000 0.847564 -1.56741 0.0254757
31000 0.846463 -1.50397 0.0221333
32000 0.838365 -1.6744 0.0241564
33000 0.849671 -1.75777 0.0209195
34000 0.850163 -1.68528 0.0259051
35000 0.822551 -1.76595 0.0154641
36000 0.854725 -1.85084 0.0282821
37000 0.847034 -1.63809 0.0216565
38000 0.824838 -1.62735 0.0224086
39000 0.874156 -1.45797 0.0261252
40000 0.870271 -1.63735 0.0268071
41000 0.826698 -1.99708 0.0211808
42000 0.836665 -2.02683 0.0173397
43000 0.833712 -1.991 0.0146053
44000 0.837108 -2.11772 0.0171445
45000 0.819885 -2.22599 0.0170762
46000 0.872927 -1.83627 0.0289791
47000 0.860312 -1.85221 0.0254492
48000 0.83876 -1.79094 0.0266036
49000 0.837408 -1.7742 0.0219305
50000 0.820626 -1.85299 0.0262135
51000 0.847135 -2.0348 0.0215308
52000 0.866049 -1.88052 0.026355
53000 0.852072 -1.62204 0.0253324
54000 0.845209 -1.68176 0.0232714
55000 0.85623 -1.78154 0.0315133
56000 0.847988 -1.73868 0.0270093
57000 0.829423 -1.66231 0.0217533
58000 0.820827 -1.61943 0.0235737
59000 0.826192 -1.62308 0.0169101
60000 0.874903 -1.59835 0.0305932
61000 0.860052 -1.39132 0.0312109
62000 0.849925 -1.57036 0.026869
63000 0.858699 -1.52617 0.0303476
64000 0.866918 -1.29464 0.0350515
65000 0.881317 -1.30876 0.0384841
66000 0.837591 -1.47726 0.0290971
67000 0.857694 -1.70278 0.0318829
68000 0.855603 -1.75559 0.0201397
69000 0.868491 -1.84122 0.0266508
70000 0.823982 -1.75815 0.0254303
71000 0.855158 -1.90666 0.0220067
72000 0.843386 -1.86456 0.0186405
73000 0.868202 -1.8806 0.0227396
74000 0.856875 -1.81763 0.0203768
75000 0.848058 -1.6866 0.0235029
76000 0.851168 -1.38354 0.0250529
77000 0.847728 -1.42521 0.0209454
78000 0.890025 -1.55701 0.0263199
79000 0.878752 -1.445 0.0322082
80000 0.829533 -1.52054 0.0275989
81000 0.850046 -1.53837 0.0263144
82000 0.872458 -1.77219 0.0232788
83000 0.845585 -1.58975 0.0227455
84000 0.843169 -1.62837 0.0229714
85000 0.825809 -1.81586 0.0174272
86000 0.841478 -2.032 0.0195592
87000 0.830774 -1.92182 0.0156662
88000 0.837473 -1.65764 0.0207063
89000 0.832285 -1.63437 0.0181185
90000 0.894561 -1.42368 0.0301042
91000 0.824151 -1.42325 0.0213714
92000 0.856659 -1.54784 0.0258839
93000 0.844883 -1.72909 0.0205467
94000 0.847275 -1.70047 0.0214868
95000 0.825422 -1.52846 0.024978
96000 0.84075 -1.39182 0.0267277
97000 0.8562 -1.4046 0.0256093
98000 0.852316 -1.30939 0.0248073
99000 0.846116 -1.44561 0.02097
100000 0.836684 -1.80099 0.0158668
101000 0.856445 -1.72978 0.0226536
102000 0.851145 -1.58821 0.0266701
103000 0.850598 -1.54454 0.0221296
104000 0.847114 -1.40903 0.0269354
105000 0.812209 -1.5772 0.0248185
106000 0.847228 -1.54558 0.0253096
107000 0.848021 -1.56449 0.0220985
108000 0.828313 -1.50882 0.0235272
109000 0.854715 -1.555 0.0226465
110000 0.857391 -1.78769 0.0219519
111000 0.822982 -1.71274 0.0174587
112000 0.86858 -1.64693 0.0276617
113000 0.851372 -1.65652 0.0268098
114000 0.837505 -1.68003 0.0235486
115000 0.871289 -1.57336 0.0332882
116000 0.862048 -1.35182 0.0309164
117000 0.854775 -1.46181 0.0293448
118000 0.858346 -1.49018 0.0327226
119000 0.854502 -1.32716 0.0312542
120000 0.848185 -1.27176 0.0326041
121000 0.842776 -1.62304 0.0250896
122000 0.856256 -1.4859 0.0245315
123000 0.847097 -1.68087 0.0228437
124000 0.816859 -1.88536 0.0165338
125000 0.85552 -1.68789 0.0219019
126000 0.854266 -1.55701 0.0291774
127000 0.828246 -1.26679 0.024648
128000 0.842279 -1.21375 0.0320886
129000 0.855423 -1.39861 0.0237733
130000 0.849234 -1.54325 0.021422
131000 0.860508 -1.54521 0.0192375
132000 0.847044 -1.67806 0.0244707
133000 0.853764 -1.53898 0.0281287
134000 0.829789 -1.73563 0.0197534
135000 0.83055 -1.97708 0.0183143
136000 0.821618 -1.98209 0.0170759
137000 0.822549 -1.83777 0.0214828
138000 0.861081 -1.68952 0.0225864
139000 0.834525 -1.54892 0.0200794
140000 0.876689 -1.35637 0.0328829
141000 0.852977 -1.29926 0.0284087
142000 0.845294 -1.21636 0.030081
143000 0.870055 -1.14056 0.0295853
144000 0.855293 -1.23961 0.0295072
145000 0.832303 -1.25224 0.0251313
146000 0.860884 -1.34347 0.0224781
147000 0.853094 -1.63824 0.0255311
148000 0.829092 -1.82137 0.0193528
149000 0.840942 -1.71861 0.0184543
150000 0.821582 -1.72764 0.0148029
151000 0.83763 -1.63193 0.0224212
152000 0.813642 -1.71803 0.0189081
153000 0.846165 -1.44742 0.0264867
154000 0.846045 -1.26847 0.0270604
155000 0.858903 -1.18002 0.0290201
156000 0.856727 -1.46004 0.0213191
157000 0.809002 -1.67257 0.0141362
158000 0.830178 -1.73642 0.0266557
159000 0.830424 -1.63231 0.0250378
160000 0.833241 -1.72638 0.0257388
161000 0.857513 -1.87809 0.0237169
162000 0.870661 -1.72048 0.0237438
163000 0.866461 -1.57544 0.0299522
164000 0.833347 -1.58598 0.0228612
165000 0.862943 -1.72677 0.0250947
166000 0.842514 -1.74435 0.0198279
167000 0.85516 -1.65651 0.0261683
168000 0.868122 -1.81686 0.0258777
169000 0.858083 -1.85679 0.0300432
170000 0.846476 -1.60426 0.0268326
171000 0.840063 -1.81888 0.028311
172000 0.840855 -1.83226 0.0206898
173000 0.84117 -1.9685 0.0186083
174000 0.870655 -1.77549 0.0277121
175000 0.848804 -1.67156 0.0228765
176000 0.873637 -1.33345 0.0284662
177000 0.843472 -1.42096 0.0214845
178000 0.848639 -1.50618 0.0215215
179000 0.875186 -1.39065 0.0255082
180000 0.860826 -1.47136 0.028673
181000 0.840041 -1.73256 0.0284713
182000 0.840682 -1.85327 0.0252371
183000 0.854311 -2.04403 0.030403
184000 0.864354 -2.10941 0.0206667
185000 0.839364 -2.00718 0.016854
186000 0.859049 -1.81252 0.0258441
187000 0.866299 -1.62046 0.0322014
188000 0.85725 -1.61257 0.0148776
189000 0.853601 -1.93814 0.0245792
190000 0.839205 -1.8532 0.0132536
191000 0.849477 -1.69471 0.0157573
192000 0.826065 -1.65704 0.033873
193000 0.852776 -1.63828 0.0323144
194000 0.839269 -1.81665 0.0219908
195000 0.851621 -1.68672 0.0271906
196000 0.858934 -1.70718 0.0326567
197000 0.864515 -1.60691 0.020628
198000 0.847423 -1.77225 0.0212596
199000 0.851601 -1.58295 0.0202524
200000 0.843356 -1.66509 0.0298478
201000 0.859677 -1.67155 0.0271362
202000 0.845071 -1.67655 0.0244433
203000 0.843381 -1.85041 0.0185845
204000 0.853875 -1.83944 0.0260607
205000 0.844603 -1.70934 0.0251671
206000 0.8634 -1.55238 0.0277157
207000 0.834282 -1.5725 0.0266203
208000 0.862672 -1.87643 0.0235444
209000 0.868175 -1.71864 0.0341305
210000 0.862493 -1.92157 0.0260342
211000 0.860262 -1.86905 0.0240771
212000 0.852941 -1.86135 0.0185092
213000 0.870791 -1.77385 0.0200652
214000 0.839694 -1.89151 0.015192
215000 0.846991 -2.05492 0.0244789
216000 0.854161 -1.88713 0.0262045
217000 0.833051 -1.79713 0.0211888
218000 0.852607 -1.9075 0.0235633
219000 0.865158 -1.97684 0.028126
220000 0.850106 -1.91179 0.0168967
221000 0.873901 -1.50807 0.0263514
222000 0.858811 -1.48104 0.0337025
223000 0.890209 -1.21867 0.0339705
224000 0.842606 -1.37522 0.0248314
225000 0.869554 -1.41635 0.026225
226000 0.831878 -1.49817 0.0223654
227000 0.858413 -1.47024 0.0290057
228000 0.844867 -1.89837 0.0144191
229000 0.859913 -1.87631 0.0259009
230000 0.861652 -1.68566 0.0263618
231000 0.846428 -2.07754 0.0245621
232000 0.830876 -2.17021 0.0162499
233000 0.84517 -1.93324 0.0245038
234000 0.85778 -1.87682 0.0227433
235000 0.855195 -1.86172 0.0213171
236000 0.887281 -1.59803 0.0228437
237000 0.860152 -1.53368 0.0238415
238000 0.840724 -1.19722 0.0267104
239000 0.874943 -1.27545 0.0278618
240000 0.851816 -1.21594 0.0334797
241000 0.851339 -1.17456 0.0330657
242000 0.846376 -1.16425 0.0302349
243000 0.858386 -1.13589 0.0350226
244000 0.870573 -1.14022 0.0335273
245000 0.854867 -1.2976 0.0310337
246000 0.819137 -1.33343 0.0209975
247000 0.841397 -1.34207 0.023412
248000 0.844185 -1.35169 0.0283888
249000 0.861194 -1.31091 0.0326764
250000 0.861118 -1.15388 0.033653
251000 0.843573 -1.32569 0.0223729
252000 0.87169 -1.43492 0.031355
253000 0.842076 -1.31635 0.02386
254000 0.871513 -1.36619 0.0292007
255000 0.835975 -1.34055 0.0245868
256000 0.854181 -1.1921 0.035838
257000 0.847591 -1.068 0.0365967
258000 0.830751 -1.20895 0.0332009
259000 0.882706 -1.25881 0.0360847
260000 0.861592 -1.25864 0.0270561
261000 0.873129 -1.19983 0.0305732
262000 0.847894 -1.54559 0.0271627
263000 0.834538 -1.61166 0.0138944
264000 0.857049 -1.42873 0.0226907
265000 0.876148 -1.42692 0.0326273
266000 0.827627 -1.29234 0.0263102
267000 0.861244 -1.23019 0.0343433
268000 0.837955 -1.22732 0.0265347
269000 0.861164 -1.23967 0.0225855
270000 0.838247 -1.35495 0.0242638
271000 0.835534 -1.25657 0.0264521
272000 0.867449 -1.37836 0.0266386
273000 0.846038 -1.50967 0.0246697
274000 0.847911 -1.47664 0.0251245
275000 0.862077 -1.66765 0.0201239
276000 0.833663 -1.53642 0.0138409
277000 0.874659 -1.68399 0.0230535
278000 0.851215 -1.69863 0.0256854
279000 0.840651 -1.67477 0.0243781
280000 0.851032 -1.60938 0.0306705
281000 0.849911 -1.70216 0.0228343
282000 0.847797 -1.71201 0.0276371
283000 0.844476 -1.58188 0.0297109
284000 0.842278 -1.53842 0.0224352
285000 0.862946 -1.50532 0.029183
286000 0.839283 -1.74178 0.0222151
287000 0.857847 -1.43445 0.0325175
288000 0.873224 -1.22211 0.0356839
289000 0.816858 -1.16542 0.0265915
290000 0.830831 -1.29626 0.0235022
291000 0.842533 -1.49274 0.0219634
292000 0.838832 -1.37069 0.0200875
293000 0.862499 -1.16558 0.0364991
294000 0.830864 -1.05968 0.0326325
295000 0.858325 -1.21021 0.0310696
296000 0.878059 -1.11539 0.0338846
297000 0.844652 -1.39074 0.0294055
298000 0.844151 -1.51658 0.0288575
299000 0.862608 -1.46002 0.0286783
300000 0.856625 -1.64386 0.0220509
301000 0.875549 -1.52402 0.0309775
302000 0.852904 -1.50602 0.0278264
303000 0.848062 -1.48021 0.0170555
304000 0.851679 -1.60796 0.0259721
305000 0.844677 -1.57001 0.0222514
306000 0.864803 -1.46386 0.0283797
307000 0.845647 -1.61122 0.0225885
308000 0.869149 -1.7555 0.0256095
309000 0.859558 -1.68315 0.0272023
310000 0.858553 -1.45828 0.0266651
311000 0.84933 -1.68771 0.0252037
312000 0.844669 -1.76585 0.0198789
313000 0.861816 -1.75627 0.0268281
314000 0.821099 -1.72734 0.023466
315000 0.836237 -1.78258 0.0201895
316000 0.868422 -1.64338 0.0165904
317000 0.837503 -1.4926 0.0218123
318000 0.873398 -1.33693 0.0251629
319000 0.849704 -1.33155 0.0251841
320000 0.855047 -1.16297 0.0302945
321000 0.846107 -1.03441 0.0238223
322000 0.844638 -1.09716 0.0319192
323000 0.848373 -1.1183 0.0358367
324000 0.847047 -0.985359 0.0399319
325000 0.840315 -1.12598 0.0319293
326000 0.842696 -1.32505 0.0266014
327000 0.852577 -1.51857 0.0313153
328000 0.851719 -1.72523 0.0199618
329000 0.812417 -1.8121 0.018143
330000 0.820665 -2.06845 0.0244254
331000 0.84807 -1.89489 0.0264078
332000 0.83796 -1.68368 0.0283072
333000 0.876916 -1.60133 0.0270923
334000 0.872475 -1.47372 0.0297751
335000 0.838223 -1.5612 0.0209568
336000 0.851018 -1.33893 0.0235329
337000 0.855452 -1.32986 0.0279838
338000 0.829352 -1.26282 0.0240521
339000 0.843447 -1.24783 0.0277596
340000 0.838427 -1.53519 0.0258585
341000 0.864019 -1.29128 0.0313917
342000 0.852306 -1.13824 0.0371778
343000 0.835876 -1.19287 0.0338472
344000 0.861256 -1.11533 0.0354417
345000 0.842466 -1.19249 0.0335603
346000 0.848837 -1.14966 0.0320863
347000 0.823155 -1.42892 0.0266427
348000 0.895028 -1.55458 0.0363964
349000 0.844348 -1.40181 0.0285872
350000 0.865099 -1.60648 0.0230087
351000 0.859766 -1.61908 0.0216105
352000 0.846526 -1.51561 0.0307121
353000 0.828783 -1.55217 0.0251187
354000 0.871307 -1.85857 0.0239798
355000 0.857461 -1.86327 0.022476
356000 0.862059 -1.88821 0.0167652
357000 0.842475 -1.90062 0.0162986
358000 0.858936 -1.8775 0.0175465
359000 0.836771 -1.87082 0.0223202
360000 0.858716 -1.75312 0.0191817
361000 0.850984 -1.6511 0.0182655
362000 0.876733 -1.44211 0.0271718
363000 0.823501 -1.51528 0.0221652
364000 0.849698 -1.57274 0.0230165
365000 0.845708 -1.69262 0.0233226
366000 0.852694 -1.67569 0.0230253
367000 0.869015 -1.69278 0.0222269
368000 0.84989 -1.8106 0.0345803
369000 0.851416 -1.83831 0.025026
370000 0.843785 -1.79088 0.0172361
371000 0.847713 -1.65892 0.0314264
372000 0.869048 -1.45487 0.0323581
373000 0.848127 -1.73409 0.0232251
374000 0.822771 -1.75495 0.0180026
375000 0.85551 -1.74074 0.0209531
376000 0.836419 -1.93409 0.0158871
377000 0.864314 -1.80891 0.0217037
378000 0.857998 -1.85216 0.0197906
379000 0.852211 -1.90829 0.019296
380000 0.870313 -1.90111 0.0237034
381000 0.827338 -1.70062 0.0215466
382000 0.866665 -1.37683 0.0306777
383000 0.843528 -1.31436 0.0284102
384000 0.848275 -1.66459 0.027029
385000 0.828447 -1.56507 0.0268806
386000 0.831865 -1.78516 0.0294565
387000 0.851301 -2.13969 0.0165257
388000 0.867564 -2.08637 0.023462
389000 0.815723 -1.97059 0.0161827
390000 0.876124 -1.87901 0.0192525
391000 0.869321 -1.71996 0.0176434
392000 0.856418 -1.50724 0.028088
393000 0.859904 -1.57191 0.0345557
394000 0.830174 -1.49094 0.0317258
395000 0.862417 -1.39453 0.0319
396000 0.874325 -1.43825 0.029536
397000 0.836554 -1.40439 0.0264303
398000 0.84139 -1.30134 0.0283937
399000 0.873607 -1.16044 0.0300587
400000 0.855233 -1.30859 0.0323312
401000 0.870722 -1.51521 0.0286415
402000 0.819721 -1.4517 0.0215799
403000 0.841332 -1.41519 0.023972
404000 0.865965 -1.26709 0.0253933
405000 0.85651 -1.32741 0.0305766
406000 0.846516 -1.54771 0.0293211
407000 0.84096 -1.53296 0.0246992
408000 0.857337 -1.55485 0.0330503
409000 0.846554 -1.50288 0.0231562
410000 0.853147 -1.41656 0.025944
411000 0.860674 -1.727 0.0284696
412000 0.852546 -1.57609 0.022994
413000 0.839958 -1.42311 0.023682
414000 0.851751 -1.64079 0.0255261
415000 0.85113 -1.87621 0.0186356
416000 0.833943 -2.20815 0.0209584
417000 0.828457 -2.36859 0.024139
418000 0.84739 -2.28921 0.0203646
419000 0.856508 -2.00396 0.0160572
420000 0.846026 -1.78709 0.014962
421000 0.859583 -1.57062 0.0244891
422000 0.826488 -1.66759 0.0239468
423000 0.862399 -1.71698 0.0198564
424000 0.838933 -1.81064 0.0256357
425000 0.843898 -1.83905 0.0212119
426000 0.856804 -1.66669 0.0182206
427000 0.86076 -1.61971 0.0212912
428000 0.84728 -1.56458 0.0238721
429000 0.802399 -1.75003 0.0231216
430000 0.857788 -1.5054 0.0205548
431000 0.860411 -1.48554 0.0300586
432000 0.841042 -1.37734 0.0300763
433000 0.828419 -1.33632 0.0336671
434000 0.871286 -1.35861 0.0288018
435000 0.832078 -1.4235 0.0225018
436000 0.873568 -1.38473 0.0362535
437000 0.837508 -1.28916 0.0287961
438000 0.857997 -1.27943 0.0314403
439000 0.855438 -1.47199 0.0286548
440000 0.836888 -1.57863 0.0235688
441000 0.874112 -1.4327 0.0247044
442000 0.854145 -1.3801 0.0307067
443000 0.843999 -1.4495 0.0240622
444000 0.824286 -1.50417 0.0203964
445000 0.861042 -1.37777 0.030529
446000 0.835546 -1.30551 0.0225058
447000 0.847393 -1.20751 0.0285045
448000 0.860652 -1.22566 0.0361649
449000 0.872876 -1.26661 0.0327484
450000 0.87304 -1.27664 0.0364181
451000 0.841789 -1.64984 0.022083
452000 0.817642 -1.65131 0.0223156
453000 0.857357 -1.67268 0.0344507
454000 0.858444 -1.41789 0.0347565
455000 0.867438 -1.48293 0.0298596
456000 0.888354 -1.45062 0.0295444
457000 0.85199 -1.50284 0.0227349
458000 0.843476 -1.56148 0.023348
459000 0.863128 -1.62213 0.0194557
460000 0.86497 -1.57404 0.0232878
461000 0.845988 -1.72969 0.0202338
462000 0.854622 -1.63591 0.0187041
463000 0.825324 -1.75845 0.0229936
464000 0.858973 -1.69307 0.0293081
465000 0.858336 -1.58139 0.0246577
466000 0.828579 -1.48932 0.0211515
467000 0.821959 -1.74209 0.016825
468000 0.861492 -1.62486 0.0196061
469000 0.848523 -1.68307 0.0237978
470000 0.830026 -1.90664 0.0229536
471000 0.826859 -1.82064 0.0205965
472000 0.856077 -1.79987 0.0242155
473000 0.869886 -1.75903 0.0152138
474000 0.842381 -1.71669 0.0140266
475000 0.865304 -1.86165 0.0176058
476000 0.851346 -1.83083 0.0224991
477000 0.867088 -1.63676 0.0255658
478000 0.852293 -1.54731 0.0247272
479000 0.846084 -1.20887 0.030607
480000 0.842283 -1.19348 0.0342685
481000 0.860254 -1.22846 0.0337348
482000 0.858957 -1.26137 0.0332057
483000 0.863945 -1.14824 0.034321
484000 0.864863 -1.24984 0.0331451
485000 0.846022 -1.25437 0.0277648
486000 0.861962 -1.31891 0.0305966
487000 0.816604 -1.5476 0.0199949
488000 0.851705 -1.61404 0.0272842
489000 0.861537 -1.93378 0.0230026
490000 0.842411 -1.92395 0.0269243
491000 0.829464 -2.05563 0.0224686
492000 0.872329 -2.07217 0.0172205
493000 0.85719 -1.87072 0.0172684
494000 0.845691 -2.02712 0.0198499
495000 0.852467 -1.91263 0.0216327
496000 0.867878 -1.88752 0.022993
497000 0.845668 -1.7025 0.0207604
498000 0.857376 -1.56737 0.0230318
499000 0.859592 -1.4129 0.0296305
500000 0.857087 -1.40354 0.0301792
501000 0.862607 -1.5308 0.0255914
502000 0.872585 -1.49043 0.0361122
503000 0.872684 -1.80194 0.0277919
504000 0.838373 -1.56115 0.0190859
505000 0.846216 -1.37355 0.03064
506000 0.868817 -1.34402 0.0282032
507000 0.841433 -1.27469 0.0242184
508000 0.846366 -1.41197 0.0222177
509000 0.860205 -1.39774 0.0256152
510000 0.857437 -1.4875 0.0325665
511000 0.839032 -1.68916 0.0250077
512000 0.875238 -1.45834 0.0242006
513000 0.850724 -1.54103 0.0271909
514000 0.861901 -1.47064 0.03017
515000 0.836413 -1.46784 0.0241709
516000 0.859801 -1.62011 0.028064
517000 0.848227 -1.7428 0.0239776
518000 0.846544 -1.77032 0.0231719
519000 0.837645 -1.78176 0.0204815
520000 0.868809 -1.80984 0.0239056
521000 0.849252 -1.73198 0.0243623
522000 0.856048 -1.7311 0.0274943
523000 0.848727 -1.7703 0.0150124
524000 0.865343 -1.8076 0.0171829
525000 0.853014 -1.54349 0.0245572
526000 0.857417 -1.57683 0.025355
527000 0.834585 -1.59691 0.0192028
528000 0.858802 -1.61818 0.0241295
529000 0.839225 -1.65323 0.0227849
530000 0.830708 -1.70266 0.0271678
531000 0.859798 -1.72971 0.0247063
532000 0.86216 -1.34565 0.0288236
533000 0.828224 -1.30192 0.0279424
534000 0.846623 -1.29392 0.0330238
535000 0.87718 -1.26804 0.0297972
536000 0.857738 -1.44551 0.0315367
537000 0.869853 -1.36127 0.0288627
538000 0.844158 -1.35289 0.029514
539000 0.868253 -1.52995 0.0325921
540000 0.854299 -1.28458 0.0322118
541000 0.829953 -1.25686 0.0251001
542000 0.88319 -1.22607 0.0318409
543000 0.852626 -1.44502 0.0288673
544000 0.856143 -1.23042 0.0329213
545000 0.87349 -1.2652 0.0375302
546000 0.840751 -1.46568 0.0268341
547000 0.848786 -1.27657 0.0302676
548000 0.835012 -1.55491 0.0210997
549000 0.815089 -1.82107 0.0189234
550000 0.862991 -1.44065 0.0252164
551000 0.837032 -1.55185 0.0206855
552000 0.883529 -1.31373 0.0289116
553000 0.834465 -1.40178 0.0269281
554000 0.879273 -1.43308 0.0302505
555000 0.843734 -1.6039 0.0282868
556000 0.844703 -1.45758 0.0312206
557000 0.852114 -1.45537 0.0289908
558000 0.833741 -1.62583 0.0222453
559000 0.858516 -1.57021 0.0251377
560000 0.837491 -1.728 0.0167093
561000 0.829692 -1.78803 0.0249542
562000 0.860308 -1.72779 0.0278311
563000 0.840425 -1.62628 0.0265213
564000 0.850226 -1.58969 0.0213499
565000 0.854883 -1.93453 0.0226025
566000 0.861386 -1.93852 0.0169341
567000 0.84065 -1.79366 0.0232424
568000 0.846862 -1.5319 0.0331889
569000 0.853316 -1.72568 0.0264054
570000 0.849886 -1.53842 0.0272134
571000 0.859937 -1.78105 0.0227068
572000 0.845657 -1.38681 0.0238483
573000 0.822126 -1.24871 0.0257993
574000 0.859284 -1.37333 0.0327315
575000 0.831713 -1.42106 0.0279554
576000 0.820512 -1.4322 0.0248955
577000 0.863443 -1.51039 0.0314988
578000 0.84217 -2.04904 0.0177891
579000 0.863068 -1.99495 0.0230501
580000 0.852537 -1.87389 0.0223229
581000 0.841409 -1.86696 0.0241529
582000 0.849583 -1.67448 0.0263597
583000 0.855153 -1.76815 0.0217376
584000 0.853197 -1.78157 0.024749
585000 0.853914 -1.77593 0.0267031
586000 0.864565 -1.69224 0.0182814
587000 0.852553 -1.89251 0.0216931
588000 0.841311 -1.89509 0.0143055
589000 0.880775 -2.06749 0.0225896
590000 0.847835 -2.04485 0.0199037
591000 0.823831 -1.92491 0.0274266
592000 0.844954 -1.71501 0.0273048
593000 0.861721 -1.67769 0.025606
594000 0.832659 -1.75115 0.0332116
595000 0.824732 -1.77152 0.0221331
596000 0.880479 -1.64133 0.0262697
597000 0.836533 -1.64299 0.0240386
598000 0.840354 -1.70002 0.0225706
599000 0.861603 -1.48523 0.0264935
600000 0.847749 -1.62665 0.0206389
601000 0.859695 -1.90621 0.0203886
602000 0.841727 -1.7834 0.0182738
603000 0.84586 -1.62938 0.0240336
604000 0.865743 -1.62769 0.021595
605000 0.851223 -1.46903 0.0273025
606000 0.832493 -1.23193 0.0303284
607000 0.833703 -1.23396 0.0262271
608000 0.853899 -1.27443 0.0280831
609000 0.850998 -1.23116 0.0247054
610000 0.844797 -1.31871 0.024987
611000 0.853904 -1.55353 0.022055
612000 0.830447 -1.61433 0.0199674
613000 0.84851 -1.55492 0.0280544
614000 0.86188 -1.49764 0.024231
615000 0.840962 -1.45984 0.0199745
616000 0.842774 -1.70403 0.0290125
617000 0.850137 -1.66649 0.031137
618000 0.845583 -1.53429 0.0244009
619000 0.835538 -1.39595 0.0260609
620000 0.83617 -1.42956 0.0272896
621000 0.835554 -1.27484 0.0271783
622000 0.851765 -1.23871 0.0279231
623000 0.849647 -1.34236 0.0228487
624000 0.846714 -1.27533 0.0314627
625000 0.857553 -1.39585 0.0238755
626000 0.84859 -1.2957 0.0285782
627000 0.854957 -1.23238 0.0325226
628000 0.853627 -1.19487 0.0323498
629000 0.859123 -1.26527 0.0290454
630000 0.852655 -1.21636 0.0354961
631000 0.843183 -1.43591 0.0293527
632000 0.855854 -1.45503 0.0221579
633000 0.842839 -1.3425 0.0298224
634000 0.858441 -1.37595 0.0296412
635000 0.864161 -1.489 0.023564
636000 0.864742 -1.63114 0.0211555
637000 0.845237 -1.49848 0.0206922
638000 0.839369 -1.57306 0.0282756
639000 0.850036 -1.2784 0.0315189
640000 0.85687 -1.22962 0.0299696
641000 0.824032 -1.40046 0.0206117
642000 0.850658 -1.46439 0.0320454
643000 0.848809 -1.55303 0.0253887
644000 0.844305 -1.4642 0.0277891
645000 0.828896 -1.5961 0.0212384
646000 0.832941 -1.67758 0.0233445
647000 0.859441 -1.73157 0.022224
648000 0.837657 -1.7715 0.0260637
649000 0.841983 -1.5578 0.0270683
650000 0.832607 -1.5444 0.0212053
651000 0.8689 -1.43436 0.0270935
652000 0.83475 -1.31487 0.0259805
653000 0.860573 -1.30276 0.028733
654000 0.86375 -1.48234 0.0277474
655000 0.834946 -1.66699 0.0256467
656000 0.887567 -1.67445 0.0262123
657000 0.82994 -1.43821 0.0244086
658000 0.869317 -1.5444 0.0266885
659000 0.822438 -1.51685 0.0215508
660000 0.854754 -1.52771 0.0256802
661000 0.830466 -1.53181 0.0266112
662000 0.880916 -1.50568 0.0293051
663000 0.879931 -1.37351 0.0297125
664000 0.85481 -1.3069 0.0321928
665000 0.849996 -1.45778 0.0248643
666000 0.849074 -1.68761 0.0204363
667000 0.855594 -1.78748 0.021203
668000 0.869622 -1.91144 0.0199428
669000 0.86062 -2.1025 0.0192474
670000 0.856236 -2.03678 0.0264682
671000 0.839949 -1.91365 0.023122
672000 0.831442 -1.9575 0.0229123
673000 0.847971 -1.94484 0.0253584
674000 0.857329 -1.85351 0.0215925
675000 0.866683 -1.76815 0.0219395
676000 0.865766 -1.77563 0.0212455
677000 0.859165 -1.662 0.0224986
678000 0.835167 -1.72662 0.0231364
679000 0.839434 -1.88535 0.0115227
680000 0.868788 -1.76131 0.0184673
681000 0.865229 -1.65286 0.0250868
682000 0.862923 -1.75053 0.0268369
683000 0.839512 -1.77103 0.0244654
684000 0.843122 -1.95849 0.0233227
685000 0.882151 -1.521 0.0271288
686000 0.849493 -1.40647 0.0218826
687000 0.857114 -1.39289 0.0242252
688000 0.829582 -1.48018 0.0254836
689000 0.854427 -1.22009 0.0319226
690000 0.870652 -1.20503 0.030139
691000 0.861781 -1.07488 0.0306825
692000 0.849538 -1.12797 0.0310577
693000 0.878096 -1.01822 0.0351451
694000 0.857647 -1.13908 0.0315439
695000 0.870569 -1.28329 0.0263732
696000 0.842185 -1.26278 0.0245652
697000 0.859061 -1.33421 0.0272649
698000 0.849161 -1.47213 0.0271587
699000 0.82091 -1.51468 0.0218339
700000 0.867544 -1.47116 0.0326866
701000 0.843229 -1.33283 0.027901
702000 0.839469 -1.3881 0.0257739
703000 0.848353 -1.36597 0.0277373
704000 0.843541 -1.53798 0.0259557
705000 0.886609 -1.46622 0.0284979
706000 0.846416 -1.63827 0.0248744
707000 0.870051 -1.63761 0.0293434
708000 0.877319 -1.58474 0.0334931
709000 0.845136 -1.38725 0.0286911
710000 0.885855 -1.41868 0.0315875
711000 0.859661 -1.80191 0.0221138
712000 0.856891 -1.78377 0.0232672
713000 0.836224 -1.77811 0.0260364
714000 0.837152 -1.97411 0.0173222
715000 0.824233 -1.87914 0.0206371
716000 0.823303 -1.95558 0.013304
717000 0.863364 -1.96596 0.021633
718000 0.848062 -2.03561 0.0252724
719000 0.870455 -1.73928 0.0264113
720000 0.843972 -1.66458 0.0277145
721000 0.860758 -1.65711 0.0257064
722000 0.840443 -1.6253 0.022316
723000 0.837752 -1.55194 0.0207648
724000 0.862684 -1.50323 0.0318761
725000 0.830221 -1.50591 0.029632
726000 0.881827 -1.34012 0.0394045
727000 0.829045 -1.52056 0.028239
728000 0.832044 -1.68405 0.023035
729000 0.854793 -1.55617 0.0236897
730000 0.878868 -1.33122 0.0314515
731000 0.833182 -1.55593 0.0252484
732000 0.870269 -1.43929 0.0268165
733000 0.858856 -1.53893 0.0180447
734000 0.828703 -1.46449 0.0183517
735000 0.833798 -1.72967 0.0172224
736000 0.847541 -1.57601 0.0196138
737000 0.837961 -1.46507 0.0206474
738000 0.857694 -1.67829 0.0217592
739000 0.861073 -1.39051 0.0241981
740000 0.8258 -1.27242 0.0270157
741000 0.83254 -1.45838 0.0298422
742000 0.84674 -1.63094 0.0238279
743000 0.880232 -1.94384 0.0301551
744000 0.821288 -1.84389 0.0190945
745000 0.84111 -1.54793 0.0181716
746000 0.838095 -1.50915 0.0230505
747000 0.869348 -1.55909 0.0308203
748000 0.860136 -1.62632 0.0287076
749000 0.847121 -1.53395 0.0259169
750000 0.846989 -1.65204 0.0233955
751000 0.839115 -1.59126 0.0257119
752000 0.862516 -1.57035 0.0208464
753000 0.842083 -1.63319 0.026221
754000 0.831942 -1.60459 0.0178133
755000 0.857971 -1.63196 0.0290632
756000 0.835463 -1.6843 0.0259047
757000 0.85612 -1.71101 0.0233901
758000 0.831383 -1.84892 0.0197149
759000 0.821064 -1.96839 0.017687
760000 0.845585 -1.74752 0.0237078
761000 0.820779 -1.69308 0.0167831
762000 0.861044 -1.65361 0.0192418
763000 0.870965 -1.47265 0.02544
764000 0.868513 -1.58007 0.0280693
765000 0.868349 -1.43296 0.0295756
766000 0.843037 -1.49891 0.0208969
767000 0.87088 -1.73737 0.025095
768000 0.832457 -1.65625 0.0232069
769000 0.8723 -1.6572 0.0271848
770000 0.847513 -1.58688 0.026606
771000 0.855964 -1.76067 0.0233089
772000 0.863479 -1.7289 0.0223122
773000 0.862774 -1.70542 0.027054
774000 0.827422 -1.61913 0.0274417
775000 0.867259 -1.57059 0.0325846
776000 0.835921 -1.71033 0.0231336
777000 0.858461 -1.69296 0.0262089
778000 0.831909 -1.58582 0.0275902
779000 0.839598 -1.56317 0.0233506
780000 0.842642 -1.4231 0.0284622
781000 0.852955 -1.52887 0.0235751
782000 0.83505 -1.61663 0.0191866
783000 0.831043 -1.64275 0.0242404
784000 0.841338 -1.61502 0.0250206
785000 0.867586 -1.51814 0.0238941
786000 0.832367 -1.39958 0.0249376
787000 0.862087 -1.59157 0.0300683
788000 0.895632 -1.4061 0.0300831
789000 0.844677 -1.6838 0.0241627
790000 0.846219 -1.6475 0.0199202
791000 0.885228 -1.628 0.0283452
792000 0.845251 -1.69938 0.0204806
793000 0.84054 -1.97682 0.0232776
794000 0.859002 -2.00101 0.021851
795000 0.841923 -1.89575 0.0245084
796000 0.88207 -1.55244 0.0278662
797000 0.859781 -1.47221 0.0315658
798000 0.863669 -1.24462 0.0335339
799000 0.880572 -1.15564 0.0316876
800000 0.809671 -1.16245 0.0262028
801000 0.842682 -1.25681 0.0262619
802000 0.848874 -1.41572 0.0301992
803000 0.877169 -1.43999 0.0314541
804000 0.876609 -1.44816 0.0257143
805000 0.86573 -1.36036 0.0321874
806000 0.844019 -1.47365 0.0226037
807000 0.844778 -1.62014 0.0257168
808000 0.860272 -1.80396 0.0227939
809000 0.86349 -1.74449 0.025384
810000 0.835598 -1.83074 0.0239771
811000 0.835739 -1.89201 0.0184306
812000 0.844513 -1.89217 0.019349
813000 0.850658 -1.69629 0.0281633
814000 0.884829 -1.687 0.0250445
815000 0.86095 -1.67007 0.030789
816000 0.830704 -1.81155 0.0253511
817000 0.838918 -1.84683 0.0192282
818000 0.810339 -1.80523 0.0208322
819000 0.835628 -1.50896 0.0226331
820000 0.850745 -1.48232 0.0255963
821000 0.855202 -1.57446 0.0227292
822000 0.872916 -1.47461 0.0268241
823000 0.853117 -1.52878 0.0284368
824000 0.845633 -1.84223 0.0239633
825000 0.847146 -1.97192 0.0205878
826000 0.85624 -1.88002 0.0165868
827000 0.845609 -1.63993 0.0221063
828000 0.849619 -1.56811 0.0298471
829000 0.846945 -1.60429 0.0301729
830000 0.837467 -1.56845 0.0285325
831000 0.851138 -1.31401 0.0299513
832000 0.858236 -1.39731 0.0217896
833000 0.851687 -1.34403 0.028369
834000 0.865225 -1.32452 0.0333681
835000 0.875017 -1.37197 0.0239074
836000 0.861439 -1.26612 0.0293546
837000 0.855793 -1.10861 0.0347205
838000 0.865317 -1.12625 0.0368935
839000 0.839078 -1.1583 0.0285063
840000 0.844579 -1.26955 0.0264916
841000 0.832963 -1.6492 0.0200518
842000 0.863862 -1.7203 0.0222761
843000 0.859502 -1.88622 0.0241651
844000 0.846786 -1.83748 0.0288323
845000 0.806938 -1.98576 0.0184701
846000 0.849075 -2.08732 0.0193613
847000 0.83849 -1.85729 0.0147607
848000 0.826907 -1.8557 0.0167844
849000 0.850487 -1.83286 0.0208984
850000 0.827616 -1.67928 0.0121141
851000 0.834414 -1.72827 0.0259079
852000 0.863173 -1.75077 0.0275937
853000 0.833461 -1.58517 0.0231725
854000 0.860285 -1.64692 0.0313085
855000 0.855055 -1.34362 0.0279594
856000 0.837961 -1.38296 0.0300133
857000 0.862611 -1.73132 0.0218073
858000 0.869544 -2.02842 0.0223273
859000 0.86426 -1.90537 0.0252089
860000 0.828769 -1.85654 0.0126814
861000 0.828699 -1.77836 0.0158986
862000 0.859861 -1.44353 0.024075
863000 0.849267 -1.31172 0.0244537
864000 0.83931 -1.36246 0.0286581
865000 0.85788 -1.14773 0.0278815
866000 0.844251 -1.22075 0.0339024
867000 0.864546 -1.11671 0.0327211
868000 0.85158 -1.00882 0.0353221
869000 0.881271 -1.01573 0.0376077
870000 0.82804 -1.17891 0.0274995
871000 0.82512 -1.23218 0.0292538
872000 0.866383 -1.27638 0.0275494
873000 0.868052 -1.31719 0.0296141
874000 0.854452 -1.1118 0.0323317
875000 0.851435 -0.9491 0.0405685
876000 0.868112 -1.04256 0.0353722
877000 0.874808 -1.06891 0.032308
878000 0.840945 -1.23542 0.0257005
879000 0.875305 -1.20384 0.031597
880000 0.850444 -1.18155 0.0341654
881000 0.861141 -1.22114 0.0299727
882000 0.853124 -1.10682 0.031351
883000 0.834522 -1.11903 0.0307686
884000 0.836163 -1.24549 0.0234545
885000 0.85247 -1.24695 0.0286843
886000 0.85873 -1.32096 0.0300061
887000 0.859916 -1.29948 0.0314423
888000 0.844279 -1.18878 0.0395368
889000 0.862282 -1.32126 0.0393793
890000 0.862402 -1.36008 0.0312618
891000 0.862043 -1.5502 0.0298866
892000 0.845104 -1.70432 0.0244087
893000 0.835535 -1.7013 0.0173517
894000 0.866022 -1.72959 0.0286599
895000 0.853801 -1.6562 0.0300929
896000 0.859513 -1.71683 0.0238389
897000 0.845698 -1.86861 0.0189953
898000 0.827104 -1.80768 0.0201972
899000 0.833838 -1.42133 0.0268242
900000 0.861401 -1.26688 0.0319644
901000 0.861238 -1.32499 0.0278899
902000 0.845303 -1.43555 0.0196133
903000 0.885738 -1.50169 0.0248347
904000 0.819781 -1.58513 0.026092
905000 0.863448 -1.4328 0.0307053
906000 0.847017 -1.46635 0.0295239
907000 0.846692 -1.41612 0.0265361
908000 0.855942 -1.36331 0.0269095
909000 0.82406 -1.35168 0.0211638
910000 0.829126 -1.27782 0.029791
911000 0.855502 -1.09025 0.0314835
912000 0.8255 -1.26268 0.0245577
913000 0.87132 -1.21788 0.0285269
914000 0.870119 -1.34006 0.0288402
915000 0.862401 -1.16897 0.0370417
916000 0.845741 -1.31578 0.0293446
917000 0.841913 -1.47836 0.0273203
918000 0.879511 -1.44605 0.030236
919000 0.854199 -1.53085 0.0274153
920000 0.884265 -1.83048 0.0273947
921000 0.840196 -1.70424 0.0216259
922000 0.847138 -1.61337 0.0254983
923000 0.839876 -1.71278 0.0247651
924000 0.860058 -1.71375 0.0201818
925000 0.866068 -1.94347 0.0175501
926000 0.828552 -2.04548 0.0174943
927000 0.839877 -1.9929 0.01358
928000 0.858687 -1.87849 0.0208869
929000 0.870555 -1.64022 0.019118
930000 0.862943 -1.92752 0.0231743
931000 0.844582 -1.97376 0.0233014
932000 0.84589 -1.69218 0.0220754
933000 0.84509 -1.62445 0.0258888
934000 0.834268 -1.47591 0.0254497
935000 0.878591 -1.52068 0.028153
936000 0.882076 -1.41592 0.0341402
937000 0.8283 -1.28675 0.0238298
938000 0.850151 -1.37859 0.0278751
939000 0.872652 -1.43809 0.0275881
940000 0.844258 -1.71692 0.0194796
941000 0.83843 -1.64104 0.0193324
942000 0.829581 -1.55928 0.0156002
943000 0.849205 -1.5263 0.0210019
944000 0.825468 -1.77104 0.0202536
945000 0.855767 -1.46714 0.0215625
946000 0.888096 -1.28189 0.0356048
947000 0.863617 -1.61204 0.0252046
948000 0.851296 -1.72464 0.0263171
949000 0.840416 -1.63005 0.0245105
950000 0.877315 -1.65713 0.0241419
951000 0.846014 -1.80789 0.0202849
952000 0.843283 -1.95964 0.0169215
953000 0.84641 -1.7713 0.0245306
954000 0.857011 -1.57286 0.024221
955000 0.860481 -1.36929 0.0292644
956000 0.889917 -1.31317 0.0273432
957000 0.854092 -1.32726 0.0288787
958000 0.845577 -1.30049 0.0311202
959000 0.848295 -1.47022 0.025252
960000 0.869507 -1.33656 0.0283874
961000 0.865368 -1.39014 0.0317521
962000 0.855039 -1.14598 0.0297427
963000 0.853846 -1.14984 0.037344
964000 0.829588 -1.22467 0.0281293
965000 0.875466 -1.26419 0.0334206
966000 0.845729 -1.33809 0.0224883
967000 0.835207 -1.21332 0.0316082
968000 0.873661 -1.24379 0.033175
969000 0.826144 -1.42486 0.0225158
970000 0.865722 -1.36571 0.0287194
971000 0.862865 -1.36132 0.0323843
972000 0.820816 -1.25366 0.0225076
973000 0.8661 -1.31227 0.0264249
974000 0.878557 -1.36319 0.0316227
975000 0.85091 -1.4468 0.0332136
976000 0.842599 -1.5324 0.0235704
977000 0.844863 -1.78375 0.0203586
978000 0.844523 -1.75938 0.0236659
979000 0.86459 -1.88513 0.0214373
980000 0.816186 -1.99417 0.0237902
981000 0.861493 -1.94182 0.0198075
982000 0.854612 -1.83843 0.0199632
983000 0.842506 -1.80819 0.0175418
984000 0.847078 -1.74146 0.0192725
985000 0.868217 -1.97797 0.022497
986000 0.831683 -1.93322 0.0250341
987000 0.853107 -1.90915 0.019392
988000 0.857764 -2.13639 0.0180232
989000 0.833739 -2.05439 0.0172378
990000 0.883556 -2.10792 0.0203996
991000 0.856972 -2.04893 0.0201482
992000 0.822896 -1.93372 0.0170178
993000 0.83808 -1.82035 0.0162337
994000 0.855791 -1.61874 0.0164596
995000 0.830293 -1.58067 0.0242835
996000 0.864486 -1.51155 0.0282157
997000 0.854412 -1.47125 0.0157677
998000 0.822291 -1.6192 0.0182738
999000 0.834799 -1.3893 0.0245488
1000000 0.859013 -1.47246 0.0244669
1001000 0.844932 -1.61696 0.0172476
1002000 0.833908 -1.58289 0.022856
1003000 0.843953 -1.3078 0.0258237
1004000 0.850512 -1.14734 0.0314852
1005000 0.833524 -1.29075 0.0270083
1006000 0.870507 -1.30067 0.0354311
1007000 0.808122 -1.48647 0.0273841
1008000 0.858467 -1.59114 0.0271348
1009000 0.839196 -1.44255 0.030762
1010000 0.853233 -1.20328 0.0346015
1011000 0.865853 -1.15788 0.0320976
1012000 0.867311 -1.09366 0.0326631
1013000 0.853767 -1.08426 0.0320635
1014000 0.8572 -1.2216 0.0310054
1015000 0.864197 -1.03974 0.0370483
1016000 0.84377 -1.00431 0.0326975
1017000 0.854976 -1.12031 0.0332376
1018000 0.836161 -1.27285 0.0310809
1019000 0.83629 -1.16087 0.0290163
1020000 0.876506 -1.20744 0.0326757
1021000 0.832196 -1.29248 0.0164167
1022000 0.865674 -1.24745 0.0318569
1023000 0.863268 -1.27166 0.0330615
1024000 0.848876 -1.22321 0.0347214
1025000 0.841207 -1.2579 0.0298373
1026000 0.839811 -1.40732 0.0286787
1027000 0.848399 -1.39819 0.030921
1028000 0.862051 -1.35499 0.0313875
1029000 0.837498 -1.5374 0.0238317
1030000 0.847144 -1.66124 0.0248302
1031000 0.82363 -1.6553 0.0224583
1032000 0.867833 -1.62572 0.0283785
1033000 0.840883 -1.70521 0.020579
1034000 0.853031 -1.63684 0.0229302
1035000 0.835278 -1.47907 0.0270945
1036000 0.864075 -1.44107 0.0331551
1037000 0.839022 -1.52157 0.0293121
1038000 0.872853 -1.33728 0.0330901
1039000 0.85078 -1.14671 0.0303497
1040000 0.841147 -1.24257 0.0296793
1041000 0.863718 -1.35501 0.0286743
1042000 0.833961 -1.33792 0.0230139
1043000 0.825944 -1.27637 0.0221363
1044000 0.857153 -1.27467 0.0316704
1045000 0.827531 -1.45962 0.0261319
1046000 0.840286 -1.85041 0.0213321
1047000 0.868162 -1.51051 0.0251515
1048000 0.822962 -1.59527 0.0247886
1049000 0.870287 -1.43886 0.0291186
1050000 0.859536 -1.49645 0.027005
1051000 0.865643 -1.44754 0.0221126
1052000 0.817543 -1.38456 0.0196524
1053000 0.835524 -1.20147 0.0260644
1054000 0.865402 -1.53594 0.0245805
1055000 0.838956 -1.64335 0.0253267
1056000 0.852746 -1.655 0.0225742
1057000 0.874455 -1.77491 0.0237554
1058000 0.834957 -1.9315 0.0171441
1059000 0.869274 -1.79406 0.0234884
1060000 0.851957 -1.65607 0.0256946
1061000 0.857825 -1.43556 0.0283895
1062000 0.836492 -1.6399 0.0270134
1063000 0.836841 -1.81527 0.0209018
1064000 0.839531 -1.82779 0.0207151
1065000 0.84265 -1.86543 0.0220544
1066000 0.876467 -1.55637 0.0367058
1067000 0.83916 -1.57378 0.0252657
1068000 0.836501 -1.72099 0.0208038
1069000 0.845066 -1.4613 0.0236443
1070000 0.841551 -1.37428 0.0330269
1071000 0.812705 -1.4516 0.0217973
1072000 0.848986 -1.41728 0.0280718
1073000 0.857295 -1.42629 0.0351599
1074000 0.837583 -1.4259 0.0228617
1075000 0.820924 -1.36977 0.0246753
1076000 0.862816 -1.38759 0.0317455
1077000 0.866703 -1.36585 0.0307665
1078000 0.852544 -1.39396 0.0294151
1079000 0.861584 -1.35032 0.0276684
1080000 0.860069 -1.19681 0.0291287
1081000 0.812463 -1.40176 0.0196677
1082000 0.864568 -1.40927 0.0250357
1083000 0.833633 -1.38299 0.0268128
1084000 0.839431 -1.35027 0.0231878
1085000 0.821223 -1.34273 0.0263772
1086000 0.850249 -1.39907 0.0295257
1087000 0.872966 -1.24202 0.0302525
1088000 0.85001 -1.20375 0.0320162
1089000 0.86168 -1.31212 0.0235921
1090000 0.827881 -1.48591 0.0253213
1091000 0.873752 -1.42565 0.0274384
1092000 0.860459 -1.34746 0.0282713
1093000 0.85458 -1.34775 0.0319517
1094000 0.847465 -1.43851 0.0215415
1095000 0.84599 -1.28273 0.0299918
1096000 0.864567 -1.20061 0.0342787
1097000 0.854145 -1.18516 0.0294657
1098000 0.836804 -1.00027 0.0357181
1099000 0.833481 -1.18504 0.0278864
1100000 0.85026 -1.26821 0.0302765
