# Time-averaged data for fix 2
# TimeStep v_Temperature v_PotentialEnergy v_Pressure
1000 1.03459 -0.00552134 0.001023
2000 0.998605 -0.00428365 0.000983182
3000 0.987014 -0.0133438 0.000968557
4000 0.995632 -0.013027 0.00098051
5000 1.01068 -0.00757702 0.000996336
6000 1.00903 -0.00691844 0.000995503
7000 0.993531 -0.00744431 0.000976856
8000 0.978717 -0.00548194 0.000964654
9000 1.0068 -0.00845098 0.000992129
10000 1.01068 -0.00780466 0.00100173
11000 1.03701 -0.0115582 0.001026
12000 1.0204 -0.00616003 0.0010077
13000 0.980733 -0.00482688 0.000966801
14000 0.970563 -0.00337264 0.000963357
15000 1.0306 -0.00354275 0.00101513
16000 0.982096 -0.00341599 0.000970374
17000 1.02115 -0.00863505 0.00101131
18000 0.992879 -0.00640415 0.000980178
19000 0.992579 -0.00495053 0.000980342
20000 0.996229 -0.00622628 0.000985329
21000 0.994807 -0.00701559 0.000980311
22000 1.00828 -0.00883672 0.000987057
23000 1.01008 -0.00273266 0.000997475
24000 1.00108 -0.00935453 0.000989589
25000 1.00986 -0.00529262 0.000992848
26000 1.0173 -0.00882874 0.00100393
27000 1.00872 -0.00570084 0.000994764
28000 1.01416 -0.00802544 0.000998192
29000 1.01421 -0.00525667 0.00100374
30000 0.995297 -0.00532054 0.000981567
31000 0.984074 -0.00478113 0.000974335
32000 0.996019 -0.00368166 0.00098361
33000 1.03082 -0.00608406 0.00101936
34000 1.01278 -0.00317679 0.00100027
35000 1.00636 -0.0124923 0.000986056
36000 1.00042 -0.00964768 0.000982116
37000 0.975948 -0.00719528 0.000958672
38000 1.02887 -0.00951998 0.00101558
39000 0.998581 -0.0135005 0.000975681
40000 0.984609 -0.0106088 0.000966105
41000 1.02267 -0.014541 0.00100181
42000 0.984618 -0.0138004 0.000969751
43000 0.998537 -0.00742204 0.000983461
44000 1.02996 -0.00561076 0.0010152
45000 0.981887 -0.01615 0.000954536
46000 0.98906 -0.00999917 0.000967253
47000 1.01448 -0.00394665 0.00100779
48000 0.986422 -0.00565459 0.000970656
49000 1.00749 -0.00535225 0.000995404
50000 1.00464 -0.00410939 0.000994368
51000 1.00634 -0.00387455 0.000991765
52000 0.987167 -0.00663884 0.000976151
53000 0.992153 -0.00585122 0.000980993
54000 1.0048 -0.00541288 0.000991037
55000 1.00162 -0.00712695 0.000987493
56000 1.01233 -0.0104222 0.000994501
57000 0.993617 -0.0118575 0.00097766
58000 0.981686 -0.00692077 0.000966402
59000 0.95828 -0.00433874 0.000945434
60000 0.99916 -0.00583946 0.000987021
61000 1.01811 -0.0041542 0.00100479
62000 1.00692 -0.00633003 0.000994285
63000 0.993903 -0.00564815 0.000982066
64000 0.981856 -0.0105534 0.000961281
65000 1.01658 -0.0143335 0.000990891
66000 0.955452 -0.00971904 0.000938637
67000 1.01267 -0.00910135 0.000995808
68000 0.979917 -0.0131386 0.000955724
69000 1.02465 -0.00662969 0.00101299
70000 0.995698 -0.00757932 0.000983294
71000 0.994515 -0.00706905 0.000980972
72000 1.00142 -0.0124522 0.000978309
73000 0.973407 -0.0107216 0.000955154
74000 1.02327 -0.00565894 0.00101639
75000 1.02027 -0.00986634 0.00100452
76000 0.98413 -0.00629773 0.000972633
77000 1.00542 -0.00810765 0.000993972
78000 1.00965 -0.00444263 0.000992865
79000 0.98274 -0.00272888 0.000971359
80000 0.977339 -0.00326495 0.000968579
81000 0.994605 -0.00309821 0.000981118
82000 0.964001 -0.0062185 0.000951572
83000 1.00601 -0.00371245 0.000993887
84000 0.996746 -0.00445046 0.00098598
85000 1.01406 -0.00378761 0.0010033
86000 0.994322 -0.00663102 0.000982968
87000 1.01142 -0.0125077 0.000993774
88000 0.997462 -0.0110656 0.000974574
89000 1.0207 -0.00468916 0.0010074
90000 0.966916 -0.00334854 0.000954359
91000 1.02615 -0.0066845 0.00100943
92000 1.00239 -0.00695116 0.000989706
93000 0.97732 -0.00419922 0.000968606
94000 1.02603 -0.00967641 0.00101966
95000 1.00424 -0.00703034 0.000989551
96000 0.971879 -0.00256317 0.000960418
97000 1.0015 -0.00864808 0.000984305
98000 1.03954 -0.0169706 0.00101398
99000 1.02614 -0.00554856 0.00101196
100000 0.988993 -0.0041646 0.000973802
101000 1.02121 -0.00651006 0.001008
102000 1.00554 -0.00976766 0.000995759
103000 1.00711 -0.00483777 0.000991564
104000 0.972743 -0.00355076 0.000958344
105000 1.02152 -0.00186391 0.00100973
106000 0.989575 -0.00363263 0.00098138
107000 1.01862 -0.00704616 0.00100284
108000 1.01062 -0.00835706 0.000996687
109000 1.0174 -0.0126403 0.00099686
110000 0.991908 -0.00418522 0.000982121
111000 0.991221 -0.00838893 0.00097802
112000 0.979765 -0.00603359 0.00096734
113000 0.991906 -0.0051362 0.000978445
114000 1.01728 -0.00966169 0.00100322
115000 1.01783 -0.00773102 0.00100213
116000 0.99987 -0.00537214 0.000983156
117000 0.975555 -0.00636385 0.000959998
118000 1.02471 -0.00826977 0.00101161
119000 1.03645 -0.0120301 0.00102023
120000 0.993019 -0.0048354 0.000979513
121000 0.953569 -0.00573334 0.000944724
122000 1.03118 -0.00867618 0.00101475
123000 1.00474 -0.0110807 0.000987918
124000 0.95904 -0.0135992 0.000941583
125000 0.970835 -0.00663266 0.000960441
126000 1.00216 -0.00482382 0.000988801
127000 0.982205 -0.00623473 0.000965258
128000 0.964966 -0.00613249 0.00095808
129000 0.972004 -0.00551483 0.000955828
130000 0.994383 -0.0119874 0.000977444
131000 0.994549 -0.0116555 0.000980533
132000 0.99463 -0.00344881 0.000984724
133000 0.993924 -0.00569814 0.000980041
134000 1.02262 -0.00415799 0.00101055
135000 0.981664 -0.0097416 0.000965165
136000 0.995046 -0.00419579 0.000980666
137000 1.0032 -0.00278808 0.000991025
138000 1.00834 -0.0104485 0.000991105
139000 1.00909 -0.0101066 0.000995766
140000 1.0177 -0.00499337 0.00100601
141000 0.998406 -0.0138216 0.000974625
142000 1.01795 -0.00375989 0.00100623
143000 0.969796 -0.00655039 0.00095351
144000 1.00461 -0.00820824 0.000989075
145000 1.00396 -0.00989843 0.000989646
146000 0.982165 -0.00981266 0.00096908
147000 0.997799 -0.0139673 0.000978077
148000 1.00589 -0.0126148 0.000989308
149000 0.994328 -0.00723511 0.000976371
150000 1.01025 -0.00884185 0.000995398
151000 1.00228 -0.0143287 0.000981861
152000 0.994582 -0.013197 0.000981683
153000 0.993661 -0.0125747 0.000977608
154000 0.987952 -0.0139737 0.000970839
155000 0.993599 -0.0127262 0.00097604
156000 1.03647 -0.0194888 0.00100699
157000 1.00142 -0.00996535 0.000981261
158000 0.987047 -0.0105018 0.000968449
159000 0.987642 -0.0167717 0.000962127
160000 1.02488 -0.00961521 0.00101047
161000 0.995516 -0.00507103 0.000983861
162000 0.969533 -0.00408677 0.000953095
163000 1.02212 -0.00722617 0.0010098
164000 0.995705 -0.00541744 0.000983126
165000 0.989928 -0.00640614 0.000977273
166000 1.02248 -0.0109578 0.00100354
167000 1.00222 -0.00680822 0.000985628
168000 1.00297 -0.00842822 0.000987807
169000 1.02483 -0.00957281 0.0010051
170000 0.978145 -0.0141322 0.000956918
171000 0.993927 -0.0151017 0.000977072
172000 1.03796 -0.0118421 0.00102064
173000 0.967638 -0.0186992 0.000949531
174000 1.01816 -0.0153877 0.000993265
175000 1.02309 -0.0133802 0.00100491
176000 0.962659 -0.0181983 0.000947294
177000 1.02648 -0.020093 0.00100679
178000 1.00892 -0.0227834 0.000985806
179000 0.985046 -0.0209841 0.000973267
180000 0.985159 -0.0193939 0.000961911
181000 0.99523 -0.0209948 0.000971969
182000 0.985838 -0.0189575 0.000963145
183000 0.971412 -0.0126177 0.000952866
184000 1.01882 -0.0129632 0.000998853
185000 0.987291 -0.0198368 0.000969532
186000 1.03024 -0.0155878 0.00100895
187000 0.984364 -0.0164547 0.000966993
188000 1.00845 -0.0164256 0.000988754
189000 0.996299 -0.0151821 0.000976928
190000 0.985618 -0.0164811 0.000964317
191000 1.01196 -0.0184576 0.000986164
192000 0.988098 -0.0132082 0.000973631
193000 1.00113 -0.0111381 0.000986022
194000 0.991153 -0.0138681 0.000974717
195000 1.00553 -0.0149593 0.000987975
196000 1.01949 -0.0137263 0.00100138
197000 0.984412 -0.0183399 0.000960344
198000 1.00954 -0.0125255 0.000991487
199000 1.0137 -0.0120479 0.000999694
200000 1.01414 -0.0127037 0.000996283
201000 1.01329 -0.0159321 0.000993041
202000 1.0149 -0.0176587 0.000999358
203000 0.995407 -0.0146418 0.000983167
204000 1.00367 -0.0136379 0.00099126
205000 1.0423 -0.0161793 0.00102804
206000 1.02641 -0.014879 0.00101434
207000 0.976465 -0.0176484 0.000957241
208000 1.00493 -0.0136847 0.000991577
209000 0.991294 -0.0134471 0.000976283
210000 1.02049 -0.0119142 0.0010049
211000 1.00205 -0.0136278 0.000988727
212000 0.973185 -0.0318037 0.00094414
213000 1.01401 -0.0275425 0.000988365
214000 1.00647 -0.0220585 0.000985682
215000 0.987841 -0.0163502 0.000967011
216000 1.02976 -0.0104586 0.00101475
217000 1.00291 -0.012412 0.000982016
218000 0.980694 -0.00910112 0.000965169
219000 1.01341 -0.00347791 0.00100002
220000 1.01921 -0.00647627 0.00100455
221000 1.01239 -0.00835287 0.000994015
222000 0.985293 -0.00589169 0.000971006
223000 1.03561 -0.00991114 0.00102627
224000 0.993514 -0.00363852 0.000980874
225000 0.99873 -0.00366095 0.000987939
226000 1.00926 -0.0129088 0.000990333
227000 0.978628 -0.00922114 0.000964722
228000 1.01536 -0.00349447 0.00100274
229000 0.988777 -0.00859959 0.000976977
230000 1.00506 -0.00734503 0.00099102
231000 1.00159 -0.00720845 0.000987665
232000 1.00539 -0.00329752 0.000993885
233000 1.01264 -0.00632228 0.000999095
234000 0.991676 -0.00441133 0.000977384
235000 0.998927 -0.00697565 0.000985527
236000 1.015 -0.00585863 0.000998018
237000 1.00148 -0.00388617 0.000989682
238000 1.0328 -0.00428406 0.00102072
239000 1.00473 -0.00926893 0.000990149
240000 1.00237 -0.00574645 0.000991151
241000 1.01331 -0.0102621 0.000995162
242000 0.999687 -0.00360584 0.000986674
243000 1.00863 -0.00664398 0.000994994
244000 1.00136 -0.00529199 0.000985852
245000 1.00087 -0.00946402 0.000986294
246000 1.00832 -0.011549 0.000989057
247000 1.01113 -0.0100151 0.000997547
248000 0.995612 -0.0147339 0.000977252
249000 0.983095 -0.0144495 0.000968515
250000 0.975639 -0.0142011 0.000955972
251000 0.99798 -0.0116358 0.000978494
252000 0.976452 -0.0109687 0.000962573
253000 1.00497 -0.0138214 0.000981379
254000 0.997713 -0.0037139 0.000988761
255000 1.01824 -0.00528172 0.00100763
256000 0.998629 -0.0106159 0.000977246
257000 1.00513 -0.0114276 0.000985154
258000 1.00456 -0.013228 0.000984017
259000 1.00891 -0.0116664 0.000996291
260000 0.972477 -0.00960519 0.000958367
261000 1.01153 -0.0132372 0.000992971
262000 0.988419 -0.0164961 0.000965601
263000 0.96825 -0.00877312 0.000951452
264000 1.01995 -0.00349199 0.00100485
265000 1.00917 -0.00540368 0.000996782
266000 0.982213 -0.0120713 0.000962567
267000 1.01831 -0.0151891 0.000997912
268000 1.00141 -0.00869776 0.000984603
269000 1.01109 -0.0167013 0.000986833
270000 0.999729 -0.0161833 0.000980574
271000 1.00839 -0.00826162 0.000991331
272000 1.00674 -0.0141902 0.000987755
273000 1.0202 -0.0114826 0.00100571
274000 0.962703 -0.0131679 0.000946476
275000 1.01596 -0.0115403 0.00100049
276000 1.00754 -0.0126169 0.00099054
277000 0.996368 -0.0149563 0.000978967
278000 0.997221 -0.0153769 0.000979855
279000 0.999829 -0.015411 0.000987687
280000 1.00544 -0.0146292 0.000987869
281000 1.01953 -0.00515334 0.00100495
282000 0.995695 -0.00458578 0.00098491
283000 1.02055 -0.00999671 0.00100427
284000 1.04105 -0.0157428 0.00102928
285000 0.992137 -0.0115904 0.000973498
286000 1.00294 -0.00824954 0.0009881
287000 1.001 -0.014137 0.000981814
288000 0.968398 -0.0128476 0.000949266
289000 1.00656 -0.017671 0.000986638
290000 0.986217 -0.0134642 0.000970228
291000 0.980264 -0.0175497 0.000957041
292000 1.02001 -0.010534 0.00100394
293000 0.965057 -0.0122202 0.000947842
294000 0.992978 -0.0160951 0.00097424
295000 1.01917 -0.00898882 0.00100135
296000 0.981515 -0.0155832 0.00096818
297000 1.02738 -0.0125011 0.00101174
298000 0.989869 -0.00842802 0.000973424
299000 0.993692 -0.00640179 0.000978907
300000 1.00821 -0.00508076 0.000991449
301000 1.00736 -0.00276854 0.000995974
302000 1.01011 -0.010568 0.000995338
303000 0.997108 -0.00876085 0.000985168
304000 0.977124 -0.00924853 0.000963063
305000 0.999204 -0.00891489 0.000981026
306000 0.981208 -0.0111408 0.000964644
307000 1.00665 -0.00629517 0.000995001
308000 0.992744 -0.00960904 0.000975619
309000 0.960749 -0.010495 0.000945195
310000 0.978705 -0.00926161 0.000963526
311000 1.00103 -0.00464779 0.0009892
312000 1.01726 -0.00579721 0.00100528
313000 1.01172 -0.0100371 0.000990534
314000 0.961145 -0.00930789 0.000948407
315000 0.974369 -0.0044812 0.000962043
316000 0.995924 -0.00814832 0.000981119
317000 0.980362 -0.00399781 0.000965472
318000 0.972757 -0.00851579 0.000958341
319000 0.972903 -0.00496631 0.000962091
320000 0.9982 -0.0114273 0.000986122
321000 1.01251 -0.00687234 0.0010018
322000 0.982091 -0.00556069 0.000968821
323000 1.01152 -0.0114263 0.000996913
324000 1.03303 -0.00491339 0.00101873
325000 0.992969 -0.00743951 0.000976402
326000 1.01353 -0.00764651 0.000994634
327000 0.987073 -0.00804256 0.000975281
328000 1.01882 -0.00393435 0.00100475
329000 0.980262 -0.00427492 0.000970562
330000 0.978371 -0.00244329 0.000969021
331000 1.04365 -0.00874388 0.00102922
332000 0.990485 -0.00525781 0.000978438
333000 1.014 -0.00519254 0.00100053
334000 0.963671 -0.00427093 0.000951112
335000 1.00664 -0.00427139 0.000993959
336000 1.00027 -0.00324851 0.000987877
337000 1.01343 -0.00558674 0.000998519
338000 0.963665 -0.00747757 0.000948706
339000 1.00245 -0.00710568 0.000984638
340000 1.04244 -0.00297545 0.00103065
341000 1.021 -0.00138857 0.00101032
342000 0.991576 -0.0109957 0.000969998
343000 1.01059 -0.00902178 0.000991439
344000 0.997209 -0.00651647 0.000981771
345000 1.00535 -0.0182537 0.000977213
346000 0.987734 -0.0139209 0.000970295
347000 0.990419 -0.00866672 0.000976174
348000 0.999414 -0.0068221 0.000990031
349000 1.02443 -0.00608111 0.00101377
350000 0.981875 -0.00947569 0.000965817
351000 1.00835 -0.00911431 0.000992715
352000 0.954653 -0.00529296 0.000938579
353000 1.04037 -0.00572543 0.00102513
354000 0.964994 -0.0054507 0.00095805
355000 1.0279 -0.0133769 0.00100948
356000 1.0173 -0.0138854 0.00100081
357000 1.016 -0.0150046 0.00100075
358000 0.993378 -0.0204463 0.000968318
359000 1.00434 -0.0155379 0.000980726
360000 1.00535 -0.0031508 0.000990812
361000 0.994811 -0.00865944 0.000976636
362000 0.98107 -0.00675436 0.000964283
363000 0.997393 -0.0062424 0.000985552
364000 0.990562 -0.00851025 0.000978556
365000 0.985895 -0.00887725 0.000968188
366000 1.01744 -0.00655058 0.00100526
367000 0.98641 -0.0038433 0.000972855
368000 1.0307 -0.00479348 0.0010185
369000 1.00491 -0.00326041 0.000991964
370000 0.991846 -0.00381249 0.000980885
371000 0.992189 -0.0034492 0.000981103
372000 0.998164 -0.00609165 0.000985539
373000 0.999782 -0.00675389 0.00098809
374000 0.99772 -0.0039321 0.000986228
375000 1.00203 -0.00403813 0.000985554
376000 0.998122 -0.00293525 0.000986627
377000 0.997679 -0.0062261 0.000985696
378000 1.00454 -0.0102238 0.000988172
379000 1.01609 -0.0132902 0.00100108
380000 0.972008 -0.0100568 0.000957153
381000 0.966262 -0.00462151 0.000954633
382000 1.04101 -0.00639247 0.001025
383000 0.970204 -0.00485286 0.000956836
384000 1.01616 -0.0048166 0.00100611
385000 1.02793 -0.00673944 0.00101138
386000 1.00967 -0.00725882 0.000994947
387000 0.980773 -0.00236649 0.000967561
388000 1.02112 -0.00654864 0.00100832
389000 0.993489 -0.00569461 0.000979047
390000 0.987328 -0.00555768 0.000971639
391000 0.997087 -0.00735341 0.000984686
392000 0.972905 -0.00533955 0.000957372
393000 0.970409 -0.0120867 0.00095317
394000 1.00395 -0.00622887 0.000994577
395000 0.995193 -0.00805467 0.00097539
396000 1.01839 -0.00541783 0.00100178
397000 0.977926 -0.00903815 0.000961612
398000 1.02611 -0.00422763 0.00100961
399000 1.01744 -0.010658 0.000999433
400000 0.962598 -0.0132079 0.000945701
401000 1.02513 -0.00877674 0.00100733
402000 0.980023 -0.00134856 0.000969434
403000 1.00785 -0.00402467 0.000997123
404000 0.989589 -0.00280129 0.000980213
405000 1.00469 -0.00730105 0.000987653
406000 0.989787 -0.00671891 0.000972804
407000 0.998618 -0.00807031 0.000991041
408000 0.991589 -0.0100658 0.000978744
409000 0.989338 -0.00417422 0.000975911
410000 1.00774 -0.00501382 0.00099444
411000 1.00725 -0.00879799 0.000992997
412000 0.989094 -0.00611254 0.000974576
413000 0.999915 -0.00610427 0.000992418
414000 0.986431 -0.00754301 0.000968547
415000 1.00639 -0.0110454 0.000992445
416000 1.01597 -0.00726857 0.0010004
417000 0.992835 -0.00422322 0.000982579
418000 1.00447 -0.00637762 0.000988546
419000 1.01029 -0.00405335 0.000999293
420000 1.00362 -0.00492649 0.000991005
421000 1.00096 -0.00296796 0.000987081
422000 1.01554 -0.00806825 0.00100103
423000 0.993747 -0.00464676 0.00098347
424000 0.971171 -0.00548608 0.000959286
425000 1.02022 -0.0054606 0.00100638
426000 1.007 -0.00410859 0.000997328
427000 0.967069 -0.00785586 0.00095251
428000 1.02688 -0.00750977 0.0010132
429000 0.954857 -0.00375609 0.00094235
430000 1.0134 -0.00959634 0.000996461
431000 1.0138 -0.0182765 0.00099495
432000 0.970771 -0.00819442 0.000959211
433000 1.02149 -0.00847048 0.00100277
434000 0.992074 -0.00591422 0.000979191
435000 0.981079 -0.00590605 0.000964666
436000 1.02807 -0.0103885 0.00100904
437000 1.00686 -0.00650385 0.000988582
438000 0.981944 -0.00676639 0.000965407
439000 1.01692 -0.00558779 0.00100789
440000 1.01925 -0.00552949 0.00100805
441000 0.992397 -0.0130206 0.000968358
442000 1.0231 -0.00598863 0.00100592
443000 1.02204 -0.00807814 0.00100819
444000 0.986411 -0.00574426 0.000971717
445000 1.01192 -0.0123198 0.000993679
446000 0.987635 -0.00931546 0.000970228
447000 0.987271 -0.0129907 0.0009679
448000 1.0219 -0.00546229 0.00100658
449000 0.993295 -0.000562452 0.00098239
450000 0.988625 -0.0113436 0.00097125
451000 1.00526 -0.00537798 0.00099194
452000 1.01545 -0.00563944 0.000999406
453000 1.0008 -0.00428288 0.000990591
454000 0.966658 -0.00161175 0.000955838
455000 1.01327 -0.00311528 0.00100167
456000 1.028 -0.00748272 0.00101123
457000 0.974454 -0.0096394 0.000954016
458000 0.989428 -0.00628836 0.000978278
459000 1.01719 -0.00948408 0.00100005
460000 1.00305 -0.00430438 0.000992058
461000 0.986657 -0.00230635 0.000973511
462000 0.975762 -0.00521741 0.000963148
463000 1.02864 -0.0120376 0.00100801
464000 0.995374 -0.0128019 0.000978657
465000 1.04916 -0.018405 0.00103169
466000 1.01032 -0.0101383 0.000991343
467000 0.972059 -0.0105594 0.000953815
468000 0.981125 -0.00332094 0.000968407
469000 1.01939 -0.00208293 0.00100746
470000 0.981899 -0.00451864 0.000969089
471000 0.981518 -0.00773852 0.000967417
472000 0.991367 -0.00364827 0.000980799
473000 0.979735 -0.00316376 0.000967846
474000 1.04594 -0.00575291 0.00102995
475000 0.984561 -0.00817708 0.000968975
476000 0.981332 -0.0108649 0.000963622
477000 1.03929 -0.00371704 0.00102549
478000 0.983736 -0.00613667 0.000974209
479000 0.977608 -0.0127772 0.000957453
480000 1.02344 -0.00744172 0.00100894
481000 1.02391 -0.00822192 0.0010082
482000 0.960417 -0.00844425 0.000941743
483000 1.02075 -0.00770728 0.00100549
484000 0.972606 -0.00512613 0.000961108
485000 1.00064 -0.00515005 0.000989439
486000 1.00243 -0.0077384 0.000987263
487000 1.01451 -0.00857782 0.000997643
488000 0.96765 -0.0122277 0.000948157
489000 1.03911 -0.00533886 0.00102399
490000 0.985034 -0.00355906 0.000974279
491000 1.00282 -0.00853583 0.000994658
492000 1.0185 -0.00826448 0.00100228
493000 0.977526 -0.00633298 0.000965894
494000 0.96287 -0.00253136 0.000949994
495000 0.97398 -0.00523165 0.000957893
496000 0.999888 -0.00341181 0.000984092
497000 0.972032 -0.0098965 0.000962076
498000 0.977399 -0.00329431 0.000965915
499000 1.01593 -0.000884034 0.0010067
500000 1.03284 -0.00431038 0.00101955
501000 0.956436 -0.00455439 0.00094103
502000 1.01721 -0.00572119 0.00100884
503000 0.999399 -0.00905556 0.000984073
504000 1.03849 -0.00418254 0.00102426
505000 0.969101 -0.0109773 0.00095006
506000 1.02465 -0.0132274 0.00100799
507000 0.992891 -0.00380994 0.000979286
508000 0.973243 -0.00327335 0.000959626
509000 1.03296 -0.0123843 0.00101169
510000 1.0233 -0.00715444 0.00100716
511000 0.970667 -0.0147572 0.000954628
512000 1.02144 -0.00754171 0.0010109
513000 0.969722 -0.00452709 0.000958696
514000 1.03916 -0.00367501 0.00102581
515000 0.998017 -0.00992241 0.000985781
516000 1.00247 -0.00436876 0.000990567
517000 0.996217 -0.00569138 0.000986468
518000 0.982485 -0.00494758 0.000975286
519000 1.01725 -0.0108133 0.00100345
520000 1.03035 -0.00428214 0.00102349
521000 0.98238 -0.00558873 0.000971716
522000 1.0181 -0.0040201 0.00100437
523000 0.96657 -0.00641601 0.000953575
524000 1.04417 -0.00812007 0.00103285
525000 0.976591 -0.00590786 0.000962959
526000 0.978 -0.00864559 0.000961795
527000 1.01747 -0.00289849 0.00100548
528000 0.977792 -0.0031613 0.000969086
529000 1.03824 -0.00467353 0.00102614
530000 0.966943 -0.0127179 0.000950888
531000 1.02419 -0.0102492 0.00101567
532000 0.99087 -0.00309903 0.00097818
533000 1.02222 -0.0020073 0.00101036
534000 1.00665 -0.00279526 0.000992552
535000 1.01948 -0.00246367 0.00100726
536000 0.979333 -0.00492289 0.000969661
537000 0.98707 -0.00592379 0.000971469
538000 0.999246 -0.00842739 0.000984879
539000 0.99649 -0.0032081 0.000982067
540000 0.974384 -0.00373468 0.000960988
541000 1.02388 -0.00723262 0.00100422
542000 1.02489 -0.0085481 0.00100922
543000 1.00209 -0.00971133 0.000986527
544000 0.982425 -0.0106298 0.000963525
545000 0.987741 -0.00430509 0.000974986
546000 0.965916 -0.00817345 0.000956906
547000 0.980838 -0.011239 0.000959331
548000 1.01362 -0.013815 0.000995373
549000 0.981341 -0.017115 0.00096444
550000 1.00701 -0.0203495 0.000983927
551000 1.02053 -0.0143477 0.00100119
552000 0.989823 -0.017438 0.000964651
553000 1.01117 -0.0196375 0.00099104
554000 1.01102 -0.0144481 0.000990492
555000 1.02901 -0.00799114 0.00101125
556000 0.975448 -0.00335825 0.000961491
557000 1.02343 -0.00813278 0.00101119
558000 0.990283 -0.0044746 0.000975696
559000 1.01255 -0.00973833 0.000997406
560000 1.01781 -0.0092161 0.00100088
561000 1.01876 -0.0115287 0.00100027
562000 0.998983 -0.00829607 0.000981144
563000 1.01303 -0.013446 0.000995949
564000 1.01268 -0.01199 0.000996926
565000 0.98192 -0.0126254 0.000961932
566000 1.00444 -0.0130174 0.000985144
567000 0.980001 -0.0145759 0.000965538
568000 1.03148 -0.00809247 0.00101567
569000 1.00163 -0.00673722 0.00098758
570000 0.981585 -0.00396888 0.000969311
571000 0.963842 -0.00399086 0.000950849
572000 1.02295 -0.00672653 0.0010089
573000 0.950701 -0.0023057 0.000939346
574000 1.03422 -0.00494342 0.00102047
575000 0.981035 -0.00541742 0.000969805
576000 0.987869 -0.0085607 0.000975893
577000 1.02567 -0.00281957 0.00101233
578000 0.994834 -0.00232738 0.000982377
579000 0.996768 -0.00683933 0.000978549
580000 1.02317 -0.0040602 0.00100924
581000 1.01549 -0.00595774 0.00099886
582000 0.972139 -0.00704443 0.000958986
583000 0.985915 -0.00555657 0.000979663
584000 1.03922 -0.0052507 0.00102638
585000 0.986909 -0.00855036 0.000971195
586000 0.979529 -0.00800886 0.000962952
587000 0.987989 -0.00980449 0.000971545
588000 0.971574 -0.0024849 0.000959346
589000 1.02726 -0.0122147 0.00101009
590000 1.00835 -0.0102714 0.000990668
591000 0.981926 -0.00606759 0.000968352
592000 0.982714 -0.00389658 0.000967571
593000 1.02719 -0.0100692 0.00101332
594000 1.00692 -0.00460903 0.000991784
595000 0.993184 -0.0061835 0.000979376
596000 0.989662 -0.00487979 0.00098026
597000 1.02216 -0.00380573 0.0010124
598000 0.988726 -0.00601474 0.000979126
599000 1.00313 -0.00252681 0.000989637
600000 1.01863 -0.00752869 0.00100398
601000 0.972503 -0.00681582 0.000956917
602000 1.00761 -0.00768831 0.000991574
603000 1.02663 -0.00726001 0.00101159
604000 0.973037 -0.00497091 0.000961385
605000 0.968939 -0.00665738 0.000954507
606000 1.01396 -0.00506451 0.00100207
607000 0.990549 -0.00699001 0.000977265
608000 0.998673 -0.00844887 0.000991948
609000 0.999302 -0.0077937 0.000983035
610000 1.01217 -0.00522263 0.00100012
611000 0.99115 -0.00493955 0.000978742
612000 1.02226 -0.00330959 0.00101103
613000 1.00262 -0.00502929 0.000988
614000 1.00253 -0.00587174 0.000988475
615000 1.01229 -0.00842921 0.00100039
616000 0.975838 -0.00130581 0.000964523
617000 0.980631 -0.003232 0.000967685
618000 1.00574 -0.0105209 0.000990954
619000 0.990969 -0.0094578 0.000972695
620000 0.999968 -0.00935492 0.000981185
621000 1.01944 -0.00173462 0.00100774
622000 1.00204 -0.0033014 0.000996123
623000 0.984332 -0.00465887 0.000974235
624000 0.984821 -0.00406441 0.000975162
625000 0.980372 -0.00941155 0.000965894
626000 1.02572 -0.0068472 0.00100845
627000 0.963936 -0.00666798 0.000951882
628000 1.0197 -0.00564383 0.00100827
629000 0.994009 -0.0066685 0.000978667
630000 1.01673 -0.00235911 0.00100351
631000 0.986852 -0.00785526 0.000970071
632000 1.0189 -0.00723327 0.00100561
633000 1.02339 -0.00735407 0.00100991
634000 0.983895 -0.00442919 0.000971386
635000 1.00548 -0.0100822 0.000983461
636000 1.01042 -0.00454982 0.000996686
637000 0.995211 -0.00230974 0.000984568
638000 0.960382 -0.00443282 0.000948689
639000 0.995238 -0.00359545 0.000981623
640000 1.00331 -0.00267297 0.000989654
641000 1.00908 -0.00613177 0.000999071
642000 0.957888 -0.0094819 0.000948363
643000 1.03034 -0.0223442 0.00100119
644000 0.967698 -0.0140756 0.000952499
645000 1.04426 -0.00816996 0.00103338
646000 0.989125 -0.006104 0.000978156
647000 1.00572 -0.00688582 0.000991889
648000 1.00073 -0.00225748 0.000992284
649000 0.97163 -0.00411278 0.000958664
650000 1.01737 -0.00279745 0.00100615
651000 0.995268 -0.00527804 0.000979457
652000 0.982916 -0.00375571 0.000968223
653000 1.0212 -0.00971291 0.00100742
654000 1.01865 -0.0059471 0.00100402
655000 1.00712 -0.00701139 0.000988257
656000 0.971886 -0.00491559 0.000961021
657000 0.989197 -0.00237238 0.00098135
658000 0.993484 -0.00364807 0.000980457
659000 0.995326 -0.00675364 0.000979654
660000 1.00003 -0.00550083 0.000987742
661000 0.984088 -0.00396461 0.000972725
662000 0.993918 -0.00354238 0.000982599
663000 1.01723 -0.00493253 0.00100534
664000 1.00876 -0.00387275 0.000994763
665000 0.956245 -0.00719475 0.000941882
666000 0.989339 -0.00703275 0.000974139
667000 1.03234 -0.00482375 0.00102115
668000 1.0003 -0.00434856 0.000986133
669000 1.00808 -0.00757886 0.000995589
670000 1.00852 -0.00507936 0.000992513
671000 0.99489 -0.00388515 0.000987029
672000 0.998415 -0.00640635 0.000984976
673000 1.01347 -0.00815273 0.000995384
674000 0.961476 -0.00395851 0.000952315
675000 0.998796 -0.00431753 0.000987491
676000 1.01518 -0.00585774 0.00100193
677000 1.02161 -0.00702101 0.00100738
678000 1.02589 -0.00296959 0.00102163
679000 0.963929 -0.00235996 0.000949896
680000 1.02435 -0.00809152 0.00100791
681000 1.0178 -0.0164695 0.000992374
682000 1.00723 -0.00964173 0.000990376
683000 0.98388 -0.00778521 0.00096601
684000 1.00192 -0.00217 0.000991842
685000 1.0088 -0.00432183 0.000999694
686000 0.99448 -0.00328035 0.000984804
687000 1.01977 -0.00385251 0.00100535
688000 1.01752 -0.0108767 0.00100513
689000 0.977839 -0.0103464 0.00096425
690000 0.999368 -0.00836264 0.000978263
691000 0.996765 -0.0101149 0.000980769
692000 1.01766 -0.00997175 0.00100488
693000 1.00536 -0.00926584 0.000983923
694000 0.974862 -0.00714208 0.000960607
695000 1.01348 -0.00713228 0.000999467
696000 0.988599 -0.00690761 0.00097188
697000 1.00213 -0.0051558 0.000989435
698000 1.0111 -0.00228832 0.000996681
699000 0.988757 -0.00553401 0.000970765
700000 0.998335 -0.00571302 0.000984195
701000 0.980879 -0.00455742 0.000970664
702000 1.01439 -0.00445124 0.00100271
703000 1.00021 -0.00773928 0.00098444
704000 0.98009 -0.0090108 0.000962526
705000 1.00421 -0.0142463 0.000976762
706000 1.00826 -0.0157714 0.000987072
707000 0.978825 -0.00760602 0.000965647
708000 1.00189 -0.00404454 0.000990028
709000 1.01648 -0.00670987 0.00100057
710000 1.02651 -0.0101074 0.00101162
711000 0.990406 -0.00644965 0.000979892
712000 0.98479 -0.00705316 0.000967276
713000 1.01681 -0.00407313 0.00100365
714000 1.03642 -0.00792583 0.00102007
715000 0.957654 -0.0201092 0.000932429
716000 1.00142 -0.0215582 0.000974742
717000 1.01183 -0.0161412 0.000986359
718000 0.992074 -0.0167483 0.000967796
719000 1.02699 -0.0149152 0.00100689
720000 1.00921 -0.0157628 0.000992195
721000 0.963263 -0.0120535 0.000949469
722000 1.04057 -0.0167946 0.00102131
723000 0.978166 -0.0135431 0.00095917
724000 0.983983 -0.0117828 0.000972747
725000 1.04462 -0.0174452 0.00102803
726000 0.965787 -0.0119043 0.000950249
727000 1.01654 -0.00976025 0.00100581
728000 1.02192 -0.0165773 0.00100241
729000 1.018 -0.00906349 0.00100327
730000 1.02064 -0.0118279 0.00100548
731000 1.0136 -0.00531228 0.000999566
732000 0.999085 -0.00535678 0.000984525
733000 0.963918 -0.0068802 0.000949589
734000 1.02447 -0.0054856 0.00101429
735000 0.998279 -0.00220201 0.000991545
736000 1.04395 -0.0102949 0.00102795
737000 0.986419 -0.00288971 0.000974194
738000 0.983632 -0.0123697 0.000963083
739000 1.00717 -0.0112723 0.000991129
740000 0.975637 -0.00946365 0.000961397
741000 1.00921 -0.00992846 0.000995701
742000 1.02616 -0.0152377 0.00100737
743000 1.00071 -0.00978706 0.000989891
744000 1.01035 -0.0137114 0.000997917
745000 1.0022 -0.00920833 0.000988603
746000 0.995188 -0.00936588 0.00098028
747000 1.02111 -0.00947734 0.00100835
748000 1.01277 -0.0139191 0.000993269
749000 1.00006 -0.0102256 0.000988745
750000 0.991019 -0.00782935 0.000976578
751000 1.02008 -0.0131285 0.00100245
752000 0.98941 -0.0132088 0.000974978
753000 1.01055 -0.00857157 0.000994768
754000 1.00918 -0.012021 0.00099749
755000 0.996837 -0.0109814 0.000981601
756000 0.966482 -0.00802677 0.000950009
757000 1.01506 -0.0123054 0.00100002
758000 1.00095 -0.0123093 0.000988579
759000 1.02197 -0.0105027 0.00100418
760000 0.993835 -0.015955 0.000975151
761000 0.985669 -0.0181993 0.000961716
762000 1.00632 -0.0279565 0.000976002
763000 0.970742 -0.0254988 0.000938603
764000 1.01084 -0.0207864 0.000982004
765000 0.97883 -0.014565 0.0009637
766000 1.02592 -0.0128272 0.00100805
767000 1.01626 -0.0122784 0.000998131
768000 0.965246 -0.0191322 0.000939928
769000 0.997786 -0.014072 0.000978248
770000 0.99218 -0.0112622 0.000972486
771000 1.00223 -0.0125105 0.000984672
772000 0.991103 -0.00655346 0.000978723
773000 0.994511 -0.00751021 0.000980656
774000 1.00592 -0.0107878 0.00098718
775000 0.992728 -0.00374411 0.000978511
776000 1.00194 -0.00200494 0.000988395
777000 1.01485 -0.00603335 0.000999027
778000 0.98607 -0.0109764 0.000968428
779000 0.988572 -0.00425678 0.000972434
780000 0.988343 -0.00396949 0.000980233
781000 0.995362 -0.0109796 0.00097957
782000 1.01224 -0.0121204 0.000988451
783000 0.993765 -0.00346189 0.000980592
784000 0.990327 -0.00822644 0.000979055
785000 0.970164 -0.0123358 0.000949183
786000 1.02647 -0.0129234 0.00100615
787000 0.955177 -0.0120606 0.000943663
788000 1.02481 -0.0104645 0.00100883
789000 1.00878 -0.0123132 0.000998342
790000 0.986633 -0.00777257 0.000973376
791000 0.992949 -0.00900913 0.000983456
792000 1.02319 -0.00810245 0.00100261
793000 1.0162 -0.00394383 0.00100252
794000 0.995498 -0.0030624 0.000983639
795000 1.02558 -0.00522426 0.00100994
796000 1.02192 -0.008274 0.00101175
797000 0.982188 -0.00464882 0.000969065
798000 0.996193 -0.00371147 0.000986112
799000 1.0149 -0.00446541 0.00100851
800000 0.975089 -0.00439898 0.000963407
801000 1.01213 -0.00508433 0.00100204
802000 0.984466 -0.00729143 0.000970546
803000 1.01743 -0.0047249 0.00100211
804000 0.97601 -0.00768836 0.000963736
805000 1.03664 -0.00454089 0.00102381
806000 0.970027 -0.00456764 0.000957426
807000 1.02969 -0.00492303 0.00101758
808000 0.967615 -0.00464861 0.000956791
809000 1.02941 -0.00746323 0.00101449
810000 1.00249 -0.00574586 0.00098935
811000 0.993167 -0.00798977 0.000977134
812000 0.981705 -0.00520348 0.000967898
813000 1.00982 -0.00408404 0.000997252
814000 0.977337 -0.00943612 0.000961891
815000 0.998277 -0.00474722 0.000984642
816000 1.02333 -0.00820512 0.00100629
817000 0.96854 -0.00672298 0.000955235
818000 1.00367 -0.00387296 0.00099218
819000 1.00972 -0.0028661 0.000996198
820000 0.984928 -0.00547722 0.000971841
821000 1.00102 -0.00333518 0.000988973
822000 1.00684 -0.00620087 0.000994343
823000 1.00999 -0.00662389 0.000997439
824000 0.98388 -0.00286803 0.00097191
825000 1.00721 -0.00539234 0.000995638
826000 1.02899 -0.00709007 0.00101151
827000 0.996532 -0.00985746 0.000981788
828000 0.99765 -0.0057548 0.000983244
829000 0.990544 -0.00758348 0.000978988
830000 0.989835 -0.00797817 0.000968907
831000 1.01272 -0.00905641 0.000997029
832000 0.996139 -0.00275252 0.00098415
833000 0.988447 -0.00397852 0.000976697
834000 1.0054 -0.00943875 0.000990345
835000 1.00278 -0.00628361 0.000988039
836000 1.01271 -0.00436428 0.000999389
837000 0.982884 -0.00502668 0.000966734
838000 0.999851 -0.00597638 0.000983074
839000 1.02226 -0.00560198 0.00100782
840000 0.967849 -0.0130802 0.000947294
841000 1.00883 -0.00600661 0.000991716
842000 0.997571 -0.00680913 0.000983512
843000 0.994843 -0.00606568 0.000982746
844000 1.00436 -0.00575955 0.000988028
845000 0.994973 -0.00610563 0.000980439
846000 1.00209 -0.00573318 0.00098976
847000 0.999672 -0.00708145 0.000993646
848000 0.991789 -0.00353933 0.000986324
849000 1.01006 -0.0070482 0.000995454
850000 0.982921 -0.00270474 0.000969817
851000 0.998697 -0.00470595 0.00098238
852000 1.02171 -0.00459796 0.00101149
853000 0.959735 -0.00762426 0.000938714
854000 1.03746 -0.00707234 0.00101593
855000 0.99579 -0.0154115 0.000969173
856000 0.998793 -0.0125704 0.000977059
857000 1.03846 -0.00776539 0.00102734
858000 0.993126 -0.00702456 0.000976702
859000 0.993017 -0.00596659 0.000980968
860000 1.01357 -0.00687896 0.0010016
861000 0.993142 -0.00534269 0.000978159
862000 1.00291 -0.00199736 0.000990909
863000 0.994272 -0.00310018 0.000983624
864000 0.981749 -0.00346234 0.000969059
865000 1.02774 -0.0109793 0.00100744
866000 0.981931 -0.00707149 0.000966427
867000 0.996654 -0.00684226 0.000982208
868000 0.997832 -0.00818448 0.000981848
869000 1.00315 -0.011669 0.000985908
870000 1.01481 -0.0111737 0.000998089
871000 1.01394 -0.00436708 0.00100295
872000 1.01491 -0.00928384 0.00100271
873000 1.00402 -0.00861956 0.000988877
874000 0.967008 -0.0138427 0.00095149
875000 0.984956 -0.0164502 0.000962561
876000 1.01657 -0.00345519 0.00100331
877000 0.984481 -0.00686893 0.000974435
878000 1.0038 -0.00864799 0.000983965
879000 1.01717 -0.0113595 0.00100026
880000 0.978961 -0.00968953 0.000960658
881000 0.997407 -0.00782581 0.000982483
882000 1.02362 -0.00564528 0.00101192
883000 0.986235 -0.00533764 0.000972246
884000 1.01497 -0.0091258 0.00100043
885000 0.994219 -0.00514408 0.00098248
886000 0.979838 -0.00418495 0.000965631
887000 1.02316 -0.00880799 0.00100557
888000 1.02716 -0.00282929 0.00101368
889000 0.975198 -0.00559705 0.000962166
890000 0.988859 -0.00689897 0.000980205
891000 1.01168 -0.00336404 0.00099773
892000 0.991684 -0.00845675 0.000977749
893000 0.991546 -0.00876987 0.000977882
894000 1.00258 -0.00532434 0.00099014
895000 0.990198 -0.00565739 0.000983009
896000 0.992491 -0.00776482 0.000976893
897000 1.02615 -0.0111573 0.00100727
898000 0.985298 -0.00693628 0.000971663
899000 0.989236 -0.00380697 0.00097472
900000 1.02798 -0.00611903 0.00101276
901000 1.03527 -0.00595026 0.0010211
902000 1.00817 -0.00427909 0.000994949
903000 1.00388 -0.00609387 0.000988709
904000 1.02683 -0.00206205 0.00101975
905000 1.01556 -0.00817965 0.00100463
906000 1.00535 -0.00799013 0.000985523
907000 0.995537 -0.00866874 0.000977364
908000 1.00001 -0.00962247 0.000979426
909000 1.01832 -0.00570077 0.00100795
910000 1.00453 -0.00424795 0.000994482
911000 1.00098 -0.00817975 0.000983168
912000 0.966807 -0.00860012 0.000954725
913000 1.00143 -0.0169564 0.000980727
914000 1.01722 -0.00642834 0.00100086
915000 1.02335 -0.00274025 0.00100954
916000 0.965346 -0.00707088 0.000951821
917000 1.02489 -0.00858849 0.00101126
918000 1.03466 -0.00406957 0.00102126
919000 0.959524 -0.00504799 0.000950376
920000 1.02265 -0.00441835 0.00100944
921000 0.987545 -0.00204216 0.000975543
922000 0.96881 -0.00666827 0.000957193
923000 0.987217 -0.00863433 0.000973942
924000 0.999351 -0.00866406 0.000984018
925000 1.01564 -0.00999226 0.00100153
926000 0.956904 -0.00650051 0.000942079
927000 0.976379 -0.00780709 0.000957623
928000 1.00223 -0.00762347 0.000988397
929000 0.963679 -0.0124725 0.000943453
930000 1.02696 -0.00874022 0.00101596
931000 0.987104 -0.0107227 0.000972272
932000 0.995479 -0.0171014 0.000977169
933000 0.971857 -0.0116996 0.000958571
934000 1.02017 -0.0114822 0.00100357
935000 0.987985 -0.01514 0.000971308
936000 1.02373 -0.0107535 0.00100962
937000 1.02375 -0.0102866 0.00101339
938000 1.00847 -0.0172484 0.000985393
939000 0.96967 -0.0124115 0.000954804
940000 0.975889 -0.0117477 0.000955164
941000 1.03368 -0.0184011 0.00101253
942000 0.976594 -0.0114831 0.000972042
943000 1.01648 -0.00682225 0.00100047
944000 0.971429 -0.00733993 0.000956422
945000 1.01369 -0.00878812 0.000996124
946000 0.998238 -0.00783361 0.000981874
947000 1.01055 -0.00828833 0.00099486
948000 0.998674 -0.00455637 0.000987134
949000 0.983876 -0.00522669 0.000974921
950000 1.00345 -0.0082897 0.000989096
951000 1.00906 -0.0130678 0.000985454
952000 1.00809 -0.0152986 0.000985928
953000 0.968225 -0.0044574 0.00095663
954000 1.01812 -0.00967676 0.00100611
955000 1.03572 -0.00601883 0.00102194
956000 1.00655 -0.00762684 0.00100251
957000 0.965579 -0.0075957 0.000949499
958000 1.01004 -0.00631223 0.000995962
959000 1.01399 -0.00622057 0.00100167
960000 1.02737 -0.00709425 0.0010149
961000 0.976707 -0.00763489 0.000960778
962000 0.988494 -0.00340299 0.00097754
963000 0.983158 -0.0061822 0.000968577
964000 0.972186 -0.0072374 0.000955051
965000 1.0167 -0.0153038 0.000990673
966000 0.989374 -0.0163953 0.000965652
967000 1.01852 -0.0150034 0.000997197
968000 0.986635 -0.00888279 0.000971632
969000 1.00375 -0.00429836 0.000992264
970000 0.986672 -0.00840767 0.000970247
971000 1.02185 -0.00641063 0.00100844
972000 0.998267 -0.0102914 0.000980738
973000 0.997875 -0.00759372 0.000979346
974000 0.995689 -0.0038048 0.000982534
975000 0.997198 -0.00649908 0.00098259
976000 1.00847 -0.00650578 0.00099671
977000 1.04166 -0.0105346 0.00102221
978000 0.972413 -0.0106221 0.000955881
979000 1.00362 -0.0081704 0.000988849
980000 1.02427 -0.00510971 0.00101247
981000 1.02862 -0.00756342 0.00101127
982000 0.962402 -0.0113816 0.000949837
983000 1.00819 -0.01049 0.000992058
984000 1.03657 -0.0105766 0.00102179
985000 0.98284 -0.00770421 0.000968421
986000 0.989323 -0.0100288 0.000974928
987000 1.01648 -0.0104604 0.00100596
988000 1.00915 -0.0114397 0.000994624
989000 0.978578 -0.0120576 0.000964855
990000 0.98747 -0.0119324 0.000970839
991000 1.02333 -0.00952132 0.00100837
992000 0.995294 -0.0114917 0.000983634
993000 0.998901 -0.00913887 0.000980635
994000 1.03343 -0.00682349 0.00102172
995000 0.96199 -0.0074588 0.000947766
996000 1.01832 -0.0111166 0.00100043
997000 1.02447 -0.0091384 0.00100799
998000 0.994645 -0.0132272 0.000978628
999000 1.02279 -0.0132561 0.00100342
1000000 1.01258 -0.00605418 0.000997336
1001000 0.963977 -0.00719456 0.000951663
1002000 1.02749 -0.0150533 0.00101488
1003000 0.98576 -0.0141719 0.000968265
1004000 0.974368 -0.0131284 0.000955674
1005000 1.00397 -0.00954503 0.00098692
1006000 1.03599 -0.00718431 0.00102335
1007000 1.01939 -0.00606298 0.00100213
1008000 0.989377 -0.0037086 0.000975985
1009000 0.999717 -0.00524504 0.000990658
1010000 1.00294 -0.00447719 0.000992062
1011000 0.98642 -0.00554659 0.000982226
1012000 1.00269 -0.00595428 0.000985011
1013000 1.00343 -0.00514366 0.000994107
1014000 1.01448 -0.00737549 0.00100042
1015000 1.01558 -0.0197978 0.000985794
1016000 1.01169 -0.0173795 0.000987345
1017000 0.989481 -0.0137851 0.000967828
1018000 1.01477 -0.00793398 0.00100016
1019000 0.999969 -0.00663185 0.00099294
1020000 1.03026 -0.00583733 0.00101451
1021000 0.988814 -0.0136658 0.000965278
1022000 0.990082 -0.00281005 0.000980151
1023000 0.99012 -0.00882886 0.000969332
1024000 0.98613 -0.00471651 0.000974178
1025000 0.990412 -0.00532296 0.00097849
1026000 1.00805 -0.00614535 0.00099012
1027000 0.995319 -0.00812724 0.000979058
1028000 0.990519 -0.00433284 0.000976693
1029000 1.01222 -0.00662626 0.00099864
1030000 1.0004 -0.00559478 0.000986719
1031000 0.985494 -0.0132418 0.000962469
1032000 1.0059 -0.0111583 0.00099213
1033000 0.990735 -0.0130627 0.000969007
1034000 1.02013 -0.0122817 0.00100324
1035000 0.98872 -0.00912635 0.000974331
1036000 0.992353 -0.00709963 0.000976177
1037000 1.00665 -0.0056802 0.000993921
1038000 1.00022 -0.00525078 0.000989701
1039000 1.00572 -0.00283462 0.000994723
1040000 0.991763 -0.00481904 0.000979959
1041000 1.0064 -0.0056342 0.000993427
1042000 0.994248 -0.0106508 0.000976021
1043000 0.990349 -0.00486592 0.000976533
1044000 0.986713 -0.0039628 0.000973114
1045000 1.01875 -0.00604067 0.00100065
1046000 1.0033 -0.00316188 0.000990645
1047000 1.00658 -0.0061666 0.000994576
1048000 0.981847 -0.00453738 0.000966382
1049000 1.00734 -0.00494114 0.000994015
1050000 0.983452 -0.00403535 0.000976925
1051000 0.999173 -0.0029537 0.000987652
1052000 1.01522 -0.00964609 0.00100003
1053000 1.02729 -0.00374188 0.00101303
1054000 1.00599 -0.00281605 0.000996476
1055000 0.988127 -0.00179473 0.000976998
1056000 1.0088 -0.00828736 0.00099029
1057000 1.00138 -0.0107269 0.000986773
1058000 1.01582 -0.0112931 0.00100103
1059000 0.996945 -0.0125396 0.000979721
1060000 1.00008 -0.0158249 0.000980611
1061000 0.993336 -0.0122967 0.000978396
1062000 0.992826 -0.0174471 0.000975179
1063000 0.986711 -0.0232524 0.000960807
1064000 0.997752 -0.014364 0.000983456
1065000 1.01352 -0.0161145 0.000997342
1066000 1.01112 -0.0104785 0.000993244
1067000 0.98815 -0.00545579 0.000977556
1068000 0.996547 -0.00576063 0.000983185
1069000 1.01282 -0.00757685 0.000993798
1070000 1.0025 -0.0081964 0.000985825
1071000 1.02434 -0.00643019 0.00101244
1072000 0.987856 -0.00913172 0.000972889
1073000 0.983306 -0.00412845 0.000969291
1074000 0.998027 -0.00659325 0.000983774
1075000 0.988696 -0.00413394 0.000978245
1076000 1.0271 -0.00611368 0.00101306
1077000 1.01458 -0.00765512 0.000999752
1078000 0.98582 -0.00434242 0.000972098
1079000 1.01919 -0.00458878 0.00101179
1080000 1.00291 -0.00483245 0.000995147
1081000 0.995696 -0.00766768 0.000984155
1082000 0.979271 -0.00990359 0.000958251
1083000 1.02925 -0.00935331 0.0010082
1084000 0.997574 -0.00386401 0.000988933
1085000 0.984194 -0.00460142 0.000970327
1086000 0.990748 -0.00610042 0.000979403
1087000 1.01865 -0.00579483 0.0010049
1088000 0.971114 -0.00622048 0.000958466
1089000 1.01057 -0.00439894 0.000999327
1090000 1.01693 -0.00529014 0.00100275
1091000 0.962141 -0.00508203 0.000946774
1092000 1.02434 -0.00514989 0.00101482
1093000 1.02779 -0.00536962 0.00101344
1094000 0.991052 -0.00855743 0.000974606
1095000 1.01039 -0.00508615 0.000998942
1096000 1.02674 -0.00341675 0.00101555
1097000 0.980176 -0.00390975 0.000966577
1098000 1.03831 -0.00433956 0.00102355
1099000 1.01655 -0.00414957 0.0010019
1100000 0.999709 -0.00564719 0.000984471
