# Time-averaged data for fix 2
# TimeStep v_Temperature v_PotentialEnergy v_Pressure
1000 1.98556 -0.0698305 0.0192651
2000 1.99272 -0.0754638 0.0194274
3000 2.0506 -0.071558 0.0198956
4000 1.95479 -0.0637267 0.0190709
5000 1.97997 -0.0630298 0.0194232
6000 2.00514 -0.0475354 0.0196029
7000 1.98072 -0.0755062 0.0191651
8000 2.00944 -0.0707713 0.0195114
9000 1.95038 -0.0883515 0.0188975
10000 1.92554 -0.0840424 0.0188178
11000 2.05191 -0.0888354 0.0201219
12000 2.11168 -0.0878414 0.0205087
13000 2.02677 -0.0619496 0.0199435
14000 1.93938 -0.0886012 0.0187913
15000 2.01461 -0.0810237 0.0196714
16000 1.99397 -0.0833553 0.0196205
17000 1.9528 -0.085602 0.019052
18000 1.97889 -0.0732703 0.0194179
19000 2.07306 -0.0697878 0.020371
20000 1.95614 -0.0590774 0.0192338
21000 1.9607 -0.0707779 0.0188202
22000 2.05029 -0.0679277 0.0200274
23000 2.00859 -0.0433147 0.0198718
24000 1.96541 -0.0580702 0.0192122
25000 2.02902 -0.0585521 0.0197971
26000 1.94433 -0.0497553 0.0191822
27000 2.01422 -0.0672046 0.0194392
28000 2.03611 -0.0613702 0.0199379
29000 1.91747 -0.0688473 0.0189613
30000 2.0569 -0.0686429 0.0199733
31000 1.9968 -0.0609087 0.0195766
32000 2.02312 -0.06238 0.0197662
33000 1.95732 -0.0594453 0.0192448
34000 2.00576 -0.059139 0.019915
35000 2.01706 -0.064225 0.0196955
36000 1.98078 -0.0690366 0.019454
37000 2.00203 -0.0780505 0.0196551
38000 2.02782 -0.060553 0.0196838
39000 1.99461 -0.0645566 0.0193798
40000 2.00952 -0.0654911 0.0196329
41000 1.99853 -0.0635504 0.019452
42000 1.96624 -0.0562251 0.0191929
43000 2.04782 -0.0606946 0.0203997
44000 2.06435 -0.0752927 0.0202474
45000 1.96737 -0.0679549 0.0193089
46000 2.00555 -0.0634186 0.019823
47000 2.04458 -0.0642761 0.0202343
48000 2.01982 -0.0667965 0.0198154
49000 2.0696 -0.0662038 0.0202605
50000 1.94261 -0.0679241 0.0192095
51000 1.97805 -0.056579 0.0193746
52000 2.0681 -0.0704954 0.0204125
53000 1.95634 -0.0830756 0.0189848
54000 2.00111 -0.0762753 0.0195198
55000 2.02033 -0.0808583 0.0195687
56000 2.01477 -0.0578721 0.0197303
57000 1.97776 -0.0656357 0.0193473
58000 2.03519 -0.0654995 0.0201525
59000 2.08477 -0.0607271 0.0205058
60000 2.00564 -0.0494649 0.0199118
61000 1.97506 -0.0621291 0.019307
62000 1.97844 -0.0561628 0.0194219
63000 2.07394 -0.0793058 0.0202371
64000 1.97035 -0.0735495 0.0192872
65000 1.95947 -0.0705362 0.0190916
66000 2.07891 -0.0661835 0.0204568
67000 1.94717 -0.073366 0.0189377
68000 1.99067 -0.0682435 0.0193182
69000 2.05054 -0.0728515 0.0200836
70000 1.96596 -0.0649499 0.0190788
71000 2.04091 -0.0608229 0.0202334
72000 1.99186 -0.0629602 0.0195053
73000 2.04221 -0.0604008 0.0199072
74000 2.02406 -0.0612986 0.0198122
75000 2.00758 -0.0611314 0.0196797
76000 1.99951 -0.0610428 0.0197627
77000 2.06605 -0.0559138 0.0204841
78000 2.02208 -0.053294 0.019814
79000 1.92559 -0.0587474 0.0188481
80000 2.04817 -0.053301 0.0202197
81000 1.95922 -0.0562561 0.0193019
82000 1.9398 -0.0617489 0.0189302
83000 2.04087 -0.0695278 0.0199346
84000 2.03052 -0.0575577 0.0200972
85000 2.01108 -0.0744968 0.0196852
86000 1.98593 -0.0579729 0.0193464
87000 2.0264 -0.0678286 0.0198082
88000 2.00795 -0.0633682 0.019702
89000 2.05453 -0.073401 0.0201192
90000 1.98855 -0.0688402 0.0196823
91000 2.02187 -0.0741388 0.0197737
92000 1.99592 -0.0595302 0.019478
93000 2.04622 -0.0480692 0.0203005
94000 2.07269 -0.054122 0.0202403
95000 1.95374 -0.0559856 0.0191539
96000 2.02692 -0.0583089 0.0197879
97000 1.92237 -0.0752285 0.0187542
98000 2.07917 -0.0685576 0.0203078
99000 1.97018 -0.0612134 0.0192752
100000 1.9625 -0.0589358 0.0191695
101000 2.0344 -0.0552994 0.0199113
102000 1.91994 -0.0624215 0.0188187
103000 2.0096 -0.0600577 0.0194687
104000 2.09205 -0.0616487 0.0202774
105000 1.99349 -0.0646071 0.0195461
106000 1.95352 -0.07115 0.0191303
107000 2.04447 -0.0634328 0.0199478
108000 2.00977 -0.0624656 0.0198408
109000 1.96251 -0.0785026 0.0193429
110000 1.97932 -0.0792769 0.0193663
111000 2.05302 -0.0627928 0.0199814
112000 1.96392 -0.0505322 0.0191301
113000 1.98692 -0.0588687 0.0192857
114000 1.97865 -0.0559048 0.019398
115000 1.94833 -0.0617686 0.0190836
116000 2.03875 -0.051541 0.0201039
117000 1.98707 -0.0527876 0.0194383
118000 1.9442 -0.0558682 0.0192624
119000 2.01452 -0.0551913 0.0197171
120000 1.95648 -0.0619611 0.0189427
121000 1.96387 -0.0452936 0.0194511
122000 2.01835 -0.0515674 0.0197453
123000 1.92297 -0.0659833 0.018713
124000 2.07348 -0.0662045 0.0202035
125000 1.95364 -0.0726433 0.0190841
126000 2.06348 -0.0699433 0.0200384
127000 1.92419 -0.0741608 0.0188221
128000 1.9619 -0.0606126 0.0192028
129000 2.02574 -0.0534113 0.0200604
130000 2.00931 -0.0686053 0.0197164
131000 2.02243 -0.0669617 0.0196875
132000 2.01441 -0.0702761 0.0198498
133000 2.01563 -0.0640827 0.0198571
134000 1.98887 -0.0568473 0.019479
135000 2.00148 -0.0601364 0.0196301
136000 1.95679 -0.0661474 0.0194218
137000 1.97798 -0.0583742 0.0194255
138000 2.00105 -0.0468049 0.0196724
139000 1.93159 -0.0554627 0.0190328
140000 2.06421 -0.0716782 0.0202463
141000 1.94777 -0.0597627 0.01911
142000 2.01727 -0.0555664 0.0198241
143000 2.02387 -0.0643586 0.0198478
144000 1.97919 -0.0716546 0.0191528
145000 2.04288 -0.0492933 0.0202678
146000 1.95694 -0.0616252 0.019396
147000 1.99241 -0.0617098 0.0195137
148000 2.05309 -0.0593886 0.0200717
149000 1.96579 -0.0643248 0.0192837
150000 1.98507 -0.0688958 0.0194895
151000 2.04069 -0.0581851 0.0198548
152000 2.02399 -0.060483 0.0199068
153000 1.94848 -0.0602384 0.0191465
154000 2.01189 -0.0697328 0.0196509
155000 1.99081 -0.0766565 0.0194324
156000 2.01379 -0.0874532 0.0196039
157000 2.04558 -0.0731401 0.0199368
158000 1.94549 -0.0917952 0.0189132
159000 2.00139 -0.0790584 0.0194517
160000 2.03888 -0.0771504 0.0198016
161000 1.96399 -0.0727931 0.0191683
162000 1.98435 -0.0556625 0.0195286
163000 1.99876 -0.064258 0.0195013
164000 1.95522 -0.0635936 0.0191933
165000 1.99163 -0.060173 0.0196083
166000 2.00747 -0.0609332 0.0197423
167000 1.98404 -0.0843498 0.01929
168000 1.97573 -0.0653675 0.0194122
169000 1.96779 -0.0664875 0.0193681
170000 1.96953 -0.0635224 0.0196584
171000 1.9833 -0.062339 0.0194585
172000 1.98313 -0.0765354 0.0192594
173000 2.01808 -0.0490643 0.0199153
174000 2.04734 -0.0720316 0.0203026
175000 1.94393 -0.0676301 0.0188844
176000 2.00257 -0.053892 0.0198655
177000 2.0115 -0.071059 0.0196892
178000 2.03227 -0.0567406 0.0199191
179000 2.01257 -0.053188 0.0199252
180000 1.99467 -0.0564054 0.0194291
181000 1.98253 -0.0656675 0.0192791
182000 1.94356 -0.0660435 0.0190121
183000 2.02918 -0.069474 0.0199792
184000 2.04203 -0.0625847 0.0199431
185000 1.92209 -0.0861865 0.0185491
186000 2.03959 -0.0587732 0.0202664
187000 2.01607 -0.0533227 0.0200135
188000 2.00862 -0.0639858 0.0197611
189000 1.9669 -0.0634332 0.0193895
190000 2.03195 -0.0583645 0.020017
191000 1.93976 -0.0708235 0.0190053
192000 1.98725 -0.0641972 0.0195562
193000 1.97351 -0.0687278 0.0191909
194000 2.07424 -0.0705069 0.0202582
195000 1.9805 -0.0851172 0.019162
196000 1.94364 -0.0651213 0.0189368
197000 2.03518 -0.06195 0.01983
198000 1.94833 -0.0441011 0.0193095
199000 2.07053 -0.0610585 0.0202998
200000 1.97676 -0.0618126 0.0192557
201000 1.96476 -0.0677606 0.0190974
202000 2.03331 -0.0600688 0.0198998
203000 1.98252 -0.0587251 0.0194217
204000 1.98197 -0.0626705 0.0193405
205000 1.97888 -0.0708355 0.0194075
206000 2.00123 -0.063136 0.0196517
207000 2.05031 -0.0579356 0.0203467
208000 1.93896 -0.0722624 0.0186786
209000 1.94151 -0.0881003 0.0188218
210000 2.02534 -0.0829489 0.0198303
211000 1.9942 -0.0653025 0.0195042
212000 1.98812 -0.064907 0.0193974
213000 1.98879 -0.0844396 0.0191778
214000 2.02399 -0.0850112 0.0194817
215000 1.97612 -0.0944033 0.0192539
216000 1.98255 -0.0645501 0.0194797
217000 2.065 -0.0670039 0.020005
218000 1.93614 -0.0763838 0.0187324
219000 1.97008 -0.0807415 0.0191784
220000 2.0418 -0.0677824 0.0200517
221000 1.98854 -0.0573495 0.0195327
222000 1.9668 -0.0631469 0.0193032
223000 2.0327 -0.0773601 0.0197577
224000 2.06033 -0.081818 0.0202925
225000 2.03487 -0.0894357 0.020038
226000 2.01895 -0.0795202 0.0196212
227000 1.93567 -0.0639818 0.0189195
228000 2.0421 -0.0549346 0.0201046
229000 1.94754 -0.0609414 0.0190391
230000 1.97013 -0.0637878 0.0193658
231000 2.02678 -0.0504405 0.0200945
232000 1.96773 -0.0639984 0.0191685
233000 2.05058 -0.0561807 0.019984
234000 1.91245 -0.0541402 0.0190209
235000 2.03827 -0.0525728 0.0202295
236000 1.98971 -0.071241 0.0192049
237000 2.00631 -0.0669107 0.0194741
238000 2.01069 -0.0720218 0.0197132
239000 1.97191 -0.0707385 0.019201
240000 2.04848 -0.0770316 0.0200318
241000 1.93618 -0.0737649 0.0189864
242000 2.04082 -0.0720155 0.0199324
243000 2.05331 -0.082451 0.0201467
244000 1.94844 -0.0790044 0.0190293
245000 2.00336 -0.0769114 0.0195704
246000 2.03473 -0.0700996 0.0198273
247000 2.02401 -0.0872311 0.0198011
248000 1.98533 -0.0662878 0.019412
249000 1.96112 -0.0574943 0.019274
250000 2.01833 -0.0887164 0.0195626
251000 2.03508 -0.0811552 0.019722
252000 2.04475 -0.0594612 0.0200326
253000 1.91749 -0.055532 0.0186412
254000 2.03398 -0.0532259 0.0200835
255000 2.0806 -0.0487827 0.0206565
256000 1.96122 -0.0467848 0.0192296
257000 1.99208 -0.0690908 0.0194173
258000 1.96999 -0.0608342 0.0193663
259000 1.99744 -0.0603336 0.0195146
260000 2.05816 -0.0649191 0.020138
261000 1.94402 -0.0803673 0.0190089
262000 2.02366 -0.0737427 0.0197506
263000 1.95109 -0.0818492 0.0189433
264000 2.01524 -0.0639355 0.0196477
265000 1.95429 -0.0728301 0.0190266
266000 1.92635 -0.0699936 0.0190763
267000 2.01042 -0.0488371 0.019928
268000 2.10359 -0.0496742 0.0206642
269000 1.94174 -0.0580944 0.0190135
270000 2.05465 -0.0585647 0.020251
271000 1.99683 -0.0656404 0.019589
272000 1.94108 -0.0709893 0.0189304
273000 2.00418 -0.0666613 0.0197071
274000 2.0031 -0.0728772 0.0196601
275000 2.01439 -0.0674043 0.0198124
276000 1.96808 -0.0599749 0.0191172
277000 1.99907 -0.057882 0.0195937
278000 1.98781 -0.0688677 0.0192922
279000 1.99495 -0.0611885 0.0196482
280000 1.99678 -0.0610573 0.0196538
281000 1.97594 -0.0477851 0.0194402
282000 2.04096 -0.0644027 0.0199715
283000 2.00902 -0.0593724 0.0198154
284000 2.05004 -0.0505271 0.0202181
285000 1.97185 -0.0668602 0.0191484
286000 2.02777 -0.0525955 0.0199995
287000 1.96947 -0.0667051 0.0192219
288000 1.92913 -0.0684519 0.0189634
289000 2.03668 -0.0581197 0.0199402
290000 2.07339 -0.0575779 0.020593
291000 1.9652 -0.0580948 0.0193671
292000 1.9822 -0.0705673 0.0194285
293000 1.96659 -0.0580929 0.0192224
294000 2.04984 -0.0688529 0.0200044
295000 1.94243 -0.069429 0.0190721
296000 2.03664 -0.0574704 0.0200965
297000 2.04965 -0.0541257 0.0202835
298000 1.97096 -0.0526765 0.0193521
299000 1.96859 -0.0613043 0.0192111
300000 2.06594 -0.0603872 0.0203758
301000 1.95145 -0.0715191 0.0191847
302000 1.949 -0.0675282 0.0188733
303000 2.07481 -0.0781968 0.0202119
304000 1.97694 -0.069882 0.0192198
305000 1.9711 -0.0603866 0.0194092
306000 2.0565 -0.0747417 0.0201283
307000 1.97996 -0.078896 0.0194871
308000 1.99683 -0.0672513 0.0196559
309000 2.01469 -0.058516 0.0198835
310000 1.95655 -0.0724604 0.0192591
311000 2.02737 -0.0516328 0.0199483
312000 1.98729 -0.061153 0.0194488
313000 1.95133 -0.0598536 0.0193044
314000 2.01618 -0.0591645 0.020003
315000 2.04535 -0.062786 0.0202219
316000 1.99265 -0.0678231 0.0195807
317000 2.01639 -0.0432562 0.019869
318000 2.02261 -0.0667508 0.0198116
319000 2.01843 -0.0671318 0.0198093
320000 1.99172 -0.057015 0.0196461
321000 1.97974 -0.06594 0.0192688
322000 2.03229 -0.0616998 0.0199784
323000 2.00809 -0.0537322 0.019698
324000 2.00136 -0.0593332 0.0197028
325000 2.0358 -0.0606069 0.0199033
326000 1.96089 -0.0516061 0.0194034
327000 2.01689 -0.0632974 0.0198059
328000 2.03912 -0.0571743 0.0200244
329000 2.02621 -0.0661419 0.0199166
330000 2.00999 -0.0538511 0.0199128
331000 1.98126 -0.0606939 0.0196208
332000 2.08322 -0.0622791 0.0203985
333000 2.05096 -0.051148 0.0201358
334000 1.9794 -0.0570518 0.0196129
335000 2.04708 -0.0710622 0.019846
336000 2.08793 -0.0733897 0.0203277
337000 1.91376 -0.0928349 0.0184394
338000 2.01091 -0.0723436 0.019741
339000 2.01862 -0.0539231 0.0197407
340000 1.94802 -0.0761981 0.0189523
341000 2.02254 -0.070521 0.0198456
342000 1.95737 -0.0652397 0.0192279
343000 1.93572 -0.0569825 0.018833
344000 2.042 -0.0539937 0.0200886
345000 1.93518 -0.0568305 0.0190912
346000 2.04127 -0.0686675 0.0201061
347000 1.9918 -0.0733394 0.0193983
348000 2.00464 -0.0665747 0.0196928
349000 2.03598 -0.0626994 0.0199941
350000 2.0276 -0.086064 0.0196803
351000 1.94069 -0.0932346 0.018946
352000 2.03944 -0.101897 0.0197369
353000 1.96358 -0.0667628 0.0192781
354000 1.95085 -0.0713282 0.0190745
355000 1.98114 -0.0688115 0.0196268
356000 1.99294 -0.0679463 0.0195244
357000 2.01909 -0.0539145 0.0198882
358000 1.99971 -0.0761305 0.0197599
359000 1.99839 -0.0736152 0.0194499
360000 1.99967 -0.0625307 0.0196483
361000 1.97326 -0.0550979 0.0193985
362000 1.92492 -0.0669498 0.0189038
363000 1.95838 -0.0726382 0.0192095
364000 2.03657 -0.0673936 0.019914
365000 1.99959 -0.0547318 0.0198024
366000 1.93973 -0.0750829 0.0188894
367000 2.0616 -0.0757188 0.0199353
368000 1.96493 -0.0708628 0.0190742
369000 1.98421 -0.0690276 0.0193869
370000 1.97385 -0.0867918 0.0192193
371000 2.06976 -0.08786 0.0201039
372000 1.96875 -0.0904626 0.0190756
373000 1.96668 -0.0737777 0.0193589
374000 2.0852 -0.0740738 0.0203281
375000 2.06479 -0.0663756 0.0202492
376000 1.97618 -0.0672139 0.0192605
377000 2.01323 -0.0625093 0.0196217
378000 2.06252 -0.052702 0.0202045
379000 1.98193 -0.0573877 0.0193704
380000 1.96083 -0.0753662 0.01922
381000 2.01174 -0.0753461 0.019524
382000 2.01438 -0.0651257 0.0198369
383000 1.95648 -0.0539968 0.0191186
384000 2.05489 -0.065863 0.0202264
385000 1.99829 -0.062885 0.0195911
386000 1.96798 -0.0574994 0.0194225
387000 2.05801 -0.0585906 0.0200785
388000 1.97606 -0.0607663 0.01937
389000 2.00633 -0.0626981 0.0197546
390000 1.97456 -0.0489944 0.0194061
391000 1.99157 -0.0702431 0.0195565
392000 2.03019 -0.0784746 0.0198686
393000 1.99034 -0.0732321 0.0193621
394000 1.96936 -0.0527072 0.0193646
395000 1.97575 -0.0654076 0.0192298
396000 2.04342 -0.0588489 0.0203983
397000 2.03222 -0.0570042 0.0199269
398000 1.96845 -0.0706639 0.0192354
399000 2.04573 -0.0583648 0.0201216
400000 1.98517 -0.068827 0.019532
401000 1.98545 -0.0649596 0.0194363
402000 1.98121 -0.0820939 0.0190897
403000 2.01124 -0.0758073 0.0196958
404000 2.02178 -0.0512261 0.0198868
405000 2.00241 -0.0540621 0.0197286
406000 1.97362 -0.065218 0.0194359
407000 2.08025 -0.0619467 0.020372
408000 1.97257 -0.0617051 0.0192623
409000 2.01296 -0.0551622 0.019917
410000 1.9825 -0.0572967 0.0194106
411000 2.01301 -0.0507437 0.0199095
412000 1.99781 -0.0532198 0.019566
413000 1.99705 -0.0564518 0.0196236
414000 2.01194 -0.0648485 0.0196716
415000 1.97262 -0.0505318 0.0195461
416000 2.01212 -0.0650583 0.0195921
417000 1.99758 -0.0571013 0.0196553
418000 1.98053 -0.0692026 0.0194141
419000 2.06682 -0.0682893 0.0201527
420000 2.06507 -0.06725 0.0202116
421000 1.97903 -0.0517623 0.0193375
422000 2.00815 -0.0585013 0.0198117
423000 2.0107 -0.0545349 0.0197621
424000 1.97828 -0.0710372 0.0192846
425000 1.95596 -0.0709871 0.0190018
426000 2.07214 -0.0569679 0.020356
427000 1.99279 -0.0523343 0.0196018
428000 1.98944 -0.0746333 0.0195605
429000 2.05154 -0.0781226 0.0198111
430000 1.99013 -0.0814349 0.01934
431000 2.01118 -0.0728728 0.019656
432000 1.99738 -0.0552803 0.019584
433000 2.01428 -0.0520294 0.0196858
434000 1.97479 -0.0759114 0.0192675
435000 1.97003 -0.0652311 0.0192892
436000 1.9831 -0.0772244 0.0194431
437000 1.98967 -0.0640974 0.0198923
438000 2.01078 -0.0853689 0.0196474
439000 1.99904 -0.0771841 0.0195299
440000 1.98659 -0.0665663 0.0193565
441000 1.98686 -0.0561261 0.0195818
442000 1.99811 -0.0593317 0.0197383
443000 2.02506 -0.063154 0.0198518
444000 1.94398 -0.057244 0.0192612
445000 2.01716 -0.059397 0.0197484
446000 2.02578 -0.0742922 0.0197999
447000 2.01827 -0.0656425 0.0197532
448000 1.9644 -0.074229 0.0192155
449000 2.01324 -0.0645025 0.0195992
450000 1.99753 -0.0772115 0.0194215
451000 1.98836 -0.0704702 0.0194961
452000 1.97009 -0.070748 0.0190415
453000 2.03667 -0.0625497 0.019825
454000 1.98156 -0.0592286 0.019285
455000 1.97054 -0.0623805 0.0193527
456000 2.004 -0.0591043 0.0195985
457000 2.0292 -0.0666105 0.0197976
458000 2.02441 -0.0517654 0.0198951
459000 1.97255 -0.0616589 0.0194002
460000 1.96274 -0.0674161 0.0191909
461000 1.95544 -0.0485008 0.019249
462000 1.97961 -0.061739 0.0193687
463000 2.02008 -0.0614827 0.0198487
464000 2.05782 -0.0633579 0.0201585
465000 1.92611 -0.0622495 0.0189019
466000 2.02704 -0.0749883 0.0197507
467000 1.98144 -0.0878843 0.0192429
468000 2.07453 -0.0749958 0.0204456
469000 2.0475 -0.0711618 0.0200928
470000 1.99941 -0.0594021 0.0198134
471000 1.98625 -0.0709038 0.0196737
472000 1.95857 -0.0655476 0.0192219
473000 1.96107 -0.0579211 0.0191607
474000 2.03693 -0.0457497 0.0199795
475000 2.0129 -0.0517115 0.0197229
476000 2.02047 -0.0458781 0.0198618
477000 2.02897 -0.0568923 0.0199424
478000 2.01084 -0.0621042 0.0197249
479000 1.97416 -0.0693317 0.0193772
480000 1.98941 -0.0562295 0.0193482
481000 2.02683 -0.0676284 0.0198393
482000 1.97953 -0.0790841 0.0194837
483000 1.9441 -0.0914074 0.0189413
484000 2.02524 -0.050913 0.0202054
485000 2.001 -0.0554406 0.0196142
486000 2.00785 -0.0453161 0.0196095
487000 1.95995 -0.0663921 0.0192878
488000 2.04715 -0.0661774 0.0199697
489000 1.97263 -0.0622837 0.0192912
490000 1.9407 -0.0564218 0.0191488
491000 2.0375 -0.0618334 0.0199088
492000 2.00016 -0.0677752 0.0194426
493000 2.01814 -0.0576534 0.0197523
494000 2.01502 -0.0620804 0.0197029
495000 1.98346 -0.0746581 0.0194627
496000 1.98279 -0.0734541 0.0193159
497000 1.99825 -0.0707748 0.0194776
498000 2.03348 -0.07283 0.0199711
499000 1.9993 -0.0613455 0.0196262
500000 2.00399 -0.0623341 0.0195764
501000 2.0138 -0.0609321 0.0199074
502000 2.01739 -0.0414989 0.019822
503000 1.97851 -0.060148 0.019384
504000 2.00746 -0.0774904 0.0196275
505000 1.98555 -0.0673015 0.0193653
506000 1.97767 -0.0662074 0.0194582
507000 2.02602 -0.0724872 0.0197431
508000 1.96739 -0.0807689 0.019134
509000 2.00588 -0.0706525 0.0196027
510000 2.02914 -0.0714154 0.0196953
511000 1.94175 -0.0608464 0.0191569
512000 2.04613 -0.0562287 0.0200349
513000 1.99872 -0.0540332 0.0195963
514000 2.01395 -0.0574466 0.0196197
515000 1.92472 -0.0658084 0.0188211
516000 2.07118 -0.0690031 0.0203246
517000 1.97889 -0.0531868 0.0195404
518000 1.92877 -0.0832319 0.0188041
519000 1.93824 -0.0533498 0.0192018
520000 2.04305 -0.0662149 0.0200439
521000 1.97035 -0.0547625 0.0191913
522000 2.05361 -0.0624541 0.0202511
523000 1.9504 -0.0527913 0.0191675
524000 1.96771 -0.0487541 0.0191779
525000 1.9951 -0.0640539 0.0194413
526000 2.04017 -0.0669204 0.0202544
527000 1.95524 -0.0502935 0.0192172
528000 1.9425 -0.057276 0.0190695
529000 2.04813 -0.0695616 0.0199863
530000 2.0153 -0.0555029 0.0196755
531000 1.99505 -0.0667262 0.0193946
532000 1.97604 -0.0709159 0.019481
533000 1.99089 -0.0583081 0.0194937
534000 2.04505 -0.0763421 0.0200116
535000 1.9869 -0.067381 0.0193789
536000 2.00386 -0.0652744 0.0195095
537000 2.01616 -0.0792522 0.0195496
538000 1.99365 -0.0578592 0.0196943
539000 1.98457 -0.0658125 0.0194694
540000 1.91912 -0.0654787 0.0187639
541000 2.00006 -0.0629755 0.0195012
542000 2.00728 -0.0702996 0.019605
543000 1.99624 -0.0616047 0.0195794
544000 1.96167 -0.0543574 0.0191645
545000 2.05731 -0.0802481 0.0197761
546000 1.97369 -0.0851738 0.0193494
547000 1.97588 -0.0628287 0.0194684
548000 2.03115 -0.0642903 0.0199943
549000 2.06843 -0.0587674 0.0203207
550000 1.97571 -0.062529 0.0194329
551000 1.97334 -0.0706018 0.0192431
552000 2.01877 -0.0627695 0.0197333
553000 1.94887 -0.0633224 0.0191861
554000 2.02063 -0.0785564 0.019995
555000 1.98779 -0.0699477 0.0193616
556000 2.02127 -0.0823448 0.0197879
557000 2.00519 -0.0831781 0.0196525
558000 1.99916 -0.0609669 0.0195168
559000 1.99207 -0.0584724 0.0198794
560000 2.03163 -0.070184 0.0199682
561000 1.95199 -0.0653245 0.0193008
562000 1.98704 -0.0591838 0.0193901
563000 2.05533 -0.0647112 0.0200617
564000 1.92406 -0.0670282 0.0186228
565000 2.08394 -0.064959 0.0203764
566000 1.99765 -0.061752 0.0195506
567000 1.92888 -0.0496238 0.0188963
568000 2.01363 -0.0659911 0.0197122
569000 2.0675 -0.0618193 0.0203537
570000 1.97009 -0.0621162 0.0193301
571000 1.98797 -0.0607417 0.019514
572000 2.01865 -0.0750057 0.0199282
573000 2.01208 -0.070768 0.0197668
574000 1.9728 -0.0792701 0.0191693
575000 2.02418 -0.0587128 0.0196923
576000 2.01779 -0.0577573 0.0198087
577000 2.04541 -0.0599031 0.0199853
578000 2.01076 -0.0579183 0.0197814
579000 1.93688 -0.0651902 0.0191283
580000 2.0519 -0.0663134 0.0201153
581000 2.02137 -0.0533005 0.0197624
582000 1.988 -0.0510637 0.0195157
583000 1.99166 -0.0578335 0.0195342
584000 2.0114 -0.0709834 0.0197266
585000 1.97263 -0.0661702 0.0192302
586000 2.02581 -0.0943479 0.0196989
587000 2.02378 -0.0755067 0.0198998
588000 1.96973 -0.0636282 0.019473
589000 1.90822 -0.0474777 0.0189318
590000 2.01365 -0.060185 0.0198343
591000 2.04531 -0.057507 0.0201703
592000 1.94991 -0.0713029 0.0192471
593000 2.0266 -0.0716073 0.0198719
594000 2.08082 -0.0740499 0.0202085
595000 1.96432 -0.0703746 0.0191403
596000 2.00911 -0.0546389 0.0198059
597000 2.02496 -0.0546816 0.0201196
598000 2.04931 -0.0543581 0.0200941
599000 1.97791 -0.0561408 0.0195128
600000 2.0076 -0.082635 0.019706
601000 2.0019 -0.0559211 0.0196921
602000 1.99258 -0.0705466 0.019377
603000 1.95453 -0.0567414 0.0191931
604000 1.92666 -0.0471844 0.0188755
605000 1.99451 -0.0473288 0.0198405
606000 1.99094 -0.0554547 0.0194984
607000 1.95828 -0.0577832 0.0191644
608000 2.00657 -0.0688905 0.0197532
609000 2.04835 -0.052471 0.0200205
610000 1.93332 -0.0706333 0.0188226
611000 2.01416 -0.0678043 0.019634
612000 1.9959 -0.0450861 0.0200318
613000 2.03761 -0.0587311 0.0200562
614000 1.92411 -0.0558651 0.0188332
615000 2.024 -0.0704903 0.0198451
616000 2.03069 -0.0491145 0.01996
617000 1.99125 -0.051296 0.0194253
618000 2.02585 -0.0661556 0.0198037
619000 2.00348 -0.0640849 0.0198449
620000 2.01035 -0.0611526 0.0196623
621000 1.99272 -0.0624465 0.0196241
622000 1.97099 -0.0679874 0.0193783
623000 2.02193 -0.0586375 0.019813
624000 1.9813 -0.0782735 0.0192649
625000 1.9498 -0.0720447 0.019012
626000 2.00634 -0.0670512 0.0195156
627000 2.0221 -0.0683838 0.0198627
628000 2.06397 -0.0631921 0.0202202
629000 1.95418 -0.0679224 0.0189041
630000 2.00996 -0.0781589 0.0196573
631000 2.02572 -0.0661458 0.0197429
632000 2.01336 -0.0557927 0.0196613
633000 1.98384 -0.0721029 0.0194861
634000 1.99713 -0.0849224 0.0194664
635000 1.98137 -0.0791458 0.019214
636000 2.04642 -0.0621314 0.0201071
637000 1.98514 -0.0531585 0.0195246
638000 2.00064 -0.0534501 0.0195767
639000 2.03375 -0.0490667 0.0200521
640000 2.02329 -0.0595003 0.0198927
641000 2.01375 -0.0688974 0.0197402
642000 2.03795 -0.0761921 0.0197742
643000 1.99336 -0.0618355 0.0195534
644000 2.01512 -0.0643285 0.0199447
645000 1.98567 -0.0660412 0.0192597
646000 2.04493 -0.0838883 0.0199268
647000 2.00724 -0.0511107 0.0199363
648000 1.98515 -0.0561183 0.0195661
649000 1.99533 -0.0535094 0.019633
650000 2.01846 -0.0515598 0.0198919
651000 2.03415 -0.0749057 0.0199653
652000 2.02414 -0.0683046 0.0197849
653000 1.99014 -0.0607805 0.019346
654000 2.02931 -0.0619067 0.0198106
655000 1.95289 -0.0658403 0.0191764
656000 2.02211 -0.0626526 0.0197033
657000 1.96643 -0.061023 0.0191765
658000 2.05022 -0.0679388 0.0199747
659000 2.02171 -0.0632264 0.0197697
660000 1.93622 -0.0613618 0.0189654
661000 1.97512 -0.0669456 0.0193668
662000 1.96872 -0.0537917 0.0193921
663000 2.06217 -0.090357 0.0199468
664000 2.00247 -0.0845739 0.0195638
665000 1.97332 -0.0819861 0.0191611
666000 1.97019 -0.0653628 0.019157
667000 1.97552 -0.0589135 0.0191976
668000 2.03204 -0.0698846 0.019916
669000 1.93404 -0.0694003 0.0188361
670000 2.03203 -0.0554115 0.019881
671000 1.99968 -0.0531729 0.019683
672000 1.98921 -0.0581971 0.0194542
673000 2.00794 -0.0658753 0.0197934
674000 1.95305 -0.0523259 0.0191259
675000 2.03098 -0.0670735 0.020036
676000 2.00019 -0.0969891 0.0193017
677000 2.02438 -0.0857779 0.0198184
678000 1.96968 -0.0814309 0.0193048
679000 1.93333 -0.063998 0.0189835
680000 2.0512 -0.0679814 0.019998
681000 2.00392 -0.0590218 0.0195541
682000 1.94208 -0.0564992 0.0189393
683000 2.07365 -0.0602411 0.0203647
684000 1.96264 -0.0742615 0.019086
685000 2.03684 -0.0771036 0.0197799
686000 1.92473 -0.0648257 0.0187728
687000 2.01278 -0.0575701 0.0197822
688000 2.03358 -0.05594 0.0201507
689000 1.93707 -0.0661412 0.0187288
690000 1.95034 -0.0697381 0.0191408
691000 1.97356 -0.0570015 0.0195554
692000 1.95577 -0.0665039 0.0190448
693000 1.98881 -0.0755474 0.0194253
694000 1.99956 -0.0835251 0.0193749
695000 1.97079 -0.0770731 0.0191873
696000 2.07197 -0.0709678 0.0204095
697000 1.93617 -0.0668848 0.0189563
698000 2.0306 -0.0509807 0.0199916
699000 2.04145 -0.061426 0.0199422
700000 1.94413 -0.0560718 0.0190378
701000 2.02694 -0.0651951 0.0197596
702000 2.02179 -0.0520571 0.019979
703000 1.98824 -0.0578024 0.0196493
704000 1.93815 -0.0530333 0.0190639
705000 1.96401 -0.0565962 0.0192379
706000 2.02116 -0.0610735 0.0198808
707000 2.01404 -0.0589707 0.0197505
708000 1.91568 -0.0602561 0.0185154
709000 1.98276 -0.0557638 0.0194247
710000 2.00641 -0.0552322 0.0198289
711000 1.94242 -0.0586585 0.0191621
712000 1.96368 -0.0615506 0.019299
713000 1.95385 -0.0630481 0.0190408
714000 2.06753 -0.0614699 0.0201162
715000 2.00104 -0.0644075 0.0195328
716000 1.95637 -0.0640871 0.019255
717000 1.97134 -0.0746306 0.0193107
718000 2.04655 -0.0580122 0.0203883
719000 2.00159 -0.0643194 0.0195459
720000 1.93285 -0.0653891 0.0188505
721000 1.98747 -0.0588226 0.019514
722000 2.00479 -0.0516063 0.019575
723000 1.98099 -0.0453066 0.0196179
724000 2.01044 -0.0598496 0.0196436
725000 1.94813 -0.0477416 0.0191562
726000 1.93908 -0.0558425 0.0191592
727000 1.93996 -0.0718026 0.0189621
728000 2.01007 -0.0563822 0.0196484
729000 1.97142 -0.0542935 0.0193208
730000 1.9788 -0.0596795 0.0192677
731000 1.97734 -0.0667747 0.0194921
732000 1.96046 -0.0990213 0.0190661
733000 1.9785 -0.0721952 0.0193405
734000 1.95657 -0.0512767 0.019088
735000 1.92111 -0.0803814 0.0186542
736000 2.04343 -0.0757004 0.0199902
737000 1.97927 -0.0703502 0.0193412
738000 1.96237 -0.0733998 0.0191381
739000 2.06689 -0.0650646 0.0201003
740000 2.01483 -0.0663174 0.0197242
741000 1.97993 -0.0681332 0.0194093
742000 2.07776 -0.0814814 0.0200739
743000 1.97845 -0.0651428 0.0195027
744000 1.966 -0.0609355 0.0191352
745000 2.01889 -0.0484698 0.019702
746000 2.00264 -0.0421923 0.0197827
747000 2.00979 -0.0536617 0.0198007
748000 2.05901 -0.0499213 0.020209
749000 1.9689 -0.0586755 0.0193629
750000 2.03116 -0.0566336 0.0199719
751000 1.96687 -0.0615669 0.0192272
752000 1.98198 -0.0558502 0.0195095
753000 2.02622 -0.0690969 0.019648
754000 2.00502 -0.0847192 0.0193009
755000 1.98751 -0.0826912 0.0192169
756000 2.03542 -0.0615007 0.0198757
757000 1.94875 -0.061264 0.0191116
758000 2.05586 -0.0513188 0.0202914
759000 2.02496 -0.0848674 0.0197068
760000 2.00103 -0.0783001 0.0194426
761000 1.9525 -0.0908841 0.0189561
762000 1.99665 -0.0958684 0.019441
763000 1.98126 -0.091483 0.0193862
764000 1.99298 -0.0818191 0.0195001
765000 1.97857 -0.0871263 0.0191314
766000 1.97259 -0.0740693 0.0193362
767000 1.97875 -0.0766139 0.0192492
768000 1.96782 -0.0705213 0.0192875
769000 1.97192 -0.0658897 0.0193411
770000 2.01127 -0.0697143 0.0195635
771000 2.01425 -0.0518233 0.0197279
772000 2.00449 -0.0651366 0.0195436
773000 1.97842 -0.0573917 0.0192691
774000 2.00323 -0.0627902 0.0194364
775000 1.98471 -0.055008 0.0194617
776000 2.03813 -0.049984 0.0200032
777000 1.96019 -0.0574081 0.0192043
778000 1.96588 -0.0661038 0.0192812
779000 2.07606 -0.0666998 0.0203004
780000 1.95637 -0.062053 0.0191654
781000 2.01232 -0.0570354 0.0196782
782000 2.03091 -0.0563604 0.0198373
783000 1.96375 -0.0565502 0.0192158
784000 2.03279 -0.0439465 0.0202453
785000 1.99823 -0.0537824 0.0197071
786000 1.97779 -0.0636867 0.0193212
787000 1.98161 -0.0483866 0.0194411
788000 2.00353 -0.0616076 0.0196609
789000 2.01026 -0.0617801 0.0193708
790000 2.01864 -0.0548827 0.0198671
791000 2.00045 -0.0544117 0.0196837
792000 2.03473 -0.0664789 0.0200718
793000 1.94414 -0.069806 0.0190385
794000 1.99353 -0.0735915 0.0193869
795000 1.94665 -0.0676931 0.0188537
796000 1.93668 -0.0513622 0.0190257
797000 1.95881 -0.055545 0.0193448
798000 2.03197 -0.0563027 0.0198982
799000 1.96418 -0.0603452 0.0192351
800000 1.95797 -0.0604773 0.0191779
801000 2.06319 -0.0758666 0.0202105
802000 1.97044 -0.0644321 0.0192815
803000 1.99343 -0.0556191 0.0195861
804000 2.04151 -0.0783279 0.0202511
805000 2.04588 -0.0666514 0.0200076
806000 2.04994 -0.0671936 0.0202632
807000 1.98908 -0.062594 0.0196578
808000 2.04604 -0.0531919 0.0201112
809000 1.98351 -0.0585129 0.0195674
810000 2.05372 -0.066949 0.0201388
811000 2.05895 -0.0736693 0.0202886
812000 1.94939 -0.0816584 0.0189838
813000 1.99843 -0.0691188 0.0196811
814000 1.90115 -0.0679232 0.0183964
815000 2.06257 -0.0680814 0.0202397
816000 2.03061 -0.0560509 0.0200229
817000 1.94157 -0.0554343 0.0190557
818000 2.04115 -0.0602405 0.0200329
819000 2.07515 -0.0675528 0.0204003
820000 1.92725 -0.0787701 0.0189003
821000 2.0208 -0.0857124 0.0198335
822000 2.00684 -0.0692652 0.0194701
823000 1.9992 -0.0533251 0.0196973
824000 2.05518 -0.0605077 0.0202722
825000 2.03627 -0.0638915 0.0202101
826000 1.93705 -0.0706161 0.0189147
827000 2.02098 -0.0641173 0.0197799
828000 2.04561 -0.0572218 0.0201126
829000 1.92931 -0.0583131 0.0188949
830000 2.01835 -0.0675269 0.0196932
831000 1.96212 -0.055829 0.0192661
832000 1.95398 -0.0700194 0.0190247
833000 2.0057 -0.0625071 0.0197348
834000 2.0774 -0.0677821 0.0205348
835000 1.97438 -0.0739195 0.0194637
836000 1.9652 -0.066534 0.0191521
837000 1.97129 -0.0591627 0.0192908
838000 1.95314 -0.0554316 0.0194894
839000 2.04242 -0.0638592 0.0199158
840000 1.95583 -0.0620263 0.0192082
841000 1.95278 -0.068964 0.0192576
842000 1.99406 -0.0708323 0.0194211
843000 2.01544 -0.0728666 0.0195947
844000 1.94757 -0.077164 0.018928
845000 1.98658 -0.0613574 0.0194595
846000 2.04229 -0.0540238 0.0200514
847000 1.99183 -0.0612994 0.0194785
848000 2.0746 -0.0496128 0.0202973
849000 1.99052 -0.0694407 0.0193428
850000 1.96215 -0.0490957 0.0192994
851000 2.02212 -0.0545886 0.0197238
852000 2.00339 -0.0599578 0.0195525
853000 1.97697 -0.0750092 0.0192278
854000 1.94206 -0.0630557 0.0190147
855000 2.05118 -0.0660767 0.0203496
856000 1.9852 -0.0583251 0.0194727
857000 1.99936 -0.0546024 0.0195814
858000 2.03716 -0.0483363 0.0199779
859000 1.9639 -0.0591158 0.0192693
860000 2.03216 -0.0557824 0.0199851
861000 1.95042 -0.0541161 0.0191757
862000 2.03811 -0.068498 0.0199728
863000 2.03416 -0.0715461 0.0197578
864000 1.92832 -0.0539889 0.0190705
865000 1.96801 -0.0628818 0.0194529
866000 2.06349 -0.0564015 0.0201957
867000 1.93249 -0.0701657 0.0187816
868000 1.9716 -0.0724087 0.019276
869000 2.08637 -0.0793459 0.0203787
870000 2.03773 -0.0730141 0.0199365
871000 1.95086 -0.070639 0.0190147
872000 1.97136 -0.0793972 0.0192175
873000 2.00291 -0.0553308 0.0196311
874000 1.97339 -0.0515056 0.0194064
875000 2.01344 -0.0558015 0.0196996
876000 1.98866 -0.043882 0.0196128
877000 1.99929 -0.0471559 0.0197614
878000 2.03544 -0.0616854 0.0198671
879000 2.0439 -0.0546207 0.0200227
880000 2.05897 -0.0670915 0.0202
881000 2.037 -0.0625359 0.0198925
882000 2.00882 -0.0764428 0.019716
883000 1.98875 -0.0761069 0.019536
884000 1.99961 -0.0680534 0.0198794
885000 2.02849 -0.0822478 0.019754
886000 1.93727 -0.0849019 0.0187903
887000 2.03954 -0.0906079 0.0197311
888000 2.02191 -0.075212 0.0198742
889000 1.93764 -0.076931 0.0188642
890000 2.00597 -0.0735033 0.019744
891000 2.06136 -0.0671643 0.0202709
892000 1.95222 -0.053693 0.0192474
893000 1.93075 -0.0684893 0.0187631
894000 2.05114 -0.0454516 0.0202244
895000 2.03199 -0.0633999 0.019864
896000 2.03644 -0.0688428 0.0198638
897000 2.03811 -0.0731763 0.0198648
898000 1.98107 -0.0675231 0.0193388
899000 2.01332 -0.0609313 0.0198125
900000 2.00369 -0.0545504 0.0197094
901000 1.91576 -0.0606366 0.0187862
902000 1.94659 -0.0648639 0.0189696
903000 2.00545 -0.0641948 0.0197871
904000 1.96232 -0.0668799 0.0190305
905000 1.93313 -0.0887551 0.018858
906000 1.97897 -0.0826609 0.0192467
907000 2.02132 -0.0921938 0.0198881
908000 1.96543 -0.0789516 0.0192114
909000 1.99114 -0.0815413 0.0195455
910000 1.9828 -0.0743373 0.0194122
911000 1.99997 -0.0682215 0.0195583
912000 1.99391 -0.0617094 0.0193417
913000 2.07751 -0.0600712 0.0202385
914000 1.95339 -0.0639011 0.0190424
915000 2.00142 -0.0612137 0.0196195
916000 1.9903 -0.0580499 0.0195857
917000 2.01432 -0.0759099 0.0196892
918000 1.97126 -0.081966 0.019273
919000 2.00446 -0.0690781 0.0195146
920000 1.98483 -0.0693694 0.0194777
921000 1.96135 -0.0627902 0.0191508
922000 2.04339 -0.0504363 0.0200461
923000 1.96714 -0.061903 0.019334
924000 1.91601 -0.0636498 0.0189426
925000 1.98646 -0.0448911 0.0195757
926000 2.01786 -0.0536085 0.0199385
927000 1.98317 -0.073285 0.0193724
928000 2.00442 -0.0612005 0.0195013
929000 1.97287 -0.0618187 0.0193459
930000 1.99421 -0.0533706 0.0196966
931000 2.03086 -0.0611656 0.0198769
932000 1.99695 -0.0618457 0.0195599
933000 1.94408 -0.0768414 0.0187986
934000 2.04971 -0.0545479 0.0202306
935000 2.00078 -0.0567836 0.0197556
936000 1.93735 -0.0632724 0.0187667
937000 2.06767 -0.0682801 0.020208
938000 2.01609 -0.0699313 0.019649
939000 1.95563 -0.0709485 0.019343
940000 1.96125 -0.0676402 0.0193998
941000 1.96688 -0.0765642 0.0192728
942000 1.96361 -0.0743592 0.0191805
943000 1.9733 -0.0595181 0.0193103
944000 2.09258 -0.0587959 0.0207518
945000 1.95413 -0.06239 0.0192361
946000 2.01897 -0.0578453 0.0198615
947000 1.97311 -0.070706 0.0190784
948000 2.01271 -0.0611421 0.0197664
949000 1.91864 -0.0636805 0.0188025
950000 2.01919 -0.0578164 0.0195456
951000 2.04459 -0.0661787 0.0199889
952000 2.03176 -0.0745279 0.0198609
953000 2.02561 -0.0606965 0.0198735
954000 2.01566 -0.052069 0.0198084
955000 1.96174 -0.0531313 0.0194045
956000 2.05471 -0.059809 0.0200992
957000 1.99671 -0.0613604 0.0196355
958000 1.98068 -0.0627282 0.0194733
959000 1.95938 -0.0577456 0.0190098
960000 1.99626 -0.0536779 0.019702
961000 1.9948 -0.0682272 0.0195441
962000 1.99739 -0.0509577 0.0197965
963000 1.99601 -0.0571666 0.0194379
964000 2.03489 -0.0620067 0.020023
965000 1.96012 -0.0728474 0.0189256
966000 2.00914 -0.0519739 0.0196003
967000 2.01643 -0.0615245 0.0197023
968000 1.98571 -0.0635348 0.0194211
969000 2.0091 -0.0711071 0.0197565
970000 1.99738 -0.0788434 0.0194116
971000 1.9981 -0.0662704 0.0195228
972000 1.97767 -0.0484111 0.0193771
973000 2.03611 -0.0697275 0.0199158
974000 1.9947 -0.0613101 0.0195433
975000 1.97976 -0.0584105 0.0194055
976000 1.93442 -0.0457169 0.0189453
977000 2.05382 -0.0628361 0.0200459
978000 1.98322 -0.0552577 0.0194903
979000 2.04087 -0.0560701 0.0199766
980000 2.02568 -0.0540158 0.0197678
981000 1.99639 -0.0387838 0.0196574
982000 1.98237 -0.051675 0.0194248
983000 2.04453 -0.0649685 0.0200582
984000 1.97501 -0.0740819 0.0194958
985000 1.98627 -0.0791279 0.0190861
986000 2.08045 -0.0741549 0.0201916
987000 1.95676 -0.070122 0.0190235
988000 2.00573 -0.0703559 0.0195419
989000 2.06475 -0.0730524 0.0202535
990000 1.94873 -0.0684075 0.0191795
991000 1.98076 -0.0693202 0.0194302
992000 2.05294 -0.0718592 0.0200862
993000 1.93311 -0.0760539 0.0189155
994000 1.97217 -0.08152 0.0192443
995000 1.98404 -0.0948158 0.0191371
996000 2.06668 -0.0718757 0.0200266
997000 1.99414 -0.0599314 0.0195611
998000 1.9963 -0.0607701 0.0197077
999000 1.96732 -0.0571356 0.0192645
1000000 1.99469 -0.0654424 0.0194837
1001000 2.03486 -0.0692147 0.0199598
1002000 2.01131 -0.0501194 0.0198581
1003000 1.95666 -0.0540899 0.0191853
1004000 1.99538 -0.0614975 0.0197001
1005000 2.06223 -0.0639072 0.020068
1006000 1.97529 -0.0751065 0.0191421
1007000 1.97202 -0.0580537 0.019443
1008000 2.01859 -0.0513317 0.0197774
1009000 2.046 -0.0616398 0.0200367
1010000 1.95607 -0.0692927 0.019099
1011000 1.99243 -0.0574198 0.01954
1012000 2.06308 -0.0644174 0.0202713
1013000 1.92607 -0.0781421 0.0187791
1014000 2.02689 -0.0584511 0.0198141
1015000 1.98426 -0.0684581 0.0194462
1016000 2.10027 -0.0868865 0.0204074
1017000 2.00629 -0.091688 0.0194759
1018000 1.93188 -0.0874177 0.0186942
1019000 1.95799 -0.0681114 0.0191323
1020000 2.00534 -0.0692489 0.0196294
1021000 2.05295 -0.0760769 0.0199838
1022000 2.02908 -0.0684993 0.0198865
1023000 1.93387 -0.0596425 0.0190542
1024000 2.04118 -0.057629 0.0202614
1025000 1.98241 -0.0479384 0.0195388
1026000 2.03052 -0.0630769 0.0198092
1027000 2.00249 -0.05952 0.0195827
1028000 2.06534 -0.0783602 0.020036
1029000 2.02949 -0.058105 0.0197628
1030000 2.01804 -0.0404591 0.0199498
1031000 2.00492 -0.0518379 0.0196109
1032000 1.97835 -0.0659972 0.0194107
1033000 1.98278 -0.0610885 0.0192212
1034000 1.9866 -0.0648339 0.0196392
1035000 1.95885 -0.0616603 0.019287
1036000 2.07481 -0.0634763 0.020348
1037000 2.00901 -0.0624962 0.0197916
1038000 1.98512 -0.0686124 0.019328
1039000 1.9715 -0.0528903 0.0195939
1040000 2.01705 -0.0630005 0.019964
1041000 1.93507 -0.0744443 0.0186654
1042000 1.99836 -0.0597506 0.0198315
1043000 1.98096 -0.0592061 0.0193073
1044000 2.01112 -0.057378 0.0196736
1045000 1.93491 -0.0642548 0.0188737
1046000 2.02933 -0.0526641 0.020109
1047000 1.98347 -0.0709735 0.0195214
1048000 2.00885 -0.0711057 0.0197751
1049000 1.99709 -0.0835307 0.0195006
1050000 2.04142 -0.0676031 0.0200003
1051000 2.03057 -0.0540796 0.0199748
1052000 2.03502 -0.0675085 0.0201027
1053000 2.01206 -0.0549533 0.0197393
1054000 2.00314 -0.0551781 0.0196299
1055000 2.03062 -0.0652025 0.0198623
1056000 2.02572 -0.0950576 0.0196067
1057000 2.0037 -0.0875144 0.0194763
1058000 1.95989 -0.0694793 0.0192367
1059000 2.00672 -0.0609612 0.0198946
1060000 2.03171 -0.0804238 0.0196884
1061000 1.94526 -0.0700236 0.0189436
1062000 2.07243 -0.0603788 0.0203862
1063000 1.97931 -0.0749226 0.0192219
1064000 2.00002 -0.0768492 0.0194108
1065000 1.94802 -0.0637126 0.018864
1066000 2.04851 -0.0610026 0.0201316
1067000 1.97167 -0.0705885 0.0192791
1068000 1.98018 -0.06935 0.0194584
1069000 2.00232 -0.0749192 0.0196746
1070000 1.96164 -0.0735496 0.0193731
1071000 1.96784 -0.0645233 0.0191083
1072000 2.02946 -0.0775731 0.0196466
1073000 1.98125 -0.0637875 0.0191775
1074000 1.94169 -0.0624307 0.0190867
1075000 2.0353 -0.0730536 0.0199818
1076000 1.99199 -0.0721107 0.0195788
1077000 1.97036 -0.0750237 0.0194517
1078000 1.97424 -0.0463913 0.0191668
1079000 1.96866 -0.0607196 0.0191607
1080000 2.00752 -0.0566007 0.0195923
1081000 2.00964 -0.066719 0.0194984
1082000 2.02873 -0.0554245 0.0199141
1083000 1.99003 -0.0626145 0.0195409
1084000 2.02915 -0.0556324 0.0201291
1085000 2.007 -0.0706141 0.0195696
1086000 2.02289 -0.0547885 0.0200702
1087000 2.01812 -0.0581786 0.0198121
1088000 1.94316 -0.0585947 0.0191103
1089000 2.03193 -0.0513858 0.0199769
1090000 1.99978 -0.0661398 0.0194483
1091000 1.98125 -0.0674222 0.0194058
1092000 2.00657 -0.0550148 0.0198927
1093000 1.97164 -0.0618262 0.0192768
1094000 2.00999 -0.058442 0.0197457
1095000 1.93599 -0.0481298 0.0192313
1096000 1.97591 -0.0593577 0.0193074
1097000 2.01766 -0.0533692 0.0199373
1098000 2.00176 -0.0612674 0.0196452
1099000 1.98544 -0.0546361 0.0195625
1100000 1.95063 -0.0734461 0.0189632
