# Time-averaged data for fix 2
# TimeStep v_Temperature v_PotentialEnergy v_Pressure
2000 1.47335 -0.0124674 0.00144852
3000 1.46912 -0.00985315 0.00145065
4000 1.48965 -0.0120871 0.00147101
5000 1.50691 -0.0095554 0.00149178
6000 1.46175 -0.0033138 0.00144535
7000 1.53288 -0.00565909 0.00151743
8000 1.50564 -0.00878817 0.0014818
9000 1.53262 -0.00742381 0.00151481
10000 1.49143 -0.00354206 0.00147284
11000 1.52946 -0.00622367 0.00151345
12000 1.52056 -0.00341774 0.00150095
13000 1.5234 -0.00732004 0.00150651
14000 1.50142 -0.00709217 0.00148367
15000 1.49451 -0.0064804 0.00147602
16000 1.51596 -0.00901831 0.0014967
17000 1.48887 -0.00398652 0.00147126
18000 1.49361 -0.00394821 0.00147553
19000 1.50348 -0.0042068 0.00148978
20000 1.51403 -0.00643403 0.001496
21000 1.52423 -0.00899193 0.00150808
22000 1.52882 -0.00745602 0.00150809
23000 1.53726 -0.0117479 0.00151884
24000 1.49057 -0.00480978 0.00147449
25000 1.51683 -0.00472999 0.00150861
26000 1.50968 -0.00561608 0.00148828
27000 1.50654 -0.00578147 0.00149223
28000 1.53207 -0.00565028 0.00151319
29000 1.45279 -0.0108077 0.00143208
30000 1.55461 -0.00877006 0.00153099
31000 1.47781 -0.0107593 0.00145797
32000 1.44176 -0.0127226 0.00142016
33000 1.48015 -0.0113052 0.00145445
34000 1.50363 -0.00655316 0.00148928
35000 1.45534 -0.0104885 0.00143645
36000 1.47445 -0.00659257 0.00146098
37000 1.52136 -0.00611028 0.00150137
38000 1.44601 -0.00683006 0.00143038
39000 1.46327 -0.00736415 0.0014462
40000 1.50504 -0.004978 0.001493
41000 1.46182 -0.00395022 0.0014409
42000 1.43507 -0.00599769 0.00141455
43000 1.49539 -0.00920926 0.00147638
44000 1.51475 -0.00838143 0.0015007
45000 1.50379 -0.0124805 0.00148149
46000 1.47903 -0.00985727 0.00145803
47000 1.49628 -0.0106132 0.00147322
48000 1.52319 -0.0103869 0.00150491
49000 1.49789 -0.0110131 0.00147999
50000 1.47231 -0.00930482 0.00145022
51000 1.50257 -0.004778 0.00149515
52000 1.53591 -0.00481177 0.00151814
53000 1.48879 -0.00317041 0.00147603
54000 1.52499 -0.00327907 0.00150698
55000 1.50514 -0.0056617 0.0014921
56000 1.47977 -0.00692558 0.00146058
57000 1.53732 -0.00625914 0.00152032
58000 1.50555 -0.00369345 0.00148936
59000 1.45134 -0.00617996 0.0014362
60000 1.54175 -0.00463599 0.00152122
61000 1.54449 -0.00481761 0.00152685
62000 1.48108 -0.00732698 0.00146247
63000 1.4842 -0.00574701 0.00146599
64000 1.51535 -0.00283194 0.00150254
65000 1.44263 -0.00389477 0.00142459
66000 1.55487 -0.00447235 0.00153965
67000 1.46828 -0.00563698 0.00145175
68000 1.5014 -0.00420653 0.00148495
69000 1.51721 -0.00580996 0.00149688
70000 1.526 -0.00596658 0.00151231
71000 1.52794 -0.00571449 0.00151337
72000 1.45051 -0.00373355 0.00143444
73000 1.54518 -0.00796753 0.00152069
74000 1.4612 -0.00497218 0.00145026
75000 1.46699 -0.00344057 0.00145192
76000 1.52659 -0.00779236 0.00150802
77000 1.50213 -0.00466882 0.00148342
78000 1.50344 -0.00458664 0.00148368
79000 1.48516 -0.00926475 0.00146369
80000 1.54612 -0.00741576 0.00152507
81000 1.49641 -0.00501551 0.00148224
82000 1.48574 -0.0095645 0.00146252
83000 1.5049 -0.0124481 0.00148141
84000 1.45837 -0.0120094 0.00144045
85000 1.48368 -0.00667394 0.001462
86000 1.48701 -0.00400268 0.00146903
87000 1.48681 -0.00256836 0.00146852
88000 1.48354 -0.00738186 0.00146484
89000 1.45696 -0.00548027 0.0014417
90000 1.5357 -0.00680437 0.0015152
91000 1.50864 -0.00444978 0.00149114
92000 1.46388 -0.0146846 0.00144992
93000 1.54956 -0.0106468 0.00152679
94000 1.52418 -0.00929423 0.00149962
95000 1.45871 -0.0109498 0.00144497
96000 1.55125 -0.00430638 0.00153685
97000 1.48582 -0.00679305 0.00146315
98000 1.45677 -0.00691947 0.00144389
99000 1.52819 -0.0064147 0.00150852
100000 1.49048 -0.00523146 0.00147534
101000 1.47025 -0.00648935 0.00144824
102000 1.51427 -0.00710342 0.00149335
103000 1.49041 -0.0033658 0.00147569
104000 1.51722 -0.00650465 0.00149832
105000 1.48545 -0.0086633 0.00145933
106000 1.50584 -0.00539254 0.00148707
107000 1.5157 -0.00482769 0.00150556
108000 1.49083 -0.0044904 0.00147989
109000 1.51244 -0.00452511 0.00149576
110000 1.49335 -0.00338634 0.001476
111000 1.5083 -0.00318342 0.0014908
112000 1.51059 -0.00451619 0.00150207
113000 1.46364 -0.00557575 0.0014515
114000 1.51801 -0.00305735 0.00150408
115000 1.50734 -0.00492374 0.00148761
116000 1.48371 -0.00475197 0.00146695
117000 1.53161 -0.00606664 0.00151199
118000 1.55471 -0.00424821 0.00153801
119000 1.44433 -0.00655214 0.00142711
120000 1.5298 -0.00478003 0.0015073
121000 1.52765 -0.00126 0.00151624
122000 1.47308 -0.00697735 0.00145322
123000 1.53928 -0.0023185 0.00151945
124000 1.46268 -0.00507795 0.00145003
125000 1.48673 -0.0036095 0.00147347
126000 1.53863 -0.0106948 0.00151224
127000 1.4623 -0.00646177 0.00144399
128000 1.56146 -0.0104318 0.00154095
129000 1.45846 -0.0108287 0.00143575
130000 1.48754 -0.00465698 0.00147092
131000 1.54274 -0.00421367 0.00152795
132000 1.46502 -0.00699047 0.0014507
133000 1.51605 -0.00524639 0.00149762
134000 1.50225 -0.00381379 0.00148217
135000 1.43838 -0.0059306 0.00142333
136000 1.50595 -0.00477788 0.00148966
137000 1.53001 -0.00298569 0.00151714
138000 1.47626 -0.00596068 0.00145969
139000 1.51156 -0.00383834 0.00149098
140000 1.48839 -0.00802342 0.0014728
141000 1.51026 -0.00596561 0.00149107
142000 1.49716 -0.00459331 0.0014793
143000 1.50786 -0.0019847 0.00149182
144000 1.50412 -0.00652786 0.00147949
145000 1.46613 -0.00344988 0.00144947
146000 1.53527 -0.00397838 0.00151711
147000 1.49612 -0.00762788 0.00147742
148000 1.45814 -0.00337679 0.00144804
149000 1.5588 -0.00734515 0.00153883
150000 1.4574 -0.00508277 0.00144421
151000 1.52187 -0.00549777 0.00150485
152000 1.52247 -0.00747597 0.00150119
153000 1.50462 -0.00755446 0.00148468
154000 1.44656 -0.00648987 0.00143367
155000 1.49524 -0.00904412 0.00147477
156000 1.52536 -0.00499435 0.0015122
157000 1.51069 -0.00344108 0.00149517
158000 1.46694 -0.00391494 0.00144927
159000 1.52242 -0.0014922 0.00151399
160000 1.51756 -0.00668677 0.0014988
161000 1.49636 -0.00330059 0.00147746
162000 1.49925 -0.0039749 0.00148074
163000 1.49573 -0.00917974 0.00147786
164000 1.47741 -0.00731235 0.00145989
165000 1.49487 -0.00842662 0.00147651
166000 1.51507 -0.00973268 0.00149557
167000 1.48179 -0.00744917 0.00146368
168000 1.5103 -0.00490802 0.00149262
169000 1.54058 -0.00416552 0.00152077
170000 1.5016 -0.00492999 0.00148341
171000 1.52541 -0.00527701 0.00150476
172000 1.54372 -0.00716894 0.00152047
173000 1.48855 -0.00962267 0.00147068
174000 1.51634 -0.00444151 0.00150236
175000 1.51391 -0.00560499 0.00149601
176000 1.50787 -0.0110254 0.00148277
177000 1.49438 -0.00798215 0.00147086
178000 1.48475 -0.00727494 0.00146764
179000 1.5197 -0.00502099 0.00150081
180000 1.52155 -0.00522669 0.00150917
181000 1.44707 -0.00427447 0.0014328
182000 1.53045 -0.00863709 0.00151127
183000 1.5467 -0.00882286 0.00152967
184000 1.47951 -0.00824 0.00146029
185000 1.50635 -0.0123183 0.00148202
186000 1.458 -0.0135381 0.00143543
187000 1.55809 -0.00585198 0.00153987
188000 1.4545 -0.00812389 0.00143052
189000 1.53016 -0.00315953 0.0015107
190000 1.45193 -0.00220662 0.00143671
191000 1.56294 -0.00655198 0.00154168
192000 1.47953 -0.00201683 0.00146557
193000 1.4947 -0.00589427 0.00148174
194000 1.51908 -0.0053866 0.00149881
195000 1.46843 -0.00660624 0.0014508
196000 1.45869 -0.00320164 0.00144128
197000 1.50791 -0.0051703 0.00148928
198000 1.48096 -0.00962128 0.0014626
199000 1.50954 -0.00758995 0.00149498
200000 1.52426 -0.00587085 0.00150559
201000 1.47459 -0.00510091 0.00145686
202000 1.51632 -0.0104123 0.0014976
203000 1.514 -0.00596085 0.00149269
204000 1.4924 -0.00436959 0.00147508
205000 1.5073 -0.00681586 0.00149108
206000 1.4627 -0.00354206 0.00144663
207000 1.50953 -0.00271569 0.00149306
208000 1.50365 -0.00416677 0.00148904
209000 1.48904 -0.00323856 0.00147684
210000 1.57056 -0.00403533 0.00155534
211000 1.46125 -0.00414259 0.00144509
212000 1.54564 -0.0038116 0.00153068
213000 1.48243 -0.00850872 0.00146371
214000 1.52591 -0.00344027 0.00150794
215000 1.51643 -0.00394781 0.00150049
216000 1.4784 -0.00629151 0.00146036
217000 1.47449 -0.00869817 0.00145571
218000 1.52172 -0.00736263 0.00150005
219000 1.51099 -0.00542741 0.00149789
220000 1.49392 -0.0073717 0.00147601
221000 1.49011 -0.00455458 0.00147628
222000 1.52438 -0.00364106 0.00150567
223000 1.53159 -0.0046707 0.00151429
224000 1.48957 -0.00649798 0.00147434
225000 1.47224 -0.0073291 0.00145231
226000 1.54307 -0.00595051 0.00152615
227000 1.47329 -0.00438489 0.00145603
228000 1.45307 -0.00309571 0.00143777
229000 1.51204 -0.00392843 0.00149417
230000 1.53961 -0.00474879 0.0015229
231000 1.49675 -0.00547697 0.0014789
232000 1.50468 -0.0116966 0.00148123
233000 1.50526 -0.00452094 0.00148472
234000 1.48146 -0.00531715 0.0014677
235000 1.49882 -0.00249265 0.00148156
236000 1.47906 -0.00427125 0.00146227
237000 1.54316 -0.00682793 0.00152493
238000 1.53559 -0.00534262 0.00151629
239000 1.4442 -0.00643736 0.00143099
240000 1.53461 -0.00364703 0.00152163
241000 1.43866 -0.00920466 0.00141781
242000 1.52843 -0.00719205 0.00151253
243000 1.488 -0.00709418 0.00147153
244000 1.57093 -0.00517179 0.00155216
245000 1.46344 -0.00596971 0.00144487
246000 1.46015 -0.00567021 0.00144165
247000 1.54188 -0.00662645 0.00153049
248000 1.45857 -0.00893979 0.00143695
249000 1.55169 -0.00426115 0.00153092
250000 1.45743 -0.00500195 0.00143986
251000 1.50204 -0.00374188 0.00149343
252000 1.51461 -0.00447031 0.00149592
253000 1.48085 -0.0069505 0.00146431
254000 1.4447 -0.00712588 0.00142328
255000 1.46066 -0.00706178 0.0014378
256000 1.50589 -0.00725185 0.00148791
257000 1.46817 -0.00846605 0.00145256
258000 1.49637 -0.00263963 0.00147807
259000 1.4926 -0.00336814 0.00147449
260000 1.51916 -0.0035341 0.00150142
261000 1.51482 -0.00415968 0.00150188
262000 1.50316 -0.00130384 0.00148559
263000 1.51255 -0.00450718 0.00149629
264000 1.5307 -0.00557742 0.00151202
265000 1.53433 -0.00306127 0.00151772
266000 1.49658 -0.00671384 0.00147564
267000 1.49123 -0.00815344 0.0014801
268000 1.46391 -0.00330941 0.00144886
269000 1.50851 -0.00787516 0.00149065
270000 1.46118 -0.0078212 0.00144101
271000 1.43766 -0.0107569 0.00142135
272000 1.46427 -0.00820042 0.00144482
273000 1.49947 -0.00651892 0.00148025
274000 1.46701 -0.00733674 0.00144658
275000 1.45846 -0.0126132 0.00143476
276000 1.44884 -0.012467 0.0014297
277000 1.51354 -0.0120989 0.00149045
278000 1.51206 -0.00715751 0.00148765
279000 1.49426 -0.0158989 0.00148168
280000 1.49413 -0.0114852 0.0014755
281000 1.53048 -0.0113859 0.00150985
282000 1.49782 -0.012279 0.00147361
283000 1.50279 -0.0112922 0.00148149
284000 1.45831 -0.00953259 0.00143663
285000 1.51335 -0.0125531 0.00148776
286000 1.54285 -0.0165488 0.00152064
287000 1.44833 -0.0166413 0.00142415
288000 1.52316 -0.0138716 0.00150033
289000 1.4802 -0.010847 0.0014598
290000 1.49167 -0.0121387 0.00146496
291000 1.5003 -0.00812291 0.00147818
292000 1.52794 -0.00297911 0.00150849
293000 1.50455 -0.0113556 0.00147766
294000 1.52861 -0.00544048 0.0015097
295000 1.52926 -0.00520752 0.00151114
296000 1.46438 -0.00665775 0.00144441
297000 1.50529 -0.00527664 0.00148627
298000 1.51393 -0.00599518 0.0014945
299000 1.46631 -0.0046637 0.0014525
300000 1.50314 -0.00523076 0.00148777
301000 1.52548 -0.00349798 0.00151158
302000 1.50158 -0.00649108 0.00148124
303000 1.47157 -0.00431472 0.00145436
304000 1.49371 -0.00611592 0.0014773
305000 1.52868 -0.0044408 0.00151153
306000 1.46933 -0.0058674 0.00144862
307000 1.5264 -0.00536901 0.00150903
308000 1.48827 -0.00413548 0.00146956
309000 1.49637 -0.00567034 0.00147774
310000 1.50121 -0.00247337 0.00148527
311000 1.47233 -0.00699226 0.00145379
312000 1.53358 -0.00442869 0.00151681
313000 1.51638 -0.00476196 0.00149971
314000 1.44614 -0.00697929 0.00142747
315000 1.53914 -0.00521849 0.00152465
316000 1.52228 -0.00874659 0.00149982
317000 1.52993 -0.00316691 0.00151221
318000 1.53348 -0.00733314 0.0015234
319000 1.4527 -0.00533214 0.00143202
320000 1.49323 -0.0102535 0.00146819
321000 1.52107 -0.00565348 0.00150373
322000 1.52016 -0.0056196 0.0015058
323000 1.52731 -0.00516717 0.00151326
324000 1.50309 -0.00602762 0.00148459
325000 1.46525 -0.00580605 0.00144244
326000 1.53096 -0.00991458 0.0015186
327000 1.49592 -0.00864277 0.00147749
328000 1.51273 -0.0152285 0.0014939
329000 1.48255 -0.012099 0.00146257
330000 1.477 -0.00352176 0.00145882
331000 1.51134 -0.00183515 0.00149497
332000 1.504 -0.00523576 0.00148616
333000 1.50398 -0.00798248 0.00148443
334000 1.48955 -0.00420824 0.00147676
335000 1.54307 -0.00465499 0.00153541
336000 1.5245 -0.00234986 0.00150629
337000 1.45144 -0.00609153 0.0014347
338000 1.51565 -0.00727322 0.00149835
339000 1.48504 -0.00839063 0.00146942
340000 1.54364 -0.0091914 0.00152799
341000 1.52339 -0.00488406 0.00150889
342000 1.45496 -0.00440528 0.00143604
343000 1.53712 -0.00529032 0.00151821
344000 1.50082 -0.00442507 0.00148158
345000 1.48006 -0.0169264 0.00144887
346000 1.5062 -0.0176817 0.00147511
347000 1.54257 -0.00811655 0.0015203
348000 1.53797 -0.0029598 0.00152053
349000 1.51297 -0.00563282 0.00149477
350000 1.50313 -0.0088844 0.00147829
351000 1.45579 -0.00938214 0.00143254
352000 1.53172 -0.00551799 0.00150925
353000 1.45808 -0.00437574 0.00144229
354000 1.55188 -0.00432365 0.00153641
355000 1.54046 -0.00422977 0.00153016
356000 1.45722 -0.003885 0.00144089
357000 1.5115 -0.00848452 0.00149268
358000 1.5136 -0.00526529 0.00149539
359000 1.47954 -0.00439365 0.00146811
360000 1.49222 -0.00612224 0.0014746
361000 1.50463 -0.00442473 0.00148591
362000 1.45147 -0.0082949 0.00143363
363000 1.51266 -0.00851566 0.0014896
364000 1.5155 -0.00740489 0.00149642
365000 1.52494 -0.00521295 0.00150764
366000 1.49509 -0.0033857 0.00148116
367000 1.46699 -0.00557482 0.0014479
368000 1.51738 -0.00360448 0.00150349
369000 1.49921 -0.00814879 0.00147522
370000 1.53377 -0.00674877 0.00151435
371000 1.47663 -0.00519207 0.00146052
372000 1.48807 -0.00663497 0.00147173
373000 1.50472 -0.0045617 0.00149111
374000 1.47701 -0.00269527 0.00146029
375000 1.48036 -0.00775926 0.0014605
376000 1.47726 -0.00798259 0.00145728
377000 1.51453 -0.00472967 0.00149892
378000 1.5125 -0.00401974 0.00149725
379000 1.48807 -0.0099968 0.00147467
380000 1.53139 -0.00604294 0.00151127
381000 1.49996 -0.00215995 0.00148746
382000 1.50463 -0.00415037 0.00148924
383000 1.53157 -0.00341887 0.00151456
384000 1.4632 -0.00607763 0.00144636
385000 1.4899 -0.00482542 0.0014783
386000 1.53922 -0.00356611 0.00152279
387000 1.438 -0.00572413 0.00141863
388000 1.52897 -0.0111024 0.00151128
389000 1.4659 -0.00532838 0.00145205
390000 1.52522 -0.00398002 0.00150811
391000 1.54362 -0.00419598 0.00152583
392000 1.46586 -0.0048564 0.00144891
393000 1.5112 -0.00418054 0.00149251
394000 1.54349 -0.00411011 0.00152811
395000 1.45286 -0.00161077 0.0014374
396000 1.56425 -0.0085071 0.00154139
397000 1.44559 -0.00664105 0.00142791
398000 1.49421 -0.00297532 0.00147933
399000 1.51488 -0.00938206 0.00148875
400000 1.48691 -0.00570173 0.00147706
401000 1.44965 -0.00477212 0.00143719
402000 1.49995 -0.00801268 0.00148049
403000 1.48747 -0.00682249 0.00147193
404000 1.51617 -0.00619628 0.00149774
405000 1.49154 -0.00706992 0.00148099
406000 1.47426 -0.00654306 0.00145439
407000 1.50301 -0.00646947 0.00148711
408000 1.51125 -0.00688185 0.00149262
409000 1.51705 -0.00570618 0.00149655
410000 1.49675 -0.00917351 0.00147847
411000 1.52905 -0.00202186 0.00151263
412000 1.5403 -0.0056849 0.00152116
413000 1.52404 -0.00484296 0.00151259
414000 1.51267 -0.00834644 0.00149536
415000 1.45847 -0.0113088 0.00143941
416000 1.52938 -0.0106012 0.00150331
417000 1.47052 -0.00588409 0.00145432
418000 1.48053 -0.00385037 0.0014644
419000 1.49707 -0.00406833 0.00148171
420000 1.45682 -0.00536065 0.00144085
421000 1.4954 -0.00584414 0.00147559
422000 1.52973 -0.00594736 0.00150969
423000 1.54118 -0.00625182 0.00152501
424000 1.48229 -0.00576612 0.00146493
425000 1.49899 -0.00500298 0.00147894
426000 1.47866 -0.0100563 0.00145856
427000 1.4502 -0.00405598 0.00143165
428000 1.46698 -0.00788277 0.00144489
429000 1.50086 -0.0123008 0.00147753
430000 1.51771 -0.0129557 0.00149445
431000 1.47789 -0.010209 0.00146027
432000 1.53565 -0.00808282 0.00151484
433000 1.49701 -0.0101452 0.00147798
434000 1.48246 -0.00400713 0.00146386
435000 1.53091 -0.00965728 0.00150726
436000 1.46565 -0.00865233 0.00144365
437000 1.47657 -0.00224144 0.00146313
438000 1.49313 -0.00886916 0.00147343
439000 1.51977 -0.00273903 0.00150075
440000 1.49371 -0.0053734 0.00147681
441000 1.49629 -0.00414986 0.00148018
442000 1.53258 -0.0120522 0.00150868
443000 1.45239 -0.0127518 0.00142882
444000 1.51604 -0.00645688 0.00149691
445000 1.52288 -0.00929139 0.00149995
446000 1.47134 -0.0113152 0.001452
447000 1.531 -0.00845454 0.00151628
448000 1.48104 -0.00671294 0.00146931
449000 1.49031 -0.00509744 0.00147314
450000 1.48731 -0.011297 0.00146816
451000 1.52042 -0.00478901 0.0015087
452000 1.52872 -0.00172229 0.0015107
453000 1.44887 -0.00282356 0.0014322
454000 1.51318 -0.00310748 0.00149867
455000 1.51474 -0.00401835 0.00149972
456000 1.45631 -0.00387662 0.0014422
457000 1.51848 -0.00923908 0.00149571
458000 1.54204 -0.00421946 0.00152672
459000 1.47433 -0.00312958 0.00145995
460000 1.50308 -0.00622486 0.00148329
461000 1.47851 -0.00374491 0.00146082
462000 1.48862 -0.00606815 0.00146865
463000 1.47497 -0.00321648 0.00145966
464000 1.44932 -0.00488488 0.00143661
465000 1.48279 -0.00828612 0.00146285
466000 1.50013 -0.0122493 0.00147638
467000 1.50512 -0.00898618 0.00148818
468000 1.4446 -0.00392359 0.00142665
469000 1.48362 -0.00725376 0.00146529
470000 1.49126 -0.00450479 0.00147365
471000 1.48266 -0.00580526 0.00146649
472000 1.4977 -0.00437848 0.00148143
473000 1.48348 -0.00560584 0.00147023
474000 1.47497 -0.0126483 0.00145653
475000 1.51217 -0.00389496 0.00149439
476000 1.52707 -0.00564388 0.00151517
477000 1.45081 -0.00373892 0.0014342
478000 1.49483 -0.0113865 0.00147545
479000 1.48439 -0.00722859 0.00146421
480000 1.49907 -0.00320016 0.0014818
481000 1.53879 -0.00695524 0.00152159
482000 1.54168 -0.0124984 0.00151951
483000 1.44435 -0.0132659 0.00142119
484000 1.53698 -0.0154379 0.00151102
485000 1.47634 -0.00702623 0.0014593
486000 1.47373 -0.0067748 0.0014585
487000 1.4814 -0.00596323 0.00146308
488000 1.51777 -0.00943773 0.0014935
489000 1.45916 -0.00321231 0.0014462
490000 1.45194 -0.00438571 0.00143597
491000 1.46566 -0.00581638 0.00145512
492000 1.51026 -0.00589647 0.0014909
493000 1.4617 -0.00541588 0.00144547
494000 1.50951 -0.0080843 0.00148997
495000 1.50006 -0.00750162 0.00148315
496000 1.51259 -0.00428092 0.00149728
497000 1.50845 -0.00479157 0.0014899
498000 1.47054 -0.00520078 0.0014495
499000 1.47852 -0.0081686 0.00145874
500000 1.47744 -0.00612397 0.0014573
501000 1.47852 -0.00277071 0.00146342
502000 1.51063 -0.00839471 0.00149273
503000 1.5183 -0.00462721 0.00150115
504000 1.48526 -0.00457986 0.00146999
505000 1.48624 -0.00581646 0.00146622
506000 1.56133 -0.00648667 0.00154591
507000 1.47827 -0.00517911 0.00146624
508000 1.49776 -0.00538364 0.00148402
509000 1.4874 -0.00721291 0.00146883
510000 1.54018 -0.00932145 0.00152549
511000 1.4581 -0.00664704 0.00143835
512000 1.51999 -0.00301936 0.00150148
513000 1.46574 -0.0105895 0.00144348
514000 1.54088 -0.00448943 0.00152031
515000 1.5578 -0.00382703 0.00154231
516000 1.45718 -0.010468 0.00143461
517000 1.49476 -0.00585623 0.00147467
518000 1.49351 -0.0102024 0.00147041
519000 1.50695 -0.00844207 0.00149869
520000 1.52953 -0.00627583 0.00150739
521000 1.43425 -0.0103514 0.00140511
522000 1.53963 -0.00415726 0.00153035
523000 1.46452 -0.00547954 0.00145159
524000 1.46601 -0.00451247 0.0014484
525000 1.51029 -0.00358206 0.00149313
526000 1.54431 -0.00155451 0.00153143
527000 1.47354 -0.00493936 0.00145324
528000 1.49078 -0.00671931 0.00147343
529000 1.52175 -0.00156635 0.00150369
530000 1.52495 -0.0085955 0.00150378
531000 1.52562 -0.00845569 0.00150598
532000 1.53458 -0.00803112 0.00152035
533000 1.51925 -0.0128368 0.00149798
534000 1.52618 -0.0104967 0.00150609
535000 1.51405 -0.0176842 0.0014928
536000 1.51421 -0.0125667 0.00148846
537000 1.5044 -0.019596 0.00148996
538000 1.52253 -0.0152783 0.00149543
539000 1.51483 -0.0156833 0.00148899
540000 1.51547 -0.0127286 0.00149295
541000 1.48766 -0.013485 0.00146455
542000 1.55275 -0.0116317 0.00153495
543000 1.46534 -0.0108605 0.00144672
544000 1.52433 -0.00918527 0.00150227
545000 1.50088 -0.0075758 0.00148106
546000 1.46115 -0.00961278 0.00144448
547000 1.54822 -0.013101 0.0015239
548000 1.48874 -0.0162241 0.00146365
549000 1.48622 -0.0120077 0.00146361
550000 1.5225 -0.0141464 0.00149942
551000 1.48125 -0.0158061 0.00146314
552000 1.51431 -0.0140993 0.00149901
553000 1.51258 -0.00860304 0.00148524
554000 1.51195 -0.00702844 0.00149022
555000 1.47188 -0.00374386 0.00145538
556000 1.51364 -0.00460399 0.00149487
557000 1.47396 -0.00470657 0.00145785
558000 1.55033 -0.00754377 0.0015352
559000 1.48544 -0.00478244 0.00146857
560000 1.48262 -0.0105141 0.00145725
561000 1.50308 -0.00576308 0.00148982
562000 1.49956 -0.00448823 0.00147914
563000 1.53511 -0.00928718 0.00151428
564000 1.48901 -0.00632215 0.00147828
565000 1.46246 -0.014392 0.00144042
566000 1.51203 -0.0156782 0.00149072
567000 1.53319 -0.0170371 0.00150778
568000 1.50411 -0.0125719 0.00148319
569000 1.49231 -0.015071 0.00147068
570000 1.50894 -0.0192 0.00147782
571000 1.48615 -0.0134845 0.00146777
572000 1.47045 -0.0149115 0.00145091
573000 1.49277 -0.00473596 0.00147473
574000 1.56642 -0.00629786 0.00154863
575000 1.45881 -0.00735762 0.00143826
576000 1.56124 -0.00764154 0.00154998
577000 1.4254 -0.00589043 0.00140797
578000 1.53833 -0.00769027 0.00152054
579000 1.47802 -0.00588468 0.00146554
580000 1.50274 -0.00918841 0.00148255
581000 1.48885 -0.00521479 0.00146927
582000 1.51056 -0.001686 0.00149896
583000 1.50611 -0.00604959 0.00148634
584000 1.50673 -0.0031683 0.0014879
585000 1.50183 -0.00812373 0.00148051
586000 1.51473 -0.00444425 0.00149894
587000 1.50876 -0.00248191 0.00148934
588000 1.51203 -0.00392745 0.00149783
589000 1.46816 -0.00888972 0.00144424
590000 1.53686 -0.00976155 0.00151347
591000 1.53132 -0.00692236 0.00151233
592000 1.49105 -0.00704048 0.00147473
593000 1.49461 -0.00494355 0.0014787
594000 1.51536 -0.00325084 0.00149868
595000 1.52861 -0.00711268 0.00150865
596000 1.52548 -0.00772343 0.00150459
597000 1.49592 -0.00203119 0.00147894
598000 1.50733 -0.00393204 0.00148837
599000 1.50113 -0.00211566 0.00148399
600000 1.50932 -0.0082584 0.00148845
601000 1.49027 -0.00661332 0.00148243
602000 1.50925 -0.00499436 0.00149286
603000 1.46383 -0.00524978 0.00144692
604000 1.50204 -0.00621981 0.00147857
605000 1.49249 -0.0056392 0.00147096
606000 1.53309 -0.00890659 0.00151144
607000 1.49274 -0.00652623 0.00147948
608000 1.5239 -0.00450594 0.00150366
609000 1.56585 -0.00426938 0.00155424
610000 1.50787 -0.00755841 0.00148549
611000 1.46557 -0.00440176 0.00145155
612000 1.44667 -0.00662385 0.00143067
613000 1.53203 -0.00466401 0.00151446
614000 1.51931 -0.00651787 0.00149557
615000 1.52327 -0.00397035 0.00150485
616000 1.48633 -0.00570799 0.00146767
617000 1.52933 -0.0106812 0.00150794
618000 1.45592 -0.0056379 0.00143819
619000 1.54791 -0.0072155 0.00153335
620000 1.51652 -0.00442177 0.00150188
621000 1.50091 -0.0074651 0.00148336
622000 1.52477 -0.00236609 0.0015103
623000 1.52829 -0.00525079 0.00151053
624000 1.52804 -0.00738416 0.00150426
625000 1.49441 -0.00529485 0.00147436
626000 1.51999 -0.00636824 0.00150349
627000 1.43134 -0.00658913 0.00141407
628000 1.4932 -0.00452895 0.00147727
629000 1.46957 -0.00520489 0.00145095
630000 1.47011 -0.00387573 0.00145654
631000 1.51573 -0.00573254 0.00149674
632000 1.46896 -0.00673177 0.00144999
633000 1.45528 -0.00456978 0.00143871
634000 1.49327 -0.0044944 0.00147602
635000 1.50101 -0.00343453 0.00148543
636000 1.4954 -0.00852323 0.00147848
637000 1.51073 -0.0075283 0.00149161
638000 1.48681 -0.00714881 0.00147095
639000 1.51155 -0.00766261 0.00149031
640000 1.50652 -0.007767 0.00149167
641000 1.50957 -0.00617292 0.00149325
642000 1.52445 -0.00727333 0.00150143
643000 1.46918 -0.0105113 0.0014459
644000 1.51403 -0.0058953 0.00149518
645000 1.48884 -0.00733161 0.00146872
646000 1.48976 -0.00467234 0.00147162
647000 1.50939 -0.00862203 0.00148873
648000 1.5252 -0.00458762 0.00151164
649000 1.49073 -0.00630888 0.00147716
650000 1.46089 -0.00880343 0.00144818
651000 1.53677 -0.00863084 0.00151628
652000 1.52142 -0.00816292 0.00150602
653000 1.50238 -0.00243813 0.00148445
654000 1.54331 -0.00994488 0.00152057
655000 1.52381 -0.00293988 0.00150536
656000 1.51923 -0.00452031 0.00149801
657000 1.46445 -0.00587581 0.00145207
658000 1.50915 -0.00463817 0.00148895
659000 1.50873 -0.00615877 0.00149373
660000 1.52701 -0.00616762 0.00150499
661000 1.52228 -0.00683731 0.0015026
662000 1.49306 -0.00381977 0.00147591
663000 1.49707 -0.0095616 0.00147393
664000 1.5101 -0.0027806 0.0014919
665000 1.49647 -0.00633048 0.00147596
666000 1.52277 -0.00622236 0.00150713
667000 1.49118 -0.00582656 0.00147267
668000 1.45217 -0.00641248 0.00142949
669000 1.53527 -0.00833196 0.00152201
670000 1.54057 -0.00715391 0.00152018
671000 1.46696 -0.0062244 0.00144753
672000 1.49118 -0.0057708 0.00147014
673000 1.52545 -0.00427974 0.00150572
674000 1.49943 -0.00685485 0.00147813
675000 1.49784 -0.00610444 0.00147761
676000 1.50302 -0.00615662 0.00148723
677000 1.4818 -0.00391024 0.00146859
678000 1.5107 -0.00502838 0.00149273
679000 1.4907 -0.00176256 0.00147968
680000 1.50345 -0.00320521 0.00149025
681000 1.53027 -0.00104445 0.00151565
682000 1.51948 -0.00599133 0.00149796
683000 1.55253 -0.00619997 0.00153611
684000 1.44985 -0.00507935 0.00143037
685000 1.52827 -0.00846333 0.00151768
686000 1.49945 -0.00339431 0.00148504
687000 1.47858 -0.00351413 0.00146098
688000 1.50163 -0.00543634 0.00148131
689000 1.51439 -0.00605712 0.00150097
690000 1.49206 -0.00605819 0.00147983
691000 1.53078 -0.00441095 0.00151761
692000 1.52089 -0.00589026 0.00150475
693000 1.44351 -0.00532276 0.00142584
694000 1.45464 -0.00566412 0.00143823
695000 1.50427 -0.00672088 0.00148546
696000 1.49438 -0.00522137 0.00147564
697000 1.4758 -0.00749293 0.00145631
698000 1.53987 -0.00464231 0.00152355
699000 1.47341 -0.00662606 0.00145069
700000 1.51231 -0.00536875 0.00149508
701000 1.49025 -0.00323549 0.00148006
702000 1.48193 -0.00941201 0.00146078
703000 1.52049 -0.00882805 0.00149786
704000 1.54745 -0.00445752 0.00152737
705000 1.51067 -0.00386862 0.00149376
706000 1.48881 -0.0064224 0.00146809
707000 1.51712 -0.00497257 0.00149581
708000 1.51888 -0.00641383 0.00150463
709000 1.44216 -0.00639411 0.00142592
710000 1.5376 -0.00702446 0.00151679
711000 1.51114 -0.0100117 0.0014846
712000 1.48509 -0.00663864 0.00147009
713000 1.48971 -0.0067503 0.00146952
714000 1.47782 -0.00323178 0.00146055
715000 1.49144 -0.0053726 0.00147273
716000 1.50358 -0.0087051 0.00148483
717000 1.5059 -0.00258534 0.0014888
718000 1.48365 -0.00667133 0.00146619
719000 1.51188 -0.00828502 0.00148984
720000 1.49709 -0.00539691 0.0014745
721000 1.49602 -0.00288667 0.00147614
722000 1.50066 -0.00607073 0.0014804
723000 1.48134 -0.0047247 0.00146431
724000 1.48043 -0.00277913 0.00146409
725000 1.52271 -0.00272811 0.00150618
726000 1.48709 -0.00735442 0.00147536
727000 1.5121 -0.0014006 0.00149601
728000 1.53231 -0.00715427 0.00151373
729000 1.53883 -0.00240995 0.00152575
730000 1.49688 -0.00703027 0.00148454
731000 1.50177 -0.00494326 0.00148474
732000 1.50549 -0.00470665 0.00148609
733000 1.51296 -0.00337703 0.0014966
734000 1.51041 -0.00615689 0.00149049
735000 1.46838 -0.0066959 0.00145412
736000 1.528 -0.00538733 0.00150871
737000 1.49575 -0.00985507 0.00147421
738000 1.47181 -0.00211269 0.00145839
739000 1.50807 -0.00795189 0.00148663
740000 1.52253 -0.0105336 0.0014984
741000 1.53127 -0.00251959 0.00151232
742000 1.44277 -0.00692866 0.00142972
743000 1.54874 -0.00172179 0.00153107
744000 1.48111 -0.00299733 0.00146337
745000 1.48528 -0.00483402 0.00146723
746000 1.50386 -0.00536393 0.00148583
747000 1.49325 -0.00603697 0.00147712
748000 1.4867 -0.00803036 0.00146611
749000 1.51027 -0.00578698 0.00149136
750000 1.49044 -0.00269637 0.00147634
751000 1.50661 -0.0073019 0.00148355
752000 1.51876 -0.00590994 0.00150142
753000 1.49751 -0.00656958 0.0014807
754000 1.515 -0.00753207 0.00149947
755000 1.52398 -0.00504304 0.0015066
756000 1.51105 -0.00897866 0.00149188
757000 1.512 -0.0030484 0.00149766
758000 1.52817 -0.00676867 0.0015096
759000 1.50369 -0.00482939 0.00148524
760000 1.5178 -0.00419944 0.00150361
761000 1.51257 -0.00750854 0.00149326
762000 1.51511 -0.00186994 0.00149731
763000 1.52624 -0.00463808 0.00150618
764000 1.45095 -0.00595082 0.00143717
765000 1.5352 -0.00418833 0.00152186
766000 1.49828 -0.00948869 0.00148047
767000 1.52746 -0.0080501 0.00150865
768000 1.44285 -0.00577765 0.00142674
769000 1.51874 -0.00495911 0.0015025
770000 1.56082 -0.00414151 0.00154388
771000 1.44836 -0.00441189 0.00143432
772000 1.53344 -0.00657948 0.0015142
773000 1.48249 -0.00819773 0.0014608
774000 1.48038 -0.00648337 0.00147144
775000 1.48238 -0.00806901 0.00145922
776000 1.54828 -0.00596439 0.0015297
777000 1.49401 -0.00678098 0.00147349
778000 1.48717 -0.00262772 0.00146951
779000 1.51664 -0.00638697 0.00149595
780000 1.48678 -0.00370741 0.00147018
781000 1.51419 -0.00354469 0.00149542
782000 1.48444 -0.00968995 0.00146097
783000 1.52111 -0.00398417 0.00150401
784000 1.48647 -0.00360368 0.00147411
785000 1.46824 -0.0092735 0.00144823
786000 1.54814 -0.00542761 0.00153454
787000 1.48389 -0.00532962 0.00146423
788000 1.48972 -0.00848806 0.00147223
789000 1.5221 -0.00612091 0.00150885
790000 1.48554 -0.00497032 0.00146968
791000 1.50792 -0.0128176 0.00148659
792000 1.48584 -0.00549011 0.00146725
793000 1.49706 -0.00287516 0.00147971
794000 1.47729 -0.0032376 0.00145805
795000 1.4911 -0.00243771 0.00147803
796000 1.49817 -0.00442258 0.00148313
797000 1.51056 -0.00956821 0.00149122
798000 1.48212 -0.00375302 0.00146414
799000 1.50367 -0.00420868 0.00148696
800000 1.52176 -0.00660384 0.00150537
801000 1.52048 -0.00655356 0.00150361
802000 1.45026 -0.00497643 0.00143246
803000 1.55223 -0.00333055 0.00153234
804000 1.4542 -0.00671763 0.0014372
805000 1.50827 -0.00863999 0.00148542
806000 1.48574 -0.00165211 0.00147867
807000 1.44892 -0.00585122 0.00143502
808000 1.4788 -0.00305502 0.00146197
809000 1.50649 -0.00421947 0.0014868
810000 1.52261 -0.00544859 0.00150331
811000 1.49157 -0.00632427 0.0014765
812000 1.4684 -0.00631245 0.00145229
813000 1.55194 -0.00463837 0.00153234
814000 1.49682 -0.00890216 0.00147848
815000 1.50876 -0.00433347 0.00148811
816000 1.45408 -0.00268262 0.00144811
817000 1.49664 -0.00441528 0.00148619
818000 1.47984 -0.00585962 0.00146747
819000 1.54403 -0.00809159 0.00152236
820000 1.47688 -0.0046261 0.00146013
821000 1.50843 -0.00536306 0.00149132
822000 1.48275 -0.00594229 0.00146394
823000 1.51705 -0.00679668 0.00150561
824000 1.49977 -0.00833649 0.00148392
825000 1.50489 -0.00274324 0.00148943
826000 1.55288 -0.00362732 0.00153512
827000 1.53438 -0.0104523 0.00151346
828000 1.48353 -0.00590041 0.0014653
829000 1.51974 -0.00590707 0.00149992
830000 1.48602 -0.00387928 0.00146909
831000 1.49708 -0.00573998 0.00147862
832000 1.51847 -0.00481694 0.00150279
833000 1.4742 -0.00456476 0.00146261
834000 1.52425 -0.00431046 0.00150545
835000 1.51342 -0.00860513 0.00149085
836000 1.44868 -0.00337764 0.00142989
837000 1.51971 -0.00648838 0.00149934
838000 1.52456 -0.00419075 0.00151238
839000 1.44942 -0.00407886 0.00143344
840000 1.51863 -0.00388965 0.00150661
841000 1.51982 -0.00560271 0.00149609
842000 1.50252 -0.00762136 0.0014823
843000 1.56668 -0.0068497 0.00154965
844000 1.51216 -0.00625702 0.00149273
845000 1.4938 -0.00672983 0.00147629
846000 1.51687 -0.00642253 0.00149542
847000 1.49227 -0.00325679 0.00147652
848000 1.48629 -0.005523 0.00146857
849000 1.56315 -0.00320621 0.00154577
850000 1.48437 -0.010655 0.00146319
851000 1.50497 -0.00796252 0.00148388
852000 1.51878 -0.00778898 0.00149799
853000 1.50711 -0.00811651 0.00148724
854000 1.5439 -0.00655475 0.00152517
855000 1.45025 -0.00483246 0.00142955
856000 1.51189 -0.0062171 0.00149085
857000 1.53968 -0.00553693 0.00152147
858000 1.46389 -0.00786279 0.0014427
859000 1.48585 -0.00400124 0.00147087
860000 1.50723 -0.0049155 0.00148832
861000 1.49908 -0.0104276 0.00148326
862000 1.54631 -0.00530727 0.00152506
863000 1.53883 -0.00489727 0.00151875
864000 1.48459 -0.00418404 0.00147252
865000 1.4886 -0.00581099 0.00146852
866000 1.46432 -0.00536826 0.00144862
867000 1.50334 -0.00521133 0.00148548
868000 1.5164 -0.00617961 0.00149746
869000 1.50792 -0.00398119 0.00149265
870000 1.4957 -0.00591437 0.00148071
871000 1.5171 -0.00897317 0.00150029
872000 1.50584 -0.00826626 0.0014844
873000 1.49295 -0.00845987 0.00147037
874000 1.46925 -0.00931922 0.00144699
875000 1.50055 -0.0111711 0.0014791
876000 1.51278 -0.0089502 0.00149638
877000 1.49362 -0.0109932 0.00147302
878000 1.5175 -0.0104933 0.00149654
879000 1.48559 -0.00580936 0.00146918
880000 1.48653 -0.00710462 0.00146992
881000 1.47259 -0.0104114 0.00145222
882000 1.49031 -0.00888128 0.00147367
883000 1.47447 -0.0108026 0.00144816
884000 1.51061 -0.00794556 0.00148918
885000 1.52128 -0.00913449 0.00150276
886000 1.48584 -0.00491211 0.00146452
887000 1.51987 -0.00977134 0.0014967
888000 1.51466 -0.00601125 0.0014974
889000 1.53757 -0.0101479 0.00151399
890000 1.47355 -0.00923215 0.00145321
891000 1.52431 -0.00753891 0.00150599
892000 1.46648 -0.0064589 0.00144954
893000 1.44474 -0.00569952 0.00142344
894000 1.49613 -0.00266729 0.00147999
895000 1.46485 -0.00453008 0.00144772
896000 1.46555 -0.00382741 0.00145096
897000 1.54872 -0.00494535 0.00153084
898000 1.49081 -0.00818129 0.00147436
899000 1.47565 -0.0122272 0.00145735
900000 1.52403 -0.00725344 0.00150722
901000 1.50087 -0.00174905 0.00149269
902000 1.48641 -0.00669682 0.00147165
903000 1.44067 -0.00494162 0.00142045
904000 1.52158 -0.00681105 0.00151085
905000 1.48801 -0.00332908 0.00147384
906000 1.45395 -0.00662614 0.0014326
907000 1.47968 -0.00556782 0.0014622
908000 1.50207 -0.00885221 0.00148545
909000 1.52738 -0.00458011 0.00150986
910000 1.50412 -0.00974448 0.00148363
911000 1.45545 -0.00747811 0.0014385
912000 1.49842 -0.00425407 0.00148688
913000 1.49971 -0.00411947 0.00148724
914000 1.51426 -0.00448372 0.00150055
915000 1.46435 -0.00546872 0.00144275
916000 1.50961 -0.00862691 0.00148777
917000 1.49141 -0.00659452 0.00147319
918000 1.47182 -0.00572857 0.00145982
919000 1.53896 -0.00342288 0.00152542
920000 1.48316 -0.00355407 0.001468
921000 1.49774 -0.00315613 0.00147955
922000 1.50459 -0.00385751 0.00148749
923000 1.50561 -0.0108229 0.00148037
924000 1.49672 -0.00432732 0.0014801
925000 1.47548 -0.00515127 0.00145453
926000 1.49747 -0.00661606 0.00148088
927000 1.52461 -0.00352838 0.00150662
928000 1.46339 -0.0058599 0.00144921
929000 1.46319 -0.00205676 0.00144636
930000 1.54571 -0.00378622 0.00152844
931000 1.4475 -0.00797818 0.00142996
932000 1.517 -0.0150448 0.00148815
933000 1.46936 -0.00209668 0.00145216
934000 1.53493 -0.005021 0.00151932
935000 1.52763 -0.00413035 0.00150902
936000 1.48475 -0.00317366 0.00146779
937000 1.49608 -0.00749668 0.00147259
938000 1.50152 -0.00871549 0.00148371
939000 1.47023 -0.0120549 0.00144642
940000 1.49506 -0.0095251 0.00147892
941000 1.49576 -0.0134711 0.00146966
942000 1.54028 -0.00433728 0.00152406
943000 1.52995 -0.0035754 0.00151027
944000 1.51875 -0.00591166 0.00150267
945000 1.53534 -0.00757513 0.00151446
946000 1.47582 -0.00219189 0.00145873
947000 1.46924 -0.00621422 0.00144519
948000 1.5393 -0.00616211 0.00151963
949000 1.52312 -0.00723913 0.00150873
950000 1.50111 -0.0123408 0.00148093
951000 1.45726 -0.00774335 0.00144194
952000 1.51533 -0.00707954 0.00149459
953000 1.50051 -0.00535416 0.00148262
954000 1.49781 -0.00457749 0.00147795
955000 1.47734 -0.00774119 0.00146135
956000 1.54176 -0.00524357 0.00152312
957000 1.4917 -0.0099437 0.00146975
958000 1.49225 -0.0079528 0.00147463
959000 1.50404 -0.011898 0.00148209
960000 1.48236 -0.00813702 0.00146354
961000 1.52522 -0.00546429 0.00150784
962000 1.47521 -0.00416139 0.00145841
963000 1.52039 -0.00666131 0.00150416
964000 1.49961 -0.00525576 0.00148331
965000 1.51954 -0.00400049 0.00149868
966000 1.48943 -0.00611845 0.00147107
967000 1.47023 -0.00892193 0.00144895
968000 1.52273 -0.00556366 0.00150402
969000 1.49176 -0.00439578 0.00147457
970000 1.5349 -0.00363154 0.00151898
971000 1.46216 -0.00459178 0.00144552
972000 1.45631 -0.00383276 0.00143782
973000 1.51181 -0.00514789 0.0014974
974000 1.48694 -0.00530555 0.00146881
975000 1.48397 -0.00678362 0.00146288
976000 1.51308 -0.00788274 0.00149446
977000 1.48091 -0.00681225 0.0014651
978000 1.47948 -0.00357497 0.00146424
979000 1.54861 -0.00615572 0.00152996
980000 1.54315 -0.00301258 0.0015227
981000 1.44768 -0.00688532 0.00143317
982000 1.52488 -0.00749405 0.00150092
983000 1.53439 -0.00703795 0.00151637
984000 1.50983 -0.00707793 0.00148838
985000 1.50033 -0.00917875 0.00147759
986000 1.49647 -0.00278746 0.00147843
987000 1.50918 -0.00749549 0.00149331
988000 1.5093 -0.00576047 0.00149524
989000 1.51728 -0.0057013 0.00150136
990000 1.44215 -0.00334902 0.00142392
991000 1.50614 -0.00849733 0.00148539
992000 1.52602 -0.00518559 0.001513
993000 1.53749 -0.00494346 0.00152119
994000 1.50027 -0.00738125 0.00148099
995000 1.50367 -0.00567677 0.00148364
996000 1.45905 -0.00225776 0.00144037
997000 1.51438 -0.00402406 0.00150724
998000 1.49841 -0.0054877 0.00148311
999000 1.52448 -0.00260775 0.00150642
1000000 1.49802 -0.00522272 0.00147729
