# Time-averaged data for fix 2
# TimeStep v_Temperature v_PotentialEnergy v_Pressure
1000 1.58189 -0.670112 0.129499
2000 1.57129 -0.668352 0.126416
3000 1.64742 -0.66563 0.141624
4000 1.58499 -0.675998 0.133013
5000 1.62585 -0.739257 0.134571
6000 1.60015 -0.645519 0.138258
7000 1.62262 -0.648774 0.132949
8000 1.56792 -0.663431 0.124008
9000 1.61834 -0.651979 0.136412
10000 1.61341 -0.669735 0.131822
11000 1.53022 -0.712602 0.11995
12000 1.62391 -0.74508 0.135134
13000 1.5875 -0.704656 0.125179
14000 1.52127 -0.73662 0.121583
15000 1.65182 -0.653772 0.138347
16000 1.58816 -0.70696 0.13203
17000 1.55081 -0.684731 0.124884
18000 1.62269 -0.665708 0.13447
19000 1.62513 -0.690049 0.132998
20000 1.57568 -0.697344 0.130843
21000 1.63387 -0.682779 0.134712
22000 1.60457 -0.676651 0.132088
23000 1.5721 -0.746726 0.122384
24000 1.5988 -0.755689 0.134624
25000 1.5703 -0.697705 0.126152
26000 1.5816 -0.648074 0.128667
27000 1.64547 -0.725198 0.132976
28000 1.52238 -0.729265 0.120117
29000 1.62343 -0.705761 0.128153
30000 1.61982 -0.665497 0.138802
31000 1.60907 -0.703805 0.136508
32000 1.64254 -0.685612 0.134551
33000 1.5812 -0.676383 0.125958
34000 1.63199 -0.671948 0.140921
35000 1.5724 -0.722918 0.125191
36000 1.59174 -0.695242 0.128014
37000 1.5976 -0.650947 0.138859
38000 1.65501 -0.725599 0.138747
39000 1.61827 -0.671841 0.131087
40000 1.55565 -0.736585 0.118591
41000 1.63987 -0.667271 0.138957
42000 1.60775 -0.66302 0.138642
43000 1.54268 -0.700538 0.125117
44000 1.60926 -0.741067 0.128215
45000 1.59826 -0.713845 0.130034
46000 1.61491 -0.732192 0.133435
47000 1.54567 -0.777366 0.125854
48000 1.66757 -0.76305 0.134472
49000 1.58715 -0.689899 0.125677
50000 1.55746 -0.694117 0.129175
51000 1.63363 -0.675143 0.136369
52000 1.59971 -0.678891 0.131023
53000 1.65025 -0.686513 0.136247
54000 1.6074 -0.749747 0.122236
55000 1.60041 -0.674786 0.133997
56000 1.59541 -0.745608 0.131436
57000 1.61385 -0.693848 0.128974
58000 1.65389 -0.655272 0.142749
59000 1.58041 -0.761874 0.124352
60000 1.58137 -0.713464 0.122734
61000 1.62247 -0.690757 0.133921
62000 1.59681 -0.667934 0.130662
63000 1.61969 -0.696085 0.133561
64000 1.6201 -0.702082 0.12994
65000 1.56517 -0.754219 0.119538
66000 1.62787 -0.724174 0.134828
67000 1.62909 -0.650206 0.14295
68000 1.59197 -0.677762 0.128264
69000 1.61013 -0.760773 0.12904
70000 1.617 -0.625938 0.137847
71000 1.57028 -0.68844 0.122711
72000 1.59376 -0.748348 0.129179
73000 1.5806 -0.805094 0.124598
74000 1.59316 -0.718114 0.133819
75000 1.601 -0.633535 0.137353
76000 1.60235 -0.635797 0.136156
77000 1.61604 -0.736597 0.130587
78000 1.57651 -0.723667 0.128949
79000 1.58792 -0.670233 0.135437
80000 1.63349 -0.702993 0.136092
81000 1.59791 -0.707687 0.129091
82000 1.62858 -0.688751 0.131954
83000 1.61849 -0.684789 0.126493
84000 1.61011 -0.680897 0.128974
85000 1.55125 -0.693627 0.124837
86000 1.58561 -0.651633 0.13502
87000 1.62602 -0.679357 0.135344
88000 1.61235 -0.705189 0.134405
89000 1.63797 -0.648652 0.139343
90000 1.64497 -0.679509 0.139128
91000 1.53636 -0.673486 0.125759
92000 1.58864 -0.673006 0.126082
93000 1.60716 -0.648537 0.139089
94000 1.56548 -0.716227 0.128519
95000 1.61931 -0.685735 0.130728
96000 1.59653 -0.735725 0.131722
97000 1.53763 -0.703385 0.120911
98000 1.59464 -0.718894 0.128509
99000 1.653 -0.643077 0.140174
100000 1.60175 -0.636752 0.125374
101000 1.53479 -0.737341 0.120112
102000 1.61174 -0.665205 0.137663
103000 1.54131 -0.696437 0.125172
104000 1.62805 -0.682463 0.131255
105000 1.59255 -0.672688 0.131417
106000 1.65241 -0.705834 0.13391
107000 1.58487 -0.743074 0.124968
108000 1.56223 -0.799258 0.126217
109000 1.61263 -0.726832 0.134043
110000 1.62583 -0.691315 0.132405
111000 1.618 -0.6985 0.135356
112000 1.56043 -0.697327 0.12787
113000 1.58867 -0.687923 0.130047
114000 1.58569 -0.650038 0.132289
115000 1.61922 -0.673688 0.134934
116000 1.60166 -0.714815 0.126814
117000 1.65075 -0.660284 0.131102
118000 1.56834 -0.711363 0.120286
119000 1.58196 -0.69385 0.135023
120000 1.59839 -0.715288 0.129795
121000 1.608 -0.669469 0.135309
122000 1.60732 -0.620279 0.133184
123000 1.6567 -0.699256 0.141629
124000 1.59567 -0.642877 0.132669
125000 1.59468 -0.686766 0.127843
126000 1.58388 -0.694656 0.12742
127000 1.63888 -0.727376 0.136686
128000 1.61885 -0.677477 0.131069
129000 1.61662 -0.676728 0.137544
130000 1.62881 -0.621294 0.139027
131000 1.59216 -0.698544 0.131722
132000 1.61525 -0.738046 0.128563
133000 1.64386 -0.676274 0.134934
134000 1.56655 -0.705322 0.126344
135000 1.55572 -0.704544 0.127183
136000 1.62666 -0.675834 0.136
137000 1.56618 -0.732692 0.122594
138000 1.5367 -0.677878 0.123891
139000 1.60404 -0.668352 0.128145
140000 1.60479 -0.739129 0.131847
141000 1.6437 -0.671375 0.135046
142000 1.56122 -0.69738 0.127817
143000 1.62353 -0.702917 0.13779
144000 1.56941 -0.705472 0.132181
145000 1.57217 -0.701071 0.12642
146000 1.58145 -0.777711 0.12624
147000 1.57919 -0.726621 0.124857
148000 1.61997 -0.720736 0.127928
149000 1.55235 -0.714507 0.128126
150000 1.63591 -0.656813 0.136004
151000 1.64027 -0.692285 0.136414
152000 1.65159 -0.71781 0.135931
153000 1.5734 -0.689352 0.127183
154000 1.62746 -0.701435 0.133241
155000 1.62797 -0.6587 0.133778
156000 1.58825 -0.757335 0.131311
157000 1.59872 -0.670007 0.134383
158000 1.64927 -0.639747 0.138498
159000 1.59517 -0.65304 0.132115
160000 1.60828 -0.711713 0.130394
161000 1.61642 -0.72739 0.133395
162000 1.61584 -0.72052 0.132232
163000 1.59295 -0.705466 0.125944
164000 1.60288 -0.670147 0.127733
165000 1.61909 -0.706787 0.133376
166000 1.54997 -0.680251 0.128606
167000 1.66414 -0.666854 0.1421
168000 1.59692 -0.665774 0.130641
169000 1.61 -0.638641 0.137645
170000 1.59602 -0.687209 0.135171
171000 1.60964 -0.657584 0.130071
172000 1.58719 -0.71023 0.129847
173000 1.61302 -0.659452 0.13486
174000 1.56489 -0.716566 0.130541
175000 1.60139 -0.721436 0.126488
176000 1.61474 -0.689684 0.128655
177000 1.61067 -0.699233 0.135201
178000 1.56659 -0.694926 0.129742
179000 1.57341 -0.756907 0.131625
180000 1.60887 -0.750963 0.129434
181000 1.59711 -0.632813 0.136135
182000 1.55771 -0.714588 0.12457
183000 1.65981 -0.657923 0.143754
184000 1.61017 -0.703135 0.133677
185000 1.62301 -0.694643 0.133015
186000 1.59473 -0.703802 0.128666
187000 1.60697 -0.715549 0.132067
188000 1.6528 -0.683874 0.143929
189000 1.54536 -0.668838 0.124869
190000 1.61757 -0.649547 0.132164
191000 1.61532 -0.636642 0.14102
192000 1.58425 -0.681926 0.129522
193000 1.5911 -0.716305 0.128592
194000 1.5863 -0.660052 0.131443
195000 1.62365 -0.646023 0.141315
196000 1.64944 -0.647332 0.142064
197000 1.61906 -0.695398 0.136262
198000 1.62021 -0.664462 0.125856
199000 1.63004 -0.687573 0.134478
200000 1.55018 -0.682108 0.12859
201000 1.59154 -0.640023 0.134878
202000 1.58088 -0.673864 0.132179
203000 1.58787 -0.696242 0.128052
204000 1.6094 -0.722632 0.134249
205000 1.58382 -0.726351 0.120427
206000 1.63355 -0.736115 0.129054
207000 1.57196 -0.660956 0.125506
208000 1.64359 -0.65132 0.136173
209000 1.60135 -0.683476 0.132753
210000 1.57072 -0.668815 0.130571
211000 1.61339 -0.722723 0.12849
212000 1.56326 -0.683504 0.129856
213000 1.61736 -0.693352 0.132443
214000 1.62484 -0.695113 0.134748
215000 1.61354 -0.68305 0.136834
216000 1.59 -0.637408 0.126248
217000 1.62214 -0.668538 0.134412
218000 1.60412 -0.669803 0.142986
219000 1.58432 -0.685648 0.128728
220000 1.5997 -0.620237 0.135254
221000 1.60009 -0.660012 0.128188
222000 1.625 -0.638179 0.135771
223000 1.62407 -0.695181 0.133603
224000 1.59984 -0.710919 0.134048
225000 1.65837 -0.716362 0.140322
226000 1.56153 -0.712881 0.125614
227000 1.59628 -0.696043 0.130736
228000 1.60007 -0.665395 0.135526
229000 1.64025 -0.669201 0.134739
230000 1.53752 -0.745055 0.126049
231000 1.6493 -0.647615 0.131792
232000 1.62098 -0.657275 0.137055
233000 1.61278 -0.718155 0.132644
234000 1.55336 -0.695992 0.130752
235000 1.59383 -0.654283 0.131277
236000 1.56436 -0.667439 0.130856
237000 1.60723 -0.676093 0.12614
238000 1.61838 -0.674644 0.141077
239000 1.61558 -0.662519 0.134922
240000 1.55255 -0.714544 0.127024
241000 1.57956 -0.701594 0.127886
242000 1.55215 -0.649686 0.13057
243000 1.58872 -0.639713 0.127428
244000 1.60323 -0.741498 0.127183
245000 1.57531 -0.70828 0.123597
246000 1.55911 -0.710999 0.130405
247000 1.60759 -0.704087 0.130856
248000 1.61651 -0.680798 0.13857
249000 1.61531 -0.694831 0.134469
250000 1.60245 -0.660079 0.128803
251000 1.58833 -0.625281 0.13373
252000 1.57434 -0.718831 0.121055
253000 1.62226 -0.694843 0.126995
254000 1.59744 -0.6749 0.122221
255000 1.57195 -0.727541 0.127631
256000 1.58385 -0.649107 0.129001
257000 1.59999 -0.701048 0.128449
258000 1.61937 -0.640113 0.13079
259000 1.60046 -0.727373 0.132508
260000 1.59211 -0.69114 0.126171
261000 1.6492 -0.629728 0.140918
262000 1.55259 -0.788223 0.125374
263000 1.58087 -0.618676 0.133136
264000 1.62271 -0.620704 0.145108
265000 1.57033 -0.672583 0.12341
266000 1.57454 -0.733269 0.121535
267000 1.66117 -0.725019 0.13444
268000 1.57764 -0.725615 0.126251
269000 1.58244 -0.672602 0.132676
270000 1.58077 -0.671559 0.130753
271000 1.63588 -0.644952 0.137668
272000 1.54759 -0.660386 0.130903
273000 1.61004 -0.703694 0.132237
274000 1.55902 -0.737312 0.123651
275000 1.66012 -0.723202 0.13275
276000 1.58441 -0.706431 0.133506
277000 1.60337 -0.66026 0.137261
278000 1.60767 -0.696186 0.131544
279000 1.57619 -0.711376 0.13426
280000 1.55911 -0.731661 0.133562
281000 1.60515 -0.65246 0.13103
282000 1.56857 -0.745865 0.121767
283000 1.64147 -0.669021 0.135886
284000 1.58445 -0.665235 0.128239
285000 1.58579 -0.792337 0.126846
286000 1.57126 -0.752344 0.12686
287000 1.59855 -0.702148 0.130223
288000 1.55405 -0.708566 0.123803
289000 1.61283 -0.681678 0.138833
290000 1.58234 -0.73463 0.128513
291000 1.62855 -0.686153 0.134055
292000 1.64023 -0.772141 0.13155
293000 1.59987 -0.746721 0.124601
294000 1.57983 -0.679427 0.124514
295000 1.6431 -0.722171 0.134398
296000 1.60025 -0.686013 0.132365
297000 1.54519 -0.745816 0.123135
298000 1.58929 -0.719342 0.128437
299000 1.61438 -0.662619 0.12854
300000 1.61276 -0.70525 0.131334
301000 1.5935 -0.691643 0.135421
302000 1.59365 -0.683471 0.134048
303000 1.61916 -0.671433 0.13251
304000 1.61786 -0.721888 0.13259
305000 1.5789 -0.708991 0.128667
306000 1.61419 -0.683926 0.136155
307000 1.58797 -0.707521 0.132928
308000 1.60711 -0.649705 0.13377
309000 1.63896 -0.680581 0.136657
310000 1.55365 -0.665109 0.124032
311000 1.62959 -0.656284 0.135742
312000 1.60701 -0.634923 0.137515
313000 1.6393 -0.692747 0.134978
314000 1.53953 -0.722596 0.117708
315000 1.57324 -0.677318 0.131148
316000 1.57133 -0.670352 0.130298
317000 1.53447 -0.71542 0.123853
318000 1.6072 -0.64192 0.132117
319000 1.63232 -0.73172 0.129123
320000 1.62415 -0.747364 0.136451
321000 1.61248 -0.664617 0.13864
322000 1.61901 -0.673001 0.138448
323000 1.59705 -0.698113 0.127533
324000 1.55705 -0.65387 0.123947
325000 1.57691 -0.704163 0.128997
326000 1.64002 -0.667846 0.135992
327000 1.5949 -0.68913 0.134124
328000 1.58106 -0.657349 0.12786
329000 1.59422 -0.732514 0.134334
330000 1.59601 -0.784953 0.127551
331000 1.56694 -0.737694 0.122306
332000 1.64426 -0.666847 0.136762
333000 1.6484 -0.646432 0.138606
334000 1.55415 -0.667843 0.125542
335000 1.57284 -0.692616 0.126523
336000 1.56734 -0.727651 0.115577
337000 1.60169 -0.70336 0.127586
338000 1.53985 -0.680952 0.133028
339000 1.5976 -0.692615 0.139443
340000 1.5881 -0.753798 0.123859
341000 1.64174 -0.71696 0.132055
342000 1.62602 -0.70898 0.130973
343000 1.59509 -0.674614 0.134925
344000 1.63894 -0.694472 0.13102
345000 1.55051 -0.704988 0.123416
346000 1.63046 -0.677389 0.137273
347000 1.6544 -0.672915 0.135356
348000 1.58085 -0.677772 0.129795
349000 1.66329 -0.825581 0.134057
350000 1.5846 -0.721813 0.129483
351000 1.59243 -0.75954 0.123136
352000 1.61383 -0.670442 0.132465
353000 1.61863 -0.736343 0.134654
354000 1.66698 -0.732696 0.138574
355000 1.55055 -0.668118 0.132176
356000 1.64216 -0.714613 0.135169
357000 1.57031 -0.755921 0.12863
358000 1.62825 -0.690451 0.133831
359000 1.55706 -0.716262 0.128103
360000 1.60353 -0.652764 0.131118
361000 1.57481 -0.680714 0.126193
362000 1.60975 -0.635768 0.140514
363000 1.5579 -0.667018 0.124269
364000 1.53969 -0.701348 0.119945
365000 1.63191 -0.732219 0.129328
366000 1.54964 -0.640056 0.122965
367000 1.65513 -0.617178 0.139581
368000 1.59864 -0.691075 0.136047
369000 1.56672 -0.717146 0.129797
370000 1.61835 -0.772392 0.131351
371000 1.57935 -0.694525 0.13276
372000 1.64369 -0.647518 0.141384
373000 1.54997 -0.710553 0.131228
374000 1.63252 -0.662749 0.131782
375000 1.59075 -0.666109 0.128375
376000 1.65358 -0.664628 0.13578
377000 1.63303 -0.644551 0.140854
378000 1.57629 -0.686893 0.130904
379000 1.53456 -0.660154 0.12839
380000 1.59775 -0.70654 0.132235
381000 1.60747 -0.695965 0.131365
382000 1.5917 -0.662534 0.125395
383000 1.56281 -0.688983 0.130095
384000 1.60879 -0.65805 0.12841
385000 1.65353 -0.717152 0.134243
386000 1.56723 -0.719164 0.122304
387000 1.55286 -0.725457 0.126249
388000 1.62199 -0.728871 0.131238
389000 1.58962 -0.711543 0.130129
390000 1.57794 -0.672169 0.129751
391000 1.57669 -0.704722 0.128158
392000 1.60221 -0.677122 0.125229
393000 1.62202 -0.642908 0.13128
394000 1.59521 -0.672518 0.123869
395000 1.59077 -0.692206 0.130982
396000 1.56453 -0.660037 0.123763
397000 1.64416 -0.741971 0.129212
398000 1.59373 -0.678672 0.132189
399000 1.59458 -0.632352 0.136389
400000 1.55491 -0.673895 0.125978
401000 1.57458 -0.693 0.125541
402000 1.58366 -0.705591 0.125904
403000 1.61012 -0.793615 0.128754
404000 1.61999 -0.701758 0.130282
405000 1.60743 -0.718018 0.128691
406000 1.64792 -0.706566 0.133313
407000 1.55859 -0.696185 0.121481
408000 1.55196 -0.658449 0.126629
409000 1.59476 -0.643361 0.130318
410000 1.6625 -0.653626 0.139614
411000 1.61061 -0.684895 0.131543
412000 1.56214 -0.733994 0.135373
413000 1.65135 -0.676586 0.13923
414000 1.55982 -0.715326 0.120058
415000 1.64951 -0.717888 0.132409
416000 1.66322 -0.696807 0.136482
417000 1.54054 -0.701535 0.123094
418000 1.56619 -0.685805 0.126938
419000 1.56731 -0.726102 0.123403
420000 1.58334 -0.72735 0.131743
421000 1.6067 -0.713256 0.124807
422000 1.61763 -0.728032 0.135313
423000 1.60628 -0.664154 0.136715
424000 1.54315 -0.686041 0.124915
425000 1.6386 -0.643524 0.140056
426000 1.57679 -0.721215 0.128906
427000 1.57179 -0.665057 0.129737
428000 1.66658 -0.728529 0.137987
429000 1.64186 -0.695198 0.137032
430000 1.59512 -0.699329 0.135228
431000 1.60857 -0.693991 0.13338
432000 1.61874 -0.659707 0.13225
433000 1.61527 -0.667108 0.130387
434000 1.5493 -0.663292 0.124633
435000 1.59858 -0.689957 0.130706
436000 1.61427 -0.677444 0.135496
437000 1.5658 -0.66967 0.131452
438000 1.56943 -0.671673 0.132796
439000 1.58002 -0.701998 0.126723
440000 1.57569 -0.668512 0.132117
441000 1.59241 -0.683675 0.130942
442000 1.62155 -0.627446 0.137824
443000 1.58691 -0.679357 0.130211
444000 1.55281 -0.675313 0.126456
445000 1.53995 -0.725168 0.122757
446000 1.65409 -0.717777 0.13887
447000 1.59989 -0.726804 0.128709
448000 1.57046 -0.728985 0.133645
449000 1.59825 -0.658657 0.134728
450000 1.5392 -0.801362 0.120782
451000 1.6098 -0.748229 0.127583
452000 1.63765 -0.72872 0.134242
453000 1.60537 -0.689122 0.128362
454000 1.58726 -0.654997 0.13616
455000 1.62123 -0.694516 0.138134
456000 1.61549 -0.720361 0.129066
457000 1.57175 -0.644025 0.13232
458000 1.57393 -0.666785 0.128404
459000 1.62504 -0.661521 0.135408
460000 1.57672 -0.717031 0.135185
461000 1.59356 -0.687428 0.131512
462000 1.62293 -0.665716 0.135542
463000 1.59223 -0.737575 0.134351
464000 1.6372 -0.736392 0.132627
465000 1.57645 -0.712733 0.127926
466000 1.57907 -0.683355 0.132582
467000 1.55376 -0.678947 0.123359
468000 1.54721 -0.648812 0.127468
469000 1.61765 -0.609282 0.137374
470000 1.59377 -0.711398 0.135559
471000 1.59181 -0.739053 0.124915
472000 1.65949 -0.746367 0.14329
473000 1.58428 -0.720737 0.127519
474000 1.57668 -0.682924 0.125531
475000 1.5909 -0.674073 0.134922
476000 1.59825 -0.681538 0.131828
477000 1.61871 -0.656399 0.135937
478000 1.5934 -0.637892 0.133798
479000 1.64581 -0.699937 0.132158
480000 1.56553 -0.71241 0.119437
481000 1.65282 -0.666925 0.143234
482000 1.63228 -0.66892 0.131295
483000 1.57695 -0.712731 0.125254
484000 1.67144 -0.66945 0.137253
485000 1.58996 -0.660518 0.127047
486000 1.62538 -0.692267 0.135762
487000 1.55053 -0.751026 0.127241
488000 1.5889 -0.701914 0.13185
489000 1.60224 -0.653771 0.132101
490000 1.60819 -0.722455 0.133226
491000 1.63512 -0.72974 0.132035
492000 1.58402 -0.707362 0.125555
493000 1.537 -0.681406 0.126058
494000 1.62426 -0.697636 0.13712
495000 1.60384 -0.736339 0.124042
496000 1.62006 -0.711796 0.133436
497000 1.55324 -0.62802 0.129234
498000 1.61205 -0.672652 0.133599
499000 1.65034 -0.70206 0.138437
500000 1.62669 -0.671037 0.133406
501000 1.56397 -0.667487 0.131455
502000 1.63737 -0.691887 0.134152
503000 1.59044 -0.701606 0.129167
504000 1.66037 -0.633301 0.135705
505000 1.61467 -0.693638 0.131295
506000 1.54871 -0.705095 0.129888
507000 1.52889 -0.673929 0.124468
508000 1.62622 -0.692887 0.133256
509000 1.63339 -0.662807 0.131625
510000 1.65118 -0.676804 0.13904
511000 1.55343 -0.735738 0.122775
512000 1.60566 -0.695643 0.131359
513000 1.62108 -0.658419 0.134943
514000 1.61113 -0.650824 0.135892
515000 1.65406 -0.698903 0.132534
516000 1.56493 -0.706233 0.124208
517000 1.557 -0.66273 0.126406
518000 1.62829 -0.662779 0.132579
519000 1.5997 -0.676767 0.134538
520000 1.63949 -0.659316 0.140612
521000 1.55439 -0.758632 0.119178
522000 1.58977 -0.744384 0.127161
523000 1.59802 -0.679385 0.132447
524000 1.58531 -0.637053 0.136721
525000 1.63768 -0.670307 0.134117
526000 1.56926 -0.683753 0.129024
527000 1.56812 -0.70536 0.128369
528000 1.62932 -0.73677 0.126749
529000 1.52827 -0.681778 0.118087
530000 1.61836 -0.669027 0.134186
531000 1.55279 -0.656272 0.129395
532000 1.59131 -0.671548 0.135797
533000 1.56669 -0.683552 0.125059
534000 1.60486 -0.670798 0.128155
535000 1.62239 -0.660505 0.135807
536000 1.59639 -0.677745 0.135421
537000 1.55961 -0.723726 0.124376
538000 1.59449 -0.697023 0.129833
539000 1.63882 -0.721932 0.142069
540000 1.60352 -0.680263 0.126247
541000 1.56766 -0.648522 0.134892
542000 1.63979 -0.700654 0.132207
543000 1.58706 -0.698546 0.127914
544000 1.65814 -0.729191 0.133555
545000 1.58487 -0.633685 0.130731
546000 1.54319 -0.670254 0.12392
547000 1.59124 -0.635282 0.131913
548000 1.61117 -0.699854 0.132911
549000 1.60876 -0.675125 0.125069
550000 1.59976 -0.712687 0.126256
551000 1.59764 -0.693992 0.125392
552000 1.66158 -0.691961 0.141824
553000 1.55386 -0.703356 0.120728
554000 1.59222 -0.660787 0.132627
555000 1.65314 -0.749266 0.137006
556000 1.59364 -0.720793 0.127172
557000 1.61304 -0.653571 0.136017
558000 1.60159 -0.665933 0.131843
559000 1.60206 -0.71619 0.130967
560000 1.60239 -0.736784 0.130343
561000 1.58487 -0.739657 0.123098
562000 1.61622 -0.65464 0.133767
563000 1.58946 -0.712692 0.124928
564000 1.57829 -0.673166 0.12847
565000 1.57449 -0.706584 0.129398
566000 1.64803 -0.696967 0.1292
567000 1.5969 -0.712076 0.129977
568000 1.65033 -0.672924 0.138211
569000 1.56573 -0.712296 0.127327
570000 1.58818 -0.715303 0.127218
571000 1.58385 -0.734372 0.132315
572000 1.57753 -0.764572 0.126535
573000 1.54905 -0.715862 0.126338
574000 1.60568 -0.668606 0.137179
575000 1.58816 -0.694603 0.125309
576000 1.61469 -0.674093 0.13785
577000 1.62134 -0.642271 0.132747
578000 1.5819 -0.679971 0.133967
579000 1.60532 -0.675673 0.131035
580000 1.63298 -0.696349 0.13568
581000 1.60115 -0.699022 0.124301
582000 1.57621 -0.724339 0.128333
583000 1.5625 -0.672493 0.128832
584000 1.59163 -0.660212 0.133879
585000 1.56175 -0.724042 0.124203
586000 1.6023 -0.762272 0.13429
587000 1.57937 -0.646619 0.131579
588000 1.56981 -0.658579 0.130201
589000 1.65767 -0.714574 0.132708
590000 1.55097 -0.690172 0.127825
591000 1.65379 -0.677199 0.14697
592000 1.6056 -0.732801 0.127418
593000 1.64641 -0.651797 0.134679
594000 1.5298 -0.729535 0.121585
595000 1.56902 -0.686158 0.126249
596000 1.5832 -0.692643 0.129241
597000 1.63053 -0.687976 0.133557
598000 1.60853 -0.681354 0.131697
599000 1.6082 -0.675496 0.132462
600000 1.56217 -0.747635 0.122962
601000 1.56104 -0.773913 0.124532
602000 1.61595 -0.745912 0.133655
603000 1.65489 -0.695596 0.1383
604000 1.6101 -0.646917 0.135381
605000 1.626 -0.649705 0.131685
606000 1.56717 -0.71733 0.127962
607000 1.60368 -0.738479 0.135355
608000 1.54931 -0.687334 0.125178
609000 1.65426 -0.651023 0.143151
610000 1.61123 -0.634281 0.141532
611000 1.63961 -0.664364 0.130698
612000 1.57166 -0.728356 0.123241
613000 1.57923 -0.675783 0.130347
614000 1.6077 -0.683908 0.133744
615000 1.64802 -0.745009 0.132107
616000 1.53674 -0.677658 0.130271
617000 1.62953 -0.719886 0.133148
618000 1.60697 -0.715051 0.13375
619000 1.63939 -0.722608 0.130477
620000 1.57587 -0.696733 0.128516
621000 1.65297 -0.655566 0.138799
622000 1.59768 -0.657167 0.131364
623000 1.62873 -0.65063 0.135279
624000 1.6198 -0.687695 0.131158
625000 1.58404 -0.734178 0.126208
626000 1.62012 -0.721684 0.128984
627000 1.61251 -0.708306 0.129787
628000 1.61787 -0.69948 0.131179
629000 1.60364 -0.670575 0.131148
630000 1.63447 -0.690236 0.133729
631000 1.56289 -0.711531 0.125691
632000 1.62823 -0.758182 0.12958
633000 1.59166 -0.721189 0.128631
634000 1.64973 -0.680062 0.140004
635000 1.53907 -0.742057 0.121913
636000 1.58148 -0.652805 0.130482
637000 1.62161 -0.660367 0.141133
638000 1.56622 -0.783942 0.125203
639000 1.59106 -0.736674 0.125346
640000 1.63988 -0.654585 0.133812
641000 1.53536 -0.688071 0.120411
642000 1.58559 -0.714915 0.125751
643000 1.57391 -0.745436 0.123995
644000 1.57849 -0.630852 0.132336
645000 1.58647 -0.690552 0.121161
646000 1.63885 -0.721571 0.135141
647000 1.57957 -0.716981 0.125705
648000 1.62441 -0.694877 0.12804
649000 1.63197 -0.636889 0.142139
650000 1.62535 -0.649346 0.135796
651000 1.61278 -0.663631 0.129924
652000 1.56193 -0.736342 0.129816
653000 1.64012 -0.703924 0.13465
654000 1.55992 -0.678058 0.128252
655000 1.64051 -0.699884 0.133657
656000 1.55949 -0.619666 0.129511
657000 1.62783 -0.682998 0.131729
658000 1.55408 -0.658076 0.125863
659000 1.64878 -0.660729 0.14045
660000 1.59575 -0.663782 0.133403
661000 1.62324 -0.685871 0.13413
662000 1.64203 -0.680049 0.134853
663000 1.58873 -0.690218 0.125202
664000 1.58731 -0.630606 0.133105
665000 1.56763 -0.707214 0.121447
666000 1.5621 -0.695478 0.126555
667000 1.6278 -0.724686 0.132148
668000 1.63763 -0.693805 0.136982
669000 1.63422 -0.660879 0.142696
670000 1.59347 -0.696265 0.130663
671000 1.59727 -0.65851 0.134162
672000 1.57647 -0.717451 0.124654
673000 1.60396 -0.656401 0.132291
674000 1.5789 -0.734183 0.125471
675000 1.57084 -0.71348 0.123291
676000 1.64377 -0.727428 0.136854
677000 1.64499 -0.644039 0.135184
678000 1.59748 -0.674723 0.132782
679000 1.59685 -0.690839 0.129386
680000 1.60358 -0.70059 0.129961
681000 1.58933 -0.655219 0.135929
682000 1.58602 -0.630688 0.134074
683000 1.63944 -0.628988 0.141331
684000 1.60174 -0.638431 0.137925
685000 1.55032 -0.683426 0.121497
686000 1.64679 -0.645761 0.136345
687000 1.58112 -0.695469 0.126616
688000 1.58057 -0.665015 0.135349
689000 1.57431 -0.630097 0.129874
690000 1.60275 -0.691092 0.12858
691000 1.64243 -0.728147 0.136486
692000 1.58881 -0.697308 0.128322
693000 1.57807 -0.809561 0.123913
694000 1.64077 -0.725692 0.134348
695000 1.61749 -0.638809 0.140433
696000 1.63467 -0.642974 0.136308
697000 1.52896 -0.658563 0.12407
698000 1.63806 -0.666646 0.133971
699000 1.63181 -0.682221 0.137651
700000 1.65249 -0.643295 0.136663
701000 1.59268 -0.688983 0.129607
702000 1.57888 -0.749159 0.124574
703000 1.59438 -0.755412 0.130648
704000 1.64364 -0.659352 0.13962
705000 1.54997 -0.690292 0.12553
706000 1.61255 -0.700953 0.131429
707000 1.58254 -0.694761 0.126194
708000 1.60246 -0.624228 0.132703
709000 1.61627 -0.629244 0.13429
710000 1.58138 -0.751752 0.12785
711000 1.6508 -0.712286 0.135499
712000 1.60537 -0.673476 0.136567
713000 1.61952 -0.702966 0.132731
714000 1.60644 -0.712123 0.128718
715000 1.59557 -0.626283 0.135251
716000 1.56316 -0.674185 0.12354
717000 1.61609 -0.667432 0.137465
718000 1.65787 -0.651566 0.139201
719000 1.56828 -0.656854 0.130074
720000 1.60791 -0.709687 0.137054
721000 1.63778 -0.727652 0.141403
722000 1.58348 -0.692614 0.128167
723000 1.65051 -0.639114 0.137688
724000 1.58699 -0.684329 0.125394
725000 1.57877 -0.733655 0.12667
726000 1.58634 -0.729875 0.126438
727000 1.58178 -0.682231 0.130672
728000 1.62355 -0.686227 0.135097
729000 1.60059 -0.633635 0.140417
730000 1.58741 -0.71579 0.130681
731000 1.59474 -0.649076 0.137949
732000 1.58812 -0.719971 0.128148
733000 1.5956 -0.716851 0.128838
734000 1.56197 -0.711201 0.123233
735000 1.65186 -0.711247 0.13522
736000 1.63106 -0.692932 0.138833
737000 1.61045 -0.677732 0.130847
738000 1.59539 -0.650433 0.133262
739000 1.6262 -0.702511 0.138253
740000 1.6213 -0.670688 0.129033
741000 1.56196 -0.660821 0.126106
742000 1.60922 -0.658253 0.127636
743000 1.62109 -0.63453 0.137692
744000 1.58585 -0.681317 0.133611
745000 1.56423 -0.694068 0.132369
746000 1.59289 -0.684812 0.129924
747000 1.58975 -0.719633 0.128759
748000 1.61205 -0.706677 0.130661
749000 1.59223 -0.733679 0.124477
750000 1.54868 -0.763617 0.118114
751000 1.6369 -0.683164 0.136599
752000 1.65474 -0.653566 0.13647
753000 1.58066 -0.648883 0.129624
754000 1.60192 -0.667409 0.136318
755000 1.57094 -0.668289 0.131762
756000 1.59191 -0.678817 0.126177
757000 1.61 -0.721872 0.125603
758000 1.63628 -0.71801 0.132935
759000 1.62959 -0.683312 0.134879
760000 1.57492 -0.691306 0.13167
761000 1.64187 -0.663074 0.13724
762000 1.61263 -0.704134 0.129672
763000 1.54366 -0.720955 0.121745
764000 1.59142 -0.722438 0.127386
765000 1.58719 -0.794673 0.127794
766000 1.58441 -0.661755 0.13041
767000 1.56428 -0.699518 0.128596
768000 1.5423 -0.671681 0.125614
769000 1.58555 -0.6621 0.132346
770000 1.64149 -0.678502 0.135593
771000 1.57603 -0.755037 0.127784
772000 1.60781 -0.649662 0.1391
773000 1.54705 -0.749093 0.120223
774000 1.57498 -0.683629 0.12515
775000 1.57475 -0.689971 0.127928
776000 1.61627 -0.680367 0.141145
777000 1.61865 -0.65152 0.139632
778000 1.55866 -0.722338 0.121775
779000 1.56714 -0.68952 0.129297
780000 1.60259 -0.647606 0.131764
781000 1.56901 -0.657873 0.128789
782000 1.56303 -0.677903 0.129873
783000 1.59608 -0.712442 0.129425
784000 1.62515 -0.720874 0.125329
785000 1.57432 -0.739388 0.125301
786000 1.6296 -0.693874 0.137245
787000 1.58843 -0.676529 0.12407
788000 1.65656 -0.68904 0.139606
789000 1.61577 -0.6793 0.128194
790000 1.61214 -0.648969 0.132546
791000 1.63882 -0.632844 0.139512
792000 1.56309 -0.724985 0.125308
793000 1.60088 -0.769906 0.1285
794000 1.61596 -0.64995 0.133942
795000 1.57097 -0.669533 0.136322
796000 1.54968 -0.67833 0.127006
797000 1.58582 -0.708592 0.124741
798000 1.54481 -0.756238 0.117929
799000 1.55911 -0.677202 0.12817
800000 1.63283 -0.695195 0.128176
801000 1.63218 -0.663938 0.142326
802000 1.61055 -0.691547 0.132188
803000 1.61254 -0.675308 0.130516
804000 1.60518 -0.714712 0.12928
805000 1.54891 -0.718329 0.119563
806000 1.63693 -0.689649 0.130709
807000 1.61148 -0.715004 0.128764
808000 1.58892 -0.742389 0.128953
809000 1.60115 -0.748392 0.124294
810000 1.63158 -0.699273 0.133544
811000 1.56119 -0.703091 0.131634
812000 1.56722 -0.64004 0.12494
813000 1.56162 -0.700196 0.129169
814000 1.60681 -0.658311 0.131002
815000 1.60149 -0.729527 0.131252
816000 1.65262 -0.715031 0.136224
817000 1.58279 -0.633924 0.132101
818000 1.57441 -0.694199 0.12795
819000 1.62417 -0.687771 0.139912
820000 1.6151 -0.722687 0.129894
821000 1.60269 -0.762411 0.128252
822000 1.53431 -0.731258 0.123176
823000 1.64844 -0.677931 0.142546
824000 1.62069 -0.71596 0.136163
825000 1.63543 -0.71674 0.135409
826000 1.58061 -0.654506 0.132605
827000 1.65086 -0.673469 0.148763
828000 1.62495 -0.640938 0.13647
829000 1.6082 -0.700904 0.129763
830000 1.6212 -0.70009 0.134059
831000 1.56782 -0.691865 0.126833
832000 1.63096 -0.70881 0.139458
833000 1.5944 -0.708701 0.129441
834000 1.61348 -0.680218 0.130601
835000 1.56205 -0.677625 0.128674
836000 1.61831 -0.731724 0.12811
837000 1.57921 -0.682705 0.129057
838000 1.59693 -0.681255 0.135972
839000 1.53866 -0.70914 0.121677
840000 1.67444 -0.645672 0.140293
841000 1.5861 -0.682901 0.124424
842000 1.55375 -0.692213 0.127868
843000 1.60036 -0.748723 0.130192
844000 1.57372 -0.722108 0.131517
845000 1.60786 -0.700417 0.136177
846000 1.59971 -0.684644 0.133081
847000 1.62105 -0.688268 0.129813
848000 1.59085 -0.751573 0.122794
849000 1.62951 -0.674735 0.141108
850000 1.61068 -0.710736 0.129561
851000 1.59412 -0.719086 0.125913
852000 1.61562 -0.713872 0.139827
853000 1.53246 -0.756903 0.12599
854000 1.65593 -0.683283 0.136601
855000 1.59139 -0.671461 0.130339
856000 1.57612 -0.664727 0.126173
857000 1.55738 -0.720519 0.129299
858000 1.57958 -0.666902 0.135786
859000 1.65435 -0.65456 0.138012
860000 1.574 -0.722381 0.123833
861000 1.59663 -0.723507 0.123143
862000 1.63316 -0.713841 0.134754
863000 1.62167 -0.698072 0.130857
864000 1.57862 -0.709214 0.127545
865000 1.5807 -0.611936 0.130654
866000 1.63881 -0.60789 0.134043
867000 1.62978 -0.695389 0.13352
868000 1.63294 -0.681205 0.135316
869000 1.61449 -0.685905 0.131257
870000 1.64548 -0.680391 0.133229
871000 1.6368 -0.664097 0.137001
872000 1.52684 -0.681911 0.118797
873000 1.58728 -0.704515 0.127013
874000 1.58871 -0.6988 0.126837
875000 1.63916 -0.657311 0.131276
876000 1.59422 -0.664768 0.133352
877000 1.593 -0.62161 0.128874
878000 1.5739 -0.730264 0.124361
879000 1.62397 -0.748376 0.126511
880000 1.63077 -0.73238 0.132139
881000 1.59407 -0.765125 0.126561
882000 1.57564 -0.710604 0.125479
883000 1.56575 -0.763106 0.127736
884000 1.59911 -0.726252 0.130627
885000 1.63615 -0.74506 0.137617
886000 1.58729 -0.674425 0.132805
887000 1.59193 -0.669575 0.133674
888000 1.62277 -0.65953 0.137698
889000 1.62162 -0.6904 0.134008
890000 1.61695 -0.664653 0.131377
891000 1.60315 -0.704302 0.125181
892000 1.62667 -0.729049 0.135792
893000 1.58003 -0.734846 0.127764
894000 1.61686 -0.691023 0.13567
895000 1.64037 -0.640932 0.141397
896000 1.56089 -0.717751 0.13242
897000 1.63268 -0.647143 0.132158
898000 1.59728 -0.682963 0.13321
899000 1.59441 -0.646704 0.135329
900000 1.54873 -0.670821 0.127121
901000 1.65317 -0.654144 0.141668
902000 1.62885 -0.623995 0.137222
903000 1.55137 -0.708939 0.123738
904000 1.6278 -0.700955 0.13172
905000 1.61633 -0.67157 0.135417
906000 1.58529 -0.707062 0.12686
907000 1.60356 -0.697172 0.124979
908000 1.51067 -0.754503 0.121169
909000 1.66843 -0.698424 0.137487
910000 1.55021 -0.762669 0.12214
911000 1.63027 -0.729866 0.128856
912000 1.58306 -0.69486 0.127902
913000 1.62614 -0.650562 0.138663
914000 1.60433 -0.71726 0.13479
915000 1.57681 -0.760992 0.131927
916000 1.53403 -0.790757 0.119498
917000 1.6416 -0.727937 0.135975
918000 1.57571 -0.734603 0.123725
919000 1.59851 -0.710333 0.124619
920000 1.60862 -0.738856 0.129322
921000 1.60263 -0.688639 0.127108
922000 1.59584 -0.728288 0.128921
923000 1.62888 -0.716218 0.132367
924000 1.59572 -0.678492 0.121325
925000 1.56548 -0.736444 0.12511
926000 1.64049 -0.677453 0.132795
927000 1.55968 -0.749076 0.125456
928000 1.62229 -0.712901 0.132445
929000 1.59418 -0.724816 0.132635
930000 1.62007 -0.635057 0.138893
931000 1.57711 -0.637065 0.130509
932000 1.63172 -0.709799 0.131449
933000 1.61 -0.640007 0.140344
934000 1.58917 -0.640689 0.138692
935000 1.55546 -0.715556 0.123115
936000 1.65581 -0.742615 0.131929
937000 1.558 -0.709837 0.127279
938000 1.62025 -0.752234 0.125636
939000 1.56472 -0.651076 0.127712
940000 1.60858 -0.694499 0.131286
941000 1.63335 -0.735423 0.129783
942000 1.60881 -0.718164 0.132734
943000 1.58982 -0.658214 0.134009
944000 1.55556 -0.676654 0.125877
945000 1.56231 -0.66754 0.125463
946000 1.5731 -0.71197 0.123468
947000 1.58107 -0.71923 0.129891
948000 1.61977 -0.680644 0.134326
949000 1.59629 -0.680893 0.127945
950000 1.58181 -0.691662 0.132755
951000 1.58809 -0.709771 0.133899
952000 1.63166 -0.699189 0.136983
953000 1.54363 -0.679015 0.130035
954000 1.64552 -0.647834 0.133937
955000 1.6263 -0.633885 0.140766
956000 1.57807 -0.695074 0.120908
957000 1.64267 -0.685664 0.135681
958000 1.55246 -0.687899 0.119824
959000 1.60216 -0.707945 0.131928
960000 1.56827 -0.761672 0.127473
961000 1.61676 -0.717401 0.136941
962000 1.54073 -0.773911 0.123114
963000 1.60689 -0.709057 0.132282
964000 1.57735 -0.693128 0.133706
965000 1.63054 -0.638083 0.136012
966000 1.53804 -0.692065 0.11989
967000 1.61988 -0.676027 0.13794
968000 1.58991 -0.703178 0.125079
969000 1.6097 -0.771879 0.134138
970000 1.59826 -0.749891 0.138264
971000 1.6359 -0.71121 0.136102
972000 1.63519 -0.68587 0.131121
973000 1.5265 -0.694611 0.125676
974000 1.62646 -0.665529 0.133667
975000 1.6323 -0.631824 0.138244
976000 1.56835 -0.663464 0.129905
977000 1.60547 -0.72782 0.12912
978000 1.5954 -0.710052 0.128634
979000 1.57038 -0.725719 0.12526
980000 1.61141 -0.702378 0.129219
981000 1.6086 -0.704091 0.131457
982000 1.57177 -0.735481 0.131912
983000 1.57231 -0.701512 0.128757
984000 1.59926 -0.723622 0.127953
985000 1.59947 -0.626076 0.142373
986000 1.56904 -0.659537 0.135045
987000 1.61776 -0.696716 0.140273
988000 1.61361 -0.672443 0.135632
989000 1.58607 -0.604147 0.13197
990000 1.59609 -0.638193 0.131542
991000 1.565 -0.72264 0.12068
992000 1.62592 -0.687641 0.131364
993000 1.62326 -0.724156 0.133854
994000 1.61463 -0.725424 0.130682
995000 1.60672 -0.649505 0.132581
996000 1.57998 -0.675796 0.131781
997000 1.58096 -0.710523 0.133625
998000 1.58428 -0.695922 0.130926
999000 1.57808 -0.698362 0.125701
1000000 1.58693 -0.742884 0.127024
1001000 1.57852 -0.670284 0.124593
1002000 1.55638 -0.702244 0.125256
1003000 1.66704 -0.603813 0.138546
1004000 1.64115 -0.653174 0.137365
1005000 1.59553 -0.686338 0.126662
1006000 1.61135 -0.712869 0.136479
1007000 1.61405 -0.721797 0.130392
1008000 1.55137 -0.678031 0.124138
1009000 1.61792 -0.710046 0.133896
1010000 1.59963 -0.664767 0.130508
1011000 1.60205 -0.664274 0.132224
1012000 1.59645 -0.678275 0.133199
1013000 1.62913 -0.71512 0.1362
1014000 1.65136 -0.707206 0.14193
1015000 1.58407 -0.72473 0.128318
1016000 1.59423 -0.694155 0.127937
1017000 1.61907 -0.674711 0.130028
1018000 1.6236 -0.668091 0.129787
1019000 1.53521 -0.667932 0.121505
1020000 1.5692 -0.679563 0.134265
1021000 1.62782 -0.703747 0.132152
1022000 1.5916 -0.727318 0.127806
1023000 1.59985 -0.699759 0.126428
1024000 1.64226 -0.673842 0.136852
1025000 1.53484 -0.646628 0.119614
1026000 1.59829 -0.683228 0.134888
1027000 1.56925 -0.695114 0.129668
1028000 1.57975 -0.711041 0.131194
1029000 1.60226 -0.722852 0.132919
1030000 1.62259 -0.685026 0.129747
1031000 1.59963 -0.687992 0.129432
1032000 1.61249 -0.673966 0.134127
1033000 1.64324 -0.682601 0.134362
1034000 1.57978 -0.653988 0.127042
1035000 1.61404 -0.693867 0.132893
1036000 1.5962 -0.664955 0.127173
1037000 1.54739 -0.693648 0.129656
1038000 1.6232 -0.663037 0.133507
1039000 1.58978 -0.667555 0.13555
1040000 1.62661 -0.692668 0.135676
1041000 1.57136 -0.722648 0.127334
1042000 1.57713 -0.685214 0.129541
1043000 1.67552 -0.629444 0.141852
1044000 1.56218 -0.682082 0.119194
1045000 1.59407 -0.694319 0.132451
1046000 1.64877 -0.705565 0.136707
1047000 1.57986 -0.729409 0.125629
1048000 1.62777 -0.701713 0.130956
1049000 1.59575 -0.749474 0.129018
1050000 1.57533 -0.703676 0.126405
1051000 1.66045 -0.69458 0.136926
1052000 1.61893 -0.674465 0.143089
1053000 1.65885 -0.661972 0.148555
1054000 1.59037 -0.686877 0.129198
1055000 1.59743 -0.657191 0.132378
1056000 1.65784 -0.677551 0.137678
1057000 1.54201 -0.679309 0.128269
1058000 1.6341 -0.695329 0.134105
1059000 1.63864 -0.704763 0.13429
1060000 1.5807 -0.747149 0.125877
1061000 1.59765 -0.759509 0.125087
1062000 1.60117 -0.706154 0.126537
1063000 1.633 -0.725887 0.13687
1064000 1.59674 -0.663088 0.130701
1065000 1.61497 -0.682718 0.132534
1066000 1.59202 -0.680288 0.126746
1067000 1.64209 -0.677743 0.132174
1068000 1.59335 -0.668515 0.130478
1069000 1.60534 -0.711711 0.13035
1070000 1.60013 -0.713909 0.128438
1071000 1.58261 -0.694645 0.132776
1072000 1.59884 -0.737069 0.127011
1073000 1.57808 -0.663649 0.128748
1074000 1.64035 -0.671161 0.133942
1075000 1.57707 -0.677039 0.123676
1076000 1.60326 -0.69343 0.140112
1077000 1.60182 -0.708315 0.128854
1078000 1.58057 -0.689085 0.130658
1079000 1.63209 -0.70511 0.131812
1080000 1.59654 -0.70729 0.129193
1081000 1.60987 -0.633544 0.138068
1082000 1.59505 -0.661861 0.133916
1083000 1.56572 -0.669359 0.135492
1084000 1.58535 -0.680165 0.131824
1085000 1.60099 -0.699802 0.135461
1086000 1.63221 -0.686352 0.134805
1087000 1.61534 -0.721111 0.129118
1088000 1.5264 -0.678193 0.123211
1089000 1.56419 -0.688007 0.126252
1090000 1.60421 -0.686872 0.133847
1091000 1.60434 -0.675817 0.136
1092000 1.56631 -0.654525 0.123868
1093000 1.60551 -0.709812 0.135345
1094000 1.66369 -0.629454 0.140698
1095000 1.57178 -0.706223 0.123827
1096000 1.58148 -0.720681 0.131112
1097000 1.62807 -0.672517 0.135233
1098000 1.59313 -0.661065 0.136672
1099000 1.62713 -0.69952 0.130454
1100000 1.61541 -0.732902 0.131892
