# Time-averaged data for fix 2
# TimeStep v_Temperature v_PotentialEnergy v_Pressure
1000 0.941554 -0.00892498 0.000928363
2000 0.907357 -0.00797779 0.000890557
3000 0.875725 -0.00848645 0.000859626
4000 0.889473 -0.0122248 0.000872571
5000 0.924375 -0.00567609 0.000911172
6000 0.884993 -0.0065715 0.000872838
7000 0.901579 -0.00558055 0.000885229
8000 0.904827 -0.0062007 0.000893284
9000 0.904975 -0.00332395 0.000893211
10000 0.887849 -0.00544872 0.000877564
11000 0.88515 -0.00540378 0.000875785
12000 0.931159 -0.00719503 0.000916019
13000 0.903895 -0.00831289 0.000890521
14000 0.894462 -0.0054874 0.0008824
15000 0.865646 -0.00307075 0.000855052
16000 0.899342 -0.00745985 0.000889069
17000 0.902762 -0.00400994 0.000900084
18000 0.922562 -0.00709861 0.000904935
19000 0.898836 -0.00575737 0.000888233
20000 0.893069 -0.00670564 0.000876915
21000 0.877949 -0.00465841 0.000868308
22000 0.870004 -0.00663762 0.000858295
23000 0.910355 -0.0087655 0.000904506
24000 0.909283 -0.00463143 0.000900001
25000 0.919341 -0.00579096 0.00090814
26000 0.875811 -0.0104592 0.000856355
27000 0.924608 -0.00619297 0.000911176
28000 0.868696 -0.00682407 0.000855032
29000 0.906643 -0.00219614 0.000893413
30000 0.897578 -0.00806982 0.0008845
31000 0.90051 -0.00481623 0.000890677
32000 0.885672 -0.0163752 0.000862725
33000 0.90635 -0.00870845 0.000894934
34000 0.913614 -0.00563753 0.000900681
35000 0.898434 -0.00214713 0.000889072
36000 0.921461 -0.00776006 0.000908383
37000 0.916211 -0.00465065 0.000907531
38000 0.908865 -0.00812856 0.000892451
39000 0.869923 -0.00323494 0.000856092
40000 0.90831 -0.00236718 0.000896486
41000 0.908675 -0.00679438 0.000896542
42000 0.864314 -0.00931733 0.000846925
43000 0.909606 -0.003581 0.000896037
44000 0.907938 -0.00586525 0.000893816
45000 0.880203 -0.00434837 0.000868836
46000 0.905506 -0.00579425 0.000891369
47000 0.905342 -0.00590243 0.000894787
48000 0.908501 -0.00635457 0.000895077
49000 0.872566 -0.00301871 0.000864663
50000 0.902033 -0.0100998 0.000884658
51000 0.897776 -0.009732 0.000882081
52000 0.929558 -0.00848541 0.000919556
53000 0.896984 -0.00751482 0.000882753
54000 0.897358 -0.00440332 0.000888425
55000 0.891084 -0.00614555 0.000881551
56000 0.906616 -0.00607828 0.000896125
57000 0.899298 -0.00111467 0.00088891
58000 0.886839 -0.00274493 0.00087976
59000 0.886248 -0.00608505 0.000875631
60000 0.894144 -0.00859905 0.000877448
61000 0.888446 -0.00464531 0.00088182
62000 0.898353 -0.0107986 0.000880821
63000 0.914699 -0.00267734 0.000903872
64000 0.904235 -0.00806618 0.000887986
65000 0.904268 -0.00664778 0.00088956
66000 0.894854 -0.00512366 0.000887721
67000 0.904854 -0.00455291 0.000894441
68000 0.895849 -0.00419301 0.000884031
69000 0.901105 -0.00682206 0.00089312
70000 0.899188 -0.00521218 0.000891738
71000 0.895041 -0.00799709 0.000885417
72000 0.906138 -0.00612822 0.000892169
73000 0.915904 -0.00601043 0.000904565
74000 0.900429 -0.00656516 0.000890623
75000 0.904911 -0.00352807 0.000892422
76000 0.904817 -0.00724328 0.00089238
77000 0.898584 -0.00275746 0.000888024
78000 0.902369 -0.00701624 0.00088576
79000 0.883849 -0.00602504 0.000871543
80000 0.901938 -0.00844319 0.00088681
81000 0.910435 -0.0127839 0.000897143
82000 0.890305 -0.00591567 0.00087715
83000 0.904681 -0.00697856 0.000892563
84000 0.899357 -0.00578876 0.000886053
85000 0.883786 -0.00441429 0.000872066
86000 0.897476 -0.00826593 0.000884024
87000 0.880234 -0.00286555 0.000867736
88000 0.896003 -0.0128615 0.000877511
89000 0.917888 -0.00843864 0.000902485
90000 0.903903 -0.00960103 0.000890711
91000 0.879432 -0.0100219 0.000862863
92000 0.920673 -0.00624476 0.000905673
93000 0.927414 -0.0100666 0.00091367
94000 0.86911 -0.00277931 0.000858836
95000 0.907872 -0.00522684 0.00089222
96000 0.937424 -0.0072626 0.000922352
97000 0.872827 -0.0177158 0.000849297
98000 0.908185 -0.00926628 0.000892844
99000 0.87946 -0.00447541 0.000868348
100000 0.922934 -0.00535218 0.000909415
101000 0.925674 -0.0079058 0.000908813
102000 0.892342 -0.0140295 0.000869447
103000 0.907531 -0.0104896 0.000882767
104000 0.877478 -0.00568285 0.00086578
105000 0.905127 -0.00418081 0.000892383
106000 0.896335 -0.00764075 0.000880492
107000 0.908772 -0.00940802 0.0008917
108000 0.891301 -0.00395485 0.000876413
109000 0.910042 -0.008102 0.000895796
110000 0.897791 -0.00806734 0.000885857
111000 0.909893 -0.00697032 0.000896518
112000 0.907249 -0.0114598 0.000884356
113000 0.895998 -0.00917696 0.000879497
114000 0.902338 -0.00623845 0.000886712
115000 0.88174 -0.0043582 0.000869596
116000 0.911583 -0.0130524 0.000893407
117000 0.935676 -0.00659448 0.000920784
118000 0.905039 -0.0074111 0.000892947
119000 0.873363 -0.00923537 0.000861881
120000 0.926871 -0.00708546 0.000913745
121000 0.910851 -0.0066362 0.000896853
122000 0.9191 -0.00343723 0.000909678
123000 0.891427 -0.00984295 0.000877438
124000 0.897091 -0.00802328 0.000881118
125000 0.929651 -0.00611747 0.000920133
126000 0.898218 -0.00741627 0.000886505
127000 0.879587 -0.00574426 0.000872239
128000 0.894253 -0.0091632 0.000885714
129000 0.898317 -0.00801853 0.000887154
130000 0.915055 -0.00798183 0.000901677
131000 0.885283 -0.00902579 0.000873404
132000 0.909786 -0.0115658 0.000891717
133000 0.919253 -0.00838797 0.000908904
134000 0.907909 -0.00572122 0.000901138
135000 0.916483 -0.00552723 0.000902535
136000 0.866546 -0.00671004 0.000854387
137000 0.945537 -0.00706821 0.00092979
138000 0.898168 -0.00546675 0.000888259
139000 0.909761 -0.00428584 0.00089769
140000 0.869452 -0.00749583 0.000859674
141000 0.881425 -0.0117321 0.000859883
142000 0.93172 -0.0125084 0.000916935
143000 0.927848 -0.0104535 0.000909226
144000 0.87237 -0.0142871 0.000854405
145000 0.893989 -0.00719234 0.000879483
146000 0.889188 -0.00518976 0.000882354
147000 0.889848 -0.00237468 0.000877887
148000 0.908306 -0.010827 0.000895071
149000 0.879968 -0.00793664 0.000865241
150000 0.870455 -0.0120001 0.000847762
151000 0.910119 -0.00576367 0.000901675
152000 0.885474 -0.00720699 0.000875144
153000 0.906574 -0.00702892 0.000892355
154000 0.918472 -0.0057564 0.000907327
155000 0.893933 -0.00611138 0.000879056
156000 0.892951 -0.0098943 0.000879853
157000 0.92028 -0.00433889 0.000905516
158000 0.874834 -0.00432755 0.000862139
159000 0.902793 -0.00621626 0.000893097
160000 0.912715 -0.00212615 0.000904224
161000 0.878877 -0.00559362 0.000865948
162000 0.917736 -0.00792637 0.000899514
163000 0.890035 -0.0136027 0.00087236
164000 0.896392 -0.00851561 0.000878979
165000 0.879871 -0.0108282 0.000860378
166000 0.873136 -0.00728944 0.000865326
167000 0.912724 -0.00718444 0.000901748
168000 0.909921 -0.00293747 0.000898653
169000 0.887478 -0.00772055 0.000871637
170000 0.879875 -0.00495522 0.000864728
171000 0.946497 -0.00696683 0.000934309
172000 0.889175 -0.00762623 0.000880481
173000 0.883255 -0.0051293 0.000871243
174000 0.934948 -0.0122538 0.000920312
175000 0.891092 -0.00857447 0.000875104
176000 0.909574 -0.0130049 0.000892346
177000 0.906254 -0.0091483 0.000889514
178000 0.909372 -0.0163339 0.000894339
179000 0.902742 -0.0105636 0.000886219
180000 0.908506 -0.0161983 0.000892187
181000 0.89156 -0.0165001 0.000870263
182000 0.881357 -0.0184072 0.000860421
183000 0.916912 -0.0125084 0.000899437
184000 0.869625 -0.0179509 0.000851329
185000 0.923623 -0.0144011 0.000905863
186000 0.905306 -0.00806609 0.000892721
187000 0.881531 -0.00400401 0.000868223
188000 0.889433 -0.0037337 0.000882184
189000 0.914519 -0.00309105 0.000901311
190000 0.905035 -0.00752256 0.000889345
191000 0.902064 -0.00973752 0.000887115
192000 0.903756 -0.0111619 0.00089132
193000 0.892148 -0.0176501 0.000880965
194000 0.9076 -0.00850517 0.000889537
195000 0.909453 -0.00708579 0.000898537
196000 0.887651 -0.00258308 0.000875129
197000 0.895362 -0.00918344 0.000879047
198000 0.90263 -0.00749454 0.000886957
199000 0.880278 -0.00921939 0.000867754
200000 0.883456 -0.0038858 0.000873415
201000 0.887339 -0.0071516 0.000875668
202000 0.901209 -0.00570582 0.000892493
203000 0.919817 -0.00702487 0.00090707
204000 0.910787 -0.00273805 0.000903538
205000 0.87742 -0.00499794 0.00086325
206000 0.90195 -0.00427208 0.000889847
207000 0.896937 -0.00454405 0.000886561
208000 0.904302 -0.00888915 0.000889173
209000 0.890702 -0.00996455 0.000875628
210000 0.880233 -0.0094274 0.00086125
211000 0.902869 -0.00306536 0.000889803
212000 0.90724 -0.0047212 0.00089675
213000 0.902965 -0.00482663 0.000891579
214000 0.868528 -0.00533775 0.00085623
215000 0.916544 -0.0119427 0.000893765
216000 0.924194 -0.00295936 0.000917648
217000 0.884508 -0.00314715 0.000873664
218000 0.895216 -0.00331139 0.000886112
219000 0.884629 -0.00531457 0.00087378
220000 0.912592 -0.00620186 0.000899358
221000 0.899035 -0.010352 0.000885755
222000 0.907376 -0.00974457 0.000892712
223000 0.890399 -0.0024147 0.000878007
224000 0.900047 -0.0117715 0.000885337
225000 0.917913 -0.0127658 0.000897703
226000 0.885681 -0.00554722 0.000874324
227000 0.906265 -0.00625439 0.000897254
228000 0.903195 -0.00655459 0.000890485
229000 0.889312 -0.00823562 0.000878195
230000 0.915403 -0.00893254 0.000901746
231000 0.888725 -0.00654411 0.000876909
232000 0.907664 -0.00711541 0.000891548
233000 0.911409 -0.00544735 0.000900026
234000 0.872084 -0.00864227 0.000859207
235000 0.916346 -0.00548954 0.000904622
236000 0.866672 -0.00413902 0.000854318
237000 0.923597 -0.00748301 0.000910109
238000 0.892335 -0.00478604 0.000884095
239000 0.907996 -0.00946413 0.000896484
240000 0.880933 -0.00907041 0.000865102
241000 0.895526 -0.00444393 0.000884667
242000 0.908762 -0.0069784 0.000896755
243000 0.897482 -0.00686101 0.000883066
244000 0.888978 -0.00555308 0.000874125
245000 0.914287 -0.00451146 0.000902133
246000 0.884435 -0.00635294 0.000876962
247000 0.930704 -0.00449524 0.000917858
248000 0.903828 -0.00595421 0.000889254
249000 0.892723 -0.0077719 0.000882462
250000 0.91154 -0.00512634 0.000902667
251000 0.916232 -0.00524709 0.000903947
252000 0.907654 -0.0113253 0.000886369
253000 0.909478 -0.00734712 0.000894305
254000 0.917051 -0.00708092 0.000902467
255000 0.887347 -0.0111039 0.000869218
256000 0.895565 -0.00603713 0.000885552
257000 0.911108 -0.00390841 0.000898281
258000 0.879321 -0.00305997 0.000866264
259000 0.907708 -0.00532823 0.000896016
260000 0.926914 -0.00552597 0.000918549
261000 0.867418 -0.00173269 0.000857485
262000 0.927549 -0.00248346 0.00091529
263000 0.914589 -0.00712715 0.000906483
264000 0.901218 -0.00678 0.000888498
265000 0.88954 -0.00524106 0.000879482
266000 0.906918 -0.00519408 0.00089307
267000 0.877069 -0.0125833 0.000858887
268000 0.897878 -0.0130226 0.000880319
269000 0.886872 -0.00376147 0.000875551
270000 0.912746 -0.00323471 0.000898874
271000 0.902543 -0.00451402 0.000888552
272000 0.895293 -0.00505503 0.000884064
273000 0.904692 -0.0106232 0.000891002
274000 0.923963 -0.00352407 0.000909914
275000 0.883049 -0.00722915 0.000872741
276000 0.889652 -0.00966429 0.000879575
277000 0.882348 -0.00834088 0.000866094
278000 0.886689 -0.0149533 0.000867094
279000 0.88289 -0.00395541 0.00087047
280000 0.896331 -0.00590684 0.000879938
281000 0.91243 -0.0014851 0.000902864
282000 0.911162 -0.00745856 0.000901161
283000 0.914193 -0.00793572 0.000904086
284000 0.906343 -0.0126075 0.00089421
285000 0.870359 -0.0109168 0.000857398
286000 0.938662 -0.0153175 0.000925058
287000 0.875034 -0.0163945 0.000860592
288000 0.907537 -0.018248 0.000893112
289000 0.890142 -0.0151871 0.00087756
290000 0.893762 -0.0167056 0.000881669
291000 0.913792 -0.0142534 0.000899823
292000 0.893539 -0.0134857 0.000879803
293000 0.86731 -0.013115 0.000852871
294000 0.89252 -0.0144859 0.000879323
295000 0.898455 -0.013357 0.000887754
296000 0.916368 -0.0121643 0.000901302
297000 0.903127 -0.0165788 0.000887818
298000 0.909221 -0.0184499 0.000891732
299000 0.900915 -0.0209422 0.000889526
300000 0.916262 -0.0145795 0.000895911
301000 0.872048 -0.0125456 0.000858282
302000 0.90591 -0.0138067 0.000886763
303000 0.90159 -0.0124841 0.000883358
304000 0.92279 -0.0183436 0.000901938
305000 0.905703 -0.014635 0.000890161
306000 0.89497 -0.0126002 0.00087431
307000 0.914698 -0.00925715 0.000900546
308000 0.91733 -0.0158922 0.000897942
309000 0.88422 -0.00906809 0.000874918
310000 0.908102 -0.0149891 0.000892426
311000 0.885423 -0.0150099 0.000868
312000 0.89399 -0.0169773 0.000869244
313000 0.908798 -0.00584457 0.000898602
314000 0.889039 -0.00791575 0.000874811
315000 0.921689 -0.00551103 0.000906731
316000 0.87062 -0.0102098 0.000852422
317000 0.938434 -0.00558954 0.000925891
318000 0.863897 -0.00826917 0.000852667
319000 0.926091 -0.00972674 0.000911196
320000 0.875351 -0.00481112 0.000863727
321000 0.911022 -0.00634695 0.000900349
322000 0.925926 -0.00671142 0.000913943
323000 0.886076 -0.00491723 0.000873079
324000 0.89488 -0.00928203 0.000884092
325000 0.872732 -0.00314179 0.000861102
326000 0.923149 -0.00686981 0.000905732
327000 0.895048 -0.00189725 0.000886958
328000 0.895717 -0.00281933 0.000885627
329000 0.911974 -0.00704623 0.000897645
330000 0.880435 -0.00741281 0.000869009
331000 0.927099 -0.00373991 0.000916099
332000 0.885001 -0.00489275 0.000872406
333000 0.875301 -0.00609256 0.000861558
334000 0.901573 -0.00868305 0.000888171
335000 0.903128 -0.00592407 0.000888027
336000 0.895815 -0.00462855 0.000882347
337000 0.921442 -0.00585986 0.000912372
338000 0.913291 -0.00605575 0.000904991
339000 0.881478 -0.00416359 0.000872615
340000 0.888468 -0.00120001 0.000877488
341000 0.890018 -0.00311807 0.000880295
342000 0.932543 -0.00631264 0.000917878
343000 0.91135 -0.00416074 0.000902126
344000 0.904122 -0.00678019 0.000889392
345000 0.89479 -0.00511579 0.000882964
346000 0.892321 -0.00451831 0.000878963
347000 0.888887 -0.00558238 0.000875972
348000 0.90285 -0.0140203 0.000882694
349000 0.901654 -0.025237 0.000868269
350000 0.879201 -0.0164544 0.000856262
351000 0.90111 -0.00757305 0.00088138
352000 0.87186 -0.0104847 0.000855704
353000 0.908028 -0.00278562 0.000893672
354000 0.888377 -0.00784805 0.000874355
355000 0.874744 -0.0102256 0.000858247
356000 0.933778 -0.00711782 0.000916343
357000 0.876969 -0.0102655 0.000864185
358000 0.93432 -0.00289341 0.000925037
359000 0.882233 -0.0073662 0.000868342
360000 0.884684 -0.00915623 0.000873962
361000 0.889253 -0.0048268 0.000875114
362000 0.886192 -0.00131852 0.000874804
363000 0.930476 -0.00537531 0.000916799
364000 0.932248 -0.00379208 0.000922101
365000 0.866914 -0.00368527 0.000856482
366000 0.92326 -0.00870393 0.000913488
367000 0.870121 -0.00548565 0.000857052
368000 0.890534 -0.00303309 0.000877956
369000 0.904527 -0.00295211 0.000892696
370000 0.87219 -0.00366515 0.000861934
371000 0.876629 -0.00413755 0.000868701
372000 0.926931 -0.0074748 0.000913275
373000 0.883824 -0.00833616 0.000870519
374000 0.904699 -0.00876199 0.00089215
375000 0.889312 -0.0108974 0.000867321
376000 0.894707 -0.0051609 0.000881442
377000 0.897142 -0.0124008 0.000878388
378000 0.882717 -0.00740335 0.000869386
379000 0.895943 -0.00371939 0.000883471
380000 0.878459 -0.00314901 0.0008672
381000 0.924943 -0.00740784 0.00090969
382000 0.868139 -0.00473066 0.000855699
383000 0.908633 -0.00633947 0.000900375
384000 0.91005 -0.00898523 0.0008976
385000 0.880839 -0.00664829 0.000865334
386000 0.908763 -0.00810993 0.00088956
387000 0.894589 -0.00824849 0.000877692
388000 0.905331 -0.00254056 0.000895766
389000 0.906357 -0.00688162 0.000895267
390000 0.893316 -0.00525167 0.00088384
391000 0.907506 -0.00894259 0.000894443
392000 0.88121 -0.00195077 0.000870511
393000 0.904563 -0.0032971 0.00089237
394000 0.913207 -0.00494975 0.00090372
395000 0.910781 -0.00664992 0.000900158
396000 0.898462 -0.0045793 0.000888135
397000 0.887109 -0.012496 0.000870203
398000 0.897448 -0.00910158 0.00087996
399000 0.883351 -0.0055553 0.00086916
400000 0.891246 -0.00427984 0.000883918
401000 0.915243 -0.00967175 0.000903374
402000 0.927265 -0.00616576 0.000912608
403000 0.892334 -0.00737884 0.000880421
404000 0.900975 -0.0088292 0.000881298
405000 0.904437 -0.00590344 0.000891272
406000 0.921154 -0.0091465 0.000903437
407000 0.886533 -0.00776504 0.000876545
408000 0.920749 -0.00529875 0.000906262
409000 0.876044 -0.00572029 0.00086264
410000 0.888497 -0.00704359 0.000874089
411000 0.906986 -0.00434454 0.000892791
412000 0.914534 -0.00714064 0.000900663
413000 0.898343 -0.0131717 0.000880565
414000 0.912385 -0.0101589 0.000899774
415000 0.867923 -0.0118809 0.000850258
416000 0.915797 -0.0125605 0.000900742
417000 0.924072 -0.011588 0.000908765
418000 0.898954 -0.0165789 0.000875863
419000 0.896042 -0.011022 0.000878688
420000 0.901763 -0.00901677 0.000889847
421000 0.875373 -0.0111173 0.000860822
422000 0.919284 -0.0100841 0.000901768
423000 0.891301 -0.0133678 0.000872533
424000 0.867221 -0.0184973 0.00084629
425000 0.905183 -0.0198509 0.000882693
426000 0.897779 -0.0151344 0.000878641
427000 0.884989 -0.0206188 0.000861449
428000 0.866605 -0.0294573 0.000840141
429000 0.906635 -0.0214878 0.000883716
430000 0.901012 -0.0221569 0.000878222
431000 0.890408 -0.0216881 0.000872622
432000 0.87297 -0.0149893 0.000851277
433000 0.883262 -0.017435 0.000863597
434000 0.921641 -0.0148035 0.000903023
435000 0.905395 -0.0162001 0.000886972
436000 0.870159 -0.0119325 0.000852956
437000 0.927259 -0.00367726 0.000914489
438000 0.929374 -0.00548298 0.000914118
439000 0.88526 -0.00991958 0.0008705
440000 0.893363 -0.00256577 0.000886429
441000 0.912526 -0.00695396 0.000897044
442000 0.915359 -0.00500319 0.000902565
443000 0.908627 -0.00732002 0.000894062
444000 0.926113 -0.0065768 0.000916514
445000 0.872108 -0.00183414 0.000861982
446000 0.922215 -0.0041893 0.000913796
447000 0.931897 -0.00736909 0.000917473
448000 0.882771 -0.00542131 0.000868885
449000 0.895711 -0.00641885 0.000882266
450000 0.910169 -0.0067609 0.000899382
451000 0.895535 -0.00397013 0.000882749
452000 0.916456 -0.00839049 0.000901274
453000 0.910103 -0.00524064 0.000898551
454000 0.900163 -0.00919959 0.000885896
455000 0.884041 -0.00806954 0.00086725
456000 0.930116 -0.00510805 0.000916858
457000 0.878556 -0.00508141 0.000869134
458000 0.884834 -0.00697707 0.000873053
459000 0.901645 -0.0113163 0.000885941
460000 0.897424 -0.0165249 0.000872886
461000 0.929904 -0.0126896 0.000909759
462000 0.869109 -0.0164102 0.000850114
463000 0.911585 -0.0116569 0.000892051
464000 0.895267 -0.0180708 0.000875803
465000 0.898976 -0.00671736 0.000883273
466000 0.913731 -0.00522049 0.000898794
467000 0.897757 -0.00330952 0.000885619
468000 0.889907 -0.00403057 0.000880176
469000 0.885352 -0.00515207 0.000878686
470000 0.899583 -0.00468629 0.000889247
471000 0.917495 -0.00575594 0.000900975
472000 0.90208 -0.00408521 0.000890574
473000 0.901437 -0.0121566 0.000881016
474000 0.896806 -0.0123714 0.000879515
475000 0.922773 -0.00910256 0.000905157
476000 0.868625 -0.0121843 0.000856879
477000 0.888633 -0.00783502 0.000874569
478000 0.875578 -0.00162799 0.000863723
479000 0.926297 -0.00906902 0.0009091
480000 0.922537 -0.0103926 0.000904829
481000 0.871312 -0.0110813 0.000853205
482000 0.903814 -0.00492745 0.000889914
483000 0.923463 -0.00701 0.000912592
484000 0.879565 -0.00636178 0.000869234
485000 0.888984 -0.0054333 0.000877006
486000 0.907244 -0.00878322 0.000891028
487000 0.895796 -0.00456204 0.000885671
488000 0.900502 -0.00742767 0.000888285
489000 0.911575 -0.00980353 0.000896889
490000 0.919018 -0.00574492 0.000908632
491000 0.870713 -0.00918456 0.000853464
492000 0.914092 -0.0133812 0.000895684
493000 0.910115 -0.011629 0.000892339
494000 0.884847 -0.0107943 0.00086588
495000 0.925348 -0.00503296 0.000911641
496000 0.879489 -0.00990438 0.000859714
497000 0.898415 -0.00454788 0.000892065
498000 0.911748 -0.0108609 0.000893563
499000 0.890257 -0.00868426 0.000875785
500000 0.916357 -0.00444863 0.000903466
501000 0.907025 -0.00186155 0.000896627
502000 0.918698 -0.00930967 0.000903582
503000 0.896917 -0.00651632 0.000881917
504000 0.907147 -0.00559338 0.000894796
505000 0.896597 -0.00426821 0.000886612
506000 0.899989 -0.0099624 0.000890405
507000 0.914226 -0.00802967 0.000903138
508000 0.879696 -0.0145023 0.000860861
509000 0.908482 -0.00287575 0.000895911
510000 0.904192 -0.004086 0.000893955
511000 0.908586 -0.00759076 0.000894683
512000 0.921748 -0.0134321 0.000900997
513000 0.874326 -0.0120908 0.00085572
514000 0.900413 -0.0050501 0.000887689
515000 0.922642 -0.00863673 0.000907296
516000 0.874321 -0.00423274 0.000861752
517000 0.890267 -0.00306373 0.000877905
518000 0.907358 -0.00853604 0.000892987
519000 0.911821 -0.00688802 0.000900616
520000 0.89807 -0.00616074 0.000880523
521000 0.889905 -0.00466163 0.000875675
522000 0.893898 -0.00151767 0.000882
523000 0.92167 -0.00320803 0.00091507
524000 0.897547 -0.00825669 0.000882198
525000 0.882754 -0.00532332 0.000870791
526000 0.883137 -0.00982672 0.000869194
527000 0.886838 -0.0134807 0.000872351
528000 0.873885 -0.0188871 0.000858089
529000 0.934781 -0.0182956 0.000917033
530000 0.888283 -0.0219905 0.000870203
531000 0.902501 -0.0199043 0.000884443
532000 0.885514 -0.0211841 0.000872168
533000 0.888789 -0.0223468 0.000876884
534000 0.888403 -0.0220828 0.000873744
535000 0.893645 -0.020791 0.000878398
536000 0.892619 -0.0218784 0.000883435
537000 0.89181 -0.0259926 0.00086691
538000 0.928153 -0.01862 0.000911507
539000 0.898024 -0.0281791 0.00087445
540000 0.919355 -0.0215091 0.0009051
541000 0.871746 -0.020753 0.00085874
542000 0.90352 -0.023086 0.000884759
543000 0.888233 -0.0221537 0.000869988
544000 0.906274 -0.0290108 0.000880348
545000 0.91002 -0.0158138 0.000882117
546000 0.913083 -0.0158082 0.00089097
547000 0.895468 -0.0205106 0.000878276
548000 0.929432 -0.0159922 0.000907589
549000 0.914694 -0.0175767 0.000894218
550000 0.877746 -0.00245236 0.000868304
551000 0.898547 -0.00895262 0.000884162
552000 0.918379 -0.0176661 0.000897505
553000 0.884991 -0.0162471 0.000866683
554000 0.920656 -0.00828052 0.000906791
555000 0.900916 -0.00397708 0.00088811
556000 0.897731 -0.0090629 0.000884416
557000 0.899246 -0.00399528 0.000887821
558000 0.879269 -0.00537875 0.000865592
559000 0.906281 -0.00410616 0.000894313
560000 0.899552 -0.00205341 0.000891488
561000 0.916094 -0.00630141 0.000902567
562000 0.890467 -0.0110742 0.000873403
563000 0.878896 -0.00764658 0.000866182
564000 0.908106 -0.00639997 0.000893158
565000 0.903067 -0.00905814 0.000889392
566000 0.911212 -0.00431017 0.000902094
567000 0.892459 -0.00753791 0.000874897
568000 0.883947 -0.00601552 0.000870761
569000 0.90528 -0.00596664 0.000896426
570000 0.890479 -0.00424073 0.000879219
571000 0.883869 -0.00514437 0.000875265
572000 0.921506 -0.00411857 0.000910517
573000 0.921411 -0.00447126 0.000911421
574000 0.88241 -0.00368241 0.000871258
575000 0.899393 -0.00472711 0.000885136
576000 0.903266 -0.00195776 0.000892612
577000 0.918458 -0.00482319 0.000905341
578000 0.882665 -0.00670518 0.000872971
579000 0.87348 -0.00329869 0.000860727
580000 0.934849 -0.00729921 0.000926649
581000 0.87941 -0.00913444 0.00087054
582000 0.875353 -0.0121008 0.000856663
583000 0.890635 -0.00607517 0.000881283
584000 0.877116 -0.00295551 0.000866271
585000 0.872979 -0.00566026 0.000861273
586000 0.887991 -0.00380522 0.000878025
587000 0.889748 -0.0104285 0.00086718
588000 0.877911 -0.0176721 0.000853525
589000 0.880725 -0.00889479 0.000863766
590000 0.933826 -0.0114237 0.000915823
591000 0.865297 -0.0167966 0.000843715
592000 0.918969 -0.0118553 0.000902053
593000 0.905266 -0.0136514 0.000892151
594000 0.90762 -0.0101779 0.000894306
595000 0.921975 -0.0108932 0.000903166
596000 0.904715 -0.0116074 0.000887757
597000 0.913181 -0.00831985 0.000898564
598000 0.91622 -0.022044 0.00089556
599000 0.89817 -0.0221108 0.000875468
600000 0.903925 -0.0203669 0.000881469
601000 0.85751 -0.0194034 0.000838713
602000 0.929031 -0.0206739 0.00091401
603000 0.875701 -0.0216703 0.000851687
604000 0.939216 -0.0210437 0.000918525
605000 0.85993 -0.0163163 0.000838804
606000 0.888692 -0.0166015 0.000869585
607000 0.915521 -0.012607 0.000902903
608000 0.895201 -0.0176227 0.000877166
609000 0.891131 -0.0151645 0.000874189
610000 0.89643 -0.0199124 0.000874455
611000 0.913374 -0.0181434 0.00089242
612000 0.925566 -0.0234637 0.000896433
613000 0.886051 -0.0172603 0.000867497
614000 0.904057 -0.0219309 0.000887223
615000 0.908387 -0.0161528 0.00088888
616000 0.891659 -0.0146761 0.000870629
617000 0.885735 -0.0160131 0.000861123
618000 0.919333 -0.0155478 0.000900377
619000 0.875711 -0.0130326 0.000857714
620000 0.897481 -0.0146972 0.00088093
621000 0.919663 -0.0160713 0.000898937
622000 0.913425 -0.019998 0.000890899
623000 0.894349 -0.0180299 0.000878455
624000 0.896774 -0.0185363 0.000876178
625000 0.918488 -0.0170654 0.000900537
626000 0.888406 -0.0150704 0.000868076
627000 0.906668 -0.0166961 0.000890091
628000 0.94026 -0.0138186 0.000920487
629000 0.87458 -0.0200019 0.000857197
630000 0.934855 -0.0223368 0.000909865
631000 0.871089 -0.0170664 0.000849945
632000 0.875096 -0.0159207 0.000854434
633000 0.901597 -0.0201923 0.000878645
634000 0.884686 -0.0165357 0.000864413
635000 0.905658 -0.0233595 0.000879068
636000 0.879999 -0.0122213 0.00086418
637000 0.908872 -0.0126902 0.000890334
638000 0.897815 -0.0140923 0.000881367
639000 0.89729 -0.0108163 0.000885846
640000 0.91203 -0.00930343 0.000896813
641000 0.906935 -0.0161919 0.000881442
642000 0.873628 -0.0164362 0.000852787
643000 0.915705 -0.01017 0.000902233
644000 0.881093 -0.0156285 0.000860653
645000 0.876215 -0.0136341 0.000855014
646000 0.904466 -0.0145217 0.000883878
647000 0.880534 -0.0138163 0.000865941
648000 0.869085 -0.0110473 0.000852288
649000 0.908442 -0.0102058 0.000893596
650000 0.887443 -0.0143926 0.000867697
651000 0.887072 -0.00331527 0.00087296
652000 0.888338 -0.00940152 0.000873782
653000 0.901406 -0.0088816 0.000889575
654000 0.896284 -0.0125221 0.000879294
655000 0.908161 -0.0116014 0.000897558
656000 0.875822 -0.00931358 0.000860398
657000 0.87279 -0.0102191 0.000860796
658000 0.874871 -0.00940298 0.000858242
659000 0.899114 -0.0118725 0.000881956
660000 0.899825 -0.0102024 0.000882933
661000 0.870554 -0.011987 0.000852798
662000 0.907231 -0.0102546 0.000891172
663000 0.888325 -0.0122519 0.000872051
664000 0.902065 -0.0051097 0.000888675
665000 0.907493 -0.00304482 0.000896102
666000 0.91717 -0.0031146 0.000908502
667000 0.881756 -0.00605184 0.000866797
668000 0.930767 -0.00420209 0.000920323
669000 0.884194 -0.00429689 0.000873497
670000 0.885117 -0.00949169 0.000872747
671000 0.916694 -0.00978637 0.000901162
672000 0.93908 -0.011551 0.000919689
673000 0.897189 -0.0135112 0.000875697
674000 0.882392 -0.0156302 0.000861873
675000 0.918255 -0.018883 0.00089499
676000 0.915417 -0.0140512 0.000895695
677000 0.909025 -0.0140342 0.000891489
678000 0.905113 -0.0170417 0.000881637
679000 0.918436 -0.0131092 0.00089596
680000 0.868059 -0.0164885 0.000846964
681000 0.923403 -0.016031 0.000900811
682000 0.896598 -0.0149871 0.000871856
683000 0.89916 -0.0184965 0.00087234
684000 0.870674 -0.0119497 0.000850531
685000 0.926545 -0.0152548 0.000904111
686000 0.918362 -0.00992209 0.000901106
687000 0.869101 -0.00360731 0.00085895
688000 0.922669 -0.00762016 0.000910759
689000 0.908771 -0.00286814 0.000898257
690000 0.907994 -0.00403057 0.000897614
691000 0.874213 -0.00577017 0.000861771
692000 0.929204 -0.00475762 0.000915164
693000 0.88536 -0.00771114 0.000870944
694000 0.878364 -0.00749703 0.000864772
695000 0.901129 -0.00446797 0.000889707
696000 0.889508 -0.0102861 0.000872177
697000 0.875758 -0.00911695 0.000856059
698000 0.914651 -0.00740951 0.000900458
699000 0.881487 -0.00504287 0.000868936
700000 0.858612 -0.0145224 0.000838675
701000 0.910518 -0.00505046 0.000900139
702000 0.89537 -0.00589889 0.000881271
703000 0.916349 -0.005664 0.000902333
704000 0.907444 -0.00869784 0.000893968
705000 0.912633 -0.00828983 0.000898801
706000 0.881029 -0.0117405 0.000862524
707000 0.907539 -0.0174825 0.000887662
708000 0.914186 -0.0114868 0.000894873
709000 0.875868 -0.0157618 0.000855903
710000 0.904746 -0.0201426 0.000885102
711000 0.925737 -0.0239617 0.000902438
712000 0.883991 -0.0159682 0.000864465
713000 0.873826 -0.0202014 0.000852197
714000 0.905515 -0.0171009 0.000881843
715000 0.892697 -0.025055 0.000872983
716000 0.895759 -0.02216 0.000868561
717000 0.892525 -0.0153131 0.000876139
718000 0.899034 -0.0114844 0.000887095
719000 0.890331 -0.0159008 0.000866692
720000 0.894787 -0.0189209 0.000875206
721000 0.890126 -0.0164866 0.000870844
722000 0.909774 -0.0164342 0.000885996
723000 0.91302 -0.0132089 0.000894243
724000 0.909757 -0.00998565 0.000893893
725000 0.862308 -0.00582336 0.000850278
726000 0.910781 -0.00962858 0.000892052
727000 0.882886 -0.00798912 0.000869434
728000 0.888633 -0.0100005 0.00087054
729000 0.900896 -0.00591859 0.000887741
730000 0.908049 -0.00502356 0.000897667
731000 0.880787 -0.0112613 0.000864346
732000 0.914493 -0.0110814 0.000897684
733000 0.901464 -0.012072 0.000887712
734000 0.905971 -0.00952085 0.000890587
735000 0.921758 -0.0104689 0.000909896
736000 0.906238 -0.0120158 0.000886686
737000 0.904808 -0.0165006 0.000888528
738000 0.900237 -0.010745 0.000882441
739000 0.901853 -0.0134042 0.00088548
740000 0.914367 -0.0124273 0.000895505
741000 0.87728 -0.0101875 0.000861047
742000 0.913462 -0.0183833 0.000893077
743000 0.922427 -0.0138251 0.000902615
744000 0.888954 -0.0158525 0.000872019
745000 0.895454 -0.0188964 0.000874617
746000 0.911884 -0.0179526 0.000890396
747000 0.896757 -0.0156215 0.000877295
748000 0.89638 -0.00741367 0.000882627
749000 0.880661 -0.00346405 0.000867652
750000 0.901872 -0.0100259 0.00088065
751000 0.894877 -0.0101906 0.000874714
752000 0.907486 -0.00779434 0.00089031
753000 0.899534 -0.0110189 0.000881725
754000 0.878585 -0.00839096 0.000863684
755000 0.891226 -0.00552341 0.000877626
756000 0.897253 -0.00816757 0.000881168
757000 0.896333 -0.00364087 0.000882141
758000 0.904801 -0.00773788 0.000889261
759000 0.916227 -0.00658323 0.00090773
760000 0.876532 -0.00713032 0.000862988
761000 0.912419 -0.00404796 0.000900903
762000 0.913449 -0.0060887 0.000900454
763000 0.874133 -0.00535289 0.000866839
764000 0.923452 -0.00261041 0.000912753
765000 0.919392 -0.00525541 0.000907453
766000 0.864168 -0.00446587 0.000855165
767000 0.909469 -0.00412639 0.000895724
768000 0.912385 -0.015789 0.000891221
769000 0.86833 -0.00705551 0.000857329
770000 0.909824 -0.00403101 0.000897864
771000 0.912052 -0.00922432 0.000895841
772000 0.911491 -0.00536804 0.00089846
773000 0.902584 -0.00291403 0.000892217
774000 0.928846 -0.00711856 0.000917874
775000 0.895095 -0.00382255 0.000880776
776000 0.871638 -0.00753031 0.00085798
777000 0.920121 -0.0103635 0.000902079
778000 0.887977 -0.00614214 0.000877337
779000 0.910231 -0.00917867 0.000896654
780000 0.902258 -0.00912413 0.000888568
781000 0.890216 -0.00806422 0.000875962
782000 0.897027 -0.00995372 0.000883654
783000 0.908679 -0.00472059 0.000894669
784000 0.901244 -0.00736204 0.000888093
785000 0.900952 -0.00316023 0.000888225
786000 0.861526 -0.00951963 0.000847794
787000 0.931387 -0.00487275 0.000920262
788000 0.907874 -0.0055006 0.000901806
789000 0.871538 -0.00421073 0.000860656
790000 0.898718 -0.00435029 0.000888469
791000 0.89491 -0.00546439 0.000880951
792000 0.881158 -0.0068496 0.000865248
793000 0.87228 -0.0127181 0.000849604
794000 0.930578 -0.0140374 0.00091048
795000 0.901231 -0.00916265 0.000884892
796000 0.875443 -0.00422141 0.000868118
797000 0.898801 -0.00559839 0.000887004
798000 0.88592 -0.0133876 0.000871675
799000 0.943069 -0.00833059 0.000932094
800000 0.912322 -0.00830355 0.000896605
801000 0.866927 -0.0060392 0.000854331
802000 0.907618 -0.00652752 0.000895237
803000 0.917165 -0.0131134 0.000899877
804000 0.904967 -0.0123798 0.000891118
805000 0.887489 -0.0132929 0.000868884
806000 0.886883 -0.0130945 0.00086923
807000 0.897521 -0.0146869 0.000882955
808000 0.888322 -0.0129687 0.000872527
809000 0.883475 -0.0119835 0.000869032
810000 0.889441 -0.0181726 0.000869768
811000 0.911633 -0.0093618 0.000896135
812000 0.907683 -0.00761828 0.000894053
813000 0.881802 -0.0131539 0.000868241
814000 0.910098 -0.00819714 0.000894365
815000 0.886391 -0.0050077 0.000882741
816000 0.867419 -0.00422799 0.000857514
817000 0.909967 -0.00693879 0.000896084
818000 0.927097 -0.00408325 0.000917488
819000 0.893138 -0.00593422 0.000876298
820000 0.889195 -0.00679048 0.00087701
821000 0.9232 -0.00338137 0.000913375
822000 0.873239 -0.00379491 0.000861286
823000 0.918364 -0.0056652 0.000906379
824000 0.915256 -0.00343879 0.000903217
825000 0.869926 -0.00295179 0.000858837
826000 0.933762 -0.00681306 0.000918688
827000 0.861872 -0.00558289 0.000845791
828000 0.912721 -0.010284 0.000894016
829000 0.885685 -0.00795425 0.000869819
830000 0.901399 -0.00851589 0.000887289
831000 0.909713 -0.00741078 0.000903667
832000 0.896935 -0.00646014 0.000885516
833000 0.904431 -0.00732772 0.000895633
834000 0.890204 -0.00505922 0.000878969
835000 0.919037 -0.00787086 0.000904223
836000 0.922163 -0.00980238 0.000904543
837000 0.914404 -0.00837078 0.000905445
838000 0.898819 -0.00566391 0.000881257
839000 0.885501 -0.00506148 0.000874518
840000 0.889675 -0.00665482 0.000876964
841000 0.888461 -0.0114508 0.000872423
842000 0.907508 -0.00705612 0.000895101
843000 0.918004 -0.0088446 0.000909482
844000 0.892388 -0.00768462 0.000876941
845000 0.893734 -0.00741847 0.000877322
846000 0.904742 -0.0111628 0.000887923
847000 0.894052 -0.0145487 0.000874745
848000 0.902212 -0.00712902 0.000890189
849000 0.890529 -0.0111124 0.000874676
850000 0.927145 -0.0117409 0.00091167
851000 0.884239 -0.0103829 0.000868169
852000 0.889677 -0.0163123 0.000870929
853000 0.909216 -0.0167201 0.000894064
854000 0.88691 -0.0107375 0.000869441
855000 0.88208 -0.0137438 0.000865282
856000 0.923065 -0.010595 0.000906807
857000 0.92313 -0.0114322 0.000907299
858000 0.876876 -0.015193 0.000858028
859000 0.915768 -0.019369 0.000895403
860000 0.879589 -0.0119025 0.000867851
861000 0.909039 -0.00876063 0.000898528
862000 0.900633 -0.0105914 0.000887708
863000 0.879243 -0.0131941 0.000868492
864000 0.865884 -0.0189743 0.000844501
865000 0.887633 -0.0155699 0.000873692
866000 0.932628 -0.0117252 0.000915289
867000 0.903616 -0.0134014 0.000886687
868000 0.866202 -0.0188424 0.000845466
869000 0.924849 -0.0116746 0.000905862
870000 0.89754 -0.0156001 0.000882016
871000 0.89777 -0.0123152 0.000881902
872000 0.870084 -0.0154799 0.000857045
873000 0.907854 -0.0148578 0.000894033
874000 0.921708 -0.0141404 0.000907149
875000 0.891723 -0.0153862 0.000870913
876000 0.88472 -0.0135152 0.000869104
877000 0.883808 -0.00941483 0.000869381
878000 0.901908 -0.0110136 0.000885443
879000 0.906665 -0.0210945 0.000878129
880000 0.891306 -0.025756 0.000865869
881000 0.890316 -0.0159148 0.000867269
882000 0.901746 -0.0118346 0.000889129
883000 0.895781 -0.0106171 0.000884431
884000 0.918923 -0.0133068 0.000899675
885000 0.931024 -0.0112322 0.000921206
886000 0.874644 -0.0120738 0.000859362
887000 0.91763 -0.0188432 0.000894434
888000 0.888948 -0.0112378 0.000872527
889000 0.924448 -0.012587 0.000910814
890000 0.934638 -0.00786642 0.000918231
891000 0.872582 -0.0081785 0.00085795
892000 0.926185 -0.0038317 0.000913151
893000 0.927356 -0.00194234 0.000916445
894000 0.903127 -0.00632574 0.000892379
895000 0.872717 -0.0052932 0.000862642
896000 0.899711 -0.00943179 0.000879084
897000 0.894061 -0.00677478 0.000882449
898000 0.928831 -0.0101861 0.00091232
899000 0.870846 -0.00477462 0.000863866
900000 0.915596 -0.00403573 0.000903986
901000 0.910085 -0.00509866 0.000898542
902000 0.896725 -0.00455847 0.000886582
903000 0.888355 -0.0051583 0.000875689
904000 0.897112 -0.00993325 0.000883093
905000 0.895906 -0.00549043 0.00088414
906000 0.897372 -0.00608743 0.00088427
907000 0.884979 -0.00803687 0.00087203
908000 0.868886 -0.00505652 0.000855449
909000 0.877549 -0.00452122 0.000862666
910000 0.90952 -0.00702796 0.000893172
911000 0.886733 -0.00530356 0.000875307
912000 0.912787 -0.00552562 0.000897637
913000 0.903655 -0.00955314 0.000890448
914000 0.890788 -0.0062271 0.000878352
915000 0.897436 -0.00589345 0.000885105
916000 0.892072 -0.00461039 0.000883324
917000 0.895484 -0.00230728 0.000883893
918000 0.904122 -0.00420823 0.000893789
919000 0.912904 -0.00388879 0.000899311
920000 0.885872 -0.00210011 0.000874467
921000 0.908085 -0.00552026 0.000899791
922000 0.918625 -0.00532308 0.000908621
923000 0.873112 -0.00655706 0.000859735
924000 0.904202 -0.00372041 0.000893659
925000 0.888334 -0.00689464 0.000872193
926000 0.914364 -0.00942359 0.000900516
927000 0.914824 -0.00556016 0.000906806
928000 0.877814 -0.00414792 0.000866371
929000 0.886419 -0.00902866 0.000877033
930000 0.888774 -0.00588976 0.000873243
931000 0.884899 -0.00280825 0.000874405
932000 0.926305 -0.00373079 0.000913733
933000 0.892315 -0.00604757 0.000878809
934000 0.926095 -0.00733729 0.000910611
935000 0.875385 -0.00800202 0.000864791
936000 0.928449 -0.0119808 0.000916715
937000 0.884042 -0.00818638 0.000870349
938000 0.918396 -0.00780928 0.00090395
939000 0.871032 -0.00615653 0.000856147
940000 0.918432 -0.00551825 0.000904389
941000 0.926422 -0.00722619 0.000916879
942000 0.891603 -0.0136371 0.000875313
943000 0.903134 -0.0109589 0.000891405
944000 0.867409 -0.0143912 0.000849545
945000 0.893459 -0.0173389 0.000877357
946000 0.901348 -0.0172557 0.000887215
947000 0.889701 -0.0158091 0.000875725
948000 0.897312 -0.020672 0.000877556
949000 0.914685 -0.0168196 0.000900441
950000 0.924197 -0.0152785 0.000910622
951000 0.900803 -0.0158314 0.000887458
952000 0.901572 -0.0152715 0.000888679
953000 0.901969 -0.0204755 0.000882368
954000 0.887676 -0.0099972 0.000869885
955000 0.8973 -0.0188798 0.000878909
956000 0.894239 -0.0145403 0.000877927
957000 0.906827 -0.00345898 0.000893094
958000 0.911225 -0.0112744 0.000895344
959000 0.875942 -0.00481245 0.000862585
960000 0.886069 -0.00629205 0.000871761
961000 0.92791 -0.00549731 0.000916035
962000 0.930455 -0.00428514 0.000918853
963000 0.878217 -0.00638411 0.000865923
964000 0.900447 -0.00820055 0.000885686
965000 0.895237 -0.00946193 0.000878767
966000 0.891732 -0.00699011 0.000877134
967000 0.907838 -0.00727069 0.000894368
968000 0.894772 -0.00494213 0.000880153
969000 0.904215 -0.00556731 0.000892158
970000 0.874053 -0.00589693 0.000860695
971000 0.905683 -0.00467072 0.000893277
972000 0.875509 -0.00305695 0.000864378
973000 0.869043 -0.00532293 0.000853602
974000 0.907873 -0.0122763 0.000892556
975000 0.907783 -0.0126085 0.000893245
976000 0.885285 -0.0201524 0.00086917
977000 0.909379 -0.00700245 0.000896856
978000 0.903592 -0.00905913 0.000890557
979000 0.901498 -0.00971848 0.000886857
980000 0.883808 -0.00990819 0.000868345
981000 0.865065 -0.013044 0.00085061
982000 0.880993 -0.0134218 0.00086272
983000 0.903047 -0.0133117 0.000886282
984000 0.878671 -0.01015 0.000863986
985000 0.914809 -0.0140907 0.000893739
986000 0.891998 -0.0125657 0.000877606
987000 0.896241 -0.0121018 0.000881611
988000 0.915722 -0.0110001 0.000897851
989000 0.914486 -0.00916201 0.000895948
990000 0.870101 -0.00226329 0.00086131
991000 0.928716 -0.00605394 0.000917888
992000 0.859728 -0.00706882 0.000848215
993000 0.92105 -0.0060437 0.000909131
994000 0.911649 -0.00464042 0.00090083
995000 0.864953 -0.0032352 0.000852838
996000 0.883704 -0.00565517 0.000871685
997000 0.900238 -0.0079817 0.000882026
998000 0.904377 -0.00571876 0.000894693
999000 0.889215 -0.00381063 0.000876941
1000000 0.907872 -0.00752034 0.00088965
1001000 0.870463 -0.00524823 0.000859372
1002000 0.886382 -0.00697127 0.000875887
1003000 0.899371 -0.0057635 0.000886772
1004000 0.89969 -0.00620709 0.00088713
1005000 0.923733 -0.00345775 0.000911407
1006000 0.891013 -0.00942629 0.000879087
1007000 0.909274 -0.00399334 0.000905209
1008000 0.896424 -0.00771698 0.000879515
1009000 0.886787 -0.00282058 0.000873594
1010000 0.920552 -0.00840365 0.000904899
1011000 0.884279 -0.00847394 0.000870331
1012000 0.903136 -0.00753748 0.000891826
1013000 0.90522 -0.00563625 0.000888275
1014000 0.891383 -0.00437482 0.000878743
1015000 0.920977 -0.00447775 0.00090712
1016000 0.889103 -0.00400754 0.000879263
1017000 0.891239 -0.00825677 0.000879382
1018000 0.942648 -0.00390913 0.000929628
1019000 0.913231 -0.00780633 0.00089749
1020000 0.896658 -0.00694008 0.000885796
1021000 0.920204 -0.00959796 0.000903912
1022000 0.901998 -0.0136074 0.000889826
1023000 0.906528 -0.0142835 0.000889309
1024000 0.89765 -0.0125516 0.000882878
1025000 0.886129 -0.0119441 0.000875099
1026000 0.889343 -0.00972175 0.000873724
1027000 0.908562 -0.0100365 0.000891904
1028000 0.908823 -0.00546361 0.00089721
1029000 0.914838 -0.00583134 0.000901775
1030000 0.898073 -0.0057034 0.000887841
1031000 0.910355 -0.00638005 0.000900123
1032000 0.899321 -0.00368494 0.000886635
1033000 0.892668 -0.00925222 0.000877829
1034000 0.908013 -0.0117482 0.000889251
1035000 0.895822 -0.0137094 0.000878997
1036000 0.898931 -0.0127511 0.000885617
1037000 0.896231 -0.0118634 0.000877256
1038000 0.895538 -0.014237 0.000873149
1039000 0.901956 -0.0106374 0.000885838
1040000 0.880242 -0.0129762 0.000865329
1041000 0.902735 -0.0141064 0.000881963
1042000 0.905012 -0.012939 0.000886899
1043000 0.91339 -0.0109604 0.000897097
1044000 0.89432 -0.0117219 0.000876698
1045000 0.875704 -0.0109677 0.000861257
1046000 0.873849 -0.013417 0.000856728
1047000 0.880485 -0.0149546 0.000861759
1048000 0.899021 -0.012469 0.00088525
1049000 0.880906 -0.00939229 0.000865076
1050000 0.905974 -0.0144636 0.000884314
1051000 0.891857 -0.00930574 0.000874508
1052000 0.897955 -0.00497036 0.00088567
1053000 0.937804 -0.00809944 0.000927868
1054000 0.879784 -0.00369062 0.000871068
1055000 0.924213 -0.00962959 0.000912242
1056000 0.871767 -0.0101816 0.000859781
1057000 0.912764 -0.00638201 0.000899083
1058000 0.909488 -0.00701383 0.000891538
1059000 0.883748 -0.00926588 0.000867429
1060000 0.921838 -0.00722655 0.000905913
1061000 0.885589 -0.00327633 0.000874479
1062000 0.891442 -0.0127887 0.000871356
1063000 0.942584 -0.00673648 0.000929358
1064000 0.869264 -0.00492754 0.000856991
1065000 0.9156 -0.00262328 0.000903068
1066000 0.908878 -0.00204438 0.000899604
1067000 0.915621 -0.00454487 0.000902486
1068000 0.862401 -0.00404962 0.000854678
1069000 0.933059 -0.0058538 0.000918137
1070000 0.887879 -0.00597755 0.000876413
1071000 0.876818 -0.00747462 0.00085986
1072000 0.905748 -0.00596371 0.000891443
1073000 0.912069 -0.00561275 0.000897035
1074000 0.902562 -0.00321726 0.000889512
1075000 0.874138 -0.00425925 0.000861007
1076000 0.917733 -0.0086056 0.000897644
1077000 0.924677 -0.00525922 0.000913277
1078000 0.875917 -0.0100689 0.00086242
1079000 0.910013 -0.00726429 0.000896141
1080000 0.922452 -0.00476207 0.000910225
1081000 0.878308 -0.00878809 0.000865563
1082000 0.899099 -0.00647846 0.000886531
1083000 0.941635 -0.00561331 0.000929803
1084000 0.9075 -0.00542333 0.000898205
1085000 0.892358 -0.00353807 0.000880725
1086000 0.919309 -0.00828998 0.000906505
1087000 0.913702 -0.00908849 0.000896892
1088000 0.91477 -0.00929509 0.000900183
1089000 0.870842 -0.0109156 0.000858098
1090000 0.914759 -0.00659988 0.000901419
1091000 0.897575 -0.0116413 0.000883083
1092000 0.885196 -0.0110122 0.000867358
1093000 0.90567 -0.0148239 0.000880819
1094000 0.917183 -0.01292 0.000899188
1095000 0.883606 -0.0122347 0.000868303
1096000 0.914192 -0.0118771 0.000899806
1097000 0.912669 -0.00985491 0.000897808
1098000 0.884556 -0.00932095 0.000869868
1099000 0.914792 -0.0074444 0.000900402
1100000 0.890926 -0.0058538 0.00088254
