# Time-averaged data for fix 2
# TimeStep v_Temperature v_PotentialEnergy v_Pressure
1000 0.812995 -0.823287 0.0384673
2000 0.754192 -1.22978 0.0201784
3000 0.770786 -1.40145 0.02417
4000 0.723799 -1.69222 0.0107737
5000 0.734906 -1.94006 0.0140723
6000 0.75553 -1.98955 0.0153034
7000 0.757593 -2.02938 0.00751102
8000 0.749628 -1.93672 0.00273655
9000 0.752729 -1.7986 0.00897406
10000 0.758811 -1.98276 0.0129327
11000 0.759451 -2.04622 0.00871292
12000 0.749878 -2.05478 0.011329
13000 0.748812 -2.23163 0.0167138
14000 0.763875 -2.46328 0.00906847
15000 0.757258 -2.5997 0.0140985
16000 0.722673 -2.56619 0.0145783
17000 0.768995 -2.48779 0.0143409
18000 0.758833 -2.40434 0.00871875
19000 0.779348 -2.30063 0.0144249
20000 0.756939 -2.70316 0.0139365
21000 0.750478 -2.51801 0.0122675
22000 0.734139 -2.73216 0.0104835
23000 0.761909 -2.54132 0.0125732
24000 0.760515 -2.22965 0.00899637
25000 0.759088 -2.29902 0.00861187
26000 0.744155 -2.14593 0.011044
27000 0.727949 -2.0235 0.0108189
28000 0.754128 -2.0066 0.0144057
29000 0.759316 -2.1016 0.0166043
30000 0.780684 -2.1292 0.0125684
31000 0.762435 -2.18747 0.0130743
32000 0.746419 -2.56866 0.00667318
33000 0.734666 -2.64265 0.0140875
34000 0.743162 -2.7986 0.0106192
35000 0.737759 -2.65849 0.00790132
36000 0.727342 -2.79496 0.00574006
37000 0.775582 -2.56659 0.0135531
38000 0.751753 -2.7622 0.0131638
39000 0.74825 -2.83113 0.0133932
40000 0.759953 -2.59654 0.0171691
41000 0.749467 -2.6692 0.0114297
42000 0.751204 -2.76247 0.00699985
43000 0.769002 -2.47236 0.0108999
44000 0.755967 -2.4694 0.0125738
45000 0.741371 -2.50038 0.00795015
46000 0.749522 -2.4006 0.0133718
47000 0.739442 -2.35696 0.012211
48000 0.755633 -2.33551 0.00753398
49000 0.753118 -2.53896 0.00790981
50000 0.750119 -2.56005 0.00922144
51000 0.767283 -2.3673 0.0157526
52000 0.755476 -2.43999 0.00540788
53000 0.747804 -2.51279 0.0119168
54000 0.746356 -2.51851 0.0147803
55000 0.762487 -2.49858 0.0101314
56000 0.747045 -2.39921 0.0108929
57000 0.747092 -2.3499 0.011071
58000 0.754014 -2.13217 0.0168394
59000 0.752602 -2.19188 0.0197303
60000 0.767969 -2.25555 0.020909
61000 0.759102 -2.40576 0.0123108
62000 0.732768 -2.58632 0.0101354
63000 0.761339 -2.55044 0.00237602
64000 0.743512 -2.60927 0.0138687
65000 0.749336 -2.70198 0.0122074
66000 0.734305 -2.61117 0.00999143
67000 0.762209 -2.48942 0.0115724
68000 0.764461 -2.42601 0.0111897
69000 0.751178 -2.34095 0.00921262
70000 0.735605 -2.74545 0.0103226
71000 0.738625 -2.36814 0.00777408
72000 0.748385 -2.27359 0.00950041
73000 0.756435 -2.3669 0.0130791
74000 0.747815 -2.23752 0.0127569
75000 0.731808 -2.40588 0.0102423
76000 0.744166 -2.37979 0.00681617
77000 0.749658 -2.54347 0.0108592
78000 0.734959 -2.61016 0.00719092
79000 0.727752 -2.5844 0.00896636
80000 0.748762 -2.50864 0.006954
81000 0.743045 -2.35301 0.0111377
82000 0.743305 -2.17054 0.0138379
83000 0.752177 -2.24351 0.0107511
84000 0.750878 -2.4708 0.0140911
85000 0.733294 -2.46017 0.00602699
86000 0.743331 -2.30314 0.0138309
87000 0.7342 -2.34783 0.0143748
88000 0.751943 -2.30928 0.0146718
89000 0.749339 -2.26333 0.0163082
90000 0.756483 -2.15979 0.022736
91000 0.757972 -2.36045 0.00983036
92000 0.774722 -2.38874 0.0122373
93000 0.746701 -2.50349 0.0108686
94000 0.73998 -2.67188 0.0136197
95000 0.743844 -2.82734 0.00819688
96000 0.744571 -2.77769 0.00892886
97000 0.788696 -2.49917 0.0130202
98000 0.740369 -2.44846 0.0121793
99000 0.766511 -2.2919 0.0111465
100000 0.752478 -2.53087 0.0133249
101000 0.727043 -2.56278 0.0102158
102000 0.751161 -2.4783 0.00964236
103000 0.753634 -2.34602 0.0151269
104000 0.762852 -2.22694 0.0116277
105000 0.727271 -2.33328 0.0151231
106000 0.740161 -2.33805 0.0118336
107000 0.75803 -2.24579 0.00944504
108000 0.743591 -2.17776 0.00927866
109000 0.745158 -2.2245 0.0144115
110000 0.764421 -2.08313 0.0101751
111000 0.746567 -2.31101 0.00447135
112000 0.746081 -2.27985 0.0117581
113000 0.737852 -2.41531 0.00986185
114000 0.750546 -2.35514 0.0124184
115000 0.748536 -2.19524 0.00877835
116000 0.748965 -2.25731 0.0131157
117000 0.748168 -2.26154 0.0067714
118000 0.746779 -2.29449 0.00938183
119000 0.736766 -2.2564 0.0114635
120000 0.738889 -2.29056 0.0120474
121000 0.756582 -2.22157 0.00972663
122000 0.766088 -2.07545 0.0132294
123000 0.740174 -2.19678 0.0126576
124000 0.766391 -2.24028 0.00705343
125000 0.742091 -2.3971 0.0115092
126000 0.737762 -2.31388 0.010032
127000 0.760702 -1.90551 0.01973
128000 0.753895 -2.20181 0.0134422
129000 0.735847 -2.39193 0.00724048
130000 0.738324 -2.31885 0.0118197
131000 0.74254 -2.40857 0.00960065
132000 0.751813 -2.36489 0.0130078
133000 0.753362 -2.21014 0.0137029
134000 0.748932 -2.31679 0.0119699
135000 0.76587 -2.42309 0.0096176
136000 0.752473 -2.35676 0.0107929
137000 0.763125 -2.24445 0.0097901
138000 0.756726 -2.32596 0.00892594
139000 0.750675 -2.24323 0.0113048
140000 0.756254 -2.11934 0.0140179
141000 0.76109 -2.3655 0.00376902
142000 0.755948 -2.58353 0.0105096
143000 0.749596 -2.6695 0.00553486
144000 0.768583 -2.53492 0.0107012
145000 0.736666 -2.336 0.00968647
146000 0.732445 -2.24782 0.0146927
147000 0.744031 -2.14549 0.0175827
148000 0.78825 -1.73868 0.0147962
149000 0.760991 -2.18855 0.0126975
150000 0.755369 -2.29428 0.0100451
151000 0.774226 -2.09482 0.017099
152000 0.765348 -2.20262 0.0143398
153000 0.74731 -2.20585 0.0084353
154000 0.749414 -2.24612 0.00595726
155000 0.762314 -2.32055 0.0100377
156000 0.760695 -2.27112 0.00999317
157000 0.743034 -2.39509 0.00825441
158000 0.749317 -2.54923 0.0125444
159000 0.760377 -2.70938 0.00988016
160000 0.757216 -2.5314 0.0159501
161000 0.749678 -2.55131 0.0175492
162000 0.76798 -2.30506 0.0148672
163000 0.740111 -2.41027 0.00875485
164000 0.758442 -2.48943 0.00537112
165000 0.743027 -2.33902 0.0084953
166000 0.771369 -2.08883 0.00780649
167000 0.751092 -2.18304 0.013534
168000 0.748125 -2.19896 0.000455944
169000 0.755485 -2.4696 0.00979401
170000 0.720579 -2.70464 0.011584
171000 0.751059 -2.43512 0.0103462
172000 0.749263 -2.1429 0.0134393
173000 0.771202 -2.15725 0.0127912
174000 0.747882 -2.43349 0.0114378
175000 0.759386 -2.29864 0.0133809
176000 0.723265 -2.30323 0.0089274
177000 0.746129 -2.30846 0.0102069
178000 0.759951 -2.41766 0.0152606
179000 0.736151 -2.38467 0.00848713
180000 0.773826 -2.37951 0.0121311
181000 0.728694 -2.6576 0.0108974
182000 0.754121 -2.66154 0.0117696
183000 0.749201 -2.55969 0.00847231
184000 0.739601 -2.76654 0.00647136
185000 0.76129 -2.65276 0.0093395
186000 0.767403 -2.46455 0.00745585
187000 0.743932 -2.54091 0.00509512
188000 0.745693 -2.632 0.00516352
189000 0.744194 -2.41291 0.0141292
190000 0.769086 -2.26658 0.010158
191000 0.731664 -2.22067 0.0128874
192000 0.751951 -2.26049 0.0081942
193000 0.758159 -2.27434 0.0162966
194000 0.746316 -2.26339 0.0120479
195000 0.747261 -2.15083 0.00842595
196000 0.743048 -2.21983 0.0173742
197000 0.738366 -2.34788 0.0151453
198000 0.750037 -2.45435 0.00896662
199000 0.728677 -2.6521 0.00378987
200000 0.750603 -2.60604 0.00925656
201000 0.744833 -2.463 0.0117533
202000 0.779918 -2.28068 0.00930382
203000 0.751621 -2.31669 0.0132432
204000 0.762182 -2.29484 0.00743724
205000 0.755115 -2.46628 0.00836548
206000 0.733568 -2.55223 0.0176292
207000 0.750139 -2.63845 0.0045015
208000 0.757334 -2.47615 0.0155197
209000 0.763196 -2.50083 0.0077643
210000 0.747352 -2.47668 0.014992
211000 0.750886 -2.64652 0.00770647
212000 0.750182 -2.66672 0.00968058
213000 0.773633 -2.55667 0.0121638
214000 0.741967 -2.42614 0.00828185
215000 0.730979 -2.29104 0.00854433
216000 0.7598 -2.30021 0.00408541
217000 0.734768 -2.69405 0.00899727
218000 0.754442 -2.64323 0.0120976
219000 0.771962 -2.47889 0.00934962
220000 0.758088 -2.39983 0.0192785
221000 0.767706 -2.45105 0.0128108
222000 0.737991 -2.50262 0.0175004
223000 0.755326 -2.21502 0.006121
224000 0.731294 -2.49341 0.00858951
225000 0.765878 -2.55087 0.0196921
226000 0.757657 -2.51007 0.0127187
227000 0.7474 -2.4584 0.0144023
228000 0.765228 -2.34873 0.0105006
229000 0.769697 -2.35109 0.011955
230000 0.746046 -2.38027 0.00541699
231000 0.759077 -2.51591 0.0155582
232000 0.739462 -2.53083 0.00648616
233000 0.754019 -2.3305 0.0128344
234000 0.744787 -2.43534 0.00949035
235000 0.753546 -2.38894 0.0114857
236000 0.76687 -2.28115 0.0141811
237000 0.760453 -2.08472 0.0108785
238000 0.748547 -2.17182 0.0116936
239000 0.737221 -2.31749 0.00227651
240000 0.73381 -2.57555 0.0145884
241000 0.732309 -2.59812 0.00692031
242000 0.757905 -2.76396 0.0128569
243000 0.730342 -2.70759 0.00861173
244000 0.758982 -2.57552 0.0146582
245000 0.752616 -2.52982 0.0104793
246000 0.740763 -2.50714 0.0127021
247000 0.729081 -2.68316 0.00651201
248000 0.751896 -2.64428 0.00810779
249000 0.752578 -2.70134 0.000306041
250000 0.762708 -2.56023 0.00855912
251000 0.756418 -2.57792 0.00893281
252000 0.738544 -2.83347 0.0102233
253000 0.734686 -2.91118 0.0109209
254000 0.757858 -2.78367 0.00167591
255000 0.769226 -2.5319 0.00537204
256000 0.754069 -2.24882 0.017519
257000 0.76614 -2.36876 0.0149657
258000 0.759769 -2.42503 0.00967303
259000 0.77927 -2.68406 0.0157793
260000 0.740142 -2.88511 0.00540986
261000 0.780108 -2.74159 0.0101579
262000 0.752177 -2.69309 0.00831243
263000 0.752173 -2.51179 0.0129177
264000 0.749593 -2.70126 0.00749791
265000 0.75587 -2.86552 0.00298634
266000 0.735399 -2.8785 0.000459336
267000 0.748244 -2.62981 0.00728234
268000 0.768286 -2.44622 0.00445315
269000 0.743953 -2.59363 0.00797989
270000 0.732456 -2.46185 0.0135049
271000 0.760795 -2.46092 0.0108918
272000 0.73756 -2.53851 0.0136109
273000 0.731518 -2.58211 0.00975134
274000 0.724375 -2.63576 0.0108555
275000 0.739549 -2.31413 0.011389
276000 0.734593 -2.27374 0.00601748
277000 0.761165 -2.45547 0.0183264
278000 0.733931 -2.35751 0.00717325
279000 0.775765 -2.31322 0.0118234
280000 0.741161 -2.30535 0.00623897
281000 0.724081 -2.28718 0.00354705
282000 0.755218 -2.43663 0.0101775
283000 0.75083 -2.47161 0.0108601
284000 0.756316 -2.5283 0.00866109
285000 0.741727 -2.64906 0.00980722
286000 0.736878 -2.85742 0.00855843
287000 0.763191 -2.56952 0.0118708
288000 0.780664 -2.44131 0.0143982
289000 0.743937 -2.36648 0.0164052
290000 0.746303 -2.54646 0.0075719
291000 0.764359 -2.73487 0.0110907
292000 0.758432 -2.77293 0.00773044
293000 0.746747 -2.80864 0.00933804
294000 0.751567 -2.84643 0.0120098
295000 0.725431 -2.80248 0.00858958
296000 0.768074 -2.57225 0.00397579
297000 0.728231 -2.89459 0.00819043
298000 0.752136 -2.58118 0.00600285
299000 0.752777 -2.49943 0.00783833
300000 0.715515 -2.60067 0.00746472
301000 0.735051 -2.41522 0.00869817
302000 0.753084 -2.67096 0.00792587
303000 0.754361 -2.70656 0.00482801
304000 0.763122 -2.62569 0.0138589
305000 0.761524 -2.61244 0.0143972
306000 0.737069 -2.6118 0.0085439
307000 0.750846 -2.74019 0.0159026
308000 0.725104 -2.67144 0.0106446
309000 0.746733 -2.56318 0.0125306
310000 0.743389 -2.60653 0.00849772
311000 0.75555 -2.60057 0.00899158
312000 0.756174 -2.45796 0.00995818
313000 0.744704 -2.59377 0.0111836
314000 0.761038 -2.51502 0.0117561
315000 0.732737 -2.6498 0.0133543
316000 0.726045 -2.44312 0.0132438
317000 0.747615 -2.51723 0.0168935
318000 0.742597 -2.49413 0.0138314
319000 0.761608 -2.37981 0.0115636
320000 0.767388 -1.91718 0.0153648
321000 0.740025 -1.90195 0.0163354
322000 0.763138 -1.95413 0.0245029
323000 0.751336 -2.06579 0.0157242
324000 0.745008 -2.11195 0.0114588
325000 0.756999 -2.39174 0.00754787
326000 0.751347 -2.75576 0.00587585
327000 0.739727 -2.63917 0.00853638
328000 0.735309 -2.52133 0.0150585
329000 0.754172 -2.50837 0.0150832
330000 0.744557 -2.39851 0.0039174
331000 0.71952 -2.48226 0.00786818
332000 0.740127 -2.30532 0.0109781
333000 0.730231 -2.4853 0.0100115
334000 0.745169 -2.46653 0.0112476
335000 0.737859 -2.54155 0.0105938
336000 0.785305 -2.6098 0.00799648
337000 0.762496 -2.51359 0.00277661
338000 0.768777 -2.27381 0.00734457
339000 0.742882 -2.58274 0.0102069
340000 0.7396 -2.57112 0.0119628
341000 0.733492 -2.41643 0.0107164
342000 0.770257 -2.42635 0.0137906
343000 0.751942 -2.36022 0.00766617
344000 0.745169 -2.32372 0.00542554
345000 0.752611 -2.43967 0.00675413
346000 0.750536 -2.50756 0.0084779
347000 0.761727 -2.36736 0.0049936
348000 0.782582 -2.32326 0.0060294
349000 0.750757 -2.48414 0.00254866
350000 0.746391 -2.61324 0.00786621
351000 0.764513 -2.66814 0.00909545
352000 0.734848 -2.72855 0.00569126
353000 0.756165 -2.55498 0.0141077
354000 0.767704 -2.46394 0.012655
355000 0.749905 -2.49665 0.00682573
356000 0.753638 -2.22515 0.0120267
357000 0.721046 -2.3449 0.0112594
358000 0.74426 -2.33875 0.0102138
359000 0.773942 -2.26329 0.00771282
360000 0.78656 -2.51668 0.00641317
361000 0.762092 -2.43565 0.00988089
362000 0.721994 -2.48192 0.00981604
363000 0.759348 -2.32739 0.0178607
364000 0.769037 -2.02108 0.00764397
365000 0.764869 -2.14232 0.0123014
366000 0.74353 -2.2662 0.0143497
367000 0.74618 -2.15481 0.00725932
368000 0.749902 -2.25339 0.0136985
369000 0.758443 -2.16577 0.0147702
370000 0.749909 -2.28061 0.00845538
371000 0.747668 -2.4097 0.0107212
372000 0.733927 -2.41187 0.0181376
373000 0.742467 -2.49931 0.00749902
374000 0.760054 -2.28682 0.0110656
375000 0.747683 -2.41087 0.00926019
376000 0.747636 -2.43567 0.0171923
377000 0.768477 -2.43031 0.0175363
378000 0.759849 -2.36264 0.0161824
379000 0.733686 -2.47596 0.00806796
380000 0.74832 -2.44615 0.00703035
381000 0.756618 -2.51339 0.00548515
382000 0.756658 -2.54703 0.01547
383000 0.743065 -2.62826 0.0106062
384000 0.755586 -2.46186 0.014197
385000 0.739447 -2.31906 0.0120839
386000 0.746219 -2.33192 0.0119771
387000 0.744802 -2.65472 0.0104825
388000 0.762214 -2.76398 0.00695151
389000 0.739841 -2.75241 0.00778191
390000 0.743467 -2.83337 0.00759548
391000 0.783566 -2.49653 0.0172424
392000 0.754225 -2.51675 0.0153
393000 0.761906 -2.53352 0.0106219
394000 0.758288 -2.69505 0.00888449
395000 0.755756 -2.64343 0.0102617
396000 0.741847 -2.4427 0.0085675
397000 0.779731 -2.53449 0.0189635
398000 0.739746 -2.62162 0.0129
399000 0.765669 -2.44287 0.0131028
400000 0.73376 -2.45871 0.0100798
401000 0.764074 -2.63167 0.0143848
402000 0.756495 -2.51422 0.00700177
403000 0.748498 -2.59388 0.00543603
404000 0.745027 -2.68934 0.00889177
405000 0.726706 -2.54932 0.00597877
406000 0.740479 -2.6437 0.0103772
407000 0.768687 -2.52234 0.0125196
408000 0.718388 -2.56146 0.0117355
409000 0.755772 -2.44536 0.00370485
410000 0.754669 -2.39978 0.00684366
411000 0.757428 -2.5006 0.0151801
412000 0.750522 -2.48736 0.00757026
413000 0.750418 -2.51465 0.00950608
414000 0.748307 -2.39486 0.00678671
415000 0.754641 -2.28648 0.00894472
416000 0.746393 -2.26974 0.00524784
417000 0.771634 -2.36862 0.00543213
418000 0.738285 -2.17666 0.00428561
419000 0.736188 -2.32285 0.0118398
420000 0.741511 -2.37472 0.00947103
421000 0.752973 -2.57915 0.0130134
422000 0.749301 -2.5435 0.00740298
423000 0.732878 -2.62091 0.00653851
424000 0.769326 -2.50798 0.0129606
425000 0.753557 -2.3732 0.011461
426000 0.772015 -2.28564 0.00859379
427000 0.766987 -2.33121 0.0199474
428000 0.737913 -2.27317 0.00619235
429000 0.746753 -2.45874 0.00757661
430000 0.745692 -2.58638 0.0059032
431000 0.746049 -2.47634 0.00292951
432000 0.766142 -2.38055 0.012708
433000 0.75699 -2.47946 0.00857834
434000 0.754902 -2.33058 0.00935529
435000 0.736487 -2.56952 0.0103155
436000 0.75174 -2.38504 0.00673092
437000 0.754469 -2.77761 0.011234
438000 0.759895 -2.699 0.00770631
439000 0.738711 -2.67504 0.0150971
440000 0.779384 -2.57928 0.00436152
441000 0.769552 -2.70695 0.0115474
442000 0.756254 -2.5393 0.0130961
443000 0.729053 -2.52976 0.00937202
444000 0.722715 -2.5037 0.00648327
445000 0.727493 -2.68522 0.011801
446000 0.746479 -2.55661 0.0135821
447000 0.767062 -2.21689 0.0182083
448000 0.745896 -2.55824 0.0140069
449000 0.725811 -2.52564 0.0122172
450000 0.741678 -2.49431 0.0107239
451000 0.751482 -2.59756 0.00281182
452000 0.760671 -2.73912 0.0134325
453000 0.763305 -2.38597 0.0130246
454000 0.753319 -2.39629 0.00355189
455000 0.762158 -2.49106 0.00990681
456000 0.763411 -2.18745 0.0115073
457000 0.745968 -2.26759 0.0111101
458000 0.750081 -2.46646 0.0147733
459000 0.755484 -2.55844 0.0116529
460000 0.739534 -2.15862 0.0070647
461000 0.764645 -2.50979 0.0108103
462000 0.732422 -2.51751 0.00826397
463000 0.760444 -2.48324 0.0120487
464000 0.768296 -2.50536 0.0150486
465000 0.738311 -2.5687 0.0111494
466000 0.726732 -2.54513 0.00655854
467000 0.751104 -2.49953 0.00984929
468000 0.750889 -2.61909 0.011307
469000 0.764665 -2.35644 0.0064871
470000 0.764521 -2.31869 0.0135631
471000 0.748748 -2.23846 0.0081296
472000 0.74267 -2.17092 0.010357
473000 0.749932 -2.1552 0.0111726
474000 0.741519 -2.32119 0.0155793
475000 0.748582 -2.45889 0.0078742
476000 0.749242 -2.42933 0.0183662
477000 0.724378 -2.39438 0.0103513
478000 0.758214 -2.40682 0.0134858
479000 0.741208 -2.62125 0.00892396
480000 0.754183 -2.46726 0.00831198
481000 0.746884 -2.2693 0.0158518
482000 0.762536 -2.46385 0.0071089
483000 0.736059 -2.54239 0.00741563
484000 0.742207 -2.56739 0.0115822
485000 0.731192 -2.2365 0.00731857
486000 0.762025 -1.97978 0.0156411
487000 0.765942 -2.18135 0.0114028
488000 0.763749 -2.26405 0.00715465
489000 0.739602 -2.11804 0.00896755
490000 0.750187 -2.31429 0.0125629
491000 0.742768 -2.16513 0.0110522
492000 0.739613 -2.3538 0.0078255
493000 0.753167 -2.4175 0.00761681
494000 0.759452 -2.46353 0.00283396
495000 0.732632 -2.60657 0.00563162
496000 0.769197 -2.38081 0.00857561
497000 0.72205 -2.61999 0.00289306
498000 0.750511 -2.4443 0.00586851
499000 0.729169 -2.35822 0.00949089
500000 0.758784 -2.14802 0.0137449
501000 0.759402 -2.26119 0.00506064
502000 0.727434 -2.37333 0.0130484
503000 0.750232 -2.613 0.0141999
504000 0.739323 -2.5498 0.00324616
505000 0.758345 -2.32488 0.00831849
506000 0.74665 -2.35268 0.00810152
507000 0.732298 -2.44248 0.00837529
508000 0.755743 -2.46342 0.0117678
509000 0.739832 -2.36243 0.0100253
510000 0.746887 -2.33083 0.00816283
511000 0.75167 -2.46519 0.0069894
512000 0.753502 -2.25963 0.00913705
513000 0.759079 -2.09223 0.0120753
514000 0.744983 -2.34638 0.0130232
515000 0.757794 -2.41064 0.00749723
516000 0.759425 -2.45396 0.0135633
517000 0.736908 -2.35063 0.012193
518000 0.758616 -2.3386 0.0148686
519000 0.766778 -2.45067 0.0115671
520000 0.753183 -2.42947 0.012152
521000 0.738662 -2.68043 0.0109556
522000 0.750344 -2.65954 0.0147795
523000 0.755727 -2.6552 0.014075
524000 0.75838 -2.72473 0.0118894
525000 0.73643 -2.67878 0.0139292
526000 0.743312 -2.62525 0.00933449
527000 0.746789 -2.73626 0.0148317
528000 0.732033 -2.63964 0.00526807
529000 0.739168 -2.49945 0.0107687
530000 0.776433 -2.31219 0.00940955
531000 0.736426 -2.27223 0.00854296
532000 0.759739 -2.22065 0.0121443
533000 0.763023 -2.21418 0.0117632
534000 0.750882 -2.22927 0.0105327
535000 0.770753 -2.44485 0.0118008
536000 0.749711 -2.58534 0.00908284
537000 0.717272 -2.55355 0.00870433
538000 0.750626 -2.47787 0.0163202
539000 0.729704 -2.47118 0.00884986
540000 0.752157 -2.40143 0.00982097
541000 0.749954 -2.39649 0.0124659
542000 0.758264 -2.54774 0.00800752
543000 0.751898 -2.60018 0.00935523
544000 0.758616 -2.77076 0.00968724
545000 0.742259 -2.66199 0.0145623
546000 0.737925 -2.67655 0.00677472
547000 0.748125 -2.59772 0.0149462
548000 0.755798 -2.49807 0.00689644
549000 0.735971 -2.54512 0.0100886
550000 0.747751 -2.3728 0.0156213
551000 0.752216 -2.35493 0.0124981
552000 0.741957 -2.22757 0.0134246
553000 0.73656 -2.35971 0.0123025
554000 0.757233 -2.40006 0.0168664
555000 0.757972 -2.0027 0.00729733
556000 0.750109 -2.16975 0.010941
557000 0.75406 -2.29986 0.00896693
558000 0.760168 -2.37552 0.0120941
559000 0.757641 -2.67468 0.0100463
560000 0.766891 -2.48275 0.00899454
561000 0.757478 -2.48655 0.0112219
562000 0.773298 -2.19631 0.0108665
563000 0.732324 -2.46871 0.0087204
564000 0.743693 -2.5528 0.013417
565000 0.734246 -2.60518 0.00742089
566000 0.766509 -2.57555 0.0150264
567000 0.756136 -2.64631 0.0170227
568000 0.75016 -2.65445 0.0113982
569000 0.762578 -2.56904 0.0111218
570000 0.741842 -2.53591 0.0159014
571000 0.749929 -2.62238 0.00452828
572000 0.744723 -2.7088 0.00332441
573000 0.761351 -2.56358 0.0164451
574000 0.765854 -2.48252 0.0123766
575000 0.72594 -2.86154 0.00461593
576000 0.756824 -2.59376 0.00818392
577000 0.765341 -2.64762 0.00856096
578000 0.742763 -2.64725 0.0144736
579000 0.737506 -2.6208 0.0105538
580000 0.74084 -2.68909 0.00428827
581000 0.726819 -2.73772 0.0115478
582000 0.731084 -2.65526 0.0150691
583000 0.742709 -2.53473 0.0125792
584000 0.743546 -2.29652 0.00873361
585000 0.751297 -2.33096 0.005668
586000 0.765668 -2.33961 0.00612782
587000 0.731045 -2.37107 0.00727245
588000 0.738796 -2.22831 0.00571942
589000 0.741614 -2.15335 0.0112687
590000 0.756069 -2.17702 0.0154173
591000 0.737279 -2.18266 0.0135976
592000 0.783485 -1.95949 0.0154439
593000 0.741905 -2.19585 0.0131905
594000 0.743485 -2.22208 0.0125079
595000 0.75673 -2.20423 0.0193552
596000 0.767385 -2.10907 0.0115057
597000 0.757953 -2.19097 0.0134177
598000 0.748929 -2.16058 0.0173493
599000 0.752266 -2.23974 0.00852861
600000 0.75275 -2.06554 0.0151366
601000 0.752243 -2.22904 0.0100027
602000 0.73186 -2.23038 0.0133264
603000 0.747055 -2.23182 0.0127152
604000 0.759165 -2.24381 0.014167
605000 0.747008 -2.17032 0.00922288
606000 0.760312 -2.15371 0.00943183
607000 0.7682 -1.99846 0.0144875
608000 0.737802 -2.15554 0.00955181
609000 0.755193 -2.25513 0.0133071
610000 0.762015 -2.3386 0.0137556
611000 0.757496 -2.39744 0.00846839
612000 0.760009 -2.37433 0.014965
613000 0.768311 -2.48676 0.010547
614000 0.775374 -2.56782 0.00637479
615000 0.757985 -2.37115 0.0079441
616000 0.742945 -2.10496 -0.000365591
617000 0.746053 -2.04753 0.0111209
618000 0.753869 -2.32635 0.0074905
619000 0.753203 -2.33834 0.0133762
620000 0.729567 -2.34217 0.013607
621000 0.749972 -2.40681 0.0146014
622000 0.739953 -2.45983 0.00868639
623000 0.753013 -2.28807 0.00812103
624000 0.749605 -2.4537 0.0115251
625000 0.757325 -2.39803 0.00584092
626000 0.732339 -2.58298 0.0141682
627000 0.774563 -2.68726 0.0145214
628000 0.747946 -2.80807 0.00461611
629000 0.749591 -2.69491 0.0141383
630000 0.718154 -2.78652 0.0108149
631000 0.757336 -2.54602 0.0167918
632000 0.741724 -2.30918 0.0124153
633000 0.751479 -2.24315 0.00878051
634000 0.755441 -2.35607 0.00595505
635000 0.752571 -2.56679 0.0102624
636000 0.745639 -2.53412 0.00826096
637000 0.758634 -2.51343 0.00852187
638000 0.766656 -2.52627 0.00827228
639000 0.738356 -2.67204 0.00583132
640000 0.742246 -2.6406 0.0100522
641000 0.730962 -2.6818 0.0102517
642000 0.757226 -2.58126 0.00937868
643000 0.751036 -2.55409 0.0112176
644000 0.736832 -2.4566 0.0142057
645000 0.769256 -2.33711 0.0166129
646000 0.734575 -2.42625 0.00971718
647000 0.74798 -2.56159 0.00908649
648000 0.742509 -2.78541 0.00666962
649000 0.75586 -2.53977 0.00710349
650000 0.733743 -2.20306 0.0100348
651000 0.746763 -2.45946 0.00961885
652000 0.772488 -2.46845 0.0111411
653000 0.754659 -2.5685 0.0104164
654000 0.733315 -2.44644 0.0142117
655000 0.763129 -2.42305 0.00869236
656000 0.77656 -2.36354 0.0160053
657000 0.768093 -2.52424 0.00989024
658000 0.772028 -2.42095 0.0129437
659000 0.756015 -2.2467 0.014308
660000 0.762948 -2.37483 0.0163532
661000 0.725436 -2.36833 0.0162842
662000 0.762874 -2.54881 0.0137479
663000 0.736177 -2.69957 0.00601436
664000 0.747935 -2.72769 0.00893342
665000 0.739713 -2.56727 0.0118235
666000 0.774312 -2.30122 0.0120412
667000 0.752163 -2.53745 0.0106662
668000 0.73719 -2.55256 0.0105192
669000 0.762349 -2.53568 0.00575685
670000 0.755247 -2.8444 0.00699769
671000 0.747063 -2.70852 0.00732482
672000 0.776051 -2.41175 0.0161869
673000 0.75915 -2.55559 0.0151696
674000 0.730699 -2.54584 0.0066187
675000 0.736717 -2.53876 0.00856132
676000 0.712298 -2.42402 0.0118226
677000 0.731443 -2.10241 0.0112494
678000 0.764636 -2.18566 0.016654
679000 0.733388 -2.17035 0.0117342
680000 0.738127 -2.21978 0.00732433
681000 0.741982 -2.44394 0.0128843
682000 0.740459 -2.56808 0.0101228
683000 0.738432 -2.32743 0.012237
684000 0.749097 -2.37703 0.0174375
685000 0.716544 -2.62055 0.0112434
686000 0.749601 -2.36451 0.00736419
687000 0.75202 -2.33603 0.0134557
688000 0.759323 -2.11616 0.0162453
689000 0.725967 -2.34226 0.0201297
690000 0.757605 -2.17413 0.0102552
691000 0.76634 -2.30291 0.0133494
692000 0.751084 -2.29704 0.0128986
693000 0.767381 -2.46369 0.0112186
694000 0.768196 -2.61198 0.0102481
695000 0.762768 -2.65159 0.0109482
696000 0.73293 -2.77695 0.0082603
697000 0.779598 -2.71339 0.0115655
698000 0.741284 -2.66421 0.00430524
699000 0.735633 -2.27607 0.00799481
700000 0.755115 -1.88466 0.0108804
701000 0.746941 -2.09746 0.0146112
702000 0.77184 -2.25268 0.00428077
703000 0.733862 -2.53318 0.00818423
704000 0.749041 -2.3364 0.00921546
705000 0.749442 -2.5419 0.00831958
706000 0.758505 -2.48564 0.0101785
707000 0.746377 -2.31141 0.0113368
708000 0.762825 -2.34652 0.0125835
709000 0.745385 -2.60033 0.0154023
710000 0.750201 -2.62865 0.0118037
711000 0.718253 -2.88008 0.00280915
712000 0.756265 -2.82258 0.00718573
713000 0.748799 -2.71434 0.00728416
714000 0.760152 -2.6452 0.0143181
715000 0.767047 -2.55671 0.0109998
716000 0.769676 -2.64735 0.0179947
717000 0.742898 -2.52604 0.00510911
718000 0.745511 -2.50399 0.0119441
719000 0.725954 -2.55271 0.0114434
720000 0.766649 -2.35736 0.0177012
721000 0.725007 -2.64086 0.0118473
722000 0.738483 -2.44417 0.00896985
723000 0.735806 -2.66927 0.0143188
724000 0.743397 -2.60132 0.0100418
725000 0.775065 -2.57442 0.012832
726000 0.742656 -2.43071 0.00808802
727000 0.754414 -2.56855 0.0116264
728000 0.74083 -2.45309 0.00466056
729000 0.755907 -2.46598 -0.00404096
730000 0.740999 -2.38191 -0.00458825
731000 0.739256 -2.24159 0.0127159
732000 0.727467 -2.29729 0.00855881
733000 0.753004 -2.25821 0.0156977
734000 0.749833 -2.25619 0.0166129
735000 0.748702 -2.16434 0.0111731
736000 0.751213 -2.49016 0.0054289
737000 0.74203 -2.68338 0.0157135
738000 0.753507 -2.52109 0.0091755
739000 0.736258 -2.64447 0.00177725
740000 0.766313 -2.37301 0.0108946
741000 0.744816 -2.36655 0.0147914
742000 0.743666 -2.59048 0.012362
743000 0.778897 -2.37443 0.0178282
744000 0.739853 -2.5343 0.0080745
745000 0.744819 -2.55807 0.00900057
746000 0.75597 -2.5391 0.00764325
747000 0.743815 -2.46524 0.00601026
748000 0.763345 -2.53044 0.0141655
749000 0.745205 -2.57684 0.00629619
750000 0.74871 -2.60895 0.0103056
751000 0.75446 -2.42147 0.011209
752000 0.758297 -2.30881 0.0179936
753000 0.763769 -2.23789 0.00458503
754000 0.749594 -2.43335 0.00812303
755000 0.74785 -2.2804 0.0137648
756000 0.75735 -2.30192 0.0131796
757000 0.753197 -2.31401 0.018594
758000 0.768625 -2.38239 0.0105715
759000 0.768449 -2.22989 0.0182619
760000 0.746524 -2.2479 0.0106545
761000 0.739583 -2.28773 0.00708354
762000 0.771963 -2.27093 0.010432
763000 0.748251 -2.47136 0.00547587
764000 0.740685 -2.54309 0.0132475
765000 0.748142 -2.43771 0.00767569
766000 0.764778 -2.29841 0.00189493
767000 0.742766 -2.24154 0.011365
768000 0.758672 -2.36175 0.0141657
769000 0.762546 -2.43654 0.00893177
770000 0.734785 -2.92318 0.00628246
771000 0.743191 -2.87454 0.0126961
772000 0.762805 -2.51178 0.0120139
773000 0.758206 -2.42991 0.0135213
774000 0.754951 -2.59184 0.00686754
775000 0.738935 -2.50966 0.00431736
776000 0.753193 -2.59447 0.0141345
777000 0.732953 -2.65503 0.00930047
778000 0.757923 -2.67301 0.0184961
779000 0.777635 -2.4712 0.0118096
780000 0.746602 -2.43772 0.0119321
781000 0.750917 -2.36776 0.00987113
782000 0.755306 -2.36276 0.0103907
783000 0.751036 -2.22751 0.0117327
784000 0.751076 -2.13491 0.0121315
785000 0.777032 -1.93071 0.0150161
786000 0.754488 -2.03724 0.0155529
787000 0.763455 -2.27494 0.0130464
788000 0.746972 -2.25086 0.0140642
789000 0.744831 -2.2056 0.0167737
790000 0.77439 -2.18436 0.0119054
791000 0.74134 -2.39916 0.0120717
792000 0.751693 -2.60069 0.011364
793000 0.768967 -2.61958 0.0158178
794000 0.755037 -2.44447 0.00837397
795000 0.747524 -2.39619 0.0118398
796000 0.761254 -2.18724 0.0083113
797000 0.754959 -2.19615 0.0135358
798000 0.727024 -2.42209 0.00472537
799000 0.758143 -2.42831 0.00716907
800000 0.738343 -2.55568 0.0192503
801000 0.737699 -2.46467 0.0133698
802000 0.715227 -2.63965 0.0123783
803000 0.760723 -2.58525 0.00960718
804000 0.760683 -2.51896 0.0134086
805000 0.743707 -2.35961 0.00910826
806000 0.739955 -2.26704 0.013731
807000 0.770687 -2.35011 0.0139086
808000 0.754086 -2.32722 0.0137596
809000 0.74315 -2.43249 0.0128255
810000 0.732699 -2.4503 0.0120243
811000 0.769256 -2.34057 0.0114649
812000 0.73418 -2.29914 0.0113476
813000 0.735499 -2.20029 0.0134929
814000 0.74372 -1.98799 0.0170433
815000 0.73323 -2.15452 0.00804173
816000 0.741989 -2.47245 0.00439509
817000 0.757609 -2.39054 0.0114568
818000 0.76982 -2.34654 0.0114145
819000 0.740267 -2.4089 0.0113165
820000 0.77391 -2.33825 0.0139701
821000 0.734442 -2.08731 0.0139339
822000 0.757306 -2.06347 0.0130159
823000 0.742521 -2.02122 0.0107892
824000 0.770954 -2.17713 0.00862974
825000 0.737285 -2.34667 0.00698256
826000 0.726489 -2.40759 0.00845609
827000 0.742998 -2.42868 0.0147838
828000 0.730086 -2.46048 0.0138565
829000 0.763456 -2.44545 0.0166635
830000 0.753128 -2.45006 0.00590842
831000 0.771093 -2.55304 0.00850849
832000 0.742575 -2.50077 0.00920476
833000 0.748804 -2.32728 0.0127361
834000 0.772488 -2.33454 0.0138538
835000 0.748502 -2.47313 0.0107601
836000 0.751733 -2.6183 0.0145866
837000 0.752149 -2.53478 0.00638028
838000 0.731522 -2.74832 0.0105218
839000 0.743068 -2.6125 0.0122757
840000 0.755161 -2.39114 0.0142596
841000 0.744798 -2.34687 0.0120926
842000 0.761023 -2.3501 0.0133298
843000 0.751857 -2.37649 0.0114462
844000 0.762661 -2.40637 0.0065265
845000 0.761074 -2.59757 0.0110446
846000 0.742942 -2.48785 0.00533355
847000 0.756651 -2.30294 0.00704575
848000 0.766481 -2.15168 0.0161498
849000 0.762027 -2.17295 0.00995796
850000 0.753718 -2.334 0.0121378
851000 0.769907 -2.32452 0.00730772
852000 0.763303 -2.28672 0.0153881
853000 0.754803 -2.40389 0.0144412
854000 0.756953 -2.33938 0.0134872
855000 0.748612 -2.37887 0.00870295
856000 0.744402 -2.47518 0.00747172
857000 0.74933 -2.46309 0.00891513
858000 0.742476 -2.60096 0.0109531
859000 0.755532 -2.6118 0.00877126
860000 0.760578 -2.59419 0.0120536
861000 0.758748 -2.39418 0.0110946
862000 0.765406 -2.39657 0.0191422
863000 0.754728 -2.5291 0.0103305
864000 0.769001 -2.41524 0.0197318
865000 0.758045 -2.25618 0.0153719
866000 0.741172 -2.12592 0.0140087
867000 0.74848 -2.22543 0.0147846
868000 0.743599 -2.42234 0.0120244
869000 0.74126 -2.66036 0.00677357
870000 0.765798 -2.67304 0.00615129
871000 0.75413 -2.56288 0.0114828
872000 0.756643 -2.62414 0.00690649
873000 0.73187 -2.72235 0.0136111
874000 0.745357 -2.5092 0.0134218
875000 0.771177 -2.40538 0.00970462
876000 0.759482 -2.50834 0.00671308
877000 0.733956 -2.64549 0.00761732
878000 0.767274 -2.35593 0.0167966
879000 0.76589 -2.43915 0.0131599
880000 0.73516 -2.52365 0.0174269
881000 0.721212 -2.77597 0.00814659
882000 0.72099 -2.74075 0.00661227
883000 0.750746 -2.81188 0.0166663
884000 0.777623 -2.31966 0.00393695
885000 0.754015 -2.26235 0.0127427
886000 0.756477 -2.31615 0.0108381
887000 0.762018 -2.63958 0.0070065
888000 0.761072 -2.61722 0.0152882
889000 0.736619 -2.5208 0.00666844
890000 0.773867 -2.46545 0.012043
891000 0.781015 -2.26876 0.0143539
892000 0.720692 -2.37639 0.0121334
893000 0.744713 -2.3665 0.0119975
894000 0.760344 -2.55985 0.014229
895000 0.762255 -2.67528 0.00963931
896000 0.734582 -2.81098 0.00492675
897000 0.731979 -2.68404 0.00979973
898000 0.764357 -2.56063 0.00789617
899000 0.772487 -2.63912 0.00913831
900000 0.744041 -2.57023 0.00914911
901000 0.746773 -2.52702 0.00958843
902000 0.748018 -2.61092 0.00809337
903000 0.75192 -2.63319 0.00167618
904000 0.748461 -2.62209 0.014423
905000 0.737397 -2.4647 0.00721136
906000 0.774043 -2.25508 0.0101068
907000 0.725327 -2.57236 0.0118924
908000 0.758875 -2.60302 0.01188
909000 0.731891 -2.6811 0.0117121
910000 0.74881 -2.52301 0.0121067
911000 0.747483 -2.43697 0.0109235
912000 0.754564 -2.69045 0.0115657
913000 0.756124 -2.6521 0.0124056
914000 0.740643 -2.41772 0.0114553
915000 0.763906 -2.43981 0.015503
916000 0.765987 -2.32854 0.0129713
917000 0.755187 -2.32063 0.00895116
918000 0.764758 -2.20753 0.019393
919000 0.724263 -2.29457 0.0138657
920000 0.733426 -2.2886 0.0117984
921000 0.741183 -2.40249 0.0098759
922000 0.757734 -2.5668 0.00498541
923000 0.71939 -2.62459 0.00955795
924000 0.733322 -2.64499 0.01231
925000 0.746739 -2.29396 0.00607177
926000 0.780366 -2.39464 0.00946727
927000 0.743695 -2.50826 0.00887534
928000 0.748733 -2.6277 0.00598341
929000 0.755585 -2.41317 0.00926161
930000 0.76602 -2.52858 0.0100231
931000 0.720902 -2.68686 0.00642169
932000 0.755952 -2.7897 0.00792834
933000 0.778583 -2.56831 0.0131377
934000 0.741484 -2.6857 0.00864203
935000 0.73462 -2.67762 0.0036603
936000 0.728229 -2.68404 0.00930179
937000 0.758563 -2.30384 0.0106833
938000 0.762022 -2.49628 0.0178709
939000 0.759098 -2.52224 0.00785213
940000 0.756103 -2.7918 0.0073492
941000 0.775238 -2.5647 0.00985302
942000 0.789527 -2.47378 0.0137666
943000 0.735979 -2.68041 0.00626375
944000 0.751492 -2.36346 0.0114591
945000 0.739842 -2.42303 0.0120683
946000 0.73759 -2.56811 0.0152154
947000 0.77578 -2.33972 0.0180648
948000 0.744188 -2.42127 0.011416
949000 0.750191 -2.39291 0.0137582
950000 0.744621 -2.82821 0.00617522
951000 0.749876 -2.60875 0.00849397
952000 0.77769 -2.42351 0.011464
953000 0.736413 -2.33528 0.0087584
954000 0.746575 -2.51724 0.00861199
955000 0.767984 -2.52152 0.0133672
956000 0.76249 -2.59455 0.0133024
957000 0.750914 -2.51218 0.00607181
958000 0.749309 -2.57087 0.0101238
959000 0.741189 -2.56667 0.0097698
960000 0.759262 -2.66042 0.00368459
961000 0.746989 -2.6945 0.0138456
962000 0.749307 -2.5366 0.0114539
963000 0.757059 -2.50985 0.0139602
964000 0.766503 -2.51099 0.00880348
965000 0.726632 -2.66826 0.0118972
966000 0.747589 -2.60475 0.011259
967000 0.752846 -2.69 0.00851818
968000 0.763859 -2.64509 0.0114992
969000 0.737871 -2.52905 0.0149533
970000 0.750662 -2.48537 0.0171124
971000 0.746037 -2.45352 0.0110248
972000 0.747358 -2.6454 0.0108216
973000 0.731217 -2.49551 0.0120745
974000 0.747399 -2.40399 0.0136826
975000 0.747449 -2.39106 0.00604328
976000 0.763276 -2.56491 0.007607
977000 0.7357 -2.58218 0.00888362
978000 0.753612 -2.62256 0.00780178
979000 0.745407 -2.67675 0.00717087
980000 0.754614 -2.68152 0.00885212
981000 0.749631 -2.39688 0.00762754
982000 0.757074 -2.53563 0.00980437
983000 0.717007 -2.46783 0.00309417
984000 0.753212 -2.47341 0.0102338
985000 0.732805 -2.39934 0.00987928
986000 0.75904 -2.35826 0.00161655
987000 0.753145 -2.4104 0.00931307
988000 0.760087 -2.52347 0.0153758
989000 0.756371 -2.40491 0.0171509
990000 0.75902 -2.55465 0.0149907
991000 0.740399 -2.51564 0.00578455
992000 0.743951 -2.71201 0.0162586
993000 0.743443 -2.58146 0.00601878
994000 0.768154 -2.41677 0.0189763
995000 0.750194 -2.48351 0.00752255
996000 0.731937 -2.6709 0.00474423
997000 0.756889 -2.5933 0.00475346
998000 0.760189 -2.55944 0.010111
999000 0.763198 -2.44496 0.0131593
1000000 0.741075 -2.30933 0.0136664
1001000 0.747129 -2.38991 0.0058442
1002000 0.740739 -2.62264 0.00497703
1003000 0.77519 -2.56585 0.0119489
1004000 0.737069 -2.73968 0.00903782
1005000 0.743512 -2.47718 0.00579174
1006000 0.738628 -2.40641 0.00199574
1007000 0.762971 -2.46565 0.0135905
1008000 0.751325 -2.54586 0.00884792
1009000 0.768214 -2.39674 0.00891208
1010000 0.736481 -2.38345 0.0138418
1011000 0.757644 -2.36466 0.0130559
1012000 0.733453 -2.53749 0.0116057
1013000 0.759824 -2.5024 0.0147748
1014000 0.761042 -2.47032 0.0108076
1015000 0.754449 -2.58545 0.00835276
1016000 0.745401 -2.61988 0.0138185
1017000 0.734837 -2.42993 0.0146897
1018000 0.766335 -2.29805 0.0167505
1019000 0.751777 -2.23573 0.0118969
1020000 0.752341 -2.28705 0.0155891
1021000 0.743125 -2.21139 0.00850608
1022000 0.74636 -2.0772 0.0180217
1023000 0.773587 -2.2168 0.0132407
1024000 0.744876 -2.19182 0.0133888
1025000 0.747223 -2.15908 0.0123888
1026000 0.738431 -2.41619 0.00850015
1027000 0.736754 -2.65058 0.00631572
1028000 0.755753 -2.56756 0.0155368
1029000 0.783249 -2.44786 0.00722422
1030000 0.738204 -2.71332 0.00536573
1031000 0.741124 -2.86642 0.0105198
1032000 0.730814 -2.64288 0.010337
1033000 0.741994 -2.49448 0.0106305
1034000 0.758095 -2.56444 0.01216
1035000 0.725068 -2.53447 0.00914682
1036000 0.746158 -2.38757 0.00160037
1037000 0.748943 -2.29631 0.0116926
1038000 0.753187 -2.33226 0.00594183
1039000 0.742965 -2.41488 0.00701561
1040000 0.760144 -2.47763 0.0111581
1041000 0.755033 -2.52557 0.0122268
1042000 0.742084 -2.53916 0.00825012
1043000 0.755271 -2.38994 0.0078444
1044000 0.744409 -2.29985 0.00739982
1045000 0.775826 -2.37631 0.0128715
1046000 0.74473 -2.35471 0.0164681
1047000 0.761047 -2.28946 0.00498588
1048000 0.73487 -2.42768 0.0120544
1049000 0.75604 -2.46183 0.0112671
1050000 0.733897 -2.6164 0.00163653
1051000 0.736393 -2.55031 0.0105043
1052000 0.744799 -2.54992 0.0110008
1053000 0.776614 -2.47301 0.00881163
1054000 0.768112 -2.23824 0.00906223
1055000 0.75688 -2.33896 0.000935148
1056000 0.743038 -2.5273 0.00403343
1057000 0.765887 -2.51974 0.00406849
1058000 0.732466 -2.79312 0.00453192
1059000 0.737297 -2.457 0.00628567
1060000 0.742237 -2.3023 0.0135017
1061000 0.734702 -2.33586 0.0116584
1062000 0.752333 -2.28344 0.0110365
1063000 0.753961 -2.14391 0.00678443
1064000 0.771689 -2.03251 0.00991527
1065000 0.75347 -2.07556 0.0112803
1066000 0.771774 -1.75936 0.0212797
1067000 0.741003 -1.84814 0.00678557
1068000 0.739611 -2.06776 0.00923716
1069000 0.738365 -2.42399 0.00825945
1070000 0.758527 -2.26259 0.00471099
1071000 0.771358 -2.34375 0.00774526
1072000 0.755568 -2.50969 0.0076369
1073000 0.762734 -2.23929 0.00956923
1074000 0.745305 -2.35611 0.0103851
1075000 0.763772 -2.53513 0.0171145
1076000 0.784667 -2.54643 0.00906685
1077000 0.73989 -2.57662 0.00738083
1078000 0.730981 -2.54979 0.0161582
1079000 0.758971 -2.50962 0.010922
1080000 0.745033 -2.40572 0.00383522
1081000 0.737791 -2.3547 0.0115407
1082000 0.747546 -2.46041 0.0054831
1083000 0.716399 -2.49907 0.0099712
1084000 0.741845 -2.32004 0.0140849
1085000 0.778733 -2.2016 0.0146555
1086000 0.751437 -2.52301 0.013961
1087000 0.744457 -2.39369 0.0140494
1088000 0.753158 -2.39129 0.00737702
1089000 0.754713 -2.49818 0.0123431
1090000 0.751524 -2.45965 0.00834588
1091000 0.750829 -2.43519 0.00739529
1092000 0.769775 -2.25206 0.00910903
1093000 0.780211 -2.3611 0.0107437
1094000 0.760589 -2.3201 0.0110983
1095000 0.750947 -2.43896 0.016674
1096000 0.750647 -2.36973 0.0159758
1097000 0.73983 -2.29738 0.0139168
1098000 0.744304 -2.37306 0.00729211
1099000 0.758912 -2.1016 0.0107017
1100000 0.736315 -2.23524 0.0121367
