# Time-averaged data for fix 2
# TimeStep v_Temperature v_PotentialEnergy v_Pressure
1000 1.2078 -0.00527638 0.0011947
2000 1.20451 -0.00667396 0.00118816
3000 1.23162 -0.00809259 0.00121716
4000 1.19195 -0.00519378 0.00117877
5000 1.20162 -0.00252963 0.00118671
6000 1.15768 -0.00876358 0.001142
7000 1.17174 -0.00393863 0.00115601
8000 1.20522 -0.00260436 0.00119392
9000 1.17139 -0.00432082 0.0011589
10000 1.18627 -0.0125594 0.00116553
11000 1.18104 -0.00677499 0.00116749
12000 1.22172 -0.00328937 0.00121004
13000 1.18307 -0.00272527 0.00117274
14000 1.16804 -0.00261387 0.00115777
15000 1.22771 -0.00344698 0.00121083
16000 1.21801 -0.00361464 0.00120271
17000 1.18961 -0.00337521 0.00117492
18000 1.22745 -0.00456851 0.00120955
19000 1.18053 -0.00517741 0.00116426
20000 1.18231 -0.0116262 0.00116653
21000 1.18701 -0.00505221 0.00117531
22000 1.17639 -0.00808816 0.00115849
23000 1.15856 -0.00430211 0.00114443
24000 1.21254 -0.00952808 0.00119463
25000 1.19255 -0.00560704 0.00117606
26000 1.21042 -0.00404707 0.00119771
27000 1.14791 -0.00333228 0.00113516
28000 1.21886 -0.00627577 0.00120384
29000 1.16867 -0.00301114 0.0011551
30000 1.25415 -0.00252002 0.00124374
31000 1.1997 -0.00550488 0.00118102
32000 1.16433 -0.00675275 0.00114731
33000 1.16961 -0.00613248 0.00115204
34000 1.20109 -0.00962878 0.00117937
35000 1.17689 -0.00500759 0.00116791
36000 1.15412 -0.00753522 0.00113601
37000 1.19612 -0.00383368 0.00118579
38000 1.1864 -0.00847555 0.0011764
39000 1.25706 -0.00702499 0.00124037
40000 1.20847 -0.00399946 0.0011934
41000 1.19028 -0.00359706 0.00117598
42000 1.22501 -0.00973983 0.00120668
43000 1.18472 -0.00422726 0.0011699
44000 1.21517 -0.00622755 0.0011993
45000 1.18377 -0.00755036 0.00117374
46000 1.22481 -0.00568914 0.00121171
47000 1.21838 -0.00475625 0.00120382
48000 1.15967 -0.00534093 0.00114617
49000 1.22548 -0.00883143 0.00120779
50000 1.21196 -0.00491129 0.0011957
51000 1.17286 -0.00730009 0.00115554
52000 1.21641 -0.00662466 0.00120463
53000 1.18025 -0.00667007 0.00116782
54000 1.20562 -0.00348937 0.00119338
55000 1.21896 -0.00690472 0.00120331
56000 1.18375 -0.00666441 0.00116602
57000 1.17131 -0.0105295 0.00115175
58000 1.24406 -0.00455669 0.00123462
59000 1.18008 -0.00998635 0.00116544
60000 1.19309 -0.0105068 0.00117475
61000 1.18945 -0.0081486 0.00117262
62000 1.20602 -0.0037885 0.00119322
63000 1.19267 -0.00760949 0.00117741
64000 1.1953 -0.00363319 0.00117943
65000 1.22171 -0.00755496 0.00120444
66000 1.16433 -0.00845759 0.00115013
67000 1.2055 -0.00675134 0.00118889
68000 1.21801 -0.00450917 0.00120328
69000 1.17462 -0.00414018 0.00116071
70000 1.14772 -0.0144295 0.00112686
71000 1.18553 -0.0128486 0.00116571
72000 1.2477 -0.0132892 0.00122728
73000 1.19749 -0.0151884 0.00117548
74000 1.1688 -0.0150558 0.0011459
75000 1.21826 -0.0242007 0.0011953
76000 1.19703 -0.0114448 0.00118266
77000 1.19123 -0.0129755 0.00117345
78000 1.22231 -0.0102152 0.00121176
79000 1.18178 -0.0146459 0.00116002
80000 1.19298 -0.00911826 0.00117673
81000 1.24687 -0.0154295 0.00123098
82000 1.18051 -0.0101328 0.00116186
83000 1.19452 -0.0148106 0.00117328
84000 1.20731 -0.0174269 0.00118736
85000 1.23071 -0.0148415 0.00121172
86000 1.21383 -0.0181428 0.00118575
87000 1.20755 -0.00999209 0.0011862
88000 1.14781 -0.0147715 0.00112644
89000 1.20295 -0.0183705 0.00117311
90000 1.24217 -0.0148952 0.00122033
91000 1.15782 -0.0139469 0.00113493
92000 1.20609 -0.013596 0.00118401
93000 1.21476 -0.0123553 0.00119549
94000 1.20384 -0.00958622 0.00118561
95000 1.24466 -0.0103829 0.00123118
96000 1.21673 -0.00423833 0.00119973
97000 1.16361 -0.00892195 0.00115186
98000 1.20414 -0.00607245 0.00119094
99000 1.24243 -0.00348495 0.00122934
100000 1.17263 -0.00642341 0.00115923
101000 1.17592 -0.00533042 0.0011659
102000 1.21816 -0.00587563 0.00119906
103000 1.16127 -0.00597981 0.00115531
104000 1.23077 -0.00211315 0.0012159
105000 1.20504 -0.00721468 0.00118918
106000 1.16567 -0.00514082 0.00115459
107000 1.20982 -0.0048069 0.00119716
108000 1.228 -0.00760014 0.00120811
109000 1.19995 -0.0102216 0.00118583
110000 1.20146 -0.00781185 0.00118179
111000 1.19069 -0.00722086 0.00117595
112000 1.17551 -0.00801237 0.0011543
113000 1.18774 -0.0075164 0.00117089
114000 1.208 -0.00118985 0.00119364
115000 1.21326 -0.00915951 0.00119231
116000 1.18052 -0.00815129 0.00116339
117000 1.23765 -0.00429463 0.00121881
118000 1.17332 -0.00431102 0.0011566
119000 1.15444 -0.00607826 0.00113984
120000 1.19139 -0.00577524 0.00117673
121000 1.20166 -0.00790879 0.00118594
122000 1.16396 -0.0117101 0.0011505
123000 1.20263 -0.00675359 0.00119104
124000 1.18599 -0.008546 0.00117458
125000 1.24726 -0.0127241 0.00122185
126000 1.23175 -0.00903857 0.00121613
127000 1.1798 -0.00680578 0.00116544
128000 1.17841 -0.00748499 0.00116319
129000 1.19815 -0.00603964 0.00118315
130000 1.21064 -0.00118599 0.00119832
131000 1.15436 -0.00598747 0.00114014
132000 1.17852 -0.00223788 0.00116482
133000 1.18122 -0.00844858 0.0011644
134000 1.18168 -0.00315393 0.00117359
135000 1.19071 -0.00894854 0.00117585
136000 1.16484 -0.0138607 0.00114336
137000 1.20477 -0.00584492 0.00118894
138000 1.19479 -0.00713713 0.00118076
139000 1.23561 -0.00424361 0.00122155
140000 1.19251 -0.00370431 0.0011792
141000 1.22153 -0.00659056 0.00120341
142000 1.23032 -0.00492036 0.00121552
143000 1.22399 -0.00763023 0.00121145
144000 1.20235 -0.00507343 0.00118864
145000 1.21556 -0.00668887 0.00120102
146000 1.19664 -0.006439 0.00118147
147000 1.21099 -0.0108557 0.00118966
148000 1.21602 -0.0118679 0.0012011
149000 1.18641 -0.00833793 0.00116725
150000 1.21805 -0.00825577 0.00119975
151000 1.18129 -0.0102113 0.00116615
152000 1.17683 -0.00718024 0.00116303
153000 1.19743 -0.0106254 0.00117656
154000 1.17895 -0.00619631 0.00116488
155000 1.16537 -0.00943365 0.00115037
156000 1.17676 -0.0137742 0.0011537
157000 1.20379 -0.00855102 0.00118389
158000 1.18195 -0.00673051 0.00116452
159000 1.20408 -0.00484538 0.00119134
160000 1.20298 -0.00745029 0.00118709
161000 1.22402 -0.00867165 0.00120516
162000 1.17792 -0.00587098 0.00116327
163000 1.18541 -0.00543344 0.00117137
164000 1.19975 -0.00442819 0.00118722
165000 1.16502 -0.00260131 0.00115248
166000 1.16508 -0.00744716 0.00115029
167000 1.18743 -0.00508049 0.00116833
168000 1.19855 -0.0061744 0.00118057
169000 1.21426 -0.00561524 0.00119966
170000 1.19371 -0.00639448 0.00118726
171000 1.18563 -0.00715201 0.00117004
172000 1.22596 -0.010525 0.00120118
173000 1.18452 -0.0145883 0.00115512
174000 1.18654 -0.00221266 0.00117317
175000 1.2155 -0.00446614 0.00120001
176000 1.20682 -0.00497715 0.00119271
177000 1.18262 -0.00632708 0.00116651
178000 1.20606 -0.00752507 0.00119005
179000 1.19765 -0.00517525 0.00118355
180000 1.20736 -0.00476097 0.00119748
181000 1.22367 -0.00949604 0.00120361
182000 1.20022 -0.00549025 0.0011838
183000 1.18951 -0.00518577 0.0011734
184000 1.18528 -0.00719003 0.00116794
185000 1.21785 -0.00715173 0.00120975
186000 1.21768 -0.00847463 0.00120105
187000 1.1559 -0.00860311 0.00114113
188000 1.2223 -0.00457719 0.00120751
189000 1.22785 -0.0028921 0.00121163
190000 1.19286 -0.0137202 0.0011677
191000 1.22281 -0.0102167 0.001201
192000 1.2357 -0.0135139 0.00121073
193000 1.19626 -0.0112812 0.00117483
194000 1.20511 -0.0126922 0.00118177
195000 1.20572 -0.00652369 0.00119227
196000 1.20117 -0.0141018 0.00118374
197000 1.17379 -0.0167311 0.00115652
198000 1.22375 -0.0118624 0.00120837
199000 1.18682 -0.0124697 0.00116785
200000 1.16752 -0.0136968 0.00115435
201000 1.1957 -0.0180411 0.00117335
202000 1.21882 -0.0144303 0.00120252
203000 1.17456 -0.0122886 0.00116334
204000 1.18327 -0.0132249 0.00116491
205000 1.19819 -0.0140657 0.00117717
206000 1.21379 -0.0171135 0.00119479
207000 1.22904 -0.0150374 0.0012064
208000 1.19927 -0.0101415 0.0011824
209000 1.19926 -0.0142161 0.00118178
210000 1.19455 -0.0121999 0.00117472
211000 1.22554 -0.0119971 0.0012058
212000 1.16831 -0.0139671 0.00115011
213000 1.16431 -0.0157949 0.00114633
214000 1.20712 -0.00895345 0.00119296
215000 1.22919 -0.0128701 0.00120945
216000 1.18101 -0.0145746 0.00116653
217000 1.17833 -0.00969188 0.00116475
218000 1.17646 -0.013941 0.00115789
219000 1.24968 -0.0148113 0.00122933
220000 1.16178 -0.0154792 0.00114409
221000 1.22897 -0.00449762 0.00121164
222000 1.18387 -0.00319213 0.00116828
223000 1.17502 -0.00744881 0.00115945
224000 1.23438 -0.00672184 0.00122018
225000 1.20025 -0.00748745 0.00118063
226000 1.22171 -0.00499816 0.00120877
227000 1.20151 -0.00495066 0.00118562
228000 1.22373 -0.00507407 0.00120663
229000 1.20044 -0.0104585 0.0011815
230000 1.18007 -0.00665593 0.00116619
231000 1.20118 -0.00364411 0.00118544
232000 1.19563 -0.00765589 0.00118219
233000 1.20359 -0.00921987 0.00118429
234000 1.19002 -0.00590419 0.00117395
235000 1.18338 -0.00903892 0.00116285
236000 1.19026 -0.00556467 0.00117461
237000 1.15588 -0.00596192 0.00114043
238000 1.1717 -0.00691311 0.00115853
239000 1.20456 -0.0105183 0.00118454
240000 1.18256 -0.0087149 0.00116587
241000 1.18961 -0.00441011 0.00117634
242000 1.23033 -0.00273363 0.00121462
243000 1.16059 -0.00522394 0.00114168
244000 1.23837 -0.00650902 0.00122609
245000 1.21884 -0.00505318 0.00120298
246000 1.1635 -0.00275585 0.00114953
247000 1.21095 -0.00599137 0.00119801
248000 1.21517 -0.00892812 0.00119804
249000 1.21353 -0.00602524 0.00119501
250000 1.23663 -0.00608112 0.00122005
251000 1.17377 -0.0042289 0.00115986
252000 1.20105 -0.00356739 0.00119269
253000 1.21568 -0.00310713 0.00120435
254000 1.18789 -0.00324948 0.00117166
255000 1.18085 -0.00705617 0.00116394
256000 1.1947 -0.0040629 0.00118043
257000 1.20857 -0.00390769 0.00119096
258000 1.15874 -0.00275133 0.00114366
259000 1.2243 -0.00722012 0.00121506
260000 1.20067 -0.0107655 0.00119261
261000 1.18298 -0.00553423 0.00116792
262000 1.18134 -0.00754017 0.00116325
263000 1.18725 -0.0135043 0.00116781
264000 1.20474 -0.00721432 0.00119257
265000 1.20717 -0.00268111 0.00119269
266000 1.18116 -0.00637831 0.00116438
267000 1.18826 -0.008201 0.00117057
268000 1.18057 -0.0129751 0.00115736
269000 1.18958 -0.00631246 0.0011732
270000 1.17824 -0.00664543 0.00116974
271000 1.17556 -0.00518324 0.00116162
272000 1.2109 -0.00921391 0.00119756
273000 1.21876 -0.010547 0.00120119
274000 1.19221 -0.00488741 0.00117891
275000 1.23051 -0.00471041 0.00121718
276000 1.1908 -0.00501047 0.00117333
277000 1.20282 -0.00900921 0.00118447
278000 1.19679 -0.00319495 0.00118434
279000 1.21046 -0.00459205 0.00119516
280000 1.17539 -0.00564407 0.0011581
281000 1.20835 -0.00554119 0.00119124
282000 1.18449 -0.00385379 0.00116835
283000 1.15002 -0.00958948 0.00113259
284000 1.19821 -0.00581147 0.00118071
285000 1.21911 -0.00628306 0.00120173
286000 1.20123 -0.00565846 0.00118418
287000 1.19791 -0.00435624 0.00118651
288000 1.21707 -0.00768369 0.00119842
289000 1.20816 -0.00331989 0.00119218
290000 1.19566 -0.00761148 0.00118687
291000 1.19017 -0.00635078 0.00117648
292000 1.1834 -0.00710089 0.00116713
293000 1.2069 -0.0117417 0.0011835
294000 1.21044 -0.0100632 0.00119005
295000 1.19351 -0.00605755 0.00117566
296000 1.23296 -0.00499321 0.00121814
297000 1.21484 -0.00586832 0.00120089
298000 1.18822 -0.00248252 0.00117405
299000 1.21337 -0.00771274 0.00119493
300000 1.22967 -0.00191057 0.00121444
301000 1.15544 -0.00719338 0.00113793
302000 1.23285 -0.0109574 0.00121482
303000 1.15227 -0.00874636 0.00113324
304000 1.22933 -0.00836258 0.0012142
305000 1.15791 -0.0129142 0.0011374
306000 1.24681 -0.0162227 0.00122465
307000 1.16231 -0.0116222 0.0011449
308000 1.24137 -0.0118947 0.0012203
309000 1.14363 -0.00741672 0.00112669
310000 1.21849 -0.0124333 0.00119425
311000 1.19796 -0.0135188 0.00117606
312000 1.18955 -0.0109827 0.00116926
313000 1.22336 -0.0123301 0.00120193
314000 1.21044 -0.0107021 0.00119183
315000 1.20281 -0.0153861 0.00117941
316000 1.19084 -0.0113639 0.00117132
317000 1.25069 -0.00979414 0.00123643
318000 1.20755 -0.00915702 0.00119143
319000 1.19693 -0.00319204 0.00118056
320000 1.23295 -0.00815573 0.00121082
321000 1.22504 -0.00601728 0.00120928
322000 1.18576 -0.00255625 0.00117226
323000 1.20604 -0.00385077 0.00119378
324000 1.24843 -0.000896279 0.00123418
325000 1.16608 -0.0039848 0.00114991
326000 1.24243 -0.00612456 0.00122418
327000 1.15702 -0.00655778 0.0011441
328000 1.18671 -0.00444287 0.00116812
329000 1.20569 -0.00754735 0.00118898
330000 1.21048 -0.00217969 0.00119443
331000 1.21413 -0.00486786 0.0011993
332000 1.1702 -0.00885325 0.0011576
333000 1.16874 -0.00816757 0.00115009
334000 1.21792 -0.0096648 0.00119781
335000 1.21034 -0.00410866 0.00119828
336000 1.20519 -0.0025414 0.00119018
337000 1.1767 -0.00410711 0.00116148
338000 1.19172 -0.0032488 0.00117689
339000 1.21286 -0.00505128 0.00119879
340000 1.20572 -0.00760289 0.00119276
341000 1.18964 -0.00657135 0.00117108
342000 1.19615 -0.00364713 0.00118382
343000 1.1713 -0.00486022 0.0011588
344000 1.24762 -0.00357624 0.00123535
345000 1.17978 -0.00782832 0.00116059
346000 1.17817 -0.00217099 0.00116646
347000 1.22385 -0.00887724 0.00120849
348000 1.18643 -0.00355455 0.00117292
349000 1.21073 -0.00705711 0.0011971
350000 1.20097 -0.00640364 0.00118801
351000 1.18959 -0.00425022 0.0011746
352000 1.22124 -0.00353949 0.00120858
353000 1.19324 -0.00730733 0.00117697
354000 1.2017 -0.00645717 0.00118604
355000 1.15441 -0.0032833 0.00114352
356000 1.17859 -0.00335693 0.0011618
357000 1.17193 -0.00378301 0.00116034
358000 1.19991 -0.0046886 0.00118596
359000 1.20118 -0.00735759 0.00118652
360000 1.18901 -0.0107618 0.00117324
361000 1.20978 -0.00318981 0.00119912
362000 1.23907 -0.00364128 0.00122595
363000 1.16685 -0.00506547 0.00115258
364000 1.17669 -0.00792067 0.00115918
365000 1.20478 -0.0090307 0.00118505
366000 1.23844 -0.0107337 0.00121812
367000 1.17221 -0.0113959 0.00115388
368000 1.19192 -0.005037 0.00117666
369000 1.22091 -0.00697526 0.0012076
370000 1.21747 -0.0033429 0.0012028
371000 1.19478 -0.0112811 0.00117886
372000 1.20963 -0.00484048 0.00119409
373000 1.20156 -0.00586231 0.00118443
374000 1.17757 -0.00621707 0.0011597
375000 1.23271 -0.00534871 0.00121757
376000 1.21693 -0.00761576 0.00120143
377000 1.20256 -0.00428771 0.00118765
378000 1.22476 -0.0056522 0.00121215
379000 1.15444 -0.0076968 0.00113645
380000 1.2463 -0.00215118 0.00123166
381000 1.23416 -0.00489402 0.00121803
382000 1.16367 -0.00676345 0.00115016
383000 1.18498 -0.00882018 0.00117063
384000 1.1752 -0.00863761 0.00116238
385000 1.21133 -0.00571006 0.00119563
386000 1.21368 -0.00958531 0.00119232
387000 1.1729 -0.00384874 0.00115987
388000 1.21675 -0.00596832 0.00120587
389000 1.20808 -0.00460847 0.00119213
390000 1.18591 -0.00599293 0.00116999
391000 1.18746 -0.00445238 0.00117043
392000 1.20691 -0.00654684 0.00119348
393000 1.18833 -0.00926704 0.00117093
394000 1.19215 -0.00670359 0.00117509
395000 1.20724 -0.00954707 0.00118994
396000 1.18433 -0.00354688 0.00117421
397000 1.18584 -0.00536093 0.00117067
398000 1.17632 -0.00296527 0.00116086
399000 1.21523 -0.00836709 0.00119995
400000 1.2197 -0.00741383 0.00120697
401000 1.16594 -0.00824422 0.00114998
402000 1.18187 -0.00924056 0.00115943
403000 1.24763 -0.00823255 0.00122867
404000 1.20177 -0.00116259 0.00118753
405000 1.16364 -0.00730774 0.0011446
406000 1.21193 -0.00545006 0.00119569
407000 1.20787 -0.00409434 0.00119816
408000 1.18784 -0.00791681 0.00117428
409000 1.20832 -0.00598267 0.00119138
410000 1.20287 -0.00498163 0.00118545
411000 1.17961 -0.00324095 0.0011655
412000 1.22789 -0.00517394 0.00121431
413000 1.19515 -0.00720182 0.00117429
414000 1.19229 -0.00689517 0.00117615
415000 1.20648 -0.00705414 0.00118808
416000 1.18593 -0.00560179 0.00116887
417000 1.21007 -0.00610318 0.0011926
418000 1.18649 -0.00203144 0.00117211
419000 1.21364 -0.00484674 0.00119641
420000 1.20372 -0.0067089 0.00119185
421000 1.1694 -0.0115238 0.00115282
422000 1.21468 -0.00944526 0.00119444
423000 1.1885 -0.0069451 0.00117263
424000 1.2133 -0.00842299 0.00119813
425000 1.2113 -0.00780449 0.00119312
426000 1.2003 -0.00849982 0.00118568
427000 1.21017 -0.00486989 0.00119331
428000 1.18067 -0.00334789 0.00116821
429000 1.22384 -0.0064184 0.00120824
430000 1.19815 -0.00972839 0.00118442
431000 1.17331 -0.00683391 0.0011587
432000 1.23914 -0.00682845 0.00122394
433000 1.17695 -0.00998526 0.0011594
434000 1.19656 -0.0058219 0.00118054
435000 1.21055 -0.00419305 0.0011971
436000 1.18766 -0.0079942 0.00117282
437000 1.20464 -0.00558368 0.00119167
438000 1.19756 -0.00596867 0.00117895
439000 1.21949 -0.00363924 0.00120822
440000 1.16556 -0.00538962 0.00115314
441000 1.23812 -0.00342784 0.00122109
442000 1.15238 -0.00337735 0.00113663
443000 1.22376 -0.00432055 0.00121221
444000 1.22224 -0.0129381 0.00120348
445000 1.17633 -0.0121416 0.0011581
446000 1.20821 -0.00545998 0.00119187
447000 1.18039 -0.00666495 0.00116929
448000 1.21062 -0.00584777 0.00119767
449000 1.19136 -0.00248831 0.00117821
450000 1.20288 -0.00337999 0.00119267
451000 1.21734 -0.00628529 0.00120085
452000 1.1725 -0.00336705 0.00115688
453000 1.21401 -0.00302561 0.00120158
454000 1.2084 -0.00609273 0.00119031
455000 1.17859 -0.00814042 0.00116235
456000 1.22024 -0.0048443 0.00120634
457000 1.18578 -0.00397819 0.00117042
458000 1.2019 -0.00332157 0.00119159
459000 1.21849 -0.00215536 0.00120492
460000 1.18713 -0.00775935 0.00117314
461000 1.19493 -0.00511079 0.00118449
462000 1.1807 -0.00541001 0.00116535
463000 1.23321 -0.00848233 0.0012125
464000 1.19184 -0.00299887 0.00117867
465000 1.18993 -0.00338176 0.00117419
466000 1.23092 -0.00719989 0.00121087
467000 1.17236 -0.0067051 0.00115842
468000 1.20243 -0.00498789 0.0011972
469000 1.19207 -0.00472727 0.00117884
470000 1.23239 -0.00594106 0.00121883
471000 1.19852 -0.00283387 0.00118855
472000 1.17368 -0.0047554 0.00115584
473000 1.19051 -0.00346291 0.00117498
474000 1.19891 -0.00875581 0.0011768
475000 1.17582 -0.00532426 0.0011598
476000 1.1994 -0.00441092 0.00118762
477000 1.17695 -0.00499528 0.00115939
478000 1.15145 -0.00521637 0.00113817
479000 1.19711 -0.00506751 0.00118376
480000 1.19952 -0.00292562 0.00118364
481000 1.21676 -0.00553533 0.00120183
482000 1.21786 -0.00411436 0.00120136
483000 1.16538 -0.00670346 0.00115299
484000 1.21237 -0.00617485 0.00119572
485000 1.21132 -0.0111754 0.00119489
486000 1.18095 -0.00787242 0.00116759
487000 1.20367 -0.0157132 0.00118418
488000 1.21276 -0.0101492 0.0011924
489000 1.18438 -0.0153447 0.00116102
490000 1.16411 -0.0157771 0.0011395
491000 1.23802 -0.0115867 0.00122308
492000 1.19737 -0.00882358 0.00118051
493000 1.20461 -0.00708393 0.00118979
494000 1.18395 -0.0129279 0.0011664
495000 1.19734 -0.0118112 0.00117647
496000 1.22685 -0.0114984 0.00120488
497000 1.21966 -0.0118777 0.00119978
498000 1.15876 -0.00887645 0.00114595
499000 1.23465 -0.00824818 0.00121994
500000 1.18106 -0.0108427 0.00116448
501000 1.17205 -0.0141868 0.00115071
502000 1.18518 -0.0124491 0.00116348
503000 1.23528 -0.0143981 0.00121673
504000 1.18636 -0.0152315 0.00116995
505000 1.17731 -0.0097321 0.00116735
506000 1.18427 -0.00273554 0.00117338
507000 1.20541 -0.00665659 0.00118661
508000 1.21809 -0.00916583 0.00120088
509000 1.18455 -0.0114954 0.00117383
510000 1.1791 -0.00733528 0.00116112
511000 1.18296 -0.00620098 0.00116859
512000 1.24165 -0.00737172 0.00123423
513000 1.19261 -0.0086057 0.00117812
514000 1.17774 -0.0089823 0.00115833
515000 1.22288 -0.0114047 0.00120888
516000 1.19281 -0.00184978 0.00117894
517000 1.20443 -0.00582401 0.00118951
518000 1.20752 -0.0073548 0.0011948
519000 1.19087 -0.00501759 0.00118008
520000 1.18326 -0.0105729 0.00116073
521000 1.1827 -0.00999932 0.00115729
522000 1.18821 -0.00448856 0.00117371
523000 1.20773 -0.00443027 0.00119118
524000 1.18143 -0.00676067 0.00116422
525000 1.23892 -0.00730481 0.00122199
526000 1.20016 -0.00329668 0.00118542
527000 1.20519 -0.00657988 0.00119267
528000 1.19688 -0.00262793 0.0011863
529000 1.18688 -0.0052226 0.00117093
530000 1.18371 -0.0111392 0.00116794
531000 1.20518 -0.00599814 0.00119246
532000 1.18408 -0.00550384 0.00116874
533000 1.22209 -0.00729704 0.00120489
534000 1.22515 -0.00377077 0.00121383
535000 1.1569 -0.00688445 0.00113917
536000 1.20699 -0.00794738 0.00118845
537000 1.19201 -0.00534136 0.00117749
538000 1.22904 -0.00963099 0.00121122
539000 1.18036 -0.00820113 0.001164
540000 1.18515 -0.00429765 0.00117327
541000 1.19895 -0.00826349 0.00118649
542000 1.21581 -0.00559936 0.00119828
543000 1.17255 -0.0115405 0.00115314
544000 1.18468 -0.0070619 0.00116856
545000 1.20352 -0.00702664 0.00118771
546000 1.21578 -0.0139133 0.00119286
547000 1.20195 -0.00505413 0.00118963
548000 1.19731 -0.00801377 0.00118104
549000 1.21327 -0.00601554 0.00119918
550000 1.20418 -0.0083851 0.00118818
551000 1.21694 -0.00642488 0.00120442
552000 1.17688 -0.00665861 0.00115856
553000 1.18716 -0.00791452 0.00116723
554000 1.20783 -0.00329321 0.00119423
555000 1.20974 -0.00682479 0.00119392
556000 1.17878 -0.00823761 0.0011595
557000 1.22638 -0.00840213 0.00120565
558000 1.19567 -0.00220021 0.0011828
559000 1.16793 -0.00390792 0.00115241
560000 1.22948 -0.00222779 0.00121675
561000 1.21177 -0.00668344 0.00119716
562000 1.19833 -0.00777193 0.00117715
563000 1.21711 -0.0103232 0.00119783
564000 1.20101 -0.0131676 0.00118596
565000 1.22194 -0.0135476 0.00120201
566000 1.16189 -0.00819667 0.00114614
567000 1.18057 -0.00975185 0.00116294
568000 1.20603 -0.00349733 0.00119467
569000 1.23224 -0.005369 0.00121672
570000 1.21973 -0.00909284 0.00120272
571000 1.22108 -0.00407592 0.00120684
572000 1.19089 -0.00426106 0.00117581
573000 1.23013 -0.00401842 0.0012182
574000 1.221 -0.0041776 0.00120739
575000 1.16869 -0.00850455 0.00115694
576000 1.22092 -0.00735422 0.00120515
577000 1.19138 -0.0111202 0.00117035
578000 1.19708 -0.00670058 0.00118233
579000 1.21108 -0.011916 0.00118901
580000 1.22037 -0.00357204 0.00120405
581000 1.19926 -0.00756658 0.00118128
582000 1.1958 -0.00766504 0.0011789
583000 1.20259 -0.00865017 0.00118746
584000 1.18197 -0.000976644 0.00117074
585000 1.19262 -0.00533614 0.00117742
586000 1.19925 -0.00700153 0.00118196
587000 1.20197 -0.00999759 0.00118924
588000 1.17177 -0.00620882 0.00115619
589000 1.1654 -0.00807666 0.00114768
590000 1.24171 -0.00511845 0.00122618
591000 1.19136 -0.00653518 0.00117758
592000 1.1775 -0.00640532 0.00115906
593000 1.22011 -0.0089004 0.00120642
594000 1.1749 -0.00440558 0.00116392
595000 1.1978 -0.00306795 0.00117998
596000 1.24062 -0.00690648 0.00122013
597000 1.17587 -0.0050747 0.00116074
598000 1.20356 -0.00783436 0.00118755
599000 1.19111 -0.00633042 0.00117549
600000 1.20506 -0.00622609 0.00119072
601000 1.20601 -0.00422335 0.00119569
602000 1.18993 -0.00705412 0.00117393
603000 1.20758 -0.00505739 0.001194
604000 1.19203 -0.00669897 0.00117483
605000 1.22443 -0.00465753 0.00121149
606000 1.20108 -0.00474632 0.00118648
607000 1.20064 -0.00378435 0.00118651
608000 1.19034 -0.0025133 0.00117776
609000 1.22464 -0.00926381 0.00120715
610000 1.20573 -0.00830355 0.00119038
611000 1.22435 -0.00442532 0.00120746
612000 1.1896 -0.00303655 0.0011784
613000 1.21667 -0.00872406 0.00119879
614000 1.21751 -0.00544195 0.00120072
615000 1.1616 -0.00403427 0.00114639
616000 1.17979 -0.00366148 0.00117065
617000 1.20395 -0.00449174 0.00119288
618000 1.21704 -0.00760843 0.00120326
619000 1.1972 -0.0051613 0.00118291
620000 1.18192 -0.00308169 0.00116557
621000 1.21152 -0.00490273 0.00119627
622000 1.22491 -0.00748178 0.0012051
623000 1.17781 -0.00946396 0.00115708
624000 1.18631 -0.00755163 0.0011708
625000 1.21425 -0.00650341 0.00120191
626000 1.21814 -0.00557649 0.00120498
627000 1.16676 -0.00253885 0.00115746
628000 1.17642 -0.00629665 0.00116446
629000 1.18412 -0.00838708 0.00116652
630000 1.23408 -0.00811784 0.0012133
631000 1.17565 -0.00551769 0.0011577
632000 1.1864 -0.00410925 0.00117233
633000 1.17817 -0.0062841 0.00116534
634000 1.17722 -0.00789127 0.00115796
635000 1.17759 -0.00267633 0.00116471
636000 1.18183 -0.00788259 0.00116683
637000 1.20461 -0.00940449 0.00118383
638000 1.24088 -0.00498249 0.0012224
639000 1.17641 -0.00711036 0.00116177
640000 1.21675 -0.00762463 0.00119994
641000 1.17526 -0.00589839 0.00116263
642000 1.20811 -0.00452419 0.00118925
643000 1.21789 -0.00886659 0.00120561
644000 1.1775 -0.00353221 0.00116572
645000 1.17185 -0.0046429 0.00115789
646000 1.2068 -0.0074611 0.00119728
647000 1.22681 -0.00674511 0.00121531
648000 1.23513 -0.00527564 0.00122024
649000 1.19877 -0.0118869 0.00118439
650000 1.1898 -0.00539676 0.00117557
651000 1.21592 -0.0018814 0.00120191
652000 1.18893 -0.00610899 0.00117483
653000 1.19612 -0.00707409 0.00118214
654000 1.20946 -0.00546783 0.00119699
655000 1.21115 -0.00434214 0.00119834
656000 1.18087 -0.00779216 0.00116535
657000 1.22638 -0.00542072 0.00121402
658000 1.20195 -0.00754822 0.00118518
659000 1.17643 -0.00918216 0.00115746
660000 1.19855 -0.0044742 0.00118596
661000 1.18756 -0.00606308 0.00116968
662000 1.20869 -0.00583617 0.00119204
663000 1.20286 -0.00565841 0.00118844
664000 1.23028 -0.00235809 0.00121831
665000 1.1743 -0.00690759 0.00115744
666000 1.207 -0.00343063 0.00119664
667000 1.20805 -0.00412312 0.00119366
668000 1.15994 -0.00421991 0.00114487
669000 1.17479 -0.00291896 0.00116054
670000 1.23931 -0.000565348 0.00122581
671000 1.17821 -0.00172036 0.00116345
672000 1.19668 -0.00254246 0.00119082
673000 1.19009 -0.00854367 0.001172
674000 1.21879 -0.00361732 0.00120138
675000 1.20306 -0.00170747 0.00118959
676000 1.18607 -0.00537154 0.00116846
677000 1.1941 -0.00600013 0.00118067
678000 1.21191 -0.00304959 0.00120231
679000 1.18762 -0.00704947 0.00117087
680000 1.19724 -0.0062224 0.00118646
681000 1.20852 -0.00416983 0.00119473
682000 1.18922 -0.00992708 0.00116743
683000 1.23948 -0.00396906 0.00122604
684000 1.2183 -0.0037667 0.00120398
685000 1.1666 -0.00589993 0.00115131
686000 1.20811 -0.00415213 0.00119553
687000 1.21364 -0.00300636 0.00119812
688000 1.22081 -0.00381311 0.00120671
689000 1.19571 -0.00504148 0.00118664
690000 1.1748 -0.00297488 0.00115753
691000 1.23929 -0.00739943 0.00123083
692000 1.19993 -0.00443707 0.00118656
693000 1.17765 -0.00612206 0.0011668
694000 1.23611 -0.00477727 0.00122488
695000 1.2006 -0.00778368 0.00118823
696000 1.19699 -0.00464111 0.00118402
697000 1.20577 -0.00749405 0.00119137
698000 1.21758 -0.00632727 0.00121461
699000 1.16675 -0.00514542 0.00115464
700000 1.23396 -0.00634522 0.00121753
701000 1.17614 -0.00437748 0.00116205
702000 1.17919 -0.00978228 0.00116519
703000 1.19944 -0.00732604 0.00117968
704000 1.19026 -0.0117822 0.00117063
705000 1.21418 -0.0109778 0.00119352
706000 1.22172 -0.0156237 0.00119601
707000 1.15458 -0.0151215 0.00113288
708000 1.23352 -0.0192269 0.00120589
709000 1.20685 -0.0144254 0.00118553
710000 1.21557 -0.00994059 0.00119704
711000 1.19654 -0.0135446 0.0011742
712000 1.2087 -0.0088011 0.00119403
713000 1.1821 -0.0085308 0.0011634
714000 1.24232 -0.00988841 0.00122029
715000 1.1781 -0.00544658 0.00116451
716000 1.18739 -0.00192588 0.0011762
717000 1.21188 -0.00708813 0.00119534
718000 1.18161 -0.00269799 0.00117032
719000 1.18657 -0.00388152 0.0011697
720000 1.17764 -0.00513283 0.00116065
721000 1.18942 -0.00559508 0.00117619
722000 1.20972 -0.00849868 0.00118605
723000 1.22671 -0.00723088 0.00120982
724000 1.1665 -0.00303691 0.0011506
725000 1.23218 -0.00693164 0.00121277
726000 1.22902 -0.00875206 0.00121264
727000 1.19438 -0.00855063 0.0011752
728000 1.21484 -0.0119266 0.00119386
729000 1.2445 -0.0110004 0.00122329
730000 1.2404 -0.00673754 0.00122373
731000 1.18017 -0.0060018 0.00116662
732000 1.19145 -0.00266935 0.00117932
733000 1.20652 -0.00730006 0.00119037
734000 1.20774 -0.00508084 0.00118827
735000 1.19592 -0.00626206 0.00117758
736000 1.21634 -0.0130594 0.00119912
737000 1.21553 -0.0127815 0.00119264
738000 1.18359 -0.00885109 0.00116889
739000 1.22796 -0.0109159 0.00120574
740000 1.17424 -0.00420118 0.00115961
741000 1.2131 -0.0056064 0.00119645
742000 1.20323 -0.00577392 0.00118861
743000 1.19692 -0.00412564 0.00117935
744000 1.20004 -0.00463892 0.00118595
745000 1.20661 -0.00582263 0.00119207
746000 1.20255 -0.00920853 0.00118448
747000 1.19509 -0.00439324 0.0011805
748000 1.20551 -0.00490526 0.00118905
749000 1.20397 -0.0031362 0.00119441
750000 1.19192 -0.00821688 0.00117621
751000 1.20427 -0.00538985 0.00118961
752000 1.23313 -0.01143 0.00121141
753000 1.16915 -0.00721379 0.00115596
754000 1.16274 -0.00236719 0.00114936
755000 1.21086 -0.0069613 0.00119435
756000 1.22782 -0.0123347 0.00120868
757000 1.17474 -0.00777053 0.00115403
758000 1.21447 -0.00682301 0.00119682
759000 1.20006 -0.00979094 0.00118065
760000 1.21746 -0.00784253 0.0011983
761000 1.20556 -0.00160144 0.00119242
762000 1.18011 -0.00880423 0.00116422
763000 1.19672 -0.0117522 0.00118042
764000 1.2222 -0.0139989 0.0012008
765000 1.20602 -0.0109932 0.00118761
766000 1.17978 -0.0122048 0.00115932
767000 1.19311 -0.0150509 0.00117094
768000 1.24931 -0.00750976 0.00123566
769000 1.16037 -0.00945528 0.00114005
770000 1.23295 -0.0128152 0.00121277
771000 1.14278 -0.0104474 0.00112521
772000 1.22671 -0.00753394 0.00121149
773000 1.15302 -0.00765453 0.00113781
774000 1.24111 -0.011513 0.00121737
775000 1.23513 -0.00502829 0.00121722
776000 1.1779 -0.00538293 0.00116405
777000 1.17831 -0.00754836 0.00116312
778000 1.20462 -0.00993335 0.00119414
779000 1.1865 -0.004112 0.00117245
780000 1.19295 -0.00784724 0.00117902
781000 1.21137 -0.00759127 0.00119175
782000 1.20455 -0.00538924 0.00118815
783000 1.19311 -0.00326308 0.00117785
784000 1.20197 -0.0032682 0.00118711
785000 1.20448 -0.00591705 0.00118687
786000 1.1953 -0.00390987 0.00118049
787000 1.17303 -0.00555677 0.00115766
788000 1.20819 -0.00684423 0.00119833
789000 1.22705 -0.0107021 0.00120684
790000 1.20912 -0.00526722 0.00119207
791000 1.2136 -0.00197783 0.00119794
792000 1.19007 -0.00973925 0.00117013
793000 1.18378 -0.00533873 0.00116734
794000 1.23695 -0.00529648 0.00122322
795000 1.17626 -0.00742591 0.00115661
796000 1.20666 -0.00522361 0.00119298
797000 1.20862 -0.00725267 0.00119147
798000 1.17853 -0.00709062 0.00116409
799000 1.20646 -0.00556511 0.0011922
800000 1.21061 -0.0042913 0.00120157
801000 1.17885 -0.00368379 0.00116534
802000 1.2187 -0.00974536 0.00120364
803000 1.17463 -0.0111864 0.00115087
804000 1.2028 -0.00534268 0.00118441
805000 1.22013 -0.00496974 0.00120147
806000 1.18549 -0.00611896 0.00117109
807000 1.20905 -0.00460192 0.00119545
808000 1.20201 -0.00813038 0.00118772
809000 1.18155 -0.00923601 0.0011633
810000 1.23967 -0.00693541 0.0012248
811000 1.21446 -0.00934747 0.00119488
812000 1.20187 -0.00648322 0.0011832
813000 1.16229 -0.00864341 0.00114595
814000 1.2459 -0.00767212 0.00123184
815000 1.17945 -0.00504858 0.00116332
816000 1.19235 -0.007237 0.00117398
817000 1.20628 -0.00393639 0.00119116
818000 1.23898 -0.00858325 0.00122183
819000 1.18431 -0.00695441 0.00117184
820000 1.2064 -0.0067381 0.00120102
821000 1.19581 -0.0032697 0.00118333
822000 1.25243 -0.00527534 0.00123835
823000 1.18701 -0.00214765 0.00117582
824000 1.14777 -0.00200609 0.00113602
825000 1.21366 -0.00516385 0.00119875
826000 1.19439 -0.0123221 0.00117183
827000 1.24999 -0.00286678 0.00123381
828000 1.21067 -0.00340729 0.00120037
829000 1.15419 -0.00577688 0.00113912
830000 1.24652 -0.00533461 0.00123249
831000 1.20812 -0.00601032 0.00119456
832000 1.19715 -0.00799924 0.0011796
833000 1.17859 -0.00777367 0.00116079
834000 1.24547 -0.00768158 0.00123006
835000 1.15494 -0.0100146 0.00113672
836000 1.22486 -0.0116666 0.00120569
837000 1.21779 -0.00461772 0.00120487
838000 1.1554 -0.00758149 0.00114227
839000 1.25391 -0.00917985 0.00123971
840000 1.17545 -0.00397913 0.00116372
841000 1.18334 -0.00777355 0.00116416
842000 1.18322 -0.0056719 0.00116546
843000 1.22485 -0.00702993 0.0012056
844000 1.17545 -0.0125365 0.00115089
845000 1.18509 -0.00978844 0.00116249
846000 1.24316 -0.00467651 0.00122855
847000 1.16311 -0.00472205 0.00114771
848000 1.2297 -0.0100792 0.00121055
849000 1.15746 -0.00868727 0.00113894
850000 1.18761 -0.0105548 0.00116602
851000 1.23213 -0.00476862 0.00121448
852000 1.16331 -0.00367417 0.0011471
853000 1.22367 -0.00560204 0.00121206
854000 1.2167 -0.00481506 0.00120127
855000 1.15729 -0.00336543 0.00115127
856000 1.20926 -0.00364121 0.00119206
857000 1.21667 -0.0111281 0.00119808
858000 1.2323 -0.00489979 0.00121818
859000 1.21369 -0.00424645 0.00120186
860000 1.2171 -0.00201497 0.0012095
861000 1.20505 -0.00808082 0.00118978
862000 1.20765 -0.00844739 0.00118934
863000 1.20106 -0.00660692 0.00118032
864000 1.1999 -0.00311019 0.00118546
865000 1.21265 -0.00774784 0.0011949
866000 1.19761 -0.0100816 0.00118247
867000 1.19544 -0.0127289 0.00117796
868000 1.21642 -0.0114297 0.00119707
869000 1.18295 -0.0121858 0.00117078
870000 1.23629 -0.0149079 0.00121941
871000 1.16989 -0.00524337 0.00115405
872000 1.23878 -0.0120828 0.00121949
873000 1.21868 -0.00696558 0.0011982
874000 1.1808 -0.00937088 0.00116038
875000 1.22134 -0.00614841 0.00120507
876000 1.20054 -0.00367685 0.00118734
877000 1.20034 -0.00556814 0.00118939
878000 1.20851 -0.00428219 0.00119335
879000 1.24497 -0.00635968 0.00123201
880000 1.2249 -0.0112062 0.00120817
881000 1.18935 -0.00704068 0.00117198
882000 1.23129 -0.00286186 0.00121987
883000 1.20667 -0.00917343 0.00118632
884000 1.22473 -0.0119211 0.0012049
885000 1.16996 -0.0117451 0.00115048
886000 1.15577 -0.0149771 0.00113137
887000 1.17426 -0.00707671 0.00116206
888000 1.19339 -0.00301449 0.00117969
889000 1.22172 -0.00265142 0.00121015
890000 1.20129 -0.00641468 0.00118303
891000 1.17078 -0.00374799 0.00115663
892000 1.20413 -0.00329386 0.00118974
893000 1.23252 -0.00480389 0.00121435
894000 1.16833 -0.00691443 0.00115223
895000 1.20741 -0.0067622 0.00118992
896000 1.19489 -0.0031398 0.00118335
897000 1.20641 -0.00384593 0.00119042
898000 1.22629 -0.00385797 0.00121195
899000 1.19366 -0.00679631 0.00118049
900000 1.20987 -0.00757741 0.00119182
901000 1.20867 -0.00940142 0.00118793
902000 1.21628 -0.00514876 0.00120151
903000 1.21715 -0.00355118 0.00120445
904000 1.20873 -0.00695608 0.00119401
905000 1.17855 -0.00376242 0.00116684
906000 1.21134 -0.00437122 0.00119569
907000 1.19927 -0.00639876 0.00118462
908000 1.19331 -0.00507291 0.00118027
909000 1.14684 -0.00753142 0.00113165
910000 1.20656 -0.00602722 0.00119183
911000 1.18683 -0.00401635 0.00117151
912000 1.25376 -0.00472126 0.00123875
913000 1.21376 -0.0039316 0.00120072
914000 1.19352 -0.00269849 0.00118108
915000 1.22119 -0.0033445 0.00120908
916000 1.25022 -0.00231592 0.001235
917000 1.19867 -0.00666755 0.00118132
918000 1.17864 -0.00559265 0.00116488
919000 1.18953 -0.00262913 0.00117666
920000 1.22309 -0.00552126 0.00121122
921000 1.2074 -0.011363 0.00119108
922000 1.16844 -0.00445655 0.0011539
923000 1.2033 -0.00666357 0.00119182
924000 1.22249 -0.00744421 0.00120397
925000 1.1758 -0.00704174 0.00116068
926000 1.22108 -0.0101783 0.00120002
927000 1.17236 -0.00975799 0.00115907
928000 1.24152 -0.00718596 0.00122315
929000 1.14284 -0.00738983 0.00112676
930000 1.19488 -0.00470358 0.00117641
931000 1.20596 -0.00659489 0.00119442
932000 1.20447 -0.00688544 0.00118609
933000 1.14974 -0.00690518 0.00113457
934000 1.18599 -0.00592697 0.00116963
935000 1.21717 -0.00867481 0.00119919
936000 1.16918 -0.0082989 0.00114988
937000 1.20497 -0.010572 0.00119318
938000 1.22426 -0.00450828 0.00120773
939000 1.22409 -0.010495 0.00120712
940000 1.21702 -0.00287373 0.00120488
941000 1.15842 -0.00270681 0.00114579
942000 1.16798 -0.00455013 0.00115267
943000 1.19218 -0.00766641 0.00117349
944000 1.1857 -0.00338062 0.00117606
945000 1.15907 -0.00249764 0.00114463
946000 1.1913 -0.00545108 0.00117806
947000 1.22174 -0.00495165 0.00120709
948000 1.17133 -0.00243924 0.00115841
949000 1.23191 -0.00234542 0.00121771
950000 1.21318 -0.0061915 0.0011986
951000 1.21312 -0.00546243 0.00120138
952000 1.1424 -0.0140555 0.0011237
953000 1.23535 -0.00429364 0.00121833
954000 1.16257 -0.00434268 0.00114883
955000 1.23815 -0.00622449 0.00122098
956000 1.21178 -0.0093984 0.00119944
957000 1.14728 -0.00347901 0.0011384
958000 1.23541 -0.00758544 0.00122018
959000 1.18516 -0.00573586 0.00117408
960000 1.16665 -0.00628313 0.00114891
961000 1.21799 -0.00811594 0.00120124
962000 1.17909 -0.00382717 0.00116868
963000 1.24265 -0.00312783 0.00122827
964000 1.20366 -0.0039789 0.00118983
965000 1.18706 -0.00294945 0.00117366
966000 1.22012 -0.00353022 0.00120525
967000 1.17114 -0.00207493 0.00115748
968000 1.19634 -0.00218619 0.00118218
969000 1.2292 -0.00268067 0.00121339
970000 1.2318 -0.00798699 0.00122449
971000 1.15918 -0.00313719 0.00114195
972000 1.23687 -0.0213691 0.00121378
973000 1.18398 -0.0228976 0.00115208
974000 1.21482 -0.014714 0.00119238
975000 1.20053 -0.00414973 0.00119387
976000 1.2194 -0.00546237 0.00120488
977000 1.19521 -0.009365 0.00117422
978000 1.2113 -0.00561458 0.00119726
979000 1.17752 -0.0036241 0.00116532
980000 1.19044 -0.00603654 0.00117565
981000 1.20406 -0.00785896 0.00118703
982000 1.23202 -0.0127895 0.00121564
983000 1.1997 -0.00765824 0.00118826
984000 1.20977 -0.0105161 0.00119523
985000 1.21031 -0.0107869 0.00119774
986000 1.21004 -0.00796082 0.00119628
987000 1.20331 -0.0155235 0.00117895
988000 1.20174 -0.0169083 0.00117347
989000 1.16787 -0.0106917 0.00115206
990000 1.22381 -0.00323911 0.00120923
991000 1.17862 -0.00421901 0.00116956
992000 1.21931 -0.00550772 0.00120115
993000 1.20304 -0.00324993 0.00119143
994000 1.21789 -0.00422174 0.00120301
995000 1.18249 -0.00592494 0.00116671
996000 1.25045 -0.00539235 0.00123626
997000 1.16348 -0.00402205 0.00115411
998000 1.24285 -0.00405483 0.00122925
999000 1.21443 -0.00440773 0.00120093
1000000 1.21846 -0.00454329 0.00120607
1001000 1.21879 -0.002629 0.00120495
1002000 1.19627 -0.00465982 0.00118218
1003000 1.17907 -0.00501825 0.00116458
1004000 1.20166 -0.00945579 0.00118032
1005000 1.21545 -0.00958955 0.00119956
1006000 1.20786 -0.00603504 0.00119452
1007000 1.19121 -0.00455237 0.00117572
1008000 1.18121 -0.00514988 0.00116763
1009000 1.22506 -0.00780164 0.00120782
1010000 1.18355 -0.00542084 0.00116869
1011000 1.17848 -0.00354273 0.00116608
1012000 1.17173 -0.00584164 0.00116239
1013000 1.22797 -0.00288126 0.00121293
1014000 1.17368 -0.00926674 0.00115413
1015000 1.24562 -0.00674827 0.0012321
1016000 1.17064 -0.00545933 0.00115786
1017000 1.21776 -0.00657693 0.00120194
1018000 1.19944 -0.0063825 0.00118408
1019000 1.21231 -0.00486847 0.00119548
1020000 1.18829 -0.00562666 0.00117454
1021000 1.20386 -0.00397429 0.00119136
1022000 1.21059 -0.00216518 0.00120258
1023000 1.1952 -0.00473781 0.00118085
1024000 1.22671 -0.00610908 0.00121179
1025000 1.19742 -0.00579733 0.0011862
1026000 1.2011 -0.00733322 0.00118565
1027000 1.18653 -0.00704283 0.00116868
1028000 1.218 -0.00830947 0.00119943
1029000 1.21322 -0.00726137 0.00119729
1030000 1.21845 -0.00796252 0.0012023
1031000 1.15031 -0.00739191 0.00113208
1032000 1.24128 -0.010133 0.00122236
1033000 1.19875 -0.00428594 0.00117949
1034000 1.14608 -0.00553434 0.00113039
1035000 1.19173 -0.00485914 0.00117553
1036000 1.18224 -0.00510655 0.00116671
1037000 1.25464 -0.00353814 0.00124085
1038000 1.2287 -0.00523593 0.00121169
1039000 1.17173 -0.00635276 0.00115148
1040000 1.19717 -0.0104344 0.0011856
1041000 1.17558 -0.00543863 0.00116124
1042000 1.22533 -0.00578732 0.00120935
1043000 1.19123 -0.0113547 0.0011726
1044000 1.19034 -0.0119958 0.00117391
1045000 1.17332 -0.0138832 0.0011567
1046000 1.15705 -0.0138581 0.00114167
1047000 1.21223 -0.0151926 0.00118938
1048000 1.20918 -0.0158734 0.00118808
1049000 1.15722 -0.0122348 0.00114049
1050000 1.19805 -0.0161139 0.00118093
1051000 1.25892 -0.0103315 0.00124011
1052000 1.16892 -0.0127985 0.00115133
1053000 1.24627 -0.0132069 0.00122523
1054000 1.14765 -0.0116765 0.00112732
1055000 1.18807 -0.0103723 0.0011682
1056000 1.24375 -0.0135934 0.00122477
1057000 1.23229 -0.0211526 0.00120612
1058000 1.18681 -0.0162074 0.0011669
1059000 1.2187 -0.0124471 0.00119787
1060000 1.20335 -0.0189725 0.00118185
1061000 1.18255 -0.0101224 0.0011652
1062000 1.15781 -0.0152361 0.00114351
1063000 1.22716 -0.0131903 0.0012072
1064000 1.18809 -0.0172447 0.00116319
1065000 1.19602 -0.0118341 0.00118014
1066000 1.1725 -0.00861639 0.00115285
1067000 1.20441 -0.00979913 0.00118729
1068000 1.2148 -0.00358608 0.00119952
1069000 1.1786 -0.00696183 0.0011639
1070000 1.18645 -0.00978972 0.00117388
1071000 1.17596 -0.0124941 0.00115449
1072000 1.18757 -0.000793603 0.00117416
1073000 1.18687 -0.0047361 0.00117203
1074000 1.2349 -0.00790181 0.00121637
1075000 1.18351 -0.00632939 0.0011664
1076000 1.18023 -0.00148449 0.00117035
1077000 1.23866 -0.00724402 0.00122409
1078000 1.17801 -0.0049962 0.00116139
1079000 1.17712 -0.00375839 0.00116248
1080000 1.23186 -0.00285447 0.00122028
1081000 1.24547 -0.00549376 0.00122856
1082000 1.19029 -0.00112742 0.00117616
1083000 1.15444 -0.00550447 0.00114721
1084000 1.1898 -0.0100703 0.00117628
1085000 1.22375 -0.00235779 0.00121312
1086000 1.20749 -0.00354395 0.00119262
1087000 1.17301 -0.00649964 0.00116039
1088000 1.22944 -0.0111558 0.00120507
1089000 1.22291 -0.0109083 0.00120584
1090000 1.19889 -0.00927113 0.00118452
1091000 1.22314 -0.00472451 0.00120734
1092000 1.21917 -0.00443916 0.00120679
1093000 1.15734 -0.00970393 0.00113967
1094000 1.24385 -0.0101647 0.00122202
1095000 1.18378 -0.0121538 0.00116955
1096000 1.21143 -0.015346 0.00118931
1097000 1.19126 -0.0114331 0.001173
1098000 1.20255 -0.0122612 0.0011801
1099000 1.20496 -0.016993 0.00118099
1100000 1.19058 -0.00961799 0.00117591
