# Time-averaged data for fix 2
# TimeStep v_Temperature v_PotentialEnergy v_Pressure
1000 1.71724 -0.00470087 0.00169954
2000 1.70876 -0.00551689 0.00168774
3000 1.67486 -0.00916627 0.00165215
4000 1.71287 -0.00654843 0.001691
5000 1.67559 -0.00409328 0.00165976
6000 1.73393 -0.00411501 0.0017117
7000 1.68121 -0.00584397 0.00166869
8000 1.69897 -0.0037551 0.00167957
9000 1.7526 -0.00333053 0.00173568
10000 1.65155 -0.00766163 0.00163247
11000 1.70011 -0.00371778 0.00168533
12000 1.71132 -0.00849082 0.00168769
13000 1.69042 -0.00180246 0.00167664
14000 1.70811 -0.00466701 0.0016913
15000 1.67959 -0.00693345 0.00165543
16000 1.77328 -0.00241348 0.00175629
17000 1.6992 -0.00459632 0.00169156
18000 1.70998 -0.00749874 0.00169094
19000 1.62368 -0.00558262 0.00160361
20000 1.75116 -0.00741728 0.00172891
21000 1.65121 -0.00746522 0.00163355
22000 1.77581 -0.00771561 0.00176201
23000 1.63912 -0.0042404 0.00161862
24000 1.68331 -0.00560574 0.00166312
25000 1.76477 -0.00770354 0.00174888
26000 1.73884 -0.00447573 0.00171763
27000 1.67613 -0.00382729 0.00165967
28000 1.70182 -0.0066783 0.00167607
29000 1.7068 -0.00717177 0.00168956
30000 1.68856 -0.00646858 0.00166623
31000 1.71853 -0.00467198 0.00169979
32000 1.67658 -0.00468873 0.00165922
33000 1.71316 -0.00900547 0.00169382
34000 1.73776 -0.00625956 0.00171364
35000 1.63771 -0.00236149 0.00162096
36000 1.72938 -0.0117794 0.00170109
37000 1.74198 -0.00639211 0.00172441
38000 1.70326 -0.00563025 0.00168284
39000 1.62714 -0.0068472 0.00160668
40000 1.7447 -0.00466952 0.00173298
41000 1.64308 -0.00437213 0.001632
42000 1.76919 -0.00601682 0.00174705
43000 1.69854 -0.00574885 0.0016796
44000 1.67616 -0.00222957 0.00165586
45000 1.69538 -0.00844141 0.00168229
46000 1.68263 -0.0052644 0.00166046
47000 1.69794 -0.00643843 0.00167438
48000 1.72783 -0.00321948 0.00170927
49000 1.71189 -0.00239866 0.00169991
50000 1.70995 -0.0054277 0.00169187
51000 1.70636 -0.00491314 0.00168673
52000 1.72521 -0.00482455 0.00170295
53000 1.65946 -0.00437935 0.00163646
54000 1.69331 -0.00372435 0.00167435
55000 1.75103 -0.00545557 0.00173094
56000 1.71805 -0.00608235 0.00169643
57000 1.71189 -0.0034621 0.00169245
58000 1.67281 -0.00633376 0.00164819
59000 1.67846 -0.00633778 0.00166283
60000 1.69878 -0.00750881 0.00167677
61000 1.73739 -0.0120531 0.00171568
62000 1.70014 -0.0083441 0.00168226
63000 1.67874 -0.00738686 0.00165986
64000 1.70539 -0.0069473 0.00169458
65000 1.7453 -0.00612186 0.00172805
66000 1.731 -0.00433014 0.00170957
67000 1.7297 -0.00852976 0.0017109
68000 1.68181 -0.0173589 0.00165389
69000 1.66329 -0.00805108 0.00164328
70000 1.75458 -0.013143 0.0017291
71000 1.71737 -0.016261 0.00168823
72000 1.65012 -0.0105519 0.00162602
73000 1.67732 -0.00943835 0.00165747
74000 1.69228 -0.00994387 0.00166743
75000 1.72479 -0.00531594 0.00170908
76000 1.68404 -0.00736778 0.00166644
77000 1.73419 -0.00562533 0.00171516
78000 1.75482 -0.00540077 0.00173467
79000 1.67637 -0.00345743 0.00165676
80000 1.703 -0.00726313 0.00168519
81000 1.70838 -0.00511204 0.00169274
82000 1.64868 -0.00663106 0.001627
83000 1.73842 -0.00582846 0.00172557
84000 1.7024 -0.00854734 0.00167537
85000 1.63909 -0.0039627 0.00162378
86000 1.7417 -0.00492106 0.00172121
87000 1.73258 -0.00300586 0.00171326
88000 1.72723 -0.00655373 0.00171731
89000 1.72463 -0.00672747 0.00170234
90000 1.69401 -0.00467259 0.00168287
91000 1.66492 -0.00469292 0.00164461
92000 1.66602 -0.00513935 0.00165032
93000 1.69169 -0.00255496 0.00167173
94000 1.68695 -0.00604737 0.00166749
95000 1.72437 -0.00556077 0.00170226
96000 1.69517 -0.00606435 0.00167181
97000 1.68282 -0.00861407 0.00166249
98000 1.71774 -0.00768907 0.00169324
99000 1.70221 -0.00500935 0.00168879
100000 1.72425 -0.00734134 0.00170234
101000 1.66572 -0.00513153 0.00164733
102000 1.68391 -0.00938911 0.00166743
103000 1.69076 -0.00790275 0.00166835
104000 1.66977 -0.00450741 0.00165021
105000 1.7006 -0.0118934 0.00167682
106000 1.681 -0.0135638 0.00165519
107000 1.68299 -0.00339276 0.0016651
108000 1.68979 -0.00887535 0.00166923
109000 1.77397 -0.00762721 0.0017504
110000 1.67062 -0.00560025 0.001654
111000 1.6762 -0.00791353 0.00165587
112000 1.6853 -0.007581 0.00166571
113000 1.70072 -0.00821281 0.00168208
114000 1.71827 -0.00337738 0.00169679
115000 1.69177 -0.0120452 0.00167184
116000 1.68325 -0.00887285 0.001661
117000 1.71854 -0.00714804 0.00170128
118000 1.64439 -0.00739167 0.00162685
119000 1.76241 -0.00485022 0.001741
120000 1.65725 -0.00688849 0.00163413
121000 1.68337 -0.00353792 0.00166279
122000 1.71037 -0.00797532 0.00168946
123000 1.7319 -0.00640859 0.00170979
124000 1.68955 -0.00749678 0.00166801
125000 1.69742 -0.00733598 0.00167183
126000 1.7093 -0.00593075 0.00168946
127000 1.68818 -0.00612157 0.00166752
128000 1.70343 -0.00640948 0.00168172
129000 1.67986 -0.00488285 0.00167225
130000 1.71327 -0.00262044 0.00169701
131000 1.71673 -0.00373212 0.00170231
132000 1.70223 -0.00451614 0.00168094
133000 1.70341 -0.00632678 0.00168427
134000 1.71283 -0.00695512 0.00169086
135000 1.65335 -0.00247695 0.00163611
136000 1.71818 -0.00548745 0.00169902
137000 1.64117 -0.00696366 0.00161914
138000 1.74935 -0.0120072 0.00172392
139000 1.72121 -0.0046372 0.00169653
140000 1.64121 -0.00841002 0.00162375
141000 1.73324 -0.00383501 0.00171636
142000 1.76428 -0.00170028 0.00174837
143000 1.67254 -0.00395722 0.0016531
144000 1.68428 -0.00387875 0.00166612
145000 1.71831 -0.0128105 0.00169052
146000 1.65803 -0.0061124 0.00163581
147000 1.66167 -0.00198751 0.0016429
148000 1.76347 -0.00534466 0.00174786
149000 1.65861 -0.00222116 0.00164015
150000 1.6945 -0.00489906 0.00167566
151000 1.74112 -0.00593098 0.00172187
152000 1.67094 -0.00958498 0.00164253
153000 1.72644 -0.003283 0.00170528
154000 1.69349 -0.0041883 0.00167855
155000 1.67262 -0.00511118 0.00165471
156000 1.71018 -0.00206184 0.00169289
157000 1.72228 -0.0106396 0.00169358
158000 1.70546 -0.00632481 0.00168367
159000 1.67145 -0.00473446 0.00165371
160000 1.69697 -0.00680785 0.00167558
161000 1.71662 -0.00555612 0.00169789
162000 1.67496 -0.00600319 0.00165972
163000 1.72935 -0.00837172 0.00171186
164000 1.67801 -0.00361814 0.00166127
165000 1.71148 -0.00758604 0.00168955
166000 1.69513 -0.00922442 0.00167211
167000 1.65559 -0.00728917 0.00163753
168000 1.74669 -0.00685939 0.00172506
169000 1.68358 -0.00606046 0.00166423
170000 1.71855 -0.00272613 0.00170027
171000 1.70436 -0.00446804 0.0016821
172000 1.68955 -0.00453495 0.00167457
173000 1.70233 -0.00877964 0.00167962
174000 1.72695 -0.00727864 0.00170585
175000 1.75349 -0.00440941 0.00173372
176000 1.65298 -0.0060337 0.00162891
177000 1.75716 -0.0058266 0.00174215
178000 1.70711 -0.00450286 0.00168635
179000 1.67403 -0.00358687 0.00165455
180000 1.64219 -0.00471391 0.00162537
181000 1.73221 -0.00395048 0.00171194
182000 1.74142 -0.00310076 0.00171962
183000 1.63296 -0.00639478 0.00161052
184000 1.72039 -0.00753825 0.00169792
185000 1.65833 -0.00760737 0.00163957
186000 1.6786 -0.00657006 0.00166098
187000 1.7349 -0.0033158 0.00172291
188000 1.73142 -0.00896236 0.00170431
189000 1.6692 -0.00489782 0.00164881
190000 1.72481 -0.00650597 0.00170262
191000 1.67995 -0.0069791 0.00166152
192000 1.69222 -0.00295382 0.00167181
193000 1.74545 -0.00649457 0.00172861
194000 1.65156 -0.00498483 0.00163426
195000 1.73245 -0.00404967 0.00171936
196000 1.72544 -0.00496359 0.00170716
197000 1.6575 -0.00487197 0.00163626
198000 1.73424 -0.00393247 0.00171778
199000 1.70881 -0.0101577 0.00169248
200000 1.65975 -0.00496405 0.00164416
201000 1.73943 -0.00303209 0.00171711
202000 1.65907 -0.00244978 0.00164209
203000 1.69024 -0.00672931 0.00166715
204000 1.77858 -0.00583313 0.00176281
205000 1.65116 -0.00627986 0.00163307
206000 1.75231 -0.00621896 0.00173133
207000 1.64841 -0.00853007 0.00162829
208000 1.69214 -0.00689767 0.00167661
209000 1.73854 -0.0120096 0.00171564
210000 1.70262 -0.00519955 0.00168068
211000 1.70101 -0.0120264 0.0016788
212000 1.63954 -0.00503968 0.00162699
213000 1.68362 -0.00632098 0.00166698
214000 1.66869 -0.00407242 0.00165207
215000 1.6701 -0.0071494 0.00164845
216000 1.73436 -0.00235583 0.00172116
217000 1.68216 -0.00389301 0.0016627
218000 1.68929 -0.00408978 0.00166647
219000 1.73916 -0.00578635 0.00172356
220000 1.75333 -0.00712155 0.00173139
221000 1.64526 -0.0147186 0.00161852
222000 1.71955 -0.013082 0.00169733
223000 1.73678 -0.0103718 0.00172233
224000 1.66442 -0.0129786 0.00164295
225000 1.66521 -0.0119963 0.00164053
226000 1.69951 -0.0150081 0.00167161
227000 1.72971 -0.010673 0.00170826
228000 1.7522 -0.0156124 0.00172347
229000 1.63795 -0.0115551 0.00161243
230000 1.72196 -0.0108999 0.00169761
231000 1.75128 -0.014616 0.00173249
232000 1.67001 -0.0112578 0.00164682
233000 1.72166 -0.00910114 0.00170511
234000 1.71622 -0.00447501 0.00169426
235000 1.63623 -0.00348912 0.00161931
236000 1.74507 -0.00430771 0.00172331
237000 1.66514 -0.00572612 0.00164398
238000 1.69085 -0.0100267 0.00167303
239000 1.69935 -0.00705631 0.00168398
240000 1.71598 -0.00593798 0.00169719
241000 1.67246 -0.00590421 0.00165135
242000 1.7415 -0.00697064 0.00172183
243000 1.77837 -0.00390391 0.00176209
244000 1.66709 -0.00683364 0.00165511
245000 1.69313 -0.0108513 0.00166565
246000 1.63459 -0.0168982 0.00160904
247000 1.6764 -0.0144185 0.00165042
248000 1.71794 -0.0210135 0.00169681
249000 1.65431 -0.0187271 0.00162425
250000 1.69702 -0.0162666 0.00167034
251000 1.70426 -0.0166372 0.00167508
252000 1.77013 -0.0141925 0.00174583
253000 1.68142 -0.012691 0.00165925
254000 1.6917 -0.0122479 0.00166968
255000 1.71658 -0.0177314 0.00169171
256000 1.75044 -0.0175452 0.00173372
257000 1.6468 -0.0108208 0.00162826
258000 1.68124 -0.0119149 0.00166053
259000 1.75028 -0.0114911 0.00172636
260000 1.67867 -0.010666 0.00165655
261000 1.66191 -0.0095712 0.00163993
262000 1.7513 -0.00679757 0.00173285
263000 1.62203 -0.0094447 0.001601
264000 1.71878 -0.00534183 0.00169865
265000 1.7175 -0.00356348 0.00170452
266000 1.7377 -0.00354852 0.00171845
267000 1.72882 -0.00572424 0.00170589
268000 1.72786 -0.00577711 0.00170507
269000 1.74273 -0.00317139 0.00172438
270000 1.65002 -0.00592632 0.00163251
271000 1.67303 -0.00805525 0.00165712
272000 1.73115 -0.00581732 0.00170813
273000 1.6594 -0.0038937 0.00164102
274000 1.68539 -0.00613964 0.00166642
275000 1.67645 -0.00522812 0.00165412
276000 1.70079 -0.00301353 0.00168369
277000 1.72363 -0.00444829 0.00170419
278000 1.73685 -0.00724992 0.00171668
279000 1.64435 -0.00553371 0.00162388
280000 1.72309 -0.00601326 0.00170383
281000 1.67019 -0.00576305 0.00164904
282000 1.72609 -0.00412445 0.00170175
283000 1.65284 -0.0109879 0.00163412
284000 1.69595 -0.00750637 0.00167481
285000 1.73126 -0.00430159 0.00171237
286000 1.65769 -0.00409052 0.00163881
287000 1.67705 -0.0053865 0.00165618
288000 1.76816 -0.00719277 0.00174461
289000 1.62838 -0.00669628 0.00161057
290000 1.72278 -0.00492556 0.00170291
291000 1.69218 -0.00384814 0.00167697
292000 1.70518 -0.00334305 0.00168397
293000 1.78282 -0.00601313 0.0017602
294000 1.62852 -0.00300171 0.00161343
295000 1.71259 -0.00725173 0.00169041
296000 1.74027 -0.00853859 0.00171843
297000 1.67351 -0.00617415 0.00165317
298000 1.70694 -0.00645887 0.00168866
299000 1.71174 -0.00279144 0.001694
300000 1.70547 -0.00685819 0.00168636
301000 1.69074 -0.00595878 0.00167571
302000 1.7266 -0.00233756 0.00170578
303000 1.73534 -0.00827424 0.00171695
304000 1.67684 -0.00666645 0.00165556
305000 1.63484 -0.0102926 0.00161337
306000 1.76398 -0.00739617 0.00174036
307000 1.65232 -0.00463765 0.0016407
308000 1.73228 -0.00795329 0.00170957
309000 1.7384 -0.00421896 0.00171912
310000 1.63781 -0.00483443 0.00162256
311000 1.76629 -0.00433621 0.00174814
312000 1.65764 -0.00343266 0.00164015
313000 1.73591 -0.00780874 0.00171532
314000 1.69113 -0.00596046 0.00167379
315000 1.6901 -0.00588583 0.00166936
316000 1.68699 -0.0090057 0.00166355
317000 1.65601 -0.00279295 0.00164037
318000 1.66255 -0.00519891 0.00164183
319000 1.68941 -0.0139326 0.00166178
320000 1.69532 -0.00662889 0.00167785
321000 1.70981 -0.00741601 0.00168597
322000 1.68375 -0.00950441 0.00166119
323000 1.71204 -0.00337696 0.00169777
324000 1.72038 -0.00551293 0.00170126
325000 1.69371 -0.00532203 0.00167406
326000 1.67369 -0.00993574 0.00165561
327000 1.75472 -0.0026327 0.00173573
328000 1.70685 -0.00316189 0.00168992
329000 1.67312 -0.0088763 0.00165474
330000 1.68455 -0.00754183 0.00166108
331000 1.69918 -0.00421989 0.00168182
332000 1.71598 -0.00702035 0.00169914
333000 1.69539 -0.00621065 0.00167218
334000 1.67566 -0.00479935 0.00165226
335000 1.70918 -0.00988233 0.00168562
336000 1.71515 -0.00733097 0.00170023
337000 1.6853 -0.00520709 0.00166862
338000 1.67271 -0.0131858 0.00164783
339000 1.71026 -0.00421613 0.00169343
340000 1.69441 -0.00386328 0.00167614
341000 1.69872 -0.00384517 0.00167746
342000 1.72591 -0.00671492 0.00170403
343000 1.71691 -0.00467271 0.00169533
344000 1.72734 -0.0018139 0.00170666
345000 1.71782 -0.00535052 0.00170077
346000 1.69274 -0.00510253 0.00167596
347000 1.72223 -0.00341789 0.00170304
348000 1.705 -0.00730008 0.00168479
349000 1.66 -0.00294997 0.00164343
350000 1.73504 -0.00199534 0.00171593
351000 1.76147 -0.00603553 0.00173958
352000 1.63071 -0.00771081 0.00161289
353000 1.72436 -0.00669721 0.00170807
354000 1.71845 -0.00312142 0.00170104
355000 1.65975 -0.00284783 0.00164277
356000 1.70149 -0.0040117 0.00168203
357000 1.76431 -0.00817523 0.00174351
358000 1.6945 -0.00603443 0.00167005
359000 1.7451 -0.00408788 0.00172484
360000 1.64552 -0.00785791 0.00162439
361000 1.68099 -0.0115152 0.00165837
362000 1.72899 -0.00433439 0.00171093
363000 1.6666 -0.00925178 0.00164515
364000 1.75775 -0.00711851 0.00173513
365000 1.6355 -0.00600862 0.00161293
366000 1.73006 -0.00630075 0.00171845
367000 1.71511 -0.00501545 0.00169515
368000 1.64043 -0.0042853 0.00162446
369000 1.68115 -0.0037813 0.00166234
370000 1.67593 -0.00433565 0.00165378
371000 1.65126 -0.00766603 0.00163334
372000 1.67248 -0.00853176 0.00165107
373000 1.72494 -0.00521965 0.00170305
374000 1.70345 -0.00880916 0.00169014
375000 1.66243 -0.0050129 0.00164635
376000 1.73358 -0.00118849 0.00171682
377000 1.73846 -0.00479121 0.00171723
378000 1.64066 -0.00492174 0.00162348
379000 1.76609 -0.00572877 0.00175012
380000 1.64774 -0.00722765 0.00162543
381000 1.68487 -0.00514676 0.00166516
382000 1.74119 -0.0126468 0.00171385
383000 1.74384 -0.0111862 0.00172438
384000 1.69078 -0.00417406 0.00166914
385000 1.70332 -0.00932247 0.00168429
386000 1.66734 -0.00912973 0.0016477
387000 1.73195 -0.00661021 0.00171832
388000 1.73076 -0.00361774 0.00171425
389000 1.69845 -0.0037361 0.00167827
390000 1.73787 -0.00314389 0.00171839
391000 1.70924 -0.00475381 0.00169457
392000 1.7208 -0.00697201 0.00170537
393000 1.69587 -0.00370705 0.00167579
394000 1.69358 -0.00295549 0.00167444
395000 1.71238 -0.0047498 0.00169069
396000 1.68702 -0.00844661 0.00167024
397000 1.64116 -0.013144 0.00161894
398000 1.71003 -0.012689 0.00168625
399000 1.74678 -0.0138939 0.00172423
400000 1.72745 -0.0135331 0.00170073
401000 1.72638 -0.0149576 0.00170908
402000 1.67206 -0.0144415 0.00164841
403000 1.67748 -0.0154648 0.00165321
404000 1.76131 -0.0122448 0.0017428
405000 1.65662 -0.0224333 0.00162026
406000 1.70123 -0.0150919 0.00168926
407000 1.77894 -0.0119826 0.00175298
408000 1.70766 -0.0164956 0.00168119
409000 1.69379 -0.0195604 0.00166171
410000 1.74241 -0.0257547 0.0017093
411000 1.76861 -0.0212976 0.00173704
412000 1.66092 -0.0146713 0.00163271
413000 1.68883 -0.0116283 0.00166526
414000 1.68956 -0.0220491 0.00165235
415000 1.69764 -0.0218108 0.00166865
416000 1.72216 -0.0191839 0.00169164
417000 1.69872 -0.0114898 0.00167556
418000 1.67042 -0.0130189 0.00164104
419000 1.70676 -0.00898702 0.00168542
420000 1.66698 -0.0113144 0.00164346
421000 1.68546 -0.0107271 0.00166499
422000 1.71315 -0.0122706 0.00169023
423000 1.67228 -0.00581283 0.00165351
424000 1.68713 -0.00783696 0.00165898
425000 1.68744 -0.00602594 0.0016665
426000 1.74498 -0.00971811 0.00172046
427000 1.74555 -0.0149523 0.00171775
428000 1.68908 -0.00358983 0.0016689
429000 1.67371 -0.00283893 0.001657
430000 1.70688 -0.00181797 0.00168705
431000 1.70909 -0.00381192 0.00168893
432000 1.71383 -0.00613411 0.00169565
433000 1.70702 -0.00389915 0.00168784
434000 1.71008 -0.00487224 0.0016946
435000 1.67666 -0.00718202 0.00165617
436000 1.7432 -0.00585458 0.00172234
437000 1.6582 -0.00578046 0.00163568
438000 1.67352 -0.00363852 0.00165689
439000 1.73352 -0.00704249 0.00171783
440000 1.71116 -0.00365617 0.00169249
441000 1.65039 -0.00586866 0.0016282
442000 1.74426 -0.00767647 0.00171961
443000 1.69657 -0.0121356 0.00167708
444000 1.67669 -0.0039993 0.00166064
445000 1.71139 -0.00824839 0.00169081
446000 1.68594 -0.00995498 0.00166253
447000 1.68393 -0.00815644 0.00165995
448000 1.76388 -0.00670549 0.00173694
449000 1.67315 -0.00496448 0.00165369
450000 1.69875 -0.00455399 0.00167618
451000 1.73443 -0.00909172 0.00170948
452000 1.6986 -0.00583803 0.00167785
453000 1.66194 -0.00875707 0.00164313
454000 1.65299 -0.00753727 0.00163587
455000 1.71664 -0.00838213 0.00169323
456000 1.70087 -0.00821189 0.00168096
457000 1.67311 -0.0052553 0.00165354
458000 1.67722 -0.00721848 0.0016536
459000 1.74517 -0.0014409 0.00173138
460000 1.70105 -0.00358854 0.00167944
461000 1.74241 -0.0112357 0.00171718
462000 1.67355 -0.00577442 0.00165574
463000 1.64479 -0.00527859 0.00161939
464000 1.71925 -0.00531225 0.00170108
465000 1.68125 -0.00278424 0.00166226
466000 1.72977 -0.00604776 0.00170778
467000 1.69275 -0.0080906 0.00167308
468000 1.73514 -0.00225757 0.00171747
469000 1.76475 -0.00393611 0.0017546
470000 1.69867 -0.00758605 0.00168073
471000 1.65571 -0.00754143 0.00163332
472000 1.72448 -0.00210756 0.00170673
473000 1.71612 -0.00474234 0.0016976
474000 1.67671 -0.00495666 0.00165642
475000 1.70756 -0.00356496 0.00169007
476000 1.71302 -0.004407 0.00169235
477000 1.76722 -0.00351219 0.00175129
478000 1.73136 -0.0067136 0.00170882
479000 1.67216 -0.0060465 0.00165049
480000 1.71814 -0.00688096 0.00169826
481000 1.74703 -0.00851022 0.00172545
482000 1.6914 -0.00658231 0.0016713
483000 1.69207 -0.0048484 0.00167088
484000 1.66672 -0.0081316 0.00164589
485000 1.72186 -0.00796085 0.00170128
486000 1.73166 -0.00548506 0.00170884
487000 1.64202 -0.00867128 0.00162233
488000 1.75159 -0.00792606 0.00173541
489000 1.64092 -0.00660973 0.00161762
490000 1.70956 -0.00409493 0.00169107
491000 1.71433 -0.00565756 0.00169398
492000 1.65997 -0.00753351 0.00164203
493000 1.74656 -0.00297357 0.00172741
494000 1.73668 -0.00582218 0.00171646
495000 1.70456 -0.00742539 0.001677
496000 1.66479 -0.00650467 0.00164413
497000 1.7557 -0.00726009 0.00173563
498000 1.70402 -0.00757365 0.00168007
499000 1.6683 -0.0036883 0.001649
500000 1.65517 -0.0113005 0.00163446
501000 1.71633 -0.0122097 0.00169357
502000 1.69858 -0.0143138 0.00167178
503000 1.68803 -0.0164888 0.00165982
504000 1.75826 -0.00265242 0.00174028
505000 1.69485 -0.000867103 0.00167619
506000 1.69806 -0.00578896 0.00168029
507000 1.70282 -0.00606794 0.00168364
508000 1.70704 -0.00480543 0.00168479
509000 1.69461 -0.00295965 0.00167888
510000 1.71864 -0.00630464 0.00169905
511000 1.66603 -0.00638427 0.00164654
512000 1.65893 -0.00903313 0.00164422
513000 1.73496 -0.0054128 0.00171658
514000 1.69866 -0.00448779 0.00169063
515000 1.72819 -0.00484386 0.00171905
516000 1.6705 -0.00643106 0.00165044
517000 1.76907 -0.00334191 0.00174994
518000 1.70856 -0.00937306 0.00169714
519000 1.72187 -0.00528794 0.00170099
520000 1.63798 -0.00568557 0.00161709
521000 1.73798 -0.00354016 0.00171897
522000 1.75935 -0.00556853 0.00173897
523000 1.6732 -0.00340455 0.001656
524000 1.69321 -0.00450321 0.00168291
525000 1.73359 -0.00756562 0.00170991
526000 1.66795 -0.00790671 0.00165091
527000 1.75788 -0.0096436 0.00173503
528000 1.66931 -0.0107654 0.00164958
529000 1.76187 -0.0115963 0.00173508
530000 1.66509 -0.00646991 0.00164561
531000 1.66614 -0.012889 0.00164183
532000 1.67811 -0.0060775 0.00165671
533000 1.65703 -0.00606029 0.00163836
534000 1.72946 -0.0100019 0.00170694
535000 1.67159 -0.0100255 0.00165008
536000 1.70016 -0.0038773 0.0016829
537000 1.72377 -0.00214735 0.00170725
538000 1.72964 -0.00523564 0.00171135
539000 1.75056 -0.00369908 0.00173508
540000 1.64804 -0.00347375 0.00163365
541000 1.70341 -0.00598083 0.00168359
542000 1.72744 -0.00738223 0.00170488
543000 1.69953 -0.00402172 0.00168155
544000 1.6873 -0.00518551 0.00167011
545000 1.74984 -0.00477401 0.00172929
546000 1.74892 -0.00562266 0.00172847
547000 1.69794 -0.00784651 0.00167522
548000 1.68524 -0.00730995 0.00166655
549000 1.66569 -0.00538279 0.00164476
550000 1.69267 -0.00839971 0.00166803
551000 1.65534 -0.00738342 0.00163521
552000 1.77964 -0.00485556 0.00176287
553000 1.6944 -0.00789167 0.00167058
554000 1.71854 -0.00441165 0.00169887
555000 1.70579 -0.00705582 0.00168485
556000 1.71112 -0.00463081 0.00169348
557000 1.71894 -0.00436321 0.00170179
558000 1.72391 -0.00409854 0.0017024
559000 1.65885 -0.00797844 0.00163626
560000 1.67981 -0.00657521 0.0016632
561000 1.69319 -0.00632939 0.00167534
562000 1.73366 -0.00493507 0.00171171
563000 1.68374 -0.00751669 0.00166474
564000 1.68818 -0.00309293 0.00166882
565000 1.67978 -0.00380875 0.0016614
566000 1.68986 -0.00456674 0.00167576
567000 1.70691 -0.00529271 0.00168552
568000 1.71203 -0.0046506 0.00169374
569000 1.69672 -0.00448694 0.00167379
570000 1.70688 -0.00385068 0.00169344
571000 1.6969 -0.00541913 0.00168106
572000 1.73305 -0.00277106 0.0017121
573000 1.67908 -0.00647126 0.00166233
574000 1.74817 -0.005295 0.00172654
575000 1.65209 -0.00424192 0.00163489
576000 1.69087 -0.00495849 0.00167169
577000 1.76878 -0.0074543 0.00174849
578000 1.73853 -0.0123175 0.00171208
579000 1.67943 -0.0072522 0.00166
580000 1.65943 -0.00742443 0.00163851
581000 1.71528 -0.00881785 0.00169582
582000 1.72259 -0.0130021 0.00169265
583000 1.71429 -0.00745797 0.00169523
584000 1.67019 -0.00389131 0.00165322
585000 1.70339 -0.00951944 0.00167839
586000 1.70095 -0.00406825 0.00167992
587000 1.67939 -0.00601809 0.0016578
588000 1.69793 -0.008199 0.00167459
589000 1.72225 -0.00581784 0.00170144
590000 1.69182 -0.00429987 0.0016723
591000 1.6891 -0.00587022 0.0016689
592000 1.67432 -0.00264514 0.00165624
593000 1.75346 -0.00619044 0.0017307
594000 1.69285 -0.0166857 0.00165715
595000 1.66836 -0.00833916 0.00164423
596000 1.73712 -0.00635757 0.00171559
597000 1.67789 -0.00486274 0.00165884
598000 1.70806 -0.0060225 0.00169324
599000 1.70942 -0.00345085 0.00168958
600000 1.70562 -0.00786532 0.00168676
601000 1.69065 -0.00671559 0.00167106
602000 1.66753 -0.00471688 0.00165076
603000 1.7546 -0.0051717 0.00173686
604000 1.68264 -0.00335345 0.00166732
605000 1.62454 -0.00248117 0.0016076
606000 1.70294 -0.00343016 0.001687
607000 1.69944 -0.00384817 0.00168283
608000 1.78934 -0.00581134 0.00176827
609000 1.67207 -0.00359584 0.00164987
610000 1.66873 -0.00622369 0.00164635
611000 1.74599 -0.00456816 0.00172847
612000 1.62985 -0.00485957 0.00161304
613000 1.71637 -0.00419842 0.00169698
614000 1.78204 -0.00524423 0.00176038
615000 1.67408 -0.00282409 0.001657
616000 1.68136 -0.00620598 0.00166247
617000 1.71335 -0.00358848 0.00169602
618000 1.69354 -0.00696649 0.00167467
619000 1.65781 -0.0129367 0.00163138
620000 1.68802 -0.0163272 0.00166455
621000 1.723 -0.00573254 0.00171557
622000 1.71373 -0.00503079 0.00169287
623000 1.7121 -0.00771995 0.00168862
624000 1.68953 -0.00814921 0.00166672
625000 1.70853 -0.00567038 0.00168691
626000 1.694 -0.00830448 0.00166941
627000 1.71144 -0.00340637 0.0016981
628000 1.71429 -0.00299439 0.00169354
629000 1.74253 -0.00699156 0.00172333
630000 1.70933 -0.00707015 0.00168833
631000 1.65106 -0.00488497 0.00163352
632000 1.7245 -0.0129063 0.00169563
633000 1.66595 -0.00750976 0.00164411
634000 1.7145 -0.00526389 0.00169682
635000 1.72247 -0.00495922 0.00170584
636000 1.73942 -0.00766993 0.00171821
637000 1.6746 -0.00408029 0.00165805
638000 1.71683 -0.00708222 0.00170304
639000 1.70124 -0.00597904 0.00168959
640000 1.67509 -0.00282546 0.00166138
641000 1.74877 -0.00514209 0.00172727
642000 1.64829 -0.00804006 0.00163351
643000 1.68856 -0.00242978 0.00167062
644000 1.68608 -0.00440416 0.001668
645000 1.74455 -0.00352666 0.00173766
646000 1.70064 -0.00702177 0.00168008
647000 1.70487 -0.00361271 0.00168505
648000 1.66884 -0.00400983 0.00165065
649000 1.75627 -0.00907418 0.00173624
650000 1.64802 -0.00664715 0.00163662
651000 1.76876 -0.00468922 0.00175311
652000 1.62069 -0.0022546 0.00160184
653000 1.67227 -0.00436644 0.00165494
654000 1.69554 -0.0111033 0.0016765
655000 1.6903 -0.0027311 0.00167296
656000 1.72932 -0.00479629 0.00171472
657000 1.68386 -0.00671953 0.00165987
658000 1.69836 -0.00489 0.00168209
659000 1.73165 -0.00570115 0.00171292
660000 1.7086 -0.00837996 0.0016826
661000 1.69687 -0.00402119 0.00167931
662000 1.7187 -0.0072602 0.00170119
663000 1.71477 -0.00335401 0.00169944
664000 1.73127 -0.00606846 0.00171399
665000 1.73646 -0.00592609 0.00171633
666000 1.73097 -0.00679814 0.00170974
667000 1.7288 -0.00491125 0.00171033
668000 1.71927 -0.0074674 0.00169364
669000 1.64533 -0.0107579 0.00161889
670000 1.7032 -0.00179262 0.00168492
671000 1.66884 -0.0025824 0.001655
672000 1.75573 -0.00452501 0.00174315
673000 1.71553 -0.00435161 0.00169541
674000 1.67141 -0.0105188 0.00164863
675000 1.71405 -0.0086731 0.00169281
676000 1.63193 -0.00433325 0.00161356
677000 1.73747 -0.00866622 0.00171764
678000 1.71578 -0.00413156 0.00169503
679000 1.66916 -0.00418477 0.00165951
680000 1.74023 -0.00265091 0.00172703
681000 1.65867 -0.00516022 0.0016383
682000 1.76773 -0.00712532 0.0017525
683000 1.65018 -0.00625554 0.00162594
684000 1.72657 -0.0044025 0.00170783
685000 1.67397 -0.00301375 0.00165695
686000 1.75168 -0.0067031 0.00172829
687000 1.71189 -0.00643515 0.00169155
688000 1.63939 -0.00490629 0.00162048
689000 1.74446 -0.00440781 0.00172145
690000 1.73926 -0.00486381 0.00171804
691000 1.63105 -0.00453217 0.00161259
692000 1.74282 -0.00368523 0.00172476
693000 1.6334 -0.00416902 0.00161409
694000 1.74861 -0.00386936 0.00173254
695000 1.73676 -0.00620658 0.00171908
696000 1.71118 -0.00659499 0.00168802
697000 1.70643 -0.00288957 0.0016867
698000 1.69102 -0.00365957 0.00167313
699000 1.65418 -0.00675406 0.00162973
700000 1.67039 -0.00492938 0.00164786
701000 1.69203 -0.00689663 0.0016683
702000 1.70215 -0.00899492 0.00168009
703000 1.69205 -0.00798223 0.00167824
704000 1.70769 -0.00201818 0.00168889
705000 1.761 -0.00787508 0.0017432
706000 1.65906 -0.0083152 0.0016354
707000 1.6798 -0.00868616 0.00165968
708000 1.76746 -0.00462598 0.00174729
709000 1.69181 -0.00362799 0.00167432
710000 1.63084 -0.00281875 0.00161157
711000 1.66598 -0.00539536 0.00164634
712000 1.75638 -0.00428404 0.00173891
713000 1.70446 -0.00751536 0.00168331
714000 1.65603 -0.0055247 0.00163398
715000 1.74704 -0.0041073 0.00172556
716000 1.67995 -0.00709308 0.00166346
717000 1.69742 -0.00222668 0.00168083
718000 1.71714 -0.00489079 0.00169622
719000 1.6783 -0.00410415 0.00165953
720000 1.71039 -0.00331897 0.0016903
721000 1.73768 -0.00344817 0.00172546
722000 1.656 -0.00776979 0.00163954
723000 1.68117 -0.011823 0.00165568
724000 1.70453 -0.0141774 0.00168137
725000 1.67618 -0.00763704 0.00165942
726000 1.68416 -0.0068247 0.00166336
727000 1.70251 -0.00512901 0.00168581
728000 1.7237 -0.00482122 0.00170559
729000 1.6892 -0.00449541 0.00166856
730000 1.70861 -0.00773588 0.00168676
731000 1.7159 -0.00592822 0.00169873
732000 1.66601 -0.00591548 0.00164303
733000 1.6974 -0.00676771 0.00168091
734000 1.71663 -0.00127998 0.00170255
735000 1.66907 -0.00639186 0.00164962
736000 1.7448 -0.00230369 0.00172529
737000 1.68988 -0.00800145 0.00166973
738000 1.66376 -0.00435181 0.0016445
739000 1.72502 -0.00643052 0.00170368
740000 1.70695 -0.00711982 0.00168523
741000 1.69488 -0.0062156 0.0016748
742000 1.70587 -0.00418729 0.00168863
743000 1.68692 -0.0038955 0.00166806
744000 1.7159 -0.00658689 0.00170011
745000 1.67692 -0.00528875 0.00166035
746000 1.73546 -0.00661941 0.00172491
747000 1.66911 -0.00600429 0.00164666
748000 1.68801 -0.005349 0.00167414
749000 1.73279 -0.0033816 0.0017125
750000 1.67154 -0.00334779 0.00165567
751000 1.71438 -0.00731693 0.00169249
752000 1.70598 -0.00543976 0.00169185
753000 1.6693 -0.00287501 0.00164964
754000 1.73997 -0.00320502 0.00171936
755000 1.75139 -0.00796655 0.00173117
756000 1.64162 -0.00831176 0.00161889
757000 1.73106 -0.00149759 0.00172021
758000 1.64744 -0.00383251 0.00163055
759000 1.71909 -0.00819925 0.00169938
760000 1.67903 -0.0141993 0.00165491
761000 1.6624 -0.0126488 0.00164386
762000 1.71191 -0.0144326 0.00168932
763000 1.69992 -0.0153204 0.00167537
764000 1.67253 -0.012628 0.00165147
765000 1.73096 -0.011769 0.001712
766000 1.67699 -0.00833124 0.00166097
767000 1.68878 -0.00957976 0.00166925
768000 1.73748 -0.00758131 0.00172037
769000 1.63535 -0.00767852 0.00161491
770000 1.76863 -0.00882493 0.0017495
771000 1.74041 -0.00259898 0.00172157
772000 1.67387 -0.00614907 0.00165514
773000 1.70533 -0.00510815 0.00168445
774000 1.73695 -0.00567171 0.0017227
775000 1.67299 -0.00650446 0.00165501
776000 1.69372 -0.00644492 0.0016724
777000 1.71431 -0.00853564 0.00168862
778000 1.70477 -0.00598745 0.00168576
779000 1.68599 -0.00365619 0.00167209
780000 1.7226 -0.0081876 0.00170187
781000 1.74424 -0.00218122 0.00172411
782000 1.66848 -0.00253863 0.00165357
783000 1.72216 -0.0054398 0.00170034
784000 1.64785 -0.00670372 0.00162847
785000 1.69957 -0.00870193 0.00167311
786000 1.69193 -0.00293661 0.00167426
787000 1.68769 -0.00973727 0.00166375
788000 1.66523 -0.00166183 0.00165446
789000 1.69718 -0.00643847 0.00167372
790000 1.67607 -0.00441603 0.00165551
791000 1.72595 -0.00657181 0.00170613
792000 1.67699 -0.00605821 0.00165353
793000 1.74694 -0.00335026 0.00173093
794000 1.70423 -0.00960681 0.00168635
795000 1.7225 -0.0060714 0.00170347
796000 1.71983 -0.00449046 0.00170236
797000 1.72837 -0.0065311 0.00170837
798000 1.67998 -0.00682728 0.0016578
799000 1.67425 -0.00612516 0.00166051
800000 1.71769 -0.00537172 0.00170148
801000 1.6841 -0.00494377 0.00166362
802000 1.69964 -0.00484861 0.00167692
803000 1.71113 -0.00325664 0.00169373
804000 1.67797 -0.00746956 0.00166261
805000 1.67714 -0.00717314 0.00165667
806000 1.69169 -0.00582609 0.00167603
807000 1.73391 -0.00892998 0.00171144
808000 1.7425 -0.00915262 0.00171698
809000 1.69747 -0.0063665 0.00167359
810000 1.67795 -0.00452102 0.00166288
811000 1.67184 -0.00677375 0.00165486
812000 1.70295 -0.00327944 0.00168603
813000 1.70249 -0.00424865 0.00168471
814000 1.67819 -0.003128 0.00165945
815000 1.71254 -0.00946627 0.00170188
816000 1.66701 -0.0116526 0.00163701
817000 1.68554 -0.00596419 0.00166754
818000 1.68738 -0.00938279 0.00166289
819000 1.68586 -0.00679987 0.00166622
820000 1.7026 -0.00342997 0.00168343
821000 1.67749 -0.00493304 0.00165425
822000 1.68312 -0.00420441 0.00166417
823000 1.67688 -0.00281789 0.00165902
824000 1.68428 -0.00597299 0.00167094
825000 1.68724 -0.0108111 0.00166175
826000 1.71144 -0.0075781 0.00169048
827000 1.65457 -0.00584762 0.00163607
828000 1.69996 -0.00268258 0.00168402
829000 1.65894 -0.00270487 0.00164066
830000 1.72963 -0.00631793 0.00170862
831000 1.70337 -0.00305949 0.00168923
832000 1.65384 -0.00516336 0.00163545
833000 1.6344 -0.00643991 0.00161635
834000 1.66291 -0.00499168 0.00164383
835000 1.70321 -0.00250409 0.00169609
836000 1.66826 -0.00401323 0.00165028
837000 1.63583 -0.0103786 0.00161474
838000 1.73264 -0.00471789 0.00171272
839000 1.6921 -0.00552923 0.00166794
840000 1.64644 -0.00296171 0.00162552
841000 1.68352 -0.00443024 0.00166161
842000 1.7026 -0.00664721 0.00168199
843000 1.70125 -0.00546989 0.0016821
844000 1.65889 -0.00230126 0.00164076
845000 1.72692 -0.00272446 0.00170685
846000 1.71783 -0.00641977 0.00169634
847000 1.70168 -0.00464959 0.00168077
848000 1.68794 -0.00519575 0.00166565
849000 1.67658 -0.00801748 0.00165031
850000 1.74359 -0.0060473 0.00172303
851000 1.6957 -0.00394307 0.0016866
852000 1.68711 -0.00409705 0.00167284
853000 1.65684 -0.00577665 0.00163791
854000 1.70275 -0.00978351 0.00168534
855000 1.69665 -0.00367096 0.00167892
856000 1.71982 -0.00337034 0.00170038
857000 1.70901 -0.0050421 0.00169432
858000 1.71106 -0.00536856 0.00168946
859000 1.72951 -0.00566464 0.00170886
860000 1.71427 -0.00662214 0.00169159
861000 1.65782 -0.00497813 0.00164227
862000 1.70834 -0.00612881 0.00168917
863000 1.73203 -0.00256654 0.00171427
864000 1.69189 -0.00273835 0.00166975
865000 1.68786 -0.00515229 0.00166487
866000 1.67675 -0.00800332 0.00165359
867000 1.73517 -0.00301205 0.001719
868000 1.67639 -0.00790127 0.00165497
869000 1.69871 -0.00795463 0.00167485
870000 1.70124 -0.005196 0.00168543
871000 1.70367 -0.00323695 0.00168271
872000 1.65837 -0.00556235 0.00164073
873000 1.70784 -0.00702178 0.00168805
874000 1.70972 -0.00769624 0.00168734
875000 1.72105 -0.00736727 0.0016991
876000 1.71289 -0.00361335 0.00169044
877000 1.69342 -0.00270687 0.00167958
878000 1.68098 -0.00461924 0.0016638
879000 1.73278 -0.005104 0.00171533
880000 1.72376 -0.00444247 0.00170159
881000 1.64905 -0.00280698 0.00163383
882000 1.70478 -0.00769243 0.00168337
883000 1.7041 -0.00238338 0.00168915
884000 1.7127 -0.00913308 0.00169144
885000 1.66661 -0.00509726 0.00164669
886000 1.7091 -0.0089136 0.00168298
887000 1.73032 -0.0090489 0.00170858
888000 1.71898 -0.00587676 0.0016997
889000 1.65072 -0.00356076 0.00163382
890000 1.72306 -0.00589321 0.00170572
891000 1.69631 -0.00374212 0.00168226
892000 1.73217 -0.00816664 0.00171071
893000 1.66717 -0.010144 0.00164005
894000 1.73136 -0.00921023 0.00171068
895000 1.77481 -0.00329957 0.00175224
896000 1.70346 -0.00346812 0.001686
897000 1.66745 -0.0035599 0.00165361
898000 1.72997 -0.00828019 0.00170636
899000 1.69807 -0.0136543 0.0016756
900000 1.66902 -0.0128742 0.00164129
901000 1.68454 -0.00757057 0.00166194
902000 1.70182 -0.00482557 0.00168323
903000 1.69176 -0.00658812 0.00167297
904000 1.63575 -0.00534641 0.00162153
905000 1.69538 -0.00509951 0.00167362
906000 1.71449 -0.00717445 0.00168823
907000 1.68887 -0.00580529 0.00167598
908000 1.72773 -0.0034033 0.00171013
909000 1.70258 -0.0132874 0.00167946
910000 1.65987 -0.0088571 0.00163534
911000 1.73794 -0.00860106 0.00171633
912000 1.74781 -0.00709655 0.00173259
913000 1.66104 -0.00574418 0.00163588
914000 1.69245 -0.00637252 0.00167138
915000 1.74829 -0.00492358 0.00173054
916000 1.65077 -0.0042876 0.00163275
917000 1.70295 -0.00633875 0.00167969
918000 1.74026 -0.00859826 0.00172037
919000 1.66396 -0.0108597 0.00164119
920000 1.71579 -0.00722714 0.00169754
921000 1.68804 -0.00880541 0.00166179
922000 1.70361 -0.0143326 0.00167382
923000 1.70463 -0.0168377 0.00167082
924000 1.68171 -0.00545078 0.00166071
925000 1.74138 -0.00646449 0.00172254
926000 1.712 -0.00417546 0.00169796
927000 1.64154 -0.00279337 0.00162374
928000 1.75192 -0.00288412 0.0017321
929000 1.70622 -0.00353536 0.0016876
930000 1.65313 -0.00434039 0.00163702
931000 1.70644 -0.00691441 0.00168806
932000 1.69575 -0.00912209 0.00167655
933000 1.71568 -0.0060537 0.00169501
934000 1.6926 -0.00613585 0.0016735
935000 1.71856 -0.00490251 0.00170172
936000 1.66024 -0.00707612 0.00163692
937000 1.73959 -0.0105544 0.00171792
938000 1.71277 -0.00822624 0.0016961
939000 1.67584 -0.00271209 0.00165593
940000 1.71504 -0.00492032 0.00169663
941000 1.7068 -0.00480521 0.00168715
942000 1.67475 -0.00897567 0.00165144
943000 1.69795 -0.00799231 0.00167374
944000 1.73927 -0.00737557 0.00171803
945000 1.64828 -0.00488379 0.00163106
946000 1.69894 -0.00218393 0.00168334
947000 1.68957 -0.0022962 0.00167689
948000 1.72177 -0.00542285 0.00170352
949000 1.67698 -0.0063124 0.00165355
950000 1.73244 -0.00865272 0.0017095
951000 1.69925 -0.0062867 0.00168425
952000 1.65743 -0.00935947 0.00163346
953000 1.6947 -0.00508766 0.00167705
954000 1.68127 -0.00508263 0.00166475
955000 1.63823 -0.00585 0.00162844
956000 1.66864 -0.00617188 0.00164942
957000 1.71073 -0.00497782 0.0016936
958000 1.72946 -0.0063388 0.00170985
959000 1.67617 -0.00366519 0.00165942
960000 1.73261 -0.00237875 0.00171642
961000 1.69388 -0.00587823 0.00167879
962000 1.66607 -0.00889066 0.00164105
963000 1.6974 -0.00395886 0.00167762
964000 1.73529 -0.00558867 0.00171845
965000 1.70076 -0.00309901 0.00167974
966000 1.69527 -0.0117352 0.00166658
967000 1.64596 -0.00318285 0.00162946
968000 1.66936 -0.00652418 0.0016471
969000 1.76969 -0.0129628 0.00174471
970000 1.64968 -0.00997134 0.0016294
971000 1.68717 -0.0175736 0.0016591
972000 1.73157 -0.00419821 0.00171322
973000 1.68883 -0.0123146 0.00166594
974000 1.71406 -0.0124368 0.00168704
975000 1.67619 -0.00186247 0.00165847
976000 1.71135 -0.0041419 0.00169075
977000 1.70792 -0.00565011 0.00168566
978000 1.69356 -0.00333626 0.00167496
979000 1.73483 -0.00980918 0.001712
980000 1.64796 -0.00619851 0.00163374
981000 1.72174 -0.00781954 0.00169865
982000 1.73043 -0.0107638 0.00170657
983000 1.65453 -0.00475554 0.00163503
984000 1.69649 -0.00777715 0.00167564
985000 1.69151 -0.00705205 0.00167131
986000 1.7359 -0.00400509 0.00171923
987000 1.75203 -0.00383057 0.00173166
988000 1.74505 -0.00759443 0.00172245
989000 1.68795 -0.00160329 0.00166962
990000 1.73209 -0.0040397 0.00171943
991000 1.73175 -0.00476115 0.00171074
992000 1.66289 -0.00357179 0.0016505
993000 1.7116 -0.0081203 0.00168839
994000 1.69656 -0.00341356 0.0016766
995000 1.71098 -0.00661382 0.00169311
996000 1.70431 -0.00851958 0.00167973
997000 1.70857 -0.00819652 0.00169152
998000 1.70995 -0.00358401 0.00168737
999000 1.67765 -0.00421236 0.00165941
1000000 1.75693 -0.0053098 0.00173321
1001000 1.64864 -0.00639031 0.00162497
1002000 1.72244 -0.00556785 0.00170258
1003000 1.69075 -0.00894558 0.0016672
1004000 1.73615 -0.00874622 0.00170899
1005000 1.64291 -0.00696988 0.00162535
1006000 1.71869 -0.00596437 0.00169725
1007000 1.68648 -0.00401061 0.00166863
1008000 1.65393 -0.00270929 0.00163483
1009000 1.72974 -0.00614355 0.00171013
1010000 1.69103 -0.00777226 0.00166902
1011000 1.74611 -0.00621433 0.00172429
1012000 1.66769 -0.00705193 0.00164788
1013000 1.7202 -0.00670857 0.00170179
1014000 1.72063 -0.00895261 0.00169568
1015000 1.66889 -0.0138309 0.00163799
1016000 1.69527 -0.0131729 0.00166651
1017000 1.67965 -0.0138323 0.00165645
1018000 1.69668 -0.0161716 0.00166875
1019000 1.67887 -0.014745 0.00165664
1020000 1.66473 -0.0150247 0.00164087
1021000 1.68861 -0.0204375 0.00165668
1022000 1.67139 -0.0147378 0.00164564
1023000 1.68514 -0.0123324 0.00166627
1024000 1.71181 -0.0117584 0.00168754
1025000 1.6847 -0.0103686 0.00166771
1026000 1.67126 -0.00996114 0.0016542
1027000 1.71523 -0.0050093 0.00169841
1028000 1.74144 -0.00808929 0.00171356
1029000 1.72227 -0.0134775 0.00169103
1030000 1.66607 -0.00705556 0.0016473
1031000 1.73819 -0.00370027 0.00171955
1032000 1.74724 -0.00293414 0.00172815
1033000 1.65714 -0.00795103 0.00163315
1034000 1.7276 -0.0035716 0.00170944
1035000 1.7478 -0.00202705 0.00173052
1036000 1.67648 -0.00464801 0.00166561
1037000 1.72807 -0.00661077 0.00170932
1038000 1.71956 -0.00578885 0.00169394
1039000 1.68773 -0.00853347 0.00167083
1040000 1.64432 -0.00729483 0.00162354
1041000 1.72341 -0.00419048 0.00170415
1042000 1.70167 -0.00485222 0.00168488
1043000 1.67563 -0.00364888 0.00165858
1044000 1.70475 -0.00674036 0.00168295
1045000 1.68086 -0.00704325 0.00166319
1046000 1.68563 -0.00849907 0.0016635
1047000 1.68847 -0.00570431 0.00167766
1048000 1.67077 -0.00761707 0.00165161
1049000 1.7427 -0.00574259 0.00172354
1050000 1.70304 -0.00811397 0.00168102
1051000 1.6667 -0.012146 0.00164757
1052000 1.69185 -0.00924349 0.00166794
1053000 1.6713 -0.0129115 0.00164868
1054000 1.67052 -0.00985865 0.00165049
1055000 1.67158 -0.00994887 0.0016516
1056000 1.74372 -0.00736047 0.00172485
1057000 1.69197 -0.00302213 0.00167045
1058000 1.62975 -0.00269199 0.00161247
1059000 1.65699 -0.00681289 0.00163842
1060000 1.70226 -0.00585373 0.00168148
1061000 1.66416 -0.0073893 0.0016422
1062000 1.72333 -0.00651756 0.00170155
1063000 1.68754 -0.00502844 0.00167082
1064000 1.66754 -0.00786181 0.00164639
1065000 1.7311 -0.0100253 0.0017137
1066000 1.72625 -0.0085917 0.00170733
1067000 1.72166 -0.00351614 0.00170254
1068000 1.66946 -0.00598187 0.00164567
1069000 1.74218 -0.00492068 0.0017217
1070000 1.68608 -0.00439295 0.00166955
1071000 1.65199 -0.00384447 0.00163218
1072000 1.7705 -0.00574856 0.00174997
1073000 1.64866 -0.00318093 0.00163447
1074000 1.75866 -0.00335303 0.00174366
1075000 1.67394 -0.00488663 0.00165448
1076000 1.7354 -0.00410251 0.00172265
1077000 1.66112 -0.00604505 0.00164542
1078000 1.70887 -0.00483593 0.00168799
1079000 1.73064 -0.00428264 0.00171167
1080000 1.63493 -0.00439079 0.00161722
1081000 1.75178 -0.00510101 0.00173184
1082000 1.73607 -0.00276097 0.00172322
1083000 1.71054 -0.00414549 0.0016911
1084000 1.69782 -0.00226665 0.0016816
1085000 1.76796 -0.00505979 0.00174907
1086000 1.69236 -0.00621401 0.00167092
1087000 1.71171 -0.0133042 0.00168334
1088000 1.70587 -0.008145 0.00168375
1089000 1.72291 -0.00555613 0.0017044
1090000 1.71156 -0.0045435 0.00169144
1091000 1.73948 -0.00284026 0.00172627
1092000 1.66884 -0.00428066 0.00164967
1093000 1.67377 -0.00385297 0.00165405
1094000 1.69134 -0.00467106 0.00167021
1095000 1.73268 -0.00381762 0.00171305
1096000 1.71512 -0.00262607 0.00169436
1097000 1.66532 -0.00496954 0.00164557
1098000 1.71067 -0.00666628 0.00169316
1099000 1.70961 -0.00523654 0.0016858
1100000 1.69868 -0.00266705 0.00167952
