# Time-averaged data for fix 2
# TimeStep v_Temperature v_PotentialEnergy v_Pressure
1000 0.982957 -0.808596 0.0595842
2000 0.981427 -0.956368 0.0463482
3000 0.946817 -0.975482 0.0471228
4000 0.96669 -0.973472 0.0486556
5000 0.94582 -1.04447 0.0451
6000 0.933465 -1.12579 0.0452866
7000 0.94294 -1.01752 0.051122
8000 0.973927 -1.06363 0.0456773
9000 0.932847 -0.881095 0.0453569
10000 0.924559 -0.931994 0.0405746
11000 0.930756 -1.06216 0.0435235
12000 0.95645 -1.24318 0.0381926
13000 0.956848 -1.19252 0.0415916
14000 0.947858 -1.00569 0.043855
15000 0.954071 -0.972972 0.0477411
16000 0.91892 -0.97723 0.0427713
17000 0.930764 -0.961292 0.0437917
18000 0.933969 -1.18816 0.038778
19000 0.967444 -1.20544 0.042284
20000 0.917439 -1.25305 0.0379603
21000 0.965975 -1.14015 0.0452758
22000 0.937533 -1.04984 0.0452606
23000 0.941432 -0.920099 0.0500324
24000 0.960737 -0.910066 0.0470111
25000 0.956203 -0.958405 0.0467124
26000 0.956629 -1.11383 0.0486204
27000 0.948606 -1.19721 0.040591
28000 0.948789 -1.1197 0.0425946
29000 0.926739 -1.13153 0.0392601
30000 0.964852 -1.18715 0.0408477
31000 0.956919 -1.24529 0.0455651
32000 0.904629 -1.38101 0.0257036
33000 0.963355 -1.27617 0.0460618
34000 0.955047 -1.13147 0.0468491
35000 0.952747 -0.984206 0.0487704
36000 0.947223 -0.985485 0.0506742
37000 0.939829 -0.962858 0.0436904
38000 0.929886 -1.12292 0.0374744
39000 0.966876 -1.26533 0.0431925
40000 0.950372 -1.28325 0.0363775
41000 0.945819 -1.0686 0.0439774
42000 0.929125 -0.918743 0.0423606
43000 0.959561 -0.989258 0.0477612
44000 0.940777 -1.18963 0.0385397
45000 0.95331 -1.06939 0.0493106
46000 0.967347 -1.08578 0.043697
47000 0.921198 -1.08062 0.0417258
48000 0.947631 -1.14443 0.0396042
49000 0.919485 -1.10271 0.041619
50000 0.943657 -1.00487 0.0442595
51000 0.989452 -0.909131 0.0505383
52000 0.939168 -0.93986 0.0419826
53000 0.965795 -0.906989 0.054646
54000 0.958424 -0.853007 0.0497405
55000 0.967526 -0.827745 0.0556221
56000 0.933522 -0.925923 0.0441954
57000 0.93353 -0.830399 0.0499943
58000 0.971732 -0.987941 0.0461909
59000 0.923051 -1.06505 0.0401763
60000 0.95186 -0.977597 0.0497728
61000 0.97291 -0.849724 0.0513015
62000 0.941602 -0.847927 0.0485351
63000 0.919057 -1.03822 0.0439271
64000 0.955373 -0.985999 0.0476579
65000 0.952185 -1.00273 0.0431929
66000 0.963848 -1.03705 0.0424033
67000 0.949076 -1.11481 0.0434931
68000 0.946828 -1.07529 0.0440334
69000 0.963324 -1.19674 0.0436782
70000 0.911797 -1.13651 0.0373064
71000 0.947767 -1.06849 0.0402174
72000 0.917962 -1.01872 0.0404388
73000 0.953181 -1.01259 0.0436207
74000 0.983464 -1.10794 0.0487791
75000 0.938442 -1.10098 0.0415225
76000 0.97782 -1.01909 0.052392
77000 0.956464 -0.93047 0.0470129
78000 0.969519 -0.863174 0.0530286
79000 0.9611 -0.804488 0.0551764
80000 0.958187 -0.956474 0.0530385
81000 0.93953 -0.967744 0.0458576
82000 0.939556 -0.939638 0.0421673
83000 0.969648 -0.922547 0.0515393
84000 0.934542 -0.93676 0.0500612
85000 0.927634 -0.933552 0.0456904
86000 0.958469 -0.932456 0.0482277
87000 0.961894 -0.936606 0.0467859
88000 0.919631 -0.946706 0.045687
89000 0.924942 -1.00634 0.0426597
90000 0.958679 -1.02144 0.0459488
91000 0.968376 -0.88525 0.0483211
92000 0.925592 -0.914313 0.046455
93000 0.911063 -0.97073 0.0415687
94000 0.961032 -0.999138 0.0489573
95000 0.947361 -1.16015 0.0418759
96000 0.941918 -1.1196 0.0402124
97000 0.963132 -0.950447 0.0489827
98000 0.947164 -0.963048 0.0485882
99000 0.913698 -0.923967 0.0468162
100000 0.986308 -1.04573 0.0487546
101000 0.940526 -1.12185 0.0415577
102000 0.966352 -1.13653 0.0485705
103000 0.964257 -1.18748 0.0443382
104000 0.914548 -1.29374 0.0351554
105000 0.94061 -1.17126 0.0408247
106000 0.945561 -1.0626 0.0473868
107000 0.963427 -1.00542 0.0475643
108000 0.940768 -1.12732 0.0413364
109000 0.979755 -1.0164 0.0492311
110000 0.925092 -1.05544 0.0433368
111000 0.96584 -1.00832 0.0506762
112000 0.987691 -1.1024 0.0521592
113000 0.938859 -1.18049 0.0424625
114000 0.969149 -0.949041 0.0460767
115000 0.984727 -0.889463 0.0516877
116000 0.939069 -0.915681 0.0487133
117000 0.963699 -0.974548 0.0504998
118000 0.940733 -0.982441 0.0443341
119000 0.94999 -0.96955 0.0447348
120000 1.00135 -1.03577 0.0518265
121000 0.952416 -1.32005 0.0386835
122000 0.930118 -1.32962 0.0357572
123000 0.928188 -1.1417 0.0347783
124000 0.945941 -1.00996 0.050264
125000 0.952134 -1.0898 0.0422263
126000 0.92471 -1.11434 0.0422826
127000 0.92625 -1.19867 0.0404712
128000 0.950849 -1.14005 0.0421114
129000 0.928951 -1.04011 0.0379101
130000 0.974947 -1.18904 0.0531358
131000 0.933673 -1.18838 0.0406019
132000 0.949373 -1.00736 0.0463277
133000 0.969143 -1.12554 0.045235
134000 0.95523 -1.10607 0.0505546
135000 0.968993 -1.15839 0.0456327
136000 0.941596 -1.33796 0.042648
137000 0.943234 -1.34713 0.0387051
138000 0.983 -1.21719 0.0457549
139000 0.931745 -1.18905 0.0420703
140000 0.937081 -1.13337 0.0437485
141000 0.971569 -1.03431 0.0461891
142000 0.951061 -1.02249 0.0438945
143000 0.960035 -1.00757 0.0539974
144000 0.943964 -0.944816 0.0476978
145000 0.958246 -1.01883 0.0479409
146000 0.914559 -1.00086 0.0419159
147000 0.926227 -0.896024 0.0471259
148000 0.930314 -1.0222 0.043459
149000 0.968395 -0.917899 0.0530215
150000 0.952587 -1.01034 0.056348
151000 0.956934 -1.02036 0.0500621
152000 0.961544 -1.16137 0.0387246
153000 0.933389 -1.09813 0.0437357
154000 0.958004 -0.973934 0.0490371
155000 0.956598 -0.93948 0.0476793
156000 0.970436 -0.943355 0.0511403
157000 0.93861 -0.946383 0.0468044
158000 0.934607 -0.909814 0.0496854
159000 0.922788 -0.942065 0.0482667
160000 0.937493 -0.982117 0.0393393
161000 0.937495 -1.02611 0.0430537
162000 0.959156 -0.864119 0.0506079
163000 0.959128 -0.969728 0.0503707
164000 0.969308 -1.11149 0.0449906
165000 0.945528 -1.11699 0.0459602
166000 0.926969 -1.21663 0.0448829
167000 0.950618 -1.0823 0.0454424
168000 0.94549 -1.26811 0.0401836
169000 0.985647 -1.37177 0.0469882
170000 0.948796 -1.35533 0.0394877
171000 0.954075 -1.21036 0.0440761
172000 0.935548 -1.01818 0.0424138
173000 0.924168 -1.19183 0.0388177
174000 0.964541 -1.32744 0.041745
175000 0.940657 -0.983994 0.0495711
176000 0.967005 -0.953187 0.0466046
177000 0.94023 -1.05917 0.0406876
178000 0.938654 -1.08416 0.0443291
179000 0.967231 -0.996013 0.0481697
180000 0.962516 -1.15983 0.038462
181000 0.948358 -1.19693 0.0413672
182000 0.943695 -1.08371 0.0426042
183000 0.987439 -1.07804 0.0514693
184000 0.957244 -0.889698 0.052945
185000 0.917423 -0.897439 0.0442445
186000 0.915823 -0.978201 0.0480492
187000 0.962878 -0.896119 0.0520214
188000 0.95683 -0.975886 0.0438332
189000 0.938394 -1.03384 0.0430284
190000 0.964812 -1.17834 0.0391617
191000 0.904129 -1.14404 0.0345384
192000 0.931438 -1.07199 0.0416849
193000 0.951584 -1.10898 0.0405834
194000 0.93862 -1.07678 0.0453947
195000 0.96209 -1.1495 0.0442418
196000 0.959438 -1.31404 0.0397236
197000 0.949867 -1.24117 0.0434037
198000 0.928084 -1.20057 0.0400251
199000 0.94797 -1.01861 0.03927
200000 0.94827 -1.01863 0.0406807
201000 0.921453 -1.19843 0.0399688
202000 0.942087 -1.17913 0.0420337
203000 0.938236 -1.05052 0.0479215
204000 0.95914 -1.07616 0.0421516
205000 0.955075 -1.12726 0.0498871
206000 0.932982 -1.1169 0.044034
207000 0.937144 -1.0903 0.0408161
208000 0.966767 -1.16236 0.0456497
209000 0.96527 -1.04591 0.0531851
210000 0.946434 -1.09946 0.0457095
211000 0.939136 -1.06106 0.0409958
212000 0.955127 -0.879585 0.0500374
213000 0.956881 -0.975458 0.045285
214000 0.919445 -1.04005 0.0433971
215000 0.953661 -0.899122 0.0499994
216000 0.936726 -0.925378 0.045082
217000 0.96251 -0.929444 0.0453176
218000 0.964257 -0.873342 0.0520252
219000 0.920505 -0.840154 0.0468934
220000 0.952139 -0.881249 0.0524232
221000 0.899333 -0.939902 0.0410914
222000 0.978375 -1.08673 0.0419516
223000 0.930658 -1.06053 0.0448313
224000 0.923623 -1.07088 0.0398077
225000 0.950488 -0.894058 0.0500138
226000 0.952124 -0.861124 0.0485667
227000 0.977011 -0.90549 0.0543923
228000 0.937556 -0.979636 0.049285
229000 0.975735 -0.907935 0.0473802
230000 0.950785 -0.94099 0.0495845
231000 0.971881 -0.785924 0.0564746
232000 0.989295 -0.93723 0.0513015
233000 0.923166 -0.99487 0.047753
234000 0.94923 -0.933514 0.0514449
235000 0.940532 -1.06433 0.0401604
236000 0.945153 -1.11762 0.0429052
237000 0.946177 -0.934809 0.0488285
238000 0.968101 -0.997139 0.0489647
239000 0.953321 -0.940811 0.050757
240000 0.956726 -0.881383 0.0519591
241000 0.946822 -0.964561 0.047077
242000 0.974916 -0.921241 0.0490057
243000 0.932559 -1.04091 0.0409146
244000 0.925976 -1.00482 0.0450696
245000 0.944473 -0.994238 0.0454175
246000 0.955708 -1.05652 0.0436053
247000 0.945359 -1.08907 0.0461422
248000 0.941987 -0.965664 0.0428793
249000 0.93886 -1.05902 0.0448719
250000 0.9479 -0.872365 0.0444192
251000 0.971236 -0.892618 0.054224
252000 0.923917 -0.927345 0.0439263
253000 0.965463 -0.933688 0.0470714
254000 0.962109 -0.959988 0.0490427
255000 0.961208 -0.92117 0.051213
256000 0.961446 -0.863094 0.0508388
257000 0.946178 -0.964604 0.0469557
258000 0.95501 -1.014 0.0463293
259000 0.945506 -1.0212 0.0440726
260000 0.951516 -0.962172 0.0466119
261000 0.986558 -1.04107 0.050188
262000 0.947063 -0.994381 0.0435397
263000 0.926789 -1.0609 0.0394968
264000 0.944747 -0.979617 0.041999
265000 0.961097 -1.03559 0.0459464
266000 0.939785 -0.987364 0.043425
267000 0.931606 -0.884163 0.0477724
268000 0.93436 -1.02218 0.051034
269000 0.93852 -0.957696 0.0493644
270000 0.955831 -1.066 0.0498871
271000 0.946182 -1.10695 0.0400097
272000 0.974153 -1.123 0.0445119
273000 0.970924 -1.30515 0.041438
274000 0.961784 -1.28334 0.0435786
275000 0.972669 -1.19146 0.0410971
276000 0.939296 -1.11033 0.0413001
277000 0.921468 -1.15201 0.0379308
278000 0.961448 -1.26377 0.040505
279000 0.967252 -1.21929 0.0424712
280000 0.939783 -1.12387 0.0476964
281000 0.940899 -1.13304 0.0426916
282000 0.967368 -1.037 0.0407429
283000 0.929551 -1.10319 0.0355302
284000 0.9278 -1.14176 0.0405628
285000 0.978854 -1.11202 0.0484057
286000 0.934216 -1.02307 0.042456
287000 0.932503 -1.07516 0.0486452
288000 0.928482 -1.0957 0.0441776
289000 0.953854 -1.0136 0.0454317
290000 0.959509 -1.05606 0.0410734
291000 0.91256 -1.06656 0.0413969
292000 0.952635 -1.00804 0.0474653
293000 0.954168 -1.08288 0.0489292
294000 0.921149 -1.19066 0.0389933
295000 0.947064 -1.14323 0.037229
296000 0.957732 -1.07848 0.0413959
297000 0.956533 -1.07438 0.0442013
298000 0.917803 -1.15888 0.0335481
299000 0.969167 -1.24887 0.0400861
300000 0.945173 -1.24295 0.0420586
301000 0.953933 -1.01809 0.0461402
302000 0.942565 -0.990045 0.0462736
303000 0.946302 -0.935753 0.0383141
304000 0.939381 -0.953333 0.0456455
305000 0.969532 -0.943856 0.0499128
306000 0.911797 -0.991681 0.0396115
307000 0.949849 -0.973724 0.0478122
308000 0.97846 -0.957502 0.0498128
309000 0.960094 -1.08696 0.0458572
310000 0.932663 -1.14183 0.0432603
311000 0.959801 -1.27604 0.0444475
312000 0.960254 -1.28657 0.0471709
313000 0.95155 -1.14484 0.0467383
314000 0.939681 -1.09057 0.0453682
315000 0.965287 -1.1765 0.0448697
316000 0.957353 -1.12344 0.041771
317000 0.991981 -0.943767 0.0518246
318000 0.927398 -0.828239 0.0483176
319000 0.996597 -0.862093 0.0573121
320000 0.936555 -0.943986 0.0479021
321000 0.957066 -0.970952 0.0439134
322000 0.937108 -0.973564 0.0483397
323000 0.984476 -0.984999 0.053177
324000 0.93792 -0.960837 0.0473507
325000 0.974202 -0.818043 0.0563438
326000 0.970489 -0.810854 0.0546116
327000 0.934309 -0.985123 0.0448339
328000 0.952988 -0.965521 0.0484744
329000 0.935637 -0.853857 0.0452946
330000 0.945581 -0.853493 0.053123
331000 0.956094 -0.867105 0.0517627
332000 0.969858 -0.851227 0.0463656
333000 0.924767 -0.958634 0.0423043
334000 0.962462 -1.14277 0.0404353
335000 0.947417 -1.31766 0.0374105
336000 0.977502 -1.06478 0.0482375
337000 0.9655 -0.943095 0.0449861
338000 0.941493 -1.09179 0.0406808
339000 0.964072 -1.22417 0.0430709
340000 0.958542 -1.29557 0.0502011
341000 0.97721 -1.09721 0.048934
342000 0.966392 -1.04499 0.048311
343000 0.953336 -1.03882 0.0459645
344000 0.964529 -1.17342 0.0462985
345000 0.948528 -1.13651 0.0476564
346000 0.916037 -1.04363 0.0439872
347000 0.951695 -1.00201 0.04567
348000 0.97297 -1.08614 0.0443506
349000 0.938333 -1.11758 0.0412791
350000 0.950916 -0.977538 0.0464003
351000 0.967039 -0.859241 0.0524989
352000 0.933441 -1.00679 0.0443502
353000 0.966804 -1.00074 0.051763
354000 0.948086 -1.02675 0.0403469
355000 0.953623 -0.983977 0.0436784
356000 0.989247 -0.989657 0.0492504
357000 0.957815 -1.05238 0.051043
358000 0.977785 -0.815325 0.0535838
359000 0.939561 -0.862678 0.0507724
360000 0.956288 -0.911898 0.0495822
361000 0.940938 -0.867813 0.0502328
362000 0.936017 -0.956909 0.0436235
363000 0.918317 -0.957388 0.0358464
364000 0.943374 -1.0074 0.0461834
365000 0.935781 -0.936757 0.0474393
366000 0.974906 -1.01848 0.047849
367000 0.959356 -1.13106 0.0430368
368000 0.933703 -1.09659 0.0463973
369000 0.936809 -0.958222 0.0474298
370000 0.930435 -1.0393 0.046694
371000 0.929594 -0.94159 0.0434236
372000 0.98328 -0.875344 0.0536032
373000 0.95237 -0.818746 0.0535155
374000 0.968289 -0.87688 0.0484037
375000 0.957114 -0.892796 0.0536299
376000 0.923312 -0.83973 0.0528387
377000 0.972765 -0.842347 0.0552203
378000 0.929448 -0.90901 0.0458957
379000 0.959727 -0.894691 0.0463728
380000 0.978182 -0.944681 0.0522946
381000 0.963825 -0.980365 0.0416187
382000 0.971071 -1.09742 0.0469989
383000 0.928282 -1.13469 0.0363849
384000 0.948415 -1.23775 0.0467019
385000 0.957057 -1.09278 0.0453295
386000 0.948778 -1.03618 0.0512101
387000 0.947726 -0.977017 0.0437814
388000 0.946271 -0.915466 0.0517177
389000 0.941924 -0.884969 0.0534192
390000 0.959129 -0.841114 0.0550369
391000 0.941509 -1.02592 0.0386641
392000 0.975104 -0.840878 0.0551697
393000 0.95236 -0.95842 0.0502647
394000 0.955196 -0.945633 0.0512889
395000 0.926364 -0.933915 0.0418091
396000 0.924661 -0.886417 0.0486099
397000 0.946177 -0.880786 0.0544456
398000 0.942918 -1.10789 0.0411298
399000 0.961722 -1.00027 0.0449121
400000 0.937734 -0.881672 0.0501371
401000 0.943135 -0.950072 0.049032
402000 0.950454 -1.25789 0.043411
403000 0.949919 -1.06945 0.0433057
404000 0.956729 -1.09896 0.0409314
405000 0.99123 -1.0083 0.0441729
406000 0.952666 -0.96507 0.0482848
407000 0.925317 -0.987129 0.0439309
408000 0.955084 -0.987108 0.0450514
409000 0.972105 -1.02123 0.0444654
410000 0.9512 -1.08267 0.0431883
411000 0.965788 -0.933701 0.0487872
412000 0.927444 -0.914262 0.0460641
413000 0.966227 -0.942588 0.0518389
414000 0.964116 -1.03368 0.0460457
415000 0.938837 -0.996499 0.0484307
416000 0.923433 -1.0705 0.0446941
417000 0.952985 -0.907154 0.055864
418000 0.991018 -0.876308 0.056035
419000 0.932963 -1.11078 0.0371749
420000 0.97518 -1.13597 0.0452389
421000 0.950573 -1.01594 0.0464855
422000 0.937513 -1.025 0.0450365
423000 0.947934 -1.01696 0.0456572
424000 0.956679 -0.896553 0.0550791
425000 0.941519 -0.903132 0.0514997
426000 0.985164 -0.923913 0.0592092
427000 0.959862 -0.879893 0.0513105
428000 0.923743 -0.843143 0.0445471
429000 0.975439 -0.854605 0.056485
430000 0.93843 -1.01525 0.0475313
431000 0.944327 -1.10171 0.0471819
432000 0.987652 -0.930371 0.0499413
433000 0.940348 -0.989242 0.0506326
434000 0.946361 -1.05945 0.0447092
435000 0.94741 -1.11711 0.0359314
436000 0.941782 -1.02647 0.0480459
437000 0.94648 -0.8507 0.044425
438000 0.97265 -0.780114 0.0576373
439000 0.951112 -0.944976 0.0505715
440000 0.947343 -0.86245 0.0497817
441000 0.947883 -0.920569 0.0469082
442000 0.942166 -0.985706 0.0511252
443000 0.932206 -0.979304 0.0424527
444000 0.971968 -0.884042 0.0522754
445000 0.91389 -0.890664 0.0500625
446000 0.94902 -0.97483 0.0467549
447000 0.947719 -0.930696 0.0479645
448000 0.945534 -1.08301 0.0423775
449000 0.954963 -0.994085 0.0451461
450000 0.968001 -1.07296 0.04318
451000 0.975948 -1.15948 0.0454895
452000 0.954106 -0.994329 0.04982
453000 0.944968 -1.13888 0.0343979
454000 0.964962 -1.07912 0.0464479
455000 0.955505 -1.13703 0.0382533
456000 0.947978 -1.11698 0.0408186
457000 0.955489 -1.19567 0.0390471
458000 0.956913 -1.05282 0.0423153
459000 0.966096 -0.955646 0.0503992
460000 0.919267 -0.919293 0.0439998
461000 0.959042 -1.07878 0.0461968
462000 0.960236 -1.20843 0.0436484
463000 0.954711 -1.12198 0.0361288
464000 0.904709 -1.17137 0.0391466
465000 0.936518 -1.07744 0.0433963
466000 0.929114 -1.13743 0.0410794
467000 0.957034 -1.06619 0.0494976
468000 0.93847 -0.997069 0.0439157
469000 0.952761 -0.896348 0.0455683
470000 0.955442 -0.913754 0.0454317
471000 0.939507 -0.919287 0.0477274
472000 0.949765 -0.87683 0.0524255
473000 0.962179 -0.987194 0.0441493
474000 0.971971 -1.02747 0.045737
475000 0.945386 -1.04812 0.0414913
476000 0.936161 -1.02329 0.040785
477000 0.969959 -1.01263 0.0474239
478000 0.937731 -1.0441 0.0410269
479000 0.946969 -1.11984 0.0406237
480000 0.968391 -0.886647 0.053061
481000 0.974283 -0.971824 0.0536917
482000 0.936143 -0.968822 0.0458264
483000 0.949276 -0.962617 0.0449811
484000 0.942575 -0.959445 0.0474523
485000 0.964653 -0.928564 0.0490205
486000 0.954607 -0.991573 0.0512224
487000 0.954704 -1.07836 0.0460773
488000 0.969802 -0.950549 0.046677
489000 0.959007 -1.06191 0.0443916
490000 0.941419 -0.972748 0.0439115
491000 0.942852 -0.928829 0.0425046
492000 0.932012 -0.966548 0.0476263
493000 0.941534 -0.932604 0.0510596
494000 0.931182 -0.989167 0.0424534
495000 0.927819 -0.923082 0.0459448
496000 0.963218 -0.917443 0.0482795
497000 0.925773 -0.891945 0.0497077
498000 0.961424 -0.941119 0.0462788
499000 0.921039 -1.01726 0.0466087
500000 0.965464 -1.19352 0.0405436
501000 0.938566 -1.14925 0.035405
502000 0.950715 -1.14505 0.0443561
503000 0.955546 -1.07569 0.0468027
504000 0.927921 -1.08111 0.0400821
505000 0.981782 -1.0918 0.0436647
506000 0.933398 -1.13389 0.0418361
507000 0.923835 -1.1778 0.0388747
508000 0.952633 -1.00538 0.0505915
509000 0.947242 -1.03469 0.0428053
510000 0.933201 -0.98352 0.0414733
511000 0.972486 -0.888289 0.054389
512000 0.949113 -0.992134 0.0483096
513000 0.957513 -0.917616 0.0472604
514000 0.91958 -0.961249 0.0425366
515000 0.962421 -0.938212 0.0506126
516000 0.966765 -0.896504 0.0523568
517000 0.937617 -0.973808 0.0497
518000 0.94847 -1.07594 0.0444243
519000 0.973825 -1.02729 0.0488989
520000 0.945158 -1.11611 0.0404993
521000 0.951717 -1.18923 0.0395462
522000 0.964912 -1.04761 0.0442479
523000 0.923513 -1.12216 0.0394926
524000 0.969789 -1.10591 0.0466147
525000 0.949515 -1.14786 0.0461307
526000 0.965686 -0.961953 0.0435921
527000 0.964453 -1.16775 0.0415707
528000 0.955049 -1.09672 0.0354522
529000 0.954322 -1.31142 0.040568
530000 0.928894 -1.15158 0.0455002
531000 0.96136 -0.960813 0.0460945
532000 0.968903 -1.03178 0.0466009
533000 0.911919 -0.930477 0.039716
534000 0.94789 -0.963686 0.0478058
535000 0.946667 -0.922099 0.0456454
536000 0.975855 -1.01725 0.0497417
537000 0.940311 -1.03509 0.0414105
538000 0.936833 -1.02287 0.0488829
539000 0.926036 -0.954435 0.0439665
540000 0.977359 -0.838923 0.0497688
541000 0.939404 -0.948526 0.0478866
542000 0.936912 -0.984179 0.04489
543000 0.962611 -1.07435 0.0458142
544000 0.936253 -1.19711 0.0431251
545000 0.91754 -1.12194 0.0393798
546000 0.952649 -1.04985 0.0471527
547000 0.948901 -1.0254 0.0496962
548000 0.938127 -1.03454 0.0382631
549000 0.962941 -1.0546 0.0453565
550000 0.933445 -1.00693 0.0510484
551000 0.974273 -0.961746 0.0534371
552000 0.974556 -0.98978 0.0549918
553000 0.94783 -0.9576 0.0470367
554000 0.971595 -0.969827 0.0475658
555000 0.956232 -0.889196 0.048996
556000 0.945777 -1.05337 0.0408429
557000 0.925098 -1.10777 0.0434955
558000 0.9618 -0.981754 0.0510597
559000 0.950348 -0.980407 0.0519132
560000 0.944593 -0.865213 0.0508373
561000 0.93852 -0.89423 0.0477283
562000 0.993432 -0.939472 0.0503381
563000 0.953457 -1.08396 0.0428133
564000 0.951815 -1.0129 0.0462518
565000 0.907554 -0.935151 0.0487491
566000 0.94877 -0.896007 0.0468293
567000 0.955564 -0.870774 0.0448277
568000 0.952207 -0.958066 0.047054
569000 0.923812 -0.90012 0.047413
570000 0.978633 -0.933093 0.0518878
571000 0.911852 -0.930376 0.0431264
572000 0.941891 -1.01469 0.0442271
573000 0.930313 -1.13616 0.0404755
574000 0.973559 -0.872699 0.054305
575000 0.962756 -0.823089 0.0526564
576000 0.953063 -0.84081 0.0497994
577000 0.935984 -0.916173 0.0472965
578000 0.942275 -0.929777 0.0463403
579000 0.946375 -0.876064 0.0491488
580000 0.94167 -0.909168 0.0449148
581000 0.979392 -0.917531 0.0534979
582000 0.964807 -1.05136 0.0464315
583000 0.950624 -1.01234 0.0473488
584000 0.993839 -0.935467 0.0519842
585000 0.961816 -0.990877 0.0502516
586000 0.93515 -1.12331 0.0416514
587000 0.936988 -1.21214 0.0396895
588000 0.929117 -1.04463 0.0393902
589000 0.969562 -0.871889 0.0541286
590000 0.93298 -0.812791 0.0492794
591000 0.926164 -0.878258 0.0491431
592000 0.957996 -0.918979 0.049894
593000 0.928224 -0.891682 0.050302
594000 0.960571 -1.05039 0.0471458
595000 0.945716 -1.00338 0.047686
596000 0.975241 -1.00681 0.0485587
597000 0.957949 -1.01232 0.0460391
598000 0.933212 -1.09373 0.0443592
599000 0.932397 -1.08124 0.0432851
600000 0.952672 -1.19796 0.0444282
601000 0.947146 -1.16319 0.0401729
602000 0.914984 -1.1355 0.0442418
603000 0.951414 -1.00624 0.0490362
604000 0.912246 -1.00866 0.0447915
605000 0.965697 -0.957992 0.0493347
606000 0.940909 -0.944059 0.0490583
607000 0.942672 -0.976139 0.0428498
608000 0.984098 -1.03156 0.0468936
609000 0.922357 -1.24652 0.0330467
610000 0.961076 -1.09172 0.0491375
611000 0.963476 -0.908995 0.0505227
612000 0.969154 -0.948155 0.0437647
613000 0.933828 -1.01203 0.0457171
614000 0.95624 -1.07175 0.0450774
615000 0.951545 -0.998016 0.0447613
616000 0.927721 -0.901277 0.0425482
617000 0.953468 -0.952249 0.0494388
618000 0.93198 -1.16564 0.0425462
619000 0.939873 -0.926978 0.043514
620000 0.973619 -0.763678 0.0566423
621000 0.948571 -0.911733 0.0474811
622000 0.945377 -0.912685 0.0495352
623000 0.96601 -0.926659 0.0518239
624000 0.953306 -1.01946 0.043009
625000 0.957622 -1.03194 0.0485939
626000 0.911076 -0.940156 0.0402587
627000 0.945576 -1.08006 0.0459402
628000 0.961845 -1.09183 0.0452184
629000 0.952871 -1.07809 0.0448352
630000 0.950873 -0.989653 0.0452107
631000 0.947991 -1.06301 0.0467716
632000 0.951776 -0.975588 0.0460774
633000 0.985976 -1.138 0.0531865
634000 0.95 -1.04094 0.0434221
635000 0.918842 -1.06472 0.0407615
636000 0.950686 -1.02995 0.0459492
637000 0.933945 -1.01977 0.040694
638000 0.973963 -1.00357 0.0515466
639000 0.949362 -1.07356 0.0441613
640000 0.944803 -1.13558 0.0414718
641000 0.959326 -1.16345 0.0451604
642000 0.922833 -1.10207 0.0353499
643000 0.956576 -1.29358 0.043764
644000 0.978796 -1.2669 0.0463663
645000 0.928528 -1.14788 0.0381081
646000 0.926914 -1.08587 0.0366478
647000 0.952208 -1.05617 0.0459722
648000 0.951403 -0.887917 0.0511283
649000 0.941517 -1.01206 0.0441125
650000 0.949984 -0.974711 0.0450469
651000 0.937561 -1.03853 0.0443167
652000 0.966368 -1.07254 0.0440748
653000 0.948015 -0.998761 0.0388441
654000 0.924824 -1.14627 0.0422617
655000 0.93485 -0.99835 0.0431177
656000 0.949583 -1.00022 0.050734
657000 0.942362 -1.0541 0.0446949
658000 0.950273 -1.09545 0.0454811
659000 0.923267 -1.34529 0.0397348
660000 0.963575 -1.10305 0.0451173
661000 0.957412 -1.22878 0.0441031
662000 0.9462 -1.1142 0.0395419
663000 0.980104 -0.970707 0.0454018
664000 0.958228 -0.891009 0.0521807
665000 0.964051 -0.903899 0.0519556
666000 0.93327 -1.13024 0.0419277
667000 0.934264 -1.10135 0.0456299
668000 0.931806 -1.18408 0.04055
669000 0.954539 -1.27028 0.0379742
670000 0.950041 -1.0755 0.044945
671000 0.939704 -1.10287 0.0387368
672000 0.952417 -1.00644 0.0447218
673000 0.973748 -0.920957 0.0507841
674000 0.96734 -0.953439 0.0527748
675000 0.968131 -1.0473 0.0473514
676000 0.933168 -0.987009 0.0432616
677000 0.966708 -0.986995 0.0489506
678000 0.924715 -0.924753 0.0452059
679000 0.950542 -0.812691 0.0524262
680000 0.935541 -0.894004 0.0460539
681000 0.976311 -0.901523 0.0571782
682000 0.928307 -0.791717 0.0517301
683000 0.959015 -0.82951 0.0515622
684000 0.936552 -0.843288 0.0497456
685000 0.949625 -0.881946 0.0517186
686000 0.933436 -0.863348 0.0517129
687000 0.962462 -0.888783 0.0508019
688000 0.959086 -0.850854 0.0533583
689000 0.935276 -0.919478 0.052208
690000 0.96712 -1.03788 0.0510285
691000 0.933935 -1.19586 0.0404503
692000 0.948916 -1.09888 0.0415817
693000 0.948965 -1.10255 0.045814
694000 0.930242 -1.06595 0.0395234
695000 0.98202 -0.972862 0.0521947
696000 0.955923 -0.965197 0.050854
697000 0.933592 -0.846041 0.0471446
698000 0.954315 -0.83916 0.054753
699000 0.925016 -0.869158 0.0471134
700000 0.952514 -0.909726 0.0551405
701000 0.951396 -0.955327 0.0453396
702000 0.948359 -1.00817 0.0435746
703000 0.95068 -1.09305 0.0460647
704000 0.941678 -1.22095 0.0410697
705000 0.947062 -1.21576 0.043532
706000 0.946028 -1.22517 0.0459827
707000 0.940206 -1.25519 0.0432087
708000 0.96323 -1.00295 0.0490609
709000 0.922431 -1.01907 0.0420558
710000 0.93112 -1.17985 0.0441244
711000 0.929413 -1.28257 0.0413549
712000 0.974918 -1.29639 0.0389693
713000 0.956911 -1.18735 0.0417913
714000 0.940772 -1.27457 0.0338909
715000 0.94753 -1.3793 0.0395369
716000 0.953756 -1.23424 0.0421719
717000 0.958893 -1.04787 0.0439919
718000 0.972596 -1.20252 0.0402312
719000 0.934208 -1.43917 0.0356988
720000 0.936018 -1.36089 0.038716
721000 0.930442 -1.24794 0.0357157
722000 0.958041 -1.10207 0.0431259
723000 0.925544 -1.12464 0.0378088
724000 0.97461 -0.99915 0.0507321
725000 0.928964 -0.956064 0.0404933
726000 0.969996 -0.914343 0.052149
727000 0.91521 -1.11142 0.0394859
728000 0.943239 -0.969028 0.0434914
729000 0.949805 -1.00809 0.0424468
730000 0.95791 -0.941265 0.047007
731000 0.955285 -1.0795 0.0447699
732000 0.960035 -1.06761 0.0476053
733000 0.984704 -0.848811 0.0510959
734000 0.966311 -1.11205 0.0490223
735000 0.943314 -1.07949 0.0413634
736000 0.950257 -1.00761 0.0498511
737000 0.969434 -0.904606 0.0525055
738000 0.981636 -0.908073 0.0506642
739000 0.986633 -0.876194 0.0536906
740000 0.979838 -0.935959 0.054689
741000 0.934759 -1.08904 0.0422761
742000 0.981688 -1.04155 0.0484016
743000 0.908477 -0.980366 0.0427664
744000 0.951922 -0.964288 0.0439673
745000 0.954427 -0.930222 0.0497549
746000 0.939408 -0.962531 0.0432218
747000 0.955891 -0.957268 0.0477299
748000 0.917487 -0.914818 0.0458087
749000 0.987518 -0.8886 0.0531535
750000 0.951801 -0.925557 0.049024
751000 0.96475 -0.803316 0.0547368
752000 0.995094 -0.815568 0.0570426
753000 0.939492 -1.00765 0.0393941
754000 0.937434 -0.913325 0.0446556
755000 0.940149 -0.904497 0.0477627
756000 0.962512 -0.873858 0.0554593
757000 0.942985 -0.947726 0.0497582
758000 0.952147 -0.883031 0.0494694
759000 0.924068 -0.95444 0.0442227
760000 0.960555 -0.920499 0.0476547
761000 0.952674 -0.940199 0.046416
762000 0.966541 -0.983715 0.0522073
763000 0.944398 -1.01959 0.0448939
764000 0.959065 -1.13484 0.043483
765000 0.922637 -1.00119 0.0429091
766000 0.939785 -0.914784 0.0467363
767000 0.946099 -0.944925 0.0461699
768000 0.958007 -0.91262 0.0505858
769000 0.940609 -0.904429 0.048425
770000 0.982653 -0.813932 0.0580619
771000 0.953284 -0.809634 0.0532406
772000 0.928734 -0.861647 0.0526327
773000 0.98719 -0.926664 0.0535872
774000 0.980135 -0.992135 0.0501421
775000 0.961183 -1.00946 0.0439598
776000 0.984629 -0.922935 0.0496248
777000 0.948267 -0.964507 0.0489834
778000 0.929817 -0.951072 0.0456995
779000 0.914194 -0.941923 0.0428918
780000 0.945075 -0.980901 0.0427037
781000 0.928281 -0.902989 0.0465664
782000 0.955171 -0.882372 0.051649
783000 0.919034 -1.01122 0.046022
784000 0.927859 -1.08447 0.0396273
785000 0.946879 -0.983785 0.0499674
786000 0.953787 -0.985928 0.0430421
787000 0.930807 -0.968233 0.0512346
788000 0.937919 -1.03244 0.0410285
789000 0.92559 -1.01008 0.0438448
790000 0.932278 -0.986878 0.0415949
791000 0.93181 -0.981595 0.0468564
792000 0.966035 -1.1686 0.0378403
793000 0.925378 -1.00916 0.0483267
794000 0.962767 -1.1532 0.0500385
795000 0.956182 -1.20659 0.0385626
796000 0.946819 -0.958729 0.0482165
797000 0.965478 -1.04924 0.0469974
798000 0.946879 -0.920391 0.0497757
799000 0.96409 -0.856982 0.0539988
800000 0.949932 -0.891325 0.0545492
801000 0.944351 -0.946557 0.0503801
802000 0.967621 -0.904438 0.0504435
803000 0.944201 -0.937588 0.0476459
804000 0.922852 -1.02277 0.0431
805000 0.944699 -1.10718 0.0416639
806000 0.981678 -1.10725 0.0448726
807000 0.916711 -1.15262 0.0418284
808000 0.969032 -1.08182 0.0456632
809000 0.960716 -1.11501 0.0448082
810000 0.941673 -1.00102 0.0401103
811000 0.95371 -0.950475 0.0524461
812000 0.945379 -1.04525 0.0447344
813000 0.983753 -0.949664 0.0534057
814000 0.919511 -0.980075 0.0415391
815000 0.943761 -1.15367 0.0417045
816000 0.939716 -1.25287 0.0390297
817000 0.948537 -1.17598 0.0379489
818000 0.96304 -1.05634 0.0455449
819000 0.976658 -0.949105 0.048693
820000 0.928557 -0.939141 0.0431724
821000 0.956199 -0.917373 0.059312
822000 0.944843 -0.947588 0.0440599
823000 0.945169 -0.807834 0.0550089
824000 0.931844 -0.9393 0.0395851
825000 0.908112 -1.03671 0.0396905
826000 0.939527 -0.986492 0.044541
827000 0.954825 -1.02044 0.0494691
828000 0.918321 -0.937911 0.0383484
829000 0.933105 -0.99739 0.0439416
830000 0.993273 -1.08435 0.0544415
831000 0.908514 -1.16663 0.0413743
832000 0.952668 -1.03586 0.0430178
833000 0.95919 -1.00795 0.0474584
834000 0.959627 -1.07754 0.0430517
835000 0.926743 -1.13958 0.0411705
836000 0.948192 -1.02029 0.0438369
837000 0.943101 -0.862373 0.0489511
838000 0.952486 -0.891104 0.0539307
839000 0.939357 -0.95355 0.0430878
840000 0.94087 -0.85402 0.0471321
841000 0.934891 -0.795026 0.0538058
842000 0.951357 -0.825367 0.0528134
843000 0.959493 -0.855252 0.0521051
844000 0.94586 -0.845018 0.0515341
845000 0.969809 -0.863027 0.0522401
846000 0.910085 -0.97814 0.0421235
847000 0.937338 -0.883172 0.0483708
848000 0.962588 -0.877628 0.0513211
849000 0.965866 -0.981391 0.0562357
850000 0.940562 -1.033 0.0455396
851000 0.917052 -0.99925 0.0482447
852000 0.95873 -0.901604 0.0482781
853000 0.988278 -0.905535 0.048802
854000 0.93601 -0.826848 0.0480173
855000 0.963187 -1.05206 0.0481646
856000 0.951881 -1.01882 0.0493482
857000 0.905643 -1.05688 0.0379413
858000 0.940804 -1.02751 0.0433186
859000 0.938392 -0.856741 0.0495721
860000 0.984023 -0.825279 0.0531344
861000 0.95712 -0.917202 0.0522248
862000 0.933639 -0.96649 0.0473184
863000 0.978987 -0.9941 0.0513679
864000 0.948157 -0.972453 0.0472571
865000 0.918187 -1.1189 0.035433
866000 0.963926 -1.1676 0.0400208
867000 0.975447 -0.98021 0.0466344
868000 0.930338 -0.995379 0.0463505
869000 0.947007 -0.93817 0.0481854
870000 0.9461 -0.963043 0.0452042
871000 0.926152 -1.0745 0.0358917
872000 0.963327 -1.07958 0.0448403
873000 0.924752 -1.09277 0.0416414
874000 0.969002 -1.02744 0.0452788
875000 0.945292 -1.02086 0.0468764
876000 0.922658 -1.0133 0.0473463
877000 0.956047 -1.18044 0.0400522
878000 0.954398 -0.964029 0.0494373
879000 0.967583 -1.05452 0.0463657
880000 0.959889 -1.07065 0.0445804
881000 0.960786 -0.955115 0.0478421
882000 0.962438 -1.0121 0.0507023
883000 0.945122 -0.935935 0.0462587
884000 0.976024 -1.00941 0.0480598
885000 0.939003 -0.978552 0.0496855
886000 0.95422 -1.03325 0.0456613
887000 0.961702 -1.14511 0.0440616
888000 0.948875 -1.27173 0.0435589
889000 0.975412 -1.10903 0.0446118
890000 0.947738 -1.03326 0.0421699
891000 0.960197 -1.11593 0.0398803
892000 0.965901 -1.1272 0.0372697
893000 0.949352 -1.09213 0.0464916
894000 0.948772 -1.00808 0.0436514
895000 0.927203 -1.06272 0.0463271
896000 0.961293 -1.04228 0.0428907
897000 0.973484 -1.07849 0.0405907
898000 0.948829 -1.20937 0.0408201
899000 0.965475 -1.2903 0.0441242
900000 0.937043 -0.99783 0.0443336
901000 0.943444 -0.925917 0.0457023
902000 0.958622 -0.911067 0.0485343
903000 0.946654 -0.94495 0.051347
904000 0.958655 -0.972542 0.044208
905000 0.961723 -1.09283 0.0446821
906000 0.955787 -1.10402 0.0448708
907000 0.970603 -0.987415 0.0506929
908000 0.949606 -1.01367 0.0469389
909000 0.923297 -0.94894 0.0423528
910000 0.944479 -0.950198 0.0493527
911000 0.946856 -0.975705 0.0423807
912000 0.933435 -1.12581 0.0400685
913000 0.940936 -1.29312 0.0318795
914000 0.961185 -1.19642 0.0382488
915000 0.934103 -1.11432 0.0426768
916000 0.93241 -1.01203 0.0471537
917000 0.919675 -1.00607 0.0495734
918000 0.966267 -1.10943 0.0464307
919000 0.942939 -1.16187 0.0460159
920000 0.947593 -1.12733 0.0436205
921000 0.956691 -1.08713 0.0397267
922000 0.966516 -0.882112 0.0516306
923000 0.968394 -0.839439 0.0516626
924000 0.968838 -0.837985 0.0523958
925000 0.912787 -0.974608 0.0450533
926000 0.955332 -0.925642 0.0491804
927000 0.941392 -0.943326 0.0481999
928000 0.964609 -1.00561 0.043539
929000 0.937876 -1.03527 0.0446115
930000 0.966466 -1.1435 0.0501983
931000 0.978539 -1.23707 0.0463936
932000 0.930606 -1.11308 0.0428132
933000 0.942373 -1.03985 0.0420278
934000 0.948665 -1.1017 0.0413774
935000 0.97341 -0.922486 0.0520117
936000 0.946974 -1.04732 0.0472032
937000 0.92377 -0.959024 0.0425699
938000 0.952106 -0.922495 0.0473574
939000 0.956337 -1.15742 0.0448795
940000 0.939372 -1.03082 0.0485257
941000 0.920512 -1.04925 0.0437322
942000 0.947444 -1.00556 0.0497288
943000 0.952208 -1.02711 0.0448776
944000 0.961067 -0.970671 0.0455894
945000 0.962802 -0.951401 0.0492482
946000 0.968034 -1.1247 0.0435304
947000 0.937325 -1.0955 0.0379882
948000 0.971243 -1.23142 0.0396537
949000 0.952971 -1.09237 0.041783
950000 0.96334 -1.09644 0.0487319
951000 0.945812 -1.17516 0.0444165
952000 0.925164 -1.30948 0.0404808
953000 0.934709 -1.5356 0.0344596
954000 0.928142 -1.3594 0.0401991
955000 0.929363 -1.21822 0.0398747
956000 0.966451 -1.03363 0.0452966
957000 0.9581 -1.10936 0.0435128
958000 0.93307 -1.20523 0.0379497
959000 0.924907 -1.09716 0.0406309
960000 0.981099 -0.962268 0.0491948
961000 0.948481 -0.978656 0.0432621
962000 0.92819 -1.05536 0.0420772
963000 0.95887 -0.870558 0.0491046
964000 0.916004 -0.866222 0.0426741
965000 0.976742 -0.9928 0.0483439
966000 0.961103 -1.13417 0.044086
967000 0.932108 -1.07001 0.0396297
968000 0.956297 -1.16757 0.044195
969000 0.954542 -1.28106 0.0381051
970000 0.943104 -1.31176 0.0336665
971000 0.940603 -1.27791 0.0401366
972000 0.934379 -1.13147 0.0387617
973000 0.950613 -1.1061 0.0405161
974000 0.952258 -1.20173 0.0387158
975000 0.966325 -1.16142 0.0448822
976000 0.942356 -1.22805 0.0446391
977000 0.911439 -1.26178 0.035651
978000 0.964694 -1.12697 0.0423392
979000 0.967797 -1.16321 0.0444657
980000 0.907626 -1.13233 0.0352153
981000 0.943623 -1.14291 0.0417943
982000 0.953332 -1.21168 0.0404699
983000 0.971053 -1.11442 0.0428982
984000 0.940987 -0.975217 0.0444276
985000 0.951574 -0.901802 0.0450138
986000 0.930891 -0.968438 0.0413669
987000 0.934789 -0.929412 0.0433802
988000 0.97789 -0.98995 0.0508202
989000 0.958326 -1.00473 0.0472872
990000 0.944175 -1.03346 0.043431
991000 0.932965 -0.974307 0.0484076
992000 0.949032 -0.966775 0.0499163
993000 0.925225 -0.940853 0.0430122
994000 0.956216 -0.962497 0.0459171
995000 0.944691 -1.07293 0.0451063
996000 0.938099 -1.06721 0.040222
997000 0.949274 -1.2527 0.0413143
998000 0.944192 -1.22608 0.0420137
999000 0.958196 -1.31422 0.0420675
1000000 0.927268 -1.40799 0.0351491
1001000 0.953259 -1.41646 0.0339753
1002000 0.932311 -1.46343 0.038326
1003000 0.945397 -1.31046 0.0413057
1004000 0.948408 -1.45614 0.0411746
1005000 0.935037 -1.50672 0.0376999
1006000 0.928764 -1.41146 0.0407101
1007000 0.979233 -1.36504 0.0441885
1008000 0.957847 -1.37236 0.0372196
1009000 0.954151 -1.22674 0.0377517
1010000 0.924232 -1.27139 0.0392394
1011000 0.954618 -1.00956 0.04615
1012000 0.946399 -1.01683 0.0421969
1013000 0.967813 -1.01602 0.0476142
1014000 0.93106 -0.958945 0.0454299
1015000 0.936797 -0.859315 0.0472806
1016000 0.981773 -0.869624 0.0497006
1017000 0.948353 -0.959212 0.0432123
1018000 0.952087 -1.01593 0.0409849
1019000 0.964297 -1.07938 0.0515344
1020000 0.904644 -1.04151 0.0367679
1021000 0.934474 -0.889991 0.0488102
1022000 0.938716 -1.00799 0.0449325
1023000 0.968031 -0.93228 0.0481868
1024000 0.942774 -0.968405 0.0434058
1025000 0.94116 -0.892155 0.0470673
1026000 0.932616 -0.972147 0.043727
1027000 0.965564 -0.908453 0.0505392
1028000 0.95366 -0.965739 0.0470978
1029000 0.95858 -0.966363 0.0433506
1030000 0.917253 -0.976785 0.0405879
1031000 0.963275 -0.87837 0.0486407
1032000 0.913351 -1.07859 0.0341789
1033000 0.947714 -1.18212 0.0400738
1034000 0.976164 -1.14346 0.0448052
1035000 0.903237 -1.21066 0.0324274
1036000 0.954549 -1.01061 0.0467068
1037000 0.929905 -0.985808 0.0489206
1038000 0.943948 -1.00786 0.0404769
1039000 0.926842 -1.069 0.0427441
1040000 0.928926 -0.988148 0.0473171
1041000 0.971587 -0.971612 0.0485544
1042000 0.977402 -0.996718 0.0465684
1043000 0.921581 -0.985603 0.0432154
1044000 0.975087 -1.15175 0.0470699
1045000 0.936759 -1.15294 0.0339359
1046000 0.98794 -1.2074 0.0475368
1047000 0.93941 -1.2236 0.0357975
1048000 0.944839 -1.43728 0.0355709
1049000 0.965638 -1.42879 0.0370007
1050000 0.93578 -1.38239 0.0442191
1051000 0.918395 -1.315 0.0336234
1052000 0.952313 -1.36518 0.0406045
1053000 0.966794 -1.23798 0.0440919
1054000 0.959258 -1.28324 0.0430571
1055000 0.967149 -1.44604 0.0312805
1056000 0.98962 -1.18925 0.0421142
1057000 0.943847 -1.25333 0.0428294
1058000 0.977278 -0.94451 0.0518972
1059000 0.948016 -1.05553 0.0467747
1060000 0.942907 -1.12191 0.047915
1061000 0.948734 -1.13789 0.0448722
1062000 0.931556 -0.892645 0.0502528
1063000 0.961115 -0.93853 0.0491152
1064000 0.914017 -0.904053 0.0448066
1065000 0.989007 -0.913985 0.050336
1066000 0.932745 -0.994274 0.0390322
1067000 0.950392 -1.19769 0.0403276
1068000 0.954641 -1.21023 0.0394858
1069000 0.925349 -1.17202 0.0447395
1070000 0.926427 -1.05119 0.0431085
1071000 0.947151 -1.08338 0.0422407
1072000 0.936849 -1.0148 0.0485187
1073000 0.955528 -0.940223 0.0529093
1074000 0.973257 -0.91321 0.0541982
1075000 0.957258 -0.990628 0.0507246
1076000 0.958377 -0.970712 0.0468185
1077000 0.964306 -1.08573 0.0441453
1078000 0.912891 -1.11843 0.0429002
1079000 0.925251 -1.04417 0.0458792
1080000 0.964422 -0.991218 0.0492673
1081000 0.957423 -0.945698 0.0491828
1082000 0.942491 -0.904358 0.0470419
1083000 0.930816 -0.972825 0.0473242
1084000 0.92443 -0.889919 0.0463061
1085000 0.923624 -0.892942 0.0482512
1086000 0.96163 -0.904556 0.052022
1087000 0.941213 -1.04033 0.0441136
1088000 0.940436 -1.05987 0.0396803
1089000 0.988511 -0.914988 0.0568666
1090000 0.929214 -0.991932 0.0412968
1091000 0.957473 -1.05635 0.0480194
1092000 0.951597 -1.08769 0.0429251
1093000 0.955931 -1.03788 0.0452912
1094000 0.950997 -1.0406 0.0449186
1095000 0.9835 -1.04911 0.0495747
1096000 0.943294 -1.02176 0.0425323
1097000 0.96337 -1.09567 0.0444504
1098000 0.93574 -1.07423 0.0423018
1099000 0.955318 -1.02003 0.044661
1100000 0.978578 -1.00869 0.0466021
