# Time-averaged data for fix 2
# TimeStep v_Temperature v_PotentialEnergy v_Pressure
1000 1.28355 -0.0811486 0.0122819
2000 1.29411 -0.097315 0.0121927
3000 1.33165 -0.0834829 0.0127994
4000 1.30047 -0.093834 0.0123282
5000 1.30642 -0.120392 0.0123378
6000 1.30124 -0.12604 0.0121127
7000 1.34305 -0.110968 0.012759
8000 1.29599 -0.0793222 0.0124263
9000 1.29071 -0.100031 0.0122588
10000 1.32768 -0.102948 0.0127381
11000 1.27398 -0.104279 0.0121813
12000 1.27479 -0.0674303 0.0121491
13000 1.28911 -0.0738575 0.0122623
14000 1.32862 -0.0676319 0.0128179
15000 1.25863 -0.0859702 0.0119567
16000 1.33048 -0.0792256 0.0127697
17000 1.26808 -0.0778085 0.0122799
18000 1.32169 -0.0785654 0.0125897
19000 1.32638 -0.063752 0.0128258
20000 1.30132 -0.0617125 0.0125272
21000 1.32617 -0.0632218 0.0127983
22000 1.27591 -0.0603193 0.0121927
23000 1.34487 -0.0721282 0.0129264
24000 1.3038 -0.0833838 0.0124919
25000 1.29707 -0.0689898 0.0124322
26000 1.26947 -0.0787782 0.012224
27000 1.3041 -0.0980186 0.0125179
28000 1.28784 -0.0700476 0.0125975
29000 1.32124 -0.0732812 0.0127069
30000 1.28085 -0.0643594 0.0125518
31000 1.28538 -0.0635857 0.0124166
32000 1.3245 -0.0676258 0.0126039
33000 1.29608 -0.0666185 0.0124321
34000 1.28145 -0.0657424 0.0124681
35000 1.30307 -0.0853206 0.0123979
36000 1.30306 -0.0875403 0.0125394
37000 1.33403 -0.0797831 0.0127636
38000 1.28741 -0.0837448 0.0122379
39000 1.25356 -0.0666798 0.0121708
40000 1.26744 -0.0729492 0.0121658
41000 1.30509 -0.0569818 0.0127798
42000 1.27413 -0.0642233 0.0123753
43000 1.30587 -0.0717568 0.0124628
44000 1.28978 -0.0949386 0.0122557
45000 1.30889 -0.110086 0.0124882
46000 1.27191 -0.106085 0.01205
47000 1.29085 -0.108487 0.0123099
48000 1.34621 -0.0809853 0.0128362
49000 1.34783 -0.0836454 0.0127975
50000 1.32527 -0.0890562 0.0126628
51000 1.29081 -0.0766381 0.0122721
52000 1.33887 -0.0803729 0.0125272
53000 1.29239 -0.0805775 0.0125497
54000 1.30303 -0.066876 0.0124033
55000 1.31613 -0.0736327 0.0125594
56000 1.3247 -0.0772669 0.0127104
57000 1.26771 -0.0903535 0.0120118
58000 1.32101 -0.092858 0.0125533
59000 1.31672 -0.10456 0.0123348
60000 1.32599 -0.100292 0.0126183
61000 1.27591 -0.0977712 0.0120602
62000 1.32115 -0.0886479 0.0125626
63000 1.29405 -0.0820772 0.0123715
64000 1.27769 -0.0958153 0.012108
65000 1.29978 -0.105424 0.0122198
66000 1.30517 -0.0823129 0.0124867
67000 1.32467 -0.0784867 0.012741
68000 1.29352 -0.0910465 0.0123073
69000 1.30981 -0.0710742 0.0125353
70000 1.31217 -0.0584599 0.0129033
71000 1.31561 -0.0705993 0.0125974
72000 1.30506 -0.0784909 0.0125994
73000 1.28113 -0.0610456 0.0122228
74000 1.29165 -0.0719081 0.0122965
75000 1.29945 -0.0771934 0.0123449
76000 1.26869 -0.0697053 0.01222
77000 1.3338 -0.0654322 0.0127229
78000 1.31674 -0.0698084 0.0126036
79000 1.25758 -0.0747281 0.0120043
80000 1.3309 -0.0603994 0.0129473
81000 1.29862 -0.0615062 0.0125318
82000 1.25717 -0.0761707 0.0119339
83000 1.3534 -0.0706668 0.0130632
84000 1.27879 -0.067862 0.0122338
85000 1.30891 -0.0698 0.0127537
86000 1.24586 -0.0598662 0.0119453
87000 1.2773 -0.0750876 0.0124003
88000 1.34781 -0.0784125 0.0130334
89000 1.28453 -0.0881365 0.0122885
90000 1.29602 -0.0857437 0.0122788
91000 1.32154 -0.0949925 0.0125489
92000 1.26001 -0.0759952 0.0119965
93000 1.28659 -0.0813864 0.0123772
94000 1.32837 -0.0991815 0.0125864
95000 1.3244 -0.0948506 0.0126324
96000 1.29846 -0.100253 0.0122805
97000 1.30327 -0.0995139 0.0123639
98000 1.31167 -0.109927 0.012364
99000 1.32616 -0.10234 0.0126366
100000 1.28327 -0.0904368 0.012213
101000 1.27088 -0.0878182 0.0122362
102000 1.35107 -0.0825472 0.0128752
103000 1.27248 -0.0752059 0.0122332
104000 1.27592 -0.053052 0.0123012
105000 1.26892 -0.0625457 0.0122702
106000 1.32667 -0.063315 0.0128787
107000 1.29093 -0.0976644 0.0122318
108000 1.32781 -0.0768579 0.012795
109000 1.3227 -0.0988565 0.0125107
110000 1.30977 -0.0761461 0.0125627
111000 1.25885 -0.0779662 0.0122094
112000 1.31629 -0.0665662 0.012724
113000 1.25439 -0.0646366 0.0121907
114000 1.32694 -0.0789883 0.0128011
115000 1.30805 -0.0800926 0.0125687
116000 1.29286 -0.0903569 0.0123378
117000 1.32424 -0.0759699 0.0126458
118000 1.29811 -0.0876229 0.0124399
119000 1.29805 -0.0786311 0.0123671
120000 1.30871 -0.0874307 0.012455
121000 1.28466 -0.0877725 0.0123779
122000 1.31881 -0.0952205 0.012644
123000 1.3306 -0.0851132 0.0127758
124000 1.26854 -0.0725112 0.0121954
125000 1.31434 -0.0803915 0.0126625
126000 1.32498 -0.0725257 0.0126366
127000 1.29124 -0.0683577 0.012426
128000 1.29508 -0.047442 0.0125546
129000 1.29285 -0.049859 0.0127714
130000 1.31515 -0.0530479 0.0126776
131000 1.28833 -0.0583238 0.0124221
132000 1.33147 -0.0705708 0.0127875
133000 1.30608 -0.0712818 0.0125719
134000 1.31481 -0.075634 0.0125318
135000 1.29181 -0.069817 0.0125615
136000 1.34325 -0.0732178 0.0130018
137000 1.31081 -0.0947956 0.0124871
138000 1.26498 -0.0936943 0.0119929
139000 1.30734 -0.0765937 0.0126597
140000 1.25038 -0.0800483 0.0120877
141000 1.33579 -0.100027 0.0126556
142000 1.27742 -0.0987055 0.0119918
143000 1.30911 -0.0782513 0.0125242
144000 1.32299 -0.0696937 0.0127989
145000 1.26234 -0.0665973 0.0123336
146000 1.33942 -0.0717642 0.0127574
147000 1.27886 -0.0616602 0.0122879
148000 1.2984 -0.0574959 0.0126033
149000 1.30728 -0.0627263 0.0125351
150000 1.30753 -0.0578109 0.0125915
151000 1.31333 -0.100556 0.0124441
152000 1.30226 -0.0757029 0.0125665
153000 1.29315 -0.0735758 0.0125353
154000 1.277 -0.0697483 0.0122714
155000 1.28296 -0.0867851 0.0124353
156000 1.32037 -0.0818411 0.0126782
157000 1.27904 -0.0773405 0.01216
158000 1.31106 -0.0758871 0.0124183
159000 1.29368 -0.0916342 0.0124127
160000 1.29637 -0.0878938 0.012371
161000 1.29825 -0.0774144 0.012339
162000 1.29804 -0.0915949 0.0122386
163000 1.25538 -0.0841998 0.0119555
164000 1.31797 -0.0789462 0.0127156
165000 1.28738 -0.0925187 0.0123163
166000 1.28427 -0.0712435 0.0123744
167000 1.33038 -0.0516693 0.0130722
168000 1.26508 -0.0866321 0.0121405
169000 1.32203 -0.0979808 0.0125277
170000 1.293 -0.112363 0.0121459
171000 1.30532 -0.0824078 0.0123588
172000 1.29721 -0.0773537 0.0124889
173000 1.31851 -0.0864059 0.0126308
174000 1.2492 -0.0670846 0.0120523
175000 1.32026 -0.0845192 0.0126309
176000 1.32239 -0.0723891 0.0128553
177000 1.24856 -0.0867917 0.0120109
178000 1.34166 -0.0960455 0.0127427
179000 1.26503 -0.0819872 0.0121005
180000 1.30815 -0.0867121 0.012537
181000 1.30398 -0.0703503 0.012575
182000 1.30894 -0.0899163 0.0124756
183000 1.29399 -0.0792103 0.0123055
184000 1.33285 -0.071857 0.0129383
185000 1.24688 -0.0538508 0.0121171
186000 1.35042 -0.0481247 0.0131543
187000 1.29319 -0.0671549 0.0125319
188000 1.27933 -0.073657 0.0121698
189000 1.29181 -0.0621693 0.0125155
190000 1.27516 -0.0661821 0.0121984
191000 1.31226 -0.0795314 0.0125439
192000 1.31185 -0.0679001 0.0127226
193000 1.26349 -0.0834499 0.0120882
194000 1.31117 -0.0700615 0.0126341
195000 1.3259 -0.0682649 0.0126856
196000 1.33902 -0.0822715 0.0128645
197000 1.24556 -0.0893253 0.0117371
198000 1.31348 -0.0789223 0.0127932
199000 1.29446 -0.0679003 0.0124371
200000 1.28999 -0.0758507 0.0124756
201000 1.32282 -0.0772107 0.0127007
202000 1.27141 -0.0708883 0.0121467
203000 1.28493 -0.0657018 0.0124127
204000 1.28309 -0.0580755 0.0124946
205000 1.28239 -0.0847627 0.0124608
206000 1.28202 -0.0905459 0.0124283
207000 1.33044 -0.0799376 0.0127801
208000 1.29731 -0.0733727 0.0125981
209000 1.29057 -0.0805124 0.0125241
210000 1.27754 -0.0793299 0.0121626
211000 1.29287 -0.0598135 0.0126103
212000 1.32537 -0.0867246 0.0125903
213000 1.28568 -0.089952 0.012386
214000 1.30852 -0.0690585 0.0127173
215000 1.26936 -0.0614696 0.0122264
216000 1.28998 -0.0704091 0.012537
217000 1.31668 -0.0765121 0.0125054
218000 1.34356 -0.0744245 0.0128693
219000 1.30434 -0.0612955 0.0127544
220000 1.29991 -0.0578427 0.012538
221000 1.30087 -0.0594243 0.0127062
222000 1.31148 -0.0730472 0.012658
223000 1.24472 -0.0880954 0.0118585
224000 1.32024 -0.0749014 0.0126374
225000 1.27525 -0.0688205 0.0124112
226000 1.29599 -0.0741965 0.012464
227000 1.31864 -0.0728103 0.0125489
228000 1.32233 -0.0568386 0.0127887
229000 1.29897 -0.0498027 0.0127553
230000 1.2778 -0.0793291 0.0123506
231000 1.36394 -0.0704264 0.0131327
232000 1.31209 -0.0720392 0.0125262
233000 1.26188 -0.0944665 0.0120968
234000 1.28568 -0.0831331 0.0122481
235000 1.30513 -0.0880555 0.0124459
236000 1.30052 -0.0684566 0.0124958
237000 1.26801 -0.0751574 0.0121045
238000 1.32708 -0.0625578 0.0128024
239000 1.3262 -0.0648977 0.0127144
240000 1.26274 -0.0868575 0.0118043
241000 1.30634 -0.0507484 0.0127614
242000 1.32271 -0.0699717 0.0126234
243000 1.2902 -0.0522866 0.012664
244000 1.30733 -0.0682485 0.0128071
245000 1.28071 -0.0719995 0.0124576
246000 1.30368 -0.052493 0.0127516
247000 1.26605 -0.0653046 0.0122398
248000 1.31707 -0.0686878 0.0127635
249000 1.30639 -0.0740882 0.0125247
250000 1.25611 -0.0684768 0.0121554
251000 1.32388 -0.0825229 0.0126137
252000 1.29229 -0.0693935 0.0123672
253000 1.31631 -0.0545616 0.0128766
254000 1.30375 -0.0679427 0.0125345
255000 1.34132 -0.0587727 0.0129764
256000 1.34513 -0.0675764 0.0130533
257000 1.25783 -0.06676 0.0120809
258000 1.32831 -0.0640549 0.0127843
259000 1.30526 -0.0706366 0.0125473
260000 1.29929 -0.07605 0.0125283
261000 1.30325 -0.0922665 0.0125194
262000 1.27387 -0.0959904 0.0122201
263000 1.31287 -0.0964702 0.0125164
264000 1.27203 -0.102844 0.0120874
265000 1.31225 -0.0999223 0.0125674
266000 1.28983 -0.0965644 0.0121224
267000 1.27237 -0.0860569 0.0120668
268000 1.28044 -0.0955603 0.012264
269000 1.33095 -0.0718472 0.0128523
270000 1.26518 -0.101434 0.0120723
271000 1.32503 -0.0681912 0.0126438
272000 1.2487 -0.0802048 0.0119552
273000 1.3298 -0.0843197 0.0128152
274000 1.3067 -0.0885989 0.0124013
275000 1.29153 -0.0913137 0.0123004
276000 1.35792 -0.0847909 0.0130134
277000 1.26118 -0.082028 0.0120368
278000 1.31087 -0.0769316 0.0125785
279000 1.26853 -0.0542133 0.01223
280000 1.30109 -0.0583335 0.0126927
281000 1.33843 -0.0857211 0.0126911
282000 1.27822 -0.0633711 0.0121295
283000 1.29226 -0.0772123 0.0124826
284000 1.26575 -0.0855286 0.011976
285000 1.30094 -0.0760345 0.012498
286000 1.30364 -0.0734708 0.0126154
287000 1.30947 -0.0822107 0.0125276
288000 1.31285 -0.0794454 0.0125076
289000 1.28583 -0.0682303 0.0124567
290000 1.287 -0.0635626 0.0124441
291000 1.25358 -0.0760977 0.0119958
292000 1.29589 -0.0852805 0.0124142
293000 1.30118 -0.0801901 0.01255
294000 1.31353 -0.111062 0.0123036
295000 1.27828 -0.0887647 0.012214
296000 1.30168 -0.0849181 0.0124629
297000 1.32828 -0.0818578 0.0127938
298000 1.3257 -0.0894121 0.0126315
299000 1.29095 -0.0835702 0.0123649
300000 1.31422 -0.09193 0.0126392
301000 1.31621 -0.0887696 0.0125342
302000 1.30795 -0.0724303 0.012591
303000 1.25324 -0.0767053 0.0120464
304000 1.30216 -0.0696717 0.0124352
305000 1.28789 -0.099266 0.0122893
306000 1.30644 -0.0762575 0.0125613
307000 1.3057 -0.0753977 0.0127271
308000 1.33193 -0.0596066 0.0128739
309000 1.25565 -0.0691405 0.0121811
310000 1.31186 -0.0630719 0.0125337
311000 1.29118 -0.0735143 0.0123321
312000 1.27672 -0.0614554 0.0122202
313000 1.27851 -0.0804294 0.0123606
314000 1.32232 -0.102357 0.0127574
315000 1.31101 -0.0883112 0.0125255
316000 1.30433 -0.0913377 0.0126106
317000 1.34249 -0.0986116 0.0128167
318000 1.26379 -0.0800676 0.0122046
319000 1.31094 -0.0788701 0.0126833
320000 1.27289 -0.0623048 0.0124456
321000 1.29654 -0.0686144 0.0124988
322000 1.26477 -0.0787849 0.0121942
323000 1.32968 -0.0759451 0.0127481
324000 1.23476 -0.0952091 0.0116682
325000 1.33718 -0.0715656 0.0126512
326000 1.2752 -0.0787879 0.012312
327000 1.31568 -0.0790018 0.0125506
328000 1.31297 -0.0713461 0.0127113
329000 1.31601 -0.0575362 0.0127671
330000 1.27287 -0.0634026 0.0122651
331000 1.25015 -0.0601015 0.0121045
332000 1.36018 -0.05515 0.0132231
333000 1.26366 -0.0694813 0.0121111
334000 1.34516 -0.0790576 0.0129217
335000 1.25238 -0.0871726 0.0120159
336000 1.32342 -0.0817891 0.0126427
337000 1.31563 -0.083685 0.0125681
338000 1.31808 -0.0881079 0.0126311
339000 1.3295 -0.0995855 0.0125792
340000 1.29831 -0.100575 0.0124633
341000 1.30046 -0.0823493 0.0124002
342000 1.31302 -0.100557 0.0124741
343000 1.31694 -0.0814197 0.0126374
344000 1.28893 -0.0660587 0.0124583
345000 1.31476 -0.0637229 0.0127693
346000 1.34311 -0.0663542 0.0130802
347000 1.25935 -0.0973746 0.0119133
348000 1.33094 -0.081375 0.0127872
349000 1.30771 -0.0618673 0.0126229
350000 1.27916 -0.0647437 0.0122318
351000 1.2676 -0.085284 0.01207
352000 1.31387 -0.0776184 0.0124062
353000 1.27991 -0.0814257 0.0121126
354000 1.2885 -0.0811579 0.0123892
355000 1.30774 -0.0714359 0.0126096
356000 1.29678 -0.0660181 0.0125058
357000 1.30589 -0.0726705 0.0127111
358000 1.26624 -0.0831712 0.0122751
359000 1.34666 -0.0857016 0.0129734
360000 1.28193 -0.0995862 0.0121741
361000 1.3174 -0.0987452 0.0124944
362000 1.28872 -0.108108 0.0121708
363000 1.28886 -0.0845191 0.0124787
364000 1.28343 -0.107451 0.0121109
365000 1.30258 -0.0904696 0.0123292
366000 1.27523 -0.0852372 0.0121881
367000 1.28468 -0.0771599 0.0122973
368000 1.3165 -0.0735049 0.0126967
369000 1.29372 -0.0798686 0.0123594
370000 1.30004 -0.0582684 0.0123884
371000 1.2804 -0.0557982 0.0123726
372000 1.28019 -0.0622236 0.0122191
373000 1.31572 -0.0668907 0.0124699
374000 1.34907 -0.075056 0.0129418
375000 1.2595 -0.067786 0.0120823
376000 1.31521 -0.0614797 0.0127265
377000 1.3019 -0.0665209 0.0124015
378000 1.30158 -0.0704092 0.0123203
379000 1.3061 -0.0592026 0.0126338
380000 1.30851 -0.05753 0.012709
381000 1.28545 -0.0641494 0.0124079
382000 1.3217 -0.0746552 0.012761
383000 1.32323 -0.0940604 0.0125771
384000 1.30724 -0.0968248 0.0126239
385000 1.30854 -0.0901299 0.012468
386000 1.30159 -0.094717 0.0122806
387000 1.30731 -0.0814815 0.0124383
388000 1.31121 -0.076818 0.0125741
389000 1.28022 -0.0445325 0.0125365
390000 1.31171 -0.0627834 0.0127371
391000 1.3218 -0.0699452 0.0127471
392000 1.34306 -0.0820913 0.0130322
393000 1.23741 -0.107027 0.0117763
394000 1.28605 -0.0897499 0.0123868
395000 1.27498 -0.101164 0.0122599
396000 1.28998 -0.0831873 0.0123266
397000 1.31769 -0.0673577 0.0126669
398000 1.30227 -0.0670554 0.0125806
399000 1.30558 -0.0685376 0.012593
400000 1.30937 -0.0703675 0.0126345
401000 1.32335 -0.0803483 0.0125962
402000 1.32231 -0.0884455 0.0128227
403000 1.31012 -0.106229 0.0124181
404000 1.26047 -0.0739192 0.0122042
405000 1.32175 -0.0758474 0.012639
406000 1.29955 -0.0830952 0.0124168
407000 1.28301 -0.0709664 0.01238
408000 1.26904 -0.0746348 0.012337
409000 1.34374 -0.0555078 0.0128533
410000 1.27562 -0.0700996 0.0124088
411000 1.29392 -0.0719224 0.0126141
412000 1.33468 -0.0754594 0.0128524
413000 1.33496 -0.0610928 0.0129105
414000 1.2637 -0.0665355 0.012149
415000 1.29655 -0.0910805 0.0123311
416000 1.33503 -0.0757924 0.0128563
417000 1.2902 -0.0801891 0.012385
418000 1.28775 -0.0824251 0.0123068
419000 1.32198 -0.0803022 0.0127079
420000 1.29419 -0.0582538 0.0125675
421000 1.27207 -0.0752595 0.0121329
422000 1.28941 -0.059199 0.0123882
423000 1.29715 -0.066315 0.0124784
424000 1.321 -0.0650983 0.0128005
425000 1.33979 -0.0760495 0.012919
426000 1.28772 -0.0814987 0.0123709
427000 1.28693 -0.0733457 0.0124882
428000 1.32706 -0.065797 0.0128917
429000 1.29905 -0.061374 0.0125205
430000 1.28386 -0.0593238 0.0123919
431000 1.2779 -0.0673524 0.0121724
432000 1.28393 -0.0670755 0.0125516
433000 1.28269 -0.0633849 0.012454
434000 1.31674 -0.0829457 0.0125482
435000 1.26207 -0.0729782 0.0121473
436000 1.31851 -0.0709361 0.0126608
437000 1.29694 -0.0653896 0.012652
438000 1.2717 -0.0640272 0.0122696
439000 1.31018 -0.0827353 0.0125371
440000 1.3254 -0.0688126 0.0129313
441000 1.26522 -0.0537598 0.0123065
442000 1.31139 -0.0657741 0.012697
443000 1.27715 -0.0774467 0.0123997
444000 1.27412 -0.10041 0.0120738
445000 1.28845 -0.100428 0.0123106
446000 1.30176 -0.110777 0.0125177
447000 1.25991 -0.107467 0.0119133
448000 1.25604 -0.0965361 0.0118847
449000 1.29515 -0.094399 0.0122909
450000 1.33305 -0.0712963 0.0128698
451000 1.28833 -0.0681041 0.0123869
452000 1.26636 -0.06651 0.0122352
453000 1.32986 -0.0774696 0.012768
454000 1.2912 -0.0576424 0.0125326
455000 1.31039 -0.0608754 0.0126253
456000 1.2919 -0.078039 0.0123326
457000 1.30302 -0.0647454 0.012434
458000 1.31327 -0.0752829 0.0124883
459000 1.24518 -0.0720951 0.0120199
460000 1.26609 -0.0833897 0.0120422
461000 1.31881 -0.105425 0.0124836
462000 1.31931 -0.0940874 0.0125075
463000 1.28453 -0.0840331 0.0122777
464000 1.32332 -0.0805424 0.0127851
465000 1.28247 -0.0764596 0.0123
466000 1.26409 -0.0664225 0.0121987
467000 1.32844 -0.0816722 0.012794
468000 1.30968 -0.0973808 0.0125338
469000 1.32566 -0.113949 0.0126163
470000 1.31043 -0.10596 0.0125549
471000 1.3272 -0.0996655 0.0127017
472000 1.28285 -0.106799 0.0122438
473000 1.29145 -0.0982955 0.0121308
474000 1.31983 -0.0770784 0.0126655
475000 1.29045 -0.0803203 0.0124055
476000 1.32941 -0.0818616 0.0128172
477000 1.26158 -0.0954438 0.0120501
478000 1.31493 -0.09009 0.0126547
479000 1.31953 -0.0983507 0.012526
480000 1.27503 -0.0939841 0.0123373
481000 1.33857 -0.0829873 0.0128515
482000 1.31769 -0.0832827 0.0126331
483000 1.27845 -0.0761193 0.0121786
484000 1.31613 -0.0831847 0.0126946
485000 1.25317 -0.0903435 0.0119814
486000 1.33447 -0.0872228 0.0128604
487000 1.26636 -0.0736845 0.0122413
488000 1.27879 -0.0721664 0.0121919
489000 1.27409 -0.0818177 0.0123776
490000 1.35069 -0.0489627 0.0131009
491000 1.27068 -0.0630891 0.0121933
492000 1.32269 -0.0886367 0.0126436
493000 1.32515 -0.0833068 0.0126984
494000 1.28859 -0.0658552 0.0123607
495000 1.3213 -0.0773139 0.012537
496000 1.31536 -0.0956734 0.0124949
497000 1.25602 -0.0836116 0.0120162
498000 1.28566 -0.0843244 0.0121743
499000 1.32613 -0.0801174 0.0129178
500000 1.34175 -0.0776167 0.0130271
501000 1.2786 -0.0869326 0.0121799
502000 1.32208 -0.0812441 0.0126968
503000 1.26003 -0.05819 0.0120988
504000 1.35893 -0.0783673 0.0131412
505000 1.32655 -0.0585464 0.0129663
506000 1.25904 -0.0628675 0.0121535
507000 1.34219 -0.0907463 0.0127458
508000 1.28679 -0.0840066 0.0124916
509000 1.31931 -0.0767027 0.0127626
510000 1.31162 -0.074787 0.0126201
511000 1.29239 -0.0854993 0.0122405
512000 1.27403 -0.0733685 0.0122138
513000 1.36185 -0.0674962 0.0132479
514000 1.28077 -0.0763631 0.0123673
515000 1.31077 -0.090327 0.0126126
516000 1.27752 -0.0908244 0.0122452
517000 1.31023 -0.0769745 0.0126918
518000 1.32042 -0.0905697 0.0127474
519000 1.27502 -0.114425 0.0121515
520000 1.33307 -0.0727747 0.0127221
521000 1.25372 -0.0686405 0.0120383
522000 1.31373 -0.0576245 0.0126306
523000 1.28603 -0.0663944 0.0124886
524000 1.29166 -0.0689669 0.0123757
525000 1.28796 -0.0732959 0.0123973
526000 1.33063 -0.0644927 0.0131147
527000 1.30416 -0.0695106 0.0124766
528000 1.27311 -0.0623819 0.0123834
529000 1.29029 -0.0738161 0.0125591
530000 1.29952 -0.064521 0.0126864
531000 1.32422 -0.0545949 0.0127468
532000 1.2908 -0.0534052 0.0125496
533000 1.3067 -0.0656318 0.0126422
534000 1.31172 -0.0673456 0.0126497
535000 1.28699 -0.0585017 0.0125922
536000 1.2873 -0.0588133 0.0124963
537000 1.32453 -0.0587618 0.0128327
538000 1.3405 -0.0693688 0.0129332
539000 1.29952 -0.0608885 0.0123139
540000 1.26002 -0.0742887 0.0123518
541000 1.33552 -0.10408 0.0126607
542000 1.32747 -0.082552 0.0125748
543000 1.28064 -0.0757827 0.0122401
544000 1.30928 -0.0811496 0.0124718
545000 1.2733 -0.0749872 0.0122606
546000 1.32998 -0.0779287 0.0128858
547000 1.29096 -0.0802547 0.0123778
548000 1.28145 -0.0678044 0.0122395
549000 1.30519 -0.0688792 0.0125951
550000 1.30618 -0.0641819 0.012608
551000 1.32374 -0.0775026 0.0128621
552000 1.33081 -0.0700831 0.0127485
553000 1.29573 -0.0733344 0.01237
554000 1.28627 -0.0701032 0.012341
555000 1.29363 -0.0516078 0.0126623
556000 1.26952 -0.0688893 0.0123533
557000 1.25621 -0.0708528 0.0120076
558000 1.2763 -0.0882855 0.0120134
559000 1.27733 -0.0818253 0.0121277
560000 1.30315 -0.0840028 0.0123791
561000 1.27402 -0.0726555 0.0122529
562000 1.30676 -0.0634172 0.0125873
563000 1.33842 -0.0657257 0.0129877
564000 1.26576 -0.0801311 0.0122068
565000 1.2925 -0.087085 0.0123394
566000 1.31604 -0.078584 0.0126815
567000 1.30365 -0.075361 0.0124258
568000 1.28655 -0.0698512 0.0124109
569000 1.3233 -0.0743947 0.0129275
570000 1.29033 -0.0825576 0.0124085
571000 1.29014 -0.0766809 0.0123401
572000 1.28733 -0.0716275 0.0124686
573000 1.27772 -0.0885679 0.012106
574000 1.28014 -0.0913688 0.0121949
575000 1.28767 -0.102698 0.0121441
576000 1.28254 -0.101558 0.012231
577000 1.2966 -0.0953717 0.012286
578000 1.28296 -0.0898304 0.0122202
579000 1.306 -0.060229 0.0128115
580000 1.32372 -0.058527 0.0128355
581000 1.26009 -0.0820425 0.0119955
582000 1.2649 -0.0767938 0.012151
583000 1.32384 -0.0718951 0.012707
584000 1.32861 -0.0731323 0.0129919
585000 1.25457 -0.0722417 0.0119974
586000 1.32801 -0.0618552 0.012866
587000 1.35485 -0.0661607 0.0131275
588000 1.2838 -0.0757716 0.0122467
589000 1.28587 -0.0887459 0.0123362
590000 1.27688 -0.0688077 0.0122347
591000 1.30307 -0.0807376 0.0125183
592000 1.32588 -0.0680185 0.0127368
593000 1.26155 -0.061888 0.0119855
594000 1.35234 -0.0810546 0.0129697
595000 1.34161 -0.0857283 0.0127817
596000 1.28724 -0.0764323 0.0125391
597000 1.29501 -0.0859035 0.0123959
598000 1.2943 -0.0925904 0.0122383
599000 1.31537 -0.0762683 0.0127255
600000 1.29114 -0.0863561 0.0125005
601000 1.34569 -0.110701 0.012642
602000 1.31705 -0.0772244 0.0125265
603000 1.2505 -0.0699132 0.0119128
604000 1.33828 -0.0799506 0.012817
605000 1.33887 -0.0795737 0.0127492
606000 1.29627 -0.0679908 0.0125515
607000 1.30018 -0.0786496 0.0124484
608000 1.30285 -0.0849869 0.0123904
609000 1.31881 -0.0864934 0.0126082
610000 1.33824 -0.0781677 0.0128223
611000 1.29706 -0.0691555 0.0124525
612000 1.32794 -0.0545155 0.0128931
613000 1.31499 -0.0635112 0.0127835
614000 1.25315 -0.05928 0.0121659
615000 1.32353 -0.0652482 0.0127329
616000 1.29207 -0.0527858 0.0125666
617000 1.28008 -0.0688019 0.0123772
618000 1.30462 -0.0667977 0.0124577
619000 1.31843 -0.0762935 0.0126135
620000 1.31552 -0.0751464 0.0126523
621000 1.29369 -0.0828601 0.012414
622000 1.33363 -0.07892 0.0127957
623000 1.28942 -0.0810526 0.0121888
624000 1.32063 -0.0744667 0.0126654
625000 1.3329 -0.0876794 0.0127105
626000 1.27824 -0.0735732 0.0121476
627000 1.31856 -0.0755904 0.0126203
628000 1.30849 -0.0735096 0.0126717
629000 1.26385 -0.0782454 0.0121578
630000 1.32458 -0.0642266 0.0128173
631000 1.33229 -0.0659935 0.0127572
632000 1.32484 -0.0855286 0.0127312
633000 1.32457 -0.0852859 0.0127006
634000 1.29171 -0.0647016 0.0124372
635000 1.3298 -0.0760791 0.0127874
636000 1.31342 -0.0636746 0.0127226
637000 1.32901 -0.0525619 0.0129289
638000 1.29077 -0.0639011 0.0125992
639000 1.32938 -0.0715363 0.0128543
640000 1.2909 -0.0818468 0.012488
641000 1.27865 -0.089478 0.0120761
642000 1.29647 -0.0982117 0.0121981
643000 1.31354 -0.0758178 0.0125469
644000 1.25674 -0.0764503 0.0121061
645000 1.28341 -0.0807683 0.0122963
646000 1.2895 -0.0831215 0.0124078
647000 1.2723 -0.0997416 0.0119542
648000 1.32363 -0.096035 0.0126647
649000 1.28532 -0.0851248 0.0122575
650000 1.31365 -0.0939234 0.0124374
651000 1.24344 -0.0777543 0.0120034
652000 1.26965 -0.0961958 0.0120409
653000 1.29375 -0.0827361 0.0124485
654000 1.28703 -0.0888841 0.0123274
655000 1.29105 -0.105287 0.0124066
656000 1.28424 -0.0904538 0.0121829
657000 1.30169 -0.103817 0.0122888
658000 1.33106 -0.104729 0.0127886
659000 1.29814 -0.105859 0.0123571
660000 1.32029 -0.0988805 0.0126058
661000 1.33359 -0.0890701 0.0127584
662000 1.29467 -0.106383 0.0125101
663000 1.28539 -0.0939699 0.0121966
664000 1.32997 -0.0690618 0.0129869
665000 1.29072 -0.0704661 0.0124743
666000 1.30869 -0.0873875 0.0123755
667000 1.31679 -0.0642666 0.012806
668000 1.29539 -0.0647635 0.0124191
669000 1.31378 -0.0622626 0.0126565
670000 1.29002 -0.046821 0.0125859
671000 1.26852 -0.050689 0.0123093
672000 1.28958 -0.0639513 0.0123321
673000 1.26128 -0.077091 0.0121718
674000 1.32747 -0.0743934 0.0126652
675000 1.26122 -0.0776578 0.0120336
676000 1.2841 -0.0715903 0.0123756
677000 1.32374 -0.0692759 0.0127176
678000 1.27871 -0.0950018 0.0121567
679000 1.30773 -0.111793 0.0124046
680000 1.24292 -0.0991332 0.0117512
681000 1.28245 -0.103507 0.0123477
682000 1.30389 -0.0925124 0.0124342
683000 1.29329 -0.0909247 0.0124982
684000 1.28529 -0.0748335 0.0122755
685000 1.31809 -0.0678184 0.0126943
686000 1.30033 -0.0834739 0.0124738
687000 1.28015 -0.0798854 0.012151
688000 1.28723 -0.0668696 0.0124184
689000 1.33905 -0.0599032 0.0129635
690000 1.27261 -0.0758253 0.012335
691000 1.26825 -0.0690884 0.0120386
692000 1.30795 -0.0777874 0.0127058
693000 1.35631 -0.0804916 0.012893
694000 1.25548 -0.0791658 0.0119557
695000 1.31879 -0.0764562 0.0126309
696000 1.31776 -0.0756592 0.0126598
697000 1.27419 -0.0590322 0.0123205
698000 1.34902 -0.0667775 0.0129943
699000 1.27673 -0.0691515 0.012372
700000 1.34095 -0.0744129 0.0128454
701000 1.3045 -0.0755638 0.0126931
702000 1.28916 -0.0777469 0.0123965
703000 1.29789 -0.0644608 0.0125659
704000 1.27665 -0.0776399 0.0123341
705000 1.33492 -0.0483365 0.0131337
706000 1.32742 -0.0761287 0.0126933
707000 1.28918 -0.0823907 0.0124311
708000 1.28481 -0.0688368 0.0122829
709000 1.28932 -0.0829006 0.0125648
710000 1.29374 -0.0648431 0.0126217
711000 1.29932 -0.0785744 0.0123193
712000 1.304 -0.0674074 0.0124112
713000 1.31362 -0.0597984 0.0126825
714000 1.27084 -0.0635444 0.0123456
715000 1.30108 -0.0681928 0.0125355
716000 1.2864 -0.06232 0.0123822
717000 1.25112 -0.0732381 0.0119442
718000 1.3448 -0.0698228 0.01298
719000 1.29235 -0.0772886 0.0124552
720000 1.31613 -0.0701081 0.0126321
721000 1.36439 -0.0608799 0.0132919
722000 1.247 -0.0753493 0.0119075
723000 1.27839 -0.0668036 0.0123025
724000 1.27672 -0.0742199 0.0122482
725000 1.27668 -0.0642427 0.012385
726000 1.333 -0.0678204 0.0128478
727000 1.29633 -0.0556289 0.0125134
728000 1.25593 -0.0487336 0.01205
729000 1.26967 -0.0590986 0.01221
730000 1.30059 -0.0628114 0.0125785
731000 1.30172 -0.07667 0.0125238
732000 1.28793 -0.0925116 0.0121012
733000 1.34394 -0.0708795 0.013073
734000 1.27119 -0.0869087 0.0122184
735000 1.28478 -0.0684786 0.0123717
736000 1.31583 -0.0603307 0.0127733
737000 1.29939 -0.0752605 0.0125898
738000 1.28235 -0.0901869 0.0123741
739000 1.31107 -0.0877197 0.012533
740000 1.28662 -0.0913862 0.0122483
741000 1.33013 -0.0957452 0.0125977
742000 1.27971 -0.0688621 0.0122883
743000 1.26025 -0.0811858 0.0120618
744000 1.27219 -0.0748642 0.0123039
745000 1.32983 -0.0900265 0.0126996
746000 1.28296 -0.108416 0.0121862
747000 1.29598 -0.109804 0.0122528
748000 1.3121 -0.0994906 0.0125692
749000 1.32192 -0.0832699 0.0126218
750000 1.28847 -0.094859 0.0122221
751000 1.29755 -0.0760599 0.0124804
752000 1.30155 -0.0758561 0.0126519
753000 1.31877 -0.0762912 0.0128775
754000 1.32928 -0.0799119 0.0128336
755000 1.28628 -0.0954061 0.0124341
756000 1.30895 -0.0852066 0.0125846
757000 1.31232 -0.0760739 0.0127759
758000 1.27653 -0.0755451 0.0122253
759000 1.28904 -0.0477892 0.0126551
760000 1.29615 -0.0841223 0.0125125
761000 1.31052 -0.0657024 0.0124444
762000 1.28747 -0.07047 0.0123503
763000 1.33154 -0.060609 0.0128216
764000 1.25316 -0.0777165 0.0118935
765000 1.30298 -0.0818781 0.0123813
766000 1.35501 -0.061516 0.0131225
767000 1.31004 -0.0781469 0.0125612
768000 1.30799 -0.0871766 0.0123994
769000 1.29741 -0.0670162 0.0124604
770000 1.26724 -0.0793752 0.0120508
771000 1.32112 -0.0815384 0.0125542
772000 1.30466 -0.0785946 0.0125035
773000 1.32277 -0.0763376 0.0126641
774000 1.29355 -0.0784053 0.0124082
775000 1.30084 -0.0753886 0.0125321
776000 1.27511 -0.0787498 0.0121978
777000 1.26392 -0.0563349 0.012349
778000 1.32491 -0.0725577 0.0127366
779000 1.26629 -0.0711457 0.0121048
780000 1.33666 -0.0850845 0.0128955
781000 1.27678 -0.0675092 0.0122854
782000 1.26149 -0.0805191 0.012146
783000 1.32543 -0.0661455 0.0128607
784000 1.28343 -0.0821711 0.0122573
785000 1.31901 -0.0660958 0.0127789
786000 1.26318 -0.0640138 0.0123316
787000 1.31398 -0.0591601 0.0127635
788000 1.29444 -0.0707901 0.0124271
789000 1.25577 -0.0734727 0.0120804
790000 1.32115 -0.105612 0.0125944
791000 1.32971 -0.0848683 0.0127574
792000 1.2741 -0.0824406 0.0123002
793000 1.32573 -0.0933621 0.0126728
794000 1.26326 -0.107739 0.0120072
795000 1.30138 -0.113413 0.0122114
796000 1.31207 -0.0887498 0.012467
797000 1.28628 -0.0956932 0.0123505
798000 1.29367 -0.0876007 0.0123533
799000 1.32649 -0.0883202 0.0126345
800000 1.30433 -0.100889 0.0125087
801000 1.28604 -0.0986823 0.0121973
802000 1.33384 -0.0902711 0.0128334
803000 1.30308 -0.0986603 0.0124563
804000 1.26325 -0.0683466 0.0122258
805000 1.26128 -0.0789575 0.0120128
806000 1.30999 -0.0630172 0.0126635
807000 1.28953 -0.0655788 0.0123748
808000 1.30518 -0.0636714 0.0125545
809000 1.30278 -0.0615807 0.0124638
810000 1.27328 -0.0784475 0.0121888
811000 1.32557 -0.064584 0.012903
812000 1.30041 -0.0715001 0.0125487
813000 1.27235 -0.087775 0.0120937
814000 1.31744 -0.105765 0.0125711
815000 1.28936 -0.0980019 0.0123644
816000 1.30672 -0.0942639 0.0125591
817000 1.2968 -0.0730991 0.0125246
818000 1.31388 -0.0710355 0.0128071
819000 1.28238 -0.07578 0.01241
820000 1.28065 -0.0824083 0.0123648
821000 1.30054 -0.0831755 0.0124002
822000 1.2683 -0.0933358 0.0120639
823000 1.33017 -0.110158 0.0124754
824000 1.29526 -0.104229 0.0124073
825000 1.27175 -0.114307 0.0121742
826000 1.28488 -0.122696 0.0119399
827000 1.31041 -0.106143 0.0124182
828000 1.33305 -0.109094 0.0126076
829000 1.28586 -0.107865 0.0120576
830000 1.29149 -0.105339 0.0121441
831000 1.32695 -0.132587 0.0121283
832000 1.32578 -0.0972399 0.012634
833000 1.26741 -0.0897025 0.0121168
834000 1.27117 -0.0962977 0.012265
835000 1.30405 -0.0875605 0.0125119
836000 1.30124 -0.082096 0.0124997
837000 1.26446 -0.0861202 0.0122095
838000 1.30864 -0.0813178 0.012619
839000 1.30542 -0.077301 0.012681
840000 1.3014 -0.0701733 0.0126381
841000 1.29817 -0.0839738 0.0124125
842000 1.30204 -0.0961367 0.0125431
843000 1.32228 -0.113734 0.0124382
844000 1.29683 -0.0983951 0.012311
845000 1.27449 -0.100672 0.0120684
846000 1.33381 -0.115645 0.012558
847000 1.29378 -0.136231 0.0121418
848000 1.30807 -0.102285 0.0122977
849000 1.2952 -0.0895772 0.0124629
850000 1.2967 -0.0999377 0.0122272
851000 1.32457 -0.0866105 0.0126647
852000 1.26488 -0.0727412 0.0120873
853000 1.3044 -0.0563931 0.0125353
854000 1.30137 -0.0583016 0.0125448
855000 1.26054 -0.0638678 0.0121046
856000 1.32075 -0.0686763 0.0128554
857000 1.30941 -0.069603 0.012585
858000 1.28382 -0.0597569 0.012345
859000 1.26678 -0.0648419 0.0121039
860000 1.33401 -0.0786195 0.0128338
861000 1.3113 -0.066939 0.0125558
862000 1.26957 -0.0922521 0.0123173
863000 1.30146 -0.0772416 0.0125424
864000 1.33721 -0.084156 0.0127966
865000 1.27932 -0.0995444 0.0120122
866000 1.30189 -0.0742671 0.0124028
867000 1.32171 -0.0594337 0.0129674
868000 1.2601 -0.0530508 0.0122458
869000 1.32986 -0.0531548 0.0127638
870000 1.30925 -0.0501828 0.0128927
871000 1.28247 -0.0531836 0.0123819
872000 1.26217 -0.0609655 0.0120113
873000 1.31061 -0.0674896 0.0126084
874000 1.29472 -0.0778999 0.0124611
875000 1.32342 -0.076963 0.0126854
876000 1.30396 -0.0838525 0.0125119
877000 1.32431 -0.0890985 0.012602
878000 1.25558 -0.0997203 0.0119568
879000 1.33698 -0.0964726 0.0126324
880000 1.2799 -0.0541456 0.0124334
881000 1.27585 -0.0634922 0.0124906
882000 1.32527 -0.0587015 0.0127879
883000 1.34413 -0.0607812 0.0130807
884000 1.28225 -0.0595104 0.0123581
885000 1.3441 -0.0672638 0.0130991
886000 1.2621 -0.0902591 0.0121299
887000 1.2946 -0.0824647 0.0124501
888000 1.30061 -0.0810121 0.0125325
889000 1.3137 -0.0647697 0.0127746
890000 1.2537 -0.0952747 0.0119223
891000 1.34568 -0.065703 0.0131053
892000 1.285 -0.0757015 0.0124906
893000 1.25534 -0.0914281 0.0121125
894000 1.28363 -0.10995 0.012207
895000 1.32762 -0.0913353 0.0129533
896000 1.29047 -0.100134 0.0124889
897000 1.28411 -0.0934116 0.0121886
898000 1.32046 -0.0959939 0.0126294
899000 1.30898 -0.117559 0.0124682
900000 1.30139 -0.112024 0.0123584
901000 1.32344 -0.10661 0.0126275
902000 1.33103 -0.121423 0.0125533
903000 1.26558 -0.118439 0.0120087
904000 1.33761 -0.118491 0.0126672
905000 1.28869 -0.10303 0.0121786
906000 1.26127 -0.0948405 0.0120411
907000 1.32407 -0.0857693 0.0128966
908000 1.30467 -0.072363 0.0124833
909000 1.29327 -0.0779713 0.012587
910000 1.31259 -0.0928173 0.0125383
911000 1.31689 -0.109232 0.012579
912000 1.28905 -0.11977 0.0121714
913000 1.32962 -0.104372 0.0125916
914000 1.28861 -0.101775 0.0121714
915000 1.30625 -0.0861842 0.0124788
916000 1.30781 -0.0677959 0.0127462
917000 1.30141 -0.0694467 0.0125077
918000 1.29288 -0.0869487 0.0122596
919000 1.3055 -0.0715586 0.0124217
920000 1.26503 -0.0642591 0.0123071
921000 1.31306 -0.057653 0.0126327
922000 1.32477 -0.062366 0.0129901
923000 1.25623 -0.0766591 0.011985
924000 1.32137 -0.0643818 0.012737
925000 1.32438 -0.0710469 0.0127554
926000 1.29603 -0.0607171 0.0124866
927000 1.28769 -0.0634267 0.0124146
928000 1.29774 -0.0929119 0.0123136
929000 1.29895 -0.138168 0.0119769
930000 1.31428 -0.111269 0.0126185
931000 1.30435 -0.092007 0.0125473
932000 1.30136 -0.0743056 0.0125916
933000 1.28011 -0.0637275 0.0122601
934000 1.34471 -0.0671188 0.0130419
935000 1.28638 -0.072078 0.0123933
936000 1.31322 -0.0728089 0.0126394
937000 1.33026 -0.0535863 0.0129589
938000 1.29522 -0.0725467 0.0125496
939000 1.33643 -0.0882759 0.0127174
940000 1.31484 -0.0922606 0.0125229
941000 1.31436 -0.0985833 0.0126709
942000 1.28483 -0.0939691 0.0121184
943000 1.30051 -0.0989743 0.0123788
944000 1.3204 -0.0991098 0.0125995
945000 1.29389 -0.0942282 0.0123468
946000 1.32184 -0.0842672 0.0126974
947000 1.29845 -0.0577063 0.0124953
948000 1.29546 -0.081413 0.0125058
949000 1.32785 -0.0835495 0.0127493
950000 1.26581 -0.0916263 0.0120615
951000 1.25134 -0.0888901 0.0119308
952000 1.33324 -0.058104 0.0129331
953000 1.32517 -0.0643521 0.0127931
954000 1.27342 -0.0756916 0.012188
955000 1.29074 -0.0682826 0.0124113
956000 1.29901 -0.0624694 0.0125445
957000 1.29 -0.0630982 0.0124694
958000 1.32775 -0.0631815 0.0128352
959000 1.31277 -0.0773814 0.012522
960000 1.33295 -0.0654697 0.0128951
961000 1.27497 -0.0730021 0.0122204
962000 1.31199 -0.0600468 0.0126849
963000 1.31452 -0.0558563 0.0129178
964000 1.31419 -0.0562088 0.0127187
965000 1.28518 -0.0733694 0.0124786
966000 1.27894 -0.0729722 0.0123443
967000 1.33607 -0.0748783 0.0128367
968000 1.29573 -0.0575158 0.012539
969000 1.27517 -0.0599954 0.0122468
970000 1.29747 -0.0652686 0.0125949
971000 1.32402 -0.0729217 0.0127386
972000 1.29621 -0.0868475 0.0122603
973000 1.32382 -0.0737439 0.0127508
974000 1.29779 -0.0798649 0.0124715
975000 1.32227 -0.0763161 0.0127123
976000 1.29388 -0.0748895 0.0125102
977000 1.28467 -0.0696116 0.0126222
978000 1.32293 -0.0810952 0.0127717
979000 1.29368 -0.0668821 0.0124083
980000 1.28722 -0.0758558 0.0123952
981000 1.31622 -0.0830142 0.012734
982000 1.32122 -0.0699916 0.0129307
983000 1.32927 -0.0497327 0.0129369
984000 1.32094 -0.0655335 0.0127895
985000 1.28679 -0.0781556 0.012557
986000 1.34773 -0.0607015 0.0130018
987000 1.26905 -0.057816 0.0122576
988000 1.2843 -0.059584 0.0123589
989000 1.29684 -0.0920728 0.0125397
990000 1.29336 -0.112526 0.0123605
991000 1.28341 -0.106813 0.0123923
992000 1.29992 -0.104625 0.0122367
993000 1.30236 -0.0833015 0.0125027
994000 1.303 -0.0770559 0.0126453
995000 1.31642 -0.0784251 0.0127188
996000 1.30548 -0.06501 0.0126575
997000 1.28921 -0.0599981 0.0124478
998000 1.28566 -0.0849386 0.0123462
999000 1.33904 -0.069818 0.0129388
1000000 1.30121 -0.0915056 0.0124258
1001000 1.28703 -0.0715234 0.0124019
1002000 1.31879 -0.0770847 0.0125206
1003000 1.29464 -0.0824678 0.0124863
1004000 1.27462 -0.0950496 0.0122799
1005000 1.35419 -0.0911167 0.0128586
1006000 1.3479 -0.0775719 0.0128964
1007000 1.25371 -0.0718039 0.0119526
1008000 1.3321 -0.0618893 0.0127831
1009000 1.30695 -0.0640497 0.0127285
1010000 1.32793 -0.0568213 0.0126478
1011000 1.28397 -0.0637882 0.0122595
1012000 1.29847 -0.0587241 0.012593
1013000 1.29766 -0.065483 0.0125917
1014000 1.32678 -0.0705193 0.0128679
1015000 1.27651 -0.0885963 0.0121866
1016000 1.31202 -0.0949864 0.0126621
1017000 1.31169 -0.0869192 0.0126668
1018000 1.29452 -0.0626165 0.0124971
1019000 1.27907 -0.0706906 0.0122517
1020000 1.2999 -0.0915507 0.0123932
1021000 1.31621 -0.0704377 0.012763
1022000 1.28334 -0.0951674 0.0121913
1023000 1.27679 -0.0787508 0.0124634
1024000 1.27933 -0.0910386 0.0122498
1025000 1.28094 -0.0767226 0.0121712
1026000 1.30558 -0.0661281 0.0127664
1027000 1.30409 -0.0721853 0.0124817
1028000 1.31353 -0.0901353 0.0125091
1029000 1.31655 -0.0656354 0.0128115
1030000 1.30435 -0.0658107 0.0127344
1031000 1.29332 -0.0738875 0.012291
1032000 1.29016 -0.0688337 0.0124012
1033000 1.30987 -0.0599264 0.0126835
1034000 1.28503 -0.0926568 0.0123086
1035000 1.30608 -0.0764041 0.0125974
1036000 1.25425 -0.0718082 0.0119035
1037000 1.26907 -0.0571267 0.0123473
1038000 1.35771 -0.0649272 0.0131776
1039000 1.30588 -0.0705526 0.0125154
1040000 1.29254 -0.101977 0.0122584
1041000 1.2726 -0.0932752 0.0119741
1042000 1.28204 -0.0726082 0.0122538
1043000 1.31471 -0.0742919 0.0126146
1044000 1.32338 -0.0740781 0.0127379
1045000 1.34882 -0.074494 0.0130282
1046000 1.24427 -0.0807287 0.0117702
1047000 1.27453 -0.0762502 0.0120971
1048000 1.30204 -0.0779856 0.0124313
1049000 1.27691 -0.0900178 0.0123017
1050000 1.28462 -0.0913474 0.0122595
1051000 1.27034 -0.0928565 0.0121656
1052000 1.32164 -0.0996235 0.0128184
1053000 1.28805 -0.0949086 0.0124197
1054000 1.29432 -0.0927095 0.012434
1055000 1.32566 -0.0823925 0.0127954
1056000 1.30384 -0.0637215 0.0125491
1057000 1.28389 -0.0634969 0.0124855
1058000 1.34154 -0.0688369 0.0127943
1059000 1.3082 -0.0699121 0.0125998
1060000 1.31277 -0.0619051 0.0127855
1061000 1.25012 -0.0808191 0.012023
1062000 1.31289 -0.0633799 0.0129046
1063000 1.27126 -0.0802174 0.0123341
1064000 1.29411 -0.0530686 0.0125103
1065000 1.31511 -0.075879 0.0126869
1066000 1.29388 -0.069581 0.0124205
1067000 1.31115 -0.0711667 0.0127105
1068000 1.31875 -0.0768865 0.0125357
1069000 1.34357 -0.0881199 0.0125675
1070000 1.30794 -0.104322 0.0123512
1071000 1.26172 -0.0869998 0.012067
1072000 1.32779 -0.0647792 0.012783
1073000 1.28742 -0.0581181 0.0125123
1074000 1.32701 -0.0727624 0.0126926
1075000 1.29952 -0.0575813 0.0125437
1076000 1.27532 -0.0645397 0.012326
1077000 1.33191 -0.0562053 0.0129023
1078000 1.26834 -0.0601448 0.01222
1079000 1.31605 -0.054928 0.0126344
1080000 1.29263 -0.0792239 0.0123606
1081000 1.29539 -0.0721888 0.0124057
1082000 1.29697 -0.0552964 0.0127337
1083000 1.27108 -0.0602841 0.0123814
1084000 1.34399 -0.0655516 0.0130806
1085000 1.32048 -0.0562089 0.0129071
1086000 1.30407 -0.0709892 0.0125309
1087000 1.2841 -0.090535 0.012168
1088000 1.3313 -0.0775479 0.01275
1089000 1.25637 -0.0862712 0.0120031
1090000 1.3238 -0.0843789 0.0129824
1091000 1.30967 -0.100178 0.012604
1092000 1.28788 -0.104537 0.0120483
1093000 1.29172 -0.113662 0.0121178
1094000 1.29755 -0.0927773 0.0123458
1095000 1.34494 -0.112689 0.0128597
1096000 1.26222 -0.103436 0.0119339
1097000 1.29782 -0.121194 0.0122487
1098000 1.30817 -0.0907725 0.0124213
1099000 1.29511 -0.102151 0.0124942
1100000 1.32331 -0.0839629 0.0126433
